      Step     Time          Energy         fmax
BFGS:    0 20:49:53     -844.116222      193.7883
BFGS:    1 20:49:53     -874.252035      137.1901
BFGS:    2 20:49:53     -886.690653      136.6799
BFGS:    3 20:49:53     -900.010518      133.1430
BFGS:    4 20:49:53     -913.109540      122.5322
BFGS:    5 20:49:54     -922.549745      114.8575
BFGS:    6 20:49:54     -930.316325       95.7140
BFGS:    7 20:49:54     -938.219168       88.4952
BFGS:    8 20:49:54     -945.691525       80.6884
BFGS:    9 20:49:54     -951.375891       68.4522
BFGS:   10 20:49:54     -956.003257       61.4487
BFGS:   11 20:49:54     -960.304743       56.8366
BFGS:   12 20:49:54     -964.056710       50.7244
BFGS:   13 20:49:54     -967.076727       48.5911
BFGS:   14 20:49:54     -969.727103       46.5610
BFGS:   15 20:49:54     -972.054725       44.9229
BFGS:   16 20:49:54     -974.434451       43.3852
BFGS:   17 20:49:54     -977.018404       41.6658
BFGS:   18 20:49:54     -979.924283       41.2240
BFGS:   19 20:49:54     -983.082279       38.3515
BFGS:   20 20:49:54     -985.934942       37.6525
BFGS:   21 20:49:54     -988.720681       36.6827
BFGS:   22 20:49:54     -991.269656       35.5362
BFGS:   23 20:49:54     -993.674156       34.8451
BFGS:   24 20:49:54     -996.059828       34.5638
BFGS:   25 20:49:54     -998.493694       36.9265
BFGS:   26 20:49:54    -1000.881153       36.2684
BFGS:   27 20:49:54    -1003.316349       36.3107
BFGS:   28 20:49:54    -1005.626377       34.5706
BFGS:   29 20:49:54    -1007.962991       32.7054
BFGS:   30 20:49:54    -1010.251082       33.1189
BFGS:   31 20:49:55    -1012.529437       33.4236
BFGS:   32 20:49:55    -1014.611982       33.1225
BFGS:   33 20:49:55    -1016.482651       32.9608
BFGS:   34 20:49:55    -1018.273859       31.9666
BFGS:   35 20:49:55    -1020.065818       30.9241
BFGS:   36 20:49:55    -1021.856608       28.5809
BFGS:   37 20:49:55    -1023.773188       28.1445
BFGS:   38 20:49:55    -1025.755377       28.1144
BFGS:   39 20:49:55    -1027.718356       27.1564
BFGS:   40 20:49:55    -1029.696656       26.6729
BFGS:   41 20:49:55    -1031.479472       26.0765
BFGS:   42 20:49:55    -1033.243565       26.8438
BFGS:   43 20:49:55    -1035.688904       24.9644
BFGS:   44 20:49:55    -1038.222898       25.2645
BFGS:   45 20:49:55    -1041.048250       22.7419
BFGS:   46 20:49:55    -1043.862075       20.6635
BFGS:   47 20:49:55    -1046.696959       22.3456
BFGS:   48 20:49:55    -1049.208772       24.4174
BFGS:   49 20:49:55    -1051.602885       24.4949
BFGS:   50 20:49:55    -1053.808902       27.2889
BFGS:   51 20:49:55    -1056.023467       24.7425
BFGS:   52 20:49:55    -1058.272847       22.5261
BFGS:   53 20:49:55    -1060.273270       19.1023
BFGS:   54 20:49:55    -1062.187604       16.8930
BFGS:   55 20:49:55    -1063.958939       14.5784
BFGS:   56 20:49:55    -1065.667216       13.4578
BFGS:   57 20:49:55    -1067.256641       13.0468
BFGS:   58 20:49:55    -1068.736343       12.8436
BFGS:   59 20:49:55    -1070.216993       12.3529
BFGS:   60 20:49:56    -1071.592643       12.6152
BFGS:   61 20:49:56    -1073.122772       12.6728
BFGS:   62 20:49:56    -1074.473933       13.7146
BFGS:   63 20:49:56    -1075.871666       14.6361
BFGS:   64 20:49:56    -1077.031643       14.3575
BFGS:   65 20:49:56    -1077.994240       13.2949
BFGS:   66 20:49:56    -1078.794083       12.0228
BFGS:   67 20:49:56    -1079.502718       11.9770
BFGS:   68 20:49:56    -1080.197781       11.6479
BFGS:   69 20:49:56    -1080.917433       10.7326
BFGS:   70 20:49:56    -1081.697992       10.1735
BFGS:   71 20:49:56    -1082.519870        9.5636
BFGS:   72 20:49:56    -1083.357209        8.6731
BFGS:   73 20:49:56    -1084.123711        8.0819
BFGS:   74 20:49:56    -1085.001208        9.5733
BFGS:   75 20:49:56    -1085.881569       11.3728
BFGS:   76 20:49:56    -1086.750203       12.4738
BFGS:   77 20:49:56    -1087.504921       11.8774
BFGS:   78 20:49:56    -1088.140908        8.5617
BFGS:   79 20:49:56    -1088.668746        5.9874
BFGS:   80 20:49:56    -1089.118311        5.3033
BFGS:   81 20:49:56    -1089.513374        6.4461
BFGS:   82 20:49:56    -1089.812849        6.6884
BFGS:   83 20:49:56    -1090.124388        7.0259
BFGS:   84 20:49:56    -1090.421116        6.9719
BFGS:   85 20:49:56    -1090.704453        6.6254
BFGS:   86 20:49:56    -1091.005313        5.8601
BFGS:   87 20:49:56    -1091.346229        6.1636
BFGS:   88 20:49:56    -1091.726503        5.9803
BFGS:   89 20:49:56    -1092.076467        5.5090
BFGS:   90 20:49:56    -1092.396779        5.9313
BFGS:   91 20:49:57    -1092.692534        5.6026
BFGS:   92 20:49:57    -1093.101446        5.9176
BFGS:   93 20:49:57    -1093.455295        4.8939
BFGS:   94 20:49:57    -1093.654641        4.1734
BFGS:   95 20:49:57    -1093.796741        4.3728
BFGS:   96 20:49:57    -1093.896582        4.2670
BFGS:   97 20:49:57    -1094.010040        4.4241
BFGS:   98 20:49:57    -1094.158820        4.6217
BFGS:   99 20:49:57    -1094.273197        4.8169
BFGS:  100 20:49:57    -1094.366490        4.4174
BFGS:  101 20:49:57    -1094.469754        4.4732
BFGS:  102 20:49:57    -1094.584244        3.7885
BFGS:  103 20:49:57    -1094.700182        3.7604
BFGS:  104 20:49:57    -1094.817435        4.8513
BFGS:  105 20:49:57    -1094.921413        6.5404
BFGS:  106 20:49:57    -1095.012304        6.8798
BFGS:  107 20:49:57    -1095.171488        5.5191
BFGS:  108 20:49:57    -1095.356855        5.4434
BFGS:  109 20:49:57    -1095.592852        6.7908
BFGS:  110 20:49:57    -1095.826951        8.0908
BFGS:  111 20:49:57    -1096.050908        8.9176
BFGS:  112 20:49:57    -1096.301146        9.1967
BFGS:  113 20:49:57    -1096.603154        8.2713
BFGS:  114 20:49:57    -1097.058892        7.5235
BFGS:  115 20:49:57    -1097.446124        8.1513
BFGS:  116 20:49:57    -1097.861252        6.4945
BFGS:  117 20:49:57    -1098.114412        5.2696
BFGS:  118 20:49:57    -1098.226845        5.6835
BFGS:  119 20:49:57    -1098.419541        4.8777
BFGS:  120 20:49:57    -1098.599024        4.5327
BFGS:  121 20:49:57    -1098.781874        4.1044
BFGS:  122 20:49:57    -1098.962511        5.3547
BFGS:  123 20:49:58    -1099.185926        4.6795
BFGS:  124 20:49:58    -1099.358425        2.7979
BFGS:  125 20:49:58    -1099.496038        2.9057
BFGS:  126 20:49:58    -1099.656776        3.4140
BFGS:  127 20:49:58    -1099.804938        3.8777
BFGS:  128 20:49:58    -1099.937998        5.5102
BFGS:  129 20:49:58    -1100.093932        6.2592
BFGS:  130 20:49:58    -1100.266623        6.6665
BFGS:  131 20:49:58    -1100.445222        5.1870
BFGS:  132 20:49:58    -1100.633097        5.5380
BFGS:  133 20:49:58    -1100.837138        4.8940
BFGS:  134 20:49:58    -1101.045679        4.2800
BFGS:  135 20:49:58    -1101.231411        5.1450
BFGS:  136 20:49:58    -1101.413543        5.1394
BFGS:  137 20:49:58    -1101.575316        3.8837
BFGS:  138 20:49:58    -1101.739954        3.4977
BFGS:  139 20:49:58    -1101.895923        3.1442
BFGS:  140 20:49:58    -1102.067812        2.6384
BFGS:  141 20:49:58    -1102.205445        2.6144
BFGS:  142 20:49:58    -1102.347770        2.5941
BFGS:  143 20:49:58    -1102.454581        2.5513
BFGS:  144 20:49:58    -1102.552257        2.8105
BFGS:  145 20:49:58    -1102.613329        3.2360
BFGS:  146 20:49:58    -1102.676933        3.5145
BFGS:  147 20:49:58    -1102.740937        3.8103
BFGS:  148 20:49:58    -1102.798768        4.8260
BFGS:  149 20:49:58    -1102.850732        5.5538
BFGS:  150 20:49:58    -1102.910006        5.1837
BFGS:  151 20:49:58    -1102.968674        4.4666
BFGS:  152 20:49:58    -1103.058477        3.5125
BFGS:  153 20:49:59    -1103.187048        3.9986
BFGS:  154 20:49:59    -1103.367811        3.8334
BFGS:  155 20:49:59    -1103.496506        3.0879
BFGS:  156 20:49:59    -1103.705042        3.2028
BFGS:  157 20:49:59    -1103.819546        3.9534
BFGS:  158 20:49:59    -1103.960280        4.2601
BFGS:  159 20:49:59    -1104.097026        4.4037
BFGS:  160 20:49:59    -1104.234538        4.4096
BFGS:  161 20:49:59    -1104.376574        4.3334
BFGS:  162 20:49:59    -1104.517694        4.1709
BFGS:  163 20:49:59    -1104.662451        3.8515
BFGS:  164 20:49:59    -1104.798839        3.5282
BFGS:  165 20:49:59    -1104.929519        3.3330
BFGS:  166 20:49:59    -1105.016754        2.5414
BFGS:  167 20:49:59    -1105.112213        2.1779
BFGS:  168 20:49:59    -1105.160906        1.6907
BFGS:  169 20:49:59    -1105.187796        1.4218
BFGS:  170 20:49:59    -1105.205395        1.2288
BFGS:  171 20:49:59    -1105.214017        1.0484
BFGS:  172 20:49:59    -1105.223528        0.7161
BFGS:  173 20:49:59    -1105.228965        0.6398
BFGS:  174 20:49:59    -1105.231834        0.5064
BFGS:  175 20:49:59    -1105.234115        0.4890
BFGS:  176 20:49:59    -1105.235897        0.4872
BFGS:  177 20:49:59    -1105.237684        0.3946
BFGS:  178 20:49:59    -1105.239302        0.2819
BFGS:  179 20:49:59    -1105.240380        0.1779
BFGS:  180 20:49:59    -1105.240939        0.1560
BFGS:  181 20:49:59    -1105.241181        0.0829
