      Step     Time          Energy         fmax
BFGS:    0 20:42:56     -732.910103      157.3017
BFGS:    1 20:42:56     -762.735586      154.4057
BFGS:    2 20:42:56     -783.432715      134.0523
BFGS:    3 20:42:56     -805.488876      133.3159
BFGS:    4 20:42:56     -821.742743      124.5650
BFGS:    5 20:42:56     -835.941971      120.6062
BFGS:    6 20:42:56     -850.128945      114.5917
BFGS:    7 20:42:57     -861.762760      108.5186
BFGS:    8 20:42:57     -870.609878      101.7033
BFGS:    9 20:42:57     -879.229998      100.9088
BFGS:   10 20:42:57     -887.870422      102.3167
BFGS:   11 20:42:57     -900.311184      101.8416
BFGS:   12 20:42:57     -911.651572      101.9845
BFGS:   13 20:42:57     -924.557551      102.0106
BFGS:   14 20:42:57     -936.748566       99.1879
BFGS:   15 20:42:57     -947.601532       95.0983
BFGS:   16 20:42:57     -958.501232       90.3101
BFGS:   17 20:42:57     -968.115647       84.0376
BFGS:   18 20:42:57     -976.123465       78.7558
BFGS:   19 20:42:57     -982.935269       75.1242
BFGS:   20 20:42:57     -989.411588       71.7483
BFGS:   21 20:42:57     -995.694323       68.4512
BFGS:   22 20:42:57    -1001.617392       65.4925
BFGS:   23 20:42:57    -1007.357987       62.2828
BFGS:   24 20:42:57    -1013.216116       59.8437
BFGS:   25 20:42:57    -1019.143156       55.8086
BFGS:   26 20:42:57    -1025.726439       54.0821
BFGS:   27 20:42:57    -1031.432816       49.9171
BFGS:   28 20:42:57    -1038.026442       48.6463
BFGS:   29 20:42:57    -1043.367729       45.5288
BFGS:   30 20:42:57    -1048.204280       43.9208
BFGS:   31 20:42:57    -1052.459527       40.1665
BFGS:   32 20:42:57    -1056.213520       37.9935
BFGS:   33 20:42:57    -1059.622241       34.8289
BFGS:   34 20:42:57    -1062.728983       32.1164
BFGS:   35 20:42:57    -1065.814346       28.4144
BFGS:   36 20:42:57    -1068.677061       25.2529
BFGS:   37 20:42:58    -1071.620632       20.7622
BFGS:   38 20:42:58    -1074.036367       17.6667
BFGS:   39 20:42:58    -1075.847022       14.9300
BFGS:   40 20:42:58    -1077.187785       13.2363
BFGS:   41 20:42:58    -1078.282143       11.6270
BFGS:   42 20:42:58    -1079.184415       10.3689
BFGS:   43 20:42:58    -1079.997395        9.3743
BFGS:   44 20:42:58    -1080.763080        8.9263
BFGS:   45 20:42:58    -1081.525751        8.5311
BFGS:   46 20:42:58    -1082.275770        8.2274
BFGS:   47 20:42:58    -1083.018703        8.0110
BFGS:   48 20:42:58    -1083.769507        8.1390
BFGS:   49 20:42:58    -1084.539316        7.8268
BFGS:   50 20:42:58    -1085.185445        7.6620
BFGS:   51 20:42:58    -1085.764161        7.2809
BFGS:   52 20:42:58    -1086.314377        6.8555
BFGS:   53 20:42:58    -1086.859175        6.5997
BFGS:   54 20:42:58    -1087.395543        6.3356
BFGS:   55 20:42:58    -1087.825242        5.8151
BFGS:   56 20:42:58    -1088.110156        5.3713
BFGS:   57 20:42:58    -1088.337692        5.4410
BFGS:   58 20:42:58    -1088.633683        5.1350
BFGS:   59 20:42:58    -1088.939631        6.1603
BFGS:   60 20:42:58    -1089.246684        7.3413
BFGS:   61 20:42:58    -1089.582851        8.5465
BFGS:   62 20:42:58    -1089.960864        9.7686
BFGS:   63 20:42:58    -1090.346820       10.7371
BFGS:   64 20:42:58    -1090.740460       11.5116
BFGS:   65 20:42:58    -1091.127726       11.5285
BFGS:   66 20:42:58    -1091.672316        9.4604
BFGS:   67 20:42:58    -1092.272234        5.9776
BFGS:   68 20:42:58    -1092.668560        4.1347
BFGS:   69 20:42:59    -1092.857609        3.7724
BFGS:   70 20:42:59    -1093.018562        3.2292
BFGS:   71 20:42:59    -1093.125481        2.9213
BFGS:   72 20:42:59    -1093.225840        2.8708
BFGS:   73 20:42:59    -1093.333435        3.7846
BFGS:   74 20:42:59    -1093.450590        3.8864
BFGS:   75 20:42:59    -1093.564444        3.3443
BFGS:   76 20:42:59    -1093.663898        2.2596
BFGS:   77 20:42:59    -1093.743363        2.3119
BFGS:   78 20:42:59    -1093.807431        2.6591
BFGS:   79 20:42:59    -1093.884637        2.7532
BFGS:   80 20:42:59    -1093.964699        2.4922
BFGS:   81 20:42:59    -1094.067427        2.5392
BFGS:   82 20:42:59    -1094.154938        2.4762
BFGS:   83 20:42:59    -1094.196099        2.8222
BFGS:   84 20:42:59    -1094.247239        2.3509
BFGS:   85 20:42:59    -1094.277342        2.1691
BFGS:   86 20:42:59    -1094.301272        2.5279
BFGS:   87 20:42:59    -1094.325561        2.4971
BFGS:   88 20:42:59    -1094.351999        2.4686
BFGS:   89 20:42:59    -1094.395911        2.7182
BFGS:   90 20:42:59    -1094.421611        2.8797
BFGS:   91 20:42:59    -1094.464686        2.7872
BFGS:   92 20:42:59    -1094.501446        2.3273
BFGS:   93 20:42:59    -1094.546209        2.1280
BFGS:   94 20:42:59    -1094.584217        1.9226
BFGS:   95 20:42:59    -1094.636388        2.0427
BFGS:   96 20:42:59    -1094.677262        1.9541
BFGS:   97 20:42:59    -1094.726174        1.7274
BFGS:   98 20:42:59    -1094.757970        1.4299
BFGS:   99 20:42:59    -1094.792339        1.2999
BFGS:  100 20:42:59    -1094.813668        1.2055
BFGS:  101 20:42:59    -1094.833260        1.1022
BFGS:  102 20:42:59    -1094.870434        1.3836
BFGS:  103 20:43:00    -1094.913650        2.1366
BFGS:  104 20:43:00    -1095.028532        3.5672
BFGS:  105 20:43:00    -1095.239196        4.9488
BFGS:  106 20:43:00    -1095.522741        5.3775
BFGS:  107 20:43:00    -1095.817660        4.3446
BFGS:  108 20:43:00    -1096.067859        2.5899
BFGS:  109 20:43:00    -1096.217861        1.1488
BFGS:  110 20:43:00    -1096.257565        0.9559
BFGS:  111 20:43:00    -1096.271645        0.7242
BFGS:  112 20:43:00    -1096.282532        0.6086
BFGS:  113 20:43:00    -1096.286132        0.5072
BFGS:  114 20:43:00    -1096.288991        0.3655
BFGS:  115 20:43:00    -1096.290876        0.3132
BFGS:  116 20:43:00    -1096.292739        0.4226
BFGS:  117 20:43:00    -1096.294388        0.4592
BFGS:  118 20:43:00    -1096.296112        0.4505
BFGS:  119 20:43:00    -1096.297889        0.3537
BFGS:  120 20:43:00    -1096.299624        0.3332
BFGS:  121 20:43:00    -1096.301249        0.3538
BFGS:  122 20:43:00    -1096.302766        0.3797
BFGS:  123 20:43:00    -1096.304291        0.3987
BFGS:  124 20:43:00    -1096.305920        0.3945
BFGS:  125 20:43:00    -1096.307601        0.3633
BFGS:  126 20:43:00    -1096.309017        0.3344
BFGS:  127 20:43:00    -1096.310001        0.3240
BFGS:  128 20:43:00    -1096.310629        0.3245
BFGS:  129 20:43:00    -1096.311067        0.3273
BFGS:  130 20:43:00    -1096.311466        0.3399
BFGS:  131 20:43:00    -1096.311969        0.3688
BFGS:  132 20:43:00    -1096.312674        0.3921
BFGS:  133 20:43:00    -1096.313567        0.4078
BFGS:  134 20:43:00    -1096.314579        0.4060
BFGS:  135 20:43:00    -1096.315745        0.3743
BFGS:  136 20:43:00    -1096.317149        0.2998
BFGS:  137 20:43:00    -1096.318616        0.1921
BFGS:  138 20:43:01    -1096.319674        0.1274
BFGS:  139 20:43:01    -1096.320223        0.1111
BFGS:  140 20:43:01    -1096.320583        0.1078
BFGS:  141 20:43:01    -1096.320963        0.1022
BFGS:  142 20:43:01    -1096.321352        0.1186
BFGS:  143 20:43:01    -1096.321644        0.1133
BFGS:  144 20:43:01    -1096.321780        0.0883
