      Step     Time          Energy         fmax
BFGS:    0 20:51:21     -784.790829      178.1179
BFGS:    1 20:51:21     -832.618342      131.8978
BFGS:    2 20:51:21     -857.413807      126.7437
BFGS:    3 20:51:21     -875.940066      110.1636
BFGS:    4 20:51:21     -890.307841      102.1558
BFGS:    5 20:51:21     -902.407378       93.8766
BFGS:    6 20:51:21     -912.088950       81.6330
BFGS:    7 20:51:21     -921.083493       78.4600
BFGS:    8 20:51:21     -929.493943       68.0579
BFGS:    9 20:51:21     -937.729515       58.0353
BFGS:   10 20:51:21     -944.240561       55.4936
BFGS:   11 20:51:21     -950.121013       51.4651
BFGS:   12 20:51:21     -956.178336       48.1778
BFGS:   13 20:51:21     -961.199387       45.7483
BFGS:   14 20:51:21     -965.272446       38.3069
BFGS:   15 20:51:21     -968.725707       37.6399
BFGS:   16 20:51:21     -971.648436       37.8121
BFGS:   17 20:51:22     -974.248888       37.8954
BFGS:   18 20:51:22     -976.615782       38.0040
BFGS:   19 20:51:22     -978.860074       38.4901
BFGS:   20 20:51:22     -981.144631       38.8777
BFGS:   21 20:51:22     -983.697815       40.3934
BFGS:   22 20:51:22     -986.447298       40.2751
BFGS:   23 20:51:22     -989.138537       41.1189
BFGS:   24 20:51:22     -991.808219       40.6507
BFGS:   25 20:51:22     -994.610213       41.7109
BFGS:   26 20:51:22     -997.332738       43.2705
BFGS:   27 20:51:22     -999.542715       43.8957
BFGS:   28 20:51:22    -1001.594535       44.8086
BFGS:   29 20:51:22    -1003.687546       45.3960
BFGS:   30 20:51:22    -1006.100933       45.5499
BFGS:   31 20:51:22    -1009.232650       44.4622
BFGS:   32 20:51:22    -1012.026708       41.8451
BFGS:   33 20:51:22    -1015.371792       37.7873
BFGS:   34 20:51:22    -1018.255126       36.3295
BFGS:   35 20:51:22    -1021.573968       32.6403
BFGS:   36 20:51:22    -1024.581048       29.2596
BFGS:   37 20:51:22    -1027.366544       27.6149
BFGS:   38 20:51:22    -1029.903067       26.9335
BFGS:   39 20:51:22    -1032.233586       26.1384
BFGS:   40 20:51:22    -1034.613062       24.8418
BFGS:   41 20:51:23    -1037.135629       23.4627
BFGS:   42 20:51:23    -1039.659687       24.2357
BFGS:   43 20:51:23    -1042.297084       22.6034
BFGS:   44 20:51:23    -1044.513365       20.2951
BFGS:   45 20:51:23    -1046.411225       19.1869
BFGS:   46 20:51:23    -1047.938737       16.8154
BFGS:   47 20:51:23    -1049.293128       16.8987
BFGS:   48 20:51:23    -1050.580403       15.8945
BFGS:   49 20:51:23    -1051.672562       16.1983
BFGS:   50 20:51:23    -1052.720223       15.3073
BFGS:   51 20:51:23    -1053.603063       13.3645
BFGS:   52 20:51:23    -1054.480828       12.3797
BFGS:   53 20:51:23    -1055.217140       10.0023
BFGS:   54 20:51:23    -1055.896555        8.7197
BFGS:   55 20:51:23    -1056.576875        7.5573
BFGS:   56 20:51:23    -1057.198416        8.2857
BFGS:   57 20:51:23    -1058.151424        9.0162
BFGS:   58 20:51:23    -1058.991744        8.9342
BFGS:   59 20:51:23    -1059.800894        8.2967
BFGS:   60 20:51:23    -1060.615800        8.3662
BFGS:   61 20:51:23    -1061.430827        8.3247
BFGS:   62 20:51:23    -1062.230361        8.3215
BFGS:   63 20:51:23    -1062.977616        8.0166
BFGS:   64 20:51:23    -1063.678117       11.6453
BFGS:   65 20:51:23    -1064.654764       12.8961
BFGS:   66 20:51:23    -1065.702429       14.4840
BFGS:   67 20:51:24    -1066.548624       17.4505
BFGS:   68 20:51:24    -1067.614609       16.0058
BFGS:   69 20:51:24    -1068.600392       16.2123
BFGS:   70 20:51:24    -1069.495309       13.9593
BFGS:   71 20:51:24    -1070.421748       12.8608
BFGS:   72 20:51:24    -1071.479249       11.5640
BFGS:   73 20:51:24    -1072.499161       10.2392
BFGS:   74 20:51:24    -1073.536065        9.7245
BFGS:   75 20:51:24    -1074.427512        9.5527
BFGS:   76 20:51:24    -1075.259584        9.4960
BFGS:   77 20:51:24    -1076.029782        9.3173
BFGS:   78 20:51:24    -1076.807223        9.3504
BFGS:   79 20:51:24    -1077.661402        9.2454
BFGS:   80 20:51:24    -1078.499131       10.7716
BFGS:   81 20:51:24    -1079.337569       11.2587
BFGS:   82 20:51:24    -1080.109304       10.7283
BFGS:   83 20:51:24    -1080.816787        9.0710
BFGS:   84 20:51:24    -1081.416560        7.4940
BFGS:   85 20:51:24    -1081.970027        6.5881
BFGS:   86 20:51:24    -1082.553442        6.1246
BFGS:   87 20:51:24    -1083.036537        6.4730
BFGS:   88 20:51:24    -1083.466611        6.9023
BFGS:   89 20:51:24    -1083.865256        6.9578
BFGS:   90 20:51:24    -1084.228101        6.5554
BFGS:   91 20:51:24    -1084.559758        5.9221
BFGS:   92 20:51:24    -1084.877280        5.0267
BFGS:   93 20:51:24    -1085.204313        5.1277
BFGS:   94 20:51:24    -1085.541989        5.5687
BFGS:   95 20:51:24    -1085.814801        5.2261
BFGS:   96 20:51:24    -1086.212319        5.0288
BFGS:   97 20:51:25    -1086.590221        5.6210
BFGS:   98 20:51:25    -1086.942135        5.7521
BFGS:   99 20:51:25    -1087.271444        6.2486
BFGS:  100 20:51:25    -1087.582274        6.6843
BFGS:  101 20:51:25    -1087.947397        6.4855
BFGS:  102 20:51:25    -1088.406490        4.6684
BFGS:  103 20:51:25    -1088.765181        4.8293
BFGS:  104 20:51:25    -1089.017458        3.6826
BFGS:  105 20:51:25    -1089.270588        3.9037
BFGS:  106 20:51:25    -1089.501015        4.0450
BFGS:  107 20:51:25    -1089.793344        3.4161
BFGS:  108 20:51:25    -1089.918699        3.3187
BFGS:  109 20:51:25    -1090.042196        2.8902
BFGS:  110 20:51:25    -1090.118908        2.3167
BFGS:  111 20:51:25    -1090.187829        2.6754
BFGS:  112 20:51:25    -1090.259868        2.4079
BFGS:  113 20:51:25    -1090.321153        2.5602
BFGS:  114 20:51:25    -1090.369395        2.0232
BFGS:  115 20:51:25    -1090.464641        2.7049
BFGS:  116 20:51:25    -1090.564204        3.2050
BFGS:  117 20:51:25    -1090.641946        4.2717
BFGS:  118 20:51:25    -1090.745090        4.0322
BFGS:  119 20:51:25    -1090.919862        4.7404
BFGS:  120 20:51:25    -1091.050646        5.2474
BFGS:  121 20:51:25    -1091.203011        5.4773
BFGS:  122 20:51:25    -1091.362933        5.2138
BFGS:  123 20:51:25    -1091.527786        4.3916
BFGS:  124 20:51:25    -1091.741800        4.9026
BFGS:  125 20:51:25    -1091.918932        4.8480
BFGS:  126 20:51:25    -1092.135616        4.8093
BFGS:  127 20:51:25    -1092.334557        3.4935
BFGS:  128 20:51:25    -1092.477162        3.2501
BFGS:  129 20:51:26    -1092.609997        3.2842
BFGS:  130 20:51:26    -1092.745125        4.0818
BFGS:  131 20:51:26    -1092.962819        6.4153
BFGS:  132 20:51:26    -1093.173778        8.0770
BFGS:  133 20:51:26    -1093.360579        8.2129
BFGS:  134 20:51:26    -1093.633369        7.3475
BFGS:  135 20:51:26    -1094.074708        5.9258
BFGS:  136 20:51:26    -1094.541008        6.7315
BFGS:  137 20:51:26    -1094.947879        7.1054
BFGS:  138 20:51:26    -1095.268717        7.6193
BFGS:  139 20:51:26    -1095.492640        5.6129
BFGS:  140 20:51:26    -1095.725463        4.1418
BFGS:  141 20:51:26    -1095.962380        4.2989
BFGS:  142 20:51:26    -1096.138800        3.3853
BFGS:  143 20:51:26    -1096.250309        3.6916
BFGS:  144 20:51:26    -1096.375487        3.9482
BFGS:  145 20:51:26    -1096.442439        4.2356
BFGS:  146 20:51:26    -1096.547197        4.3494
BFGS:  147 20:51:26    -1096.620985        3.3933
BFGS:  148 20:51:26    -1096.688954        3.3721
BFGS:  149 20:51:26    -1096.736785        2.5908
BFGS:  150 20:51:26    -1096.782303        2.6740
BFGS:  151 20:51:26    -1096.819244        2.5687
BFGS:  152 20:51:26    -1096.866248        2.4388
BFGS:  153 20:51:26    -1096.899902        2.3934
BFGS:  154 20:51:26    -1096.924690        2.2644
BFGS:  155 20:51:26    -1096.953132        2.2786
BFGS:  156 20:51:26    -1096.972602        2.2110
BFGS:  157 20:51:26    -1097.002106        1.8860
BFGS:  158 20:51:26    -1097.024197        2.7626
BFGS:  159 20:51:26    -1097.045020        2.7280
BFGS:  160 20:51:26    -1097.068365        2.4135
BFGS:  161 20:51:26    -1097.086059        2.3561
BFGS:  162 20:51:26    -1097.098356        2.1374
BFGS:  163 20:51:27    -1097.104181        2.3671
BFGS:  164 20:51:27    -1097.108573        2.4467
BFGS:  165 20:51:27    -1097.128262        2.6465
BFGS:  166 20:51:27    -1097.136737        2.7187
BFGS:  167 20:51:27    -1097.141805        2.6251
BFGS:  168 20:51:27    -1097.146589        2.3370
BFGS:  169 20:51:27    -1097.149416        2.3869
BFGS:  170 20:51:27    -1097.155845        2.5175
BFGS:  171 20:51:27    -1097.158345        2.5891
BFGS:  172 20:51:27    -1097.160447        2.6788
BFGS:  173 20:51:27    -1097.161754        2.7142
BFGS:  174 20:51:27    -1097.163417        2.7823
BFGS:  175 20:51:27    -1097.164878        2.8228
BFGS:  176 20:51:27    -1097.165660        2.8830
BFGS:  177 20:51:27    -1097.168146        2.9170
BFGS:  178 20:51:27    -1097.169794        2.9271
BFGS:  179 20:51:27    -1097.174022        2.9301
BFGS:  180 20:51:27    -1097.176389        2.9159
BFGS:  181 20:51:27    -1097.183439        2.8506
BFGS:  182 20:51:27    -1097.190170        2.7554
BFGS:  183 20:51:27    -1097.198761        2.6045
BFGS:  184 20:51:27    -1097.206133        2.4797
BFGS:  185 20:51:27    -1097.212703        2.3899
BFGS:  186 20:51:27    -1097.217580        2.3629
BFGS:  187 20:51:27    -1097.222077        2.3681
BFGS:  188 20:51:27    -1097.226588        2.4013
BFGS:  189 20:51:27    -1097.224575        2.5868
BFGS:  190 20:51:27    -1097.234272        2.4883
BFGS:  191 20:51:27    -1097.241093        2.3780
BFGS:  192 20:51:27    -1097.247735        2.3498
BFGS:  193 20:51:27    -1097.256871        2.3502
BFGS:  194 20:51:27    -1097.264649        2.3789
BFGS:  195 20:51:27    -1097.271390        2.3910
BFGS:  196 20:51:27    -1097.277056        2.4070
BFGS:  197 20:51:27    -1097.282747        2.4245
BFGS:  198 20:51:28    -1097.288064        2.4472
BFGS:  199 20:51:28    -1097.293583        2.4706
BFGS:  200 20:51:28    -1097.299590        2.4903
BFGS:  201 20:51:28    -1097.305677        2.4971
BFGS:  202 20:51:28    -1097.312848        2.4916
BFGS:  203 20:51:28    -1097.319412        2.4758
BFGS:  204 20:51:28    -1097.328342        2.4200
BFGS:  205 20:51:28    -1097.335718        2.4170
BFGS:  206 20:51:28    -1097.346099        2.4688
BFGS:  207 20:51:28    -1097.356857        2.5178
BFGS:  208 20:51:28    -1097.369480        2.4691
BFGS:  209 20:51:28    -1097.380187        2.4564
BFGS:  210 20:51:28    -1097.391123        2.3133
BFGS:  211 20:51:28    -1097.399129        2.1518
BFGS:  212 20:51:28    -1097.403821        2.0236
BFGS:  213 20:51:28    -1097.407498        1.8359
BFGS:  214 20:51:28    -1097.413169        1.6433
BFGS:  215 20:51:28    -1097.418781        1.6051
BFGS:  216 20:51:28    -1097.427580        1.4556
BFGS:  217 20:51:28    -1097.434359        1.2771
BFGS:  218 20:51:28    -1097.443492        1.1698
BFGS:  219 20:51:28    -1097.447211        1.1257
BFGS:  220 20:51:28    -1097.450796        1.0819
BFGS:  221 20:51:28    -1097.453860        1.0031
BFGS:  222 20:51:28    -1097.453743        1.0328
BFGS:  223 20:51:28    -1097.455250        1.0199
BFGS:  224 20:51:28    -1097.456010        1.0462
BFGS:  225 20:51:28    -1097.456363        1.0372
BFGS:  226 20:51:28    -1097.456658        1.0295
BFGS:  227 20:51:28    -1097.455570        0.9802
BFGS:  228 20:51:28    -1097.456990        0.9929
BFGS:  229 20:51:28    -1097.454957        1.0584
BFGS:  230 20:51:28    -1097.456814        1.0105
BFGS:  231 20:51:28    -1097.455400        0.9671
BFGS:  232 20:51:29    -1097.457700        0.9902
BFGS:  233 20:51:29    -1097.457287        0.9839
BFGS:  234 20:51:29    -1097.457664        0.9899
BFGS:  235 20:51:29    -1097.452348        1.1651
BFGS:  236 20:51:29    -1097.456581        1.0584
BFGS:  237 20:51:29    -1097.457301        0.9644
BFGS:  238 20:51:29    -1097.457850        1.0149
BFGS:  239 20:51:29    -1097.458293        0.9998
BFGS:  240 20:51:29    -1097.456236        0.9876
BFGS:  241 20:51:29    -1097.459219        0.9749
BFGS:  242 20:51:29    -1097.459227        0.9649
BFGS:  243 20:51:29    -1097.459954        0.9650
BFGS:  244 20:51:29    -1097.459783        1.0009
BFGS:  245 20:51:29    -1097.460930        0.9701
BFGS:  246 20:51:29    -1097.461409        0.9567
BFGS:  247 20:51:29    -1097.461723        0.9397
BFGS:  248 20:51:29    -1097.459890        1.0055
BFGS:  249 20:51:29    -1097.461832        0.9292
BFGS:  250 20:51:29    -1097.456347        1.0578
BFGS:  251 20:51:29    -1097.460481        0.9644
BFGS:  252 20:51:29    -1097.459702        1.0334
BFGS:  253 20:51:29    -1097.461617        0.9408
BFGS:  254 20:51:29    -1097.462016        0.9301
BFGS:  255 20:51:29    -1097.458385        1.1127
BFGS:  256 20:51:29    -1097.461794        0.9501
BFGS:  257 20:51:29    -1097.453326        1.1113
BFGS:  258 20:51:29    -1097.459773        0.9626
BFGS:  259 20:51:29    -1097.457939        1.1332
BFGS:  260 20:51:29    -1097.461565        0.9364
BFGS:  261 20:51:29    -1097.462149        0.9254
BFGS:  262 20:51:29    -1097.457178        1.1757
BFGS:  263 20:51:29    -1097.461389        0.9762
BFGS:  264 20:51:29    -1097.451420        1.2107
BFGS:  265 20:51:29    -1097.459388        0.9555
BFGS:  266 20:51:30    -1097.456714        1.1945
BFGS:  267 20:51:30    -1097.461572        0.9336
BFGS:  268 20:51:30    -1097.462178        0.9351
BFGS:  269 20:51:30    -1097.461832        0.9311
BFGS:  270 20:51:30    -1097.461984        0.9295
BFGS:  271 20:51:30    -1097.455488        1.2598
BFGS:  272 20:51:30    -1097.461367        0.9820
BFGS:  273 20:51:30    -1097.449354        1.2973
BFGS:  274 20:51:30    -1097.458899        0.9444
BFGS:  275 20:51:30    -1097.454964        1.2788
BFGS:  276 20:51:30    -1097.461660        0.9320
BFGS:  277 20:51:30    -1097.461736        0.9628
BFGS:  278 20:51:30    -1097.461978        0.9310
BFGS:  279 20:51:30    -1097.462162        0.9300
BFGS:  280 20:51:30    -1097.454667        1.2988
BFGS:  281 20:51:30    -1097.461000        1.0043
BFGS:  282 20:51:30    -1097.448655        1.3107
BFGS:  283 20:51:30    -1097.458843        0.9359
BFGS:  284 20:51:30    -1097.454199        1.3150
BFGS:  285 20:51:30    -1097.461783        0.9321
BFGS:  286 20:51:30    -1097.461457        0.9803
BFGS:  287 20:51:30    -1097.462118        0.9319
BFGS:  288 20:51:30    -1097.462311        0.9315
BFGS:  289 20:51:30    -1097.454361        1.3139
BFGS:  290 20:51:30    -1097.460777        1.0182
BFGS:  291 20:51:30    -1097.448608        1.2970
BFGS:  292 20:51:30    -1097.458921        0.9316
BFGS:  293 20:51:30    -1097.453918        1.3290
BFGS:  294 20:51:30    -1097.461895        0.9327
BFGS:  295 20:51:30    -1097.461292        0.9913
BFGS:  296 20:51:30    -1097.462233        0.9329
BFGS:  297 20:51:30    -1097.462291        0.9358
BFGS:  298 20:51:30    -1097.462302        0.9328
BFGS:  299 20:51:30    -1097.462346        0.9330
BFGS:  300 20:51:31    -1097.453847        1.3451
BFGS:  301 20:51:31    -1097.460605        1.0334
BFGS:  302 20:51:31    -1097.449505        1.2071
BFGS:  303 20:51:31    -1097.459277        0.9251
BFGS:  304 20:51:31    -1097.453358        1.3615
BFGS:  305 20:51:31    -1097.462259        0.9344
BFGS:  306 20:51:31    -1097.460690        1.0292
BFGS:  307 20:51:31    -1097.462095        0.9499
BFGS:  308 20:51:31    -1097.449106        1.2254
BFGS:  309 20:51:31    -1097.458817        0.9267
BFGS:  310 20:51:31    -1097.453412        1.3584
BFGS:  311 20:51:31    -1097.462159        0.9348
BFGS:  312 20:51:31    -1097.460855        1.0209
BFGS:  313 20:51:31    -1097.462301        0.9389
BFGS:  314 20:51:31    -1097.449009        1.2344
BFGS:  315 20:51:31    -1097.458759        0.9285
BFGS:  316 20:51:31    -1097.453463        1.3570
BFGS:  317 20:51:31    -1097.462156        0.9349
BFGS:  318 20:51:31    -1097.460917        1.0187
BFGS:  319 20:51:31    -1097.462369        0.9361
BFGS:  320 20:51:31    -1097.448965        1.2408
BFGS:  321 20:51:31    -1097.458753        0.9297
BFGS:  322 20:51:31    -1097.453512        1.3562
BFGS:  323 20:51:31    -1097.462165        0.9348
BFGS:  324 20:51:31    -1097.460966        1.0172
BFGS:  325 20:51:31    -1097.462420        0.9349
BFGS:  326 20:51:31    -1097.448944        1.2459
BFGS:  327 20:51:31    -1097.458758        0.9305
BFGS:  328 20:51:31    -1097.453560        1.3553
BFGS:  329 20:51:31    -1097.462176        0.9345
BFGS:  330 20:51:31    -1097.461013        1.0159
BFGS:  331 20:51:31    -1097.462468        0.9346
BFGS:  332 20:51:31    -1097.448934        1.2499
BFGS:  333 20:51:31    -1097.458766        0.9309
BFGS:  334 20:51:31    -1097.453608        1.3545
BFGS:  335 20:51:32    -1097.462188        0.9341
BFGS:  336 20:51:32    -1097.461059        1.0146
BFGS:  337 20:51:32    -1097.462515        0.9342
BFGS:  338 20:51:32    -1097.448932        1.2533
BFGS:  339 20:51:32    -1097.458776        0.9310
BFGS:  340 20:51:32    -1097.453655        1.3535
BFGS:  341 20:51:32    -1097.462201        0.9338
BFGS:  342 20:51:32    -1097.461106        1.0133
BFGS:  343 20:51:32    -1097.462562        0.9338
BFGS:  344 20:51:32    -1097.448934        1.2562
BFGS:  345 20:51:32    -1097.458788        0.9311
BFGS:  346 20:51:32    -1097.453703        1.3524
BFGS:  347 20:51:32    -1097.462214        0.9334
BFGS:  348 20:51:32    -1097.461152        1.0120
BFGS:  349 20:51:32    -1097.462597        0.9334
BFGS:  350 20:51:32    -1097.462168        0.9553
BFGS:  351 20:51:32    -1097.462465        0.9381
BFGS:  352 20:51:32    -1097.448871        1.2647
BFGS:  353 20:51:32    -1097.458838        0.9307
BFGS:  354 20:51:32    -1097.453923        1.3423
BFGS:  355 20:51:32    -1097.462203        0.9327
BFGS:  356 20:51:32    -1097.461301        1.0051
BFGS:  357 20:51:32    -1097.462580        0.9328
BFGS:  358 20:51:32    -1097.462310        0.9489
BFGS:  359 20:51:32    -1097.462605        0.9325
BFGS:  360 20:51:32    -1097.448832        1.2732
BFGS:  361 20:51:32    -1097.458817        0.9302
BFGS:  362 20:51:32    -1097.454104        1.3342
BFGS:  363 20:51:32    -1097.462176        0.9321
BFGS:  364 20:51:32    -1097.461465        0.9974
BFGS:  365 20:51:32    -1097.462554        0.9322
BFGS:  366 20:51:32    -1097.462473        0.9413
BFGS:  367 20:51:32    -1097.462632        0.9319
BFGS:  368 20:51:32    -1097.462679        0.9319
BFGS:  369 20:51:33    -1097.462656        0.9319
BFGS:  370 20:51:33    -1097.462670        0.9318
BFGS:  371 20:51:33    -1097.455213        1.3755
BFGS:  372 20:51:33    -1097.460568        1.1030
BFGS:  373 20:51:33    -1097.457428        0.9304
BFGS:  374 20:51:33    -1097.462686        0.9298
BFGS:  375 20:51:33    -1097.453106        1.4842
BFGS:  376 20:51:33    -1097.460117        1.1391
BFGS:  377 20:51:33    -1097.456184        0.9301
BFGS:  378 20:51:33    -1097.462723        0.9279
BFGS:  379 20:51:33    -1097.451913        1.5462
BFGS:  380 20:51:33    -1097.459871        1.1604
BFGS:  381 20:51:33    -1097.455376        0.9321
BFGS:  382 20:51:33    -1097.462737        0.9268
BFGS:  383 20:51:33    -1097.451230        1.5837
BFGS:  384 20:51:33    -1097.459752        1.1726
BFGS:  385 20:51:33    -1097.454824        0.9352
BFGS:  386 20:51:33    -1097.462742        0.9263
BFGS:  387 20:51:33    -1097.450832        1.6074
BFGS:  388 20:51:33    -1097.459705        1.1797
BFGS:  389 20:51:33    -1097.454444        0.9388
BFGS:  390 20:51:33    -1097.462749        0.9262
BFGS:  391 20:51:33    -1097.450607        1.6225
BFGS:  392 20:51:33    -1097.459700        1.1838
BFGS:  393 20:51:33    -1097.454184        0.9422
BFGS:  394 20:51:33    -1097.462761        0.9262
BFGS:  395 20:51:33    -1097.450492        1.6320
BFGS:  396 20:51:33    -1097.459719        1.1861
BFGS:  397 20:51:33    -1097.454012        0.9453
BFGS:  398 20:51:33    -1097.462781        0.9262
BFGS:  399 20:51:33    -1097.450445        1.6380
BFGS:  400 20:51:33    -1097.459753        1.1874
BFGS:  401 20:51:33    -1097.453901        0.9479
BFGS:  402 20:51:33    -1097.462808        0.9262
BFGS:  403 20:51:34    -1097.450443        1.6417
BFGS:  404 20:51:34    -1097.459795        1.1881
BFGS:  405 20:51:34    -1097.453835        0.9499
BFGS:  406 20:51:34    -1097.462840        0.9261
BFGS:  407 20:51:34    -1097.450466        1.6438
BFGS:  408 20:51:34    -1097.459843        1.1883
BFGS:  409 20:51:34    -1097.453801        0.9515
BFGS:  410 20:51:34    -1097.462875        0.9259
BFGS:  411 20:51:34    -1097.450507        1.6450
BFGS:  412 20:51:34    -1097.459894        1.1883
BFGS:  413 20:51:34    -1097.453789        0.9527
BFGS:  414 20:51:34    -1097.462914        0.9257
BFGS:  415 20:51:34    -1097.450556        1.6456
BFGS:  416 20:51:34    -1097.459947        1.1882
BFGS:  417 20:51:34    -1097.453793        0.9536
BFGS:  418 20:51:34    -1097.462956        0.9254
BFGS:  419 20:51:34    -1097.450611        1.6458
BFGS:  420 20:51:34    -1097.460000        1.1880
BFGS:  421 20:51:34    -1097.453808        0.9542
BFGS:  422 20:51:34    -1097.462999        0.9250
BFGS:  423 20:51:34    -1097.450669        1.6458
BFGS:  424 20:51:34    -1097.460055        1.1877
BFGS:  425 20:51:34    -1097.453832        0.9545
BFGS:  426 20:51:34    -1097.463043        0.9246
BFGS:  427 20:51:34    -1097.450729        1.6456
BFGS:  428 20:51:34    -1097.460110        1.1874
BFGS:  429 20:51:34    -1097.453862        0.9547
BFGS:  430 20:51:34    -1097.463088        0.9241
BFGS:  431 20:51:34    -1097.450789        1.6454
BFGS:  432 20:51:34    -1097.460166        1.1871
BFGS:  433 20:51:34    -1097.453896        0.9547
BFGS:  434 20:51:34    -1097.463134        0.9236
BFGS:  435 20:51:34    -1097.450849        1.6450
BFGS:  436 20:51:34    -1097.460222        1.1868
BFGS:  437 20:51:34    -1097.453933        0.9546
BFGS:  438 20:51:35    -1097.463181        0.9231
BFGS:  439 20:51:35    -1097.450909        1.6447
BFGS:  440 20:51:35    -1097.460278        1.1864
BFGS:  441 20:51:35    -1097.453974        0.9544
BFGS:  442 20:51:35    -1097.463229        0.9226
BFGS:  443 20:51:35    -1097.450968        1.6444
BFGS:  444 20:51:35    -1097.460334        1.1861
BFGS:  445 20:51:35    -1097.454016        0.9540
BFGS:  446 20:51:35    -1097.463276        0.9220
BFGS:  447 20:51:35    -1097.451028        1.6440
BFGS:  448 20:51:35    -1097.460391        1.1857
BFGS:  449 20:51:35    -1097.454060        0.9537
BFGS:  450 20:51:35    -1097.463325        0.9215
BFGS:  451 20:51:35    -1097.451086        1.6437
BFGS:  452 20:51:35    -1097.460447        1.1854
BFGS:  453 20:51:35    -1097.454105        0.9532
BFGS:  454 20:51:35    -1097.463373        0.9209
BFGS:  455 20:51:35    -1097.451145        1.6433
BFGS:  456 20:51:35    -1097.460504        1.1850
BFGS:  457 20:51:35    -1097.454151        0.9528
BFGS:  458 20:51:35    -1097.463422        0.9203
BFGS:  459 20:51:35    -1097.451204        1.6430
BFGS:  460 20:51:35    -1097.460561        1.1847
BFGS:  461 20:51:35    -1097.454197        0.9522
BFGS:  462 20:51:35    -1097.463471        0.9197
BFGS:  463 20:51:35    -1097.451262        1.6426
BFGS:  464 20:51:35    -1097.460619        1.1843
BFGS:  465 20:51:35    -1097.454245        0.9517
BFGS:  466 20:51:35    -1097.463521        0.9191
BFGS:  467 20:51:35    -1097.451320        1.6423
BFGS:  468 20:51:35    -1097.460676        1.1840
BFGS:  469 20:51:35    -1097.454293        0.9511
BFGS:  470 20:51:35    -1097.463571        0.9184
BFGS:  471 20:51:35    -1097.451378        1.6420
BFGS:  472 20:51:36    -1097.460734        1.1837
BFGS:  473 20:51:36    -1097.454342        0.9505
BFGS:  474 20:51:36    -1097.463621        0.9178
BFGS:  475 20:51:36    -1097.451437        1.6417
BFGS:  476 20:51:36    -1097.460792        1.1833
BFGS:  477 20:51:36    -1097.454391        0.9499
BFGS:  478 20:51:36    -1097.463671        0.9172
BFGS:  479 20:51:36    -1097.451495        1.6413
BFGS:  480 20:51:36    -1097.460850        1.1830
BFGS:  481 20:51:36    -1097.454440        0.9493
BFGS:  482 20:51:36    -1097.463722        0.9165
BFGS:  483 20:51:36    -1097.451553        1.6410
BFGS:  484 20:51:36    -1097.460909        1.1826
BFGS:  485 20:51:36    -1097.454490        0.9487
BFGS:  486 20:51:36    -1097.463773        0.9159
BFGS:  487 20:51:36    -1097.451612        1.6407
BFGS:  488 20:51:36    -1097.460968        1.1823
BFGS:  489 20:51:36    -1097.454541        0.9480
BFGS:  490 20:51:36    -1097.463824        0.9152
BFGS:  491 20:51:36    -1097.451671        1.6404
BFGS:  492 20:51:36    -1097.461027        1.1819
BFGS:  493 20:51:36    -1097.454591        0.9474
BFGS:  494 20:51:36    -1097.463876        0.9146
BFGS:  495 20:51:36    -1097.451730        1.6400
BFGS:  496 20:51:36    -1097.461086        1.1816
BFGS:  497 20:51:36    -1097.454642        0.9467
BFGS:  498 20:51:36    -1097.463928        0.9139
BFGS:  499 20:51:36    -1097.451789        1.6397
