      Step     Time          Energy         fmax
BFGS:    0 20:50:05     -753.853232      148.2177
BFGS:    1 20:50:05     -800.487455      154.9376
BFGS:    2 20:50:05     -836.761271      138.4095
BFGS:    3 20:50:05     -855.842327      133.3351
BFGS:    4 20:50:05     -869.438465      125.0903
BFGS:    5 20:50:05     -881.523858      117.7147
BFGS:    6 20:50:05     -893.045056      108.2585
BFGS:    7 20:50:05     -906.218596      101.9204
BFGS:    8 20:50:05     -917.581623       86.9388
BFGS:    9 20:50:05     -925.907097       80.5738
BFGS:   10 20:50:05     -932.874247       73.3744
BFGS:   11 20:50:05     -939.450391       70.5371
BFGS:   12 20:50:05     -946.170307       67.6181
BFGS:   13 20:50:05     -952.276710       63.4594
BFGS:   14 20:50:05     -958.255459       63.2548
BFGS:   15 20:50:05     -963.696873       59.9686
BFGS:   16 20:50:05     -968.014552       57.8536
BFGS:   17 20:50:05     -971.960031       56.4090
BFGS:   18 20:50:05     -975.900301       54.8818
BFGS:   19 20:50:05     -979.774309       54.2401
BFGS:   20 20:50:05     -983.635498       53.6850
BFGS:   21 20:50:05     -987.436313       53.1897
BFGS:   22 20:50:06     -991.179799       51.4863
BFGS:   23 20:50:06     -995.003411       50.4893
BFGS:   24 20:50:06     -998.779828       49.5740
BFGS:   25 20:50:06    -1002.497445       48.7038
BFGS:   26 20:50:06    -1006.341911       47.8286
BFGS:   27 20:50:06    -1010.558691       46.6802
BFGS:   28 20:50:06    -1014.749222       45.4268
BFGS:   29 20:50:06    -1019.191410       46.3224
BFGS:   30 20:50:06    -1023.693730       45.7943
BFGS:   31 20:50:06    -1028.318338       45.8287
BFGS:   32 20:50:06    -1032.466833       44.6092
BFGS:   33 20:50:06    -1036.200352       42.9488
BFGS:   34 20:50:06    -1039.761463       40.9515
BFGS:   35 20:50:06    -1043.458106       37.9413
BFGS:   36 20:50:06    -1048.642158       38.6018
BFGS:   37 20:50:06    -1053.134432       33.5377
BFGS:   38 20:50:06    -1056.789279       30.3212
BFGS:   39 20:50:06    -1060.156755       24.5778
BFGS:   40 20:50:06    -1063.391295       19.5853
BFGS:   41 20:50:06    -1065.707611       15.7468
BFGS:   42 20:50:06    -1067.371001       13.7043
BFGS:   43 20:50:06    -1068.571464       14.3217
BFGS:   44 20:50:06    -1069.557595       11.2537
BFGS:   45 20:50:06    -1070.236179       12.5712
BFGS:   46 20:50:06    -1070.792313        8.8127
BFGS:   47 20:50:06    -1071.535709        9.7252
BFGS:   48 20:50:07    -1072.248518       10.8870
BFGS:   49 20:50:07    -1072.967580       11.8853
BFGS:   50 20:50:07    -1073.637426       11.8637
BFGS:   51 20:50:07    -1074.254345       10.5222
BFGS:   52 20:50:07    -1074.994152        7.7073
BFGS:   53 20:50:07    -1075.657930        9.3271
BFGS:   54 20:50:07    -1076.320978        9.7584
BFGS:   55 20:50:07    -1076.907942       12.5901
BFGS:   56 20:50:07    -1077.507906        9.4138
BFGS:   57 20:50:07    -1077.842458        8.7180
BFGS:   58 20:50:07    -1078.185113        9.7261
BFGS:   59 20:50:07    -1078.501826       10.7053
BFGS:   60 20:50:07    -1078.791027       11.1031
BFGS:   61 20:50:07    -1079.100905       11.0846
BFGS:   62 20:50:07    -1079.452445       10.8659
BFGS:   63 20:50:07    -1079.865731        9.5192
BFGS:   64 20:50:07    -1080.253921        9.0141
BFGS:   65 20:50:07    -1080.506751        7.9868
BFGS:   66 20:50:07    -1081.087302        8.1114
BFGS:   67 20:50:07    -1081.668192        7.4779
BFGS:   68 20:50:07    -1082.224409        7.4980
BFGS:   69 20:50:07    -1082.676144        9.3050
BFGS:   70 20:50:07    -1083.076905       10.4958
BFGS:   71 20:50:07    -1083.465462       11.4599
BFGS:   72 20:50:07    -1083.872077       12.1382
BFGS:   73 20:50:07    -1084.310653       12.4790
BFGS:   74 20:50:07    -1084.792506       12.2958
BFGS:   75 20:50:08    -1085.403001       11.2722
BFGS:   76 20:50:08    -1086.120743       10.8281
BFGS:   77 20:50:08    -1086.744723       10.8221
BFGS:   78 20:50:08    -1087.275336        9.3253
BFGS:   79 20:50:08    -1088.099646        7.9111
BFGS:   80 20:50:08    -1088.639614        5.5924
BFGS:   81 20:50:08    -1089.055748        7.9908
BFGS:   82 20:50:08    -1089.237226        5.8478
BFGS:   83 20:50:08    -1089.261606        4.9067
BFGS:   84 20:50:08    -1089.377344        3.6137
BFGS:   85 20:50:08    -1089.475539        2.7223
BFGS:   86 20:50:08    -1089.430969        6.1694
BFGS:   87 20:50:08    -1089.571432        4.8262
BFGS:   88 20:50:08    -1089.492179        4.9492
BFGS:   89 20:50:08    -1089.613474        3.6362
BFGS:   90 20:50:08    -1089.625232        5.9839
BFGS:   91 20:50:08    -1089.775513        4.3196
BFGS:   92 20:50:08    -1089.733116        4.9309
BFGS:   93 20:50:08    -1089.888616        4.9973
BFGS:   94 20:50:08    -1090.148267        6.1640
BFGS:   95 20:50:08    -1090.096203        8.8894
BFGS:   96 20:50:08    -1090.262076        6.9913
BFGS:   97 20:50:08    -1090.513011        7.1496
BFGS:   98 20:50:08    -1090.770346        7.0081
BFGS:   99 20:50:08    -1091.092782        6.4714
BFGS:  100 20:50:08    -1091.413686        5.6953
BFGS:  101 20:50:08    -1091.798436        5.5314
BFGS:  102 20:50:08    -1092.212658        4.9253
BFGS:  103 20:50:08    -1092.554865        5.4397
BFGS:  104 20:50:09    -1092.796312        4.9091
BFGS:  105 20:50:09    -1092.898435        4.0340
BFGS:  106 20:50:09    -1092.995726        3.0517
BFGS:  107 20:50:09    -1093.091571        4.9199
BFGS:  108 20:50:09    -1093.156194        3.9092
BFGS:  109 20:50:09    -1093.198572        3.8441
BFGS:  110 20:50:09    -1093.243002        2.9006
BFGS:  111 20:50:09    -1093.293027        2.2746
BFGS:  112 20:50:09    -1093.254477        6.5776
BFGS:  113 20:50:09    -1093.292612        3.8830
BFGS:  114 20:50:09    -1093.319522        2.3384
BFGS:  115 20:50:09    -1093.343220        3.8339
BFGS:  116 20:50:09    -1093.369613        6.0855
BFGS:  117 20:50:09    -1093.370419        5.2319
BFGS:  118 20:50:09    -1093.370477        3.8803
BFGS:  119 20:50:09    -1093.381648        3.8415
BFGS:  120 20:50:09    -1093.365186        5.7669
BFGS:  121 20:50:09    -1093.386714        2.3612
BFGS:  122 20:50:09    -1093.389362        5.5758
BFGS:  123 20:50:09    -1093.391586        2.3625
BFGS:  124 20:50:09    -1093.394429        2.3494
BFGS:  125 20:50:09    -1093.209201        6.7156
BFGS:  126 20:50:09    -1093.344372        5.9687
BFGS:  127 20:50:09    -1093.232236        5.2194
BFGS:  128 20:50:09    -1093.381366        5.4223
BFGS:  129 20:50:09    -1093.174033        6.9026
BFGS:  130 20:50:09    -1093.332545        6.0891
BFGS:  131 20:50:09    -1093.240658        5.2354
BFGS:  132 20:50:09    -1093.383942        2.4854
BFGS:  133 20:50:10    -1093.265498        6.4853
BFGS:  134 20:50:10    -1093.360758        3.9108
BFGS:  135 20:50:10    -1093.233259        5.1846
BFGS:  136 20:50:10    -1093.368508        2.4961
BFGS:  137 20:50:10    -1093.260460        6.5543
BFGS:  138 20:50:10    -1093.375144        3.9142
BFGS:  139 20:50:10    -1093.238002        5.1875
BFGS:  140 20:50:10    -1093.359277        2.4977
BFGS:  141 20:50:10    -1093.261125        6.5807
BFGS:  142 20:50:10    -1093.387325        3.9548
BFGS:  143 20:50:10    -1093.239728        5.1192
BFGS:  144 20:50:10    -1093.352539        5.4697
BFGS:  145 20:50:10    -1093.272398        4.4532
BFGS:  146 20:50:10    -1093.398139        3.9818
BFGS:  147 20:50:10    -1093.236326        5.1467
BFGS:  148 20:50:10    -1093.345898        5.2839
BFGS:  149 20:50:10    -1093.291984        4.3081
BFGS:  150 20:50:10    -1093.404183        3.9440
BFGS:  151 20:50:10    -1093.245610        5.0394
BFGS:  152 20:50:10    -1093.344321        2.4041
BFGS:  153 20:50:10    -1093.301267        4.2734
BFGS:  154 20:50:10    -1093.398433        2.2583
BFGS:  155 20:50:10    -1093.379176        6.0705
BFGS:  156 20:50:10    -1093.404977        3.9631
BFGS:  157 20:50:10    -1093.253963        4.8193
BFGS:  158 20:50:10    -1093.347078        2.3322
BFGS:  159 20:50:10    -1093.300951        6.4040
BFGS:  160 20:50:10    -1093.398123        2.2003
BFGS:  161 20:50:10    -1093.383595        4.0177
BFGS:  162 20:50:11    -1093.408609        5.9332
BFGS:  163 20:50:11    -1093.401215        4.0017
BFGS:  164 20:50:11    -1093.407407        3.9946
BFGS:  165 20:50:11    -1093.251106        4.7899
BFGS:  166 20:50:11    -1093.339786        5.2292
BFGS:  167 20:50:11    -1093.304011        6.4404
BFGS:  168 20:50:11    -1093.401515        2.1964
BFGS:  169 20:50:11    -1093.384137        6.0681
BFGS:  170 20:50:11    -1093.409526        2.2069
BFGS:  171 20:50:11    -1093.401565        3.9812
BFGS:  172 20:50:11    -1093.407197        3.9678
BFGS:  173 20:50:11    -1093.251018        5.3268
BFGS:  174 20:50:11    -1093.339817        5.6322
BFGS:  175 20:50:11    -1093.307292        4.1488
BFGS:  176 20:50:11    -1093.403126        2.1745
BFGS:  177 20:50:11    -1093.384568        3.9935
BFGS:  178 20:50:11    -1093.409104        3.9691
BFGS:  179 20:50:11    -1093.250804        5.3385
BFGS:  180 20:50:11    -1093.341185        5.6455
BFGS:  181 20:50:11    -1093.309462        4.1013
BFGS:  182 20:50:11    -1093.401467        2.1716
BFGS:  183 20:50:11    -1093.387009        3.9931
BFGS:  184 20:50:11    -1093.407776        2.2017
BFGS:  185 20:50:11    -1093.403836        3.9748
BFGS:  186 20:50:11    -1093.409029        3.9702
BFGS:  187 20:50:11    -1093.230872        5.5145
BFGS:  188 20:50:11    -1093.338396        5.7637
BFGS:  189 20:50:11    -1093.299998        4.0484
BFGS:  190 20:50:12    -1093.405825        2.1569
BFGS:  191 20:50:12    -1093.379906        3.9917
BFGS:  192 20:50:12    -1093.402810        3.9779
BFGS:  193 20:50:12    -1093.237518        5.5555
BFGS:  194 20:50:12    -1093.347732        5.7939
BFGS:  195 20:50:12    -1093.292555        4.0300
BFGS:  196 20:50:12    -1093.404525        3.9958
BFGS:  197 20:50:12    -1093.241488        5.5850
BFGS:  198 20:50:12    -1093.352387        5.7785
BFGS:  199 20:50:12    -1093.293308        4.0239
BFGS:  200 20:50:12    -1093.403931        2.1645
BFGS:  201 20:50:12    -1093.375893        3.9848
BFGS:  202 20:50:12    -1093.398305        3.9720
BFGS:  203 20:50:12    -1093.249810        5.6055
BFGS:  204 20:50:12    -1093.361894        5.8322
BFGS:  205 20:50:12    -1093.287687        4.0295
BFGS:  206 20:50:12    -1093.399124        3.9912
BFGS:  207 20:50:12    -1093.255944        5.5811
BFGS:  208 20:50:12    -1093.362221        2.2356
BFGS:  209 20:50:12    -1093.394813        2.1867
BFGS:  210 20:50:12    -1093.214225        4.0775
BFGS:  211 20:50:12    -1093.367285        4.0110
BFGS:  212 20:50:12    -1093.295231        5.6113
BFGS:  213 20:50:12    -1093.374600        2.1944
BFGS:  214 20:50:12    -1093.387686        3.9931
BFGS:  215 20:50:12    -1093.387113        2.1901
BFGS:  216 20:50:12    -1093.395604        2.1754
BFGS:  217 20:50:12    -1093.222786        4.2139
BFGS:  218 20:50:12    -1093.368717        4.0371
BFGS:  219 20:50:13    -1093.307905        5.5703
BFGS:  220 20:50:13    -1093.373258        2.2176
BFGS:  221 20:50:13    -1093.364403        4.0661
BFGS:  222 20:50:13    -1093.391030        2.1787
BFGS:  223 20:50:13    -1093.402917        2.1562
BFGS:  224 20:50:13    -1093.210955        4.2953
BFGS:  225 20:50:13    -1093.355372        4.0673
BFGS:  226 20:50:13    -1093.326463        5.6277
BFGS:  227 20:50:13    -1093.378167        2.2072
BFGS:  228 20:50:13    -1093.321948        4.1165
BFGS:  229 20:50:13    -1093.401962        2.1597
BFGS:  230 20:50:13    -1093.391544        4.0336
BFGS:  231 20:50:13    -1093.407389        2.1532
BFGS:  232 20:50:13    -1093.406724        4.0126
BFGS:  233 20:50:13    -1093.408863        2.1541
BFGS:  234 20:50:13    -1093.409767        2.1532
BFGS:  235 20:50:13    -1093.106939        7.2900
BFGS:  236 20:50:13    -1093.354980        6.4453
BFGS:  237 20:50:13    -1093.298084        2.3471
BFGS:  238 20:50:13    -1093.365435        2.2179
BFGS:  239 20:50:13    -1093.233046        6.9106
BFGS:  240 20:50:13    -1093.406303        2.1607
BFGS:  241 20:50:13    -1093.377040        6.4045
BFGS:  242 20:50:13    -1093.402661        4.0280
BFGS:  243 20:50:13    -1093.311528        2.4021
BFGS:  244 20:50:13    -1093.361842        2.2279
BFGS:  245 20:50:13    -1093.253883        6.8175
BFGS:  246 20:50:13    -1093.402350        2.1326
BFGS:  247 20:50:14    -1093.386204        6.3624
BFGS:  248 20:50:14    -1093.410822        4.0313
BFGS:  249 20:50:14    -1093.274843        2.5275
BFGS:  250 20:50:14    -1093.341180        2.2666
BFGS:  251 20:50:14    -1093.310848        6.6172
BFGS:  252 20:50:14    -1093.383707        2.1586
BFGS:  253 20:50:14    -1093.409057        2.1085
BFGS:  254 20:50:14    -1093.157442        7.1074
BFGS:  255 20:50:14    -1093.357756        6.4622
BFGS:  256 20:50:14    -1093.317378        2.3051
BFGS:  257 20:50:14    -1093.367848        2.2053
BFGS:  258 20:50:14    -1093.262424        6.7993
BFGS:  259 20:50:14    -1093.405878        2.1255
BFGS:  260 20:50:14    -1093.380593        4.0935
BFGS:  261 20:50:14    -1093.406630        4.0400
BFGS:  262 20:50:14    -1093.288972        2.4081
BFGS:  263 20:50:14    -1093.344588        2.2484
BFGS:  264 20:50:14    -1093.318551        6.5732
BFGS:  265 20:50:14    -1093.388393        2.1572
BFGS:  266 20:50:14    -1093.410322        4.0414
BFGS:  267 20:50:14    -1093.398344        2.1455
BFGS:  268 20:50:14    -1093.404359        2.1376
BFGS:  269 20:50:14    -1093.166469        6.9993
BFGS:  270 20:50:14    -1093.369303        6.4213
BFGS:  271 20:50:14    -1093.314404        2.2740
BFGS:  272 20:50:14    -1093.363687        2.1908
BFGS:  273 20:50:14    -1093.267582        6.7379
BFGS:  274 20:50:14    -1093.401917        2.1339
BFGS:  275 20:50:15    -1093.391308        4.0761
BFGS:  276 20:50:15    -1093.411156        2.1227
BFGS:  277 20:50:15    -1093.408271        4.0445
BFGS:  278 20:50:15    -1093.413459        2.1190
BFGS:  279 20:50:15    -1093.412300        4.0392
BFGS:  280 20:50:15    -1093.413665        4.0378
BFGS:  281 20:50:15    -1093.248846        5.2287
BFGS:  282 20:50:15    -1093.333956        5.4954
BFGS:  283 20:50:15    -1093.311051        4.1251
BFGS:  284 20:50:15    -1093.402069        2.1406
BFGS:  285 20:50:15    -1093.398855        4.0206
BFGS:  286 20:50:15    -1093.407607        2.1323
BFGS:  287 20:50:15    -1093.411358        2.1307
BFGS:  288 20:50:15    -1093.191008        6.8300
BFGS:  289 20:50:15    -1093.353593        4.0718
BFGS:  290 20:50:15    -1093.317225        5.2493
BFGS:  291 20:50:15    -1093.380150        2.1389
BFGS:  292 20:50:15    -1093.259098        6.6787
BFGS:  293 20:50:15    -1093.411215        4.0268
BFGS:  294 20:50:15    -1093.280207        5.1187
BFGS:  295 20:50:15    -1093.348474        5.4187
BFGS:  296 20:50:15    -1093.317169        4.0851
BFGS:  297 20:50:15    -1093.393784        2.1590
BFGS:  298 20:50:15    -1093.407762        4.0016
BFGS:  299 20:50:15    -1093.400897        2.1539
BFGS:  300 20:50:15    -1093.405631        2.1418
BFGS:  301 20:50:15    -1093.210814        6.9865
BFGS:  302 20:50:15    -1093.363317        6.4491
BFGS:  303 20:50:15    -1093.328011        2.4088
BFGS:  304 20:50:16    -1093.371014        2.2327
BFGS:  305 20:50:16    -1093.284372        6.7749
BFGS:  306 20:50:16    -1093.406521        2.1126
BFGS:  307 20:50:16    -1093.385147        6.3880
BFGS:  308 20:50:16    -1093.413569        4.0651
BFGS:  309 20:50:16    -1093.298789        5.1060
BFGS:  310 20:50:16    -1093.349365        2.2765
BFGS:  311 20:50:16    -1093.330489        6.5874
BFGS:  312 20:50:16    -1093.386370        2.1327
BFGS:  313 20:50:16    -1093.408676        2.0715
BFGS:  314 20:50:16    -1093.206367        6.9417
BFGS:  315 20:50:16    -1093.360202        6.4604
BFGS:  316 20:50:16    -1093.333275        2.3155
BFGS:  317 20:50:16    -1093.373090        2.1795
BFGS:  318 20:50:16    -1093.283604        6.7237
BFGS:  319 20:50:16    -1093.408169        2.0848
BFGS:  320 20:50:16    -1093.382520        4.1307
BFGS:  321 20:50:16    -1093.411997        4.0831
BFGS:  322 20:50:16    -1093.298510        5.1447
BFGS:  323 20:50:16    -1093.348856        5.3890
BFGS:  324 20:50:16    -1093.330843        6.5787
BFGS:  325 20:50:16    -1093.387657        2.1384
BFGS:  326 20:50:16    -1093.409644        2.0856
BFGS:  327 20:50:16    -1093.205537        6.9127
BFGS:  328 20:50:16    -1093.356194        4.1435
BFGS:  329 20:50:16    -1093.335663        2.2995
BFGS:  330 20:50:16    -1093.374556        2.1692
BFGS:  331 20:50:16    -1093.280758        6.7110
BFGS:  332 20:50:17    -1093.409564        2.0854
BFGS:  333 20:50:17    -1093.378454        4.1187
BFGS:  334 20:50:17    -1093.408345        4.0770
BFGS:  335 20:50:17    -1093.301591        5.1723
BFGS:  336 20:50:17    -1093.351518        2.2350
BFGS:  337 20:50:17    -1093.327729        6.5917
BFGS:  338 20:50:17    -1093.388246        2.1281
BFGS:  339 20:50:17    -1093.411056        2.0781
BFGS:  340 20:50:17    -1093.206443        6.9180
BFGS:  341 20:50:17    -1093.356187        4.1512
BFGS:  342 20:50:17    -1093.335695        5.3033
BFGS:  343 20:50:17    -1093.376339        2.1594
BFGS:  344 20:50:17    -1093.279381        6.7287
BFGS:  345 20:50:17    -1093.411171        2.0790
BFGS:  346 20:50:17    -1093.376220        4.1266
BFGS:  347 20:50:17    -1093.406248        4.0840
BFGS:  348 20:50:17    -1093.306262        5.1695
BFGS:  349 20:50:17    -1093.352699        2.2248
BFGS:  350 20:50:17    -1093.326430        6.5939
BFGS:  351 20:50:17    -1093.389413        2.1206
BFGS:  352 20:50:17    -1093.412236        2.0703
BFGS:  353 20:50:17    -1093.205621        6.9206
BFGS:  354 20:50:17    -1093.354111        6.4806
BFGS:  355 20:50:17    -1093.338015        5.3111
BFGS:  356 20:50:17    -1093.377180        2.1464
BFGS:  357 20:50:17    -1093.278902        6.7351
BFGS:  358 20:50:17    -1093.412010        2.0703
BFGS:  359 20:50:17    -1093.374866        4.1358
BFGS:  360 20:50:17    -1093.405056        4.0930
BFGS:  361 20:50:18    -1093.308783        5.1656
BFGS:  362 20:50:18    -1093.353121        2.2189
BFGS:  363 20:50:18    -1093.326515        6.5954
BFGS:  364 20:50:18    -1093.389835        2.1135
BFGS:  365 20:50:18    -1093.412662        2.0629
BFGS:  366 20:50:18    -1093.206052        4.4708
BFGS:  367 20:50:18    -1093.353432        4.1624
BFGS:  368 20:50:18    -1093.339350        5.3097
BFGS:  369 20:50:18    -1093.377675        2.1432
BFGS:  370 20:50:18    -1093.278571        6.7354
BFGS:  371 20:50:18    -1093.412502        2.0661
BFGS:  372 20:50:18    -1093.374407        6.4208
BFGS:  373 20:50:18    -1093.404646        4.0998
BFGS:  374 20:50:18    -1093.309891        5.6065
BFGS:  375 20:50:18    -1093.353251        5.8752
BFGS:  376 20:50:18    -1093.326197        4.2257
BFGS:  377 20:50:18    -1093.390188        2.1047
BFGS:  378 20:50:18    -1093.412912        2.0564
BFGS:  379 20:50:18    -1093.205388        4.4698
BFGS:  380 20:50:18    -1093.353014        4.1698
BFGS:  381 20:50:18    -1093.339644        5.7770
BFGS:  382 20:50:18    -1093.377744        2.1395
BFGS:  383 20:50:18    -1093.278959        4.2846
BFGS:  384 20:50:18    -1093.412411        2.0617
BFGS:  385 20:50:18    -1093.374863        4.1437
BFGS:  386 20:50:18    -1093.405237        4.1040
BFGS:  387 20:50:18    -1093.309863        5.5969
BFGS:  388 20:50:18    -1093.352901        5.4057
BFGS:  389 20:50:19    -1093.327668        4.2237
BFGS:  390 20:50:19    -1093.389615        2.1014
BFGS:  391 20:50:19    -1093.412275        2.0554
BFGS:  392 20:50:19    -1093.207279        4.4702
BFGS:  393 20:50:19    -1093.354215        4.1687
BFGS:  394 20:50:19    -1093.339397        2.2636
BFGS:  395 20:50:19    -1093.377064        2.1365
BFGS:  396 20:50:19    -1093.280818        4.2860
BFGS:  397 20:50:19    -1093.411669        6.2751
BFGS:  398 20:50:19    -1093.376343        4.1465
BFGS:  399 20:50:19    -1093.406711        4.1072
BFGS:  400 20:50:19    -1093.309421        5.1738
BFGS:  401 20:50:19    -1093.352343        2.2034
BFGS:  402 20:50:19    -1093.329268        6.5840
BFGS:  403 20:50:19    -1093.388751        2.0981
BFGS:  404 20:50:19    -1093.411525        2.0500
BFGS:  405 20:50:19    -1093.209609        6.9032
BFGS:  406 20:50:19    -1093.355934        4.1724
BFGS:  407 20:50:19    -1093.338625        5.3090
BFGS:  408 20:50:19    -1093.376396        2.1270
BFGS:  409 20:50:19    -1093.282437        6.7116
BFGS:  410 20:50:19    -1093.411052        2.0524
BFGS:  411 20:50:19    -1093.377728        4.1478
BFGS:  412 20:50:19    -1093.408157        6.3179
BFGS:  413 20:50:19    -1093.309210        5.1573
BFGS:  414 20:50:19    -1093.351582        2.2034
BFGS:  415 20:50:19    -1093.330620        6.5816
BFGS:  416 20:50:19    -1093.388019        2.0936
BFGS:  417 20:50:20    -1093.410803        2.0454
BFGS:  418 20:50:20    -1093.211145        6.8967
BFGS:  419 20:50:20    -1093.357387        6.4740
BFGS:  420 20:50:20    -1093.338027        5.3018
BFGS:  421 20:50:20    -1093.375612        2.1225
BFGS:  422 20:50:20    -1093.283852        6.7070
BFGS:  423 20:50:20    -1093.410257        2.0470
BFGS:  424 20:50:20    -1093.379210        4.1511
BFGS:  425 20:50:20    -1093.409686        4.1090
BFGS:  426 20:50:20    -1093.308707        5.1640
BFGS:  427 20:50:20    -1093.350825        5.3918
BFGS:  428 20:50:20    -1093.332683        4.2300
BFGS:  429 20:50:20    -1093.387179        2.0905
BFGS:  430 20:50:20    -1093.409863        2.0459
BFGS:  431 20:50:20    -1093.212956        6.8894
BFGS:  432 20:50:20    -1093.359034        4.1741
BFGS:  433 20:50:20    -1093.337422        2.2597
BFGS:  434 20:50:20    -1093.374780        2.1254
BFGS:  435 20:50:20    -1093.285790        6.6926
BFGS:  436 20:50:20    -1093.409269        2.0476
BFGS:  437 20:50:20    -1093.381184        6.4040
BFGS:  438 20:50:20    -1093.411658        4.1094
BFGS:  439 20:50:20    -1093.307870        5.6189
BFGS:  440 20:50:20    -1093.349936        5.8770
BFGS:  441 20:50:20    -1093.334627        4.2344
BFGS:  442 20:50:20    -1093.386222        2.0872
BFGS:  443 20:50:20    -1093.408803        2.0433
BFGS:  444 20:50:20    -1093.215115        4.4541
BFGS:  445 20:50:20    -1093.360997        4.1750
BFGS:  446 20:50:21    -1093.336540        5.7894
BFGS:  447 20:50:21    -1093.373727        2.1229
BFGS:  448 20:50:21    -1093.287982        4.2799
BFGS:  449 20:50:21    -1093.408120        2.0464
BFGS:  450 20:50:21    -1093.383330        4.1493
BFGS:  451 20:50:21    -1093.413844        4.1087
BFGS:  452 20:50:21    -1093.306889        5.6127
BFGS:  453 20:50:21    -1093.348998        5.3842
BFGS:  454 20:50:21    -1093.336847        4.2261
BFGS:  455 20:50:21    -1093.385131        2.0861
BFGS:  456 20:50:21    -1093.407673        2.0426
BFGS:  457 20:50:21    -1093.217667        4.4437
BFGS:  458 20:50:21    -1093.363117        4.1735
BFGS:  459 20:50:21    -1093.335650        2.2567
BFGS:  460 20:50:21    -1093.372641        6.0299
BFGS:  461 20:50:21    -1093.290363        4.2795
BFGS:  462 20:50:21    -1093.406955        2.0441
BFGS:  463 20:50:21    -1093.385596        4.1492
BFGS:  464 20:50:21    -1093.414377        2.0309
BFGS:  465 20:50:21    -1093.406132        4.1232
BFGS:  466 20:50:21    -1093.412835        4.1141
BFGS:  467 20:50:21    -1093.306604        5.6275
BFGS:  468 20:50:21    -1093.349094        5.8845
BFGS:  469 20:50:21    -1093.335509        4.2229
BFGS:  470 20:50:21    -1093.385871        2.0787
BFGS:  471 20:50:21    -1093.408207        2.0374
BFGS:  472 20:50:21    -1093.216271        4.4366
BFGS:  473 20:50:21    -1093.362043        4.1732
BFGS:  474 20:50:22    -1093.335860        5.8006
BFGS:  475 20:50:22    -1093.373545        2.1099
BFGS:  476 20:50:22    -1093.288367        4.2604
BFGS:  477 20:50:22    -1093.407710        2.0397
BFGS:  478 20:50:22    -1093.383868        4.1495
BFGS:  479 20:50:22    -1093.414442        4.1108
BFGS:  480 20:50:22    -1093.306573        5.6271
BFGS:  481 20:50:22    -1093.348956        5.3775
BFGS:  482 20:50:22    -1093.337255        4.2219
BFGS:  483 20:50:22    -1093.385005        2.0791
BFGS:  484 20:50:22    -1093.407328        2.0368
BFGS:  485 20:50:22    -1093.218404        4.4281
BFGS:  486 20:50:22    -1093.363525        4.1730
BFGS:  487 20:50:22    -1093.335613        5.8006
BFGS:  488 20:50:22    -1093.372780        2.1095
BFGS:  489 20:50:22    -1093.290024        4.2588
BFGS:  490 20:50:22    -1093.406921        2.0383
BFGS:  491 20:50:22    -1093.385300        4.1497
BFGS:  492 20:50:22    -1093.414299        2.0258
BFGS:  493 20:50:22    -1093.405908        4.1252
BFGS:  494 20:50:22    -1093.412622        4.1165
BFGS:  495 20:50:22    -1093.307152        5.6429
BFGS:  496 20:50:22    -1093.349731        5.8952
BFGS:  497 20:50:22    -1093.335140        4.2196
BFGS:  498 20:50:22    -1093.385953        2.0708
BFGS:  499 20:50:22    -1093.408203        2.0317
