      Step     Time          Energy         fmax
BFGS:    0 20:47:28     -787.312908      179.4109
BFGS:    1 20:47:28     -835.967260      139.1795
BFGS:    2 20:47:28     -855.014769      142.0451
BFGS:    3 20:47:28     -873.041003      140.9219
BFGS:    4 20:47:28     -887.045717      125.1694
BFGS:    5 20:47:29     -901.999054      120.8772
BFGS:    6 20:47:29     -914.279024      110.2385
BFGS:    7 20:47:29     -924.682406      100.4170
BFGS:    8 20:47:29     -935.176619       88.5359
BFGS:    9 20:47:29     -943.953414       81.8001
BFGS:   10 20:47:29     -952.517224       73.9212
BFGS:   11 20:47:29     -959.148701       66.3474
BFGS:   12 20:47:29     -964.847265       58.8211
BFGS:   13 20:47:29     -969.891424       52.2905
BFGS:   14 20:47:29     -973.263533       48.3310
BFGS:   15 20:47:29     -977.620357       39.1328
BFGS:   16 20:47:29     -980.832999       34.3000
BFGS:   17 20:47:29     -983.469495       29.7233
BFGS:   18 20:47:29     -986.239742       28.0295
BFGS:   19 20:47:29     -988.866418       27.5700
BFGS:   20 20:47:29     -991.044109       28.3081
BFGS:   21 20:47:29     -993.033043       28.2778
BFGS:   22 20:47:29     -994.910114       26.9174
BFGS:   23 20:47:29     -996.750054       28.1862
BFGS:   24 20:47:29     -998.436669       25.8018
BFGS:   25 20:47:29     -999.917137       25.6698
BFGS:   26 20:47:29    -1001.460528       25.6625
BFGS:   27 20:47:29    -1002.963927       25.7165
BFGS:   28 20:47:29    -1004.593520       25.7621
BFGS:   29 20:47:30    -1006.406715       25.8438
BFGS:   30 20:47:30    -1008.231877       25.9618
BFGS:   31 20:47:30    -1009.903669       25.8330
BFGS:   32 20:47:30    -1011.928423       24.4333
BFGS:   33 20:47:30    -1013.951695       22.7431
BFGS:   34 20:47:30    -1016.001706       23.2731
BFGS:   35 20:47:30    -1018.141976       25.2064
BFGS:   36 20:47:30    -1020.332708       28.2484
BFGS:   37 20:47:30    -1022.540961       29.5637
BFGS:   38 20:47:30    -1024.644154       31.9541
BFGS:   39 20:47:30    -1026.632222       34.2998
BFGS:   40 20:47:30    -1028.607208       36.4761
BFGS:   41 20:47:30    -1030.422124       38.3836
BFGS:   42 20:47:30    -1032.186792       39.5113
BFGS:   43 20:47:30    -1033.968997       40.4852
BFGS:   44 20:47:30    -1035.711076       41.0398
BFGS:   45 20:47:30    -1037.327223       40.7942
BFGS:   46 20:47:30    -1038.827094       40.2955
BFGS:   47 20:47:30    -1040.285733       39.7948
BFGS:   48 20:47:30    -1041.779969       38.1732
BFGS:   49 20:47:30    -1043.216512       38.1460
BFGS:   50 20:47:30    -1044.598587       38.0913
BFGS:   51 20:47:30    -1045.966897       37.5347
BFGS:   52 20:47:30    -1047.440949       36.0784
BFGS:   53 20:47:30    -1048.965024       33.9097
BFGS:   54 20:47:31    -1050.539022       31.0430
BFGS:   55 20:47:31    -1052.123298       27.9460
BFGS:   56 20:47:31    -1053.681772       25.1286
BFGS:   57 20:47:31    -1055.137589       23.0901
BFGS:   58 20:47:31    -1056.618943       21.7860
BFGS:   59 20:47:31    -1057.836206       22.1104
BFGS:   60 20:47:31    -1059.166367       22.4769
BFGS:   61 20:47:31    -1060.252730       22.2808
BFGS:   62 20:47:31    -1061.334644       21.8235
BFGS:   63 20:47:31    -1062.254809       21.3230
BFGS:   64 20:47:31    -1063.113791       20.6590
BFGS:   65 20:47:31    -1063.923444       19.9078
BFGS:   66 20:47:31    -1064.712145       18.9950
BFGS:   67 20:47:31    -1065.495567       18.0149
BFGS:   68 20:47:31    -1066.291166       16.8316
BFGS:   69 20:47:31    -1067.111673       15.6575
BFGS:   70 20:47:31    -1067.966490       14.1882
BFGS:   71 20:47:31    -1068.847610       12.8236
BFGS:   72 20:47:31    -1069.754778       11.6284
BFGS:   73 20:47:31    -1070.648477       11.5963
BFGS:   74 20:47:31    -1071.442779       12.4982
BFGS:   75 20:47:31    -1072.187295       12.3921
BFGS:   76 20:47:31    -1072.766632       12.7215
BFGS:   77 20:47:31    -1073.295289       12.8131
BFGS:   78 20:47:31    -1073.786771       13.0533
BFGS:   79 20:47:31    -1074.277032       13.4715
BFGS:   80 20:47:31    -1074.767070       13.9263
BFGS:   81 20:47:31    -1075.279370       14.6636
BFGS:   82 20:47:32    -1075.805343       15.0430
BFGS:   83 20:47:32    -1076.359600       15.7633
BFGS:   84 20:47:32    -1076.890687       15.6318
BFGS:   85 20:47:32    -1077.351841       15.8763
BFGS:   86 20:47:32    -1077.807411       15.4411
BFGS:   87 20:47:32    -1078.232261       15.1992
BFGS:   88 20:47:32    -1078.648657       14.6823
BFGS:   89 20:47:32    -1079.062240       14.0383
BFGS:   90 20:47:32    -1079.468884       13.4711
BFGS:   91 20:47:32    -1079.869223       13.1565
BFGS:   92 20:47:32    -1080.250360       12.2018
BFGS:   93 20:47:32    -1080.661730       11.3151
BFGS:   94 20:47:32    -1081.134521        9.8258
BFGS:   95 20:47:32    -1081.673020       10.0026
BFGS:   96 20:47:32    -1082.209687       10.0658
BFGS:   97 20:47:32    -1082.804835        8.4331
BFGS:   98 20:47:32    -1083.333128        7.8858
BFGS:   99 20:47:32    -1083.859094        6.1568
BFGS:  100 20:47:32    -1084.297710        5.0324
BFGS:  101 20:47:32    -1084.689014        5.6894
BFGS:  102 20:47:32    -1085.007889        6.2369
BFGS:  103 20:47:32    -1085.340098        7.8757
BFGS:  104 20:47:32    -1085.643624        8.1087
BFGS:  105 20:47:32    -1085.949451        7.5596
BFGS:  106 20:47:32    -1086.321278        6.2413
BFGS:  107 20:47:32    -1086.609393        6.3877
BFGS:  108 20:47:32    -1086.927641        6.3360
BFGS:  109 20:47:33    -1087.167855        5.8936
BFGS:  110 20:47:33    -1087.327955        6.2881
BFGS:  111 20:47:33    -1087.516781        5.2357
BFGS:  112 20:47:33    -1087.708674        6.6900
BFGS:  113 20:47:33    -1087.842029        5.6165
BFGS:  114 20:47:33    -1087.971446        4.2274
BFGS:  115 20:47:33    -1088.134553        3.5814
BFGS:  116 20:47:33    -1088.315178        4.3676
BFGS:  117 20:47:33    -1088.486857        4.9326
BFGS:  118 20:47:33    -1088.652777        5.0649
BFGS:  119 20:47:33    -1088.827863        4.2767
BFGS:  120 20:47:33    -1089.020996        5.1218
BFGS:  121 20:47:33    -1089.236505        3.7419
BFGS:  122 20:47:33    -1089.372993        4.0186
BFGS:  123 20:47:33    -1089.473369        3.7392
BFGS:  124 20:47:33    -1089.554758        2.8599
BFGS:  125 20:47:33    -1089.596741        2.0075
BFGS:  126 20:47:33    -1089.626267        2.2302
BFGS:  127 20:47:33    -1089.648682        2.2426
BFGS:  128 20:47:33    -1089.669374        1.6910
BFGS:  129 20:47:33    -1089.677797        2.2262
BFGS:  130 20:47:33    -1089.695715        1.9727
BFGS:  131 20:47:33    -1089.713989        2.0607
BFGS:  132 20:47:33    -1089.726855        1.8123
BFGS:  133 20:47:33    -1089.739139        1.4075
BFGS:  134 20:47:33    -1089.747744        1.2495
BFGS:  135 20:47:33    -1089.755045        1.8367
BFGS:  136 20:47:33    -1089.759396        1.8517
BFGS:  137 20:47:34    -1089.763126        1.8433
BFGS:  138 20:47:34    -1089.770030        1.2578
BFGS:  139 20:47:34    -1089.774767        1.7823
BFGS:  140 20:47:34    -1089.760860        2.6669
BFGS:  141 20:47:34    -1089.781583        1.0899
BFGS:  142 20:47:34    -1089.782788        1.9351
BFGS:  143 20:47:34    -1089.785831        1.8330
BFGS:  144 20:47:34    -1089.787943        1.0644
BFGS:  145 20:47:34    -1089.790102        1.6863
BFGS:  146 20:47:34    -1089.791885        1.0184
BFGS:  147 20:47:34    -1089.793240        1.5583
BFGS:  148 20:47:34    -1089.793362        1.8681
BFGS:  149 20:47:34    -1089.795250        1.7903
BFGS:  150 20:47:34    -1089.792118        1.6902
BFGS:  151 20:47:34    -1089.794809        1.5416
BFGS:  152 20:47:34    -1089.794256        1.8563
BFGS:  153 20:47:34    -1089.796256        1.4888
BFGS:  154 20:47:34    -1089.796730        1.0352
BFGS:  155 20:47:34    -1089.794444        1.9641
BFGS:  156 20:47:34    -1089.796623        1.8200
BFGS:  157 20:47:34    -1089.788255        1.6288
BFGS:  158 20:47:34    -1089.794939        1.5391
BFGS:  159 20:47:34    -1089.791454        2.1664
BFGS:  160 20:47:34    -1089.797533        1.0068
BFGS:  161 20:47:34    -1089.797412        1.8256
BFGS:  162 20:47:34    -1089.797944        1.0133
BFGS:  163 20:47:34    -1089.798109        1.4782
BFGS:  164 20:47:34    -1089.795527        1.9782
BFGS:  165 20:47:35    -1089.797602        1.8478
BFGS:  166 20:47:35    -1089.793391        1.2402
BFGS:  167 20:47:35    -1089.797209        1.0319
BFGS:  168 20:47:35    -1089.794639        2.0338
BFGS:  169 20:47:35    -1089.798613        1.4600
BFGS:  170 20:47:35    -1089.797862        1.8502
BFGS:  171 20:47:35    -1089.798472        1.8098
BFGS:  172 20:47:35    -1089.787539        1.5700
BFGS:  173 20:47:35    -1089.795813        1.1173
BFGS:  174 20:47:35    -1089.794340        2.0620
BFGS:  175 20:47:35    -1089.798112        1.0343
BFGS:  176 20:47:35    -1089.798850        1.4465
BFGS:  177 20:47:35    -1089.791945        2.1905
BFGS:  178 20:47:35    -1089.797913        1.8782
BFGS:  179 20:47:35    -1089.786059        1.5698
BFGS:  180 20:47:35    -1089.795521        1.4822
BFGS:  181 20:47:35    -1089.792498        2.1760
BFGS:  182 20:47:35    -1089.798288        1.0451
BFGS:  183 20:47:35    -1089.799207        1.0575
BFGS:  184 20:47:35    -1089.790823        2.2719
BFGS:  185 20:47:35    -1089.797788        1.9144
BFGS:  186 20:47:35    -1089.782459        1.7229
BFGS:  187 20:47:35    -1089.794805        1.1549
BFGS:  188 20:47:35    -1089.790343        2.3022
BFGS:  189 20:47:35    -1089.798433        1.0488
BFGS:  190 20:47:35    -1089.799441        1.8415
BFGS:  191 20:47:35    -1089.798925        1.4459
BFGS:  192 20:47:36    -1089.799199        1.0503
BFGS:  193 20:47:36    -1089.789570        2.4024
BFGS:  194 20:47:36    -1089.798286        1.9375
BFGS:  195 20:47:36    -1089.783106        1.6640
BFGS:  196 20:47:36    -1089.795454        1.1024
BFGS:  197 20:47:36    -1089.789494        2.4071
BFGS:  198 20:47:36    -1089.799341        1.4455
BFGS:  199 20:47:36    -1089.798773        1.9311
BFGS:  200 20:47:36    -1089.799851        1.0434
BFGS:  201 20:47:36    -1089.800085        1.8536
BFGS:  202 20:47:36    -1089.800019        1.4512
BFGS:  203 20:47:36    -1089.800114        1.0393
BFGS:  204 20:47:36    -1089.799681        1.9721
BFGS:  205 20:47:36    -1089.800220        1.9213
BFGS:  206 20:47:36    -1089.797856        1.4314
BFGS:  207 20:47:36    -1089.800191        1.0316
BFGS:  208 20:47:36    -1089.798262        2.0920
BFGS:  209 20:47:36    -1089.800614        1.9305
BFGS:  210 20:47:36    -1089.796884        1.4303
BFGS:  211 20:47:36    -1089.799994        1.4606
BFGS:  212 20:47:36    -1089.798216        2.1094
BFGS:  213 20:47:36    -1089.801110        1.0065
BFGS:  214 20:47:36    -1089.800742        1.9613
BFGS:  215 20:47:36    -1089.801227        1.9292
BFGS:  216 20:47:36    -1089.793248        1.4129
BFGS:  217 20:47:36    -1089.798959        1.4550
BFGS:  218 20:47:36    -1089.798035        2.1299
BFGS:  219 20:47:36    -1089.800662        1.0097
BFGS:  220 20:47:37    -1089.801140        0.9991
BFGS:  221 20:47:37    -1089.798515        2.1235
BFGS:  222 20:47:37    -1089.801354        0.9945
BFGS:  223 20:47:37    -1089.801192        1.9805
BFGS:  224 20:47:37    -1089.801387        0.9942
BFGS:  225 20:47:37    -1089.801410        0.9943
BFGS:  226 20:47:37    -1089.799876        2.0931
BFGS:  227 20:47:37    -1089.800747        2.0432
BFGS:  228 20:47:37    -1089.798302        0.9947
BFGS:  229 20:47:37    -1089.800679        0.9961
BFGS:  230 20:47:37    -1089.800719        2.0552
BFGS:  231 20:47:37    -1089.801126        0.9962
BFGS:  232 20:47:37    -1089.801277        0.9968
BFGS:  233 20:47:37    -1089.800498        2.0710
BFGS:  234 20:47:37    -1089.801377        0.9971
BFGS:  235 20:47:37    -1089.801434        0.9973
BFGS:  236 20:47:37    -1089.799680        2.1079
BFGS:  237 20:47:37    -1089.801300        2.0035
BFGS:  238 20:47:37    -1089.797027        1.0315
BFGS:  239 20:47:37    -1089.800061        0.9972
BFGS:  240 20:47:37    -1089.799812        2.1037
BFGS:  241 20:47:37    -1089.800919        0.9978
BFGS:  242 20:47:37    -1089.801218        0.9980
BFGS:  243 20:47:37    -1089.799632        2.1139
BFGS:  244 20:47:37    -1089.801379        0.9980
BFGS:  245 20:47:37    -1089.801472        0.9981
BFGS:  246 20:47:37    -1089.797951        2.1502
BFGS:  247 20:47:37    -1089.801284        2.0127
BFGS:  248 20:47:38    -1089.799977        0.9983
BFGS:  249 20:47:38    -1089.800673        0.9985
BFGS:  250 20:47:38    -1089.799122        2.1476
BFGS:  251 20:47:38    -1089.801121        0.9989
BFGS:  252 20:47:38    -1089.801332        0.9987
BFGS:  253 20:47:38    -1089.798429        2.1739
BFGS:  254 20:47:38    -1089.801458        1.4892
BFGS:  255 20:47:38    -1089.801380        2.0116
BFGS:  256 20:47:38    -1089.801475        1.4898
BFGS:  257 20:47:38    -1089.801489        1.4956
BFGS:  258 20:47:38    -1089.797079        2.0562
BFGS:  259 20:47:38    -1089.801139        2.0046
BFGS:  260 20:47:38    -1089.800010        1.4772
BFGS:  261 20:47:38    -1089.800724        1.4827
BFGS:  262 20:47:38    -1089.797149        2.0517
BFGS:  263 20:47:38    -1089.801216        1.4887
BFGS:  264 20:47:38    -1089.801458        0.9952
BFGS:  265 20:47:38    -1089.799887        2.0223
BFGS:  266 20:47:38    -1089.801464        1.9827
BFGS:  267 20:47:38    -1089.789031        1.4554
BFGS:  268 20:47:38    -1089.797897        1.4697
BFGS:  269 20:47:38    -1089.795974        2.0885
BFGS:  270 20:47:38    -1089.800093        1.4828
BFGS:  271 20:47:38    -1089.800931        1.4892
BFGS:  272 20:47:38    -1089.796035        2.1082
BFGS:  273 20:47:38    -1089.801399        0.9943
BFGS:  274 20:47:38    -1089.801183        1.9788
BFGS:  275 20:47:38    -1089.801441        0.9942
BFGS:  276 20:47:39    -1089.801472        0.9945
BFGS:  277 20:47:39    -1089.796125        2.1850
BFGS:  278 20:47:39    -1089.801024        1.9975
BFGS:  279 20:47:39    -1089.797505        1.4950
BFGS:  280 20:47:39    -1089.799686        1.4889
BFGS:  281 20:47:39    -1089.795638        2.2122
BFGS:  282 20:47:39    -1089.800945        1.4888
BFGS:  283 20:47:39    -1089.801425        0.9977
BFGS:  284 20:47:39    -1089.797471        2.1455
BFGS:  285 20:47:39    -1089.801258        1.9949
BFGS:  286 20:47:39    -1089.787151        1.4956
BFGS:  287 20:47:39    -1089.797423        1.4795
BFGS:  288 20:47:39    -1089.795215        2.2159
BFGS:  289 20:47:39    -1089.800006        1.4856
BFGS:  290 20:47:39    -1089.800953        1.0001
BFGS:  291 20:47:39    -1089.797369        2.1465
BFGS:  292 20:47:39    -1089.801338        0.9978
BFGS:  293 20:47:39    -1089.801535        1.9855
BFGS:  294 20:47:39    -1089.801388        0.9971
BFGS:  295 20:47:39    -1089.801425        0.9970
BFGS:  296 20:47:39    -1089.796663        2.1476
BFGS:  297 20:47:39    -1089.801332        1.9900
BFGS:  298 20:47:39    -1089.797716        1.0098
BFGS:  299 20:47:39    -1089.799764        1.0056
BFGS:  300 20:47:39    -1089.796546        2.1461
BFGS:  301 20:47:39    -1089.800907        1.0005
BFGS:  302 20:47:39    -1089.801372        0.9985
BFGS:  303 20:47:39    -1089.796680        2.1448
BFGS:  304 20:47:40    -1089.801423        1.9844
BFGS:  305 20:47:40    -1089.788265        1.0992
BFGS:  306 20:47:40    -1089.797760        1.0153
BFGS:  307 20:47:40    -1089.796303        2.1490
BFGS:  308 20:47:40    -1089.800291        1.0036
BFGS:  309 20:47:40    -1089.801110        0.9987
BFGS:  310 20:47:40    -1089.796731        2.1427
BFGS:  311 20:47:40    -1089.801451        1.4921
BFGS:  312 20:47:40    -1089.801290        1.9878
BFGS:  313 20:47:40    -1089.801494        1.4929
BFGS:  314 20:47:40    -1089.801523        0.9947
BFGS:  315 20:47:40    -1089.800030        2.0332
BFGS:  316 20:47:40    -1089.801515        1.9789
BFGS:  317 20:47:40    -1089.789028        1.4680
BFGS:  318 20:47:40    -1089.797968        1.4751
BFGS:  319 20:47:40    -1089.796294        2.1406
BFGS:  320 20:47:40    -1089.800087        1.4851
BFGS:  321 20:47:40    -1089.800902        1.4897
BFGS:  322 20:47:40    -1089.797032        2.1273
BFGS:  323 20:47:40    -1089.801349        1.0066
BFGS:  324 20:47:40    -1089.801559        0.9942
BFGS:  325 20:47:40    -1089.797285        2.1214
BFGS:  326 20:47:40    -1089.801041        1.9946
BFGS:  327 20:47:40    -1089.788829        1.4777
BFGS:  328 20:47:40    -1089.797993        1.4759
BFGS:  329 20:47:40    -1089.796596        2.1352
BFGS:  330 20:47:40    -1089.800085        1.4860
BFGS:  331 20:47:40    -1089.800892        1.4901
BFGS:  332 20:47:41    -1089.797051        2.1243
BFGS:  333 20:47:41    -1089.801328        0.9952
BFGS:  334 20:47:41    -1089.801536        0.9941
BFGS:  335 20:47:41    -1089.797293        2.1187
BFGS:  336 20:47:41    -1089.801110        1.9896
BFGS:  337 20:47:41    -1089.788556        1.4796
BFGS:  338 20:47:41    -1089.797904        1.4764
BFGS:  339 20:47:41    -1089.796683        2.1320
BFGS:  340 20:47:41    -1089.800295        1.4861
BFGS:  341 20:47:41    -1089.801078        1.4906
BFGS:  342 20:47:41    -1089.797127        2.1214
BFGS:  343 20:47:41    -1089.801405        0.9948
BFGS:  344 20:47:41    -1089.801562        1.9721
BFGS:  345 20:47:41    -1089.801441        0.9944
BFGS:  346 20:47:41    -1089.801469        0.9944
BFGS:  347 20:47:41    -1089.797255        2.1220
BFGS:  348 20:47:41    -1089.801523        1.9752
BFGS:  349 20:47:41    -1089.798831        1.0025
BFGS:  350 20:47:41    -1089.800150        1.0000
BFGS:  351 20:47:41    -1089.797380        2.1253
BFGS:  352 20:47:41    -1089.800986        0.9976
BFGS:  353 20:47:41    -1089.801350        0.9958
BFGS:  354 20:47:41    -1089.797456        2.1228
BFGS:  355 20:47:41    -1089.801538        1.4933
BFGS:  356 20:47:41    -1089.801216        1.9889
BFGS:  357 20:47:41    -1089.801559        1.2241
BFGS:  358 20:47:41    -1089.801574        1.4944
BFGS:  359 20:47:41    -1089.799493        2.0497
BFGS:  360 20:47:42    -1089.801309        1.9846
BFGS:  361 20:47:42    -1089.788577        1.0945
BFGS:  362 20:47:42    -1089.797929        1.0127
BFGS:  363 20:47:42    -1089.796560        2.1225
BFGS:  364 20:47:42    -1089.799917        1.0027
BFGS:  365 20:47:42    -1089.800729        0.9985
BFGS:  366 20:47:42    -1089.797136        2.1163
BFGS:  367 20:47:42    -1089.801135        0.9959
BFGS:  368 20:47:42    -1089.801366        0.9944
BFGS:  369 20:47:42    -1089.797330        2.1180
BFGS:  370 20:47:42    -1089.801543        1.4944
BFGS:  371 20:47:42    -1089.801134        1.9875
BFGS:  372 20:47:42    -1089.801562        1.4949
BFGS:  373 20:47:42    -1089.801538        1.9720
BFGS:  374 20:47:42    -1089.801566        1.4988
BFGS:  375 20:47:42    -1089.801569        0.3887
BFGS:  376 20:47:42    -1089.801472        1.9749
BFGS:  377 20:47:42    -1089.801569        1.9710
BFGS:  378 20:47:42    -1089.793824        1.5431
BFGS:  379 20:47:42    -1089.799353        1.5050
BFGS:  380 20:47:42    -1089.796733        2.0569
BFGS:  381 20:47:42    -1089.800272        1.5011
BFGS:  382 20:47:42    -1089.800761        1.4974
BFGS:  383 20:47:42    -1089.796804        2.0606
BFGS:  384 20:47:42    -1089.801056        1.4957
BFGS:  385 20:47:42    -1089.801248        1.4943
BFGS:  386 20:47:42    -1089.796264        2.0814
BFGS:  387 20:47:43    -1089.801393        1.4937
BFGS:  388 20:47:43    -1089.801498        1.4934
BFGS:  389 20:47:43    -1089.795244        2.1161
BFGS:  390 20:47:43    -1089.801473        1.9695
BFGS:  391 20:47:43    -1089.800801        1.4947
BFGS:  392 20:47:43    -1089.801065        1.4951
BFGS:  393 20:47:43    -1089.794840        2.1307
BFGS:  394 20:47:43    -1089.801296        1.4945
BFGS:  395 20:47:43    -1089.801455        1.4943
BFGS:  396 20:47:43    -1089.794408        2.1488
BFGS:  397 20:47:43    -1089.801540        1.9689
BFGS:  398 20:47:43    -1089.800512        1.4947
BFGS:  399 20:47:43    -1089.800888        1.4951
BFGS:  400 20:47:43    -1089.794163        2.1589
BFGS:  401 20:47:43    -1089.801200        1.4947
BFGS:  402 20:47:43    -1089.801406        1.4945
BFGS:  403 20:47:43    -1089.793929        2.1702
BFGS:  404 20:47:43    -1089.801549        0.9936
BFGS:  405 20:47:43    -1089.801244        1.9839
BFGS:  406 20:47:43    -1089.801565        0.9935
BFGS:  407 20:47:43    -1089.801514        1.9719
BFGS:  408 20:47:43    -1089.801558        1.9699
BFGS:  409 20:47:43    -1089.787100        1.5126
BFGS:  410 20:47:43    -1089.797456        1.4937
BFGS:  411 20:47:43    -1089.793803        2.1800
BFGS:  412 20:47:43    -1089.799472        1.4937
BFGS:  413 20:47:43    -1089.800416        1.4935
BFGS:  414 20:47:43    -1089.793966        2.1815
BFGS:  415 20:47:44    -1089.800935        1.4940
BFGS:  416 20:47:44    -1089.801251        1.4943
BFGS:  417 20:47:44    -1089.793785        2.1867
BFGS:  418 20:47:44    -1089.801466        1.4947
BFGS:  419 20:47:44    -1089.801361        1.9778
BFGS:  420 20:47:44    -1089.801498        0.9937
BFGS:  421 20:47:44    -1089.801516        0.9931
BFGS:  422 20:47:44    -1089.795045        2.1437
BFGS:  423 20:47:44    -1089.801348        1.9779
BFGS:  424 20:47:44    -1089.800353        1.4908
BFGS:  425 20:47:44    -1089.800797        1.4934
BFGS:  426 20:47:44    -1089.793568        2.1743
BFGS:  427 20:47:44    -1089.801174        1.4946
BFGS:  428 20:47:44    -1089.801414        1.4955
BFGS:  429 20:47:44    -1089.793432        2.1882
BFGS:  430 20:47:44    -1089.801504        1.9699
BFGS:  431 20:47:44    -1089.799755        1.4918
BFGS:  432 20:47:44    -1089.800463        1.4934
BFGS:  433 20:47:44    -1089.793365        2.1914
BFGS:  434 20:47:44    -1089.800984        1.4946
BFGS:  435 20:47:44    -1089.801301        1.4954
BFGS:  436 20:47:44    -1089.793271        2.2035
BFGS:  437 20:47:44    -1089.801509        0.9924
BFGS:  438 20:47:44    -1089.801236        1.9823
BFGS:  439 20:47:44    -1089.801529        0.9923
BFGS:  440 20:47:44    -1089.801545        0.9924
BFGS:  441 20:47:44    -1089.794265        2.1893
BFGS:  442 20:47:44    -1089.801162        1.9874
BFGS:  443 20:47:45    -1089.800154        1.4975
BFGS:  444 20:47:45    -1089.800688        1.4973
BFGS:  445 20:47:45    -1089.792683        2.2320
BFGS:  446 20:47:45    -1089.801126        1.4962
BFGS:  447 20:47:45    -1089.801403        1.4955
BFGS:  448 20:47:45    -1089.792651        2.2353
BFGS:  449 20:47:45    -1089.801472        1.9749
BFGS:  450 20:47:45    -1089.799406        1.4995
BFGS:  451 20:47:45    -1089.800272        1.4975
BFGS:  452 20:47:45    -1089.792543        2.2410
BFGS:  453 20:47:45    -1089.800892        1.4958
BFGS:  454 20:47:45    -1089.801263        1.4950
BFGS:  455 20:47:45    -1089.792555        2.2424
BFGS:  456 20:47:45    -1089.801497        0.9939
BFGS:  457 20:47:45    -1089.801207        1.9871
BFGS:  458 20:47:45    -1089.801521        0.9938
BFGS:  459 20:47:45    -1089.801540        0.9937
BFGS:  460 20:47:45    -1089.793828        2.1880
BFGS:  461 20:47:45    -1089.801128        1.9890
BFGS:  462 20:47:45    -1089.799914        1.4951
BFGS:  463 20:47:45    -1089.800551        1.4954
BFGS:  464 20:47:45    -1089.792254        2.2216
BFGS:  465 20:47:45    -1089.801057        1.4950
BFGS:  466 20:47:45    -1089.801371        1.4948
BFGS:  467 20:47:45    -1089.792239        2.2298
BFGS:  468 20:47:45    -1089.801525        1.9698
BFGS:  469 20:47:45    -1089.799068        1.4971
BFGS:  470 20:47:45    -1089.800087        1.4956
BFGS:  471 20:47:46    -1089.792077        2.2335
BFGS:  472 20:47:46    -1089.800801        1.4949
BFGS:  473 20:47:46    -1089.801220        1.4946
BFGS:  474 20:47:46    -1089.792130        2.2402
BFGS:  475 20:47:46    -1089.801479        0.9938
BFGS:  476 20:47:46    -1089.801218        1.9826
BFGS:  477 20:47:46    -1089.801506        0.9937
BFGS:  478 20:47:46    -1089.801527        0.9936
BFGS:  479 20:47:46    -1089.793403        2.2178
BFGS:  480 20:47:46    -1089.801122        1.9884
BFGS:  481 20:47:46    -1089.799632        1.4949
BFGS:  482 20:47:46    -1089.800394        1.4950
BFGS:  483 20:47:46    -1089.791878        2.2578
BFGS:  484 20:47:46    -1089.800978        1.4947
BFGS:  485 20:47:46    -1089.801333        1.4947
BFGS:  486 20:47:46    -1089.791917        2.2605
BFGS:  487 20:47:46    -1089.801547        0.9937
BFGS:  488 20:47:46    -1089.800945        1.9971
BFGS:  489 20:47:46    -1089.801490        1.9730
BFGS:  490 20:47:46    -1089.780957        1.6238
BFGS:  491 20:47:46    -1089.795681        1.4933
BFGS:  492 20:47:46    -1089.791111        2.2780
BFGS:  493 20:47:46    -1089.798811        1.4939
BFGS:  494 20:47:46    -1089.800168        1.4938
BFGS:  495 20:47:46    -1089.791747        2.2712
BFGS:  496 20:47:46    -1089.800863        1.4945
BFGS:  497 20:47:46    -1089.801274        1.4947
BFGS:  498 20:47:46    -1089.791828        2.2690
BFGS:  499 20:47:47    -1089.801518        0.9936
