      Step     Time          Energy         fmax
BFGS:    0 20:44:12     -785.513151      178.9067
BFGS:    1 20:44:12     -822.702989      151.1124
BFGS:    2 20:44:12     -839.770541      124.4710
BFGS:    3 20:44:13     -858.932396      119.0009
BFGS:    4 20:44:13     -877.035071      107.8190
BFGS:    5 20:44:13     -893.247553       95.9707
BFGS:    6 20:44:13     -908.016364       86.9927
BFGS:    7 20:44:13     -921.560041       81.7285
BFGS:    8 20:44:13     -933.807637       75.9985
BFGS:    9 20:44:13     -945.308285       79.8074
BFGS:   10 20:44:13     -956.765174       81.9883
BFGS:   11 20:44:13     -968.068798       81.3299
BFGS:   12 20:44:13     -978.629872       79.6078
BFGS:   13 20:44:13     -989.477368       74.8201
BFGS:   14 20:44:13    -1000.517107       65.8152
BFGS:   15 20:44:13    -1010.642381       64.3728
BFGS:   16 20:44:13    -1020.282499       62.6655
BFGS:   17 20:44:13    -1027.268905       61.3519
BFGS:   18 20:44:13    -1032.907645       55.5499
BFGS:   19 20:44:13    -1038.321875       54.3747
BFGS:   20 20:44:13    -1043.284162       49.1996
BFGS:   21 20:44:13    -1047.412618       45.3013
BFGS:   22 20:44:13    -1050.763703       41.4514
BFGS:   23 20:44:13    -1053.510733       39.4364
BFGS:   24 20:44:13    -1056.132232       38.8582
BFGS:   25 20:44:13    -1059.742117       37.9222
BFGS:   26 20:44:13    -1062.676606       36.8565
BFGS:   27 20:44:13    -1065.138798       35.9615
BFGS:   28 20:44:13    -1067.368102       35.0007
BFGS:   29 20:44:13    -1069.512596       32.7511
BFGS:   30 20:44:13    -1071.745100       30.3569
BFGS:   31 20:44:13    -1073.860342       28.8151
BFGS:   32 20:44:14    -1076.084622       25.1471
BFGS:   33 20:44:14    -1078.065243       22.3390
BFGS:   34 20:44:14    -1079.866063       21.5088
BFGS:   35 20:44:14    -1081.803073       21.0843
BFGS:   36 20:44:14    -1083.773170       19.7368
BFGS:   37 20:44:14    -1085.340030       18.0471
BFGS:   38 20:44:14    -1087.021348       13.9593
BFGS:   39 20:44:14    -1088.073433       11.4091
BFGS:   40 20:44:14    -1088.914385        9.7639
BFGS:   41 20:44:14    -1089.654180        8.5072
BFGS:   42 20:44:14    -1090.335978        9.4973
BFGS:   43 20:44:14    -1091.001121       10.1218
BFGS:   44 20:44:14    -1091.660203       10.5256
BFGS:   45 20:44:14    -1092.261852        9.8650
BFGS:   46 20:44:14    -1092.875491        9.2920
BFGS:   47 20:44:14    -1093.371216        7.9589
BFGS:   48 20:44:14    -1093.765550        5.6363
BFGS:   49 20:44:14    -1094.170684        7.8270
BFGS:   50 20:44:14    -1094.580622        9.9393
BFGS:   51 20:44:14    -1095.001499       12.1084
BFGS:   52 20:44:14    -1095.443970       13.4291
BFGS:   53 20:44:14    -1095.909247       13.4353
BFGS:   54 20:44:14    -1096.411965       12.2095
BFGS:   55 20:44:14    -1096.874400       12.2055
BFGS:   56 20:44:14    -1097.318303       11.4487
BFGS:   57 20:44:14    -1097.660405        9.1544
BFGS:   58 20:44:14    -1097.931911        8.3618
BFGS:   59 20:44:14    -1098.177328        7.2300
BFGS:   60 20:44:14    -1098.405499        6.2695
BFGS:   61 20:44:14    -1098.615802        5.7377
BFGS:   62 20:44:15    -1098.769706        5.7561
BFGS:   63 20:44:15    -1098.905840        5.3305
BFGS:   64 20:44:15    -1099.031515        5.2099
BFGS:   65 20:44:15    -1099.137285        4.8893
BFGS:   66 20:44:15    -1099.239299        4.6655
BFGS:   67 20:44:15    -1099.341541        3.9542
BFGS:   68 20:44:15    -1099.462427        3.7202
BFGS:   69 20:44:15    -1099.588144        3.3600
BFGS:   70 20:44:15    -1099.704572        3.4117
BFGS:   71 20:44:15    -1099.811340        3.6435
BFGS:   72 20:44:15    -1099.911448        4.0087
BFGS:   73 20:44:15    -1100.011501        4.2060
BFGS:   74 20:44:15    -1100.120888        4.3581
BFGS:   75 20:44:15    -1100.237383        4.3587
BFGS:   76 20:44:15    -1100.366433        4.1747
BFGS:   77 20:44:15    -1100.506644        3.9147
BFGS:   78 20:44:15    -1100.669312        4.3709
BFGS:   79 20:44:15    -1100.830158        5.2202
BFGS:   80 20:44:15    -1100.946494        5.8490
BFGS:   81 20:44:15    -1101.046436        4.4634
BFGS:   82 20:44:15    -1101.227086        4.0371
BFGS:   83 20:44:15    -1101.392114        3.4066
BFGS:   84 20:44:15    -1101.469910        3.3027
BFGS:   85 20:44:15    -1101.516925        2.7742
BFGS:   86 20:44:15    -1101.567947        2.2966
BFGS:   87 20:44:15    -1101.598945        2.1428
BFGS:   88 20:44:15    -1101.609901        2.2320
BFGS:   89 20:44:15    -1101.616188        2.1328
BFGS:   90 20:44:15    -1101.621653        1.9724
BFGS:   91 20:44:15    -1101.626319        1.7927
BFGS:   92 20:44:15    -1101.631228        1.5141
BFGS:   93 20:44:16    -1101.636278        1.2644
BFGS:   94 20:44:16    -1101.646337        0.8476
BFGS:   95 20:44:16    -1101.657523        0.8156
BFGS:   96 20:44:16    -1101.666282        0.8528
BFGS:   97 20:44:16    -1101.672175        0.9098
BFGS:   98 20:44:16    -1101.677035        0.8855
BFGS:   99 20:44:16    -1101.682429        0.8537
BFGS:  100 20:44:16    -1101.689450        0.8252
BFGS:  101 20:44:16    -1101.695050        0.8240
BFGS:  102 20:44:16    -1101.699665        0.8560
BFGS:  103 20:44:16    -1101.704252        0.8954
BFGS:  104 20:44:16    -1101.710818        0.9102
BFGS:  105 20:44:16    -1101.720027        1.1631
BFGS:  106 20:44:16    -1101.732508        1.5448
BFGS:  107 20:44:16    -1101.744770        1.4222
BFGS:  108 20:44:16    -1101.763578        1.4695
BFGS:  109 20:44:16    -1101.783370        1.0015
BFGS:  110 20:44:16    -1101.803293        0.7065
BFGS:  111 20:44:16    -1101.813156        0.6992
BFGS:  112 20:44:16    -1101.818516        0.6217
BFGS:  113 20:44:16    -1101.821400        0.4330
BFGS:  114 20:44:16    -1101.822615        0.4824
BFGS:  115 20:44:16    -1101.823480        0.2490
BFGS:  116 20:44:16    -1101.823778        0.2951
BFGS:  117 20:44:16    -1101.824039        0.1610
BFGS:  118 20:44:16    -1101.823876        0.4406
BFGS:  119 20:44:16    -1101.824180        0.2780
BFGS:  120 20:44:16    -1101.823937        0.2935
BFGS:  121 20:44:16    -1101.824188        0.1612
BFGS:  122 20:44:16    -1101.823990        0.4082
BFGS:  123 20:44:16    -1101.824289        0.2636
BFGS:  124 20:44:17    -1101.823941        0.3167
BFGS:  125 20:44:17    -1101.824229        0.1795
BFGS:  126 20:44:17    -1101.824033        0.3961
BFGS:  127 20:44:17    -1101.824360        0.1239
BFGS:  128 20:44:17    -1101.824305        0.2854
BFGS:  129 20:44:17    -1101.824357        0.2614
BFGS:  130 20:44:17    -1101.823949        0.3775
BFGS:  131 20:44:17    -1101.824283        0.2059
BFGS:  132 20:44:17    -1101.824181        0.3491
BFGS:  133 20:44:17    -1101.824385        0.1305
BFGS:  134 20:44:17    -1101.824419        0.1216
BFGS:  135 20:44:17    -1101.824122        0.3723
BFGS:  136 20:44:17    -1101.824365        0.2777
BFGS:  137 20:44:17    -1101.823988        0.3415
BFGS:  138 20:44:17    -1101.824330        0.1875
BFGS:  139 20:44:17    -1101.824124        0.3693
BFGS:  140 20:44:17    -1101.824436        0.1168
BFGS:  141 20:44:17    -1101.824400        0.2681
BFGS:  142 20:44:17    -1101.824453        0.2450
BFGS:  143 20:44:17    -1101.823990        0.3550
BFGS:  144 20:44:17    -1101.824329        0.2057
BFGS:  145 20:44:17    -1101.824171        0.3531
BFGS:  146 20:44:17    -1101.824441        0.1270
BFGS:  147 20:44:17    -1101.824446        0.2547
BFGS:  148 20:44:17    -1101.824457        0.1156
BFGS:  149 20:44:17    -1101.824466        0.1127
BFGS:  150 20:44:17    -1101.824109        0.3805
BFGS:  151 20:44:17    -1101.824398        0.2776
BFGS:  152 20:44:17    -1101.824077        0.3033
BFGS:  153 20:44:17    -1101.824393        0.1637
BFGS:  154 20:44:17    -1101.824116        0.3754
BFGS:  155 20:44:18    -1101.824461        0.2504
BFGS:  156 20:44:18    -1101.824070        0.3084
BFGS:  157 20:44:18    -1101.824377        0.1779
BFGS:  158 20:44:18    -1101.824125        0.3718
BFGS:  159 20:44:18    -1101.824480        0.2434
BFGS:  160 20:44:18    -1101.824065        0.3130
BFGS:  161 20:44:18    -1101.824373        0.1837
BFGS:  162 20:44:18    -1101.824131        0.3698
BFGS:  163 20:44:18    -1101.824488        0.1094
BFGS:  164 20:44:18    -1101.824411        0.2759
BFGS:  165 20:44:18    -1101.824467        0.2525
BFGS:  166 20:44:18    -1101.824054        0.3222
BFGS:  167 20:44:18    -1101.824380        0.1867
BFGS:  168 20:44:18    -1101.824152        0.3645
BFGS:  169 20:44:18    -1101.824489        0.1107
BFGS:  170 20:44:18    -1101.824430        0.2702
BFGS:  171 20:44:18    -1101.824484        0.2474
BFGS:  172 20:44:18    -1101.824050        0.3301
BFGS:  173 20:44:18    -1101.824379        0.1923
BFGS:  174 20:44:18    -1101.824165        0.3606
BFGS:  175 20:44:18    -1101.824489        0.1152
BFGS:  176 20:44:18    -1101.824444        0.2661
BFGS:  177 20:44:18    -1101.824499        0.2429
BFGS:  178 20:44:18    -1101.824047        0.3348
BFGS:  179 20:44:18    -1101.824378        0.1966
BFGS:  180 20:44:18    -1101.824176        0.3584
BFGS:  181 20:44:18    -1101.824490        0.1186
BFGS:  182 20:44:18    -1101.824456        0.2629
BFGS:  183 20:44:18    -1101.824504        0.1066
BFGS:  184 20:44:18    -1101.824495        0.2468
BFGS:  185 20:44:18    -1101.824507        0.2418
BFGS:  186 20:44:19    -1101.824036        0.3520
BFGS:  187 20:44:19    -1101.824379        0.2065
BFGS:  188 20:44:19    -1101.824217        0.3465
BFGS:  189 20:44:19    -1101.824485        0.1306
BFGS:  190 20:44:19    -1101.824491        0.2502
BFGS:  191 20:44:19    -1101.824497        0.1189
BFGS:  192 20:44:19    -1101.824504        0.1118
BFGS:  193 20:44:19    -1101.824205        0.3545
BFGS:  194 20:44:19    -1101.824458        0.2647
BFGS:  195 20:44:19    -1101.824059        0.3386
BFGS:  196 20:44:19    -1101.824401        0.1912
BFGS:  197 20:44:19    -1101.824192        0.3562
BFGS:  198 20:44:19    -1101.824501        0.1183
BFGS:  199 20:44:19    -1101.824467        0.2617
BFGS:  200 20:44:19    -1101.824512        0.1071
BFGS:  201 20:44:19    -1101.824505        0.2459
BFGS:  202 20:44:19    -1101.824515        0.1047
BFGS:  203 20:44:19    -1101.824513        0.2428
BFGS:  204 20:44:19    -1101.824515        0.2418
BFGS:  205 20:44:19    -1101.824089        0.3498
BFGS:  206 20:44:19    -1101.824397        0.2043
BFGS:  207 20:44:19    -1101.824280        0.3308
BFGS:  208 20:44:19    -1101.824487        0.1381
BFGS:  209 20:44:19    -1101.824515        0.1058
BFGS:  210 20:44:19    -1101.824273        0.3324
BFGS:  211 20:44:19    -1101.824477        0.2588
BFGS:  212 20:44:19    -1101.824060        0.3547
BFGS:  213 20:44:19    -1101.824399        0.2037
BFGS:  214 20:44:19    -1101.824256        0.3355
BFGS:  215 20:44:19    -1101.824490        0.1348
BFGS:  216 20:44:19    -1101.824515        0.2435
BFGS:  217 20:44:20    -1101.824501        0.1244
BFGS:  218 20:44:20    -1101.824507        0.1178
BFGS:  219 20:44:20    -1101.824255        0.3371
BFGS:  220 20:44:20    -1101.824489        0.2541
BFGS:  221 20:44:20    -1101.824053        0.3524
BFGS:  222 20:44:20    -1101.824396        0.2042
BFGS:  223 20:44:20    -1101.824238        0.3397
BFGS:  224 20:44:20    -1101.824493        0.1326
BFGS:  225 20:44:20    -1101.824507        0.2467
BFGS:  226 20:44:20    -1101.824504        0.1216
BFGS:  227 20:44:20    -1101.824511        0.1147
BFGS:  228 20:44:20    -1101.824245        0.3398
BFGS:  229 20:44:20    -1101.824482        0.2572
BFGS:  230 20:44:20    -1101.824055        0.3495
BFGS:  231 20:44:20    -1101.824399        0.2012
BFGS:  232 20:44:20    -1101.824230        0.3421
BFGS:  233 20:44:20    -1101.824497        0.1299
BFGS:  234 20:44:20    -1101.824501        0.2494
BFGS:  235 20:44:20    -1101.824508        0.1188
BFGS:  236 20:44:20    -1101.824514        0.1118
BFGS:  237 20:44:20    -1101.824239        0.3424
BFGS:  238 20:44:20    -1101.824476        0.2599
BFGS:  239 20:44:20    -1101.824058        0.3471
BFGS:  240 20:44:20    -1101.824403        0.1986
BFGS:  241 20:44:20    -1101.824224        0.3447
BFGS:  242 20:44:20    -1101.824500        0.1274
BFGS:  243 20:44:20    -1101.824496        0.2520
BFGS:  244 20:44:20    -1101.824511        0.1163
BFGS:  245 20:44:20    -1101.824517        0.1093
BFGS:  246 20:44:20    -1101.824234        0.3449
BFGS:  247 20:44:20    -1101.824471        0.2624
BFGS:  248 20:44:20    -1101.824061        0.3449
BFGS:  249 20:44:21    -1101.824406        0.1964
BFGS:  250 20:44:21    -1101.824219        0.3472
BFGS:  251 20:44:21    -1101.824503        0.1250
BFGS:  252 20:44:21    -1101.824491        0.2543
BFGS:  253 20:44:21    -1101.824514        0.1140
BFGS:  254 20:44:21    -1101.824520        0.1070
BFGS:  255 20:44:21    -1101.824229        0.3471
BFGS:  256 20:44:21    -1101.824467        0.2646
BFGS:  257 20:44:21    -1101.824064        0.3429
BFGS:  258 20:44:21    -1101.824409        0.1942
BFGS:  259 20:44:21    -1101.824215        0.3494
BFGS:  260 20:44:21    -1101.824506        0.1229
BFGS:  261 20:44:21    -1101.824487        0.2564
BFGS:  262 20:44:21    -1101.824517        0.1118
BFGS:  263 20:44:21    -1101.824523        0.1049
BFGS:  264 20:44:21    -1101.824225        0.3491
BFGS:  265 20:44:21    -1101.824463        0.2667
BFGS:  266 20:44:21    -1101.824067        0.3411
BFGS:  267 20:44:21    -1101.824412        0.1923
BFGS:  268 20:44:21    -1101.824210        0.3514
BFGS:  269 20:44:21    -1101.824508        0.1209
BFGS:  270 20:44:21    -1101.824483        0.2584
BFGS:  271 20:44:21    -1101.824519        0.1099
BFGS:  272 20:44:21    -1101.824521        0.2429
BFGS:  273 20:44:21    -1101.824522        0.1075
BFGS:  274 20:44:21    -1101.824523        0.1061
BFGS:  275 20:44:21    -1101.824206        0.3578
BFGS:  276 20:44:21    -1101.824458        0.2697
BFGS:  277 20:44:21    -1101.824078        0.3324
BFGS:  278 20:44:21    -1101.824418        0.1853
BFGS:  279 20:44:21    -1101.824192        0.3598
BFGS:  280 20:44:22    -1101.824517        0.1131
BFGS:  281 20:44:22    -1101.824465        0.2666
BFGS:  282 20:44:22    -1101.824519        0.2440
BFGS:  283 20:44:22    -1101.824071        0.3333
BFGS:  284 20:44:22    -1101.824403        0.1949
BFGS:  285 20:44:22    -1101.824191        0.3594
BFGS:  286 20:44:22    -1101.824513        0.1171
BFGS:  287 20:44:22    -1101.824471        0.2642
BFGS:  288 20:44:22    -1101.824525        0.1050
BFGS:  289 20:44:22    -1101.824510        0.2482
BFGS:  290 20:44:22    -1101.824521        0.2433
BFGS:  291 20:44:22    -1101.824070        0.3353
BFGS:  292 20:44:22    -1101.824402        0.1964
BFGS:  293 20:44:22    -1101.824196        0.3572
BFGS:  294 20:44:22    -1101.824512        0.1189
BFGS:  295 20:44:22    -1101.824476        0.2623
BFGS:  296 20:44:22    -1101.824524        0.1069
BFGS:  297 20:44:22    -1101.824515        0.2463
BFGS:  298 20:44:22    -1101.824526        0.2414
BFGS:  299 20:44:22    -1101.824068        0.3373
BFGS:  300 20:44:22    -1101.824401        0.1983
BFGS:  301 20:44:22    -1101.824201        0.3554
BFGS:  302 20:44:22    -1101.824511        0.1207
BFGS:  303 20:44:22    -1101.824481        0.2605
BFGS:  304 20:44:22    -1101.824523        0.1087
BFGS:  305 20:44:22    -1101.824519        0.2445
BFGS:  306 20:44:22    -1101.824525        0.1061
BFGS:  307 20:44:22    -1101.824527        0.1046
BFGS:  308 20:44:22    -1101.824202        0.3603
BFGS:  309 20:44:22    -1101.824456        0.2714
BFGS:  310 20:44:22    -1101.824082        0.3312
BFGS:  311 20:44:23    -1101.824423        0.1839
BFGS:  312 20:44:23    -1101.824191        0.3615
BFGS:  313 20:44:23    -1101.824520        0.1116
BFGS:  314 20:44:23    -1101.824464        0.2681
BFGS:  315 20:44:23    -1101.824518        0.2454
BFGS:  316 20:44:23    -1101.824076        0.3321
BFGS:  317 20:44:23    -1101.824407        0.1934
BFGS:  318 20:44:23    -1101.824190        0.3610
BFGS:  319 20:44:23    -1101.824517        0.1156
BFGS:  320 20:44:23    -1101.824470        0.2658
BFGS:  321 20:44:23    -1101.824525        0.2423
BFGS:  322 20:44:23    -1101.824076        0.3323
BFGS:  323 20:44:23    -1101.824405        0.1948
BFGS:  324 20:44:23    -1101.824191        0.3605
BFGS:  325 20:44:23    -1101.824516        0.1163
BFGS:  326 20:44:23    -1101.824472        0.2652
BFGS:  327 20:44:23    -1101.824527        0.2416
BFGS:  328 20:44:23    -1101.824075        0.3326
BFGS:  329 20:44:23    -1101.824405        0.1953
BFGS:  330 20:44:23    -1101.824192        0.3601
BFGS:  331 20:44:23    -1101.824516        0.1168
BFGS:  332 20:44:23    -1101.824473        0.2647
BFGS:  333 20:44:23    -1101.824528        0.2413
BFGS:  334 20:44:23    -1101.824073        0.3339
BFGS:  335 20:44:23    -1101.824404        0.1959
BFGS:  336 20:44:23    -1101.824193        0.3597
BFGS:  337 20:44:23    -1101.824516        0.1172
BFGS:  338 20:44:23    -1101.824474        0.2643
BFGS:  339 20:44:23    -1101.824529        0.1050
BFGS:  340 20:44:23    -1101.824513        0.2482
BFGS:  341 20:44:23    -1101.824524        0.2433
BFGS:  342 20:44:24    -1101.824074        0.3345
BFGS:  343 20:44:24    -1101.824406        0.1959
BFGS:  344 20:44:24    -1101.824197        0.3579
BFGS:  345 20:44:24    -1101.824516        0.1182
BFGS:  346 20:44:24    -1101.824478        0.2630
BFGS:  347 20:44:24    -1101.824528        0.1062
BFGS:  348 20:44:24    -1101.824516        0.2470
BFGS:  349 20:44:24    -1101.824528        0.2421
BFGS:  350 20:44:24    -1101.824073        0.3360
BFGS:  351 20:44:24    -1101.824405        0.1973
BFGS:  352 20:44:24    -1101.824201        0.3564
BFGS:  353 20:44:24    -1101.824515        0.1197
BFGS:  354 20:44:24    -1101.824481        0.2615
BFGS:  355 20:44:24    -1101.824527        0.1077
BFGS:  356 20:44:24    -1101.824520        0.2455
BFGS:  357 20:44:24    -1101.824530        0.1052
BFGS:  358 20:44:24    -1101.824528        0.2422
BFGS:  359 20:44:24    -1101.824530        0.1047
BFGS:  360 20:44:24    -1101.824530        0.2415
BFGS:  361 20:44:24    -1101.824530        0.2412
BFGS:  362 20:44:24    -1101.824233        0.2835
BFGS:  363 20:44:24    -1101.824436        0.1872
BFGS:  364 20:44:24    -1101.824303        0.3179
BFGS:  365 20:44:24    -1101.824507        0.1322
BFGS:  366 20:44:24    -1101.824529        0.1055
BFGS:  367 20:44:24    -1101.824295        0.3237
BFGS:  368 20:44:24    -1101.824487        0.2579
BFGS:  369 20:44:24    -1101.824090        0.3430
BFGS:  370 20:44:24    -1101.824416        0.2010
BFGS:  371 20:44:24    -1101.824272        0.3289
BFGS:  372 20:44:24    -1101.824504        0.1355
BFGS:  373 20:44:25    -1101.824529        0.2414
BFGS:  374 20:44:25    -1101.824514        0.1254
BFGS:  375 20:44:25    -1101.824519        0.1190
BFGS:  376 20:44:25    -1101.824275        0.3325
BFGS:  377 20:44:25    -1101.824505        0.2517
BFGS:  378 20:44:25    -1101.824064        0.3546
BFGS:  379 20:44:25    -1101.824406        0.2069
BFGS:  380 20:44:25    -1101.824258        0.3353
BFGS:  381 20:44:25    -1101.824503        0.1361
BFGS:  382 20:44:25    -1101.824527        0.2429
BFGS:  383 20:44:25    -1101.824514        0.1252
BFGS:  384 20:44:25    -1101.824520        0.1183
BFGS:  385 20:44:25    -1101.824271        0.3337
BFGS:  386 20:44:25    -1101.824504        0.2525
BFGS:  387 20:44:25    -1101.824062        0.3546
BFGS:  388 20:44:25    -1101.824407        0.2063
BFGS:  389 20:44:25    -1101.824256        0.3361
BFGS:  390 20:44:25    -1101.824504        0.1354
BFGS:  391 20:44:25    -1101.824525        0.2437
BFGS:  392 20:44:25    -1101.824515        0.1244
BFGS:  393 20:44:25    -1101.824521        0.1175
BFGS:  394 20:44:25    -1101.824270        0.3345
BFGS:  395 20:44:25    -1101.824502        0.2533
BFGS:  396 20:44:25    -1101.824063        0.3539
BFGS:  397 20:44:25    -1101.824408        0.2056
BFGS:  398 20:44:25    -1101.824254        0.3368
BFGS:  399 20:44:25    -1101.824505        0.1347
BFGS:  400 20:44:25    -1101.824524        0.2444
BFGS:  401 20:44:25    -1101.824516        0.1237
BFGS:  402 20:44:25    -1101.824522        0.1168
BFGS:  403 20:44:25    -1101.824268        0.3352
BFGS:  404 20:44:25    -1101.824501        0.2540
BFGS:  405 20:44:26    -1101.824063        0.3533
BFGS:  406 20:44:26    -1101.824409        0.2049
BFGS:  407 20:44:26    -1101.824253        0.3376
BFGS:  408 20:44:26    -1101.824506        0.1340
BFGS:  409 20:44:26    -1101.824522        0.2451
BFGS:  410 20:44:26    -1101.824517        0.1230
BFGS:  411 20:44:26    -1101.824523        0.1160
BFGS:  412 20:44:26    -1101.824267        0.3360
BFGS:  413 20:44:26    -1101.824499        0.2547
BFGS:  414 20:44:26    -1101.824064        0.3526
BFGS:  415 20:44:26    -1101.824410        0.2042
BFGS:  416 20:44:26    -1101.824251        0.3384
BFGS:  417 20:44:26    -1101.824507        0.1333
BFGS:  418 20:44:26    -1101.824521        0.2458
BFGS:  419 20:44:26    -1101.824518        0.1223
BFGS:  420 20:44:26    -1101.824524        0.1153
BFGS:  421 20:44:26    -1101.824265        0.3367
BFGS:  422 20:44:26    -1101.824498        0.2555
BFGS:  423 20:44:26    -1101.824065        0.3520
BFGS:  424 20:44:26    -1101.824410        0.2036
BFGS:  425 20:44:26    -1101.824249        0.3391
BFGS:  426 20:44:26    -1101.824508        0.1326
BFGS:  427 20:44:26    -1101.824519        0.2465
BFGS:  428 20:44:26    -1101.824518        0.1216
BFGS:  429 20:44:26    -1101.824525        0.1146
BFGS:  430 20:44:26    -1101.824263        0.3375
BFGS:  431 20:44:26    -1101.824496        0.2561
BFGS:  432 20:44:26    -1101.824066        0.3514
BFGS:  433 20:44:26    -1101.824411        0.2029
BFGS:  434 20:44:26    -1101.824248        0.3398
BFGS:  435 20:44:26    -1101.824508        0.1319
BFGS:  436 20:44:27    -1101.824518        0.2472
BFGS:  437 20:44:27    -1101.824519        0.1209
BFGS:  438 20:44:27    -1101.824525        0.1140
BFGS:  439 20:44:27    -1101.824262        0.3382
BFGS:  440 20:44:27    -1101.824495        0.2568
BFGS:  441 20:44:27    -1101.824067        0.3508
BFGS:  442 20:44:27    -1101.824412        0.2023
BFGS:  443 20:44:27    -1101.824246        0.3405
BFGS:  444 20:44:27    -1101.824509        0.1313
BFGS:  445 20:44:27    -1101.824517        0.2479
BFGS:  446 20:44:27    -1101.824520        0.1203
BFGS:  447 20:44:27    -1101.824526        0.1133
BFGS:  448 20:44:27    -1101.824260        0.3388
BFGS:  449 20:44:27    -1101.824494        0.2575
BFGS:  450 20:44:27    -1101.824067        0.3503
BFGS:  451 20:44:27    -1101.824413        0.2017
BFGS:  452 20:44:27    -1101.824245        0.3412
BFGS:  453 20:44:27    -1101.824510        0.1306
BFGS:  454 20:44:27    -1101.824515        0.2485
BFGS:  455 20:44:27    -1101.824521        0.1196
BFGS:  456 20:44:27    -1101.824527        0.1127
BFGS:  457 20:44:27    -1101.824259        0.3395
BFGS:  458 20:44:27    -1101.824492        0.2581
BFGS:  459 20:44:27    -1101.824068        0.3497
BFGS:  460 20:44:27    -1101.824414        0.2011
BFGS:  461 20:44:27    -1101.824243        0.3419
BFGS:  462 20:44:27    -1101.824511        0.1300
BFGS:  463 20:44:27    -1101.824514        0.2492
BFGS:  464 20:44:27    -1101.824522        0.1190
BFGS:  465 20:44:27    -1101.824528        0.1120
BFGS:  466 20:44:27    -1101.824257        0.3401
BFGS:  467 20:44:28    -1101.824491        0.2588
BFGS:  468 20:44:28    -1101.824069        0.3491
BFGS:  469 20:44:28    -1101.824415        0.2005
BFGS:  470 20:44:28    -1101.824242        0.3425
BFGS:  471 20:44:28    -1101.824511        0.1294
BFGS:  472 20:44:28    -1101.824513        0.2498
BFGS:  473 20:44:28    -1101.824522        0.1184
BFGS:  474 20:44:28    -1101.824528        0.1114
BFGS:  475 20:44:28    -1101.824256        0.3408
BFGS:  476 20:44:28    -1101.824490        0.2594
BFGS:  477 20:44:28    -1101.824070        0.3486
BFGS:  478 20:44:28    -1101.824415        0.1999
BFGS:  479 20:44:28    -1101.824241        0.3432
BFGS:  480 20:44:28    -1101.824512        0.1288
BFGS:  481 20:44:28    -1101.824512        0.2504
BFGS:  482 20:44:28    -1101.824523        0.1178
BFGS:  483 20:44:28    -1101.824529        0.1108
BFGS:  484 20:44:28    -1101.824255        0.3414
BFGS:  485 20:44:28    -1101.824489        0.2600
BFGS:  486 20:44:28    -1101.824071        0.3480
BFGS:  487 20:44:28    -1101.824416        0.1993
BFGS:  488 20:44:28    -1101.824239        0.3438
BFGS:  489 20:44:28    -1101.824513        0.1282
BFGS:  490 20:44:28    -1101.824510        0.2510
BFGS:  491 20:44:28    -1101.824524        0.1172
BFGS:  492 20:44:28    -1101.824530        0.1102
BFGS:  493 20:44:28    -1101.824253        0.3420
BFGS:  494 20:44:28    -1101.824487        0.2606
BFGS:  495 20:44:28    -1101.824071        0.3475
BFGS:  496 20:44:28    -1101.824417        0.1988
BFGS:  497 20:44:28    -1101.824238        0.3444
BFGS:  498 20:44:29    -1101.824514        0.1276
BFGS:  499 20:44:29    -1101.824509        0.2516
