      Step     Time          Energy         fmax
BFGS:    0 20:51:10     -742.642026      177.7358
BFGS:    1 20:51:11     -794.549289      147.7036
BFGS:    2 20:51:11     -817.390339      147.8606
BFGS:    3 20:51:11     -837.703839      144.2222
BFGS:    4 20:51:11     -856.233573      133.4521
BFGS:    5 20:51:11     -873.763344      125.1814
BFGS:    6 20:51:11     -893.265181      118.5559
BFGS:    7 20:51:11     -909.062214      122.2010
BFGS:    8 20:51:11     -919.944973      115.9391
BFGS:    9 20:51:11     -929.495953      106.8499
BFGS:   10 20:51:11     -938.900665       99.4871
BFGS:   11 20:51:11     -948.727119       98.2429
BFGS:   12 20:51:11     -959.448729       92.4545
BFGS:   13 20:51:11     -969.544538       90.1916
BFGS:   14 20:51:11     -978.287062       84.5346
BFGS:   15 20:51:11     -986.618009       77.6341
BFGS:   16 20:51:11     -992.604193       73.6661
BFGS:   17 20:51:11     -997.516037       68.1500
BFGS:   18 20:51:11    -1001.763751       64.6736
BFGS:   19 20:51:11    -1005.813202       62.2467
BFGS:   20 20:51:11    -1009.697214       58.4130
BFGS:   21 20:51:11    -1013.200296       54.6933
BFGS:   22 20:51:11    -1016.235846       51.8639
BFGS:   23 20:51:11    -1019.623499       48.7527
BFGS:   24 20:51:11    -1022.580584       44.7421
BFGS:   25 20:51:11    -1025.629062       42.3341
BFGS:   26 20:51:11    -1028.638919       39.8195
BFGS:   27 20:51:11    -1031.496808       36.5116
BFGS:   28 20:51:11    -1034.205498       34.7258
BFGS:   29 20:51:12    -1036.775473       32.8519
BFGS:   30 20:51:12    -1039.125548       31.1716
BFGS:   31 20:51:12    -1041.263001       28.8071
BFGS:   32 20:51:12    -1043.087729       26.3714
BFGS:   33 20:51:12    -1044.624394       24.3795
BFGS:   34 20:51:12    -1046.015392       22.1295
BFGS:   35 20:51:12    -1047.309680       20.5062
BFGS:   36 20:51:12    -1048.623644       19.2176
BFGS:   37 20:51:12    -1049.794265       17.1319
BFGS:   38 20:51:12    -1050.880599       15.6580
BFGS:   39 20:51:12    -1051.953042       14.5839
BFGS:   40 20:51:12    -1052.870518       13.1004
BFGS:   41 20:51:12    -1053.802170       12.1422
BFGS:   42 20:51:12    -1054.623161       11.1268
BFGS:   43 20:51:12    -1055.372475       10.3432
BFGS:   44 20:51:12    -1056.078375        9.8899
BFGS:   45 20:51:12    -1056.773145       10.1509
BFGS:   46 20:51:12    -1057.469014       10.3550
BFGS:   47 20:51:12    -1058.177103       10.4823
BFGS:   48 20:51:12    -1058.849742       10.6337
BFGS:   49 20:51:12    -1059.641214       11.2973
BFGS:   50 20:51:12    -1060.492492       12.6996
BFGS:   51 20:51:12    -1061.357649       14.1248
BFGS:   52 20:51:12    -1062.248322       15.6986
BFGS:   53 20:51:12    -1063.121341       17.5579
BFGS:   54 20:51:12    -1064.146998       18.8619
BFGS:   55 20:51:12    -1065.134870       20.5593
BFGS:   56 20:51:12    -1066.117506       21.6981
BFGS:   57 20:51:12    -1067.010081       22.8224
BFGS:   58 20:51:12    -1067.845192       23.6952
BFGS:   59 20:51:12    -1068.599635       24.4016
BFGS:   60 20:51:13    -1069.335380       24.7609
BFGS:   61 20:51:13    -1070.079259       24.9245
BFGS:   62 20:51:13    -1070.835949       24.7618
BFGS:   63 20:51:13    -1071.631917       24.2343
BFGS:   64 20:51:13    -1072.533744       23.1460
BFGS:   65 20:51:13    -1073.433367       21.6358
BFGS:   66 20:51:13    -1074.289809       20.9777
BFGS:   67 20:51:13    -1075.062672       20.4720
BFGS:   68 20:51:13    -1075.880739       22.6670
BFGS:   69 20:51:13    -1076.720582       23.6799
BFGS:   70 20:51:13    -1077.588764       23.2641
BFGS:   71 20:51:13    -1078.429858       21.1477
BFGS:   72 20:51:13    -1079.262254       18.7981
BFGS:   73 20:51:13    -1080.101503       16.3416
BFGS:   74 20:51:13    -1080.962279       15.8008
BFGS:   75 20:51:13    -1081.764835       15.5121
BFGS:   76 20:51:13    -1082.472764       15.1754
BFGS:   77 20:51:13    -1083.136638       14.8919
BFGS:   78 20:51:13    -1083.816032       14.7311
BFGS:   79 20:51:13    -1084.488581       14.7291
BFGS:   80 20:51:13    -1085.462746       14.6809
BFGS:   81 20:51:13    -1086.748202       15.6766
BFGS:   82 20:51:13    -1087.763629       16.6481
BFGS:   83 20:51:13    -1088.613140       14.8970
BFGS:   84 20:51:13    -1089.280100       12.1099
BFGS:   85 20:51:13    -1089.856499        9.0900
BFGS:   86 20:51:13    -1090.305961        8.4141
BFGS:   87 20:51:13    -1090.647182        8.0022
BFGS:   88 20:51:13    -1090.904967        7.2784
BFGS:   89 20:51:13    -1091.130297        6.2511
BFGS:   90 20:51:13    -1091.396029        6.7004
BFGS:   91 20:51:13    -1091.615687        7.5765
BFGS:   92 20:51:13    -1091.812467        7.7865
BFGS:   93 20:51:13    -1091.998156        7.7736
BFGS:   94 20:51:14    -1092.188851        7.7019
BFGS:   95 20:51:14    -1092.374483        7.6437
BFGS:   96 20:51:14    -1092.569182        7.0927
BFGS:   97 20:51:14    -1092.732065        6.9299
BFGS:   98 20:51:14    -1092.913800        6.5229
BFGS:   99 20:51:14    -1093.102252        7.4557
BFGS:  100 20:51:14    -1093.292776        8.3292
BFGS:  101 20:51:14    -1093.481797        9.1158
BFGS:  102 20:51:14    -1093.697021        9.8103
BFGS:  103 20:51:14    -1093.953967       10.2699
BFGS:  104 20:51:14    -1094.237859       10.3257
BFGS:  105 20:51:14    -1094.549572        9.2748
BFGS:  106 20:51:14    -1094.788104        7.9239
BFGS:  107 20:51:14    -1095.023070        5.0286
BFGS:  108 20:51:14    -1095.118296        4.3320
BFGS:  109 20:51:14    -1095.186238        3.8261
BFGS:  110 20:51:14    -1095.277266        4.0656
BFGS:  111 20:51:14    -1095.332143        4.1647
BFGS:  112 20:51:14    -1095.416807        4.6083
BFGS:  113 20:51:14    -1095.518917        4.8426
BFGS:  114 20:51:14    -1095.616647        4.7103
BFGS:  115 20:51:14    -1095.707138        4.1534
BFGS:  116 20:51:14    -1095.799319        3.0156
BFGS:  117 20:51:14    -1095.855438        2.5649
BFGS:  118 20:51:14    -1095.909302        2.5262
BFGS:  119 20:51:14    -1095.959624        2.4540
BFGS:  120 20:51:14    -1096.007034        2.4293
BFGS:  121 20:51:14    -1096.044411        2.2466
BFGS:  122 20:51:14    -1096.076125        2.1485
BFGS:  123 20:51:14    -1096.114582        2.0218
BFGS:  124 20:51:14    -1096.156871        2.1378
BFGS:  125 20:51:14    -1096.201514        2.4195
BFGS:  126 20:51:14    -1096.244639        2.6782
BFGS:  127 20:51:14    -1096.296517        2.9797
BFGS:  128 20:51:15    -1096.339346        3.5123
BFGS:  129 20:51:15    -1096.400131        3.7006
BFGS:  130 20:51:15    -1096.465463        4.0007
BFGS:  131 20:51:15    -1096.559333        3.6716
BFGS:  132 20:51:15    -1096.638145        3.6835
BFGS:  133 20:51:15    -1096.725894        4.4262
BFGS:  134 20:51:15    -1096.875135        4.5440
BFGS:  135 20:51:15    -1097.042788        4.5556
BFGS:  136 20:51:15    -1097.232720        4.4197
BFGS:  137 20:51:15    -1097.334354        4.6643
BFGS:  138 20:51:15    -1097.505626        5.1800
BFGS:  139 20:51:15    -1097.643727        7.6014
BFGS:  140 20:51:15    -1097.804867        8.4795
BFGS:  141 20:51:15    -1097.961609        8.5716
BFGS:  142 20:51:15    -1098.108215        8.2092
BFGS:  143 20:51:15    -1098.259475        7.7196
BFGS:  144 20:51:15    -1098.443306        7.7499
BFGS:  145 20:51:15    -1098.647810        8.0382
BFGS:  146 20:51:15    -1098.853933        7.6323
BFGS:  147 20:51:15    -1099.018361        7.4645
BFGS:  148 20:51:15    -1099.207831        7.1510
BFGS:  149 20:51:15    -1099.349294        7.2331
BFGS:  150 20:51:15    -1099.478026        7.4220
BFGS:  151 20:51:15    -1099.584916        6.9788
BFGS:  152 20:51:15    -1099.665093        6.7386
BFGS:  153 20:51:15    -1099.763585        6.0699
BFGS:  154 20:51:15    -1099.879416        5.1736
BFGS:  155 20:51:15    -1100.002062        5.3083
BFGS:  156 20:51:15    -1100.130482        5.6325
BFGS:  157 20:51:15    -1100.265370        6.3935
BFGS:  158 20:51:15    -1100.384391        6.7254
BFGS:  159 20:51:15    -1100.565606        7.3504
BFGS:  160 20:51:15    -1100.696871        6.9125
BFGS:  161 20:51:15    -1100.854118        7.0045
BFGS:  162 20:51:15    -1100.987804        5.5391
BFGS:  163 20:51:16    -1101.125874        5.2139
BFGS:  164 20:51:16    -1101.231060        4.6315
BFGS:  165 20:51:16    -1101.306612        5.3088
BFGS:  166 20:51:16    -1101.364040        4.3798
BFGS:  167 20:51:16    -1101.416741        4.6471
BFGS:  168 20:51:16    -1101.447472        5.5998
BFGS:  169 20:51:16    -1101.471782        5.7232
BFGS:  170 20:51:16    -1101.504134        5.6529
BFGS:  171 20:51:16    -1101.570926        5.4768
BFGS:  172 20:51:16    -1101.630678        5.2877
BFGS:  173 20:51:16    -1101.692656        5.4129
BFGS:  174 20:51:16    -1101.759109        4.7451
BFGS:  175 20:51:16    -1101.805575        6.2213
BFGS:  176 20:51:16    -1101.892858        4.6892
BFGS:  177 20:51:16    -1101.993535        4.2310
BFGS:  178 20:51:16    -1102.155606        4.7691
BFGS:  179 20:51:16    -1102.302349        5.1273
BFGS:  180 20:51:16    -1102.449000        5.9917
BFGS:  181 20:51:16    -1102.617092        5.5317
BFGS:  182 20:51:16    -1102.756091        4.9820
BFGS:  183 20:51:16    -1102.822068        4.7791
BFGS:  184 20:51:16    -1102.895871        4.2649
BFGS:  185 20:51:16    -1102.963468        4.8779
BFGS:  186 20:51:16    -1103.017646        5.1762
BFGS:  187 20:51:16    -1103.118076        5.0018
BFGS:  188 20:51:16    -1103.252795        3.9064
BFGS:  189 20:51:16    -1103.355177        3.2163
BFGS:  190 20:51:16    -1103.431307        2.7159
BFGS:  191 20:51:16    -1103.473319        2.5601
BFGS:  192 20:51:16    -1103.486494        2.5117
BFGS:  193 20:51:16    -1103.493375        2.4832
BFGS:  194 20:51:16    -1103.498791        2.3888
BFGS:  195 20:51:16    -1103.503766        2.3978
BFGS:  196 20:51:16    -1103.508510        2.4236
BFGS:  197 20:51:16    -1103.511600        2.4716
BFGS:  198 20:51:16    -1103.513381        2.5968
BFGS:  199 20:51:17    -1103.514725        2.6318
BFGS:  200 20:51:17    -1103.516925        2.7168
BFGS:  201 20:51:17    -1103.519404        2.7488
BFGS:  202 20:51:17    -1103.523489        2.7307
BFGS:  203 20:51:17    -1103.528612        2.5950
BFGS:  204 20:51:17    -1103.533646        2.3972
BFGS:  205 20:51:17    -1103.536623        2.2349
BFGS:  206 20:51:17    -1103.537854        2.1736
BFGS:  207 20:51:17    -1103.538359        2.1323
BFGS:  208 20:51:17    -1103.538702        2.1081
BFGS:  209 20:51:17    -1103.538923        2.0771
BFGS:  210 20:51:17    -1103.539079        2.0588
BFGS:  211 20:51:17    -1103.539167        2.0462
BFGS:  212 20:51:17    -1103.539227        2.0434
BFGS:  213 20:51:17    -1103.539267        2.0429
BFGS:  214 20:51:17    -1103.539297        2.0451
BFGS:  215 20:51:17    -1103.539315        2.0460
BFGS:  216 20:51:17    -1103.539328        2.0456
BFGS:  217 20:51:17    -1103.539335        2.0433
BFGS:  218 20:51:17    -1103.539340        2.0388
BFGS:  219 20:51:17    -1103.539343        2.0343
BFGS:  220 20:51:17    -1103.539345        2.0308
BFGS:  221 20:51:17    -1103.539346        2.0297
BFGS:  222 20:51:17    -1103.539347        2.0301
BFGS:  223 20:51:17    -1103.539347        2.0312
BFGS:  224 20:51:17    -1103.539347        2.0326
