      Step     Time          Energy         fmax
BFGS:    0 20:46:27     -803.665574      181.4815
BFGS:    1 20:46:27     -845.960005      164.2343
BFGS:    2 20:46:27     -868.850335      166.7076
BFGS:    3 20:46:27     -886.274659      161.8406
BFGS:    4 20:46:27     -902.867686      145.1034
BFGS:    5 20:46:27     -919.199634      146.4684
BFGS:    6 20:46:27     -933.042091      126.0746
BFGS:    7 20:46:27     -945.609946      114.4433
BFGS:    8 20:46:27     -956.695761      107.8852
BFGS:    9 20:46:27     -965.729586       98.5120
BFGS:   10 20:46:27     -973.036433       90.1899
BFGS:   11 20:46:27     -979.074338       83.8470
BFGS:   12 20:46:27     -983.958341       78.0812
BFGS:   13 20:46:27     -989.505667       70.0600
BFGS:   14 20:46:27     -993.195590       66.0345
BFGS:   15 20:46:27     -996.570937       61.9318
BFGS:   16 20:46:27     -999.990206       58.1784
BFGS:   17 20:46:27    -1004.140538       52.0452
BFGS:   18 20:46:27    -1007.922116       48.6679
BFGS:   19 20:46:27    -1011.248137       45.4877
BFGS:   20 20:46:28    -1014.049317       41.9033
BFGS:   21 20:46:28    -1016.359140       40.9719
BFGS:   22 20:46:28    -1018.163517       37.7580
BFGS:   23 20:46:28    -1019.620155       37.1372
BFGS:   24 20:46:28    -1020.957141       36.0227
BFGS:   25 20:46:28    -1022.265324       35.0725
BFGS:   26 20:46:28    -1023.580331       34.2607
BFGS:   27 20:46:28    -1024.933954       33.2934
BFGS:   28 20:46:28    -1026.323369       32.1425
BFGS:   29 20:46:28    -1027.688556       31.0868
BFGS:   30 20:46:28    -1028.915800       29.5755
BFGS:   31 20:46:28    -1030.108488       27.4324
BFGS:   32 20:46:28    -1031.293710       25.9236
BFGS:   33 20:46:28    -1032.616361       23.5846
BFGS:   34 20:46:28    -1034.019088       18.5603
BFGS:   35 20:46:28    -1035.521478       14.8892
BFGS:   36 20:46:28    -1036.858795       15.3739
BFGS:   37 20:46:28    -1037.967565       14.8309
BFGS:   38 20:46:28    -1038.992360       17.0689
BFGS:   39 20:46:28    -1039.953316       16.6828
BFGS:   40 20:46:28    -1040.859998       17.1994
BFGS:   41 20:46:28    -1041.724433       18.0300
BFGS:   42 20:46:28    -1042.567579       18.8542
BFGS:   43 20:46:29    -1043.464581       19.8783
BFGS:   44 20:46:29    -1044.442341       21.0637
BFGS:   45 20:46:29    -1045.489747       23.1258
BFGS:   46 20:46:29    -1047.224573       22.8725
BFGS:   47 20:46:29    -1048.848694       26.3334
BFGS:   48 20:46:29    -1051.537339       27.0553
BFGS:   49 20:46:29    -1053.684001       26.3136
BFGS:   50 20:46:29    -1055.450975       25.2094
BFGS:   51 20:46:29    -1057.170157       22.5686
BFGS:   52 20:46:29    -1058.604712       20.0223
BFGS:   53 20:46:29    -1059.801453       19.1336
BFGS:   54 20:46:29    -1060.953198       19.8387
BFGS:   55 20:46:29    -1062.009043       20.1088
BFGS:   56 20:46:29    -1062.969074       20.0817
BFGS:   57 20:46:29    -1063.871732       18.9695
BFGS:   58 20:46:29    -1064.787983       18.3407
BFGS:   59 20:46:29    -1065.662113       16.6479
BFGS:   60 20:46:29    -1066.480773       14.6748
BFGS:   61 20:46:29    -1067.206580       13.5939
BFGS:   62 20:46:29    -1067.828152       11.0607
BFGS:   63 20:46:29    -1068.413021        8.9913
BFGS:   64 20:46:29    -1069.095080        8.7567
BFGS:   65 20:46:29    -1069.772604        9.2204
BFGS:   66 20:46:29    -1070.377012        9.9647
BFGS:   67 20:46:29    -1070.969643       10.0710
BFGS:   68 20:46:29    -1071.519524        9.7206
BFGS:   69 20:46:30    -1072.096551        8.9581
BFGS:   70 20:46:30    -1072.677021        8.9498
BFGS:   71 20:46:30    -1073.316975       10.7910
BFGS:   72 20:46:30    -1073.982706       12.4374
BFGS:   73 20:46:30    -1074.611672       14.0180
BFGS:   74 20:46:30    -1075.167371       14.9523
BFGS:   75 20:46:30    -1075.874248       13.7196
BFGS:   76 20:46:30    -1076.655187       12.4135
BFGS:   77 20:46:30    -1077.524058       10.1571
BFGS:   78 20:46:30    -1078.287062       10.6152
BFGS:   79 20:46:30    -1078.929923       11.1790
BFGS:   80 20:46:30    -1079.520491       11.4800
BFGS:   81 20:46:30    -1080.090835       11.4462
BFGS:   82 20:46:30    -1080.681278       11.0121
BFGS:   83 20:46:30    -1081.305357       10.1480
BFGS:   84 20:46:30    -1081.997918        8.9345
BFGS:   85 20:46:30    -1082.630218        7.8592
BFGS:   86 20:46:30    -1083.249898        7.4098
BFGS:   87 20:46:30    -1083.731339        7.0861
BFGS:   88 20:46:30    -1084.076943        6.8767
BFGS:   89 20:46:30    -1084.400320        5.5853
BFGS:   90 20:46:30    -1084.676494        4.2557
BFGS:   91 20:46:30    -1084.787956        3.0311
BFGS:   92 20:46:30    -1084.854909        3.5846
BFGS:   93 20:46:30    -1084.921858        3.3971
BFGS:   94 20:46:30    -1085.030874        3.3574
BFGS:   95 20:46:30    -1085.107800        3.2735
BFGS:   96 20:46:30    -1085.183002        3.1175
BFGS:   97 20:46:30    -1085.255922        3.0760
BFGS:   98 20:46:31    -1085.302359        3.1134
BFGS:   99 20:46:31    -1085.331496        3.3005
BFGS:  100 20:46:31    -1085.369834        3.4609
BFGS:  101 20:46:31    -1085.411836        3.7031
BFGS:  102 20:46:31    -1085.468632        4.0456
BFGS:  103 20:46:31    -1085.541276        4.6364
BFGS:  104 20:46:31    -1085.637724        5.4494
BFGS:  105 20:46:31    -1085.734961        5.7587
BFGS:  106 20:46:31    -1085.831008        6.0249
BFGS:  107 20:46:31    -1085.946335        5.4243
BFGS:  108 20:46:31    -1086.053565        5.2682
BFGS:  109 20:46:31    -1086.218157        4.0172
BFGS:  110 20:46:31    -1086.357267        3.0905
BFGS:  111 20:46:31    -1086.455805        2.3264
BFGS:  112 20:46:31    -1086.514514        1.9503
BFGS:  113 20:46:31    -1086.581077        2.0346
BFGS:  114 20:46:31    -1086.672624        1.8235
BFGS:  115 20:46:31    -1086.715472        2.2534
BFGS:  116 20:46:31    -1086.763742        1.8105
BFGS:  117 20:46:31    -1086.810365        1.6762
BFGS:  118 20:46:31    -1086.851125        1.7040
BFGS:  119 20:46:31    -1086.879080        2.1143
BFGS:  120 20:46:31    -1086.913418        2.7250
BFGS:  121 20:46:31    -1086.962986        3.1579
BFGS:  122 20:46:31    -1087.010153        3.5799
BFGS:  123 20:46:31    -1087.058232        3.9387
BFGS:  124 20:46:31    -1087.123622        4.3099
BFGS:  125 20:46:31    -1087.183293        4.0594
BFGS:  126 20:46:32    -1087.254442        4.4859
BFGS:  127 20:46:32    -1087.355080        5.5492
BFGS:  128 20:46:32    -1087.453582        6.2052
BFGS:  129 20:46:32    -1087.629257        6.3640
BFGS:  130 20:46:32    -1087.885716        6.5573
BFGS:  131 20:46:32    -1088.118778        5.1492
BFGS:  132 20:46:32    -1088.302174        4.4733
BFGS:  133 20:46:32    -1088.476088        4.1820
BFGS:  134 20:46:32    -1088.589505        4.0076
BFGS:  135 20:46:32    -1088.749594        4.3092
BFGS:  136 20:46:32    -1088.898091        4.2574
BFGS:  137 20:46:32    -1088.991514        4.0364
BFGS:  138 20:46:32    -1089.116244        3.1915
BFGS:  139 20:46:32    -1089.282006        2.6962
BFGS:  140 20:46:32    -1089.443190        3.3312
BFGS:  141 20:46:32    -1089.552882        4.0544
BFGS:  142 20:46:32    -1089.669027        3.5477
BFGS:  143 20:46:32    -1089.769881        3.0232
BFGS:  144 20:46:32    -1089.846366        2.4464
BFGS:  145 20:46:32    -1089.896079        1.8687
BFGS:  146 20:46:32    -1089.939479        1.6852
BFGS:  147 20:46:32    -1089.963471        1.8736
BFGS:  148 20:46:32    -1089.982514        1.9123
BFGS:  149 20:46:32    -1089.992825        1.9781
BFGS:  150 20:46:32    -1090.007759        2.1719
BFGS:  151 20:46:32    -1090.024366        2.4400
BFGS:  152 20:46:32    -1090.050386        2.8319
BFGS:  153 20:46:32    -1090.069118        2.8625
BFGS:  154 20:46:33    -1090.086311        2.5016
BFGS:  155 20:46:33    -1090.094208        2.2877
BFGS:  156 20:46:33    -1090.102753        2.0702
BFGS:  157 20:46:33    -1090.109847        2.0276
BFGS:  158 20:46:33    -1090.115894        1.9764
BFGS:  159 20:46:33    -1090.120289        2.0655
BFGS:  160 20:46:33    -1090.123688        1.9512
BFGS:  161 20:46:33    -1090.126628        1.8769
BFGS:  162 20:46:33    -1090.129436        1.6942
BFGS:  163 20:46:33    -1090.132091        1.5374
BFGS:  164 20:46:33    -1090.135129        1.4844
BFGS:  165 20:46:33    -1090.138584        1.4059
BFGS:  166 20:46:33    -1090.142288        1.3410
BFGS:  167 20:46:33    -1090.146404        1.4114
BFGS:  168 20:46:33    -1090.156021        1.4546
BFGS:  169 20:46:33    -1090.193010        1.9190
BFGS:  170 20:46:33    -1090.247214        2.9658
BFGS:  171 20:46:33    -1090.335445        3.7886
BFGS:  172 20:46:33    -1090.417368        4.4126
BFGS:  173 20:46:33    -1090.488244        4.6697
BFGS:  174 20:46:33    -1090.556027        4.6931
BFGS:  175 20:46:33    -1090.631584        4.5072
BFGS:  176 20:46:33    -1090.733063        4.3223
BFGS:  177 20:46:33    -1090.860088        4.7381
BFGS:  178 20:46:33    -1091.008839        4.6298
BFGS:  179 20:46:33    -1091.155411        4.5236
BFGS:  180 20:46:33    -1091.304697        3.8186
BFGS:  181 20:46:33    -1091.440699        3.4535
BFGS:  182 20:46:33    -1091.567027        3.2907
BFGS:  183 20:46:34    -1091.681975        3.1290
BFGS:  184 20:46:34    -1091.776628        2.4306
BFGS:  185 20:46:34    -1091.831875        1.9094
BFGS:  186 20:46:34    -1091.878893        2.4016
BFGS:  187 20:46:34    -1091.903752        1.2545
BFGS:  188 20:46:34    -1091.919317        1.1474
BFGS:  189 20:46:34    -1091.928203        1.4248
BFGS:  190 20:46:34    -1091.934968        0.8914
BFGS:  191 20:46:34    -1091.940371        1.0141
BFGS:  192 20:46:34    -1091.942030        1.1829
BFGS:  193 20:46:34    -1091.944213        1.0485
BFGS:  194 20:46:34    -1091.946378        0.9904
BFGS:  195 20:46:34    -1091.948611        0.8508
BFGS:  196 20:46:34    -1091.949536        1.2831
BFGS:  197 20:46:34    -1091.951396        1.2437
BFGS:  198 20:46:34    -1091.952980        0.7517
BFGS:  199 20:46:34    -1091.954092        0.7046
BFGS:  200 20:46:34    -1091.956251        0.6701
BFGS:  201 20:46:34    -1091.957177        0.7101
BFGS:  202 20:46:34    -1091.958420        0.7464
BFGS:  203 20:46:34    -1091.959363        0.8143
BFGS:  204 20:46:34    -1091.960799        0.8565
BFGS:  205 20:46:34    -1091.962172        0.9116
BFGS:  206 20:46:34    -1091.962025        1.0160
BFGS:  207 20:46:34    -1091.964757        0.9634
BFGS:  208 20:46:34    -1091.966429        1.0054
BFGS:  209 20:46:34    -1091.968260        1.1428
BFGS:  210 20:46:34    -1091.970726        1.2779
BFGS:  211 20:46:34    -1091.972326        1.3655
BFGS:  212 20:46:35    -1091.973671        1.3454
BFGS:  213 20:46:35    -1091.974825        1.2666
BFGS:  214 20:46:35    -1091.975658        1.1961
BFGS:  215 20:46:35    -1091.976721        1.1066
BFGS:  216 20:46:35    -1091.976834        1.8634
BFGS:  217 20:46:35    -1091.979084        1.7937
BFGS:  218 20:46:35    -1091.997741        1.2726
BFGS:  219 20:46:35    -1092.019352        2.0311
BFGS:  220 20:46:35    -1092.031235        2.5578
BFGS:  221 20:46:35    -1092.069365        2.2883
BFGS:  222 20:46:35    -1092.123536        2.7433
BFGS:  223 20:46:35    -1092.152257        2.7462
BFGS:  224 20:46:35    -1092.175850        2.5871
BFGS:  225 20:46:35    -1092.195977        2.0399
BFGS:  226 20:46:35    -1092.209865        1.9379
BFGS:  227 20:46:35    -1092.215921        1.6600
BFGS:  228 20:46:35    -1092.227629        1.7822
BFGS:  229 20:46:35    -1092.239690        2.4291
BFGS:  230 20:46:35    -1092.260357        2.6039
BFGS:  231 20:46:35    -1092.290011        2.9378
BFGS:  232 20:46:35    -1092.305251        2.4801
BFGS:  233 20:46:35    -1092.320153        1.6236
BFGS:  234 20:46:35    -1092.328578        1.6674
BFGS:  235 20:46:35    -1092.335254        2.1775
BFGS:  236 20:46:35    -1092.338302        1.5711
BFGS:  237 20:46:35    -1092.343429        1.4810
BFGS:  238 20:46:35    -1092.346719        1.8527
BFGS:  239 20:46:35    -1092.349298        1.7943
BFGS:  240 20:46:35    -1092.354382        1.5726
BFGS:  241 20:46:36    -1092.357475        1.3631
BFGS:  242 20:46:36    -1092.394371        3.2387
BFGS:  243 20:46:36    -1092.278055        5.5576
BFGS:  244 20:46:36    -1092.647944        4.0971
BFGS:  245 20:46:36    -1092.794139        4.4759
BFGS:  246 20:46:36    -1092.959853        6.5960
BFGS:  247 20:46:36    -1093.070718        5.1623
BFGS:  248 20:46:36    -1093.226227        3.1904
BFGS:  249 20:46:36    -1093.286955        2.6787
BFGS:  250 20:46:36    -1093.292070        6.0376
BFGS:  251 20:46:36    -1093.390911        3.4368
BFGS:  252 20:46:36    -1093.513819        4.1217
BFGS:  253 20:46:36    -1093.571680        5.1696
BFGS:  254 20:46:36    -1093.748314        4.7005
BFGS:  255 20:46:36    -1093.831747        4.4217
BFGS:  256 20:46:36    -1093.919759        3.7038
BFGS:  257 20:46:36    -1094.085315        4.6033
BFGS:  258 20:46:36    -1094.225098        5.1223
BFGS:  259 20:46:36    -1094.353264        5.5649
BFGS:  260 20:46:36    -1094.466138        5.5134
BFGS:  261 20:46:36    -1094.524388        5.1336
BFGS:  262 20:46:36    -1094.571118        4.5723
BFGS:  263 20:46:36    -1094.622581        3.8888
BFGS:  264 20:46:36    -1094.662943        3.9687
BFGS:  265 20:46:36    -1094.687140        3.9271
BFGS:  266 20:46:36    -1094.701107        3.8081
BFGS:  267 20:46:36    -1094.713979        3.4997
BFGS:  268 20:46:36    -1094.724190        3.5617
BFGS:  269 20:46:36    -1094.731451        3.5947
BFGS:  270 20:46:37    -1094.737654        3.8202
BFGS:  271 20:46:37    -1094.738119        4.1377
BFGS:  272 20:46:37    -1094.744875        4.0989
BFGS:  273 20:46:37    -1094.747850        4.0807
BFGS:  274 20:46:37    -1094.749434        4.0926
BFGS:  275 20:46:37    -1094.751792        4.1568
BFGS:  276 20:46:37    -1094.752025        4.2472
BFGS:  277 20:46:37    -1094.753422        4.2290
BFGS:  278 20:46:37    -1094.754166        4.2198
BFGS:  279 20:46:37    -1094.755727        4.2395
BFGS:  280 20:46:37    -1094.756112        4.2600
BFGS:  281 20:46:37    -1094.757260        4.3436
BFGS:  282 20:46:37    -1094.757460        4.3242
BFGS:  283 20:46:37    -1094.757331        4.2672
BFGS:  284 20:46:37    -1094.757576        4.2873
BFGS:  285 20:46:37    -1094.757577        4.2871
BFGS:  286 20:46:37    -1094.757571        4.2828
BFGS:  287 20:46:37    -1094.757588        4.2601
BFGS:  288 20:46:37    -1094.757601        4.2741
BFGS:  289 20:46:37    -1094.757603        4.2755
BFGS:  290 20:46:37    -1094.757615        4.2729
BFGS:  291 20:46:37    -1094.757618        4.2730
BFGS:  292 20:46:37    -1094.757613        4.2732
BFGS:  293 20:46:37    -1094.757599        4.2723
BFGS:  294 20:46:37    -1094.757617        4.2724
BFGS:  295 20:46:37    -1094.757619        4.2720
BFGS:  296 20:46:37    -1094.757596        4.2711
BFGS:  297 20:46:37    -1094.757621        4.2718
