      Step     Time          Energy         fmax
BFGS:    0 20:41:55     -810.999310       35.3950
BFGS:    1 20:41:55     -819.947581       44.6680
BFGS:    2 20:41:55     -826.329231       41.1470
BFGS:    3 20:41:55     -832.306689       40.1287
BFGS:    4 20:41:55     -838.428980       38.3798
BFGS:    5 20:41:55     -844.438493       38.8370
BFGS:    6 20:41:55     -849.808738       44.0807
BFGS:    7 20:41:55     -856.085872       46.8626
BFGS:    8 20:41:55     -861.515962       49.2301
BFGS:    9 20:41:55     -866.754100       52.0953
BFGS:   10 20:41:55     -871.928338       54.3609
BFGS:   11 20:41:55     -878.513818       56.7918
BFGS:   12 20:41:55     -884.372924       56.5471
BFGS:   13 20:41:55     -889.849722       52.6708
BFGS:   14 20:41:56     -895.635145       49.0744
BFGS:   15 20:41:56     -900.616050       49.3972
BFGS:   16 20:41:56     -905.280067       49.9987
BFGS:   17 20:41:56     -909.713969       49.9517
BFGS:   18 20:41:56     -913.635171       52.4204
BFGS:   19 20:41:56     -917.570052       60.9712
BFGS:   20 20:41:56     -921.355491       68.3827
BFGS:   21 20:41:56     -924.964733       70.9252
BFGS:   22 20:41:56     -928.428448       74.9441
BFGS:   23 20:41:56     -931.763961       74.8574
BFGS:   24 20:41:56     -935.112915       74.4773
BFGS:   25 20:41:56     -938.453898       73.4206
BFGS:   26 20:41:56     -941.771129       72.2662
BFGS:   27 20:41:56     -945.070885       70.6698
BFGS:   28 20:41:56     -948.352616       68.8368
BFGS:   29 20:41:56     -951.406370       67.0228
BFGS:   30 20:41:56     -954.281367       65.2886
BFGS:   31 20:41:56     -957.036545       63.7464
BFGS:   32 20:41:56     -959.773794       62.1577
BFGS:   33 20:41:56     -962.629334       60.4146
BFGS:   34 20:41:56     -965.856490       58.2715
BFGS:   35 20:41:56     -969.750702       57.4950
BFGS:   36 20:41:56     -973.895819       58.1137
BFGS:   37 20:41:56     -977.968675       58.7153
BFGS:   38 20:41:56     -982.010719       59.2469
BFGS:   39 20:41:56     -985.268630       59.6511
BFGS:   40 20:41:56     -988.475566       60.0032
BFGS:   41 20:41:56     -991.650732       60.2520
BFGS:   42 20:41:56     -994.854210       60.2887
BFGS:   43 20:41:56     -998.012161       60.0998
BFGS:   44 20:41:56    -1001.146261       59.5269
BFGS:   45 20:41:56    -1004.150697       58.5719
BFGS:   46 20:41:56    -1007.046241       57.2484
BFGS:   47 20:41:56    -1009.781941       55.7018
BFGS:   48 20:41:56    -1012.372814       54.6965
BFGS:   49 20:41:57    -1014.829624       53.5272
BFGS:   50 20:41:57    -1017.147843       53.1035
BFGS:   51 20:41:57    -1019.360164       52.1116
BFGS:   52 20:41:57    -1021.457263       51.3261
BFGS:   53 20:41:57    -1023.480376       50.2790
BFGS:   54 20:41:57    -1025.421447       49.0235
BFGS:   55 20:41:57    -1027.334508       47.8815
BFGS:   56 20:41:57    -1029.233707       46.6209
BFGS:   57 20:41:57    -1031.131149       45.2532
BFGS:   58 20:41:57    -1033.051427       43.7599
BFGS:   59 20:41:57    -1034.974454       42.0435
BFGS:   60 20:41:57    -1036.909546       40.2041
BFGS:   61 20:41:57    -1038.823271       40.9651
BFGS:   62 20:41:57    -1040.717264       42.5396
BFGS:   63 20:41:57    -1042.604748       43.8723
BFGS:   64 20:41:57    -1044.500596       45.0389
BFGS:   65 20:41:57    -1046.442471       45.5077
BFGS:   66 20:41:57    -1048.405727       45.1758
BFGS:   67 20:41:57    -1050.422979       42.9607
BFGS:   68 20:41:57    -1052.279313       39.6654
BFGS:   69 20:41:57    -1053.820098       35.0096
BFGS:   70 20:41:57    -1055.079954       31.2088
BFGS:   71 20:41:57    -1056.110768       28.7776
BFGS:   72 20:41:57    -1057.079190       28.4212
BFGS:   73 20:41:57    -1058.008659       27.4733
BFGS:   74 20:41:57    -1058.846625       26.7427
BFGS:   75 20:41:57    -1059.673498       25.3420
BFGS:   76 20:41:57    -1060.489239       24.6216
BFGS:   77 20:41:57    -1061.356659       23.2021
BFGS:   78 20:41:57    -1062.288832       22.2531
BFGS:   79 20:41:57    -1063.147226       21.2481
BFGS:   80 20:41:57    -1064.114157       20.2847
BFGS:   81 20:41:57    -1065.059698       19.6007
BFGS:   82 20:41:57    -1065.967125       18.9075
BFGS:   83 20:41:57    -1066.808870       18.1618
BFGS:   84 20:41:57    -1067.603538       17.2974
BFGS:   85 20:41:57    -1068.373829       17.3179
BFGS:   86 20:41:57    -1069.149464       17.7352
BFGS:   87 20:41:57    -1069.965886       18.1055
BFGS:   88 20:41:57    -1070.839729       18.5065
BFGS:   89 20:41:57    -1071.763477       19.0689
BFGS:   90 20:41:58    -1072.694829       19.8925
BFGS:   91 20:41:58    -1073.606379       20.8777
BFGS:   92 20:41:58    -1074.479731       21.8128
BFGS:   93 20:41:58    -1075.316209       22.7595
BFGS:   94 20:41:58    -1076.329079       23.8843
BFGS:   95 20:41:58    -1077.511637       24.5224
BFGS:   96 20:41:58    -1078.621052       25.5622
BFGS:   97 20:41:58    -1079.619452       26.5325
BFGS:   98 20:41:58    -1080.575513       27.2178
BFGS:   99 20:41:58    -1081.514278       27.4573
BFGS:  100 20:41:58    -1082.409823       27.3211
BFGS:  101 20:41:58    -1083.092401       26.9039
BFGS:  102 20:41:58    -1083.672509       26.5283
BFGS:  103 20:41:58    -1084.243549       25.9417
BFGS:  104 20:41:58    -1084.766820       25.2986
BFGS:  105 20:41:58    -1085.158156       24.9001
BFGS:  106 20:41:58    -1085.507686       24.4222
BFGS:  107 20:41:58    -1085.765131       23.8274
BFGS:  108 20:41:58    -1086.004607       23.4884
BFGS:  109 20:41:58    -1086.241905       23.5107
BFGS:  110 20:41:58    -1086.470751       23.8537
BFGS:  111 20:41:58    -1086.697497       25.2056
BFGS:  112 20:41:58    -1086.856348       26.7561
BFGS:  113 20:41:58    -1087.031878       28.4623
BFGS:  114 20:41:58    -1087.228293       29.4834
BFGS:  115 20:41:58    -1087.391464       29.1145
BFGS:  116 20:41:58    -1087.584445       27.9827
BFGS:  117 20:41:58    -1087.855757       25.4344
BFGS:  118 20:41:58    -1088.209890       21.8342
BFGS:  119 20:41:58    -1088.533878       18.3515
BFGS:  120 20:41:58    -1088.766459       16.2956
BFGS:  121 20:41:58    -1088.977734       14.4842
BFGS:  122 20:41:58    -1089.150549       13.3999
BFGS:  123 20:41:58    -1089.327244       12.4020
BFGS:  124 20:41:58    -1089.519498       11.8023
BFGS:  125 20:41:58    -1089.722517       11.3383
BFGS:  126 20:41:58    -1089.958748       11.2691
BFGS:  127 20:41:58    -1090.222772       12.1213
BFGS:  128 20:41:58    -1090.581328       13.9291
BFGS:  129 20:41:58    -1091.034955       15.3086
BFGS:  130 20:41:58    -1091.504666       14.9837
BFGS:  131 20:41:58    -1091.944066       14.3193
BFGS:  132 20:41:59    -1092.307459       13.3092
BFGS:  133 20:41:59    -1092.504490       12.2379
BFGS:  134 20:41:59    -1092.773144       10.8566
BFGS:  135 20:41:59    -1092.986907        9.7390
BFGS:  136 20:41:59    -1093.200132        9.4702
BFGS:  137 20:41:59    -1093.393276        9.7041
BFGS:  138 20:41:59    -1093.545176       10.3926
BFGS:  139 20:41:59    -1093.695582       11.1405
BFGS:  140 20:41:59    -1093.874109       11.1597
BFGS:  141 20:41:59    -1094.060007       11.0274
BFGS:  142 20:41:59    -1094.237434       10.5419
BFGS:  143 20:41:59    -1094.394092       10.4110
BFGS:  144 20:41:59    -1094.567887        9.2005
BFGS:  145 20:41:59    -1094.633034        9.0072
BFGS:  146 20:41:59    -1094.699363        8.5783
BFGS:  147 20:41:59    -1094.753254        8.5033
BFGS:  148 20:41:59    -1094.800791        8.3564
BFGS:  149 20:41:59    -1094.869064        8.4800
BFGS:  150 20:41:59    -1094.943169        8.5909
BFGS:  151 20:41:59    -1095.003373        8.3618
BFGS:  152 20:41:59    -1095.049511        7.9766
BFGS:  153 20:41:59    -1095.093986        7.3440
BFGS:  154 20:41:59    -1095.133560        7.3380
BFGS:  155 20:41:59    -1095.169240        7.3870
BFGS:  156 20:41:59    -1095.203771        7.2387
BFGS:  157 20:41:59    -1095.250410        6.8920
BFGS:  158 20:41:59    -1095.294308        6.5535
BFGS:  159 20:41:59    -1095.330617        6.7842
BFGS:  160 20:41:59    -1095.357204        6.6889
BFGS:  161 20:41:59    -1095.376982        6.5860
BFGS:  162 20:41:59    -1095.396129        6.7559
BFGS:  163 20:41:59    -1095.418968        6.8299
BFGS:  164 20:41:59    -1095.441867        6.8025
BFGS:  165 20:41:59    -1095.461115        6.6298
BFGS:  166 20:41:59    -1095.476238        6.4725
BFGS:  167 20:41:59    -1095.488258        6.3184
BFGS:  168 20:41:59    -1095.496808        6.3005
BFGS:  169 20:41:59    -1095.505899        6.3015
BFGS:  170 20:41:59    -1095.514007        6.4145
BFGS:  171 20:41:59    -1095.522701        6.5361
BFGS:  172 20:41:59    -1095.531175        6.6967
BFGS:  173 20:42:00    -1095.540556        6.8025
BFGS:  174 20:42:00    -1095.547926        6.8847
BFGS:  175 20:42:00    -1095.555732        6.8874
BFGS:  176 20:42:00    -1095.563446        6.9255
BFGS:  177 20:42:00    -1095.578997        6.9462
BFGS:  178 20:42:00    -1095.600798        6.9903
BFGS:  179 20:42:00    -1095.620727        6.9738
BFGS:  180 20:42:00    -1095.640108        6.9349
BFGS:  181 20:42:00    -1095.659518        6.8850
BFGS:  182 20:42:00    -1095.674921        6.8567
BFGS:  183 20:42:00    -1095.682107        6.8229
BFGS:  184 20:42:00    -1095.690429        6.8068
BFGS:  185 20:42:00    -1095.698054        6.8115
BFGS:  186 20:42:00    -1095.708517        6.8571
BFGS:  187 20:42:00    -1095.716168        6.8890
BFGS:  188 20:42:00    -1095.722084        6.9728
BFGS:  189 20:42:00    -1095.726892        7.0564
BFGS:  190 20:42:00    -1095.733207        7.1944
BFGS:  191 20:42:00    -1095.740708        7.2988
BFGS:  192 20:42:00    -1095.747218        7.2992
BFGS:  193 20:42:00    -1095.755708        7.1671
BFGS:  194 20:42:00    -1095.764124        7.0021
BFGS:  195 20:42:00    -1095.771410        7.0036
BFGS:  196 20:42:00    -1095.776563        7.1402
BFGS:  197 20:42:00    -1095.779303        7.3682
BFGS:  198 20:42:00    -1095.781097        7.5569
BFGS:  199 20:42:00    -1095.782306        7.6476
BFGS:  200 20:42:00    -1095.783222        7.6822
BFGS:  201 20:42:00    -1095.783764        7.6804
BFGS:  202 20:42:00    -1095.784206        7.6425
BFGS:  203 20:42:00    -1095.784460        7.6202
BFGS:  204 20:42:00    -1095.784680        7.5681
BFGS:  205 20:42:00    -1095.784770        7.5680
BFGS:  206 20:42:00    -1095.784939        7.5421
BFGS:  207 20:42:00    -1095.785017        7.5405
BFGS:  208 20:42:00    -1095.785197        7.5395
BFGS:  209 20:42:00    -1095.785359        7.5369
BFGS:  210 20:42:00    -1095.785633        7.5326
BFGS:  211 20:42:00    -1095.786110        7.5230
BFGS:  212 20:42:00    -1095.787280        7.5040
BFGS:  213 20:42:00    -1095.790155        7.4642
BFGS:  214 20:42:00    -1095.797597        7.3789
BFGS:  215 20:42:01    -1095.816534        7.1910
BFGS:  216 20:42:01    -1095.864082        6.7710
BFGS:  217 20:42:01    -1095.976186        6.3972
BFGS:  218 20:42:01    -1096.196577        5.9169
BFGS:  219 20:42:01    -1096.446564        5.1598
BFGS:  220 20:42:01    -1096.659337        4.6663
BFGS:  221 20:42:01    -1096.863130        4.1663
BFGS:  222 20:42:01    -1097.078545        3.2954
BFGS:  223 20:42:01    -1097.283546        2.6377
BFGS:  224 20:42:01    -1097.455868        3.3489
BFGS:  225 20:42:01    -1097.567462        4.4207
BFGS:  226 20:42:01    -1097.653171        5.1051
BFGS:  227 20:42:01    -1097.713224        5.6964
BFGS:  228 20:42:01    -1097.774863        6.4251
BFGS:  229 20:42:01    -1097.835882        5.8354
BFGS:  230 20:42:01    -1097.989795        4.6514
BFGS:  231 20:42:01    -1098.122067        4.9661
BFGS:  232 20:42:01    -1098.267019        5.7029
BFGS:  233 20:42:01    -1098.415360        5.9429
BFGS:  234 20:42:01    -1098.554855        6.0878
BFGS:  235 20:42:01    -1098.669697        6.1397
BFGS:  236 20:42:01    -1098.782522        6.1220
BFGS:  237 20:42:01    -1098.887366        6.0460
BFGS:  238 20:42:01    -1098.986287        5.8597
BFGS:  239 20:42:01    -1099.075024        5.6806
BFGS:  240 20:42:01    -1099.162375        5.5138
BFGS:  241 20:42:01    -1099.246293        5.4025
BFGS:  242 20:42:01    -1099.341478        5.2634
BFGS:  243 20:42:01    -1099.430330        5.3195
BFGS:  244 20:42:01    -1099.547054        5.2907
BFGS:  245 20:42:01    -1099.618477        5.2353
BFGS:  246 20:42:01    -1099.743982        4.9708
BFGS:  247 20:42:01    -1099.814246        4.8444
BFGS:  248 20:42:01    -1099.907936        4.9082
BFGS:  249 20:42:01    -1099.966382        4.9376
BFGS:  250 20:42:01    -1100.020542        5.2304
BFGS:  251 20:42:01    -1100.052714        5.0107
BFGS:  252 20:42:01    -1100.097254        5.0748
BFGS:  253 20:42:01    -1100.183671        4.9253
BFGS:  254 20:42:01    -1100.385206        5.2293
BFGS:  255 20:42:01    -1100.768524        7.3970
BFGS:  256 20:42:01    -1101.177823        7.2474
BFGS:  257 20:42:02    -1101.546240        4.6445
BFGS:  258 20:42:02    -1101.760109        2.9128
BFGS:  259 20:42:02    -1101.832924        2.8542
BFGS:  260 20:42:02    -1101.874989        3.3485
BFGS:  261 20:42:02    -1101.890299        3.2697
BFGS:  262 20:42:02    -1101.910149        3.2714
BFGS:  263 20:42:02    -1101.928413        2.8797
BFGS:  264 20:42:02    -1101.942664        2.5045
BFGS:  265 20:42:02    -1101.956546        2.2192
BFGS:  266 20:42:02    -1101.966568        2.3063
BFGS:  267 20:42:02    -1101.971327        2.4672
BFGS:  268 20:42:02    -1101.975281        2.6906
BFGS:  269 20:42:02    -1101.978827        2.7600
BFGS:  270 20:42:02    -1101.981723        2.6836
BFGS:  271 20:42:02    -1101.983621        2.4911
BFGS:  272 20:42:02    -1101.984715        2.3632
BFGS:  273 20:42:02    -1101.985543        2.3884
BFGS:  274 20:42:02    -1101.986289        2.4058
BFGS:  275 20:42:02    -1101.986993        2.3792
BFGS:  276 20:42:02    -1101.987602        2.4413
BFGS:  277 20:42:02    -1101.988051        2.5100
BFGS:  278 20:42:02    -1101.988455        2.5202
BFGS:  279 20:42:02    -1101.988919        2.5150
BFGS:  280 20:42:02    -1101.989681        2.4751
BFGS:  281 20:42:02    -1101.990967        2.4101
BFGS:  282 20:42:02    -1101.993348        2.3097
BFGS:  283 20:42:02    -1101.997463        2.1732
BFGS:  284 20:42:02    -1102.003638        2.1153
BFGS:  285 20:42:02    -1102.011903        2.0874
BFGS:  286 20:42:02    -1102.019493        2.0854
BFGS:  287 20:42:02    -1102.024477        2.1771
BFGS:  288 20:42:02    -1102.027719        2.2551
BFGS:  289 20:42:02    -1102.030025        2.2840
BFGS:  290 20:42:02    -1102.031550        2.2893
BFGS:  291 20:42:02    -1102.032598        2.2760
BFGS:  292 20:42:02    -1102.033237        2.2646
BFGS:  293 20:42:02    -1102.033638        2.2537
BFGS:  294 20:42:02    -1102.033836        2.2512
BFGS:  295 20:42:02    -1102.033964        2.2506
BFGS:  296 20:42:02    -1102.033983        2.2527
BFGS:  297 20:42:02    -1102.034010        2.2577
BFGS:  298 20:42:02    -1102.034016        2.2586
BFGS:  299 20:42:03    -1102.034064        2.2620
BFGS:  300 20:42:03    -1102.034171        2.2662
BFGS:  301 20:42:03    -1102.034426        2.2707
BFGS:  302 20:42:03    -1102.035091        2.2735
BFGS:  303 20:42:03    -1102.036785        2.2664
BFGS:  304 20:42:03    -1102.041080        2.2249
BFGS:  305 20:42:03    -1102.051434        2.0892
BFGS:  306 20:42:03    -1102.073621        1.7498
BFGS:  307 20:42:03    -1102.109959        1.1446
BFGS:  308 20:42:03    -1102.146268        0.7798
BFGS:  309 20:42:03    -1102.163294        0.3378
BFGS:  310 20:42:03    -1102.166136        0.2940
BFGS:  311 20:42:03    -1102.166452        0.3093
BFGS:  312 20:42:03    -1102.166657        0.3187
BFGS:  313 20:42:03    -1102.166969        0.3308
BFGS:  314 20:42:03    -1102.167818        0.3590
BFGS:  315 20:42:03    -1102.184552        1.0792
BFGS:  316 20:42:03    -1102.266637        2.7465
BFGS:  317 20:42:03    -1102.442231        4.3289
BFGS:  318 20:42:03    -1102.727031        5.2638
BFGS:  319 20:42:03    -1102.933211        6.6761
BFGS:  320 20:42:03    -1103.113342        7.8083
BFGS:  321 20:42:03    -1103.297212        8.3933
BFGS:  322 20:42:03    -1103.487367        8.2638
BFGS:  323 20:42:03    -1103.692377        7.4921
BFGS:  324 20:42:03    -1103.906837        7.4514
BFGS:  325 20:42:03    -1104.166594        6.8819
BFGS:  326 20:42:03    -1104.458674        5.7081
BFGS:  327 20:42:03    -1104.578902        5.0714
BFGS:  328 20:42:03    -1104.668500        4.6261
BFGS:  329 20:42:03    -1104.734294        4.2379
BFGS:  330 20:42:03    -1104.793191        3.9906
BFGS:  331 20:42:03    -1104.841555        3.7157
BFGS:  332 20:42:03    -1104.882364        3.5237
BFGS:  333 20:42:03    -1104.915290        3.3766
BFGS:  334 20:42:03    -1104.937758        3.2046
BFGS:  335 20:42:03    -1104.957075        3.2036
BFGS:  336 20:42:03    -1104.969046        3.1008
BFGS:  337 20:42:03    -1104.977186        3.0388
BFGS:  338 20:42:03    -1104.982524        3.1557
BFGS:  339 20:42:03    -1104.990380        3.3309
BFGS:  340 20:42:03    -1105.001624        3.6538
BFGS:  341 20:42:04    -1105.072300        4.3135
BFGS:  342 20:42:04    -1105.232292        4.9737
BFGS:  343 20:42:04    -1105.468958        6.0602
BFGS:  344 20:42:04    -1105.767819        7.0638
BFGS:  345 20:42:04    -1106.135386        8.5001
BFGS:  346 20:42:04    -1106.602065       10.8162
BFGS:  347 20:42:04    -1107.180498       13.7470
BFGS:  348 20:42:04    -1107.846532       16.4977
BFGS:  349 20:42:04    -1108.346662       18.4598
BFGS:  350 20:42:04    -1109.009137       17.8198
BFGS:  351 20:42:04    -1109.644542       15.1019
BFGS:  352 20:42:04    -1110.200189       10.4649
BFGS:  353 20:42:04    -1110.619088        6.2744
BFGS:  354 20:42:04    -1110.752966        5.3896
BFGS:  355 20:42:04    -1110.818052        5.6651
BFGS:  356 20:42:04    -1110.846200        5.6854
BFGS:  357 20:42:04    -1110.861927        5.6714
BFGS:  358 20:42:04    -1110.881582        5.2033
BFGS:  359 20:42:04    -1110.899749        4.9005
BFGS:  360 20:42:04    -1110.943020        4.6477
BFGS:  361 20:42:04    -1111.008863        4.5933
BFGS:  362 20:42:04    -1111.077731        4.5491
BFGS:  363 20:42:04    -1111.151165        4.4849
BFGS:  364 20:42:04    -1111.227409        4.4142
BFGS:  365 20:42:04    -1111.305169        4.3338
BFGS:  366 20:42:04    -1111.383187        4.2455
BFGS:  367 20:42:04    -1111.460297        4.1493
BFGS:  368 20:42:04    -1111.535367        4.0463
BFGS:  369 20:42:04    -1111.607369        3.9371
BFGS:  370 20:42:04    -1111.675312        3.8223
BFGS:  371 20:42:04    -1111.738386        3.7021
BFGS:  372 20:42:04    -1111.795475        3.5777
BFGS:  373 20:42:04    -1111.845328        3.4512
BFGS:  374 20:42:04    -1111.887644        3.3228
BFGS:  375 20:42:04    -1111.922165        3.1927
BFGS:  376 20:42:04    -1111.948624        3.0625
BFGS:  377 20:42:04    -1111.966785        3.2430
BFGS:  378 20:42:04    -1111.976603        3.4503
BFGS:  379 20:42:04    -1111.978884        3.5641
BFGS:  380 20:42:04    -1111.979640        3.5974
BFGS:  381 20:42:04    -1111.981463        3.6871
BFGS:  382 20:42:04    -1111.982773        3.7365
BFGS:  383 20:42:04    -1111.984893        3.7748
BFGS:  384 20:42:04    -1111.986356        3.7903
BFGS:  385 20:42:05    -1111.987701        3.7651
BFGS:  386 20:42:05    -1111.989662        3.7422
BFGS:  387 20:42:05    -1111.996121        3.6838
BFGS:  388 20:42:05    -1112.014598        4.1277
BFGS:  389 20:42:05    -1112.028749        4.8995
BFGS:  390 20:42:05    -1112.067957        5.1893
BFGS:  391 20:42:05    -1112.151914        5.5304
BFGS:  392 20:42:05    -1112.206656        4.8558
BFGS:  393 20:42:05    -1112.291538        4.6633
BFGS:  394 20:42:05    -1112.378817        4.4637
BFGS:  395 20:42:05    -1112.466543        4.3506
BFGS:  396 20:42:05    -1112.557375        4.4352
BFGS:  397 20:42:05    -1112.651410        4.4825
BFGS:  398 20:42:05    -1112.759119        4.4995
BFGS:  399 20:42:05    -1112.881658        4.4574
BFGS:  400 20:42:05    -1113.031915        4.3343
BFGS:  401 20:42:05    -1113.199405        3.8238
BFGS:  402 20:42:05    -1113.357458        3.1779
BFGS:  403 20:42:05    -1113.488181        3.0822
BFGS:  404 20:42:05    -1113.581875        3.6239
BFGS:  405 20:42:05    -1113.681783        3.4617
BFGS:  406 20:42:05    -1113.752563        3.3204
BFGS:  407 20:42:05    -1113.813343        3.2757
BFGS:  408 20:42:05    -1113.889926        2.9508
BFGS:  409 20:42:05    -1113.966183        2.7564
BFGS:  410 20:42:05    -1114.005943        2.1137
BFGS:  411 20:42:05    -1114.027644        2.3401
BFGS:  412 20:42:05    -1114.033493        2.3988
BFGS:  413 20:42:05    -1114.036249        2.4211
BFGS:  414 20:42:05    -1114.037828        2.3620
BFGS:  415 20:42:05    -1114.038650        2.3250
BFGS:  416 20:42:05    -1114.039118        2.2763
BFGS:  417 20:42:05    -1114.039357        2.2550
BFGS:  418 20:42:05    -1114.039500        2.2429
BFGS:  419 20:42:05    -1114.039570        2.2483
BFGS:  420 20:42:05    -1114.039616        2.2607
BFGS:  421 20:42:05    -1114.039640        2.2728
BFGS:  422 20:42:05    -1114.039661        2.2861
BFGS:  423 20:42:05    -1114.039677        2.2932
BFGS:  424 20:42:05    -1114.039699        2.2979
BFGS:  425 20:42:05    -1114.039727        2.2996
BFGS:  426 20:42:05    -1114.039784        2.2991
BFGS:  427 20:42:05    -1114.039906        2.2972
BFGS:  428 20:42:05    -1114.040196        2.2932
BFGS:  429 20:42:05    -1114.040902        2.2868
BFGS:  430 20:42:06    -1114.042674        2.2759
BFGS:  431 20:42:06    -1114.045547        2.2641
BFGS:  432 20:42:06    -1114.048748        2.2534
BFGS:  433 20:42:06    -1114.052212        2.2427
BFGS:  434 20:42:06    -1114.055874        2.2316
BFGS:  435 20:42:06    -1114.059686        2.2200
BFGS:  436 20:42:06    -1114.063612        2.2080
BFGS:  437 20:42:06    -1114.067628        2.1956
BFGS:  438 20:42:06    -1114.071715        2.1828
BFGS:  439 20:42:06    -1114.075858        2.1698
BFGS:  440 20:42:06    -1114.080047        2.1565
BFGS:  441 20:42:06    -1114.084273        2.1430
BFGS:  442 20:42:06    -1114.088528        2.1293
BFGS:  443 20:42:06    -1114.092805        2.1154
BFGS:  444 20:42:06    -1114.097097        2.1014
BFGS:  445 20:42:06    -1114.101401        2.0872
BFGS:  446 20:42:06    -1114.105711        2.0729
BFGS:  447 20:42:06    -1114.110023        2.0585
BFGS:  448 20:42:06    -1114.114335        2.0439
BFGS:  449 20:42:06    -1114.118642        2.0292
BFGS:  450 20:42:06    -1114.122941        2.0144
BFGS:  451 20:42:06    -1114.127231        1.9995
BFGS:  452 20:42:06    -1114.131508        1.9846
BFGS:  453 20:42:06    -1114.135771        1.9695
BFGS:  454 20:42:06    -1114.140018        1.9543
BFGS:  455 20:42:06    -1114.144246        1.9391
BFGS:  456 20:42:06    -1114.148455        1.9238
BFGS:  457 20:42:06    -1114.152642        1.9084
BFGS:  458 20:42:06    -1114.156807        1.8929
BFGS:  459 20:42:06    -1114.160949        1.8773
BFGS:  460 20:42:06    -1114.165066        1.8624
BFGS:  461 20:42:06    -1114.169157        1.8476
BFGS:  462 20:42:06    -1114.173223        1.8327
BFGS:  463 20:42:06    -1114.177261        1.8177
BFGS:  464 20:42:06    -1114.181272        1.8025
BFGS:  465 20:42:06    -1114.185254        1.7873
BFGS:  466 20:42:06    -1114.189208        1.7720
BFGS:  467 20:42:06    -1114.193132        1.7565
BFGS:  468 20:42:06    -1114.197027        1.7410
BFGS:  469 20:42:06    -1114.200892        1.7254
BFGS:  470 20:42:06    -1114.204727        1.7097
BFGS:  471 20:42:06    -1114.208531        1.6940
BFGS:  472 20:42:06    -1114.212304        1.6781
BFGS:  473 20:42:06    -1114.216045        1.6622
BFGS:  474 20:42:06    -1114.219755        1.6463
BFGS:  475 20:42:07    -1114.223433        1.6302
BFGS:  476 20:42:07    -1114.227080        1.6141
BFGS:  477 20:42:07    -1114.230694        1.5980
BFGS:  478 20:42:07    -1114.234276        1.5817
BFGS:  479 20:42:07    -1114.237825        1.5654
BFGS:  480 20:42:07    -1114.241342        1.5491
BFGS:  481 20:42:07    -1114.244825        1.5327
BFGS:  482 20:42:07    -1114.248275        1.5162
BFGS:  483 20:42:07    -1114.251692        1.4997
BFGS:  484 20:42:07    -1114.255075        1.4832
BFGS:  485 20:42:07    -1114.258425        1.4665
BFGS:  486 20:42:07    -1114.261742        1.4499
BFGS:  487 20:42:07    -1114.265024        1.4332
BFGS:  488 20:42:07    -1114.268271        1.4164
BFGS:  489 20:42:07    -1114.271484        1.3996
BFGS:  490 20:42:07    -1114.274664        1.3827
BFGS:  491 20:42:07    -1114.277809        1.3658
BFGS:  492 20:42:07    -1114.280920        1.3489
BFGS:  493 20:42:07    -1114.283996        1.3319
BFGS:  494 20:42:07    -1114.287038        1.3148
BFGS:  495 20:42:07    -1114.290045        1.2977
BFGS:  496 20:42:07    -1114.293017        1.2804
BFGS:  497 20:42:07    -1114.295953        1.2630
BFGS:  498 20:42:07    -1114.298853        1.2455
BFGS:  499 20:42:07    -1114.301717        1.2280
