      Step     Time          Energy         fmax
BFGS:    0 20:48:32     -785.974800      184.8088
BFGS:    1 20:48:32     -821.754741      121.9623
BFGS:    2 20:48:32     -835.720754      115.5810
BFGS:    3 20:48:32     -848.703334      110.7713
BFGS:    4 20:48:32     -861.637290      113.1861
BFGS:    5 20:48:32     -874.972158      103.9808
BFGS:    6 20:48:32     -888.206052       96.8043
BFGS:    7 20:48:32     -899.761577       91.4961
BFGS:    8 20:48:32     -910.193493       86.8773
BFGS:    9 20:48:32     -918.403243       81.8586
BFGS:   10 20:48:32     -926.869323       86.0309
BFGS:   11 20:48:32     -935.158589       89.9503
BFGS:   12 20:48:32     -944.900722       98.9586
BFGS:   13 20:48:32     -954.654564      102.6249
BFGS:   14 20:48:32     -962.416143      105.0612
BFGS:   15 20:48:33     -970.577743      107.8193
BFGS:   16 20:48:33     -977.947389      106.0440
BFGS:   17 20:48:33     -984.810567      104.5012
BFGS:   18 20:48:33     -991.095292       96.3883
BFGS:   19 20:48:33     -997.239117       90.6987
BFGS:   20 20:48:33    -1002.725593       83.2647
BFGS:   21 20:48:33    -1007.846533       74.4327
BFGS:   22 20:48:33    -1011.710483       67.2225
BFGS:   23 20:48:33    -1014.990545       61.4650
BFGS:   24 20:48:33    -1018.292260       55.8323
BFGS:   25 20:48:33    -1022.144958       48.0026
BFGS:   26 20:48:33    -1025.725018       42.5194
BFGS:   27 20:48:33    -1029.315122       38.6057
BFGS:   28 20:48:33    -1032.798457       36.7712
BFGS:   29 20:48:33    -1036.206231       33.0945
BFGS:   30 20:48:33    -1039.554960       29.4689
BFGS:   31 20:48:33    -1042.687763       26.6983
BFGS:   32 20:48:33    -1045.963991       23.0878
BFGS:   33 20:48:33    -1048.732798       20.1126
BFGS:   34 20:48:33    -1051.174049       19.9744
BFGS:   35 20:48:33    -1053.197441       21.0673
BFGS:   36 20:48:33    -1054.922299       21.2920
BFGS:   37 20:48:33    -1056.356927       20.6369
BFGS:   38 20:48:33    -1057.757827       18.9664
BFGS:   39 20:48:33    -1059.095372       17.1079
BFGS:   40 20:48:33    -1060.531997       16.8712
BFGS:   41 20:48:33    -1061.888159       17.1541
BFGS:   42 20:48:34    -1063.096223       17.4694
BFGS:   43 20:48:34    -1063.966857       17.3589
BFGS:   44 20:48:34    -1064.745920       15.9882
BFGS:   45 20:48:34    -1065.392749       14.2250
BFGS:   46 20:48:34    -1066.098498       14.0381
BFGS:   47 20:48:34    -1066.685645       13.4710
BFGS:   48 20:48:34    -1067.321496       12.5732
BFGS:   49 20:48:34    -1068.076716       12.7154
BFGS:   50 20:48:34    -1068.710892       13.0289
BFGS:   51 20:48:34    -1069.341076       12.9606
BFGS:   52 20:48:34    -1070.017348       14.3253
BFGS:   53 20:48:34    -1070.600778       12.6300
BFGS:   54 20:48:34    -1071.214826       12.3136
BFGS:   55 20:48:34    -1071.680629       13.6846
BFGS:   56 20:48:34    -1072.141488       15.3374
BFGS:   57 20:48:34    -1072.548088       16.6398
BFGS:   58 20:48:34    -1073.041691       16.4627
BFGS:   59 20:48:34    -1073.480560       14.0351
BFGS:   60 20:48:34    -1074.121921       13.3950
BFGS:   61 20:48:34    -1074.667034       10.9482
BFGS:   62 20:48:34    -1075.239372       10.0554
BFGS:   63 20:48:34    -1075.586147        7.8458
BFGS:   64 20:48:34    -1075.893777        7.0372
BFGS:   65 20:48:34    -1076.202669        6.9766
BFGS:   66 20:48:34    -1076.424722        6.9134
BFGS:   67 20:48:34    -1076.699447        5.4508
BFGS:   68 20:48:34    -1076.857006        4.0752
BFGS:   69 20:48:34    -1076.968755        3.7273
BFGS:   70 20:48:34    -1077.032204        3.1509
BFGS:   71 20:48:35    -1077.061633        3.3147
BFGS:   72 20:48:35    -1077.096781        3.2617
BFGS:   73 20:48:35    -1077.128932        3.1090
BFGS:   74 20:48:35    -1077.150915        5.7160
BFGS:   75 20:48:35    -1077.183562        5.2491
BFGS:   76 20:48:35    -1077.210432        2.3498
BFGS:   77 20:48:35    -1077.254545        2.7450
BFGS:   78 20:48:35    -1077.353673        5.5270
BFGS:   79 20:48:35    -1077.427325        7.9018
BFGS:   80 20:48:35    -1077.557367        8.9919
BFGS:   81 20:48:35    -1077.640192        9.3122
BFGS:   82 20:48:35    -1077.727660        9.7244
BFGS:   83 20:48:35    -1077.926251        9.4744
BFGS:   84 20:48:35    -1078.102003        9.1923
BFGS:   85 20:48:35    -1078.254867        8.1313
BFGS:   86 20:48:35    -1078.384377        7.5189
BFGS:   87 20:48:35    -1078.513929        6.2196
BFGS:   88 20:48:35    -1078.623200        6.8155
BFGS:   89 20:48:35    -1078.705620        5.7915
BFGS:   90 20:48:35    -1078.773305        7.3286
BFGS:   91 20:48:35    -1078.840893        6.5447
BFGS:   92 20:48:35    -1078.916000        6.3636
BFGS:   93 20:48:35    -1078.984717        6.3860
BFGS:   94 20:48:35    -1079.078147        5.6387
BFGS:   95 20:48:35    -1079.201480        4.9571
BFGS:   96 20:48:35    -1079.349360        4.7391
BFGS:   97 20:48:35    -1079.463379        5.1931
BFGS:   98 20:48:35    -1079.547016        4.3929
BFGS:   99 20:48:35    -1079.608193        4.0197
BFGS:  100 20:48:36    -1079.650387        3.3502
BFGS:  101 20:48:36    -1079.671098        2.7991
BFGS:  102 20:48:36    -1079.681448        2.5222
BFGS:  103 20:48:36    -1079.692593        2.3700
BFGS:  104 20:48:36    -1079.697515        2.4523
BFGS:  105 20:48:36    -1079.701905        2.5655
BFGS:  106 20:48:36    -1079.705356        2.5724
BFGS:  107 20:48:36    -1079.708493        2.5493
BFGS:  108 20:48:36    -1079.711095        2.5389
BFGS:  109 20:48:36    -1079.713844        2.4708
BFGS:  110 20:48:36    -1079.716960        2.4245
BFGS:  111 20:48:36    -1079.720523        2.3047
BFGS:  112 20:48:36    -1079.723431        2.2441
BFGS:  113 20:48:36    -1079.725437        2.2040
BFGS:  114 20:48:36    -1079.727312        2.2301
BFGS:  115 20:48:36    -1079.729930        2.2877
BFGS:  116 20:48:36    -1079.734148        2.3342
BFGS:  117 20:48:36    -1079.741088        2.3252
BFGS:  118 20:48:36    -1079.752156        2.2586
BFGS:  119 20:48:36    -1079.768360        2.1010
BFGS:  120 20:48:36    -1079.788212        1.8916
BFGS:  121 20:48:36    -1079.806980        2.1168
BFGS:  122 20:48:36    -1079.821206        2.1896
BFGS:  123 20:48:36    -1079.831612        1.8542
BFGS:  124 20:48:36    -1079.824474        3.2491
BFGS:  125 20:48:36    -1079.836145        3.1731
BFGS:  126 20:48:36    -1079.815169        1.8729
BFGS:  127 20:48:36    -1079.832152        1.5736
BFGS:  128 20:48:36    -1079.825351        3.5558
BFGS:  129 20:48:37    -1079.839468        1.3810
BFGS:  130 20:48:37    -1079.841074        3.3073
BFGS:  131 20:48:37    -1079.841149        1.3362
BFGS:  132 20:48:37    -1079.841938        1.3010
BFGS:  133 20:48:37    -1079.837970        3.6811
BFGS:  134 20:48:37    -1079.842678        3.4667
BFGS:  135 20:48:37    -1079.832717        1.5698
BFGS:  136 20:48:37    -1079.840367        1.2621
BFGS:  137 20:48:37    -1079.837408        3.7288
BFGS:  138 20:48:37    -1079.843054        1.1441
BFGS:  139 20:48:37    -1079.843961        1.1009
BFGS:  140 20:48:37    -1079.833118        3.8225
BFGS:  141 20:48:37    -1079.842085        3.5572
BFGS:  142 20:48:37    -1079.817281        1.9973
BFGS:  143 20:48:37    -1079.836387        1.4235
BFGS:  144 20:48:37    -1079.831494        3.8812
BFGS:  145 20:48:37    -1079.841826        1.1468
BFGS:  146 20:48:37    -1079.843695        1.0707
BFGS:  147 20:48:37    -1079.825519        3.9878
BFGS:  148 20:48:37    -1079.842102        3.5812
BFGS:  149 20:48:37    -1079.797093        2.4335
BFGS:  150 20:48:37    -1079.830829        1.6268
BFGS:  151 20:48:37    -1079.822383        4.0750
BFGS:  152 20:48:37    -1079.840312        1.2165
BFGS:  153 20:48:37    -1079.843511        1.0459
BFGS:  154 20:48:37    -1079.815754        4.1709
BFGS:  155 20:48:37    -1079.841331        3.6124
BFGS:  156 20:48:37    -1079.774787        2.8076
BFGS:  157 20:48:37    -1079.824730        1.8199
BFGS:  158 20:48:38    -1079.810097        4.3111
BFGS:  159 20:48:38    -1079.838938        1.2738
BFGS:  160 20:48:38    -1079.843661        1.0221
BFGS:  161 20:48:38    -1079.804546        4.3606
BFGS:  162 20:48:38    -1079.839539        3.6559
BFGS:  163 20:48:38    -1079.752796        3.0877
BFGS:  164 20:48:38    -1079.818670        1.9881
BFGS:  165 20:48:38    -1079.794380        4.5903
BFGS:  166 20:48:38    -1079.837961        1.3131
BFGS:  167 20:48:38    -1079.844275        1.0010
BFGS:  168 20:48:38    -1079.792981        4.5397
BFGS:  169 20:48:38    -1079.836769        3.7103
BFGS:  170 20:48:38    -1079.733255        3.2670
BFGS:  171 20:48:38    -1079.813140        2.1224
BFGS:  172 20:48:38    -1079.775305        4.9038
BFGS:  173 20:48:38    -1079.837517        1.3333
BFGS:  174 20:48:38    -1079.844655        3.5512
BFGS:  175 20:48:38    -1079.840397        1.1982
BFGS:  176 20:48:38    -1079.842066        1.1195
BFGS:  177 20:48:38    -1079.773430        4.8323
BFGS:  178 20:48:38    -1079.837171        3.6845
BFGS:  179 20:48:38    -1079.710003        3.3559
BFGS:  180 20:48:38    -1079.804659        2.2813
BFGS:  181 20:48:38    -1079.731459        5.5591
BFGS:  182 20:48:38    -1079.838233        1.3205
BFGS:  183 20:48:38    -1079.837381        3.6689
BFGS:  184 20:48:38    -1079.842005        1.1478
BFGS:  185 20:48:38    -1079.844164        1.0496
BFGS:  186 20:48:38    -1079.758815        5.0171
BFGS:  187 20:48:38    -1079.831702        3.7673
BFGS:  188 20:48:39    -1079.696793        3.3176
BFGS:  189 20:48:39    -1079.799958        2.3308
BFGS:  190 20:48:39    -1079.686688        6.1283
BFGS:  191 20:48:39    -1079.839854        1.2806
BFGS:  192 20:48:39    -1079.829748        3.7747
BFGS:  193 20:48:39    -1079.844140        1.0897
BFGS:  194 20:48:39    -1079.845128        3.5102
BFGS:  195 20:48:39    -1079.844986        1.0510
BFGS:  196 20:48:39    -1079.845510        1.0276
BFGS:  197 20:48:39    -1079.757494        4.9888
BFGS:  198 20:48:39    -1079.829342        3.7821
BFGS:  199 20:48:39    -1079.719935        2.8776
BFGS:  200 20:48:39    -1079.803499        2.0694
BFGS:  201 20:48:39    -1079.678014        6.0629
BFGS:  202 20:48:39    -1079.842452        1.1883
BFGS:  203 20:48:39    -1079.824619        3.8221
BFGS:  204 20:48:39    -1079.845989        3.4641
BFGS:  205 20:48:39    -1079.683157        2.9410
BFGS:  206 20:48:39    -1079.791511        2.2709
BFGS:  207 20:48:39    -1079.702682        5.6458
BFGS:  208 20:48:39    -1079.838427        1.3448
BFGS:  209 20:48:39    -1079.831242        3.6847
BFGS:  210 20:48:39    -1079.843920        1.1545
BFGS:  211 20:48:39    -1079.846492        3.4465
BFGS:  212 20:48:39    -1079.845006        1.1113
BFGS:  213 20:48:39    -1079.845664        1.0839
BFGS:  214 20:48:39    -1079.756585        4.9834
BFGS:  215 20:48:39    -1079.830220        3.7499
BFGS:  216 20:48:39    -1079.726956        2.8598
BFGS:  217 20:48:40    -1079.805994        2.0467
BFGS:  218 20:48:40    -1079.675822        6.0851
BFGS:  219 20:48:40    -1079.843946        1.1694
BFGS:  220 20:48:40    -1079.823683        3.8345
BFGS:  221 20:48:40    -1079.844733        3.4732
BFGS:  222 20:48:40    -1079.690856        2.9225
BFGS:  223 20:48:40    -1079.793985        2.2303
BFGS:  224 20:48:40    -1079.700037        5.6676
BFGS:  225 20:48:40    -1079.840045        1.3161
BFGS:  226 20:48:40    -1079.829792        3.7038
BFGS:  227 20:48:40    -1079.845405        1.1364
BFGS:  228 20:48:40    -1079.844944        3.4614
BFGS:  229 20:48:40    -1079.846459        1.0961
BFGS:  230 20:48:40    -1079.847104        1.0692
BFGS:  231 20:48:40    -1079.752106        5.0629
BFGS:  232 20:48:40    -1079.828292        3.7821
BFGS:  233 20:48:40    -1079.726189        2.9428
BFGS:  234 20:48:40    -1079.806547        2.0804
BFGS:  235 20:48:40    -1079.676710        6.1296
BFGS:  236 20:48:40    -1079.844830        1.1622
BFGS:  237 20:48:40    -1079.823059        3.8593
BFGS:  238 20:48:40    -1079.844150        3.4829
BFGS:  239 20:48:40    -1079.693126        3.0040
BFGS:  240 20:48:40    -1079.794771        2.2540
BFGS:  241 20:48:40    -1079.700423        5.7276
BFGS:  242 20:48:40    -1079.840954        1.3031
BFGS:  243 20:48:40    -1079.829110        3.7317
BFGS:  244 20:48:40    -1079.846372        1.1222
BFGS:  245 20:48:40    -1079.844207        3.4777
BFGS:  246 20:48:41    -1079.847436        1.0827
BFGS:  247 20:48:41    -1079.847231        3.4334
BFGS:  248 20:48:41    -1079.847693        1.0702
BFGS:  249 20:48:41    -1079.847838        1.0622
BFGS:  250 20:48:41    -1079.804356        4.5248
BFGS:  251 20:48:41    -1079.838045        3.6917
BFGS:  252 20:48:41    -1079.794147        2.4636
BFGS:  253 20:48:41    -1079.830948        1.6393
BFGS:  254 20:48:41    -1079.769307        5.1998
BFGS:  255 20:48:41    -1079.847557        3.4798
BFGS:  256 20:48:41    -1079.779807        2.6515
BFGS:  257 20:48:41    -1079.822994        1.8149
BFGS:  258 20:48:41    -1079.738066        5.7040
BFGS:  259 20:48:41    -1079.847057        1.0382
BFGS:  260 20:48:41    -1079.830840        3.8974
BFGS:  261 20:48:41    -1079.844011        3.5745
BFGS:  262 20:48:41    -1079.753936        2.9333
BFGS:  263 20:48:41    -1079.815035        1.9700
BFGS:  264 20:48:41    -1079.679480        6.5125
BFGS:  265 20:48:41    -1079.847645        1.0167
BFGS:  266 20:48:41    -1079.823887        4.0201
BFGS:  267 20:48:41    -1079.841607        3.6216
BFGS:  268 20:48:41    -1079.738370        3.0336
BFGS:  269 20:48:41    -1079.810076        2.0487
BFGS:  270 20:48:41    -1079.667192        6.5864
BFGS:  271 20:48:41    -1079.847586        1.0349
BFGS:  272 20:48:41    -1079.821379        4.0343
BFGS:  273 20:48:41    -1079.841169        3.6160
BFGS:  274 20:48:41    -1079.724961        3.0807
BFGS:  275 20:48:42    -1079.805873        2.1086
BFGS:  276 20:48:42    -1079.677366        6.3534
BFGS:  277 20:48:42    -1079.846767        1.0819
BFGS:  278 20:48:42    -1079.821900        3.9903
BFGS:  279 20:48:42    -1079.842405        3.5763
BFGS:  280 20:48:42    -1079.713795        3.0926
BFGS:  281 20:48:42    -1079.802396        2.1536
BFGS:  282 20:48:42    -1079.685344        6.1640
BFGS:  283 20:48:42    -1079.846006        1.1229
BFGS:  284 20:48:42    -1079.822720        3.9460
BFGS:  285 20:48:42    -1079.843640        3.5393
BFGS:  286 20:48:42    -1079.705065        3.0863
BFGS:  287 20:48:42    -1079.799950        2.1818
BFGS:  288 20:48:42    -1079.690583        6.0240
BFGS:  289 20:48:42    -1079.845508        1.1524
BFGS:  290 20:48:42    -1079.823354        3.9096
BFGS:  291 20:48:42    -1079.844531        3.5110
BFGS:  292 20:48:42    -1079.698415        3.0721
BFGS:  293 20:48:42    -1079.798365        2.1981
BFGS:  294 20:48:42    -1079.693895        5.9205
BFGS:  295 20:48:42    -1079.845237        1.1727
BFGS:  296 20:48:42    -1079.823779        3.8807
BFGS:  297 20:48:42    -1079.845122        3.4898
BFGS:  298 20:48:42    -1079.693369        3.0560
BFGS:  299 20:48:42    -1079.797376        2.2073
BFGS:  300 20:48:42    -1079.695901        5.8428
BFGS:  301 20:48:42    -1079.845122        1.1871
BFGS:  302 20:48:42    -1079.824052        3.8576
BFGS:  303 20:48:42    -1079.845510        3.4736
BFGS:  304 20:48:43    -1079.689522        3.0405
BFGS:  305 20:48:43    -1079.796775        2.2124
BFGS:  306 20:48:43    -1079.697123        5.7825
BFGS:  307 20:48:43    -1079.845095        1.1977
BFGS:  308 20:48:43    -1079.824242        3.8387
BFGS:  309 20:48:43    -1079.845785        3.4607
BFGS:  310 20:48:43    -1079.686561        3.0268
BFGS:  311 20:48:43    -1079.796415        2.2155
BFGS:  312 20:48:43    -1079.697869        5.7343
BFGS:  313 20:48:43    -1079.845114        1.2062
BFGS:  314 20:48:43    -1079.824395        3.8227
BFGS:  315 20:48:43    -1079.846002        3.4498
BFGS:  316 20:48:43    -1079.684259        3.0152
BFGS:  317 20:48:43    -1079.796202        2.2174
BFGS:  318 20:48:43    -1079.698348        5.6947
BFGS:  319 20:48:43    -1079.845153        1.2134
BFGS:  320 20:48:43    -1079.824539        3.8089
BFGS:  321 20:48:43    -1079.846198        3.4403
BFGS:  322 20:48:43    -1079.682451        3.0058
BFGS:  323 20:48:43    -1079.796075        2.2190
BFGS:  324 20:48:43    -1079.698678        5.6616
BFGS:  325 20:48:43    -1079.845197        1.2199
BFGS:  326 20:48:43    -1079.824691        3.7967
BFGS:  327 20:48:43    -1079.846391        3.4317
BFGS:  328 20:48:43    -1079.681020        2.9983
BFGS:  329 20:48:43    -1079.795999        2.2206
BFGS:  330 20:48:43    -1079.698935        5.6332
BFGS:  331 20:48:43    -1079.845239        1.2259
BFGS:  332 20:48:43    -1079.824859        3.7858
BFGS:  333 20:48:43    -1079.846591        3.4237
BFGS:  334 20:48:44    -1079.679879        2.9927
BFGS:  335 20:48:44    -1079.795950        2.2224
BFGS:  336 20:48:44    -1079.699161        5.6086
BFGS:  337 20:48:44    -1079.845273        1.2317
BFGS:  338 20:48:44    -1079.825044        3.7758
BFGS:  339 20:48:44    -1079.846804        3.4162
BFGS:  340 20:48:44    -1079.678963        2.9886
BFGS:  341 20:48:44    -1079.795916        2.2244
BFGS:  342 20:48:44    -1079.699381        5.5870
BFGS:  343 20:48:44    -1079.845299        1.2374
BFGS:  344 20:48:44    -1079.825247        3.7666
BFGS:  345 20:48:44    -1079.847030        3.4090
BFGS:  346 20:48:44    -1079.678224        2.9859
BFGS:  347 20:48:44    -1079.795887        2.2268
BFGS:  348 20:48:44    -1079.699609        5.5679
BFGS:  349 20:48:44    -1079.845316        1.2430
BFGS:  350 20:48:44    -1079.825468        3.7580
BFGS:  351 20:48:44    -1079.847270        3.4020
BFGS:  352 20:48:44    -1079.677626        2.9844
BFGS:  353 20:48:44    -1079.795861        2.2295
BFGS:  354 20:48:44    -1079.699850        5.5507
BFGS:  355 20:48:44    -1079.845324        1.2486
BFGS:  356 20:48:44    -1079.825704        3.7499
BFGS:  357 20:48:44    -1079.847523        3.3953
BFGS:  358 20:48:44    -1079.677140        2.9840
BFGS:  359 20:48:44    -1079.795833        2.2325
BFGS:  360 20:48:44    -1079.700107        5.5352
BFGS:  361 20:48:44    -1079.845325        1.2541
BFGS:  362 20:48:44    -1079.825953        3.7423
BFGS:  363 20:48:45    -1079.847786        3.3887
BFGS:  364 20:48:45    -1079.676746        2.9844
BFGS:  365 20:48:45    -1079.795803        2.2357
BFGS:  366 20:48:45    -1079.700381        5.5211
BFGS:  367 20:48:45    -1079.845318        1.2596
BFGS:  368 20:48:45    -1079.826214        3.7350
BFGS:  369 20:48:45    -1079.848058        3.3823
BFGS:  370 20:48:45    -1079.676425        2.9855
BFGS:  371 20:48:45    -1079.795770        2.2392
BFGS:  372 20:48:45    -1079.700668        5.5083
BFGS:  373 20:48:45    -1079.845306        1.2651
BFGS:  374 20:48:45    -1079.826484        3.7280
BFGS:  375 20:48:45    -1079.848338        3.3760
BFGS:  376 20:48:45    -1079.676165        2.9873
BFGS:  377 20:48:45    -1079.795734        2.2430
BFGS:  378 20:48:45    -1079.700969        5.4965
BFGS:  379 20:48:45    -1079.845288        1.2706
BFGS:  380 20:48:45    -1079.826762        3.7213
BFGS:  381 20:48:45    -1079.848624        3.3698
BFGS:  382 20:48:45    -1079.675955        2.9896
BFGS:  383 20:48:45    -1079.795696        2.2469
BFGS:  384 20:48:45    -1079.701279        5.4856
BFGS:  385 20:48:45    -1079.845267        1.2761
BFGS:  386 20:48:45    -1079.827045        3.7148
BFGS:  387 20:48:45    -1079.848914        3.3638
BFGS:  388 20:48:45    -1079.675786        2.9923
BFGS:  389 20:48:45    -1079.795656        2.2509
BFGS:  390 20:48:45    -1079.701598        5.4755
BFGS:  391 20:48:45    -1079.845242        1.2815
BFGS:  392 20:48:46    -1079.827332        3.7086
BFGS:  393 20:48:46    -1079.849207        3.3578
BFGS:  394 20:48:46    -1079.675650        2.9955
BFGS:  395 20:48:46    -1079.795613        2.2551
BFGS:  396 20:48:46    -1079.701922        5.4661
BFGS:  397 20:48:46    -1079.845214        1.2868
BFGS:  398 20:48:46    -1079.827622        3.7025
BFGS:  399 20:48:46    -1079.849502        3.3520
BFGS:  400 20:48:46    -1079.675543        2.9990
BFGS:  401 20:48:46    -1079.795570        2.2594
BFGS:  402 20:48:46    -1079.702250        5.4573
BFGS:  403 20:48:46    -1079.845184        1.2922
BFGS:  404 20:48:46    -1079.827913        3.6966
BFGS:  405 20:48:46    -1079.849798        3.3462
BFGS:  406 20:48:46    -1079.675460        3.0027
BFGS:  407 20:48:46    -1079.795526        2.2638
BFGS:  408 20:48:46    -1079.702581        5.4491
BFGS:  409 20:48:46    -1079.845152        1.2974
BFGS:  410 20:48:46    -1079.828206        3.6909
BFGS:  411 20:48:46    -1079.850095        3.3406
BFGS:  412 20:48:46    -1079.675397        3.0066
BFGS:  413 20:48:46    -1079.795481        2.2682
BFGS:  414 20:48:46    -1079.702911        5.4414
BFGS:  415 20:48:46    -1079.845118        1.3026
BFGS:  416 20:48:46    -1079.828498        3.6853
BFGS:  417 20:48:46    -1079.850390        3.3349
BFGS:  418 20:48:46    -1079.675401        3.0106
BFGS:  419 20:48:46    -1079.795448        2.2725
BFGS:  420 20:48:46    -1079.703222        5.4343
BFGS:  421 20:48:47    -1079.845088        1.3077
BFGS:  422 20:48:47    -1079.828783        3.6800
BFGS:  423 20:48:47    -1079.850372        1.1439
BFGS:  424 20:48:47    -1079.844315        3.4373
BFGS:  425 20:48:47    -1079.848706        3.3682
BFGS:  426 20:48:47    -1079.672514        2.9734
BFGS:  427 20:48:47    -1079.796644        2.2428
BFGS:  428 20:48:47    -1079.699356        5.4231
BFGS:  429 20:48:47    -1079.845801        1.2890
BFGS:  430 20:48:47    -1079.828106        3.6819
BFGS:  431 20:48:47    -1079.850136        3.3409
BFGS:  432 20:48:47    -1079.672684        2.9898
BFGS:  433 20:48:47    -1079.796089        2.2597
BFGS:  434 20:48:47    -1079.701138        5.4030
BFGS:  435 20:48:47    -1079.845468        1.3062
BFGS:  436 20:48:47    -1079.828843        3.6672
BFGS:  437 20:48:47    -1079.850554        1.1486
BFGS:  438 20:48:47    -1079.844555        3.4289
BFGS:  439 20:48:47    -1079.848929        3.3620
BFGS:  440 20:48:47    -1079.671149        2.9560
BFGS:  441 20:48:47    -1079.797309        2.2333
BFGS:  442 20:48:47    -1079.697336        5.3943
BFGS:  443 20:48:47    -1079.846128        1.2906
BFGS:  444 20:48:47    -1079.828220        3.6677
BFGS:  445 20:48:47    -1079.850334        3.3335
BFGS:  446 20:48:47    -1079.671018        2.9791
BFGS:  447 20:48:47    -1079.796537        2.2566
BFGS:  448 20:48:47    -1079.699782        5.3723
BFGS:  449 20:48:47    -1079.845662        1.3128
BFGS:  450 20:48:47    -1079.829168        3.6500
BFGS:  451 20:48:48    -1079.850607        1.1593
BFGS:  452 20:48:48    -1079.845009        3.4154
BFGS:  453 20:48:48    -1079.849366        3.3501
BFGS:  454 20:48:48    -1079.673823        2.9380
BFGS:  455 20:48:48    -1079.798452        2.2206
BFGS:  456 20:48:48    -1079.704853        5.2635
BFGS:  457 20:48:48    -1079.845869        1.3097
BFGS:  458 20:48:48    -1079.830077        3.6300
BFGS:  459 20:48:48    -1079.850588        1.1639
BFGS:  460 20:48:48    -1079.845580        3.4064
BFGS:  461 20:48:48    -1079.849821        3.3444
BFGS:  462 20:48:48    -1079.677524        2.9052
BFGS:  463 20:48:48    -1079.799887        2.1941
BFGS:  464 20:48:48    -1079.716933        5.0837
BFGS:  465 20:48:48    -1079.845380        1.3282
BFGS:  466 20:48:48    -1079.832606        3.5873
BFGS:  467 20:48:48    -1079.849991        1.1886
BFGS:  468 20:48:48    -1079.847382        3.3780
BFGS:  469 20:48:48    -1079.850900        1.1574
BFGS:  470 20:48:48    -1079.850274        3.3431
BFGS:  471 20:48:48    -1079.851128        1.1464
BFGS:  472 20:48:48    -1079.850915        3.3427
BFGS:  473 20:48:48    -1079.851100        3.3451
BFGS:  474 20:48:48    -1079.832356        1.4621
BFGS:  475 20:48:48    -1079.846028        1.0933
BFGS:  476 20:48:48    -1079.847050        3.2798
BFGS:  477 20:48:48    -1079.849052        1.1271
BFGS:  478 20:48:48    -1079.850087        1.1421
BFGS:  479 20:48:48    -1079.843474        3.2705
BFGS:  480 20:48:49    -1079.850859        1.1452
BFGS:  481 20:48:49    -1079.850888        3.3320
BFGS:  482 20:48:49    -1079.851006        1.1404
BFGS:  483 20:48:49    -1079.851112        1.1354
BFGS:  484 20:48:49    -1079.790016        4.5362
BFGS:  485 20:48:49    -1079.839634        3.6193
BFGS:  486 20:48:49    -1079.768303        2.8921
BFGS:  487 20:48:49    -1079.822725        2.0103
BFGS:  488 20:48:49    -1079.734017        5.4460
BFGS:  489 20:48:49    -1079.847204        1.2673
BFGS:  490 20:48:49    -1079.839763        3.6620
BFGS:  491 20:48:49    -1079.850088        1.1481
BFGS:  492 20:48:49    -1079.850565        3.4300
BFGS:  493 20:48:49    -1079.850638        1.1230
BFGS:  494 20:48:49    -1079.851001        1.1049
BFGS:  495 20:48:49    -1079.773157        4.9224
BFGS:  496 20:48:49    -1079.837224        3.7159
BFGS:  497 20:48:49    -1079.748982        3.1997
BFGS:  498 20:48:49    -1079.814494        2.2191
BFGS:  499 20:48:49    -1079.674692        6.4700
