      Step     Time          Energy         fmax
BFGS:    0 20:49:24     -712.676982      351.6319
BFGS:    1 20:49:24     -762.110145      254.3746
BFGS:    2 20:49:25     -789.292579      264.0481
BFGS:    3 20:49:25     -811.793699      247.9618
BFGS:    4 20:49:25     -829.359814      220.2347
BFGS:    5 20:49:25     -844.887957      200.3653
BFGS:    6 20:49:25     -859.941035      186.0095
BFGS:    7 20:49:25     -874.800293      176.0424
BFGS:    8 20:49:25     -888.595306      163.7363
BFGS:    9 20:49:25     -901.871608      148.0104
BFGS:   10 20:49:25     -914.161034      134.1928
BFGS:   11 20:49:25     -926.992924      116.7213
BFGS:   12 20:49:25     -938.656494      100.5106
BFGS:   13 20:49:25     -950.658105       80.4536
BFGS:   14 20:49:25     -959.864169       67.6303
BFGS:   15 20:49:25     -967.939400       55.8036
BFGS:   16 20:49:25     -974.474392       46.8583
BFGS:   17 20:49:25     -980.043033       39.5688
BFGS:   18 20:49:25     -985.546669       36.2271
BFGS:   19 20:49:25     -989.326336       33.3632
BFGS:   20 20:49:25     -992.352929       32.3109
BFGS:   21 20:49:25     -995.361634       31.2284
BFGS:   22 20:49:25     -998.520818       30.1465
BFGS:   23 20:49:25    -1001.943102       28.4090
BFGS:   24 20:49:25    -1005.573083       27.9823
BFGS:   25 20:49:25    -1008.848733       27.8706
BFGS:   26 20:49:25    -1011.784322       27.9324
BFGS:   27 20:49:26    -1014.745303       27.7740
BFGS:   28 20:49:26    -1017.309388       27.7826
BFGS:   29 20:49:26    -1019.830057       27.8769
BFGS:   30 20:49:26    -1022.424889       28.1050
BFGS:   31 20:49:26    -1025.103615       28.2093
BFGS:   32 20:49:26    -1027.659985       27.8983
BFGS:   33 20:49:26    -1030.242237       26.0161
BFGS:   34 20:49:26    -1033.026422       24.3717
BFGS:   35 20:49:26    -1035.633345       18.9671
BFGS:   36 20:49:26    -1037.821274       18.2065
BFGS:   37 20:49:26    -1039.624442       17.7168
BFGS:   38 20:49:26    -1041.118364       16.7886
BFGS:   39 20:49:26    -1042.598919       15.0326
BFGS:   40 20:49:26    -1043.932094       15.0075
BFGS:   41 20:49:26    -1044.959739       16.7217
BFGS:   42 20:49:26    -1045.743771       15.7828
BFGS:   43 20:49:26    -1046.782778       14.2022
BFGS:   44 20:49:26    -1048.015974       13.1926
BFGS:   45 20:49:26    -1049.261603       15.1123
BFGS:   46 20:49:26    -1050.435977       18.2374
BFGS:   47 20:49:26    -1051.610635       23.6996
BFGS:   48 20:49:26    -1052.810852       27.5836
BFGS:   49 20:49:26    -1054.152854       28.1241
BFGS:   50 20:49:26    -1055.343834       26.1496
BFGS:   51 20:49:26    -1056.339750       25.8259
BFGS:   52 20:49:27    -1057.357694       26.1377
BFGS:   53 20:49:27    -1058.486924       24.6211
BFGS:   54 20:49:27    -1059.644536       23.3092
BFGS:   55 20:49:27    -1060.858653       20.0818
BFGS:   56 20:49:27    -1062.038987       17.8935
BFGS:   57 20:49:27    -1063.136213       17.6555
BFGS:   58 20:49:27    -1064.254451       18.0224
BFGS:   59 20:49:27    -1065.274314       18.1487
BFGS:   60 20:49:27    -1066.291047       18.7749
BFGS:   61 20:49:27    -1067.429051       18.1279
BFGS:   62 20:49:27    -1068.647432       18.3719
BFGS:   63 20:49:27    -1069.907690       18.3754
BFGS:   64 20:49:27    -1071.159841       17.7225
BFGS:   65 20:49:27    -1072.278354       18.4124
BFGS:   66 20:49:27    -1073.279891       17.4791
BFGS:   67 20:49:27    -1074.075393       18.0532
BFGS:   68 20:49:27    -1074.777656       18.2876
BFGS:   69 20:49:27    -1075.385399       18.1887
BFGS:   70 20:49:27    -1076.000053       17.8339
BFGS:   71 20:49:27    -1076.590859       16.6855
BFGS:   72 20:49:27    -1077.137750       15.5455
BFGS:   73 20:49:27    -1077.716601       13.9599
BFGS:   74 20:49:27    -1078.293793       13.5639
BFGS:   75 20:49:27    -1078.871206       14.6898
BFGS:   76 20:49:27    -1079.385272       15.5594
BFGS:   77 20:49:27    -1079.966230       15.5192
BFGS:   78 20:49:27    -1080.561749       15.2152
BFGS:   79 20:49:28    -1081.101598       14.5366
BFGS:   80 20:49:28    -1081.552690       13.6209
BFGS:   81 20:49:28    -1082.026993       12.8264
BFGS:   82 20:49:28    -1082.487982       12.3381
BFGS:   83 20:49:28    -1082.940121       11.6220
BFGS:   84 20:49:28    -1083.388423       11.5561
BFGS:   85 20:49:28    -1083.824917       11.9649
BFGS:   86 20:49:28    -1084.251324       14.0079
BFGS:   87 20:49:28    -1084.660754       16.2064
BFGS:   88 20:49:28    -1085.091538       17.7396
BFGS:   89 20:49:28    -1085.507225       18.1821
BFGS:   90 20:49:28    -1085.926725       17.6722
BFGS:   91 20:49:28    -1086.487557       16.2601
BFGS:   92 20:49:28    -1087.030946       15.7625
BFGS:   93 20:49:28    -1087.544406       15.9083
BFGS:   94 20:49:28    -1088.064691       15.0370
BFGS:   95 20:49:28    -1088.567788       15.0427
BFGS:   96 20:49:28    -1089.037957       12.9178
BFGS:   97 20:49:28    -1089.564856       11.4524
BFGS:   98 20:49:28    -1089.962469       10.3264
BFGS:   99 20:49:28    -1090.280792        9.6251
BFGS:  100 20:49:28    -1090.550942        8.8013
BFGS:  101 20:49:28    -1090.768717        7.6952
BFGS:  102 20:49:28    -1091.019532        6.4248
BFGS:  103 20:49:28    -1091.236176        5.5786
BFGS:  104 20:49:28    -1091.382705        5.8830
BFGS:  105 20:49:28    -1091.553323        6.1517
BFGS:  106 20:49:28    -1091.668094        6.3892
BFGS:  107 20:49:28    -1091.771392        6.1076
BFGS:  108 20:49:29    -1091.842340        5.7968
BFGS:  109 20:49:29    -1091.921756        4.6994
BFGS:  110 20:49:29    -1091.984034        3.9192
BFGS:  111 20:49:29    -1092.034743        3.2683
BFGS:  112 20:49:29    -1092.073898        3.3486
BFGS:  113 20:49:29    -1092.096246        3.0174
BFGS:  114 20:49:29    -1092.131451        3.0175
BFGS:  115 20:49:29    -1092.160666        2.7935
BFGS:  116 20:49:29    -1092.204758        3.2036
BFGS:  117 20:49:29    -1092.272112        3.3377
BFGS:  118 20:49:29    -1092.323494        3.5741
BFGS:  119 20:49:29    -1092.365504        3.6593
BFGS:  120 20:49:29    -1092.395661        3.7498
BFGS:  121 20:49:29    -1092.444161        3.5915
BFGS:  122 20:49:29    -1092.502414        3.7475
BFGS:  123 20:49:29    -1092.574455        3.8668
BFGS:  124 20:49:29    -1092.637442        4.0440
BFGS:  125 20:49:29    -1092.701856        4.1537
BFGS:  126 20:49:29    -1092.762751        4.2019
BFGS:  127 20:49:29    -1092.848856        4.2658
BFGS:  128 20:49:29    -1092.955350        4.6551
BFGS:  129 20:49:29    -1093.081297        4.9354
BFGS:  130 20:49:29    -1093.230680        4.9167
BFGS:  131 20:49:29    -1093.379380        4.5928
BFGS:  132 20:49:29    -1093.579755        4.0312
BFGS:  133 20:49:29    -1093.656010        4.0097
BFGS:  134 20:49:29    -1093.838378        3.7986
BFGS:  135 20:49:29    -1093.958997        3.5353
BFGS:  136 20:49:29    -1094.101419        3.4960
BFGS:  137 20:49:29    -1094.232626        3.7475
BFGS:  138 20:49:30    -1094.355435        3.8340
BFGS:  139 20:49:30    -1094.462644        3.3467
BFGS:  140 20:49:30    -1094.574792        3.3164
BFGS:  141 20:49:30    -1094.671869        3.9263
BFGS:  142 20:49:30    -1094.761425        3.0061
BFGS:  143 20:49:30    -1094.875926        2.9356
BFGS:  144 20:49:30    -1094.956691        2.8818
BFGS:  145 20:49:30    -1095.033783        2.7929
BFGS:  146 20:49:30    -1095.095504        3.4221
BFGS:  147 20:49:30    -1095.179928        4.6229
BFGS:  148 20:49:30    -1095.297062        4.2537
BFGS:  149 20:49:30    -1095.561304        5.1371
BFGS:  150 20:49:30    -1095.776428        5.7146
BFGS:  151 20:49:30    -1095.978559        6.0666
BFGS:  152 20:49:30    -1096.348850        6.6643
BFGS:  153 20:49:30    -1096.802238        8.1536
BFGS:  154 20:49:30    -1097.158898        6.7209
BFGS:  155 20:49:30    -1097.360065        6.0237
BFGS:  156 20:49:30    -1097.540375        5.1322
BFGS:  157 20:49:30    -1097.646511        5.2179
BFGS:  158 20:49:30    -1097.762796        4.7320
BFGS:  159 20:49:30    -1097.840424        4.0774
BFGS:  160 20:49:30    -1097.939067        4.0350
BFGS:  161 20:49:30    -1098.073837        4.3270
BFGS:  162 20:49:30    -1098.212522        4.6635
BFGS:  163 20:49:30    -1098.352643        5.4319
BFGS:  164 20:49:30    -1098.551942        5.4665
BFGS:  165 20:49:30    -1098.806916        4.4106
BFGS:  166 20:49:30    -1099.060180        4.6443
BFGS:  167 20:49:31    -1099.241827        3.7510
BFGS:  168 20:49:31    -1099.364951        3.9283
BFGS:  169 20:49:31    -1099.441982        4.6265
BFGS:  170 20:49:31    -1099.480534        4.6921
BFGS:  171 20:49:31    -1099.505586        4.7453
BFGS:  172 20:49:31    -1099.531209        4.2325
BFGS:  173 20:49:31    -1099.558655        3.7202
BFGS:  174 20:49:31    -1099.581810        3.1642
BFGS:  175 20:49:31    -1099.604040        2.9005
BFGS:  176 20:49:31    -1099.623826        2.8483
BFGS:  177 20:49:31    -1099.645881        2.9608
BFGS:  178 20:49:31    -1099.674824        3.0726
BFGS:  179 20:49:31    -1099.708335        3.0328
BFGS:  180 20:49:31    -1099.740073        2.8569
BFGS:  181 20:49:31    -1099.769974        3.0415
BFGS:  182 20:49:31    -1099.827344        3.7045
BFGS:  183 20:49:31    -1099.922206        3.4481
BFGS:  184 20:49:31    -1100.008750        3.2819
BFGS:  185 20:49:31    -1100.107442        3.4683
BFGS:  186 20:49:31    -1100.167749        3.1443
BFGS:  187 20:49:31    -1100.219659        3.5939
BFGS:  188 20:49:31    -1100.238458        3.5944
BFGS:  189 20:49:31    -1100.179749        3.5868
BFGS:  190 20:49:31    -1100.256597        3.4650
BFGS:  191 20:49:31    -1100.266549        3.3991
BFGS:  192 20:49:31    -1100.274598        3.3118
BFGS:  193 20:49:31    -1100.286165        3.2453
BFGS:  194 20:49:31    -1100.295699        3.1670
BFGS:  195 20:49:31    -1100.303091        3.0951
BFGS:  196 20:49:31    -1100.312587        2.9395
BFGS:  197 20:49:32    -1100.316280        2.9088
BFGS:  198 20:49:32    -1100.322902        2.7533
BFGS:  199 20:49:32    -1100.328545        2.6714
BFGS:  200 20:49:32    -1100.334546        2.4813
BFGS:  201 20:49:32    -1100.340459        2.3419
BFGS:  202 20:49:32    -1100.347199        2.1626
BFGS:  203 20:49:32    -1100.354132        2.0417
BFGS:  204 20:49:32    -1100.360026        1.9132
BFGS:  205 20:49:32    -1100.363963        1.8579
BFGS:  206 20:49:32    -1100.366581        1.8658
BFGS:  207 20:49:32    -1100.368484        1.8799
BFGS:  208 20:49:32    -1100.369821        1.8594
BFGS:  209 20:49:32    -1100.370666        1.8232
BFGS:  210 20:49:32    -1100.371229        1.7982
BFGS:  211 20:49:32    -1100.371695        1.7643
BFGS:  212 20:49:32    -1100.372173        1.7658
BFGS:  213 20:49:32    -1100.372570        1.7618
BFGS:  214 20:49:32    -1100.216435        2.8166
BFGS:  215 20:49:32    -1100.372865        1.8007
BFGS:  216 20:49:32    -1100.373214        1.7917
BFGS:  217 20:49:32    -1100.373411        1.8082
BFGS:  218 20:49:32    -1100.373757        1.8246
BFGS:  219 20:49:32    -1100.374088        1.8467
BFGS:  220 20:49:32    -1100.374693        1.8805
BFGS:  221 20:49:32    -1100.375564        1.9333
BFGS:  222 20:49:32    -1100.376765        1.9975
BFGS:  223 20:49:32    -1100.378070        2.0547
BFGS:  224 20:49:32    -1100.379359        2.0921
BFGS:  225 20:49:32    -1100.381636        2.0897
BFGS:  226 20:49:32    -1100.385388        2.0789
BFGS:  227 20:49:33    -1100.397326        2.0350
BFGS:  228 20:49:33    -1100.411173        2.1844
BFGS:  229 20:49:33    -1100.433659        2.2278
BFGS:  230 20:49:33    -1100.465856        2.0763
BFGS:  231 20:49:33    -1100.491188        2.0522
BFGS:  232 20:49:33    -1100.507576        2.2690
BFGS:  233 20:49:33    -1100.518921        1.9883
BFGS:  234 20:49:33    -1100.526139        1.8848
BFGS:  235 20:49:33    -1100.539632        1.7339
BFGS:  236 20:49:33    -1100.547726        1.5812
BFGS:  237 20:49:33    -1100.560351        2.8155
BFGS:  238 20:49:33    -1100.530408        2.9899
BFGS:  239 20:49:33    -1100.574035        2.1897
BFGS:  240 20:49:33    -1100.579723        1.9676
BFGS:  241 20:49:33    -1100.585909        1.7587
BFGS:  242 20:49:33    -1100.582143        2.8477
BFGS:  243 20:49:33    -1100.588319        2.7183
BFGS:  244 20:49:33    -1100.579019        2.2099
BFGS:  245 20:49:33    -1100.587130        1.9809
BFGS:  246 20:49:33    -1100.587352        2.7909
BFGS:  247 20:49:33    -1100.590269        1.8566
BFGS:  248 20:49:33    -1100.591432        1.8106
BFGS:  249 20:49:33    -1100.578302        3.0565
BFGS:  250 20:49:33    -1100.591450        2.7575
BFGS:  251 20:49:33    -1100.566135        2.2510
BFGS:  252 20:49:33    -1100.586291        1.9133
BFGS:  253 20:49:33    -1100.576758        3.1043
BFGS:  254 20:49:33    -1100.593091        1.7613
BFGS:  255 20:49:33    -1100.592015        2.7687
BFGS:  256 20:49:33    -1100.594191        1.7484
BFGS:  257 20:49:34    -1100.594478        2.7149
BFGS:  258 20:49:34    -1100.594605        1.7390
BFGS:  259 20:49:34    -1100.594823        1.7377
BFGS:  260 20:49:34    -1100.593882        2.7428
BFGS:  261 20:49:34    -1100.596282        2.7176
BFGS:  262 20:49:34    -1100.591986        1.7967
BFGS:  263 20:49:34    -1100.595119        1.7587
BFGS:  264 20:49:34    -1100.591976        2.7337
BFGS:  265 20:49:34    -1100.596013        1.7160
BFGS:  266 20:49:34    -1100.595090        1.7621
BFGS:  267 20:49:34    -1100.596456        1.7332
BFGS:  268 20:49:34    -1100.589977        2.7268
BFGS:  269 20:49:34    -1100.595032        2.7092
BFGS:  270 20:49:34    -1100.589012        1.8669
BFGS:  271 20:49:34    -1100.595454        1.7553
BFGS:  272 20:49:34    -1100.588517        2.7222
BFGS:  273 20:49:34    -1100.595510        1.6865
BFGS:  274 20:49:34    -1100.594771        1.7795
BFGS:  275 20:49:34    -1100.596612        1.7212
BFGS:  276 20:49:34    -1100.596490        1.7364
BFGS:  277 20:49:34    -1100.596890        1.7274
BFGS:  278 20:49:34    -1100.596868        1.7287
BFGS:  279 20:49:34    -1100.596655        2.7125
BFGS:  280 20:49:34    -1100.596914        2.7067
BFGS:  281 20:49:34    -1100.560301        1.8673
BFGS:  282 20:49:34    -1100.586296        1.7875
BFGS:  283 20:49:34    -1100.573514        3.1276
BFGS:  284 20:49:34    -1100.595618        1.7358
BFGS:  285 20:49:34    -1100.593532        2.7730
BFGS:  286 20:49:34    -1100.596794        1.7345
BFGS:  287 20:49:35    -1100.596458        2.7154
BFGS:  288 20:49:35    -1100.596959        1.7296
BFGS:  289 20:49:35    -1100.597064        1.7267
BFGS:  290 20:49:35    -1100.596810        2.7143
BFGS:  291 20:49:35    -1100.597135        2.7052
BFGS:  292 20:49:35    -1100.593270        1.7991
BFGS:  293 20:49:35    -1100.595118        1.7772
BFGS:  294 20:49:35    -1100.581256        3.0311
BFGS:  295 20:49:35    -1100.596234        2.7323
BFGS:  296 20:49:35    -1100.569043        2.0773
BFGS:  297 20:49:35    -1100.589524        1.8640
BFGS:  298 20:49:35    -1100.580236        3.0587
BFGS:  299 20:49:35    -1100.596003        1.7500
BFGS:  300 20:49:35    -1100.595354        2.7506
BFGS:  301 20:49:35    -1100.596780        1.7362
BFGS:  302 20:49:35    -1100.597175        1.7239
BFGS:  303 20:49:35    -1100.588570        2.8944
BFGS:  304 20:49:35    -1100.595326        2.7523
BFGS:  305 20:49:35    -1100.566101        2.1184
BFGS:  306 20:49:35    -1100.589217        1.8625
BFGS:  307 20:49:35    -1100.578974        3.0850
BFGS:  308 20:49:35    -1100.596108        1.7488
BFGS:  309 20:49:35    -1100.595128        2.7557
BFGS:  310 20:49:35    -1100.596909        1.7343
BFGS:  311 20:49:35    -1100.597338        1.7222
BFGS:  312 20:49:35    -1100.579172        3.0690
BFGS:  313 20:49:35    -1100.593656        2.7906
BFGS:  314 20:49:35    -1100.564940        2.1165
BFGS:  315 20:49:35    -1100.589612        1.8550
BFGS:  316 20:49:35    -1100.578892        3.0910
BFGS:  317 20:49:36    -1100.596344        1.7456
BFGS:  318 20:49:36    -1100.594932        2.7610
BFGS:  319 20:49:36    -1100.597134        1.7302
BFGS:  320 20:49:36    -1100.597191        2.7110
BFGS:  321 20:49:36    -1100.597295        1.7253
BFGS:  322 20:49:36    -1100.597393        1.7228
BFGS:  323 20:49:36    -1100.577398        3.1031
BFGS:  324 20:49:36    -1100.593237        2.8028
BFGS:  325 20:49:36    -1100.565365        2.1205
BFGS:  326 20:49:36    -1100.590025        1.8519
BFGS:  327 20:49:36    -1100.577610        3.1140
BFGS:  328 20:49:36    -1100.596962        1.7330
BFGS:  329 20:49:36    -1100.593869        2.7862
BFGS:  330 20:49:36    -1100.597097        2.7140
BFGS:  331 20:49:36    -1100.565893        2.0925
BFGS:  332 20:49:36    -1100.589019        1.8653
BFGS:  333 20:49:36    -1100.577759        3.0989
BFGS:  334 20:49:36    -1100.596711        1.7396
BFGS:  335 20:49:36    -1100.594279        2.7762
BFGS:  336 20:49:36    -1100.597565        1.7213
BFGS:  337 20:49:36    -1100.596652        2.7251
BFGS:  338 20:49:36    -1100.597314        2.7104
BFGS:  339 20:49:36    -1100.565398        2.0909
BFGS:  340 20:49:36    -1100.588874        1.8657
BFGS:  341 20:49:36    -1100.578132        3.0828
BFGS:  342 20:49:36    -1100.596573        1.7442
BFGS:  343 20:49:36    -1100.594712        2.7658
BFGS:  344 20:49:36    -1100.597457        1.7259
BFGS:  345 20:49:36    -1100.597111        2.7157
BFGS:  346 20:49:36    -1100.597619        1.7210
BFGS:  347 20:49:37    -1100.597591        2.7065
BFGS:  348 20:49:37    -1100.597656        1.7196
BFGS:  349 20:49:37    -1100.597679        1.7187
BFGS:  350 20:49:37    -1100.597522        2.7105
BFGS:  351 20:49:37    -1100.597639        2.7071
BFGS:  352 20:49:37    -1100.569051        2.1587
BFGS:  353 20:49:37    -1100.589584        1.8777
BFGS:  354 20:49:37    -1100.576481        3.1579
BFGS:  355 20:49:37    -1100.597477        1.7186
BFGS:  356 20:49:37    -1100.593152        2.8129
BFGS:  357 20:49:37    -1100.596494        2.7359
BFGS:  358 20:49:37    -1100.566390        2.1425
BFGS:  359 20:49:37    -1100.589519        1.8689
BFGS:  360 20:49:37    -1100.575912        3.1416
BFGS:  361 20:49:37    -1100.597533        1.7198
BFGS:  362 20:49:37    -1100.593015        2.8096
BFGS:  363 20:49:37    -1100.596439        2.7353
BFGS:  364 20:49:37    -1100.565778        2.1273
BFGS:  365 20:49:37    -1100.589450        1.8658
BFGS:  366 20:49:37    -1100.575836        3.1317
BFGS:  367 20:49:37    -1100.597533        1.7217
BFGS:  368 20:49:37    -1100.593043        2.8064
BFGS:  369 20:49:37    -1100.596492        2.7334
BFGS:  370 20:49:37    -1100.565540        2.1189
BFGS:  371 20:49:37    -1100.589410        1.8645
BFGS:  372 20:49:37    -1100.575834        3.1264
BFGS:  373 20:49:37    -1100.597532        1.7231
BFGS:  374 20:49:37    -1100.593092        2.8042
BFGS:  375 20:49:37    -1100.596554        2.7318
BFGS:  376 20:49:37    -1100.565412        2.1142
BFGS:  377 20:49:38    -1100.589386        1.8639
BFGS:  378 20:49:38    -1100.575859        3.1231
BFGS:  379 20:49:38    -1100.597531        1.7240
BFGS:  380 20:49:38    -1100.593148        2.8025
BFGS:  381 20:49:38    -1100.596617        2.7305
BFGS:  382 20:49:38    -1100.565331        2.1116
BFGS:  383 20:49:38    -1100.589371        1.8637
BFGS:  384 20:49:38    -1100.575900        3.1208
BFGS:  385 20:49:38    -1100.597531        1.7247
BFGS:  386 20:49:38    -1100.593207        2.8011
BFGS:  387 20:49:38    -1100.596681        2.7292
BFGS:  388 20:49:38    -1100.565276        2.1102
BFGS:  389 20:49:38    -1100.589360        1.8637
BFGS:  390 20:49:38    -1100.575949        3.1189
BFGS:  391 20:49:38    -1100.597530        1.7253
BFGS:  392 20:49:38    -1100.593268        2.7997
BFGS:  393 20:49:38    -1100.596746        2.7280
BFGS:  394 20:49:38    -1100.565236        2.1094
BFGS:  395 20:49:38    -1100.589352        1.8638
BFGS:  396 20:49:38    -1100.576003        3.1173
BFGS:  397 20:49:38    -1100.597530        1.7258
BFGS:  398 20:49:38    -1100.593330        2.7985
BFGS:  399 20:49:38    -1100.596811        2.7268
BFGS:  400 20:49:38    -1100.565205        2.1089
BFGS:  401 20:49:38    -1100.589345        1.8640
BFGS:  402 20:49:38    -1100.576060        3.1158
BFGS:  403 20:49:38    -1100.597530        1.7262
BFGS:  404 20:49:38    -1100.593393        2.7973
BFGS:  405 20:49:38    -1100.596875        2.7257
BFGS:  406 20:49:38    -1100.565180        2.1087
BFGS:  407 20:49:39    -1100.589339        1.8643
BFGS:  408 20:49:39    -1100.576118        3.1145
BFGS:  409 20:49:39    -1100.597530        1.7266
BFGS:  410 20:49:39    -1100.593455        2.7961
BFGS:  411 20:49:39    -1100.596940        2.7246
BFGS:  412 20:49:39    -1100.565159        2.1086
BFGS:  413 20:49:39    -1100.589334        1.8645
BFGS:  414 20:49:39    -1100.576176        3.1132
BFGS:  415 20:49:39    -1100.597530        1.7270
BFGS:  416 20:49:39    -1100.593518        2.7950
BFGS:  417 20:49:39    -1100.597004        2.7235
BFGS:  418 20:49:39    -1100.565140        2.1085
BFGS:  419 20:49:39    -1100.589330        1.8648
BFGS:  420 20:49:39    -1100.576235        3.1121
BFGS:  421 20:49:39    -1100.597530        1.7274
BFGS:  422 20:49:39    -1100.593580        2.7939
BFGS:  423 20:49:39    -1100.597068        2.7225
BFGS:  424 20:49:39    -1100.565123        2.1086
BFGS:  425 20:49:39    -1100.589326        1.8650
BFGS:  426 20:49:39    -1100.576293        3.1110
BFGS:  427 20:49:39    -1100.597530        1.7278
BFGS:  428 20:49:39    -1100.593642        2.7928
BFGS:  429 20:49:39    -1100.597131        2.7214
BFGS:  430 20:49:39    -1100.565106        2.1086
BFGS:  431 20:49:39    -1100.589322        1.8653
BFGS:  432 20:49:39    -1100.576350        3.1099
BFGS:  433 20:49:39    -1100.597531        1.7281
BFGS:  434 20:49:39    -1100.593703        2.7917
BFGS:  435 20:49:39    -1100.597194        2.7204
BFGS:  436 20:49:39    -1100.565091        2.1087
BFGS:  437 20:49:40    -1100.589318        1.8655
BFGS:  438 20:49:40    -1100.576406        3.1089
BFGS:  439 20:49:40    -1100.597531        1.7284
BFGS:  440 20:49:40    -1100.593764        2.7907
BFGS:  441 20:49:40    -1100.597257        2.7194
BFGS:  442 20:49:40    -1100.565077        2.1088
BFGS:  443 20:49:40    -1100.589315        1.8658
BFGS:  444 20:49:40    -1100.576462        3.1080
BFGS:  445 20:49:40    -1100.597532        1.7288
BFGS:  446 20:49:40    -1100.593825        2.7897
BFGS:  447 20:49:40    -1100.597319        2.7184
BFGS:  448 20:49:40    -1100.565062        2.1089
BFGS:  449 20:49:40    -1100.589312        1.8660
BFGS:  450 20:49:40    -1100.576518        3.1070
BFGS:  451 20:49:40    -1100.597533        1.7291
BFGS:  452 20:49:40    -1100.593885        2.7887
BFGS:  453 20:49:40    -1100.597381        2.7174
BFGS:  454 20:49:40    -1100.565049        2.1090
BFGS:  455 20:49:40    -1100.589309        1.8663
BFGS:  456 20:49:40    -1100.576572        3.1061
BFGS:  457 20:49:40    -1100.597533        1.7294
BFGS:  458 20:49:40    -1100.593945        2.7877
BFGS:  459 20:49:40    -1100.597442        2.7164
BFGS:  460 20:49:40    -1100.565035        2.1091
BFGS:  461 20:49:40    -1100.589306        1.8666
BFGS:  462 20:49:40    -1100.576626        3.1052
BFGS:  463 20:49:40    -1100.597534        1.7297
BFGS:  464 20:49:40    -1100.594005        2.7867
BFGS:  465 20:49:40    -1100.597503        2.7154
BFGS:  466 20:49:40    -1100.565022        2.1092
BFGS:  467 20:49:41    -1100.589303        1.8668
BFGS:  468 20:49:41    -1100.576680        3.1043
BFGS:  469 20:49:41    -1100.597535        1.7300
BFGS:  470 20:49:41    -1100.594064        2.7857
BFGS:  471 20:49:41    -1100.597564        2.7145
BFGS:  472 20:49:41    -1100.565010        2.1093
BFGS:  473 20:49:41    -1100.589300        1.8671
BFGS:  474 20:49:41    -1100.576733        3.1034
BFGS:  475 20:49:41    -1100.597536        1.7303
BFGS:  476 20:49:41    -1100.594123        2.7848
BFGS:  477 20:49:41    -1100.597624        2.7135
BFGS:  478 20:49:41    -1100.564997        2.1094
BFGS:  479 20:49:41    -1100.589297        1.8673
BFGS:  480 20:49:41    -1100.576785        3.1026
BFGS:  481 20:49:41    -1100.597538        1.7306
BFGS:  482 20:49:41    -1100.594181        2.7838
BFGS:  483 20:49:41    -1100.597684        2.7125
BFGS:  484 20:49:41    -1100.564985        2.1095
BFGS:  485 20:49:41    -1100.589295        1.8675
BFGS:  486 20:49:41    -1100.576837        3.1017
BFGS:  487 20:49:41    -1100.597539        1.7309
BFGS:  488 20:49:41    -1100.594239        2.7829
BFGS:  489 20:49:41    -1100.597743        2.7116
BFGS:  490 20:49:41    -1100.564973        2.1096
BFGS:  491 20:49:41    -1100.589292        1.8678
BFGS:  492 20:49:41    -1100.576888        3.1009
BFGS:  493 20:49:41    -1100.597540        1.7312
BFGS:  494 20:49:41    -1100.594297        2.7819
BFGS:  495 20:49:41    -1100.597803        2.7107
BFGS:  496 20:49:41    -1100.564961        2.1098
BFGS:  497 20:49:42    -1100.589290        1.8680
BFGS:  498 20:49:42    -1100.576939        3.1001
BFGS:  499 20:49:42    -1100.597542        1.7314
