      Step     Time          Energy         fmax
BFGS:    0 20:42:12     -837.620049      167.0563
BFGS:    1 20:42:12     -868.109390      126.1026
BFGS:    2 20:42:12     -890.962852      133.0515
BFGS:    3 20:42:12     -909.503280      125.9700
BFGS:    4 20:42:13     -927.960465      119.8763
BFGS:    5 20:42:13     -944.771421      110.9078
BFGS:    6 20:42:13     -956.195674      108.4372
BFGS:    7 20:42:13     -967.175186      101.7047
BFGS:    8 20:42:13     -977.039857       97.8059
BFGS:    9 20:42:13     -986.758570       94.3803
BFGS:   10 20:42:13     -996.249299       90.5085
BFGS:   11 20:42:13    -1006.338189       87.3098
BFGS:   12 20:42:13    -1014.598840       82.6161
BFGS:   13 20:42:13    -1023.165190       76.9415
BFGS:   14 20:42:13    -1030.893731       67.6721
BFGS:   15 20:42:13    -1037.339577       61.1413
BFGS:   16 20:42:13    -1041.753910       55.5713
BFGS:   17 20:42:13    -1045.147166       51.9320
BFGS:   18 20:42:13    -1047.962700       48.8289
BFGS:   19 20:42:13    -1050.592487       46.1020
BFGS:   20 20:42:13    -1053.162552       43.3677
BFGS:   21 20:42:13    -1055.711766       40.6277
BFGS:   22 20:42:13    -1058.336594       37.8288
BFGS:   23 20:42:13    -1061.099792       34.6066
BFGS:   24 20:42:13    -1064.313405       30.5007
BFGS:   25 20:42:13    -1067.276044       27.3380
BFGS:   26 20:42:13    -1069.715436       24.2745
BFGS:   27 20:42:13    -1071.815528       22.1259
BFGS:   28 20:42:13    -1073.682377       20.7075
BFGS:   29 20:42:13    -1075.192142       19.9792
BFGS:   30 20:42:13    -1076.411706       19.2228
BFGS:   31 20:42:13    -1077.406086       18.3755
BFGS:   32 20:42:13    -1078.313679       17.5947
BFGS:   33 20:42:13    -1079.179559       17.0481
BFGS:   34 20:42:13    -1080.067618       16.2185
BFGS:   35 20:42:14    -1080.962715       15.5506
BFGS:   36 20:42:14    -1081.815826       15.0840
BFGS:   37 20:42:14    -1082.639112       14.3435
BFGS:   38 20:42:14    -1083.370159       13.7458
BFGS:   39 20:42:14    -1083.962795       13.1075
BFGS:   40 20:42:14    -1084.485788       12.2814
BFGS:   41 20:42:14    -1085.023410       11.3333
BFGS:   42 20:42:14    -1085.585236       10.5337
BFGS:   43 20:42:14    -1086.169062        9.7695
BFGS:   44 20:42:14    -1086.687352       10.0069
BFGS:   45 20:42:14    -1087.124484       10.7049
BFGS:   46 20:42:14    -1087.514378       11.1710
BFGS:   47 20:42:14    -1087.884115       11.6769
BFGS:   48 20:42:14    -1088.228234       11.9376
BFGS:   49 20:42:14    -1088.555821       12.3641
BFGS:   50 20:42:14    -1088.860563       12.4300
BFGS:   51 20:42:14    -1089.168492       12.4979
BFGS:   52 20:42:14    -1089.460334       12.2347
BFGS:   53 20:42:14    -1089.689622       11.2383
BFGS:   54 20:42:14    -1089.836357        9.8724
BFGS:   55 20:42:14    -1089.969483        8.4424
BFGS:   56 20:42:14    -1090.120539        8.2344
BFGS:   57 20:42:14    -1090.245513        7.4735
BFGS:   58 20:42:14    -1090.414325        7.8675
BFGS:   59 20:42:14    -1090.587316        4.7004
BFGS:   60 20:42:14    -1090.724956        4.2640
BFGS:   61 20:42:14    -1090.882177        4.1647
BFGS:   62 20:42:14    -1091.065412        2.0085
BFGS:   63 20:42:15    -1091.168573        1.7422
BFGS:   64 20:42:15    -1091.227706        1.6467
BFGS:   65 20:42:15    -1091.259979        1.0928
BFGS:   66 20:42:15    -1091.275404        0.9458
BFGS:   67 20:42:15    -1091.282068        0.9482
BFGS:   68 20:42:15    -1091.290102        0.9221
BFGS:   69 20:42:15    -1091.301624        0.8767
BFGS:   70 20:42:15    -1091.316743        1.6857
BFGS:   71 20:42:15    -1091.328285        0.7889
BFGS:   72 20:42:15    -1091.340052        0.8744
BFGS:   73 20:42:15    -1091.346586        0.9305
BFGS:   74 20:42:15    -1091.352088        0.6363
BFGS:   75 20:42:15    -1091.359190        0.5960
BFGS:   76 20:42:15    -1091.367168        0.5354
BFGS:   77 20:42:15    -1091.369669        0.4814
BFGS:   78 20:42:15    -1091.371895        0.4987
BFGS:   79 20:42:15    -1091.374043        0.6374
BFGS:   80 20:42:15    -1091.375916        0.7087
BFGS:   81 20:42:15    -1091.378256        0.8055
BFGS:   82 20:42:15    -1091.376664        1.4613
BFGS:   83 20:42:15    -1091.380278        1.9367
BFGS:   84 20:42:15    -1091.397067        1.8885
BFGS:   85 20:42:15    -1091.487553        3.1735
BFGS:   86 20:42:15    -1091.644113        3.9951
BFGS:   87 20:42:15    -1091.735117        4.5803
BFGS:   88 20:42:15    -1091.811567        3.2675
BFGS:   89 20:42:15    -1091.933379        3.3470
BFGS:   90 20:42:15    -1092.059628        2.4878
BFGS:   91 20:42:15    -1092.131851        2.5223
BFGS:   92 20:42:16    -1092.179787        2.3828
BFGS:   93 20:42:16    -1092.217026        1.8599
BFGS:   94 20:42:16    -1092.264639        1.9042
BFGS:   95 20:42:16    -1092.322666        1.7074
BFGS:   96 20:42:16    -1092.380146        1.4571
BFGS:   97 20:42:16    -1092.427766        1.4643
BFGS:   98 20:42:16    -1092.460170        1.3960
BFGS:   99 20:42:16    -1092.485820        1.0662
BFGS:  100 20:42:16    -1092.497871        0.9973
BFGS:  101 20:42:16    -1092.511526        0.6858
BFGS:  102 20:42:16    -1092.520468        0.5698
BFGS:  103 20:42:16    -1092.524574        0.4794
BFGS:  104 20:42:16    -1092.527059        0.5226
BFGS:  105 20:42:16    -1092.528923        0.5597
BFGS:  106 20:42:16    -1092.529638        0.5796
BFGS:  107 20:42:16    -1092.530351        0.5543
BFGS:  108 20:42:16    -1092.531166        0.5584
BFGS:  109 20:42:16    -1092.532348        0.6314
BFGS:  110 20:42:16    -1092.533954        0.6698
BFGS:  111 20:42:16    -1092.536783        0.6713
BFGS:  112 20:42:16    -1092.541608        0.6011
BFGS:  113 20:42:16    -1092.549969        0.5289
BFGS:  114 20:42:16    -1092.566804        1.1361
BFGS:  115 20:42:16    -1092.579964        1.8837
BFGS:  116 20:42:16    -1092.601407        2.1840
BFGS:  117 20:42:16    -1092.668399        1.4998
BFGS:  118 20:42:16    -1092.715794        1.6380
BFGS:  119 20:42:16    -1092.805882        2.3429
BFGS:  120 20:42:16    -1092.880268        2.0851
BFGS:  121 20:42:16    -1092.934015        1.1078
BFGS:  122 20:42:17    -1092.968550        1.0700
BFGS:  123 20:42:17    -1092.994890        0.8987
BFGS:  124 20:42:17    -1093.013857        0.6074
BFGS:  125 20:42:17    -1093.019435        0.5589
BFGS:  126 20:42:17    -1093.028404        0.5019
BFGS:  127 20:42:17    -1093.034815        0.3597
BFGS:  128 20:42:17    -1093.039287        0.2583
BFGS:  129 20:42:17    -1093.040981        0.1650
BFGS:  130 20:42:17    -1093.041667        0.1158
BFGS:  131 20:42:17    -1093.041941        0.0939
