      Step     Time          Energy         fmax
BFGS:    0 20:51:15     -687.656879      138.5830
BFGS:    1 20:51:15     -730.996484      126.0920
BFGS:    2 20:51:15     -767.778943      124.3544
BFGS:    3 20:51:15     -794.135222      126.4516
BFGS:    4 20:51:16     -806.706686      127.2389
BFGS:    5 20:51:16     -816.418488      129.6898
BFGS:    6 20:51:16     -826.190902      125.3048
BFGS:    7 20:51:16     -845.404165      125.4430
BFGS:    8 20:51:16     -860.558236      105.8291
BFGS:    9 20:51:16     -871.894379       96.1905
BFGS:   10 20:51:16     -884.615394       89.3098
BFGS:   11 20:51:16     -899.914354       78.8211
BFGS:   12 20:51:16     -910.618501       78.5149
BFGS:   13 20:51:16     -920.468566       69.3600
BFGS:   14 20:51:16     -928.406222       69.8274
BFGS:   15 20:51:16     -934.490608       64.9438
BFGS:   16 20:51:16     -940.846552       57.2440
BFGS:   17 20:51:16     -945.776796       55.2066
BFGS:   18 20:51:16     -950.353992       50.2782
BFGS:   19 20:51:16     -954.416017       47.6071
BFGS:   20 20:51:16     -958.393539       43.9487
BFGS:   21 20:51:16     -962.283970       40.6231
BFGS:   22 20:51:16     -965.967599       38.7451
BFGS:   23 20:51:16     -969.783092       36.5100
BFGS:   24 20:51:16     -973.757282       34.7157
BFGS:   25 20:51:16     -977.506158       33.0793
BFGS:   26 20:51:16     -981.082881       30.6911
BFGS:   27 20:51:17     -984.981483       30.2681
BFGS:   28 20:51:17     -988.300914       27.7334
BFGS:   29 20:51:17     -991.295033       26.7988
BFGS:   30 20:51:17     -994.372403       24.9393
BFGS:   31 20:51:17     -997.157263       24.2523
BFGS:   32 20:51:17    -1000.029722       23.8247
BFGS:   33 20:51:17    -1002.822752       22.8687
BFGS:   34 20:51:17    -1005.355706       22.2646
BFGS:   35 20:51:17    -1007.934907       21.3902
BFGS:   36 20:51:17    -1010.003343       21.9058
BFGS:   37 20:51:17    -1012.143365       22.7385
BFGS:   38 20:51:17    -1014.325865       23.6079
BFGS:   39 20:51:17    -1016.162431       23.6316
BFGS:   40 20:51:17    -1017.970382       23.4249
BFGS:   41 20:51:17    -1019.735729       23.1982
BFGS:   42 20:51:17    -1021.450096       26.3343
BFGS:   43 20:51:17    -1023.163337       31.2139
BFGS:   44 20:51:17    -1024.689290       32.8242
BFGS:   45 20:51:17    -1026.315534       33.7336
BFGS:   46 20:51:17    -1027.951704       34.4701
BFGS:   47 20:51:17    -1029.444782       33.9500
BFGS:   48 20:51:17    -1031.085476       33.5074
BFGS:   49 20:51:17    -1032.504351       32.3115
BFGS:   50 20:51:17    -1034.162268       32.4504
BFGS:   51 20:51:18    -1035.791867       33.6570
BFGS:   52 20:51:18    -1037.416474       33.4386
BFGS:   53 20:51:18    -1039.285749       32.7580
BFGS:   54 20:51:18    -1041.189229       31.2591
BFGS:   55 20:51:18    -1042.878924       31.3267
BFGS:   56 20:51:18    -1044.402312       32.0809
BFGS:   57 20:51:18    -1046.125352       31.7692
BFGS:   58 20:51:18    -1047.773920       31.9305
BFGS:   59 20:51:18    -1049.255641       30.0028
BFGS:   60 20:51:18    -1050.611311       29.3292
BFGS:   61 20:51:18    -1051.766453       27.2759
BFGS:   62 20:51:18    -1052.876173       25.5520
BFGS:   63 20:51:18    -1053.919531       23.5997
BFGS:   64 20:51:18    -1054.948011       21.8219
BFGS:   65 20:51:18    -1055.931524       20.2787
BFGS:   66 20:51:18    -1056.885125       18.9079
BFGS:   67 20:51:18    -1057.825740       17.6750
BFGS:   68 20:51:18    -1058.763497       16.5876
BFGS:   69 20:51:18    -1059.780871       15.3215
BFGS:   70 20:51:18    -1060.851892       13.9292
BFGS:   71 20:51:18    -1061.842774       12.3741
BFGS:   72 20:51:18    -1062.768132       11.0103
BFGS:   73 20:51:18    -1063.633376        9.5807
BFGS:   74 20:51:18    -1064.425532        8.3608
BFGS:   75 20:51:18    -1065.132311        7.0794
BFGS:   76 20:51:18    -1065.757630        6.1365
BFGS:   77 20:51:18    -1066.299729        5.6867
BFGS:   78 20:51:19    -1066.775841        5.3465
BFGS:   79 20:51:19    -1067.193795        5.4231
BFGS:   80 20:51:19    -1067.561377        5.4023
BFGS:   81 20:51:19    -1067.912235        5.5539
BFGS:   82 20:51:19    -1068.272504        5.4566
BFGS:   83 20:51:19    -1068.650444        5.3616
BFGS:   84 20:51:19    -1069.036981        6.2003
BFGS:   85 20:51:19    -1069.419606        7.0999
BFGS:   86 20:51:19    -1069.797370        7.7842
BFGS:   87 20:51:19    -1070.175718        9.3371
BFGS:   88 20:51:19    -1070.549223       11.0625
BFGS:   89 20:51:19    -1070.918812       12.5632
BFGS:   90 20:51:19    -1071.277405       13.7813
BFGS:   91 20:51:19    -1071.648550       14.7072
BFGS:   92 20:51:19    -1072.043720       15.3655
BFGS:   93 20:51:19    -1072.473454       16.6269
BFGS:   94 20:51:19    -1072.944724       17.6344
BFGS:   95 20:51:19    -1073.470120       18.2776
BFGS:   96 20:51:19    -1074.072836       18.4677
BFGS:   97 20:51:19    -1074.695931       18.0620
BFGS:   98 20:51:19    -1075.307523       17.7841
BFGS:   99 20:51:19    -1075.916232       17.1808
BFGS:  100 20:51:19    -1076.530195       16.5479
BFGS:  101 20:51:19    -1077.194309       16.0702
BFGS:  102 20:51:19    -1077.898883       14.9664
BFGS:  103 20:51:19    -1078.594245       13.3122
BFGS:  104 20:51:19    -1079.304072       12.8383
BFGS:  105 20:51:19    -1080.050383       12.3857
BFGS:  106 20:51:19    -1080.854207       11.6074
BFGS:  107 20:51:20    -1081.724072       10.4082
BFGS:  108 20:51:20    -1082.708608        8.8867
BFGS:  109 20:51:20    -1083.631093        7.3701
BFGS:  110 20:51:20    -1084.361268        6.4616
BFGS:  111 20:51:20    -1084.810596        5.9344
BFGS:  112 20:51:20    -1085.158468        5.3172
BFGS:  113 20:51:20    -1085.414191        4.6852
BFGS:  114 20:51:20    -1085.614902        4.1823
BFGS:  115 20:51:20    -1085.821376        4.4124
BFGS:  116 20:51:20    -1086.013406        5.3394
BFGS:  117 20:51:20    -1086.202179        6.1089
BFGS:  118 20:51:20    -1086.387725        6.7818
BFGS:  119 20:51:20    -1086.569438        7.3424
BFGS:  120 20:51:20    -1086.743865        7.7927
BFGS:  121 20:51:20    -1086.906764        8.1506
BFGS:  122 20:51:20    -1087.152634        8.0341
BFGS:  123 20:51:20    -1087.326914        8.0080
BFGS:  124 20:51:20    -1087.506192        7.9486
BFGS:  125 20:51:20    -1087.680616        7.7803
BFGS:  126 20:51:20    -1087.859326        7.5078
BFGS:  127 20:51:20    -1088.045182        6.9932
BFGS:  128 20:51:20    -1088.256107        6.0277
BFGS:  129 20:51:20    -1088.503987        4.3286
BFGS:  130 20:51:20    -1088.767946        4.0959
BFGS:  131 20:51:20    -1088.957594        5.4999
BFGS:  132 20:51:20    -1089.160338        6.4509
BFGS:  133 20:51:20    -1089.410878        8.3434
BFGS:  134 20:51:20    -1089.620136        9.3063
BFGS:  135 20:51:20    -1089.808815        7.7162
BFGS:  136 20:51:20    -1089.986796        6.3657
BFGS:  137 20:51:20    -1090.190578        5.5563
BFGS:  138 20:51:20    -1090.518020        5.0515
BFGS:  139 20:51:20    -1090.779484        4.6382
BFGS:  140 20:51:21    -1091.019027        4.9720
BFGS:  141 20:51:21    -1091.130116        4.3562
BFGS:  142 20:51:21    -1091.209790        3.8405
BFGS:  143 20:51:21    -1091.335777        3.1631
BFGS:  144 20:51:21    -1091.544961        3.7819
BFGS:  145 20:51:21    -1091.724844        4.1376
BFGS:  146 20:51:21    -1091.883061        4.6397
BFGS:  147 20:51:21    -1091.986181        3.6678
BFGS:  148 20:51:21    -1092.045980        2.6013
BFGS:  149 20:51:21    -1092.099096        3.0325
BFGS:  150 20:51:21    -1092.141506        2.6030
BFGS:  151 20:51:21    -1092.178126        2.5630
BFGS:  152 20:51:21    -1092.204174        2.0923
BFGS:  153 20:51:21    -1092.224914        1.7975
BFGS:  154 20:51:21    -1092.241845        1.5841
BFGS:  155 20:51:21    -1092.262632        1.4142
BFGS:  156 20:51:21    -1092.284404        1.4280
BFGS:  157 20:51:21    -1092.300191        1.3949
BFGS:  158 20:51:21    -1092.315111        1.3518
BFGS:  159 20:51:21    -1092.332231        1.2781
BFGS:  160 20:51:21    -1092.353762        1.3632
BFGS:  161 20:51:21    -1092.387953        2.1153
BFGS:  162 20:51:21    -1092.426949        3.2990
BFGS:  163 20:51:21    -1092.458263        3.8056
BFGS:  164 20:51:21    -1092.544486        3.9120
BFGS:  165 20:51:21    -1092.754973        4.4878
BFGS:  166 20:51:21    -1092.977370        5.9862
BFGS:  167 20:51:21    -1093.145201        7.9766
BFGS:  168 20:51:21    -1093.325338        8.9799
BFGS:  169 20:51:21    -1093.507801        9.0739
BFGS:  170 20:51:21    -1093.705325        7.6145
BFGS:  171 20:51:21    -1094.008860        7.4413
BFGS:  172 20:51:21    -1094.531012        6.4652
BFGS:  173 20:51:22    -1094.932844        6.1075
BFGS:  174 20:51:22    -1095.199958        5.0262
BFGS:  175 20:51:22    -1095.400187        4.7774
BFGS:  176 20:51:22    -1095.555767        4.6262
BFGS:  177 20:51:22    -1095.708660        4.4879
BFGS:  178 20:51:22    -1095.810446        4.4842
BFGS:  179 20:51:22    -1095.938569        3.8129
BFGS:  180 20:51:22    -1096.065062        3.5148
BFGS:  181 20:51:22    -1096.207292        4.3608
BFGS:  182 20:51:22    -1096.345442        5.2258
BFGS:  183 20:51:22    -1096.491010        6.2982
BFGS:  184 20:51:22    -1096.635530        7.2858
BFGS:  185 20:51:22    -1096.815808        7.3822
BFGS:  186 20:51:22    -1097.009654        7.5073
BFGS:  187 20:51:22    -1097.292328        5.1560
BFGS:  188 20:51:22    -1097.543433        4.3605
BFGS:  189 20:51:22    -1097.830261        4.3203
BFGS:  190 20:51:22    -1098.043860        3.7231
BFGS:  191 20:51:22    -1098.204010        3.4123
BFGS:  192 20:51:22    -1098.321624        3.1397
BFGS:  193 20:51:22    -1098.425410        3.1312
BFGS:  194 20:51:22    -1098.509594        3.2992
BFGS:  195 20:51:22    -1098.581246        3.6174
BFGS:  196 20:51:22    -1098.640981        2.9112
BFGS:  197 20:51:22    -1098.688150        2.2219
BFGS:  198 20:51:22    -1098.714323        1.8584
BFGS:  199 20:51:22    -1098.731349        2.1141
BFGS:  200 20:51:22    -1098.746139        2.2144
BFGS:  201 20:51:22    -1098.758395        2.0934
BFGS:  202 20:51:22    -1098.773342        2.1945
BFGS:  203 20:51:22    -1098.788184        2.2317
BFGS:  204 20:51:22    -1098.805185        2.1327
BFGS:  205 20:51:22    -1098.824163        2.1450
BFGS:  206 20:51:22    -1098.844228        2.0886
BFGS:  207 20:51:23    -1098.865101        2.3280
BFGS:  208 20:51:23    -1098.892384        2.6298
BFGS:  209 20:51:23    -1098.932537        2.9792
BFGS:  210 20:51:23    -1098.982915        3.2522
BFGS:  211 20:51:23    -1099.036642        3.4244
BFGS:  212 20:51:23    -1099.101120        3.4714
BFGS:  213 20:51:23    -1099.170387        3.1160
BFGS:  214 20:51:23    -1099.244929        2.7164
BFGS:  215 20:51:23    -1099.301400        2.5409
BFGS:  216 20:51:23    -1099.343410        1.8602
BFGS:  217 20:51:23    -1099.380965        1.9489
BFGS:  218 20:51:23    -1099.408448        1.9331
BFGS:  219 20:51:23    -1099.452142        2.8181
BFGS:  220 20:51:23    -1099.495071        3.9187
BFGS:  221 20:51:23    -1099.539655        4.9496
BFGS:  222 20:51:23    -1099.607550        5.9741
BFGS:  223 20:51:23    -1099.652231        6.6133
BFGS:  224 20:51:23    -1099.703175        6.6865
BFGS:  225 20:51:23    -1099.801379        6.1699
BFGS:  226 20:51:23    -1099.911386        5.4577
BFGS:  227 20:51:23    -1100.031334        4.8363
BFGS:  228 20:51:23    -1100.168622        4.3056
BFGS:  229 20:51:23    -1100.332293        4.0035
BFGS:  230 20:51:23    -1100.515013        4.0146
BFGS:  231 20:51:23    -1100.671239        4.2355
BFGS:  232 20:51:23    -1101.118286        5.1293
BFGS:  233 20:51:23    -1101.592213        6.2974
BFGS:  234 20:51:23    -1101.995689        7.5479
BFGS:  235 20:51:23    -1102.348182        7.6304
BFGS:  236 20:51:23    -1102.708835        7.9986
BFGS:  237 20:51:23    -1103.065692        7.7644
BFGS:  238 20:51:23    -1103.413206        7.5806
BFGS:  239 20:51:23    -1103.764512        7.2119
BFGS:  240 20:51:23    -1104.095012        6.7412
BFGS:  241 20:51:24    -1104.399794        5.8855
BFGS:  242 20:51:24    -1104.676072        4.6480
BFGS:  243 20:51:24    -1104.935642        3.3984
BFGS:  244 20:51:24    -1105.201045        3.6908
BFGS:  245 20:51:24    -1105.466499        4.0800
BFGS:  246 20:51:24    -1105.762413        5.4232
BFGS:  247 20:51:24    -1106.001492        7.1496
BFGS:  248 20:51:24    -1106.190632        7.8803
BFGS:  249 20:51:24    -1106.432084        8.1781
BFGS:  250 20:51:24    -1106.793229        9.1260
BFGS:  251 20:51:24    -1107.147654        9.6732
BFGS:  252 20:51:24    -1107.567921       10.6055
BFGS:  253 20:51:24    -1108.000621       11.3901
BFGS:  254 20:51:24    -1108.578022        9.0531
BFGS:  255 20:51:24    -1109.025691        9.1732
BFGS:  256 20:51:24    -1109.504118        7.5348
BFGS:  257 20:51:24    -1110.032651        6.9360
BFGS:  258 20:51:24    -1110.538428        6.7288
BFGS:  259 20:51:24    -1110.944685        8.6986
BFGS:  260 20:51:24    -1111.233460        8.4208
BFGS:  261 20:51:24    -1111.474780        8.0013
BFGS:  262 20:51:24    -1111.693111        6.8957
BFGS:  263 20:51:24    -1111.879181        5.3638
BFGS:  264 20:51:24    -1112.081390        3.7102
BFGS:  265 20:51:24    -1112.308427        4.3096
BFGS:  266 20:51:24    -1112.467366        3.4601
BFGS:  267 20:51:24    -1112.690007        3.9840
BFGS:  268 20:51:24    -1112.845698        4.1415
BFGS:  269 20:51:24    -1112.997346        4.0639
BFGS:  270 20:51:24    -1113.193760        4.0036
BFGS:  271 20:51:24    -1113.371117        4.6778
BFGS:  272 20:51:24    -1113.577183        5.2398
BFGS:  273 20:51:24    -1113.818079        5.4064
BFGS:  274 20:51:24    -1114.109521        5.3481
BFGS:  275 20:51:24    -1114.501653        5.9996
BFGS:  276 20:51:24    -1115.018812        6.7788
BFGS:  277 20:51:24    -1115.550001        7.7233
BFGS:  278 20:51:25    -1116.059213        8.0840
BFGS:  279 20:51:25    -1116.653099        7.9059
BFGS:  280 20:51:25    -1117.410117        7.9350
BFGS:  281 20:51:25    -1118.060862        8.8049
BFGS:  282 20:51:25    -1118.737757        8.6210
BFGS:  283 20:51:25    -1119.156177        8.6477
BFGS:  284 20:51:25    -1119.493935        9.0304
BFGS:  285 20:51:25    -1119.754424       10.4129
BFGS:  286 20:51:25    -1119.971642        9.3127
BFGS:  287 20:51:25    -1120.147998        8.8797
BFGS:  288 20:51:25    -1120.308713        7.5651
BFGS:  289 20:51:25    -1120.429889        7.2374
BFGS:  290 20:51:25    -1120.560442        5.7853
BFGS:  291 20:51:25    -1120.657032        4.8860
BFGS:  292 20:51:25    -1120.728596        5.1356
BFGS:  293 20:51:25    -1120.782152        5.2631
BFGS:  294 20:51:25    -1120.832963        5.4310
BFGS:  295 20:51:25    -1120.865306        5.7157
BFGS:  296 20:51:25    -1120.892342        5.9015
BFGS:  297 20:51:25    -1120.907281        6.0174
BFGS:  298 20:51:25    -1120.920149        6.2499
BFGS:  299 20:51:25    -1120.927688        6.2191
BFGS:  300 20:51:25    -1120.947248        6.4117
BFGS:  301 20:51:25    -1120.973698        6.2202
BFGS:  302 20:51:25    -1121.010160        6.1214
BFGS:  303 20:51:25    -1121.046277        6.3236
BFGS:  304 20:51:25    -1121.084048        6.4365
BFGS:  305 20:51:25    -1121.096898        6.5584
BFGS:  306 20:51:25    -1121.130518        6.7548
BFGS:  307 20:51:25    -1121.152397        6.7481
BFGS:  308 20:51:25    -1121.175252        6.4942
BFGS:  309 20:51:25    -1121.186288        6.1344
BFGS:  310 20:51:25    -1121.183785        5.4479
BFGS:  311 20:51:25    -1121.200587        5.7468
BFGS:  312 20:51:25    -1121.203682        5.8561
BFGS:  313 20:51:25    -1121.208624        6.0516
BFGS:  314 20:51:25    -1121.209641        6.1428
BFGS:  315 20:51:26    -1121.211338        6.0512
BFGS:  316 20:51:26    -1121.211941        6.0019
BFGS:  317 20:51:26    -1121.212474        5.9374
BFGS:  318 20:51:26    -1121.212701        5.9253
BFGS:  319 20:51:26    -1121.212868        5.9145
BFGS:  320 20:51:26    -1121.212944        5.9215
BFGS:  321 20:51:26    -1121.213021        5.9250
BFGS:  322 20:51:26    -1121.213061        5.9250
BFGS:  323 20:51:26    -1121.213115        5.9146
BFGS:  324 20:51:26    -1121.213139        5.9051
BFGS:  325 20:51:26    -1121.213158        5.8960
BFGS:  326 20:51:26    -1121.213171        5.8919
BFGS:  327 20:51:26    -1121.213182        5.8934
BFGS:  328 20:51:26    -1121.213189        5.8981
BFGS:  329 20:51:26    -1121.213192        5.9049
BFGS:  330 20:51:26    -1121.213194        5.9088
BFGS:  331 20:51:26    -1121.213195        5.9122
BFGS:  332 20:51:26    -1121.213195        5.9132
BFGS:  333 20:51:26    -1121.213195        5.9139
BFGS:  334 20:51:26    -1121.213195        5.9135
BFGS:  335 20:51:26    -1121.213196        5.9128
