      Step     Time          Energy         fmax
BFGS:    0 20:40:14     -866.682776       85.8893
BFGS:    1 20:40:14     -883.126452       71.4740
BFGS:    2 20:40:14     -901.889778       64.6260
BFGS:    3 20:40:14     -917.290406       56.5251
BFGS:    4 20:40:14     -928.511402       60.6514
BFGS:    5 20:40:14     -937.095443       52.1438
BFGS:    6 20:40:14     -944.879529       51.9146
BFGS:    7 20:40:14     -952.923293       48.5136
BFGS:    8 20:40:14     -961.011689       48.3438
BFGS:    9 20:40:14     -969.415711       46.0273
BFGS:   10 20:40:14     -977.749600       44.3119
BFGS:   11 20:40:14     -986.282663       44.2627
BFGS:   12 20:40:14     -994.335587       44.0967
BFGS:   13 20:40:14    -1001.988590       42.4651
BFGS:   14 20:40:14    -1009.610486       41.2966
BFGS:   15 20:40:14    -1016.819144       40.2919
BFGS:   16 20:40:14    -1023.520366       38.9116
BFGS:   17 20:40:15    -1029.866855       36.3252
BFGS:   18 20:40:15    -1036.663348       33.6379
BFGS:   19 20:40:15    -1042.846020       31.0352
BFGS:   20 20:40:15    -1048.238770       27.3474
BFGS:   21 20:40:15    -1053.976421       24.9872
BFGS:   22 20:40:15    -1058.447411       22.1936
BFGS:   23 20:40:15    -1062.778741       21.5805
BFGS:   24 20:40:15    -1066.251136       21.1809
BFGS:   25 20:40:15    -1069.636774       20.5925
BFGS:   26 20:40:15    -1072.716425       20.6176
BFGS:   27 20:40:15    -1075.564182       21.0326
BFGS:   28 20:40:15    -1078.364836       21.3233
BFGS:   29 20:40:15    -1081.203955       20.9176
BFGS:   30 20:40:15    -1084.148754       18.2313
BFGS:   31 20:40:15    -1087.531070       16.9714
BFGS:   32 20:40:15    -1090.841610       17.1104
BFGS:   33 20:40:15    -1093.352546       19.1378
BFGS:   34 20:40:15    -1095.689114       18.4144
BFGS:   35 20:40:15    -1097.840273       15.9009
BFGS:   36 20:40:15    -1099.884240       16.5257
BFGS:   37 20:40:15    -1101.764437       15.5424
BFGS:   38 20:40:15    -1103.389648       14.6043
BFGS:   39 20:40:15    -1104.966675       13.0946
BFGS:   40 20:40:15    -1106.330987       12.7461
BFGS:   41 20:40:15    -1107.660236       12.5657
BFGS:   42 20:40:15    -1108.976015       11.9209
BFGS:   43 20:40:15    -1110.241626       12.2508
BFGS:   44 20:40:15    -1111.398381       12.1194
BFGS:   45 20:40:15    -1112.470491       12.0071
BFGS:   46 20:40:15    -1113.437905       11.8746
BFGS:   47 20:40:15    -1114.333968       11.9519
BFGS:   48 20:40:15    -1115.264994       12.1386
BFGS:   49 20:40:15    -1116.129833       13.2044
BFGS:   50 20:40:15    -1117.063708       15.0974
BFGS:   51 20:40:15    -1117.882757       16.4147
BFGS:   52 20:40:16    -1118.649463       16.6712
BFGS:   53 20:40:16    -1119.453425       16.0049
BFGS:   54 20:40:16    -1120.408284       13.5146
BFGS:   55 20:40:16    -1121.236447        9.8238
BFGS:   56 20:40:16    -1122.047318        9.9973
BFGS:   57 20:40:16    -1122.805808        9.4891
BFGS:   58 20:40:16    -1123.528732        9.4581
BFGS:   59 20:40:16    -1124.110624        9.2726
BFGS:   60 20:40:16    -1124.687546        9.0279
BFGS:   61 20:40:16    -1125.255850        8.6476
BFGS:   62 20:40:16    -1125.836085        8.1933
BFGS:   63 20:40:16    -1126.399592        7.6796
BFGS:   64 20:40:16    -1126.901949        7.0931
BFGS:   65 20:40:16    -1127.287440        6.5604
BFGS:   66 20:40:16    -1127.614747        6.2979
BFGS:   67 20:40:16    -1127.896405        6.1993
BFGS:   68 20:40:16    -1128.139694        6.0391
BFGS:   69 20:40:16    -1128.355743        5.9364
BFGS:   70 20:40:16    -1128.555809        5.9051
BFGS:   71 20:40:16    -1128.745714        5.8537
BFGS:   72 20:40:16    -1128.930208        5.7785
BFGS:   73 20:40:16    -1129.111812        5.6814
BFGS:   74 20:40:16    -1129.293525        5.5767
BFGS:   75 20:40:16    -1129.478600        5.4787
BFGS:   76 20:40:16    -1129.668280        5.9975
BFGS:   77 20:40:16    -1129.878303        7.2550
BFGS:   78 20:40:16    -1130.090440        8.2724
BFGS:   79 20:40:16    -1130.302327        8.4117
BFGS:   80 20:40:16    -1130.524548        7.1730
BFGS:   81 20:40:16    -1130.837043        6.9592
BFGS:   82 20:40:16    -1131.130186        6.5790
BFGS:   83 20:40:16    -1131.408060        6.5811
BFGS:   84 20:40:16    -1131.709115        6.5710
BFGS:   85 20:40:16    -1132.055041        6.0975
BFGS:   86 20:40:16    -1132.310246        5.4884
BFGS:   87 20:40:16    -1132.485245        5.4049
BFGS:   88 20:40:16    -1132.585393        4.9091
BFGS:   89 20:40:16    -1132.669648        4.3327
BFGS:   90 20:40:16    -1132.721742        4.4738
BFGS:   91 20:40:16    -1132.770270        4.0324
BFGS:   92 20:40:17    -1132.824661        4.2172
BFGS:   93 20:40:17    -1132.864070        4.1878
BFGS:   94 20:40:17    -1132.906723        4.3840
BFGS:   95 20:40:17    -1132.946780        4.5230
BFGS:   96 20:40:17    -1132.988379        4.6100
BFGS:   97 20:40:17    -1133.042146        4.7088
BFGS:   98 20:40:17    -1133.103563        4.8750
BFGS:   99 20:40:17    -1133.168126        5.0965
BFGS:  100 20:40:17    -1133.232504        5.3043
BFGS:  101 20:40:17    -1133.296192        5.4315
BFGS:  102 20:40:17    -1133.361935        5.7234
BFGS:  103 20:40:17    -1133.442803        5.9903
BFGS:  104 20:40:17    -1133.580228        5.6452
BFGS:  105 20:40:17    -1133.736327        5.2288
BFGS:  106 20:40:17    -1133.963267        5.0924
BFGS:  107 20:40:17    -1134.175480        4.8377
BFGS:  108 20:40:17    -1134.315404        4.9266
BFGS:  109 20:40:17    -1134.405917        4.8242
BFGS:  110 20:40:17    -1134.557285        5.0937
BFGS:  111 20:40:17    -1134.693919        5.2094
BFGS:  112 20:40:17    -1134.842513        5.2311
BFGS:  113 20:40:17    -1134.997570        4.8788
BFGS:  114 20:40:17    -1135.163274        4.2125
BFGS:  115 20:40:17    -1135.334263        3.5662
BFGS:  116 20:40:17    -1135.510267        4.0616
BFGS:  117 20:40:17    -1135.694796        4.5708
BFGS:  118 20:40:17    -1135.907786        4.5187
BFGS:  119 20:40:17    -1136.099818        4.6065
BFGS:  120 20:40:17    -1136.271012        4.3614
BFGS:  121 20:40:17    -1136.431375        3.9608
BFGS:  122 20:40:17    -1136.569932        3.2980
BFGS:  123 20:40:17    -1136.674897        2.7605
BFGS:  124 20:40:17    -1136.767394        2.5099
BFGS:  125 20:40:17    -1136.843206        3.3334
BFGS:  126 20:40:17    -1136.911946        2.9955
BFGS:  127 20:40:17    -1136.984711        2.5895
BFGS:  128 20:40:17    -1137.043553        3.0829
BFGS:  129 20:40:17    -1137.064449        2.1574
BFGS:  130 20:40:18    -1137.075877        2.2125
BFGS:  131 20:40:18    -1137.088602        2.3930
BFGS:  132 20:40:18    -1137.094679        2.3771
BFGS:  133 20:40:18    -1137.097212        2.9886
BFGS:  134 20:40:18    -1137.103458        2.7788
BFGS:  135 20:40:18    -1137.100751        2.6549
BFGS:  136 20:40:18    -1137.113499        2.5590
BFGS:  137 20:40:18    -1137.124270        2.5490
BFGS:  138 20:40:18    -1137.129730        2.4457
BFGS:  139 20:40:18    -1137.146330        2.3739
BFGS:  140 20:40:18    -1137.174149        2.4010
BFGS:  141 20:40:18    -1137.193920        2.1921
BFGS:  142 20:40:18    -1137.235312        2.2089
BFGS:  143 20:40:18    -1137.294346        2.3164
BFGS:  144 20:40:18    -1137.328244        2.0174
BFGS:  145 20:40:18    -1137.364176        2.1682
BFGS:  146 20:40:18    -1137.417150        2.3985
BFGS:  147 20:40:18    -1137.465574        2.6022
BFGS:  148 20:40:18    -1137.513855        2.7707
BFGS:  149 20:40:18    -1137.561279        2.9183
BFGS:  150 20:40:18    -1137.610082        3.0141
BFGS:  151 20:40:18    -1137.661805        3.0377
BFGS:  152 20:40:18    -1137.719533        2.9626
BFGS:  153 20:40:18    -1137.783511        2.8210
BFGS:  154 20:40:18    -1137.849631        2.6644
BFGS:  155 20:40:18    -1137.913417        2.5473
BFGS:  156 20:40:18    -1138.015814        2.5345
BFGS:  157 20:40:18    -1138.152514        2.6638
BFGS:  158 20:40:18    -1138.302063        2.3877
BFGS:  159 20:40:18    -1138.433823        2.2795
BFGS:  160 20:40:18    -1138.529637        2.3746
BFGS:  161 20:40:18    -1138.596808        2.7447
BFGS:  162 20:40:18    -1138.658081        2.9214
BFGS:  163 20:40:18    -1138.734003        3.0262
BFGS:  164 20:40:18    -1138.785245        3.1101
BFGS:  165 20:40:18    -1138.839217        3.0338
BFGS:  166 20:40:18    -1138.885870        2.7453
BFGS:  167 20:40:18    -1138.946462        2.1130
BFGS:  168 20:40:19    -1138.984671        2.2642
BFGS:  169 20:40:19    -1139.026119        2.2858
BFGS:  170 20:40:19    -1139.059153        2.0784
BFGS:  171 20:40:19    -1139.101445        1.6106
BFGS:  172 20:40:19    -1139.152501        1.9223
BFGS:  173 20:40:19    -1139.256032        2.7332
BFGS:  174 20:40:19    -1139.323550        3.1346
BFGS:  175 20:40:19    -1139.409486        2.3424
BFGS:  176 20:40:19    -1139.461600        2.1876
BFGS:  177 20:40:19    -1139.517623        2.0769
BFGS:  178 20:40:19    -1139.568577        3.5428
BFGS:  179 20:40:19    -1139.628715        2.7858
BFGS:  180 20:40:19    -1139.697571        1.9351
BFGS:  181 20:40:19    -1139.744159        1.7426
BFGS:  182 20:40:19    -1139.777937        1.5758
BFGS:  183 20:40:19    -1139.799495        1.2821
BFGS:  184 20:40:19    -1139.810486        1.0811
BFGS:  185 20:40:19    -1139.820207        0.8771
BFGS:  186 20:40:19    -1139.827058        0.7447
BFGS:  187 20:40:19    -1139.833176        0.6317
BFGS:  188 20:40:19    -1139.837083        0.6855
BFGS:  189 20:40:19    -1139.840611        0.6572
BFGS:  190 20:40:19    -1139.843790        0.6084
BFGS:  191 20:40:19    -1139.847104        0.6057
BFGS:  192 20:40:19    -1139.850369        0.5887
BFGS:  193 20:40:19    -1139.853929        0.5776
BFGS:  194 20:40:19    -1139.857905        0.6019
BFGS:  195 20:40:19    -1139.863532        0.7255
BFGS:  196 20:40:19    -1139.871357        0.9114
BFGS:  197 20:40:19    -1139.881755        1.1434
BFGS:  198 20:40:19    -1139.894516        1.2572
BFGS:  199 20:40:19    -1139.914430        1.4128
BFGS:  200 20:40:19    -1139.933510        1.4665
BFGS:  201 20:40:19    -1139.951202        1.3970
BFGS:  202 20:40:19    -1139.947594        1.1792
BFGS:  203 20:40:19    -1139.980394        1.1286
BFGS:  204 20:40:19    -1139.992461        1.0515
BFGS:  205 20:40:19    -1140.005281        0.9667
BFGS:  206 20:40:20    -1140.018866        1.0311
BFGS:  207 20:40:20    -1140.031594        1.1138
BFGS:  208 20:40:20    -1140.045406        1.1117
BFGS:  209 20:40:20    -1140.055965        1.0498
BFGS:  210 20:40:20    -1140.064992        0.9493
BFGS:  211 20:40:20    -1140.073755        0.7779
BFGS:  212 20:40:20    -1140.082422        0.8281
BFGS:  213 20:40:20    -1140.089714        0.7601
BFGS:  214 20:40:20    -1140.093921        0.6126
BFGS:  215 20:40:20    -1140.096894        0.5802
BFGS:  216 20:40:20    -1140.099270        0.5391
BFGS:  217 20:40:20    -1140.101510        0.4951
BFGS:  218 20:40:20    -1140.103890        0.5529
BFGS:  219 20:40:20    -1140.106732        0.5610
BFGS:  220 20:40:20    -1140.110104        0.5416
BFGS:  221 20:40:20    -1140.115308        0.4900
BFGS:  222 20:40:20    -1140.123692        0.6508
BFGS:  223 20:40:20    -1140.128296        0.8378
BFGS:  224 20:40:20    -1140.134426        0.7538
BFGS:  225 20:40:20    -1140.152100        0.7532
BFGS:  226 20:40:20    -1140.159141        0.5888
BFGS:  227 20:40:20    -1140.165392        0.4942
BFGS:  228 20:40:20    -1140.167771        0.4819
BFGS:  229 20:40:20    -1140.168893        0.4839
BFGS:  230 20:40:20    -1140.170354        0.4846
BFGS:  231 20:40:20    -1140.171292        0.4804
BFGS:  232 20:40:20    -1140.172498        0.4763
BFGS:  233 20:40:20    -1140.173619        0.4688
BFGS:  234 20:40:20    -1140.174671        0.4661
BFGS:  235 20:40:20    -1140.175429        0.4640
BFGS:  236 20:40:20    -1140.176020        0.4687
BFGS:  237 20:40:20    -1140.176517        0.4695
BFGS:  238 20:40:20    -1140.176998        0.4705
BFGS:  239 20:40:20    -1140.177433        0.4637
BFGS:  240 20:40:20    -1140.177865        0.4565
BFGS:  241 20:40:20    -1140.178326        0.4447
BFGS:  242 20:40:20    -1140.178865        0.4349
BFGS:  243 20:40:20    -1140.179515        0.4225
BFGS:  244 20:40:21    -1140.180386        0.4108
BFGS:  245 20:40:21    -1140.181607        0.4530
BFGS:  246 20:40:21    -1140.183224        0.4819
BFGS:  247 20:40:21    -1140.185018        0.5291
BFGS:  248 20:40:21    -1140.186633        0.5678
BFGS:  249 20:40:21    -1140.187822        0.5941
BFGS:  250 20:40:21    -1140.188582        0.6015
BFGS:  251 20:40:21    -1140.189030        0.6027
BFGS:  252 20:40:21    -1140.189293        0.6099
BFGS:  253 20:40:21    -1140.189469        0.6167
BFGS:  254 20:40:21    -1140.189657        0.6284
BFGS:  255 20:40:21    -1140.189858        0.6285
BFGS:  256 20:40:21    -1140.190087        0.6199
BFGS:  257 20:40:21    -1140.190298        0.5923
BFGS:  258 20:40:21    -1140.190492        0.5612
BFGS:  259 20:40:21    -1140.190662        0.5323
BFGS:  260 20:40:21    -1140.190807        0.5165
BFGS:  261 20:40:21    -1140.190903        0.5168
BFGS:  262 20:40:21    -1140.190953        0.5265
BFGS:  263 20:40:21    -1140.190978        0.5356
BFGS:  264 20:40:21    -1140.190991        0.5419
BFGS:  265 20:40:21    -1140.190997        0.5448
BFGS:  266 20:40:21    -1140.191001        0.5461
BFGS:  267 20:40:21    -1140.191002        0.5463
BFGS:  268 20:40:21    -1140.191003        0.5461
BFGS:  269 20:40:21    -1140.191003        0.5459
BFGS:  270 20:40:21    -1140.191003        0.5459
BFGS:  271 20:40:21    -1140.191003        0.5459
BFGS:  272 20:40:21    -1140.191003        0.5462
BFGS:  273 20:40:21    -1140.191003        0.5462
BFGS:  274 20:40:21    -1140.191003        0.5463
BFGS:  275 20:40:21    -1140.191003        0.5463
