      Step     Time          Energy         fmax
BFGS:    0 09:12:01      -11.156573       19.3508
BFGS:    1 09:12:01      -12.470936       12.3021
BFGS:    2 09:12:01      -13.362569        7.1391
BFGS:    3 09:12:01      -13.728870        3.9920
BFGS:    4 09:12:01      -13.979462        5.0739
BFGS:    5 09:12:01      -14.261268        8.4296
BFGS:    6 09:12:01      -14.861638       10.0591
BFGS:    7 09:12:01      -15.457751        8.9112
BFGS:    8 09:12:01      -15.869157        5.0231
BFGS:    9 09:12:01      -16.068063        1.7279
BFGS:   10 09:12:01      -16.106667        1.4447
BFGS:   11 09:12:01      -16.109875        1.1163
BFGS:   12 09:12:01      -16.123878        0.1764
BFGS:   13 09:12:01      -16.125138        0.1731
BFGS:   14 09:12:01      -16.143036        0.9372
BFGS:   15 09:12:01      -16.159284        1.6495
BFGS:   16 09:12:01      -16.175083        2.3445
BFGS:   17 09:12:01      -16.193957        3.0169
BFGS:   18 09:12:01      -16.217607        3.7473
BFGS:   19 09:12:01      -16.279302        4.5351
BFGS:   20 09:12:01      -16.426439        5.6762
BFGS:   21 09:12:01      -16.705147        7.3335
BFGS:   22 09:12:01      -17.142377        9.4304
BFGS:   23 09:12:01      -17.702545       10.9275
BFGS:   24 09:12:01      -18.281937       11.3223
BFGS:   25 09:12:01      -18.818323       11.8306
BFGS:   26 09:12:01      -19.344252       13.2166
BFGS:   27 09:12:01      -19.868793       14.5598
BFGS:   28 09:12:01      -20.343550       14.4419
BFGS:   29 09:12:01      -20.714032       13.1495
BFGS:   30 09:12:01      -21.027532       11.2311
BFGS:   31 09:12:01      -21.265785        7.8877
BFGS:   32 09:12:01      -21.468641        6.2112
BFGS:   33 09:12:01      -21.688002        6.4013
BFGS:   34 09:12:01      -22.061676        7.6375
BFGS:   35 09:12:01      -22.567562        7.3248
BFGS:   36 09:12:01      -22.951498        6.2881
BFGS:   37 09:12:01      -23.353463        5.9835
BFGS:   38 09:12:01      -23.630504        4.9922
BFGS:   39 09:12:01      -23.811883        4.1343
BFGS:   40 09:12:01      -23.897648        3.6561
BFGS:   41 09:12:01      -23.923444        3.5314
BFGS:   42 09:12:01      -23.989196        2.7952
BFGS:   43 09:12:01      -24.047037        2.6766
BFGS:   44 09:12:01      -24.097343        2.1815
BFGS:   45 09:12:01      -24.116991        1.5598
BFGS:   46 09:12:01      -24.126982        1.2172
BFGS:   47 09:12:01      -24.134169        0.9699
BFGS:   48 09:12:01      -24.140597        0.9924
BFGS:   49 09:12:01      -24.151089        1.1846
BFGS:   50 09:12:01      -24.176103        1.3819
BFGS:   51 09:12:01      -24.209685        1.8245
BFGS:   52 09:12:01      -24.261404        3.2471
BFGS:   53 09:12:01      -24.362395        5.0706
BFGS:   54 09:12:01      -24.655079        7.5001
BFGS:   55 09:12:01      -25.176789        8.6751
BFGS:   56 09:12:01      -25.623485        7.1195
BFGS:   57 09:12:01      -26.028292        4.8959
BFGS:   58 09:12:01      -26.336537        3.6340
BFGS:   59 09:12:01      -26.560274        3.5925
BFGS:   60 09:12:01      -26.708881        2.6027
BFGS:   61 09:12:01      -26.755899        1.4394
BFGS:   62 09:12:01      -26.771035        0.8946
BFGS:   63 09:12:01      -26.776942        0.3309
BFGS:   64 09:12:01      -26.778238        0.2754
BFGS:   65 09:12:01      -26.778749        0.2276
BFGS:   66 09:12:01      -26.779331        0.1863
BFGS:   67 09:12:01      -26.779654        0.1604
BFGS:   68 09:12:01      -26.779957        0.1278
BFGS:   69 09:12:01      -26.780070        0.1391
BFGS:   70 09:12:01      -26.780158        0.1456
BFGS:   71 09:12:01      -26.780294        0.1554
BFGS:   72 09:12:01      -26.780670        0.2253
BFGS:   73 09:12:01      -26.781613        0.3684
BFGS:   74 09:12:01      -26.784026        0.6126
BFGS:   75 09:12:01      -26.786910        0.7999
BFGS:   76 09:12:01      -26.790574        1.0189
BFGS:   77 09:12:01      -26.795616        1.1971
BFGS:   78 09:12:01      -26.802564        1.3432
BFGS:   79 09:12:01      -26.811767        1.4866
BFGS:   80 09:12:01      -26.823185        1.5862
BFGS:   81 09:12:01      -26.836200        1.6832
BFGS:   82 09:12:01      -26.850312        1.8327
BFGS:   83 09:12:01      -26.865827        2.0630
BFGS:   84 09:12:02      -26.882099        2.4494
BFGS:   85 09:12:02      -26.897892        3.0451
BFGS:   86 09:12:02      -26.913346        3.7923
BFGS:   87 09:12:02      -26.928120        4.6739
BFGS:   88 09:12:02      -26.942317        5.6584
BFGS:   89 09:12:02      -26.957870        6.7156
BFGS:   90 09:12:02      -26.968047        6.9132
BFGS:   91 09:12:02      -26.985805        9.4181
BFGS:   92 09:12:02      -27.007104       12.6900
BFGS:   93 09:12:02      -27.016821       15.4216
BFGS:   94 09:12:02      -27.026612       14.3010
BFGS:   95 09:12:02      -27.034156       14.2107
BFGS:   96 09:12:02      -27.086578       13.1877
BFGS:   97 09:12:02      -27.219208       13.9480
BFGS:   98 09:12:02      -27.456574       13.8760
BFGS:   99 09:12:02      -27.750513       13.6350
BFGS:  100 09:12:02      -27.970310       12.8684
BFGS:  101 09:12:02      -28.218190       12.5204
BFGS:  102 09:12:02      -28.389665       11.4742
BFGS:  103 09:12:02      -28.547078       10.6493
BFGS:  104 09:12:02      -28.658773        9.5752
BFGS:  105 09:12:02      -28.738215        8.7032
BFGS:  106 09:12:02      -28.779410        8.4064
BFGS:  107 09:12:02      -28.788850        8.9572
BFGS:  108 09:12:02      -28.790897        8.9009
BFGS:  109 09:12:02      -28.791523        9.0574
BFGS:  110 09:12:02      -28.791651        9.0868
BFGS:  111 09:12:02      -28.792266        9.2174
BFGS:  112 09:12:02      -28.793377        9.3774
BFGS:  113 09:12:02      -28.796481        9.6467
BFGS:  114 09:12:02      -28.804323       10.0430
BFGS:  115 09:12:02      -28.824527       10.5571
BFGS:  116 09:12:02      -28.873480       11.0258
BFGS:  117 09:12:02      -28.979779       10.7957
BFGS:  118 09:12:02      -29.159613        8.7360
BFGS:  119 09:12:02      -29.357589        4.4799
BFGS:  120 09:12:02      -29.453239        0.9019
BFGS:  121 09:12:02      -29.465531        0.2233
BFGS:  122 09:12:02      -29.466136        0.0352
