      Step     Time          Energy         fmax
BFGS:    0 09:04:30       -7.429516       18.3106
BFGS:    1 09:04:30       -8.589265       10.7982
BFGS:    2 09:04:30       -9.443519        6.5197
BFGS:    3 09:04:30      -10.119547        9.0726
BFGS:    4 09:04:30      -10.732270        9.5566
BFGS:    5 09:04:30      -11.257062        9.9076
BFGS:    6 09:04:30      -11.815161       13.2619
BFGS:    7 09:04:30      -12.221347       20.9920
BFGS:    8 09:04:30      -13.799821       13.8394
BFGS:    9 09:04:30      -14.725147       13.2303
BFGS:   10 09:04:30      -15.510775        9.9265
BFGS:   11 09:04:30      -16.197294        8.3934
BFGS:   12 09:04:30      -16.738023        7.9594
BFGS:   13 09:04:30      -17.261383        9.1312
BFGS:   14 09:04:30      -17.924602       10.7357
BFGS:   15 09:04:30      -18.579551        9.0222
BFGS:   16 09:04:30      -19.000433        5.4175
BFGS:   17 09:04:30      -19.212406        2.8857
BFGS:   18 09:04:30      -19.269925        2.1815
BFGS:   19 09:04:30      -19.392947        2.8630
BFGS:   20 09:04:30      -19.535983        5.6101
BFGS:   21 09:04:30      -19.831452        7.1024
BFGS:   22 09:04:30      -20.073182        9.0755
BFGS:   23 09:04:30      -20.299504        9.5752
BFGS:   24 09:04:30      -20.560810        8.2600
BFGS:   25 09:04:30      -20.827536        5.9154
BFGS:   26 09:04:30      -21.080845        6.2486
BFGS:   27 09:04:30      -21.315730        6.3070
BFGS:   28 09:04:30      -21.549312        6.3689
BFGS:   29 09:04:30      -21.772045        6.6002
BFGS:   30 09:04:30      -22.238758        7.5588
BFGS:   31 09:04:30      -22.878211       11.5116
BFGS:   32 09:04:30      -23.705044       15.0730
BFGS:   33 09:04:30      -24.657574       16.5823
BFGS:   34 09:04:30      -25.509061       13.6721
BFGS:   35 09:04:30      -26.131991        7.6835
BFGS:   36 09:04:30      -26.392814        5.6526
BFGS:   37 09:04:30      -26.444102        5.2522
BFGS:   38 09:04:30      -26.494996        4.0597
BFGS:   39 09:04:30      -26.505406        4.0021
BFGS:   40 09:04:30      -26.517897        3.3640
BFGS:   41 09:04:30      -26.522460        3.4241
BFGS:   42 09:04:30      -26.539567        3.6648
BFGS:   43 09:04:30      -26.554352        3.6531
BFGS:   44 09:04:30      -26.571435        3.4610
BFGS:   45 09:04:30      -26.588790        3.3884
BFGS:   46 09:04:30      -26.605779        3.3146
BFGS:   47 09:04:30      -26.622529        3.1534
BFGS:   48 09:04:30      -26.640891        2.9515
BFGS:   49 09:04:30      -26.665624        3.2056
BFGS:   50 09:04:30      -26.701691        3.0620
BFGS:   51 09:04:30      -26.725418        2.5882
BFGS:   52 09:04:30      -26.738777        2.0647
BFGS:   53 09:04:30      -26.743713        2.3162
BFGS:   54 09:04:30      -26.746121        2.4851
BFGS:   55 09:04:31      -26.747184        2.5389
BFGS:   56 09:04:31      -26.748187        2.5737
BFGS:   57 09:04:31      -26.748754        2.5533
BFGS:   58 09:04:31      -26.750110        2.4345
BFGS:   59 09:04:31      -26.751919        2.2679
BFGS:   60 09:04:31      -26.755669        2.1537
BFGS:   61 09:04:31      -26.761317        2.2712
BFGS:   62 09:04:31      -26.768300        2.3234
BFGS:   63 09:04:31      -26.774670        2.1288
BFGS:   64 09:04:31      -26.779637        1.7057
BFGS:   65 09:04:31      -26.782747        1.4878
BFGS:   66 09:04:31      -26.784511        1.4902
BFGS:   67 09:04:31      -26.785232        1.5162
BFGS:   68 09:04:31      -26.785522        1.4705
BFGS:   69 09:04:31      -26.785675        1.4209
BFGS:   70 09:04:31      -26.785742        1.3957
BFGS:   71 09:04:31      -26.785780        1.3698
BFGS:   72 09:04:31      -26.785783        1.3698
BFGS:   73 09:04:31      -26.785786        1.3718
BFGS:   74 09:04:31      -26.785787        1.3722
BFGS:   75 09:04:31      -26.785789        1.3737
BFGS:   76 09:04:31      -26.785792        1.3749
BFGS:   77 09:04:31      -26.785800        1.3771
BFGS:   78 09:04:31      -26.785820        1.3800
BFGS:   79 09:04:31      -26.785873        1.3844
BFGS:   80 09:04:31      -26.786011        1.3899
BFGS:   81 09:04:31      -26.786369        1.3946
BFGS:   82 09:04:31      -26.787269        1.3899
BFGS:   83 09:04:31      -26.789399        1.3486
BFGS:   84 09:04:31      -26.793700        1.2023
BFGS:   85 09:04:31      -26.799834        0.8640
BFGS:   86 09:04:31      -26.805417        0.4160
BFGS:   87 09:04:31      -26.808723        0.2224
BFGS:   88 09:04:31      -26.811662        0.1619
BFGS:   89 09:04:31      -26.814307        0.2511
BFGS:   90 09:04:31      -26.816518        0.4320
BFGS:   91 09:04:31      -26.818342        0.6522
BFGS:   92 09:04:31      -26.820476        0.7872
BFGS:   93 09:04:31      -26.823706        0.7871
BFGS:   94 09:04:31      -26.827684        0.8026
BFGS:   95 09:04:31      -26.832593        0.8616
BFGS:   96 09:04:31      -26.837991        0.8937
BFGS:   97 09:04:31      -26.844744        0.9188
BFGS:   98 09:04:31      -26.851180        0.9338
BFGS:   99 09:04:31      -26.858617        1.0303
BFGS:  100 09:04:31      -26.866612        1.2385
BFGS:  101 09:04:31      -26.875108        1.5230
BFGS:  102 09:04:31      -26.884148        1.8871
BFGS:  103 09:04:31      -26.893897        2.3356
BFGS:  104 09:04:31      -26.904665        2.8798
BFGS:  105 09:04:31      -26.916867        3.5435
BFGS:  106 09:04:31      -26.930871        4.3659
BFGS:  107 09:04:31      -26.946797        5.3959
BFGS:  108 09:04:31      -26.964382        6.6737
BFGS:  109 09:04:31      -26.983145        8.2126
BFGS:  110 09:04:31      -27.002675        9.9910
BFGS:  111 09:04:31      -27.022726       11.9357
BFGS:  112 09:04:31      -27.043492       13.9010
BFGS:  113 09:04:31      -27.066827       15.6567
BFGS:  114 09:04:31      -27.100697       16.9182
BFGS:  115 09:04:31      -27.172403       17.4649
BFGS:  116 09:04:31      -27.375004       17.2186
BFGS:  117 09:04:31      -27.696450       15.4050
BFGS:  118 09:04:31      -27.914243       15.0332
BFGS:  119 09:04:31      -28.376595       15.4254
BFGS:  120 09:04:31      -28.763742       13.9053
BFGS:  121 09:04:31      -29.360199        3.8800
BFGS:  122 09:04:31      -29.435101        1.2378
BFGS:  123 09:04:31      -29.446193        0.3383
BFGS:  124 09:04:31      -29.446811        0.3193
BFGS:  125 09:04:31      -29.447995        0.2847
BFGS:  126 09:04:31      -29.449017        0.2804
BFGS:  127 09:04:31      -29.449596        0.1577
BFGS:  128 09:04:31      -29.449689        0.0404
