      Step     Time          Energy         fmax
BFGS:    0 20:46:30     -860.294324       35.6764
BFGS:    1 20:46:30     -867.917398       31.6047
BFGS:    2 20:46:30     -873.669282       27.8438
BFGS:    3 20:46:30     -878.842697       22.4676
BFGS:    4 20:46:30     -883.006114       19.1135
BFGS:    5 20:46:30     -885.957503       15.7323
BFGS:    6 20:46:30     -888.316884       15.6550
BFGS:    7 20:46:30     -890.580837       17.1032
BFGS:    8 20:46:30     -892.597508       16.2160
BFGS:    9 20:46:30     -894.720626       14.1354
BFGS:   10 20:46:30     -897.117699       10.0482
BFGS:   11 20:46:30     -898.970845       11.2960
BFGS:   12 20:46:30     -900.590197       12.2016
BFGS:   13 20:46:30     -902.211779       11.5469
BFGS:   14 20:46:30     -903.955123       12.3229
BFGS:   15 20:46:30     -905.595712       19.1261
BFGS:   16 20:46:31     -906.825672       14.4076
BFGS:   17 20:46:31     -908.032907       27.5690
BFGS:   18 20:46:31     -908.751239       19.2335
BFGS:   19 20:46:31     -909.635903       19.8623
BFGS:   20 20:46:31     -910.602813       15.8322
BFGS:   21 20:46:31     -911.679185       14.3358
BFGS:   22 20:46:31     -912.758680       12.7672
BFGS:   23 20:46:31     -913.825450       15.3900
BFGS:   24 20:46:31     -914.923262       18.3525
BFGS:   25 20:46:31     -916.041369       21.0594
BFGS:   26 20:46:31     -917.240631       23.4614
BFGS:   27 20:46:31     -918.487590       26.1011
BFGS:   28 20:46:31     -919.676597       27.1467
BFGS:   29 20:46:31     -920.842118       27.1006
BFGS:   30 20:46:31     -921.955172       27.0034
BFGS:   31 20:46:31     -923.038341       24.5674
BFGS:   32 20:46:31     -924.127570       20.8316
BFGS:   33 20:46:31     -925.187902       20.6207
BFGS:   34 20:46:31     -926.224566       21.7895
BFGS:   35 20:46:32     -927.272562       23.0449
BFGS:   36 20:46:32     -928.254468       22.7203
BFGS:   37 20:46:32     -929.197855       22.1588
BFGS:   38 20:46:32     -930.317206       19.1215
BFGS:   39 20:46:32     -931.415021       19.7344
BFGS:   40 20:46:32     -932.329226       14.1863
BFGS:   41 20:46:32     -933.210755       14.5165
BFGS:   42 20:46:32     -933.976874       11.9151
BFGS:   43 20:46:32     -934.653643       13.5461
BFGS:   44 20:46:32     -935.303725       11.2888
BFGS:   45 20:46:32     -935.917510       11.7803
BFGS:   46 20:46:32     -936.506265       11.4371
BFGS:   47 20:46:32     -937.074345       11.7081
BFGS:   48 20:46:32     -937.649182       11.1431
BFGS:   49 20:46:32     -938.172184       10.6787
BFGS:   50 20:46:32     -938.711688       10.0270
BFGS:   51 20:46:32     -939.237764        9.3950
BFGS:   52 20:46:32     -939.698102        8.5762
BFGS:   53 20:46:32     -940.110737        7.6442
BFGS:   54 20:46:33     -940.456910        6.5882
BFGS:   55 20:46:33     -940.725159        6.4141
BFGS:   56 20:46:33     -940.924985        5.4416
BFGS:   57 20:46:33     -941.110422        5.6871
BFGS:   58 20:46:33     -941.302451        6.2384
BFGS:   59 20:46:33     -941.499232        6.5827
BFGS:   60 20:46:33     -941.701538        6.6783
BFGS:   61 20:46:33     -941.906584        6.8634
BFGS:   62 20:46:33     -942.114032        6.7421
BFGS:   63 20:46:33     -942.321746        6.7808
BFGS:   64 20:46:33     -942.529251        6.5800
BFGS:   65 20:46:33     -942.737231        6.4854
BFGS:   66 20:46:33     -942.946063        6.4267
BFGS:   67 20:46:33     -943.155468        6.3456
BFGS:   68 20:46:33     -943.372255        6.3294
BFGS:   69 20:46:33     -943.589755        6.2872
BFGS:   70 20:46:33     -943.808483        7.3938
BFGS:   71 20:46:33     -944.022123        8.7960
BFGS:   72 20:46:33     -944.231140       10.2674
BFGS:   73 20:46:34     -944.429489       11.5148
BFGS:   74 20:46:34     -944.626852       12.6517
BFGS:   75 20:46:34     -944.828064       12.9073
BFGS:   76 20:46:34     -945.091694       12.7859
BFGS:   77 20:46:34     -945.397129       11.2556
BFGS:   78 20:46:34     -945.659139       10.5624
BFGS:   79 20:46:34     -945.850174       10.3371
BFGS:   80 20:46:34     -946.014100       10.3781
BFGS:   81 20:46:34     -946.170176       10.3021
BFGS:   82 20:46:34     -946.330907       10.1445
BFGS:   83 20:46:34     -946.499544        9.9545
BFGS:   84 20:46:34     -946.682344        9.6992
BFGS:   85 20:46:34     -946.882213        9.4101
BFGS:   86 20:46:34     -947.096704       10.4743
BFGS:   87 20:46:34     -947.312535       12.2906
BFGS:   88 20:46:34     -947.513126       14.2077
BFGS:   89 20:46:34     -947.703812       16.0954
BFGS:   90 20:46:34     -947.933981       17.7523
BFGS:   91 20:46:35     -948.230068       19.3625
BFGS:   92 20:46:35     -948.540580       20.0596
BFGS:   93 20:46:35     -948.857920       20.6273
BFGS:   94 20:46:35     -949.191650       20.5073
BFGS:   95 20:46:35     -949.524478       20.1061
BFGS:   96 20:46:35     -949.872828       19.8264
BFGS:   97 20:46:35     -950.395382       18.5167
BFGS:   98 20:46:35     -950.814702       14.7586
BFGS:   99 20:46:35     -951.582688       14.1096
BFGS:  100 20:46:35     -952.438384       12.8103
BFGS:  101 20:46:35     -953.430957       12.0562
BFGS:  102 20:46:35     -954.401949       13.5772
BFGS:  103 20:46:35     -955.488563       17.9100
BFGS:  104 20:46:35     -956.535350       21.4738
BFGS:  105 20:46:35     -957.711336       27.3044
BFGS:  106 20:46:35     -959.527884       28.8273
BFGS:  107 20:46:35     -962.899792       33.1415
BFGS:  108 20:46:35     -964.746520       40.0727
BFGS:  109 20:46:35     -969.790661       41.5233
BFGS:  110 20:46:36     -975.459894       43.1038
BFGS:  111 20:46:36     -984.256203       49.5902
BFGS:  112 20:46:36     -991.784344       52.7957
BFGS:  113 20:46:36     -997.894982       52.2724
BFGS:  114 20:46:36    -1005.118153       45.3181
BFGS:  115 20:46:36    -1011.327979       35.0090
BFGS:  116 20:46:36    -1015.349908       23.5711
BFGS:  117 20:46:36    -1017.374047       11.6057
BFGS:  118 20:46:36    -1018.414230        9.7619
BFGS:  119 20:46:36    -1019.150605        7.5587
BFGS:  120 20:46:36    -1019.661579        5.4461
BFGS:  121 20:46:36    -1020.012210        4.6695
BFGS:  122 20:46:36    -1020.231929        3.7179
BFGS:  123 20:46:36    -1020.362615        2.7884
BFGS:  124 20:46:36    -1020.423957        2.3396
BFGS:  125 20:46:36    -1020.498553        2.0874
BFGS:  126 20:46:36    -1020.570605        2.4184
BFGS:  127 20:46:36    -1020.627035        2.3397
BFGS:  128 20:46:37    -1020.696902        1.9222
BFGS:  129 20:46:37    -1020.802006        2.0582
BFGS:  130 20:46:37    -1020.872936        2.5578
BFGS:  131 20:46:37    -1020.954506        2.9290
BFGS:  132 20:46:37    -1021.084906        3.3501
BFGS:  133 20:46:37    -1021.220834        3.2785
BFGS:  134 20:46:37    -1021.362553        3.0015
BFGS:  135 20:46:37    -1021.490911        2.6806
BFGS:  136 20:46:37    -1021.633511        2.3678
BFGS:  137 20:46:37    -1021.752801        2.2519
BFGS:  138 20:46:37    -1021.881713        2.2266
BFGS:  139 20:46:37    -1022.000209        2.1584
BFGS:  140 20:46:37    -1022.112248        2.0770
BFGS:  141 20:46:37    -1022.221960        1.9873
BFGS:  142 20:46:37    -1022.320214        1.9124
BFGS:  143 20:46:37    -1022.420683        1.8557
BFGS:  144 20:46:37    -1022.511761        1.8212
BFGS:  145 20:46:38    -1022.603816        1.7943
BFGS:  146 20:46:38    -1022.699187        1.7379
BFGS:  147 20:46:38    -1022.784940        1.6715
BFGS:  148 20:46:38    -1022.869643        1.5857
BFGS:  149 20:46:38    -1022.952376        1.5144
BFGS:  150 20:46:38    -1023.034196        1.5153
BFGS:  151 20:46:38    -1023.114445        1.4837
BFGS:  152 20:46:38    -1023.191737        1.4261
BFGS:  153 20:46:38    -1023.263115        1.3456
BFGS:  154 20:46:38    -1023.329697        1.2227
BFGS:  155 20:46:38    -1023.389682        1.0631
BFGS:  156 20:46:38    -1023.443568        0.8684
BFGS:  157 20:46:38    -1023.490208        0.6665
BFGS:  158 20:46:38    -1023.530606        0.6108
BFGS:  159 20:46:38    -1023.562711        0.5733
BFGS:  160 20:46:38    -1023.588272        0.5620
BFGS:  161 20:46:38    -1023.611237        0.5444
BFGS:  162 20:46:39    -1023.635058        0.5434
BFGS:  163 20:46:39    -1023.657189        0.4647
BFGS:  164 20:46:39    -1023.680418        0.4270
BFGS:  165 20:46:39    -1023.702888        0.3469
BFGS:  166 20:46:39    -1023.720641        0.2573
BFGS:  167 20:46:39    -1023.732002        0.1998
BFGS:  168 20:46:39    -1023.737983        0.1958
BFGS:  169 20:46:39    -1023.742141        0.1835
BFGS:  170 20:46:39    -1023.749123        0.1702
BFGS:  171 20:46:39    -1023.752927        0.1696
BFGS:  172 20:46:39    -1023.754733        0.1757
BFGS:  173 20:46:39    -1023.755736        0.1815
BFGS:  174 20:46:39    -1023.757766        0.1798
BFGS:  175 20:46:39    -1023.762913        0.1882
BFGS:  176 20:46:39    -1023.772387        0.1683
BFGS:  177 20:46:39    -1023.781211        0.0861
