      Step     Time          Energy         fmax
BFGS:    0 20:41:09     -931.168766      154.8833
BFGS:    1 20:41:09     -959.773121      135.3967
BFGS:    2 20:41:09     -974.489836      120.2925
BFGS:    3 20:41:09     -986.381586      108.2868
BFGS:    4 20:41:09     -995.013672      102.0659
BFGS:    5 20:41:09    -1000.989569       93.3048
BFGS:    6 20:41:09    -1006.342841       84.6306
BFGS:    7 20:41:09    -1013.150324       73.6439
BFGS:    8 20:41:09    -1020.572678       66.5713
BFGS:    9 20:41:09    -1028.999946       63.7670
BFGS:   10 20:41:09    -1035.832092       50.0920
BFGS:   11 20:41:09    -1039.594493       42.9540
BFGS:   12 20:41:09    -1043.342326       37.9921
BFGS:   13 20:41:09    -1045.896784       35.0879
BFGS:   14 20:41:09    -1048.054273       33.5047
BFGS:   15 20:41:09    -1050.055397       31.8397
BFGS:   16 20:41:09    -1052.009201       30.5004
BFGS:   17 20:41:09    -1053.992933       28.6969
BFGS:   18 20:41:09    -1055.949603       27.2764
BFGS:   19 20:41:09    -1057.923660       25.2541
BFGS:   20 20:41:09    -1059.856083       23.8190
BFGS:   21 20:41:09    -1061.784417       21.7303
BFGS:   22 20:41:10    -1063.714790       20.1533
BFGS:   23 20:41:10    -1065.563154       18.3583
BFGS:   24 20:41:10    -1067.387323       16.7186
BFGS:   25 20:41:10    -1069.020737       15.0470
BFGS:   26 20:41:10    -1070.584531       13.3124
BFGS:   27 20:41:10    -1072.021702       11.9224
BFGS:   28 20:41:10    -1073.431932       10.9442
BFGS:   29 20:41:10    -1074.811048       10.3374
BFGS:   30 20:41:10    -1076.104836        9.8249
BFGS:   31 20:41:10    -1077.240738        9.6011
BFGS:   32 20:41:10    -1078.272615        9.2135
BFGS:   33 20:41:10    -1079.242577        8.6588
BFGS:   34 20:41:10    -1080.234126        8.0173
BFGS:   35 20:41:10    -1081.190758        7.4321
BFGS:   36 20:41:10    -1081.922432        7.0465
BFGS:   37 20:41:10    -1082.573892        6.7107
BFGS:   38 20:41:10    -1083.217535        6.3691
BFGS:   39 20:41:10    -1083.768238        6.0998
BFGS:   40 20:41:10    -1084.253071        5.8628
BFGS:   41 20:41:10    -1084.716420        5.4814
BFGS:   42 20:41:10    -1085.126406        4.8653
BFGS:   43 20:41:10    -1085.472539        4.3342
BFGS:   44 20:41:10    -1085.775321        4.3517
BFGS:   45 20:41:10    -1086.042870        4.4218
BFGS:   46 20:41:10    -1086.324533        4.4126
BFGS:   47 20:41:10    -1086.649569        4.1474
BFGS:   48 20:41:10    -1087.010587        4.2611
BFGS:   49 20:41:10    -1087.309128        3.9310
BFGS:   50 20:41:10    -1087.554719        3.2013
BFGS:   51 20:41:10    -1087.768743        2.5903
BFGS:   52 20:41:10    -1087.947001        2.4570
BFGS:   53 20:41:10    -1088.092334        2.8239
BFGS:   54 20:41:10    -1088.184262        2.7921
BFGS:   55 20:41:11    -1088.285998        2.7258
BFGS:   56 20:41:11    -1088.367702        2.5061
BFGS:   57 20:41:11    -1088.438795        2.4044
BFGS:   58 20:41:11    -1088.498473        2.6401
BFGS:   59 20:41:11    -1088.568390        3.0442
BFGS:   60 20:41:11    -1088.670062        3.4811
BFGS:   61 20:41:11    -1088.758390        2.9927
BFGS:   62 20:41:11    -1088.827877        2.9661
BFGS:   63 20:41:11    -1088.931469        3.0001
BFGS:   64 20:41:11    -1089.032443        2.4744
BFGS:   65 20:41:11    -1089.122717        1.8759
BFGS:   66 20:41:11    -1089.152721        2.1326
BFGS:   67 20:41:11    -1089.198430        2.2445
BFGS:   68 20:41:11    -1089.239786        2.6348
BFGS:   69 20:41:11    -1089.283108        3.0352
BFGS:   70 20:41:11    -1089.398639        4.3868
BFGS:   71 20:41:11    -1089.505290        6.3230
BFGS:   72 20:41:11    -1089.637297        8.4241
BFGS:   73 20:41:11    -1089.724015        9.4454
BFGS:   74 20:41:11    -1089.814635        9.6301
BFGS:   75 20:41:11    -1089.988836        9.7261
BFGS:   76 20:41:11    -1090.148798        9.4283
BFGS:   77 20:41:11    -1090.333694        8.0973
BFGS:   78 20:41:11    -1090.469556        6.5680
BFGS:   79 20:41:11    -1090.561616        5.8264
BFGS:   80 20:41:11    -1090.679350        4.9914
BFGS:   81 20:41:11    -1090.784211        4.9330
BFGS:   82 20:41:11    -1090.871060        5.1339
BFGS:   83 20:41:11    -1090.968284        5.0659
BFGS:   84 20:41:11    -1091.067723        5.0101
BFGS:   85 20:41:11    -1091.167122        4.9135
BFGS:   86 20:41:11    -1091.264845        4.8214
BFGS:   87 20:41:11    -1091.359624        4.6944
BFGS:   88 20:41:11    -1091.452942        4.5812
BFGS:   89 20:41:12    -1091.545075        4.4647
BFGS:   90 20:41:12    -1091.637465        4.3616
BFGS:   91 20:41:12    -1091.727382        4.2510
BFGS:   92 20:41:12    -1091.821604        4.0964
BFGS:   93 20:41:12    -1092.004073        3.8471
BFGS:   94 20:41:12    -1092.151738        3.6577
BFGS:   95 20:41:12    -1092.330997        3.3473
BFGS:   96 20:41:12    -1092.491823        3.1410
BFGS:   97 20:41:12    -1092.688934        2.8920
BFGS:   98 20:41:12    -1092.823896        2.9654
BFGS:   99 20:41:12    -1092.972013        2.9927
BFGS:  100 20:41:12    -1093.091491        2.9559
BFGS:  101 20:41:12    -1093.263780        2.8604
BFGS:  102 20:41:12    -1093.404217        2.9142
BFGS:  103 20:41:12    -1093.578824        3.7735
BFGS:  104 20:41:12    -1093.677777        4.3651
BFGS:  105 20:41:12    -1094.001868        4.0581
BFGS:  106 20:41:12    -1094.271940        4.4048
BFGS:  107 20:41:12    -1094.444161        4.6252
BFGS:  108 20:41:12    -1094.561777        4.2304
BFGS:  109 20:41:12    -1094.669167        4.0104
BFGS:  110 20:41:12    -1094.765245        3.8031
BFGS:  111 20:41:12    -1094.854669        3.6085
BFGS:  112 20:41:12    -1094.938330        3.4565
BFGS:  113 20:41:12    -1095.017636        3.2745
BFGS:  114 20:41:12    -1095.094750        3.1300
BFGS:  115 20:41:12    -1095.169874        2.9290
BFGS:  116 20:41:12    -1095.245272        2.7670
BFGS:  117 20:41:12    -1095.318367        2.7884
BFGS:  118 20:41:12    -1095.392539        2.8158
BFGS:  119 20:41:12    -1095.451828        2.9713
BFGS:  120 20:41:12    -1095.482848        3.1449
BFGS:  121 20:41:12    -1095.507766        2.9406
BFGS:  122 20:41:12    -1095.535264        2.6293
BFGS:  123 20:41:12    -1095.556828        2.2559
BFGS:  124 20:41:13    -1095.583610        2.0273
BFGS:  125 20:41:13    -1095.606619        2.0422
BFGS:  126 20:41:13    -1095.630277        2.0804
BFGS:  127 20:41:13    -1095.651449        1.9838
BFGS:  128 20:41:13    -1095.663636        1.9711
BFGS:  129 20:41:13    -1095.669982        1.9053
BFGS:  130 20:41:13    -1095.675010        1.9212
BFGS:  131 20:41:13    -1095.679679        1.9796
BFGS:  132 20:41:13    -1095.684720        1.9938
BFGS:  133 20:41:13    -1095.690534        2.1279
BFGS:  134 20:41:13    -1095.698970        2.3641
BFGS:  135 20:41:13    -1095.707331        2.5454
BFGS:  136 20:41:13    -1095.714690        2.5858
BFGS:  137 20:41:13    -1095.720394        2.5040
BFGS:  138 20:41:13    -1095.724781        2.3966
BFGS:  139 20:41:13    -1095.728695        2.3208
BFGS:  140 20:41:13    -1095.732094        2.2658
BFGS:  141 20:41:13    -1095.735297        2.2803
BFGS:  142 20:41:13    -1095.737936        2.2391
BFGS:  143 20:41:13    -1095.740680        2.1627
BFGS:  144 20:41:13    -1095.743572        1.9938
BFGS:  145 20:41:13    -1095.746709        1.8006
BFGS:  146 20:41:13    -1095.750050        1.6011
BFGS:  147 20:41:13    -1095.754391        1.4088
BFGS:  148 20:41:13    -1095.760519        1.2216
BFGS:  149 20:41:13    -1095.769099        1.0891
BFGS:  150 20:41:13    -1095.779028        1.0973
BFGS:  151 20:41:13    -1095.788581        1.2284
BFGS:  152 20:41:13    -1095.796187        1.3052
BFGS:  153 20:41:13    -1095.802265        1.2337
BFGS:  154 20:41:13    -1095.809048        1.0588
BFGS:  155 20:41:13    -1095.816222        0.8905
BFGS:  156 20:41:13    -1095.823633        0.8464
BFGS:  157 20:41:13    -1095.831018        0.7302
BFGS:  158 20:41:14    -1095.838467        0.6073
BFGS:  159 20:41:14    -1095.846688        0.6475
BFGS:  160 20:41:14    -1095.858033        0.7398
BFGS:  161 20:41:14    -1095.896184        0.9021
BFGS:  162 20:41:14    -1095.956940        1.0956
BFGS:  163 20:41:14    -1096.026250        1.4863
BFGS:  164 20:41:14    -1096.087681        1.8470
BFGS:  165 20:41:14    -1096.140630        1.5843
BFGS:  166 20:41:14    -1096.186461        1.0405
BFGS:  167 20:41:14    -1096.217709        1.2681
BFGS:  168 20:41:14    -1096.241155        1.2029
BFGS:  169 20:41:14    -1096.265049        1.0092
BFGS:  170 20:41:14    -1096.283646        1.1339
BFGS:  171 20:41:14    -1096.301257        1.1562
BFGS:  172 20:41:14    -1096.317581        1.2798
BFGS:  173 20:41:14    -1096.345428        1.4905
BFGS:  174 20:41:14    -1096.379419        1.7199
BFGS:  175 20:41:14    -1096.483182        2.1912
BFGS:  176 20:41:14    -1096.589850        2.7382
BFGS:  177 20:41:14    -1096.677837        3.2985
BFGS:  178 20:41:14    -1096.759570        3.5839
BFGS:  179 20:41:14    -1096.916115        3.3313
BFGS:  180 20:41:14    -1097.148889        3.1507
BFGS:  181 20:41:14    -1097.387129        3.2459
BFGS:  182 20:41:14    -1097.624440        3.3152
BFGS:  183 20:41:14    -1097.848418        3.1863
BFGS:  184 20:41:14    -1098.037273        2.5491
BFGS:  185 20:41:14    -1098.157231        2.4826
BFGS:  186 20:41:14    -1098.251219        2.3578
BFGS:  187 20:41:14    -1098.332555        2.4299
BFGS:  188 20:41:14    -1098.402612        2.7518
BFGS:  189 20:41:14    -1098.465590        2.8875
BFGS:  190 20:41:14    -1098.527247        2.9680
BFGS:  191 20:41:14    -1098.588258        2.4895
BFGS:  192 20:41:14    -1098.645766        2.2108
BFGS:  193 20:41:15    -1098.717265        1.9422
BFGS:  194 20:41:15    -1098.789258        1.4731
BFGS:  195 20:41:15    -1098.857353        1.7419
BFGS:  196 20:41:15    -1098.900206        1.6944
BFGS:  197 20:41:15    -1098.937176        1.7489
BFGS:  198 20:41:15    -1098.968392        1.5061
BFGS:  199 20:41:15    -1098.982857        1.3684
BFGS:  200 20:41:15    -1098.991933        1.4311
BFGS:  201 20:41:15    -1098.998517        1.6148
BFGS:  202 20:41:15    -1099.004889        1.7006
BFGS:  203 20:41:15    -1099.009542        1.6154
BFGS:  204 20:41:15    -1099.014434        1.4354
BFGS:  205 20:41:15    -1099.016196        1.4040
BFGS:  206 20:41:15    -1099.017143        1.4163
BFGS:  207 20:41:15    -1099.017872        1.4509
BFGS:  208 20:41:15    -1099.018673        1.4563
BFGS:  209 20:41:15    -1099.019777        1.4212
BFGS:  210 20:41:15    -1099.026026        1.2337
BFGS:  211 20:41:15    -1099.044450        1.0801
BFGS:  212 20:41:15    -1099.075781        0.9763
BFGS:  213 20:41:15    -1099.108978        1.3197
BFGS:  214 20:41:15    -1099.132737        1.5611
BFGS:  215 20:41:15    -1099.161849        1.2379
BFGS:  216 20:41:15    -1099.185576        1.2596
BFGS:  217 20:41:15    -1099.198342        1.3988
BFGS:  218 20:41:15    -1099.207568        1.4218
BFGS:  219 20:41:15    -1099.211734        1.3253
BFGS:  220 20:41:15    -1099.214701        1.2515
BFGS:  221 20:41:15    -1099.216505        1.1784
BFGS:  222 20:41:15    -1099.217676        1.1169
BFGS:  223 20:41:15    -1099.218319        1.1031
BFGS:  224 20:41:15    -1099.218656        1.1330
BFGS:  225 20:41:15    -1099.218879        1.1633
BFGS:  226 20:41:15    -1099.219028        1.1807
BFGS:  227 20:41:16    -1099.219114        1.1849
BFGS:  228 20:41:16    -1099.219162        1.1823
BFGS:  229 20:41:16    -1099.219189        1.1787
BFGS:  230 20:41:16    -1099.219204        1.1762
BFGS:  231 20:41:16    -1099.219213        1.1762
BFGS:  232 20:41:16    -1099.219218        1.1778
BFGS:  233 20:41:16    -1099.219220        1.1800
BFGS:  234 20:41:16    -1099.219222        1.1813
BFGS:  235 20:41:16    -1099.219222        1.1820
BFGS:  236 20:41:16    -1099.219223        1.1819
BFGS:  237 20:41:16    -1099.219223        1.1816
BFGS:  238 20:41:16    -1099.219223        1.1812
BFGS:  239 20:41:16    -1099.219224        1.1809
