      Step     Time          Energy         fmax
BFGS:    0 20:47:25     -797.349436      214.2783
BFGS:    1 20:47:25     -830.900706      161.5808
BFGS:    2 20:47:25     -849.678866      153.8361
BFGS:    3 20:47:25     -865.700307      140.1472
BFGS:    4 20:47:25     -880.875561      127.0961
BFGS:    5 20:47:26     -894.653663      121.0792
BFGS:    6 20:47:26     -907.837187      107.8240
BFGS:    7 20:47:26     -921.225107      100.3255
BFGS:    8 20:47:26     -933.797730       92.0943
BFGS:    9 20:47:26     -942.267773       86.8437
BFGS:   10 20:47:26     -952.563201       84.7541
BFGS:   11 20:47:26     -963.391503       70.8896
BFGS:   12 20:47:26     -973.743550       70.4327
BFGS:   13 20:47:26     -983.979822       65.3321
BFGS:   14 20:47:26     -994.320877       61.7780
BFGS:   15 20:47:26    -1001.646628       57.1569
BFGS:   16 20:47:26    -1008.231173       53.3145
BFGS:   17 20:47:26    -1014.391914       50.6101
BFGS:   18 20:47:26    -1020.023181       46.3773
BFGS:   19 20:47:26    -1025.843741       42.1738
BFGS:   20 20:47:26    -1030.551746       38.4229
BFGS:   21 20:47:26    -1034.380204       35.6954
BFGS:   22 20:47:26    -1037.945831       32.9997
BFGS:   23 20:47:26    -1040.871155       29.8005
BFGS:   24 20:47:26    -1043.375100       28.9653
BFGS:   25 20:47:26    -1045.768549       27.5924
BFGS:   26 20:47:26    -1048.105526       27.9111
BFGS:   27 20:47:27    -1050.472091       27.2689
BFGS:   28 20:47:27    -1052.590240       23.6323
BFGS:   29 20:47:27    -1054.634231       21.4775
BFGS:   30 20:47:27    -1056.364219       20.7817
BFGS:   31 20:47:27    -1057.723185       19.2675
BFGS:   32 20:47:27    -1058.800248       18.4611
BFGS:   33 20:47:27    -1059.798707       17.7024
BFGS:   34 20:47:27    -1060.741805       17.2211
BFGS:   35 20:47:27    -1061.524829       17.2395
BFGS:   36 20:47:27    -1062.188942       16.9658
BFGS:   37 20:47:27    -1062.896990       16.8980
BFGS:   38 20:47:27    -1063.517595       16.8455
BFGS:   39 20:47:27    -1064.171453       16.3860
BFGS:   40 20:47:27    -1064.845138       15.9277
BFGS:   41 20:47:27    -1065.541549       15.2145
BFGS:   42 20:47:27    -1066.238837       14.4442
BFGS:   43 20:47:27    -1066.893440       13.8896
BFGS:   44 20:47:27    -1067.525854       13.4053
BFGS:   45 20:47:27    -1068.082179       13.6407
BFGS:   46 20:47:27    -1068.616942       14.3559
BFGS:   47 20:47:27    -1069.120107       15.0782
BFGS:   48 20:47:27    -1069.672217       15.3172
BFGS:   49 20:47:27    -1070.364989       15.3003
BFGS:   50 20:47:27    -1070.982743       11.0406
BFGS:   51 20:47:27    -1071.491832       10.6992
BFGS:   52 20:47:27    -1071.942092       10.9394
BFGS:   53 20:47:28    -1072.328540       10.1382
BFGS:   54 20:47:28    -1072.744332        9.7110
BFGS:   55 20:47:28    -1073.126945        9.0692
BFGS:   56 20:47:28    -1073.532538        9.8603
BFGS:   57 20:47:28    -1073.890520       11.1506
BFGS:   58 20:47:28    -1074.285885       12.0826
BFGS:   59 20:47:28    -1074.682006       12.4808
BFGS:   60 20:47:28    -1075.069211       12.2359
BFGS:   61 20:47:28    -1075.440569       11.6552
BFGS:   62 20:47:28    -1076.306946       11.3065
BFGS:   63 20:47:28    -1077.061627       11.1079
BFGS:   64 20:47:28    -1077.761632       10.8962
BFGS:   65 20:47:28    -1078.353544       11.0262
BFGS:   66 20:47:28    -1078.881498       11.4325
BFGS:   67 20:47:28    -1079.159454       12.8021
BFGS:   68 20:47:28    -1079.420235       12.4606
BFGS:   69 20:47:28    -1079.672345       12.1784
BFGS:   70 20:47:28    -1079.863656       12.6312
BFGS:   71 20:47:28    -1080.087568       11.2170
BFGS:   72 20:47:28    -1080.270895       11.7390
BFGS:   73 20:47:28    -1080.430845       10.6959
BFGS:   74 20:47:28    -1080.610524       12.5325
BFGS:   75 20:47:28    -1080.763144       13.0896
BFGS:   76 20:47:28    -1080.896038       12.2237
BFGS:   77 20:47:28    -1081.040729       11.7903
BFGS:   78 20:47:28    -1081.173035       11.5161
BFGS:   79 20:47:29    -1081.299002       11.1718
BFGS:   80 20:47:29    -1081.428656       10.7549
BFGS:   81 20:47:29    -1081.560259       10.3476
BFGS:   82 20:47:29    -1081.694595        9.9211
BFGS:   83 20:47:29    -1081.833596        9.4493
BFGS:   84 20:47:29    -1081.981514        8.9039
BFGS:   85 20:47:29    -1082.137414        8.3263
BFGS:   86 20:47:29    -1082.312879        8.4372
BFGS:   87 20:47:29    -1082.501926        9.3519
BFGS:   88 20:47:29    -1082.714924        9.9904
BFGS:   89 20:47:29    -1082.928773       11.1019
BFGS:   90 20:47:29    -1083.195103       11.5499
BFGS:   91 20:47:29    -1083.493775       11.8773
BFGS:   92 20:47:29    -1083.823656       11.1506
BFGS:   93 20:47:29    -1084.144100       10.8136
BFGS:   94 20:47:29    -1084.510105       10.0018
BFGS:   95 20:47:29    -1084.848323        9.2656
BFGS:   96 20:47:29    -1085.289824        8.0543
BFGS:   97 20:47:29    -1085.644362        7.7938
BFGS:   98 20:47:29    -1086.020449        4.7657
BFGS:   99 20:47:29    -1086.279027        5.2595
BFGS:  100 20:47:29    -1086.429133        5.5941
BFGS:  101 20:47:29    -1086.567296        5.9720
BFGS:  102 20:47:29    -1086.645295        6.4992
BFGS:  103 20:47:29    -1086.703137        6.4643
BFGS:  104 20:47:29    -1086.765012        6.7684
BFGS:  105 20:47:29    -1086.859780        6.9083
BFGS:  106 20:47:30    -1086.969076        7.6092
BFGS:  107 20:47:30    -1087.051996        7.6181
BFGS:  108 20:47:30    -1087.201794        6.6815
BFGS:  109 20:47:30    -1087.406075        6.5733
BFGS:  110 20:47:30    -1087.586876        6.9988
BFGS:  111 20:47:30    -1087.686089        7.8033
BFGS:  112 20:47:30    -1087.818516        6.7162
BFGS:  113 20:47:30    -1087.964493        5.1915
BFGS:  114 20:47:30    -1088.055704        4.4008
BFGS:  115 20:47:30    -1088.105119        4.1983
BFGS:  116 20:47:30    -1088.177418        3.8736
BFGS:  117 20:47:30    -1088.205983        4.0420
BFGS:  118 20:47:30    -1088.228600        4.7124
BFGS:  119 20:47:30    -1088.012405        6.9661
BFGS:  120 20:47:30    -1088.263561        4.3219
BFGS:  121 20:47:30    -1088.286730        4.2603
BFGS:  122 20:47:30    -1088.283067        4.2470
BFGS:  123 20:47:30    -1088.323856        4.2387
BFGS:  124 20:47:30    -1088.349496        4.3311
BFGS:  125 20:47:30    -1088.373893        4.1740
BFGS:  126 20:47:30    -1088.422437        3.7242
BFGS:  127 20:47:30    -1088.402379        5.2509
BFGS:  128 20:47:30    -1088.462151        2.6924
BFGS:  129 20:47:30    -1088.478774        2.7462
BFGS:  130 20:47:30    -1088.503187        2.6404
BFGS:  131 20:47:30    -1088.460767        4.5940
BFGS:  132 20:47:30    -1088.521012        2.9860
BFGS:  133 20:47:30    -1088.533294        2.1463
BFGS:  134 20:47:31    -1088.542342        3.4104
BFGS:  135 20:47:31    -1088.542837        4.4541
BFGS:  136 20:47:31    -1088.550566        2.1427
BFGS:  137 20:47:31    -1088.555708        3.4864
BFGS:  138 20:47:31    -1088.555028        2.8818
BFGS:  139 20:47:31    -1088.565814        2.9179
BFGS:  140 20:47:31    -1088.557065        4.4903
BFGS:  141 20:47:31    -1088.571425        4.4722
BFGS:  142 20:47:31    -1088.535999        2.9694
BFGS:  143 20:47:31    -1088.559354        2.8963
BFGS:  144 20:47:31    -1088.566709        2.1270
BFGS:  145 20:47:31    -1088.571008        2.0983
BFGS:  146 20:47:31    -1088.572332        3.3466
BFGS:  147 20:47:31    -1088.571947        4.4868
BFGS:  148 20:47:31    -1088.567973        2.0874
BFGS:  149 20:47:31    -1088.575031        2.0452
BFGS:  150 20:47:31    -1088.569870        3.2698
BFGS:  151 20:47:31    -1088.577282        3.2793
BFGS:  152 20:47:31    -1088.559669        2.1792
BFGS:  153 20:47:31    -1088.573244        2.0163
BFGS:  154 20:47:31    -1088.553815        4.5121
BFGS:  155 20:47:31    -1088.578716        1.9862
BFGS:  156 20:47:31    -1088.579095        2.8366
BFGS:  157 20:47:31    -1088.581407        4.4978
BFGS:  158 20:47:31    -1088.574525        3.2778
BFGS:  159 20:47:31    -1088.578666        3.2471
BFGS:  160 20:47:31    -1088.553932        3.3616
BFGS:  161 20:47:32    -1088.580160        2.8101
BFGS:  162 20:47:32    -1088.525961        4.4827
BFGS:  163 20:47:32    -1088.571556        4.5054
BFGS:  164 20:47:32    -1088.527751        3.7963
BFGS:  165 20:47:32    -1088.580038        2.7828
BFGS:  166 20:47:32    -1088.505961        4.4833
BFGS:  167 20:47:32    -1088.570348        3.2230
BFGS:  168 20:47:32    -1088.535615        3.6805
BFGS:  169 20:47:32    -1088.581552        1.8726
BFGS:  170 20:47:32    -1088.582408        2.7480
BFGS:  171 20:47:32    -1088.585589        1.8168
BFGS:  172 20:47:32    -1088.583133        4.5460
BFGS:  173 20:47:32    -1088.589574        1.8083
BFGS:  174 20:47:32    -1088.590436        4.5331
BFGS:  175 20:47:32    -1088.592830        3.2500
BFGS:  176 20:47:32    -1088.594430        4.5466
BFGS:  177 20:47:32    -1088.598512        1.7632
BFGS:  178 20:47:32    -1088.606030        2.6932
BFGS:  179 20:47:32    -1088.613873        1.9125
BFGS:  180 20:47:32    -1088.617319        2.4265
BFGS:  181 20:47:32    -1088.620277        2.3304
BFGS:  182 20:47:32    -1088.622352        2.2665
BFGS:  183 20:47:32    -1088.624292        2.2559
BFGS:  184 20:47:32    -1088.622414        3.3872
BFGS:  185 20:47:32    -1088.625105        3.3046
BFGS:  186 20:47:32    -1088.620525        2.1439
BFGS:  187 20:47:32    -1088.626626        2.1201
BFGS:  188 20:47:32    -1088.622596        3.3746
BFGS:  189 20:47:33    -1088.626934        3.2693
BFGS:  190 20:47:33    -1088.621720        2.1436
BFGS:  191 20:47:33    -1088.627301        2.1225
BFGS:  192 20:47:33    -1088.620840        3.4095
BFGS:  193 20:47:33    -1088.627977        3.2620
BFGS:  194 20:47:33    -1088.618612        2.1676
BFGS:  195 20:47:33    -1088.627198        2.1345
BFGS:  196 20:47:33    -1088.619095        3.4407
BFGS:  197 20:47:33    -1088.629270        3.2496
BFGS:  198 20:47:33    -1088.614836        2.1965
BFGS:  199 20:47:33    -1088.626604        2.1495
BFGS:  200 20:47:33    -1088.617225        3.4726
BFGS:  201 20:47:33    -1088.630717        3.2354
BFGS:  202 20:47:33    -1088.610526        2.2282
BFGS:  203 20:47:33    -1088.625680        2.1656
BFGS:  204 20:47:33    -1088.615209        3.5057
BFGS:  205 20:47:33    -1088.631205        2.3089
BFGS:  206 20:47:33    -1088.629543        3.2712
BFGS:  207 20:47:33    -1088.631747        3.2271
BFGS:  208 20:47:33    -1088.602888        2.3323
BFGS:  209 20:47:33    -1088.624087        2.2228
BFGS:  210 20:47:33    -1088.612931        3.5392
BFGS:  211 20:47:33    -1088.631946        2.2791
BFGS:  212 20:47:33    -1088.632573        3.2357
BFGS:  213 20:47:33    -1088.632783        2.1584
BFGS:  214 20:47:33    -1088.633425        2.1440
BFGS:  215 20:47:33    -1088.613077        4.6205
BFGS:  216 20:47:34    -1088.628992        3.3709
BFGS:  217 20:47:34    -1088.619214        2.3026
BFGS:  218 20:47:34    -1088.632581        2.1763
BFGS:  219 20:47:34    -1088.604824        4.6159
BFGS:  220 20:47:34    -1088.629351        3.3687
BFGS:  221 20:47:34    -1088.613779        2.3401
BFGS:  222 20:47:34    -1088.631919        2.1950
BFGS:  223 20:47:34    -1088.607679        4.6081
BFGS:  224 20:47:34    -1088.631065        3.3419
BFGS:  225 20:47:34    -1088.614202        2.3420
BFGS:  226 20:47:34    -1088.631709        2.2077
BFGS:  227 20:47:34    -1088.610388        3.6703
BFGS:  228 20:47:34    -1088.631875        3.3296
BFGS:  229 20:47:34    -1088.607164        2.4192
BFGS:  230 20:47:34    -1088.630122        2.2359
BFGS:  231 20:47:34    -1088.608507        4.6233
BFGS:  232 20:47:34    -1088.633980        3.3016
BFGS:  233 20:47:34    -1088.611003        2.3950
BFGS:  234 20:47:34    -1088.630192        2.2436
BFGS:  235 20:47:34    -1088.612018        3.6462
BFGS:  236 20:47:34    -1088.634677        3.2926
BFGS:  237 20:47:34    -1088.604948        2.4638
BFGS:  238 20:47:34    -1088.628589        2.2692
BFGS:  239 20:47:34    -1088.610841        3.6609
BFGS:  240 20:47:34    -1088.635954        3.2763
BFGS:  241 20:47:34    -1088.602126        2.5043
BFGS:  242 20:47:34    -1088.627397        2.2901
BFGS:  243 20:47:35    -1088.610812        4.6466
BFGS:  244 20:47:35    -1088.638172        3.2467
BFGS:  245 20:47:35    -1088.606552        2.4711
BFGS:  246 20:47:35    -1088.627441        2.2951
BFGS:  247 20:47:35    -1088.614591        3.6138
BFGS:  248 20:47:35    -1088.638849        3.2385
BFGS:  249 20:47:35    -1088.600935        2.5348
BFGS:  250 20:47:35    -1088.625726        2.3195
BFGS:  251 20:47:35    -1088.613748        3.6245
BFGS:  252 20:47:35    -1088.638761        2.2688
BFGS:  253 20:47:35    -1088.635664        3.2963
BFGS:  254 20:47:35    -1088.639124        3.2337
BFGS:  255 20:47:35    -1088.633196        2.2099
BFGS:  256 20:47:35    -1088.636719        2.1736
BFGS:  257 20:47:35    -1088.602931        4.6595
BFGS:  258 20:47:35    -1088.632917        3.3484
BFGS:  259 20:47:35    -1088.617702        2.3345
BFGS:  260 20:47:35    -1088.632232        2.2260
BFGS:  261 20:47:35    -1088.612962        3.6269
BFGS:  262 20:47:35    -1088.637610        3.2728
BFGS:  263 20:47:35    -1088.608070        2.4270
BFGS:  264 20:47:35    -1088.627781        2.2767
BFGS:  265 20:47:35    -1088.615364        3.6013
BFGS:  266 20:47:35    -1088.638824        2.2712
BFGS:  267 20:47:35    -1088.635997        3.3009
BFGS:  268 20:47:35    -1088.639845        2.2739
BFGS:  269 20:47:35    -1088.639332        3.2456
BFGS:  270 20:47:36    -1088.639376        3.2316
BFGS:  271 20:47:36    -1088.639258        2.1703
BFGS:  272 20:47:36    -1088.639680        2.1609
BFGS:  273 20:47:36    -1088.580159        4.6633
BFGS:  274 20:47:36    -1088.626171        3.4423
BFGS:  275 20:47:36    -1088.605234        2.7473
BFGS:  276 20:47:36    -1088.631291        2.3450
BFGS:  277 20:47:36    -1088.590226        3.8615
BFGS:  278 20:47:36    -1088.633020        3.3449
BFGS:  279 20:47:36    -1088.595141        2.8989
BFGS:  280 20:47:36    -1088.626406        2.4418
BFGS:  281 20:47:36    -1088.596766        3.7792
BFGS:  282 20:47:36    -1088.637193        3.2861
BFGS:  283 20:47:36    -1088.589889        2.9843
BFGS:  284 20:47:36    -1088.623349        2.5017
BFGS:  285 20:47:36    -1088.600505        3.7334
BFGS:  286 20:47:36    -1088.639813        2.2862
BFGS:  287 20:47:36    -1088.639908        3.2481
BFGS:  288 20:47:36    -1088.576207        3.4262
BFGS:  289 20:47:36    -1088.633798        2.3952
BFGS:  290 20:47:36    -1088.631495        3.3575
BFGS:  291 20:47:36    -1088.639937        3.2480
BFGS:  292 20:47:36    -1088.638233        3.2755
BFGS:  293 20:47:36    -1088.639633        2.3003
BFGS:  294 20:47:36    -1088.623489        2.6932
BFGS:  295 20:47:36    -1088.636028        2.3304
BFGS:  296 20:47:36    -1088.626004        3.3884
BFGS:  297 20:47:36    -1088.638756        2.3313
BFGS:  298 20:47:37    -1088.618173        3.0632
BFGS:  299 20:47:37    -1088.635300        2.3624
BFGS:  300 20:47:37    -1088.621962        3.4014
BFGS:  301 20:47:37    -1088.638151        3.2696
BFGS:  302 20:47:37    -1088.614557        2.9416
BFGS:  303 20:47:37    -1088.634603        2.3905
BFGS:  304 20:47:37    -1088.619192        3.4090
BFGS:  305 20:47:37    -1088.637830        3.2711
BFGS:  306 20:47:37    -1088.611363        3.0304
BFGS:  307 20:47:37    -1088.633955        2.4159
BFGS:  308 20:47:37    -1088.616491        3.4186
BFGS:  309 20:47:37    -1088.637507        2.3831
BFGS:  310 20:47:37    -1088.611087        3.0545
BFGS:  311 20:47:37    -1088.633990        2.4184
BFGS:  312 20:47:37    -1088.614333        3.4273
BFGS:  313 20:47:37    -1088.636937        3.2775
BFGS:  314 20:47:37    -1088.606765        3.1663
BFGS:  315 20:47:37    -1088.633211        2.4480
BFGS:  316 20:47:37    -1088.612107        3.4367
BFGS:  317 20:47:37    -1088.636765        3.2784
BFGS:  318 20:47:37    -1088.604323        4.9093
BFGS:  319 20:47:37    -1088.632981        2.4615
BFGS:  320 20:47:37    -1088.614238        3.4213
BFGS:  321 20:47:37    -1088.637104        3.2750
BFGS:  322 20:47:37    -1088.602000        3.3061
BFGS:  323 20:47:37    -1088.631959        2.4961
BFGS:  324 20:47:37    -1088.607964        3.4542
BFGS:  325 20:47:38    -1088.636327        2.4343
BFGS:  326 20:47:38    -1088.604455        3.2653
BFGS:  327 20:47:38    -1088.632737        2.4700
BFGS:  328 20:47:38    -1088.606232        3.4632
BFGS:  329 20:47:38    -1088.635586        3.2867
BFGS:  330 20:47:38    -1088.598460        3.4075
BFGS:  331 20:47:38    -1088.631719        2.5068
BFGS:  332 20:47:38    -1088.604384        3.4709
BFGS:  333 20:47:38    -1088.635586        3.2861
BFGS:  334 20:47:38    -1088.596536        3.4595
BFGS:  335 20:47:38    -1088.631242        2.5239
BFGS:  336 20:47:38    -1088.602632        3.4781
BFGS:  337 20:47:38    -1088.635399        3.2869
BFGS:  338 20:47:38    -1088.594701        3.5094
BFGS:  339 20:47:38    -1088.630861        2.5375
BFGS:  340 20:47:38    -1088.600953        3.4847
BFGS:  341 20:47:38    -1088.635150        2.4830
BFGS:  342 20:47:38    -1088.599448        3.4176
BFGS:  343 20:47:38    -1088.631904        2.5023
BFGS:  344 20:47:38    -1088.599595        3.4903
BFGS:  345 20:47:38    -1088.634391        3.2931
BFGS:  346 20:47:38    -1088.591872        3.5921
BFGS:  347 20:47:38    -1088.630581        2.5498
BFGS:  348 20:47:38    -1088.597994        3.5067
BFGS:  349 20:47:38    -1088.634569        3.2910
BFGS:  350 20:47:38    -1088.590249        3.6358
BFGS:  351 20:47:38    -1088.630108        2.5665
BFGS:  352 20:47:39    -1088.596490        3.5498
BFGS:  353 20:47:39    -1088.634431        2.5139
BFGS:  354 20:47:39    -1088.596194        3.5170
BFGS:  355 20:47:39    -1088.631376        2.5233
BFGS:  356 20:47:39    -1088.595319        3.5840
BFGS:  357 20:47:39    -1088.633593        3.2966
BFGS:  358 20:47:39    -1088.587719        4.9387
BFGS:  359 20:47:39    -1088.630145        2.5715
BFGS:  360 20:47:39    -1088.597514        3.5525
BFGS:  361 20:47:39    -1088.634334        3.2903
BFGS:  362 20:47:39    -1088.586181        3.7558
BFGS:  363 20:47:39    -1088.629218        2.6016
BFGS:  364 20:47:39    -1088.592494        3.6692
BFGS:  365 20:47:39    -1088.633834        3.2932
BFGS:  366 20:47:39    -1088.584827        3.7909
BFGS:  367 20:47:39    -1088.629062        2.6058
BFGS:  368 20:47:39    -1088.591111        3.7065
BFGS:  369 20:47:39    -1088.633592        2.5492
BFGS:  370 20:47:39    -1088.592710        3.6267
BFGS:  371 20:47:39    -1088.630777        2.5462
BFGS:  372 20:47:39    -1088.590159        3.7332
BFGS:  373 20:47:39    -1088.632654        3.2996
BFGS:  374 20:47:39    -1088.582839        3.8468
BFGS:  375 20:47:39    -1088.629037        2.6080
BFGS:  376 20:47:39    -1088.588836        3.7703
BFGS:  377 20:47:39    -1088.633073        3.2960
BFGS:  378 20:47:39    -1088.581630        3.8782
BFGS:  379 20:47:40    -1088.628569        2.6240
BFGS:  380 20:47:40    -1088.587670        3.8029
BFGS:  381 20:47:40    -1088.633022        3.4639
BFGS:  382 20:47:40    -1088.580044        3.9176
BFGS:  383 20:47:40    -1088.628207        2.6362
BFGS:  384 20:47:40    -1088.586540        3.8345
BFGS:  385 20:47:40    -1088.632881        2.5785
BFGS:  386 20:47:40    -1088.590002        3.7091
BFGS:  387 20:47:40    -1088.630319        2.5629
BFGS:  388 20:47:40    -1088.585825        3.8556
BFGS:  389 20:47:40    -1088.631869        3.3010
BFGS:  390 20:47:40    -1088.578825        3.9566
BFGS:  391 20:47:40    -1088.628336        2.6332
BFGS:  392 20:47:40    -1088.584634        3.8891
BFGS:  393 20:47:40    -1088.632423        3.2967
BFGS:  394 20:47:40    -1088.577800        3.9835
BFGS:  395 20:47:40    -1088.627862        2.6495
BFGS:  396 20:47:40    -1088.583631        3.9175
BFGS:  397 20:47:40    -1088.632380        2.6001
BFGS:  398 20:47:40    -1088.588199        3.7644
BFGS:  399 20:47:40    -1088.630053        2.5733
BFGS:  400 20:47:40    -1088.583047        3.9350
BFGS:  401 20:47:40    -1088.631336        3.3019
BFGS:  402 20:47:40    -1088.576403        4.0247
BFGS:  403 20:47:40    -1088.627936        2.6484
BFGS:  404 20:47:40    -1088.581945        3.9661
BFGS:  405 20:47:40    -1088.631970        3.2972
BFGS:  406 20:47:40    -1088.575494        4.0485
BFGS:  407 20:47:41    -1088.627460        2.6647
BFGS:  408 20:47:41    -1088.581049        3.9914
BFGS:  409 20:47:41    -1088.631976        2.6177
BFGS:  410 20:47:41    -1088.586648        3.8122
BFGS:  411 20:47:41    -1088.629810        2.5828
BFGS:  412 20:47:41    -1088.580589        4.0055
BFGS:  413 20:47:41    -1088.630874        3.3023
BFGS:  414 20:47:41    -1088.574300        4.0839
BFGS:  415 20:47:41    -1088.627583        2.6619
BFGS:  416 20:47:41    -1088.579568        4.0342
BFGS:  417 20:47:41    -1088.631576        3.2973
BFGS:  418 20:47:41    -1088.573493        4.1050
BFGS:  419 20:47:41    -1088.627106        2.6781
BFGS:  420 20:47:41    -1088.578769        4.0568
BFGS:  421 20:47:41    -1088.631617        3.2958
BFGS:  422 20:47:41    -1088.572721        4.1252
BFGS:  423 20:47:41    -1088.626887        2.6852
BFGS:  424 20:47:41    -1088.578010        4.0782
BFGS:  425 20:47:41    -1088.631519        2.6368
BFGS:  426 20:47:41    -1088.585105        3.8609
BFGS:  427 20:47:41    -1088.629542        2.5925
BFGS:  428 20:47:41    -1088.577704        4.0880
BFGS:  429 20:47:41    -1088.630365        3.3020
BFGS:  430 20:47:41    -1088.571704        4.9360
BFGS:  431 20:47:41    -1088.627236        2.6783
BFGS:  432 20:47:41    -1088.578405        4.0864
BFGS:  433 20:47:41    -1088.631349        3.2949
BFGS:  434 20:47:42    -1088.570853        4.1822
BFGS:  435 20:47:42    -1088.626543        2.6994
BFGS:  436 20:47:42    -1088.576155        4.1356
BFGS:  437 20:47:42    -1088.631235        2.6499
BFGS:  438 20:47:42    -1088.584000        3.8986
BFGS:  439 20:47:42    -1088.629366        2.5998
BFGS:  440 20:47:42    -1088.575847        4.1436
BFGS:  441 20:47:42    -1088.630009        3.3019
BFGS:  442 20:47:42    -1088.570140        4.2012
BFGS:  443 20:47:42    -1088.626850        2.6888
BFGS:  444 20:47:42    -1088.574950        4.1675
BFGS:  445 20:47:42    -1088.630869        3.2964
BFGS:  446 20:47:42    -1088.569539        4.2158
BFGS:  447 20:47:42    -1088.626364        2.7051
BFGS:  448 20:47:42    -1088.574330        4.1845
BFGS:  449 20:47:42    -1088.630938        2.6624
BFGS:  450 20:47:42    -1088.583141        3.9229
BFGS:  451 20:47:42    -1088.629245        2.6042
BFGS:  452 20:47:42    -1088.574193        4.1893
BFGS:  453 20:47:42    -1088.629699        3.3017
BFGS:  454 20:47:42    -1088.568860        4.2356
BFGS:  455 20:47:42    -1088.626634        2.6968
BFGS:  456 20:47:42    -1088.573385        4.2115
BFGS:  457 20:47:42    -1088.630618        3.2960
BFGS:  458 20:47:42    -1088.568316        4.2495
BFGS:  459 20:47:42    -1088.626142        2.7134
BFGS:  460 20:47:42    -1088.572836        4.2269
BFGS:  461 20:47:43    -1088.630717        2.6723
BFGS:  462 20:47:43    -1088.582387        3.9462
BFGS:  463 20:47:43    -1088.629126        2.6088
BFGS:  464 20:47:43    -1088.572766        4.2299
BFGS:  465 20:47:43    -1088.629438        3.3012
BFGS:  466 20:47:43    -1088.567735        4.2671
BFGS:  467 20:47:43    -1088.626439        2.7042
BFGS:  468 20:47:43    -1088.572016        4.2506
BFGS:  469 20:47:43    -1088.630403        3.2954
BFGS:  470 20:47:43    -1088.567246        4.2797
BFGS:  471 20:47:43    -1088.625944        2.7209
BFGS:  472 20:47:43    -1088.571526        4.2645
BFGS:  473 20:47:43    -1088.630524        3.2949
BFGS:  474 20:47:43    -1088.566766        4.2918
BFGS:  475 20:47:43    -1088.625768        2.7263
BFGS:  476 20:47:43    -1088.571068        4.2774
BFGS:  477 20:47:43    -1088.630472        2.6825
BFGS:  478 20:47:43    -1088.581716        3.9683
BFGS:  479 20:47:43    -1088.628997        2.6131
BFGS:  480 20:47:43    -1088.571085        4.2779
BFGS:  481 20:47:43    -1088.629161        3.3000
BFGS:  482 20:47:43    -1088.566303        4.3056
BFGS:  483 20:47:43    -1088.626165        2.7136
BFGS:  484 20:47:43    -1088.570395        4.2969
BFGS:  485 20:47:43    -1088.630203        3.2939
BFGS:  486 20:47:43    -1088.565880        4.3164
BFGS:  487 20:47:43    -1088.625659        2.7306
BFGS:  488 20:47:43    -1088.569972        4.3090
BFGS:  489 20:47:44    -1088.630295        2.6904
BFGS:  490 20:47:44    -1088.581206        3.9844
BFGS:  491 20:47:44    -1088.628925        2.6160
BFGS:  492 20:47:44    -1088.570030        4.3083
BFGS:  493 20:47:44    -1088.628967        3.2993
BFGS:  494 20:47:44    -1088.565481        4.9213
BFGS:  495 20:47:44    -1088.626006        2.7235
BFGS:  496 20:47:44    -1088.568731        4.3474
BFGS:  497 20:47:44    -1088.629939        3.2929
BFGS:  498 20:47:44    -1088.564873        4.3500
BFGS:  499 20:47:44    -1088.625535        2.7368
