      Step     Time          Energy         fmax
BFGS:    0 20:43:38     -783.538583      134.2466
BFGS:    1 20:43:38     -812.597687      113.1527
BFGS:    2 20:43:38     -827.976838      105.7639
BFGS:    3 20:43:38     -841.118391       99.5372
BFGS:    4 20:43:38     -852.754426      101.3618
BFGS:    5 20:43:38     -864.244380      103.5682
BFGS:    6 20:43:38     -877.195417      104.1579
BFGS:    7 20:43:38     -890.421527      100.5953
BFGS:    8 20:43:38     -903.864766       97.3813
BFGS:    9 20:43:38     -916.578287       90.8217
BFGS:   10 20:43:38     -928.513932       86.8281
BFGS:   11 20:43:39     -939.451589       77.4749
BFGS:   12 20:43:39     -949.534540       72.2977
BFGS:   13 20:43:39     -957.901744       67.4601
BFGS:   14 20:43:39     -964.860218       61.4423
BFGS:   15 20:43:39     -971.249998       59.3471
BFGS:   16 20:43:39     -978.547282       53.4748
BFGS:   17 20:43:39     -984.482839       51.3484
BFGS:   18 20:43:39     -990.077922       45.7185
BFGS:   19 20:43:39     -995.427384       44.0781
BFGS:   20 20:43:39    -1000.558697       41.9737
BFGS:   21 20:43:39    -1005.205581       40.2607
BFGS:   22 20:43:39    -1009.497955       38.4221
BFGS:   23 20:43:39    -1013.303624       36.8327
BFGS:   24 20:43:39    -1016.929375       35.6336
BFGS:   25 20:43:39    -1020.563895       34.1962
BFGS:   26 20:43:39    -1024.268282       33.1721
BFGS:   27 20:43:39    -1028.018004       31.8174
BFGS:   28 20:43:39    -1031.886816       30.8762
BFGS:   29 20:43:39    -1035.924122       29.1685
BFGS:   30 20:43:39    -1040.235317       28.3046
BFGS:   31 20:43:39    -1044.898841       25.6383
BFGS:   32 20:43:39    -1049.463341       24.0392
BFGS:   33 20:43:39    -1053.458451       22.0667
BFGS:   34 20:43:39    -1056.708661       20.3797
BFGS:   35 20:43:39    -1059.384489       18.8423
BFGS:   36 20:43:39    -1061.927606       18.1293
BFGS:   37 20:43:39    -1064.500271       17.8535
BFGS:   38 20:43:39    -1066.668817       16.8586
BFGS:   39 20:43:39    -1068.839283       15.1114
BFGS:   40 20:43:39    -1070.430262       13.5325
BFGS:   41 20:43:40    -1071.671330       12.5253
BFGS:   42 20:43:40    -1072.758843       12.1994
BFGS:   43 20:43:40    -1073.737285       11.5452
BFGS:   44 20:43:40    -1074.602284       10.5285
BFGS:   45 20:43:40    -1075.453161        9.2701
BFGS:   46 20:43:40    -1076.354534        8.5347
BFGS:   47 20:43:40    -1077.169354       10.0215
BFGS:   48 20:43:40    -1077.944303       11.3928
BFGS:   49 20:43:40    -1078.699976       12.2056
BFGS:   50 20:43:40    -1079.371581       12.2737
BFGS:   51 20:43:40    -1080.008926       11.6348
BFGS:   52 20:43:40    -1080.633554       10.5205
BFGS:   53 20:43:40    -1081.255177        9.0499
BFGS:   54 20:43:40    -1081.862481        7.5680
BFGS:   55 20:43:40    -1082.446815        6.9964
BFGS:   56 20:43:40    -1082.990727        6.2586
BFGS:   57 20:43:40    -1083.506603        6.0683
BFGS:   58 20:43:40    -1083.998545        7.0205
BFGS:   59 20:43:40    -1084.506338        8.0825
BFGS:   60 20:43:40    -1085.064323        8.5315
BFGS:   61 20:43:40    -1085.698057        8.0126
BFGS:   62 20:43:40    -1086.367981        9.0561
BFGS:   63 20:43:40    -1086.958372       10.7669
BFGS:   64 20:43:40    -1087.492538       11.9562
BFGS:   65 20:43:40    -1088.098065       13.9993
BFGS:   66 20:43:40    -1088.796968       12.3977
BFGS:   67 20:43:40    -1089.458550       12.7547
BFGS:   68 20:43:40    -1090.036045       12.7242
BFGS:   69 20:43:40    -1090.554448       12.9304
BFGS:   70 20:43:40    -1090.986973       12.5397
BFGS:   71 20:43:40    -1091.382881       12.3135
BFGS:   72 20:43:40    -1091.740276       11.7128
BFGS:   73 20:43:40    -1092.083382       11.2463
BFGS:   74 20:43:40    -1092.408101       10.4051
BFGS:   75 20:43:40    -1092.719095        9.7552
BFGS:   76 20:43:40    -1093.009123        9.1224
BFGS:   77 20:43:41    -1093.280155        8.7823
BFGS:   78 20:43:41    -1093.539021        8.5892
BFGS:   79 20:43:41    -1093.795470        8.4341
BFGS:   80 20:43:41    -1094.048143        8.0519
BFGS:   81 20:43:41    -1094.280243        7.6324
BFGS:   82 20:43:41    -1094.647946        7.1467
BFGS:   83 20:43:41    -1094.957290        7.1483
BFGS:   84 20:43:41    -1095.261931        7.9397
BFGS:   85 20:43:41    -1095.635009        8.9092
BFGS:   86 20:43:41    -1095.996078        9.7968
BFGS:   87 20:43:41    -1096.563240       10.8723
BFGS:   88 20:43:41    -1097.082574       11.4762
BFGS:   89 20:43:41    -1097.560574       11.5459
BFGS:   90 20:43:41    -1098.003551       11.0006
BFGS:   91 20:43:41    -1098.416280        9.8764
BFGS:   92 20:43:41    -1098.801933        8.2959
BFGS:   93 20:43:41    -1099.153394        6.5066
BFGS:   94 20:43:41    -1099.463697        5.3347
BFGS:   95 20:43:41    -1099.732470        5.5753
BFGS:   96 20:43:41    -1099.971107        5.9408
BFGS:   97 20:43:41    -1100.192851        5.8447
BFGS:   98 20:43:41    -1100.408165        5.2207
BFGS:   99 20:43:41    -1100.593838        4.1335
BFGS:  100 20:43:41    -1100.746825        3.2071
BFGS:  101 20:43:41    -1100.866376        3.5195
BFGS:  102 20:43:41    -1100.928702        3.6228
BFGS:  103 20:43:41    -1100.977303        3.4350
BFGS:  104 20:43:41    -1101.018623        2.9595
BFGS:  105 20:43:41    -1101.060087        2.4157
BFGS:  106 20:43:41    -1101.106374        2.3829
BFGS:  107 20:43:41    -1101.165437        2.3065
BFGS:  108 20:43:41    -1101.225291        2.1403
BFGS:  109 20:43:41    -1101.274115        2.1713
BFGS:  110 20:43:41    -1101.325896        2.2524
BFGS:  111 20:43:41    -1101.357963        2.3336
BFGS:  112 20:43:41    -1101.391923        2.1700
BFGS:  113 20:43:42    -1101.415293        1.9630
BFGS:  114 20:43:42    -1101.439200        1.6096
BFGS:  115 20:43:42    -1101.456111        1.3791
BFGS:  116 20:43:42    -1101.473531        1.3079
BFGS:  117 20:43:42    -1101.487900        1.3147
BFGS:  118 20:43:42    -1101.504282        1.6664
BFGS:  119 20:43:42    -1101.521309        1.9680
BFGS:  120 20:43:42    -1101.541428        1.7464
BFGS:  121 20:43:42    -1101.563805        1.2348
BFGS:  122 20:43:42    -1101.575847        1.0594
BFGS:  123 20:43:42    -1101.589406        1.5328
BFGS:  124 20:43:42    -1101.601175        0.8037
BFGS:  125 20:43:42    -1101.611466        0.7438
BFGS:  126 20:43:42    -1101.623803        0.8247
BFGS:  127 20:43:42    -1101.628428        0.7413
BFGS:  128 20:43:42    -1101.633203        0.6048
BFGS:  129 20:43:42    -1101.636854        0.5137
BFGS:  130 20:43:42    -1101.639100        0.5299
BFGS:  131 20:43:42    -1101.641106        0.5102
BFGS:  132 20:43:42    -1101.643130        0.4944
BFGS:  133 20:43:42    -1101.645395        0.4588
BFGS:  134 20:43:42    -1101.647432        0.4847
BFGS:  135 20:43:42    -1101.649097        0.5349
BFGS:  136 20:43:42    -1101.650539        0.5574
BFGS:  137 20:43:42    -1101.651868        0.5704
BFGS:  138 20:43:42    -1101.652984        0.5574
BFGS:  139 20:43:42    -1101.653764        0.5651
BFGS:  140 20:43:42    -1101.654304        0.5581
BFGS:  141 20:43:42    -1101.654814        0.5586
BFGS:  142 20:43:42    -1101.655487        0.5517
BFGS:  143 20:43:42    -1101.656463        0.5845
BFGS:  144 20:43:42    -1101.657656        0.6189
BFGS:  145 20:43:42    -1101.658799        0.6459
BFGS:  146 20:43:42    -1101.659742        0.6593
BFGS:  147 20:43:42    -1101.660619        0.6705
BFGS:  148 20:43:42    -1101.661574        0.6806
BFGS:  149 20:43:43    -1101.662537        0.6908
BFGS:  150 20:43:43    -1101.663277        0.6883
BFGS:  151 20:43:43    -1101.663714        0.6741
BFGS:  152 20:43:43    -1101.663968        0.6540
BFGS:  153 20:43:43    -1101.664157        0.6391
BFGS:  154 20:43:43    -1101.664313        0.6342
BFGS:  155 20:43:43    -1101.664444        0.6452
BFGS:  156 20:43:43    -1101.664569        0.6671
BFGS:  157 20:43:43    -1101.664718        0.6985
BFGS:  158 20:43:43    -1101.664923        0.7331
BFGS:  159 20:43:43    -1101.665209        0.7617
BFGS:  160 20:43:43    -1101.665573        0.7631
BFGS:  161 20:43:43    -1101.665980        0.7247
BFGS:  162 20:43:43    -1101.666403        0.6479
BFGS:  163 20:43:43    -1101.666870        0.5493
BFGS:  164 20:43:43    -1101.667431        0.4420
BFGS:  165 20:43:43    -1101.668103        0.4739
BFGS:  166 20:43:43    -1101.668831        0.4789
BFGS:  167 20:43:43    -1101.669545        0.4181
BFGS:  168 20:43:43    -1101.670228        0.3312
BFGS:  169 20:43:43    -1101.670889        0.3476
BFGS:  170 20:43:43    -1101.671459        0.3335
BFGS:  171 20:43:43    -1101.671817        0.2932
BFGS:  172 20:43:43    -1101.671967        0.2794
BFGS:  173 20:43:43    -1101.672024        0.2912
BFGS:  174 20:43:43    -1101.672054        0.2855
BFGS:  175 20:43:43    -1101.672077        0.2668
BFGS:  176 20:43:43    -1101.672092        0.2539
BFGS:  177 20:43:43    -1101.672101        0.2573
BFGS:  178 20:43:43    -1101.672106        0.2576
BFGS:  179 20:43:43    -1101.672109        0.2567
BFGS:  180 20:43:43    -1101.672110        0.2551
BFGS:  181 20:43:43    -1101.672111        0.2539
BFGS:  182 20:43:43    -1101.672112        0.2530
BFGS:  183 20:43:43    -1101.672112        0.2525
BFGS:  184 20:43:43    -1101.672112        0.2523
BFGS:  185 20:43:44    -1101.672112        0.2524
BFGS:  186 20:43:44    -1101.672112        0.2525
BFGS:  187 20:43:44    -1101.672113        0.2527
BFGS:  188 20:43:44    -1101.672113        0.2528
