      Step     Time          Energy         fmax
BFGS:    0 20:45:58     -702.893986      227.7486
BFGS:    1 20:45:58     -749.253771      211.0725
BFGS:    2 20:45:58     -790.663406      198.3220
BFGS:    3 20:45:58     -817.590042      185.8869
BFGS:    4 20:45:58     -848.827182      166.2083
BFGS:    5 20:45:58     -872.705723      157.5272
BFGS:    6 20:45:58     -890.556199      133.3326
BFGS:    7 20:45:58     -905.639161      124.1218
BFGS:    8 20:45:58     -917.907475      112.7100
BFGS:    9 20:45:58     -928.534000      103.0745
BFGS:   10 20:45:58     -936.882679       96.2925
BFGS:   11 20:45:58     -944.125308       91.2127
BFGS:   12 20:45:58     -949.667470       82.9780
BFGS:   13 20:45:58     -953.975569       80.8212
BFGS:   14 20:45:59     -958.010813       75.0758
BFGS:   15 20:45:59     -961.561033       75.0177
BFGS:   16 20:45:59     -964.858071       69.8101
BFGS:   17 20:45:59     -968.137180       68.4079
BFGS:   18 20:45:59     -971.679781       66.0354
BFGS:   19 20:45:59     -975.463569       62.4645
BFGS:   20 20:45:59     -978.894280       59.6696
BFGS:   21 20:45:59     -981.974088       54.5706
BFGS:   22 20:45:59     -985.212166       51.9171
BFGS:   23 20:45:59     -987.947598       46.2296
BFGS:   24 20:45:59     -990.276240       38.6403
BFGS:   25 20:45:59     -992.419258       34.5608
BFGS:   26 20:45:59     -994.210838       27.4186
BFGS:   27 20:45:59     -995.517833       23.7010
BFGS:   28 20:45:59     -996.824479       18.3442
BFGS:   29 20:45:59     -997.861717       15.6336
BFGS:   30 20:45:59     -998.723538       12.8453
BFGS:   31 20:45:59     -999.577738       10.8625
BFGS:   32 20:45:59    -1000.282902        9.6740
BFGS:   33 20:45:59    -1000.946823        8.6568
BFGS:   34 20:45:59    -1001.609625        7.8770
BFGS:   35 20:45:59    -1002.274183        8.5258
BFGS:   36 20:45:59    -1002.898440        9.5140
BFGS:   37 20:46:00    -1003.429476        9.5677
BFGS:   38 20:46:00    -1003.933351        9.5262
BFGS:   39 20:46:00    -1004.433021        9.3543
BFGS:   40 20:46:00    -1004.923422        9.3152
BFGS:   41 20:46:00    -1005.420219        9.6823
BFGS:   42 20:46:00    -1005.927744       10.4631
BFGS:   43 20:46:00    -1006.443859       11.6138
BFGS:   44 20:46:00    -1006.964888       13.7176
BFGS:   45 20:46:00    -1007.549377       16.4396
BFGS:   46 20:46:00    -1008.235792       17.9559
BFGS:   47 20:46:00    -1008.993942       19.5107
BFGS:   48 20:46:00    -1009.754037       20.4563
BFGS:   49 20:46:00    -1010.484211       20.1526
BFGS:   50 20:46:00    -1011.211026       17.9370
BFGS:   51 20:46:00    -1011.935998       17.3030
BFGS:   52 20:46:00    -1012.667649       17.6056
BFGS:   53 20:46:00    -1013.421750       18.9216
BFGS:   54 20:46:00    -1014.175603       20.6406
BFGS:   55 20:46:00    -1015.049558       21.0200
BFGS:   56 20:46:00    -1015.882759       21.6448
BFGS:   57 20:46:00    -1016.729621       22.2015
BFGS:   58 20:46:00    -1017.608584       22.3170
BFGS:   59 20:46:00    -1018.582839       21.6150
BFGS:   60 20:46:00    -1019.523296       19.9122
BFGS:   61 20:46:01    -1020.354059       18.0932
BFGS:   62 20:46:01    -1021.179044       14.9621
BFGS:   63 20:46:01    -1021.906437       12.1913
BFGS:   64 20:46:01    -1022.506144       10.3609
BFGS:   65 20:46:01    -1023.030833        9.0753
BFGS:   66 20:46:01    -1023.451574        7.4866
BFGS:   67 20:46:01    -1023.790471        5.5524
BFGS:   68 20:46:01    -1024.053462        4.1762
BFGS:   69 20:46:01    -1024.277657        4.0797
BFGS:   70 20:46:01    -1024.513716        3.8008
BFGS:   71 20:46:01    -1024.766245        4.9523
BFGS:   72 20:46:01    -1024.943378        5.4474
BFGS:   73 20:46:01    -1025.262265        5.5141
BFGS:   74 20:46:01    -1025.515766        5.8074
BFGS:   75 20:46:01    -1025.874149        4.5829
BFGS:   76 20:46:01    -1026.179985        3.7242
BFGS:   77 20:46:01    -1026.482055        2.8905
BFGS:   78 20:46:01    -1026.701187        2.6986
BFGS:   79 20:46:01    -1026.886672        3.3551
BFGS:   80 20:46:01    -1027.009207        3.0948
BFGS:   81 20:46:01    -1027.101081        3.3889
BFGS:   82 20:46:01    -1027.194228        3.1268
BFGS:   83 20:46:01    -1027.292665        2.6849
BFGS:   84 20:46:02    -1027.353946        2.4346
BFGS:   85 20:46:02    -1027.398333        2.7415
BFGS:   86 20:46:02    -1027.454347        2.7249
BFGS:   87 20:46:02    -1027.517505        1.9832
BFGS:   88 20:46:02    -1027.598178        2.2522
BFGS:   89 20:46:02    -1027.688138        3.2419
BFGS:   90 20:46:02    -1027.739272        3.7319
BFGS:   91 20:46:02    -1027.907287        2.8881
BFGS:   92 20:46:02    -1028.061367        2.7442
BFGS:   93 20:46:02    -1028.231278        2.7401
BFGS:   94 20:46:02    -1028.365278        3.1199
BFGS:   95 20:46:02    -1028.495295        2.6852
BFGS:   96 20:46:02    -1028.623558        3.5928
BFGS:   97 20:46:02    -1028.797347        5.6545
BFGS:   98 20:46:02    -1028.971227        6.6190
BFGS:   99 20:46:02    -1029.165660        7.9913
BFGS:  100 20:46:02    -1029.341615        8.7866
BFGS:  101 20:46:02    -1029.514753        8.6616
BFGS:  102 20:46:02    -1029.817245        6.6151
BFGS:  103 20:46:02    -1030.072363        4.9522
BFGS:  104 20:46:02    -1030.282060        4.2353
BFGS:  105 20:46:02    -1030.416714        4.3843
BFGS:  106 20:46:02    -1030.652716        4.4828
BFGS:  107 20:46:02    -1030.845226        3.7138
BFGS:  108 20:46:03    -1030.988309        2.6925
BFGS:  109 20:46:03    -1031.120758        2.4057
BFGS:  110 20:46:03    -1031.186423        2.3180
BFGS:  111 20:46:03    -1031.222276        2.5438
BFGS:  112 20:46:03    -1031.268694        1.7916
BFGS:  113 20:46:03    -1031.289164        2.6847
BFGS:  114 20:46:03    -1031.309897        1.1818
BFGS:  115 20:46:03    -1031.333531        0.9851
BFGS:  116 20:46:03    -1031.351066        1.0304
BFGS:  117 20:46:03    -1031.369665        1.1301
BFGS:  118 20:46:03    -1031.386246        1.1613
BFGS:  119 20:46:03    -1031.401320        1.3712
BFGS:  120 20:46:03    -1031.418125        1.4077
BFGS:  121 20:46:03    -1031.442634        1.6202
BFGS:  122 20:46:03    -1031.483974        1.8554
BFGS:  123 20:46:03    -1031.418002        4.4524
BFGS:  124 20:46:03    -1031.552385        3.1025
BFGS:  125 20:46:03    -1031.608049        2.3725
BFGS:  126 20:46:03    -1031.706855        2.4295
BFGS:  127 20:46:03    -1031.860271        3.4455
BFGS:  128 20:46:03    -1031.951976        3.8168
BFGS:  129 20:46:03    -1032.018725        2.6417
BFGS:  130 20:46:03    -1032.106891        2.0571
BFGS:  131 20:46:03    -1032.185454        2.2092
BFGS:  132 20:46:04    -1032.227111        1.8775
BFGS:  133 20:46:04    -1032.253006        1.4315
BFGS:  134 20:46:04    -1032.267184        1.4307
BFGS:  135 20:46:04    -1032.282524        1.2678
BFGS:  136 20:46:04    -1032.296363        1.1038
BFGS:  137 20:46:04    -1032.312963        1.4192
BFGS:  138 20:46:04    -1032.327303        1.2244
BFGS:  139 20:46:04    -1032.338814        0.8465
BFGS:  140 20:46:04    -1032.346900        0.6260
BFGS:  141 20:46:04    -1032.353212        0.6566
BFGS:  142 20:46:04    -1032.359036        0.7402
BFGS:  143 20:46:04    -1032.364323        0.6068
BFGS:  144 20:46:04    -1032.369180        0.4817
BFGS:  145 20:46:04    -1032.371980        0.4570
BFGS:  146 20:46:04    -1032.373686        0.3568
BFGS:  147 20:46:04    -1032.374988        0.3252
BFGS:  148 20:46:04    -1032.376003        0.2939
BFGS:  149 20:46:04    -1032.377023        0.3105
BFGS:  150 20:46:04    -1032.377942        0.3295
BFGS:  151 20:46:04    -1032.378902        0.3708
BFGS:  152 20:46:04    -1032.379697        0.4054
BFGS:  153 20:46:04    -1032.380365        0.4285
BFGS:  154 20:46:04    -1032.380831        0.4124
BFGS:  155 20:46:05    -1032.381250        0.3902
BFGS:  156 20:46:05    -1032.381667        0.3569
BFGS:  157 20:46:05    -1032.382230        0.3134
BFGS:  158 20:46:05    -1032.382866        0.2559
BFGS:  159 20:46:05    -1032.383460        0.1883
BFGS:  160 20:46:05    -1032.383840        0.1666
BFGS:  161 20:46:05    -1032.384043        0.1138
BFGS:  162 20:46:05    -1032.384143        0.0770
