      Step     Time          Energy         fmax
BFGS:    0 20:43:44     -742.223808      150.3601
BFGS:    1 20:43:44     -793.265939      127.4134
BFGS:    2 20:43:44     -842.149494      111.2442
BFGS:    3 20:43:44     -859.977136      107.2428
BFGS:    4 20:43:44     -874.748056      102.0160
BFGS:    5 20:43:44     -888.504519       97.8240
BFGS:    6 20:43:44     -904.279705       87.5568
BFGS:    7 20:43:44     -917.637177       81.3638
BFGS:    8 20:43:44     -926.976562       68.1692
BFGS:    9 20:43:44     -935.243330       60.3912
BFGS:   10 20:43:44     -941.308257       54.1452
BFGS:   11 20:43:44     -945.765073       52.9076
BFGS:   12 20:43:44     -950.242447       48.9638
BFGS:   13 20:43:44     -954.072052       45.6357
BFGS:   14 20:43:44     -958.573696       42.6991
BFGS:   15 20:43:44     -962.965275       37.7170
BFGS:   16 20:43:44     -966.844318       36.2020
BFGS:   17 20:43:44     -970.294460       31.4601
BFGS:   18 20:43:45     -973.431483       28.6083
BFGS:   19 20:43:45     -976.150449       26.0702
BFGS:   20 20:43:45     -978.554750       23.2220
BFGS:   21 20:43:45     -980.673118       23.5875
BFGS:   22 20:43:45     -982.607353       19.1494
BFGS:   23 20:43:45     -983.933646       17.6224
BFGS:   24 20:43:45     -984.967297       16.6177
BFGS:   25 20:43:45     -985.764298       15.3344
BFGS:   26 20:43:45     -986.488039       14.3953
BFGS:   27 20:43:45     -987.174177       13.2503
BFGS:   28 20:43:45     -987.848171       12.5786
BFGS:   29 20:43:45     -988.557093       11.9269
BFGS:   30 20:43:45     -989.171609       11.4376
BFGS:   31 20:43:45     -989.879305       11.0309
BFGS:   32 20:43:45     -990.585684       11.3454
BFGS:   33 20:43:45     -991.284444       11.5410
BFGS:   34 20:43:45     -991.979831       11.8434
BFGS:   35 20:43:45     -992.674136       12.2025
BFGS:   36 20:43:45     -993.378693       13.2122
BFGS:   37 20:43:45     -994.107024       15.4763
BFGS:   38 20:43:45     -994.868612       16.4764
BFGS:   39 20:43:45     -995.680939       18.7242
BFGS:   40 20:43:45     -996.494644       19.3624
BFGS:   41 20:43:46     -997.240548       20.6219
BFGS:   42 20:43:46     -997.966064       21.7919
BFGS:   43 20:43:46     -998.752190       23.9114
BFGS:   44 20:43:46     -999.534005       25.9028
BFGS:   45 20:43:46    -1000.491099       28.3394
BFGS:   46 20:43:46    -1001.459561       31.4673
BFGS:   47 20:43:46    -1002.807469       32.2202
BFGS:   48 20:43:46    -1004.139300       32.6096
BFGS:   49 20:43:46    -1005.456756       32.8821
BFGS:   50 20:43:46    -1006.769644       32.8359
BFGS:   51 20:43:46    -1008.054135       32.6352
BFGS:   52 20:43:46    -1009.319199       32.2596
BFGS:   53 20:43:46    -1010.504446       31.6236
BFGS:   54 20:43:46    -1011.707882       30.2915
BFGS:   55 20:43:46    -1012.975091       29.0938
BFGS:   56 20:43:46    -1014.378313       27.8089
BFGS:   57 20:43:46    -1015.877733       26.0264
BFGS:   58 20:43:46    -1017.294354       25.3079
BFGS:   59 20:43:46    -1018.722236       26.2740
BFGS:   60 20:43:46    -1020.726641       26.5864
BFGS:   61 20:43:46    -1022.874556       26.5256
BFGS:   62 20:43:46    -1025.176566       25.2891
BFGS:   63 20:43:46    -1027.230651       24.1481
BFGS:   64 20:43:46    -1029.217191       22.6376
BFGS:   65 20:43:47    -1031.044757       21.6598
BFGS:   66 20:43:47    -1032.860629       20.9392
BFGS:   67 20:43:47    -1034.628898       20.8431
BFGS:   68 20:43:47    -1036.417696       20.6214
BFGS:   69 20:43:47    -1038.424333       20.9047
BFGS:   70 20:43:47    -1040.563393       21.6521
BFGS:   71 20:43:47    -1042.980354       22.6935
BFGS:   72 20:43:47    -1045.463188       22.9352
BFGS:   73 20:43:47    -1047.935913       21.6628
BFGS:   74 20:43:47    -1050.343344       20.8693
BFGS:   75 20:43:47    -1052.910978       20.7039
BFGS:   76 20:43:47    -1055.617100       19.9654
BFGS:   77 20:43:47    -1058.356544       18.8272
BFGS:   78 20:43:47    -1060.919989       17.3392
BFGS:   79 20:43:47    -1062.998447       17.5118
BFGS:   80 20:43:47    -1064.849916       16.7187
BFGS:   81 20:43:47    -1066.595622       15.7133
BFGS:   82 20:43:47    -1068.075052       14.2280
BFGS:   83 20:43:47    -1069.495477       12.6717
BFGS:   84 20:43:47    -1070.907600       12.9205
BFGS:   85 20:43:47    -1072.223873       14.3916
BFGS:   86 20:43:47    -1073.438598       15.9450
BFGS:   87 20:43:47    -1074.721296       17.7950
BFGS:   88 20:43:47    -1075.951834       19.5507
BFGS:   89 20:43:47    -1077.047658       20.4219
BFGS:   90 20:43:47    -1078.050542       19.9682
BFGS:   91 20:43:47    -1079.010529       19.3576
BFGS:   92 20:43:47    -1079.942715       20.0501
BFGS:   93 20:43:47    -1080.852717       19.6805
BFGS:   94 20:43:47    -1081.772367       18.1416
BFGS:   95 20:43:48    -1082.765008       17.4033
BFGS:   96 20:43:48    -1083.856860       17.2963
BFGS:   97 20:43:48    -1084.984095       17.2508
BFGS:   98 20:43:48    -1086.061942       17.4055
BFGS:   99 20:43:48    -1086.958072       17.6078
BFGS:  100 20:43:48    -1087.912740       18.0748
BFGS:  101 20:43:48    -1089.011668       17.8541
BFGS:  102 20:43:48    -1090.097069       17.2871
BFGS:  103 20:43:48    -1090.968816       14.7589
BFGS:  104 20:43:48    -1091.861732       13.0177
BFGS:  105 20:43:48    -1092.580445       11.3383
BFGS:  106 20:43:48    -1093.325680       11.7288
BFGS:  107 20:43:48    -1093.994944       11.4080
BFGS:  108 20:43:48    -1094.548707       11.8922
BFGS:  109 20:43:48    -1095.086226       11.9467
BFGS:  110 20:43:48    -1095.594024       11.9955
BFGS:  111 20:43:48    -1096.190824       11.4296
BFGS:  112 20:43:48    -1096.699153       10.5428
BFGS:  113 20:43:48    -1097.154150        9.5579
BFGS:  114 20:43:48    -1097.652120        9.6381
BFGS:  115 20:43:48    -1098.179774        9.4105
BFGS:  116 20:43:48    -1098.590220        8.8431
BFGS:  117 20:43:48    -1098.996654        8.2722
BFGS:  118 20:43:48    -1099.407323        6.2499
BFGS:  119 20:43:48    -1099.708581        6.2683
BFGS:  120 20:43:48    -1099.897899        6.6045
BFGS:  121 20:43:48    -1100.109029        6.1570
BFGS:  122 20:43:48    -1100.267691        6.0063
BFGS:  123 20:43:48    -1100.417418        5.9705
BFGS:  124 20:43:48    -1100.554839        5.4750
BFGS:  125 20:43:48    -1100.736073        5.2611
BFGS:  126 20:43:48    -1100.885154        4.8345
BFGS:  127 20:43:48    -1100.997551        4.4012
BFGS:  128 20:43:49    -1101.076006        3.7679
BFGS:  129 20:43:49    -1101.168919        3.8030
BFGS:  130 20:43:49    -1101.264133        3.9116
BFGS:  131 20:43:49    -1101.363351        3.7082
BFGS:  132 20:43:49    -1101.460148        3.2376
BFGS:  133 20:43:49    -1101.535746        2.8660
BFGS:  134 20:43:49    -1101.601028        2.9145
BFGS:  135 20:43:49    -1101.659992        2.6022
BFGS:  136 20:43:49    -1101.720327        2.3186
BFGS:  137 20:43:49    -1101.777374        2.0576
BFGS:  138 20:43:49    -1101.826194        2.2291
BFGS:  139 20:43:49    -1101.862096        1.8930
BFGS:  140 20:43:49    -1101.887716        1.8945
BFGS:  141 20:43:49    -1101.915134        1.8440
BFGS:  142 20:43:49    -1101.944074        1.7795
BFGS:  143 20:43:49    -1101.972292        1.8112
BFGS:  144 20:43:49    -1101.995845        1.9412
BFGS:  145 20:43:49    -1102.015993        2.0972
BFGS:  146 20:43:49    -1102.035925        2.1816
BFGS:  147 20:43:49    -1102.059164        2.0575
BFGS:  148 20:43:49    -1102.079941        1.6739
BFGS:  149 20:43:49    -1102.095204        1.2914
BFGS:  150 20:43:49    -1102.105837        1.3732
BFGS:  151 20:43:49    -1102.117962        1.3858
BFGS:  152 20:43:49    -1102.131712        1.2609
BFGS:  153 20:43:49    -1102.146395        1.0505
BFGS:  154 20:43:49    -1102.157927        1.0875
BFGS:  155 20:43:49    -1102.166387        1.0228
BFGS:  156 20:43:49    -1102.172119        0.9150
BFGS:  157 20:43:49    -1102.176745        0.7656
BFGS:  158 20:43:49    -1102.180793        0.7493
BFGS:  159 20:43:49    -1102.184125        0.6846
BFGS:  160 20:43:49    -1102.186821        0.5114
BFGS:  161 20:43:50    -1102.189261        0.4604
BFGS:  162 20:43:50    -1102.191575        0.4160
BFGS:  163 20:43:50    -1102.193473        0.3796
BFGS:  164 20:43:50    -1102.194729        0.2830
BFGS:  165 20:43:50    -1102.195541        0.2002
BFGS:  166 20:43:50    -1102.196246        0.1878
BFGS:  167 20:43:50    -1102.196854        0.1515
BFGS:  168 20:43:50    -1102.197306        0.0990
