      Step     Time          Energy         fmax
BFGS:    0 20:54:37     -862.033376       85.6690
BFGS:    1 20:54:37     -887.014874       75.7395
BFGS:    2 20:54:37     -907.490258       72.2005
BFGS:    3 20:54:37     -924.343261       77.3446
BFGS:    4 20:54:37     -939.654779       79.5502
BFGS:    5 20:54:37     -956.545513       79.0798
BFGS:    6 20:54:37     -971.570195       75.5010
BFGS:    7 20:54:37     -980.570227       72.3592
BFGS:    8 20:54:37     -990.272668       66.9254
BFGS:    9 20:54:37    -1000.686186       60.1514
BFGS:   10 20:54:37    -1009.483896       54.7751
BFGS:   11 20:54:37    -1017.800760       49.6308
BFGS:   12 20:54:37    -1024.472471       43.6830
BFGS:   13 20:54:37    -1029.299845       40.4880
BFGS:   14 20:54:38    -1033.694490       39.7985
BFGS:   15 20:54:38    -1037.775713       36.7746
BFGS:   16 20:54:38    -1043.057563       35.3204
BFGS:   17 20:54:38    -1047.493622       29.4286
BFGS:   18 20:54:38    -1052.829167       27.6138
BFGS:   19 20:54:38    -1057.284640       25.5421
BFGS:   20 20:54:38    -1061.264070       24.2870
BFGS:   21 20:54:38    -1064.683694       23.5483
BFGS:   22 20:54:38    -1067.371320       20.1588
BFGS:   23 20:54:38    -1070.036429       18.1993
BFGS:   24 20:54:38    -1072.107001       14.6645
BFGS:   25 20:54:38    -1074.161955       13.2266
BFGS:   26 20:54:38    -1075.907213        9.9377
BFGS:   27 20:54:38    -1077.270103        9.0735
BFGS:   28 20:54:38    -1078.486137        8.1989
BFGS:   29 20:54:38    -1079.653218        7.8196
BFGS:   30 20:54:38    -1080.757439        7.6412
BFGS:   31 20:54:38    -1081.679270        7.6787
BFGS:   32 20:54:38    -1082.319962        6.8817
BFGS:   33 20:54:38    -1082.768424        7.2792
BFGS:   34 20:54:38    -1083.135398        6.1342
BFGS:   35 20:54:38    -1083.471219        5.0623
BFGS:   36 20:54:38    -1083.807285        4.8590
BFGS:   37 20:54:38    -1084.163072        5.2536
BFGS:   38 20:54:38    -1084.496111        6.9702
BFGS:   39 20:54:38    -1084.915085        7.8872
BFGS:   40 20:54:38    -1085.444728        8.0854
BFGS:   41 20:54:38    -1086.102776        7.5785
BFGS:   42 20:54:38    -1086.585455        7.0984
BFGS:   43 20:54:38    -1087.014008        7.4241
BFGS:   44 20:54:38    -1087.468529        8.5473
BFGS:   45 20:54:38    -1087.963268        9.9822
BFGS:   46 20:54:38    -1088.440140       10.0292
BFGS:   47 20:54:38    -1088.979645        8.2913
BFGS:   48 20:54:39    -1089.568703        8.2172
BFGS:   49 20:54:39    -1090.111230        7.2201
BFGS:   50 20:54:39    -1090.632598        8.4437
BFGS:   51 20:54:39    -1091.116143        8.9751
BFGS:   52 20:54:39    -1091.625881        8.2999
BFGS:   53 20:54:39    -1092.111828        7.7065
BFGS:   54 20:54:39    -1092.626748        7.1010
BFGS:   55 20:54:39    -1092.996497        6.6474
BFGS:   56 20:54:39    -1093.256500        5.5202
BFGS:   57 20:54:39    -1093.499458        4.8118
BFGS:   58 20:54:39    -1093.848704        6.7880
BFGS:   59 20:54:39    -1094.186811        3.4366
BFGS:   60 20:54:39    -1094.515008        3.6952
BFGS:   61 20:54:39    -1094.742392        3.8159
BFGS:   62 20:54:39    -1094.883907        3.2956
BFGS:   63 20:54:39    -1095.055948        3.1010
BFGS:   64 20:54:39    -1095.250773        3.4805
BFGS:   65 20:54:39    -1095.409133        4.1093
BFGS:   66 20:54:39    -1095.511524        4.0746
BFGS:   67 20:54:39    -1095.618277        2.5731
BFGS:   68 20:54:39    -1095.708310        2.6641
BFGS:   69 20:54:39    -1095.764913        2.4127
BFGS:   70 20:54:39    -1095.806874        3.2009
BFGS:   71 20:54:39    -1095.838675        2.6658
BFGS:   72 20:54:39    -1095.876822        2.2733
BFGS:   73 20:54:39    -1095.919040        2.2732
BFGS:   74 20:54:39    -1095.957787        2.1728
BFGS:   75 20:54:39    -1095.972668        1.3963
BFGS:   76 20:54:39    -1095.988952        0.9233
BFGS:   77 20:54:39    -1096.003003        1.3025
BFGS:   78 20:54:39    -1096.010805        0.8947
BFGS:   79 20:54:39    -1096.019735        0.7412
BFGS:   80 20:54:39    -1096.022606        1.0607
BFGS:   81 20:54:39    -1096.026760        1.1045
BFGS:   82 20:54:40    -1096.025713        0.6545
BFGS:   83 20:54:40    -1096.027235        0.6880
BFGS:   84 20:54:40    -1096.027529        1.0278
BFGS:   85 20:54:40    -1096.028550        0.6326
BFGS:   86 20:54:40    -1096.029187        0.6419
BFGS:   87 20:54:40    -1096.024405        1.0758
BFGS:   88 20:54:40    -1096.028293        1.0576
BFGS:   89 20:54:40    -1096.020926        0.6817
BFGS:   90 20:54:40    -1096.027995        0.6398
BFGS:   91 20:54:40    -1096.020131        1.1416
BFGS:   92 20:54:40    -1096.029354        1.0552
BFGS:   93 20:54:40    -1096.014341        0.7446
BFGS:   94 20:54:40    -1096.026094        0.6687
BFGS:   95 20:54:40    -1096.016465        1.1687
BFGS:   96 20:54:40    -1096.030709        0.6004
BFGS:   97 20:54:40    -1096.027709        1.0797
BFGS:   98 20:54:40    -1096.029872        1.0605
BFGS:   99 20:54:40    -1096.001860        0.8295
BFGS:  100 20:54:40    -1096.023027        0.7092
BFGS:  101 20:54:40    -1096.012074        1.2342
BFGS:  102 20:54:40    -1096.029904        0.6206
BFGS:  103 20:54:40    -1096.028575        1.0732
BFGS:  104 20:54:40    -1096.030847        0.5948
BFGS:  105 20:54:40    -1096.030851        1.0610
BFGS:  106 20:54:40    -1096.031136        0.5921
BFGS:  107 20:54:40    -1096.031307        0.5861
BFGS:  108 20:54:40    -1096.018253        1.3120
BFGS:  109 20:54:40    -1096.027913        1.1253
BFGS:  110 20:54:40    -1096.018163        0.8060
BFGS:  111 20:54:40    -1096.029523        0.6303
BFGS:  112 20:54:40    -1096.016441        1.3174
BFGS:  113 20:54:40    -1096.028834        1.1124
BFGS:  114 20:54:40    -1096.014485        0.8349
BFGS:  115 20:54:40    -1096.028284        0.6516
BFGS:  116 20:54:41    -1096.015262        1.3217
BFGS:  117 20:54:41    -1096.029608        1.1047
BFGS:  118 20:54:41    -1096.012209        0.8619
BFGS:  119 20:54:41    -1096.027303        0.6674
BFGS:  120 20:54:41    -1096.014550        1.3266
BFGS:  121 20:54:41    -1096.030331        1.0974
BFGS:  122 20:54:41    -1096.009628        0.8935
BFGS:  123 20:54:41    -1096.026285        0.6834
BFGS:  124 20:54:41    -1096.013226        1.3420
BFGS:  125 20:54:41    -1096.030983        1.0917
BFGS:  126 20:54:41    -1096.006765        0.9300
BFGS:  127 20:54:41    -1096.025258        0.6980
BFGS:  128 20:54:41    -1096.011805        1.3561
BFGS:  129 20:54:41    -1096.031626        1.0867
BFGS:  130 20:54:41    -1096.004241        0.9591
BFGS:  131 20:54:41    -1096.024287        0.7103
BFGS:  132 20:54:41    -1096.010799        1.3647
BFGS:  133 20:54:41    -1096.031992        0.5705
BFGS:  134 20:54:41    -1096.027407        1.1529
BFGS:  135 20:54:41    -1096.030756        1.1049
BFGS:  136 20:54:41    -1095.997058        1.0173
BFGS:  137 20:54:41    -1096.022969        0.7310
BFGS:  138 20:54:41    -1096.009853        1.3832
BFGS:  139 20:54:41    -1096.031446        0.5815
BFGS:  140 20:54:41    -1096.027934        1.1465
BFGS:  141 20:54:41    -1096.031636        1.0971
BFGS:  142 20:54:41    -1095.991395        1.0919
BFGS:  143 20:54:41    -1096.021271        0.7507
BFGS:  144 20:54:41    -1096.008980        1.3909
BFGS:  145 20:54:41    -1096.030770        0.5939
BFGS:  146 20:54:41    -1096.028585        1.1401
BFGS:  147 20:54:41    -1096.031983        0.5656
BFGS:  148 20:54:41    -1096.031374        1.1060
BFGS:  149 20:54:41    -1096.032231        0.5577
BFGS:  150 20:54:42    -1096.031971        1.1002
BFGS:  151 20:54:42    -1096.032172        1.0977
BFGS:  152 20:54:42    -1095.992110        1.1891
BFGS:  153 20:54:42    -1096.021499        0.7483
BFGS:  154 20:54:42    -1096.014249        1.3055
BFGS:  155 20:54:42    -1096.029766        0.6091
BFGS:  156 20:54:42    -1096.031413        1.1089
BFGS:  157 20:54:42    -1096.030801        0.5882
BFGS:  158 20:54:42    -1096.031431        0.5733
BFGS:  159 20:54:42    -1096.004841        1.4021
BFGS:  160 20:54:42    -1096.027633        1.1513
BFGS:  161 20:54:42    -1095.991137        1.2018
BFGS:  162 20:54:42    -1096.020821        0.7472
BFGS:  163 20:54:42    -1096.005438        1.4078
BFGS:  164 20:54:42    -1096.030039        0.6003
BFGS:  165 20:54:42    -1096.029406        1.1353
BFGS:  166 20:54:42    -1096.031277        0.5769
BFGS:  167 20:54:42    -1096.032021        0.5588
BFGS:  168 20:54:42    -1095.997337        1.5137
BFGS:  169 20:54:42    -1096.025477        1.1779
BFGS:  170 20:54:42    -1095.990682        1.2029
BFGS:  171 20:54:42    -1096.019848        0.7524
BFGS:  172 20:54:42    -1095.997852        1.5184
BFGS:  173 20:54:42    -1096.030038        0.5964
BFGS:  174 20:54:42    -1096.027992        1.1538
BFGS:  175 20:54:42    -1096.031514        0.5706
BFGS:  176 20:54:42    -1096.031952        1.1061
BFGS:  177 20:54:42    -1096.031823        0.5619
BFGS:  178 20:54:42    -1096.032026        0.5574
BFGS:  179 20:54:42    -1095.985354        1.7306
BFGS:  180 20:54:42    -1096.023620        1.2029
BFGS:  181 20:54:42    -1095.998027        1.0419
BFGS:  182 20:54:42    -1096.019855        0.7314
BFGS:  183 20:54:43    -1095.986701        1.6965
BFGS:  184 20:54:43    -1096.030651        0.5795
BFGS:  185 20:54:43    -1096.025348        1.1847
BFGS:  186 20:54:43    -1096.032042        1.1055
BFGS:  187 20:54:43    -1095.987939        1.0915
BFGS:  188 20:54:43    -1096.015416        0.7786
BFGS:  189 20:54:43    -1095.997784        1.5514
BFGS:  190 20:54:43    -1096.028243        0.6221
BFGS:  191 20:54:43    -1096.029137        1.1407
BFGS:  192 20:54:43    -1096.030438        0.5892
BFGS:  193 20:54:43    -1096.031686        0.5640
BFGS:  194 20:54:43    -1095.974020        1.9294
BFGS:  195 20:54:43    -1096.023167        1.2121
BFGS:  196 20:54:43    -1096.001676        1.0065
BFGS:  197 20:54:43    -1096.020567        0.7220
BFGS:  198 20:54:43    -1095.987087        1.7071
BFGS:  199 20:54:43    -1096.030951        0.5734
BFGS:  200 20:54:43    -1096.024892        1.1889
BFGS:  201 20:54:43    -1096.031661        1.1125
BFGS:  202 20:54:43    -1095.990231        1.0617
BFGS:  203 20:54:43    -1096.015598        0.7688
BFGS:  204 20:54:43    -1095.998957        1.5304
BFGS:  205 20:54:43    -1096.028159        0.6222
BFGS:  206 20:54:43    -1096.029342        1.1380
BFGS:  207 20:54:43    -1096.030361        0.5888
BFGS:  208 20:54:43    -1096.031620        0.5645
BFGS:  209 20:54:43    -1095.969933        2.0063
BFGS:  210 20:54:43    -1096.023112        1.2125
BFGS:  211 20:54:43    -1096.003798        0.9627
BFGS:  212 20:54:43    -1096.020917        0.7148
BFGS:  213 20:54:43    -1095.987885        1.6999
BFGS:  214 20:54:43    -1096.031028        0.5716
BFGS:  215 20:54:43    -1096.024894        1.1877
BFGS:  216 20:54:43    -1096.031652        1.1143
BFGS:  217 20:54:44    -1095.991805        1.0266
BFGS:  218 20:54:44    -1096.015596        0.7604
BFGS:  219 20:54:44    -1096.000172        1.5075
BFGS:  220 20:54:44    -1096.027976        0.6235
BFGS:  221 20:54:44    -1096.029754        1.1335
BFGS:  222 20:54:44    -1096.030188        0.5904
BFGS:  223 20:54:44    -1096.031458        0.5670
BFGS:  224 20:54:44    -1095.966701        2.0641
BFGS:  225 20:54:44    -1096.023272        1.2101
BFGS:  226 20:54:44    -1096.005127        0.9287
BFGS:  227 20:54:44    -1096.021119        0.7097
BFGS:  228 20:54:44    -1095.988567        1.6914
BFGS:  229 20:54:44    -1096.031037        0.5709
BFGS:  230 20:54:44    -1096.025010        1.1857
BFGS:  231 20:54:44    -1096.031745        1.1146
BFGS:  232 20:54:44    -1095.992862        0.9994
BFGS:  233 20:54:44    -1096.015562        0.7537
BFGS:  234 20:54:44    -1096.001138        1.4892
BFGS:  235 20:54:44    -1096.027803        0.6245
BFGS:  236 20:54:44    -1096.030155        1.1296
BFGS:  237 20:54:44    -1096.030018        0.5921
BFGS:  238 20:54:44    -1096.031293        0.5693
BFGS:  239 20:54:44    -1095.964312        2.1067
BFGS:  240 20:54:44    -1096.023498        1.2071
BFGS:  241 20:54:44    -1096.006029        0.9031
BFGS:  242 20:54:44    -1096.021247        0.7057
BFGS:  243 20:54:44    -1095.989097        1.6831
BFGS:  244 20:54:44    -1096.031016        0.5707
BFGS:  245 20:54:44    -1096.025165        1.1835
BFGS:  246 20:54:44    -1096.031876        1.1144
BFGS:  247 20:54:44    -1095.993595        0.9783
BFGS:  248 20:54:44    -1096.015519        0.7483
BFGS:  249 20:54:44    -1096.001882        1.4749
BFGS:  250 20:54:44    -1096.027648        0.6252
BFGS:  251 20:54:45    -1096.030519        1.1263
BFGS:  252 20:54:45    -1096.029860        0.5936
BFGS:  253 20:54:45    -1096.031137        0.5714
BFGS:  254 20:54:45    -1095.962499        2.1383
BFGS:  255 20:54:45    -1096.023740        1.2040
BFGS:  256 20:54:45    -1096.006650        0.8835
BFGS:  257 20:54:45    -1096.021318        0.7024
BFGS:  258 20:54:45    -1095.989535        1.6751
BFGS:  259 20:54:45    -1096.030969        0.5709
BFGS:  260 20:54:45    -1096.025344        1.1812
BFGS:  261 20:54:45    -1096.032035        1.1138
BFGS:  262 20:54:45    -1095.994110        0.9618
BFGS:  263 20:54:45    -1096.015466        0.7439
BFGS:  264 20:54:45    -1096.002489        1.4632
BFGS:  265 20:54:45    -1096.027501        0.6258
BFGS:  266 20:54:45    -1096.030857        1.1234
BFGS:  267 20:54:45    -1096.029708        0.5949
BFGS:  268 20:54:45    -1096.030986        0.5733
BFGS:  269 20:54:45    -1095.961069        2.1626
BFGS:  270 20:54:45    -1096.023987        1.2009
BFGS:  271 20:54:45    -1096.007085        0.8682
BFGS:  272 20:54:45    -1096.021345        0.6996
BFGS:  273 20:54:45    -1095.989931        1.6671
BFGS:  274 20:54:45    -1096.030902        0.5714
BFGS:  275 20:54:45    -1096.025540        1.1790
BFGS:  276 20:54:45    -1096.032215        1.1129
BFGS:  277 20:54:45    -1095.994480        0.9487
BFGS:  278 20:54:45    -1096.015400        0.7402
BFGS:  279 20:54:45    -1096.003012        1.4533
BFGS:  280 20:54:45    -1096.027358        0.6263
BFGS:  281 20:54:45    -1096.031176        1.1208
BFGS:  282 20:54:45    -1096.029559        0.5963
BFGS:  283 20:54:45    -1096.030836        0.5751
BFGS:  284 20:54:45    -1095.962021        2.1427
BFGS:  285 20:54:46    -1096.024277        1.1971
BFGS:  286 20:54:46    -1096.006777        0.8610
BFGS:  287 20:54:46    -1096.021079        0.6994
BFGS:  288 20:54:46    -1095.990941        1.6487
BFGS:  289 20:54:46    -1096.030666        0.5749
BFGS:  290 20:54:46    -1096.025998        1.1740
BFGS:  291 20:54:46    -1096.032333        0.5463
BFGS:  292 20:54:46    -1096.030585        1.1279
BFGS:  293 20:54:46    -1096.031998        1.1149
BFGS:  294 20:54:46    -1095.995923        0.9461
BFGS:  295 20:54:46    -1096.015522        0.7379
BFGS:  296 20:54:46    -1096.003770        1.4380
BFGS:  297 20:54:46    -1096.027127        0.6277
BFGS:  298 20:54:46    -1096.031584        1.1172
BFGS:  299 20:54:46    -1096.029314        0.5986
BFGS:  300 20:54:46    -1096.030598        0.5783
BFGS:  301 20:54:46    -1095.963986        2.0996
BFGS:  302 20:54:46    -1096.024550        1.1929
BFGS:  303 20:54:46    -1096.005765        0.8718
BFGS:  304 20:54:46    -1096.020254        0.7044
BFGS:  305 20:54:46    -1095.993810        1.6042
BFGS:  306 20:54:46    -1096.029990        0.5849
BFGS:  307 20:54:46    -1096.027054        1.1639
BFGS:  308 20:54:46    -1096.031755        0.5565
BFGS:  309 20:54:46    -1096.031653        1.1192
BFGS:  310 20:54:46    -1096.032121        0.5501
BFGS:  311 20:54:46    -1096.032359        0.5450
BFGS:  312 20:54:46    -1095.967615        2.0837
BFGS:  313 20:54:46    -1096.022482        1.2158
BFGS:  314 20:54:46    -1096.008561        0.8506
BFGS:  315 20:54:46    -1096.021156        0.6914
BFGS:  316 20:54:46    -1095.993651        1.6290
BFGS:  317 20:54:46    -1096.030227        0.5767
BFGS:  318 20:54:46    -1096.026798        1.1699
BFGS:  319 20:54:47    -1096.031947        0.5508
BFGS:  320 20:54:47    -1096.031323        1.1228
BFGS:  321 20:54:47    -1096.032305        0.5457
BFGS:  322 20:54:47    -1096.032282        1.1141
BFGS:  323 20:54:47    -1096.032384        0.5444
BFGS:  324 20:54:47    -1096.032436        0.5434
BFGS:  325 20:54:47    -1095.984465        1.8051
BFGS:  326 20:54:47    -1096.024167        1.1902
BFGS:  327 20:54:47    -1096.009439        0.7682
BFGS:  328 20:54:47    -1096.020913        0.6686
BFGS:  329 20:54:47    -1095.996993        1.6068
BFGS:  330 20:54:47    -1096.029556        0.5738
BFGS:  331 20:54:47    -1096.028663        1.1587
BFGS:  332 20:54:47    -1096.031283        0.5551
BFGS:  333 20:54:47    -1096.032321        0.5408
BFGS:  334 20:54:47    -1095.968052        2.0621
BFGS:  335 20:54:47    -1096.023311        1.1975
BFGS:  336 20:54:47    -1096.012377        0.7247
BFGS:  337 20:54:47    -1096.022615        0.6595
BFGS:  338 20:54:47    -1095.993211        1.6281
BFGS:  339 20:54:47    -1096.030808        0.5646
BFGS:  340 20:54:47    -1096.026426        1.1678
BFGS:  341 20:54:47    -1096.032383        0.5413
BFGS:  342 20:54:47    -1096.030665        1.1272
BFGS:  343 20:54:47    -1096.031980        1.1164
BFGS:  344 20:54:47    -1096.001163        0.7888
BFGS:  345 20:54:47    -1096.015296        0.6931
BFGS:  346 20:54:47    -1096.009137        1.3672
BFGS:  347 20:54:47    -1096.025811        0.6243
BFGS:  348 20:54:47    -1096.031627        0.5550
BFGS:  349 20:54:47    -1095.965071        2.0906
BFGS:  350 20:54:47    -1096.023815        1.1907
BFGS:  351 20:54:47    -1096.010709        0.7440
BFGS:  352 20:54:47    -1096.021815        0.6673
BFGS:  353 20:54:48    -1095.994329        1.5882
BFGS:  354 20:54:48    -1096.030443        0.5729
BFGS:  355 20:54:48    -1096.026821        1.1616
BFGS:  356 20:54:48    -1096.032086        0.5483
BFGS:  357 20:54:48    -1096.031170        1.1223
BFGS:  358 20:54:48    -1096.032423        0.5441
BFGS:  359 20:54:48    -1096.032087        1.1144
BFGS:  360 20:54:48    -1096.032386        1.1120
BFGS:  361 20:54:48    -1095.999916        0.8578
BFGS:  362 20:54:48    -1096.015264        0.7094
BFGS:  363 20:54:48    -1096.008257        1.3709
BFGS:  364 20:54:48    -1096.025984        0.6276
BFGS:  365 20:54:48    -1096.031794        0.5540
BFGS:  366 20:54:48    -1095.963986        2.0827
BFGS:  367 20:54:48    -1096.023127        1.1959
BFGS:  368 20:54:48    -1096.009583        0.7756
BFGS:  369 20:54:48    -1096.021377        0.6762
BFGS:  370 20:54:48    -1095.994774        1.5703
BFGS:  371 20:54:48    -1096.030228        0.5777
BFGS:  372 20:54:48    -1096.026893        1.1609
BFGS:  373 20:54:48    -1096.031924        0.5518
BFGS:  374 20:54:48    -1096.031375        1.1208
BFGS:  375 20:54:48    -1096.032279        0.5467
BFGS:  376 20:54:48    -1096.032325        1.1129
BFGS:  377 20:54:48    -1096.032359        0.5455
BFGS:  378 20:54:48    -1096.032411        0.5446
BFGS:  379 20:54:48    -1096.001517        1.5016
BFGS:  380 20:54:48    -1096.026288        1.1617
BFGS:  381 20:54:48    -1096.007451        0.7533
BFGS:  382 20:54:48    -1096.020661        0.6611
BFGS:  383 20:54:48    -1095.995717        1.6084
BFGS:  384 20:54:48    -1096.029510        0.5742
BFGS:  385 20:54:48    -1096.029415        1.1460
BFGS:  386 20:54:48    -1096.031139        0.5576
BFGS:  387 20:54:49    -1096.032095        0.5460
BFGS:  388 20:54:49    -1095.983853        1.7844
BFGS:  389 20:54:49    -1096.025001        1.1742
BFGS:  390 20:54:49    -1096.010610        0.7030
BFGS:  391 20:54:49    -1096.021405        0.6534
BFGS:  392 20:54:49    -1095.996070        1.5827
BFGS:  393 20:54:49    -1096.029766        0.5772
BFGS:  394 20:54:49    -1096.028637        1.1448
BFGS:  395 20:54:49    -1096.031395        0.5579
BFGS:  396 20:54:49    -1096.032377        0.5443
BFGS:  397 20:54:49    -1095.973668        1.9614
BFGS:  398 20:54:49    -1096.023647        1.1884
BFGS:  399 20:54:49    -1096.011649        0.7159
BFGS:  400 20:54:49    -1096.022055        0.6576
BFGS:  401 20:54:49    -1095.994582        1.5979
BFGS:  402 20:54:49    -1096.030326        0.5735
BFGS:  403 20:54:49    -1096.027394        1.1549
BFGS:  404 20:54:49    -1096.031931        0.5512
BFGS:  405 20:54:49    -1096.031575        1.1181
BFGS:  406 20:54:49    -1096.032260        0.5477
BFGS:  407 20:54:49    -1096.032454        1.1106
BFGS:  408 20:54:49    -1096.032332        0.5472
BFGS:  409 20:54:49    -1096.032379        0.5466
BFGS:  410 20:54:49    -1095.972184        1.8693
BFGS:  411 20:54:49    -1096.022882        1.1875
BFGS:  412 20:54:49    -1096.008543        0.7453
BFGS:  413 20:54:49    -1096.021373        0.6625
BFGS:  414 20:54:49    -1095.996186        1.5085
BFGS:  415 20:54:49    -1096.030229        0.5779
BFGS:  416 20:54:49    -1096.027217        1.1511
BFGS:  417 20:54:49    -1096.031891        0.5540
BFGS:  418 20:54:49    -1096.031542        1.1166
BFGS:  419 20:54:49    -1096.032236        0.5490
BFGS:  420 20:54:49    -1096.032458        1.1099
BFGS:  421 20:54:49    -1096.032312        0.5479
BFGS:  422 20:54:50    -1096.032362        0.5471
BFGS:  423 20:54:50    -1095.975667        1.9111
BFGS:  424 20:54:50    -1096.023627        1.1856
BFGS:  425 20:54:50    -1096.011032        0.7238
BFGS:  426 20:54:50    -1096.021812        0.6568
BFGS:  427 20:54:50    -1095.995163        1.5778
BFGS:  428 20:54:50    -1096.030233        0.5725
BFGS:  429 20:54:50    -1096.027480        1.1560
BFGS:  430 20:54:50    -1096.031878        0.5498
BFGS:  431 20:54:50    -1096.031642        1.1194
BFGS:  432 20:54:50    -1096.032217        0.5469
BFGS:  433 20:54:50    -1096.032437        0.5441
BFGS:  434 20:54:50    -1095.972628        1.9300
BFGS:  435 20:54:50    -1096.023376        1.1811
BFGS:  436 20:54:50    -1096.012156        0.6817
BFGS:  437 20:54:50    -1096.022383        0.6441
BFGS:  438 20:54:50    -1095.994304        1.5637
BFGS:  439 20:54:50    -1096.030584        0.5705
BFGS:  440 20:54:50    -1096.026887        1.1517
BFGS:  441 20:54:50    -1096.032180        0.5483
BFGS:  442 20:54:50    -1096.031066        1.1194
BFGS:  443 20:54:50    -1096.032374        1.1104
BFGS:  444 20:54:50    -1096.001344        0.7420
BFGS:  445 20:54:50    -1096.015076        0.6747
BFGS:  446 20:54:50    -1096.009844        1.3359
BFGS:  447 20:54:50    -1096.025577        0.6226
BFGS:  448 20:54:50    -1096.031421        0.5611
BFGS:  449 20:54:50    -1095.966077        2.0513
BFGS:  450 20:54:50    -1096.024349        1.1750
BFGS:  451 20:54:50    -1096.011329        0.7057
BFGS:  452 20:54:50    -1096.021962        0.6550
BFGS:  453 20:54:50    -1095.994510        1.5609
BFGS:  454 20:54:50    -1096.030434        0.5747
BFGS:  455 20:54:50    -1096.027002        1.1518
BFGS:  456 20:54:51    -1096.032052        0.5515
BFGS:  457 20:54:51    -1096.031276        1.1177
BFGS:  458 20:54:51    -1096.032383        0.5473
BFGS:  459 20:54:51    -1096.032176        1.1108
BFGS:  460 20:54:51    -1096.032456        0.5464
BFGS:  461 20:54:51    -1096.032374        1.1093
BFGS:  462 20:54:51    -1096.032439        1.1089
BFGS:  463 20:54:51    -1095.997604        0.8086
BFGS:  464 20:54:51    -1096.015422        0.6866
BFGS:  465 20:54:51    -1096.005832        1.3635
BFGS:  466 20:54:51    -1096.026671        0.6195
BFGS:  467 20:54:51    -1096.032286        0.5524
BFGS:  468 20:54:51    -1095.959154        2.0939
BFGS:  469 20:54:51    -1096.022676        1.1826
BFGS:  470 20:54:51    -1096.011306        0.7191
BFGS:  471 20:54:51    -1096.022898        0.6556
BFGS:  472 20:54:51    -1095.989364        1.5966
BFGS:  473 20:54:51    -1096.031297        0.5659
BFGS:  474 20:54:51    -1096.025337        1.1613
BFGS:  475 20:54:51    -1096.031741        1.1123
BFGS:  476 20:54:51    -1095.997994        0.8239
BFGS:  477 20:54:51    -1096.015811        0.6950
BFGS:  478 20:54:51    -1096.004775        1.3820
BFGS:  479 20:54:51    -1096.026966        0.6197
BFGS:  480 20:54:51    -1096.032235        1.1070
BFGS:  481 20:54:51    -1096.029087        0.5976
BFGS:  482 20:54:51    -1096.030331        0.5815
BFGS:  483 20:54:51    -1095.967248        1.9793
BFGS:  484 20:54:51    -1096.025465        1.1657
BFGS:  485 20:54:51    -1096.006665        0.7645
BFGS:  486 20:54:51    -1096.020251        0.6756
BFGS:  487 20:54:51    -1095.995777        1.5177
BFGS:  488 20:54:51    -1096.029667        0.5885
BFGS:  489 20:54:51    -1096.028017        1.1430
BFGS:  490 20:54:52    -1096.031382        0.5645
BFGS:  491 20:54:52    -1096.032420        0.5466
BFGS:  492 20:54:52    -1095.970411        1.9452
BFGS:  493 20:54:52    -1096.022690        1.1936
BFGS:  494 20:54:52    -1096.007782        0.7722
BFGS:  495 20:54:52    -1096.021132        0.6755
BFGS:  496 20:54:52    -1095.993899        1.5596
BFGS:  497 20:54:52    -1096.030201        0.5813
BFGS:  498 20:54:52    -1096.027132        1.1529
BFGS:  499 20:54:52    -1096.031844        0.5564
