      Step     Time          Energy         fmax
BFGS:    0 20:47:49     -827.234114       82.0678
BFGS:    1 20:47:49     -843.489817       81.6890
BFGS:    2 20:47:49     -857.086737       86.8936
BFGS:    3 20:47:49     -866.440813       91.0447
BFGS:    4 20:47:49     -873.258592       92.0382
BFGS:    5 20:47:49     -879.618233       87.4335
BFGS:    6 20:47:49     -888.662792       83.0944
BFGS:    7 20:47:49     -897.787984       79.0844
BFGS:    8 20:47:49     -906.751081       80.6944
BFGS:    9 20:47:49     -915.196486       80.6574
BFGS:   10 20:47:49     -922.549444       79.8211
BFGS:   11 20:47:49     -929.767105       78.3398
BFGS:   12 20:47:49     -937.504180       75.2510
BFGS:   13 20:47:49     -945.443106       73.4490
BFGS:   14 20:47:49     -953.488756       71.8697
BFGS:   15 20:47:49     -962.783410       70.7613
BFGS:   16 20:47:49     -971.380377       68.0062
BFGS:   17 20:47:49     -979.878614       66.0295
BFGS:   18 20:47:49     -987.997166       66.6107
BFGS:   19 20:47:49     -996.002191       67.7008
BFGS:   20 20:47:49    -1004.117713       65.5989
BFGS:   21 20:47:49    -1011.793040       60.7652
BFGS:   22 20:47:50    -1018.849376       56.2356
BFGS:   23 20:47:50    -1024.743643       49.2045
BFGS:   24 20:47:50    -1031.034905       45.2641
BFGS:   25 20:47:50    -1036.381042       39.2952
BFGS:   26 20:47:50    -1041.264306       34.6066
BFGS:   27 20:47:50    -1044.886190       30.9195
BFGS:   28 20:47:50    -1048.198698       28.3830
BFGS:   29 20:47:50    -1051.760682       24.5916
BFGS:   30 20:47:50    -1054.955084       21.8204
BFGS:   31 20:47:50    -1057.857622       18.7718
BFGS:   32 20:47:50    -1060.057177       16.3414
BFGS:   33 20:47:50    -1062.467000       13.8852
BFGS:   34 20:47:50    -1064.750693       11.8169
BFGS:   35 20:47:50    -1066.424080       10.6078
BFGS:   36 20:47:50    -1067.994397        9.8884
BFGS:   37 20:47:50    -1069.373417        9.5081
BFGS:   38 20:47:50    -1070.427831        9.1740
BFGS:   39 20:47:50    -1071.269416        9.0522
BFGS:   40 20:47:50    -1072.020141        8.5593
BFGS:   41 20:47:50    -1072.653295        8.4981
BFGS:   42 20:47:50    -1073.191973        8.4006
BFGS:   43 20:47:50    -1073.633357        9.2066
BFGS:   44 20:47:50    -1074.047718       10.1414
BFGS:   45 20:47:50    -1074.450316       10.7102
BFGS:   46 20:47:50    -1074.892829       10.9283
BFGS:   47 20:47:50    -1075.419711       10.9867
BFGS:   48 20:47:50    -1076.013631       10.7044
BFGS:   49 20:47:50    -1076.692024       10.5036
BFGS:   50 20:47:50    -1077.221733       10.2246
BFGS:   51 20:47:51    -1077.876171        9.6739
BFGS:   52 20:47:51    -1078.383671        9.0637
BFGS:   53 20:47:51    -1078.884823        8.3367
BFGS:   54 20:47:51    -1079.356460        7.6309
BFGS:   55 20:47:51    -1079.805489        6.8497
BFGS:   56 20:47:51    -1080.285636        6.3224
BFGS:   57 20:47:51    -1080.756074        6.4708
BFGS:   58 20:47:51    -1081.163162        6.4116
BFGS:   59 20:47:51    -1081.543597        7.3675
BFGS:   60 20:47:51    -1081.891265        6.2389
BFGS:   61 20:47:51    -1082.274267        5.6053
BFGS:   62 20:47:51    -1082.527586        6.0156
BFGS:   63 20:47:51    -1082.821189        5.2585
BFGS:   64 20:47:51    -1083.061227        4.4660
BFGS:   65 20:47:51    -1083.326348        4.4474
BFGS:   66 20:47:51    -1083.601886        4.7802
BFGS:   67 20:47:51    -1083.896928        4.7701
BFGS:   68 20:47:51    -1084.140551        4.8768
BFGS:   69 20:47:51    -1084.395985        4.8236
BFGS:   70 20:47:51    -1084.651540        4.6489
BFGS:   71 20:47:51    -1084.904753        4.4352
BFGS:   72 20:47:51    -1085.159898        4.4712
BFGS:   73 20:47:51    -1085.420270        4.4183
BFGS:   74 20:47:51    -1085.671853        4.4989
BFGS:   75 20:47:51    -1085.960049        5.1696
BFGS:   76 20:47:51    -1086.232835        4.6783
BFGS:   77 20:47:51    -1086.415335        5.5571
BFGS:   78 20:47:51    -1086.610133        5.3517
BFGS:   79 20:47:51    -1086.826035        4.8667
BFGS:   80 20:47:51    -1086.930452        4.0783
BFGS:   81 20:47:52    -1087.050427        4.5457
BFGS:   82 20:47:52    -1087.133555        4.6074
BFGS:   83 20:47:52    -1087.250386        3.9343
BFGS:   84 20:47:52    -1087.349796        3.6213
BFGS:   85 20:47:52    -1087.445241        2.5032
BFGS:   86 20:47:52    -1087.519890        2.7003
BFGS:   87 20:47:52    -1087.573149        3.0213
BFGS:   88 20:47:52    -1087.613385        2.9898
BFGS:   89 20:47:52    -1087.685493        2.6817
BFGS:   90 20:47:52    -1087.742428        2.1372
BFGS:   91 20:47:52    -1087.793620        1.5315
BFGS:   92 20:47:52    -1087.843458        2.9311
BFGS:   93 20:47:52    -1087.899100        3.3821
BFGS:   94 20:47:52    -1087.962051        3.9054
BFGS:   95 20:47:52    -1088.036194        4.5326
BFGS:   96 20:47:52    -1088.139528        5.1828
BFGS:   97 20:47:52    -1088.269134        5.2394
BFGS:   98 20:47:52    -1088.410354        5.0376
BFGS:   99 20:47:52    -1088.536735        2.7559
BFGS:  100 20:47:52    -1088.628369        2.1625
BFGS:  101 20:47:52    -1088.717175        2.3871
BFGS:  102 20:47:52    -1088.764774        2.2438
BFGS:  103 20:47:52    -1088.811220        2.1561
BFGS:  104 20:47:52    -1088.841753        1.8471
BFGS:  105 20:47:52    -1088.879418        1.6016
BFGS:  106 20:47:52    -1088.905005        1.4693
BFGS:  107 20:47:52    -1088.931827        1.4023
BFGS:  108 20:47:52    -1088.957994        1.3822
BFGS:  109 20:47:52    -1088.980081        1.1349
BFGS:  110 20:47:52    -1089.000517        1.4262
BFGS:  111 20:47:53    -1089.014091        1.3675
BFGS:  112 20:47:53    -1089.012679        2.9723
BFGS:  113 20:47:53    -1089.037366        1.4682
BFGS:  114 20:47:53    -1089.051667        1.3755
BFGS:  115 20:47:53    -1089.069188        1.4558
BFGS:  116 20:47:53    -1089.041568        2.5000
BFGS:  117 20:47:53    -1089.076142        2.7134
BFGS:  118 20:47:53    -1089.068864        1.2638
BFGS:  119 20:47:53    -1089.110727        1.4369
BFGS:  120 20:47:53    -1089.092600        2.4439
BFGS:  121 20:47:53    -1089.136984        2.6524
BFGS:  122 20:47:53    -1089.091875        1.1759
BFGS:  123 20:47:53    -1089.157945        1.3457
BFGS:  124 20:47:53    -1089.191972        2.6159
BFGS:  125 20:47:53    -1089.229474        1.3842
BFGS:  126 20:47:53    -1089.262064        1.1889
BFGS:  127 20:47:53    -1089.302777        1.0654
BFGS:  128 20:47:53    -1089.326821        1.1623
BFGS:  129 20:47:53    -1089.339844        3.1064
BFGS:  130 20:47:53    -1089.323228        1.4023
BFGS:  131 20:47:53    -1089.363098        0.9842
BFGS:  132 20:47:53    -1089.373752        0.9445
BFGS:  133 20:47:53    -1089.384940        0.9417
BFGS:  134 20:47:53    -1089.396902        0.8114
BFGS:  135 20:47:53    -1089.407589        0.8106
BFGS:  136 20:47:53    -1089.430690        1.7565
BFGS:  137 20:47:53    -1089.450148        2.1812
BFGS:  138 20:47:53    -1089.491083        1.6962
BFGS:  139 20:47:53    -1089.585691        1.3744
BFGS:  140 20:47:53    -1089.663347        1.5875
BFGS:  141 20:47:53    -1089.737796        1.7137
BFGS:  142 20:47:53    -1089.793702        1.9269
BFGS:  143 20:47:54    -1089.848763        2.0631
BFGS:  144 20:47:54    -1089.902403        2.0618
BFGS:  145 20:47:54    -1089.965299        1.7708
BFGS:  146 20:47:54    -1090.010289        1.9751
BFGS:  147 20:47:54    -1090.054287        2.3014
BFGS:  148 20:47:54    -1090.039009        4.5368
BFGS:  149 20:47:54    -1090.182300        3.2810
BFGS:  150 20:47:54    -1090.263368        3.3808
BFGS:  151 20:47:54    -1090.330280        3.9740
BFGS:  152 20:47:54    -1090.460405        3.0291
BFGS:  153 20:47:54    -1090.544148        2.4614
BFGS:  154 20:47:54    -1090.606613        2.4410
BFGS:  155 20:47:54    -1090.655973        3.4656
BFGS:  156 20:47:54    -1090.702339        1.7468
BFGS:  157 20:47:54    -1090.745378        1.3852
BFGS:  158 20:47:54    -1090.770374        1.3526
BFGS:  159 20:47:54    -1090.789922        3.6813
BFGS:  160 20:47:54    -1090.810016        1.1942
BFGS:  161 20:47:54    -1090.830344        1.2364
BFGS:  162 20:47:54    -1090.856208        3.5934
BFGS:  163 20:47:54    -1090.865805        1.3541
BFGS:  164 20:47:54    -1090.882008        1.3496
BFGS:  165 20:47:54    -1090.920714        1.1783
BFGS:  166 20:47:54    -1090.942573        1.0708
BFGS:  167 20:47:54    -1090.965417        1.3122
BFGS:  168 20:47:54    -1090.988036        1.7637
BFGS:  169 20:47:54    -1090.988402        2.2870
BFGS:  170 20:47:54    -1091.032874        1.8486
BFGS:  171 20:47:54    -1091.029467        1.6839
BFGS:  172 20:47:54    -1091.070343        1.6200
BFGS:  173 20:47:54    -1091.057108        2.1079
BFGS:  174 20:47:54    -1091.125489        2.2447
BFGS:  175 20:47:55    -1091.195874        1.7525
BFGS:  176 20:47:55    -1091.242956        1.7625
BFGS:  177 20:47:55    -1091.293794        1.5620
BFGS:  178 20:47:55    -1091.337578        1.4236
BFGS:  179 20:47:55    -1091.363335        2.8866
BFGS:  180 20:47:55    -1091.378510        1.8570
BFGS:  181 20:47:55    -1091.429370        1.5307
BFGS:  182 20:47:55    -1091.474139        1.4242
BFGS:  183 20:47:55    -1091.523420        1.2154
BFGS:  184 20:47:55    -1091.560570        1.1329
BFGS:  185 20:47:55    -1091.580621        0.8835
BFGS:  186 20:47:55    -1091.592640        0.9207
BFGS:  187 20:47:55    -1091.590027        2.8209
BFGS:  188 20:47:55    -1091.599539        0.9430
BFGS:  189 20:47:55    -1091.609286        2.9644
BFGS:  190 20:47:55    -1091.609574        0.8433
BFGS:  191 20:47:55    -1091.614074        0.8810
BFGS:  192 20:47:55    -1091.623397        2.9305
BFGS:  193 20:47:55    -1091.627714        1.1932
BFGS:  194 20:47:55    -1091.635325        1.5724
BFGS:  195 20:47:55    -1091.643283        1.9416
BFGS:  196 20:47:55    -1091.659130        2.6181
BFGS:  197 20:47:55    -1091.675983        3.2869
BFGS:  198 20:47:55    -1091.692143        3.8991
BFGS:  199 20:47:55    -1091.708940        4.3846
BFGS:  200 20:47:55    -1091.737189        4.7037
BFGS:  201 20:47:55    -1091.706689        4.7816
BFGS:  202 20:47:55    -1091.805427        4.2117
BFGS:  203 20:47:55    -1091.916139        4.2942
BFGS:  204 20:47:55    -1092.034105        4.6310
BFGS:  205 20:47:55    -1092.102694        4.5523
BFGS:  206 20:47:55    -1092.169971        4.2173
BFGS:  207 20:47:55    -1092.239495        3.8012
BFGS:  208 20:47:56    -1092.315531        3.3068
BFGS:  209 20:47:56    -1092.357474        4.1025
BFGS:  210 20:47:56    -1092.405944        2.8472
BFGS:  211 20:47:56    -1092.468057        2.6237
BFGS:  212 20:47:56    -1092.520547        3.0530
BFGS:  213 20:47:56    -1092.562551        3.0699
BFGS:  214 20:47:56    -1092.639312        2.7261
BFGS:  215 20:47:56    -1092.728202        3.7236
BFGS:  216 20:47:56    -1092.788676        4.6642
BFGS:  217 20:47:56    -1092.863635        4.5280
BFGS:  218 20:47:56    -1092.962740        3.2994
BFGS:  219 20:47:56    -1093.065014        3.9738
BFGS:  220 20:47:56    -1093.171207        3.3953
BFGS:  221 20:47:56    -1093.328826        2.6006
BFGS:  222 20:47:56    -1093.421546        4.2360
BFGS:  223 20:47:56    -1093.532266        4.1273
BFGS:  224 20:47:56    -1093.622766        2.5938
BFGS:  225 20:47:56    -1093.737892        2.6833
BFGS:  226 20:47:56    -1093.847907        2.9356
BFGS:  227 20:47:56    -1093.961048        3.5185
BFGS:  228 20:47:56    -1094.081183        3.9867
BFGS:  229 20:47:56    -1094.229564        4.5506
BFGS:  230 20:47:56    -1094.356379        4.9862
BFGS:  231 20:47:56    -1094.556296        5.1852
BFGS:  232 20:47:56    -1094.704201        4.9253
BFGS:  233 20:47:56    -1094.836456        4.6996
BFGS:  234 20:47:56    -1094.917548        4.4725
BFGS:  235 20:47:56    -1094.991004        4.1872
BFGS:  236 20:47:56    -1095.062077        3.8839
BFGS:  237 20:47:56    -1095.118148        3.8823
BFGS:  238 20:47:56    -1095.156781        4.0918
BFGS:  239 20:47:56    -1095.200267        4.5396
BFGS:  240 20:47:56    -1095.250790        5.0175
BFGS:  241 20:47:56    -1095.300925        5.2644
BFGS:  242 20:47:56    -1095.354189        5.4224
BFGS:  243 20:47:57    -1095.455065        5.4543
BFGS:  244 20:47:57    -1095.595253        5.4289
BFGS:  245 20:47:57    -1095.782153        5.8952
BFGS:  246 20:47:57    -1096.024193        6.5908
BFGS:  247 20:47:57    -1096.278597        6.1434
BFGS:  248 20:47:57    -1096.516761        6.1215
BFGS:  249 20:47:57    -1096.719890        6.5960
BFGS:  250 20:47:57    -1096.876296        6.1479
BFGS:  251 20:47:57    -1096.972596        6.4856
BFGS:  252 20:47:57    -1097.062720        6.8266
BFGS:  253 20:47:57    -1097.179630        6.5609
BFGS:  254 20:47:57    -1097.324382        6.3567
BFGS:  255 20:47:57    -1097.458985        5.8742
BFGS:  256 20:47:57    -1097.595160        5.4676
BFGS:  257 20:47:57    -1097.709255        5.0307
BFGS:  258 20:47:57    -1097.812820        4.5772
BFGS:  259 20:47:57    -1097.902669        4.0753
BFGS:  260 20:47:57    -1097.968581        3.2754
BFGS:  261 20:47:57    -1098.033450        3.1040
BFGS:  262 20:47:57    -1098.157928        2.6698
BFGS:  263 20:47:57    -1098.291324        2.5768
BFGS:  264 20:47:57    -1098.417654        2.2222
BFGS:  265 20:47:57    -1098.545881        2.5803
BFGS:  266 20:47:57    -1098.677881        2.7832
BFGS:  267 20:47:57    -1098.842117        2.8380
BFGS:  268 20:47:57    -1098.955156        2.4605
BFGS:  269 20:47:57    -1099.032436        3.1211
BFGS:  270 20:47:57    -1099.130774        2.5435
BFGS:  271 20:47:57    -1099.198316        2.1141
BFGS:  272 20:47:57    -1099.244599        2.0802
BFGS:  273 20:47:57    -1099.306353        2.1483
BFGS:  274 20:47:57    -1099.367308        2.2429
BFGS:  275 20:47:57    -1099.417115        2.3566
BFGS:  276 20:47:57    -1099.488191        2.3502
BFGS:  277 20:47:57    -1099.576058        1.8811
BFGS:  278 20:47:57    -1099.677040        2.4275
BFGS:  279 20:47:58    -1099.780026        3.8258
BFGS:  280 20:47:58    -1099.886325        5.9242
BFGS:  281 20:47:58    -1100.030516        8.2792
BFGS:  282 20:47:58    -1100.150629        9.3718
BFGS:  283 20:47:58    -1100.270363       11.0527
BFGS:  284 20:47:58    -1100.453454       12.3590
BFGS:  285 20:47:58    -1100.655223       13.3981
BFGS:  286 20:47:58    -1100.835658       14.0738
BFGS:  287 20:47:58    -1100.980532       14.2120
BFGS:  288 20:47:58    -1101.117214       13.6308
BFGS:  289 20:47:58    -1101.264170       13.3308
BFGS:  290 20:47:58    -1101.449152       11.6546
BFGS:  291 20:47:58    -1101.676873       11.0756
BFGS:  292 20:47:58    -1101.827581       10.3314
BFGS:  293 20:47:58    -1101.966031       10.6469
BFGS:  294 20:47:58    -1102.126340       10.8466
BFGS:  295 20:47:58    -1102.393832        9.8861
BFGS:  296 20:47:58    -1102.689424       10.5270
BFGS:  297 20:47:58    -1102.904038       11.9296
BFGS:  298 20:47:58    -1103.178530       13.2083
BFGS:  299 20:47:58    -1103.448059       12.9193
BFGS:  300 20:47:58    -1103.608670       11.6974
BFGS:  301 20:47:58    -1103.805042       10.6206
BFGS:  302 20:47:58    -1103.948853       10.0244
BFGS:  303 20:47:58    -1104.128011        9.6314
BFGS:  304 20:47:58    -1104.332359        9.1672
BFGS:  305 20:47:58    -1104.428384        8.8333
BFGS:  306 20:47:58    -1104.703197        8.3800
BFGS:  307 20:47:58    -1104.940286        7.8084
BFGS:  308 20:47:58    -1105.226360        7.7496
BFGS:  309 20:47:58    -1105.571853        8.0536
BFGS:  310 20:47:58    -1105.949305        7.8164
BFGS:  311 20:47:58    -1106.193545        7.7426
BFGS:  312 20:47:58    -1106.532871        6.9505
BFGS:  313 20:47:58    -1106.884707        7.5569
BFGS:  314 20:47:58    -1107.244941        8.4171
BFGS:  315 20:47:58    -1107.598102        8.8597
BFGS:  316 20:47:59    -1107.963260        8.4136
BFGS:  317 20:47:59    -1108.334066        9.8744
BFGS:  318 20:47:59    -1108.700047        9.4929
BFGS:  319 20:47:59    -1109.019865        8.3205
BFGS:  320 20:47:59    -1109.337881        7.9180
BFGS:  321 20:47:59    -1109.650620        8.3145
BFGS:  322 20:47:59    -1110.005882        8.4723
BFGS:  323 20:47:59    -1110.392660        8.2044
BFGS:  324 20:47:59    -1110.813120        8.4958
BFGS:  325 20:47:59    -1111.216560        9.3275
BFGS:  326 20:47:59    -1111.876485       11.6952
BFGS:  327 20:47:59    -1112.677962       13.9704
BFGS:  328 20:47:59    -1113.486092       15.3927
BFGS:  329 20:47:59    -1114.259659       15.8272
BFGS:  330 20:47:59    -1115.052682       15.5007
BFGS:  331 20:47:59    -1115.850438       15.5598
BFGS:  332 20:47:59    -1116.716087       15.6212
BFGS:  333 20:47:59    -1117.571500       15.0871
BFGS:  334 20:47:59    -1118.786364       17.6419
BFGS:  335 20:47:59    -1119.949496       18.7687
BFGS:  336 20:47:59    -1121.051390       19.8382
BFGS:  337 20:47:59    -1122.190535       20.2632
BFGS:  338 20:47:59    -1123.450530       20.0964
BFGS:  339 20:47:59    -1124.747181       19.5094
BFGS:  340 20:47:59    -1125.991897       21.6420
BFGS:  341 20:47:59    -1127.139161       22.9931
BFGS:  342 20:47:59    -1128.228252       23.7640
BFGS:  343 20:47:59    -1129.308402       24.2174
BFGS:  344 20:47:59    -1130.398403       24.3757
BFGS:  345 20:47:59    -1131.516070       24.0411
BFGS:  346 20:47:59    -1132.641597       22.9439
BFGS:  347 20:47:59    -1133.786507       21.1439
BFGS:  348 20:47:59    -1134.908916       18.8684
BFGS:  349 20:47:59    -1136.019926       18.7017
BFGS:  350 20:47:59    -1137.107548       17.8014
BFGS:  351 20:47:59    -1138.106370       16.5379
BFGS:  352 20:47:59    -1139.140087       15.1411
BFGS:  353 20:47:59    -1140.122812       15.2316
BFGS:  354 20:47:59    -1141.186348       14.2063
BFGS:  355 20:47:59    -1142.173525       13.0931
BFGS:  356 20:47:59    -1143.334582       13.0904
BFGS:  357 20:47:59    -1144.256879       12.6307
BFGS:  358 20:47:59    -1145.305710       12.4665
BFGS:  359 20:48:00    -1146.355947       11.6314
BFGS:  360 20:48:00    -1147.198177       11.2664
BFGS:  361 20:48:00    -1147.941022       10.8619
BFGS:  362 20:48:00    -1148.462297       10.2743
BFGS:  363 20:48:00    -1148.957827        9.6460
BFGS:  364 20:48:00    -1149.447548       10.2214
BFGS:  365 20:48:00    -1149.973453       10.4437
BFGS:  366 20:48:00    -1150.500787       10.0404
BFGS:  367 20:48:00    -1151.019058        9.4892
BFGS:  368 20:48:00    -1151.506042        9.0917
BFGS:  369 20:48:00    -1151.931918        9.0053
BFGS:  370 20:48:00    -1152.367181        8.9134
BFGS:  371 20:48:00    -1152.834063        9.8813
BFGS:  372 20:48:00    -1153.389327       12.3258
BFGS:  373 20:48:00    -1153.981635       14.6668
BFGS:  374 20:48:00    -1154.584462       15.4975
BFGS:  375 20:48:00    -1155.158274       14.0236
BFGS:  376 20:48:00    -1155.822452       12.7198
BFGS:  377 20:48:00    -1156.498923       11.8822
BFGS:  378 20:48:00    -1157.177121        9.9887
BFGS:  379 20:48:00    -1157.849509       10.1519
BFGS:  380 20:48:00    -1158.570915       10.3559
BFGS:  381 20:48:00    -1159.189311        9.8475
BFGS:  382 20:48:00    -1159.626661        7.6709
BFGS:  383 20:48:00    -1159.910650        5.3126
BFGS:  384 20:48:00    -1160.115176        4.7249
BFGS:  385 20:48:00    -1160.241493        4.2412
BFGS:  386 20:48:00    -1160.374348        3.5869
BFGS:  387 20:48:00    -1160.493719        3.9285
BFGS:  388 20:48:00    -1160.629357        3.6692
BFGS:  389 20:48:00    -1160.739628        4.8682
BFGS:  390 20:48:00    -1160.958790        8.2384
BFGS:  391 20:48:00    -1161.075375        7.5187
BFGS:  392 20:48:00    -1161.175336        8.3419
BFGS:  393 20:48:00    -1161.301757        8.2115
BFGS:  394 20:48:00    -1161.415538        7.8540
BFGS:  395 20:48:00    -1161.525983        6.5904
BFGS:  396 20:48:00    -1161.673247        5.4543
BFGS:  397 20:48:00    -1161.808961        7.2581
BFGS:  398 20:48:00    -1161.945589        8.4671
BFGS:  399 20:48:00    -1162.077294        8.3229
BFGS:  400 20:48:00    -1162.221873        7.4777
BFGS:  401 20:48:00    -1162.429597        7.1870
BFGS:  402 20:48:00    -1162.728847        6.3791
BFGS:  403 20:48:00    -1162.985031        7.8972
BFGS:  404 20:48:01    -1163.520923        8.9931
BFGS:  405 20:48:01    -1163.947250        9.7581
BFGS:  406 20:48:01    -1164.381607        9.2379
BFGS:  407 20:48:01    -1164.717562        8.3492
BFGS:  408 20:48:01    -1164.966327        7.6789
BFGS:  409 20:48:01    -1165.205619        6.1437
BFGS:  410 20:48:01    -1165.442571        4.7198
BFGS:  411 20:48:01    -1165.644605        4.4716
BFGS:  412 20:48:01    -1165.835047        4.7379
BFGS:  413 20:48:01    -1165.942484        5.4009
BFGS:  414 20:48:01    -1166.100642        4.2589
BFGS:  415 20:48:01    -1166.202194        4.4058
BFGS:  416 20:48:01    -1166.301278        3.9538
BFGS:  417 20:48:01    -1166.327739        3.4690
BFGS:  418 20:48:01    -1166.352230        2.9018
BFGS:  419 20:48:01    -1166.364130        2.4535
BFGS:  420 20:48:01    -1166.374079        2.6638
BFGS:  421 20:48:01    -1166.385355        2.9141
BFGS:  422 20:48:01    -1166.403182        3.0537
BFGS:  423 20:48:01    -1166.432449        3.0824
BFGS:  424 20:48:01    -1166.471210        3.1146
BFGS:  425 20:48:01    -1166.515322        3.2814
BFGS:  426 20:48:01    -1166.569728        3.4418
BFGS:  427 20:48:01    -1166.627844        3.7772
BFGS:  428 20:48:01    -1166.682397        4.0608
BFGS:  429 20:48:01    -1166.736613        4.6053
BFGS:  430 20:48:01    -1166.817222        4.6622
BFGS:  431 20:48:01    -1166.904786        4.5568
BFGS:  432 20:48:01    -1167.003597        4.5217
BFGS:  433 20:48:01    -1167.065063        4.1371
BFGS:  434 20:48:01    -1167.148710        3.6651
BFGS:  435 20:48:01    -1167.213396        4.0270
BFGS:  436 20:48:01    -1167.237190        4.0069
BFGS:  437 20:48:01    -1167.247009        3.9241
BFGS:  438 20:48:01    -1167.253645        3.7595
BFGS:  439 20:48:01    -1167.260406        3.7153
BFGS:  440 20:48:01    -1167.266559        3.6965
BFGS:  441 20:48:01    -1167.275892        3.6857
BFGS:  442 20:48:01    -1167.284583        3.7170
BFGS:  443 20:48:01    -1167.295666        3.7317
BFGS:  444 20:48:01    -1167.303822        3.7870
BFGS:  445 20:48:01    -1167.311259        3.8182
BFGS:  446 20:48:01    -1167.317520        3.8746
BFGS:  447 20:48:01    -1167.325767        3.9051
BFGS:  448 20:48:01    -1167.332250        3.9233
BFGS:  449 20:48:01    -1167.336652        3.8945
BFGS:  450 20:48:02    -1167.338960        3.8722
BFGS:  451 20:48:02    -1167.341134        3.8308
BFGS:  452 20:48:02    -1167.343854        3.7834
BFGS:  453 20:48:02    -1167.347875        3.7149
BFGS:  454 20:48:02    -1167.352343        3.6467
BFGS:  455 20:48:02    -1167.356699        3.5881
BFGS:  456 20:48:02    -1167.360595        3.5618
BFGS:  457 20:48:02    -1167.363908        3.5843
BFGS:  458 20:48:02    -1167.366401        3.6496
BFGS:  459 20:48:02    -1167.368068        3.7266
BFGS:  460 20:48:02    -1167.369154        3.7990
BFGS:  461 20:48:02    -1167.369964        3.8667
BFGS:  462 20:48:02    -1167.370619        3.9293
BFGS:  463 20:48:02    -1167.371038        3.9668
BFGS:  464 20:48:02    -1167.371297        3.9802
BFGS:  465 20:48:02    -1167.371452        3.9826
BFGS:  466 20:48:02    -1167.371550        3.9815
BFGS:  467 20:48:02    -1167.371614        3.9821
BFGS:  468 20:48:02    -1167.371658        3.9851
BFGS:  469 20:48:02    -1167.371690        3.9913
BFGS:  470 20:48:02    -1167.371712        3.9993
BFGS:  471 20:48:02    -1167.371727        4.0092
BFGS:  472 20:48:02    -1167.371735        4.0183
BFGS:  473 20:48:02    -1167.371736        4.0302
BFGS:  474 20:48:02    -1167.371736        4.0446
BFGS:  475 20:48:02    -1167.372262        4.0673
BFGS:  476 20:48:02    -1167.375786        4.0555
BFGS:  477 20:48:02    -1167.391869        3.9948
BFGS:  478 20:48:02    -1167.459393        3.9506
BFGS:  479 20:48:02    -1167.665295        4.1236
BFGS:  480 20:48:02    -1167.958394        5.3260
BFGS:  481 20:48:02    -1168.306434        5.9206
BFGS:  482 20:48:02    -1168.649671        7.0256
BFGS:  483 20:48:02    -1168.977272        7.7204
BFGS:  484 20:48:02    -1169.283534        8.8241
BFGS:  485 20:48:02    -1169.561748        9.8910
BFGS:  486 20:48:02    -1169.804010       10.8040
BFGS:  487 20:48:02    -1170.019106       11.4986
BFGS:  488 20:48:02    -1170.217661       12.0459
BFGS:  489 20:48:02    -1170.416345       12.2910
BFGS:  490 20:48:02    -1170.641134       12.2772
BFGS:  491 20:48:02    -1170.889494       11.7233
BFGS:  492 20:48:02    -1171.120930       11.6863
BFGS:  493 20:48:02    -1171.281975       10.6281
BFGS:  494 20:48:03    -1171.367552       10.9713
BFGS:  495 20:48:03    -1171.438266       10.5709
BFGS:  496 20:48:03    -1171.494457       10.3330
BFGS:  497 20:48:03    -1171.560456        9.7336
BFGS:  498 20:48:03    -1171.617182        9.9512
BFGS:  499 20:48:03    -1171.680769        9.4100
