      Step     Time          Energy         fmax
BFGS:    0 20:39:59     -869.872886      135.7350
BFGS:    1 20:39:59     -895.715674      117.5439
BFGS:    2 20:39:59     -916.100339      107.6457
BFGS:    3 20:39:59     -933.826958       95.7436
BFGS:    4 20:39:59     -948.962152       86.9448
BFGS:    5 20:39:59     -959.851230       78.6265
BFGS:    6 20:39:59     -967.911821       72.1800
BFGS:    7 20:40:00     -976.372799       66.1205
BFGS:    8 20:40:00     -983.702810       58.4863
BFGS:    9 20:40:00     -989.432729       52.7424
BFGS:   10 20:40:00     -994.305181       47.8464
BFGS:   11 20:40:00     -998.116512       43.6165
BFGS:   12 20:40:00    -1001.323685       40.1039
BFGS:   13 20:40:00    -1004.601830       36.2125
BFGS:   14 20:40:00    -1007.986086       31.9441
BFGS:   15 20:40:00    -1010.842253       28.4533
BFGS:   16 20:40:00    -1013.199097       25.1072
BFGS:   17 20:40:00    -1015.335647       22.2087
BFGS:   18 20:40:00    -1017.260416       19.2749
BFGS:   19 20:40:00    -1018.942253       16.6613
BFGS:   20 20:40:00    -1020.439102       14.2470
BFGS:   21 20:40:00    -1021.815604       11.8810
BFGS:   22 20:40:00    -1023.077122        9.5583
BFGS:   23 20:40:00    -1024.153108        7.5786
BFGS:   24 20:40:00    -1024.949211        6.4855
BFGS:   25 20:40:00    -1025.451875        5.1876
BFGS:   26 20:40:00    -1025.797687        4.0995
BFGS:   27 20:40:00    -1026.085718        3.6457
BFGS:   28 20:40:01    -1026.370365        3.5133
BFGS:   29 20:40:01    -1026.654181        3.3888
BFGS:   30 20:40:01    -1026.913354        3.3134
BFGS:   31 20:40:01    -1027.139854        3.2108
BFGS:   32 20:40:01    -1027.348438        3.1043
BFGS:   33 20:40:01    -1027.562903        2.9688
BFGS:   34 20:40:01    -1027.763442        2.8605
BFGS:   35 20:40:01    -1027.952398        2.8575
BFGS:   36 20:40:01    -1028.140107        3.1205
BFGS:   37 20:40:01    -1028.344804        3.8171
BFGS:   38 20:40:01    -1028.618783        4.4961
BFGS:   39 20:40:01    -1028.944771        4.8341
BFGS:   40 20:40:01    -1029.315953        5.0089
BFGS:   41 20:40:01    -1029.658760        4.6697
BFGS:   42 20:40:01    -1029.950017        3.8817
BFGS:   43 20:40:01    -1030.177427        3.7750
BFGS:   44 20:40:01    -1030.391775        3.9013
BFGS:   45 20:40:01    -1030.614088        3.7109
BFGS:   46 20:40:01    -1030.834184        3.3252
BFGS:   47 20:40:02    -1031.045117        2.8306
BFGS:   48 20:40:02    -1031.237830        2.6887
BFGS:   49 20:40:02    -1031.402671        2.5085
BFGS:   50 20:40:02    -1031.535080        2.2399
BFGS:   51 20:40:02    -1031.628282        2.2341
BFGS:   52 20:40:02    -1031.713581        2.5751
BFGS:   53 20:40:02    -1031.815402        2.8382
BFGS:   54 20:40:02    -1031.924003        3.0650
BFGS:   55 20:40:02    -1032.033041        3.2785
BFGS:   56 20:40:02    -1032.139574        3.4850
BFGS:   57 20:40:02    -1032.248555        3.6790
BFGS:   58 20:40:02    -1032.357807        3.9274
BFGS:   59 20:40:02    -1032.503976        3.9971
BFGS:   60 20:40:02    -1032.655626        4.0406
BFGS:   61 20:40:02    -1032.814157        3.9655
BFGS:   62 20:40:02    -1032.977553        3.7307
BFGS:   63 20:40:02    -1033.143837        3.2985
BFGS:   64 20:40:03    -1033.311144        2.7599
BFGS:   65 20:40:03    -1033.484685        2.2139
BFGS:   66 20:40:03    -1033.660037        1.7132
BFGS:   67 20:40:03    -1033.820496        1.3335
BFGS:   68 20:40:03    -1033.958373        1.2997
BFGS:   69 20:40:03    -1034.080948        1.2946
BFGS:   70 20:40:03    -1034.194673        1.3283
BFGS:   71 20:40:03    -1034.302484        1.5250
BFGS:   72 20:40:03    -1034.409468        1.6413
BFGS:   73 20:40:03    -1034.517673        1.6846
BFGS:   74 20:40:03    -1034.627005        1.6969
BFGS:   75 20:40:03    -1034.751006        1.9771
BFGS:   76 20:40:03    -1034.881082        2.2249
BFGS:   77 20:40:03    -1035.011273        2.4223
BFGS:   78 20:40:03    -1035.129880        2.5553
BFGS:   79 20:40:03    -1035.253297        2.6473
BFGS:   80 20:40:03    -1035.366310        2.6353
BFGS:   81 20:40:04    -1035.503722        2.4991
BFGS:   82 20:40:04    -1035.606358        2.1126
BFGS:   83 20:40:04    -1035.723660        1.8691
BFGS:   84 20:40:04    -1035.826111        1.6403
BFGS:   85 20:40:04    -1035.937145        1.5444
BFGS:   86 20:40:04    -1036.013176        1.3166
BFGS:   87 20:40:04    -1036.068756        1.3966
BFGS:   88 20:40:04    -1036.114381        1.7549
BFGS:   89 20:40:04    -1036.141352        1.6441
BFGS:   90 20:40:04    -1036.163461        1.3728
BFGS:   91 20:40:04    -1036.182786        0.9698
BFGS:   92 20:40:04    -1036.198811        0.8290
BFGS:   93 20:40:04    -1036.212093        0.7556
BFGS:   94 20:40:04    -1036.223767        0.7605
BFGS:   95 20:40:04    -1036.234460        0.7541
BFGS:   96 20:40:04    -1036.245632        0.6385
BFGS:   97 20:40:04    -1036.254326        0.6429
BFGS:   98 20:40:05    -1036.262739        0.5634
BFGS:   99 20:40:05    -1036.269808        0.4283
BFGS:  100 20:40:05    -1036.276209        0.4515
BFGS:  101 20:40:05    -1036.281309        0.4351
BFGS:  102 20:40:05    -1036.287014        0.3755
BFGS:  103 20:40:05    -1036.292155        0.3377
BFGS:  104 20:40:05    -1036.298470        0.2681
BFGS:  105 20:40:05    -1036.303642        0.3320
BFGS:  106 20:40:05    -1036.307371        0.2945
BFGS:  107 20:40:05    -1036.309767        0.2735
BFGS:  108 20:40:05    -1036.312292        0.2457
BFGS:  109 20:40:05    -1036.314767        0.2237
BFGS:  110 20:40:05    -1036.317189        0.2033
BFGS:  111 20:40:05    -1036.320155        0.2223
BFGS:  112 20:40:05    -1036.322423        0.2400
BFGS:  113 20:40:05    -1036.325730        0.2724
BFGS:  114 20:40:05    -1036.329868        0.3260
BFGS:  115 20:40:06    -1036.335241        0.3683
BFGS:  116 20:40:06    -1036.340539        0.3897
BFGS:  117 20:40:06    -1036.345755        0.4223
BFGS:  118 20:40:06    -1036.350976        0.4468
BFGS:  119 20:40:06    -1036.356009        0.4628
BFGS:  120 20:40:06    -1036.360882        0.4660
BFGS:  121 20:40:06    -1036.365488        0.4573
BFGS:  122 20:40:06    -1036.370152        0.4287
BFGS:  123 20:40:06    -1036.375073        0.3885
BFGS:  124 20:40:06    -1036.380641        0.3481
BFGS:  125 20:40:06    -1036.384527        0.3494
BFGS:  126 20:40:06    -1036.392691        0.3387
BFGS:  127 20:40:06    -1036.397432        0.3055
BFGS:  128 20:40:06    -1036.403147        0.4676
BFGS:  129 20:40:06    -1036.408494        0.5300
BFGS:  130 20:40:06    -1036.414242        0.5377
BFGS:  131 20:40:07    -1036.421101        0.5455
BFGS:  132 20:40:07    -1036.428085        0.5349
BFGS:  133 20:40:07    -1036.435762        0.5790
BFGS:  134 20:40:07    -1036.443543        0.6673
BFGS:  135 20:40:07    -1036.451637        0.7437
BFGS:  136 20:40:07    -1036.459513        0.7986
BFGS:  137 20:40:07    -1036.468511        0.8236
BFGS:  138 20:40:07    -1036.478756        0.8410
BFGS:  139 20:40:07    -1036.486373        0.8405
BFGS:  140 20:40:07    -1036.498413        0.8528
BFGS:  141 20:40:07    -1036.522383        0.8227
BFGS:  142 20:40:07    -1036.545036        0.8043
BFGS:  143 20:40:07    -1036.571180        0.7864
BFGS:  144 20:40:07    -1036.599062        0.7380
BFGS:  145 20:40:07    -1036.627530        0.6570
BFGS:  146 20:40:07    -1036.655155        0.6136
BFGS:  147 20:40:08    -1036.680257        0.5993
BFGS:  148 20:40:08    -1036.699978        0.5319
BFGS:  149 20:40:08    -1036.712677        0.5609
BFGS:  150 20:40:08    -1036.728774        0.5039
BFGS:  151 20:40:08    -1036.750424        0.4037
BFGS:  152 20:40:08    -1036.757233        0.4211
BFGS:  153 20:40:08    -1036.766946        0.5387
BFGS:  154 20:40:08    -1036.773108        0.5211
BFGS:  155 20:40:08    -1036.779852        0.4629
BFGS:  156 20:40:08    -1036.783698        0.3839
BFGS:  157 20:40:08    -1036.787655        0.3214
BFGS:  158 20:40:08    -1036.789997        0.3257
BFGS:  159 20:40:08    -1036.792440        0.3357
BFGS:  160 20:40:08    -1036.794514        0.3402
BFGS:  161 20:40:08    -1036.796863        0.3470
BFGS:  162 20:40:08    -1036.798762        0.3477
BFGS:  163 20:40:09    -1036.800825        0.3265
BFGS:  164 20:40:09    -1036.802744        0.2873
BFGS:  165 20:40:09    -1036.804676        0.2251
BFGS:  166 20:40:09    -1036.806081        0.1528
BFGS:  167 20:40:09    -1036.807522        0.1285
BFGS:  168 20:40:09    -1036.808734        0.1435
BFGS:  169 20:40:09    -1036.810060        0.1486
BFGS:  170 20:40:09    -1036.811294        0.1997
BFGS:  171 20:40:09    -1036.812322        0.1717
BFGS:  172 20:40:09    -1036.813384        0.1371
BFGS:  173 20:40:09    -1036.814011        0.1437
BFGS:  174 20:40:09    -1036.814513        0.1364
BFGS:  175 20:40:09    -1036.814948        0.1272
BFGS:  176 20:40:09    -1036.815386        0.1128
BFGS:  177 20:40:09    -1036.815698        0.1111
BFGS:  178 20:40:09    -1036.816161        0.1189
BFGS:  179 20:40:10    -1036.816438        0.1160
BFGS:  180 20:40:10    -1036.816670        0.1044
BFGS:  181 20:40:10    -1036.816935        0.0999
