      Step     Time          Energy         fmax
BFGS:    0 20:46:57     -868.907054      195.5158
BFGS:    1 20:46:57     -903.808724      102.9303
BFGS:    2 20:46:57     -913.711172      102.5387
BFGS:    3 20:46:57     -923.653890       94.9546
BFGS:    4 20:46:57     -934.456890       85.9979
BFGS:    5 20:46:57     -945.022543       80.9999
BFGS:    6 20:46:57     -952.988898       67.7069
BFGS:    7 20:46:57     -959.879680       69.3215
BFGS:    8 20:46:57     -965.718800       62.0995
BFGS:    9 20:46:57     -970.349746       59.7514
BFGS:   10 20:46:57     -974.851996       55.4171
BFGS:   11 20:46:57     -979.085640       53.0510
BFGS:   12 20:46:57     -982.653026       49.5673
BFGS:   13 20:46:57     -985.903486       48.3733
BFGS:   14 20:46:57     -989.080553       45.3190
BFGS:   15 20:46:57     -992.747788       43.2649
BFGS:   16 20:46:57     -996.161088       41.4799
BFGS:   17 20:46:57     -999.071219       40.4243
BFGS:   18 20:46:57    -1002.083235       39.5638
BFGS:   19 20:46:57    -1005.175178       38.8921
BFGS:   20 20:46:57    -1008.764487       38.8296
BFGS:   21 20:46:58    -1011.989439       38.9336
BFGS:   22 20:46:58    -1014.973933       39.3909
BFGS:   23 20:46:58    -1017.875764       38.8468
BFGS:   24 20:46:58    -1020.741551       39.3284
BFGS:   25 20:46:58    -1023.634522       39.1417
BFGS:   26 20:46:58    -1026.492487       39.0662
BFGS:   27 20:46:58    -1029.451768       38.5027
BFGS:   28 20:46:58    -1032.509931       38.0070
BFGS:   29 20:46:58    -1035.542532       36.9796
BFGS:   30 20:46:58    -1038.497371       36.2356
BFGS:   31 20:46:58    -1041.402172       35.5887
BFGS:   32 20:46:58    -1044.210167       34.3569
BFGS:   33 20:46:58    -1047.001434       33.0697
BFGS:   34 20:46:58    -1049.649122       31.3446
BFGS:   35 20:46:58    -1052.158771       30.7898
BFGS:   36 20:46:58    -1054.543242       30.9577
BFGS:   37 20:46:58    -1056.791978       28.8124
BFGS:   38 20:46:58    -1059.659097       27.7510
BFGS:   39 20:46:58    -1062.370432       23.6067
BFGS:   40 20:46:58    -1064.461795       20.9818
BFGS:   41 20:46:58    -1066.317419       19.0520
BFGS:   42 20:46:58    -1067.855825       17.2703
BFGS:   43 20:46:58    -1069.158024       17.4687
BFGS:   44 20:46:58    -1070.396612       17.0414
BFGS:   45 20:46:58    -1071.585299       17.1380
BFGS:   46 20:46:58    -1072.707023       16.0382
BFGS:   47 20:46:59    -1073.722550       15.3026
BFGS:   48 20:46:59    -1074.611867       13.6142
BFGS:   49 20:46:59    -1075.415376       12.0667
BFGS:   50 20:46:59    -1076.045183       10.0378
BFGS:   51 20:46:59    -1076.555271        9.0042
BFGS:   52 20:46:59    -1077.004564        8.6506
BFGS:   53 20:46:59    -1077.320828        8.0047
BFGS:   54 20:46:59    -1077.651520        6.3968
BFGS:   55 20:46:59    -1077.968920        5.8596
BFGS:   56 20:46:59    -1078.262955        5.1747
BFGS:   57 20:46:59    -1078.506216        4.6992
BFGS:   58 20:46:59    -1078.713889        4.0094
BFGS:   59 20:46:59    -1078.889513        3.4519
BFGS:   60 20:46:59    -1079.048525        3.0745
BFGS:   61 20:46:59    -1079.202087        2.5696
BFGS:   62 20:46:59    -1079.350453        4.4638
BFGS:   63 20:46:59    -1079.476267        3.3062
BFGS:   64 20:46:59    -1079.623170        4.4077
BFGS:   65 20:46:59    -1079.775955        3.5370
BFGS:   66 20:46:59    -1079.931350        3.4515
BFGS:   67 20:46:59    -1080.122019        4.0952
BFGS:   68 20:46:59    -1080.316645        4.3474
BFGS:   69 20:46:59    -1080.475563        4.9890
BFGS:   70 20:46:59    -1080.667899        4.2466
BFGS:   71 20:46:59    -1080.911089        5.3577
BFGS:   72 20:46:59    -1081.194348        6.3250
BFGS:   73 20:46:59    -1081.435369        4.2661
BFGS:   74 20:47:00    -1081.604686        3.0541
BFGS:   75 20:47:00    -1081.694179        5.0063
BFGS:   76 20:47:00    -1081.876252        3.4886
BFGS:   77 20:47:00    -1081.905554        4.3409
BFGS:   78 20:47:00    -1081.979168        2.1605
BFGS:   79 20:47:00    -1082.010426        1.8464
BFGS:   80 20:47:00    -1082.041332        1.5500
BFGS:   81 20:47:00    -1082.064193        1.7049
BFGS:   82 20:47:00    -1082.085178        1.8434
BFGS:   83 20:47:00    -1082.099413        1.4139
BFGS:   84 20:47:00    -1082.108284        1.2055
BFGS:   85 20:47:00    -1082.116419        1.4971
BFGS:   86 20:47:00    -1082.122631        1.4307
BFGS:   87 20:47:00    -1082.126616        1.3385
BFGS:   88 20:47:00    -1082.129327        1.3236
BFGS:   89 20:47:00    -1082.132051        1.3177
BFGS:   90 20:47:00    -1082.137802        1.4058
BFGS:   91 20:47:00    -1082.149331        1.4799
BFGS:   92 20:47:00    -1082.177698        1.6323
BFGS:   93 20:47:00    -1082.201195        2.0378
BFGS:   94 20:47:00    -1082.239423        2.7461
BFGS:   95 20:47:00    -1082.200682        4.0517
BFGS:   96 20:47:00    -1082.289758        2.6844
BFGS:   97 20:47:00    -1082.326606        2.6825
BFGS:   98 20:47:00    -1082.294423        3.9948
BFGS:   99 20:47:00    -1082.415770        4.1562
BFGS:  100 20:47:00    -1082.462105        2.4725
BFGS:  101 20:47:01    -1082.543064        3.7743
BFGS:  102 20:47:01    -1082.658433        5.5909
BFGS:  103 20:47:01    -1082.768237        7.5046
BFGS:  104 20:47:01    -1082.885637        8.7505
BFGS:  105 20:47:01    -1082.980391        9.8528
BFGS:  106 20:47:01    -1083.092982       10.4105
BFGS:  107 20:47:01    -1083.194522       10.3616
BFGS:  108 20:47:01    -1083.392857        8.9030
BFGS:  109 20:47:01    -1083.539270        8.2026
BFGS:  110 20:47:01    -1083.750904        7.7110
BFGS:  111 20:47:01    -1083.980022        8.5199
BFGS:  112 20:47:01    -1084.378862        8.5240
BFGS:  113 20:47:01    -1084.676766        8.5045
BFGS:  114 20:47:01    -1084.884156        8.0248
BFGS:  115 20:47:01    -1084.968163        6.8791
BFGS:  116 20:47:01    -1085.025191        7.2703
BFGS:  117 20:47:01    -1085.039643        7.0202
BFGS:  118 20:47:01    -1085.052427        6.2399
BFGS:  119 20:47:01    -1085.060485        5.9585
BFGS:  120 20:47:01    -1085.062784        5.7872
BFGS:  121 20:47:01    -1085.070867        5.8022
BFGS:  122 20:47:01    -1085.082810        5.4543
BFGS:  123 20:47:01    -1085.108322        4.8141
BFGS:  124 20:47:01    -1085.132116        3.9760
BFGS:  125 20:47:01    -1085.140101        3.6347
BFGS:  126 20:47:01    -1085.180799        3.6301
BFGS:  127 20:47:01    -1085.213401        3.7513
BFGS:  128 20:47:01    -1085.228634        4.3100
BFGS:  129 20:47:01    -1085.241744        3.9630
BFGS:  130 20:47:02    -1085.243257        3.5781
BFGS:  131 20:47:02    -1085.247249        3.5921
BFGS:  132 20:47:02    -1085.250360        3.8211
BFGS:  133 20:47:02    -1085.253154        3.7881
BFGS:  134 20:47:02    -1085.254002        3.5654
BFGS:  135 20:47:02    -1085.261739        3.2874
BFGS:  136 20:47:02    -1085.264406        3.2094
BFGS:  137 20:47:02    -1085.261948        2.6606
BFGS:  138 20:47:02    -1085.274282        2.8657
BFGS:  139 20:47:02    -1085.276554        2.8630
BFGS:  140 20:47:02    -1085.277708        2.8279
BFGS:  141 20:47:02    -1085.278083        2.7953
BFGS:  142 20:47:02    -1085.277850        2.7124
BFGS:  143 20:47:02    -1085.278349        2.7631
BFGS:  144 20:47:02    -1085.278495        2.7940
BFGS:  145 20:47:02    -1085.278643        2.8219
BFGS:  146 20:47:02    -1085.278673        2.8134
BFGS:  147 20:47:02    -1085.278734        2.8168
BFGS:  148 20:47:02    -1085.278862        2.8174
BFGS:  149 20:47:02    -1085.278983        2.8144
BFGS:  150 20:47:02    -1085.279104        2.8139
BFGS:  151 20:47:02    -1085.280002        2.7704
BFGS:  152 20:47:02    -1085.280543        2.7641
BFGS:  153 20:47:02    -1085.281917        2.7448
BFGS:  154 20:47:02    -1085.285479        2.6176
BFGS:  155 20:47:02    -1085.288115        2.5094
BFGS:  156 20:47:02    -1085.291096        2.3352
BFGS:  157 20:47:02    -1085.293555        2.1955
BFGS:  158 20:47:02    -1085.296045        2.0593
BFGS:  159 20:47:03    -1085.298517        2.0080
BFGS:  160 20:47:03    -1085.300909        1.9767
BFGS:  161 20:47:03    -1085.302885        2.1329
BFGS:  162 20:47:03    -1085.303550        2.0593
BFGS:  163 20:47:03    -1085.304612        2.1416
BFGS:  164 20:47:03    -1085.304770        2.1488
BFGS:  165 20:47:03    -1085.304850        2.1347
BFGS:  166 20:47:03    -1085.304888        2.1273
BFGS:  167 20:47:03    -1085.304954        2.1072
BFGS:  168 20:47:03    -1085.305014        2.0922
BFGS:  169 20:47:03    -1085.305118        2.0718
BFGS:  170 20:47:03    -1085.305217        2.0607
BFGS:  171 20:47:03    -1085.305321        2.0602
BFGS:  172 20:47:03    -1085.305424        2.0666
BFGS:  173 20:47:03    -1085.305560        2.0786
BFGS:  174 20:47:03    -1085.305083        2.5052
BFGS:  175 20:47:03    -1085.305777        2.0950
BFGS:  176 20:47:03    -1085.305895        2.0902
BFGS:  177 20:47:03    -1085.305232        2.5823
BFGS:  178 20:47:03    -1085.305927        2.5086
BFGS:  179 20:47:03    -1085.304204        2.1237
BFGS:  180 20:47:03    -1085.305374        2.0905
BFGS:  181 20:47:03    -1085.303852        2.6844
BFGS:  182 20:47:03    -1085.305971        2.0732
BFGS:  183 20:47:03    -1085.305948        2.5174
BFGS:  184 20:47:03    -1085.306079        2.0715
BFGS:  185 20:47:03    -1085.306146        2.0696
BFGS:  186 20:47:03    -1085.290337        3.4998
BFGS:  187 20:47:04    -1085.302774        2.7423
BFGS:  188 20:47:04    -1085.281279        2.5840
BFGS:  189 20:47:04    -1085.300134        2.1788
BFGS:  190 20:47:04    -1085.288008        3.6883
BFGS:  191 20:47:04    -1085.306039        2.0732
BFGS:  192 20:47:04    -1085.302475        2.7648
BFGS:  193 20:47:04    -1085.305363        2.5640
BFGS:  194 20:47:04    -1085.278773        2.7914
BFGS:  195 20:47:04    -1085.298767        2.1991
BFGS:  196 20:47:04    -1085.287584        3.6699
BFGS:  197 20:47:04    -1085.305656        2.0818
BFGS:  198 20:47:04    -1085.302935        2.7327
BFGS:  199 20:47:04    -1085.305971        2.5202
BFGS:  200 20:47:04    -1085.278113        2.8356
BFGS:  201 20:47:04    -1085.298390        2.2050
BFGS:  202 20:47:04    -1085.287447        3.6718
BFGS:  203 20:47:04    -1085.305529        2.0842
BFGS:  204 20:47:04    -1085.303146        2.7168
BFGS:  205 20:47:04    -1085.306224        2.5030
BFGS:  206 20:47:04    -1085.277808        2.8636
BFGS:  207 20:47:04    -1085.298236        2.2076
BFGS:  208 20:47:04    -1085.287450        3.6627
BFGS:  209 20:47:04    -1085.305465        2.0857
BFGS:  210 20:47:04    -1085.303298        2.7067
BFGS:  211 20:47:04    -1085.306290        2.0680
BFGS:  212 20:47:04    -1085.305454        2.5586
BFGS:  213 20:47:04    -1085.306096        2.5117
BFGS:  214 20:47:04    -1085.277460        2.8858
BFGS:  215 20:47:05    -1085.298206        2.2112
BFGS:  216 20:47:05    -1085.287670        3.6574
BFGS:  217 20:47:05    -1085.305361        2.0881
BFGS:  218 20:47:05    -1085.303623        2.6839
BFGS:  219 20:47:05    -1085.306178        2.0708
BFGS:  220 20:47:05    -1085.305776        2.5373
BFGS:  221 20:47:05    -1085.306343        2.0670
BFGS:  222 20:47:05    -1085.306213        2.5063
BFGS:  223 20:47:05    -1085.306354        2.4960
BFGS:  224 20:47:05    -1085.277052        2.9474
BFGS:  225 20:47:05    -1085.298070        2.2184
BFGS:  226 20:47:05    -1085.288551        3.6011
BFGS:  227 20:47:05    -1085.305045        2.0955
BFGS:  228 20:47:05    -1085.304458        2.6271
BFGS:  229 20:47:05    -1085.305843        2.0786
BFGS:  230 20:47:05    -1085.306320        2.0685
BFGS:  231 20:47:05    -1085.288789        3.5447
BFGS:  232 20:47:05    -1085.302917        2.7311
BFGS:  233 20:47:05    -1085.277097        2.9025
BFGS:  234 20:47:05    -1085.299026        2.1963
BFGS:  235 20:47:05    -1085.288112        3.6310
BFGS:  236 20:47:05    -1085.305438        2.0869
BFGS:  237 20:47:05    -1085.303915        2.6652
BFGS:  238 20:47:05    -1085.306179        2.0718
BFGS:  239 20:47:05    -1085.306038        2.5229
BFGS:  240 20:47:05    -1085.306329        2.0683
BFGS:  241 20:47:05    -1085.306426        2.0664
BFGS:  242 20:47:05    -1085.288326        3.5585
BFGS:  243 20:47:05    -1085.302652        2.7564
BFGS:  244 20:47:06    -1085.277719        2.8638
BFGS:  245 20:47:06    -1085.299330        2.1886
BFGS:  246 20:47:06    -1085.287816        3.6394
BFGS:  247 20:47:06    -1085.305737        2.0816
BFGS:  248 20:47:06    -1085.303428        2.7042
BFGS:  249 20:47:06    -1085.306440        2.4975
BFGS:  250 20:47:06    -1085.277565        2.8970
BFGS:  251 20:47:06    -1085.298251        2.2055
BFGS:  252 20:47:06    -1085.287852        3.6325
BFGS:  253 20:47:06    -1085.305454        2.0877
BFGS:  254 20:47:06    -1085.303783        2.6814
BFGS:  255 20:47:06    -1085.306275        2.0706
BFGS:  256 20:47:06    -1085.305942        2.5337
BFGS:  257 20:47:06    -1085.306438        2.0667
BFGS:  258 20:47:06    -1085.306381        2.5024
BFGS:  259 20:47:06    -1085.306476        2.0660
BFGS:  260 20:47:06    -1085.306481        2.4955
BFGS:  261 20:47:06    -1085.306488        2.0658
BFGS:  262 20:47:06    -1085.306494        2.0655
BFGS:  263 20:47:06    -1085.298823        3.0566
BFGS:  264 20:47:06    -1085.304430        2.6663
BFGS:  265 20:47:06    -1085.293849        2.3250
BFGS:  266 20:47:06    -1085.303670        2.1295
BFGS:  267 20:47:06    -1085.294990        3.3038
BFGS:  268 20:47:06    -1085.305283        2.5958
BFGS:  269 20:47:06    -1085.289686        2.3538
BFGS:  270 20:47:06    -1085.302388        2.1472
BFGS:  271 20:47:06    -1085.292528        3.4463
BFGS:  272 20:47:07    -1085.305371        2.5891
BFGS:  273 20:47:07    -1085.287631        2.3601
BFGS:  274 20:47:07    -1085.301870        2.1519
BFGS:  275 20:47:07    -1085.291177        3.5199
BFGS:  276 20:47:07    -1085.305309        2.5940
BFGS:  277 20:47:07    -1085.286562        2.3600
BFGS:  278 20:47:07    -1085.301640        2.1530
BFGS:  279 20:47:07    -1085.290380        3.5638
BFGS:  280 20:47:07    -1085.305235        2.5995
BFGS:  281 20:47:07    -1085.285955        2.3591
BFGS:  282 20:47:07    -1085.301523        2.1531
BFGS:  283 20:47:07    -1085.289872        3.5924
BFGS:  284 20:47:07    -1085.305175        2.6038
BFGS:  285 20:47:07    -1085.285580        2.3585
BFGS:  286 20:47:07    -1085.301455        2.1531
BFGS:  287 20:47:07    -1085.289522        3.6125
BFGS:  288 20:47:07    -1085.305130        2.6073
BFGS:  289 20:47:07    -1085.285323        2.3584
BFGS:  290 20:47:07    -1085.301409        2.1532
BFGS:  291 20:47:07    -1085.289262        3.6275
BFGS:  292 20:47:07    -1085.305094        2.6101
BFGS:  293 20:47:07    -1085.285130        2.3588
BFGS:  294 20:47:07    -1085.301373        2.1534
BFGS:  295 20:47:07    -1085.289054        3.6395
BFGS:  296 20:47:07    -1085.305066        2.6126
BFGS:  297 20:47:07    -1085.284974        2.3596
BFGS:  298 20:47:07    -1085.301344        2.1537
BFGS:  299 20:47:07    -1085.288879        3.6497
BFGS:  300 20:47:07    -1085.305042        2.6148
BFGS:  301 20:47:08    -1085.284839        2.3608
BFGS:  302 20:47:08    -1085.301318        2.1541
BFGS:  303 20:47:08    -1085.288725        3.6587
BFGS:  304 20:47:08    -1085.305021        2.6168
BFGS:  305 20:47:08    -1085.284719        2.3622
BFGS:  306 20:47:08    -1085.301295        2.1545
BFGS:  307 20:47:08    -1085.288584        3.6670
BFGS:  308 20:47:08    -1085.305002        2.6188
BFGS:  309 20:47:08    -1085.284609        2.3638
BFGS:  310 20:47:08    -1085.301273        2.1549
BFGS:  311 20:47:08    -1085.288453        3.6749
BFGS:  312 20:47:08    -1085.304985        2.6206
BFGS:  313 20:47:08    -1085.284506        2.3655
BFGS:  314 20:47:08    -1085.301252        2.1554
BFGS:  315 20:47:08    -1085.288330        3.6825
BFGS:  316 20:47:08    -1085.304969        2.6224
BFGS:  317 20:47:08    -1085.284408        2.3673
BFGS:  318 20:47:08    -1085.301232        2.1559
BFGS:  319 20:47:08    -1085.288212        3.6899
BFGS:  320 20:47:08    -1085.304954        2.6241
BFGS:  321 20:47:08    -1085.284314        2.3692
BFGS:  322 20:47:08    -1085.301213        2.1564
BFGS:  323 20:47:08    -1085.288099        3.6970
BFGS:  324 20:47:08    -1085.304939        2.6257
BFGS:  325 20:47:08    -1085.284224        2.3711
BFGS:  326 20:47:08    -1085.301195        2.1569
BFGS:  327 20:47:08    -1085.287990        3.7040
BFGS:  328 20:47:08    -1085.304926        2.6273
BFGS:  329 20:47:09    -1085.284137        2.3730
BFGS:  330 20:47:09    -1085.301178        2.1574
BFGS:  331 20:47:09    -1085.287885        3.7108
BFGS:  332 20:47:09    -1085.304913        2.6287
BFGS:  333 20:47:09    -1085.284054        2.3748
BFGS:  334 20:47:09    -1085.301161        2.1579
BFGS:  335 20:47:09    -1085.287784        3.7175
BFGS:  336 20:47:09    -1085.304900        2.6302
BFGS:  337 20:47:09    -1085.283974        2.3767
BFGS:  338 20:47:09    -1085.301145        2.1584
BFGS:  339 20:47:09    -1085.287687        3.7239
BFGS:  340 20:47:09    -1085.304888        2.6315
BFGS:  341 20:47:09    -1085.283898        2.3785
BFGS:  342 20:47:09    -1085.301130        2.1588
BFGS:  343 20:47:09    -1085.287593        3.7302
BFGS:  344 20:47:09    -1085.304877        2.6328
BFGS:  345 20:47:09    -1085.283824        2.3802
BFGS:  346 20:47:09    -1085.301115        2.1593
BFGS:  347 20:47:09    -1085.287503        3.7362
BFGS:  348 20:47:09    -1085.304867        2.6341
BFGS:  349 20:47:09    -1085.283754        2.3819
BFGS:  350 20:47:09    -1085.301100        2.1597
BFGS:  351 20:47:09    -1085.287417        3.7421
BFGS:  352 20:47:09    -1085.304857        2.6353
BFGS:  353 20:47:09    -1085.283686        2.3836
BFGS:  354 20:47:09    -1085.301087        2.1602
BFGS:  355 20:47:09    -1085.287333        3.7478
BFGS:  356 20:47:09    -1085.304847        2.6364
BFGS:  357 20:47:09    -1085.283621        2.3852
BFGS:  358 20:47:10    -1085.301074        2.1606
BFGS:  359 20:47:10    -1085.287253        3.7533
BFGS:  360 20:47:10    -1085.304838        2.6375
BFGS:  361 20:47:10    -1085.283558        2.3867
BFGS:  362 20:47:10    -1085.301061        2.1610
BFGS:  363 20:47:10    -1085.287176        3.7586
BFGS:  364 20:47:10    -1085.304829        2.6385
BFGS:  365 20:47:10    -1085.283498        2.3882
BFGS:  366 20:47:10    -1085.301049        2.1614
BFGS:  367 20:47:10    -1085.287102        3.7637
BFGS:  368 20:47:10    -1085.304821        2.6396
BFGS:  369 20:47:10    -1085.283441        2.3897
BFGS:  370 20:47:10    -1085.301037        2.1618
BFGS:  371 20:47:10    -1085.287030        3.7686
BFGS:  372 20:47:10    -1085.304813        2.6405
BFGS:  373 20:47:10    -1085.283386        2.3911
BFGS:  374 20:47:10    -1085.301026        2.1622
BFGS:  375 20:47:10    -1085.286962        3.7733
BFGS:  376 20:47:10    -1085.304806        2.6414
BFGS:  377 20:47:10    -1085.283333        2.3924
BFGS:  378 20:47:10    -1085.301015        2.1626
BFGS:  379 20:47:10    -1085.286896        3.7779
BFGS:  380 20:47:10    -1085.304799        2.6423
BFGS:  381 20:47:10    -1085.283282        2.3938
BFGS:  382 20:47:10    -1085.301005        2.1629
BFGS:  383 20:47:10    -1085.286832        3.7823
BFGS:  384 20:47:10    -1085.304793        2.6432
BFGS:  385 20:47:10    -1085.283233        2.3950
BFGS:  386 20:47:11    -1085.300995        2.1633
BFGS:  387 20:47:11    -1085.286771        3.7865
BFGS:  388 20:47:11    -1085.304787        2.6440
BFGS:  389 20:47:11    -1085.283186        2.3963
BFGS:  390 20:47:11    -1085.300986        2.1636
BFGS:  391 20:47:11    -1085.286713        3.7906
BFGS:  392 20:47:11    -1085.304781        2.6448
BFGS:  393 20:47:11    -1085.283141        2.3975
BFGS:  394 20:47:11    -1085.300977        2.1640
BFGS:  395 20:47:11    -1085.286656        3.7944
BFGS:  396 20:47:11    -1085.304776        2.6455
BFGS:  397 20:47:11    -1085.283098        2.3986
BFGS:  398 20:47:11    -1085.300968        2.1643
BFGS:  399 20:47:11    -1085.286602        3.7982
BFGS:  400 20:47:11    -1085.304771        2.6463
BFGS:  401 20:47:11    -1085.283057        2.3997
BFGS:  402 20:47:11    -1085.300960        2.1646
BFGS:  403 20:47:11    -1085.286550        3.8018
BFGS:  404 20:47:11    -1085.304766        2.6470
BFGS:  405 20:47:11    -1085.283017        2.4008
BFGS:  406 20:47:11    -1085.300952        2.1649
BFGS:  407 20:47:11    -1085.286501        3.8052
BFGS:  408 20:47:11    -1085.304762        2.6476
BFGS:  409 20:47:11    -1085.282979        2.4018
BFGS:  410 20:47:11    -1085.300944        2.1652
BFGS:  411 20:47:11    -1085.286453        3.8085
BFGS:  412 20:47:11    -1085.304758        2.6483
BFGS:  413 20:47:11    -1085.282942        2.4028
BFGS:  414 20:47:11    -1085.300937        2.1655
BFGS:  415 20:47:12    -1085.286407        3.8117
BFGS:  416 20:47:12    -1085.304754        2.6489
BFGS:  417 20:47:12    -1085.282907        2.4038
BFGS:  418 20:47:12    -1085.300930        2.1657
BFGS:  419 20:47:12    -1085.286363        3.8147
BFGS:  420 20:47:12    -1085.304751        2.6494
BFGS:  421 20:47:12    -1085.282874        2.4057
BFGS:  422 20:47:12    -1085.300924        2.1660
BFGS:  423 20:47:12    -1085.286321        3.8177
BFGS:  424 20:47:12    -1085.304748        2.6500
BFGS:  425 20:47:12    -1085.282841        2.4083
BFGS:  426 20:47:12    -1085.300917        2.1663
BFGS:  427 20:47:12    -1085.286281        3.8205
BFGS:  428 20:47:12    -1085.304745        2.6505
BFGS:  429 20:47:12    -1085.282811        2.4109
BFGS:  430 20:47:12    -1085.300911        2.1665
BFGS:  431 20:47:12    -1085.286241        3.8232
BFGS:  432 20:47:12    -1085.304743        2.6510
BFGS:  433 20:47:12    -1085.282781        2.4134
BFGS:  434 20:47:12    -1085.300905        2.1667
BFGS:  435 20:47:12    -1085.286203        3.8257
BFGS:  436 20:47:12    -1085.304740        2.6515
BFGS:  437 20:47:12    -1085.282752        2.4158
BFGS:  438 20:47:12    -1085.300900        2.1670
BFGS:  439 20:47:12    -1085.286167        3.8282
BFGS:  440 20:47:12    -1085.304738        2.6520
BFGS:  441 20:47:12    -1085.282725        2.4181
BFGS:  442 20:47:12    -1085.300894        2.1672
BFGS:  443 20:47:13    -1085.286132        3.8306
BFGS:  444 20:47:13    -1085.304736        2.6524
BFGS:  445 20:47:13    -1085.282699        2.4203
BFGS:  446 20:47:13    -1085.300889        2.1674
BFGS:  447 20:47:13    -1085.286099        3.8328
BFGS:  448 20:47:13    -1085.304735        2.6528
BFGS:  449 20:47:13    -1085.282674        2.4225
BFGS:  450 20:47:13    -1085.300885        2.1676
BFGS:  451 20:47:13    -1085.286067        3.8350
BFGS:  452 20:47:13    -1085.304733        2.6532
BFGS:  453 20:47:13    -1085.282650        2.4246
BFGS:  454 20:47:13    -1085.300880        2.1678
BFGS:  455 20:47:13    -1085.286036        3.8371
BFGS:  456 20:47:13    -1085.304732        2.6536
BFGS:  457 20:47:13    -1085.282627        2.4266
BFGS:  458 20:47:13    -1085.300876        2.1680
BFGS:  459 20:47:13    -1085.286007        3.8391
BFGS:  460 20:47:13    -1085.304731        2.6540
BFGS:  461 20:47:13    -1085.282605        2.4286
BFGS:  462 20:47:13    -1085.300871        2.1682
BFGS:  463 20:47:13    -1085.285979        3.8410
BFGS:  464 20:47:13    -1085.304730        2.6543
BFGS:  465 20:47:13    -1085.282584        2.4305
BFGS:  466 20:47:13    -1085.300867        2.1684
BFGS:  467 20:47:13    -1085.285952        3.8429
BFGS:  468 20:47:13    -1085.304730        2.6547
BFGS:  469 20:47:13    -1085.282564        2.4323
BFGS:  470 20:47:13    -1085.300864        2.1686
BFGS:  471 20:47:14    -1085.285927        3.8446
BFGS:  472 20:47:14    -1085.304729        2.6550
BFGS:  473 20:47:14    -1085.282544        2.4340
BFGS:  474 20:47:14    -1085.300860        2.1688
BFGS:  475 20:47:14    -1085.285902        3.8463
BFGS:  476 20:47:14    -1085.304729        2.6553
BFGS:  477 20:47:14    -1085.282526        2.4357
BFGS:  478 20:47:14    -1085.300857        2.1690
BFGS:  479 20:47:14    -1085.285879        3.8479
BFGS:  480 20:47:14    -1085.304729        2.6555
BFGS:  481 20:47:14    -1085.282508        2.4374
BFGS:  482 20:47:14    -1085.300853        2.1691
BFGS:  483 20:47:14    -1085.285856        3.8495
BFGS:  484 20:47:14    -1085.304729        2.6558
BFGS:  485 20:47:14    -1085.282491        2.4390
BFGS:  486 20:47:14    -1085.300850        2.1693
BFGS:  487 20:47:14    -1085.285835        3.8509
BFGS:  488 20:47:14    -1085.304729        2.6561
BFGS:  489 20:47:14    -1085.282475        2.4405
BFGS:  490 20:47:14    -1085.300847        2.1694
BFGS:  491 20:47:14    -1085.285815        3.8523
BFGS:  492 20:47:14    -1085.304730        2.6563
BFGS:  493 20:47:14    -1085.282459        2.4420
BFGS:  494 20:47:14    -1085.300845        2.1696
BFGS:  495 20:47:14    -1085.285795        3.8537
BFGS:  496 20:47:14    -1085.304730        2.6565
BFGS:  497 20:47:14    -1085.282444        2.4435
BFGS:  498 20:47:14    -1085.300842        2.1697
BFGS:  499 20:47:14    -1085.285777        3.8550
