      Step     Time          Energy         fmax
BFGS:    0 20:42:01     -764.966076      171.4246
BFGS:    1 20:42:01     -820.501783      148.3124
BFGS:    2 20:42:01     -857.443390      138.0253
BFGS:    3 20:42:01     -879.434118      129.6776
BFGS:    4 20:42:01     -893.423019      123.4215
BFGS:    5 20:42:01     -905.859992      115.0798
BFGS:    6 20:42:01     -916.728821      109.5621
BFGS:    7 20:42:01     -926.336681      101.6635
BFGS:    8 20:42:01     -936.049502       92.4661
BFGS:    9 20:42:01     -944.633634       85.8389
BFGS:   10 20:42:01     -953.092922       81.1149
BFGS:   11 20:42:01     -961.287465       76.5094
BFGS:   12 20:42:01     -967.826952       72.0434
BFGS:   13 20:42:01     -975.405748       68.5161
BFGS:   14 20:42:01     -981.594500       64.3530
BFGS:   15 20:42:01     -988.142867       58.9937
BFGS:   16 20:42:01     -993.296833       55.7134
BFGS:   17 20:42:01     -997.420680       53.0935
BFGS:   18 20:42:01    -1001.059977       50.9770
BFGS:   19 20:42:02    -1005.321888       48.8672
BFGS:   20 20:42:02    -1010.405015       45.4695
BFGS:   21 20:42:02    -1014.978361       42.7019
BFGS:   22 20:42:02    -1019.286032       38.9948
BFGS:   23 20:42:02    -1022.968243       36.5279
BFGS:   24 20:42:02    -1026.870831       33.6128
BFGS:   25 20:42:02    -1030.700117       32.1781
BFGS:   26 20:42:02    -1034.632419       30.9551
BFGS:   27 20:42:02    -1038.326629       31.1434
BFGS:   28 20:42:02    -1041.777991       30.9517
BFGS:   29 20:42:02    -1044.906338       30.2569
BFGS:   30 20:42:02    -1047.844397       27.6107
BFGS:   31 20:42:02    -1050.684387       24.2619
BFGS:   32 20:42:02    -1053.406294       20.0799
BFGS:   33 20:42:02    -1055.677739       17.6245
BFGS:   34 20:42:02    -1057.458112       16.3983
BFGS:   35 20:42:02    -1058.895895       15.4015
BFGS:   36 20:42:02    -1060.165389       14.6767
BFGS:   37 20:42:02    -1061.358750       13.9523
BFGS:   38 20:42:02    -1062.546126       13.1348
BFGS:   39 20:42:02    -1063.712220       12.4310
BFGS:   40 20:42:02    -1064.755299       12.6201
BFGS:   41 20:42:02    -1065.800545       12.5174
BFGS:   42 20:42:02    -1066.897117       12.0859
BFGS:   43 20:42:02    -1068.004044       11.4416
BFGS:   44 20:42:02    -1069.128971       10.5251
BFGS:   45 20:42:02    -1070.252716       10.4171
BFGS:   46 20:42:03    -1071.365095       10.8385
BFGS:   47 20:42:03    -1072.454306       10.8893
BFGS:   48 20:42:03    -1073.503846       10.6236
BFGS:   49 20:42:03    -1074.505185       10.1424
BFGS:   50 20:42:03    -1075.455218        9.5538
BFGS:   51 20:42:03    -1076.366281        8.9186
BFGS:   52 20:42:03    -1077.260358        9.4072
BFGS:   53 20:42:03    -1078.184999        9.8625
BFGS:   54 20:42:03    -1079.029293       10.1961
BFGS:   55 20:42:03    -1079.788633       10.4533
BFGS:   56 20:42:03    -1080.421704       10.9221
BFGS:   57 20:42:03    -1080.996643       11.2058
BFGS:   58 20:42:03    -1081.568238       10.9945
BFGS:   59 20:42:03    -1082.086004        9.7748
BFGS:   60 20:42:03    -1082.587204        7.7790
BFGS:   61 20:42:03    -1083.032246        5.1658
BFGS:   62 20:42:03    -1083.426203        5.0980
BFGS:   63 20:42:03    -1083.751264        5.0357
BFGS:   64 20:42:03    -1084.043154        4.8338
BFGS:   65 20:42:03    -1084.353686        5.0331
BFGS:   66 20:42:03    -1084.671613        4.8071
BFGS:   67 20:42:03    -1084.978629        4.6069
BFGS:   68 20:42:03    -1085.287980        4.8139
BFGS:   69 20:42:03    -1085.614480        4.9858
BFGS:   70 20:42:03    -1085.992092        5.7714
BFGS:   71 20:42:03    -1086.412250        6.4822
BFGS:   72 20:42:03    -1086.771037        6.7750
BFGS:   73 20:42:03    -1087.120618        6.5885
BFGS:   74 20:42:03    -1087.433359        6.1925
BFGS:   75 20:42:03    -1087.737388        5.1515
BFGS:   76 20:42:03    -1087.943343        4.7102
BFGS:   77 20:42:04    -1088.134730        4.7789
BFGS:   78 20:42:04    -1088.287989        4.6752
BFGS:   79 20:42:04    -1088.434509        4.3749
BFGS:   80 20:42:04    -1088.580207        3.8712
BFGS:   81 20:42:04    -1088.748499        3.9122
BFGS:   82 20:42:04    -1088.933914        3.7628
BFGS:   83 20:42:04    -1089.082468        3.2166
BFGS:   84 20:42:04    -1089.242408        2.6220
BFGS:   85 20:42:04    -1089.390924        2.5337
BFGS:   86 20:42:04    -1089.532437        2.5780
BFGS:   87 20:42:04    -1089.687068        2.6231
BFGS:   88 20:42:04    -1089.846743        2.8120
BFGS:   89 20:42:04    -1090.039952        3.2388
BFGS:   90 20:42:04    -1090.185050        3.7161
BFGS:   91 20:42:04    -1090.330809        4.1627
BFGS:   92 20:42:04    -1090.525954        4.1311
BFGS:   93 20:42:04    -1090.711986        4.3835
BFGS:   94 20:42:04    -1090.882735        4.6943
BFGS:   95 20:42:04    -1091.045206        4.8709
BFGS:   96 20:42:04    -1091.160018        4.7187
BFGS:   97 20:42:04    -1091.270460        4.9644
BFGS:   98 20:42:04    -1091.334415        4.4512
BFGS:   99 20:42:04    -1091.399794        4.4636
BFGS:  100 20:42:04    -1091.483580        3.9275
BFGS:  101 20:42:04    -1091.555213        3.2097
BFGS:  102 20:42:04    -1091.627204        2.4732
BFGS:  103 20:42:04    -1091.689952        2.1347
BFGS:  104 20:42:04    -1091.768657        2.1156
BFGS:  105 20:42:04    -1091.840958        2.2091
BFGS:  106 20:42:04    -1091.904141        2.0212
BFGS:  107 20:42:04    -1091.937752        1.7726
BFGS:  108 20:42:04    -1091.958816        1.6489
BFGS:  109 20:42:04    -1091.971541        1.5288
BFGS:  110 20:42:05    -1091.982027        1.4475
BFGS:  111 20:42:05    -1091.992264        1.3061
BFGS:  112 20:42:05    -1091.999544        1.2046
BFGS:  113 20:42:05    -1092.007773        1.2573
BFGS:  114 20:42:05    -1092.013854        1.1708
BFGS:  115 20:42:05    -1092.019235        1.1712
BFGS:  116 20:42:05    -1092.023704        1.2027
BFGS:  117 20:42:05    -1092.027991        1.2029
BFGS:  118 20:42:05    -1092.032731        1.2259
BFGS:  119 20:42:05    -1092.038937        1.2074
BFGS:  120 20:42:05    -1092.046871        1.2651
BFGS:  121 20:42:05    -1092.055693        1.2829
BFGS:  122 20:42:05    -1092.063351        1.1058
BFGS:  123 20:42:05    -1092.068885        0.8521
BFGS:  124 20:42:05    -1092.072617        0.6343
BFGS:  125 20:42:05    -1092.075449        0.5789
BFGS:  126 20:42:05    -1092.078378        0.5666
BFGS:  127 20:42:05    -1092.081776        0.5432
BFGS:  128 20:42:05    -1092.085410        0.4736
BFGS:  129 20:42:05    -1092.088669        0.4848
BFGS:  130 20:42:05    -1092.091116        0.5030
BFGS:  131 20:42:05    -1092.092919        0.5218
BFGS:  132 20:42:05    -1092.094468        0.5226
BFGS:  133 20:42:05    -1092.096148        0.5089
BFGS:  134 20:42:05    -1092.098056        0.4716
BFGS:  135 20:42:05    -1092.099834        0.4294
BFGS:  136 20:42:05    -1092.101110        0.3996
BFGS:  137 20:42:05    -1092.102045        0.4179
BFGS:  138 20:42:05    -1092.103054        0.4430
BFGS:  139 20:42:05    -1092.104405        0.4626
BFGS:  140 20:42:05    -1092.106134        0.4672
BFGS:  141 20:42:05    -1092.108085        0.4492
BFGS:  142 20:42:05    -1092.110109        0.3943
BFGS:  143 20:42:06    -1092.112099        0.3094
BFGS:  144 20:42:06    -1092.113707        0.2182
BFGS:  145 20:42:06    -1092.114750        0.1610
BFGS:  146 20:42:06    -1092.115398        0.1301
BFGS:  147 20:42:06    -1092.115842        0.0926
