      Step     Time          Energy         fmax
BFGS:    0 20:49:08     -758.521669      171.3805
BFGS:    1 20:49:08     -796.118872      138.5784
BFGS:    2 20:49:08     -817.721694      138.6703
BFGS:    3 20:49:08     -832.034157      132.5226
BFGS:    4 20:49:08     -846.001442      122.2456
BFGS:    5 20:49:08     -862.604250      119.0128
BFGS:    6 20:49:08     -879.621348      112.0631
BFGS:    7 20:49:08     -893.938645      108.9604
BFGS:    8 20:49:08     -908.410168      101.6217
BFGS:    9 20:49:08     -922.860090       98.2445
BFGS:   10 20:49:08     -935.685077       91.7530
BFGS:   11 20:49:08     -947.665273       88.6292
BFGS:   12 20:49:08     -957.429450       83.5059
BFGS:   13 20:49:08     -967.455991       79.0524
BFGS:   14 20:49:08     -977.567178       73.2468
BFGS:   15 20:49:08     -986.697025       67.6214
BFGS:   16 20:49:08     -995.600514       61.9378
BFGS:   17 20:49:08    -1002.682120       57.9803
BFGS:   18 20:49:08    -1008.798381       54.5559
BFGS:   19 20:49:08    -1014.247614       51.4454
BFGS:   20 20:49:08    -1018.991495       48.3534
BFGS:   21 20:49:09    -1023.364170       46.5114
BFGS:   22 20:49:09    -1028.178912       43.4770
BFGS:   23 20:49:09    -1032.459070       41.1310
BFGS:   24 20:49:09    -1036.276220       39.7902
BFGS:   25 20:49:09    -1039.671628       37.2873
BFGS:   26 20:49:09    -1042.454568       36.2275
BFGS:   27 20:49:09    -1045.092867       34.6685
BFGS:   28 20:49:09    -1047.671067       32.8126
BFGS:   29 20:49:09    -1050.108983       31.2629
BFGS:   30 20:49:09    -1052.332378       29.2797
BFGS:   31 20:49:09    -1054.462188       27.2591
BFGS:   32 20:49:09    -1056.436345       24.6874
BFGS:   33 20:49:09    -1058.536277       22.4702
BFGS:   34 20:49:09    -1060.579080       19.9997
BFGS:   35 20:49:09    -1062.423615       17.6977
BFGS:   36 20:49:09    -1064.203754       15.3174
BFGS:   37 20:49:09    -1065.849176       12.9255
BFGS:   38 20:49:09    -1067.333804       10.7860
BFGS:   39 20:49:09    -1068.795439       11.3384
BFGS:   40 20:49:09    -1070.229079       13.7017
BFGS:   41 20:49:09    -1071.485778       13.3569
BFGS:   42 20:49:09    -1072.644653       13.1402
BFGS:   43 20:49:09    -1073.641938       11.2893
BFGS:   44 20:49:09    -1074.598904       10.1857
BFGS:   45 20:49:09    -1075.532523        8.3307
BFGS:   46 20:49:09    -1076.235490        7.0318
BFGS:   47 20:49:09    -1076.816926        5.9453
BFGS:   48 20:49:10    -1077.320381        6.1597
BFGS:   49 20:49:10    -1077.814550        6.4955
BFGS:   50 20:49:10    -1078.278447        8.0774
BFGS:   51 20:49:10    -1078.741949        9.5492
BFGS:   52 20:49:10    -1079.279110       11.1285
BFGS:   53 20:49:10    -1079.851665       12.4126
BFGS:   54 20:49:10    -1080.485226       14.1385
BFGS:   55 20:49:10    -1081.133768       16.2654
BFGS:   56 20:49:10    -1081.906648       16.4688
BFGS:   57 20:49:10    -1082.784023       15.7689
BFGS:   58 20:49:10    -1083.526191       14.6752
BFGS:   59 20:49:10    -1084.217764       12.5444
BFGS:   60 20:49:10    -1085.011350       10.5547
BFGS:   61 20:49:10    -1085.811910        9.0522
BFGS:   62 20:49:10    -1086.365604        8.2600
BFGS:   63 20:49:10    -1086.796167        7.6055
BFGS:   64 20:49:10    -1087.094061        6.4332
BFGS:   65 20:49:10    -1087.412079        5.8307
BFGS:   66 20:49:10    -1087.733627        5.1921
BFGS:   67 20:49:10    -1088.047122        4.3705
BFGS:   68 20:49:10    -1088.360428        4.9753
BFGS:   69 20:49:10    -1088.681154        5.7941
BFGS:   70 20:49:10    -1089.002827        6.4134
BFGS:   71 20:49:10    -1089.326371        6.9836
BFGS:   72 20:49:10    -1089.646455        7.3122
BFGS:   73 20:49:10    -1089.973550        7.2404
BFGS:   74 20:49:10    -1090.334919        6.7793
BFGS:   75 20:49:10    -1090.673463        6.1393
BFGS:   76 20:49:10    -1091.036143        6.1186
BFGS:   77 20:49:10    -1091.373836        7.6959
BFGS:   78 20:49:11    -1091.755858        8.7945
BFGS:   79 20:49:11    -1092.153504        9.5627
BFGS:   80 20:49:11    -1092.523825        9.3049
BFGS:   81 20:49:11    -1092.895036        8.3528
BFGS:   82 20:49:11    -1093.333759        5.4956
BFGS:   83 20:49:11    -1093.708413        4.8165
BFGS:   84 20:49:11    -1094.087813        3.3258
BFGS:   85 20:49:11    -1094.376067        2.8982
BFGS:   86 20:49:11    -1094.604783        2.9721
BFGS:   87 20:49:11    -1094.808215        3.2309
BFGS:   88 20:49:11    -1094.942410        3.1226
BFGS:   89 20:49:11    -1095.077882        3.5381
BFGS:   90 20:49:11    -1095.248344        4.0005
BFGS:   91 20:49:11    -1095.438544        4.6322
BFGS:   92 20:49:11    -1095.734209        4.3742
BFGS:   93 20:49:11    -1096.121238        4.8863
BFGS:   94 20:49:11    -1096.412396        5.4726
BFGS:   95 20:49:11    -1096.661963        5.7355
BFGS:   96 20:49:11    -1096.907096        6.9940
BFGS:   97 20:49:11    -1097.158294        7.6605
BFGS:   98 20:49:11    -1097.527578        7.3744
BFGS:   99 20:49:11    -1097.982377        8.1096
BFGS:  100 20:49:11    -1098.494328        8.0114
BFGS:  101 20:49:11    -1099.055800        7.2236
BFGS:  102 20:49:11    -1099.639435        7.4437
BFGS:  103 20:49:11    -1100.195823        6.9835
BFGS:  104 20:49:11    -1100.725252        7.1963
BFGS:  105 20:49:11    -1101.275868        9.5587
BFGS:  106 20:49:11    -1101.791368       10.4878
BFGS:  107 20:49:11    -1102.295816       10.1561
BFGS:  108 20:49:11    -1102.848259       10.5317
BFGS:  109 20:49:11    -1103.448044       10.7211
BFGS:  110 20:49:12    -1104.100099       11.3441
BFGS:  111 20:49:12    -1104.657007        9.5145
BFGS:  112 20:49:12    -1105.205211        9.6413
BFGS:  113 20:49:12    -1105.758144        8.2135
BFGS:  114 20:49:12    -1106.322420        7.8946
BFGS:  115 20:49:12    -1106.815083        8.1568
BFGS:  116 20:49:12    -1107.375149        5.6062
BFGS:  117 20:49:12    -1107.557550        7.2333
BFGS:  118 20:49:12    -1107.713854        5.2245
BFGS:  119 20:49:12    -1107.891652        4.5344
BFGS:  120 20:49:12    -1108.005243        3.1700
BFGS:  121 20:49:12    -1108.114437        2.9019
BFGS:  122 20:49:12    -1108.195266        2.8579
BFGS:  123 20:49:12    -1108.251377        2.2998
BFGS:  124 20:49:12    -1108.319811        1.8281
BFGS:  125 20:49:12    -1108.376930        2.1913
BFGS:  126 20:49:12    -1108.415388        2.7590
BFGS:  127 20:49:12    -1108.463782        2.1795
BFGS:  128 20:49:12    -1108.508648        1.9389
BFGS:  129 20:49:12    -1108.537201        1.6253
BFGS:  130 20:49:12    -1108.580398        1.4260
BFGS:  131 20:49:12    -1108.608871        1.4752
BFGS:  132 20:49:12    -1108.635364        1.8135
BFGS:  133 20:49:12    -1108.680294        2.1813
BFGS:  134 20:49:12    -1108.730598        2.6126
BFGS:  135 20:49:12    -1108.793553        2.9085
BFGS:  136 20:49:12    -1108.898973        2.9573
BFGS:  137 20:49:12    -1109.004693        3.2377
BFGS:  138 20:49:12    -1109.180001        3.3951
BFGS:  139 20:49:12    -1109.285771        3.9081
BFGS:  140 20:49:12    -1109.476362        4.8098
BFGS:  141 20:49:12    -1109.700503        5.0491
BFGS:  142 20:49:12    -1110.003038        4.5886
BFGS:  143 20:49:12    -1110.233953        3.3267
BFGS:  144 20:49:13    -1110.334688        3.4683
BFGS:  145 20:49:13    -1110.507286        3.4021
BFGS:  146 20:49:13    -1110.625696        1.9438
BFGS:  147 20:49:13    -1110.716059        2.1841
BFGS:  148 20:49:13    -1110.823228        3.0533
BFGS:  149 20:49:13    -1110.913632        2.8676
BFGS:  150 20:49:13    -1111.054797        2.8424
BFGS:  151 20:49:13    -1111.177692        3.5882
BFGS:  152 20:49:13    -1111.307846        4.2312
BFGS:  153 20:49:13    -1111.432608        5.6665
BFGS:  154 20:49:13    -1111.943056        5.4883
BFGS:  155 20:49:13    -1112.296890        5.7789
BFGS:  156 20:49:13    -1112.646523        5.3547
BFGS:  157 20:49:13    -1112.970556        5.3389
BFGS:  158 20:49:13    -1113.282277        5.0130
BFGS:  159 20:49:13    -1113.573492        4.6125
BFGS:  160 20:49:13    -1113.847750        4.5995
BFGS:  161 20:49:13    -1114.105395        4.7947
BFGS:  162 20:49:13    -1114.341675        4.8508
BFGS:  163 20:49:13    -1114.552470        4.6609
BFGS:  164 20:49:13    -1114.773641        5.2860
BFGS:  165 20:49:13    -1115.046599        4.8850
BFGS:  166 20:49:13    -1115.334374        3.1588
BFGS:  167 20:49:13    -1115.528007        4.5651
BFGS:  168 20:49:13    -1115.697337        2.7029
BFGS:  169 20:49:13    -1115.834938        2.5068
BFGS:  170 20:49:13    -1115.936630        3.8759
BFGS:  171 20:49:13    -1116.010005        4.5123
BFGS:  172 20:49:13    -1116.057829        3.8926
BFGS:  173 20:49:13    -1116.089954        3.4049
BFGS:  174 20:49:13    -1116.122184        2.6039
BFGS:  175 20:49:13    -1116.163075        1.9485
BFGS:  176 20:49:13    -1116.196482        1.4858
BFGS:  177 20:49:14    -1116.220582        1.0733
BFGS:  178 20:49:14    -1116.250923        1.1408
BFGS:  179 20:49:14    -1116.301444        1.5132
BFGS:  180 20:49:14    -1116.414361        4.3799
BFGS:  181 20:49:14    -1116.569937        4.1351
BFGS:  182 20:49:14    -1116.782912        4.9219
BFGS:  183 20:49:14    -1116.965118        4.9097
BFGS:  184 20:49:14    -1117.153017        5.8133
BFGS:  185 20:49:14    -1117.349608        5.9282
BFGS:  186 20:49:14    -1117.529468        6.4307
BFGS:  187 20:49:14    -1117.681318        6.2168
BFGS:  188 20:49:14    -1117.825716        5.7562
BFGS:  189 20:49:14    -1117.971402        4.6914
BFGS:  190 20:49:14    -1118.036605        4.2693
BFGS:  191 20:49:14    -1118.104520        4.3723
BFGS:  192 20:49:14    -1118.158898        4.2599
BFGS:  193 20:49:14    -1118.191360        4.2140
BFGS:  194 20:49:14    -1118.235582        4.5541
BFGS:  195 20:49:14    -1118.261172        4.8253
BFGS:  196 20:49:14    -1118.285679        4.6050
BFGS:  197 20:49:14    -1118.340613        4.4034
BFGS:  198 20:49:14    -1118.382879        4.0203
BFGS:  199 20:49:14    -1118.409939        3.9432
BFGS:  200 20:49:14    -1118.438359        3.7465
BFGS:  201 20:49:14    -1118.450050        3.6133
BFGS:  202 20:49:14    -1118.459933        3.4583
BFGS:  203 20:49:14    -1118.465050        3.5192
BFGS:  204 20:49:14    -1118.469577        3.5656
BFGS:  205 20:49:14    -1118.473697        3.6957
BFGS:  206 20:49:14    -1118.477693        3.7512
BFGS:  207 20:49:14    -1118.481877        3.7854
BFGS:  208 20:49:14    -1118.486743        3.7581
BFGS:  209 20:49:14    -1118.493225        3.5763
BFGS:  210 20:49:15    -1118.502215        3.3729
BFGS:  211 20:49:15    -1118.513090        2.9467
BFGS:  212 20:49:15    -1118.523816        2.6082
BFGS:  213 20:49:15    -1118.531528        2.2605
BFGS:  214 20:49:15    -1118.537252        2.1544
BFGS:  215 20:49:15    -1118.542281        2.0182
BFGS:  216 20:49:15    -1118.546922        1.9986
BFGS:  217 20:49:15    -1118.550931        1.9067
BFGS:  218 20:49:15    -1118.554026        1.9153
BFGS:  219 20:49:15    -1118.556251        1.8654
BFGS:  220 20:49:15    -1118.557818        1.8512
BFGS:  221 20:49:15    -1118.559026        1.7814
BFGS:  222 20:49:15    -1118.559895        1.7978
BFGS:  223 20:49:15    -1118.560517        1.8420
BFGS:  224 20:49:15    -1118.560933        1.8638
BFGS:  225 20:49:15    -1118.561222        1.8815
BFGS:  226 20:49:15    -1118.561406        1.8784
BFGS:  227 20:49:15    -1118.561526        1.8789
BFGS:  228 20:49:15    -1118.561602        1.8753
BFGS:  229 20:49:15    -1118.561659        1.8814
BFGS:  230 20:49:15    -1118.561700        1.8884
BFGS:  231 20:49:15    -1118.561731        1.9011
BFGS:  232 20:49:15    -1118.561747        1.9085
BFGS:  233 20:49:15    -1118.561755        1.9143
BFGS:  234 20:49:15    -1118.561758        1.9154
BFGS:  235 20:49:15    -1118.561759        1.9156
BFGS:  236 20:49:15    -1118.561760        1.9146
BFGS:  237 20:49:15    -1118.561760        1.9131
BFGS:  238 20:49:15    -1118.561761        1.9124
BFGS:  239 20:49:15    -1118.561761        1.9126
BFGS:  240 20:49:15    -1118.561761        1.9135
BFGS:  241 20:49:15    -1118.561761        1.9148
BFGS:  242 20:49:15    -1118.561761        1.9157
BFGS:  243 20:49:16    -1118.561761        1.9166
BFGS:  244 20:49:16    -1118.561761        1.9169
