      Step     Time          Energy         fmax
BFGS:    0 20:45:21     -721.253396      217.7517
BFGS:    1 20:45:21     -765.592029      193.0589
BFGS:    2 20:45:21     -806.367583      177.5475
BFGS:    3 20:45:21     -836.624100      151.0615
BFGS:    4 20:45:21     -852.299386      149.6820
BFGS:    5 20:45:21     -871.238846      136.8190
BFGS:    6 20:45:21     -888.713822      125.8572
BFGS:    7 20:45:21     -904.940244      115.5972
BFGS:    8 20:45:21     -918.979860      105.7394
BFGS:    9 20:45:21     -930.772208       98.6399
BFGS:   10 20:45:21     -945.329052       87.0276
BFGS:   11 20:45:21     -956.077574       83.9736
BFGS:   12 20:45:21     -966.374912       77.8130
BFGS:   13 20:45:21     -975.678318       75.6114
BFGS:   14 20:45:21     -984.027043       71.2697
BFGS:   15 20:45:21     -991.880200       67.3390
BFGS:   16 20:45:21     -998.512267       65.2928
BFGS:   17 20:45:21    -1004.310664       61.0078
BFGS:   18 20:45:21    -1009.339561       58.9637
BFGS:   19 20:45:21    -1014.367367       55.2568
BFGS:   20 20:45:22    -1018.464316       53.2032
BFGS:   21 20:45:22    -1021.550320       51.1537
BFGS:   22 20:45:22    -1024.267076       49.1138
BFGS:   23 20:45:22    -1026.891752       47.4888
BFGS:   24 20:45:22    -1029.511028       45.7874
BFGS:   25 20:45:22    -1032.065080       43.7180
BFGS:   26 20:45:22    -1034.836371       41.9717
BFGS:   27 20:45:22    -1037.458472       39.5747
BFGS:   28 20:45:22    -1039.837218       38.3143
BFGS:   29 20:45:22    -1041.978825       36.4629
BFGS:   30 20:45:22    -1043.981127       35.1587
BFGS:   31 20:45:22    -1045.930959       33.7208
BFGS:   32 20:45:22    -1047.883519       31.9914
BFGS:   33 20:45:22    -1049.809183       30.2234
BFGS:   34 20:45:22    -1051.871660       28.1223
BFGS:   35 20:45:22    -1053.931309       26.1705
BFGS:   36 20:45:22    -1055.654889       24.3373
BFGS:   37 20:45:22    -1057.168488       22.9510
BFGS:   38 20:45:22    -1058.619818       21.6264
BFGS:   39 20:45:22    -1060.027186       20.3502
BFGS:   40 20:45:22    -1061.432109       19.0915
BFGS:   41 20:45:22    -1062.836351       19.5769
BFGS:   42 20:45:22    -1064.233055       20.2989
BFGS:   43 20:45:22    -1065.630629       20.8380
BFGS:   44 20:45:22    -1067.012177       20.9955
BFGS:   45 20:45:22    -1068.372809       20.6022
BFGS:   46 20:45:22    -1069.650226       19.4704
BFGS:   47 20:45:23    -1070.804972       17.7621
BFGS:   48 20:45:23    -1071.715396       15.1837
BFGS:   49 20:45:23    -1072.455230       14.0804
BFGS:   50 20:45:23    -1073.135922       13.4536
BFGS:   51 20:45:23    -1073.778280       12.7276
BFGS:   52 20:45:23    -1074.409211       11.9767
BFGS:   53 20:45:23    -1075.031775       11.0829
BFGS:   54 20:45:23    -1075.625454       10.4234
BFGS:   55 20:45:23    -1076.181837        9.1951
BFGS:   56 20:45:23    -1076.717210        8.6846
BFGS:   57 20:45:23    -1077.227725        8.8599
BFGS:   58 20:45:23    -1077.727000        8.8580
BFGS:   59 20:45:23    -1078.221474        9.0392
BFGS:   60 20:45:23    -1078.718675        9.4998
BFGS:   61 20:45:23    -1079.227705       10.0817
BFGS:   62 20:45:23    -1079.757628       10.6236
BFGS:   63 20:45:23    -1080.314378       11.2135
BFGS:   64 20:45:23    -1080.894295       11.7873
BFGS:   65 20:45:23    -1081.483250       12.3043
BFGS:   66 20:45:23    -1082.066413       12.5800
BFGS:   67 20:45:23    -1082.654620       12.8095
BFGS:   68 20:45:23    -1083.219310       12.8411
BFGS:   69 20:45:23    -1083.755435       11.8643
BFGS:   70 20:45:23    -1084.289319       11.5720
BFGS:   71 20:45:23    -1084.798077       10.5306
BFGS:   72 20:45:23    -1085.349970        8.8150
BFGS:   73 20:45:23    -1085.888533        8.3642
BFGS:   74 20:45:23    -1086.411296        7.2166
BFGS:   75 20:45:24    -1086.889181        7.6305
BFGS:   76 20:45:24    -1087.260404        7.8540
BFGS:   77 20:45:24    -1087.631315        7.2461
BFGS:   78 20:45:24    -1087.978847        7.1638
BFGS:   79 20:45:24    -1088.252283        6.0338
BFGS:   80 20:45:24    -1088.469192        4.5143
BFGS:   81 20:45:24    -1088.602953        4.4216
BFGS:   82 20:45:24    -1088.716856        4.0809
BFGS:   83 20:45:24    -1088.814586        3.6534
BFGS:   84 20:45:24    -1088.913644        2.8924
BFGS:   85 20:45:24    -1089.030224        3.7984
BFGS:   86 20:45:24    -1089.171055        3.2451
BFGS:   87 20:45:24    -1089.292797        4.5746
BFGS:   88 20:45:24    -1089.452044        3.9893
BFGS:   89 20:45:24    -1089.532237        3.3144
BFGS:   90 20:45:24    -1089.644668        2.3680
BFGS:   91 20:45:24    -1089.720585        2.1854
BFGS:   92 20:45:24    -1089.797730        2.5317
BFGS:   93 20:45:24    -1089.872601        4.4786
BFGS:   94 20:45:24    -1089.942331        5.0972
BFGS:   95 20:45:24    -1090.033893        4.8870
BFGS:   96 20:45:24    -1090.157838        3.4346
BFGS:   97 20:45:24    -1090.215859        3.1748
BFGS:   98 20:45:24    -1090.270722        3.3811
BFGS:   99 20:45:24    -1090.309000        3.2523
BFGS:  100 20:45:24    -1090.372249        3.5448
BFGS:  101 20:45:24    -1090.459489        3.9325
BFGS:  102 20:45:24    -1090.588616        4.0009
BFGS:  103 20:45:24    -1090.755533        4.3691
BFGS:  104 20:45:25    -1090.928593        4.1633
BFGS:  105 20:45:25    -1091.119707        5.2667
BFGS:  106 20:45:25    -1091.367844        6.2780
BFGS:  107 20:45:25    -1091.764157        5.8565
BFGS:  108 20:45:25    -1092.136744        4.5338
BFGS:  109 20:45:25    -1092.424764        4.1792
BFGS:  110 20:45:25    -1092.714535        4.7798
BFGS:  111 20:45:25    -1092.949653        5.3501
BFGS:  112 20:45:25    -1093.170885        6.2520
BFGS:  113 20:45:25    -1093.403817        7.1452
BFGS:  114 20:45:25    -1093.733889        7.8625
BFGS:  115 20:45:25    -1094.078681        8.2100
BFGS:  116 20:45:25    -1094.414298        7.5173
BFGS:  117 20:45:25    -1094.680421        5.9974
BFGS:  118 20:45:25    -1094.954348        6.6550
BFGS:  119 20:45:25    -1095.195738        6.3898
BFGS:  120 20:45:25    -1095.403493        7.1904
BFGS:  121 20:45:25    -1095.589681        7.3225
BFGS:  122 20:45:25    -1095.716379        6.3821
BFGS:  123 20:45:25    -1095.835742        6.2368
BFGS:  124 20:45:25    -1095.933647        6.2849
BFGS:  125 20:45:25    -1096.038991        6.0021
BFGS:  126 20:45:25    -1096.275605        4.4746
BFGS:  127 20:45:25    -1096.411985        3.5498
BFGS:  128 20:45:25    -1096.533308        2.4833
BFGS:  129 20:45:25    -1096.597771        2.3129
BFGS:  130 20:45:25    -1096.651251        2.3117
BFGS:  131 20:45:25    -1096.687503        1.7695
BFGS:  132 20:45:25    -1096.724906        1.3399
BFGS:  133 20:45:25    -1096.743978        1.3202
BFGS:  134 20:45:26    -1096.765963        3.1552
BFGS:  135 20:45:26    -1096.775297        1.3779
BFGS:  136 20:45:26    -1096.786748        0.9336
BFGS:  137 20:45:26    -1096.809513        1.0353
BFGS:  138 20:45:26    -1096.822942        1.1909
BFGS:  139 20:45:26    -1096.837155        1.2297
BFGS:  140 20:45:26    -1096.844101        1.0139
BFGS:  141 20:45:26    -1096.851076        0.7672
BFGS:  142 20:45:26    -1096.856208        0.6657
BFGS:  143 20:45:26    -1096.863315        0.6493
BFGS:  144 20:45:26    -1096.869861        0.6135
BFGS:  145 20:45:26    -1096.878067        0.6016
BFGS:  146 20:45:26    -1096.883605        0.4488
BFGS:  147 20:45:26    -1096.886470        0.4404
BFGS:  148 20:45:26    -1096.887537        0.4565
BFGS:  149 20:45:26    -1096.888208        0.4183
BFGS:  150 20:45:26    -1096.888823        0.3445
BFGS:  151 20:45:26    -1096.889352        0.3200
BFGS:  152 20:45:26    -1096.889857        0.3044
BFGS:  153 20:45:26    -1096.890414        0.3024
BFGS:  154 20:45:26    -1096.891125        0.3355
BFGS:  155 20:45:26    -1096.891941        0.3081
BFGS:  156 20:45:26    -1096.892794        0.2502
BFGS:  157 20:45:26    -1096.893561        0.2480
BFGS:  158 20:45:26    -1096.894166        0.2157
BFGS:  159 20:45:26    -1096.894583        0.1668
BFGS:  160 20:45:26    -1096.894848        0.1498
BFGS:  161 20:45:26    -1096.895016        0.1292
BFGS:  162 20:45:26    -1096.895141        0.1126
BFGS:  163 20:45:26    -1096.895273        0.1018
BFGS:  164 20:45:26    -1096.895426        0.1148
BFGS:  165 20:45:27    -1096.895585        0.1043
BFGS:  166 20:45:27    -1096.895708        0.0767
