      Step     Time          Energy         fmax
BFGS:    0 20:40:53     -909.525843       57.6798
BFGS:    1 20:40:53     -924.490857       42.0809
BFGS:    2 20:40:53     -932.102385       37.0063
BFGS:    3 20:40:53     -937.876676       35.9214
BFGS:    4 20:40:53     -942.538735       29.6182
BFGS:    5 20:40:53     -947.367017       26.2806
BFGS:    6 20:40:53     -951.711072       23.1875
BFGS:    7 20:40:53     -955.073587       18.9520
BFGS:    8 20:40:53     -957.594500       15.4986
BFGS:    9 20:40:53     -959.661594       15.2026
BFGS:   10 20:40:53     -961.394887       12.2611
BFGS:   11 20:40:53     -962.884972       11.2988
BFGS:   12 20:40:54     -964.169347       12.6560
BFGS:   13 20:40:54     -965.288375        9.3272
BFGS:   14 20:40:54     -966.302722        9.6533
BFGS:   15 20:40:54     -967.314473        8.7598
BFGS:   16 20:40:54     -968.402308        8.3799
BFGS:   17 20:40:54     -969.386254        8.2859
BFGS:   18 20:40:54     -970.172350        8.5336
BFGS:   19 20:40:54     -970.841273        8.1106
BFGS:   20 20:40:54     -971.481726        7.5139
BFGS:   21 20:40:54     -972.131180        7.3099
BFGS:   22 20:40:54     -972.751483        6.9393
BFGS:   23 20:40:54     -973.274361        6.3336
BFGS:   24 20:40:54     -973.789727        5.7626
BFGS:   25 20:40:54     -974.280729        5.0193
BFGS:   26 20:40:54     -974.750718        4.2435
BFGS:   27 20:40:54     -975.179343        4.0049
BFGS:   28 20:40:54     -975.579634        3.7395
BFGS:   29 20:40:54     -975.953879        3.5858
BFGS:   30 20:40:54     -976.308051        3.3500
BFGS:   31 20:40:54     -976.645004        3.1994
BFGS:   32 20:40:54     -976.967277        3.0399
BFGS:   33 20:40:55     -977.279855        2.9113
BFGS:   34 20:40:55     -977.586477        2.8022
BFGS:   35 20:40:55     -977.893870        2.7144
BFGS:   36 20:40:55     -978.203209        2.6400
BFGS:   37 20:40:55     -978.512281        2.6501
BFGS:   38 20:40:55     -978.808699        2.8348
BFGS:   39 20:40:55     -979.082281        2.9454
BFGS:   40 20:40:55     -979.334673        2.9718
BFGS:   41 20:40:55     -979.564890        2.9310
BFGS:   42 20:40:55     -979.780015        3.0838
BFGS:   43 20:40:55     -979.973694        3.1448
BFGS:   44 20:40:55     -980.158078        3.2806
BFGS:   45 20:40:55     -980.327501        3.2701
BFGS:   46 20:40:55     -980.491073        3.2320
BFGS:   47 20:40:55     -980.648166        3.1244
BFGS:   48 20:40:55     -980.806909        3.1440
BFGS:   49 20:40:55     -980.968718        3.1254
BFGS:   50 20:40:55     -981.138101        3.0028
BFGS:   51 20:40:55     -981.311547        2.9681
BFGS:   52 20:40:55     -981.485965        3.2983
BFGS:   53 20:40:55     -981.656169        3.6427
BFGS:   54 20:40:56     -981.822206        4.0586
BFGS:   55 20:40:56     -981.981386        4.3319
BFGS:   56 20:40:56     -982.135947        4.4694
BFGS:   57 20:40:56     -982.288539        4.5629
BFGS:   58 20:40:56     -982.443791        4.4892
BFGS:   59 20:40:56     -982.608427        4.6721
BFGS:   60 20:40:56     -982.788596        5.4990
BFGS:   61 20:40:56     -982.988541        6.3357
BFGS:   62 20:40:56     -983.210090        7.1502
BFGS:   63 20:40:56     -983.451673        7.8600
BFGS:   64 20:40:56     -983.721018        8.3426
BFGS:   65 20:40:56     -984.008942        8.4610
BFGS:   66 20:40:56     -984.333330       10.0515
BFGS:   67 20:40:56     -984.724095        8.5398
BFGS:   68 20:40:56     -985.238787        9.1501
BFGS:   69 20:40:56     -985.738977       10.5130
BFGS:   70 20:40:56     -986.282031        9.7282
BFGS:   71 20:40:56     -986.816999       10.2698
BFGS:   72 20:40:56     -987.395050        9.4284
BFGS:   73 20:40:56     -987.980445        9.1003
BFGS:   74 20:40:57     -988.581320        7.6772
BFGS:   75 20:40:57     -989.185436        7.0349
BFGS:   76 20:40:57     -989.784384        6.9904
BFGS:   77 20:40:57     -990.353794        7.0883
BFGS:   78 20:40:57     -990.941198        6.9708
BFGS:   79 20:40:57     -991.464582        6.8816
BFGS:   80 20:40:57     -992.025808        6.8766
BFGS:   81 20:40:57     -992.478888        6.8283
BFGS:   82 20:40:57     -992.978846        6.0151
BFGS:   83 20:40:57     -993.391234        5.2030
BFGS:   84 20:40:57     -993.793863        4.8360
BFGS:   85 20:40:57     -994.055647        4.1719
BFGS:   86 20:40:57     -994.206316        3.2213
BFGS:   87 20:40:57     -994.285238        2.7045
BFGS:   88 20:40:57     -994.354689        2.6230
BFGS:   89 20:40:57     -994.407099        1.8500
BFGS:   90 20:40:57     -994.451836        1.5282
BFGS:   91 20:40:57     -994.492882        1.2129
BFGS:   92 20:40:57     -994.533170        1.6390
BFGS:   93 20:40:57     -994.567106        1.8368
BFGS:   94 20:40:58     -994.595538        1.6193
BFGS:   95 20:40:58     -994.619091        1.0989
BFGS:   96 20:40:58     -994.638767        1.0967
BFGS:   97 20:40:58     -994.659365        0.9913
BFGS:   98 20:40:58     -994.688745        1.1862
BFGS:   99 20:40:58     -994.723836        1.3750
BFGS:  100 20:40:58     -994.763473        1.5287
BFGS:  101 20:40:58     -994.809936        1.5285
BFGS:  102 20:40:58     -994.868581        1.2751
BFGS:  103 20:40:58     -994.925175        1.3742
BFGS:  104 20:40:58     -994.976187        1.5298
BFGS:  105 20:40:58     -995.060115        1.3047
BFGS:  106 20:40:58     -995.103872        1.5107
BFGS:  107 20:40:58     -995.152213        1.2932
BFGS:  108 20:40:58     -995.210132        0.9615
BFGS:  109 20:40:58     -995.238004        0.8663
BFGS:  110 20:40:58     -995.254731        0.8436
BFGS:  111 20:40:58     -995.267290        0.6513
BFGS:  112 20:40:58     -995.275741        0.5663
BFGS:  113 20:40:59     -995.279954        0.4184
BFGS:  114 20:40:59     -995.283887        0.4058
BFGS:  115 20:40:59     -995.287615        0.3533
BFGS:  116 20:40:59     -995.289701        0.2369
BFGS:  117 20:40:59     -995.290848        0.1831
BFGS:  118 20:40:59     -995.291617        0.1574
BFGS:  119 20:40:59     -995.292379        0.1597
BFGS:  120 20:40:59     -995.293015        0.1048
BFGS:  121 20:40:59     -995.293377        0.0747
