      Step     Time          Energy         fmax
BFGS:    0 20:40:47     -742.642709      220.2303
BFGS:    1 20:40:47     -794.691941      182.9955
BFGS:    2 20:40:47     -822.934902      180.9296
BFGS:    3 20:40:47     -839.614749      165.7071
BFGS:    4 20:40:47     -853.747480      154.5703
BFGS:    5 20:40:47     -868.718003      143.7580
BFGS:    6 20:40:47     -880.727367      132.9351
BFGS:    7 20:40:47     -893.238660      124.0349
BFGS:    8 20:40:47     -905.037862      113.6742
BFGS:    9 20:40:47     -914.280164      107.5946
BFGS:   10 20:40:47     -924.424098       95.5634
BFGS:   11 20:40:47     -932.616077       85.8224
BFGS:   12 20:40:47     -940.505197       77.3854
BFGS:   13 20:40:47     -947.976576       70.4100
BFGS:   14 20:40:47     -954.753220       63.9566
BFGS:   15 20:40:48     -961.011531       59.3336
BFGS:   16 20:40:48     -967.325598       56.0719
BFGS:   17 20:40:48     -973.683804       54.3447
BFGS:   18 20:40:48     -979.583560       54.4802
BFGS:   19 20:40:48     -985.540724       54.1659
BFGS:   20 20:40:48     -991.128546       53.3614
BFGS:   21 20:40:48     -996.117516       52.7346
BFGS:   22 20:40:48    -1001.561081       51.1970
BFGS:   23 20:40:48    -1006.740158       49.3409
BFGS:   24 20:40:48    -1011.889715       46.8154
BFGS:   25 20:40:48    -1017.053828       43.4901
BFGS:   26 20:40:48    -1022.374914       38.8413
BFGS:   27 20:40:48    -1026.713098       34.2887
BFGS:   28 20:40:48    -1030.853925       29.2371
BFGS:   29 20:40:48    -1034.858740       26.8228
BFGS:   30 20:40:48    -1038.270288       24.9829
BFGS:   31 20:40:48    -1041.105057       22.5996
BFGS:   32 20:40:48    -1043.499451       20.7189
BFGS:   33 20:40:48    -1045.633063       18.9809
BFGS:   34 20:40:48    -1047.365818       17.8408
BFGS:   35 20:40:48    -1048.958671       16.4375
BFGS:   36 20:40:48    -1050.542881       14.5062
BFGS:   37 20:40:48    -1052.155238       12.2709
BFGS:   38 20:40:48    -1053.791571       12.1916
BFGS:   39 20:40:48    -1055.437844       12.9253
BFGS:   40 20:40:48    -1057.000524       12.9111
BFGS:   41 20:40:48    -1058.538953       12.7932
BFGS:   42 20:40:49    -1060.138984       12.3448
BFGS:   43 20:40:49    -1061.639258       11.7606
BFGS:   44 20:40:49    -1063.066709       10.9752
BFGS:   45 20:40:49    -1064.321880       10.2974
BFGS:   46 20:40:49    -1065.382113        9.9147
BFGS:   47 20:40:49    -1066.293080        9.4089
BFGS:   48 20:40:49    -1067.100066        9.7745
BFGS:   49 20:40:49    -1067.849172       10.1855
BFGS:   50 20:40:49    -1068.555557       10.4051
BFGS:   51 20:40:49    -1069.277357       10.4408
BFGS:   52 20:40:49    -1070.090045        9.4854
BFGS:   53 20:40:49    -1070.833470        8.6932
BFGS:   54 20:40:49    -1071.562879        7.4176
BFGS:   55 20:40:49    -1072.249316        6.0495
BFGS:   56 20:40:49    -1072.823575        5.6526
BFGS:   57 20:40:49    -1073.373092        5.5150
BFGS:   58 20:40:49    -1073.926342        5.7660
BFGS:   59 20:40:49    -1074.485653        6.3977
BFGS:   60 20:40:49    -1075.004390        7.1635
BFGS:   61 20:40:49    -1075.573222        7.8179
BFGS:   62 20:40:49    -1076.182205        8.1910
BFGS:   63 20:40:49    -1076.709275        8.2474
BFGS:   64 20:40:49    -1077.191350        7.8865
BFGS:   65 20:40:49    -1077.639212        7.4709
BFGS:   66 20:40:49    -1078.037436        7.3314
BFGS:   67 20:40:49    -1078.551776        6.6677
BFGS:   68 20:40:49    -1078.927944        6.2170
BFGS:   69 20:40:49    -1079.311468        6.2011
BFGS:   70 20:40:49    -1079.705787        5.0434
BFGS:   71 20:40:49    -1080.043213        4.6041
BFGS:   72 20:40:49    -1080.306846        4.4535
BFGS:   73 20:40:49    -1080.567910        4.0392
BFGS:   74 20:40:49    -1080.816480        3.6390
BFGS:   75 20:40:50    -1081.111341        3.6139
BFGS:   76 20:40:50    -1081.370333        3.7723
BFGS:   77 20:40:50    -1081.584196        4.1965
BFGS:   78 20:40:50    -1081.710754        3.8387
BFGS:   79 20:40:50    -1081.868238        4.5532
BFGS:   80 20:40:50    -1082.062684        5.7037
BFGS:   81 20:40:50    -1082.253968        6.7309
BFGS:   82 20:40:50    -1082.430641        7.2784
BFGS:   83 20:40:50    -1082.604903        7.0891
BFGS:   84 20:40:50    -1082.782527        6.1546
BFGS:   85 20:40:50    -1082.973439        4.8902
BFGS:   86 20:40:50    -1083.154805        3.9290
BFGS:   87 20:40:50    -1083.338324        3.7778
BFGS:   88 20:40:50    -1083.517961        3.7954
BFGS:   89 20:40:50    -1083.699914        3.5859
BFGS:   90 20:40:50    -1083.892665        3.8984
BFGS:   91 20:40:50    -1084.100684        4.7818
BFGS:   92 20:40:50    -1084.305082        5.1967
BFGS:   93 20:40:50    -1084.517036        5.4912
BFGS:   94 20:40:50    -1084.777017        4.6967
BFGS:   95 20:40:50    -1084.985042        4.1429
BFGS:   96 20:40:50    -1085.255628        3.6559
BFGS:   97 20:40:50    -1085.514377        4.0002
BFGS:   98 20:40:50    -1085.779316        5.0230
BFGS:   99 20:40:50    -1086.037877        6.0513
BFGS:  100 20:40:50    -1086.489569        7.5703
BFGS:  101 20:40:50    -1086.909760        8.2417
BFGS:  102 20:40:50    -1087.310854        8.0127
BFGS:  103 20:40:50    -1087.670167        7.0135
BFGS:  104 20:40:50    -1087.992572        6.4524
BFGS:  105 20:40:50    -1088.349219        5.7751
BFGS:  106 20:40:50    -1088.675644        4.6672
BFGS:  107 20:40:50    -1088.970134        3.8441
BFGS:  108 20:40:50    -1089.236184        3.5489
BFGS:  109 20:40:50    -1089.445933        3.2637
BFGS:  110 20:40:51    -1089.610150        2.9789
BFGS:  111 20:40:51    -1089.760415        2.9289
BFGS:  112 20:40:51    -1089.892438        2.9024
BFGS:  113 20:40:51    -1089.998660        2.7174
BFGS:  114 20:40:51    -1090.078472        2.6104
BFGS:  115 20:40:51    -1090.148715        2.5097
BFGS:  116 20:40:51    -1090.226280        2.2380
BFGS:  117 20:40:51    -1090.291033        1.8914
BFGS:  118 20:40:51    -1090.340507        1.7884
BFGS:  119 20:40:51    -1090.379501        1.9944
BFGS:  120 20:40:51    -1090.424151        2.1419
BFGS:  121 20:40:51    -1090.463894        2.1449
BFGS:  122 20:40:51    -1090.502369        2.0642
BFGS:  123 20:40:51    -1090.540548        2.0130
BFGS:  124 20:40:51    -1090.578454        2.0421
BFGS:  125 20:40:51    -1090.615899        2.0259
BFGS:  126 20:40:51    -1090.652672        1.9683
BFGS:  127 20:40:51    -1090.688832        1.8645
BFGS:  128 20:40:51    -1090.723306        1.5897
BFGS:  129 20:40:51    -1090.766337        1.5518
BFGS:  130 20:40:51    -1090.806326        1.5432
BFGS:  131 20:40:51    -1090.849919        1.6374
BFGS:  132 20:40:51    -1090.891135        1.7225
BFGS:  133 20:40:51    -1090.949266        1.7896
BFGS:  134 20:40:51    -1091.002983        1.8235
BFGS:  135 20:40:51    -1091.056698        1.8261
BFGS:  136 20:40:51    -1091.111343        2.0039
BFGS:  137 20:40:51    -1091.168283        1.9919
BFGS:  138 20:40:51    -1091.224001        2.1525
BFGS:  139 20:40:51    -1091.284656        2.2897
BFGS:  140 20:40:51    -1091.347439        2.4269
BFGS:  141 20:40:51    -1091.412201        2.5896
BFGS:  142 20:40:51    -1091.477793        2.7537
BFGS:  143 20:40:51    -1091.556833        2.8758
BFGS:  144 20:40:51    -1091.656234        2.9527
BFGS:  145 20:40:52    -1091.790214        2.9676
BFGS:  146 20:40:52    -1091.997933        2.9121
BFGS:  147 20:40:52    -1092.297064        2.7840
BFGS:  148 20:40:52    -1092.696406        3.5367
BFGS:  149 20:40:52    -1093.061931        3.1496
BFGS:  150 20:40:52    -1093.417483        2.4169
BFGS:  151 20:40:52    -1093.654431        2.6874
BFGS:  152 20:40:52    -1093.849714        2.8839
BFGS:  153 20:40:52    -1094.019978        3.0265
BFGS:  154 20:40:52    -1094.175605        3.1589
BFGS:  155 20:40:52    -1094.324079        3.2930
BFGS:  156 20:40:52    -1094.471570        3.4288
BFGS:  157 20:40:52    -1094.621307        3.5422
BFGS:  158 20:40:52    -1094.781516        3.6227
BFGS:  159 20:40:52    -1094.961601        3.6259
BFGS:  160 20:40:52    -1095.171566        3.5485
BFGS:  161 20:40:52    -1095.424175        3.7357
BFGS:  162 20:40:52    -1095.739594        3.9177
BFGS:  163 20:40:52    -1096.140464        4.1031
BFGS:  164 20:40:52    -1096.631241        4.2770
BFGS:  165 20:40:52    -1097.192127        4.4264
BFGS:  166 20:40:52    -1097.743893        4.2620
BFGS:  167 20:40:52    -1098.246842        3.7367
BFGS:  168 20:40:52    -1098.673421        2.9795
BFGS:  169 20:40:52    -1099.027098        3.1373
BFGS:  170 20:40:52    -1099.326323        3.4902
BFGS:  171 20:40:52    -1099.592903        3.8280
BFGS:  172 20:40:52    -1099.842916        4.1134
BFGS:  173 20:40:52    -1100.085851        4.4139
BFGS:  174 20:40:52    -1100.318175        4.7899
BFGS:  175 20:40:52    -1100.574513        5.2724
BFGS:  176 20:40:52    -1100.832492        5.6765
BFGS:  177 20:40:52    -1101.113114        5.5888
BFGS:  178 20:40:52    -1101.423132        5.4582
BFGS:  179 20:40:52    -1101.775482        5.7613
BFGS:  180 20:40:52    -1102.188448        6.6530
BFGS:  181 20:40:52    -1102.675611        7.2059
BFGS:  182 20:40:52    -1103.128119        5.0483
BFGS:  183 20:40:52    -1103.553425        4.9509
BFGS:  184 20:40:52    -1103.959429        4.9197
BFGS:  185 20:40:52    -1104.347938        4.9283
BFGS:  186 20:40:52    -1104.714890        4.9622
BFGS:  187 20:40:52    -1105.062670        4.9873
BFGS:  188 20:40:53    -1105.391439        5.0317
BFGS:  189 20:40:53    -1105.708696        5.1004
BFGS:  190 20:40:53    -1106.016331        5.2438
BFGS:  191 20:40:53    -1106.324710        5.4266
BFGS:  192 20:40:53    -1106.635463        5.6894
BFGS:  193 20:40:53    -1106.956575        5.9208
BFGS:  194 20:40:53    -1107.284217        6.0549
BFGS:  195 20:40:53    -1107.613994        5.9163
BFGS:  196 20:40:53    -1107.931664        5.5394
BFGS:  197 20:40:53    -1108.232212        5.1002
BFGS:  198 20:40:53    -1108.522829        4.9472
BFGS:  199 20:40:53    -1108.817746        5.0147
BFGS:  200 20:40:53    -1109.101187        4.5877
BFGS:  201 20:40:53    -1109.358976        4.1039
BFGS:  202 20:40:53    -1109.609210        3.6339
BFGS:  203 20:40:53    -1109.869594        2.8552
BFGS:  204 20:40:53    -1110.225805        2.4608
BFGS:  205 20:40:53    -1110.442034        3.0111
BFGS:  206 20:40:53    -1110.606715        3.4016
BFGS:  207 20:40:53    -1110.773273        3.6278
BFGS:  208 20:40:53    -1110.947822        3.5644
BFGS:  209 20:40:53    -1111.115114        3.0660
BFGS:  210 20:40:53    -1111.302505        2.6529
BFGS:  211 20:40:53    -1111.479063        1.9085
BFGS:  212 20:40:53    -1111.600132        1.7611
BFGS:  213 20:40:53    -1111.736065        2.0054
BFGS:  214 20:40:53    -1111.857948        2.0072
BFGS:  215 20:40:53    -1111.972345        2.3364
BFGS:  216 20:40:53    -1112.082212        2.2149
BFGS:  217 20:40:53    -1112.140550        2.0463
BFGS:  218 20:40:53    -1112.199096        1.7243
BFGS:  219 20:40:53    -1112.251238        1.3085
BFGS:  220 20:40:53    -1112.287146        1.3406
BFGS:  221 20:40:53    -1112.339525        1.4358
BFGS:  222 20:40:53    -1112.377557        1.1263
BFGS:  223 20:40:53    -1112.402434        2.2377
BFGS:  224 20:40:53    -1112.426462        2.0373
BFGS:  225 20:40:53    -1112.447223        1.0402
BFGS:  226 20:40:53    -1112.477162        1.6170
BFGS:  227 20:40:53    -1112.497875        1.3594
BFGS:  228 20:40:53    -1112.513664        1.4245
BFGS:  229 20:40:53    -1112.528495        1.3041
BFGS:  230 20:40:53    -1112.546297        0.9766
BFGS:  231 20:40:53    -1112.561922        1.1715
BFGS:  232 20:40:53    -1112.600633        1.2457
BFGS:  233 20:40:53    -1112.660722        1.4671
BFGS:  234 20:40:53    -1112.714437        1.4942
BFGS:  235 20:40:53    -1112.774567        1.4306
BFGS:  236 20:40:53    -1112.837312        1.5118
BFGS:  237 20:40:53    -1112.888510        1.4969
BFGS:  238 20:40:53    -1112.936266        1.4314
BFGS:  239 20:40:53    -1112.963949        1.3601
BFGS:  240 20:40:54    -1112.987075        1.6757
BFGS:  241 20:40:54    -1113.002637        1.6112
BFGS:  242 20:40:54    -1113.023317        1.1006
BFGS:  243 20:40:54    -1113.030109        1.0598
BFGS:  244 20:40:54    -1113.036060        1.1864
BFGS:  245 20:40:54    -1113.040255        1.1609
BFGS:  246 20:40:54    -1113.045827        1.0493
BFGS:  247 20:40:54    -1113.050372        0.9890
BFGS:  248 20:40:54    -1113.050148        1.2120
BFGS:  249 20:40:54    -1113.054775        1.1441
BFGS:  250 20:40:54    -1113.049512        1.1894
BFGS:  251 20:40:54    -1113.055775        1.0607
BFGS:  252 20:40:54    -1113.050691        1.2681
BFGS:  253 20:40:54    -1113.058916        1.1186
BFGS:  254 20:40:54    -1113.047484        1.3276
BFGS:  255 20:40:54    -1113.057755        1.1189
BFGS:  256 20:40:54    -1113.048174        1.3664
BFGS:  257 20:40:54    -1113.060953        1.1225
BFGS:  258 20:40:54    -1113.044427        1.4456
BFGS:  259 20:40:54    -1113.058899        1.1565
BFGS:  260 20:40:54    -1113.044969        1.4696
BFGS:  261 20:40:54    -1113.062000        1.1408
BFGS:  262 20:40:54    -1113.041246        1.5449
BFGS:  263 20:40:54    -1113.059601        1.1812
BFGS:  264 20:40:54    -1113.041794        1.5669
BFGS:  265 20:40:54    -1113.062641        1.1639
BFGS:  266 20:40:54    -1113.038183        1.6286
BFGS:  267 20:40:54    -1113.060082        1.1983
BFGS:  268 20:40:54    -1113.038823        1.6559
BFGS:  269 20:40:54    -1113.063117        1.1875
BFGS:  270 20:40:54    -1113.035399        1.6982
BFGS:  271 20:40:54    -1113.060469        1.2103
BFGS:  272 20:40:54    -1113.036156        1.7356
BFGS:  273 20:40:54    -1113.063526        1.2100
BFGS:  274 20:40:54    -1113.033001        1.7551
BFGS:  275 20:40:54    -1113.060831        1.2185
BFGS:  276 20:40:54    -1113.033895        1.8044
BFGS:  277 20:40:54    -1113.063912        1.2308
BFGS:  278 20:40:54    -1113.031132        1.8001
BFGS:  279 20:40:54    -1113.061213        1.2233
BFGS:  280 20:40:54    -1113.032178        1.8605
BFGS:  281 20:40:54    -1113.064300        1.2496
BFGS:  282 20:40:54    -1113.029835        1.8341
BFGS:  283 20:40:54    -1113.061626        1.2251
BFGS:  284 20:40:54    -1113.030923        1.9063
BFGS:  285 20:40:54    -1113.064684        1.2665
BFGS:  286 20:40:54    -1113.028920        1.8601
BFGS:  287 20:40:54    -1113.062056        1.2251
BFGS:  288 20:40:54    -1113.029916        1.9458
BFGS:  289 20:40:54    -1113.065047        1.2821
BFGS:  290 20:40:54    -1113.028223        1.8806
BFGS:  291 20:40:54    -1113.062489        1.2240
BFGS:  292 20:40:55    -1113.029064        1.9809
BFGS:  293 20:40:55    -1113.065388        1.2964
BFGS:  294 20:40:55    -1113.027691        1.8969
BFGS:  295 20:40:55    -1113.062921        1.2221
BFGS:  296 20:40:55    -1113.028348        2.0122
BFGS:  297 20:40:55    -1113.065708        1.3096
BFGS:  298 20:40:55    -1113.027309        1.9094
BFGS:  299 20:40:55    -1113.063352        1.2197
BFGS:  300 20:40:55    -1113.027766        2.0401
BFGS:  301 20:40:55    -1113.066012        1.3217
BFGS:  302 20:40:55    -1113.027064        1.9190
BFGS:  303 20:40:55    -1113.063780        1.2169
BFGS:  304 20:40:55    -1113.027310        2.0648
BFGS:  305 20:40:55    -1113.066302        1.3327
BFGS:  306 20:40:55    -1113.026941        1.9260
BFGS:  307 20:40:55    -1113.064205        1.2139
BFGS:  308 20:40:55    -1113.026968        2.0865
BFGS:  309 20:40:55    -1113.066581        1.3428
BFGS:  310 20:40:55    -1113.026917        1.9311
BFGS:  311 20:40:55    -1113.064624        1.2107
BFGS:  312 20:40:55    -1113.026719        2.1057
BFGS:  313 20:40:55    -1113.066848        1.3520
BFGS:  314 20:40:55    -1113.026969        1.9348
BFGS:  315 20:40:55    -1113.065035        1.2075
BFGS:  316 20:40:55    -1113.026542        2.1227
BFGS:  317 20:40:55    -1113.067105        1.3605
BFGS:  318 20:40:55    -1113.027075        1.9376
BFGS:  319 20:40:55    -1113.065439        1.2043
BFGS:  320 20:40:55    -1113.026421        2.1379
BFGS:  321 20:40:55    -1113.067351        1.3682
BFGS:  322 20:40:55    -1113.027223        1.9396
BFGS:  323 20:40:55    -1113.065834        1.2013
BFGS:  324 20:40:55    -1113.026341        2.1515
BFGS:  325 20:40:55    -1113.067588        1.3754
BFGS:  326 20:40:55    -1113.027400        1.9412
BFGS:  327 20:40:55    -1113.066219        1.1984
BFGS:  328 20:40:55    -1113.026294        2.1638
BFGS:  329 20:40:55    -1113.067816        1.3820
BFGS:  330 20:40:55    -1113.027599        1.9424
BFGS:  331 20:40:55    -1113.066597        1.1956
BFGS:  332 20:40:55    -1113.026273        2.1749
BFGS:  333 20:40:55    -1113.068036        1.3881
BFGS:  334 20:40:55    -1113.027816        1.9434
BFGS:  335 20:40:55    -1113.066966        1.1930
BFGS:  336 20:40:55    -1113.026275        2.1850
BFGS:  337 20:40:55    -1113.068249        1.3938
BFGS:  338 20:40:55    -1113.028047        1.9442
BFGS:  339 20:40:55    -1113.067328        1.1906
BFGS:  340 20:40:55    -1113.026295        2.1943
BFGS:  341 20:40:55    -1113.068456        1.3990
BFGS:  342 20:40:55    -1113.028288        1.9449
BFGS:  343 20:40:56    -1113.067684        1.1883
BFGS:  344 20:40:56    -1113.026330        2.2028
BFGS:  345 20:40:56    -1113.068658        1.4039
BFGS:  346 20:40:56    -1113.028538        1.9454
BFGS:  347 20:40:56    -1113.068034        1.1862
BFGS:  348 20:40:56    -1113.026378        2.2107
BFGS:  349 20:40:56    -1113.068854        1.4085
BFGS:  350 20:40:56    -1113.028794        1.9459
BFGS:  351 20:40:56    -1113.068378        1.1842
BFGS:  352 20:40:56    -1113.026436        2.2180
BFGS:  353 20:40:56    -1113.069046        1.4127
BFGS:  354 20:40:56    -1113.029056        1.9463
BFGS:  355 20:40:56    -1113.068718        1.1841
BFGS:  356 20:40:56    -1113.026504        2.2248
BFGS:  357 20:40:56    -1113.069234        1.4167
BFGS:  358 20:40:56    -1113.029322        1.9467
BFGS:  359 20:40:56    -1113.069055        1.1858
BFGS:  360 20:40:56    -1113.026579        2.2312
BFGS:  361 20:40:56    -1113.069419        1.4205
BFGS:  362 20:40:56    -1113.029591        1.9471
BFGS:  363 20:40:56    -1113.069388        1.1873
BFGS:  364 20:40:56    -1113.026662        2.2371
BFGS:  365 20:40:56    -1113.069601        1.4240
BFGS:  366 20:40:56    -1113.029863        1.9474
BFGS:  367 20:40:56    -1113.069719        1.1885
BFGS:  368 20:40:56    -1113.026749        2.2427
BFGS:  369 20:40:56    -1113.069780        1.4274
BFGS:  370 20:40:56    -1113.030137        1.9477
BFGS:  371 20:40:56    -1113.070049        1.1896
BFGS:  372 20:40:56    -1113.026840        2.2480
BFGS:  373 20:40:56    -1113.069957        1.4306
BFGS:  374 20:40:56    -1113.030414        1.9480
BFGS:  375 20:40:56    -1113.070377        1.1905
BFGS:  376 20:40:56    -1113.026935        2.2531
BFGS:  377 20:40:56    -1113.070132        1.4337
BFGS:  378 20:40:56    -1113.030692        1.9483
BFGS:  379 20:40:56    -1113.070705        1.1913
BFGS:  380 20:40:56    -1113.027032        2.2579
BFGS:  381 20:40:56    -1113.070307        1.4366
BFGS:  382 20:40:56    -1113.030972        1.9486
BFGS:  383 20:40:56    -1113.071033        1.1919
BFGS:  384 20:40:56    -1113.027132        2.2625
BFGS:  385 20:40:56    -1113.070480        1.4395
BFGS:  386 20:40:56    -1113.031254        1.9489
BFGS:  387 20:40:56    -1113.071362        1.1924
BFGS:  388 20:40:56    -1113.027233        2.2670
BFGS:  389 20:40:56    -1113.070652        1.4422
BFGS:  390 20:40:56    -1113.031538        1.9492
BFGS:  391 20:40:56    -1113.071692        1.1929
BFGS:  392 20:40:56    -1113.027336        2.2713
BFGS:  393 20:40:56    -1113.070823        1.4449
BFGS:  394 20:40:57    -1113.031824        1.9494
BFGS:  395 20:40:57    -1113.072026        1.1932
BFGS:  396 20:40:57    -1113.027441        2.2755
BFGS:  397 20:40:57    -1113.070994        1.4476
BFGS:  398 20:40:57    -1113.032112        1.9497
BFGS:  399 20:40:57    -1113.072363        1.1935
BFGS:  400 20:40:57    -1113.027545        2.2796
BFGS:  401 20:40:57    -1113.071164        1.4502
BFGS:  402 20:40:57    -1113.032402        1.9499
BFGS:  403 20:40:57    -1113.072704        1.1937
BFGS:  404 20:40:57    -1113.027650        2.2836
BFGS:  405 20:40:57    -1113.071334        1.4528
BFGS:  406 20:40:57    -1113.032695        1.9502
BFGS:  407 20:40:57    -1113.073049        1.1939
BFGS:  408 20:40:57    -1113.027754        2.2876
BFGS:  409 20:40:57    -1113.071503        1.4554
BFGS:  410 20:40:57    -1113.032990        1.9504
BFGS:  411 20:40:57    -1113.073400        1.1940
BFGS:  412 20:40:57    -1113.027858        2.2916
BFGS:  413 20:40:57    -1113.071673        1.4580
BFGS:  414 20:40:57    -1113.033288        1.9506
BFGS:  415 20:40:57    -1113.073758        1.1940
BFGS:  416 20:40:57    -1113.027961        2.2956
BFGS:  417 20:40:57    -1113.071842        1.4607
BFGS:  418 20:40:57    -1113.033591        1.9509
BFGS:  419 20:40:57    -1113.074124        1.1940
BFGS:  420 20:40:57    -1113.028062        2.2996
BFGS:  421 20:40:57    -1113.072013        1.4634
BFGS:  422 20:40:57    -1113.033899        1.9510
BFGS:  423 20:40:57    -1113.074500        1.1940
BFGS:  424 20:40:57    -1113.028161        2.3038
BFGS:  425 20:40:57    -1113.072183        1.4662
BFGS:  426 20:40:57    -1113.034212        1.9512
BFGS:  427 20:40:57    -1113.074886        1.1939
BFGS:  428 20:40:57    -1113.028257        2.3080
BFGS:  429 20:40:57    -1113.072355        1.4691
BFGS:  430 20:40:57    -1113.034531        1.9514
BFGS:  431 20:40:57    -1113.075286        1.1938
BFGS:  432 20:40:57    -1113.028350        2.3124
BFGS:  433 20:40:57    -1113.072526        1.4721
BFGS:  434 20:40:57    -1113.034856        1.9515
BFGS:  435 20:40:57    -1113.075700        1.1936
BFGS:  436 20:40:57    -1113.028439        2.3169
BFGS:  437 20:40:57    -1113.072698        1.4753
BFGS:  438 20:40:57    -1113.035190        1.9517
BFGS:  439 20:40:57    -1113.076132        1.1933
BFGS:  440 20:40:57    -1113.028522        2.3218
BFGS:  441 20:40:57    -1113.072869        1.4787
BFGS:  442 20:40:57    -1113.035532        1.9518
BFGS:  443 20:40:57    -1113.076586        1.1929
BFGS:  444 20:40:57    -1113.028598        2.3269
BFGS:  445 20:40:58    -1113.073041        1.4824
BFGS:  446 20:40:58    -1113.035885        1.9519
BFGS:  447 20:40:58    -1113.077065        1.1924
BFGS:  448 20:40:58    -1113.028664        2.3326
BFGS:  449 20:40:58    -1113.073212        1.4865
BFGS:  450 20:40:58    -1113.036251        1.9519
BFGS:  451 20:40:58    -1113.077575        1.1918
BFGS:  452 20:40:58    -1113.028716        2.3387
BFGS:  453 20:40:58    -1113.073382        1.4909
BFGS:  454 20:40:58    -1113.036633        1.9519
BFGS:  455 20:40:58    -1113.078123        1.1911
BFGS:  456 20:40:58    -1113.028750        2.3457
BFGS:  457 20:40:58    -1113.073551        1.4959
BFGS:  458 20:40:58    -1113.037038        1.9518
BFGS:  459 20:40:58    -1113.078719        1.1901
BFGS:  460 20:40:58    -1113.028761        2.3536
BFGS:  461 20:40:58    -1113.073718        1.5016
BFGS:  462 20:40:58    -1113.037476        1.9516
BFGS:  463 20:40:58    -1113.079375        1.1887
BFGS:  464 20:40:58    -1113.028739        2.3628
BFGS:  465 20:40:58    -1113.073880        1.5082
BFGS:  466 20:40:58    -1113.037964        1.9511
BFGS:  467 20:40:58    -1113.080111        1.1868
BFGS:  468 20:40:58    -1113.028673        2.3737
BFGS:  469 20:40:58    -1113.074034        1.5161
BFGS:  470 20:40:58    -1113.038530        1.9500
BFGS:  471 20:40:58    -1113.080956        1.1843
BFGS:  472 20:40:58    -1113.028537        2.3872
BFGS:  473 20:40:58    -1113.074180        1.5257
BFGS:  474 20:40:58    -1113.039221        1.9479
BFGS:  475 20:40:58    -1113.081949        1.1806
BFGS:  476 20:40:58    -1113.028292        2.4043
BFGS:  477 20:40:58    -1113.074316        1.5376
BFGS:  478 20:40:58    -1113.040126        1.9437
BFGS:  479 20:40:58    -1113.083158        1.1752
BFGS:  480 20:40:58    -1113.027864        2.4272
BFGS:  481 20:40:58    -1113.074442        1.5530
BFGS:  482 20:40:58    -1113.041405        1.9355
BFGS:  483 20:40:58    -1113.084689        1.1671
BFGS:  484 20:40:58    -1113.027113        2.4593
BFGS:  485 20:40:58    -1113.074565        1.5735
BFGS:  486 20:40:58    -1113.043326        1.9202
BFGS:  487 20:40:58    -1113.086716        1.1546
BFGS:  488 20:40:58    -1113.025765        2.5061
BFGS:  489 20:40:58    -1113.074726        1.6011
BFGS:  490 20:40:58    -1113.046276        1.8938
BFGS:  491 20:40:58    -1113.088691        1.1355
BFGS:  492 20:40:58    -1113.091293        1.0459
BFGS:  493 20:40:58    -1113.077048        1.5215
BFGS:  494 20:40:58    -1113.088059        1.2044
BFGS:  495 20:40:58    -1113.059068        1.9987
BFGS:  496 20:40:59    -1113.092784        1.2091
BFGS:  497 20:40:59    -1113.070082        2.0750
BFGS:  498 20:40:59    -1113.089555        1.3289
BFGS:  499 20:40:59    -1113.085818        1.4144
