      Step     Time          Energy         fmax
BFGS:    0 20:44:58     -795.490575      173.2437
BFGS:    1 20:44:58     -831.951127      142.9007
BFGS:    2 20:44:58     -853.354532      146.6735
BFGS:    3 20:44:58     -874.367311      140.8029
BFGS:    4 20:44:58     -897.301429      132.2672
BFGS:    5 20:44:58     -918.993103      119.0129
BFGS:    6 20:44:58     -931.804875      114.8606
BFGS:    7 20:44:58     -942.887731      110.0225
BFGS:    8 20:44:58     -954.709551      101.2131
BFGS:    9 20:44:58     -964.691745       98.9059
BFGS:   10 20:44:58     -971.844588       92.1517
BFGS:   11 20:44:58     -978.330499       87.7554
BFGS:   12 20:44:58     -984.774703       81.7734
BFGS:   13 20:44:58     -992.722476       76.6494
BFGS:   14 20:44:58     -999.519017       71.3643
BFGS:   15 20:44:58    -1007.212748       62.1074
BFGS:   16 20:44:58    -1013.362771       53.0967
BFGS:   17 20:44:58    -1018.489278       47.5584
BFGS:   18 20:44:58    -1022.618904       44.0578
BFGS:   19 20:44:58    -1026.010110       36.7358
BFGS:   20 20:44:58    -1029.559416       34.5180
BFGS:   21 20:44:58    -1032.446785       31.9274
BFGS:   22 20:44:59    -1034.850116       30.9324
BFGS:   23 20:44:59    -1036.927818       31.9085
BFGS:   24 20:44:59    -1038.799403       30.5670
BFGS:   25 20:44:59    -1040.497475       30.4059
BFGS:   26 20:44:59    -1042.003153       30.0606
BFGS:   27 20:44:59    -1043.355445       28.9190
BFGS:   28 20:44:59    -1044.581150       28.5134
BFGS:   29 20:44:59    -1045.753720       27.6745
BFGS:   30 20:44:59    -1046.948301       27.0436
BFGS:   31 20:44:59    -1048.105002       26.5771
BFGS:   32 20:44:59    -1049.134865       26.0808
BFGS:   33 20:44:59    -1050.028950       25.9795
BFGS:   34 20:44:59    -1050.832095       25.4234
BFGS:   35 20:44:59    -1051.636207       24.8077
BFGS:   36 20:44:59    -1052.519896       23.9293
BFGS:   37 20:44:59    -1053.462084       22.9858
BFGS:   38 20:44:59    -1054.599757       21.5830
BFGS:   39 20:44:59    -1055.882570       20.1974
BFGS:   40 20:44:59    -1057.387070       18.3672
BFGS:   41 20:44:59    -1058.806254       16.9719
BFGS:   42 20:44:59    -1060.085705       15.9241
BFGS:   43 20:44:59    -1061.118593       15.8533
BFGS:   44 20:44:59    -1061.985406       15.6131
BFGS:   45 20:44:59    -1062.760875       15.2133
BFGS:   46 20:44:59    -1063.558753       15.0349
BFGS:   47 20:44:59    -1064.370781       14.9485
BFGS:   48 20:44:59    -1065.164836       14.8414
BFGS:   49 20:45:00    -1065.911402       14.4696
BFGS:   50 20:45:00    -1066.579649       13.6191
BFGS:   51 20:45:00    -1067.181922       12.2083
BFGS:   52 20:45:00    -1067.744700       12.5596
BFGS:   53 20:45:00    -1068.302393       13.3097
BFGS:   54 20:45:00    -1068.873569       14.3541
BFGS:   55 20:45:00    -1069.465011       14.8814
BFGS:   56 20:45:00    -1070.057875       15.7870
BFGS:   57 20:45:00    -1070.643412       16.8081
BFGS:   58 20:45:00    -1071.211292       17.3971
BFGS:   59 20:45:00    -1071.779253       18.3914
BFGS:   60 20:45:00    -1072.347211       18.8744
BFGS:   61 20:45:00    -1072.941226       19.5712
BFGS:   62 20:45:00    -1073.562125       19.5309
BFGS:   63 20:45:00    -1074.222304       20.2107
BFGS:   64 20:45:00    -1074.926240       20.7467
BFGS:   65 20:45:00    -1075.626359       21.6338
BFGS:   66 20:45:00    -1076.335582       21.9815
BFGS:   67 20:45:00    -1077.034097       22.3898
BFGS:   68 20:45:00    -1077.701622       22.1932
BFGS:   69 20:45:00    -1078.331140       22.1000
BFGS:   70 20:45:00    -1078.932706       21.0742
BFGS:   71 20:45:00    -1079.540410       19.9905
BFGS:   72 20:45:00    -1080.175959       20.1271
BFGS:   73 20:45:00    -1080.826380       20.4864
BFGS:   74 20:45:00    -1081.537312       20.4202
BFGS:   75 20:45:00    -1082.212605       19.8901
BFGS:   76 20:45:00    -1082.955078       18.9563
BFGS:   77 20:45:00    -1083.760861       17.8804
BFGS:   78 20:45:01    -1084.605502       17.4199
BFGS:   79 20:45:01    -1085.515471       16.2223
BFGS:   80 20:45:01    -1086.495853       14.9382
BFGS:   81 20:45:01    -1087.521087       13.7528
BFGS:   82 20:45:01    -1088.392736       12.8673
BFGS:   83 20:45:01    -1089.362862       11.8795
BFGS:   84 20:45:01    -1090.274405       10.8895
BFGS:   85 20:45:01    -1091.187216       10.1933
BFGS:   86 20:45:01    -1092.052635        9.2863
BFGS:   87 20:45:01    -1092.895822        8.2326
BFGS:   88 20:45:01    -1093.687144        9.3047
BFGS:   89 20:45:01    -1094.440329       10.2098
BFGS:   90 20:45:01    -1095.196708       10.4766
BFGS:   91 20:45:01    -1095.868719       10.4662
BFGS:   92 20:45:01    -1096.513296        9.8463
BFGS:   93 20:45:01    -1097.108589        9.7473
BFGS:   94 20:45:01    -1097.641442        9.4256
BFGS:   95 20:45:01    -1098.149137        8.8164
BFGS:   96 20:45:01    -1098.683018        7.4844
BFGS:   97 20:45:01    -1099.186307        6.7804
BFGS:   98 20:45:01    -1099.582568        6.0658
BFGS:   99 20:45:01    -1100.012061        4.8521
BFGS:  100 20:45:01    -1100.362432        5.5054
BFGS:  101 20:45:01    -1100.761185        6.0600
BFGS:  102 20:45:01    -1101.124996        6.6644
BFGS:  103 20:45:01    -1101.429327        8.3190
BFGS:  104 20:45:01    -1101.723862        9.6918
BFGS:  105 20:45:01    -1102.037527       10.7498
BFGS:  106 20:45:01    -1102.378785       11.4341
BFGS:  107 20:45:01    -1102.719386       11.7127
BFGS:  108 20:45:01    -1103.113752       11.5096
BFGS:  109 20:45:01    -1103.536404       11.1434
BFGS:  110 20:45:01    -1103.994903       11.8675
BFGS:  111 20:45:01    -1104.457732       12.5101
BFGS:  112 20:45:01    -1104.945922       13.0576
BFGS:  113 20:45:02    -1105.435578       13.4675
BFGS:  114 20:45:02    -1105.914681       13.4122
BFGS:  115 20:45:02    -1106.331503       12.7329
BFGS:  116 20:45:02    -1106.634899       10.7968
BFGS:  117 20:45:02    -1106.911985        9.4682
BFGS:  118 20:45:02    -1107.204583        7.8578
BFGS:  119 20:45:02    -1107.413432        7.0109
BFGS:  120 20:45:02    -1107.597199        6.1889
BFGS:  121 20:45:02    -1107.772578        5.4818
BFGS:  122 20:45:02    -1107.966459        4.6531
BFGS:  123 20:45:02    -1108.175465        4.5572
BFGS:  124 20:45:02    -1108.412131        4.8260
BFGS:  125 20:45:02    -1108.674015        4.5145
BFGS:  126 20:45:02    -1108.969654        3.7528
BFGS:  127 20:45:02    -1109.238848        5.4389
BFGS:  128 20:45:02    -1109.469134        6.0500
BFGS:  129 20:45:02    -1109.625720        5.8013
BFGS:  130 20:45:02    -1109.759746        3.8810
BFGS:  131 20:45:02    -1109.923498        3.4525
BFGS:  132 20:45:02    -1109.985351        3.5213
BFGS:  133 20:45:02    -1110.025137        3.6204
BFGS:  134 20:45:02    -1110.071003        3.6429
BFGS:  135 20:45:02    -1110.102123        3.4066
BFGS:  136 20:45:02    -1110.151798        2.9388
BFGS:  137 20:45:02    -1110.187135        2.7099
BFGS:  138 20:45:02    -1110.223919        3.1278
BFGS:  139 20:45:02    -1110.249823        3.1112
BFGS:  140 20:45:02    -1110.273230        2.9713
BFGS:  141 20:45:02    -1110.290896        2.6325
BFGS:  142 20:45:02    -1110.305160        2.2795
BFGS:  143 20:45:02    -1110.315571        1.9635
BFGS:  144 20:45:02    -1110.325046        1.7968
BFGS:  145 20:45:02    -1110.335326        1.5503
BFGS:  146 20:45:02    -1110.345392        1.5234
BFGS:  147 20:45:03    -1110.354825        1.4574
BFGS:  148 20:45:03    -1110.365819        1.3441
BFGS:  149 20:45:03    -1110.381986        1.1649
BFGS:  150 20:45:03    -1110.407933        1.1953
BFGS:  151 20:45:03    -1110.444617        1.7316
BFGS:  152 20:45:03    -1110.476369        1.8235
BFGS:  153 20:45:03    -1110.517989        1.1490
BFGS:  154 20:45:03    -1110.543089        0.9935
BFGS:  155 20:45:03    -1110.557481        1.2420
BFGS:  156 20:45:03    -1110.589315        1.9495
BFGS:  157 20:45:03    -1110.627456        2.7824
BFGS:  158 20:45:03    -1110.665333        3.5588
BFGS:  159 20:45:03    -1110.706912        4.0834
BFGS:  160 20:45:03    -1110.778270        4.3084
BFGS:  161 20:45:03    -1110.910245        3.4258
BFGS:  162 20:45:03    -1110.979179        3.8712
BFGS:  163 20:45:03    -1111.084224        2.8788
BFGS:  164 20:45:03    -1111.155915        2.5249
BFGS:  165 20:45:03    -1111.214938        2.8026
BFGS:  166 20:45:03    -1111.259870        2.8688
BFGS:  167 20:45:03    -1111.286207        2.9617
BFGS:  168 20:45:03    -1111.310294        3.0251
BFGS:  169 20:45:03    -1111.270698        4.5444
BFGS:  170 20:45:03    -1111.354715        3.7126
BFGS:  171 20:45:03    -1111.374882        3.4799
BFGS:  172 20:45:03    -1111.440040        4.2364
BFGS:  173 20:45:03    -1111.538006        4.9509
BFGS:  174 20:45:03    -1111.628468        5.4572
BFGS:  175 20:45:03    -1111.756993        5.1736
BFGS:  176 20:45:03    -1111.952752        3.9458
BFGS:  177 20:45:03    -1112.145316        4.3668
BFGS:  178 20:45:03    -1112.332051        3.5301
BFGS:  179 20:45:03    -1112.471835        3.4409
BFGS:  180 20:45:03    -1112.657982        2.9674
BFGS:  181 20:45:03    -1112.850038        2.2508
BFGS:  182 20:45:04    -1112.992347        2.8095
BFGS:  183 20:45:04    -1113.182653        2.7571
BFGS:  184 20:45:04    -1113.331736        2.4652
BFGS:  185 20:45:04    -1113.384081        2.0333
BFGS:  186 20:45:04    -1113.457605        1.4546
BFGS:  187 20:45:04    -1113.482221        1.1245
BFGS:  188 20:45:04    -1113.498421        1.0633
BFGS:  189 20:45:04    -1113.507071        0.9982
BFGS:  190 20:45:04    -1113.513103        0.8346
BFGS:  191 20:45:04    -1113.517039        0.6315
BFGS:  192 20:45:04    -1113.519595        0.5759
BFGS:  193 20:45:04    -1113.522664        0.6691
BFGS:  194 20:45:04    -1113.524943        0.6903
BFGS:  195 20:45:04    -1113.526845        0.6680
BFGS:  196 20:45:04    -1113.528162        0.5949
BFGS:  197 20:45:04    -1113.529306        0.5610
BFGS:  198 20:45:04    -1113.530485        0.5294
BFGS:  199 20:45:04    -1113.532022        0.5112
BFGS:  200 20:45:04    -1113.533700        0.4266
BFGS:  201 20:45:04    -1113.534977        0.3280
BFGS:  202 20:45:04    -1113.535668        0.3121
BFGS:  203 20:45:04    -1113.536085        0.3016
BFGS:  204 20:45:04    -1113.536459        0.2899
BFGS:  205 20:45:04    -1113.536851        0.2864
BFGS:  206 20:45:04    -1113.537227        0.2708
BFGS:  207 20:45:04    -1113.537548        0.2654
BFGS:  208 20:45:04    -1113.537821        0.2630
BFGS:  209 20:45:04    -1113.538060        0.2632
BFGS:  210 20:45:04    -1113.538260        0.2607
BFGS:  211 20:45:04    -1113.538420        0.2695
BFGS:  212 20:45:04    -1113.538556        0.2644
BFGS:  213 20:45:04    -1113.538686        0.2616
BFGS:  214 20:45:04    -1113.538823        0.2700
BFGS:  215 20:45:04    -1113.538964        0.2764
BFGS:  216 20:45:04    -1113.539107        0.2755
BFGS:  217 20:45:04    -1113.539258        0.2680
BFGS:  218 20:45:04    -1113.539452        0.2547
