      Step     Time          Energy         fmax
BFGS:    0 20:39:36     -978.682291       53.5008
BFGS:    1 20:39:36     -995.219547       36.7000
BFGS:    2 20:39:36    -1005.147554       36.9602
BFGS:    3 20:39:36    -1013.542958       35.2066
BFGS:    4 20:39:36    -1020.362935       29.1751
BFGS:    5 20:39:37    -1027.242863       28.1914
BFGS:    6 20:39:37    -1033.230211       24.4422
BFGS:    7 20:39:37    -1037.693759       22.7501
BFGS:    8 20:39:37    -1041.613602       20.8140
BFGS:    9 20:39:37    -1044.830105       18.8338
BFGS:   10 20:39:37    -1047.428226       17.8051
BFGS:   11 20:39:37    -1049.790348       16.3113
BFGS:   12 20:39:37    -1051.792603       15.3797
BFGS:   13 20:39:37    -1053.687067       14.4627
BFGS:   14 20:39:37    -1055.427096       13.7330
BFGS:   15 20:39:37    -1057.098123       13.0298
BFGS:   16 20:39:37    -1058.712432       12.3318
BFGS:   17 20:39:37    -1060.315420       11.6098
BFGS:   18 20:39:37    -1061.917366       10.9142
BFGS:   19 20:39:37    -1063.508291       10.1263
BFGS:   20 20:39:37    -1065.060896        9.4444
BFGS:   21 20:39:37    -1066.531435        8.6285
BFGS:   22 20:39:37    -1067.906123        7.9396
BFGS:   23 20:39:37    -1069.173023        7.3116
BFGS:   24 20:39:37    -1070.342956        6.7681
BFGS:   25 20:39:37    -1071.430282        6.2631
BFGS:   26 20:39:37    -1072.447206        5.7776
BFGS:   27 20:39:37    -1073.407582        5.3105
BFGS:   28 20:39:37    -1074.396550       14.9840
BFGS:   29 20:39:37    -1075.289945       14.4919
BFGS:   30 20:39:37    -1076.091604       14.0945
BFGS:   31 20:39:37    -1076.841719       13.6961
BFGS:   32 20:39:37    -1077.555247       13.3320
BFGS:   33 20:39:37    -1078.239513       12.9703
BFGS:   34 20:39:37    -1078.896532       12.6149
BFGS:   35 20:39:37    -1079.526414       12.2550
BFGS:   36 20:39:37    -1080.130160       11.8829
BFGS:   37 20:39:37    -1080.711333       11.4710
BFGS:   38 20:39:37    -1081.276892       10.9710
BFGS:   39 20:39:37    -1081.835988       10.3203
BFGS:   40 20:39:37    -1082.392801        9.5525
BFGS:   41 20:39:37    -1082.946396        8.7092
BFGS:   42 20:39:37    -1083.489509        7.8759
BFGS:   43 20:39:37    -1084.013000        7.1220
BFGS:   44 20:39:37    -1084.510213        6.4710
BFGS:   45 20:39:37    -1084.977894        6.2006
BFGS:   46 20:39:37    -1085.416089        6.0837
BFGS:   47 20:39:38    -1085.826780        5.8927
BFGS:   48 20:39:38    -1086.208676        5.6506
BFGS:   49 20:39:38    -1086.558338        5.3772
BFGS:   50 20:39:38    -1086.879927        5.0843
BFGS:   51 20:39:38    -1087.177501        4.7857
BFGS:   52 20:39:38    -1087.455247        4.4894
BFGS:   53 20:39:38    -1087.717019        4.1991
BFGS:   54 20:39:38    -1087.966273        3.9144
BFGS:   55 20:39:38    -1088.205887        3.6334
BFGS:   56 20:39:38    -1088.438354        3.3521
BFGS:   57 20:39:38    -1088.665708        3.1100
BFGS:   58 20:39:38    -1088.889643        3.0068
BFGS:   59 20:39:38    -1089.111527        2.8998
BFGS:   60 20:39:38    -1089.332198        2.7885
BFGS:   61 20:39:38    -1089.551499        2.6749
BFGS:   62 20:39:38    -1089.767972        2.5635
BFGS:   63 20:39:38    -1089.978765        2.4588
BFGS:   64 20:39:38    -1090.180448        2.3631
BFGS:   65 20:39:38    -1090.370810        2.2715
BFGS:   66 20:39:38    -1090.550066        2.1725
BFGS:   67 20:39:38    -1090.719871        2.0504
BFGS:   68 20:39:38    -1090.871324        1.9074
BFGS:   69 20:39:38    -1090.998532        1.7683
BFGS:   70 20:39:38    -1091.094143        1.6935
BFGS:   71 20:39:38    -1091.162481        1.7110
BFGS:   72 20:39:38    -1091.216731        1.8132
BFGS:   73 20:39:38    -1091.252173        1.8695
BFGS:   74 20:39:38    -1091.285996        1.8315
BFGS:   75 20:39:38    -1091.324416        1.7350
BFGS:   76 20:39:38    -1091.370996        1.8310
BFGS:   77 20:39:38    -1091.428491        1.9375
BFGS:   78 20:39:38    -1091.483586        2.6962
BFGS:   79 20:39:38    -1091.581709        3.2767
BFGS:   80 20:39:38    -1091.710441        2.8463
BFGS:   81 20:39:38    -1091.862743        2.2415
BFGS:   82 20:39:38    -1092.003010        2.3302
BFGS:   83 20:39:38    -1092.126235        2.2541
BFGS:   84 20:39:38    -1092.253015        2.3756
BFGS:   85 20:39:38    -1092.400999        2.4049
BFGS:   86 20:39:38    -1092.525269        2.4336
BFGS:   87 20:39:39    -1092.644856        2.3778
BFGS:   88 20:39:39    -1092.755409        2.2111
BFGS:   89 20:39:39    -1092.877391        2.0091
BFGS:   90 20:39:39    -1092.970526        2.0501
BFGS:   91 20:39:39    -1093.063373        1.8977
BFGS:   92 20:39:39    -1093.125203        1.6676
BFGS:   93 20:39:39    -1093.184922        1.4087
BFGS:   94 20:39:39    -1093.235096        1.0997
BFGS:   95 20:39:39    -1093.268013        0.9414
BFGS:   96 20:39:39    -1093.294181        0.7879
BFGS:   97 20:39:39    -1093.309613        0.8124
BFGS:   98 20:39:39    -1093.322394        0.8365
BFGS:   99 20:39:39    -1093.334818        0.8756
BFGS:  100 20:39:39    -1093.348472        0.8297
BFGS:  101 20:39:39    -1093.360078        0.7884
BFGS:  102 20:39:39    -1093.366595        0.7592
BFGS:  103 20:39:39    -1093.370952        0.7369
BFGS:  104 20:39:39    -1093.375534        0.7172
BFGS:  105 20:39:39    -1093.380839        0.7019
BFGS:  106 20:39:39    -1093.386119        0.7057
BFGS:  107 20:39:39    -1093.390388        0.7261
BFGS:  108 20:39:39    -1093.393567        0.7317
BFGS:  109 20:39:39    -1093.396461        0.7263
BFGS:  110 20:39:39    -1093.399371        0.7097
BFGS:  111 20:39:39    -1093.401583        0.6867
BFGS:  112 20:39:39    -1093.402749        0.6600
BFGS:  113 20:39:39    -1093.403310        0.6365
BFGS:  114 20:39:39    -1093.403718        0.6150
BFGS:  115 20:39:39    -1093.404088        0.5942
BFGS:  116 20:39:39    -1093.404450        0.5761
BFGS:  117 20:39:39    -1093.404805        0.5591
BFGS:  118 20:39:39    -1093.405182        0.5459
BFGS:  119 20:39:39    -1093.405626        0.5360
BFGS:  120 20:39:39    -1093.406191        0.5314
BFGS:  121 20:39:39    -1093.406865        0.5246
BFGS:  122 20:39:39    -1093.407540        0.5028
BFGS:  123 20:39:39    -1093.408087        0.4650
BFGS:  124 20:39:39    -1093.408516        0.4285
BFGS:  125 20:39:39    -1093.408927        0.4003
BFGS:  126 20:39:39    -1093.409411        0.3791
BFGS:  127 20:39:39    -1093.409967        0.3599
BFGS:  128 20:39:40    -1093.410478        0.3456
BFGS:  129 20:39:40    -1093.410850        0.3455
BFGS:  130 20:39:40    -1093.411117        0.3571
BFGS:  131 20:39:40    -1093.411356        0.3666
BFGS:  132 20:39:40    -1093.411599        0.3644
BFGS:  133 20:39:40    -1093.411837        0.3480
BFGS:  134 20:39:40    -1093.412056        0.3256
BFGS:  135 20:39:40    -1093.412262        0.3053
BFGS:  136 20:39:40    -1093.412464        0.2909
BFGS:  137 20:39:40    -1093.412649        0.2842
BFGS:  138 20:39:40    -1093.412803        0.2871
BFGS:  139 20:39:40    -1093.412946        0.2963
BFGS:  140 20:39:40    -1093.413120        0.3068
BFGS:  141 20:39:40    -1093.413347        0.3111
BFGS:  142 20:39:40    -1093.413597        0.3010
BFGS:  143 20:39:40    -1093.413794        0.2805
BFGS:  144 20:39:40    -1093.413919        0.2619
BFGS:  145 20:39:40    -1093.414010        0.2472
BFGS:  146 20:39:40    -1093.414091        0.2340
BFGS:  147 20:39:40    -1093.414154        0.2241
BFGS:  148 20:39:40    -1093.414193        0.2200
BFGS:  149 20:39:40    -1093.414216        0.2191
BFGS:  150 20:39:40    -1093.414231        0.2186
BFGS:  151 20:39:40    -1093.414242        0.2177
BFGS:  152 20:39:40    -1093.414250        0.2175
BFGS:  153 20:39:40    -1093.414255        0.2205
BFGS:  154 20:39:40    -1093.414258        0.2225
BFGS:  155 20:39:40    -1093.414260        0.2236
BFGS:  156 20:39:40    -1093.414261        0.2241
BFGS:  157 20:39:40    -1093.414262        0.2244
BFGS:  158 20:39:40    -1093.414263        0.2248
BFGS:  159 20:39:40    -1093.414263        0.2252
      Step     Time          Energy         fmax
BFGS:    0 20:39:40    -1093.414263        0.2252
BFGS:    1 20:39:40    -1093.416755        0.1612
BFGS:    2 20:39:40    -1093.419244        0.1104
BFGS:    3 20:39:40    -1093.421090        0.0955
