      Step     Time          Energy         fmax
BFGS:    0 20:45:31     -752.236696      154.1688
BFGS:    1 20:45:31     -787.419691      176.2736
BFGS:    2 20:45:31     -813.818781      185.4232
BFGS:    3 20:45:31     -828.863175      189.5033
BFGS:    4 20:45:31     -841.562090      183.4520
BFGS:    5 20:45:31     -853.952298      171.5125
BFGS:    6 20:45:31     -867.946111      166.7164
BFGS:    7 20:45:31     -881.933009      152.9299
BFGS:    8 20:45:31     -895.564643      139.6477
BFGS:    9 20:45:31     -907.753939      123.3487
BFGS:   10 20:45:31     -921.110967      114.4532
BFGS:   11 20:45:31     -931.882695      103.9261
BFGS:   12 20:45:31     -940.257025       99.7841
BFGS:   13 20:45:31     -947.246123       96.5279
BFGS:   14 20:45:31     -953.780270       95.2133
BFGS:   15 20:45:31     -959.878868       88.0322
BFGS:   16 20:45:31     -966.395751       87.0910
BFGS:   17 20:45:31     -972.553122       82.1364
BFGS:   18 20:45:31     -978.546840       76.1962
BFGS:   19 20:45:31     -984.633594       72.2006
BFGS:   20 20:45:31     -989.746652       66.6364
BFGS:   21 20:45:31     -995.557080       62.3150
BFGS:   22 20:45:31     -999.783613       57.8648
BFGS:   23 20:45:32    -1003.279831       53.1801
BFGS:   24 20:45:32    -1006.599194       50.2475
BFGS:   25 20:45:32    -1010.119961       47.0646
BFGS:   26 20:45:32    -1013.989581       44.1682
BFGS:   27 20:45:32    -1017.454988       43.3000
BFGS:   28 20:45:32    -1020.798568       40.1917
BFGS:   29 20:45:32    -1024.237882       38.6696
BFGS:   30 20:45:32    -1027.275479       36.1010
BFGS:   31 20:45:32    -1029.811151       33.3606
BFGS:   32 20:45:32    -1032.009891       31.4291
BFGS:   33 20:45:32    -1033.792473       28.6768
BFGS:   34 20:45:32    -1035.247186       27.1596
BFGS:   35 20:45:32    -1036.486399       25.7044
BFGS:   36 20:45:32    -1037.597470       24.3423
BFGS:   37 20:45:32    -1038.598120       23.4227
BFGS:   38 20:45:32    -1039.532398       22.4312
BFGS:   39 20:45:32    -1040.418164       21.6049
BFGS:   40 20:45:32    -1041.283706       20.9132
BFGS:   41 20:45:32    -1042.157354       19.8522
BFGS:   42 20:45:32    -1043.061898       19.2606
BFGS:   43 20:45:32    -1044.023974       18.0707
BFGS:   44 20:45:32    -1044.890013       17.3469
BFGS:   45 20:45:32    -1045.718417       16.3974
BFGS:   46 20:45:32    -1046.410283       15.5428
BFGS:   47 20:45:32    -1047.037773       14.7643
BFGS:   48 20:45:32    -1047.634318       14.1038
BFGS:   49 20:45:32    -1048.211791       13.5930
BFGS:   50 20:45:32    -1048.771746       13.9835
BFGS:   51 20:45:33    -1049.313933       14.6226
BFGS:   52 20:45:33    -1049.833698       14.9480
BFGS:   53 20:45:33    -1050.330780       15.5487
BFGS:   54 20:45:33    -1050.815652       15.9238
BFGS:   55 20:45:33    -1051.292282       16.4375
BFGS:   56 20:45:33    -1051.771986       16.6912
BFGS:   57 20:45:33    -1052.261648       17.0272
BFGS:   58 20:45:33    -1052.770007       17.2120
BFGS:   59 20:45:33    -1053.303743       17.4576
BFGS:   60 20:45:33    -1053.880277       17.6095
BFGS:   61 20:45:33    -1054.522654       17.7189
BFGS:   62 20:45:33    -1055.144722       17.6309
BFGS:   63 20:45:33    -1055.742976       17.4380
BFGS:   64 20:45:33    -1056.341040       17.1628
BFGS:   65 20:45:33    -1056.942480       16.8831
BFGS:   66 20:45:33    -1057.545050       16.5846
BFGS:   67 20:45:33    -1058.140490       16.2860
BFGS:   68 20:45:33    -1058.728051       15.9087
BFGS:   69 20:45:33    -1059.318014       15.4626
BFGS:   70 20:45:33    -1059.926226       14.8626
BFGS:   71 20:45:33    -1060.558212       14.9006
BFGS:   72 20:45:33    -1061.162897       17.7497
BFGS:   73 20:45:33    -1061.781221       18.9659
BFGS:   74 20:45:33    -1062.378391       19.4682
BFGS:   75 20:45:33    -1062.970045       19.9466
BFGS:   76 20:45:33    -1063.597497       19.9417
BFGS:   77 20:45:34    -1064.362108       18.4969
BFGS:   78 20:45:34    -1065.298941       14.6083
BFGS:   79 20:45:34    -1066.197656       10.5664
BFGS:   80 20:45:34    -1066.972781        7.7274
BFGS:   81 20:45:34    -1067.595310        7.1663
BFGS:   82 20:45:34    -1068.159552        6.8702
BFGS:   83 20:45:34    -1068.633036        6.7291
BFGS:   84 20:45:34    -1069.075496        6.8827
BFGS:   85 20:45:34    -1069.497695        6.5293
BFGS:   86 20:45:34    -1069.945769        5.9954
BFGS:   87 20:45:34    -1070.494977        5.5696
BFGS:   88 20:45:34    -1071.009687        6.7431
BFGS:   89 20:45:34    -1071.470303        8.3835
BFGS:   90 20:45:34    -1071.974594       10.1404
BFGS:   91 20:45:34    -1072.403306       10.2819
BFGS:   92 20:45:34    -1072.883691        9.7040
BFGS:   93 20:45:34    -1073.331202        8.5225
BFGS:   94 20:45:34    -1073.760633        7.0575
BFGS:   95 20:45:34    -1074.181262        7.6501
BFGS:   96 20:45:34    -1074.492295        7.2340
BFGS:   97 20:45:34    -1074.766155        6.4536
BFGS:   98 20:45:34    -1075.050023        6.6279
BFGS:   99 20:45:34    -1075.385117        6.4368
BFGS:  100 20:45:34    -1075.643973        6.9259
BFGS:  101 20:45:34    -1075.996313        8.3868
BFGS:  102 20:45:34    -1076.329518        8.4058
BFGS:  103 20:45:34    -1076.687689        8.1677
BFGS:  104 20:45:35    -1077.064327        8.2306
BFGS:  105 20:45:35    -1077.457460        8.8329
BFGS:  106 20:45:35    -1077.849195        9.1228
BFGS:  107 20:45:35    -1078.216155        9.0911
BFGS:  108 20:45:35    -1078.535449        8.7418
BFGS:  109 20:45:35    -1078.794460        8.1482
BFGS:  110 20:45:35    -1079.007540        7.4779
BFGS:  111 20:45:35    -1079.180689        7.0710
BFGS:  112 20:45:35    -1079.343932        6.6045
BFGS:  113 20:45:35    -1079.489909        6.2664
BFGS:  114 20:45:35    -1079.641137        6.3734
BFGS:  115 20:45:35    -1079.789537        6.0293
BFGS:  116 20:45:35    -1079.955173        4.9903
BFGS:  117 20:45:35    -1080.095729        5.0279
BFGS:  118 20:45:35    -1080.232093        3.7049
BFGS:  119 20:45:35    -1080.285579        3.3760
BFGS:  120 20:45:35    -1080.330383        3.1824
BFGS:  121 20:45:35    -1080.367275        3.1335
BFGS:  122 20:45:35    -1080.412117        3.2473
BFGS:  123 20:45:35    -1080.452018        3.4234
BFGS:  124 20:45:35    -1080.482117        3.8641
BFGS:  125 20:45:35    -1080.510967        4.1118
BFGS:  126 20:45:35    -1080.539720        4.1443
BFGS:  127 20:45:35    -1080.569843        4.0236
BFGS:  128 20:45:35    -1080.596536        3.9038
BFGS:  129 20:45:35    -1080.620788        4.0980
BFGS:  130 20:45:35    -1080.645089        4.3631
BFGS:  131 20:45:36    -1080.667769        4.4560
BFGS:  132 20:45:36    -1080.687166        4.4847
BFGS:  133 20:45:36    -1080.709598        4.3231
BFGS:  134 20:45:36    -1080.732899        4.1476
BFGS:  135 20:45:36    -1080.753876        3.9220
BFGS:  136 20:45:36    -1080.767339        3.6612
BFGS:  137 20:45:36    -1080.775269        3.5573
BFGS:  138 20:45:36    -1080.780361        3.7224
BFGS:  139 20:45:36    -1080.786194        3.8587
BFGS:  140 20:45:36    -1080.790222        3.8842
BFGS:  141 20:45:36    -1080.794760        3.7669
BFGS:  142 20:45:36    -1080.798405        3.6159
BFGS:  143 20:45:36    -1080.803536        3.5602
BFGS:  144 20:45:36    -1080.808643        3.5413
BFGS:  145 20:45:36    -1080.815032        3.4711
BFGS:  146 20:45:36    -1080.821532        3.2261
BFGS:  147 20:45:36    -1080.829232        2.8574
BFGS:  148 20:45:36    -1080.836872        2.5961
BFGS:  149 20:45:36    -1080.844713        2.4740
BFGS:  150 20:45:36    -1080.852093        2.2928
BFGS:  151 20:45:36    -1080.859855        2.0806
BFGS:  152 20:45:36    -1080.868603        1.8439
BFGS:  153 20:45:36    -1080.878597        1.8866
BFGS:  154 20:45:36    -1080.888087        1.9486
BFGS:  155 20:45:36    -1080.895877        1.8254
BFGS:  156 20:45:36    -1080.902920        1.7420
BFGS:  157 20:45:36    -1080.910741        1.7089
BFGS:  158 20:45:36    -1080.920813        1.5349
BFGS:  159 20:45:37    -1080.933210        1.1670
BFGS:  160 20:45:37    -1080.945280        1.2144
BFGS:  161 20:45:37    -1080.954166        1.0655
BFGS:  162 20:45:37    -1080.959520        0.7962
BFGS:  163 20:45:37    -1080.963094        0.5935
BFGS:  164 20:45:37    -1080.966902        0.6647
BFGS:  165 20:45:37    -1080.971539        0.6677
BFGS:  166 20:45:37    -1080.976670        0.6043
BFGS:  167 20:45:37    -1080.981260        0.5365
BFGS:  168 20:45:37    -1080.985440        0.5530
BFGS:  169 20:45:37    -1080.989274        0.5513
BFGS:  170 20:45:37    -1080.992451        0.5646
BFGS:  171 20:45:37    -1080.994842        0.5648
BFGS:  172 20:45:37    -1080.996808        0.5269
BFGS:  173 20:45:37    -1080.998606        0.4484
BFGS:  174 20:45:37    -1081.000523        0.4170
BFGS:  175 20:45:37    -1081.002633        0.4725
BFGS:  176 20:45:37    -1081.004710        0.5088
BFGS:  177 20:45:37    -1081.006910        0.5037
BFGS:  178 20:45:37    -1080.953701        1.3397
BFGS:  179 20:45:37    -1081.010385        0.5168
BFGS:  180 20:45:37    -1081.011460        0.4741
BFGS:  181 20:45:37    -1081.013166        0.4240
BFGS:  182 20:45:37    -1081.015454        0.4683
BFGS:  183 20:45:37    -1081.017486        0.5068
BFGS:  184 20:45:37    -1081.019053        0.5366
BFGS:  185 20:45:37    -1081.020253        0.5251
BFGS:  186 20:45:38    -1081.021453        0.4878
BFGS:  187 20:45:38    -1081.022594        0.4703
BFGS:  188 20:45:38    -1081.023586        0.4210
BFGS:  189 20:45:38    -1081.024283        0.3672
BFGS:  190 20:45:38    -1081.024692        0.3464
BFGS:  191 20:45:38    -1081.024917        0.3424
BFGS:  192 20:45:38    -1081.025040        0.3454
BFGS:  193 20:45:38    -1081.025120        0.3455
BFGS:  194 20:45:38    -1081.025175        0.3418
BFGS:  195 20:45:38    -1081.025216        0.3340
BFGS:  196 20:45:38    -1081.025252        0.3203
BFGS:  197 20:45:38    -1081.025278        0.3084
BFGS:  198 20:45:38    -1081.025297        0.2980
BFGS:  199 20:45:38    -1081.025307        0.2965
BFGS:  200 20:45:38    -1081.025312        0.2989
BFGS:  201 20:45:38    -1081.025315        0.3031
BFGS:  202 20:45:38    -1081.025318        0.3077
BFGS:  203 20:45:38    -1081.025320        0.3103
BFGS:  204 20:45:38    -1081.025323        0.3108
BFGS:  205 20:45:38    -1081.025325        0.3096
BFGS:  206 20:45:38    -1081.025326        0.3072
BFGS:  207 20:45:38    -1081.025327        0.3057
BFGS:  208 20:45:38    -1081.025328        0.3040
BFGS:  209 20:45:38    -1081.025328        0.3038
