      Step     Time          Energy         fmax
BFGS:    0 20:41:38     -813.528537      112.2074
BFGS:    1 20:41:38     -840.753234       97.7694
BFGS:    2 20:41:38     -867.049183       93.0373
BFGS:    3 20:41:38     -894.215414       90.1064
BFGS:    4 20:41:38     -912.176606       81.4836
BFGS:    5 20:41:38     -925.623436       81.6179
BFGS:    6 20:41:38     -936.410578       81.7190
BFGS:    7 20:41:38     -945.492300       76.5116
BFGS:    8 20:41:38     -957.920141       74.2310
BFGS:    9 20:41:38     -968.271339       61.4703
BFGS:   10 20:41:38     -975.805244       55.9010
BFGS:   11 20:41:38     -981.277185       52.3928
BFGS:   12 20:41:38     -985.780381       50.3281
BFGS:   13 20:41:38     -990.078527       48.5324
BFGS:   14 20:41:38     -994.347436       46.9094
BFGS:   15 20:41:38     -999.138713       45.6293
BFGS:   16 20:41:38    -1003.660402       43.2691
BFGS:   17 20:41:38    -1008.497515       41.9718
BFGS:   18 20:41:39    -1013.150366       41.0268
BFGS:   19 20:41:39    -1017.331144       38.6876
BFGS:   20 20:41:39    -1021.392324       36.2651
BFGS:   21 20:41:39    -1025.472466       33.2554
BFGS:   22 20:41:39    -1029.443064       32.0443
BFGS:   23 20:41:39    -1033.183200       32.0337
BFGS:   24 20:41:39    -1036.956738       30.9032
BFGS:   25 20:41:39    -1040.513468       28.3825
BFGS:   26 20:41:39    -1044.106533       25.3650
BFGS:   27 20:41:39    -1047.264058       21.4454
BFGS:   28 20:41:39    -1050.539596       19.0293
BFGS:   29 20:41:39    -1053.945904       16.3887
BFGS:   30 20:41:39    -1057.400486       13.1776
BFGS:   31 20:41:39    -1060.298513       10.7999
BFGS:   32 20:41:39    -1062.714787        8.5229
BFGS:   33 20:41:39    -1064.658527        8.5604
BFGS:   34 20:41:39    -1066.121847        8.4016
BFGS:   35 20:41:39    -1067.252129        9.1245
BFGS:   36 20:41:39    -1068.160602        9.5694
BFGS:   37 20:41:39    -1068.978695        9.5082
BFGS:   38 20:41:39    -1069.766416        9.3086
BFGS:   39 20:41:39    -1070.512581        9.1310
BFGS:   40 20:41:39    -1071.249452        9.0089
BFGS:   41 20:41:39    -1071.949228        8.9041
BFGS:   42 20:41:39    -1072.616776        8.9169
BFGS:   43 20:41:39    -1073.239218        8.5512
BFGS:   44 20:41:39    -1073.825215        7.5920
BFGS:   45 20:41:39    -1074.349617        6.8455
BFGS:   46 20:41:39    -1074.751100        6.0255
BFGS:   47 20:41:39    -1075.045783        5.1632
BFGS:   48 20:41:40    -1075.267813        4.3308
BFGS:   49 20:41:40    -1075.446462        3.3632
BFGS:   50 20:41:40    -1075.599850        3.0689
BFGS:   51 20:41:40    -1075.737683        2.8743
BFGS:   52 20:41:40    -1075.859999        2.7179
BFGS:   53 20:41:40    -1075.967082        2.3808
BFGS:   54 20:41:40    -1076.056244        2.1456
BFGS:   55 20:41:40    -1076.131310        1.6413
BFGS:   56 20:41:40    -1076.197442        1.4703
BFGS:   57 20:41:40    -1076.259288        1.3757
BFGS:   58 20:41:40    -1076.317306        1.5364
BFGS:   59 20:41:40    -1076.373753        1.7127
BFGS:   60 20:41:40    -1076.428640        1.8707
BFGS:   61 20:41:40    -1076.483909        2.0655
BFGS:   62 20:41:40    -1076.536820        2.3946
BFGS:   63 20:41:40    -1076.706601        2.2199
BFGS:   64 20:41:40    -1076.886035        2.7801
BFGS:   65 20:41:40    -1077.364014        4.4233
BFGS:   66 20:41:40    -1077.871330        7.2647
BFGS:   67 20:41:40    -1078.332671        7.7486
BFGS:   68 20:41:40    -1078.739262        6.5813
BFGS:   69 20:41:40    -1079.279778        6.1157
BFGS:   70 20:41:40    -1079.847203        5.0289
BFGS:   71 20:41:40    -1080.361309        5.0336
BFGS:   72 20:41:40    -1080.836982        4.9874
BFGS:   73 20:41:40    -1081.259850        5.0162
BFGS:   74 20:41:40    -1081.619877        5.3336
BFGS:   75 20:41:40    -1081.941943        5.3006
BFGS:   76 20:41:40    -1082.255153        5.2411
BFGS:   77 20:41:40    -1082.588964        5.3286
BFGS:   78 20:41:40    -1082.925882        5.7602
BFGS:   79 20:41:40    -1083.271740        6.5101
BFGS:   80 20:41:40    -1083.621111        7.1170
BFGS:   81 20:41:41    -1083.978362        7.5579
BFGS:   82 20:41:41    -1084.357251        7.7005
BFGS:   83 20:41:41    -1084.780255        7.7013
BFGS:   84 20:41:41    -1085.226711        7.4858
BFGS:   85 20:41:41    -1085.669733        7.3371
BFGS:   86 20:41:41    -1086.095015        7.1806
BFGS:   87 20:41:41    -1086.501526        7.0142
BFGS:   88 20:41:41    -1086.901029        6.6419
BFGS:   89 20:41:41    -1087.288533        5.4656
BFGS:   90 20:41:41    -1087.669688        3.9283
BFGS:   91 20:41:41    -1087.959241        4.6150
BFGS:   92 20:41:41    -1088.255113        3.8172
BFGS:   93 20:41:41    -1088.445468        3.7095
BFGS:   94 20:41:41    -1088.516791        3.7290
BFGS:   95 20:41:41    -1088.580372        3.1405
BFGS:   96 20:41:41    -1088.653513        3.6733
BFGS:   97 20:41:41    -1088.725712        4.1814
BFGS:   98 20:41:41    -1088.806095        4.0661
BFGS:   99 20:41:41    -1088.875957        3.4240
BFGS:  100 20:41:41    -1088.951449        3.0521
BFGS:  101 20:41:41    -1089.006722        3.5904
BFGS:  102 20:41:41    -1089.120812        3.8299
BFGS:  103 20:41:41    -1089.225387        3.7711
BFGS:  104 20:41:41    -1089.329812        3.6534
BFGS:  105 20:41:41    -1089.435200        4.1807
BFGS:  106 20:41:41    -1089.541478        4.7040
BFGS:  107 20:41:41    -1089.650066        5.2349
BFGS:  108 20:41:41    -1089.779352        5.7227
BFGS:  109 20:41:41    -1089.882871        6.1680
BFGS:  110 20:41:41    -1090.078733        6.3487
BFGS:  111 20:41:41    -1090.256629        6.4842
BFGS:  112 20:41:41    -1090.460042        6.2915
BFGS:  113 20:41:41    -1090.704862        5.9454
BFGS:  114 20:41:41    -1090.915408        5.4463
BFGS:  115 20:41:41    -1091.142609        4.9076
BFGS:  116 20:41:41    -1091.368576        4.2073
BFGS:  117 20:41:41    -1091.604882        5.9535
BFGS:  118 20:41:41    -1091.814855        5.0690
BFGS:  119 20:41:41    -1092.023201        4.5082
BFGS:  120 20:41:42    -1092.248360        5.2129
BFGS:  121 20:41:42    -1092.443481        5.3015
BFGS:  122 20:41:42    -1092.645269        5.5226
BFGS:  123 20:41:42    -1092.847132        5.8479
BFGS:  124 20:41:42    -1093.076071        6.5673
BFGS:  125 20:41:42    -1093.322961        7.6581
BFGS:  126 20:41:42    -1093.583683        8.5469
BFGS:  127 20:41:42    -1093.866145        9.1441
BFGS:  128 20:41:42    -1094.141513        9.4610
BFGS:  129 20:41:42    -1094.421320       10.2749
BFGS:  130 20:41:42    -1094.767196       11.5738
BFGS:  131 20:41:42    -1095.100628       11.9439
BFGS:  132 20:41:42    -1095.460917       11.4708
BFGS:  133 20:41:42    -1095.805192       10.1874
BFGS:  134 20:41:42    -1096.105106        8.3973
BFGS:  135 20:41:42    -1096.360506        6.7159
BFGS:  136 20:41:42    -1096.579102        6.4676
BFGS:  137 20:41:42    -1096.776028        5.9783
BFGS:  138 20:41:42    -1096.971223        4.8421
BFGS:  139 20:41:42    -1097.184217        4.6899
BFGS:  140 20:41:42    -1097.430153        4.5561
BFGS:  141 20:41:42    -1097.676020        3.9845
BFGS:  142 20:41:42    -1097.819055        4.1321
BFGS:  143 20:41:42    -1098.001447        3.8992
BFGS:  144 20:41:42    -1098.248633        3.5998
BFGS:  145 20:41:42    -1098.474735        3.2521
BFGS:  146 20:41:42    -1098.671958        4.0678
BFGS:  147 20:41:42    -1098.902528        4.8433
BFGS:  148 20:41:42    -1099.147725        5.3083
BFGS:  149 20:41:42    -1099.424581        5.1854
BFGS:  150 20:41:42    -1099.647229        5.3078
BFGS:  151 20:41:42    -1099.938079        5.3098
BFGS:  152 20:41:42    -1100.260406        6.0401
BFGS:  153 20:41:42    -1100.600347        6.6636
BFGS:  154 20:41:42    -1100.924573        6.8753
BFGS:  155 20:41:42    -1101.246276        6.5591
BFGS:  156 20:41:42    -1101.571963        5.5742
BFGS:  157 20:41:42    -1101.872846        4.6081
BFGS:  158 20:41:42    -1102.209370        6.4962
BFGS:  159 20:41:42    -1102.527471        7.6123
BFGS:  160 20:41:43    -1102.816915        8.2221
BFGS:  161 20:41:43    -1103.115470        8.6795
BFGS:  162 20:41:43    -1103.433202        8.7590
BFGS:  163 20:41:43    -1103.767901        8.8247
BFGS:  164 20:41:43    -1104.138333        8.9696
BFGS:  165 20:41:43    -1104.591130        7.7575
BFGS:  166 20:41:43    -1105.168260        7.0199
BFGS:  167 20:41:43    -1105.749199        6.2609
BFGS:  168 20:41:43    -1106.334244        5.9622
BFGS:  169 20:41:43    -1106.791915        6.3020
BFGS:  170 20:41:43    -1107.174846        5.2081
BFGS:  171 20:41:43    -1107.458061        4.1803
BFGS:  172 20:41:43    -1107.594896        4.9940
BFGS:  173 20:41:43    -1107.747275        4.8703
BFGS:  174 20:41:43    -1107.912691        3.5006
BFGS:  175 20:41:43    -1108.051641        3.6515
BFGS:  176 20:41:43    -1108.142830        3.4929
BFGS:  177 20:41:43    -1108.248546        3.5670
BFGS:  178 20:41:43    -1108.376007        3.6553
BFGS:  179 20:41:43    -1108.508813        3.7151
BFGS:  180 20:41:43    -1108.634599        3.9039
BFGS:  181 20:41:43    -1108.756448        4.1196
BFGS:  182 20:41:43    -1108.889010        5.2702
BFGS:  183 20:41:43    -1109.161719        5.4632
BFGS:  184 20:41:43    -1109.438849        5.2394
BFGS:  185 20:41:43    -1109.707182        5.0516
BFGS:  186 20:41:43    -1109.951559        5.3514
BFGS:  187 20:41:43    -1110.170494        5.0870
BFGS:  188 20:41:43    -1110.360896        4.9971
BFGS:  189 20:41:43    -1110.549805        4.2192
BFGS:  190 20:41:43    -1110.772165        4.1117
BFGS:  191 20:41:43    -1110.979231        3.3940
BFGS:  192 20:41:43    -1111.187203        3.0262
BFGS:  193 20:41:43    -1111.359924        2.9445
BFGS:  194 20:41:43    -1111.477904        3.0057
BFGS:  195 20:41:43    -1111.591468        2.8456
BFGS:  196 20:41:43    -1111.637533        2.0726
BFGS:  197 20:41:43    -1111.677297        1.2490
BFGS:  198 20:41:43    -1111.700102        1.2266
BFGS:  199 20:41:44    -1111.715611        1.3059
BFGS:  200 20:41:44    -1111.729074        0.9199
BFGS:  201 20:41:44    -1111.740127        0.9303
BFGS:  202 20:41:44    -1111.746529        0.9302
BFGS:  203 20:41:44    -1111.749608        0.9302
BFGS:  204 20:41:44    -1111.752712        0.9248
BFGS:  205 20:41:44    -1111.755311        0.8738
BFGS:  206 20:41:44    -1111.758924        0.8860
BFGS:  207 20:41:44    -1111.760550        0.8752
BFGS:  208 20:41:44    -1111.764162        0.9832
BFGS:  209 20:41:44    -1111.766381        1.0339
BFGS:  210 20:41:44    -1111.769248        1.0604
BFGS:  211 20:41:44    -1111.770708        0.9885
BFGS:  212 20:41:44    -1111.772119        0.8724
BFGS:  213 20:41:44    -1111.773269        0.7745
BFGS:  214 20:41:44    -1111.774927        0.7695
BFGS:  215 20:41:44    -1111.776399        0.9293
BFGS:  216 20:41:44    -1111.778798        1.2508
BFGS:  217 20:41:44    -1111.780567        1.3565
BFGS:  218 20:41:44    -1111.783812        1.4298
BFGS:  219 20:41:44    -1111.786904        1.3504
BFGS:  220 20:41:44    -1111.792361        1.0511
BFGS:  221 20:41:44    -1111.796677        0.7545
BFGS:  222 20:41:44    -1111.800177        0.4917
BFGS:  223 20:41:44    -1111.802258        0.3839
BFGS:  224 20:41:44    -1111.804202        0.3828
BFGS:  225 20:41:44    -1111.805436        0.3802
BFGS:  226 20:41:44    -1111.806170        0.3700
BFGS:  227 20:41:44    -1111.806477        0.3729
BFGS:  228 20:41:44    -1111.806724        0.3814
BFGS:  229 20:41:44    -1111.806897        0.3843
BFGS:  230 20:41:44    -1111.807115        0.3877
BFGS:  231 20:41:44    -1111.807212        0.3927
BFGS:  232 20:41:44    -1111.807286        0.4098
BFGS:  233 20:41:44    -1111.807311        0.4099
BFGS:  234 20:41:44    -1111.807415        0.4014
BFGS:  235 20:41:44    -1111.807512        0.3949
BFGS:  236 20:41:44    -1111.807770        0.3932
BFGS:  237 20:41:45    -1111.808174        0.4040
BFGS:  238 20:41:45    -1111.808761        0.3956
BFGS:  239 20:41:45    -1111.809301        0.4255
BFGS:  240 20:41:45    -1111.809673        0.4496
BFGS:  241 20:41:45    -1111.809915        0.4503
BFGS:  242 20:41:45    -1111.810131        0.4304
BFGS:  243 20:41:45    -1111.810356        0.3890
BFGS:  244 20:41:45    -1111.810610        0.3596
BFGS:  245 20:41:45    -1111.810950        0.3518
BFGS:  246 20:41:45    -1111.811517        0.3496
BFGS:  247 20:41:45    -1111.812545        0.3952
BFGS:  248 20:41:45    -1111.814321        0.3780
BFGS:  249 20:41:45    -1111.816832        0.3913
BFGS:  250 20:41:45    -1111.819327        0.3499
BFGS:  251 20:41:45    -1111.820894        0.2005
BFGS:  252 20:41:45    -1111.821600        0.2101
BFGS:  253 20:41:45    -1111.821864        0.1990
BFGS:  254 20:41:45    -1111.821996        0.1930
BFGS:  255 20:41:45    -1111.822061        0.1901
BFGS:  256 20:41:45    -1111.822094        0.1998
BFGS:  257 20:41:45    -1111.822110        0.2038
BFGS:  258 20:41:45    -1111.822119        0.2196
BFGS:  259 20:41:45    -1111.822123        0.2201
BFGS:  260 20:41:45    -1111.822146        0.2270
BFGS:  261 20:41:45    -1111.822189        0.2284
BFGS:  262 20:41:45    -1111.822293        0.2168
BFGS:  263 20:41:45    -1111.822473        0.1725
BFGS:  264 20:41:45    -1111.822690        0.0887
