      Step     Time          Energy         fmax
BFGS:    0 20:47:58     -803.577333      149.5785
BFGS:    1 20:47:58     -830.883420      141.1009
BFGS:    2 20:47:59     -858.651513      135.5867
BFGS:    3 20:47:59     -880.079139      123.2107
BFGS:    4 20:47:59     -902.259289      113.1593
BFGS:    5 20:47:59     -923.457088       98.2063
BFGS:    6 20:47:59     -939.140918       89.3868
BFGS:    7 20:47:59     -950.788639       82.7571
BFGS:    8 20:47:59     -962.246627       82.9041
BFGS:    9 20:47:59     -972.375107       77.2103
BFGS:   10 20:47:59     -980.774052       74.5639
BFGS:   11 20:47:59     -988.565161       70.9828
BFGS:   12 20:47:59     -995.588524       65.2671
BFGS:   13 20:47:59    -1002.215399       58.8418
BFGS:   14 20:47:59    -1008.207228       55.3026
BFGS:   15 20:47:59    -1013.825215       52.4849
BFGS:   16 20:47:59    -1020.811019       47.2031
BFGS:   17 20:47:59    -1027.206661       42.8234
BFGS:   18 20:47:59    -1033.192953       38.3142
BFGS:   19 20:47:59    -1037.627823       36.4287
BFGS:   20 20:47:59    -1041.203408       33.5462
BFGS:   21 20:47:59    -1045.014599       31.0706
BFGS:   22 20:47:59    -1048.303462       28.9819
BFGS:   23 20:47:59    -1051.094561       26.7677
BFGS:   24 20:47:59    -1053.359793       23.9490
BFGS:   25 20:47:59    -1054.968316       19.4221
BFGS:   26 20:47:59    -1056.288946       18.1939
BFGS:   27 20:47:59    -1057.624988       16.2266
BFGS:   28 20:48:00    -1058.502296       15.0687
BFGS:   29 20:48:00    -1059.372101       15.5831
BFGS:   30 20:48:00    -1060.183987       16.3099
BFGS:   31 20:48:00    -1060.950826       16.8567
BFGS:   32 20:48:00    -1061.726017       17.3261
BFGS:   33 20:48:00    -1062.512351       17.2032
BFGS:   34 20:48:00    -1063.332763       16.7558
BFGS:   35 20:48:00    -1064.161232       15.7708
BFGS:   36 20:48:00    -1065.005106       14.7598
BFGS:   37 20:48:00    -1065.818145       13.7082
BFGS:   38 20:48:00    -1066.541390       15.8737
BFGS:   39 20:48:00    -1067.339811       16.1966
BFGS:   40 20:48:00    -1068.111567       17.4676
BFGS:   41 20:48:00    -1068.772143       17.7633
BFGS:   42 20:48:00    -1069.415781       16.5322
BFGS:   43 20:48:00    -1070.106106       16.2750
BFGS:   44 20:48:00    -1071.010766       14.7652
BFGS:   45 20:48:00    -1071.797758       15.7127
BFGS:   46 20:48:00    -1072.540623       16.3160
BFGS:   47 20:48:00    -1073.266924       16.8080
BFGS:   48 20:48:00    -1074.058713       16.5347
BFGS:   49 20:48:00    -1074.918313       15.6821
BFGS:   50 20:48:00    -1075.615913       12.6602
BFGS:   51 20:48:00    -1076.208430       10.9150
BFGS:   52 20:48:00    -1076.758949       10.9368
BFGS:   53 20:48:00    -1077.290036       12.2320
BFGS:   54 20:48:00    -1077.804426       11.6391
BFGS:   55 20:48:01    -1078.366970       11.9697
BFGS:   56 20:48:01    -1078.929679       11.9418
BFGS:   57 20:48:01    -1079.428204       12.1693
BFGS:   58 20:48:01    -1079.944912       11.9400
BFGS:   59 20:48:01    -1080.426415       11.6667
BFGS:   60 20:48:01    -1080.904293       11.7586
BFGS:   61 20:48:01    -1081.355166       11.8631
BFGS:   62 20:48:01    -1081.837850       11.5104
BFGS:   63 20:48:01    -1082.300361       10.4771
BFGS:   64 20:48:01    -1082.761451        8.9780
BFGS:   65 20:48:01    -1083.004338        8.4945
BFGS:   66 20:48:01    -1083.375128        8.8460
BFGS:   67 20:48:01    -1083.564283        5.3776
BFGS:   68 20:48:01    -1083.677672        5.2093
BFGS:   69 20:48:01    -1083.723931        5.6532
BFGS:   70 20:48:01    -1083.772955        4.8179
BFGS:   71 20:48:01    -1083.801701        5.0404
BFGS:   72 20:48:01    -1083.851502        4.8214
BFGS:   73 20:48:01    -1083.904120        4.9386
BFGS:   74 20:48:01    -1083.954243        4.9335
BFGS:   75 20:48:01    -1084.011644        5.3232
BFGS:   76 20:48:01    -1084.080662        4.6102
BFGS:   77 20:48:01    -1084.130295        4.1958
BFGS:   78 20:48:01    -1084.177358        4.1170
BFGS:   79 20:48:01    -1084.248455        4.2895
BFGS:   80 20:48:01    -1084.295546        4.4059
BFGS:   81 20:48:01    -1084.337803        4.1021
BFGS:   82 20:48:02    -1084.370039        3.3074
BFGS:   83 20:48:02    -1084.391599        3.0435
BFGS:   84 20:48:02    -1084.403291        2.9881
BFGS:   85 20:48:02    -1084.411108        3.0840
BFGS:   86 20:48:02    -1084.419152        3.1903
BFGS:   87 20:48:02    -1084.430176        3.2894
BFGS:   88 20:48:02    -1084.442633        3.4011
BFGS:   89 20:48:02    -1084.453397        3.4187
BFGS:   90 20:48:02    -1084.462286        3.4720
BFGS:   91 20:48:02    -1084.471403        3.4642
BFGS:   92 20:48:02    -1084.480813        3.5337
BFGS:   93 20:48:02    -1084.490031        3.7214
BFGS:   94 20:48:02    -1084.498926        3.7519
BFGS:   95 20:48:02    -1084.508684        3.8745
BFGS:   96 20:48:02    -1084.524158        3.9738
BFGS:   97 20:48:02    -1084.548805        3.9680
BFGS:   98 20:48:02    -1084.575168        3.8796
BFGS:   99 20:48:02    -1084.603384        3.7429
BFGS:  100 20:48:02    -1084.632679        3.5676
BFGS:  101 20:48:02    -1084.662319        3.3458
BFGS:  102 20:48:02    -1084.691707        3.0699
BFGS:  103 20:48:02    -1084.719926        2.7264
BFGS:  104 20:48:02    -1084.745935        2.3046
BFGS:  105 20:48:02    -1084.768288        1.8800
BFGS:  106 20:48:02    -1084.786212        1.9287
BFGS:  107 20:48:02    -1084.800034        1.9105
BFGS:  108 20:48:02    -1084.813395        1.7619
BFGS:  109 20:48:03    -1084.824336        1.5995
BFGS:  110 20:48:03    -1084.841039        1.0764
BFGS:  111 20:48:03    -1084.852520        1.1068
BFGS:  112 20:48:03    -1084.865706        0.9053
BFGS:  113 20:48:03    -1084.874097        0.6993
BFGS:  114 20:48:03    -1084.876710        0.6592
BFGS:  115 20:48:03    -1084.878825        0.5231
BFGS:  116 20:48:03    -1084.880131        0.3992
BFGS:  117 20:48:03    -1084.881762        0.3234
BFGS:  118 20:48:03    -1084.883408        0.2741
BFGS:  119 20:48:03    -1084.884566        0.2471
BFGS:  120 20:48:03    -1084.885406        0.1211
BFGS:  121 20:48:03    -1084.885601        0.0831
