      Step     Time          Energy         fmax
BFGS:    0 20:43:15     -740.610167      146.6863
BFGS:    1 20:43:15     -770.114070      131.2264
BFGS:    2 20:43:15     -800.285062      125.5693
BFGS:    3 20:43:15     -832.098263      126.9898
BFGS:    4 20:43:15     -856.509131      127.1779
BFGS:    5 20:43:15     -878.997469      128.9071
BFGS:    6 20:43:15     -896.932060      127.2341
BFGS:    7 20:43:15     -914.618025      129.1291
BFGS:    8 20:43:15     -927.692965      125.9585
BFGS:    9 20:43:15     -940.186765      123.7542
BFGS:   10 20:43:15     -951.671978      118.0588
BFGS:   11 20:43:15     -963.105718      109.2569
BFGS:   12 20:43:15     -972.048446      101.4016
BFGS:   13 20:43:15     -979.832994       92.9642
BFGS:   14 20:43:15     -987.316950       84.9373
BFGS:   15 20:43:15     -993.556815       79.6842
BFGS:   16 20:43:15     -998.906983       72.7416
BFGS:   17 20:43:15    -1003.965525       69.0160
BFGS:   18 20:43:16    -1008.321215       62.9817
BFGS:   19 20:43:16    -1014.359489       54.0680
BFGS:   20 20:43:16    -1018.971815       51.5097
BFGS:   21 20:43:16    -1023.512747       45.8307
BFGS:   22 20:43:16    -1027.408634       42.4695
BFGS:   23 20:43:16    -1030.642786       38.8408
BFGS:   24 20:43:16    -1034.244295       35.1092
BFGS:   25 20:43:16    -1037.693126       29.9800
BFGS:   26 20:43:16    -1040.985700       26.0567
BFGS:   27 20:43:16    -1043.659956       22.6071
BFGS:   28 20:43:16    -1046.173066       19.5761
BFGS:   29 20:43:16    -1048.297837       17.5718
BFGS:   30 20:43:16    -1050.264851       15.7322
BFGS:   31 20:43:16    -1052.073903       14.2943
BFGS:   32 20:43:16    -1053.804141       12.5026
BFGS:   33 20:43:16    -1055.348469       10.1164
BFGS:   34 20:43:16    -1056.804476        9.5525
BFGS:   35 20:43:16    -1058.126648        8.3860
BFGS:   36 20:43:16    -1059.188161        9.5488
BFGS:   37 20:43:16    -1060.319195       11.4825
BFGS:   38 20:43:16    -1061.505396       13.4363
BFGS:   39 20:43:16    -1062.745580       15.2731
BFGS:   40 20:43:16    -1063.973197       16.5797
BFGS:   41 20:43:16    -1065.116817       16.7759
BFGS:   42 20:43:16    -1066.088874       16.4624
BFGS:   43 20:43:16    -1066.929012       15.1551
BFGS:   44 20:43:17    -1067.693592       14.3853
BFGS:   45 20:43:17    -1068.439142       13.2959
BFGS:   46 20:43:17    -1069.175460       12.3501
BFGS:   47 20:43:17    -1069.900232       12.4661
BFGS:   48 20:43:17    -1070.600702       12.7695
BFGS:   49 20:43:17    -1071.276878       13.0108
BFGS:   50 20:43:17    -1071.943460       14.0999
BFGS:   51 20:43:17    -1072.631896       15.7567
BFGS:   52 20:43:17    -1073.359240       17.0691
BFGS:   53 20:43:17    -1074.131484       17.4718
BFGS:   54 20:43:17    -1074.890936       17.3897
BFGS:   55 20:43:17    -1075.882440       16.5038
BFGS:   56 20:43:17    -1076.683482       14.3854
BFGS:   57 20:43:17    -1077.593081       13.2790
BFGS:   58 20:43:17    -1078.526406       12.6137
BFGS:   59 20:43:17    -1079.425881       10.9854
BFGS:   60 20:43:17    -1080.448334        9.9433
BFGS:   61 20:43:17    -1081.317355        9.2354
BFGS:   62 20:43:17    -1082.098708        9.1179
BFGS:   63 20:43:17    -1082.857963        8.6568
BFGS:   64 20:43:17    -1083.593636        7.8626
BFGS:   65 20:43:17    -1084.332754        8.4482
BFGS:   66 20:43:17    -1085.123377        8.6370
BFGS:   67 20:43:17    -1085.894431        9.1805
BFGS:   68 20:43:17    -1086.563512        9.7694
BFGS:   69 20:43:17    -1087.071958        9.7158
BFGS:   70 20:43:17    -1087.510708        9.1147
BFGS:   71 20:43:17    -1087.893313        8.8536
BFGS:   72 20:43:17    -1088.250503        8.4655
BFGS:   73 20:43:17    -1088.596460        8.4221
BFGS:   74 20:43:17    -1088.935171        8.1123
BFGS:   75 20:43:18    -1089.274446        8.1195
BFGS:   76 20:43:18    -1089.628372        7.9003
BFGS:   77 20:43:18    -1090.015127        7.9686
BFGS:   78 20:43:18    -1090.414973        7.4536
BFGS:   79 20:43:18    -1090.763776        7.7159
BFGS:   80 20:43:18    -1091.233259        6.5915
BFGS:   81 20:43:18    -1091.761985        5.6242
BFGS:   82 20:43:18    -1092.293157        4.8605
BFGS:   83 20:43:18    -1092.885064        4.2942
BFGS:   84 20:43:18    -1093.329464        4.2315
BFGS:   85 20:43:18    -1093.714894        4.2934
BFGS:   86 20:43:18    -1094.043950        4.2667
BFGS:   87 20:43:18    -1094.346708        4.4173
BFGS:   88 20:43:18    -1094.595474        3.7118
BFGS:   89 20:43:18    -1094.872907        3.2491
BFGS:   90 20:43:18    -1095.214819        2.9063
BFGS:   91 20:43:18    -1095.476677        3.0827
BFGS:   92 20:43:18    -1095.815064        3.5802
BFGS:   93 20:43:18    -1096.117818        3.6796
BFGS:   94 20:43:18    -1096.355694        3.3829
BFGS:   95 20:43:18    -1096.472441        4.7516
BFGS:   96 20:43:18    -1096.569123        4.1175
BFGS:   97 20:43:18    -1096.668979        3.0776
BFGS:   98 20:43:18    -1096.766241        2.9339
BFGS:   99 20:43:18    -1096.786214        3.1252
BFGS:  100 20:43:18    -1096.866323        3.1532
BFGS:  101 20:43:18    -1096.924958        3.6411
BFGS:  102 20:43:18    -1097.024080        5.6201
BFGS:  103 20:43:18    -1097.126682        6.2782
BFGS:  104 20:43:18    -1097.288776        6.5610
BFGS:  105 20:43:18    -1097.406477        5.6285
BFGS:  106 20:43:19    -1097.604404        4.7717
BFGS:  107 20:43:19    -1097.811039        3.3857
BFGS:  108 20:43:19    -1097.934566        2.6866
BFGS:  109 20:43:19    -1098.033156        2.5270
BFGS:  110 20:43:19    -1098.237383        3.4319
BFGS:  111 20:43:19    -1098.426749        4.7843
BFGS:  112 20:43:19    -1098.592372        6.2374
BFGS:  113 20:43:19    -1098.823728        6.9701
BFGS:  114 20:43:19    -1099.140599        5.2705
BFGS:  115 20:43:19    -1099.490785        4.4249
BFGS:  116 20:43:19    -1099.694531        4.3553
BFGS:  117 20:43:19    -1099.830298        3.9848
BFGS:  118 20:43:19    -1099.964594        3.7082
BFGS:  119 20:43:19    -1100.113379        3.5745
BFGS:  120 20:43:19    -1100.277912        3.5665
BFGS:  121 20:43:19    -1100.469915        3.4969
BFGS:  122 20:43:19    -1100.702350        4.0409
BFGS:  123 20:43:19    -1100.946724        4.4532
BFGS:  124 20:43:19    -1101.096879        5.0127
BFGS:  125 20:43:19    -1101.359449        5.9089
BFGS:  126 20:43:19    -1101.626853        6.8975
BFGS:  127 20:43:19    -1101.840685        7.4022
BFGS:  128 20:43:19    -1102.048488        7.1617
BFGS:  129 20:43:19    -1102.302424        6.2359
BFGS:  130 20:43:19    -1102.564376        5.6895
BFGS:  131 20:43:19    -1102.832518        5.2393
BFGS:  132 20:43:19    -1103.050191        4.7391
BFGS:  133 20:43:19    -1103.290444        5.3357
BFGS:  134 20:43:19    -1103.448112        3.9510
BFGS:  135 20:43:19    -1103.546572        2.8297
BFGS:  136 20:43:19    -1103.636560        2.4349
BFGS:  137 20:43:20    -1103.673008        2.1639
BFGS:  138 20:43:20    -1103.717728        2.1143
BFGS:  139 20:43:20    -1103.749037        2.2432
BFGS:  140 20:43:20    -1103.781112        2.0715
BFGS:  141 20:43:20    -1103.807789        2.0958
BFGS:  142 20:43:20    -1103.836615        1.6352
BFGS:  143 20:43:20    -1103.855452        1.4143
BFGS:  144 20:43:20    -1103.872070        1.2603
BFGS:  145 20:43:20    -1103.883180        1.2957
BFGS:  146 20:43:20    -1103.893948        1.2716
BFGS:  147 20:43:20    -1103.906134        1.2549
BFGS:  148 20:43:20    -1103.918988        1.0865
BFGS:  149 20:43:20    -1103.930467        0.9327
BFGS:  150 20:43:20    -1103.940176        0.8944
BFGS:  151 20:43:20    -1103.948145        0.8081
BFGS:  152 20:43:20    -1103.954359        0.6614
BFGS:  153 20:43:20    -1103.959363        0.4899
BFGS:  154 20:43:20    -1103.962780        0.4665
BFGS:  155 20:43:20    -1103.964467        0.5503
BFGS:  156 20:43:20    -1103.965276        0.5538
BFGS:  157 20:43:20    -1103.965925        0.5730
BFGS:  158 20:43:20    -1103.966603        0.5207
BFGS:  159 20:43:20    -1103.967274        0.4691
BFGS:  160 20:43:20    -1103.967838        0.3871
BFGS:  161 20:43:20    -1103.968302        0.3465
BFGS:  162 20:43:20    -1103.968786        0.3162
BFGS:  163 20:43:20    -1103.969352        0.2751
BFGS:  164 20:43:20    -1103.969954        0.2451
BFGS:  165 20:43:20    -1103.970535        0.2001
BFGS:  166 20:43:20    -1103.971126        0.1855
BFGS:  167 20:43:20    -1103.971561        0.3015
BFGS:  168 20:43:20    -1103.972023        0.2177
BFGS:  169 20:43:20    -1103.972624        0.1712
BFGS:  170 20:43:21    -1103.973051        0.1868
BFGS:  171 20:43:21    -1103.973367        0.1310
BFGS:  172 20:43:21    -1103.973530        0.1285
BFGS:  173 20:43:21    -1103.973661        0.1694
BFGS:  174 20:43:21    -1103.973706        0.0954
