      Step     Time          Energy         fmax
BFGS:    0 20:45:19     -754.684322      182.6092
BFGS:    1 20:45:19     -805.909321      146.5517
BFGS:    2 20:45:19     -829.718577      142.3137
BFGS:    3 20:45:19     -847.449145      136.3492
BFGS:    4 20:45:19     -864.950025      133.4191
BFGS:    5 20:45:19     -881.747619      130.3646
BFGS:    6 20:45:19     -898.615215      127.5711
BFGS:    7 20:45:19     -911.263037      122.8807
BFGS:    8 20:45:19     -920.924438      114.8919
BFGS:    9 20:45:19     -929.023578      108.1660
BFGS:   10 20:45:19     -938.375710       94.7410
BFGS:   11 20:45:19     -946.108727       92.3430
BFGS:   12 20:45:19     -953.027183       82.3516
BFGS:   13 20:45:19     -959.583593       74.3253
BFGS:   14 20:45:19     -965.945563       73.0358
BFGS:   15 20:45:19     -971.340986       65.9871
BFGS:   16 20:45:19     -976.216199       63.0301
BFGS:   17 20:45:19     -980.475148       58.6265
BFGS:   18 20:45:19     -984.271686       54.5758
BFGS:   19 20:45:20     -987.651932       51.2259
BFGS:   20 20:45:20     -991.931066       47.3402
BFGS:   21 20:45:20     -995.480188       45.7698
BFGS:   22 20:45:20     -998.739850       43.4309
BFGS:   23 20:45:20    -1001.920743       42.1493
BFGS:   24 20:45:20    -1005.018395       40.8431
BFGS:   25 20:45:20    -1008.108777       39.8850
BFGS:   26 20:45:20    -1011.119648       37.0300
BFGS:   27 20:45:20    -1015.482984       35.0584
BFGS:   28 20:45:20    -1020.036580       33.9638
BFGS:   29 20:45:20    -1024.023084       32.9848
BFGS:   30 20:45:20    -1027.926156       30.9132
BFGS:   31 20:45:20    -1031.992176       28.0795
BFGS:   32 20:45:20    -1035.364681       27.1823
BFGS:   33 20:45:20    -1038.175240       25.9107
BFGS:   34 20:45:20    -1040.669374       24.4569
BFGS:   35 20:45:20    -1043.610554       24.5205
BFGS:   36 20:45:20    -1046.292235       24.4970
BFGS:   37 20:45:20    -1048.664370       24.3755
BFGS:   38 20:45:20    -1050.692878       23.8500
BFGS:   39 20:45:20    -1052.583938       23.3897
BFGS:   40 20:45:20    -1054.876663       22.3682
BFGS:   41 20:45:20    -1056.931634       21.9228
BFGS:   42 20:45:20    -1058.938355       21.3105
BFGS:   43 20:45:20    -1060.689453       19.4283
BFGS:   44 20:45:20    -1062.285069       16.1930
BFGS:   45 20:45:20    -1063.773190       12.6550
BFGS:   46 20:45:21    -1065.096363       13.2701
BFGS:   47 20:45:21    -1066.302015       12.5253
BFGS:   48 20:45:21    -1067.585986       12.9147
BFGS:   49 20:45:21    -1068.793730       12.1328
BFGS:   50 20:45:21    -1069.796187       11.1709
BFGS:   51 20:45:21    -1070.659981        9.8668
BFGS:   52 20:45:21    -1071.458572        8.7952
BFGS:   53 20:45:21    -1072.190276       10.3162
BFGS:   54 20:45:21    -1072.885942       10.8576
BFGS:   55 20:45:21    -1073.537833       11.1003
BFGS:   56 20:45:21    -1074.247075        8.5138
BFGS:   57 20:45:21    -1074.875672        8.3731
BFGS:   58 20:45:21    -1075.392293        7.7985
BFGS:   59 20:45:21    -1075.870420        8.4739
BFGS:   60 20:45:21    -1076.381390        9.2823
BFGS:   61 20:45:21    -1076.868638        8.9830
BFGS:   62 20:45:21    -1077.290506        9.9041
BFGS:   63 20:45:21    -1077.572300        7.3677
BFGS:   64 20:45:21    -1077.753513        6.6619
BFGS:   65 20:45:21    -1077.931975        6.3586
BFGS:   66 20:45:21    -1078.134398        5.6148
BFGS:   67 20:45:21    -1078.335370        6.3634
BFGS:   68 20:45:21    -1078.559026        5.3822
BFGS:   69 20:45:21    -1078.824262        6.3302
BFGS:   70 20:45:21    -1079.077746        6.4719
BFGS:   71 20:45:21    -1079.284639        6.4851
BFGS:   72 20:45:21    -1079.459580        6.8584
BFGS:   73 20:45:21    -1079.612080        6.5035
BFGS:   74 20:45:22    -1079.769050        5.8183
BFGS:   75 20:45:22    -1079.909516        5.3500
BFGS:   76 20:45:22    -1080.042002        4.7208
BFGS:   77 20:45:22    -1080.166950        4.2894
BFGS:   78 20:45:22    -1080.286985        4.2213
BFGS:   79 20:45:22    -1080.408997        4.0085
BFGS:   80 20:45:22    -1080.531955        3.7222
BFGS:   81 20:45:22    -1080.613130        2.8024
BFGS:   82 20:45:22    -1080.686535        2.2279
BFGS:   83 20:45:22    -1080.728996        1.9937
BFGS:   84 20:45:22    -1080.770803        1.5372
BFGS:   85 20:45:22    -1080.804857        1.6186
BFGS:   86 20:45:22    -1080.839340        1.5777
BFGS:   87 20:45:22    -1080.873416        1.7424
BFGS:   88 20:45:22    -1080.932967        2.4139
BFGS:   89 20:45:22    -1081.016394        3.6884
BFGS:   90 20:45:22    -1081.080164        5.9422
BFGS:   91 20:45:22    -1081.235276        5.6851
BFGS:   92 20:45:22    -1081.604284        5.2317
BFGS:   93 20:45:22    -1081.835072        5.1616
BFGS:   94 20:45:22    -1081.945175        5.3583
BFGS:   95 20:45:22    -1082.268204        3.2981
BFGS:   96 20:45:22    -1082.463099        4.2272
BFGS:   97 20:45:22    -1082.661047        6.1963
BFGS:   98 20:45:22    -1082.897521        8.3987
BFGS:   99 20:45:22    -1083.374065        9.4851
BFGS:  100 20:45:22    -1083.854497        8.5977
BFGS:  101 20:45:22    -1084.330664        6.9701
BFGS:  102 20:45:22    -1084.767309        5.8559
BFGS:  103 20:45:23    -1085.123966        5.0706
BFGS:  104 20:45:23    -1085.461289        4.1788
BFGS:  105 20:45:23    -1085.782840        4.4185
BFGS:  106 20:45:23    -1086.109765        5.0994
BFGS:  107 20:45:23    -1086.396895        4.4158
BFGS:  108 20:45:23    -1086.676021        3.4169
BFGS:  109 20:45:23    -1086.799165        3.4789
BFGS:  110 20:45:23    -1086.848538        3.5806
BFGS:  111 20:45:23    -1086.933099        3.5451
BFGS:  112 20:45:23    -1087.021005        3.7050
BFGS:  113 20:45:23    -1087.134765        4.0008
BFGS:  114 20:45:23    -1087.222434        4.0923
BFGS:  115 20:45:23    -1087.306081        4.0352
BFGS:  116 20:45:23    -1087.390554        3.8988
BFGS:  117 20:45:23    -1087.481696        3.7652
BFGS:  118 20:45:23    -1087.570575        3.6903
BFGS:  119 20:45:23    -1087.671763        3.8335
BFGS:  120 20:45:23    -1087.793113        3.6421
BFGS:  121 20:45:23    -1087.966612        2.9943
BFGS:  122 20:45:23    -1088.096136        2.7711
BFGS:  123 20:45:23    -1088.244626        3.1897
BFGS:  124 20:45:23    -1088.343176        3.4153
BFGS:  125 20:45:23    -1088.416965        3.2396
BFGS:  126 20:45:23    -1088.505946        3.1826
BFGS:  127 20:45:23    -1088.578805        3.0742
BFGS:  128 20:45:23    -1088.689682        2.5367
BFGS:  129 20:45:23    -1088.765605        1.8713
BFGS:  130 20:45:23    -1088.858864        1.9616
BFGS:  131 20:45:24    -1088.963939        2.3918
BFGS:  132 20:45:24    -1089.118473        3.6955
BFGS:  133 20:45:24    -1089.266846        5.7146
BFGS:  134 20:45:24    -1089.392543        7.6863
BFGS:  135 20:45:24    -1089.573421        7.7711
BFGS:  136 20:45:24    -1089.903248        7.1598
BFGS:  137 20:45:24    -1090.261108        6.4750
BFGS:  138 20:45:24    -1090.734537        7.3621
BFGS:  139 20:45:24    -1091.127660        9.1177
BFGS:  140 20:45:24    -1091.730601        7.9029
BFGS:  141 20:45:24    -1092.155794        7.6439
BFGS:  142 20:45:24    -1092.513034        5.6063
BFGS:  143 20:45:24    -1092.781162        4.9367
BFGS:  144 20:45:24    -1093.104929        5.1228
BFGS:  145 20:45:24    -1093.379571        5.1325
BFGS:  146 20:45:24    -1093.607989        5.4205
BFGS:  147 20:45:24    -1093.828842        6.1265
BFGS:  148 20:45:24    -1094.053233        7.2518
BFGS:  149 20:45:24    -1094.264529        8.3820
BFGS:  150 20:45:24    -1094.493774        8.9202
BFGS:  151 20:45:24    -1094.774786        8.6365
BFGS:  152 20:45:24    -1095.040835        8.0121
BFGS:  153 20:45:24    -1095.319717        7.0959
BFGS:  154 20:45:24    -1095.564388        6.3139
BFGS:  155 20:45:24    -1095.790331        5.4889
BFGS:  156 20:45:24    -1095.988059        5.2606
BFGS:  157 20:45:24    -1096.168857        5.8423
BFGS:  158 20:45:24    -1096.340362        6.4448
BFGS:  159 20:45:24    -1096.505383        7.0657
BFGS:  160 20:45:25    -1096.668183        7.5860
BFGS:  161 20:45:25    -1096.823763        7.9060
BFGS:  162 20:45:25    -1096.997032        7.9541
BFGS:  163 20:45:25    -1097.155427        7.5512
BFGS:  164 20:45:25    -1097.362124        7.3397
BFGS:  165 20:45:25    -1097.562899        7.7323
BFGS:  166 20:45:25    -1097.846327        8.0698
BFGS:  167 20:45:25    -1098.132438        7.6211
BFGS:  168 20:45:25    -1098.374476        6.9077
BFGS:  169 20:45:25    -1098.657889        4.7710
BFGS:  170 20:45:25    -1098.833843        3.8698
BFGS:  171 20:45:25    -1098.960542        3.3829
BFGS:  172 20:45:25    -1099.098461        2.3177
BFGS:  173 20:45:25    -1099.316744        4.0212
BFGS:  174 20:45:25    -1099.578618        5.8585
BFGS:  175 20:45:25    -1099.720106        8.0249
BFGS:  176 20:45:25    -1100.052658        6.2566
BFGS:  177 20:45:25    -1100.522161        3.6369
BFGS:  178 20:45:25    -1100.828358        2.7301
BFGS:  179 20:45:25    -1100.987013        2.6509
BFGS:  180 20:45:25    -1101.072966        1.3843
BFGS:  181 20:45:25    -1101.092178        1.2578
BFGS:  182 20:45:25    -1101.106448        0.9201
BFGS:  183 20:45:25    -1101.118318        0.6979
BFGS:  184 20:45:25    -1101.123672        0.6318
BFGS:  185 20:45:25    -1101.127431        0.3948
BFGS:  186 20:45:25    -1101.129414        0.3370
BFGS:  187 20:45:25    -1101.130630        0.2961
BFGS:  188 20:45:25    -1101.131599        0.2389
BFGS:  189 20:45:26    -1101.132170        0.1539
BFGS:  190 20:45:26    -1101.132453        0.1438
BFGS:  191 20:45:26    -1101.132613        0.1093
BFGS:  192 20:45:26    -1101.132707        0.0718
