      Step     Time          Energy         fmax
BFGS:    0 20:48:25     -853.974496       99.0992
BFGS:    1 20:48:25     -880.056094       70.5514
BFGS:    2 20:48:25     -895.740306       82.9968
BFGS:    3 20:48:25     -909.495250       77.1082
BFGS:    4 20:48:25     -918.576202       69.5096
BFGS:    5 20:48:25     -927.361560       67.7507
BFGS:    6 20:48:25     -935.186816       60.3761
BFGS:    7 20:48:25     -942.323566       56.9260
BFGS:    8 20:48:25     -949.069798       52.7260
BFGS:    9 20:48:25     -955.612881       53.5772
BFGS:   10 20:48:25     -962.903261       49.9123
BFGS:   11 20:48:25     -970.242540       60.6503
BFGS:   12 20:48:25     -976.450226       54.4761
BFGS:   13 20:48:25     -981.755647       55.3151
BFGS:   14 20:48:25     -986.888134       49.5508
BFGS:   15 20:48:25     -991.198398       49.8817
BFGS:   16 20:48:25     -994.920607       47.2410
BFGS:   17 20:48:25     -998.468999       41.6800
BFGS:   18 20:48:25    -1002.279937       37.6848
BFGS:   19 20:48:25    -1005.780119       34.5898
BFGS:   20 20:48:25    -1009.060105       32.2341
BFGS:   21 20:48:25    -1011.855588       28.3671
BFGS:   22 20:48:25    -1013.548988       26.6884
BFGS:   23 20:48:25    -1015.038135       24.1579
BFGS:   24 20:48:25    -1016.688952       22.6771
BFGS:   25 20:48:26    -1018.365964       19.9654
BFGS:   26 20:48:26    -1019.892468       18.4545
BFGS:   27 20:48:26    -1021.335533       16.4002
BFGS:   28 20:48:26    -1022.804246       15.5051
BFGS:   29 20:48:26    -1024.310320       16.8389
BFGS:   30 20:48:26    -1025.818210       18.3837
BFGS:   31 20:48:26    -1027.316181       20.0961
BFGS:   32 20:48:26    -1028.866033       22.3163
BFGS:   33 20:48:26    -1030.339237       24.4356
BFGS:   34 20:48:26    -1032.111462       25.5856
BFGS:   35 20:48:26    -1034.115797       26.7140
BFGS:   36 20:48:26    -1035.895981       26.8000
BFGS:   37 20:48:26    -1037.667929       27.0486
BFGS:   38 20:48:26    -1039.681155       25.7803
BFGS:   39 20:48:26    -1041.650703       23.7372
BFGS:   40 20:48:26    -1043.744578       22.9358
BFGS:   41 20:48:26    -1045.758688       22.3711
BFGS:   42 20:48:26    -1047.711390       21.0847
BFGS:   43 20:48:26    -1049.769950       21.4905
BFGS:   44 20:48:26    -1051.738901       21.7417
BFGS:   45 20:48:26    -1053.641907       21.0250
BFGS:   46 20:48:26    -1055.643258       18.1665
BFGS:   47 20:48:26    -1057.634554       19.5383
BFGS:   48 20:48:26    -1059.690812       21.5386
BFGS:   49 20:48:26    -1061.716165       22.7560
BFGS:   50 20:48:26    -1063.750010       22.3906
BFGS:   51 20:48:26    -1065.873381       21.7547
BFGS:   52 20:48:26    -1068.068829       21.6601
BFGS:   53 20:48:27    -1069.972208       20.1075
BFGS:   54 20:48:27    -1071.504288       17.7279
BFGS:   55 20:48:27    -1073.046279       15.0081
BFGS:   56 20:48:27    -1074.418031       12.3148
BFGS:   57 20:48:27    -1075.723202        9.8649
BFGS:   58 20:48:27    -1076.974900        7.8912
BFGS:   59 20:48:27    -1078.114130        8.0067
BFGS:   60 20:48:27    -1079.134039        7.8558
BFGS:   61 20:48:27    -1080.092289        8.3692
BFGS:   62 20:48:27    -1080.963042        9.2314
BFGS:   63 20:48:27    -1081.791074        9.7005
BFGS:   64 20:48:27    -1082.586427        9.8057
BFGS:   65 20:48:27    -1083.350683        9.6727
BFGS:   66 20:48:27    -1084.092042        9.3697
BFGS:   67 20:48:27    -1084.802953        8.9531
BFGS:   68 20:48:27    -1085.481501        8.2266
BFGS:   69 20:48:27    -1086.135051        8.3446
BFGS:   70 20:48:27    -1086.765963        8.5291
BFGS:   71 20:48:27    -1087.387279        8.7547
BFGS:   72 20:48:27    -1088.003357        9.0908
BFGS:   73 20:48:27    -1088.556985        9.0703
BFGS:   74 20:48:27    -1089.053303        8.9728
BFGS:   75 20:48:27    -1089.525712        9.2748
BFGS:   76 20:48:27    -1090.009031        9.3510
BFGS:   77 20:48:27    -1090.514145        8.9583
BFGS:   78 20:48:27    -1091.006915        8.3656
BFGS:   79 20:48:27    -1091.451389        7.7393
BFGS:   80 20:48:27    -1091.847623        7.3159
BFGS:   81 20:48:27    -1092.195157        7.1292
BFGS:   82 20:48:27    -1092.516621        6.8350
BFGS:   83 20:48:27    -1092.885905        6.2138
BFGS:   84 20:48:27    -1093.255602        6.4391
BFGS:   85 20:48:27    -1093.616169        5.3465
BFGS:   86 20:48:27    -1093.967416        5.5838
BFGS:   87 20:48:28    -1094.300612        4.9683
BFGS:   88 20:48:28    -1094.604825        4.2938
BFGS:   89 20:48:28    -1094.915837        4.7433
BFGS:   90 20:48:28    -1095.250086        5.5739
BFGS:   91 20:48:28    -1095.621297        6.0644
BFGS:   92 20:48:28    -1096.032174        7.2569
BFGS:   93 20:48:28    -1096.496779        8.7897
BFGS:   94 20:48:28    -1096.991530       10.1758
BFGS:   95 20:48:28    -1097.572123       11.8242
BFGS:   96 20:48:28    -1098.124686       13.8576
BFGS:   97 20:48:28    -1098.761340       15.0552
BFGS:   98 20:48:28    -1099.342869       15.8551
BFGS:   99 20:48:28    -1100.102654       15.3401
BFGS:  100 20:48:28    -1100.863317       15.0162
BFGS:  101 20:48:28    -1101.957034       13.1373
BFGS:  102 20:48:28    -1103.188641       10.8593
BFGS:  103 20:48:28    -1104.013484        7.6052
BFGS:  104 20:48:28    -1104.629348        5.8291
BFGS:  105 20:48:28    -1105.165763        5.1472
BFGS:  106 20:48:28    -1105.441547        5.2614
BFGS:  107 20:48:28    -1105.760983        4.6198
BFGS:  108 20:48:28    -1105.972790        4.3220
BFGS:  109 20:48:28    -1106.247694        3.6836
BFGS:  110 20:48:28    -1106.469242        6.2935
BFGS:  111 20:48:28    -1106.625655        3.2099
BFGS:  112 20:48:28    -1106.782603        2.9744
BFGS:  113 20:48:28    -1106.905105        3.7942
BFGS:  114 20:48:28    -1107.015707        2.8152
BFGS:  115 20:48:28    -1107.118519        2.0378
BFGS:  116 20:48:28    -1107.222196        2.0133
BFGS:  117 20:48:28    -1107.287210        1.9487
BFGS:  118 20:48:28    -1107.363676        2.3004
BFGS:  119 20:48:28    -1107.483147        2.9838
BFGS:  120 20:48:28    -1107.582365        4.0560
BFGS:  121 20:48:28    -1107.693099        5.1662
BFGS:  122 20:48:28    -1107.818827        5.8919
BFGS:  123 20:48:28    -1107.920509        6.0242
BFGS:  124 20:48:28    -1108.095293        5.4420
BFGS:  125 20:48:28    -1108.272253        5.9283
BFGS:  126 20:48:28    -1108.549431        4.9683
BFGS:  127 20:48:28    -1108.678442        4.3416
BFGS:  128 20:48:29    -1108.771314        4.1163
BFGS:  129 20:48:29    -1108.805575        3.8673
BFGS:  130 20:48:29    -1108.844100        3.6579
BFGS:  131 20:48:29    -1108.871938        3.3926
BFGS:  132 20:48:29    -1108.904594        3.3532
BFGS:  133 20:48:29    -1108.948025        3.2350
BFGS:  134 20:48:29    -1108.999725        3.4801
BFGS:  135 20:48:29    -1109.050197        3.4936
BFGS:  136 20:48:29    -1109.103583        2.6352
BFGS:  137 20:48:29    -1109.141348        2.2363
BFGS:  138 20:48:29    -1109.184918        1.9775
BFGS:  139 20:48:29    -1109.228387        1.7913
BFGS:  140 20:48:29    -1109.266916        1.5607
BFGS:  141 20:48:29    -1109.284475        1.7473
BFGS:  142 20:48:29    -1109.296285        1.6190
BFGS:  143 20:48:29    -1109.305035        1.5471
BFGS:  144 20:48:29    -1109.315355        1.4692
BFGS:  145 20:48:29    -1109.321365        1.4480
BFGS:  146 20:48:29    -1109.329813        1.2633
BFGS:  147 20:48:29    -1109.334774        1.2490
BFGS:  148 20:48:29    -1109.339180        1.2206
BFGS:  149 20:48:29    -1109.343231        1.2111
BFGS:  150 20:48:29    -1109.348644        1.1834
BFGS:  151 20:48:29    -1109.355552        1.0920
BFGS:  152 20:48:29    -1109.364277        1.0522
BFGS:  153 20:48:29    -1109.375038        1.1183
BFGS:  154 20:48:29    -1109.388733        1.2083
BFGS:  155 20:48:29    -1109.404188        1.1308
BFGS:  156 20:48:29    -1109.417376        0.8553
BFGS:  157 20:48:29    -1109.424679        0.6489
BFGS:  158 20:48:29    -1109.428476        0.6006
BFGS:  159 20:48:29    -1109.431396        0.5684
BFGS:  160 20:48:29    -1109.433749        0.6283
BFGS:  161 20:48:29    -1109.435900        0.6593
BFGS:  162 20:48:29    -1109.438215        0.6267
BFGS:  163 20:48:29    -1109.440881        0.4966
BFGS:  164 20:48:29    -1109.443296        0.3745
BFGS:  165 20:48:29    -1109.444735        0.4053
BFGS:  166 20:48:29    -1109.445407        0.3597
BFGS:  167 20:48:29    -1109.445818        0.3210
BFGS:  168 20:48:29    -1109.446225        0.2704
BFGS:  169 20:48:30    -1109.446654        0.2444
BFGS:  170 20:48:30    -1109.447049        0.1980
BFGS:  171 20:48:30    -1109.447376        0.1681
BFGS:  172 20:48:30    -1109.447734        0.1830
BFGS:  173 20:48:30    -1109.448218        0.1795
BFGS:  174 20:48:30    -1109.448735        0.1441
BFGS:  175 20:48:30    -1109.449104        0.1717
BFGS:  176 20:48:30    -1109.449299        0.1897
BFGS:  177 20:48:30    -1109.449442        0.1896
BFGS:  178 20:48:30    -1109.449616        0.1766
BFGS:  179 20:48:30    -1109.449845        0.1477
BFGS:  180 20:48:30    -1109.450083        0.1109
BFGS:  181 20:48:30    -1109.450240        0.1065
BFGS:  182 20:48:30    -1109.450327        0.0984
