      Step     Time          Energy         fmax
BFGS:    0 20:49:45     -802.874675      154.0830
BFGS:    1 20:49:45     -833.642729      100.9335
BFGS:    2 20:49:45     -844.695129      105.4962
BFGS:    3 20:49:45     -857.495230      107.1877
BFGS:    4 20:49:45     -869.470365      113.4459
BFGS:    5 20:49:45     -880.825614       97.6475
BFGS:    6 20:49:45     -893.066387       87.3866
BFGS:    7 20:49:45     -904.558060       84.3075
BFGS:    8 20:49:45     -912.621039       84.6307
BFGS:    9 20:49:45     -920.566112       86.6874
BFGS:   10 20:49:45     -928.483310       88.5211
BFGS:   11 20:49:45     -936.631582       86.9335
BFGS:   12 20:49:45     -944.938363       88.1982
BFGS:   13 20:49:45     -953.079494       89.3895
BFGS:   14 20:49:46     -960.836430       90.7326
BFGS:   15 20:49:46     -968.322456       90.5878
BFGS:   16 20:49:46     -975.705868       90.3503
BFGS:   17 20:49:46     -983.433419       90.9124
BFGS:   18 20:49:46     -991.383280       87.6080
BFGS:   19 20:49:46     -997.620091       86.0728
BFGS:   20 20:49:46    -1002.723077       82.8854
BFGS:   21 20:49:46    -1006.991982       80.9582
BFGS:   22 20:49:46    -1010.795710       76.7764
BFGS:   23 20:49:46    -1014.563077       74.5160
BFGS:   24 20:49:46    -1018.436858       71.7823
BFGS:   25 20:49:46    -1022.472653       67.5814
BFGS:   26 20:49:46    -1026.411698       64.6674
BFGS:   27 20:49:46    -1030.226155       61.3601
BFGS:   28 20:49:46    -1033.698333       56.7519
BFGS:   29 20:49:46    -1036.395750       53.7810
BFGS:   30 20:49:46    -1038.797862       49.1445
BFGS:   31 20:49:46    -1041.282354       44.9916
BFGS:   32 20:49:46    -1044.038681       37.7341
BFGS:   33 20:49:46    -1046.559177       32.4724
BFGS:   34 20:49:46    -1049.048144       24.7454
BFGS:   35 20:49:46    -1051.057937       17.8488
BFGS:   36 20:49:46    -1052.502488       16.4149
BFGS:   37 20:49:46    -1053.687686       15.4238
BFGS:   38 20:49:46    -1054.826623       14.4887
BFGS:   39 20:49:46    -1055.922443       13.3886
BFGS:   40 20:49:47    -1057.011210       15.6597
BFGS:   41 20:49:47    -1058.105760       16.4545
BFGS:   42 20:49:47    -1059.209199       18.7862
BFGS:   43 20:49:47    -1060.357365       19.3693
BFGS:   44 20:49:47    -1061.461059       20.2539
BFGS:   45 20:49:47    -1062.550586       19.4496
BFGS:   46 20:49:47    -1063.495817       19.5083
BFGS:   47 20:49:47    -1064.283869       17.7322
BFGS:   48 20:49:47    -1064.920163       17.2710
BFGS:   49 20:49:47    -1065.487332       16.3004
BFGS:   50 20:49:47    -1065.959951       16.3495
BFGS:   51 20:49:47    -1066.438432       17.4086
BFGS:   52 20:49:47    -1066.922014       18.5672
BFGS:   53 20:49:47    -1067.438316       20.7089
BFGS:   54 20:49:47    -1067.988584       22.3387
BFGS:   55 20:49:47    -1068.595357       23.5082
BFGS:   56 20:49:47    -1069.337460       21.3747
BFGS:   57 20:49:47    -1070.183112       16.4493
BFGS:   58 20:49:47    -1071.190495       12.9060
BFGS:   59 20:49:47    -1072.397877       14.0986
BFGS:   60 20:49:47    -1073.452522       14.0328
BFGS:   61 20:49:47    -1074.500546       13.2575
BFGS:   62 20:49:47    -1075.461741       11.3716
BFGS:   63 20:49:47    -1076.254205        9.2767
BFGS:   64 20:49:48    -1076.863453        6.1902
BFGS:   65 20:49:48    -1077.254812        5.1827
BFGS:   66 20:49:48    -1077.630961        4.8771
BFGS:   67 20:49:48    -1077.971610        5.2570
BFGS:   68 20:49:48    -1078.305353        6.0504
BFGS:   69 20:49:48    -1078.677084        6.6952
BFGS:   70 20:49:48    -1079.072726        8.4033
BFGS:   71 20:49:48    -1079.428932       10.1156
BFGS:   72 20:49:48    -1079.771325       11.8553
BFGS:   73 20:49:48    -1080.130128       11.8233
BFGS:   74 20:49:48    -1080.325619       10.2820
BFGS:   75 20:49:48    -1080.409828       10.1966
BFGS:   76 20:49:48    -1080.456007        9.7465
BFGS:   77 20:49:48    -1080.493486        9.5955
BFGS:   78 20:49:48    -1080.527422        9.6533
BFGS:   79 20:49:48    -1080.560191        9.3706
BFGS:   80 20:49:48    -1080.604211        9.1904
BFGS:   81 20:49:48    -1080.694618        8.6088
BFGS:   82 20:49:48    -1080.773875        7.8544
BFGS:   83 20:49:48    -1080.900717        7.0619
BFGS:   84 20:49:48    -1081.062829        7.7566
BFGS:   85 20:49:48    -1081.288642        8.7947
BFGS:   86 20:49:48    -1081.489219        9.2511
BFGS:   87 20:49:48    -1081.704407        9.6144
BFGS:   88 20:49:48    -1081.934086        9.6860
BFGS:   89 20:49:48    -1082.179018        9.5671
BFGS:   90 20:49:49    -1082.417982        9.2015
BFGS:   91 20:49:49    -1082.649532        8.8065
BFGS:   92 20:49:49    -1082.880920        9.7855
BFGS:   93 20:49:49    -1083.116751       10.8545
BFGS:   94 20:49:49    -1083.335133       11.7055
BFGS:   95 20:49:49    -1083.540281       11.6444
BFGS:   96 20:49:49    -1083.771683       11.7433
BFGS:   97 20:49:49    -1084.115695       10.2190
BFGS:   98 20:49:49    -1084.378590        9.6398
BFGS:   99 20:49:49    -1084.700823        8.5446
BFGS:  100 20:49:49    -1084.921823        8.4374
BFGS:  101 20:49:49    -1085.171503        7.0233
BFGS:  102 20:49:49    -1085.307494        6.9426
BFGS:  103 20:49:49    -1085.585472        7.3437
BFGS:  104 20:49:49    -1085.788022        7.8983
BFGS:  105 20:49:49    -1086.020687        8.7470
BFGS:  106 20:49:49    -1086.262436        9.0331
BFGS:  107 20:49:49    -1086.530101        8.9358
BFGS:  108 20:49:49    -1086.767390        9.0739
BFGS:  109 20:49:49    -1086.903737        8.2222
BFGS:  110 20:49:49    -1087.023727        8.0547
BFGS:  111 20:49:49    -1087.155819        7.3135
BFGS:  112 20:49:49    -1087.357916        6.6286
BFGS:  113 20:49:49    -1087.567269        6.3694
BFGS:  114 20:49:49    -1087.787921        6.1748
BFGS:  115 20:49:49    -1088.030820        6.6129
BFGS:  116 20:49:49    -1088.139778        5.9062
BFGS:  117 20:49:49    -1088.235849        4.2653
BFGS:  118 20:49:50    -1088.313801        3.6713
BFGS:  119 20:49:50    -1088.393073        3.0857
BFGS:  120 20:49:50    -1088.441638        3.1730
BFGS:  121 20:49:50    -1088.480231        2.6602
BFGS:  122 20:49:50    -1088.512159        3.0105
BFGS:  123 20:49:50    -1088.549897        2.4237
BFGS:  124 20:49:50    -1088.576764        2.2523
BFGS:  125 20:49:50    -1088.603883        2.0099
BFGS:  126 20:49:50    -1088.634680        1.8117
BFGS:  127 20:49:50    -1088.681618        1.9724
BFGS:  128 20:49:50    -1088.742069        1.9597
BFGS:  129 20:49:50    -1088.793949        1.6034
BFGS:  130 20:49:50    -1088.833490        1.2409
BFGS:  131 20:49:50    -1088.850565        0.9732
BFGS:  132 20:49:50    -1088.858018        0.8775
BFGS:  133 20:49:50    -1088.864276        0.9483
BFGS:  134 20:49:50    -1088.868143        0.7117
BFGS:  135 20:49:50    -1088.872592        0.5886
BFGS:  136 20:49:50    -1088.878565        0.5540
BFGS:  137 20:49:50    -1088.868373        2.0583
BFGS:  138 20:49:50    -1088.899676        2.7472
BFGS:  139 20:49:50    -1089.040424        2.4208
BFGS:  140 20:49:50    -1089.142674        3.4043
BFGS:  141 20:49:50    -1089.202408        3.3188
BFGS:  142 20:49:50    -1089.244969        2.0193
BFGS:  143 20:49:50    -1089.277295        2.2754
BFGS:  144 20:49:50    -1089.315182        2.0408
BFGS:  145 20:49:50    -1089.335423        1.7054
BFGS:  146 20:49:51    -1089.346458        1.5352
BFGS:  147 20:49:51    -1089.358244        1.6966
BFGS:  148 20:49:51    -1089.365416        1.6948
BFGS:  149 20:49:51    -1089.375835        1.7081
BFGS:  150 20:49:51    -1089.385863        1.6345
BFGS:  151 20:49:51    -1089.395315        1.6800
BFGS:  152 20:49:51    -1089.412054        1.8328
BFGS:  153 20:49:51    -1089.418717        1.8395
BFGS:  154 20:49:51    -1089.438150        2.1067
BFGS:  155 20:49:51    -1089.438511        2.9709
BFGS:  156 20:49:51    -1089.454900        2.3515
BFGS:  157 20:49:51    -1089.452698        1.8754
BFGS:  158 20:49:51    -1089.462325        1.8432
BFGS:  159 20:49:51    -1089.460517        2.6444
BFGS:  160 20:49:51    -1089.471393        2.2781
BFGS:  161 20:49:51    -1089.457667        2.1686
BFGS:  162 20:49:51    -1089.471748        1.7984
BFGS:  163 20:49:51    -1089.464442        2.6242
BFGS:  164 20:49:51    -1089.476824        2.2128
BFGS:  165 20:49:51    -1089.463458        2.1264
BFGS:  166 20:49:51    -1089.477830        1.7654
BFGS:  167 20:49:51    -1089.467656        2.6061
BFGS:  168 20:49:51    -1089.480414        2.1793
BFGS:  169 20:49:51    -1089.468216        2.1068
BFGS:  170 20:49:51    -1089.482721        1.7545
BFGS:  171 20:49:51    -1089.470673        2.5700
BFGS:  172 20:49:51    -1089.483643        2.1377
BFGS:  173 20:49:51    -1089.472019        2.1116
BFGS:  174 20:49:52    -1089.486712        1.7472
BFGS:  175 20:49:52    -1089.473531        2.5248
BFGS:  176 20:49:52    -1089.486667        2.0904
BFGS:  177 20:49:52    -1089.474987        2.1319
BFGS:  178 20:49:52    -1089.489994        1.7400
BFGS:  179 20:49:52    -1089.476182        2.4790
BFGS:  180 20:49:52    -1089.489495        2.0422
BFGS:  181 20:49:52    -1089.477325        2.1601
BFGS:  182 20:49:52    -1089.492732        1.7331
BFGS:  183 20:49:52    -1089.478610        2.4364
BFGS:  184 20:49:52    -1089.492126        1.9960
BFGS:  185 20:49:52    -1089.479224        2.1906
BFGS:  186 20:49:52    -1089.495069        1.7269
BFGS:  187 20:49:52    -1089.480677        2.3977
BFGS:  188 20:49:52    -1089.493932        1.9721
BFGS:  189 20:49:52    -1089.468387        2.4500
BFGS:  190 20:49:52    -1089.496132        1.7851
BFGS:  191 20:49:52    -1089.484197        2.2851
BFGS:  192 20:49:52    -1089.497643        1.8744
BFGS:  193 20:49:52    -1089.483023        2.2528
BFGS:  194 20:49:52    -1089.498578        1.7767
BFGS:  195 20:49:52    -1089.485827        2.2936
BFGS:  196 20:49:52    -1089.499361        1.8582
BFGS:  197 20:49:52    -1089.484169        2.2763
BFGS:  198 20:49:52    -1089.500443        1.7854
BFGS:  199 20:49:52    -1089.487345        2.2742
BFGS:  200 20:49:52    -1089.501092        1.8335
BFGS:  201 20:49:52    -1089.485442        2.2865
BFGS:  202 20:49:53    -1089.502123        1.7941
BFGS:  203 20:49:53    -1089.488820        2.2520
BFGS:  204 20:49:53    -1089.502703        1.8097
BFGS:  205 20:49:53    -1089.486767        2.2925
BFGS:  206 20:49:53    -1089.503684        1.8009
BFGS:  207 20:49:53    -1089.490252        2.2285
BFGS:  208 20:49:53    -1089.504185        1.7877
BFGS:  209 20:49:53    -1089.488152        2.2970
BFGS:  210 20:49:53    -1089.505162        1.8058
BFGS:  211 20:49:53    -1089.491642        2.2041
BFGS:  212 20:49:53    -1089.505550        1.7678
BFGS:  213 20:49:53    -1089.489585        2.3005
BFGS:  214 20:49:53    -1089.506578        1.8091
BFGS:  215 20:49:53    -1089.492927        2.1797
BFGS:  216 20:49:53    -1089.506548        1.7660
BFGS:  217 20:49:53    -1089.486905        2.3633
BFGS:  218 20:49:53    -1089.507729        1.8244
BFGS:  219 20:49:53    -1089.495593        2.1050
BFGS:  220 20:49:53    -1089.508541        1.7097
BFGS:  221 20:49:53    -1089.493529        2.2859
BFGS:  222 20:49:53    -1089.509229        1.8166
BFGS:  223 20:49:53    -1089.496178        2.1143
BFGS:  224 20:49:53    -1089.509363        1.7045
BFGS:  225 20:49:53    -1089.494439        2.2973
BFGS:  226 20:49:53    -1089.510543        1.8180
BFGS:  227 20:49:53    -1089.497095        2.1008
BFGS:  228 20:49:53    -1089.510247        1.6948
BFGS:  229 20:49:53    -1089.495633        2.2946
BFGS:  230 20:49:54    -1089.511785        1.8194
BFGS:  231 20:49:54    -1089.498015        2.0857
BFGS:  232 20:49:54    -1089.511101        1.6848
BFGS:  233 20:49:54    -1089.496909        2.2890
BFGS:  234 20:49:54    -1089.512971        1.8201
BFGS:  235 20:49:54    -1089.498934        2.0700
BFGS:  236 20:49:54    -1089.511919        1.6746
BFGS:  237 20:49:54    -1089.498194        2.2955
BFGS:  238 20:49:54    -1089.514022        1.8278
BFGS:  239 20:49:54    -1089.497601        2.1168
BFGS:  240 20:49:54    -1089.512310        1.6770
BFGS:  241 20:49:54    -1089.499207        2.2926
BFGS:  242 20:49:54    -1089.515414        1.8233
BFGS:  243 20:49:54    -1089.500444        2.0415
BFGS:  244 20:49:54    -1089.513294        1.6619
BFGS:  245 20:49:54    -1089.500703        2.2736
BFGS:  246 20:49:54    -1089.516377        1.8258
BFGS:  247 20:49:54    -1089.501398        2.0228
BFGS:  248 20:49:54    -1089.514096        1.6566
BFGS:  249 20:49:54    -1089.502043        2.2650
BFGS:  250 20:49:54    -1089.517336        1.8259
BFGS:  251 20:49:54    -1089.502323        2.0056
BFGS:  252 20:49:54    -1089.514833        1.6518
BFGS:  253 20:49:54    -1089.503264        2.2597
BFGS:  254 20:49:54    -1089.518256        1.8260
BFGS:  255 20:49:54    -1089.503187        1.9899
BFGS:  256 20:49:54    -1089.515521        1.6477
BFGS:  257 20:49:55    -1089.504410        2.2554
BFGS:  258 20:49:55    -1089.519142        1.8260
BFGS:  259 20:49:55    -1089.503992        1.9757
BFGS:  260 20:49:55    -1089.516165        1.6440
BFGS:  261 20:49:55    -1089.505500        2.2514
BFGS:  262 20:49:55    -1089.519995        1.8259
BFGS:  263 20:49:55    -1089.504747        1.9626
BFGS:  264 20:49:55    -1089.516770        1.6407
BFGS:  265 20:49:55    -1089.506540        2.2475
BFGS:  266 20:49:55    -1089.520817        1.8259
BFGS:  267 20:49:55    -1089.505457        1.9507
BFGS:  268 20:49:55    -1089.517342        1.6377
BFGS:  269 20:49:55    -1089.507529        2.2418
BFGS:  270 20:49:55    -1089.521496        1.8356
BFGS:  271 20:49:55    -1089.503015        2.0092
BFGS:  272 20:49:55    -1089.517381        1.6315
BFGS:  273 20:49:55    -1089.507979        2.2462
BFGS:  274 20:49:55    -1089.522625        1.8283
BFGS:  275 20:49:55    -1089.506708        1.9243
BFGS:  276 20:49:55    -1089.518313        1.6341
BFGS:  277 20:49:55    -1089.509677        2.2356
BFGS:  278 20:49:55    -1089.523294        1.8297
BFGS:  279 20:49:55    -1089.507315        1.9176
BFGS:  280 20:49:55    -1089.518840        1.6316
BFGS:  281 20:49:55    -1089.510495        2.2338
BFGS:  282 20:49:55    -1089.523980        1.8300
BFGS:  283 20:49:55    -1089.507900        1.9087
BFGS:  284 20:49:55    -1089.519322        1.6294
BFGS:  285 20:49:56    -1089.511302        2.2310
BFGS:  286 20:49:56    -1089.524507        1.6985
BFGS:  287 20:49:56    -1089.521907        1.9380
BFGS:  288 20:49:56    -1089.523876        1.8669
BFGS:  289 20:49:56    -1089.503656        2.0435
BFGS:  290 20:49:56    -1089.518885        1.6588
BFGS:  291 20:49:56    -1089.510549        2.2690
BFGS:  292 20:49:56    -1089.524591        1.7062
BFGS:  293 20:49:56    -1089.523208        1.9309
BFGS:  294 20:49:56    -1089.525464        1.8603
BFGS:  295 20:49:56    -1089.503434        2.0313
BFGS:  296 20:49:56    -1089.518967        1.6655
BFGS:  297 20:49:56    -1089.512238        2.2460
BFGS:  298 20:49:56    -1089.524715        1.7103
BFGS:  299 20:49:56    -1089.524655        1.9201
BFGS:  300 20:49:56    -1089.525585        1.7197
BFGS:  301 20:49:56    -1089.526080        1.7166
BFGS:  302 20:49:56    -1089.503871        2.3894
BFGS:  303 20:49:56    -1089.521821        1.9375
BFGS:  304 20:49:56    -1089.503250        1.9851
BFGS:  305 20:49:56    -1089.520667        1.7309
BFGS:  306 20:49:56    -1089.505537        2.3965
BFGS:  307 20:49:56    -1089.525571        1.9104
BFGS:  308 20:49:56    -1089.509126        1.8509
BFGS:  309 20:49:56    -1089.521291        1.7130
BFGS:  310 20:49:56    -1089.507466        2.3758
BFGS:  311 20:49:56    -1089.525871        1.9114
BFGS:  312 20:49:57    -1089.508322        1.8810
BFGS:  313 20:49:57    -1089.521500        1.7002
BFGS:  314 20:49:57    -1089.509591        2.3614
BFGS:  315 20:49:57    -1089.526606        1.9012
BFGS:  316 20:49:57    -1089.509376        1.8667
BFGS:  317 20:49:57    -1089.521765        1.6907
BFGS:  318 20:49:57    -1089.511134        2.3302
BFGS:  319 20:49:57    -1089.527139        1.8953
BFGS:  320 20:49:57    -1089.509741        1.8657
BFGS:  321 20:49:57    -1089.522026        1.6838
BFGS:  322 20:49:57    -1089.512506        2.3085
BFGS:  323 20:49:57    -1089.527497        1.7170
BFGS:  324 20:49:57    -1089.524519        1.9967
BFGS:  325 20:49:57    -1089.526686        1.9225
BFGS:  326 20:49:57    -1089.506984        1.9679
BFGS:  327 20:49:57    -1089.521789        1.7047
BFGS:  328 20:49:57    -1089.512159        2.3289
BFGS:  329 20:49:57    -1089.527502        1.7227
BFGS:  330 20:49:57    -1089.525189        1.9909
BFGS:  331 20:49:57    -1089.527512        1.9177
BFGS:  332 20:49:57    -1089.506448        1.9727
BFGS:  333 20:49:57    -1089.521720        1.7102
BFGS:  334 20:49:57    -1089.513196        2.3111
BFGS:  335 20:49:57    -1089.527469        1.7279
BFGS:  336 20:49:57    -1089.526021        1.9351
BFGS:  337 20:49:57    -1089.528223        1.9176
BFGS:  338 20:49:57    -1089.500901        2.1209
BFGS:  339 20:49:57    -1089.520908        1.7125
BFGS:  340 20:49:58    -1089.513590        2.3187
BFGS:  341 20:49:58    -1089.527277        1.7322
BFGS:  342 20:49:58    -1089.526960        1.9743
BFGS:  343 20:49:58    -1089.528140        1.7388
BFGS:  344 20:49:58    -1089.528636        1.7356
BFGS:  345 20:49:58    -1089.508780        2.3999
BFGS:  346 20:49:58    -1089.524639        2.0252
BFGS:  347 20:49:58    -1089.508322        1.8825
BFGS:  348 20:49:58    -1089.523662        1.7333
BFGS:  349 20:49:58    -1089.510750        2.3646
BFGS:  350 20:49:58    -1089.528552        1.9272
BFGS:  351 20:49:58    -1089.509117        1.8675
BFGS:  352 20:49:58    -1089.522964        1.7232
BFGS:  353 20:49:58    -1089.512802        2.3445
BFGS:  354 20:49:58    -1089.528804        1.7359
BFGS:  355 20:49:58    -1089.525993        2.0200
BFGS:  356 20:49:58    -1089.528360        1.9450
BFGS:  357 20:49:58    -1089.507676        1.9382
BFGS:  358 20:49:58    -1089.522946        1.7355
BFGS:  359 20:49:58    -1089.513529        2.3521
BFGS:  360 20:49:58    -1089.528736        1.7439
BFGS:  361 20:49:58    -1089.526655        2.0171
BFGS:  362 20:49:58    -1089.529019        1.8864
BFGS:  363 20:49:58    -1089.462461        2.8300
BFGS:  364 20:49:58    -1089.518562        1.7650
BFGS:  365 20:49:58    -1089.517164        2.3259
BFGS:  366 20:49:58    -1089.526984        1.7647
BFGS:  367 20:49:58    -1089.529286        1.9678
BFGS:  368 20:49:59    -1089.528134        1.7672
BFGS:  369 20:49:59    -1089.528740        1.7624
BFGS:  370 20:49:59    -1089.509504        2.4392
BFGS:  371 20:49:59    -1089.526545        2.0293
BFGS:  372 20:49:59    -1089.511295        1.8215
BFGS:  373 20:49:59    -1089.524552        1.7705
BFGS:  374 20:49:59    -1089.510818        2.4221
BFGS:  375 20:49:59    -1089.529711        1.9490
BFGS:  376 20:49:59    -1089.511227        1.8205
BFGS:  377 20:49:59    -1089.523862        1.7598
BFGS:  378 20:49:59    -1089.513087        2.3947
BFGS:  379 20:49:59    -1089.529497        1.7544
BFGS:  380 20:49:59    -1089.527098        2.0380
BFGS:  381 20:49:59    -1089.529458        1.9649
BFGS:  382 20:49:59    -1089.508372        1.9198
BFGS:  383 20:49:59    -1089.523600        1.7658
BFGS:  384 20:49:59    -1089.514068        2.4003
BFGS:  385 20:49:59    -1089.529353        1.7602
BFGS:  386 20:49:59    -1089.527732        2.0335
BFGS:  387 20:49:59    -1089.530089        1.9597
BFGS:  388 20:49:59    -1089.508221        1.9271
BFGS:  389 20:49:59    -1089.523498        1.7698
BFGS:  390 20:49:59    -1089.514936        2.3913
BFGS:  391 20:49:59    -1089.529265        1.7659
BFGS:  392 20:49:59    -1089.528285        2.0301
BFGS:  393 20:49:59    -1089.530040        1.7680
BFGS:  394 20:49:59    -1089.529938        1.9782
BFGS:  395 20:50:00    -1089.530257        1.7648
BFGS:  396 20:50:00    -1089.530298        1.9651
BFGS:  397 20:50:00    -1089.530340        1.7606
BFGS:  398 20:50:00    -1089.530374        1.7589
BFGS:  399 20:50:00    -1089.529032        1.9098
BFGS:  400 20:50:00    -1089.530143        1.9012
BFGS:  401 20:50:00    -1089.528289        1.8314
BFGS:  402 20:50:00    -1089.529990        1.7709
BFGS:  403 20:50:00    -1089.528188        1.9293
BFGS:  404 20:50:00    -1089.530229        1.9486
BFGS:  405 20:50:00    -1089.530222        1.7626
BFGS:  406 20:50:00    -1089.530370        1.9512
BFGS:  407 20:50:00    -1089.530444        1.9507
BFGS:  408 20:50:00    -1089.526152        1.8695
BFGS:  409 20:50:00    -1089.529258        1.7852
BFGS:  410 20:50:00    -1089.523426        2.0215
BFGS:  411 20:50:00    -1089.529627        1.9224
BFGS:  412 20:50:00    -1089.523215        1.9190
BFGS:  413 20:50:00    -1089.528626        1.7967
BFGS:  414 20:50:00    -1089.522069        2.0518
BFGS:  415 20:50:00    -1089.529793        1.9267
BFGS:  416 20:50:00    -1089.522157        1.9271
BFGS:  417 20:50:00    -1089.528261        1.8009
BFGS:  418 20:50:00    -1089.521095        2.0854
BFGS:  419 20:50:00    -1089.529793        1.9640
BFGS:  420 20:50:00    -1089.526117        1.8432
BFGS:  421 20:50:00    -1089.529408        1.7693
BFGS:  422 20:50:00    -1089.520473        2.1207
BFGS:  423 20:50:01    -1089.529128        1.9477
BFGS:  424 20:50:01    -1089.520494        1.9310
BFGS:  425 20:50:01    -1089.528005        1.7969
BFGS:  426 20:50:01    -1089.519037        2.1573
BFGS:  427 20:50:01    -1089.529606        1.9724
BFGS:  428 20:50:01    -1089.525044        1.8473
BFGS:  429 20:50:01    -1089.529159        1.7694
BFGS:  430 20:50:01    -1089.518619        2.1868
BFGS:  431 20:50:01    -1089.528965        1.9594
BFGS:  432 20:50:01    -1089.519023        1.9255
BFGS:  433 20:50:01    -1089.527643        1.7947
BFGS:  434 20:50:01    -1089.517337        2.2219
BFGS:  435 20:50:01    -1089.529503        1.9800
BFGS:  436 20:50:01    -1089.524027        1.8454
BFGS:  437 20:50:01    -1089.528895        1.7686
BFGS:  438 20:50:01    -1089.517123        2.2458
BFGS:  439 20:50:01    -1089.528877        1.9694
BFGS:  440 20:50:01    -1089.517770        1.9119
BFGS:  441 20:50:01    -1089.527332        1.7905
BFGS:  442 20:50:01    -1089.516079        2.2781
BFGS:  443 20:50:01    -1089.529435        1.9869
BFGS:  444 20:50:01    -1089.523119        1.8381
BFGS:  445 20:50:01    -1089.528655        1.7665
BFGS:  446 20:50:01    -1089.516018        2.2970
BFGS:  447 20:50:01    -1089.528844        1.9779
BFGS:  448 20:50:01    -1089.516726        1.8926
BFGS:  449 20:50:01    -1089.527079        1.7848
BFGS:  450 20:50:01    -1089.515239        2.3252
BFGS:  451 20:50:02    -1089.529400        1.9929
BFGS:  452 20:50:02    -1089.522327        1.8272
BFGS:  453 20:50:02    -1089.528442        1.7635
BFGS:  454 20:50:02    -1089.515274        2.3398
BFGS:  455 20:50:02    -1089.528859        1.9846
BFGS:  456 20:50:02    -1089.515876        1.8703
BFGS:  457 20:50:02    -1089.526876        1.7785
BFGS:  458 20:50:02    -1089.514746        2.3631
BFGS:  459 20:50:02    -1089.529393        1.9979
BFGS:  460 20:50:02    -1089.521645        1.8143
BFGS:  461 20:50:02    -1089.528256        1.7603
BFGS:  462 20:50:02    -1089.514831        2.3743
BFGS:  463 20:50:02    -1089.528866        2.0161
BFGS:  464 20:50:02    -1089.521466        1.8049
BFGS:  465 20:50:02    -1089.528424        1.7554
BFGS:  466 20:50:02    -1089.514604        2.3890
BFGS:  467 20:50:02    -1089.528734        1.9962
BFGS:  468 20:50:02    -1089.515064        1.8328
BFGS:  469 20:50:02    -1089.526758        1.7673
BFGS:  470 20:50:02    -1089.514395        2.4055
BFGS:  471 20:50:02    -1089.529402        2.0044
BFGS:  472 20:50:02    -1089.520624        1.7928
BFGS:  473 20:50:02    -1089.528009        1.7545
BFGS:  474 20:50:02    -1089.514527        2.4131
BFGS:  475 20:50:02    -1089.528941        2.0218
BFGS:  476 20:50:02    -1089.520447        1.7841
BFGS:  477 20:50:02    -1089.528157        1.7509
BFGS:  478 20:50:03    -1089.514472        2.4225
BFGS:  479 20:50:03    -1089.528854        1.9999
BFGS:  480 20:50:03    -1089.514608        1.7984
BFGS:  481 20:50:03    -1089.526667        1.7582
BFGS:  482 20:50:03    -1089.514504        2.4324
BFGS:  483 20:50:03    -1089.529473        2.0089
BFGS:  484 20:50:03    -1089.519782        1.7723
BFGS:  485 20:50:03    -1089.527796        1.7498
BFGS:  486 20:50:03    -1089.514632        2.4375
BFGS:  487 20:50:03    -1089.529069        2.0253
BFGS:  488 20:50:03    -1089.519596        1.7647
BFGS:  489 20:50:03    -1089.527923        1.7475
BFGS:  490 20:50:03    -1089.514679        2.4428
BFGS:  491 20:50:03    -1089.529028        2.0013
BFGS:  492 20:50:03    -1089.514406        1.7698
BFGS:  493 20:50:03    -1089.526623        1.7516
BFGS:  494 20:50:03    -1089.514846        2.4482
BFGS:  495 20:50:03    -1089.529571        2.0123
BFGS:  496 20:50:03    -1089.519074        1.7544
BFGS:  497 20:50:03    -1089.527614        1.7467
BFGS:  498 20:50:03    -1089.514964        2.4515
BFGS:  499 20:50:03    -1089.529227        2.0273
