      Step     Time          Energy         fmax
BFGS:    0 20:46:06     -838.509703      132.9357
BFGS:    1 20:46:06     -862.616245       99.8561
BFGS:    2 20:46:06     -881.745977       95.4730
BFGS:    3 20:46:06     -900.336660       99.7000
BFGS:    4 20:46:06     -911.245798      109.3421
BFGS:    5 20:46:06     -924.056690      103.8407
BFGS:    6 20:46:06     -936.691924       98.2103
BFGS:    7 20:46:06     -948.811247       89.7648
BFGS:    8 20:46:06     -959.756951       81.0062
BFGS:    9 20:46:06     -971.844697       79.9110
BFGS:   10 20:46:06     -981.503614       74.3399
BFGS:   11 20:46:06     -989.104935       69.9346
BFGS:   12 20:46:06     -995.873594       64.1235
BFGS:   13 20:46:06    -1001.785097       58.6263
BFGS:   14 20:46:06    -1007.067293       50.6806
BFGS:   15 20:46:06    -1012.577299       41.8165
BFGS:   16 20:46:06    -1018.046005       30.7526
BFGS:   17 20:46:06    -1022.539249       25.0498
BFGS:   18 20:46:06    -1027.107373       24.3735
BFGS:   19 20:46:06    -1030.592152       23.3563
BFGS:   20 20:46:06    -1033.873174       23.7279
BFGS:   21 20:46:06    -1037.194804       26.3171
BFGS:   22 20:46:06    -1040.744643       26.8135
BFGS:   23 20:46:06    -1044.255832       28.8555
BFGS:   24 20:46:07    -1047.883952       31.4424
BFGS:   25 20:46:07    -1051.267681       31.2062
BFGS:   26 20:46:07    -1054.414391       32.7357
BFGS:   27 20:46:07    -1057.539933       33.2783
BFGS:   28 20:46:07    -1060.434844       32.8474
BFGS:   29 20:46:07    -1063.234010       31.4207
BFGS:   30 20:46:07    -1066.011919       30.3930
BFGS:   31 20:46:07    -1068.577646       27.6388
BFGS:   32 20:46:07    -1070.817139       24.7773
BFGS:   33 20:46:07    -1072.992958       22.1973
BFGS:   34 20:46:07    -1075.057112       18.6908
BFGS:   35 20:46:07    -1077.095725       15.5968
BFGS:   36 20:46:07    -1078.770946       15.5209
BFGS:   37 20:46:07    -1080.285429       14.1334
BFGS:   38 20:46:07    -1081.375642       12.8976
BFGS:   39 20:46:07    -1082.480939       11.6155
BFGS:   40 20:46:07    -1083.432880        9.4826
BFGS:   41 20:46:07    -1084.448564       12.4005
BFGS:   42 20:46:07    -1085.370429       14.3015
BFGS:   43 20:46:07    -1086.174965       11.4197
BFGS:   44 20:46:07    -1086.876562        7.9288
BFGS:   45 20:46:07    -1087.466890        7.8463
BFGS:   46 20:46:07    -1087.983395        7.0003
BFGS:   47 20:46:07    -1088.494999        6.7622
BFGS:   48 20:46:07    -1088.959758        5.6778
BFGS:   49 20:46:07    -1089.428980        5.8229
BFGS:   50 20:46:07    -1089.914820        6.7387
BFGS:   51 20:46:07    -1090.532523        7.7102
BFGS:   52 20:46:07    -1091.072040        6.7149
BFGS:   53 20:46:07    -1091.555439        5.9339
BFGS:   54 20:46:07    -1092.013353        4.7392
BFGS:   55 20:46:07    -1092.310197        4.3777
BFGS:   56 20:46:07    -1092.450742        5.2172
BFGS:   57 20:46:08    -1092.526812        3.9767
BFGS:   58 20:46:08    -1092.576518        3.2823
BFGS:   59 20:46:08    -1092.613843        2.6652
BFGS:   60 20:46:08    -1092.657579        1.9404
BFGS:   61 20:46:08    -1092.718762        2.2175
BFGS:   62 20:46:08    -1092.779832        2.0168
BFGS:   63 20:46:08    -1092.824173        1.4488
BFGS:   64 20:46:08    -1092.847826        1.3289
BFGS:   65 20:46:08    -1092.864833        1.0585
BFGS:   66 20:46:08    -1092.878864        1.0238
BFGS:   67 20:46:08    -1092.890608        1.1252
BFGS:   68 20:46:08    -1092.894274        1.1375
BFGS:   69 20:46:08    -1092.899197        1.2103
BFGS:   70 20:46:08    -1092.902829        1.2490
BFGS:   71 20:46:08    -1092.907125        1.2483
BFGS:   72 20:46:08    -1092.913179        1.2644
BFGS:   73 20:46:08    -1092.947699        2.7011
BFGS:   74 20:46:08    -1093.111822        5.0446
BFGS:   75 20:46:08    -1093.425416        6.9941
BFGS:   76 20:46:08    -1093.834206        7.3436
BFGS:   77 20:46:08    -1094.040620        5.6485
BFGS:   78 20:46:08    -1094.627105        5.0935
BFGS:   79 20:46:08    -1095.007797        4.7792
BFGS:   80 20:46:08    -1095.265836        4.2159
BFGS:   81 20:46:08    -1095.430273        3.8613
BFGS:   82 20:46:08    -1095.556981        3.2087
BFGS:   83 20:46:08    -1095.635799        2.3141
BFGS:   84 20:46:08    -1095.676661        1.9880
BFGS:   85 20:46:08    -1095.697938        1.5516
BFGS:   86 20:46:08    -1095.720603        1.2720
BFGS:   87 20:46:08    -1095.734470        1.1897
BFGS:   88 20:46:08    -1095.748186        1.2125
BFGS:   89 20:46:08    -1095.775568        1.4961
BFGS:   90 20:46:09    -1095.805371        2.5231
BFGS:   91 20:46:09    -1096.001557        2.6690
BFGS:   92 20:46:09    -1096.167701        2.6121
BFGS:   93 20:46:09    -1096.349530        2.7645
BFGS:   94 20:46:09    -1096.520986        2.4353
BFGS:   95 20:46:09    -1096.643674        2.4217
BFGS:   96 20:46:09    -1096.690471        1.9420
BFGS:   97 20:46:09    -1096.719117        1.2963
BFGS:   98 20:46:09    -1096.742278        1.0435
BFGS:   99 20:46:09    -1096.755816        0.8114
BFGS:  100 20:46:09    -1096.765496        0.9332
BFGS:  101 20:46:09    -1096.769928        0.9135
BFGS:  102 20:46:09    -1096.774772        0.9031
BFGS:  103 20:46:09    -1096.778718        0.8110
BFGS:  104 20:46:09    -1096.781200        0.7137
BFGS:  105 20:46:09    -1096.782346        0.6479
BFGS:  106 20:46:09    -1096.782897        0.6165
BFGS:  107 20:46:09    -1096.783238        0.6155
BFGS:  108 20:46:09    -1096.783509        0.6111
BFGS:  109 20:46:09    -1096.783775        0.6099
BFGS:  110 20:46:09    -1096.784071        0.5924
BFGS:  111 20:46:09    -1096.784423        0.5621
BFGS:  112 20:46:09    -1096.784860        0.5049
BFGS:  113 20:46:09    -1096.785383        0.4215
BFGS:  114 20:46:09    -1096.785909        0.3882
BFGS:  115 20:46:09    -1096.786353        0.3667
BFGS:  116 20:46:09    -1096.786725        0.3261
BFGS:  117 20:46:09    -1096.787131        0.2807
BFGS:  118 20:46:09    -1096.787662        0.2196
BFGS:  119 20:46:09    -1096.788240        0.2100
BFGS:  120 20:46:09    -1096.788638        0.1339
BFGS:  121 20:46:09    -1096.788806        0.0944
