      Step     Time          Energy         fmax
BFGS:    0 20:41:43     -811.158121      159.1512
BFGS:    1 20:41:43     -840.872460      151.1088
BFGS:    2 20:41:43     -863.801459      142.3727
BFGS:    3 20:41:43     -890.291409      124.9585
BFGS:    4 20:41:43     -911.922843      119.8259
BFGS:    5 20:41:43     -931.948098      115.3043
BFGS:    6 20:41:43     -949.195074      111.3368
BFGS:    7 20:41:43     -966.663357      105.4954
BFGS:    8 20:41:43     -981.431971      100.5294
BFGS:    9 20:41:43     -995.445012      100.6558
BFGS:   10 20:41:43    -1006.026750       91.1450
BFGS:   11 20:41:43    -1014.893575       86.5715
BFGS:   12 20:41:44    -1021.167177       80.3555
BFGS:   13 20:41:44    -1026.593893       74.5065
BFGS:   14 20:41:44    -1031.948640       70.6009
BFGS:   15 20:41:44    -1037.410557       65.5888
BFGS:   16 20:41:44    -1042.027216       60.3988
BFGS:   17 20:41:44    -1046.425053       56.4814
BFGS:   18 20:41:44    -1049.812300       53.4175
BFGS:   19 20:41:44    -1052.394305       51.2278
BFGS:   20 20:41:44    -1054.623708       50.4983
BFGS:   21 20:41:44    -1056.859948       49.3825
BFGS:   22 20:41:44    -1059.350889       48.5110
BFGS:   23 20:41:44    -1062.006193       46.9900
BFGS:   24 20:41:44    -1064.697524       44.3690
BFGS:   25 20:41:44    -1067.481738       39.9744
BFGS:   26 20:41:44    -1069.680820       39.0545
BFGS:   27 20:41:44    -1071.524764       37.1996
BFGS:   28 20:41:44    -1073.308794       35.1501
BFGS:   29 20:41:44    -1075.071736       34.0337
BFGS:   30 20:41:44    -1077.006377       29.2242
BFGS:   31 20:41:44    -1078.254494       26.1760
BFGS:   32 20:41:44    -1079.282207       20.2139
BFGS:   33 20:41:44    -1080.115065       18.6481
BFGS:   34 20:41:44    -1080.739920       14.3677
BFGS:   35 20:41:44    -1081.296703       11.5067
BFGS:   36 20:41:44    -1081.810748        8.7111
BFGS:   37 20:41:44    -1082.327360        9.1419
BFGS:   38 20:41:44    -1082.909971        9.2860
BFGS:   39 20:41:45    -1083.460707        9.0815
BFGS:   40 20:41:45    -1083.950720        7.8862
BFGS:   41 20:41:45    -1084.290579        6.9900
BFGS:   42 20:41:45    -1084.549647        5.8347
BFGS:   43 20:41:45    -1084.837045        5.9802
BFGS:   44 20:41:45    -1085.131028        6.2583
BFGS:   45 20:41:45    -1085.427994        6.4088
BFGS:   46 20:41:45    -1085.790038        7.2179
BFGS:   47 20:41:45    -1086.229436        9.5777
BFGS:   48 20:41:45    -1086.621044       12.0287
BFGS:   49 20:41:45    -1087.749979       13.3334
BFGS:   50 20:41:45    -1088.681427       11.9511
BFGS:   51 20:41:45    -1089.532149        8.2740
BFGS:   52 20:41:45    -1090.106406        8.6021
BFGS:   53 20:41:45    -1090.574092        8.1062
BFGS:   54 20:41:45    -1091.039809        9.8901
BFGS:   55 20:41:45    -1091.502086       10.3823
BFGS:   56 20:41:45    -1091.862820       10.4275
BFGS:   57 20:41:45    -1092.278941        7.1194
BFGS:   58 20:41:45    -1092.647051        6.4303
BFGS:   59 20:41:45    -1093.006739        9.8548
BFGS:   60 20:41:45    -1093.352934       12.8206
BFGS:   61 20:41:45    -1093.703770       14.6963
BFGS:   62 20:41:45    -1093.995090       15.7476
BFGS:   63 20:41:45    -1094.228959       16.2587
BFGS:   64 20:41:45    -1094.422307       16.2435
BFGS:   65 20:41:45    -1094.584583       16.3790
BFGS:   66 20:41:46    -1094.727806       16.4541
BFGS:   67 20:41:46    -1094.872169       16.4081
BFGS:   68 20:41:46    -1095.013838       16.2479
BFGS:   69 20:41:46    -1095.165210       15.9886
BFGS:   70 20:41:46    -1095.322880       15.7332
BFGS:   71 20:41:46    -1095.490685       15.4393
BFGS:   72 20:41:46    -1095.632520       15.2772
BFGS:   73 20:41:46    -1096.025441       14.6276
BFGS:   74 20:41:46    -1096.248593       14.9583
BFGS:   75 20:41:46    -1096.478320       15.1948
BFGS:   76 20:41:46    -1096.743727       15.2431
BFGS:   77 20:41:46    -1097.128449       13.7128
BFGS:   78 20:41:46    -1097.503770       12.6463
BFGS:   79 20:41:46    -1097.895966       13.0003
BFGS:   80 20:41:46    -1098.210964       12.2347
BFGS:   81 20:41:46    -1098.590606       12.7353
BFGS:   82 20:41:46    -1098.968466       12.8549
BFGS:   83 20:41:46    -1099.460506       11.7592
BFGS:   84 20:41:46    -1099.920628       11.6847
BFGS:   85 20:41:46    -1100.192800        9.9901
BFGS:   86 20:41:46    -1100.402109        8.4117
BFGS:   87 20:41:46    -1100.563779        7.1787
BFGS:   88 20:41:46    -1100.668188        6.3518
BFGS:   89 20:41:46    -1100.730673        5.0258
BFGS:   90 20:41:46    -1100.776566        4.6404
BFGS:   91 20:41:46    -1100.818657        4.5514
BFGS:   92 20:41:47    -1100.856869        5.0600
BFGS:   93 20:41:47    -1100.909094        5.4725
BFGS:   94 20:41:47    -1100.967943        6.1369
BFGS:   95 20:41:47    -1100.983931        6.2642
BFGS:   96 20:41:47    -1100.996602        6.0934
BFGS:   97 20:41:47    -1101.008001        5.9783
BFGS:   98 20:41:47    -1101.018412        5.9198
BFGS:   99 20:41:47    -1101.034279        5.9672
BFGS:  100 20:41:47    -1101.053310        6.0928
BFGS:  101 20:41:47    -1101.069980        6.1206
BFGS:  102 20:41:47    -1101.087430        6.0406
BFGS:  103 20:41:47    -1101.102804        5.8422
BFGS:  104 20:41:47    -1101.114044        5.6284
BFGS:  105 20:41:47    -1101.121926        5.4264
BFGS:  106 20:41:47    -1101.126158        5.3722
BFGS:  107 20:41:47    -1101.129372        5.3481
BFGS:  108 20:41:47    -1101.134150        5.3978
BFGS:  109 20:41:47    -1101.144221        5.3955
BFGS:  110 20:41:47    -1101.167968        5.3613
BFGS:  111 20:41:47    -1101.195054        5.1759
BFGS:  112 20:41:47    -1101.223473        4.9729
BFGS:  113 20:41:47    -1101.254168        4.6878
BFGS:  114 20:41:47    -1101.286189        4.3705
BFGS:  115 20:41:47    -1101.318786        4.0332
BFGS:  116 20:41:47    -1101.351562        3.6809
BFGS:  117 20:41:47    -1101.384044        3.5036
BFGS:  118 20:41:48    -1101.415592        3.2905
BFGS:  119 20:41:48    -1101.445096        3.0221
BFGS:  120 20:41:48    -1101.470813        2.6909
BFGS:  121 20:41:48    -1101.490580        2.2891
BFGS:  122 20:41:48    -1101.502968        1.8064
BFGS:  123 20:41:48    -1101.508568        1.6197
BFGS:  124 20:41:48    -1101.523389        1.8445
BFGS:  125 20:41:48    -1101.539514        2.0341
BFGS:  126 20:41:48    -1101.558792        2.1377
BFGS:  127 20:41:48    -1101.573523        2.3534
BFGS:  128 20:41:48    -1101.584507        2.1808
BFGS:  129 20:41:48    -1101.592523        2.1799
BFGS:  130 20:41:48    -1101.600606        2.2343
BFGS:  131 20:41:48    -1101.606715        2.3300
BFGS:  132 20:41:48    -1101.617539        2.4508
BFGS:  133 20:41:48    -1101.625358        2.7650
BFGS:  134 20:41:48    -1101.634393        2.9861
BFGS:  135 20:41:48    -1101.642592        3.1074
BFGS:  136 20:41:48    -1101.647134        3.1128
BFGS:  137 20:41:48    -1101.649291        3.1217
BFGS:  138 20:41:48    -1101.650886        3.1835
BFGS:  139 20:41:48    -1101.652024        3.1675
BFGS:  140 20:41:48    -1101.653091        3.2264
BFGS:  141 20:41:48    -1101.654248        3.2399
BFGS:  142 20:41:48    -1101.654750        3.2266
BFGS:  143 20:41:48    -1101.655289        3.1702
BFGS:  144 20:41:48    -1101.655556        3.1434
BFGS:  145 20:41:49    -1101.655786        3.1261
BFGS:  146 20:41:49    -1101.655906        3.1358
BFGS:  147 20:41:49    -1101.655985        3.1593
BFGS:  148 20:41:49    -1101.656023        3.1791
BFGS:  149 20:41:49    -1101.656048        3.1973
BFGS:  150 20:41:49    -1101.656064        3.2049
BFGS:  151 20:41:49    -1101.656081        3.2074
BFGS:  152 20:41:49    -1101.656090        3.2035
BFGS:  153 20:41:49    -1101.656095        3.1974
BFGS:  154 20:41:49    -1101.656097        3.1938
BFGS:  155 20:41:49    -1101.656098        3.1913
BFGS:  156 20:41:49    -1101.656098        3.1910
BFGS:  157 20:41:49    -1101.656098        3.1911
BFGS:  158 20:41:49    -1101.656098        3.1914
BFGS:  159 20:41:49    -1101.656098        3.1916
BFGS:  160 20:41:49    -1101.656098        3.1914
BFGS:  161 20:41:49    -1101.656098        3.1909
BFGS:  162 20:41:49    -1101.656098        3.1907
