      Step     Time          Energy         fmax
BFGS:    0 20:40:53     -874.964738      167.2915
BFGS:    1 20:40:54     -910.650158      139.6251
BFGS:    2 20:40:54     -929.247904      137.8155
BFGS:    3 20:40:54     -950.302807      127.7140
BFGS:    4 20:40:54     -968.305158      114.5971
BFGS:    5 20:40:54     -981.772681      104.2166
BFGS:    6 20:40:54     -993.887846       92.6835
BFGS:    7 20:40:54    -1004.312308       88.1207
BFGS:    8 20:40:54    -1014.888716       74.7182
BFGS:    9 20:40:54    -1022.052063       67.7136
BFGS:   10 20:40:54    -1029.945001       61.1050
BFGS:   11 20:40:54    -1035.321167       55.7510
BFGS:   12 20:40:54    -1039.689793       51.6767
BFGS:   13 20:40:54    -1043.759090       47.3118
BFGS:   14 20:40:54    -1047.513312       42.4253
BFGS:   15 20:40:54    -1050.820156       38.3542
BFGS:   16 20:40:54    -1054.087131       35.6271
BFGS:   17 20:40:54    -1057.462619       30.5032
BFGS:   18 20:40:54    -1060.596295       25.8421
BFGS:   19 20:40:54    -1063.157902       23.7061
BFGS:   20 20:40:54    -1065.266374       21.4442
BFGS:   21 20:40:54    -1067.111315       19.6380
BFGS:   22 20:40:54    -1069.141275       17.2242
BFGS:   23 20:40:54    -1071.311930       14.9103
BFGS:   24 20:40:54    -1073.361364       13.0246
BFGS:   25 20:40:54    -1075.149962       13.2789
BFGS:   26 20:40:54    -1076.782461       13.2170
BFGS:   27 20:40:54    -1078.453835       12.7682
BFGS:   28 20:40:54    -1080.004394       12.7277
BFGS:   29 20:40:54    -1081.464783       12.5408
BFGS:   30 20:40:54    -1082.704546       11.7126
BFGS:   31 20:40:55    -1083.823693       10.5850
BFGS:   32 20:40:55    -1084.718613        9.4754
BFGS:   33 20:40:55    -1085.543779        8.4930
BFGS:   34 20:40:55    -1086.419147        7.3503
BFGS:   35 20:40:55    -1087.338604        6.1259
BFGS:   36 20:40:55    -1088.213543        6.8004
BFGS:   37 20:40:55    -1088.950441        6.4672
BFGS:   38 20:40:55    -1089.707401        6.5181
BFGS:   39 20:40:55    -1090.367421        6.7099
BFGS:   40 20:40:55    -1090.972942        6.7787
BFGS:   41 20:40:55    -1091.570095        6.9475
BFGS:   42 20:40:55    -1092.158143        6.9667
BFGS:   43 20:40:55    -1092.627761        6.8854
BFGS:   44 20:40:55    -1093.072326        6.9210
BFGS:   45 20:40:55    -1093.528811        6.6021
BFGS:   46 20:40:55    -1094.013934        6.3033
BFGS:   47 20:40:55    -1094.357590        7.1933
BFGS:   48 20:40:55    -1094.668247        6.3875
BFGS:   49 20:40:55    -1094.907887        6.2779
BFGS:   50 20:40:55    -1095.109326        5.7059
BFGS:   51 20:40:55    -1095.299797        5.3820
BFGS:   52 20:40:55    -1095.513839        4.7836
BFGS:   53 20:40:55    -1095.700808        4.8556
BFGS:   54 20:40:55    -1095.914901        4.9535
BFGS:   55 20:40:55    -1096.154372        4.8840
BFGS:   56 20:40:55    -1096.393604        4.7625
BFGS:   57 20:40:55    -1096.624115        4.3785
BFGS:   58 20:40:55    -1096.805691        4.1677
BFGS:   59 20:40:55    -1096.968026        3.5068
BFGS:   60 20:40:55    -1097.005300        3.9870
BFGS:   61 20:40:55    -1097.128364        2.5052
BFGS:   62 20:40:55    -1097.223439        2.3260
BFGS:   63 20:40:55    -1097.263601        2.1544
BFGS:   64 20:40:55    -1097.285494        1.7403
BFGS:   65 20:40:55    -1097.324127        1.2647
BFGS:   66 20:40:55    -1097.333069        2.4852
BFGS:   67 20:40:56    -1097.362017        0.9059
BFGS:   68 20:40:56    -1097.375925        0.8423
BFGS:   69 20:40:56    -1097.353596        2.1939
BFGS:   70 20:40:56    -1097.388076        1.7596
BFGS:   71 20:40:56    -1097.386938        2.0725
BFGS:   72 20:40:56    -1097.418890        0.8986
BFGS:   73 20:40:56    -1097.446114        0.9091
BFGS:   74 20:40:56    -1097.438410        3.7386
BFGS:   75 20:40:56    -1097.486299        3.5315
BFGS:   76 20:40:56    -1097.502221        1.8028
BFGS:   77 20:40:56    -1097.530469        0.8193
BFGS:   78 20:40:56    -1097.548601        2.9535
BFGS:   79 20:40:56    -1097.562559        0.6078
BFGS:   80 20:40:56    -1097.573803        0.5439
BFGS:   81 20:40:56    -1097.574178        1.9014
BFGS:   82 20:40:56    -1097.587635        1.7138
BFGS:   83 20:40:56    -1097.590560        2.3930
BFGS:   84 20:40:56    -1097.595720        0.5957
BFGS:   85 20:40:56    -1097.600811        1.8481
BFGS:   86 20:40:56    -1097.602455        1.6569
BFGS:   87 20:40:56    -1097.609687        1.6666
BFGS:   88 20:40:56    -1097.605668        0.7948
BFGS:   89 20:40:56    -1097.612829        2.1621
BFGS:   90 20:40:56    -1097.612924        0.7059
BFGS:   91 20:40:56    -1097.617608        1.8927
BFGS:   92 20:40:56    -1097.616638        2.0599
BFGS:   93 20:40:56    -1097.621218        0.7502
BFGS:   94 20:40:56    -1097.593914        2.9574
BFGS:   95 20:40:56    -1097.620958        2.2290
BFGS:   96 20:40:56    -1097.625973        1.9610
BFGS:   97 20:40:56    -1097.632712        0.8450
BFGS:   98 20:40:56    -1097.640623        2.7100
BFGS:   99 20:40:56    -1097.652810        1.0913
BFGS:  100 20:40:56    -1097.663393        1.0806
BFGS:  101 20:40:56    -1097.668905        2.3094
BFGS:  102 20:40:56    -1097.678192        1.2662
BFGS:  103 20:40:57    -1097.684663        1.1597
BFGS:  104 20:40:57    -1097.696408        2.0689
BFGS:  105 20:40:57    -1097.704645        0.9484
BFGS:  106 20:40:57    -1097.713745        1.0359
BFGS:  107 20:40:57    -1097.725121        1.1264
BFGS:  108 20:40:57    -1097.732876        1.9954
BFGS:  109 20:40:57    -1097.740306        1.2528
BFGS:  110 20:40:57    -1097.745765        1.2423
BFGS:  111 20:40:57    -1097.751511        1.2247
BFGS:  112 20:40:57    -1097.756671        1.1622
BFGS:  113 20:40:57    -1097.764057        1.0945
BFGS:  114 20:40:57    -1097.769953        1.0423
BFGS:  115 20:40:57    -1097.777756        1.0652
BFGS:  116 20:40:57    -1097.789842        2.3335
BFGS:  117 20:40:57    -1097.795143        1.1588
BFGS:  118 20:40:57    -1097.800159        1.2388
BFGS:  119 20:40:57    -1097.804238        1.3628
BFGS:  120 20:40:57    -1097.806791        1.4070
BFGS:  121 20:40:57    -1097.810280        1.3961
BFGS:  122 20:40:57    -1097.813632        1.2886
BFGS:  123 20:40:57    -1097.816082        1.1514
BFGS:  124 20:40:57    -1097.818265        1.0045
BFGS:  125 20:40:57    -1097.819344        1.0913
BFGS:  126 20:40:57    -1097.819893        0.9628
BFGS:  127 20:40:57    -1097.820329        0.9668
BFGS:  128 20:40:57    -1097.820664        1.0413
BFGS:  129 20:40:57    -1097.821039        0.9775
BFGS:  130 20:40:57    -1097.821239        1.0227
BFGS:  131 20:40:57    -1097.821366        1.0030
BFGS:  132 20:40:57    -1097.821451        0.9960
BFGS:  133 20:40:57    -1097.821517        1.0261
BFGS:  134 20:40:57    -1097.821551        0.9675
BFGS:  135 20:40:57    -1097.821608        0.9668
BFGS:  136 20:40:57    -1097.821686        1.0552
BFGS:  137 20:40:57    -1097.821733        1.0546
BFGS:  138 20:40:57    -1097.817332        2.2495
BFGS:  139 20:40:57    -1097.821822        0.9861
BFGS:  140 20:40:58    -1097.821646        2.1838
BFGS:  141 20:40:58    -1097.821743        1.0445
BFGS:  142 20:40:58    -1097.821804        0.9945
BFGS:  143 20:40:58    -1097.821828        1.0274
BFGS:  144 20:40:58    -1097.821842        1.0265
BFGS:  145 20:40:58    -1097.821095        2.1744
BFGS:  146 20:40:58    -1097.821794        0.9877
BFGS:  147 20:40:58    -1097.821826        1.0306
BFGS:  148 20:40:58    -1097.821829        0.9844
BFGS:  149 20:40:58    -1097.821844        0.9835
BFGS:  150 20:40:58    -1097.821282        1.0493
BFGS:  151 20:40:58    -1097.821692        1.0342
BFGS:  152 20:40:58    -1097.820712        2.1645
BFGS:  153 20:40:58    -1097.821698        0.9906
BFGS:  154 20:40:58    -1097.821264        1.0521
BFGS:  155 20:40:58    -1097.821749        1.0318
BFGS:  156 20:40:58    -1097.820534        2.1591
BFGS:  157 20:40:58    -1097.821590        0.9938
BFGS:  158 20:40:58    -1097.820895        1.0634
BFGS:  159 20:40:58    -1097.821713        1.0335
BFGS:  160 20:40:58    -1097.820349        2.1550
BFGS:  161 20:40:58    -1097.821522        0.9957
BFGS:  162 20:40:58    -1097.820404        1.0769
BFGS:  163 20:40:58    -1097.821642        1.0364
BFGS:  164 20:40:58    -1097.820147        2.1512
BFGS:  165 20:40:58    -1097.821466        0.9973
BFGS:  166 20:40:58    -1097.819830        2.2012
BFGS:  167 20:40:58    -1097.821533        1.0397
BFGS:  168 20:40:58    -1097.819676        2.1446
BFGS:  169 20:40:58    -1097.821402        0.9991
BFGS:  170 20:40:58    -1097.819610        1.0965
BFGS:  171 20:40:58    -1097.821502        1.0410
BFGS:  172 20:40:58    -1097.819495        1.0505
BFGS:  173 20:40:58    -1097.821339        1.0005
BFGS:  174 20:40:58    -1097.819214        1.1058
BFGS:  175 20:40:58    -1097.821436        1.0434
BFGS:  176 20:40:59    -1097.818937        2.1391
BFGS:  177 20:40:59    -1097.821238        1.0037
BFGS:  178 20:40:59    -1097.818727        1.1172
BFGS:  179 20:40:59    -1097.821372        1.0455
BFGS:  180 20:40:59    -1097.818606        2.1362
BFGS:  181 20:40:59    -1097.821158        1.0061
BFGS:  182 20:40:59    -1097.818151        1.1306
BFGS:  183 20:40:59    -1097.821287        1.0482
BFGS:  184 20:40:59    -1097.818258        1.0813
BFGS:  185 20:40:59    -1097.821090        1.0078
BFGS:  186 20:40:59    -1097.817792        1.1390
BFGS:  187 20:40:59    -1097.821224        1.0502
BFGS:  188 20:40:59    -1097.817668        2.1297
BFGS:  189 20:40:59    -1097.820974        1.0115
BFGS:  190 20:40:59    -1097.817168        1.1528
BFGS:  191 20:40:59    -1097.821143        1.0525
BFGS:  192 20:40:59    -1097.817306        2.1272
BFGS:  193 20:40:59    -1097.820894        1.0139
BFGS:  194 20:40:59    -1097.816536        2.2283
BFGS:  195 20:40:59    -1097.821035        1.0553
BFGS:  196 20:40:59    -1097.816745        2.1215
BFGS:  197 20:40:59    -1097.820800        1.0168
BFGS:  198 20:40:59    -1097.816107        1.1774
BFGS:  199 20:40:59    -1097.820969        1.0571
BFGS:  200 20:40:59    -1097.816408        2.1212
BFGS:  201 20:40:59    -1097.820721        1.0191
BFGS:  202 20:40:59    -1097.815515        1.1896
BFGS:  203 20:40:59    -1097.820876        1.0597
BFGS:  204 20:40:59    -1097.816000        1.1331
BFGS:  205 20:40:59    -1097.820635        2.1573
BFGS:  206 20:40:59    -1097.813929        1.2198
BFGS:  207 20:40:59    -1097.820572        1.0680
BFGS:  208 20:40:59    -1097.815366        2.1157
BFGS:  209 20:40:59    -1097.820623        1.0217
BFGS:  210 20:40:59    -1097.814642        1.2072
BFGS:  211 20:40:59    -1097.820649        1.0653
BFGS:  212 20:40:59    -1097.814815        2.1128
BFGS:  213 20:41:00    -1097.820453        1.0267
BFGS:  214 20:41:00    -1097.814044        1.2198
BFGS:  215 20:41:00    -1097.820590        1.0666
BFGS:  216 20:41:00    -1097.814361        2.1106
BFGS:  217 20:41:00    -1097.820349        1.0297
BFGS:  218 20:41:00    -1097.813443        1.2321
BFGS:  219 20:41:00    -1097.820504        1.0687
BFGS:  220 20:41:00    -1097.813905        2.1085
BFGS:  221 20:41:00    -1097.820254        1.0325
BFGS:  222 20:41:00    -1097.812837        1.2443
BFGS:  223 20:41:00    -1097.820412        1.0710
BFGS:  224 20:41:00    -1097.813444        2.1064
BFGS:  225 20:41:00    -1097.820160        1.0352
BFGS:  226 20:41:00    -1097.812227        1.2562
BFGS:  227 20:41:00    -1097.820318        1.0733
BFGS:  228 20:41:00    -1097.812974        1.1995
BFGS:  229 20:41:00    -1097.820050        1.0381
BFGS:  230 20:41:00    -1097.811339        1.2733
BFGS:  231 20:41:00    -1097.820196        1.0765
BFGS:  232 20:41:00    -1097.812359        2.1016
BFGS:  233 20:41:00    -1097.819966        1.0406
BFGS:  234 20:41:00    -1097.811116        1.2773
BFGS:  235 20:41:00    -1097.820141        1.0775
BFGS:  236 20:41:00    -1097.811823        2.0999
BFGS:  237 20:41:00    -1097.819849        1.0440
BFGS:  238 20:41:00    -1097.810518        1.2887
BFGS:  239 20:41:00    -1097.820055        1.0794
BFGS:  240 20:41:00    -1097.811326        2.0980
BFGS:  241 20:41:00    -1097.819748        1.0469
BFGS:  242 20:41:00    -1097.809916        1.3000
BFGS:  243 20:41:00    -1097.819961        1.0816
BFGS:  244 20:41:00    -1097.810827        2.0960
BFGS:  245 20:41:00    -1097.819650        1.0496
BFGS:  246 20:41:00    -1097.809316        1.3111
BFGS:  247 20:41:00    -1097.819866        1.0838
BFGS:  248 20:41:00    -1097.810323        2.0940
BFGS:  249 20:41:01    -1097.819553        1.0523
BFGS:  250 20:41:01    -1097.808718        1.3220
BFGS:  251 20:41:01    -1097.819770        1.0860
BFGS:  252 20:41:01    -1097.809812        2.0920
BFGS:  253 20:41:01    -1097.819455        1.0551
BFGS:  254 20:41:01    -1097.808123        1.3327
BFGS:  255 20:41:01    -1097.819675        1.0881
BFGS:  256 20:41:01    -1097.809296        2.0900
BFGS:  257 20:41:01    -1097.819356        1.0578
BFGS:  258 20:41:01    -1097.807533        1.3432
BFGS:  259 20:41:01    -1097.819579        1.0902
BFGS:  260 20:41:01    -1097.808773        2.0881
BFGS:  261 20:41:01    -1097.819257        1.0606
BFGS:  262 20:41:01    -1097.806948        1.3535
BFGS:  263 20:41:01    -1097.819484        1.0923
BFGS:  264 20:41:01    -1097.808243        1.2976
BFGS:  265 20:41:01    -1097.819144        1.0636
BFGS:  266 20:41:01    -1097.806141        1.3685
BFGS:  267 20:41:01    -1097.819370        1.0952
BFGS:  268 20:41:01    -1097.807608        2.0830
BFGS:  269 20:41:01    -1097.819049        1.0662
BFGS:  270 20:41:01    -1097.805842        1.3726
BFGS:  271 20:41:01    -1097.819301        1.0964
BFGS:  272 20:41:01    -1097.806989        2.0818
BFGS:  273 20:41:01    -1097.818929        1.0695
BFGS:  274 20:41:01    -1097.805313        1.3820
BFGS:  275 20:41:01    -1097.819218        1.0980
BFGS:  276 20:41:01    -1097.806425        2.0801
BFGS:  277 20:41:01    -1097.818822        1.0726
BFGS:  278 20:41:01    -1097.804768        1.3916
BFGS:  279 20:41:01    -1097.819129        1.0999
BFGS:  280 20:41:01    -1097.805864        2.0782
BFGS:  281 20:41:01    -1097.818718        1.0754
BFGS:  282 20:41:01    -1097.804226        1.4010
BFGS:  283 20:41:01    -1097.819038        1.1017
BFGS:  284 20:41:01    -1097.805301        2.0763
BFGS:  285 20:41:01    -1097.818614        1.0783
BFGS:  286 20:41:02    -1097.803689        1.4102
BFGS:  287 20:41:02    -1097.818948        1.1036
BFGS:  288 20:41:02    -1097.804733        2.0744
BFGS:  289 20:41:02    -1097.818511        1.0812
BFGS:  290 20:41:02    -1097.803161        1.4192
BFGS:  291 20:41:02    -1097.818858        1.1054
BFGS:  292 20:41:02    -1097.804163        2.0725
BFGS:  293 20:41:02    -1097.818407        1.0840
BFGS:  294 20:41:02    -1097.802642        1.4281
BFGS:  295 20:41:02    -1097.818770        1.1072
BFGS:  296 20:41:02    -1097.803594        2.0707
BFGS:  297 20:41:02    -1097.818305        1.0868
BFGS:  298 20:41:02    -1097.802135        1.4367
BFGS:  299 20:41:02    -1097.818683        1.1089
BFGS:  300 20:41:02    -1097.803019        2.0690
BFGS:  301 20:41:02    -1097.818201        1.0896
BFGS:  302 20:41:02    -1097.801639        1.4450
BFGS:  303 20:41:02    -1097.818597        1.1106
BFGS:  304 20:41:02    -1097.802438        2.0673
BFGS:  305 20:41:02    -1097.818098        1.0925
BFGS:  306 20:41:02    -1097.801152        1.4532
BFGS:  307 20:41:02    -1097.818512        1.1123
BFGS:  308 20:41:02    -1097.801852        2.0657
BFGS:  309 20:41:02    -1097.817993        1.0953
BFGS:  310 20:41:02    -1097.800675        1.4611
BFGS:  311 20:41:02    -1097.818428        1.1139
BFGS:  312 20:41:02    -1097.801261        2.0640
BFGS:  313 20:41:02    -1097.817889        1.0981
BFGS:  314 20:41:02    -1097.800209        1.4689
BFGS:  315 20:41:02    -1097.818346        1.1155
BFGS:  316 20:41:02    -1097.800665        2.0624
BFGS:  317 20:41:02    -1097.817784        1.1010
BFGS:  318 20:41:02    -1097.799753        1.4764
BFGS:  319 20:41:02    -1097.818265        1.1171
BFGS:  320 20:41:02    -1097.800064        2.0607
BFGS:  321 20:41:02    -1097.817679        1.1038
BFGS:  322 20:41:03    -1097.799308        1.4837
BFGS:  323 20:41:03    -1097.818186        1.1186
BFGS:  324 20:41:03    -1097.799459        2.0591
BFGS:  325 20:41:03    -1097.817573        1.1067
BFGS:  326 20:41:03    -1097.798873        1.4909
BFGS:  327 20:41:03    -1097.818108        1.1201
BFGS:  328 20:41:03    -1097.798850        2.0574
BFGS:  329 20:41:03    -1097.817468        1.1096
BFGS:  330 20:41:03    -1097.798449        1.4978
BFGS:  331 20:41:03    -1097.818031        1.1215
BFGS:  332 20:41:03    -1097.798237        2.0557
BFGS:  333 20:41:03    -1097.817362        1.1124
BFGS:  334 20:41:03    -1097.798036        1.5046
BFGS:  335 20:41:03    -1097.817957        1.1229
BFGS:  336 20:41:03    -1097.797621        2.0541
BFGS:  337 20:41:03    -1097.817256        1.1153
BFGS:  338 20:41:03    -1097.797635        1.5111
BFGS:  339 20:41:03    -1097.817883        1.1242
BFGS:  340 20:41:03    -1097.797001        2.0524
BFGS:  341 20:41:03    -1097.817151        1.1182
BFGS:  342 20:41:03    -1097.797246        1.5174
BFGS:  343 20:41:03    -1097.817812        1.1255
BFGS:  344 20:41:03    -1097.796377        2.0508
BFGS:  345 20:41:03    -1097.817045        1.1210
BFGS:  346 20:41:03    -1097.796868        1.5235
BFGS:  347 20:41:03    -1097.817741        1.1268
BFGS:  348 20:41:03    -1097.795749        2.0492
BFGS:  349 20:41:03    -1097.816939        1.1239
BFGS:  350 20:41:03    -1097.796501        1.5294
BFGS:  351 20:41:03    -1097.817673        1.1280
BFGS:  352 20:41:03    -1097.795118        2.0475
BFGS:  353 20:41:03    -1097.816833        1.1267
BFGS:  354 20:41:03    -1097.796145        1.5351
BFGS:  355 20:41:03    -1097.817606        1.1292
BFGS:  356 20:41:03    -1097.794484        2.0460
BFGS:  357 20:41:03    -1097.816726        2.1334
BFGS:  358 20:41:03    -1097.795200        1.5528
BFGS:  359 20:41:04    -1097.817413        1.1364
BFGS:  360 20:41:04    -1097.794104        2.0434
BFGS:  361 20:41:04    -1097.816701        1.1295
BFGS:  362 20:41:04    -1097.795272        1.5503
BFGS:  363 20:41:04    -1097.817376        1.1349
BFGS:  364 20:41:04    -1097.793232        2.0417
BFGS:  365 20:41:04    -1097.816562        1.1337
BFGS:  366 20:41:04    -1097.795051        1.5532
BFGS:  367 20:41:04    -1097.817339        1.1345
BFGS:  368 20:41:04    -1097.792492        2.0404
BFGS:  369 20:41:04    -1097.816438        1.1372
BFGS:  370 20:41:04    -1097.794793        1.5572
BFGS:  371 20:41:04    -1097.817294        1.1349
BFGS:  372 20:41:04    -1097.791800        2.0390
BFGS:  373 20:41:04    -1097.816322        1.1404
BFGS:  374 20:41:04    -1097.794521        1.5615
BFGS:  375 20:41:04    -1097.817244        1.1355
BFGS:  376 20:41:04    -1097.791127        2.0376
BFGS:  377 20:41:04    -1097.816210        1.1435
BFGS:  378 20:41:04    -1097.794248        1.5658
BFGS:  379 20:41:04    -1097.817193        1.1363
BFGS:  380 20:41:04    -1097.790462        2.0362
BFGS:  381 20:41:04    -1097.816101        1.1464
BFGS:  382 20:41:04    -1097.793977        1.5700
BFGS:  383 20:41:04    -1097.817143        1.1371
BFGS:  384 20:41:04    -1097.789802        2.0348
BFGS:  385 20:41:04    -1097.815994        1.1493
BFGS:  386 20:41:04    -1097.793713        1.5741
BFGS:  387 20:41:04    -1097.817093        1.1379
BFGS:  388 20:41:04    -1097.789143        2.0334
BFGS:  389 20:41:04    -1097.815887        1.1522
BFGS:  390 20:41:04    -1097.793457        1.5781
BFGS:  391 20:41:04    -1097.817044        1.1387
BFGS:  392 20:41:04    -1097.788486        2.0321
BFGS:  393 20:41:04    -1097.815782        1.1550
BFGS:  394 20:41:04    -1097.793210        1.5819
BFGS:  395 20:41:05    -1097.816997        1.1394
BFGS:  396 20:41:05    -1097.787828        2.0308
BFGS:  397 20:41:05    -1097.815677        1.1578
BFGS:  398 20:41:05    -1097.792971        1.5856
BFGS:  399 20:41:05    -1097.816951        1.1402
BFGS:  400 20:41:05    -1097.787171        2.0295
BFGS:  401 20:41:05    -1097.815573        1.1605
BFGS:  402 20:41:05    -1097.792741        1.5891
BFGS:  403 20:41:05    -1097.816906        1.1409
BFGS:  404 20:41:05    -1097.786514        2.0283
BFGS:  405 20:41:05    -1097.815469        1.1633
BFGS:  406 20:41:05    -1097.792519        1.5926
BFGS:  407 20:41:05    -1097.816863        1.1416
BFGS:  408 20:41:05    -1097.785857        2.0271
BFGS:  409 20:41:05    -1097.815367        1.1660
BFGS:  410 20:41:05    -1097.792306        1.5959
BFGS:  411 20:41:05    -1097.816821        1.1423
BFGS:  412 20:41:05    -1097.785200        2.0259
BFGS:  413 20:41:05    -1097.815265        1.1687
BFGS:  414 20:41:05    -1097.792100        1.5991
BFGS:  415 20:41:05    -1097.816781        1.1430
BFGS:  416 20:41:05    -1097.784543        2.0247
BFGS:  417 20:41:05    -1097.815163        1.1714
BFGS:  418 20:41:05    -1097.791902        1.6022
BFGS:  419 20:41:05    -1097.816742        1.1436
BFGS:  420 20:41:05    -1097.783888        2.0235
BFGS:  421 20:41:05    -1097.815063        1.1741
BFGS:  422 20:41:05    -1097.791712        1.6051
BFGS:  423 20:41:05    -1097.816704        1.1442
BFGS:  424 20:41:05    -1097.783233        2.0224
BFGS:  425 20:41:05    -1097.814963        1.1767
BFGS:  426 20:41:05    -1097.791541        1.6077
BFGS:  427 20:41:05    -1097.816670        1.1446
BFGS:  428 20:41:05    -1097.782568        2.0212
BFGS:  429 20:41:05    -1097.814856        2.1262
BFGS:  430 20:41:05    -1097.790628        1.6234
BFGS:  431 20:41:05    -1097.816474        1.1522
BFGS:  432 20:41:06    -1097.782235        2.0194
BFGS:  433 20:41:06    -1097.814853        1.1785
BFGS:  434 20:41:06    -1097.790928        1.6197
BFGS:  435 20:41:06    -1097.816497        1.1500
BFGS:  436 20:41:06    -1097.781414        2.0178
BFGS:  437 20:41:06    -1097.814722        1.1826
BFGS:  438 20:41:06    -1097.790860        1.6199
BFGS:  439 20:41:06    -1097.816487        1.1489
BFGS:  440 20:41:06    -1097.780651        2.0167
BFGS:  441 20:41:06    -1097.814607        1.1859
BFGS:  442 20:41:06    -1097.790771        1.6208
BFGS:  443 20:41:06    -1097.816471        1.1485
BFGS:  444 20:41:06    -1097.779935        2.0157
BFGS:  445 20:41:06    -1097.814500        1.1889
BFGS:  446 20:41:06    -1097.790665        1.6222
BFGS:  447 20:41:06    -1097.816451        1.1485
BFGS:  448 20:41:06    -1097.779248        2.0148
BFGS:  449 20:41:06    -1097.814398        1.1916
BFGS:  450 20:41:06    -1097.790551        1.6238
BFGS:  451 20:41:06    -1097.816429        1.1486
BFGS:  452 20:41:06    -1097.778579        2.0138
BFGS:  453 20:41:06    -1097.814299        1.1943
BFGS:  454 20:41:06    -1097.790434        1.6255
BFGS:  455 20:41:06    -1097.816406        1.1488
BFGS:  456 20:41:06    -1097.777921        2.0128
BFGS:  457 20:41:06    -1097.814202        1.1969
BFGS:  458 20:41:06    -1097.790317        1.6273
BFGS:  459 20:41:06    -1097.816383        1.1491
BFGS:  460 20:41:06    -1097.777272        2.0119
BFGS:  461 20:41:06    -1097.814108        1.1994
BFGS:  462 20:41:06    -1097.790202        1.6290
BFGS:  463 20:41:06    -1097.816361        1.1493
BFGS:  464 20:41:06    -1097.776629        2.0110
BFGS:  465 20:41:06    -1097.814015        1.2018
BFGS:  466 20:41:06    -1097.790090        1.6307
BFGS:  467 20:41:06    -1097.816339        1.1496
BFGS:  468 20:41:06    -1097.775992        2.0102
BFGS:  469 20:41:07    -1097.813923        1.2042
BFGS:  470 20:41:07    -1097.789982        1.6323
BFGS:  471 20:41:07    -1097.816318        1.1499
BFGS:  472 20:41:07    -1097.775360        2.0094
BFGS:  473 20:41:07    -1097.813833        1.2066
BFGS:  474 20:41:07    -1097.789879        1.6339
BFGS:  475 20:41:07    -1097.816297        1.1502
BFGS:  476 20:41:07    -1097.774732        2.0086
BFGS:  477 20:41:07    -1097.813743        2.1228
BFGS:  478 20:41:07    -1097.788967        1.6484
BFGS:  479 20:41:07    -1097.816087        1.1579
BFGS:  480 20:41:07    -1097.774401        2.0073
BFGS:  481 20:41:07    -1097.813750        1.2075
BFGS:  482 20:41:07    -1097.789421        1.6438
BFGS:  483 20:41:07    -1097.816157        1.1553
BFGS:  484 20:41:07    -1097.773679        2.0060
BFGS:  485 20:41:07    -1097.813623        1.2114
BFGS:  486 20:41:07    -1097.789407        1.6432
BFGS:  487 20:41:07    -1097.816162        1.1539
BFGS:  488 20:41:07    -1097.772947        2.0053
BFGS:  489 20:41:07    -1097.813520        1.2144
BFGS:  490 20:41:07    -1097.789382        1.6430
BFGS:  491 20:41:07    -1097.816158        1.1532
BFGS:  492 20:41:07    -1097.772258        2.0047
BFGS:  493 20:41:07    -1097.813424        1.2171
BFGS:  494 20:41:07    -1097.789343        1.6431
BFGS:  495 20:41:07    -1097.816152        1.1528
BFGS:  496 20:41:07    -1097.771599        2.0041
BFGS:  497 20:41:07    -1097.813333        1.2196
BFGS:  498 20:41:07    -1097.789296        1.6436
BFGS:  499 20:41:07    -1097.816143        1.1526
