      Step     Time          Energy         fmax
BFGS:    0 20:50:26     -797.363123      103.2653
BFGS:    1 20:50:26     -823.118106       86.4556
BFGS:    2 20:50:26     -852.461718       84.5018
BFGS:    3 20:50:26     -881.223996       81.2378
BFGS:    4 20:50:27     -900.314989       87.6052
BFGS:    5 20:50:27     -917.010326       89.5854
BFGS:    6 20:50:27     -930.156079      101.7157
BFGS:    7 20:50:27     -942.871586      102.4111
BFGS:    8 20:50:27     -959.702331      103.2589
BFGS:    9 20:50:27     -974.140083       89.6352
BFGS:   10 20:50:27     -985.132268       77.8210
BFGS:   11 20:50:27     -995.482325       74.9742
BFGS:   12 20:50:27    -1003.656964       69.2854
BFGS:   13 20:50:27    -1010.098797       64.9633
BFGS:   14 20:50:27    -1016.453964       57.6885
BFGS:   15 20:50:27    -1022.670849       50.0996
BFGS:   16 20:50:27    -1029.137259       42.0431
BFGS:   17 20:50:27    -1034.284351       37.2357
BFGS:   18 20:50:27    -1038.356403       35.0367
BFGS:   19 20:50:27    -1042.157870       29.9960
BFGS:   20 20:50:27    -1046.057103       27.1705
BFGS:   21 20:50:27    -1049.955945       25.0393
BFGS:   22 20:50:27    -1053.599567       21.5897
BFGS:   23 20:50:27    -1057.000704       18.1862
BFGS:   24 20:50:27    -1059.557442       16.1808
BFGS:   25 20:50:27    -1061.371762       14.7768
BFGS:   26 20:50:27    -1062.726888       13.2066
BFGS:   27 20:50:27    -1063.876795       14.6389
BFGS:   28 20:50:27    -1064.806700       13.7049
BFGS:   29 20:50:27    -1065.674767       14.0683
BFGS:   30 20:50:28    -1066.465356       13.9300
BFGS:   31 20:50:28    -1067.360222       13.6817
BFGS:   32 20:50:28    -1068.104325       13.6583
BFGS:   33 20:50:28    -1068.843946       13.1725
BFGS:   34 20:50:28    -1069.553716       12.9857
BFGS:   35 20:50:28    -1070.226420       12.7760
BFGS:   36 20:50:28    -1070.870993       12.3385
BFGS:   37 20:50:28    -1071.522403       12.0912
BFGS:   38 20:50:28    -1072.201793       13.0967
BFGS:   39 20:50:28    -1073.120885       11.4782
BFGS:   40 20:50:28    -1074.072171       10.9894
BFGS:   41 20:50:28    -1074.866792        9.4258
BFGS:   42 20:50:28    -1075.630093        8.7759
BFGS:   43 20:50:28    -1076.269177        7.8367
BFGS:   44 20:50:28    -1077.306398        8.7537
BFGS:   45 20:50:28    -1078.241389        9.3133
BFGS:   46 20:50:28    -1079.114297        9.2586
BFGS:   47 20:50:28    -1079.903897        9.9554
BFGS:   48 20:50:28    -1080.616425       10.2214
BFGS:   49 20:50:28    -1081.259703       10.2353
BFGS:   50 20:50:28    -1081.897697        9.1405
BFGS:   51 20:50:28    -1082.499793        8.5705
BFGS:   52 20:50:28    -1082.746963        5.6673
BFGS:   53 20:50:28    -1082.951933        5.8939
BFGS:   54 20:50:28    -1083.143434        5.4600
BFGS:   55 20:50:28    -1083.287053        4.7538
BFGS:   56 20:50:28    -1083.399388        4.5936
BFGS:   57 20:50:28    -1083.524212        5.1228
BFGS:   58 20:50:28    -1083.683556        5.2629
BFGS:   59 20:50:28    -1083.844379        4.3081
BFGS:   60 20:50:29    -1084.003965        4.4989
BFGS:   61 20:50:29    -1084.167276        4.7772
BFGS:   62 20:50:29    -1084.312673        4.8762
BFGS:   63 20:50:29    -1084.453415        5.4790
BFGS:   64 20:50:29    -1084.593154        5.9625
BFGS:   65 20:50:29    -1084.730156        6.6936
BFGS:   66 20:50:29    -1084.898958        7.1875
BFGS:   67 20:50:29    -1085.058525        7.3528
BFGS:   68 20:50:29    -1085.247969        7.5414
BFGS:   69 20:50:29    -1085.447732        7.7288
BFGS:   70 20:50:29    -1085.705630        8.0611
BFGS:   71 20:50:29    -1085.915747        7.6484
BFGS:   72 20:50:29    -1086.190369        7.1736
BFGS:   73 20:50:29    -1086.435048        7.0055
BFGS:   74 20:50:29    -1086.655529        6.9084
BFGS:   75 20:50:29    -1086.902230        6.4753
BFGS:   76 20:50:29    -1087.186790        5.6918
BFGS:   77 20:50:29    -1087.553163        5.1950
BFGS:   78 20:50:29    -1087.930730        4.9271
BFGS:   79 20:50:29    -1088.280582        4.5884
BFGS:   80 20:50:29    -1088.627474        5.5508
BFGS:   81 20:50:29    -1088.975380        6.6344
BFGS:   82 20:50:29    -1089.330561        6.5014
BFGS:   83 20:50:29    -1089.708267        5.4336
BFGS:   84 20:50:29    -1090.055541        5.6006
BFGS:   85 20:50:29    -1090.348154        4.9449
BFGS:   86 20:50:29    -1090.620022        4.6315
BFGS:   87 20:50:29    -1090.883519        4.5062
BFGS:   88 20:50:29    -1091.134260        4.7876
BFGS:   89 20:50:29    -1091.374713        5.0463
BFGS:   90 20:50:29    -1091.586375        5.0748
BFGS:   91 20:50:29    -1091.778591        5.0544
BFGS:   92 20:50:30    -1091.937917        4.8041
BFGS:   93 20:50:30    -1092.083246        5.2987
BFGS:   94 20:50:30    -1092.212278        5.9167
BFGS:   95 20:50:30    -1092.335940        6.4320
BFGS:   96 20:50:30    -1092.453739        7.0823
BFGS:   97 20:50:30    -1092.580151        7.6520
BFGS:   98 20:50:30    -1092.744150        8.0831
BFGS:   99 20:50:30    -1093.025293        8.1574
BFGS:  100 20:50:30    -1093.267976        7.5320
BFGS:  101 20:50:30    -1093.437843        6.8212
BFGS:  102 20:50:30    -1093.541638        6.4389
BFGS:  103 20:50:30    -1093.684140        6.1516
BFGS:  104 20:50:30    -1093.840294        5.1648
BFGS:  105 20:50:30    -1094.001507        6.1124
BFGS:  106 20:50:30    -1094.180261        7.2220
BFGS:  107 20:50:30    -1094.464849        8.4904
BFGS:  108 20:50:30    -1094.721425        9.5264
BFGS:  109 20:50:30    -1094.957575        9.2583
BFGS:  110 20:50:30    -1095.181228        7.8805
BFGS:  111 20:50:30    -1095.380419        5.7365
BFGS:  112 20:50:30    -1095.521513        4.7526
BFGS:  113 20:50:30    -1095.628682        3.5492
BFGS:  114 20:50:30    -1095.703652        3.7065
BFGS:  115 20:50:30    -1095.788528        4.4280
BFGS:  116 20:50:30    -1095.845084        4.4014
BFGS:  117 20:50:30    -1095.874967        4.1519
BFGS:  118 20:50:30    -1095.908288        3.1986
BFGS:  119 20:50:30    -1095.939588        2.1342
BFGS:  120 20:50:30    -1095.964716        1.7525
BFGS:  121 20:50:30    -1095.981955        2.0026
BFGS:  122 20:50:30    -1095.997494        2.0895
BFGS:  123 20:50:30    -1096.015050        1.9722
BFGS:  124 20:50:30    -1096.026974        1.8389
BFGS:  125 20:50:30    -1096.033247        1.8228
BFGS:  126 20:50:31    -1096.040146        1.6854
BFGS:  127 20:50:31    -1096.051253        1.6715
BFGS:  128 20:50:31    -1096.067990        1.7869
BFGS:  129 20:50:31    -1096.085910        2.0122
BFGS:  130 20:50:31    -1096.101560        2.3629
BFGS:  131 20:50:31    -1096.117006        2.9459
BFGS:  132 20:50:31    -1096.142287        3.0028
BFGS:  133 20:50:31    -1096.167399        3.2718
BFGS:  134 20:50:31    -1096.193654        3.3124
BFGS:  135 20:50:31    -1096.224928        3.8645
BFGS:  136 20:50:31    -1096.267426        4.2637
BFGS:  137 20:50:31    -1096.299717        4.2726
BFGS:  138 20:50:31    -1096.348896        3.7840
BFGS:  139 20:50:31    -1096.402626        4.0963
BFGS:  140 20:50:31    -1096.500426        4.4299
BFGS:  141 20:50:31    -1096.579802        4.9450
BFGS:  142 20:50:31    -1096.653545        5.2809
BFGS:  143 20:50:31    -1096.725387        5.4697
BFGS:  144 20:50:31    -1096.817138        5.2557
BFGS:  145 20:50:31    -1096.918779        4.1214
BFGS:  146 20:50:31    -1096.969106        3.2464
BFGS:  147 20:50:31    -1097.009658        2.5430
BFGS:  148 20:50:31    -1097.048355        1.8004
BFGS:  149 20:50:31    -1097.082602        1.4000
BFGS:  150 20:50:31    -1097.109111        1.4444
BFGS:  151 20:50:31    -1097.121856        1.8609
BFGS:  152 20:50:31    -1097.133294        1.9455
BFGS:  153 20:50:31    -1097.141581        1.6150
BFGS:  154 20:50:31    -1097.148970        1.5505
BFGS:  155 20:50:31    -1097.160201        1.8143
BFGS:  156 20:50:31    -1097.178381        2.1896
BFGS:  157 20:50:31    -1097.190658        2.5190
BFGS:  158 20:50:31    -1097.204583        2.7806
BFGS:  159 20:50:32    -1097.226285        2.6673
BFGS:  160 20:50:32    -1097.254569        2.5168
BFGS:  161 20:50:32    -1097.325262        1.9558
BFGS:  162 20:50:32    -1097.368963        1.5794
BFGS:  163 20:50:32    -1097.386365        1.3212
BFGS:  164 20:50:32    -1097.398172        1.3195
BFGS:  165 20:50:32    -1097.406708        1.5459
BFGS:  166 20:50:32    -1097.417091        1.5570
BFGS:  167 20:50:32    -1097.425019        1.3038
BFGS:  168 20:50:32    -1097.432915        0.8832
BFGS:  169 20:50:32    -1097.437299        0.6979
BFGS:  170 20:50:32    -1097.440417        0.6893
BFGS:  171 20:50:32    -1097.442870        0.6638
BFGS:  172 20:50:32    -1097.446815        0.5678
BFGS:  173 20:50:32    -1097.453049        0.5084
BFGS:  174 20:50:32    -1097.455056        0.3399
BFGS:  175 20:50:32    -1097.456180        0.3332
BFGS:  176 20:50:32    -1097.456706        0.3412
BFGS:  177 20:50:32    -1097.456911        0.3179
BFGS:  178 20:50:32    -1097.457158        0.2741
BFGS:  179 20:50:32    -1097.457298        0.4782
BFGS:  180 20:50:32    -1097.457400        0.2975
BFGS:  181 20:50:32    -1097.457581        0.2462
BFGS:  182 20:50:32    -1097.457690        0.2441
BFGS:  183 20:50:32    -1097.457777        0.2512
BFGS:  184 20:50:32    -1097.457882        0.2504
BFGS:  185 20:50:32    -1097.457990        0.2560
BFGS:  186 20:50:32    -1097.458117        0.2506
BFGS:  187 20:50:32    -1097.458254        0.2468
BFGS:  188 20:50:32    -1097.458408        0.2457
BFGS:  189 20:50:32    -1097.458552        0.2442
BFGS:  190 20:50:32    -1097.458664        0.2593
BFGS:  191 20:50:32    -1097.458731        0.2757
BFGS:  192 20:50:32    -1097.458766        0.2866
BFGS:  193 20:50:33    -1097.458794        0.2952
BFGS:  194 20:50:33    -1097.458827        0.3013
BFGS:  195 20:50:33    -1097.458879        0.3050
BFGS:  196 20:50:33    -1097.458973        0.3039
BFGS:  197 20:50:33    -1097.459146        0.2953
BFGS:  198 20:50:33    -1097.459433        0.2824
BFGS:  199 20:50:33    -1097.459814        0.3738
BFGS:  200 20:50:33    -1097.460189        0.4532
BFGS:  201 20:50:33    -1097.460509        0.4868
BFGS:  202 20:50:33    -1097.460868        0.4833
BFGS:  203 20:50:33    -1097.461469        0.4493
BFGS:  204 20:50:33    -1097.462580        0.3719
BFGS:  205 20:50:33    -1097.464216        0.3787
BFGS:  206 20:50:33    -1097.465619        0.4302
BFGS:  207 20:50:33    -1097.465997        0.3456
BFGS:  208 20:50:33    -1097.465781        0.3221
BFGS:  209 20:50:33    -1097.466831        0.2459
BFGS:  210 20:50:33    -1097.466996        0.3554
BFGS:  211 20:50:33    -1097.466961        0.2604
BFGS:  212 20:50:33    -1097.467018        0.2593
BFGS:  213 20:50:33    -1097.466628        0.4055
BFGS:  214 20:50:33    -1097.467064        0.3460
BFGS:  215 20:50:33    -1097.465819        0.4114
BFGS:  216 20:50:33    -1097.466730        0.2847
BFGS:  217 20:50:33    -1097.466290        0.4502
BFGS:  218 20:50:33    -1097.467069        0.2633
BFGS:  219 20:50:33    -1097.467024        0.3570
BFGS:  220 20:50:33    -1097.467120        0.2632
BFGS:  221 20:50:33    -1097.467130        0.3415
BFGS:  222 20:50:33    -1097.467137        0.2631
BFGS:  223 20:50:33    -1097.467146        0.2630
BFGS:  224 20:50:33    -1097.465835        0.5721
BFGS:  225 20:50:33    -1097.466769        0.4288
BFGS:  226 20:50:34    -1097.466044        0.3543
BFGS:  227 20:50:34    -1097.467108        0.2641
BFGS:  228 20:50:34    -1097.465525        0.6117
BFGS:  229 20:50:34    -1097.466717        0.4385
BFGS:  230 20:50:34    -1097.465845        0.3783
BFGS:  231 20:50:34    -1097.467093        0.2644
BFGS:  232 20:50:34    -1097.465377        0.6292
BFGS:  233 20:50:34    -1097.466693        0.4428
BFGS:  234 20:50:34    -1097.465744        0.3898
BFGS:  235 20:50:34    -1097.467085        0.2643
BFGS:  236 20:50:34    -1097.465308        0.6368
BFGS:  237 20:50:34    -1097.466684        0.4444
BFGS:  238 20:50:34    -1097.465695        0.3953
BFGS:  239 20:50:34    -1097.467080        0.2642
BFGS:  240 20:50:34    -1097.465278        0.6397
BFGS:  241 20:50:34    -1097.466682        0.4448
BFGS:  242 20:50:34    -1097.465671        0.3977
BFGS:  243 20:50:34    -1097.467078        0.2640
BFGS:  244 20:50:34    -1097.465267        0.6406
BFGS:  245 20:50:34    -1097.466682        0.4449
BFGS:  246 20:50:34    -1097.465660        0.3988
BFGS:  247 20:50:34    -1097.467078        0.2639
BFGS:  248 20:50:34    -1097.465263        0.6407
BFGS:  249 20:50:34    -1097.466684        0.4447
BFGS:  250 20:50:34    -1097.465655        0.3993
BFGS:  251 20:50:34    -1097.467078        0.2637
BFGS:  252 20:50:34    -1097.465264        0.6405
BFGS:  253 20:50:34    -1097.466686        0.4445
BFGS:  254 20:50:34    -1097.465653        0.3996
BFGS:  255 20:50:34    -1097.467078        0.2636
BFGS:  256 20:50:34    -1097.465266        0.6402
BFGS:  257 20:50:34    -1097.466689        0.4443
BFGS:  258 20:50:34    -1097.465653        0.3997
BFGS:  259 20:50:34    -1097.467079        0.2635
BFGS:  260 20:50:35    -1097.465268        0.6400
BFGS:  261 20:50:35    -1097.466691        0.4441
BFGS:  262 20:50:35    -1097.465653        0.3998
BFGS:  263 20:50:35    -1097.467080        0.2634
BFGS:  264 20:50:35    -1097.465271        0.6397
BFGS:  265 20:50:35    -1097.466694        0.4439
BFGS:  266 20:50:35    -1097.465654        0.4000
BFGS:  267 20:50:35    -1097.467081        0.2633
BFGS:  268 20:50:35    -1097.465274        0.6394
BFGS:  269 20:50:35    -1097.466697        0.4437
BFGS:  270 20:50:35    -1097.465655        0.4001
BFGS:  271 20:50:35    -1097.467082        0.2632
BFGS:  272 20:50:35    -1097.465276        0.6392
BFGS:  273 20:50:35    -1097.466699        0.4435
BFGS:  274 20:50:35    -1097.465655        0.4003
BFGS:  275 20:50:35    -1097.467083        0.2631
BFGS:  276 20:50:35    -1097.465279        0.6390
BFGS:  277 20:50:35    -1097.466702        0.4433
BFGS:  278 20:50:35    -1097.465656        0.4004
BFGS:  279 20:50:35    -1097.467084        0.2630
BFGS:  280 20:50:35    -1097.465282        0.6388
BFGS:  281 20:50:35    -1097.466704        0.4432
BFGS:  282 20:50:35    -1097.465657        0.4006
BFGS:  283 20:50:35    -1097.467085        0.2630
BFGS:  284 20:50:35    -1097.465284        0.6386
BFGS:  285 20:50:35    -1097.466707        0.4430
BFGS:  286 20:50:35    -1097.465658        0.4007
BFGS:  287 20:50:35    -1097.467086        0.2629
BFGS:  288 20:50:35    -1097.465287        0.6385
BFGS:  289 20:50:35    -1097.466709        0.4428
BFGS:  290 20:50:35    -1097.465659        0.4009
BFGS:  291 20:50:35    -1097.467087        0.2628
BFGS:  292 20:50:35    -1097.465289        0.6383
BFGS:  293 20:50:36    -1097.466712        0.4427
BFGS:  294 20:50:36    -1097.465660        0.4011
BFGS:  295 20:50:36    -1097.467088        0.2628
BFGS:  296 20:50:36    -1097.465292        0.6382
BFGS:  297 20:50:36    -1097.466714        0.4425
BFGS:  298 20:50:36    -1097.465661        0.4012
BFGS:  299 20:50:36    -1097.467089        0.2627
BFGS:  300 20:50:36    -1097.465294        0.6380
BFGS:  301 20:50:36    -1097.466716        0.4423
BFGS:  302 20:50:36    -1097.465662        0.4014
BFGS:  303 20:50:36    -1097.467090        0.2627
BFGS:  304 20:50:36    -1097.465297        0.6378
BFGS:  305 20:50:36    -1097.466719        0.4422
BFGS:  306 20:50:36    -1097.465663        0.4015
BFGS:  307 20:50:36    -1097.467091        0.2626
BFGS:  308 20:50:36    -1097.465299        0.6377
BFGS:  309 20:50:36    -1097.466721        0.4420
BFGS:  310 20:50:36    -1097.465664        0.4017
BFGS:  311 20:50:36    -1097.467092        0.2625
BFGS:  312 20:50:36    -1097.465301        0.6376
BFGS:  313 20:50:36    -1097.466724        0.4419
BFGS:  314 20:50:36    -1097.465665        0.4019
BFGS:  315 20:50:36    -1097.467093        0.2625
BFGS:  316 20:50:36    -1097.465304        0.6374
BFGS:  317 20:50:36    -1097.466726        0.4417
BFGS:  318 20:50:36    -1097.465666        0.4020
BFGS:  319 20:50:36    -1097.467094        0.2624
BFGS:  320 20:50:36    -1097.465306        0.6373
BFGS:  321 20:50:36    -1097.466728        0.4416
BFGS:  322 20:50:36    -1097.465667        0.4022
BFGS:  323 20:50:36    -1097.467095        0.2624
BFGS:  324 20:50:36    -1097.465309        0.6371
BFGS:  325 20:50:36    -1097.466731        0.4414
BFGS:  326 20:50:36    -1097.465668        0.4024
BFGS:  327 20:50:37    -1097.467096        0.2623
BFGS:  328 20:50:37    -1097.465311        0.6370
BFGS:  329 20:50:37    -1097.466733        0.4413
BFGS:  330 20:50:37    -1097.465669        0.4025
BFGS:  331 20:50:37    -1097.467097        0.2622
BFGS:  332 20:50:37    -1097.465313        0.6369
BFGS:  333 20:50:37    -1097.466736        0.4411
BFGS:  334 20:50:37    -1097.465670        0.4027
BFGS:  335 20:50:37    -1097.467098        0.2622
BFGS:  336 20:50:37    -1097.465316        0.6367
BFGS:  337 20:50:37    -1097.466738        0.4410
BFGS:  338 20:50:37    -1097.465671        0.4028
BFGS:  339 20:50:37    -1097.467099        0.2621
BFGS:  340 20:50:37    -1097.465318        0.6366
BFGS:  341 20:50:37    -1097.466740        0.4408
BFGS:  342 20:50:37    -1097.465672        0.4030
BFGS:  343 20:50:37    -1097.467100        0.2621
BFGS:  344 20:50:37    -1097.465320        0.6364
BFGS:  345 20:50:37    -1097.466743        0.4407
BFGS:  346 20:50:37    -1097.465673        0.4031
BFGS:  347 20:50:37    -1097.467101        0.2620
BFGS:  348 20:50:37    -1097.465323        0.6363
BFGS:  349 20:50:37    -1097.466745        0.4405
BFGS:  350 20:50:37    -1097.465674        0.4033
BFGS:  351 20:50:37    -1097.467102        0.2620
BFGS:  352 20:50:37    -1097.465325        0.6362
BFGS:  353 20:50:37    -1097.466747        0.4404
BFGS:  354 20:50:37    -1097.465675        0.4034
BFGS:  355 20:50:37    -1097.467103        0.2619
BFGS:  356 20:50:37    -1097.465327        0.6361
BFGS:  357 20:50:37    -1097.466750        0.4402
BFGS:  358 20:50:37    -1097.465676        0.4036
BFGS:  359 20:50:37    -1097.467104        0.2618
BFGS:  360 20:50:38    -1097.465329        0.6359
BFGS:  361 20:50:38    -1097.466752        0.4401
BFGS:  362 20:50:38    -1097.465677        0.4037
BFGS:  363 20:50:38    -1097.467105        0.2618
BFGS:  364 20:50:38    -1097.465332        0.6358
BFGS:  365 20:50:38    -1097.466754        0.4400
BFGS:  366 20:50:38    -1097.465678        0.4039
BFGS:  367 20:50:38    -1097.467106        0.2617
BFGS:  368 20:50:38    -1097.465334        0.6357
BFGS:  369 20:50:38    -1097.466756        0.4398
BFGS:  370 20:50:38    -1097.465679        0.4040
BFGS:  371 20:50:38    -1097.467107        0.2617
BFGS:  372 20:50:38    -1097.465336        0.6355
BFGS:  373 20:50:38    -1097.466759        0.4397
BFGS:  374 20:50:38    -1097.465680        0.4042
BFGS:  375 20:50:38    -1097.467108        0.2616
BFGS:  376 20:50:38    -1097.465338        0.6354
BFGS:  377 20:50:38    -1097.466761        0.4396
BFGS:  378 20:50:38    -1097.465681        0.4043
BFGS:  379 20:50:38    -1097.467109        0.2616
BFGS:  380 20:50:38    -1097.465341        0.6353
BFGS:  381 20:50:38    -1097.466763        0.4394
BFGS:  382 20:50:38    -1097.465682        0.4045
BFGS:  383 20:50:38    -1097.467111        0.2615
BFGS:  384 20:50:38    -1097.465343        0.6352
BFGS:  385 20:50:38    -1097.466766        0.4393
BFGS:  386 20:50:38    -1097.465683        0.4046
BFGS:  387 20:50:38    -1097.467112        0.2614
BFGS:  388 20:50:38    -1097.465345        0.6351
BFGS:  389 20:50:38    -1097.466768        0.4392
BFGS:  390 20:50:38    -1097.465684        0.4048
BFGS:  391 20:50:38    -1097.467113        0.2614
BFGS:  392 20:50:38    -1097.465347        0.6349
BFGS:  393 20:50:38    -1097.466770        0.4390
BFGS:  394 20:50:39    -1097.465685        0.4049
BFGS:  395 20:50:39    -1097.467114        0.2613
BFGS:  396 20:50:39    -1097.465350        0.6348
BFGS:  397 20:50:39    -1097.466772        0.4389
BFGS:  398 20:50:39    -1097.465686        0.4051
BFGS:  399 20:50:39    -1097.467115        0.2613
BFGS:  400 20:50:39    -1097.465352        0.6347
BFGS:  401 20:50:39    -1097.466774        0.4388
BFGS:  402 20:50:39    -1097.465687        0.4052
BFGS:  403 20:50:39    -1097.467116        0.2612
BFGS:  404 20:50:39    -1097.465354        0.6346
BFGS:  405 20:50:39    -1097.466777        0.4386
BFGS:  406 20:50:39    -1097.465688        0.4053
BFGS:  407 20:50:39    -1097.467117        0.2612
BFGS:  408 20:50:39    -1097.465356        0.6345
BFGS:  409 20:50:39    -1097.466779        0.4385
BFGS:  410 20:50:39    -1097.465689        0.4055
BFGS:  411 20:50:39    -1097.467118        0.2611
BFGS:  412 20:50:39    -1097.465358        0.6343
BFGS:  413 20:50:39    -1097.466781        0.4384
BFGS:  414 20:50:39    -1097.465690        0.4056
BFGS:  415 20:50:39    -1097.467119        0.2611
BFGS:  416 20:50:39    -1097.465360        0.6342
BFGS:  417 20:50:39    -1097.466783        0.4382
BFGS:  418 20:50:39    -1097.465691        0.4058
BFGS:  419 20:50:39    -1097.467120        0.2610
BFGS:  420 20:50:39    -1097.465363        0.6341
BFGS:  421 20:50:39    -1097.466786        0.4381
BFGS:  422 20:50:39    -1097.465692        0.4059
BFGS:  423 20:50:39    -1097.467121        0.2609
BFGS:  424 20:50:39    -1097.465365        0.6340
BFGS:  425 20:50:39    -1097.466788        0.4380
BFGS:  426 20:50:39    -1097.465693        0.4060
BFGS:  427 20:50:40    -1097.467122        0.2609
BFGS:  428 20:50:40    -1097.465367        0.6339
BFGS:  429 20:50:40    -1097.466790        0.4379
BFGS:  430 20:50:40    -1097.465694        0.4062
BFGS:  431 20:50:40    -1097.467123        0.2608
BFGS:  432 20:50:40    -1097.465369        0.6338
BFGS:  433 20:50:40    -1097.466792        0.4377
BFGS:  434 20:50:40    -1097.465695        0.4063
BFGS:  435 20:50:40    -1097.467125        0.2608
BFGS:  436 20:50:40    -1097.465371        0.6337
BFGS:  437 20:50:40    -1097.466794        0.4376
BFGS:  438 20:50:40    -1097.465696        0.4064
BFGS:  439 20:50:40    -1097.467126        0.2607
BFGS:  440 20:50:40    -1097.465373        0.6335
BFGS:  441 20:50:40    -1097.466796        0.4375
BFGS:  442 20:50:40    -1097.465697        0.4066
BFGS:  443 20:50:40    -1097.467127        0.2607
BFGS:  444 20:50:40    -1097.465375        0.6334
BFGS:  445 20:50:40    -1097.466799        0.4374
BFGS:  446 20:50:40    -1097.465699        0.4067
BFGS:  447 20:50:40    -1097.467128        0.2606
BFGS:  448 20:50:40    -1097.465378        0.6333
BFGS:  449 20:50:40    -1097.466801        0.4373
BFGS:  450 20:50:40    -1097.465700        0.4068
BFGS:  451 20:50:40    -1097.467129        0.2606
BFGS:  452 20:50:40    -1097.465380        0.6332
BFGS:  453 20:50:40    -1097.466803        0.4371
BFGS:  454 20:50:40    -1097.465701        0.4070
BFGS:  455 20:50:40    -1097.467130        0.2605
BFGS:  456 20:50:40    -1097.465382        0.6331
BFGS:  457 20:50:40    -1097.466805        0.4370
BFGS:  458 20:50:40    -1097.465702        0.4071
BFGS:  459 20:50:40    -1097.467131        0.2605
BFGS:  460 20:50:40    -1097.465384        0.6330
BFGS:  461 20:50:41    -1097.466807        0.4369
BFGS:  462 20:50:41    -1097.465703        0.4072
BFGS:  463 20:50:41    -1097.467132        0.2604
BFGS:  464 20:50:41    -1097.465386        0.6329
BFGS:  465 20:50:41    -1097.466809        0.4368
BFGS:  466 20:50:41    -1097.465704        0.4073
BFGS:  467 20:50:41    -1097.467133        0.2603
BFGS:  468 20:50:41    -1097.465388        0.6328
BFGS:  469 20:50:41    -1097.466811        0.4367
BFGS:  470 20:50:41    -1097.465705        0.4075
BFGS:  471 20:50:41    -1097.467134        0.2603
BFGS:  472 20:50:41    -1097.465390        0.6327
BFGS:  473 20:50:41    -1097.466814        0.4366
BFGS:  474 20:50:41    -1097.465706        0.4076
BFGS:  475 20:50:41    -1097.467135        0.2602
BFGS:  476 20:50:41    -1097.465392        0.6326
BFGS:  477 20:50:41    -1097.466816        0.4364
BFGS:  478 20:50:41    -1097.465707        0.4077
BFGS:  479 20:50:41    -1097.467137        0.2602
BFGS:  480 20:50:41    -1097.465394        0.6325
BFGS:  481 20:50:41    -1097.466818        0.4363
BFGS:  482 20:50:41    -1097.465708        0.4078
BFGS:  483 20:50:41    -1097.467138        0.2601
BFGS:  484 20:50:41    -1097.465396        0.6324
BFGS:  485 20:50:41    -1097.466820        0.4362
BFGS:  486 20:50:41    -1097.465709        0.4080
BFGS:  487 20:50:41    -1097.467139        0.2601
BFGS:  488 20:50:41    -1097.465398        0.6323
BFGS:  489 20:50:41    -1097.466822        0.4361
BFGS:  490 20:50:41    -1097.465710        0.4081
BFGS:  491 20:50:41    -1097.467140        0.2600
BFGS:  492 20:50:41    -1097.465401        0.6321
BFGS:  493 20:50:41    -1097.466824        0.4360
BFGS:  494 20:50:42    -1097.465711        0.4082
BFGS:  495 20:50:42    -1097.467141        0.2600
BFGS:  496 20:50:42    -1097.465403        0.6320
BFGS:  497 20:50:42    -1097.466826        0.4359
BFGS:  498 20:50:42    -1097.465712        0.4083
BFGS:  499 20:50:42    -1097.467142        0.2599
