      Step     Time          Energy         fmax
BFGS:    0 20:39:20     -979.332478       36.8650
BFGS:    1 20:39:20     -991.566993       30.9797
BFGS:    2 20:39:20     -999.958221       28.9010
BFGS:    3 20:39:20    -1006.991496       24.8360
BFGS:    4 20:39:20    -1011.591423       23.7473
BFGS:    5 20:39:20    -1015.369082       22.6031
BFGS:    6 20:39:20    -1018.989899       21.4815
BFGS:    7 20:39:20    -1022.612686       20.3932
BFGS:    8 20:39:20    -1026.157678       19.1017
BFGS:    9 20:39:20    -1029.833974       17.8294
BFGS:   10 20:39:20    -1033.321045       16.6325
BFGS:   11 20:39:20    -1036.490707       15.0687
BFGS:   12 20:39:20    -1039.596822       14.0482
BFGS:   13 20:39:20    -1042.218950       12.6238
BFGS:   14 20:39:20    -1044.614022       11.7580
BFGS:   15 20:39:20    -1046.773077       10.8310
BFGS:   16 20:39:20    -1048.732813       10.0121
BFGS:   17 20:39:20    -1050.510307        9.5432
BFGS:   18 20:39:20    -1052.125714       12.1751
BFGS:   19 20:39:20    -1053.735551       11.4034
BFGS:   20 20:39:20    -1055.284074       11.3292
BFGS:   21 20:39:20    -1056.730026       11.1315
BFGS:   22 20:39:20    -1058.137679       10.7579
BFGS:   23 20:39:20    -1059.515148       10.1811
BFGS:   24 20:39:20    -1060.845843        9.4232
BFGS:   25 20:39:20    -1062.118202        8.5745
BFGS:   26 20:39:20    -1063.330143        7.6551
BFGS:   27 20:39:21    -1064.449028        6.8336
BFGS:   28 20:39:21    -1065.459328        6.2047
BFGS:   29 20:39:21    -1066.413414        5.8576
BFGS:   30 20:39:21    -1067.347482        5.4223
BFGS:   31 20:39:21    -1068.280597        5.1435
BFGS:   32 20:39:21    -1069.213308        5.3969
BFGS:   33 20:39:21    -1070.139493        5.7317
BFGS:   34 20:39:21    -1071.009644        6.0279
BFGS:   35 20:39:21    -1071.828544        6.2263
BFGS:   36 20:39:21    -1072.605694        6.2807
BFGS:   37 20:39:21    -1073.351353        6.2062
BFGS:   38 20:39:21    -1074.070912        6.0149
BFGS:   39 20:39:21    -1074.772082        5.7285
BFGS:   40 20:39:21    -1075.457693        5.5939
BFGS:   41 20:39:21    -1076.132906        5.7220
BFGS:   42 20:39:21    -1076.775572        6.0075
BFGS:   43 20:39:21    -1077.379363        6.0278
BFGS:   44 20:39:21    -1077.958945        6.2461
BFGS:   45 20:39:21    -1078.514409        6.1857
BFGS:   46 20:39:21    -1079.056374        6.3223
BFGS:   47 20:39:21    -1079.581471        6.1771
BFGS:   48 20:39:21    -1080.084859        6.1820
BFGS:   49 20:39:21    -1080.534334        5.9137
BFGS:   50 20:39:21    -1080.929998        5.7393
BFGS:   51 20:39:21    -1081.312405        6.8670
BFGS:   52 20:39:21    -1081.666378        6.9240
BFGS:   53 20:39:21    -1082.021776        7.4015
BFGS:   54 20:39:21    -1082.393986        7.6502
BFGS:   55 20:39:21    -1082.786103        7.4921
BFGS:   56 20:39:21    -1083.176625        6.9612
BFGS:   57 20:39:21    -1083.531283        6.3070
BFGS:   58 20:39:21    -1083.869967        5.7303
BFGS:   59 20:39:21    -1084.200785        5.4609
BFGS:   60 20:39:21    -1084.517861        5.6238
BFGS:   61 20:39:21    -1084.818576        5.7286
BFGS:   62 20:39:21    -1085.107515        5.7342
BFGS:   63 20:39:21    -1085.392713        5.6248
BFGS:   64 20:39:21    -1085.678477        5.3380
BFGS:   65 20:39:21    -1085.956490        4.9021
BFGS:   66 20:39:21    -1086.248732        4.7580
BFGS:   67 20:39:21    -1086.574359        4.5007
BFGS:   68 20:39:21    -1086.864297        4.1569
BFGS:   69 20:39:22    -1087.113207        3.8324
BFGS:   70 20:39:22    -1087.344557        3.5197
BFGS:   71 20:39:22    -1087.561834        3.2510
BFGS:   72 20:39:22    -1087.771331        2.9902
BFGS:   73 20:39:22    -1087.980218        2.7636
BFGS:   74 20:39:22    -1088.197644        2.5295
BFGS:   75 20:39:22    -1088.419701        2.3113
BFGS:   76 20:39:22    -1088.627945        2.2331
BFGS:   77 20:39:22    -1088.791807        2.5620
BFGS:   78 20:39:22    -1088.937211        2.7634
BFGS:   79 20:39:22    -1089.078043        2.8731
BFGS:   80 20:39:22    -1089.219141        2.8839
BFGS:   81 20:39:22    -1089.358917        2.8283
BFGS:   82 20:39:22    -1089.492887        2.6713
BFGS:   83 20:39:22    -1089.614312        2.4582
BFGS:   84 20:39:22    -1089.715717        2.0821
BFGS:   85 20:39:22    -1089.787166        1.7003
BFGS:   86 20:39:22    -1089.862542        1.6008
BFGS:   87 20:39:22    -1089.946959        2.0120
BFGS:   88 20:39:22    -1090.059217        1.8817
BFGS:   89 20:39:22    -1090.185667        1.4573
BFGS:   90 20:39:22    -1090.279264        1.0634
BFGS:   91 20:39:22    -1090.328855        0.5950
BFGS:   92 20:39:22    -1090.349986        0.7208
BFGS:   93 20:39:22    -1090.362158        0.8002
BFGS:   94 20:39:22    -1090.370711        0.8355
BFGS:   95 20:39:22    -1090.375119        0.8329
BFGS:   96 20:39:22    -1090.377602        0.8050
BFGS:   97 20:39:22    -1090.379940        0.7662
BFGS:   98 20:39:22    -1090.382442        0.7201
BFGS:   99 20:39:22    -1090.385163        0.6752
BFGS:  100 20:39:22    -1090.387707        0.6384
BFGS:  101 20:39:22    -1090.389865        0.6255
BFGS:  102 20:39:22    -1090.391634        0.6240
BFGS:  103 20:39:22    -1090.393123        0.6480
BFGS:  104 20:39:22    -1090.394395        0.6631
BFGS:  105 20:39:22    -1090.395500        0.6963
BFGS:  106 20:39:22    -1090.396558        0.6978
BFGS:  107 20:39:22    -1090.397747        0.7110
BFGS:  108 20:39:22    -1090.399142        0.6877
BFGS:  109 20:39:22    -1090.400742        0.6673
BFGS:  110 20:39:22    -1090.402559        0.6290
BFGS:  111 20:39:23    -1090.404800        0.6038
BFGS:  112 20:39:23    -1090.407480        0.5890
BFGS:  113 20:39:23    -1090.410070        0.6027
BFGS:  114 20:39:23    -1090.411818        0.6338
BFGS:  115 20:39:23    -1090.412919        0.6715
BFGS:  116 20:39:23    -1090.413975        0.7042
BFGS:  117 20:39:23    -1090.415380        0.7312
BFGS:  118 20:39:23    -1090.417055        0.7287
BFGS:  119 20:39:23    -1090.418618        0.6862
BFGS:  120 20:39:23    -1090.419846        0.6184
BFGS:  121 20:39:23    -1090.420807        0.5566
BFGS:  122 20:39:23    -1090.421550        0.5172
BFGS:  123 20:39:23    -1090.422058        0.5083
BFGS:  124 20:39:23    -1090.422384        0.5171
BFGS:  125 20:39:23    -1090.422663        0.5334
BFGS:  126 20:39:23    -1090.422982        0.5487
BFGS:  127 20:39:23    -1090.423333        0.5592
BFGS:  128 20:39:23    -1090.423651        0.5547
BFGS:  129 20:39:23    -1090.423911        0.5478
BFGS:  130 20:39:23    -1090.424152        0.5402
BFGS:  131 20:39:23    -1090.424401        0.5445
BFGS:  132 20:39:23    -1090.424643        0.5568
BFGS:  133 20:39:23    -1090.424871        0.5788
BFGS:  134 20:39:23    -1090.425113        0.6016
BFGS:  135 20:39:23    -1090.425410        0.6261
BFGS:  136 20:39:23    -1090.425740        0.6397
BFGS:  137 20:39:23    -1090.426025        0.6378
BFGS:  138 20:39:23    -1090.426235        0.6230
BFGS:  139 20:39:23    -1090.426409        0.6084
BFGS:  140 20:39:23    -1090.426586        0.5968
BFGS:  141 20:39:23    -1090.426770        0.5925
BFGS:  142 20:39:23    -1090.426955        0.5930
BFGS:  143 20:39:23    -1090.427163        0.5947
BFGS:  144 20:39:23    -1090.427430        0.5910
BFGS:  145 20:39:23    -1090.427777        0.5773
BFGS:  146 20:39:23    -1090.428191        0.5509
BFGS:  147 20:39:23    -1090.428665        0.5187
BFGS:  148 20:39:23    -1090.429226        0.4885
BFGS:  149 20:39:23    -1090.429910        0.4695
BFGS:  150 20:39:23    -1090.430701        0.4664
BFGS:  151 20:39:23    -1090.431580        0.4778
BFGS:  152 20:39:24    -1090.432662        0.4961
BFGS:  153 20:39:24    -1090.434282        0.5255
BFGS:  154 20:39:24    -1090.436904        0.5456
BFGS:  155 20:39:24    -1090.440181        0.5405
BFGS:  156 20:39:24    -1090.443603        0.5084
BFGS:  157 20:39:24    -1090.447153        0.4636
BFGS:  158 20:39:24    -1090.450604        0.4126
BFGS:  159 20:39:24    -1090.454034        0.3559
BFGS:  160 20:39:24    -1090.457184        0.3011
BFGS:  161 20:39:24    -1090.460258        0.2281
BFGS:  162 20:39:24    -1090.462633        0.1911
BFGS:  163 20:39:24    -1090.464553        0.1440
BFGS:  164 20:39:24    -1090.465030        0.0951
