      Step     Time          Energy         fmax
BFGS:    0 20:44:11     -622.736508      239.1630
BFGS:    1 20:44:11     -664.288177      217.0332
BFGS:    2 20:44:11     -714.182652      212.2575
BFGS:    3 20:44:11     -760.402983      212.8978
BFGS:    4 20:44:11     -791.396580      202.9692
BFGS:    5 20:44:11     -816.401426      196.3138
BFGS:    6 20:44:11     -839.756548      186.9216
BFGS:    7 20:44:11     -861.651646      176.6662
BFGS:    8 20:44:11     -882.370377      166.4889
BFGS:    9 20:44:11     -902.038298      154.5030
BFGS:   10 20:44:11     -920.485537      142.4671
BFGS:   11 20:44:11     -936.236446      131.2662
BFGS:   12 20:44:11     -950.932723      118.5448
BFGS:   13 20:44:11     -963.187277      110.3188
BFGS:   14 20:44:11     -975.652770       99.7778
BFGS:   15 20:44:11     -986.071949       93.0681
BFGS:   16 20:44:11     -994.783879       85.9721
BFGS:   17 20:44:11    -1002.824224       81.3160
BFGS:   18 20:44:11    -1010.689134       74.7598
BFGS:   19 20:44:11    -1017.912353       67.3583
BFGS:   20 20:44:11    -1023.450034       63.0748
BFGS:   21 20:44:11    -1027.859570       59.6064
BFGS:   22 20:44:11    -1031.748937       56.9954
BFGS:   23 20:44:11    -1035.468370       54.4287
BFGS:   24 20:44:11    -1038.952437       52.0102
BFGS:   25 20:44:11    -1042.291893       48.4654
BFGS:   26 20:44:11    -1045.352303       45.6327
BFGS:   27 20:44:11    -1048.297721       42.5824
BFGS:   28 20:44:11    -1051.438115       39.2395
BFGS:   29 20:44:11    -1054.731072       37.6124
BFGS:   30 20:44:12    -1058.072512       35.6668
BFGS:   31 20:44:12    -1061.255597       35.6972
BFGS:   32 20:44:12    -1064.080365       33.8226
BFGS:   33 20:44:12    -1066.317899       31.8101
BFGS:   34 20:44:12    -1068.172252       31.0980
BFGS:   35 20:44:12    -1069.876782       30.4530
BFGS:   36 20:44:12    -1071.517831       29.4123
BFGS:   37 20:44:12    -1073.111052       28.0924
BFGS:   38 20:44:12    -1074.663607       26.2211
BFGS:   39 20:44:12    -1076.206690       23.4716
BFGS:   40 20:44:12    -1077.761609       19.8204
BFGS:   41 20:44:12    -1079.014969       16.5975
BFGS:   42 20:44:12    -1079.965742       16.0723
BFGS:   43 20:44:12    -1080.798899       14.4753
BFGS:   44 20:44:12    -1081.462216       13.6191
BFGS:   45 20:44:12    -1082.022865       13.0100
BFGS:   46 20:44:12    -1082.489157       13.1124
BFGS:   47 20:44:12    -1082.919183       12.3512
BFGS:   48 20:44:12    -1083.320765       11.9368
BFGS:   49 20:44:12    -1083.713487       11.5389
BFGS:   50 20:44:12    -1084.092479       11.3642
BFGS:   51 20:44:12    -1084.462665       11.0098
BFGS:   52 20:44:12    -1084.819434       10.7947
BFGS:   53 20:44:12    -1085.169852       10.4888
BFGS:   54 20:44:12    -1085.511051       10.2147
BFGS:   55 20:44:12    -1085.834835        9.8673
BFGS:   56 20:44:12    -1086.147212        9.5885
BFGS:   57 20:44:12    -1086.441268        9.4062
BFGS:   58 20:44:12    -1086.712851        9.0076
BFGS:   59 20:44:12    -1086.965061        8.9757
BFGS:   60 20:44:12    -1087.199240        8.7122
BFGS:   61 20:44:12    -1087.413397        8.5103
BFGS:   62 20:44:12    -1087.610060        8.1638
BFGS:   63 20:44:12    -1087.794364        7.7335
BFGS:   64 20:44:12    -1087.969622        7.3059
BFGS:   65 20:44:12    -1088.136812        6.7439
BFGS:   66 20:44:13    -1088.295839        6.2994
BFGS:   67 20:44:13    -1088.444150        5.7255
BFGS:   68 20:44:13    -1088.577182        5.3163
BFGS:   69 20:44:13    -1088.701436        4.8361
BFGS:   70 20:44:13    -1088.813956        4.6513
BFGS:   71 20:44:13    -1088.929224        4.4515
BFGS:   72 20:44:13    -1089.108994        4.9742
BFGS:   73 20:44:13    -1089.293558        5.4061
BFGS:   74 20:44:13    -1089.462765        5.9445
BFGS:   75 20:44:13    -1089.631257        7.2047
BFGS:   76 20:44:13    -1089.792462        8.2423
BFGS:   77 20:44:13    -1089.942319        9.2293
BFGS:   78 20:44:13    -1090.109305        9.9136
BFGS:   79 20:44:13    -1090.442056        9.7194
BFGS:   80 20:44:13    -1090.869699        8.4641
BFGS:   81 20:44:13    -1091.423922        7.1595
BFGS:   82 20:44:13    -1091.950881        6.7306
BFGS:   83 20:44:13    -1092.354375        6.0897
BFGS:   84 20:44:13    -1092.697306        5.6495
BFGS:   85 20:44:13    -1093.039832        6.8482
BFGS:   86 20:44:13    -1093.361121        8.4819
BFGS:   87 20:44:13    -1093.630948        8.3064
BFGS:   88 20:44:13    -1093.924987        7.3064
BFGS:   89 20:44:13    -1094.260660        5.9549
BFGS:   90 20:44:13    -1094.511349        5.9159
BFGS:   91 20:44:13    -1094.764850        4.2917
BFGS:   92 20:44:13    -1094.959280        3.9876
BFGS:   93 20:44:13    -1095.114343        3.6102
BFGS:   94 20:44:13    -1095.240802        3.8689
BFGS:   95 20:44:13    -1095.321379        3.7402
BFGS:   96 20:44:13    -1095.394641        3.5509
BFGS:   97 20:44:13    -1095.505834        3.5422
BFGS:   98 20:44:13    -1095.561589        3.4953
BFGS:   99 20:44:13    -1095.606450        3.5471
BFGS:  100 20:44:13    -1095.650916        3.2476
BFGS:  101 20:44:13    -1095.700999        3.3095
BFGS:  102 20:44:13    -1095.756651        2.9000
BFGS:  103 20:44:13    -1095.811487        2.9247
BFGS:  104 20:44:13    -1095.857041        2.8413
BFGS:  105 20:44:14    -1095.902773        3.0336
BFGS:  106 20:44:14    -1095.969532        3.5040
BFGS:  107 20:44:14    -1096.041731        3.9718
BFGS:  108 20:44:14    -1096.131186        4.4782
BFGS:  109 20:44:14    -1096.236351        5.1757
BFGS:  110 20:44:14    -1096.467322        4.2906
BFGS:  111 20:44:14    -1096.738261        4.3414
BFGS:  112 20:44:14    -1097.155329        5.6892
BFGS:  113 20:44:14    -1097.695885        7.0540
BFGS:  114 20:44:14    -1098.281045        7.4031
BFGS:  115 20:44:14    -1098.797168        6.4371
BFGS:  116 20:44:14    -1099.254479        4.8987
BFGS:  117 20:44:14    -1099.593034        4.2264
BFGS:  118 20:44:14    -1099.802214        2.7923
BFGS:  119 20:44:14    -1099.893248        2.3140
BFGS:  120 20:44:14    -1099.958962        1.4692
BFGS:  121 20:44:14    -1100.005457        1.1820
BFGS:  122 20:44:14    -1100.028254        1.1610
BFGS:  123 20:44:14    -1100.046952        1.3521
BFGS:  124 20:44:14    -1100.067730        1.2935
BFGS:  125 20:44:14    -1100.087608        1.1693
BFGS:  126 20:44:14    -1100.099273        1.1641
BFGS:  127 20:44:14    -1100.107671        1.0214
BFGS:  128 20:44:14    -1100.113843        0.9632
BFGS:  129 20:44:14    -1100.118962        0.9859
BFGS:  130 20:44:14    -1100.125144        1.0800
BFGS:  131 20:44:14    -1100.134788        1.3535
BFGS:  132 20:44:14    -1100.159810        2.3209
BFGS:  133 20:44:14    -1100.152630        3.0574
BFGS:  134 20:44:14    -1100.167653        3.3178
BFGS:  135 20:44:14    -1100.217813        2.6876
BFGS:  136 20:44:14    -1100.231937        2.5468
BFGS:  137 20:44:14    -1100.246821        2.5756
BFGS:  138 20:44:14    -1100.279185        2.5177
BFGS:  139 20:44:14    -1100.302924        2.4399
BFGS:  140 20:44:14    -1100.329748        2.2804
BFGS:  141 20:44:14    -1100.366485        2.3264
BFGS:  142 20:44:14    -1100.417771        2.0219
BFGS:  143 20:44:15    -1100.449302        2.1441
BFGS:  144 20:44:15    -1100.467267        2.8595
BFGS:  145 20:44:15    -1100.481934        1.9780
BFGS:  146 20:44:15    -1100.492695        2.1056
BFGS:  147 20:44:15    -1100.503846        2.1561
BFGS:  148 20:44:15    -1100.510629        2.1930
BFGS:  149 20:44:15    -1100.525685        2.4648
BFGS:  150 20:44:15    -1100.543878        2.7164
BFGS:  151 20:44:15    -1100.574706        2.9146
BFGS:  152 20:44:15    -1100.597157        2.7451
BFGS:  153 20:44:15    -1100.655338        1.9008
BFGS:  154 20:44:15    -1100.709371        1.6226
BFGS:  155 20:44:15    -1100.759672        1.6641
BFGS:  156 20:44:15    -1100.803780        1.6117
BFGS:  157 20:44:15    -1100.840449        1.4530
BFGS:  158 20:44:15    -1100.864475        1.5266
BFGS:  159 20:44:15    -1100.885460        1.2153
BFGS:  160 20:44:15    -1100.893967        0.9989
BFGS:  161 20:44:15    -1100.900222        0.7914
BFGS:  162 20:44:15    -1100.906703        0.4603
BFGS:  163 20:44:15    -1100.908967        0.3760
BFGS:  164 20:44:15    -1100.911449        0.3299
BFGS:  165 20:44:15    -1100.912128        0.2802
BFGS:  166 20:44:15    -1100.912406        0.2714
BFGS:  167 20:44:15    -1100.912582        0.2753
BFGS:  168 20:44:15    -1100.912781        0.2651
BFGS:  169 20:44:15    -1100.913050        0.2428
BFGS:  170 20:44:15    -1100.913320        0.2059
BFGS:  171 20:44:15    -1100.913580        0.1630
BFGS:  172 20:44:15    -1100.913785        0.1247
BFGS:  173 20:44:15    -1100.913966        0.0907
