      Step     Time          Energy         fmax
BFGS:    0 20:42:22     -733.491723      104.4648
BFGS:    1 20:42:22     -754.777016       86.8936
BFGS:    2 20:42:22     -779.279709       83.8099
BFGS:    3 20:42:22     -801.928569       78.9624
BFGS:    4 20:42:22     -814.239067       77.4854
BFGS:    5 20:42:22     -828.806404       76.9616
BFGS:    6 20:42:22     -840.009708       75.4981
BFGS:    7 20:42:22     -852.564544       81.9696
BFGS:    8 20:42:22     -863.736589       80.9821
BFGS:    9 20:42:22     -873.420673       79.8018
BFGS:   10 20:42:22     -880.793261       77.6742
BFGS:   11 20:42:22     -886.743908       75.6323
BFGS:   12 20:42:22     -892.162518       72.8585
BFGS:   13 20:42:23     -897.526720       70.9321
BFGS:   14 20:42:23     -903.357331       68.6326
BFGS:   15 20:42:23     -910.164854       66.8397
BFGS:   16 20:42:23     -917.262024       65.2816
BFGS:   17 20:42:23     -924.594937       63.1867
BFGS:   18 20:42:23     -932.247952       60.5916
BFGS:   19 20:42:23     -939.160082       58.4609
BFGS:   20 20:42:23     -945.513849       56.8468
BFGS:   21 20:42:23     -953.468689       52.6500
BFGS:   22 20:42:23     -960.837242       50.3110
BFGS:   23 20:42:23     -967.295384       47.5090
BFGS:   24 20:42:23     -973.673419       44.4066
BFGS:   25 20:42:23     -978.856189       40.0458
BFGS:   26 20:42:23     -984.241954       36.5781
BFGS:   27 20:42:23     -989.022017       33.2027
BFGS:   28 20:42:23     -994.139766       30.0990
BFGS:   29 20:42:23     -999.505532       26.9077
BFGS:   30 20:42:23    -1004.316437       24.7300
BFGS:   31 20:42:23    -1008.519599       22.2060
BFGS:   32 20:42:23    -1012.680563       20.3058
BFGS:   33 20:42:23    -1016.037638       19.3610
BFGS:   34 20:42:23    -1019.176953       18.8547
BFGS:   35 20:42:23    -1022.265415       18.5165
BFGS:   36 20:42:23    -1025.722748       18.3397
BFGS:   37 20:42:23    -1029.310936       18.4991
BFGS:   38 20:42:23    -1032.658852       18.8047
BFGS:   39 20:42:23    -1035.932142       19.0881
BFGS:   40 20:42:24    -1039.177878       19.0438
BFGS:   41 20:42:24    -1042.287913       20.8996
BFGS:   42 20:42:24    -1045.235286       22.4846
BFGS:   43 20:42:24    -1048.206737       23.4151
BFGS:   44 20:42:24    -1051.050810       23.7455
BFGS:   45 20:42:24    -1053.602621       23.5582
BFGS:   46 20:42:24    -1055.980221       23.0680
BFGS:   47 20:42:24    -1058.265833       22.1592
BFGS:   48 20:42:24    -1060.342980       21.0755
BFGS:   49 20:42:24    -1062.385533       19.6692
BFGS:   50 20:42:24    -1064.446232       18.2800
BFGS:   51 20:42:24    -1066.323586       16.8285
BFGS:   52 20:42:24    -1067.997469       15.8003
BFGS:   53 20:42:24    -1069.342908       14.7065
BFGS:   54 20:42:24    -1070.511777       13.8913
BFGS:   55 20:42:24    -1071.615182       13.0249
BFGS:   56 20:42:24    -1072.740895       12.3465
BFGS:   57 20:42:24    -1073.869996       11.8851
BFGS:   58 20:42:24    -1074.910230       11.6007
BFGS:   59 20:42:24    -1075.840027       11.2730
BFGS:   60 20:42:24    -1076.628147       10.9218
BFGS:   61 20:42:24    -1077.336442       10.4244
BFGS:   62 20:42:24    -1078.000659        9.8902
BFGS:   63 20:42:24    -1078.654092        9.5807
BFGS:   64 20:42:24    -1079.305314        9.2435
BFGS:   65 20:42:24    -1079.950444        8.8308
BFGS:   66 20:42:24    -1080.583757        8.0113
BFGS:   67 20:42:24    -1081.212046        6.6849
BFGS:   68 20:42:24    -1081.813061        6.5699
BFGS:   69 20:42:24    -1082.340869        6.9713
BFGS:   70 20:42:25    -1082.832835        7.2750
BFGS:   71 20:42:25    -1083.321028        7.6336
BFGS:   72 20:42:25    -1083.808196        8.0607
BFGS:   73 20:42:25    -1084.297209        8.5843
BFGS:   74 20:42:25    -1084.786236        9.1318
BFGS:   75 20:42:25    -1085.273374        9.6891
BFGS:   76 20:42:25    -1085.768134       10.1341
BFGS:   77 20:42:25    -1086.284760       11.5697
BFGS:   78 20:42:25    -1086.808794       13.0001
BFGS:   79 20:42:25    -1087.368215       14.2079
BFGS:   80 20:42:25    -1087.972044       15.0844
BFGS:   81 20:42:25    -1088.604399       15.7109
BFGS:   82 20:42:25    -1089.256839       15.9985
BFGS:   83 20:42:25    -1089.922438       15.9517
BFGS:   84 20:42:25    -1090.593565       15.5652
BFGS:   85 20:42:25    -1091.281647       14.8586
BFGS:   86 20:42:25    -1092.020053       13.8865
BFGS:   87 20:42:25    -1092.798407       12.7033
BFGS:   88 20:42:25    -1093.560230       11.5376
BFGS:   89 20:42:25    -1094.320523       10.2766
BFGS:   90 20:42:25    -1095.067959       10.1868
BFGS:   91 20:42:25    -1095.782460       10.3561
BFGS:   92 20:42:25    -1096.500158        9.6613
BFGS:   93 20:42:25    -1097.159421        8.4395
BFGS:   94 20:42:25    -1097.741666        6.5917
BFGS:   95 20:42:25    -1098.177140        5.7398
BFGS:   96 20:42:25    -1098.538971        6.0810
BFGS:   97 20:42:25    -1098.889142        6.5872
BFGS:   98 20:42:25    -1099.269076        5.7217
BFGS:   99 20:42:25    -1099.563586        4.5803
BFGS:  100 20:42:25    -1099.857337        4.0876
BFGS:  101 20:42:25    -1100.154807        3.7951
BFGS:  102 20:42:25    -1100.466879        4.0935
BFGS:  103 20:42:25    -1100.747630        3.7538
BFGS:  104 20:42:25    -1101.056940        3.9475
BFGS:  105 20:42:25    -1101.276183        3.9879
BFGS:  106 20:42:26    -1101.490413        3.3564
BFGS:  107 20:42:26    -1101.642459        2.7112
BFGS:  108 20:42:26    -1101.719192        2.4220
BFGS:  109 20:42:26    -1101.797303        2.6555
BFGS:  110 20:42:26    -1101.921057        3.4528
BFGS:  111 20:42:26    -1102.042332        4.0034
BFGS:  112 20:42:26    -1102.150877        3.4254
BFGS:  113 20:42:26    -1102.241022        2.2610
BFGS:  114 20:42:26    -1102.290050        1.8563
BFGS:  115 20:42:26    -1102.309075        1.3391
BFGS:  116 20:42:26    -1102.332928        1.2158
BFGS:  117 20:42:26    -1102.358476        1.1611
BFGS:  118 20:42:26    -1102.372084        1.0378
BFGS:  119 20:42:26    -1102.387243        1.0067
BFGS:  120 20:42:26    -1102.397416        1.2136
BFGS:  121 20:42:26    -1102.392041        0.9177
BFGS:  122 20:42:26    -1102.408518        0.6804
BFGS:  123 20:42:26    -1102.413415        0.6400
BFGS:  124 20:42:26    -1102.418163        0.6019
BFGS:  125 20:42:26    -1102.423011        0.5513
BFGS:  126 20:42:26    -1102.426895        0.5636
BFGS:  127 20:42:26    -1102.429471        1.1502
BFGS:  128 20:42:26    -1102.421727        0.5936
BFGS:  129 20:42:26    -1102.431602        0.4433
BFGS:  130 20:42:26    -1102.432871        0.4280
BFGS:  131 20:42:26    -1102.434154        0.4161
BFGS:  132 20:42:26    -1102.435981        0.4150
BFGS:  133 20:42:26    -1102.437482        0.4052
BFGS:  134 20:42:26    -1102.438833        0.3757
BFGS:  135 20:42:26    -1102.440044        0.4040
BFGS:  136 20:42:26    -1102.441177        0.4237
BFGS:  137 20:42:26    -1102.441993        0.3783
BFGS:  138 20:42:26    -1102.442538        0.3383
BFGS:  139 20:42:26    -1102.443044        0.3446
BFGS:  140 20:42:26    -1102.443701        0.3528
BFGS:  141 20:42:26    -1102.444479        0.3595
BFGS:  142 20:42:26    -1102.445166        0.3345
BFGS:  143 20:42:26    -1102.445629        0.2765
BFGS:  144 20:42:27    -1102.445946        0.2065
BFGS:  145 20:42:27    -1102.446215        0.1833
BFGS:  146 20:42:27    -1102.446454        0.1979
BFGS:  147 20:42:27    -1102.446657        0.2024
BFGS:  148 20:42:27    -1102.446847        0.1937
BFGS:  149 20:42:27    -1102.447060        0.1718
BFGS:  150 20:42:27    -1102.447293        0.1415
BFGS:  151 20:42:27    -1102.447510        0.1172
BFGS:  152 20:42:27    -1102.447686        0.1155
BFGS:  153 20:42:27    -1102.447834        0.1188
BFGS:  154 20:42:27    -1102.447956        0.1098
BFGS:  155 20:42:27    -1102.448062        0.1243
BFGS:  156 20:42:27    -1102.448169        0.1323
BFGS:  157 20:42:27    -1102.448298        0.1266
BFGS:  158 20:42:27    -1102.448437        0.0989
