      Step     Time          Energy         fmax
BFGS:    0 20:45:54     -867.567020       95.0867
BFGS:    1 20:45:54     -884.040971       88.5211
BFGS:    2 20:45:54     -902.217044      105.2517
BFGS:    3 20:45:54     -916.849929      109.3702
BFGS:    4 20:45:54     -929.582740      106.7280
BFGS:    5 20:45:54     -940.042140       99.8309
BFGS:    6 20:45:55     -950.613706       91.8923
BFGS:    7 20:45:55     -961.026733       86.6623
BFGS:    8 20:45:55     -972.169132       81.0579
BFGS:    9 20:45:55     -980.724652       70.4729
BFGS:   10 20:45:55     -988.337777       64.7760
BFGS:   11 20:45:55     -995.600175       55.9997
BFGS:   12 20:45:55    -1002.449862       47.3686
BFGS:   13 20:45:55    -1008.909868       42.5381
BFGS:   14 20:45:55    -1014.794994       38.6090
BFGS:   15 20:45:55    -1021.060241       35.4282
BFGS:   16 20:45:55    -1025.750529       33.4464
BFGS:   17 20:45:55    -1029.413306       34.0774
BFGS:   18 20:45:55    -1032.524054       31.7317
BFGS:   19 20:45:55    -1035.166090       32.5750
BFGS:   20 20:45:55    -1037.441132       31.6222
BFGS:   21 20:45:55    -1039.536088       30.5029
BFGS:   22 20:45:55    -1041.598781       29.5372
BFGS:   23 20:45:55    -1043.748075       25.7930
BFGS:   24 20:45:55    -1045.843540       19.3564
BFGS:   25 20:45:55    -1047.487309       16.6597
BFGS:   26 20:45:55    -1049.010819       14.9489
BFGS:   27 20:45:55    -1050.527521       13.6077
BFGS:   28 20:45:55    -1052.141533       11.6459
BFGS:   29 20:45:55    -1053.692363       10.6360
BFGS:   30 20:45:55    -1054.825643        9.1745
BFGS:   31 20:45:55    -1055.750181       11.9160
BFGS:   32 20:45:55    -1056.576389       11.6831
BFGS:   33 20:45:55    -1057.357868       13.6457
BFGS:   34 20:45:56    -1058.132271       15.4178
BFGS:   35 20:45:56    -1058.894266       16.6532
BFGS:   36 20:45:56    -1059.677507       17.2559
BFGS:   37 20:45:56    -1060.418869       16.9286
BFGS:   38 20:45:56    -1061.096314       15.9930
BFGS:   39 20:45:56    -1061.854206       16.0094
BFGS:   40 20:45:56    -1062.512720       15.4444
BFGS:   41 20:45:56    -1063.316460       14.4342
BFGS:   42 20:45:56    -1064.192922       14.5287
BFGS:   43 20:45:56    -1065.016918       11.1772
BFGS:   44 20:45:56    -1065.696557        9.1507
BFGS:   45 20:45:56    -1066.342421        8.1242
BFGS:   46 20:45:56    -1066.933473        7.6699
BFGS:   47 20:45:56    -1067.489167        7.9023
BFGS:   48 20:45:56    -1068.026893        7.7811
BFGS:   49 20:45:56    -1068.570435        7.7053
BFGS:   50 20:45:56    -1069.107715        7.8807
BFGS:   51 20:45:56    -1069.607798        7.3056
BFGS:   52 20:45:56    -1070.003224        6.1226
BFGS:   53 20:45:56    -1070.302516        4.3044
BFGS:   54 20:45:56    -1070.545326        3.8319
BFGS:   55 20:45:56    -1070.773859        4.0898
BFGS:   56 20:45:56    -1070.966462        3.5551
BFGS:   57 20:45:56    -1071.206837        3.9372
BFGS:   58 20:45:56    -1071.439648        4.8882
BFGS:   59 20:45:56    -1071.643538        5.9339
BFGS:   60 20:45:56    -1071.849284        5.1367
BFGS:   61 20:45:56    -1072.041203        5.2221
BFGS:   62 20:45:56    -1072.230234        5.8265
BFGS:   63 20:45:57    -1072.439581        5.3858
BFGS:   64 20:45:57    -1072.702329        5.3687
BFGS:   65 20:45:57    -1072.958135        4.7240
BFGS:   66 20:45:57    -1073.254224        3.8225
BFGS:   67 20:45:57    -1073.540771        3.8023
BFGS:   68 20:45:57    -1073.856124        4.3594
BFGS:   69 20:45:57    -1074.146739        4.6545
BFGS:   70 20:45:57    -1074.384136        4.8307
BFGS:   71 20:45:57    -1074.589381        4.2993
BFGS:   72 20:45:57    -1074.769320        4.5739
BFGS:   73 20:45:57    -1075.035666        6.3219
BFGS:   74 20:45:57    -1075.337519        4.6711
BFGS:   75 20:45:57    -1075.625871        5.7022
BFGS:   76 20:45:57    -1075.841452        5.3172
BFGS:   77 20:45:57    -1076.019725        5.2531
BFGS:   78 20:45:57    -1076.218217        3.8633
BFGS:   79 20:45:57    -1076.371712        3.8643
BFGS:   80 20:45:57    -1076.499089        3.4426
BFGS:   81 20:45:57    -1076.618334        3.7636
BFGS:   82 20:45:57    -1076.686207        3.7364
BFGS:   83 20:45:57    -1076.773533        3.6006
BFGS:   84 20:45:57    -1076.903689        3.7717
BFGS:   85 20:45:57    -1077.014393        3.7713
BFGS:   86 20:45:57    -1077.137910        3.5938
BFGS:   87 20:45:57    -1077.253300        3.8052
BFGS:   88 20:45:57    -1077.313011        3.8252
BFGS:   89 20:45:57    -1077.368619        4.0317
BFGS:   90 20:45:57    -1077.418776        3.5602
BFGS:   91 20:45:57    -1077.495373        3.7433
BFGS:   92 20:45:58    -1077.645281        4.2262
BFGS:   93 20:45:58    -1077.693054        3.9645
BFGS:   94 20:45:58    -1077.821247        2.9914
BFGS:   95 20:45:58    -1077.906031        6.8734
BFGS:   96 20:45:58    -1078.030873        3.9182
BFGS:   97 20:45:58    -1078.117178        4.9181
BFGS:   98 20:45:58    -1078.184345        6.7548
BFGS:   99 20:45:58    -1078.245715        6.9719
BFGS:  100 20:45:58    -1078.337002        8.0836
BFGS:  101 20:45:58    -1078.409635        8.4523
BFGS:  102 20:45:58    -1078.415314        7.0621
BFGS:  103 20:45:58    -1078.499311        6.8654
BFGS:  104 20:45:58    -1078.550498        7.3329
BFGS:  105 20:45:58    -1078.588697        7.6637
BFGS:  106 20:45:58    -1078.645080        8.4785
BFGS:  107 20:45:58    -1078.681635        8.5203
BFGS:  108 20:45:58    -1078.719880        7.9014
BFGS:  109 20:45:58    -1078.773578        6.7317
BFGS:  110 20:45:58    -1078.791059        6.2558
BFGS:  111 20:45:58    -1078.826952        6.7407
BFGS:  112 20:45:58    -1078.858682        6.9234
BFGS:  113 20:45:58    -1078.856560        6.9861
BFGS:  114 20:45:58    -1078.886965        7.2206
BFGS:  115 20:45:58    -1078.876736        6.8516
BFGS:  116 20:45:58    -1078.899622        6.9908
BFGS:  117 20:45:58    -1078.889800        6.7128
BFGS:  118 20:45:58    -1078.924296        6.9886
BFGS:  119 20:45:58    -1078.891289        6.6811
BFGS:  120 20:45:59    -1078.923383        6.8479
BFGS:  121 20:45:59    -1078.889868        6.4682
BFGS:  122 20:45:59    -1078.941141        6.7462
BFGS:  123 20:45:59    -1078.910715        6.5515
BFGS:  124 20:45:59    -1078.946432        6.6454
BFGS:  125 20:45:59    -1078.894059        6.3342
BFGS:  126 20:45:59    -1078.952615        6.5412
BFGS:  127 20:45:59    -1078.933030        6.4536
BFGS:  128 20:45:59    -1078.971704        6.4817
BFGS:  129 20:45:59    -1078.899097        6.1817
BFGS:  130 20:45:59    -1078.965242        6.3304
BFGS:  131 20:45:59    -1078.962051        6.3862
BFGS:  132 20:45:59    -1078.995449        6.2938
BFGS:  133 20:45:59    -1079.002866        6.2260
BFGS:  134 20:45:59    -1079.025251        6.0516
BFGS:  135 20:45:59    -1079.064328        5.5657
BFGS:  136 20:45:59    -1079.091480        4.9853
BFGS:  137 20:45:59    -1079.104454        4.4429
BFGS:  138 20:45:59    -1079.112446        4.1604
BFGS:  139 20:45:59    -1079.126350        3.8230
BFGS:  140 20:45:59    -1079.135625        3.5373
BFGS:  141 20:45:59    -1079.145450        3.3243
BFGS:  142 20:45:59    -1079.151567        3.1631
BFGS:  143 20:45:59    -1079.156741        3.0925
BFGS:  144 20:45:59    -1079.161580        2.9414
BFGS:  145 20:45:59    -1079.167691        2.8095
BFGS:  146 20:45:59    -1079.172731        2.5591
BFGS:  147 20:45:59    -1079.177140        2.4159
BFGS:  148 20:46:00    -1079.180721        2.2520
BFGS:  149 20:46:00    -1079.183584        2.1130
BFGS:  150 20:46:00    -1079.186332        1.9819
BFGS:  151 20:46:00    -1079.189227        1.8508
BFGS:  152 20:46:00    -1079.192519        1.7190
BFGS:  153 20:46:00    -1079.196994        1.5191
BFGS:  154 20:46:00    -1079.203588        1.1924
BFGS:  155 20:46:00    -1079.213117        0.9002
BFGS:  156 20:46:00    -1079.227626        1.1110
BFGS:  157 20:46:00    -1079.251351        1.5039
BFGS:  158 20:46:00    -1079.291287        1.8424
BFGS:  159 20:46:00    -1079.312552        2.2995
BFGS:  160 20:46:00    -1079.348939        3.0175
BFGS:  161 20:46:00    -1079.449229        2.3882
BFGS:  162 20:46:00    -1079.557322        2.2635
BFGS:  163 20:46:00    -1079.637303        3.0375
BFGS:  164 20:46:00    -1079.693354        3.8687
BFGS:  165 20:46:00    -1079.930760        2.3323
BFGS:  166 20:46:00    -1080.106912        2.6147
BFGS:  167 20:46:00    -1080.261730        3.5384
BFGS:  168 20:46:00    -1080.415322        5.0085
BFGS:  169 20:46:00    -1080.571047        5.2004
BFGS:  170 20:46:00    -1080.737748        5.5471
BFGS:  171 20:46:00    -1080.899267        5.2221
BFGS:  172 20:46:00    -1081.061924        4.7567
BFGS:  173 20:46:00    -1081.221687        4.1242
BFGS:  174 20:46:00    -1081.391443        4.3741
BFGS:  175 20:46:00    -1081.566227        4.5943
BFGS:  176 20:46:00    -1081.772500        4.7648
BFGS:  177 20:46:01    -1081.976641        4.8890
BFGS:  178 20:46:01    -1082.182166        4.8550
BFGS:  179 20:46:01    -1082.385755        5.4434
BFGS:  180 20:46:01    -1082.601388        5.7813
BFGS:  181 20:46:01    -1082.851226        5.8620
BFGS:  182 20:46:01    -1083.163909        5.5268
BFGS:  183 20:46:01    -1083.496796        5.2944
BFGS:  184 20:46:01    -1083.850056        5.4342
BFGS:  185 20:46:01    -1084.237846        5.2999
BFGS:  186 20:46:01    -1084.581732        5.3446
BFGS:  187 20:46:01    -1084.966293        5.4390
BFGS:  188 20:46:01    -1085.339937        5.9854
BFGS:  189 20:46:01    -1085.723817        5.4867
BFGS:  190 20:46:01    -1086.113899        4.1656
BFGS:  191 20:46:01    -1086.368262        3.4362
BFGS:  192 20:46:01    -1086.638082        4.1163
BFGS:  193 20:46:01    -1086.829212        3.8160
BFGS:  194 20:46:01    -1087.061395        2.9718
BFGS:  195 20:46:01    -1087.253492        3.4706
BFGS:  196 20:46:01    -1087.415721        3.6783
BFGS:  197 20:46:01    -1087.622931        5.1367
BFGS:  198 20:46:01    -1087.860388        6.5950
BFGS:  199 20:46:01    -1088.117338        7.0956
BFGS:  200 20:46:01    -1088.383659        6.9381
BFGS:  201 20:46:01    -1088.682070        5.9399
BFGS:  202 20:46:01    -1088.987008        5.7830
BFGS:  203 20:46:01    -1089.391797        6.5821
BFGS:  204 20:46:01    -1089.720395        7.4379
BFGS:  205 20:46:01    -1090.252410        6.7568
BFGS:  206 20:46:01    -1090.717715        6.0029
BFGS:  207 20:46:01    -1091.149809        7.0504
BFGS:  208 20:46:01    -1091.567681        7.9893
BFGS:  209 20:46:02    -1091.990238        8.1020
BFGS:  210 20:46:02    -1092.414351        7.4469
BFGS:  211 20:46:02    -1092.843014        6.6067
BFGS:  212 20:46:02    -1093.298435        7.4960
BFGS:  213 20:46:02    -1093.702530        8.0490
BFGS:  214 20:46:02    -1094.073904        8.1756
BFGS:  215 20:46:02    -1094.378778        8.0064
BFGS:  216 20:46:02    -1094.708848        7.5017
BFGS:  217 20:46:02    -1094.995470        7.1079
BFGS:  218 20:46:02    -1095.313717        6.7084
BFGS:  219 20:46:02    -1095.660971        6.2377
BFGS:  220 20:46:02    -1096.033208        5.8930
BFGS:  221 20:46:02    -1096.465306        5.3484
BFGS:  222 20:46:02    -1096.769033        4.9954
BFGS:  223 20:46:02    -1097.039445        5.4156
BFGS:  224 20:46:02    -1097.222125        6.3374
BFGS:  225 20:46:02    -1097.407435        5.3707
BFGS:  226 20:46:02    -1097.595431        6.9508
BFGS:  227 20:46:02    -1097.809901        7.6004
BFGS:  228 20:46:02    -1098.061755        7.2287
BFGS:  229 20:46:02    -1098.299877        6.4486
BFGS:  230 20:46:02    -1098.530593        6.1217
BFGS:  231 20:46:02    -1098.789781        5.9170
BFGS:  232 20:46:02    -1098.961986        5.6858
BFGS:  233 20:46:02    -1099.193684        5.9337
BFGS:  234 20:46:02    -1099.363237        5.4457
BFGS:  235 20:46:02    -1099.559523        5.8650
BFGS:  236 20:46:02    -1099.691477        4.8401
BFGS:  237 20:46:02    -1099.814785        4.0465
BFGS:  238 20:46:02    -1099.921142        3.4404
BFGS:  239 20:46:02    -1100.025484        3.3429
BFGS:  240 20:46:02    -1100.105575        3.4363
BFGS:  241 20:46:02    -1100.166727        3.3820
BFGS:  242 20:46:02    -1100.210177        3.3434
BFGS:  243 20:46:02    -1100.229125        3.1423
BFGS:  244 20:46:02    -1100.247862        3.1256
BFGS:  245 20:46:03    -1100.269052        3.1022
BFGS:  246 20:46:03    -1100.289173        3.0413
BFGS:  247 20:46:03    -1100.318482        2.8814
BFGS:  248 20:46:03    -1100.362592        2.9545
BFGS:  249 20:46:03    -1100.404795        3.3233
BFGS:  250 20:46:03    -1100.432392        3.6198
BFGS:  251 20:46:03    -1100.489047        3.4500
BFGS:  252 20:46:03    -1100.705990        3.3565
BFGS:  253 20:46:03    -1100.927005        2.9489
BFGS:  254 20:46:03    -1101.034209        2.7154
BFGS:  255 20:46:03    -1101.173640        3.0580
BFGS:  256 20:46:03    -1101.257155        2.5348
BFGS:  257 20:46:03    -1101.313782        2.0715
BFGS:  258 20:46:03    -1101.329637        1.8457
BFGS:  259 20:46:03    -1101.337812        1.6536
BFGS:  260 20:46:03    -1101.341240        1.6648
BFGS:  261 20:46:03    -1101.345796        1.7299
BFGS:  262 20:46:03    -1101.352056        1.7463
BFGS:  263 20:46:03    -1101.359465        1.6544
BFGS:  264 20:46:03    -1101.367053        1.4554
BFGS:  265 20:46:03    -1101.374006        1.2300
BFGS:  266 20:46:03    -1101.379860        1.1374
BFGS:  267 20:46:03    -1101.384125        1.0972
BFGS:  268 20:46:03    -1101.387443        1.0952
BFGS:  269 20:46:03    -1101.389501        1.0701
BFGS:  270 20:46:03    -1101.391123        1.0779
BFGS:  271 20:46:03    -1101.393102        1.0160
BFGS:  272 20:46:03    -1101.394955        1.0266
BFGS:  273 20:46:03    -1101.397451        0.9920
BFGS:  274 20:46:03    -1101.400087        1.0754
BFGS:  275 20:46:03    -1101.402423        1.1084
BFGS:  276 20:46:03    -1101.404802        1.0800
BFGS:  277 20:46:03    -1101.406498        1.1036
BFGS:  278 20:46:03    -1101.407477        1.1518
BFGS:  279 20:46:03    -1101.409064        1.1259
BFGS:  280 20:46:03    -1101.411637        1.0874
BFGS:  281 20:46:04    -1101.412968        1.0728
BFGS:  282 20:46:04    -1101.413793        1.0769
BFGS:  283 20:46:04    -1101.414153        1.0943
BFGS:  284 20:46:04    -1101.414422        1.1102
BFGS:  285 20:46:04    -1101.414628        1.1183
BFGS:  286 20:46:04    -1101.414807        1.1141
BFGS:  287 20:46:04    -1101.414993        1.1030
BFGS:  288 20:46:04    -1101.415180        1.1101
BFGS:  289 20:46:04    -1101.415352        1.1015
BFGS:  290 20:46:04    -1101.415498        1.0847
BFGS:  291 20:46:04    -1101.415623        1.0608
BFGS:  292 20:46:04    -1101.415736        1.0392
BFGS:  293 20:46:04    -1101.415838        1.0323
BFGS:  294 20:46:04    -1101.415920        1.0397
BFGS:  295 20:46:04    -1101.415980        1.0442
BFGS:  296 20:46:04    -1101.416031        1.0435
BFGS:  297 20:46:04    -1101.416087        1.0390
BFGS:  298 20:46:04    -1101.416153        1.0282
BFGS:  299 20:46:04    -1101.416220        1.0195
BFGS:  300 20:46:04    -1101.416269        1.0114
BFGS:  301 20:46:04    -1101.416300        1.0033
BFGS:  302 20:46:04    -1101.416326        0.9980
BFGS:  303 20:46:04    -1101.416356        0.9932
BFGS:  304 20:46:04    -1101.416385        0.9914
BFGS:  305 20:46:04    -1101.416408        0.9906
BFGS:  306 20:46:04    -1101.416420        0.9912
BFGS:  307 20:46:04    -1101.416428        0.9919
BFGS:  308 20:46:04    -1101.416433        0.9930
BFGS:  309 20:46:04    -1101.416438        0.9933
BFGS:  310 20:46:04    -1101.416441        0.9935
BFGS:  311 20:46:04    -1101.416443        0.9932
BFGS:  312 20:46:04    -1101.416444        0.9932
BFGS:  313 20:46:04    -1101.416444        0.9930
