      Step     Time          Energy         fmax
BFGS:    0 20:50:26     -586.466819      213.7073
BFGS:    1 20:50:26     -664.741979      232.9884
BFGS:    2 20:50:26     -733.676840      210.1985
BFGS:    3 20:50:26     -762.743587      203.2794
BFGS:    4 20:50:26     -789.272188      178.2604
BFGS:    5 20:50:26     -811.322580      163.3627
BFGS:    6 20:50:26     -831.792236      145.5464
BFGS:    7 20:50:26     -849.640268      128.8278
BFGS:    8 20:50:26     -864.329259      117.7469
BFGS:    9 20:50:26     -876.979958      108.5310
BFGS:   10 20:50:26     -887.239792       99.8916
BFGS:   11 20:50:26     -898.919742       88.5695
BFGS:   12 20:50:26     -906.951238       78.8526
BFGS:   13 20:50:26     -915.871440       67.5070
BFGS:   14 20:50:26     -922.636755       59.8387
BFGS:   15 20:50:26     -928.600456       54.5575
BFGS:   16 20:50:27     -934.366956       49.4435
BFGS:   17 20:50:27     -940.339123       44.6333
BFGS:   18 20:50:27     -945.444045       43.6074
BFGS:   19 20:50:27     -950.286331       42.2176
BFGS:   20 20:50:27     -954.571058       40.3739
BFGS:   21 20:50:27     -958.747519       37.9373
BFGS:   22 20:50:27     -962.254115       36.8975
BFGS:   23 20:50:27     -965.750721       37.9333
BFGS:   24 20:50:27     -969.449047       39.2142
BFGS:   25 20:50:27     -973.375258       39.3065
BFGS:   26 20:50:27     -976.902260       38.4049
BFGS:   27 20:50:27     -979.766090       37.1285
BFGS:   28 20:50:27     -982.343675       35.9185
BFGS:   29 20:50:27     -984.654006       34.7948
BFGS:   30 20:50:27     -986.586107       33.9755
BFGS:   31 20:50:27     -988.325720       33.1713
BFGS:   32 20:50:27     -990.020807       32.1961
BFGS:   33 20:50:27     -991.698107       30.7983
BFGS:   34 20:50:27     -993.433789       30.6651
BFGS:   35 20:50:27     -995.315977       32.2100
BFGS:   36 20:50:27     -997.267408       32.0157
BFGS:   37 20:50:27     -999.028113       31.6862
BFGS:   38 20:50:27    -1000.840282       31.2441
BFGS:   39 20:50:27    -1002.646934       30.2345
BFGS:   40 20:50:27    -1004.487711       28.8398
BFGS:   41 20:50:27    -1006.373104       26.4455
BFGS:   42 20:50:27    -1008.164919       27.1436
BFGS:   43 20:50:27    -1009.875305       24.3075
BFGS:   44 20:50:28    -1011.571030       22.8392
BFGS:   45 20:50:28    -1013.282056       21.8886
BFGS:   46 20:50:28    -1015.005531       22.0200
BFGS:   47 20:50:28    -1016.715881       24.2108
BFGS:   48 20:50:28    -1018.383613       26.0672
BFGS:   49 20:50:28    -1020.003327       27.6113
BFGS:   50 20:50:28    -1021.479193       29.8561
BFGS:   51 20:50:28    -1022.883529       29.9186
BFGS:   52 20:50:28    -1024.268717       30.0810
BFGS:   53 20:50:28    -1025.666694       29.9779
BFGS:   54 20:50:28    -1027.094820       29.7493
BFGS:   55 20:50:28    -1028.563037       29.5759
BFGS:   56 20:50:28    -1029.928448       29.3161
BFGS:   57 20:50:28    -1031.188465       29.3410
BFGS:   58 20:50:28    -1032.499943       28.7473
BFGS:   59 20:50:28    -1033.664118       28.5916
BFGS:   60 20:50:28    -1034.570918       27.8442
BFGS:   61 20:50:28    -1035.501243       27.1498
BFGS:   62 20:50:28    -1036.505633       25.4292
BFGS:   63 20:50:28    -1037.564158       24.1063
BFGS:   64 20:50:28    -1038.749065       22.9535
BFGS:   65 20:50:28    -1039.940626       22.0543
BFGS:   66 20:50:28    -1041.016285       20.8600
BFGS:   67 20:50:28    -1042.079803       19.7849
BFGS:   68 20:50:28    -1043.129309       18.6062
BFGS:   69 20:50:28    -1044.179575       19.0945
BFGS:   70 20:50:28    -1045.178132       22.0158
BFGS:   71 20:50:29    -1046.536015       23.3239
BFGS:   72 20:50:29    -1047.980565       23.8147
BFGS:   73 20:50:29    -1049.432758       24.0483
BFGS:   74 20:50:29    -1050.883091       23.1944
BFGS:   75 20:50:29    -1052.249134       23.0568
BFGS:   76 20:50:29    -1053.619313       22.7616
BFGS:   77 20:50:29    -1055.054000       21.5661
BFGS:   78 20:50:29    -1056.622633       20.7743
BFGS:   79 20:50:29    -1058.229471       20.6578
BFGS:   80 20:50:29    -1059.760217       20.6371
BFGS:   81 20:50:29    -1061.307357       20.0019
BFGS:   82 20:50:29    -1062.842019       19.3119
BFGS:   83 20:50:29    -1064.341441       18.2833
BFGS:   84 20:50:29    -1065.855105       18.5007
BFGS:   85 20:50:29    -1067.013784       18.6741
BFGS:   86 20:50:29    -1068.074093       18.4372
BFGS:   87 20:50:29    -1069.071516       17.5165
BFGS:   88 20:50:29    -1070.023025       16.5287
BFGS:   89 20:50:29    -1070.911068       15.2279
BFGS:   90 20:50:29    -1071.756841       13.8530
BFGS:   91 20:50:29    -1072.561930       12.4368
BFGS:   92 20:50:29    -1073.357954       11.2362
BFGS:   93 20:50:29    -1074.079446       10.5175
BFGS:   94 20:50:29    -1074.730333        9.8219
BFGS:   95 20:50:29    -1075.296935        8.8232
BFGS:   96 20:50:29    -1075.782943        8.1380
BFGS:   97 20:50:29    -1076.227348        8.1380
BFGS:   98 20:50:29    -1076.644337        8.9225
BFGS:   99 20:50:29    -1077.043085        9.4777
BFGS:  100 20:50:29    -1077.439355        9.7969
BFGS:  101 20:50:29    -1077.813663        9.9014
BFGS:  102 20:50:30    -1078.157327        9.8512
BFGS:  103 20:50:30    -1078.498692        9.8799
BFGS:  104 20:50:30    -1078.850738        9.6177
BFGS:  105 20:50:30    -1079.187107        9.3376
BFGS:  106 20:50:30    -1079.507756        9.3029
BFGS:  107 20:50:30    -1079.827406        9.0746
BFGS:  108 20:50:30    -1080.141275        9.0667
BFGS:  109 20:50:30    -1080.461114        9.4917
BFGS:  110 20:50:30    -1080.776793        9.7464
BFGS:  111 20:50:30    -1081.147141        9.3257
BFGS:  112 20:50:30    -1081.502751        8.8232
BFGS:  113 20:50:30    -1081.880702        7.9647
BFGS:  114 20:50:30    -1082.277116        7.1675
BFGS:  115 20:50:30    -1082.727445        7.3809
BFGS:  116 20:50:30    -1083.124045        7.8442
BFGS:  117 20:50:30    -1083.479967        7.8019
BFGS:  118 20:50:30    -1083.835578        8.6196
BFGS:  119 20:50:30    -1084.188459        8.5639
BFGS:  120 20:50:30    -1084.515531        8.9111
BFGS:  121 20:50:30    -1084.851229        7.2598
BFGS:  122 20:50:30    -1085.138910        6.4906
BFGS:  123 20:50:30    -1085.371163        7.4856
BFGS:  124 20:50:30    -1085.632814        9.2284
BFGS:  125 20:50:30    -1085.906494        9.2494
BFGS:  126 20:50:30    -1086.193793       10.0454
BFGS:  127 20:50:30    -1086.434539        9.4664
BFGS:  128 20:50:30    -1086.642634       10.1623
BFGS:  129 20:50:30    -1086.870024        8.7735
BFGS:  130 20:50:30    -1087.097422        7.5602
BFGS:  131 20:50:30    -1087.308494        6.5583
BFGS:  132 20:50:30    -1087.499055        6.2181
BFGS:  133 20:50:30    -1087.672526        6.7620
BFGS:  134 20:50:30    -1087.839491        7.1966
BFGS:  135 20:50:30    -1088.024265        7.9492
BFGS:  136 20:50:30    -1088.263712        8.5838
BFGS:  137 20:50:30    -1088.588463        8.8366
BFGS:  138 20:50:31    -1088.910427        9.2961
BFGS:  139 20:50:31    -1089.256735        9.8308
BFGS:  140 20:50:31    -1089.509653       10.5791
BFGS:  141 20:50:31    -1089.785489       11.2442
BFGS:  142 20:50:31    -1090.058409       11.8307
BFGS:  143 20:50:31    -1090.352547       12.1854
BFGS:  144 20:50:31    -1090.649814       12.2735
BFGS:  145 20:50:31    -1090.966448       12.0590
BFGS:  146 20:50:31    -1091.273089       11.6527
BFGS:  147 20:50:31    -1091.593616       11.1575
BFGS:  148 20:50:31    -1091.899236       10.6987
BFGS:  149 20:50:31    -1092.234491       10.4110
BFGS:  150 20:50:31    -1092.580902       10.4128
BFGS:  151 20:50:31    -1092.892202       10.6708
BFGS:  152 20:50:31    -1093.580995       10.7985
BFGS:  153 20:50:31    -1094.118366       10.8567
BFGS:  154 20:50:31    -1094.901766       11.0572
BFGS:  155 20:50:31    -1095.660231       11.3835
BFGS:  156 20:50:31    -1096.442372       11.7377
BFGS:  157 20:50:31    -1097.261398       11.9195
BFGS:  158 20:50:31    -1098.136890       11.7679
BFGS:  159 20:50:31    -1098.941421       11.2962
BFGS:  160 20:50:31    -1099.734827       11.8067
BFGS:  161 20:50:31    -1100.735645       12.0454
BFGS:  162 20:50:31    -1101.926656       12.0254
BFGS:  163 20:50:31    -1103.216569       13.7327
BFGS:  164 20:50:31    -1104.462476       15.8360
BFGS:  165 20:50:31    -1105.608461       18.5006
BFGS:  166 20:50:31    -1106.650549       22.5101
BFGS:  167 20:50:31    -1107.426241       22.7143
BFGS:  168 20:50:31    -1108.229476       24.7559
BFGS:  169 20:50:31    -1108.973647       24.7513
BFGS:  170 20:50:31    -1109.746602       26.3765
BFGS:  171 20:50:31    -1110.518541       26.4180
BFGS:  172 20:50:31    -1111.326329       27.6728
BFGS:  173 20:50:31    -1112.172512       28.3791
BFGS:  174 20:50:31    -1113.057832       29.2736
BFGS:  175 20:50:31    -1113.999350       30.4566
BFGS:  176 20:50:31    -1114.949390       31.3958
BFGS:  177 20:50:31    -1115.906347       32.7354
BFGS:  178 20:50:31    -1116.886347       34.0316
BFGS:  179 20:50:32    -1117.875701       35.4585
BFGS:  180 20:50:32    -1118.889642       36.7227
BFGS:  181 20:50:32    -1119.941148       37.9979
BFGS:  182 20:50:32    -1120.994218       39.2742
BFGS:  183 20:50:32    -1122.060092       40.4363
BFGS:  184 20:50:32    -1123.109426       41.7085
BFGS:  185 20:50:32    -1124.191999       42.5126
BFGS:  186 20:50:32    -1125.258172       43.8208
BFGS:  187 20:50:32    -1126.440466       44.4102
BFGS:  188 20:50:32    -1127.722958       45.1402
BFGS:  189 20:50:32    -1129.154576       45.0044
BFGS:  190 20:50:32    -1130.742262       44.7224
BFGS:  191 20:50:32    -1132.536374       44.1533
BFGS:  192 20:50:32    -1134.472362       42.3706
BFGS:  193 20:50:32    -1136.289704       41.6783
BFGS:  194 20:50:32    -1138.185356       39.3347
BFGS:  195 20:50:32    -1140.018609       37.7020
BFGS:  196 20:50:32    -1141.931140       35.2864
BFGS:  197 20:50:32    -1143.707191       32.7780
BFGS:  198 20:50:32    -1145.453287       30.5657
BFGS:  199 20:50:32    -1147.121242       28.4297
BFGS:  200 20:50:32    -1148.715732       27.2571
BFGS:  201 20:50:32    -1150.033274       26.2011
BFGS:  202 20:50:32    -1151.408656       25.0420
BFGS:  203 20:50:32    -1152.666580       24.3677
BFGS:  204 20:50:32    -1153.784704       23.8584
BFGS:  205 20:50:32    -1154.943303       23.2620
BFGS:  206 20:50:32    -1156.064037       22.4349
BFGS:  207 20:50:32    -1157.210578       22.1317
BFGS:  208 20:50:32    -1158.206623       21.5610
BFGS:  209 20:50:32    -1159.173964       21.0700
BFGS:  210 20:50:32    -1159.981888       20.3110
BFGS:  211 20:50:32    -1160.792279       19.6326
BFGS:  212 20:50:32    -1161.478687       18.9823
BFGS:  213 20:50:32    -1162.132137       18.5573
BFGS:  214 20:50:32    -1162.719470       18.2667
BFGS:  215 20:50:32    -1163.217986       17.9120
BFGS:  216 20:50:32    -1163.704589       17.6352
BFGS:  217 20:50:32    -1164.187743       17.2286
BFGS:  218 20:50:32    -1164.637324       17.1213
BFGS:  219 20:50:32    -1165.186980       16.7444
BFGS:  220 20:50:32    -1165.766876       16.5477
BFGS:  221 20:50:32    -1166.438538       16.2768
BFGS:  222 20:50:32    -1167.179907       15.9121
BFGS:  223 20:50:32    -1168.091070       16.7053
BFGS:  224 20:50:32    -1169.077740       16.5437
BFGS:  225 20:50:32    -1170.037998       17.2757
BFGS:  226 20:50:32    -1170.937716       19.0429
BFGS:  227 20:50:32    -1171.914078       21.2535
BFGS:  228 20:50:32    -1172.764455       21.5843
BFGS:  229 20:50:32    -1173.903195       21.9940
BFGS:  230 20:50:33    -1174.978916       22.0340
BFGS:  231 20:50:33    -1176.082746       23.0619
BFGS:  232 20:50:33    -1177.191473       23.6518
BFGS:  233 20:50:33    -1178.288824       23.9665
BFGS:  234 20:50:33    -1179.408719       23.9777
BFGS:  235 20:50:33    -1180.520668       23.8253
BFGS:  236 20:50:33    -1181.593133       23.7087
BFGS:  237 20:50:33    -1182.604702       23.7135
BFGS:  238 20:50:33    -1183.547364       23.6854
BFGS:  239 20:50:33    -1184.443146       23.6732
BFGS:  240 20:50:33    -1185.288357       23.9506
BFGS:  241 20:50:33    -1186.112679       24.4556
BFGS:  242 20:50:33    -1186.922637       25.2111
BFGS:  243 20:50:33    -1187.723022       26.1067
BFGS:  244 20:50:33    -1188.509564       27.5290
BFGS:  245 20:50:33    -1189.277615       29.0668
BFGS:  246 20:50:33    -1190.009055       30.8047
BFGS:  247 20:50:33    -1190.691038       32.3863
BFGS:  248 20:50:33    -1191.314381       33.7401
BFGS:  249 20:50:33    -1191.880629       34.3810
BFGS:  250 20:50:33    -1192.401830       34.8027
BFGS:  251 20:50:33    -1192.890022       34.6735
BFGS:  252 20:50:33    -1193.359641       34.7436
BFGS:  253 20:50:33    -1193.816565       34.6261
BFGS:  254 20:50:33    -1194.269154       34.7715
BFGS:  255 20:50:33    -1194.729284       34.5145
BFGS:  256 20:50:33    -1195.217464       34.3263
BFGS:  257 20:50:33    -1195.741379       33.6620
BFGS:  258 20:50:33    -1196.308214       33.5069
BFGS:  259 20:50:33    -1196.910825       32.5762
BFGS:  260 20:50:33    -1197.551289       32.4793
BFGS:  261 20:50:33    -1198.178364       31.2784
BFGS:  262 20:50:33    -1198.820788       31.1302
BFGS:  263 20:50:33    -1199.429261       29.9719
BFGS:  264 20:50:33    -1200.046507       29.2296
BFGS:  265 20:50:33    -1200.644041       28.1819
BFGS:  266 20:50:33    -1201.241926       27.0459
BFGS:  267 20:50:33    -1201.835391       26.0510
BFGS:  268 20:50:33    -1202.430913       24.7247
BFGS:  269 20:50:33    -1203.049819       23.5600
BFGS:  270 20:50:33    -1203.700233       21.6328
BFGS:  271 20:50:33    -1204.411618       19.8831
BFGS:  272 20:50:33    -1205.143795       17.7923
BFGS:  273 20:50:33    -1205.867632       17.3806
BFGS:  274 20:50:33    -1206.522885       17.5670
BFGS:  275 20:50:33    -1207.157408       16.4348
BFGS:  276 20:50:33    -1207.722129       17.3244
BFGS:  277 20:50:33    -1208.274267       16.3450
BFGS:  278 20:50:33    -1208.775158       16.1540
BFGS:  279 20:50:33    -1209.265786       14.9606
BFGS:  280 20:50:33    -1209.804625       13.6879
BFGS:  281 20:50:33    -1210.476304       13.0090
BFGS:  282 20:50:33    -1211.186372       12.9959
BFGS:  283 20:50:33    -1211.757847       11.2057
BFGS:  284 20:50:33    -1212.291074        6.8354
BFGS:  285 20:50:33    -1212.599712        6.9782
BFGS:  286 20:50:33    -1212.826189        6.5640
BFGS:  287 20:50:33    -1213.024956        6.2347
BFGS:  288 20:50:33    -1213.198542        5.6621
BFGS:  289 20:50:33    -1213.359677        5.4821
BFGS:  290 20:50:33    -1213.509449        5.3954
BFGS:  291 20:50:33    -1213.650314        5.6756
BFGS:  292 20:50:33    -1213.783002        5.8717
BFGS:  293 20:50:34    -1213.906392        6.1420
BFGS:  294 20:50:34    -1214.022047        6.6494
BFGS:  295 20:50:34    -1214.130745        8.0077
BFGS:  296 20:50:34    -1214.239690        9.5234
BFGS:  297 20:50:34    -1214.348238       10.8180
BFGS:  298 20:50:34    -1214.465954       12.1644
BFGS:  299 20:50:34    -1214.590314       13.2779
BFGS:  300 20:50:34    -1214.718765       14.2742
BFGS:  301 20:50:34    -1214.854198       15.2745
BFGS:  302 20:50:34    -1214.991935       15.8002
BFGS:  303 20:50:34    -1215.132088       16.8059
BFGS:  304 20:50:34    -1215.268704       17.4206
BFGS:  305 20:50:34    -1215.407548       17.9927
BFGS:  306 20:50:34    -1215.553291       18.2486
BFGS:  307 20:50:34    -1215.726040       18.3703
BFGS:  308 20:50:34    -1215.941241       17.9874
BFGS:  309 20:50:34    -1216.200233       17.7013
BFGS:  310 20:50:34    -1216.544866       17.1319
BFGS:  311 20:50:34    -1216.930944       16.4417
BFGS:  312 20:50:34    -1217.420058       15.0675
BFGS:  313 20:50:34    -1217.959996       13.0393
BFGS:  314 20:50:34    -1218.502058       13.6089
BFGS:  315 20:50:34    -1219.144022       14.3953
BFGS:  316 20:50:34    -1219.660967       14.7352
BFGS:  317 20:50:34    -1220.244182       14.9777
BFGS:  318 20:50:34    -1220.603023       14.1741
BFGS:  319 20:50:34    -1221.036689       12.2254
BFGS:  320 20:50:34    -1221.333159       10.3984
BFGS:  321 20:50:34    -1221.538152        9.3367
BFGS:  322 20:50:34    -1221.748415        7.7606
BFGS:  323 20:50:34    -1221.958397        5.3624
BFGS:  324 20:50:34    -1222.091053        4.5579
BFGS:  325 20:50:34    -1222.180813        4.4875
BFGS:  326 20:50:34    -1222.253961        4.5468
BFGS:  327 20:50:34    -1222.331064        4.2621
BFGS:  328 20:50:34    -1222.423757        4.1755
BFGS:  329 20:50:34    -1222.511564        3.7068
BFGS:  330 20:50:34    -1222.557516        3.5927
BFGS:  331 20:50:34    -1222.587848        3.5268
BFGS:  332 20:50:34    -1222.611696        3.4713
BFGS:  333 20:50:34    -1222.632712        3.4272
BFGS:  334 20:50:34    -1222.648709        3.4112
BFGS:  335 20:50:34    -1222.664644        3.0638
BFGS:  336 20:50:34    -1222.681289        3.0270
BFGS:  337 20:50:34    -1222.693648        2.6438
BFGS:  338 20:50:34    -1222.711117        1.5283
BFGS:  339 20:50:34    -1222.716583        1.5261
BFGS:  340 20:50:34    -1222.733030        1.8321
BFGS:  341 20:50:34    -1222.744672        1.8585
BFGS:  342 20:50:34    -1222.755690        1.9793
BFGS:  343 20:50:34    -1222.785099        2.1434
BFGS:  344 20:50:34    -1222.803117        2.3435
BFGS:  345 20:50:34    -1222.837928        2.4635
BFGS:  346 20:50:34    -1222.859388        2.2777
BFGS:  347 20:50:34    -1222.876868        2.0277
BFGS:  348 20:50:34    -1222.896107        1.8098
BFGS:  349 20:50:34    -1222.917454        1.6746
BFGS:  350 20:50:34    -1222.953415        1.9304
BFGS:  351 20:50:34    -1222.984988        1.8131
BFGS:  352 20:50:34    -1223.034445        2.1720
BFGS:  353 20:50:34    -1223.055823        2.2377
BFGS:  354 20:50:34    -1223.076541        2.5279
BFGS:  355 20:50:34    -1223.088513        2.3609
BFGS:  356 20:50:34    -1223.103115        2.4482
BFGS:  357 20:50:34    -1223.110896        2.4899
BFGS:  358 20:50:34    -1223.132716        2.4825
BFGS:  359 20:50:34    -1223.142590        2.2575
BFGS:  360 20:50:35    -1223.158560        2.1470
BFGS:  361 20:50:35    -1223.176134        2.0418
BFGS:  362 20:50:35    -1223.198310        1.6982
BFGS:  363 20:50:35    -1223.215608        1.6203
BFGS:  364 20:50:35    -1223.229430        1.6645
BFGS:  365 20:50:35    -1223.241741        1.5138
BFGS:  366 20:50:35    -1223.252599        1.2136
BFGS:  367 20:50:35    -1223.259509        1.2358
BFGS:  368 20:50:35    -1223.264561        0.7591
BFGS:  369 20:50:35    -1223.268881        0.8509
BFGS:  370 20:50:35    -1223.272355        0.9134
BFGS:  371 20:50:35    -1223.275419        0.8840
BFGS:  372 20:50:35    -1223.277057        0.7641
BFGS:  373 20:50:35    -1223.278009        0.6116
BFGS:  374 20:50:35    -1223.278969        0.5861
BFGS:  375 20:50:35    -1223.281354        0.4468
BFGS:  376 20:50:35    -1223.282759        0.3055
BFGS:  377 20:50:35    -1223.283510        0.2532
BFGS:  378 20:50:35    -1223.283681        0.2435
BFGS:  379 20:50:35    -1223.283807        0.2155
BFGS:  380 20:50:35    -1223.284031        0.2318
BFGS:  381 20:50:35    -1223.284368        0.2573
BFGS:  382 20:50:35    -1223.284680        0.2452
BFGS:  383 20:50:35    -1223.284833        0.2386
BFGS:  384 20:50:35    -1223.284888        0.2400
BFGS:  385 20:50:35    -1223.284918        0.2416
BFGS:  386 20:50:35    -1223.284947        0.2433
BFGS:  387 20:50:35    -1223.284982        0.2451
BFGS:  388 20:50:35    -1223.285043        0.2474
BFGS:  389 20:50:35    -1223.285153        0.2586
BFGS:  390 20:50:35    -1223.285356        0.2996
BFGS:  391 20:50:35    -1223.285683        0.3817
BFGS:  392 20:50:35    -1223.286142        0.4712
BFGS:  393 20:50:35    -1223.286729        0.5190
BFGS:  394 20:50:35    -1223.287503        0.5054
BFGS:  395 20:50:35    -1223.288602        0.5851
BFGS:  396 20:50:35    -1223.290225        0.6767
BFGS:  397 20:50:35    -1223.292456        0.6284
BFGS:  398 20:50:35    -1223.294877        0.7520
BFGS:  399 20:50:35    -1223.296777        0.7659
BFGS:  400 20:50:35    -1223.298070        0.7105
BFGS:  401 20:50:35    -1223.299108        0.7522
BFGS:  402 20:50:35    -1223.300318        0.8161
BFGS:  403 20:50:35    -1223.302260        0.8910
BFGS:  404 20:50:35    -1223.306126        0.9874
BFGS:  405 20:50:35    -1223.312938        1.2522
BFGS:  406 20:50:35    -1223.321826        1.2015
BFGS:  407 20:50:35    -1223.339718        1.1142
BFGS:  408 20:50:35    -1223.346709        1.0367
BFGS:  409 20:50:35    -1223.351909        0.7632
BFGS:  410 20:50:35    -1223.354000        0.8038
BFGS:  411 20:50:35    -1223.356349        0.7274
BFGS:  412 20:50:35    -1223.368886        1.1072
BFGS:  413 20:50:35    -1223.380149        1.1505
BFGS:  414 20:50:35    -1223.397773        1.9682
BFGS:  415 20:50:35    -1223.422472        2.0748
BFGS:  416 20:50:35    -1223.452275        1.2056
BFGS:  417 20:50:35    -1223.464518        0.7567
BFGS:  418 20:50:35    -1223.465868        0.7882
BFGS:  419 20:50:35    -1223.466004        0.6979
BFGS:  420 20:50:35    -1223.467786        0.7170
BFGS:  421 20:50:35    -1223.468404        0.7218
BFGS:  422 20:50:35    -1223.470478        0.7218
BFGS:  423 20:50:35    -1223.474110        0.8085
BFGS:  424 20:50:35    -1223.479973        1.0942
BFGS:  425 20:50:35    -1223.483931        0.7555
BFGS:  426 20:50:36    -1223.485858        0.3751
BFGS:  427 20:50:36    -1223.486127        0.3750
BFGS:  428 20:50:36    -1223.486221        0.3767
BFGS:  429 20:50:36    -1223.486350        0.3834
BFGS:  430 20:50:36    -1223.486383        0.3877
BFGS:  431 20:50:36    -1223.486482        0.3977
BFGS:  432 20:50:36    -1223.486628        0.4050
BFGS:  433 20:50:36    -1223.487070        0.4137
BFGS:  434 20:50:36    -1223.488010        0.4332
BFGS:  435 20:50:36    -1223.490110        0.5179
BFGS:  436 20:50:36    -1223.493708        0.5604
BFGS:  437 20:50:36    -1223.497857        0.4115
BFGS:  438 20:50:36    -1223.500036        0.1822
BFGS:  439 20:50:36    -1223.500410        0.0895
