      Step     Time          Energy         fmax
BFGS:    0 20:47:29     -568.169613      169.2885
BFGS:    1 20:47:29     -610.295769      201.7336
BFGS:    2 20:47:29     -638.488113      195.0012
BFGS:    3 20:47:29     -663.574480      183.1215
BFGS:    4 20:47:29     -688.242586      161.9849
BFGS:    5 20:47:29     -709.398634      156.8437
BFGS:    6 20:47:30     -727.024171      148.4110
BFGS:    7 20:47:30     -743.012988      137.6530
BFGS:    8 20:47:30     -759.217877      138.1959
BFGS:    9 20:47:30     -774.073142      114.0539
BFGS:   10 20:47:30     -785.172751      108.8392
BFGS:   11 20:47:30     -794.414745      104.5720
BFGS:   12 20:47:30     -803.878644       97.4482
BFGS:   13 20:47:30     -811.841236       98.5623
BFGS:   14 20:47:30     -819.029137       88.2103
BFGS:   15 20:47:30     -825.296211       87.9789
BFGS:   16 20:47:30     -830.681511       87.4157
BFGS:   17 20:47:30     -835.887109       88.2173
BFGS:   18 20:47:30     -841.083697       90.4688
BFGS:   19 20:47:30     -846.176161       92.3295
BFGS:   20 20:47:30     -851.559940       94.2244
BFGS:   21 20:47:30     -857.517387       93.9159
BFGS:   22 20:47:30     -864.643095       94.7322
BFGS:   23 20:47:30     -871.561857       93.7670
BFGS:   24 20:47:30     -878.369133       91.6042
BFGS:   25 20:47:30     -885.180789       87.9750
BFGS:   26 20:47:30     -892.307588       82.7229
BFGS:   27 20:47:30     -899.298117       76.9432
BFGS:   28 20:47:30     -905.664721       71.1351
BFGS:   29 20:47:30     -912.258387       63.4191
BFGS:   30 20:47:31     -918.893235       57.3241
BFGS:   31 20:47:31     -925.893734       49.8994
BFGS:   32 20:47:31     -931.570569       42.0132
BFGS:   33 20:47:31     -936.018810       37.6959
BFGS:   34 20:47:31     -939.338074       31.9931
BFGS:   35 20:47:31     -941.704524       28.9670
BFGS:   36 20:47:31     -943.668774       25.7208
BFGS:   37 20:47:31     -945.290469       23.3399
BFGS:   38 20:47:31     -946.727528       21.5760
BFGS:   39 20:47:31     -948.044225       19.9522
BFGS:   40 20:47:31     -949.230722       18.6313
BFGS:   41 20:47:31     -950.292443       17.4908
BFGS:   42 20:47:31     -951.255995       16.5541
BFGS:   43 20:47:31     -952.153507       16.7163
BFGS:   44 20:47:31     -953.011318       17.0112
BFGS:   45 20:47:31     -953.852786       16.9513
BFGS:   46 20:47:31     -954.686271       17.0270
BFGS:   47 20:47:31     -955.514521       16.9174
BFGS:   48 20:47:31     -956.340182       16.7472
BFGS:   49 20:47:31     -957.159678       16.4918
BFGS:   50 20:47:31     -957.977672       16.0496
BFGS:   51 20:47:31     -958.816681       15.3013
BFGS:   52 20:47:31     -959.726654       13.8682
BFGS:   53 20:47:31     -960.516646       12.1365
BFGS:   54 20:47:32     -961.137888       10.6411
BFGS:   55 20:47:32     -961.654235        9.3446
BFGS:   56 20:47:32     -962.119538        8.2799
BFGS:   57 20:47:32     -962.540489        7.3937
BFGS:   58 20:47:32     -962.958226        7.4101
BFGS:   59 20:47:32     -963.398469        7.4315
BFGS:   60 20:47:32     -963.886028        7.4572
BFGS:   61 20:47:32     -964.381133        7.4855
BFGS:   62 20:47:32     -964.820721        7.6560
BFGS:   63 20:47:32     -965.135864        7.7667
BFGS:   64 20:47:32     -965.352107        7.9483
BFGS:   65 20:47:32     -965.504315        7.9029
BFGS:   66 20:47:32     -965.665436        7.9040
BFGS:   67 20:47:32     -965.816501        8.2007
BFGS:   68 20:47:32     -965.973139        8.5850
BFGS:   69 20:47:32     -966.129541        8.7945
BFGS:   70 20:47:32     -966.286357        8.9529
BFGS:   71 20:47:32     -966.444234        9.1122
BFGS:   72 20:47:32     -966.604567        9.2583
BFGS:   73 20:47:32     -966.768097        9.4210
BFGS:   74 20:47:32     -966.936495        9.5617
BFGS:   75 20:47:32     -967.114513        9.7224
BFGS:   76 20:47:32     -967.305420        9.8572
BFGS:   77 20:47:33     -967.509446       10.0040
BFGS:   78 20:47:33     -967.722952       10.1342
BFGS:   79 20:47:33     -967.934877       10.2742
BFGS:   80 20:47:33     -968.138098       10.4095
BFGS:   81 20:47:33     -968.362868       10.3937
BFGS:   82 20:47:33     -968.614419       10.4420
BFGS:   83 20:47:33     -968.898762       10.5531
BFGS:   84 20:47:33     -969.211030       10.3937
BFGS:   85 20:47:33     -969.564532        9.8508
BFGS:   86 20:47:33     -969.947223        9.2088
BFGS:   87 20:47:33     -970.313027        8.8212
BFGS:   88 20:47:33     -970.660395        8.5844
BFGS:   89 20:47:33     -970.988894        8.4906
BFGS:   90 20:47:33     -971.313846        8.5378
BFGS:   91 20:47:33     -971.639100        8.8007
BFGS:   92 20:47:33     -971.992237        8.6907
BFGS:   93 20:47:33     -972.354243        8.9140
BFGS:   94 20:47:33     -972.734719        8.7875
BFGS:   95 20:47:33     -973.111186        8.8336
BFGS:   96 20:47:33     -973.461074        8.7241
BFGS:   97 20:47:33     -973.770323        8.8627
BFGS:   98 20:47:33     -974.121047        8.6356
BFGS:   99 20:47:33     -974.484025        9.3705
BFGS:  100 20:47:33     -974.841052       10.4507
BFGS:  101 20:47:34     -975.196838       11.4050
BFGS:  102 20:47:34     -975.555205       12.1668
BFGS:  103 20:47:34     -975.891493       12.7457
BFGS:  104 20:47:34     -976.226507       13.1631
BFGS:  105 20:47:34     -976.575578       13.4036
BFGS:  106 20:47:34     -976.890917       13.5533
BFGS:  107 20:47:34     -977.244961       13.5872
BFGS:  108 20:47:34     -977.590609       13.4405
BFGS:  109 20:47:34     -977.938713       13.1443
BFGS:  110 20:47:34     -978.281113       12.5188
BFGS:  111 20:47:34     -978.626588       11.8955
BFGS:  112 20:47:34     -979.002599       12.4170
BFGS:  113 20:47:34     -979.414107       13.3551
BFGS:  114 20:47:34     -979.854485       14.9980
BFGS:  115 20:47:34     -980.381275       17.1877
BFGS:  116 20:47:34     -980.922962       18.4013
BFGS:  117 20:47:34     -981.489807       19.8105
BFGS:  118 20:47:34     -982.061280       21.7456
BFGS:  119 20:47:34     -982.634303       23.4670
BFGS:  120 20:47:34     -983.200884       25.4341
BFGS:  121 20:47:34     -983.763742       27.1432
BFGS:  122 20:47:34     -984.509322       29.9005
BFGS:  123 20:47:35     -985.195895       33.1860
BFGS:  124 20:47:35     -986.072429       36.9524
BFGS:  125 20:47:35     -986.820090       39.9663
BFGS:  126 20:47:35     -987.506541       42.5711
BFGS:  127 20:47:35     -988.118930       44.8381
BFGS:  128 20:47:35     -988.739267       46.9737
BFGS:  129 20:47:35     -989.353567       48.7159
BFGS:  130 20:47:35     -990.000207       50.3978
BFGS:  131 20:47:35     -990.687961       51.7502
BFGS:  132 20:47:35     -991.423214       53.1252
BFGS:  133 20:47:35     -992.202082       54.3200
BFGS:  134 20:47:35     -992.950204       55.4000
BFGS:  135 20:47:35     -993.857091       56.2465
BFGS:  136 20:47:35     -994.963449       57.3853
BFGS:  137 20:47:35     -995.957575       59.7097
BFGS:  138 20:47:35     -997.577836       59.6878
BFGS:  139 20:47:35     -999.322094       59.9857
BFGS:  140 20:47:35    -1000.995170       60.3718
BFGS:  141 20:47:35    -1002.820924       60.7175
BFGS:  142 20:47:35    -1005.098486       61.7220
BFGS:  143 20:47:35    -1007.384871       66.2650
BFGS:  144 20:47:35    -1009.784595       70.7107
BFGS:  145 20:47:35    -1011.979821       73.9702
BFGS:  146 20:47:36    -1014.332728       76.9317
BFGS:  147 20:47:36    -1016.465010       78.7414
BFGS:  148 20:47:36    -1018.614262       79.9562
BFGS:  149 20:47:36    -1020.649779       80.4027
BFGS:  150 20:47:36    -1022.585246       80.2206
BFGS:  151 20:47:36    -1024.501476       79.5623
BFGS:  152 20:47:36    -1026.410141       78.5891
BFGS:  153 20:47:36    -1028.423827       77.6078
BFGS:  154 20:47:36    -1030.426459       77.1759
BFGS:  155 20:47:36    -1032.473644       76.2505
BFGS:  156 20:47:36    -1034.433380       75.1114
BFGS:  157 20:47:36    -1036.387943       74.2049
BFGS:  158 20:47:36    -1038.443335       72.7204
BFGS:  159 20:47:36    -1040.488155       70.9906
BFGS:  160 20:47:36    -1042.610473       69.0426
BFGS:  161 20:47:36    -1044.861512       67.1031
BFGS:  162 20:47:36    -1047.495600       64.8793
BFGS:  163 20:47:36    -1050.031756       62.9739
BFGS:  164 20:47:36    -1053.023959       60.4471
BFGS:  165 20:47:36    -1056.073812       57.8545
BFGS:  166 20:47:36    -1059.593632       53.7626
BFGS:  167 20:47:36    -1063.278740       48.1067
BFGS:  168 20:47:36    -1066.712816       45.6849
BFGS:  169 20:47:36    -1069.718761       44.6537
BFGS:  170 20:47:37    -1072.403075       45.4008
BFGS:  171 20:47:37    -1074.167406       45.0846
BFGS:  172 20:47:37    -1075.767252       43.2358
BFGS:  173 20:47:37    -1076.860319       42.1514
BFGS:  174 20:47:37    -1077.850410       40.8307
BFGS:  175 20:47:37    -1078.748906       39.6923
BFGS:  176 20:47:37    -1079.624859       38.4209
BFGS:  177 20:47:37    -1080.442517       37.4118
BFGS:  178 20:47:37    -1081.258744       36.8538
BFGS:  179 20:47:37    -1082.073000       37.0322
BFGS:  180 20:47:37    -1082.893992       36.7959
BFGS:  181 20:47:37    -1083.715906       36.5681
BFGS:  182 20:47:37    -1084.585383       35.5376
BFGS:  183 20:47:37    -1085.509009       34.6405
BFGS:  184 20:47:37    -1086.605444       32.5957
BFGS:  185 20:47:37    -1087.670080       30.6582
BFGS:  186 20:47:37    -1088.715996       29.3253
BFGS:  187 20:47:37    -1089.681458       29.6731
BFGS:  188 20:47:37    -1090.596570       28.1189
BFGS:  189 20:47:37    -1091.551629       26.2095
BFGS:  190 20:47:37    -1092.629986       24.8845
BFGS:  191 20:47:37    -1093.918566       24.7309
BFGS:  192 20:47:37    -1095.388078       23.3670
BFGS:  193 20:47:37    -1096.732124       21.0075
BFGS:  194 20:47:37    -1098.051640       19.5232
BFGS:  195 20:47:37    -1099.124989       18.5460
BFGS:  196 20:47:38    -1100.047195       15.4837
BFGS:  197 20:47:38    -1100.633376       13.8183
BFGS:  198 20:47:38    -1101.142497       11.6747
BFGS:  199 20:47:38    -1101.554675       11.2879
BFGS:  200 20:47:38    -1101.973459       11.1460
BFGS:  201 20:47:38    -1102.422423       11.5760
BFGS:  202 20:47:38    -1102.878097       11.3867
BFGS:  203 20:47:38    -1103.336380       13.2680
BFGS:  204 20:47:38    -1103.844996       15.1255
BFGS:  205 20:47:38    -1104.358737       16.5996
BFGS:  206 20:47:38    -1104.754890       12.8067
BFGS:  207 20:47:38    -1105.091935        9.2929
BFGS:  208 20:47:38    -1105.297393        8.1468
BFGS:  209 20:47:38    -1105.532903        8.5871
BFGS:  210 20:47:38    -1105.787726       10.2836
BFGS:  211 20:47:38    -1105.991392       11.2098
BFGS:  212 20:47:38    -1106.171485       11.5664
BFGS:  213 20:47:38    -1106.340530       11.5200
BFGS:  214 20:47:38    -1106.500531       11.1212
BFGS:  215 20:47:38    -1106.655330       10.5616
BFGS:  216 20:47:38    -1106.801748        9.4730
BFGS:  217 20:47:38    -1106.930730        8.0735
BFGS:  218 20:47:38    -1107.047458        9.5282
BFGS:  219 20:47:38    -1107.154379        8.5156
BFGS:  220 20:47:38    -1107.268731        8.2768
BFGS:  221 20:47:39    -1107.378178        8.0908
BFGS:  222 20:47:39    -1107.478723        5.8075
BFGS:  223 20:47:39    -1107.578479        5.4956
BFGS:  224 20:47:39    -1107.682617        5.7877
BFGS:  225 20:47:39    -1107.778617        5.8151
BFGS:  226 20:47:39    -1107.875957        5.9911
BFGS:  227 20:47:39    -1107.995712        6.6756
BFGS:  228 20:47:39    -1108.134964        7.6278
BFGS:  229 20:47:39    -1108.295663        8.2117
BFGS:  230 20:47:39    -1108.461876        8.2797
BFGS:  231 20:47:39    -1108.561561        6.9063
BFGS:  232 20:47:39    -1108.669700        5.0998
BFGS:  233 20:47:39    -1108.706922        6.3397
BFGS:  234 20:47:39    -1108.780360        5.2517
BFGS:  235 20:47:39    -1108.820013        4.4544
BFGS:  236 20:47:39    -1108.864241        3.8679
BFGS:  237 20:47:39    -1108.908918        3.7361
BFGS:  238 20:47:39    -1108.935909        3.5757
BFGS:  239 20:47:39    -1108.964039        3.2509
BFGS:  240 20:47:39    -1108.985934        3.0551
BFGS:  241 20:47:39    -1109.007321        2.7249
BFGS:  242 20:47:39    -1109.020202        2.1730
BFGS:  243 20:47:39    -1109.029521        1.9344
BFGS:  244 20:47:39    -1109.037189        2.1074
BFGS:  245 20:47:39    -1109.042820        2.2141
BFGS:  246 20:47:40    -1109.050232        2.5930
BFGS:  247 20:47:40    -1109.053119        2.7628
BFGS:  248 20:47:40    -1109.059253        2.7991
BFGS:  249 20:47:40    -1109.062487        2.9548
BFGS:  250 20:47:40    -1109.065432        2.9520
BFGS:  251 20:47:40    -1109.066845        2.6533
BFGS:  252 20:47:40    -1109.069114        2.6374
BFGS:  253 20:47:40    -1109.068907        2.5791
BFGS:  254 20:47:40    -1109.070756        2.5438
BFGS:  255 20:47:40    -1109.072393        2.4401
BFGS:  256 20:47:40    -1109.073690        2.4223
BFGS:  257 20:47:40    -1109.075261        2.3600
BFGS:  258 20:47:40    -1109.082570        2.0860
BFGS:  259 20:47:40    -1109.084516        2.1408
BFGS:  260 20:47:40    -1109.091669        2.1696
BFGS:  261 20:47:40    -1109.097809        2.0102
BFGS:  262 20:47:40    -1109.108039        2.2549
BFGS:  263 20:47:40    -1109.112760        2.1542
BFGS:  264 20:47:40    -1109.115596        1.9076
BFGS:  265 20:47:40    -1109.116863        1.7955
BFGS:  266 20:47:40    -1109.118955        1.7721
BFGS:  267 20:47:40    -1109.118569        1.8039
BFGS:  268 20:47:40    -1109.120057        1.7783
BFGS:  269 20:47:40    -1109.120736        1.7085
BFGS:  270 20:47:40    -1109.122455        1.7273
BFGS:  271 20:47:41    -1109.122213        1.8171
BFGS:  272 20:47:41    -1109.124356        1.7362
BFGS:  273 20:47:41    -1109.125024        1.6165
BFGS:  274 20:47:41    -1109.126110        1.6522
BFGS:  275 20:47:41    -1109.126606        1.6662
BFGS:  276 20:47:41    -1109.127181        1.6397
BFGS:  277 20:47:41    -1109.127334        1.6110
BFGS:  278 20:47:41    -1109.127592        1.6068
BFGS:  279 20:47:41    -1109.128333        1.5912
BFGS:  280 20:47:41    -1109.128897        1.5884
BFGS:  281 20:47:41    -1109.134228        1.4828
BFGS:  282 20:47:41    -1109.138154        1.6051
BFGS:  283 20:47:41    -1109.142957        1.8506
BFGS:  284 20:47:41    -1109.145296        1.7414
BFGS:  285 20:47:41    -1109.146885        1.6639
BFGS:  286 20:47:41    -1109.147471        1.6019
BFGS:  287 20:47:41    -1109.148558        1.4820
BFGS:  288 20:47:41    -1109.148883        1.4969
BFGS:  289 20:47:41    -1109.149484        1.5601
BFGS:  290 20:47:41    -1109.149476        1.6123
BFGS:  291 20:47:41    -1109.149897        1.6406
BFGS:  292 20:47:41    -1109.150021        1.6246
BFGS:  293 20:47:41    -1109.149720        1.6013
BFGS:  294 20:47:41    -1109.150194        1.6100
BFGS:  295 20:47:42    -1109.150156        1.6074
BFGS:  296 20:47:42    -1109.150242        1.6063
BFGS:  297 20:47:42    -1109.150247        1.6041
BFGS:  298 20:47:42    -1109.150289        1.5926
BFGS:  299 20:47:42    -1109.150290        1.5911
BFGS:  300 20:47:42    -1109.150292        1.5904
BFGS:  301 20:47:42    -1109.150296        1.5847
BFGS:  302 20:47:42    -1109.150289        1.5756
BFGS:  303 20:47:42    -1109.150297        1.5774
BFGS:  304 20:47:42    -1109.150274        1.5877
BFGS:  305 20:47:42    -1109.150291        1.5802
BFGS:  306 20:47:42    -1109.150282        1.5694
BFGS:  307 20:47:42    -1109.150297        1.5760
BFGS:  308 20:47:42    -1109.150300        1.5745
BFGS:  309 20:47:42    -1109.150201        1.5602
BFGS:  310 20:47:42    -1109.150278        1.5711
BFGS:  311 20:47:42    -1109.150124        1.6055
BFGS:  312 20:47:42    -1109.150253        1.5848
BFGS:  313 20:47:42    -1109.150157        1.5554
BFGS:  314 20:47:42    -1109.150300        1.5745
BFGS:  315 20:47:42    -1109.150274        1.5701
BFGS:  316 20:47:42    -1109.150299        1.5734
BFGS:  317 20:47:42    -1109.149975        1.6158
BFGS:  318 20:47:42    -1109.150205        1.5895
BFGS:  319 20:47:42    -1109.150068        1.5502
BFGS:  320 20:47:43    -1109.150291        1.5751
BFGS:  321 20:47:43    -1109.150269        1.5690
BFGS:  322 20:47:43    -1109.150303        1.5733
BFGS:  323 20:47:43    -1109.150298        1.5725
BFGS:  324 20:47:43    -1109.150306        1.5735
BFGS:  325 20:47:43    -1109.150304        1.5737
BFGS:  326 20:47:43    -1109.150306        1.5742
BFGS:  327 20:47:43    -1109.150249        1.5963
BFGS:  328 20:47:43    -1109.150290        1.5837
BFGS:  329 20:47:43    -1109.150280        1.5677
BFGS:  330 20:47:43    -1109.150301        1.5779
BFGS:  331 20:47:43    -1109.150306        1.5755
BFGS:  332 20:47:43    -1109.150242        1.5641
BFGS:  333 20:47:43    -1109.150300        1.5733
