      Step     Time          Energy         fmax
BFGS:    0 20:40:29     -835.435912      192.6999
BFGS:    1 20:40:29     -862.490155      146.4980
BFGS:    2 20:40:30     -882.288832      148.3045
BFGS:    3 20:40:30     -899.966628      140.4489
BFGS:    4 20:40:30     -912.521533      135.3653
BFGS:    5 20:40:30     -926.242922      128.4154
BFGS:    6 20:40:30     -939.298265      122.4652
BFGS:    7 20:40:30     -949.431233      117.6147
BFGS:    8 20:40:30     -959.590902      112.5264
BFGS:    9 20:40:30     -968.059788      107.3921
BFGS:   10 20:40:30     -975.510560      101.2453
BFGS:   11 20:40:30     -982.965325       95.4886
BFGS:   12 20:40:30     -990.708839       90.1710
BFGS:   13 20:40:30     -997.905775       85.9477
BFGS:   14 20:40:30    -1004.680689       80.0513
BFGS:   15 20:40:30    -1011.770222       75.7022
BFGS:   16 20:40:30    -1017.722801       69.9823
BFGS:   17 20:40:30    -1022.960495       64.5150
BFGS:   18 20:40:30    -1027.433187       59.5595
BFGS:   19 20:40:30    -1031.962703       54.0805
BFGS:   20 20:40:30    -1036.979936       48.9081
BFGS:   21 20:40:30    -1041.225624       44.5442
BFGS:   22 20:40:30    -1044.396700       41.2504
BFGS:   23 20:40:30    -1047.180612       38.3781
BFGS:   24 20:40:30    -1049.836677       35.4580
BFGS:   25 20:40:30    -1052.485136       33.1890
BFGS:   26 20:40:30    -1055.149028       30.4723
BFGS:   27 20:40:30    -1057.732235       27.9806
BFGS:   28 20:40:30    -1060.122440       25.4951
BFGS:   29 20:40:30    -1062.355344       23.3192
BFGS:   30 20:40:30    -1064.523892       21.0426
BFGS:   31 20:40:30    -1066.608983       18.7482
BFGS:   32 20:40:30    -1068.398128       16.4582
BFGS:   33 20:40:31    -1070.034205       14.2298
BFGS:   34 20:40:31    -1071.499116       12.4483
BFGS:   35 20:40:31    -1072.748071       12.7623
BFGS:   36 20:40:31    -1073.855118       12.5937
BFGS:   37 20:40:31    -1074.911374       12.1547
BFGS:   38 20:40:31    -1075.905110       11.0818
BFGS:   39 20:40:31    -1076.916791        9.8023
BFGS:   40 20:40:31    -1077.916297        8.4277
BFGS:   41 20:40:31    -1078.903526        8.6227
BFGS:   42 20:40:31    -1079.739400        9.2274
BFGS:   43 20:40:31    -1080.569184        9.6145
BFGS:   44 20:40:31    -1081.393492        9.2821
BFGS:   45 20:40:31    -1082.190868        8.9442
BFGS:   46 20:40:31    -1082.970171        8.2986
BFGS:   47 20:40:31    -1083.737220        7.6053
BFGS:   48 20:40:31    -1084.507283        6.8524
BFGS:   49 20:40:31    -1085.113137        6.9222
BFGS:   50 20:40:31    -1085.702327        7.4149
BFGS:   51 20:40:31    -1086.276951        8.2590
BFGS:   52 20:40:31    -1086.792432        7.9609
BFGS:   53 20:40:31    -1087.256596        7.6879
BFGS:   54 20:40:31    -1087.672241        8.5275
BFGS:   55 20:40:31    -1088.070157        9.1300
BFGS:   56 20:40:31    -1088.461492        9.2856
BFGS:   57 20:40:31    -1088.869130        8.8876
BFGS:   58 20:40:31    -1089.261260        8.5606
BFGS:   59 20:40:31    -1089.647032        8.8735
BFGS:   60 20:40:31    -1090.020019        9.1402
BFGS:   61 20:40:31    -1090.382312        9.3512
BFGS:   62 20:40:31    -1090.723931        9.4149
BFGS:   63 20:40:31    -1091.059375        9.1462
BFGS:   64 20:40:31    -1091.465925        8.4635
BFGS:   65 20:40:31    -1091.999376        9.1748
BFGS:   66 20:40:31    -1092.486449        8.6640
BFGS:   67 20:40:32    -1092.958527        8.4863
BFGS:   68 20:40:32    -1093.420629        7.8246
BFGS:   69 20:40:32    -1093.874163        7.0666
BFGS:   70 20:40:32    -1094.324062        6.7039
BFGS:   71 20:40:32    -1094.752442        7.1836
BFGS:   72 20:40:32    -1095.219938        7.3674
BFGS:   73 20:40:32    -1095.674440        7.4525
BFGS:   74 20:40:32    -1096.097361        7.4662
BFGS:   75 20:40:32    -1096.519831        7.3958
BFGS:   76 20:40:32    -1096.938231        7.3671
BFGS:   77 20:40:32    -1097.364272        7.2721
BFGS:   78 20:40:32    -1097.790816        6.9706
BFGS:   79 20:40:32    -1098.216008        6.3086
BFGS:   80 20:40:32    -1098.617991        5.3726
BFGS:   81 20:40:32    -1099.029048        4.6570
BFGS:   82 20:40:32    -1099.403259        5.0451
BFGS:   83 20:40:32    -1099.815471        5.6723
BFGS:   84 20:40:32    -1100.222023        6.5711
BFGS:   85 20:40:32    -1100.643177        7.5795
BFGS:   86 20:40:32    -1101.053892        8.4364
BFGS:   87 20:40:32    -1101.441998        9.2851
BFGS:   88 20:40:32    -1101.843333        9.8769
BFGS:   89 20:40:32    -1102.230244       10.0239
BFGS:   90 20:40:32    -1102.571464        9.6903
BFGS:   91 20:40:32    -1102.909574        8.9418
BFGS:   92 20:40:32    -1103.277734        7.7480
BFGS:   93 20:40:32    -1103.709983        6.0839
BFGS:   94 20:40:32    -1104.139439        5.3647
BFGS:   95 20:40:32    -1104.550662        4.9061
BFGS:   96 20:40:32    -1104.872425        4.2749
BFGS:   97 20:40:32    -1105.165559        4.7683
BFGS:   98 20:40:32    -1105.490347        5.9282
BFGS:   99 20:40:32    -1105.789747        6.6352
BFGS:  100 20:40:32    -1106.101493        7.1250
BFGS:  101 20:40:32    -1106.429968        7.2553
BFGS:  102 20:40:32    -1106.730569        7.1273
BFGS:  103 20:40:32    -1107.073982        6.5806
BFGS:  104 20:40:32    -1107.446757        5.9144
BFGS:  105 20:40:33    -1107.912620        5.1180
BFGS:  106 20:40:33    -1108.304440        5.3738
BFGS:  107 20:40:33    -1108.714533        5.6548
BFGS:  108 20:40:33    -1109.043765        5.7224
BFGS:  109 20:40:33    -1109.370869        5.6595
BFGS:  110 20:40:33    -1109.695840        6.0305
BFGS:  111 20:40:33    -1110.031193        6.2220
BFGS:  112 20:40:33    -1110.326788        5.7714
BFGS:  113 20:40:33    -1110.580413        5.3478
BFGS:  114 20:40:33    -1110.802572        4.3089
BFGS:  115 20:40:33    -1110.987350        3.4589
BFGS:  116 20:40:33    -1111.151878        3.0152
BFGS:  117 20:40:33    -1111.301380        2.9371
BFGS:  118 20:40:33    -1111.443047        3.3425
BFGS:  119 20:40:33    -1111.579824        3.7475
BFGS:  120 20:40:33    -1111.708584        4.0807
BFGS:  121 20:40:33    -1111.846211        4.2881
BFGS:  122 20:40:33    -1111.996812        4.4392
BFGS:  123 20:40:33    -1112.168350        4.4531
BFGS:  124 20:40:33    -1112.372803        4.4320
BFGS:  125 20:40:33    -1112.614509        4.3820
BFGS:  126 20:40:33    -1112.888321        4.2801
BFGS:  127 20:40:33    -1113.166436        4.3516
BFGS:  128 20:40:33    -1113.427876        4.5140
BFGS:  129 20:40:33    -1113.730487        4.8254
BFGS:  130 20:40:33    -1113.934699        4.0615
BFGS:  131 20:40:33    -1114.093667        3.7413
BFGS:  132 20:40:33    -1114.222509        4.2052
BFGS:  133 20:40:33    -1114.300450        4.4847
BFGS:  134 20:40:33    -1114.358719        4.0298
BFGS:  135 20:40:33    -1114.428931        3.4369
BFGS:  136 20:40:33    -1114.491148        3.3692
BFGS:  137 20:40:33    -1114.543193        3.1499
BFGS:  138 20:40:33    -1114.599760        2.9313
BFGS:  139 20:40:33    -1114.652648        2.9158
BFGS:  140 20:40:33    -1114.714487        3.1472
BFGS:  141 20:40:33    -1114.776322        3.3709
BFGS:  142 20:40:34    -1114.837498        3.8487
BFGS:  143 20:40:34    -1114.906586        4.7180
BFGS:  144 20:40:34    -1115.001581        5.6305
BFGS:  145 20:40:34    -1115.213569        6.0899
BFGS:  146 20:40:34    -1115.424446        6.4521
BFGS:  147 20:40:34    -1115.732856        6.5953
BFGS:  148 20:40:34    -1116.025455        6.2873
BFGS:  149 20:40:34    -1116.364230        6.1311
BFGS:  150 20:40:34    -1116.701819        6.2756
BFGS:  151 20:40:34    -1117.029651        6.3443
BFGS:  152 20:40:34    -1117.351222        6.3681
BFGS:  153 20:40:34    -1117.657299        6.2813
BFGS:  154 20:40:34    -1117.949285        6.0794
BFGS:  155 20:40:34    -1118.185822        5.7393
BFGS:  156 20:40:34    -1118.380141        5.3348
BFGS:  157 20:40:34    -1118.557616        4.8915
BFGS:  158 20:40:34    -1118.728126        4.4748
BFGS:  159 20:40:34    -1118.895126        4.1501
BFGS:  160 20:40:34    -1119.061627        4.0935
BFGS:  161 20:40:34    -1119.229471        4.3575
BFGS:  162 20:40:34    -1119.400306        4.4103
BFGS:  163 20:40:34    -1119.573808        4.2543
BFGS:  164 20:40:34    -1119.751191        4.3837
BFGS:  165 20:40:34    -1119.936834        5.0262
BFGS:  166 20:40:34    -1120.140799        6.2632
BFGS:  167 20:40:34    -1120.357131        7.6109
BFGS:  168 20:40:34    -1120.568028        8.5030
BFGS:  169 20:40:34    -1120.760290        8.7151
BFGS:  170 20:40:34    -1120.942828        8.3252
BFGS:  171 20:40:34    -1121.150654        7.4890
BFGS:  172 20:40:34    -1121.385294        6.5494
BFGS:  173 20:40:34    -1121.614382        5.8163
BFGS:  174 20:40:34    -1121.828349        5.2673
BFGS:  175 20:40:34    -1122.034910        4.9546
BFGS:  176 20:40:34    -1122.237367        4.8105
BFGS:  177 20:40:34    -1122.437911        4.8538
BFGS:  178 20:40:34    -1122.646411        5.9984
BFGS:  179 20:40:35    -1122.933217        6.4542
BFGS:  180 20:40:35    -1123.208013        5.7254
BFGS:  181 20:40:35    -1123.480166        5.8218
BFGS:  182 20:40:35    -1123.742191        5.9318
BFGS:  183 20:40:35    -1123.984003        5.8860
BFGS:  184 20:40:35    -1124.190399        5.8003
BFGS:  185 20:40:35    -1124.357739        5.5823
BFGS:  186 20:40:35    -1124.513319        5.2061
BFGS:  187 20:40:35    -1124.696995        4.2512
BFGS:  188 20:40:35    -1124.939236        2.7640
BFGS:  189 20:40:35    -1125.072653        3.0059
BFGS:  190 20:40:35    -1125.179841        3.0569
BFGS:  191 20:40:35    -1125.248114        2.8624
BFGS:  192 20:40:35    -1125.282947        2.5157
BFGS:  193 20:40:35    -1125.302800        2.6428
BFGS:  194 20:40:35    -1125.317164        2.5159
BFGS:  195 20:40:35    -1125.340861        2.3200
BFGS:  196 20:40:35    -1125.376006        1.8364
BFGS:  197 20:40:35    -1125.394992        1.6898
BFGS:  198 20:40:35    -1125.419057        1.6324
BFGS:  199 20:40:35    -1125.443410        1.8678
BFGS:  200 20:40:35    -1125.466283        2.1498
BFGS:  201 20:40:35    -1125.483619        2.3068
BFGS:  202 20:40:35    -1125.502943        2.3084
BFGS:  203 20:40:35    -1125.520885        2.1950
BFGS:  204 20:40:35    -1125.538238        1.8947
BFGS:  205 20:40:35    -1125.555039        1.6087
BFGS:  206 20:40:35    -1125.571899        1.6204
BFGS:  207 20:40:35    -1125.592233        1.6013
BFGS:  208 20:40:35    -1125.610148        1.7261
BFGS:  209 20:40:35    -1125.628334        1.7966
BFGS:  210 20:40:35    -1125.647716        1.8875
BFGS:  211 20:40:35    -1125.669415        1.9716
BFGS:  212 20:40:35    -1125.695650        2.1769
BFGS:  213 20:40:35    -1125.714487        2.2594
BFGS:  214 20:40:35    -1125.724689        2.0053
BFGS:  215 20:40:35    -1125.739038        1.9513
BFGS:  216 20:40:36    -1125.746769        1.7790
BFGS:  217 20:40:36    -1125.753308        1.6471
BFGS:  218 20:40:36    -1125.760432        1.5766
BFGS:  219 20:40:36    -1125.765522        1.6126
BFGS:  220 20:40:36    -1125.769363        1.5136
BFGS:  221 20:40:36    -1125.771952        1.5283
BFGS:  222 20:40:36    -1125.774132        1.5353
BFGS:  223 20:40:36    -1125.775898        1.5612
BFGS:  224 20:40:36    -1125.777553        1.5679
BFGS:  225 20:40:36    -1125.779093        1.5374
BFGS:  226 20:40:36    -1125.780498        1.4857
BFGS:  227 20:40:36    -1125.781530        1.4271
BFGS:  228 20:40:36    -1125.782255        1.3831
BFGS:  229 20:40:36    -1125.782979        1.3451
BFGS:  230 20:40:36    -1125.783970        1.3017
BFGS:  231 20:40:36    -1125.785294        1.2503
BFGS:  232 20:40:36    -1125.786797        1.1916
BFGS:  233 20:40:36    -1125.788262        1.1353
BFGS:  234 20:40:36    -1125.789858        1.0685
BFGS:  235 20:40:36    -1125.791947        0.9876
BFGS:  236 20:40:36    -1125.794863        0.8794
BFGS:  237 20:40:36    -1125.798017        0.7848
BFGS:  238 20:40:36    -1125.800863        0.7192
BFGS:  239 20:40:36    -1125.803376        0.6843
BFGS:  240 20:40:36    -1125.806109        0.6736
BFGS:  241 20:40:36    -1125.809008        0.6455
BFGS:  242 20:40:36    -1125.811701        0.5973
BFGS:  243 20:40:36    -1125.814086        0.5163
BFGS:  244 20:40:36    -1125.816212        0.4401
BFGS:  245 20:40:36    -1125.818101        0.3762
BFGS:  246 20:40:36    -1125.819566        0.3328
BFGS:  247 20:40:36    -1125.820570        0.3115
BFGS:  248 20:40:36    -1125.821246        0.2901
BFGS:  249 20:40:36    -1125.821849        0.2585
BFGS:  250 20:40:36    -1125.822452        0.2237
BFGS:  251 20:40:36    -1125.823126        0.2241
BFGS:  252 20:40:37    -1125.823783        0.2212
BFGS:  253 20:40:37    -1125.824349        0.2224
BFGS:  254 20:40:37    -1125.824690        0.1906
BFGS:  255 20:40:37    -1125.824890        0.1480
BFGS:  256 20:40:37    -1125.825024        0.1312
BFGS:  257 20:40:37    -1125.825128        0.1211
BFGS:  258 20:40:37    -1125.825216        0.1122
BFGS:  259 20:40:37    -1125.825310        0.0940
