      Step     Time          Energy         fmax
BFGS:    0 20:41:09     -819.358632      244.7343
BFGS:    1 20:41:09     -864.340583      177.6243
BFGS:    2 20:41:09     -880.016388      182.0433
BFGS:    3 20:41:09     -893.945632      149.3233
BFGS:    4 20:41:09     -909.134387      130.5978
BFGS:    5 20:41:09     -920.461302      114.2881
BFGS:    6 20:41:09     -929.335989      112.6543
BFGS:    7 20:41:09     -937.324078      101.4430
BFGS:    8 20:41:09     -945.430995       88.6292
BFGS:    9 20:41:09     -952.701356       76.8318
BFGS:   10 20:41:10     -958.897365       68.4689
BFGS:   11 20:41:10     -963.777131       54.4649
BFGS:   12 20:41:10     -967.851514       46.2834
BFGS:   13 20:41:10     -970.896398       42.3709
BFGS:   14 20:41:10     -974.459901       37.9133
BFGS:   15 20:41:10     -978.197384       35.0814
BFGS:   16 20:41:10     -981.907979       35.0167
BFGS:   17 20:41:10     -984.992454       34.9339
BFGS:   18 20:41:10     -989.305731       35.4363
BFGS:   19 20:41:10     -992.330401       36.1005
BFGS:   20 20:41:10     -997.109561       38.8202
BFGS:   21 20:41:10    -1002.106020       41.3824
BFGS:   22 20:41:10    -1008.259571       43.9536
BFGS:   23 20:41:10    -1015.216192       45.5782
BFGS:   24 20:41:10    -1022.193268       45.7716
BFGS:   25 20:41:10    -1027.641224       44.1642
BFGS:   26 20:41:10    -1032.934954       42.0475
BFGS:   27 20:41:10    -1039.145875       37.1454
BFGS:   28 20:41:10    -1044.372098       33.0142
BFGS:   29 20:41:10    -1048.677337       27.4202
BFGS:   30 20:41:10    -1051.985663       24.2563
BFGS:   31 20:41:10    -1054.587156       21.0364
BFGS:   32 20:41:10    -1057.208915       18.6760
BFGS:   33 20:41:10    -1059.586776       17.4500
BFGS:   34 20:41:10    -1061.456541       16.3954
BFGS:   35 20:41:10    -1063.019717       14.3040
BFGS:   36 20:41:10    -1064.451863       11.2474
BFGS:   37 20:41:10    -1065.774759        6.5125
BFGS:   38 20:41:10    -1066.675223        6.6696
BFGS:   39 20:41:11    -1067.290641        5.9419
BFGS:   40 20:41:11    -1067.805925        4.7559
BFGS:   41 20:41:11    -1068.330882        3.8080
BFGS:   42 20:41:11    -1068.652482        3.4261
BFGS:   43 20:41:11    -1068.924481        4.2141
BFGS:   44 20:41:11    -1069.205760        4.6125
BFGS:   45 20:41:11    -1069.491634        4.0185
BFGS:   46 20:41:11    -1069.758561        4.0570
BFGS:   47 20:41:11    -1070.032865        4.4126
BFGS:   48 20:41:11    -1070.299270        4.6437
BFGS:   49 20:41:11    -1070.562396        4.8007
BFGS:   50 20:41:11    -1070.825636        4.8852
BFGS:   51 20:41:11    -1071.090558        4.9571
BFGS:   52 20:41:11    -1071.358580        5.0505
BFGS:   53 20:41:11    -1071.628361        5.1497
BFGS:   54 20:41:11    -1071.909127        5.2250
BFGS:   55 20:41:11    -1072.190398        5.1880
BFGS:   56 20:41:11    -1072.482097        4.9424
BFGS:   57 20:41:11    -1072.799270        4.4151
BFGS:   58 20:41:11    -1073.090396        3.5342
BFGS:   59 20:41:11    -1073.447150        3.3721
BFGS:   60 20:41:11    -1073.775927        3.7067
BFGS:   61 20:41:11    -1074.086506        4.0111
BFGS:   62 20:41:11    -1074.385895        4.3958
BFGS:   63 20:41:11    -1074.676438        4.7823
BFGS:   64 20:41:11    -1074.964186        5.1227
BFGS:   65 20:41:11    -1075.243616        5.4021
BFGS:   66 20:41:11    -1075.542238        5.5208
BFGS:   67 20:41:11    -1075.838003        6.3392
BFGS:   68 20:41:11    -1076.120413        7.0972
BFGS:   69 20:41:11    -1076.396792        7.7415
BFGS:   70 20:41:12    -1076.677925        8.2340
BFGS:   71 20:41:12    -1076.963684        8.4092
BFGS:   72 20:41:12    -1077.255610        8.2070
BFGS:   73 20:41:12    -1077.553258        7.6563
BFGS:   74 20:41:12    -1077.845464        6.7942
BFGS:   75 20:41:12    -1078.117973        5.6908
BFGS:   76 20:41:12    -1078.361731        4.4628
BFGS:   77 20:41:12    -1078.573495        4.6944
BFGS:   78 20:41:12    -1078.760324        4.1351
BFGS:   79 20:41:12    -1078.925269        4.6657
BFGS:   80 20:41:12    -1079.065590        5.0458
BFGS:   81 20:41:12    -1079.205372        5.2059
BFGS:   82 20:41:12    -1079.332223        5.2140
BFGS:   83 20:41:12    -1079.454272        3.5273
BFGS:   84 20:41:12    -1079.577676        3.4370
BFGS:   85 20:41:12    -1079.692703        3.8082
BFGS:   86 20:41:12    -1079.805919        4.0699
BFGS:   87 20:41:12    -1079.921006        4.2571
BFGS:   88 20:41:12    -1080.058243        4.3151
BFGS:   89 20:41:12    -1080.211875        4.6604
BFGS:   90 20:41:12    -1080.390116        4.9890
BFGS:   91 20:41:12    -1080.550930        5.3278
BFGS:   92 20:41:12    -1080.690492        6.3043
BFGS:   93 20:41:12    -1080.875807        6.0671
BFGS:   94 20:41:12    -1081.131457        4.6701
BFGS:   95 20:41:12    -1081.317607        3.8962
BFGS:   96 20:41:12    -1081.462592        3.2131
BFGS:   97 20:41:12    -1081.587419        2.6166
BFGS:   98 20:41:12    -1081.655457        3.4266
BFGS:   99 20:41:12    -1081.695325        2.7504
BFGS:  100 20:41:12    -1081.738900        2.4260
BFGS:  101 20:41:12    -1081.771540        2.4482
BFGS:  102 20:41:13    -1081.802971        2.5172
BFGS:  103 20:41:13    -1081.845202        2.5407
BFGS:  104 20:41:13    -1081.884400        2.3783
BFGS:  105 20:41:13    -1081.937675        2.7623
BFGS:  106 20:41:13    -1081.990841        3.7654
BFGS:  107 20:41:13    -1082.043376        4.1863
BFGS:  108 20:41:13    -1082.105340        4.7971
BFGS:  109 20:41:13    -1082.182955        5.0242
BFGS:  110 20:41:13    -1082.287172        4.9184
BFGS:  111 20:41:13    -1082.401368        5.5062
BFGS:  112 20:41:13    -1082.538723        6.2704
BFGS:  113 20:41:13    -1082.722997        5.9482
BFGS:  114 20:41:13    -1082.910697        5.5518
BFGS:  115 20:41:13    -1083.121085        5.2804
BFGS:  116 20:41:13    -1083.332081        5.0308
BFGS:  117 20:41:13    -1083.559692        4.3018
BFGS:  118 20:41:13    -1083.752066        2.7958
BFGS:  119 20:41:13    -1083.901032        2.2989
BFGS:  120 20:41:13    -1084.016646        2.3584
BFGS:  121 20:41:13    -1084.073146        2.8380
BFGS:  122 20:41:13    -1084.108238        3.1541
BFGS:  123 20:41:13    -1083.991348        4.1338
BFGS:  124 20:41:13    -1084.146072        2.9038
BFGS:  125 20:41:13    -1084.169176        2.3591
BFGS:  126 20:41:13    -1084.164052        3.0136
BFGS:  127 20:41:13    -1084.187269        2.2028
BFGS:  128 20:41:13    -1084.170840        2.5804
BFGS:  129 20:41:13    -1084.192944        1.7833
BFGS:  130 20:41:13    -1084.193370        2.4292
BFGS:  131 20:41:13    -1084.209117        1.5691
BFGS:  132 20:41:13    -1084.214885        1.4243
BFGS:  133 20:41:14    -1084.219228        1.9333
BFGS:  134 20:41:14    -1084.230513        1.5368
BFGS:  135 20:41:14    -1084.244955        1.0518
BFGS:  136 20:41:14    -1084.259580        1.1711
BFGS:  137 20:41:14    -1084.273814        2.3539
BFGS:  138 20:41:14    -1084.283723        1.4976
BFGS:  139 20:41:14    -1084.297224        3.0187
BFGS:  140 20:41:14    -1084.326977        2.7833
BFGS:  141 20:41:14    -1084.351171        2.2534
BFGS:  142 20:41:14    -1084.376986        2.6201
BFGS:  143 20:41:14    -1084.385951        1.6349
BFGS:  144 20:41:14    -1084.397314        1.7587
BFGS:  145 20:41:14    -1084.399378        1.3965
BFGS:  146 20:41:14    -1084.406976        1.4096
BFGS:  147 20:41:14    -1084.413724        1.3608
BFGS:  148 20:41:14    -1084.419870        1.2856
BFGS:  149 20:41:14    -1084.434458        1.7046
BFGS:  150 20:41:14    -1084.442970        1.5678
BFGS:  151 20:41:14    -1084.450677        1.5732
BFGS:  152 20:41:14    -1084.453680        1.6200
BFGS:  153 20:41:14    -1084.459425        1.6949
BFGS:  154 20:41:14    -1084.470832        1.6870
BFGS:  155 20:41:14    -1084.475221        1.6265
BFGS:  156 20:41:14    -1084.483098        1.5550
BFGS:  157 20:41:14    -1084.488993        1.5896
BFGS:  158 20:41:14    -1084.493719        1.5853
BFGS:  159 20:41:14    -1084.497975        1.5756
BFGS:  160 20:41:14    -1084.502424        1.5454
BFGS:  161 20:41:14    -1084.504868        1.2930
BFGS:  162 20:41:14    -1084.508137        1.3238
BFGS:  163 20:41:14    -1084.514154        1.6072
BFGS:  164 20:41:14    -1084.517345        1.6170
BFGS:  165 20:41:15    -1084.519797        1.3140
BFGS:  166 20:41:15    -1084.521914        1.4111
BFGS:  167 20:41:15    -1084.521170        1.6282
BFGS:  168 20:41:15    -1084.523506        1.4991
BFGS:  169 20:41:15    -1084.523914        1.5189
BFGS:  170 20:41:15    -1084.525128        1.4911
BFGS:  171 20:41:15    -1084.525803        1.3975
BFGS:  172 20:41:15    -1084.525561        1.4979
BFGS:  173 20:41:15    -1084.526330        2.5196
BFGS:  174 20:41:15    -1084.525741        1.5725
BFGS:  175 20:41:15    -1084.526657        1.2788
BFGS:  176 20:41:15    -1084.526411        1.5687
BFGS:  177 20:41:15    -1084.527513        1.4982
BFGS:  178 20:41:15    -1084.523482        1.6257
BFGS:  179 20:41:15    -1084.527265        1.6009
BFGS:  180 20:41:15    -1084.516684        2.6742
BFGS:  181 20:41:15    -1084.527547        1.5761
BFGS:  182 20:41:15    -1084.526820        1.5656
BFGS:  183 20:41:15    -1084.528614        1.2243
BFGS:  184 20:41:15    -1084.527664        1.6331
BFGS:  185 20:41:15    -1084.528904        1.6041
BFGS:  186 20:41:15    -1084.525220        1.5636
BFGS:  187 20:41:15    -1084.528785        1.3696
BFGS:  188 20:41:15    -1084.525599        2.5313
BFGS:  189 20:41:15    -1084.529786        1.2398
BFGS:  190 20:41:15    -1084.530152        1.2760
BFGS:  191 20:41:15    -1084.530227        1.6407
BFGS:  192 20:41:15    -1084.530595        1.6062
BFGS:  193 20:41:15    -1084.531273        1.5960
BFGS:  194 20:41:15    -1084.530731        1.2760
BFGS:  195 20:41:15    -1084.531598        1.2455
BFGS:  196 20:41:16    -1084.531579        1.7090
BFGS:  197 20:41:16    -1084.532676        1.2457
BFGS:  198 20:41:16    -1084.533022        1.2257
BFGS:  199 20:41:16    -1084.532334        1.6872
BFGS:  200 20:41:16    -1084.533532        1.6611
BFGS:  201 20:41:16    -1084.524717        1.4428
BFGS:  202 20:41:16    -1084.530960        1.2702
BFGS:  203 20:41:16    -1084.525396        2.3515
BFGS:  204 20:41:16    -1084.533526        1.2435
BFGS:  205 20:41:16    -1084.533414        1.6789
BFGS:  206 20:41:16    -1084.533919        1.2268
BFGS:  207 20:41:16    -1084.534008        1.6492
BFGS:  208 20:41:16    -1084.534203        1.6892
BFGS:  209 20:41:16    -1084.534489        1.2449
BFGS:  210 20:41:16    -1084.534406        1.4050
BFGS:  211 20:41:16    -1084.534833        1.4034
BFGS:  212 20:41:16    -1084.535734        2.3413
BFGS:  213 20:41:16    -1084.536148        1.2172
BFGS:  214 20:41:16    -1084.536953        1.2544
BFGS:  215 20:41:16    -1084.537582        1.4397
BFGS:  216 20:41:16    -1084.538363        1.4412
BFGS:  217 20:41:16    -1084.538659        1.2620
BFGS:  218 20:41:16    -1084.538996        1.2076
BFGS:  219 20:41:16    -1084.539292        1.6285
BFGS:  220 20:41:16    -1084.539638        1.6074
BFGS:  221 20:41:16    -1084.539799        1.4132
BFGS:  222 20:41:16    -1084.539892        1.2319
BFGS:  223 20:41:16    -1084.539930        1.6069
BFGS:  224 20:41:16    -1084.540030        1.5937
BFGS:  225 20:41:16    -1084.540082        1.2517
BFGS:  226 20:41:16    -1084.540113        1.6089
BFGS:  227 20:41:17    -1084.540150        1.2343
BFGS:  228 20:41:17    -1084.540144        1.4521
BFGS:  229 20:41:17    -1084.540216        1.6116
BFGS:  230 20:41:17    -1084.540070        1.5855
BFGS:  231 20:41:17    -1084.540259        1.5991
BFGS:  232 20:41:17    -1084.540324        1.2287
BFGS:  233 20:41:17    -1084.540234        1.5111
BFGS:  234 20:41:17    -1084.540274        1.6151
BFGS:  235 20:41:17    -1084.540283        1.6017
BFGS:  236 20:41:17    -1084.540255        1.2426
BFGS:  237 20:41:17    -1084.540419        1.6076
BFGS:  238 20:41:17    -1084.540441        1.2472
BFGS:  239 20:41:17    -1084.540318        2.3821
BFGS:  240 20:41:17    -1084.540401        1.4253
BFGS:  241 20:41:17    -1084.540189        1.5956
BFGS:  242 20:41:17    -1084.540325        1.6089
BFGS:  243 20:41:17    -1084.539065        1.5273
BFGS:  244 20:41:17    -1084.540332        1.4274
BFGS:  245 20:41:17    -1084.539496        1.5866
BFGS:  246 20:41:17    -1084.540005        1.6037
BFGS:  247 20:41:17    -1084.539261        1.4699
BFGS:  248 20:41:17    -1084.540421        1.6147
BFGS:  249 20:41:17    -1084.540271        1.2287
BFGS:  250 20:41:17    -1084.540387        1.2239
BFGS:  251 20:41:17    -1084.539493        1.5990
BFGS:  252 20:41:17    -1084.540116        1.6104
BFGS:  253 20:41:17    -1084.539142        1.4661
BFGS:  254 20:41:17    -1084.540450        1.2217
BFGS:  255 20:41:17    -1084.540426        1.6143
BFGS:  256 20:41:17    -1084.540481        1.2203
BFGS:  257 20:41:17    -1084.540466        1.4266
BFGS:  258 20:41:17    -1084.540473        1.6137
BFGS:  259 20:41:18    -1084.540486        1.6221
BFGS:  260 20:41:18    -1084.540482        1.5026
BFGS:  261 20:41:18    -1084.540491        1.2199
BFGS:  262 20:41:18    -1084.540506        1.2493
BFGS:  263 20:41:18    -1084.540514        1.2200
BFGS:  264 20:41:18    -1084.540507        1.6079
BFGS:  265 20:41:18    -1084.540527        1.6179
BFGS:  266 20:41:18    -1084.540514        1.2219
BFGS:  267 20:41:18    -1084.540530        1.2196
BFGS:  268 20:41:18    -1084.540517        1.6166
BFGS:  269 20:41:18    -1084.540532        1.6151
BFGS:  270 20:41:18    -1084.540525        1.2222
BFGS:  271 20:41:18    -1084.540534        1.2192
BFGS:  272 20:41:18    -1084.539664        2.3814
BFGS:  273 20:41:18    -1084.540388        1.6327
BFGS:  274 20:41:18    -1084.540075        1.2875
BFGS:  275 20:41:18    -1084.540324        1.2380
BFGS:  276 20:41:18    -1084.540014        1.6659
BFGS:  277 20:41:18    -1084.540506        1.2213
BFGS:  278 20:41:18    -1084.540415        1.6285
BFGS:  279 20:41:18    -1084.540543        1.6232
BFGS:  280 20:41:18    -1084.539926        1.2859
BFGS:  281 20:41:18    -1084.540187        1.2514
BFGS:  282 20:41:18    -1084.540187        1.6477
BFGS:  283 20:41:18    -1084.540402        1.2246
BFGS:  284 20:41:18    -1084.540524        1.2214
BFGS:  285 20:41:18    -1084.539598        2.3849
BFGS:  286 20:41:18    -1084.540269        1.6353
BFGS:  287 20:41:18    -1084.540148        1.2534
BFGS:  288 20:41:18    -1084.540366        1.2304
BFGS:  289 20:41:18    -1084.539918        1.6511
BFGS:  290 20:41:19    -1084.540518        1.6205
BFGS:  291 20:41:19    -1084.540372        1.2321
BFGS:  292 20:41:19    -1084.540487        1.2207
BFGS:  293 20:41:19    -1084.539648        1.6587
BFGS:  294 20:41:19    -1084.540324        1.6276
BFGS:  295 20:41:19    -1084.540101        1.2538
BFGS:  296 20:41:19    -1084.540328        1.2333
BFGS:  297 20:41:19    -1084.539958        1.6441
BFGS:  298 20:41:19    -1084.540527        1.2484
BFGS:  299 20:41:19    -1084.540519        1.6186
BFGS:  300 20:41:19    -1084.540538        1.6090
BFGS:  301 20:41:19    -1084.540543        1.6159
BFGS:  302 20:41:19    -1084.540463        1.4272
BFGS:  303 20:41:19    -1084.540530        1.2499
BFGS:  304 20:41:19    -1084.540521        1.6113
BFGS:  305 20:41:19    -1084.540539        1.2200
BFGS:  306 20:41:19    -1084.540547        1.2491
BFGS:  307 20:41:19    -1084.540543        1.6159
BFGS:  308 20:41:19    -1084.540550        1.6151
BFGS:  309 20:41:19    -1084.539948        2.4322
BFGS:  310 20:41:19    -1084.540362        1.4269
BFGS:  311 20:41:19    -1084.540172        1.6726
BFGS:  312 20:41:19    -1084.540540        1.2200
BFGS:  313 20:41:19    -1084.540458        1.6304
BFGS:  314 20:41:19    -1084.540526        1.6207
BFGS:  315 20:41:19    -1084.534821        2.5750
BFGS:  316 20:41:19    -1084.539005        2.4366
BFGS:  317 20:41:19    -1084.532774        2.2238
BFGS:  318 20:41:19    -1084.539244        1.7482
BFGS:  319 20:41:19    -1084.531368        2.6275
BFGS:  320 20:41:19    -1084.538795        2.4343
BFGS:  321 20:41:19    -1084.530317        2.3424
BFGS:  322 20:41:20    -1084.538828        1.7815
BFGS:  323 20:41:20    -1084.529126        2.6453
BFGS:  324 20:41:20    -1084.538504        2.4344
BFGS:  325 20:41:20    -1084.528216        2.4321
BFGS:  326 20:41:20    -1084.538519        1.8028
BFGS:  327 20:41:20    -1084.527100        2.6596
BFGS:  328 20:41:20    -1084.538219        2.4340
BFGS:  329 20:41:20    -1084.526280        2.5070
BFGS:  330 20:41:20    -1084.538242        1.8199
BFGS:  331 20:41:20    -1084.528859        2.6135
BFGS:  332 20:41:20    -1084.538573        2.4200
BFGS:  333 20:41:20    -1084.531235        2.2430
BFGS:  334 20:41:20    -1084.538862        1.7676
BFGS:  335 20:41:20    -1084.532705        2.5339
BFGS:  336 20:41:20    -1084.539195        1.4194
BFGS:  337 20:41:20    -1084.534959        2.0251
BFGS:  338 20:41:20    -1084.539783        1.6889
BFGS:  339 20:41:20    -1084.534202        2.4987
BFGS:  340 20:41:20    -1084.539048        1.4181
BFGS:  341 20:41:20    -1084.536200        1.9430
BFGS:  342 20:41:20    -1084.540106        1.6604
BFGS:  343 20:41:20    -1084.535025        2.4775
BFGS:  344 20:41:20    -1084.539029        1.4184
BFGS:  345 20:41:20    -1084.537057        1.8854
BFGS:  346 20:41:20    -1084.540311        1.6436
BFGS:  347 20:41:20    -1084.535489        2.4639
BFGS:  348 20:41:20    -1084.538998        1.4189
BFGS:  349 20:41:20    -1084.537560        1.8490
BFGS:  350 20:41:20    -1084.540388        1.6369
BFGS:  351 20:41:20    -1084.536040        2.4496
BFGS:  352 20:41:20    -1084.539063        1.4195
BFGS:  353 20:41:21    -1084.537950        1.8171
BFGS:  354 20:41:21    -1084.540478        1.6297
BFGS:  355 20:41:21    -1084.536428        2.4390
BFGS:  356 20:41:21    -1084.539092        1.4200
BFGS:  357 20:41:21    -1084.538231        1.7940
BFGS:  358 20:41:21    -1084.540468        1.2390
BFGS:  359 20:41:21    -1084.540057        1.6598
BFGS:  360 20:41:21    -1084.540435        1.6311
BFGS:  361 20:41:21    -1084.536874        2.4279
BFGS:  362 20:41:21    -1084.539203        1.3321
BFGS:  363 20:41:21    -1084.538379        1.7795
BFGS:  364 20:41:21    -1084.540470        1.2392
BFGS:  365 20:41:21    -1084.540081        1.6561
BFGS:  366 20:41:21    -1084.540441        1.6294
BFGS:  367 20:41:21    -1084.537172        2.4197
BFGS:  368 20:41:21    -1084.539260        1.3253
BFGS:  369 20:41:21    -1084.538498        1.7674
BFGS:  370 20:41:21    -1084.540472        1.2196
BFGS:  371 20:41:21    -1084.539870        1.6696
BFGS:  372 20:41:21    -1084.540311        1.6378
BFGS:  373 20:41:21    -1084.537513        2.4122
BFGS:  374 20:41:21    -1084.539398        1.3128
BFGS:  375 20:41:21    -1084.538435        1.7679
BFGS:  376 20:41:21    -1084.540451        1.6282
BFGS:  377 20:41:21    -1084.537542        2.4089
BFGS:  378 20:41:21    -1084.539325        1.3169
BFGS:  379 20:41:21    -1084.538630        1.7537
BFGS:  380 20:41:21    -1084.540466        1.2394
BFGS:  381 20:41:21    -1084.540125        1.6499
BFGS:  382 20:41:21    -1084.540456        1.6267
BFGS:  383 20:41:21    -1084.537667        1.4392
BFGS:  384 20:41:21    -1084.539247        1.4233
BFGS:  385 20:41:22    -1084.538670        1.7467
BFGS:  386 20:41:22    -1084.540448        1.2289
BFGS:  387 20:41:22    -1084.539934        1.6623
BFGS:  388 20:41:22    -1084.540355        1.6335
BFGS:  389 20:41:22    -1084.537794        1.4267
BFGS:  390 20:41:22    -1084.539339        1.3126
BFGS:  391 20:41:22    -1084.538621        1.7482
BFGS:  392 20:41:22    -1084.540474        1.2400
BFGS:  393 20:41:22    -1084.540106        1.6499
BFGS:  394 20:41:22    -1084.540435        1.6275
BFGS:  395 20:41:22    -1084.537785        1.4239
BFGS:  396 20:41:22    -1084.539302        1.3140
BFGS:  397 20:41:22    -1084.538726        1.7396
BFGS:  398 20:41:22    -1084.540454        1.2284
BFGS:  399 20:41:22    -1084.539943        1.6602
BFGS:  400 20:41:22    -1084.540353        1.6329
BFGS:  401 20:41:22    -1084.537892        1.4231
BFGS:  402 20:41:22    -1084.539380        1.3070
BFGS:  403 20:41:22    -1084.538675        1.7413
BFGS:  404 20:41:22    -1084.540480        1.2405
BFGS:  405 20:41:22    -1084.540108        1.6486
BFGS:  406 20:41:22    -1084.540428        1.6275
BFGS:  407 20:41:22    -1084.537864        1.4236
BFGS:  408 20:41:22    -1084.539338        1.4241
BFGS:  409 20:41:22    -1084.538742        1.7351
BFGS:  410 20:41:22    -1084.540473        1.2403
BFGS:  411 20:41:22    -1084.540142        1.6459
BFGS:  412 20:41:22    -1084.540455        1.6255
BFGS:  413 20:41:22    -1084.537852        1.4241
BFGS:  414 20:41:22    -1084.539323        1.4242
BFGS:  415 20:41:22    -1084.538778        1.7315
BFGS:  416 20:41:23    -1084.540462        1.2279
BFGS:  417 20:41:23    -1084.539947        1.6580
BFGS:  418 20:41:23    -1084.540345        1.6325
BFGS:  419 20:41:23    -1084.537951        1.4245
BFGS:  420 20:41:23    -1084.539412        1.3015
BFGS:  421 20:41:23    -1084.538698        1.7355
BFGS:  422 20:41:23    -1084.540488        1.2410
BFGS:  423 20:41:23    -1084.540104        1.6475
BFGS:  424 20:41:23    -1084.540414        1.6277
BFGS:  425 20:41:23    -1084.537902        1.4248
BFGS:  426 20:41:23    -1084.539363        1.4250
BFGS:  427 20:41:23    -1084.538741        1.7312
BFGS:  428 20:41:23    -1084.540483        1.2413
BFGS:  429 20:41:23    -1084.540130        1.6454
BFGS:  430 20:41:23    -1084.540435        1.6262
BFGS:  431 20:41:23    -1084.537871        1.4252
BFGS:  432 20:41:23    -1084.539343        1.4249
BFGS:  433 20:41:23    -1084.538758        1.7291
BFGS:  434 20:41:23    -1084.540479        1.2239
BFGS:  435 20:41:23    -1084.539922        1.6581
BFGS:  436 20:41:23    -1084.540318        1.6335
BFGS:  437 20:41:23    -1084.537961        1.4256
BFGS:  438 20:41:23    -1084.539434        1.2976
BFGS:  439 20:41:23    -1084.538653        1.7340
BFGS:  440 20:41:23    -1084.540484        1.2413
BFGS:  441 20:41:23    -1084.540131        1.6459
BFGS:  442 20:41:23    -1084.540432        1.6270
BFGS:  443 20:41:23    -1084.537668        2.3982
BFGS:  444 20:41:23    -1084.539393        1.4245
BFGS:  445 20:41:23    -1084.538645        1.7369
BFGS:  446 20:41:23    -1084.540467        1.6254
BFGS:  447 20:41:24    -1084.537682        2.3963
BFGS:  448 20:41:24    -1084.539365        1.3016
BFGS:  449 20:41:24    -1084.538716        1.7324
BFGS:  450 20:41:24    -1084.540475        1.2419
BFGS:  451 20:41:24    -1084.540140        1.6446
BFGS:  452 20:41:24    -1084.540446        1.6256
BFGS:  453 20:41:24    -1084.537717        1.4262
BFGS:  454 20:41:24    -1084.539277        1.4251
BFGS:  455 20:41:24    -1084.538679        1.7318
BFGS:  456 20:41:24    -1084.540475        1.2055
BFGS:  457 20:41:24    -1084.539897        1.6590
BFGS:  458 20:41:24    -1084.540310        1.6340
BFGS:  459 20:41:24    -1084.537803        1.4262
BFGS:  460 20:41:24    -1084.539376        1.3428
BFGS:  461 20:41:24    -1084.538521        1.7395
BFGS:  462 20:41:24    -1084.540426        1.6278
BFGS:  463 20:41:24    -1084.537670        1.4264
BFGS:  464 20:41:24    -1084.539271        1.4250
BFGS:  465 20:41:24    -1084.538616        1.7335
BFGS:  466 20:41:24    -1084.540470        1.2422
BFGS:  467 20:41:24    -1084.540114        1.6456
BFGS:  468 20:41:24    -1084.540430        1.6265
BFGS:  469 20:41:24    -1084.537636        1.4264
BFGS:  470 20:41:24    -1084.539257        1.4257
BFGS:  471 20:41:24    -1084.538605        1.7330
BFGS:  472 20:41:24    -1084.540455        1.2270
BFGS:  473 20:41:24    -1084.539906        1.6591
BFGS:  474 20:41:24    -1084.540325        1.6339
BFGS:  475 20:41:24    -1084.537520        2.3958
BFGS:  476 20:41:24    -1084.539378        1.2986
BFGS:  477 20:41:24    -1084.538418        1.7465
BFGS:  478 20:41:24    -1084.540410        1.6294
BFGS:  479 20:41:25    -1084.537500        1.4274
BFGS:  480 20:41:25    -1084.539210        1.4256
BFGS:  481 20:41:25    -1084.538491        1.7402
BFGS:  482 20:41:25    -1084.540466        1.2423
BFGS:  483 20:41:25    -1084.540083        1.6476
BFGS:  484 20:41:25    -1084.540412        1.6280
BFGS:  485 20:41:25    -1084.537450        2.3956
BFGS:  486 20:41:25    -1084.539306        1.3025
BFGS:  487 20:41:25    -1084.538495        1.7404
BFGS:  488 20:41:25    -1084.540477        1.2423
BFGS:  489 20:41:25    -1084.540070        1.6477
BFGS:  490 20:41:25    -1084.540390        1.6287
BFGS:  491 20:41:25    -1084.537488        1.4274
BFGS:  492 20:41:25    -1084.539219        1.4257
BFGS:  493 20:41:25    -1084.538457        1.7404
BFGS:  494 20:41:25    -1084.540477        1.6249
BFGS:  495 20:41:25    -1084.537369        1.4278
BFGS:  496 20:41:25    -1084.539132        1.4258
BFGS:  497 20:41:25    -1084.538515        1.7366
BFGS:  498 20:41:25    -1084.540449        1.2427
BFGS:  499 20:41:25    -1084.540134        1.6441
