      Step     Time          Energy         fmax
BFGS:    0 20:46:26     -875.515347      171.8332
BFGS:    1 20:46:26     -908.269661      107.4098
BFGS:    2 20:46:26     -917.765685      108.8213
BFGS:    3 20:46:26     -924.553165      106.6446
BFGS:    4 20:46:26     -931.308521      103.6996
BFGS:    5 20:46:26     -939.362913       99.1515
BFGS:    6 20:46:26     -947.963680       89.8830
BFGS:    7 20:46:27     -956.013083       87.2117
BFGS:    8 20:46:27     -964.561229       81.5514
BFGS:    9 20:46:27     -972.831222       78.3565
BFGS:   10 20:46:27     -979.982743       74.5691
BFGS:   11 20:46:27     -986.741467       68.5041
BFGS:   12 20:46:27     -993.263804       68.4731
BFGS:   13 20:46:27    -1000.448967       63.2957
BFGS:   14 20:46:27    -1007.017430       61.2530
BFGS:   15 20:46:27    -1012.459397       57.7315
BFGS:   16 20:46:27    -1017.583228       56.4703
BFGS:   17 20:46:27    -1022.159518       51.4194
BFGS:   18 20:46:27    -1026.371163       51.7828
BFGS:   19 20:46:27    -1030.077722       48.5725
BFGS:   20 20:46:27    -1033.899335       45.0062
BFGS:   21 20:46:27    -1037.466329       43.9117
BFGS:   22 20:46:27    -1040.857442       40.8078
BFGS:   23 20:46:27    -1043.957854       38.0685
BFGS:   24 20:46:27    -1046.808150       36.3279
BFGS:   25 20:46:27    -1049.429562       34.4886
BFGS:   26 20:46:27    -1052.000090       32.5609
BFGS:   27 20:46:27    -1054.638709       30.2634
BFGS:   28 20:46:27    -1057.037020       27.9735
BFGS:   29 20:46:27    -1059.174650       25.8299
BFGS:   30 20:46:27    -1061.225804       23.7957
BFGS:   31 20:46:27    -1063.193793       21.9994
BFGS:   32 20:46:27    -1065.287824       20.1036
BFGS:   33 20:46:27    -1067.499582       18.1267
BFGS:   34 20:46:27    -1069.302882       16.3322
BFGS:   35 20:46:28    -1070.864033       14.7463
BFGS:   36 20:46:28    -1072.209462       13.1972
BFGS:   37 20:46:28    -1073.527271       12.1894
BFGS:   38 20:46:28    -1074.824823       11.4987
BFGS:   39 20:46:28    -1076.164877       10.0067
BFGS:   40 20:46:28    -1077.156276        8.2932
BFGS:   41 20:46:28    -1078.005328        6.7055
BFGS:   42 20:46:28    -1078.697642        5.1495
BFGS:   43 20:46:28    -1079.259671        3.9018
BFGS:   44 20:46:28    -1079.682283        4.2407
BFGS:   45 20:46:28    -1080.023406        4.5904
BFGS:   46 20:46:28    -1080.320027        4.8679
BFGS:   47 20:46:28    -1080.597796        4.9188
BFGS:   48 20:46:28    -1080.869239        4.9195
BFGS:   49 20:46:28    -1081.131809        4.9815
BFGS:   50 20:46:28    -1081.393926        5.2114
BFGS:   51 20:46:28    -1081.652031        5.5328
BFGS:   52 20:46:28    -1081.912511        5.7533
BFGS:   53 20:46:28    -1082.169480        6.0052
BFGS:   54 20:46:28    -1082.428942        6.0173
BFGS:   55 20:46:28    -1082.686095        5.9490
BFGS:   56 20:46:28    -1082.948328        6.2032
BFGS:   57 20:46:28    -1083.215508        6.8020
BFGS:   58 20:46:28    -1083.494966        7.4105
BFGS:   59 20:46:28    -1083.812460        8.0991
BFGS:   60 20:46:28    -1084.140739        8.8766
BFGS:   61 20:46:28    -1084.474364        9.7409
BFGS:   62 20:46:28    -1084.807242       10.5470
BFGS:   63 20:46:28    -1085.140340       11.1836
BFGS:   64 20:46:29    -1085.470191       11.5485
BFGS:   65 20:46:29    -1085.806782       11.6016
BFGS:   66 20:46:29    -1086.157262       11.3036
BFGS:   67 20:46:29    -1086.540161       10.7856
BFGS:   68 20:46:29    -1086.967840       10.0995
BFGS:   69 20:46:29    -1087.428101        9.6630
BFGS:   70 20:46:29    -1087.901382       10.5163
BFGS:   71 20:46:29    -1088.386945       10.7183
BFGS:   72 20:46:29    -1088.843577       11.0306
BFGS:   73 20:46:29    -1089.325677       11.0704
BFGS:   74 20:46:29    -1089.816863       10.4011
BFGS:   75 20:46:29    -1090.354744        9.1534
BFGS:   76 20:46:29    -1090.935487        8.3568
BFGS:   77 20:46:29    -1091.437929        6.7934
BFGS:   78 20:46:29    -1091.888648        7.1168
BFGS:   79 20:46:29    -1092.301625        5.0581
BFGS:   80 20:46:29    -1092.666814        5.4870
BFGS:   81 20:46:29    -1092.948703        4.0401
BFGS:   82 20:46:29    -1093.182669        3.5328
BFGS:   83 20:46:29    -1093.403101        3.0414
BFGS:   84 20:46:29    -1093.607780        3.0930
BFGS:   85 20:46:29    -1093.832766        3.9973
BFGS:   86 20:46:29    -1094.057135        4.0567
BFGS:   87 20:46:29    -1094.253105        3.0480
BFGS:   88 20:46:29    -1094.399660        2.0435
BFGS:   89 20:46:29    -1094.484355        2.5340
BFGS:   90 20:46:29    -1094.616271        3.1083
BFGS:   91 20:46:29    -1094.770511        3.5362
BFGS:   92 20:46:29    -1094.920888        3.9019
BFGS:   93 20:46:29    -1095.129946        3.3373
BFGS:   94 20:46:29    -1095.323671        2.7005
BFGS:   95 20:46:29    -1095.499197        2.9485
BFGS:   96 20:46:29    -1095.675310        3.1530
BFGS:   97 20:46:29    -1095.835501        3.7041
BFGS:   98 20:46:30    -1096.008040        3.4161
BFGS:   99 20:46:30    -1096.173792        3.3508
BFGS:  100 20:46:30    -1096.370071        3.9881
BFGS:  101 20:46:30    -1096.566214        3.9410
BFGS:  102 20:46:30    -1096.746271        2.5459
BFGS:  103 20:46:30    -1096.860701        2.4321
BFGS:  104 20:46:30    -1096.995102        2.0397
BFGS:  105 20:46:30    -1097.151661        2.1485
BFGS:  106 20:46:30    -1097.305765        2.7029
BFGS:  107 20:46:30    -1097.397324        2.4696
BFGS:  108 20:46:30    -1097.499089        2.4806
BFGS:  109 20:46:30    -1097.563358        2.3591
BFGS:  110 20:46:30    -1097.633883        2.7624
BFGS:  111 20:46:30    -1097.730330        3.3827
BFGS:  112 20:46:30    -1097.820061        4.0184
BFGS:  113 20:46:30    -1097.911933        4.9185
BFGS:  114 20:46:30    -1098.032021        5.0093
BFGS:  115 20:46:30    -1098.235397        4.8974
BFGS:  116 20:46:30    -1098.430292        3.8591
BFGS:  117 20:46:30    -1098.630989        3.3488
BFGS:  118 20:46:30    -1098.831481        2.5589
BFGS:  119 20:46:30    -1098.975071        2.9286
BFGS:  120 20:46:30    -1099.203867        3.7546
BFGS:  121 20:46:30    -1099.398909        4.6427
BFGS:  122 20:46:30    -1099.603959        5.3884
BFGS:  123 20:46:30    -1099.801043        6.2913
BFGS:  124 20:46:30    -1100.013374        7.1672
BFGS:  125 20:46:30    -1100.188320        8.5375
BFGS:  126 20:46:30    -1100.457930        9.9157
BFGS:  127 20:46:30    -1100.703803       10.5417
BFGS:  128 20:46:30    -1100.943648       10.9664
BFGS:  129 20:46:30    -1101.170931       10.8365
BFGS:  130 20:46:30    -1101.398034       10.5458
BFGS:  131 20:46:30    -1101.647328       10.1972
BFGS:  132 20:46:31    -1101.924771        9.8595
BFGS:  133 20:46:31    -1102.211510        9.4324
BFGS:  134 20:46:31    -1102.514854        9.0499
BFGS:  135 20:46:31    -1102.808851        8.6307
BFGS:  136 20:46:31    -1103.152264        8.2683
BFGS:  137 20:46:31    -1103.492818        7.6045
BFGS:  138 20:46:31    -1103.913296        6.9475
BFGS:  139 20:46:31    -1104.328706        6.6508
BFGS:  140 20:46:31    -1104.815218        6.3580
BFGS:  141 20:46:31    -1105.268688        5.7985
BFGS:  142 20:46:31    -1105.774527        5.3943
BFGS:  143 20:46:31    -1106.221872        5.7621
BFGS:  144 20:46:31    -1106.665095        6.5304
BFGS:  145 20:46:31    -1107.059703        6.6365
BFGS:  146 20:46:31    -1107.428909        7.0401
BFGS:  147 20:46:31    -1107.804884        7.7755
BFGS:  148 20:46:31    -1108.176751        7.9970
BFGS:  149 20:46:31    -1108.506752        7.2964
BFGS:  150 20:46:31    -1108.830759        6.5862
BFGS:  151 20:46:31    -1109.183331        6.2384
BFGS:  152 20:46:31    -1109.486755        4.6877
BFGS:  153 20:46:31    -1109.783693        4.9089
BFGS:  154 20:46:31    -1109.898508        5.4910
BFGS:  155 20:46:31    -1110.067339        2.6947
BFGS:  156 20:46:31    -1110.156781        2.0454
BFGS:  157 20:46:31    -1110.217661        1.6280
BFGS:  158 20:46:31    -1110.260448        1.3648
BFGS:  159 20:46:31    -1110.283549        1.1640
BFGS:  160 20:46:31    -1110.296117        0.9731
BFGS:  161 20:46:31    -1110.307510        0.9349
BFGS:  162 20:46:31    -1110.327140        0.8521
BFGS:  163 20:46:31    -1110.341241        1.1474
BFGS:  164 20:46:31    -1110.355133        1.3966
BFGS:  165 20:46:31    -1110.370238        1.7373
BFGS:  166 20:46:31    -1110.396818        1.9763
BFGS:  167 20:46:32    -1110.429133        2.2183
BFGS:  168 20:46:32    -1110.471061        1.8519
BFGS:  169 20:46:32    -1110.527290        1.5657
BFGS:  170 20:46:32    -1110.553035        1.5773
BFGS:  171 20:46:32    -1110.589690        1.9944
BFGS:  172 20:46:32    -1110.645623        1.9133
BFGS:  173 20:46:32    -1110.694942        1.2880
BFGS:  174 20:46:32    -1110.712116        1.0049
BFGS:  175 20:46:32    -1110.725479        0.9089
BFGS:  176 20:46:32    -1110.737381        0.7037
BFGS:  177 20:46:32    -1110.745035        0.6144
BFGS:  178 20:46:32    -1110.750881        0.6149
BFGS:  179 20:46:32    -1110.755587        0.6536
BFGS:  180 20:46:32    -1110.760108        0.6312
BFGS:  181 20:46:32    -1110.764555        0.4989
BFGS:  182 20:46:32    -1110.767482        0.3421
BFGS:  183 20:46:32    -1110.769348        0.2752
BFGS:  184 20:46:32    -1110.770843        0.2911
BFGS:  185 20:46:32    -1110.772557        0.2997
BFGS:  186 20:46:32    -1110.774281        0.2432
BFGS:  187 20:46:32    -1110.775554        0.1859
BFGS:  188 20:46:32    -1110.776526        0.1532
BFGS:  189 20:46:32    -1110.777511        0.1709
BFGS:  190 20:46:32    -1110.778790        0.2112
BFGS:  191 20:46:32    -1110.780362        0.2294
BFGS:  192 20:46:32    -1110.781508        0.1883
BFGS:  193 20:46:32    -1110.782252        0.1767
BFGS:  194 20:46:32    -1110.782643        0.1537
BFGS:  195 20:46:32    -1110.782832        0.1149
BFGS:  196 20:46:32    -1110.782952        0.1160
BFGS:  197 20:46:32    -1110.783008        0.1159
BFGS:  198 20:46:32    -1110.783076        0.1063
BFGS:  199 20:46:32    -1110.783136        0.1028
BFGS:  200 20:46:32    -1110.783200        0.0920
