      Step     Time          Energy         fmax
BFGS:    0 20:45:24     -769.457752      262.7673
BFGS:    1 20:45:24     -817.441883      208.8045
BFGS:    2 20:45:24     -842.837025      199.2551
BFGS:    3 20:45:24     -861.887462      183.4382
BFGS:    4 20:45:24     -877.792117      167.9531
BFGS:    5 20:45:24     -891.560071      152.5769
BFGS:    6 20:45:24     -902.663620      142.9856
BFGS:    7 20:45:24     -914.477572      131.9445
BFGS:    8 20:45:24     -924.680090      121.5434
BFGS:    9 20:45:24     -933.096618      115.5547
BFGS:   10 20:45:24     -940.906023      107.1575
BFGS:   11 20:45:24     -948.693768      101.2897
BFGS:   12 20:45:24     -956.975049       94.8545
BFGS:   13 20:45:24     -964.758124       89.3817
BFGS:   14 20:45:24     -971.600951       83.4163
BFGS:   15 20:45:24     -977.830013       78.1314
BFGS:   16 20:45:24     -983.930735       72.1428
BFGS:   17 20:45:24     -989.833683       66.7661
BFGS:   18 20:45:24     -994.577016       62.6897
BFGS:   19 20:45:24     -999.772042       58.0186
BFGS:   20 20:45:24    -1004.669042       54.4368
BFGS:   21 20:45:24    -1009.353198       51.3385
BFGS:   22 20:45:25    -1013.776206       48.5581
BFGS:   23 20:45:25    -1017.963782       45.3386
BFGS:   24 20:45:25    -1023.264826       42.2719
BFGS:   25 20:45:25    -1028.285694       38.0950
BFGS:   26 20:45:25    -1032.418757       36.2886
BFGS:   27 20:45:25    -1036.240282       32.2115
BFGS:   28 20:45:25    -1039.779138       30.1018
BFGS:   29 20:45:25    -1043.032808       28.6786
BFGS:   30 20:45:25    -1046.028696       26.8044
BFGS:   31 20:45:25    -1048.625337       25.6323
BFGS:   32 20:45:25    -1051.131099       23.1682
BFGS:   33 20:45:25    -1053.515020       22.6024
BFGS:   34 20:45:25    -1055.654706       22.0701
BFGS:   35 20:45:25    -1057.648339       20.4341
BFGS:   36 20:45:25    -1059.626475       19.6443
BFGS:   37 20:45:25    -1061.460272       19.3465
BFGS:   38 20:45:25    -1063.113882       18.7221
BFGS:   39 20:45:25    -1064.479252       17.4939
BFGS:   40 20:45:25    -1065.659984       16.7103
BFGS:   41 20:45:25    -1066.727310       15.4108
BFGS:   42 20:45:25    -1067.692277       15.0404
BFGS:   43 20:45:25    -1068.594178       13.6420
BFGS:   44 20:45:25    -1069.420828       13.0357
BFGS:   45 20:45:25    -1070.190742       12.3202
BFGS:   46 20:45:25    -1070.927034       11.5826
BFGS:   47 20:45:25    -1071.636246       11.5765
BFGS:   48 20:45:25    -1072.352775       12.1890
BFGS:   49 20:45:26    -1073.117361       12.6688
BFGS:   50 20:45:26    -1073.908720       13.0613
BFGS:   51 20:45:26    -1074.714569       13.2125
BFGS:   52 20:45:26    -1075.519112       12.9515
BFGS:   53 20:45:26    -1076.342158       12.1145
BFGS:   54 20:45:26    -1077.197268       10.8943
BFGS:   55 20:45:26    -1077.832238        9.8759
BFGS:   56 20:45:26    -1078.379022        9.1313
BFGS:   57 20:45:26    -1078.972567        8.2981
BFGS:   58 20:45:26    -1079.775918        7.6181
BFGS:   59 20:45:26    -1080.537634        6.8178
BFGS:   60 20:45:26    -1081.216891        6.2978
BFGS:   61 20:45:26    -1081.747881        6.0110
BFGS:   62 20:45:26    -1082.182764        6.0587
BFGS:   63 20:45:26    -1082.593090        6.0471
BFGS:   64 20:45:26    -1083.000487        6.1332
BFGS:   65 20:45:26    -1083.414170        6.4750
BFGS:   66 20:45:26    -1083.827348        7.0785
BFGS:   67 20:45:26    -1084.218118        7.2592
BFGS:   68 20:45:26    -1084.560962        6.8713
BFGS:   69 20:45:26    -1084.842660        6.1634
BFGS:   70 20:45:26    -1085.089413        5.9440
BFGS:   71 20:45:26    -1085.316485        5.6336
BFGS:   72 20:45:26    -1085.542863        5.8502
BFGS:   73 20:45:26    -1085.768161        6.1234
BFGS:   74 20:45:26    -1085.983212        6.6238
BFGS:   75 20:45:26    -1086.196730        7.5369
BFGS:   76 20:45:26    -1086.549367        8.2045
BFGS:   77 20:45:27    -1086.954285        9.3351
BFGS:   78 20:45:27    -1087.450144        9.4986
BFGS:   79 20:45:27    -1087.947482        8.8873
BFGS:   80 20:45:27    -1088.432126        8.3755
BFGS:   81 20:45:27    -1088.930581        8.5273
BFGS:   82 20:45:27    -1089.384449        8.4158
BFGS:   83 20:45:27    -1089.823336        7.6147
BFGS:   84 20:45:27    -1090.189337        5.5523
BFGS:   85 20:45:27    -1090.492723        2.8696
BFGS:   86 20:45:27    -1090.667723        2.1900
BFGS:   87 20:45:27    -1090.934865        3.4329
BFGS:   88 20:45:27    -1091.118195        3.0417
BFGS:   89 20:45:27    -1091.246560        2.3853
BFGS:   90 20:45:27    -1091.337383        2.5712
BFGS:   91 20:45:27    -1091.397652        2.6199
BFGS:   92 20:45:27    -1091.479428        1.9412
BFGS:   93 20:45:27    -1091.542169        1.9069
BFGS:   94 20:45:27    -1091.631541        1.9784
BFGS:   95 20:45:27    -1091.706584        1.8362
BFGS:   96 20:45:27    -1091.760766        1.3479
BFGS:   97 20:45:27    -1091.802805        1.2124
BFGS:   98 20:45:27    -1091.824691        1.3320
BFGS:   99 20:45:27    -1091.853731        1.4231
BFGS:  100 20:45:27    -1091.913716        1.8422
BFGS:  101 20:45:27    -1091.963272        2.6623
BFGS:  102 20:45:27    -1092.012698        2.9499
BFGS:  103 20:45:27    -1092.074495        2.3226
BFGS:  104 20:45:27    -1092.113952        1.6764
BFGS:  105 20:45:27    -1092.150283        1.7236
BFGS:  106 20:45:28    -1092.203234        1.4634
BFGS:  107 20:45:28    -1092.244010        1.7113
BFGS:  108 20:45:28    -1092.275969        1.4982
BFGS:  109 20:45:28    -1092.305768        1.0409
BFGS:  110 20:45:28    -1092.327333        0.9035
BFGS:  111 20:45:28    -1092.348545        0.8211
BFGS:  112 20:45:28    -1092.368978        0.5795
BFGS:  113 20:45:28    -1092.382064        0.5813
BFGS:  114 20:45:28    -1092.391360        0.5904
BFGS:  115 20:45:28    -1092.397967        0.6702
BFGS:  116 20:45:28    -1092.405185        0.5389
BFGS:  117 20:45:28    -1092.415379        0.4468
BFGS:  118 20:45:28    -1092.428854        0.6993
BFGS:  119 20:45:28    -1092.456454        0.9421
BFGS:  120 20:45:28    -1092.487830        1.6316
BFGS:  121 20:45:28    -1092.507869        2.4711
BFGS:  122 20:45:28    -1092.557726        2.6862
BFGS:  123 20:45:28    -1092.678454        3.1266
BFGS:  124 20:45:28    -1092.791020        2.7169
BFGS:  125 20:45:28    -1092.873972        3.0826
BFGS:  126 20:45:28    -1093.030013        2.8052
BFGS:  127 20:45:28    -1093.169035        2.5229
BFGS:  128 20:45:28    -1093.293919        2.5814
BFGS:  129 20:45:28    -1093.449546        3.5785
BFGS:  130 20:45:28    -1093.619667        4.3161
BFGS:  131 20:45:28    -1093.800441        2.9809
BFGS:  132 20:45:28    -1093.933591        2.7481
BFGS:  133 20:45:28    -1093.984377        2.3900
BFGS:  134 20:45:28    -1094.046176        1.9088
BFGS:  135 20:45:29    -1094.125141        2.5875
BFGS:  136 20:45:29    -1094.177731        2.4806
BFGS:  137 20:45:29    -1094.263479        2.4723
BFGS:  138 20:45:29    -1094.327315        2.3059
BFGS:  139 20:45:29    -1094.366417        2.1203
BFGS:  140 20:45:29    -1094.407317        1.6731
BFGS:  141 20:45:29    -1094.440315        1.5247
BFGS:  142 20:45:29    -1094.471573        1.4759
BFGS:  143 20:45:29    -1094.499222        1.4547
BFGS:  144 20:45:29    -1094.528066        1.3782
BFGS:  145 20:45:29    -1094.567350        1.6226
BFGS:  146 20:45:29    -1094.614843        2.2413
BFGS:  147 20:45:29    -1094.668973        2.7666
BFGS:  148 20:45:29    -1094.718947        3.4791
BFGS:  149 20:45:29    -1094.761197        4.0464
BFGS:  150 20:45:29    -1094.834085        4.0750
BFGS:  151 20:45:29    -1094.945149        4.3418
BFGS:  152 20:45:29    -1095.044063        4.6560
BFGS:  153 20:45:29    -1095.148333        4.7233
BFGS:  154 20:45:29    -1095.267603        4.7859
BFGS:  155 20:45:29    -1095.406088        5.0051
BFGS:  156 20:45:29    -1095.560170        5.2604
BFGS:  157 20:45:29    -1095.770925        5.4525
BFGS:  158 20:45:29    -1095.986903        5.4496
BFGS:  159 20:45:29    -1096.315922        6.1205
BFGS:  160 20:45:29    -1096.632626        6.5617
BFGS:  161 20:45:29    -1096.942506        6.8150
BFGS:  162 20:45:29    -1097.162926        7.2822
BFGS:  163 20:45:29    -1097.354521        6.0888
BFGS:  164 20:45:30    -1097.607250        5.7172
BFGS:  165 20:45:30    -1097.867741        5.0406
BFGS:  166 20:45:30    -1098.126258        4.8221
BFGS:  167 20:45:30    -1098.371660        4.5244
BFGS:  168 20:45:30    -1098.611473        4.5538
BFGS:  169 20:45:30    -1098.825492        4.0041
BFGS:  170 20:45:30    -1098.964299        3.8720
BFGS:  171 20:45:30    -1099.048607        3.9424
BFGS:  172 20:45:30    -1099.110636        4.0890
BFGS:  173 20:45:30    -1099.193139        4.5579
BFGS:  174 20:45:30    -1099.283678        4.9058
BFGS:  175 20:45:30    -1099.385092        4.7589
BFGS:  176 20:45:30    -1099.504672        4.6930
BFGS:  177 20:45:30    -1099.627814        3.7978
BFGS:  178 20:45:30    -1099.754120        2.9917
BFGS:  179 20:45:30    -1099.849007        2.3233
BFGS:  180 20:45:30    -1099.943605        1.8152
BFGS:  181 20:45:30    -1100.019018        2.0183
BFGS:  182 20:45:30    -1100.088250        1.9270
BFGS:  183 20:45:30    -1100.155804        2.2059
BFGS:  184 20:45:30    -1100.213953        2.2978
BFGS:  185 20:45:30    -1100.282324        2.4367
BFGS:  186 20:45:30    -1100.347877        2.5330
BFGS:  187 20:45:30    -1100.431802        2.6179
BFGS:  188 20:45:30    -1100.516725        2.8894
BFGS:  189 20:45:30    -1100.615025        3.2409
BFGS:  190 20:45:30    -1100.701330        3.1202
BFGS:  191 20:45:30    -1100.818591        3.7712
BFGS:  192 20:45:30    -1100.948442        3.8151
BFGS:  193 20:45:30    -1101.030988        2.8013
BFGS:  194 20:45:31    -1101.107943        1.9198
BFGS:  195 20:45:31    -1101.150854        1.8262
BFGS:  196 20:45:31    -1101.177032        1.8307
BFGS:  197 20:45:31    -1101.198792        1.7470
BFGS:  198 20:45:31    -1101.212218        1.6982
BFGS:  199 20:45:31    -1101.220633        1.4568
BFGS:  200 20:45:31    -1101.225869        1.2799
BFGS:  201 20:45:31    -1101.229190        1.2457
BFGS:  202 20:45:31    -1101.231161        1.1752
BFGS:  203 20:45:31    -1101.232770        1.1355
BFGS:  204 20:45:31    -1101.234028        1.0751
BFGS:  205 20:45:31    -1101.235195        0.9972
BFGS:  206 20:45:31    -1101.236158        0.9224
BFGS:  207 20:45:31    -1101.237023        0.9527
BFGS:  208 20:45:31    -1101.237936        1.0104
BFGS:  209 20:45:31    -1101.239166        1.0766
BFGS:  210 20:45:31    -1101.240955        1.1138
BFGS:  211 20:45:31    -1101.243567        1.1052
BFGS:  212 20:45:31    -1101.247551        1.0130
BFGS:  213 20:45:31    -1101.253153        0.9210
BFGS:  214 20:45:31    -1101.258920        0.7359
BFGS:  215 20:45:31    -1101.266698        0.5266
BFGS:  216 20:45:31    -1101.274351        0.3986
BFGS:  217 20:45:31    -1101.279285        0.3770
BFGS:  218 20:45:31    -1101.282209        0.2945
BFGS:  219 20:45:31    -1101.283306        0.1450
BFGS:  220 20:45:31    -1101.283596        0.0692
