      Step     Time          Energy         fmax
BFGS:    0 20:42:21     -826.429986      183.1006
BFGS:    1 20:42:21     -866.565010      133.3989
BFGS:    2 20:42:21     -885.842547      130.5596
BFGS:    3 20:42:21     -905.011454      123.4864
BFGS:    4 20:42:21     -918.503906      115.0129
BFGS:    5 20:42:21     -928.643308      112.3237
BFGS:    6 20:42:21     -937.836105      107.6613
BFGS:    7 20:42:21     -947.595931      103.7445
BFGS:    8 20:42:21     -956.611105       97.4229
BFGS:    9 20:42:21     -965.172006       90.2706
BFGS:   10 20:42:21     -972.322046       85.7133
BFGS:   11 20:42:21     -979.258918       79.3976
BFGS:   12 20:42:21     -985.503127       74.5322
BFGS:   13 20:42:21     -991.387692       69.8549
BFGS:   14 20:42:21     -997.995956       68.4413
BFGS:   15 20:42:21    -1004.990288       65.8970
BFGS:   16 20:42:21    -1011.906124       61.9223
BFGS:   17 20:42:21    -1017.914391       60.0497
BFGS:   18 20:42:21    -1023.592684       55.9527
BFGS:   19 20:42:22    -1029.586981       52.9521
BFGS:   20 20:42:22    -1035.582428       48.4065
BFGS:   21 20:42:22    -1040.892684       45.6486
BFGS:   22 20:42:22    -1045.952834       42.6937
BFGS:   23 20:42:22    -1051.139735       38.1976
BFGS:   24 20:42:22    -1055.439746       33.8794
BFGS:   25 20:42:22    -1058.754178       30.6154
BFGS:   26 20:42:22    -1062.205264       26.6972
BFGS:   27 20:42:22    -1065.044238       23.5092
BFGS:   28 20:42:22    -1067.257083       20.8716
BFGS:   29 20:42:22    -1069.455701       18.9274
BFGS:   30 20:42:22    -1071.397835       16.3404
BFGS:   31 20:42:22    -1073.171107       13.8867
BFGS:   32 20:42:22    -1074.559010       11.7711
BFGS:   33 20:42:22    -1075.677329       10.0389
BFGS:   34 20:42:22    -1076.687870        8.4158
BFGS:   35 20:42:22    -1077.668468        7.1235
BFGS:   36 20:42:22    -1078.494518        7.0473
BFGS:   37 20:42:22    -1079.128814        4.9133
BFGS:   38 20:42:22    -1079.589378        4.4486
BFGS:   39 20:42:22    -1079.960985        4.6063
BFGS:   40 20:42:22    -1080.292513        5.1223
BFGS:   41 20:42:22    -1080.602387        5.4098
BFGS:   42 20:42:22    -1080.969800        6.0436
BFGS:   43 20:42:22    -1081.366845        7.0370
BFGS:   44 20:42:22    -1081.785752        8.1267
BFGS:   45 20:42:22    -1082.247652        8.9661
BFGS:   46 20:42:22    -1082.730026        9.8737
BFGS:   47 20:42:22    -1083.249860        9.6287
BFGS:   48 20:42:23    -1083.843404        8.8286
BFGS:   49 20:42:23    -1084.386589        7.7811
BFGS:   50 20:42:23    -1084.913470        7.3892
BFGS:   51 20:42:23    -1085.440342        6.8733
BFGS:   52 20:42:23    -1085.920570        5.8455
BFGS:   53 20:42:23    -1086.375406        5.6220
BFGS:   54 20:42:23    -1086.705307        5.8060
BFGS:   55 20:42:23    -1087.030015        6.2368
BFGS:   56 20:42:23    -1087.285710        5.7839
BFGS:   57 20:42:23    -1087.500490        5.0091
BFGS:   58 20:42:23    -1087.684710        5.0511
BFGS:   59 20:42:23    -1087.835417        4.6745
BFGS:   60 20:42:23    -1087.992240        4.3705
BFGS:   61 20:42:23    -1088.141145        3.7948
BFGS:   62 20:42:23    -1088.291182        3.7014
BFGS:   63 20:42:23    -1088.436616        3.5981
BFGS:   64 20:42:23    -1088.605215        4.1184
BFGS:   65 20:42:23    -1088.891903        4.8882
BFGS:   66 20:42:23    -1089.195474        5.7594
BFGS:   67 20:42:23    -1089.496787        6.0222
BFGS:   68 20:42:23    -1089.687514        6.7072
BFGS:   69 20:42:23    -1089.827905        6.4373
BFGS:   70 20:42:23    -1089.948495        5.9703
BFGS:   71 20:42:23    -1090.030881        7.0162
BFGS:   72 20:42:23    -1090.123531        6.8164
BFGS:   73 20:42:23    -1090.181313        5.3665
BFGS:   74 20:42:23    -1090.274065        5.7516
BFGS:   75 20:42:23    -1090.314508        6.4806
BFGS:   76 20:42:23    -1090.362307        5.8620
BFGS:   77 20:42:23    -1090.434067        4.7156
BFGS:   78 20:42:23    -1090.499294        4.0515
BFGS:   79 20:42:24    -1090.508133        4.0545
BFGS:   80 20:42:24    -1090.554048        3.8844
BFGS:   81 20:42:24    -1090.592653        4.1073
BFGS:   82 20:42:24    -1090.613484        4.0899
BFGS:   83 20:42:24    -1090.633045        3.9593
BFGS:   84 20:42:24    -1090.660057        4.1494
BFGS:   85 20:42:24    -1090.695061        3.9301
BFGS:   86 20:42:24    -1090.727696        3.6660
BFGS:   87 20:42:24    -1090.759735        3.3927
BFGS:   88 20:42:24    -1090.791552        3.1665
BFGS:   89 20:42:24    -1090.823113        3.0489
BFGS:   90 20:42:24    -1090.854310        2.9085
BFGS:   91 20:42:24    -1090.884930        2.7488
BFGS:   92 20:42:24    -1090.914849        2.5732
BFGS:   93 20:42:24    -1090.944124        2.5152
BFGS:   94 20:42:24    -1090.972880        2.4881
BFGS:   95 20:42:24    -1090.998993        2.0875
BFGS:   96 20:42:24    -1091.017038        2.0243
BFGS:   97 20:42:24    -1091.030674        2.3258
BFGS:   98 20:42:24    -1091.043787        1.8519
BFGS:   99 20:42:24    -1091.054278        2.1682
BFGS:  100 20:42:24    -1091.065447        2.0282
BFGS:  101 20:42:24    -1091.071087        1.9849
BFGS:  102 20:42:24    -1091.078184        1.9285
BFGS:  103 20:42:24    -1091.084134        2.2183
BFGS:  104 20:42:24    -1091.090981        2.2067
BFGS:  105 20:42:24    -1091.104552        1.7211
BFGS:  106 20:42:24    -1091.111682        1.6595
BFGS:  107 20:42:24    -1091.117398        2.2735
BFGS:  108 20:42:24    -1091.123915        1.6963
BFGS:  109 20:42:24    -1091.130204        1.7595
BFGS:  110 20:42:25    -1091.138675        2.1444
BFGS:  111 20:42:25    -1091.153749        2.1113
BFGS:  112 20:42:25    -1091.194094        2.3770
BFGS:  113 20:42:25    -1091.229761        2.3711
BFGS:  114 20:42:25    -1091.145667        2.1632
BFGS:  115 20:42:25    -1091.238553        2.1817
BFGS:  116 20:42:25    -1091.250717        2.0728
BFGS:  117 20:42:25    -1091.259424        2.1205
BFGS:  118 20:42:25    -1091.202910        2.3513
BFGS:  119 20:42:25    -1091.274164        2.8955
BFGS:  120 20:42:25    -1091.245746        2.2308
BFGS:  121 20:42:25    -1091.260163        2.1505
BFGS:  122 20:42:25    -1091.277538        2.8578
BFGS:  123 20:42:25    -1091.279772        1.5264
BFGS:  124 20:42:25    -1091.287498        1.5777
BFGS:  125 20:42:25    -1091.288479        2.8238
BFGS:  126 20:42:25    -1091.308786        1.6555
BFGS:  127 20:42:25    -1091.317015        1.6496
BFGS:  128 20:42:25    -1091.328067        2.9884
BFGS:  129 20:42:25    -1091.348759        1.5242
BFGS:  130 20:42:25    -1091.356198        1.3802
BFGS:  131 20:42:25    -1091.378475        1.0947
BFGS:  132 20:42:25    -1091.402998        2.7521
BFGS:  133 20:42:25    -1091.417568        2.7298
BFGS:  134 20:42:25    -1091.427619        2.6686
BFGS:  135 20:42:25    -1091.432706        2.6231
BFGS:  136 20:42:25    -1091.440093        2.5881
BFGS:  137 20:42:25    -1091.442478        1.0528
BFGS:  138 20:42:25    -1091.443864        1.0193
BFGS:  139 20:42:25    -1091.444801        0.9755
BFGS:  140 20:42:25    -1091.444747        2.7454
BFGS:  141 20:42:26    -1091.445964        2.7953
BFGS:  142 20:42:26    -1091.448012        0.7386
BFGS:  143 20:42:26    -1091.449657        0.7623
BFGS:  144 20:42:26    -1091.455798        0.8068
BFGS:  145 20:42:26    -1091.456973        0.8361
BFGS:  146 20:42:26    -1091.457594        0.8321
BFGS:  147 20:42:26    -1091.457938        2.8083
BFGS:  148 20:42:26    -1091.458252        0.7911
BFGS:  149 20:42:26    -1091.458389        0.8069
BFGS:  150 20:42:26    -1091.458438        2.8107
BFGS:  151 20:42:26    -1091.458473        0.8028
BFGS:  152 20:42:26    -1091.458490        0.7986
BFGS:  153 20:42:26    -1091.458426        2.8413
BFGS:  154 20:42:26    -1091.458527        0.7904
BFGS:  155 20:42:26    -1091.458519        2.8304
BFGS:  156 20:42:26    -1091.458540        2.8277
BFGS:  157 20:42:26    -1091.457851        0.8594
BFGS:  158 20:42:26    -1091.458309        0.8181
BFGS:  159 20:42:26    -1091.458515        0.7838
BFGS:  160 20:42:26    -1091.458535        0.7816
BFGS:  161 20:42:26    -1091.457665        2.8357
BFGS:  162 20:42:26    -1091.458606        2.8205
BFGS:  163 20:42:26    -1091.456449        0.8442
BFGS:  164 20:42:26    -1091.457521        0.8197
BFGS:  165 20:42:26    -1091.458546        0.7871
BFGS:  166 20:42:26    -1091.458167        2.8232
BFGS:  167 20:42:26    -1091.458732        0.8386
BFGS:  168 20:42:26    -1091.458877        0.8019
BFGS:  169 20:42:26    -1091.458959        2.8291
BFGS:  170 20:42:26    -1091.460064        2.9055
BFGS:  171 20:42:26    -1091.463922        2.8263
BFGS:  172 20:42:26    -1091.459490        1.0512
BFGS:  173 20:42:27    -1091.471293        2.9130
BFGS:  174 20:42:27    -1091.479322        2.8357
BFGS:  175 20:42:27    -1091.486342        2.7902
BFGS:  176 20:42:27    -1091.492913        2.7784
BFGS:  177 20:42:27    -1091.496244        2.8134
BFGS:  178 20:42:27    -1091.498993        2.9474
BFGS:  179 20:42:27    -1091.499731        2.9972
BFGS:  180 20:42:27    -1091.500079        0.5941
BFGS:  181 20:42:27    -1091.500412        2.9408
BFGS:  182 20:42:27    -1091.500697        0.6247
BFGS:  183 20:42:27    -1091.500772        0.6157
BFGS:  184 20:42:27    -1091.500788        0.6141
BFGS:  185 20:42:27    -1091.500794        0.6148
BFGS:  186 20:42:27    -1091.500801        0.6166
BFGS:  187 20:42:27    -1091.500807        0.6172
BFGS:  188 20:42:27    -1091.500678        2.9631
BFGS:  189 20:42:27    -1091.500800        2.9647
BFGS:  190 20:42:27    -1091.499977        0.5993
BFGS:  191 20:42:27    -1091.500551        0.6085
BFGS:  192 20:42:27    -1091.500783        0.6175
BFGS:  193 20:42:27    -1091.500710        2.9628
BFGS:  194 20:42:27    -1091.500805        0.6151
BFGS:  195 20:42:27    -1091.500811        0.6142
BFGS:  196 20:42:27    -1091.500779        2.9674
BFGS:  197 20:42:27    -1091.500808        2.9665
BFGS:  198 20:42:27    -1091.500422        0.6270
BFGS:  199 20:42:27    -1091.500670        0.6191
BFGS:  200 20:42:27    -1091.500773        0.6115
BFGS:  201 20:42:27    -1091.500793        0.6106
BFGS:  202 20:42:27    -1091.498275        2.9826
BFGS:  203 20:42:27    -1091.500466        2.9699
BFGS:  204 20:42:28    -1091.486424        0.7423
BFGS:  205 20:42:28    -1091.496175        0.6763
BFGS:  206 20:42:28    -1091.500298        0.6087
BFGS:  207 20:42:28    -1091.498410        2.9795
BFGS:  208 20:42:28    -1091.500670        2.9651
BFGS:  209 20:42:28    -1091.494544        0.6885
BFGS:  210 20:42:28    -1091.498496        0.6538
BFGS:  211 20:42:28    -1091.500027        0.6218
BFGS:  212 20:42:28    -1091.500376        0.6141
BFGS:  213 20:42:28    -1091.474719        3.0570
BFGS:  214 20:42:28    -1091.497746        2.9750
BFGS:  215 20:42:28    -1091.457973        1.0886
BFGS:  216 20:42:28    -1091.481433        0.8737
BFGS:  217 20:42:28    -1091.489026        2.9833
BFGS:  218 20:42:28    -1091.489484        0.7979
BFGS:  219 20:42:28    -1091.493052        0.7582
BFGS:  220 20:42:28    -1091.463155        3.0686
BFGS:  221 20:42:28    -1091.496121        0.7186
BFGS:  222 20:42:28    -1091.498096        0.6882
BFGS:  223 20:42:28    -1091.409862        3.3353
BFGS:  224 20:42:28    -1091.498242        2.9502
BFGS:  225 20:42:28    -1091.466559        1.1502
BFGS:  226 20:42:28    -1091.480979        0.9524
BFGS:  227 20:42:28    -1091.473766        3.0244
BFGS:  228 20:42:28    -1091.488645        0.8446
BFGS:  229 20:42:28    -1091.492965        0.7800
BFGS:  230 20:42:28    -1091.420228        3.3492
BFGS:  231 20:42:28    -1091.497597        0.7011
BFGS:  232 20:42:28    -1091.500596        0.6414
BFGS:  233 20:42:28    -1091.379827        3.6038
BFGS:  234 20:42:28    -1091.485562        3.0198
BFGS:  235 20:42:28    -1091.471972        1.1333
BFGS:  236 20:42:29    -1091.483764        0.9391
BFGS:  237 20:42:29    -1091.453840        3.1572
BFGS:  238 20:42:29    -1091.491112        0.8145
BFGS:  239 20:42:29    -1091.495457        0.7376
BFGS:  240 20:42:29    -1091.408340        3.4635
BFGS:  241 20:42:29    -1091.499713        0.6523
BFGS:  242 20:42:29    -1091.491788        2.9998
BFGS:  243 20:42:29    -1091.500256        0.6381
BFGS:  244 20:42:29    -1091.500674        0.6272
BFGS:  245 20:42:29    -1091.385492        3.7557
BFGS:  246 20:42:29    -1091.486513        3.0419
BFGS:  247 20:42:29    -1091.471777        1.1751
BFGS:  248 20:42:29    -1091.482959        0.9760
BFGS:  249 20:42:29    -1091.452843        3.2659
BFGS:  250 20:42:29    -1091.490698        0.8293
BFGS:  251 20:42:29    -1091.495329        0.7344
BFGS:  252 20:42:29    -1091.407494        3.5765
BFGS:  253 20:42:29    -1091.499685        0.6361
BFGS:  254 20:42:29    -1091.492072        3.0201
BFGS:  255 20:42:29    -1091.500218        0.6246
BFGS:  256 20:42:29    -1091.500638        0.6149
BFGS:  257 20:42:29    -1091.382949        3.7139
BFGS:  258 20:42:29    -1091.486142        3.0472
BFGS:  259 20:42:29    -1091.472949        1.1343
BFGS:  260 20:42:29    -1091.483720        0.9491
BFGS:  261 20:42:29    -1091.453313        3.2209
BFGS:  262 20:42:29    -1091.491165        0.8130
BFGS:  263 20:42:29    -1091.495623        0.7256
BFGS:  264 20:42:29    -1091.408483        3.5108
BFGS:  265 20:42:29    -1091.499909        0.6331
BFGS:  266 20:42:29    -1091.491054        3.0178
BFGS:  267 20:42:29    -1091.500432        0.6211
BFGS:  268 20:42:30    -1091.500594        2.9671
BFGS:  269 20:42:30    -1091.500510        0.6193
BFGS:  270 20:42:30    -1091.500571        0.6178
BFGS:  271 20:42:30    -1091.464154        3.2313
BFGS:  272 20:42:30    -1091.496676        2.9942
BFGS:  273 20:42:30    -1091.463450        1.5386
BFGS:  274 20:42:30    -1091.479987        1.0560
BFGS:  275 20:42:30    -1091.459401        3.3157
BFGS:  276 20:42:30    -1091.489697        0.8054
BFGS:  277 20:42:30    -1091.494461        0.7330
BFGS:  278 20:42:30    -1091.444932        3.4017
BFGS:  279 20:42:30    -1091.497591        0.6743
BFGS:  280 20:42:30    -1091.499574        0.6303
BFGS:  281 20:42:30    -1091.422012        3.5097
BFGS:  282 20:42:30    -1091.495553        3.0126
BFGS:  283 20:42:30    -1091.468855        1.0993
BFGS:  284 20:42:30    -1091.480779        0.9516
BFGS:  285 20:42:30    -1091.461090        3.2395
BFGS:  286 20:42:30    -1091.488949        0.8344
BFGS:  287 20:42:30    -1091.493733        0.7548
BFGS:  288 20:42:30    -1091.412433        3.5609
BFGS:  289 20:42:30    -1091.498150        0.6683
BFGS:  290 20:42:30    -1091.499374        2.9839
BFGS:  291 20:42:30    -1091.498698        0.6586
BFGS:  292 20:42:30    -1091.499129        0.6501
BFGS:  293 20:42:30    -1091.390642        3.5735
BFGS:  294 20:42:30    -1091.491979        3.0130
BFGS:  295 20:42:30    -1091.470591        1.1479
BFGS:  296 20:42:30    -1091.482403        0.9629
BFGS:  297 20:42:30    -1091.457218        3.1695
BFGS:  298 20:42:30    -1091.490361        0.8259
BFGS:  299 20:42:30    -1091.494952        0.7415
BFGS:  300 20:42:31    -1091.410924        3.4375
BFGS:  301 20:42:31    -1091.499419        0.6523
BFGS:  302 20:42:31    -1091.493000        2.9983
BFGS:  303 20:42:31    -1091.499963        0.6393
BFGS:  304 20:42:31    -1091.500396        0.6292
BFGS:  305 20:42:31    -1091.383342        3.6948
BFGS:  306 20:42:31    -1091.486935        3.0374
BFGS:  307 20:42:31    -1091.472912        1.1340
BFGS:  308 20:42:31    -1091.483464        0.9548
BFGS:  309 20:42:31    -1091.454402        3.2223
BFGS:  310 20:42:31    -1091.490902        0.8203
BFGS:  311 20:42:31    -1091.495403        0.7323
BFGS:  312 20:42:31    -1091.408914        3.5189
BFGS:  313 20:42:31    -1091.499753        0.6380
BFGS:  314 20:42:31    -1091.491743        3.0153
BFGS:  315 20:42:31    -1091.500281        0.6258
BFGS:  316 20:42:31    -1091.500700        0.6160
BFGS:  317 20:42:31    -1091.381724        3.7213
BFGS:  318 20:42:31    -1091.485854        3.0476
BFGS:  319 20:42:31    -1091.473423        1.1190
BFGS:  320 20:42:31    -1091.483757        0.9456
BFGS:  321 20:42:31    -1091.453708        3.2304
BFGS:  322 20:42:31    -1091.491077        0.8143
BFGS:  323 20:42:31    -1091.495534        0.7272
BFGS:  324 20:42:31    -1091.408197        3.5313
BFGS:  325 20:42:31    -1091.499840        0.6333
BFGS:  326 20:42:31    -1091.491410        3.0194
BFGS:  327 20:42:31    -1091.500361        0.6215
BFGS:  328 20:42:31    -1091.500775        0.6120
BFGS:  329 20:42:31    -1091.381199        3.7120
BFGS:  330 20:42:31    -1091.485508        3.0498
BFGS:  331 20:42:32    -1091.473624        1.1052
BFGS:  332 20:42:32    -1091.483867        0.9365
BFGS:  333 20:42:32    -1091.453463        3.2257
BFGS:  334 20:42:32    -1091.491139        0.8093
BFGS:  335 20:42:32    -1091.495577        0.7248
BFGS:  336 20:42:32    -1091.407986        3.5204
BFGS:  337 20:42:32    -1091.499875        0.6331
BFGS:  338 20:42:32    -1091.491248        3.0186
BFGS:  339 20:42:32    -1091.500395        0.6214
BFGS:  340 20:42:32    -1091.500781        2.9666
BFGS:  341 20:42:32    -1091.500469        0.6201
BFGS:  342 20:42:32    -1091.500530        0.6188
BFGS:  343 20:42:32    -1091.426684        3.4559
BFGS:  344 20:42:32    -1091.492413        3.0156
BFGS:  345 20:42:32    -1091.470386        1.0244
BFGS:  346 20:42:32    -1091.481953        0.9042
BFGS:  347 20:42:32    -1091.460612        3.2286
BFGS:  348 20:42:32    -1091.489955        0.8066
BFGS:  349 20:42:32    -1091.494609        0.7360
BFGS:  350 20:42:32    -1091.410730        3.6159
BFGS:  351 20:42:32    -1091.498746        0.6558
BFGS:  352 20:42:32    -1091.497894        2.9919
BFGS:  353 20:42:32    -1091.499237        0.6466
BFGS:  354 20:42:32    -1091.499625        0.6387
BFGS:  355 20:42:32    -1091.384662        3.7077
BFGS:  356 20:42:32    -1091.490973        3.0249
BFGS:  357 20:42:32    -1091.471442        1.1018
BFGS:  358 20:42:32    -1091.482325        0.9440
BFGS:  359 20:42:32    -1091.457754        3.2100
BFGS:  360 20:42:32    -1091.490005        0.8237
BFGS:  361 20:42:32    -1091.494639        0.7427
BFGS:  362 20:42:32    -1091.410823        3.5167
BFGS:  363 20:42:33    -1091.499063        0.6535
BFGS:  364 20:42:33    -1091.495044        2.9997
BFGS:  365 20:42:33    -1091.499603        0.6416
BFGS:  366 20:42:33    -1091.500033        0.6322
BFGS:  367 20:42:33    -1091.385382        3.6588
BFGS:  368 20:42:33    -1091.488634        3.0317
BFGS:  369 20:42:33    -1091.472547        1.1177
BFGS:  370 20:42:33    -1091.483198        0.9467
BFGS:  371 20:42:33    -1091.455951        3.1980
BFGS:  372 20:42:33    -1091.490672        0.8197
BFGS:  373 20:42:33    -1091.495178        0.7363
BFGS:  374 20:42:33    -1091.409879        3.4894
BFGS:  375 20:42:33    -1091.499573        0.6448
BFGS:  376 20:42:33    -1091.492548        3.0081
BFGS:  377 20:42:33    -1091.500106        0.6320
BFGS:  378 20:42:33    -1091.500530        0.6221
BFGS:  379 20:42:33    -1091.382443        3.6864
BFGS:  380 20:42:33    -1091.486366        3.0425
BFGS:  381 20:42:33    -1091.473229        1.1217
BFGS:  382 20:42:33    -1091.483711        0.9459
BFGS:  383 20:42:33    -1091.453822        3.2156
BFGS:  384 20:42:33    -1091.491083        0.8153
BFGS:  385 20:42:33    -1091.495540        0.7294
BFGS:  386 20:42:33    -1091.408030        3.5114
BFGS:  387 20:42:33    -1091.499871        0.6357
BFGS:  388 20:42:33    -1091.491190        3.0175
BFGS:  389 20:42:33    -1091.500392        0.6231
BFGS:  390 20:42:33    -1091.500784        2.9657
BFGS:  391 20:42:33    -1091.500467        0.6213
BFGS:  392 20:42:33    -1091.500527        0.6199
BFGS:  393 20:42:33    -1091.414478        3.5662
BFGS:  394 20:42:33    -1091.491022        3.0248
BFGS:  395 20:42:34    -1091.471684        1.0709
BFGS:  396 20:42:34    -1091.482503        0.9295
BFGS:  397 20:42:34    -1091.460103        3.2349
BFGS:  398 20:42:34    -1091.490133        0.8187
BFGS:  399 20:42:34    -1091.494707        0.7402
BFGS:  400 20:42:34    -1091.412181        3.6238
BFGS:  401 20:42:34    -1091.498880        0.6524
BFGS:  402 20:42:34    -1091.497039        2.9990
BFGS:  403 20:42:34    -1091.499382        0.6417
BFGS:  404 20:42:34    -1091.499779        0.6329
BFGS:  405 20:42:34    -1091.384801        3.7510
BFGS:  406 20:42:34    -1091.490409        3.0320
BFGS:  407 20:42:34    -1091.472061        1.1080
BFGS:  408 20:42:34    -1091.482524        0.9469
BFGS:  409 20:42:34    -1091.458294        3.2221
BFGS:  410 20:42:34    -1091.490033        0.8250
BFGS:  411 20:42:34    -1091.494636        0.7419
BFGS:  412 20:42:34    -1091.411702        3.5410
BFGS:  413 20:42:34    -1091.499052        0.6501
BFGS:  414 20:42:34    -1091.495188        3.0039
BFGS:  415 20:42:34    -1091.499592        0.6381
BFGS:  416 20:42:34    -1091.500022        0.6287
BFGS:  417 20:42:34    -1091.385268        3.6687
BFGS:  418 20:42:34    -1091.488750        3.0341
BFGS:  419 20:42:34    -1091.472571        1.1115
BFGS:  420 20:42:34    -1091.483177        0.9424
BFGS:  421 20:42:34    -1091.456176        3.1992
BFGS:  422 20:42:34    -1091.490638        0.8177
BFGS:  423 20:42:34    -1091.495146        0.7353
BFGS:  424 20:42:34    -1091.409913        3.4931
BFGS:  425 20:42:34    -1091.499543        0.6441
BFGS:  426 20:42:34    -1091.492731        3.0087
BFGS:  427 20:42:35    -1091.500075        0.6312
BFGS:  428 20:42:35    -1091.500500        0.6213
BFGS:  429 20:42:35    -1091.382334        3.6795
BFGS:  430 20:42:35    -1091.486479        3.0425
BFGS:  431 20:42:35    -1091.473213        1.1160
BFGS:  432 20:42:35    -1091.483701        0.9415
BFGS:  433 20:42:35    -1091.453920        3.2116
BFGS:  434 20:42:35    -1091.491071        0.8131
BFGS:  435 20:42:35    -1091.495524        0.7289
BFGS:  436 20:42:35    -1091.407957        3.5024
BFGS:  437 20:42:35    -1091.499861        0.6366
BFGS:  438 20:42:35    -1091.491227        3.0163
BFGS:  439 20:42:35    -1091.500382        0.6238
BFGS:  440 20:42:35    -1091.500798        0.6140
BFGS:  441 20:42:35    -1091.380946        3.6960
BFGS:  442 20:42:35    -1091.485238        3.0488
BFGS:  443 20:42:35    -1091.473770        1.1062
BFGS:  444 20:42:35    -1091.484027        0.9349
BFGS:  445 20:42:35    -1091.453197        3.2175
BFGS:  446 20:42:35    -1091.491271        0.8089
BFGS:  447 20:42:35    -1091.495678        0.7255
BFGS:  448 20:42:35    -1091.407465        3.5118
BFGS:  449 20:42:35    -1091.499967        0.6335
BFGS:  450 20:42:35    -1091.490804        3.0193
BFGS:  451 20:42:35    -1091.500482        0.6208
BFGS:  452 20:42:35    -1091.500367        2.9680
BFGS:  453 20:42:35    -1091.500555        0.6190
BFGS:  454 20:42:35    -1091.500615        0.6176
BFGS:  455 20:42:35    -1091.405558        3.6155
BFGS:  456 20:42:35    -1091.489759        3.0308
BFGS:  457 20:42:35    -1091.472154        1.0545
BFGS:  458 20:42:35    -1091.482762        0.9164
BFGS:  459 20:42:36    -1091.458588        3.2312
BFGS:  460 20:42:36    -1091.490320        0.8105
BFGS:  461 20:42:36    -1091.494895        0.7351
BFGS:  462 20:42:36    -1091.411085        3.6002
BFGS:  463 20:42:36    -1091.499089        0.6497
BFGS:  464 20:42:36    -1091.495980        3.0014
BFGS:  465 20:42:36    -1091.499593        0.6388
BFGS:  466 20:42:36    -1091.499991        0.6298
BFGS:  467 20:42:36    -1091.383662        3.7735
BFGS:  468 20:42:36    -1091.489836        3.0342
BFGS:  469 20:42:36    -1091.472407        1.0901
BFGS:  470 20:42:36    -1091.482698        0.9362
BFGS:  471 20:42:36    -1091.458375        3.2261
BFGS:  472 20:42:36    -1091.490126        0.8200
BFGS:  473 20:42:36    -1091.494696        0.7399
BFGS:  474 20:42:36    -1091.411671        3.5513
BFGS:  475 20:42:36    -1091.499044        0.6508
BFGS:  476 20:42:36    -1091.495466        3.0025
BFGS:  477 20:42:36    -1091.499574        0.6392
BFGS:  478 20:42:36    -1091.499996        0.6300
BFGS:  479 20:42:36    -1091.384959        3.6933
BFGS:  480 20:42:36    -1091.489117        3.0335
BFGS:  481 20:42:36    -1091.472640        1.1035
BFGS:  482 20:42:36    -1091.483059        0.9401
BFGS:  483 20:42:36    -1091.457008        3.2037
BFGS:  484 20:42:36    -1091.490464        0.8193
BFGS:  485 20:42:36    -1091.494981        0.7384
BFGS:  486 20:42:36    -1091.410689        3.5059
BFGS:  487 20:42:36    -1091.499372        0.6477
BFGS:  488 20:42:36    -1091.493635        3.0061
BFGS:  489 20:42:36    -1091.499906        0.6347
BFGS:  490 20:42:37    -1091.500331        0.6248
BFGS:  491 20:42:37    -1091.383202        3.6869
BFGS:  492 20:42:37    -1091.487305        3.0401
BFGS:  493 20:42:37    -1091.473031        1.1183
BFGS:  494 20:42:37    -1091.483500        0.9442
BFGS:  495 20:42:37    -1091.454919        3.2117
BFGS:  496 20:42:37    -1091.490888        0.8162
BFGS:  497 20:42:37    -1091.495362        0.7321
BFGS:  498 20:42:37    -1091.408761        3.5044
BFGS:  499 20:42:37    -1091.499725        0.6396
