      Step     Time          Energy         fmax
BFGS:    0 20:39:40    -1036.640188       54.7301
BFGS:    1 20:39:40    -1047.047590       49.8873
BFGS:    2 20:39:41    -1055.833355       44.9949
BFGS:    3 20:39:41    -1062.066961       39.4370
BFGS:    4 20:39:41    -1067.551578       32.5699
BFGS:    5 20:39:41    -1072.335522       23.8275
BFGS:    6 20:39:41    -1074.867333        9.9510
BFGS:    7 20:39:41    -1076.003192        6.1425
BFGS:    8 20:39:41    -1076.872885        2.9513
BFGS:    9 20:39:41    -1077.395180        2.0510
BFGS:   10 20:39:41    -1077.770235        1.5877
BFGS:   11 20:39:41    -1078.043656        1.3802
BFGS:   12 20:39:41    -1078.251278        1.4120
BFGS:   13 20:39:41    -1078.403697        1.1557
BFGS:   14 20:39:41    -1078.538227        1.1222
BFGS:   15 20:39:41    -1078.663869        1.1144
BFGS:   16 20:39:41    -1078.767995        1.1131
BFGS:   17 20:39:41    -1078.849312        1.6336
BFGS:   18 20:39:41    -1078.929725        1.7950
BFGS:   19 20:39:41    -1079.009773        1.6353
BFGS:   20 20:39:41    -1079.087651        1.1781
BFGS:   21 20:39:41    -1079.162827        1.0674
BFGS:   22 20:39:41    -1079.244071        0.8478
BFGS:   23 20:39:41    -1079.316148        0.9242
BFGS:   24 20:39:41    -1079.369240        0.7961
BFGS:   25 20:39:41    -1079.445413        0.9640
BFGS:   26 20:39:42    -1079.509944        1.0235
BFGS:   27 20:39:42    -1079.565031        0.9664
BFGS:   28 20:39:42    -1079.622845        0.8614
BFGS:   29 20:39:42    -1079.681157        0.8194
BFGS:   30 20:39:42    -1079.741808        0.8277
BFGS:   31 20:39:42    -1079.802581        0.8377
BFGS:   32 20:39:42    -1079.867066        0.8361
BFGS:   33 20:39:42    -1079.932074        1.0080
BFGS:   34 20:39:42    -1080.000686        1.1536
BFGS:   35 20:39:42    -1080.052882        1.0179
BFGS:   36 20:39:42    -1080.093276        0.7352
BFGS:   37 20:39:42    -1080.129466        0.6470
BFGS:   38 20:39:42    -1080.161003        0.6954
BFGS:   39 20:39:42    -1080.191863        0.6686
BFGS:   40 20:39:42    -1080.223221        0.9041
BFGS:   41 20:39:42    -1080.260751        1.1348
BFGS:   42 20:39:42    -1080.300926        1.3351
BFGS:   43 20:39:42    -1080.347617        1.3893
BFGS:   44 20:39:42    -1080.409063        1.2887
BFGS:   45 20:39:42    -1080.483710        1.3903
BFGS:   46 20:39:42    -1080.558655        1.3459
BFGS:   47 20:39:42    -1080.618988        1.3267
BFGS:   48 20:39:42    -1080.645416        1.1268
BFGS:   49 20:39:43    -1080.674165        0.8810
BFGS:   50 20:39:43    -1080.698061        0.5977
BFGS:   51 20:39:43    -1080.719511        0.4738
BFGS:   52 20:39:43    -1080.733591        0.3096
BFGS:   53 20:39:43    -1080.747388        0.3686
BFGS:   54 20:39:43    -1080.761541        0.3180
BFGS:   55 20:39:43    -1080.772459        0.3142
BFGS:   56 20:39:43    -1080.782164        0.2969
BFGS:   57 20:39:43    -1080.795257        0.3696
BFGS:   58 20:39:43    -1080.812823        0.4553
BFGS:   59 20:39:43    -1080.829086        0.4548
BFGS:   60 20:39:43    -1080.845816        0.4480
BFGS:   61 20:39:43    -1080.864144        0.5072
BFGS:   62 20:39:43    -1080.886355        0.6063
BFGS:   63 20:39:43    -1080.916447        0.6810
BFGS:   64 20:39:43    -1080.957468        0.7784
BFGS:   65 20:39:43    -1081.009357        0.8113
BFGS:   66 20:39:43    -1081.063095        0.7888
BFGS:   67 20:39:43    -1081.124733        0.7808
BFGS:   68 20:39:43    -1081.169843        0.8190
BFGS:   69 20:39:43    -1081.230590        0.7273
BFGS:   70 20:39:43    -1081.268385        0.7202
BFGS:   71 20:39:43    -1081.314156        0.6870
BFGS:   72 20:39:43    -1081.358157        0.7894
BFGS:   73 20:39:44    -1081.396463        0.8127
BFGS:   74 20:39:44    -1081.429590        0.8647
BFGS:   75 20:39:44    -1081.459286        0.8149
BFGS:   76 20:39:44    -1081.485685        0.7778
BFGS:   77 20:39:44    -1081.510579        0.7872
BFGS:   78 20:39:44    -1081.537662        0.7847
BFGS:   79 20:39:44    -1081.562615        0.6276
BFGS:   80 20:39:44    -1081.592234        0.7498
BFGS:   81 20:39:44    -1081.622591        0.8097
BFGS:   82 20:39:44    -1081.657524        0.9095
BFGS:   83 20:39:44    -1081.686375        0.9915
BFGS:   84 20:39:44    -1081.712027        0.9913
BFGS:   85 20:39:44    -1081.739941        0.9792
BFGS:   86 20:39:44    -1081.770258        0.8851
BFGS:   87 20:39:44    -1081.807137        0.8816
BFGS:   88 20:39:44    -1081.840848        1.0228
BFGS:   89 20:39:44    -1081.880847        1.1216
BFGS:   90 20:39:44    -1081.923606        1.1564
BFGS:   91 20:39:44    -1082.000339        0.8855
BFGS:   92 20:39:44    -1082.061933        0.9729
BFGS:   93 20:39:44    -1082.128651        0.8256
BFGS:   94 20:39:44    -1082.176041        0.7707
BFGS:   95 20:39:44    -1082.231313        0.7875
BFGS:   96 20:39:44    -1082.286681        0.6132
BFGS:   97 20:39:45    -1082.341180        0.5532
BFGS:   98 20:39:45    -1082.381595        0.5829
BFGS:   99 20:39:45    -1082.410240        1.0256
BFGS:  100 20:39:45    -1082.443238        0.7027
BFGS:  101 20:39:45    -1082.469561        0.4763
BFGS:  102 20:39:45    -1082.478948        0.3712
BFGS:  103 20:39:45    -1082.485768        0.2556
BFGS:  104 20:39:45    -1082.497420        0.5917
BFGS:  105 20:39:45    -1082.507126        0.5286
BFGS:  106 20:39:45    -1082.517401        0.3032
BFGS:  107 20:39:45    -1082.533534        0.3011
BFGS:  108 20:39:45    -1082.550507        0.5348
BFGS:  109 20:39:45    -1082.571710        0.7587
BFGS:  110 20:39:45    -1082.593039        1.1529
BFGS:  111 20:39:45    -1082.671075        1.4004
BFGS:  112 20:39:45    -1082.729085        1.2129
BFGS:  113 20:39:45    -1082.778038        1.1286
BFGS:  114 20:39:45    -1082.818022        0.8652
BFGS:  115 20:39:45    -1082.862055        0.9583
BFGS:  116 20:39:45    -1082.881260        0.6640
BFGS:  117 20:39:45    -1082.898409        0.4466
BFGS:  118 20:39:45    -1082.908515        0.4708
BFGS:  119 20:39:45    -1082.918388        0.4464
BFGS:  120 20:39:45    -1082.935620        0.4236
BFGS:  121 20:39:46    -1082.946739        0.3604
BFGS:  122 20:39:46    -1082.957796        0.4567
BFGS:  123 20:39:46    -1082.967429        0.4294
BFGS:  124 20:39:46    -1082.980857        0.5192
BFGS:  125 20:39:46    -1082.997455        0.4874
BFGS:  126 20:39:46    -1083.007752        0.4698
BFGS:  127 20:39:46    -1083.015677        0.4261
BFGS:  128 20:39:46    -1083.020243        0.2138
BFGS:  129 20:39:46    -1083.023723        0.1966
BFGS:  130 20:39:46    -1083.026673        0.1635
BFGS:  131 20:39:46    -1083.030030        0.1582
BFGS:  132 20:39:46    -1083.031886        0.1683
BFGS:  133 20:39:46    -1083.033724        0.1435
BFGS:  134 20:39:46    -1083.035168        0.1133
BFGS:  135 20:39:46    -1083.036412        0.0826
