      Step     Time          Energy         fmax
BFGS:    0 20:51:14     -783.489422      185.2751
BFGS:    1 20:51:14     -817.141010      162.8261
BFGS:    2 20:51:14     -847.570790      153.2423
BFGS:    3 20:51:14     -876.218260      144.2179
BFGS:    4 20:51:14     -898.051870      132.4800
BFGS:    5 20:51:14     -915.947923      128.3856
BFGS:    6 20:51:14     -933.166139      115.8248
BFGS:    7 20:51:14     -948.625399      103.9607
BFGS:    8 20:51:14     -964.115041       97.9621
BFGS:    9 20:51:14     -976.310469       87.9592
BFGS:   10 20:51:14     -987.647201       82.6382
BFGS:   11 20:51:14     -995.453197       77.3554
BFGS:   12 20:51:14    -1002.817065       70.4726
BFGS:   13 20:51:14    -1010.529887       59.2474
BFGS:   14 20:51:14    -1019.033662       51.8293
BFGS:   15 20:51:14    -1026.993804       49.4052
BFGS:   16 20:51:14    -1033.364551       39.0588
BFGS:   17 20:51:14    -1038.296562       40.5979
BFGS:   18 20:51:14    -1042.229683       33.8773
BFGS:   19 20:51:14    -1045.660171       37.9248
BFGS:   20 20:51:15    -1048.820849       38.1168
BFGS:   21 20:51:15    -1051.540675       39.4135
BFGS:   22 20:51:15    -1054.121056       38.9880
BFGS:   23 20:51:15    -1056.236581       38.0568
BFGS:   24 20:51:15    -1058.364154       35.4971
BFGS:   25 20:51:15    -1060.097970       31.8695
BFGS:   26 20:51:15    -1061.796926       23.5288
BFGS:   27 20:51:15    -1063.090714       19.9903
BFGS:   28 20:51:15    -1064.124760       16.3301
BFGS:   29 20:51:15    -1065.156577       12.4934
BFGS:   30 20:51:15    -1065.987266       11.3966
BFGS:   31 20:51:15    -1066.659510       10.2397
BFGS:   32 20:51:15    -1067.291326       10.7827
BFGS:   33 20:51:15    -1067.881276       11.5124
BFGS:   34 20:51:15    -1068.522601       11.2245
BFGS:   35 20:51:15    -1069.183718       11.1207
BFGS:   36 20:51:15    -1069.884121       11.0080
BFGS:   37 20:51:15    -1070.632404       10.7371
BFGS:   38 20:51:15    -1071.341766        9.1104
BFGS:   39 20:51:15    -1071.985938        8.7358
BFGS:   40 20:51:15    -1072.527316        7.5856
BFGS:   41 20:51:15    -1073.000153        7.4871
BFGS:   42 20:51:15    -1073.454303        7.4387
BFGS:   43 20:51:15    -1073.890941        7.6379
BFGS:   44 20:51:15    -1074.413619        8.8923
BFGS:   45 20:51:15    -1074.990458        9.5015
BFGS:   46 20:51:15    -1075.608114        9.3781
BFGS:   47 20:51:15    -1076.272617        8.6010
BFGS:   48 20:51:15    -1076.930574        8.9655
BFGS:   49 20:51:15    -1077.577016        8.5812
BFGS:   50 20:51:16    -1078.205868        8.1966
BFGS:   51 20:51:16    -1078.853144        7.8064
BFGS:   52 20:51:16    -1079.535994        7.9206
BFGS:   53 20:51:16    -1080.135568        8.2901
BFGS:   54 20:51:16    -1080.648562        8.7987
BFGS:   55 20:51:16    -1081.149511        8.8216
BFGS:   56 20:51:16    -1081.635149        8.9020
BFGS:   57 20:51:16    -1082.125204        8.6066
BFGS:   58 20:51:16    -1082.608430        7.6097
BFGS:   59 20:51:16    -1083.013796        6.8324
BFGS:   60 20:51:16    -1083.394582        5.8940
BFGS:   61 20:51:16    -1083.763569        5.4838
BFGS:   62 20:51:16    -1084.110784        4.6057
BFGS:   63 20:51:16    -1084.424880        4.7424
BFGS:   64 20:51:16    -1084.728885        4.9317
BFGS:   65 20:51:16    -1084.928295        5.1457
BFGS:   66 20:51:16    -1085.134856        4.8175
BFGS:   67 20:51:16    -1085.358369        5.1037
BFGS:   68 20:51:16    -1085.607789        5.2248
BFGS:   69 20:51:16    -1085.881052        4.7194
BFGS:   70 20:51:16    -1086.186413        4.7547
BFGS:   71 20:51:16    -1086.468464        4.3277
BFGS:   72 20:51:16    -1086.691033        3.6751
BFGS:   73 20:51:16    -1086.855066        5.0669
BFGS:   74 20:51:16    -1086.943419        5.4660
BFGS:   75 20:51:16    -1087.033107        4.4421
BFGS:   76 20:51:16    -1087.123616        3.4008
BFGS:   77 20:51:16    -1087.254511        3.9174
BFGS:   78 20:51:16    -1087.339347        4.4854
BFGS:   79 20:51:16    -1087.448788        3.7952
BFGS:   80 20:51:16    -1087.533625        2.4487
BFGS:   81 20:51:16    -1087.573060        1.5434
BFGS:   82 20:51:17    -1087.599683        1.4933
BFGS:   83 20:51:17    -1087.634746        1.2771
BFGS:   84 20:51:17    -1087.657465        1.4125
BFGS:   85 20:51:17    -1087.677827        1.3098
BFGS:   86 20:51:17    -1087.701510        1.0338
BFGS:   87 20:51:17    -1087.723931        1.0824
BFGS:   88 20:51:17    -1087.742892        1.2198
BFGS:   89 20:51:17    -1087.770417        1.4936
BFGS:   90 20:51:17    -1087.834242        2.8171
BFGS:   91 20:51:17    -1087.971671        3.3927
BFGS:   92 20:51:17    -1088.159532        3.1085
BFGS:   93 20:51:17    -1088.293839        4.0410
BFGS:   94 20:51:17    -1088.455103        3.4815
BFGS:   95 20:51:17    -1088.504445        3.3979
BFGS:   96 20:51:17    -1088.598587        2.6614
BFGS:   97 20:51:17    -1088.645323        2.2897
BFGS:   98 20:51:17    -1088.680799        1.6579
BFGS:   99 20:51:17    -1088.723569        1.1087
BFGS:  100 20:51:17    -1088.745784        1.0555
BFGS:  101 20:51:17    -1088.756213        1.0065
BFGS:  102 20:51:17    -1088.763091        1.0636
BFGS:  103 20:51:17    -1088.767292        1.2002
BFGS:  104 20:51:17    -1088.774734        1.3814
BFGS:  105 20:51:17    -1088.783338        1.4020
BFGS:  106 20:51:17    -1088.797193        1.2256
BFGS:  107 20:51:17    -1088.808450        1.0085
BFGS:  108 20:51:17    -1088.815223        0.9368
BFGS:  109 20:51:17    -1088.818491        0.9353
BFGS:  110 20:51:17    -1088.820603        0.6245
BFGS:  111 20:51:17    -1088.823680        0.5611
BFGS:  112 20:51:17    -1088.829044        0.8639
BFGS:  113 20:51:17    -1088.832365        0.7897
BFGS:  114 20:51:17    -1088.840787        0.6162
BFGS:  115 20:51:18    -1088.843196        0.6395
BFGS:  116 20:51:18    -1088.848021        0.5967
BFGS:  117 20:51:18    -1088.851273        0.5646
BFGS:  118 20:51:18    -1088.852811        0.4385
BFGS:  119 20:51:18    -1088.853779        0.3581
BFGS:  120 20:51:18    -1088.854486        0.3323
BFGS:  121 20:51:18    -1088.855228        0.5361
BFGS:  122 20:51:18    -1088.856077        0.4236
BFGS:  123 20:51:18    -1088.856348        0.4658
BFGS:  124 20:51:18    -1088.857203        0.3820
BFGS:  125 20:51:18    -1088.857925        0.6311
BFGS:  126 20:51:18    -1088.859301        0.5241
BFGS:  127 20:51:18    -1088.858953        0.5265
BFGS:  128 20:51:18    -1088.860322        0.3282
BFGS:  129 20:51:18    -1088.861166        0.1851
BFGS:  130 20:51:18    -1088.861145        0.6870
BFGS:  131 20:51:18    -1088.860880        0.2124
BFGS:  132 20:51:18    -1088.861861        0.1359
BFGS:  133 20:51:18    -1088.861938        0.1446
BFGS:  134 20:51:18    -1088.862070        0.6856
BFGS:  135 20:51:18    -1088.862171        0.1591
BFGS:  136 20:51:18    -1088.862229        0.1454
BFGS:  137 20:51:18    -1088.862334        0.1095
BFGS:  138 20:51:18    -1088.862367        0.1026
BFGS:  139 20:51:18    -1088.862391        0.6475
BFGS:  140 20:51:18    -1088.862434        0.1212
BFGS:  141 20:51:18    -1088.862463        0.1275
BFGS:  142 20:51:18    -1088.862545        0.1480
BFGS:  143 20:51:18    -1088.862579        0.6367
BFGS:  144 20:51:18    -1088.862623        0.1391
BFGS:  145 20:51:18    -1088.862660        0.1283
BFGS:  146 20:51:19    -1088.862704        0.0990
