      Step     Time          Energy         fmax
BFGS:    0 20:49:59     -730.875266      192.4039
BFGS:    1 20:49:59     -777.716494      170.6552
BFGS:    2 20:49:59     -806.560579      161.0296
BFGS:    3 20:49:59     -829.136247      155.8734
BFGS:    4 20:49:59     -852.771585      147.2848
BFGS:    5 20:49:59     -877.707747      142.8762
BFGS:    6 20:49:59     -904.258497      129.1743
BFGS:    7 20:49:59     -926.261908      125.4558
BFGS:    8 20:49:59     -942.588880      108.2750
BFGS:    9 20:49:59     -956.084767      100.6889
BFGS:   10 20:49:59     -967.618024       89.8717
BFGS:   11 20:49:59     -975.996007       85.8386
BFGS:   12 20:49:59     -984.758877       77.7503
BFGS:   13 20:49:59     -992.341237       70.6442
BFGS:   14 20:49:59     -998.728504       60.2793
BFGS:   15 20:49:59    -1003.923806       57.6238
BFGS:   16 20:49:59    -1007.648544       52.8634
BFGS:   17 20:49:59    -1010.920115       45.8840
BFGS:   18 20:49:59    -1014.019220       46.3154
BFGS:   19 20:49:59    -1017.081507       40.5716
BFGS:   20 20:50:00    -1020.062458       36.6149
BFGS:   21 20:50:00    -1022.623268       34.6754
BFGS:   22 20:50:00    -1025.045561       32.3785
BFGS:   23 20:50:00    -1027.403759       31.9702
BFGS:   24 20:50:00    -1029.649445       30.6373
BFGS:   25 20:50:00    -1031.905206       30.4931
BFGS:   26 20:50:00    -1034.186119       30.5679
BFGS:   27 20:50:00    -1036.412737       29.5935
BFGS:   28 20:50:00    -1038.503931       29.6389
BFGS:   29 20:50:00    -1040.584958       28.7962
BFGS:   30 20:50:00    -1042.568819       29.2077
BFGS:   31 20:50:00    -1044.537304       28.4250
BFGS:   32 20:50:00    -1046.487533       28.6773
BFGS:   33 20:50:00    -1048.460890       27.4893
BFGS:   34 20:50:00    -1050.408776       27.3442
BFGS:   35 20:50:00    -1052.236728       26.6930
BFGS:   36 20:50:00    -1054.010374       25.4537
BFGS:   37 20:50:00    -1055.848143       24.1260
BFGS:   38 20:50:00    -1057.724322       22.7348
BFGS:   39 20:50:00    -1059.447037       20.9243
BFGS:   40 20:50:00    -1061.444326       18.6592
BFGS:   41 20:50:00    -1063.496948       16.5036
BFGS:   42 20:50:00    -1065.676837       16.5268
BFGS:   43 20:50:00    -1067.794526       15.3316
BFGS:   44 20:50:00    -1069.879798       13.0426
BFGS:   45 20:50:00    -1071.640135       13.1641
BFGS:   46 20:50:00    -1073.334488       14.7021
BFGS:   47 20:50:01    -1074.876980       14.8766
BFGS:   48 20:50:01    -1076.432301       15.4772
BFGS:   49 20:50:01    -1077.840638       15.1249
BFGS:   50 20:50:01    -1079.109605       14.3724
BFGS:   51 20:50:01    -1080.195437       13.1428
BFGS:   52 20:50:01    -1081.138376       11.5127
BFGS:   53 20:50:01    -1082.110680        9.9306
BFGS:   54 20:50:01    -1083.033999        9.4776
BFGS:   55 20:50:01    -1083.845868        9.3404
BFGS:   56 20:50:01    -1084.578091        9.4423
BFGS:   57 20:50:01    -1085.165868        9.5673
BFGS:   58 20:50:01    -1085.668112       10.5493
BFGS:   59 20:50:01    -1086.230700       10.6134
BFGS:   60 20:50:01    -1086.864421       10.4694
BFGS:   61 20:50:01    -1087.651903        9.8062
BFGS:   62 20:50:01    -1088.442421        9.8473
BFGS:   63 20:50:01    -1089.233091       10.1583
BFGS:   64 20:50:01    -1089.974184        9.7563
BFGS:   65 20:50:01    -1090.720611        7.2326
BFGS:   66 20:50:01    -1091.337501        6.0529
BFGS:   67 20:50:01    -1091.871010        4.4617
BFGS:   68 20:50:01    -1092.341449        3.7520
BFGS:   69 20:50:01    -1092.585568        3.4312
BFGS:   70 20:50:01    -1092.827167        4.1688
BFGS:   71 20:50:01    -1093.047972        4.6697
BFGS:   72 20:50:01    -1093.259161        4.8173
BFGS:   73 20:50:01    -1093.480952        4.8312
BFGS:   74 20:50:01    -1093.670445        5.5011
BFGS:   75 20:50:01    -1093.910837        6.0195
BFGS:   76 20:50:01    -1094.148405        6.3034
BFGS:   77 20:50:01    -1094.401832        6.7066
BFGS:   78 20:50:01    -1094.745314        6.4779
BFGS:   79 20:50:01    -1095.249188        5.0991
BFGS:   80 20:50:02    -1095.640443        4.5982
BFGS:   81 20:50:02    -1095.853372        4.7268
BFGS:   82 20:50:02    -1095.981006        5.3147
BFGS:   83 20:50:02    -1096.090965        6.0049
BFGS:   84 20:50:02    -1096.214870        6.3326
BFGS:   85 20:50:02    -1096.400234        6.1594
BFGS:   86 20:50:02    -1096.593803        5.9115
BFGS:   87 20:50:02    -1096.743621        7.4705
BFGS:   88 20:50:02    -1096.910922        7.0459
BFGS:   89 20:50:02    -1097.163939        7.9478
BFGS:   90 20:50:02    -1097.456884        7.5630
BFGS:   91 20:50:02    -1097.763521        6.4547
BFGS:   92 20:50:02    -1098.091814        4.5805
BFGS:   93 20:50:02    -1098.371554        5.0712
BFGS:   94 20:50:02    -1098.540866        4.6588
BFGS:   95 20:50:02    -1098.715605        4.5442
BFGS:   96 20:50:02    -1098.847290        3.3755
BFGS:   97 20:50:02    -1098.937600        3.1749
BFGS:   98 20:50:02    -1099.008443        3.0131
BFGS:   99 20:50:02    -1099.034724        3.1303
BFGS:  100 20:50:02    -1099.058760        3.2371
BFGS:  101 20:50:02    -1099.093265        3.4654
BFGS:  102 20:50:02    -1099.129733        3.6596
BFGS:  103 20:50:02    -1099.168814        3.6040
BFGS:  104 20:50:02    -1099.198670        3.5100
BFGS:  105 20:50:02    -1099.223859        3.4281
BFGS:  106 20:50:02    -1099.243354        3.2217
BFGS:  107 20:50:02    -1099.267795        2.7651
BFGS:  108 20:50:02    -1099.292139        2.6825
BFGS:  109 20:50:02    -1099.318016        2.9546
BFGS:  110 20:50:02    -1099.340977        3.1576
BFGS:  111 20:50:02    -1099.375102        3.3385
BFGS:  112 20:50:03    -1099.422997        3.2293
BFGS:  113 20:50:03    -1099.478401        3.5205
BFGS:  114 20:50:03    -1099.507189        3.3707
BFGS:  115 20:50:03    -1099.536061        3.0880
BFGS:  116 20:50:03    -1099.551695        2.7006
BFGS:  117 20:50:03    -1099.571060        2.5625
BFGS:  118 20:50:03    -1099.591557        2.7069
BFGS:  119 20:50:03    -1099.604349        2.8224
BFGS:  120 20:50:03    -1099.614236        2.8670
BFGS:  121 20:50:03    -1099.621334        2.8313
BFGS:  122 20:50:03    -1099.629792        2.6643
BFGS:  123 20:50:03    -1099.636444        2.4736
BFGS:  124 20:50:03    -1099.642352        2.4656
BFGS:  125 20:50:03    -1099.647179        2.4811
BFGS:  126 20:50:03    -1099.652508        2.4916
BFGS:  127 20:50:03    -1099.657008        2.3979
BFGS:  128 20:50:03    -1099.661371        2.3111
BFGS:  129 20:50:03    -1099.664833        2.2132
BFGS:  130 20:50:03    -1099.669515        2.1037
BFGS:  131 20:50:03    -1099.672886        2.0237
BFGS:  132 20:50:03    -1099.677011        1.9505
BFGS:  133 20:50:03    -1099.679728        1.9356
BFGS:  134 20:50:03    -1099.683313        1.8918
BFGS:  135 20:50:03    -1099.686576        1.8664
BFGS:  136 20:50:03    -1099.689965        1.8035
BFGS:  137 20:50:03    -1099.692833        1.7456
BFGS:  138 20:50:03    -1099.696164        1.7197
BFGS:  139 20:50:03    -1099.701230        1.7456
BFGS:  140 20:50:03    -1099.709438        1.7325
BFGS:  141 20:50:03    -1099.720847        1.7136
BFGS:  142 20:50:03    -1099.732564        1.6019
BFGS:  143 20:50:03    -1099.743884        1.7652
BFGS:  144 20:50:03    -1099.756242        1.9167
BFGS:  145 20:50:04    -1099.771973        1.9628
BFGS:  146 20:50:04    -1099.791551        1.8456
BFGS:  147 20:50:04    -1099.813695        1.5638
BFGS:  148 20:50:04    -1099.834668        1.3953
BFGS:  149 20:50:04    -1099.851746        1.4324
BFGS:  150 20:50:04    -1099.871572        1.4018
BFGS:  151 20:50:04    -1099.883400        1.3665
BFGS:  152 20:50:04    -1099.902822        1.2693
BFGS:  153 20:50:04    -1099.917613        1.0235
BFGS:  154 20:50:04    -1099.922229        0.9380
BFGS:  155 20:50:04    -1099.924697        0.8570
BFGS:  156 20:50:04    -1099.926786        0.8823
BFGS:  157 20:50:04    -1099.929145        0.8935
BFGS:  158 20:50:04    -1099.931497        0.8721
BFGS:  159 20:50:04    -1099.933527        0.8993
BFGS:  160 20:50:04    -1099.935544        0.9087
BFGS:  161 20:50:04    -1099.938475        0.8764
BFGS:  162 20:50:04    -1099.947161        0.9444
BFGS:  163 20:50:04    -1099.970177        1.3117
BFGS:  164 20:50:04    -1099.969727        1.7305
BFGS:  165 20:50:04    -1099.990210        1.4230
BFGS:  166 20:50:04    -1100.000817        1.2752
BFGS:  167 20:50:04    -1100.013435        0.9916
BFGS:  168 20:50:04    -1100.016451        0.8982
BFGS:  169 20:50:04    -1100.018150        0.7457
BFGS:  170 20:50:04    -1100.019646        0.6034
BFGS:  171 20:50:04    -1100.020110        0.5586
BFGS:  172 20:50:04    -1100.020482        0.5635
BFGS:  173 20:50:04    -1100.020663        0.5734
BFGS:  174 20:50:04    -1100.020764        0.5918
BFGS:  175 20:50:04    -1100.020839        0.5926
BFGS:  176 20:50:04    -1100.020892        0.5897
BFGS:  177 20:50:04    -1100.020936        0.5801
BFGS:  178 20:50:05    -1100.020964        0.5723
BFGS:  179 20:50:05    -1100.020982        0.5651
BFGS:  180 20:50:05    -1100.020992        0.5631
BFGS:  181 20:50:05    -1100.021000        0.5623
BFGS:  182 20:50:05    -1100.021005        0.5645
BFGS:  183 20:50:05    -1100.021010        0.5662
BFGS:  184 20:50:05    -1100.021013        0.5684
BFGS:  185 20:50:05    -1100.021016        0.5694
BFGS:  186 20:50:05    -1100.021019        0.5702
BFGS:  187 20:50:05    -1100.021021        0.5703
BFGS:  188 20:50:05    -1100.021023        0.5703
BFGS:  189 20:50:05    -1100.021025        0.5699
