      Step     Time          Energy         fmax
BFGS:    0 20:47:11     -880.889125      153.3206
BFGS:    1 20:47:11     -907.598204      128.9431
BFGS:    2 20:47:11     -924.319815      120.4385
BFGS:    3 20:47:11     -941.804260      108.7064
BFGS:    4 20:47:11     -956.243855      107.6312
BFGS:    5 20:47:11     -968.380848      103.5639
BFGS:    6 20:47:11     -980.072282      102.3385
BFGS:    7 20:47:11     -992.441912      100.2061
BFGS:    8 20:47:11    -1001.863992       95.7806
BFGS:    9 20:47:11    -1009.951198       90.4018
BFGS:   10 20:47:11    -1018.556856       83.0575
BFGS:   11 20:47:11    -1026.190813       74.2840
BFGS:   12 20:47:11    -1032.510114       67.8520
BFGS:   13 20:47:11    -1037.921408       60.4290
BFGS:   14 20:47:11    -1042.545271       54.8840
BFGS:   15 20:47:11    -1047.194394       46.9999
BFGS:   16 20:47:11    -1050.868084       41.2652
BFGS:   17 20:47:11    -1053.997603       36.4752
BFGS:   18 20:47:11    -1057.328888       30.5519
BFGS:   19 20:47:11    -1060.448720       25.4807
BFGS:   20 20:47:11    -1062.781182       22.3066
BFGS:   21 20:47:11    -1065.239652       19.2639
BFGS:   22 20:47:11    -1067.592285       17.3370
BFGS:   23 20:47:11    -1069.635848       15.3095
BFGS:   24 20:47:12    -1071.556169       13.3375
BFGS:   25 20:47:12    -1073.496653       12.1385
BFGS:   26 20:47:12    -1075.163772       10.3855
BFGS:   27 20:47:12    -1076.607945        8.9589
BFGS:   28 20:47:12    -1078.000769        9.5946
BFGS:   29 20:47:12    -1079.124048        9.5439
BFGS:   30 20:47:12    -1080.033380        9.3497
BFGS:   31 20:47:12    -1080.791998        8.7709
BFGS:   32 20:47:12    -1081.452810        7.6283
BFGS:   33 20:47:12    -1082.041216        7.4551
BFGS:   34 20:47:12    -1082.652947        6.8637
BFGS:   35 20:47:12    -1083.279360        6.8020
BFGS:   36 20:47:12    -1083.867111        7.0128
BFGS:   37 20:47:12    -1084.436585        6.6709
BFGS:   38 20:47:12    -1085.013770        6.9155
BFGS:   39 20:47:12    -1085.620896        8.9251
BFGS:   40 20:47:12    -1086.250334       11.2033
BFGS:   41 20:47:12    -1086.784071       11.9480
BFGS:   42 20:47:12    -1087.285762       11.7630
BFGS:   43 20:47:12    -1087.780159       11.0686
BFGS:   44 20:47:12    -1088.359692       10.6987
BFGS:   45 20:47:12    -1088.937638       10.5356
BFGS:   46 20:47:12    -1089.548035        8.4759
BFGS:   47 20:47:12    -1090.030847        8.5139
BFGS:   48 20:47:12    -1090.515657        8.0675
BFGS:   49 20:47:12    -1090.958832        7.9026
BFGS:   50 20:47:12    -1091.391246        6.9065
BFGS:   51 20:47:12    -1091.700299        5.8448
BFGS:   52 20:47:12    -1092.012236        5.1583
BFGS:   53 20:47:12    -1092.258813        4.4676
BFGS:   54 20:47:12    -1092.479626        5.1359
BFGS:   55 20:47:12    -1092.719369        5.5959
BFGS:   56 20:47:13    -1093.023491        6.0262
BFGS:   57 20:47:13    -1093.298720        6.2904
BFGS:   58 20:47:13    -1093.561123        6.2538
BFGS:   59 20:47:13    -1093.809674        5.9143
BFGS:   60 20:47:13    -1094.063304        5.0062
BFGS:   61 20:47:13    -1094.324472        3.8234
BFGS:   62 20:47:13    -1094.604893        3.8471
BFGS:   63 20:47:13    -1094.856075        4.0174
BFGS:   64 20:47:13    -1095.092943        3.5208
BFGS:   65 20:47:13    -1095.323278        3.9171
BFGS:   66 20:47:13    -1095.517308        4.0716
BFGS:   67 20:47:13    -1095.698359        3.9133
BFGS:   68 20:47:13    -1095.849940        3.2718
BFGS:   69 20:47:13    -1095.965061        2.7815
BFGS:   70 20:47:13    -1096.052544        3.2805
BFGS:   71 20:47:13    -1096.138927        3.3074
BFGS:   72 20:47:13    -1096.212746        3.7940
BFGS:   73 20:47:13    -1096.294539        2.6186
BFGS:   74 20:47:13    -1096.355865        2.1205
BFGS:   75 20:47:13    -1096.395116        1.5888
BFGS:   76 20:47:13    -1096.419586        1.3509
BFGS:   77 20:47:13    -1096.444521        0.8615
BFGS:   78 20:47:13    -1096.466206        0.8999
BFGS:   79 20:47:13    -1096.483929        1.2784
BFGS:   80 20:47:13    -1096.500202        0.8428
BFGS:   81 20:47:13    -1096.519087        0.7681
BFGS:   82 20:47:13    -1096.544250        1.0594
BFGS:   83 20:47:13    -1096.555469        0.7861
BFGS:   84 20:47:13    -1096.565636        1.2740
BFGS:   85 20:47:13    -1096.571013        0.6461
BFGS:   86 20:47:13    -1096.577324        0.6286
BFGS:   87 20:47:13    -1096.583939        0.4180
BFGS:   88 20:47:13    -1096.589245        1.1166
BFGS:   89 20:47:13    -1096.591305        1.0288
BFGS:   90 20:47:13    -1096.594392        0.7211
BFGS:   91 20:47:14    -1096.598020        0.4919
BFGS:   92 20:47:14    -1096.600222        0.2872
BFGS:   93 20:47:14    -1096.600084        1.1378
BFGS:   94 20:47:14    -1096.601303        0.9653
BFGS:   95 20:47:14    -1096.598866        0.9362
BFGS:   96 20:47:14    -1096.600711        0.6047
BFGS:   97 20:47:14    -1096.600725        1.1440
BFGS:   98 20:47:14    -1096.601341        0.4201
BFGS:   99 20:47:14    -1096.601567        0.3362
BFGS:  100 20:47:14    -1096.600316        1.2235
BFGS:  101 20:47:14    -1096.601779        0.2540
BFGS:  102 20:47:14    -1096.601797        1.0080
BFGS:  103 20:47:14    -1096.601825        0.2460
BFGS:  104 20:47:14    -1096.601848        0.2400
BFGS:  105 20:47:14    -1096.601645        1.0215
BFGS:  106 20:47:14    -1096.601889        0.2293
BFGS:  107 20:47:14    -1096.601873        0.9951
BFGS:  108 20:47:14    -1096.601894        0.2280
BFGS:  109 20:47:14    -1096.601897        0.2272
BFGS:  110 20:47:14    -1096.601827        0.9984
BFGS:  111 20:47:14    -1096.601888        0.9920
BFGS:  112 20:47:14    -1096.601731        0.2648
BFGS:  113 20:47:14    -1096.601849        0.2468
BFGS:  114 20:47:14    -1096.601835        0.9959
BFGS:  115 20:47:14    -1096.601879        0.2385
BFGS:  116 20:47:14    -1096.601888        0.2343
BFGS:  117 20:47:14    -1096.601821        0.9974
BFGS:  118 20:47:14    -1096.601893        0.2309
BFGS:  119 20:47:14    -1096.601897        0.2286
BFGS:  120 20:47:14    -1096.601714        1.0110
BFGS:  121 20:47:14    -1096.601882        0.9916
BFGS:  122 20:47:14    -1096.601320        0.3565
BFGS:  123 20:47:14    -1096.601736        0.2893
BFGS:  124 20:47:14    -1096.601710        1.0103
BFGS:  125 20:47:14    -1096.601835        0.2612
BFGS:  126 20:47:14    -1096.601865        0.2477
BFGS:  127 20:47:15    -1096.601713        1.0094
BFGS:  128 20:47:15    -1096.601879        0.2390
BFGS:  129 20:47:15    -1096.601887        0.2334
BFGS:  130 20:47:15    -1096.601598        1.0249
BFGS:  131 20:47:15    -1096.601894        0.9893
BFGS:  132 20:47:15    -1096.600813        0.4640
BFGS:  133 20:47:15    -1096.601593        0.3398
BFGS:  134 20:47:15    -1096.601582        1.0257
BFGS:  135 20:47:15    -1096.601776        0.2886
BFGS:  136 20:47:15    -1096.601834        0.2642
BFGS:  137 20:47:15    -1096.601598        1.0233
BFGS:  138 20:47:15    -1096.601860        0.2493
BFGS:  139 20:47:15    -1096.601875        0.2395
BFGS:  140 20:47:15    -1096.601466        1.0413
BFGS:  141 20:47:15    -1096.601889        0.2294
BFGS:  142 20:47:15    -1096.601856        0.9939
BFGS:  143 20:47:15    -1096.601892        0.2282
BFGS:  144 20:47:15    -1096.601894        0.2272
BFGS:  145 20:47:15    -1096.601179        1.0916
BFGS:  146 20:47:15    -1096.601785        1.0065
BFGS:  147 20:47:15    -1096.599759        0.6516
BFGS:  148 20:47:15    -1096.601290        0.4200
BFGS:  149 20:47:15    -1096.601243        1.0832
BFGS:  150 20:47:15    -1096.601673        0.3230
BFGS:  151 20:47:15    -1096.601802        0.2763
BFGS:  152 20:47:15    -1096.601215        1.0851
BFGS:  153 20:47:15    -1096.601865        0.2472
BFGS:  154 20:47:15    -1096.601900        0.2279
BFGS:  155 20:47:15    -1096.600986        1.1141
BFGS:  156 20:47:15    -1096.601788        1.0075
BFGS:  157 20:47:15    -1096.598821        0.8406
BFGS:  158 20:47:15    -1096.601031        0.5058
BFGS:  159 20:47:15    -1096.601007        1.1105
BFGS:  160 20:47:15    -1096.601569        0.3690
BFGS:  161 20:47:15    -1096.601752        0.3025
BFGS:  162 20:47:16    -1096.600934        1.1193
BFGS:  163 20:47:16    -1096.601842        0.2608
BFGS:  164 20:47:16    -1096.601892        0.2331
BFGS:  165 20:47:16    -1096.600689        1.1501
BFGS:  166 20:47:16    -1096.601777        1.0089
BFGS:  167 20:47:16    -1096.597929        1.0109
BFGS:  168 20:47:16    -1096.600790        0.5802
BFGS:  169 20:47:16    -1096.600680        1.1510
BFGS:  170 20:47:16    -1096.601488        0.4024
BFGS:  171 20:47:16    -1096.601724        0.3163
BFGS:  172 20:47:16    -1096.600605        1.1600
BFGS:  173 20:47:16    -1096.601838        0.2631
BFGS:  174 20:47:16    -1096.601901        0.2279
BFGS:  175 20:47:16    -1096.600414        1.1836
BFGS:  176 20:47:16    -1096.601707        1.0183
BFGS:  177 20:47:16    -1096.597288        1.1282
BFGS:  178 20:47:16    -1096.600634        0.6269
BFGS:  179 20:47:16    -1096.600401        1.1857
BFGS:  180 20:47:16    -1096.601445        0.4197
BFGS:  181 20:47:16    -1096.601718        0.3197
BFGS:  182 20:47:16    -1096.600347        1.1917
BFGS:  183 20:47:16    -1096.601846        0.2592
BFGS:  184 20:47:16    -1096.601853        0.9974
BFGS:  185 20:47:16    -1096.601861        0.2514
BFGS:  186 20:47:16    -1096.601872        0.2451
BFGS:  187 20:47:16    -1096.600130        1.2180
BFGS:  188 20:47:16    -1096.601741        1.0131
BFGS:  189 20:47:16    -1096.596680        1.2085
BFGS:  190 20:47:16    -1096.600277        0.7028
BFGS:  191 20:47:16    -1096.598414        1.3961
BFGS:  192 20:47:16    -1096.601504        0.4020
BFGS:  193 20:47:16    -1096.601823        0.2706
BFGS:  194 20:47:16    -1096.600196        1.2081
BFGS:  195 20:47:16    -1096.601855        0.9930
BFGS:  196 20:47:16    -1096.597033        1.1928
BFGS:  197 20:47:17    -1096.600538        0.6600
BFGS:  198 20:47:17    -1096.600199        1.2109
BFGS:  199 20:47:17    -1096.601429        0.4286
BFGS:  200 20:47:17    -1096.601722        0.3182
BFGS:  201 20:47:17    -1096.600175        1.2142
BFGS:  202 20:47:17    -1096.601855        0.2529
BFGS:  203 20:47:17    -1096.601786        1.0062
BFGS:  204 20:47:17    -1096.601870        0.2445
BFGS:  205 20:47:17    -1096.601882        0.2378
BFGS:  206 20:47:17    -1096.600148        1.2177
BFGS:  207 20:47:17    -1096.601706        1.0175
BFGS:  208 20:47:17    -1096.596729        1.2164
BFGS:  209 20:47:17    -1096.600423        0.6835
BFGS:  210 20:47:17    -1096.599587        1.2825
BFGS:  211 20:47:17    -1096.601449        0.4213
BFGS:  212 20:47:17    -1096.601759        0.3009
BFGS:  213 20:47:17    -1096.600171        1.2140
BFGS:  214 20:47:17    -1096.601875        0.2418
BFGS:  215 20:47:17    -1096.601723        1.0140
BFGS:  216 20:47:17    -1096.601888        0.2342
BFGS:  217 20:47:17    -1096.601899        0.2281
BFGS:  218 20:47:17    -1096.600230        1.2132
BFGS:  219 20:47:17    -1096.601664        1.0235
BFGS:  220 20:47:17    -1096.597098        1.1898
BFGS:  221 20:47:17    -1096.600589        0.6503
BFGS:  222 20:47:17    -1096.600241        1.2153
BFGS:  223 20:47:17    -1096.601441        0.4237
BFGS:  224 20:47:17    -1096.601725        0.3155
BFGS:  225 20:47:17    -1096.600213        1.2143
BFGS:  226 20:47:17    -1096.601856        0.2513
BFGS:  227 20:47:17    -1096.601790        1.0070
BFGS:  228 20:47:17    -1096.601871        0.2434
BFGS:  229 20:47:17    -1096.601882        0.2369
BFGS:  230 20:47:17    -1096.600143        1.2168
BFGS:  231 20:47:17    -1096.601706        1.0181
BFGS:  232 20:47:17    -1096.596745        1.2123
BFGS:  233 20:47:18    -1096.600466        0.6720
BFGS:  234 20:47:18    -1096.599938        1.2420
BFGS:  235 20:47:18    -1096.601430        0.4262
BFGS:  236 20:47:18    -1096.601736        0.3112
BFGS:  237 20:47:18    -1096.600162        1.2146
BFGS:  238 20:47:18    -1096.601865        0.2483
BFGS:  239 20:47:18    -1096.601758        1.0096
BFGS:  240 20:47:18    -1096.601879        0.2401
BFGS:  241 20:47:18    -1096.601890        0.2336
BFGS:  242 20:47:18    -1096.600172        1.2185
BFGS:  243 20:47:18    -1096.601687        1.0204
BFGS:  244 20:47:18    -1096.596932        1.2119
BFGS:  245 20:47:18    -1096.600545        0.6596
BFGS:  246 20:47:18    -1096.600182        1.2199
BFGS:  247 20:47:18    -1096.601430        0.4272
BFGS:  248 20:47:18    -1096.601724        0.3164
BFGS:  249 20:47:18    -1096.600166        1.2179
BFGS:  250 20:47:18    -1096.601857        0.2512
BFGS:  251 20:47:18    -1096.601781        1.0078
BFGS:  252 20:47:18    -1096.601872        0.2431
BFGS:  253 20:47:18    -1096.601884        0.2365
BFGS:  254 20:47:18    -1096.600134        1.2185
BFGS:  255 20:47:18    -1096.601701        1.0186
BFGS:  256 20:47:18    -1096.596804        1.2175
BFGS:  257 20:47:18    -1096.600514        0.6620
BFGS:  258 20:47:18    -1096.600151        1.2184
BFGS:  259 20:47:18    -1096.601422        0.4285
BFGS:  260 20:47:18    -1096.601722        0.3171
BFGS:  261 20:47:18    -1096.600135        1.2178
BFGS:  262 20:47:18    -1096.601858        0.2515
BFGS:  263 20:47:18    -1096.601776        1.0078
BFGS:  264 20:47:18    -1096.601873        0.2432
BFGS:  265 20:47:18    -1096.601885        0.2365
BFGS:  266 20:47:18    -1096.600130        1.2182
BFGS:  267 20:47:18    -1096.601699        1.0185
BFGS:  268 20:47:19    -1096.596634        1.2161
BFGS:  269 20:47:19    -1096.600515        0.6640
BFGS:  270 20:47:19    -1096.600307        1.1994
BFGS:  271 20:47:19    -1096.601411        0.4332
BFGS:  272 20:47:19    -1096.601709        0.3234
BFGS:  273 20:47:19    -1096.600144        1.2164
BFGS:  274 20:47:19    -1096.601851        0.2557
BFGS:  275 20:47:19    -1096.601792        1.0047
BFGS:  276 20:47:19    -1096.601867        0.2469
BFGS:  277 20:47:19    -1096.601879        0.2398
BFGS:  278 20:47:19    -1096.600151        1.2193
BFGS:  279 20:47:19    -1096.601715        1.0162
BFGS:  280 20:47:19    -1096.596887        1.2174
BFGS:  281 20:47:19    -1096.600529        0.6628
BFGS:  282 20:47:19    -1096.600164        1.2201
BFGS:  283 20:47:19    -1096.601425        0.4286
BFGS:  284 20:47:19    -1096.601722        0.3170
BFGS:  285 20:47:19    -1096.600149        1.2186
BFGS:  286 20:47:19    -1096.601857        0.2514
BFGS:  287 20:47:19    -1096.601778        1.0079
BFGS:  288 20:47:19    -1096.601872        0.2432
BFGS:  289 20:47:19    -1096.601884        0.2365
BFGS:  290 20:47:19    -1096.600133        1.2190
BFGS:  291 20:47:19    -1096.601700        1.0186
BFGS:  292 20:47:19    -1096.596813        1.2179
BFGS:  293 20:47:19    -1096.600516        0.6626
BFGS:  294 20:47:19    -1096.600152        1.2191
BFGS:  295 20:47:19    -1096.601422        0.4287
BFGS:  296 20:47:19    -1096.601721        0.3172
BFGS:  297 20:47:19    -1096.600134        1.2182
BFGS:  298 20:47:19    -1096.601857        0.2515
BFGS:  299 20:47:19    -1096.601776        1.0078
BFGS:  300 20:47:19    -1096.601873        0.2432
BFGS:  301 20:47:19    -1096.601884        0.2364
BFGS:  302 20:47:19    -1096.600130        1.2184
BFGS:  303 20:47:20    -1096.601699        1.0186
BFGS:  304 20:47:20    -1096.596700        1.2171
BFGS:  305 20:47:20    -1096.600523        0.6621
BFGS:  306 20:47:20    -1096.600352        1.1946
BFGS:  307 20:47:20    -1096.601409        0.4336
BFGS:  308 20:47:20    -1096.601706        0.3246
BFGS:  309 20:47:20    -1096.600142        1.2168
BFGS:  310 20:47:20    -1096.601849        0.2564
BFGS:  311 20:47:20    -1096.601796        1.0043
BFGS:  312 20:47:20    -1096.601866        0.2475
BFGS:  313 20:47:20    -1096.601878        0.2404
BFGS:  314 20:47:20    -1096.600146        1.2194
BFGS:  315 20:47:20    -1096.601718        1.0159
BFGS:  316 20:47:20    -1096.596869        1.2182
BFGS:  317 20:47:20    -1096.600524        0.6633
BFGS:  318 20:47:20    -1096.600162        1.2198
BFGS:  319 20:47:20    -1096.601424        0.4289
BFGS:  320 20:47:20    -1096.601722        0.3172
BFGS:  321 20:47:20    -1096.600145        1.2186
BFGS:  322 20:47:20    -1096.601857        0.2515
BFGS:  323 20:47:20    -1096.601778        1.0078
BFGS:  324 20:47:20    -1096.601872        0.2432
BFGS:  325 20:47:20    -1096.601884        0.2365
BFGS:  326 20:47:20    -1096.600134        1.2190
BFGS:  327 20:47:20    -1096.601700        1.0186
BFGS:  328 20:47:20    -1096.596819        1.2179
BFGS:  329 20:47:20    -1096.600517        0.6627
BFGS:  330 20:47:20    -1096.600154        1.2191
BFGS:  331 20:47:20    -1096.601422        0.4288
BFGS:  332 20:47:20    -1096.601721        0.3172
BFGS:  333 20:47:20    -1096.600135        1.2183
BFGS:  334 20:47:20    -1096.601857        0.2515
BFGS:  335 20:47:20    -1096.601776        1.0078
BFGS:  336 20:47:20    -1096.601873        0.2432
BFGS:  337 20:47:20    -1096.601884        0.2364
BFGS:  338 20:47:20    -1096.600130        1.2186
BFGS:  339 20:47:21    -1096.601699        1.0186
BFGS:  340 20:47:21    -1096.596754        1.2174
BFGS:  341 20:47:21    -1096.600529        0.6609
BFGS:  342 20:47:21    -1096.600381        1.1917
BFGS:  343 20:47:21    -1096.601408        0.4338
BFGS:  344 20:47:21    -1096.601704        0.3254
BFGS:  345 20:47:21    -1096.600142        1.2170
BFGS:  346 20:47:21    -1096.601848        0.2568
BFGS:  347 20:47:21    -1096.601799        1.0040
BFGS:  348 20:47:21    -1096.601865        0.2479
BFGS:  349 20:47:21    -1096.601877        0.2408
BFGS:  350 20:47:21    -1096.600142        1.2195
BFGS:  351 20:47:21    -1096.601720        1.0156
BFGS:  352 20:47:21    -1096.596860        1.2187
BFGS:  353 20:47:21    -1096.600521        0.6637
BFGS:  354 20:47:21    -1096.600160        1.2198
BFGS:  355 20:47:21    -1096.601423        0.4291
BFGS:  356 20:47:21    -1096.601722        0.3173
BFGS:  357 20:47:21    -1096.600142        1.2187
BFGS:  358 20:47:21    -1096.601857        0.2516
BFGS:  359 20:47:21    -1096.601777        1.0078
BFGS:  360 20:47:21    -1096.601872        0.2433
BFGS:  361 20:47:21    -1096.601884        0.2365
BFGS:  362 20:47:21    -1096.600134        1.2190
BFGS:  363 20:47:21    -1096.601700        1.0186
BFGS:  364 20:47:21    -1096.596822        1.2177
BFGS:  365 20:47:21    -1096.600517        0.6628
BFGS:  366 20:47:21    -1096.600155        1.2191
BFGS:  367 20:47:21    -1096.601422        0.4288
BFGS:  368 20:47:21    -1096.601721        0.3173
BFGS:  369 20:47:21    -1096.600135        1.2183
BFGS:  370 20:47:21    -1096.601857        0.2515
BFGS:  371 20:47:21    -1096.601776        1.0078
BFGS:  372 20:47:21    -1096.601873        0.2432
BFGS:  373 20:47:21    -1096.601884        0.2365
BFGS:  374 20:47:22    -1096.600130        1.2187
BFGS:  375 20:47:22    -1096.601699        1.0186
BFGS:  376 20:47:22    -1096.596786        1.2175
BFGS:  377 20:47:22    -1096.600535        0.6597
BFGS:  378 20:47:22    -1096.600416        1.1878
BFGS:  379 20:47:22    -1096.601407        0.4342
BFGS:  380 20:47:22    -1096.601701        0.3264
BFGS:  381 20:47:22    -1096.600141        1.2172
BFGS:  382 20:47:22    -1096.601847        0.2574
BFGS:  383 20:47:22    -1096.601802        1.0036
BFGS:  384 20:47:22    -1096.601864        0.2485
BFGS:  385 20:47:22    -1096.601876        0.2413
BFGS:  386 20:47:22    -1096.600140        1.2195
BFGS:  387 20:47:22    -1096.601723        1.0153
BFGS:  388 20:47:22    -1096.596855        1.2188
BFGS:  389 20:47:22    -1096.600519        0.6639
BFGS:  390 20:47:22    -1096.600159        1.2197
BFGS:  391 20:47:22    -1096.601422        0.4292
BFGS:  392 20:47:22    -1096.601722        0.3173
BFGS:  393 20:47:22    -1096.600140        1.2187
BFGS:  394 20:47:22    -1096.601857        0.2516
BFGS:  395 20:47:22    -1096.601777        1.0078
BFGS:  396 20:47:22    -1096.601872        0.2433
BFGS:  397 20:47:22    -1096.601884        0.2366
BFGS:  398 20:47:22    -1096.600133        1.2190
BFGS:  399 20:47:22    -1096.601700        1.0186
BFGS:  400 20:47:22    -1096.596825        1.2175
BFGS:  401 20:47:22    -1096.600517        0.6628
BFGS:  402 20:47:22    -1096.600156        1.2192
BFGS:  403 20:47:22    -1096.601422        0.4288
BFGS:  404 20:47:22    -1096.601721        0.3173
BFGS:  405 20:47:22    -1096.600135        1.2183
BFGS:  406 20:47:22    -1096.601857        0.2515
BFGS:  407 20:47:22    -1096.601776        1.0078
BFGS:  408 20:47:22    -1096.601873        0.2432
BFGS:  409 20:47:22    -1096.601884        0.2365
BFGS:  410 20:47:23    -1096.600131        1.2188
BFGS:  411 20:47:23    -1096.601699        1.0186
BFGS:  412 20:47:23    -1096.596814        1.2175
BFGS:  413 20:47:23    -1096.600540        0.6588
BFGS:  414 20:47:23    -1096.600440        1.1850
BFGS:  415 20:47:23    -1096.601406        0.4346
BFGS:  416 20:47:23    -1096.601700        0.3271
BFGS:  417 20:47:23    -1096.600140        1.2173
BFGS:  418 20:47:23    -1096.601846        0.2579
BFGS:  419 20:47:23    -1096.601805        1.0033
BFGS:  420 20:47:23    -1096.601863        0.2489
BFGS:  421 20:47:23    -1096.601876        0.2417
BFGS:  422 20:47:23    -1096.600139        1.2194
BFGS:  423 20:47:23    -1096.601725        1.0150
BFGS:  424 20:47:23    -1096.596852        1.2187
BFGS:  425 20:47:23    -1096.600518        0.6641
BFGS:  426 20:47:23    -1096.600159        1.2196
BFGS:  427 20:47:23    -1096.601422        0.4292
BFGS:  428 20:47:23    -1096.601721        0.3174
BFGS:  429 20:47:23    -1096.600139        1.2186
BFGS:  430 20:47:23    -1096.601857        0.2516
BFGS:  431 20:47:23    -1096.601777        1.0078
BFGS:  432 20:47:23    -1096.601872        0.2433
BFGS:  433 20:47:23    -1096.601884        0.2366
BFGS:  434 20:47:23    -1096.600133        1.2190
BFGS:  435 20:47:23    -1096.601700        1.0186
BFGS:  436 20:47:23    -1096.596828        1.2173
BFGS:  437 20:47:23    -1096.600518        0.6628
BFGS:  438 20:47:23    -1096.600156        1.2192
BFGS:  439 20:47:23    -1096.601422        0.4288
BFGS:  440 20:47:23    -1096.601722        0.3173
BFGS:  441 20:47:23    -1096.600135        1.2183
BFGS:  442 20:47:23    -1096.601857        0.2515
BFGS:  443 20:47:23    -1096.601776        1.0078
BFGS:  444 20:47:23    -1096.601873        0.2432
BFGS:  445 20:47:24    -1096.601884        0.2365
BFGS:  446 20:47:24    -1096.600131        1.2188
BFGS:  447 20:47:24    -1096.601699        1.0186
BFGS:  448 20:47:24    -1096.596819        1.2174
BFGS:  449 20:47:24    -1096.600516        0.6625
BFGS:  450 20:47:24    -1096.600152        1.2189
BFGS:  451 20:47:24    -1096.601422        0.4286
BFGS:  452 20:47:24    -1096.601722        0.3171
BFGS:  453 20:47:24    -1096.600132        1.2180
BFGS:  454 20:47:24    -1096.601857        0.2515
BFGS:  455 20:47:24    -1096.601775        1.0078
BFGS:  456 20:47:24    -1096.601873        0.2432
BFGS:  457 20:47:24    -1096.601885        0.2364
BFGS:  458 20:47:24    -1096.600130        1.2184
BFGS:  459 20:47:24    -1096.601698        1.0186
BFGS:  460 20:47:24    -1096.596739        1.2158
BFGS:  461 20:47:24    -1096.600556        0.6550
BFGS:  462 20:47:24    -1096.600574        1.1681
BFGS:  463 20:47:24    -1096.601398        0.4370
BFGS:  464 20:47:24    -1096.601688        0.3319
BFGS:  465 20:47:24    -1096.600136        1.2173
BFGS:  466 20:47:24    -1096.601841        0.2608
BFGS:  467 20:47:24    -1096.601818        1.0013
BFGS:  468 20:47:24    -1096.601858        0.2515
BFGS:  469 20:47:24    -1096.601871        0.2441
BFGS:  470 20:47:24    -1096.600136        1.2193
BFGS:  471 20:47:24    -1096.601736        1.0133
BFGS:  472 20:47:24    -1096.596848        1.2187
BFGS:  473 20:47:24    -1096.600514        0.6647
BFGS:  474 20:47:24    -1096.600156        1.2196
BFGS:  475 20:47:24    -1096.601421        0.4295
BFGS:  476 20:47:24    -1096.601721        0.3175
BFGS:  477 20:47:24    -1096.600136        1.2186
BFGS:  478 20:47:24    -1096.601857        0.2517
BFGS:  479 20:47:24    -1096.601776        1.0077
BFGS:  480 20:47:25    -1096.601872        0.2434
BFGS:  481 20:47:25    -1096.601884        0.2366
BFGS:  482 20:47:25    -1096.600133        1.2190
BFGS:  483 20:47:25    -1096.601700        1.0185
BFGS:  484 20:47:25    -1096.596830        1.2169
BFGS:  485 20:47:25    -1096.600518        0.6629
BFGS:  486 20:47:25    -1096.600155        1.2193
BFGS:  487 20:47:25    -1096.601422        0.4289
BFGS:  488 20:47:25    -1096.601722        0.3173
BFGS:  489 20:47:25    -1096.600134        1.2183
BFGS:  490 20:47:25    -1096.601857        0.2515
BFGS:  491 20:47:25    -1096.601775        1.0078
BFGS:  492 20:47:25    -1096.601873        0.2432
BFGS:  493 20:47:25    -1096.601884        0.2365
BFGS:  494 20:47:25    -1096.600131        1.2188
BFGS:  495 20:47:25    -1096.601699        1.0186
BFGS:  496 20:47:25    -1096.596824        1.2172
BFGS:  497 20:47:25    -1096.600517        0.6626
BFGS:  498 20:47:25    -1096.600153        1.2190
BFGS:  499 20:47:25    -1096.601422        0.4286
