      Step     Time          Energy         fmax
BFGS:    0 20:40:49     -822.922994       71.3651
BFGS:    1 20:40:49     -843.970287       90.6851
BFGS:    2 20:40:49     -857.674424       90.5999
BFGS:    3 20:40:49     -871.541282       89.3353
BFGS:    4 20:40:49     -885.264658       84.5519
BFGS:    5 20:40:49     -898.852525       82.2706
BFGS:    6 20:40:49     -911.371243       78.8401
BFGS:    7 20:40:49     -925.248674       73.4885
BFGS:    8 20:40:49     -936.993791       75.7070
BFGS:    9 20:40:49     -948.535286       79.6095
BFGS:   10 20:40:49     -959.614004       80.6791
BFGS:   11 20:40:49     -971.568261       76.5399
BFGS:   12 20:40:49     -981.139491       66.9241
BFGS:   13 20:40:49     -987.294730       55.1468
BFGS:   14 20:40:49     -992.486805       51.9461
BFGS:   15 20:40:49     -997.487277       50.7477
BFGS:   16 20:40:49    -1002.718698       52.2643
BFGS:   17 20:40:49    -1007.486743       57.8213
BFGS:   18 20:40:49    -1012.199624       66.6186
BFGS:   19 20:40:49    -1016.434075       72.2262
BFGS:   20 20:40:49    -1020.454165       74.3967
BFGS:   21 20:40:49    -1024.549703       75.4821
BFGS:   22 20:40:49    -1028.543343       74.7249
BFGS:   23 20:40:49    -1031.801024       74.0048
BFGS:   24 20:40:50    -1034.627592       71.9049
BFGS:   25 20:40:50    -1037.351256       70.2330
BFGS:   26 20:40:50    -1040.292653       66.9311
BFGS:   27 20:40:50    -1043.376644       63.9865
BFGS:   28 20:40:50    -1046.078377       60.8220
BFGS:   29 20:40:50    -1048.567037       57.9789
BFGS:   30 20:40:50    -1051.004477       55.1106
BFGS:   31 20:40:50    -1053.444656       52.3187
BFGS:   32 20:40:50    -1055.922024       49.5701
BFGS:   33 20:40:50    -1058.475089       48.4058
BFGS:   34 20:40:50    -1061.145786       46.9334
BFGS:   35 20:40:50    -1063.938873       45.2271
BFGS:   36 20:40:50    -1066.785262       42.9371
BFGS:   37 20:40:50    -1069.442514       40.7169
BFGS:   38 20:40:50    -1071.860408       38.5657
BFGS:   39 20:40:50    -1074.179069       36.4677
BFGS:   40 20:40:50    -1076.436271       34.3677
BFGS:   41 20:40:50    -1078.851765       32.1899
BFGS:   42 20:40:50    -1081.460955       30.2837
BFGS:   43 20:40:50    -1083.547775       29.1363
BFGS:   44 20:40:50    -1085.288178       28.2332
BFGS:   45 20:40:50    -1086.842508       27.4625
BFGS:   46 20:40:50    -1088.348009       26.8072
BFGS:   47 20:40:50    -1089.952707       26.0799
BFGS:   48 20:40:50    -1091.605844       25.0857
BFGS:   49 20:40:50    -1093.079200       23.8520
BFGS:   50 20:40:50    -1094.408203       22.6438
BFGS:   51 20:40:50    -1095.650066       21.3378
BFGS:   52 20:40:50    -1096.813148       20.2062
BFGS:   53 20:40:50    -1097.938218       19.0535
BFGS:   54 20:40:50    -1099.065159       18.4372
BFGS:   55 20:40:50    -1100.239213       18.7307
BFGS:   56 20:40:50    -1101.537642       19.3705
BFGS:   57 20:40:50    -1102.692127       19.8336
BFGS:   58 20:40:50    -1103.755186       20.2244
BFGS:   59 20:40:50    -1104.807813       19.8694
BFGS:   60 20:40:50    -1105.868115       19.5211
BFGS:   61 20:40:51    -1106.950835       18.7127
BFGS:   62 20:40:51    -1108.103001       17.8804
BFGS:   63 20:40:51    -1109.269779       17.8818
BFGS:   64 20:40:51    -1110.477665       18.0556
BFGS:   65 20:40:51    -1111.592115       18.1666
BFGS:   66 20:40:51    -1112.715996       18.2312
BFGS:   67 20:40:51    -1113.775623       18.2624
BFGS:   68 20:40:51    -1114.867506       18.2207
BFGS:   69 20:40:51    -1116.015360       17.9942
BFGS:   70 20:40:51    -1117.199662       17.6240
BFGS:   71 20:40:51    -1118.420785       17.0898
BFGS:   72 20:40:51    -1119.470437       16.5161
BFGS:   73 20:40:51    -1120.431984       15.9290
BFGS:   74 20:40:51    -1121.357061       15.1594
BFGS:   75 20:40:51    -1122.262340       14.3932
BFGS:   76 20:40:51    -1123.122780       13.3237
BFGS:   77 20:40:51    -1123.894898       11.8967
BFGS:   78 20:40:51    -1124.658348       10.2260
BFGS:   79 20:40:51    -1125.343604        9.0971
BFGS:   80 20:40:51    -1126.028053       10.8209
BFGS:   81 20:40:51    -1126.694680       12.5581
BFGS:   82 20:40:51    -1127.374751       12.8076
BFGS:   83 20:40:51    -1128.006618       11.4232
BFGS:   84 20:40:51    -1128.645821       11.5333
BFGS:   85 20:40:51    -1129.256295       10.5759
BFGS:   86 20:40:51    -1129.803450        9.6684
BFGS:   87 20:40:51    -1130.230664        6.9230
BFGS:   88 20:40:51    -1130.699494        5.5739
BFGS:   89 20:40:51    -1131.183426        5.4987
BFGS:   90 20:40:51    -1131.632091        8.1918
BFGS:   91 20:40:51    -1132.065173        9.2416
BFGS:   92 20:40:51    -1132.437510       10.3650
BFGS:   93 20:40:51    -1132.827628       10.1654
BFGS:   94 20:40:51    -1133.300687        8.9750
BFGS:   95 20:40:51    -1133.741738        9.3316
BFGS:   96 20:40:51    -1134.110605        8.1928
BFGS:   97 20:40:51    -1134.503243        8.7341
BFGS:   98 20:40:51    -1135.021154        9.3190
BFGS:   99 20:40:51    -1135.554451        8.1394
BFGS:  100 20:40:52    -1135.966300        7.1107
BFGS:  101 20:40:52    -1136.305873        5.8573
BFGS:  102 20:40:52    -1136.603089        5.1469
BFGS:  103 20:40:52    -1136.897443        5.1199
BFGS:  104 20:40:52    -1137.180598        6.7978
BFGS:  105 20:40:52    -1137.425056        7.4862
BFGS:  106 20:40:52    -1137.642046        8.5980
BFGS:  107 20:40:52    -1137.857776        9.1284
BFGS:  108 20:40:52    -1138.062824        9.2703
BFGS:  109 20:40:52    -1138.249267        8.4589
BFGS:  110 20:40:52    -1138.443323        8.0175
BFGS:  111 20:40:52    -1138.651699        6.9393
BFGS:  112 20:40:52    -1138.885515        6.7698
BFGS:  113 20:40:52    -1139.123662        6.5066
BFGS:  114 20:40:52    -1139.373757        6.1259
BFGS:  115 20:40:52    -1139.653178        5.5147
BFGS:  116 20:40:52    -1139.961591        5.2766
BFGS:  117 20:40:52    -1140.279095        5.3420
BFGS:  118 20:40:52    -1140.556702        5.6881
BFGS:  119 20:40:52    -1140.791499        5.3229
BFGS:  120 20:40:52    -1140.975126        6.1390
BFGS:  121 20:40:52    -1141.159919        5.7525
BFGS:  122 20:40:52    -1141.318187        5.9171
BFGS:  123 20:40:52    -1141.506079        6.0966
BFGS:  124 20:40:52    -1141.620704        6.7672
BFGS:  125 20:40:52    -1141.727530        6.7833
BFGS:  126 20:40:52    -1141.835037        6.7580
BFGS:  127 20:40:52    -1141.921834        6.1957
BFGS:  128 20:40:52    -1142.028144        6.2159
BFGS:  129 20:40:52    -1142.146970        6.1499
BFGS:  130 20:40:52    -1142.278724        6.7343
BFGS:  131 20:40:52    -1142.427108        7.3647
BFGS:  132 20:40:52    -1142.560770        7.8725
BFGS:  133 20:40:52    -1142.680791        8.3590
BFGS:  134 20:40:52    -1142.785943        7.5941
BFGS:  135 20:40:52    -1142.879473        7.1061
BFGS:  136 20:40:52    -1142.972463        6.3343
BFGS:  137 20:40:52    -1143.002901        4.4352
BFGS:  138 20:40:53    -1143.044133        4.3450
BFGS:  139 20:40:53    -1143.086058        5.2790
BFGS:  140 20:40:53    -1143.125453        4.9765
BFGS:  141 20:40:53    -1143.161725        5.0572
BFGS:  142 20:40:53    -1143.200723        4.6536
BFGS:  143 20:40:53    -1143.239763        4.2750
BFGS:  144 20:40:53    -1143.269001        5.8605
BFGS:  145 20:40:53    -1143.308617        3.2544
BFGS:  146 20:40:53    -1143.346012        3.3252
BFGS:  147 20:40:53    -1143.377342        3.3755
BFGS:  148 20:40:53    -1143.418058        3.6074
BFGS:  149 20:40:53    -1143.450382        3.8271
BFGS:  150 20:40:53    -1143.474979        3.5438
BFGS:  151 20:40:53    -1143.493020        2.8986
BFGS:  152 20:40:53    -1143.504510        2.6230
BFGS:  153 20:40:53    -1143.512887        2.3571
BFGS:  154 20:40:53    -1143.518245        2.0701
BFGS:  155 20:40:53    -1143.523816        1.9574
BFGS:  156 20:40:53    -1143.527028        1.3916
BFGS:  157 20:40:53    -1143.531456        1.3688
BFGS:  158 20:40:53    -1143.532316        2.4890
BFGS:  159 20:40:53    -1143.535828        2.3690
BFGS:  160 20:40:53    -1143.532862        1.6976
BFGS:  161 20:40:53    -1143.540031        1.6087
BFGS:  162 20:40:53    -1143.543806        1.6713
BFGS:  163 20:40:53    -1143.546134        1.7356
BFGS:  164 20:40:53    -1143.549747        2.6282
BFGS:  165 20:40:53    -1143.554793        1.9775
BFGS:  166 20:40:53    -1143.557408        1.7956
BFGS:  167 20:40:53    -1143.560008        1.6337
BFGS:  168 20:40:53    -1143.561730        1.5601
BFGS:  169 20:40:53    -1143.563340        1.4451
BFGS:  170 20:40:53    -1143.564331        1.3771
BFGS:  171 20:40:53    -1143.565098        2.1392
BFGS:  172 20:40:53    -1143.565359        1.4152
BFGS:  173 20:40:53    -1143.565929        1.4503
BFGS:  174 20:40:53    -1143.568795        1.6033
BFGS:  175 20:40:53    -1143.570770        1.5867
BFGS:  176 20:40:54    -1143.576950        1.3044
BFGS:  177 20:40:54    -1143.581427        0.9255
BFGS:  178 20:40:54    -1143.585308        0.4461
BFGS:  179 20:40:54    -1143.587269        0.3036
BFGS:  180 20:40:54    -1143.589033        0.3062
BFGS:  181 20:40:54    -1143.590133        0.3116
BFGS:  182 20:40:54    -1143.590990        0.3078
BFGS:  183 20:40:54    -1143.591396        0.2875
BFGS:  184 20:40:54    -1143.591762        0.2780
BFGS:  185 20:40:54    -1143.591386        1.3796
BFGS:  186 20:40:54    -1143.592104        0.2682
BFGS:  187 20:40:54    -1143.592171        1.3720
BFGS:  188 20:40:54    -1143.592319        0.2582
BFGS:  189 20:40:54    -1143.592465        0.2667
BFGS:  190 20:40:54    -1143.592535        0.2799
BFGS:  191 20:40:54    -1143.592538        1.3406
BFGS:  192 20:40:54    -1143.592610        0.2930
BFGS:  193 20:40:54    -1143.592605        1.3379
BFGS:  194 20:40:54    -1143.592644        1.3348
BFGS:  195 20:40:54    -1143.592622        0.2965
BFGS:  196 20:40:54    -1143.592657        0.2944
BFGS:  197 20:40:54    -1143.592678        0.2952
BFGS:  198 20:40:54    -1143.592688        0.2980
BFGS:  199 20:40:54    -1143.592672        1.3250
BFGS:  200 20:40:54    -1143.592707        0.3058
BFGS:  201 20:40:54    -1143.592712        0.3087
BFGS:  202 20:40:54    -1143.592688        1.3160
BFGS:  203 20:40:54    -1143.592717        0.3115
BFGS:  204 20:40:54    -1143.592719        0.3126
BFGS:  205 20:40:54    -1143.592434        1.3254
BFGS:  206 20:40:54    -1143.592683        1.3197
BFGS:  207 20:40:54    -1143.591763        0.3427
BFGS:  208 20:40:54    -1143.592403        0.3312
BFGS:  209 20:40:54    -1143.592347        1.3216
BFGS:  210 20:40:54    -1143.592573        0.3256
BFGS:  211 20:40:54    -1143.592641        0.3213
BFGS:  212 20:40:54    -1143.591542        1.3465
BFGS:  213 20:40:54    -1143.592644        1.3199
BFGS:  214 20:40:55    -1143.589211        0.5007
BFGS:  215 20:40:55    -1143.591658        0.3848
BFGS:  216 20:40:55    -1143.591448        1.3464
BFGS:  217 20:40:55    -1143.592288        0.3545
BFGS:  218 20:40:55    -1143.592513        0.3365
BFGS:  219 20:40:55    -1143.590312        1.3853
BFGS:  220 20:40:55    -1143.592652        1.3165
BFGS:  221 20:40:55    -1143.585893        0.6116
BFGS:  222 20:40:55    -1143.590699        0.4583
BFGS:  223 20:40:55    -1143.590103        1.4017
BFGS:  224 20:40:55    -1143.591969        0.3881
BFGS:  225 20:40:55    -1143.592407        0.3493
BFGS:  226 20:40:55    -1143.588806        1.4430
BFGS:  227 20:40:55    -1143.592559        1.3180
BFGS:  228 20:40:55    -1143.582547        0.6966
BFGS:  229 20:40:55    -1143.589737        0.5351
BFGS:  230 20:40:55    -1143.588335        1.4917
BFGS:  231 20:40:55    -1143.591708        0.4172
BFGS:  232 20:40:55    -1143.592375        0.3534
BFGS:  233 20:40:55    -1143.587320        1.5099
BFGS:  234 20:40:55    -1143.592335        1.3269
BFGS:  235 20:40:55    -1143.579948        0.7760
BFGS:  236 20:40:55    -1143.588982        0.5993
BFGS:  237 20:40:55    -1143.586472        1.5964
BFGS:  238 20:40:55    -1143.591551        0.4366
BFGS:  239 20:40:55    -1143.592410        0.3486
BFGS:  240 20:40:55    -1143.586191        1.5697
BFGS:  241 20:40:55    -1143.592069        1.3404
BFGS:  242 20:40:55    -1143.578405        0.8342
BFGS:  243 20:40:55    -1143.588524        0.6414
BFGS:  244 20:40:55    -1143.585012        1.6811
BFGS:  245 20:40:55    -1143.591482        0.4463
BFGS:  246 20:40:55    -1143.592466        0.3400
BFGS:  247 20:40:55    -1143.585567        1.6115
BFGS:  248 20:40:55    -1143.591870        1.3531
BFGS:  249 20:40:55    -1143.577741        0.8754
BFGS:  250 20:40:55    -1143.588317        0.6626
BFGS:  251 20:40:56    -1143.584219        1.7289
BFGS:  252 20:40:56    -1143.591460        0.4496
BFGS:  253 20:40:56    -1143.592502        0.3327
BFGS:  254 20:40:56    -1143.585377        1.6339
BFGS:  255 20:40:56    -1143.591793        1.3618
BFGS:  256 20:40:56    -1143.577600        0.9025
BFGS:  257 20:40:56    -1143.588257        0.6706
BFGS:  258 20:40:56    -1143.583981        1.7467
BFGS:  259 20:40:56    -1143.591451        0.4502
BFGS:  260 20:40:56    -1143.592505        0.3287
BFGS:  261 20:40:56    -1143.585461        1.6420
BFGS:  262 20:40:56    -1143.591824        1.3658
BFGS:  263 20:40:56    -1143.577694        0.9200
BFGS:  264 20:40:56    -1143.588260        0.6726
BFGS:  265 20:40:56    -1143.584073        1.7470
BFGS:  266 20:40:56    -1143.591436        0.4502
BFGS:  267 20:40:56    -1143.592481        0.3279
BFGS:  268 20:40:56    -1143.585677        1.6416
BFGS:  269 20:40:56    -1143.591925        1.3662
BFGS:  270 20:40:56    -1143.577860        0.9316
BFGS:  271 20:40:56    -1143.588277        0.6724
BFGS:  272 20:40:56    -1143.584316        1.7391
BFGS:  273 20:40:56    -1143.591411        0.4507
BFGS:  274 20:40:56    -1143.592439        0.3292
BFGS:  275 20:40:56    -1143.585932        1.6372
BFGS:  276 20:40:56    -1143.592062        1.3644
BFGS:  277 20:40:56    -1143.578016        0.9397
BFGS:  278 20:40:56    -1143.588286        0.6721
BFGS:  279 20:40:56    -1143.584599        1.7286
BFGS:  280 20:40:56    -1143.591375        0.4521
BFGS:  281 20:40:56    -1143.592386        0.3318
BFGS:  282 20:40:56    -1143.586178        1.6316
BFGS:  283 20:40:56    -1143.592212        1.3613
BFGS:  284 20:40:56    -1143.578132        0.9461
BFGS:  285 20:40:56    -1143.588280        0.6725
BFGS:  286 20:40:56    -1143.584870        1.7183
BFGS:  287 20:40:56    -1143.591332        0.4541
BFGS:  288 20:40:56    -1143.592329        0.3352
BFGS:  289 20:40:57    -1143.586397        1.6259
BFGS:  290 20:40:57    -1143.592362        1.3576
BFGS:  291 20:40:57    -1143.578202        0.9517
BFGS:  292 20:40:57    -1143.588258        0.6736
BFGS:  293 20:40:57    -1143.585106        1.7091
BFGS:  294 20:40:57    -1143.591283        0.4567
BFGS:  295 20:40:57    -1143.592272        0.3387
BFGS:  296 20:40:57    -1143.586583        1.6209
BFGS:  297 20:40:57    -1143.592504        1.3539
BFGS:  298 20:40:57    -1143.578230        0.9570
BFGS:  299 20:40:57    -1143.588224        0.6754
BFGS:  300 20:40:57    -1143.585303        1.7015
BFGS:  301 20:40:57    -1143.591232        0.4596
BFGS:  302 20:40:57    -1143.592214        0.3424
BFGS:  303 20:40:57    -1143.586740        1.6166
BFGS:  304 20:40:57    -1143.592597        0.2805
BFGS:  305 20:40:57    -1143.591738        1.3896
BFGS:  306 20:40:57    -1143.592467        1.3572
BFGS:  307 20:40:57    -1143.575997        0.9873
BFGS:  308 20:40:57    -1143.587626        0.7055
BFGS:  309 20:40:57    -1143.584567        1.7362
BFGS:  310 20:40:57    -1143.591012        0.4775
BFGS:  311 20:40:57    -1143.592121        0.3489
BFGS:  312 20:40:57    -1143.586202        1.6426
BFGS:  313 20:40:57    -1143.592552        0.2818
BFGS:  314 20:40:57    -1143.591728        1.3919
BFGS:  315 20:40:57    -1143.592526        1.3567
BFGS:  316 20:40:57    -1143.575430        1.0037
BFGS:  317 20:40:57    -1143.587402        0.7197
BFGS:  318 20:40:57    -1143.584323        1.7480
BFGS:  319 20:40:57    -1143.590905        0.4867
BFGS:  320 20:40:57    -1143.592057        0.3536
BFGS:  321 20:40:57    -1143.586059        1.6519
BFGS:  322 20:40:57    -1143.592504        0.2844
BFGS:  323 20:40:57    -1143.591792        1.3910
BFGS:  324 20:40:57    -1143.592558        0.2763
BFGS:  325 20:40:57    -1143.592456        1.3607
BFGS:  326 20:40:57    -1143.592574        0.2783
BFGS:  327 20:40:58    -1143.592572        1.3547
BFGS:  328 20:40:58    -1143.592578        0.2788
BFGS:  329 20:40:58    -1143.592581        0.2766
BFGS:  330 20:40:58    -1143.592406        1.3889
BFGS:  331 20:40:58    -1143.592577        1.3595
BFGS:  332 20:40:58    -1143.591771        0.4659
BFGS:  333 20:40:58    -1143.592314        0.3598
BFGS:  334 20:40:58    -1143.592493        1.4011
BFGS:  335 20:40:58    -1143.592442        0.3137
BFGS:  336 20:40:58    -1143.592485        0.2930
BFGS:  337 20:40:58    -1143.592331        1.4163
BFGS:  338 20:40:58    -1143.592516        0.2801
BFGS:  339 20:40:58    -1143.592537        0.2718
BFGS:  340 20:40:58    -1143.590896        1.5098
BFGS:  341 20:40:58    -1143.592484        1.3794
BFGS:  342 20:40:58    -1143.586711        0.9655
BFGS:  343 20:40:58    -1143.590687        0.5924
BFGS:  344 20:40:58    -1143.590426        1.5676
BFGS:  345 20:40:58    -1143.591792        0.4233
BFGS:  346 20:40:58    -1143.592166        0.3396
BFGS:  347 20:40:58    -1143.590369        1.5595
BFGS:  348 20:40:58    -1143.592360        0.2915
BFGS:  349 20:40:58    -1143.592479        0.2597
BFGS:  350 20:40:58    -1143.588010        1.6622
BFGS:  351 20:40:58    -1143.592205        1.4097
BFGS:  352 20:40:58    -1143.580020        1.1797
BFGS:  353 20:40:58    -1143.588120        0.7927
BFGS:  354 20:40:58    -1143.582633        1.9824
BFGS:  355 20:40:58    -1143.591061        0.4988
BFGS:  356 20:40:58    -1143.592058        0.3353
BFGS:  357 20:40:58    -1143.586644        1.7376
BFGS:  358 20:40:58    -1143.592429        0.2621
BFGS:  359 20:40:58    -1143.592168        1.4182
BFGS:  360 20:40:58    -1143.592480        0.2580
BFGS:  361 20:40:58    -1143.592519        0.2541
BFGS:  362 20:40:58    -1143.585241        1.5963
BFGS:  363 20:40:58    -1143.591611        1.4073
BFGS:  364 20:40:58    -1143.572862        1.1661
BFGS:  365 20:40:59    -1143.587330        0.6318
BFGS:  366 20:40:59    -1143.587036        1.5407
BFGS:  367 20:40:59    -1143.590626        0.4756
BFGS:  368 20:40:59    -1143.591757        0.3850
BFGS:  369 20:40:59    -1143.585114        1.5985
BFGS:  370 20:40:59    -1143.592368        0.3171
BFGS:  371 20:40:59    -1143.592096        1.3617
BFGS:  372 20:40:59    -1143.592442        0.3059
BFGS:  373 20:40:59    -1143.592497        0.2968
BFGS:  374 20:40:59    -1143.583693        1.7246
BFGS:  375 20:40:59    -1143.591563        1.3904
BFGS:  376 20:40:59    -1143.572183        1.2944
BFGS:  377 20:40:59    -1143.586448        0.7916
BFGS:  378 20:40:59    -1143.585681        1.6488
BFGS:  379 20:40:59    -1143.590196        0.5685
BFGS:  380 20:40:59    -1143.591606        0.4254
BFGS:  381 20:40:59    -1143.582834        1.7841
BFGS:  382 20:40:59    -1143.592379        0.3159
BFGS:  383 20:40:59    -1143.591776        1.3876
BFGS:  384 20:40:59    -1143.592467        0.3000
BFGS:  385 20:40:59    -1143.592533        0.2877
BFGS:  386 20:40:59    -1143.583884        1.7486
BFGS:  387 20:40:59    -1143.591491        1.4017
BFGS:  388 20:40:59    -1143.573087        1.3472
BFGS:  389 20:40:59    -1143.586444        0.8172
BFGS:  390 20:40:59    -1143.584687        1.7170
BFGS:  391 20:40:59    -1143.590246        0.5740
BFGS:  392 20:40:59    -1143.591676        0.4180
BFGS:  393 20:40:59    -1143.582938        1.8075
BFGS:  394 20:40:59    -1143.592404        0.3073
BFGS:  395 20:40:59    -1143.591751        1.3966
BFGS:  396 20:40:59    -1143.592486        0.2923
BFGS:  397 20:40:59    -1143.592548        0.2807
BFGS:  398 20:40:59    -1143.583904        1.7496
BFGS:  399 20:40:59    -1143.591475        1.4050
BFGS:  400 20:40:59    -1143.572893        1.3536
BFGS:  401 20:40:59    -1143.586445        0.8156
BFGS:  402 20:40:59    -1143.585020        1.7018
BFGS:  403 20:41:00    -1143.590225        0.5750
BFGS:  404 20:41:00    -1143.591648        0.4210
BFGS:  405 20:41:00    -1143.582988        1.8043
BFGS:  406 20:41:00    -1143.592386        0.3101
BFGS:  407 20:41:00    -1143.591817        1.3940
BFGS:  408 20:41:00    -1143.592470        0.2951
BFGS:  409 20:41:00    -1143.592532        0.2835
BFGS:  410 20:41:00    -1143.583959        1.7454
BFGS:  411 20:41:00    -1143.591539        1.4026
BFGS:  412 20:41:00    -1143.572839        1.3519
BFGS:  413 20:41:00    -1143.586451        0.8139
BFGS:  414 20:41:00    -1143.585222        1.6894
BFGS:  415 20:41:00    -1143.590215        0.5758
BFGS:  416 20:41:00    -1143.591632        0.4237
BFGS:  417 20:41:00    -1143.583078        1.7981
BFGS:  418 20:41:00    -1143.592372        0.3130
BFGS:  419 20:41:00    -1143.591877        1.3910
BFGS:  420 20:41:00    -1143.592456        0.2979
BFGS:  421 20:41:00    -1143.592519        0.2862
BFGS:  422 20:41:00    -1143.584032        1.7431
BFGS:  423 20:41:00    -1143.591599        1.3999
BFGS:  424 20:41:00    -1143.572910        1.3570
BFGS:  425 20:41:00    -1143.586457        0.8149
BFGS:  426 20:41:00    -1143.585254        1.6877
BFGS:  427 20:41:00    -1143.590217        0.5768
BFGS:  428 20:41:00    -1143.591630        0.4248
BFGS:  429 20:41:00    -1143.583157        1.7947
BFGS:  430 20:41:00    -1143.592366        0.3144
BFGS:  431 20:41:00    -1143.591916        1.3894
BFGS:  432 20:41:00    -1143.592449        0.2994
BFGS:  433 20:41:00    -1143.592512        0.2877
BFGS:  434 20:41:00    -1143.584105        1.7397
BFGS:  435 20:41:00    -1143.591637        1.3984
BFGS:  436 20:41:00    -1143.572953        1.3586
BFGS:  437 20:41:00    -1143.586471        0.8145
BFGS:  438 20:41:00    -1143.585336        1.6827
BFGS:  439 20:41:00    -1143.590218        0.5774
BFGS:  440 20:41:00    -1143.591625        0.4262
BFGS:  441 20:41:01    -1143.583239        1.7903
BFGS:  442 20:41:01    -1143.592358        0.3162
BFGS:  443 20:41:01    -1143.591956        1.3875
BFGS:  444 20:41:01    -1143.592441        0.3011
BFGS:  445 20:41:01    -1143.592504        0.2895
BFGS:  446 20:41:01    -1143.584170        1.7372
BFGS:  447 20:41:01    -1143.591677        1.3967
BFGS:  448 20:41:01    -1143.572996        1.3621
BFGS:  449 20:41:01    -1143.586481        0.8152
BFGS:  450 20:41:01    -1143.585396        1.6795
BFGS:  451 20:41:01    -1143.590220        0.5783
BFGS:  452 20:41:01    -1143.591622        0.4274
BFGS:  453 20:41:01    -1143.583313        1.7870
BFGS:  454 20:41:01    -1143.592352        0.3176
BFGS:  455 20:41:01    -1143.591991        1.3859
BFGS:  456 20:41:01    -1143.592435        0.3026
BFGS:  457 20:41:01    -1143.592497        0.2910
BFGS:  458 20:41:01    -1143.584232        1.7349
BFGS:  459 20:41:01    -1143.591712        1.3953
BFGS:  460 20:41:01    -1143.573049        1.3651
BFGS:  461 20:41:01    -1143.586492        0.8157
BFGS:  462 20:41:01    -1143.585443        1.6771
BFGS:  463 20:41:01    -1143.590222        0.5790
BFGS:  464 20:41:01    -1143.591620        0.4284
BFGS:  465 20:41:01    -1143.583384        1.7840
BFGS:  466 20:41:01    -1143.592346        0.3189
BFGS:  467 20:41:01    -1143.592024        1.3845
BFGS:  468 20:41:01    -1143.592429        0.3039
BFGS:  469 20:41:01    -1143.592491        0.2923
BFGS:  470 20:41:01    -1143.584289        1.7329
BFGS:  471 20:41:01    -1143.591744        1.3940
BFGS:  472 20:41:01    -1143.573093        1.3679
BFGS:  473 20:41:01    -1143.586502        0.8162
BFGS:  474 20:41:01    -1143.585486        1.6749
BFGS:  475 20:41:01    -1143.590224        0.5796
BFGS:  476 20:41:01    -1143.591618        0.4293
BFGS:  477 20:41:01    -1143.583448        1.7812
BFGS:  478 20:41:01    -1143.592341        0.3200
BFGS:  479 20:41:02    -1143.592053        1.3832
BFGS:  480 20:41:02    -1143.592424        0.3050
BFGS:  481 20:41:02    -1143.592485        0.2935
BFGS:  482 20:41:02    -1143.584342        1.7309
BFGS:  483 20:41:02    -1143.591773        1.3928
BFGS:  484 20:41:02    -1143.573133        1.3701
BFGS:  485 20:41:02    -1143.586512        0.8165
BFGS:  486 20:41:02    -1143.585529        1.6727
BFGS:  487 20:41:02    -1143.590226        0.5801
BFGS:  488 20:41:02    -1143.591616        0.4301
BFGS:  489 20:41:02    -1143.583507        1.7785
BFGS:  490 20:41:02    -1143.592337        0.3211
BFGS:  491 20:41:02    -1143.592081        1.3820
BFGS:  492 20:41:02    -1143.592419        0.3061
BFGS:  493 20:41:02    -1143.592480        0.2946
BFGS:  494 20:41:02    -1143.584390        1.7290
BFGS:  495 20:41:02    -1143.591799        1.3917
BFGS:  496 20:41:02    -1143.573168        1.3721
BFGS:  497 20:41:02    -1143.586521        0.8168
BFGS:  498 20:41:02    -1143.585570        1.6706
BFGS:  499 20:41:02    -1143.590228        0.5806
