      Step     Time          Energy         fmax
BFGS:    0 20:42:55     -740.460555      193.7210
BFGS:    1 20:42:55     -782.233633      155.2213
BFGS:    2 20:42:55     -809.860709      159.6994
BFGS:    3 20:42:55     -835.745377      145.2048
BFGS:    4 20:42:55     -857.696326      141.9642
BFGS:    5 20:42:55     -877.633281      131.5771
BFGS:    6 20:42:55     -893.984742      126.6124
BFGS:    7 20:42:55     -913.786394      118.2846
BFGS:    8 20:42:55     -929.071594      110.1875
BFGS:    9 20:42:55     -943.639653       98.9375
BFGS:   10 20:42:55     -957.378255       94.1389
BFGS:   11 20:42:55     -971.445019       82.0716
BFGS:   12 20:42:55     -980.806433       79.8818
BFGS:   13 20:42:55     -988.758333       73.1395
BFGS:   14 20:42:55     -996.700069       70.2553
BFGS:   15 20:42:55    -1005.615390       62.1824
BFGS:   16 20:42:56    -1013.090928       58.4884
BFGS:   17 20:42:56    -1018.904779       54.0353
BFGS:   18 20:42:56    -1024.759042       51.1388
BFGS:   19 20:42:56    -1031.033712       46.1175
BFGS:   20 20:42:56    -1036.965461       42.9777
BFGS:   21 20:42:56    -1042.345250       38.1784
BFGS:   22 20:42:56    -1047.231405       35.4991
BFGS:   23 20:42:56    -1051.440924       30.8023
BFGS:   24 20:42:56    -1055.196346       29.8014
BFGS:   25 20:42:56    -1058.098077       26.2892
BFGS:   26 20:42:56    -1060.564721       24.4241
BFGS:   27 20:42:56    -1062.703381       23.4421
BFGS:   28 20:42:56    -1064.536501       21.5297
BFGS:   29 20:42:56    -1066.137541       20.7251
BFGS:   30 20:42:56    -1067.645965       18.9925
BFGS:   31 20:42:56    -1069.022666       18.3384
BFGS:   32 20:42:56    -1070.454234       16.8762
BFGS:   33 20:42:56    -1071.917577       16.0580
BFGS:   34 20:42:56    -1073.405015       15.2044
BFGS:   35 20:42:56    -1074.963249       14.3497
BFGS:   36 20:42:56    -1076.445337       13.2943
BFGS:   37 20:42:56    -1077.789185       12.4361
BFGS:   38 20:42:56    -1078.929531       11.9730
BFGS:   39 20:42:56    -1079.861248       10.7198
BFGS:   40 20:42:56    -1080.703085       10.0991
BFGS:   41 20:42:56    -1081.485639       10.2344
BFGS:   42 20:42:56    -1082.280132       10.2944
BFGS:   43 20:42:56    -1083.021553       10.4846
BFGS:   44 20:42:57    -1083.643019       10.1738
BFGS:   45 20:42:57    -1084.144610        9.8479
BFGS:   46 20:42:57    -1084.539668        9.1153
BFGS:   47 20:42:57    -1084.891881        8.6580
BFGS:   48 20:42:57    -1085.213900        7.7965
BFGS:   49 20:42:57    -1085.526337        7.2064
BFGS:   50 20:42:57    -1085.832960        6.2663
BFGS:   51 20:42:57    -1086.145090        5.4706
BFGS:   52 20:42:57    -1086.454402        5.2953
BFGS:   53 20:42:57    -1086.755852        4.7291
BFGS:   54 20:42:57    -1087.033145        4.6558
BFGS:   55 20:42:57    -1087.268479        4.4500
BFGS:   56 20:42:57    -1087.457813        4.5259
BFGS:   57 20:42:57    -1087.627526        4.6055
BFGS:   58 20:42:57    -1087.795580        4.9120
BFGS:   59 20:42:57    -1087.958922        5.5609
BFGS:   60 20:42:57    -1088.112403        5.8760
BFGS:   61 20:42:57    -1088.251847        6.1415
BFGS:   62 20:42:57    -1088.382622        6.5701
BFGS:   63 20:42:57    -1088.518565        6.7324
BFGS:   64 20:42:57    -1088.671937        6.4430
BFGS:   65 20:42:57    -1088.836023        6.7380
BFGS:   66 20:42:57    -1089.000076        5.7240
BFGS:   67 20:42:57    -1089.220966        5.8207
BFGS:   68 20:42:57    -1089.493805        5.4130
BFGS:   69 20:42:57    -1089.709196        4.5589
BFGS:   70 20:42:57    -1089.836379        3.1430
BFGS:   71 20:42:57    -1089.941655        3.3939
BFGS:   72 20:42:57    -1090.080955        4.0504
BFGS:   73 20:42:58    -1090.200282        4.3676
BFGS:   74 20:42:58    -1090.320902        4.5097
BFGS:   75 20:42:58    -1090.421125        4.8742
BFGS:   76 20:42:58    -1090.545481        4.9895
BFGS:   77 20:42:58    -1090.636425        4.1235
BFGS:   78 20:42:58    -1090.719199        3.4868
BFGS:   79 20:42:58    -1090.778170        2.7785
BFGS:   80 20:42:58    -1090.839586        2.7187
BFGS:   81 20:42:58    -1090.882936        2.7368
BFGS:   82 20:42:58    -1090.937543        3.1085
BFGS:   83 20:42:58    -1090.983233        3.3975
BFGS:   84 20:42:58    -1091.033991        3.4889
BFGS:   85 20:42:58    -1091.084568        3.6089
BFGS:   86 20:42:58    -1091.155806        4.2348
BFGS:   87 20:42:58    -1091.240209        4.9710
BFGS:   88 20:42:58    -1091.350412        5.4753
BFGS:   89 20:42:58    -1091.647787        5.3989
BFGS:   90 20:42:58    -1091.937261        5.2816
BFGS:   91 20:42:58    -1092.188934        5.4596
BFGS:   92 20:42:58    -1092.381698        5.4842
BFGS:   93 20:42:58    -1092.601070        5.4733
BFGS:   94 20:42:58    -1092.882459        4.8268
BFGS:   95 20:42:58    -1093.191346        4.5216
BFGS:   96 20:42:58    -1093.480817        3.9564
BFGS:   97 20:42:58    -1093.742303        2.7849
BFGS:   98 20:42:58    -1093.951584        2.9176
BFGS:   99 20:42:58    -1094.134646        2.8806
BFGS:  100 20:42:58    -1094.290111        2.9432
BFGS:  101 20:42:58    -1094.430690        3.2370
BFGS:  102 20:42:58    -1094.570599        2.9354
BFGS:  103 20:42:58    -1094.736827        2.6635
BFGS:  104 20:42:59    -1094.881303        2.3517
BFGS:  105 20:42:59    -1095.004219        2.2451
BFGS:  106 20:42:59    -1095.115865        2.1354
BFGS:  107 20:42:59    -1095.190349        1.8400
BFGS:  108 20:42:59    -1095.239069        1.5687
BFGS:  109 20:42:59    -1095.267802        1.2442
BFGS:  110 20:42:59    -1095.303552        1.2816
BFGS:  111 20:42:59    -1095.340072        1.6106
BFGS:  112 20:42:59    -1095.370831        1.9315
BFGS:  113 20:42:59    -1095.399037        2.0798
BFGS:  114 20:42:59    -1095.425814        2.0383
BFGS:  115 20:42:59    -1095.452033        2.2512
BFGS:  116 20:42:59    -1095.486871        2.0018
BFGS:  117 20:42:59    -1095.529759        2.1423
BFGS:  118 20:42:59    -1095.573428        2.1434
BFGS:  119 20:42:59    -1095.641325        2.6358
BFGS:  120 20:42:59    -1095.699977        2.6856
BFGS:  121 20:42:59    -1095.789205        3.0110
BFGS:  122 20:42:59    -1095.861004        2.1382
BFGS:  123 20:42:59    -1095.897691        1.9436
BFGS:  124 20:42:59    -1095.933736        2.0756
BFGS:  125 20:42:59    -1095.965775        1.7848
BFGS:  126 20:42:59    -1095.990460        1.5576
BFGS:  127 20:42:59    -1096.015315        1.3979
BFGS:  128 20:42:59    -1096.046469        1.5383
BFGS:  129 20:42:59    -1096.075214        1.9361
BFGS:  130 20:42:59    -1096.097844        2.3181
BFGS:  131 20:42:59    -1096.125442        2.4876
BFGS:  132 20:42:59    -1096.178230        2.2789
BFGS:  133 20:42:59    -1096.241976        2.6136
BFGS:  134 20:42:59    -1096.288866        2.4325
BFGS:  135 20:42:59    -1096.338083        2.3083
BFGS:  136 20:43:00    -1096.372876        1.7833
BFGS:  137 20:43:00    -1096.394798        1.6110
BFGS:  138 20:43:00    -1096.411799        1.4391
BFGS:  139 20:43:00    -1096.426572        1.0887
BFGS:  140 20:43:00    -1096.441177        0.7346
BFGS:  141 20:43:00    -1096.450970        0.4756
BFGS:  142 20:43:00    -1096.456971        0.4563
BFGS:  143 20:43:00    -1096.461198        0.3402
BFGS:  144 20:43:00    -1096.463648        0.2279
BFGS:  145 20:43:00    -1096.464859        0.1884
BFGS:  146 20:43:00    -1096.465452        0.1713
BFGS:  147 20:43:00    -1096.465815        0.1433
BFGS:  148 20:43:00    -1096.466028        0.1071
BFGS:  149 20:43:00    -1096.466143        0.0778
