      Step     Time          Energy         fmax
BFGS:    0 20:46:42     -727.803960      152.8062
BFGS:    1 20:46:42     -769.630934      156.9724
BFGS:    2 20:46:42     -802.070010      165.5460
BFGS:    3 20:46:42     -834.684896      157.9449
BFGS:    4 20:46:42     -856.701965      148.4570
BFGS:    5 20:46:42     -876.999386      133.7536
BFGS:    6 20:46:42     -894.310800      122.6486
BFGS:    7 20:46:42     -909.715909      112.3377
BFGS:    8 20:46:42     -929.822589      109.2530
BFGS:    9 20:46:42     -945.943840      104.4262
BFGS:   10 20:46:42     -959.387797       97.2420
BFGS:   11 20:46:42     -971.893179       94.8978
BFGS:   12 20:46:42     -983.909444       87.9347
BFGS:   13 20:46:42     -994.290093       82.1251
BFGS:   14 20:46:42    -1003.188577       74.0809
BFGS:   15 20:46:42    -1012.119232       63.8620
BFGS:   16 20:46:42    -1018.443015       58.8189
BFGS:   17 20:46:42    -1023.687467       52.7609
BFGS:   18 20:46:42    -1028.783338       47.1038
BFGS:   19 20:46:42    -1033.702909       40.8397
BFGS:   20 20:46:42    -1037.764312       35.0200
BFGS:   21 20:46:42    -1041.936139       30.0076
BFGS:   22 20:46:42    -1045.761904       25.3877
BFGS:   23 20:46:42    -1048.197620       22.6079
BFGS:   24 20:46:43    -1049.918785       20.2807
BFGS:   25 20:46:43    -1051.282370       19.8433
BFGS:   26 20:46:43    -1052.655953       17.5157
BFGS:   27 20:46:43    -1054.080191       15.9524
BFGS:   28 20:46:43    -1055.597006       14.1824
BFGS:   29 20:46:43    -1056.964178       13.2214
BFGS:   30 20:46:43    -1058.007897       11.0571
BFGS:   31 20:46:43    -1058.922256       13.5817
BFGS:   32 20:46:43    -1059.769054       11.3206
BFGS:   33 20:46:43    -1060.536642        9.4698
BFGS:   34 20:46:43    -1061.158569        7.1271
BFGS:   35 20:46:43    -1061.729700        5.6701
BFGS:   36 20:46:43    -1062.241257        5.0743
BFGS:   37 20:46:43    -1062.679173        5.0197
BFGS:   38 20:46:43    -1063.091538        4.9593
BFGS:   39 20:46:43    -1063.502137        4.7993
BFGS:   40 20:46:43    -1063.914810        4.3356
BFGS:   41 20:46:43    -1064.329360        4.4624
BFGS:   42 20:46:43    -1064.760397        4.6822
BFGS:   43 20:46:43    -1065.138038        4.7207
BFGS:   44 20:46:43    -1065.494436        4.5103
BFGS:   45 20:46:43    -1065.820434        4.8008
BFGS:   46 20:46:43    -1066.157976        5.5137
BFGS:   47 20:46:43    -1066.426576        6.8467
BFGS:   48 20:46:43    -1067.613501        8.4278
BFGS:   49 20:46:43    -1068.661983        9.9825
BFGS:   50 20:46:43    -1069.691506       11.2164
BFGS:   51 20:46:43    -1070.760884       12.1636
BFGS:   52 20:46:44    -1071.825519       12.7928
BFGS:   53 20:46:44    -1072.854176       12.8528
BFGS:   54 20:46:44    -1073.847899       12.8054
BFGS:   55 20:46:44    -1074.761077       13.4484
BFGS:   56 20:46:44    -1075.759203       14.8718
BFGS:   57 20:46:44    -1076.826230       15.8324
BFGS:   58 20:46:44    -1077.906112       16.5689
BFGS:   59 20:46:44    -1078.974661       17.4248
BFGS:   60 20:46:44    -1080.022094       17.9827
BFGS:   61 20:46:44    -1081.073611       17.8687
BFGS:   62 20:46:44    -1082.126765       17.2546
BFGS:   63 20:46:44    -1083.187200       15.8652
BFGS:   64 20:46:44    -1084.206381       14.5512
BFGS:   65 20:46:44    -1085.179242       12.7902
BFGS:   66 20:46:44    -1086.091993       11.4452
BFGS:   67 20:46:44    -1086.990424       10.1224
BFGS:   68 20:46:44    -1088.064217       10.1911
BFGS:   69 20:46:44    -1089.090013       10.1378
BFGS:   70 20:46:44    -1090.093847        9.6495
BFGS:   71 20:46:44    -1091.012961        9.2448
BFGS:   72 20:46:44    -1091.938226        8.4140
BFGS:   73 20:46:44    -1092.868516        8.1009
BFGS:   74 20:46:44    -1093.774155        7.8410
BFGS:   75 20:46:44    -1094.527742        7.6862
BFGS:   76 20:46:44    -1095.169888        6.9708
BFGS:   77 20:46:44    -1095.701399        6.9055
BFGS:   78 20:46:44    -1096.189072        7.1844
BFGS:   79 20:46:44    -1096.670463        7.0774
BFGS:   80 20:46:44    -1097.197816        7.2250
BFGS:   81 20:46:44    -1097.640165        5.9833
BFGS:   82 20:46:44    -1098.132695        6.5258
BFGS:   83 20:46:44    -1098.501671        6.5675
BFGS:   84 20:46:45    -1098.875252        6.0306
BFGS:   85 20:46:45    -1099.275861        5.3618
BFGS:   86 20:46:45    -1099.639697        5.8806
BFGS:   87 20:46:45    -1100.005150        4.7102
BFGS:   88 20:46:45    -1100.356468        3.9360
BFGS:   89 20:46:45    -1100.696570        3.8210
BFGS:   90 20:46:45    -1101.058000        4.9701
BFGS:   91 20:46:45    -1101.408722        5.5430
BFGS:   92 20:46:45    -1101.740162        6.1832
BFGS:   93 20:46:45    -1102.128602        6.3351
BFGS:   94 20:46:45    -1102.524038        6.5925
BFGS:   95 20:46:45    -1102.902632        6.8840
BFGS:   96 20:46:45    -1103.269037        7.7609
BFGS:   97 20:46:45    -1103.634716        8.8090
BFGS:   98 20:46:45    -1103.967053        9.6854
BFGS:   99 20:46:45    -1104.319170       10.5778
BFGS:  100 20:46:45    -1104.663253       10.9868
BFGS:  101 20:46:45    -1105.086987       10.7976
BFGS:  102 20:46:45    -1105.554100        9.4321
BFGS:  103 20:46:45    -1106.029094        8.4759
BFGS:  104 20:46:45    -1106.361360        9.1029
BFGS:  105 20:46:45    -1106.721162       12.1442
BFGS:  106 20:46:45    -1107.148668       12.5642
BFGS:  107 20:46:45    -1107.582166       10.6738
BFGS:  108 20:46:45    -1107.969043        9.8474
BFGS:  109 20:46:45    -1108.296660        6.8320
BFGS:  110 20:46:45    -1108.603700        3.6679
BFGS:  111 20:46:45    -1108.829802        3.1046
BFGS:  112 20:46:45    -1108.977173        3.5358
BFGS:  113 20:46:45    -1109.087052        3.5083
BFGS:  114 20:46:45    -1109.180976        2.8935
BFGS:  115 20:46:45    -1109.236377        2.2896
BFGS:  116 20:46:45    -1109.286956        1.4093
BFGS:  117 20:46:45    -1109.317154        1.2131
BFGS:  118 20:46:45    -1109.349661        1.1054
BFGS:  119 20:46:46    -1109.372406        1.0618
BFGS:  120 20:46:46    -1109.389685        1.4015
BFGS:  121 20:46:46    -1109.407786        1.7979
BFGS:  122 20:46:46    -1109.428265        2.0175
BFGS:  123 20:46:46    -1109.442367        1.6203
BFGS:  124 20:46:46    -1109.452461        1.4316
BFGS:  125 20:46:46    -1109.460223        1.0679
BFGS:  126 20:46:46    -1109.468216        0.8758
BFGS:  127 20:46:46    -1109.474022        0.7918
BFGS:  128 20:46:46    -1109.478776        0.8004
BFGS:  129 20:46:46    -1109.482427        0.8236
BFGS:  130 20:46:46    -1109.485265        0.7807
BFGS:  131 20:46:46    -1109.487863        0.7125
BFGS:  132 20:46:46    -1109.490322        0.6188
BFGS:  133 20:46:46    -1109.492291        0.5368
BFGS:  134 20:46:46    -1109.493899        0.5369
BFGS:  135 20:46:46    -1109.495263        0.5191
BFGS:  136 20:46:46    -1109.496516        0.4885
BFGS:  137 20:46:46    -1109.497696        0.4314
BFGS:  138 20:46:46    -1109.499015        0.3902
BFGS:  139 20:46:46    -1109.500381        0.3176
BFGS:  140 20:46:46    -1109.501442        0.2084
BFGS:  141 20:46:46    -1109.501991        0.1515
BFGS:  142 20:46:46    -1109.502229        0.1264
BFGS:  143 20:46:46    -1109.502379        0.0981
