      Step     Time          Energy         fmax
BFGS:    0 20:49:27     -725.519596      222.2817
BFGS:    1 20:49:27     -778.341335      197.2546
BFGS:    2 20:49:27     -815.513742      172.6767
BFGS:    3 20:49:28     -851.577631      144.2841
BFGS:    4 20:49:28     -880.066607      135.9934
BFGS:    5 20:49:28     -900.190767      126.4370
BFGS:    6 20:49:28     -919.588089      115.6540
BFGS:    7 20:49:28     -938.371810      107.8595
BFGS:    8 20:49:28     -951.497943      104.0700
BFGS:    9 20:49:28     -965.528587       93.5975
BFGS:   10 20:49:28     -975.231112       87.9883
BFGS:   11 20:49:28     -984.691128       85.5613
BFGS:   12 20:49:28     -994.603572       72.6241
BFGS:   13 20:49:28    -1003.899216       68.1199
BFGS:   14 20:49:28    -1009.815426       63.3716
BFGS:   15 20:49:28    -1014.691478       60.1805
BFGS:   16 20:49:28    -1019.913084       55.4069
BFGS:   17 20:49:28    -1025.933086       50.7653
BFGS:   18 20:49:28    -1030.257294       46.0060
BFGS:   19 20:49:28    -1033.882896       43.0070
BFGS:   20 20:49:28    -1036.907071       41.3619
BFGS:   21 20:49:28    -1040.122707       38.9731
BFGS:   22 20:49:28    -1043.231652       37.8406
BFGS:   23 20:49:28    -1046.035525       35.7350
BFGS:   24 20:49:28    -1048.741632       32.5923
BFGS:   25 20:49:28    -1051.324503       28.9285
BFGS:   26 20:49:28    -1053.901663       25.7640
BFGS:   27 20:49:28    -1056.524886       24.7264
BFGS:   28 20:49:28    -1059.018182       22.6966
BFGS:   29 20:49:29    -1061.465760       21.3334
BFGS:   30 20:49:29    -1063.781327       19.9336
BFGS:   31 20:49:29    -1066.025167       19.8298
BFGS:   32 20:49:29    -1068.065551       18.3144
BFGS:   33 20:49:29    -1069.737803       16.7710
BFGS:   34 20:49:29    -1071.430092       14.3924
BFGS:   35 20:49:29    -1073.050363       12.0839
BFGS:   36 20:49:29    -1074.546020       12.2562
BFGS:   37 20:49:29    -1075.771045       10.8669
BFGS:   38 20:49:29    -1076.778433        9.7965
BFGS:   39 20:49:29    -1077.671371        8.3187
BFGS:   40 20:49:29    -1078.577146        8.2453
BFGS:   41 20:49:29    -1079.404973        9.4422
BFGS:   42 20:49:29    -1080.136058        9.9563
BFGS:   43 20:49:29    -1080.825611        9.5685
BFGS:   44 20:49:29    -1081.449822        9.5898
BFGS:   45 20:49:29    -1082.071640        9.6406
BFGS:   46 20:49:29    -1082.667152        9.3812
BFGS:   47 20:49:29    -1083.322342        9.4402
BFGS:   48 20:49:29    -1083.930159        8.9992
BFGS:   49 20:49:29    -1084.549857        8.2380
BFGS:   50 20:49:29    -1085.032453        8.1224
BFGS:   51 20:49:29    -1085.530056        7.7722
BFGS:   52 20:49:29    -1085.854875        7.2518
BFGS:   53 20:49:29    -1086.107483        6.3586
BFGS:   54 20:49:29    -1086.365809        5.2415
BFGS:   55 20:49:29    -1086.627270        6.3160
BFGS:   56 20:49:29    -1086.878078        7.5462
BFGS:   57 20:49:29    -1087.149242        8.7411
BFGS:   58 20:49:30    -1087.469541        9.0351
BFGS:   59 20:49:30    -1087.704842        9.4669
BFGS:   60 20:49:30    -1088.055494       10.1868
BFGS:   61 20:49:30    -1088.344862       11.0814
BFGS:   62 20:49:30    -1088.659903       11.6794
BFGS:   63 20:49:30    -1089.001354       11.6572
BFGS:   64 20:49:30    -1089.425587       10.9674
BFGS:   65 20:49:30    -1089.884958        9.8408
BFGS:   66 20:49:30    -1090.314439        7.7123
BFGS:   67 20:49:30    -1090.684549        6.4016
BFGS:   68 20:49:30    -1091.025401        5.2570
BFGS:   69 20:49:30    -1091.258697        4.6492
BFGS:   70 20:49:30    -1091.490850        4.3629
BFGS:   71 20:49:30    -1091.760956        4.0204
BFGS:   72 20:49:30    -1091.951245        3.5592
BFGS:   73 20:49:30    -1092.056918        3.8147
BFGS:   74 20:49:30    -1092.171901        3.3066
BFGS:   75 20:49:30    -1092.298084        3.0638
BFGS:   76 20:49:30    -1092.383128        3.7735
BFGS:   77 20:49:30    -1092.493205        1.9509
BFGS:   78 20:49:30    -1092.538969        2.7220
BFGS:   79 20:49:30    -1092.579534        2.6226
BFGS:   80 20:49:30    -1092.624179        2.1602
BFGS:   81 20:49:30    -1092.631387        2.2102
BFGS:   82 20:49:30    -1092.663787        1.5177
BFGS:   83 20:49:30    -1092.661411        1.9134
BFGS:   84 20:49:30    -1092.676822        1.5843
BFGS:   85 20:49:30    -1092.660684        2.0585
BFGS:   86 20:49:30    -1092.681542        1.2342
BFGS:   87 20:49:31    -1092.681150        1.9877
BFGS:   88 20:49:31    -1092.691545        1.1167
BFGS:   89 20:49:31    -1092.695066        1.0348
BFGS:   90 20:49:31    -1092.685216        1.8499
BFGS:   91 20:49:31    -1092.695209        1.7803
BFGS:   92 20:49:31    -1092.691767        1.1489
BFGS:   93 20:49:31    -1092.703838        1.2661
BFGS:   94 20:49:31    -1092.707890        1.8658
BFGS:   95 20:49:31    -1092.709689        1.3594
BFGS:   96 20:49:31    -1092.711188        1.3042
BFGS:   97 20:49:31    -1092.714718        0.7775
BFGS:   98 20:49:31    -1092.710999        1.6883
BFGS:   99 20:49:31    -1092.716715        1.0868
BFGS:  100 20:49:31    -1092.717922        0.6734
BFGS:  101 20:49:31    -1092.720234        0.9982
BFGS:  102 20:49:31    -1092.720554        0.6812
BFGS:  103 20:49:31    -1092.721328        1.2503
BFGS:  104 20:49:31    -1092.722500        1.1889
BFGS:  105 20:49:31    -1092.723007        0.8329
BFGS:  106 20:49:31    -1092.723958        0.8024
BFGS:  107 20:49:31    -1092.724934        0.9126
BFGS:  108 20:49:31    -1092.726201        0.9271
BFGS:  109 20:49:31    -1092.725802        0.9443
BFGS:  110 20:49:31    -1092.726433        0.9286
BFGS:  111 20:49:31    -1092.725773        0.8962
BFGS:  112 20:49:31    -1092.726731        0.8984
BFGS:  113 20:49:31    -1092.725010        0.9777
BFGS:  114 20:49:31    -1092.726622        0.9384
BFGS:  115 20:49:31    -1092.723759        0.8727
BFGS:  116 20:49:32    -1092.726340        0.8727
BFGS:  117 20:49:32    -1092.723203        1.0371
BFGS:  118 20:49:32    -1092.726615        0.9283
BFGS:  119 20:49:32    -1092.725953        0.8735
BFGS:  120 20:49:32    -1092.727095        0.8719
BFGS:  121 20:49:32    -1092.720459        1.0600
BFGS:  122 20:49:32    -1092.725405        0.9779
BFGS:  123 20:49:32    -1092.716992        0.9350
BFGS:  124 20:49:32    -1092.725355        0.8619
BFGS:  125 20:49:32    -1092.718985        1.0689
BFGS:  126 20:49:32    -1092.725998        0.9772
BFGS:  127 20:49:32    -1092.712209        0.9761
BFGS:  128 20:49:32    -1092.724045        0.8622
BFGS:  129 20:49:32    -1092.717287        1.0641
BFGS:  130 20:49:32    -1092.726230        0.9805
BFGS:  131 20:49:32    -1092.705908        1.0440
BFGS:  132 20:49:32    -1092.722711        0.8674
BFGS:  133 20:49:32    -1092.716115        1.0591
BFGS:  134 20:49:32    -1092.726494        0.9581
BFGS:  135 20:49:32    -1092.721807        0.8851
BFGS:  136 20:49:32    -1092.725843        0.8574
BFGS:  137 20:49:32    -1092.710111        1.1126
BFGS:  138 20:49:32    -1092.723302        1.0169
BFGS:  139 20:49:32    -1092.684390        1.9614
BFGS:  140 20:49:32    -1092.722273        1.0256
BFGS:  141 20:49:32    -1092.717328        1.0878
BFGS:  142 20:49:32    -1092.726562        0.9329
BFGS:  143 20:49:32    -1092.722199        0.9744
BFGS:  144 20:49:32    -1092.725823        0.8927
BFGS:  145 20:49:32    -1092.706622        1.0776
BFGS:  146 20:49:33    -1092.722145        1.0125
BFGS:  147 20:49:33    -1092.678637        1.7898
BFGS:  148 20:49:33    -1092.720654        0.9452
BFGS:  149 20:49:33    -1092.712274        1.0415
BFGS:  150 20:49:33    -1092.726036        0.9917
BFGS:  151 20:49:33    -1092.663705        2.0177
BFGS:  152 20:49:33    -1092.719131        1.0242
BFGS:  153 20:49:33    -1092.719382        1.0741
BFGS:  154 20:49:33    -1092.726024        0.8658
BFGS:  155 20:49:33    -1092.725392        0.9836
BFGS:  156 20:49:33    -1092.727005        0.9557
BFGS:  157 20:49:33    -1092.724019        0.9093
BFGS:  158 20:49:33    -1092.725844        0.8762
BFGS:  159 20:49:33    -1092.697631        1.1858
BFGS:  160 20:49:33    -1092.719551        1.0496
BFGS:  161 20:49:33    -1092.648780        2.5427
BFGS:  162 20:49:33    -1092.722106        1.0048
BFGS:  163 20:49:33    -1092.716919        1.1086
BFGS:  164 20:49:33    -1092.726306        1.0000
BFGS:  165 20:49:33    -1092.665057        2.2273
BFGS:  166 20:49:33    -1092.716100        1.0669
BFGS:  167 20:49:33    -1092.710294        1.1320
BFGS:  168 20:49:33    -1092.726880        0.9647
BFGS:  169 20:49:33    -1092.710838        1.1906
BFGS:  170 20:49:33    -1092.722118        0.9427
BFGS:  171 20:49:33    -1092.694296        1.2003
BFGS:  172 20:49:33    -1092.720187        1.0522
BFGS:  173 20:49:33    -1092.608034        3.1138
BFGS:  174 20:49:33    -1092.720816        1.0201
BFGS:  175 20:49:34    -1092.718058        1.0986
BFGS:  176 20:49:34    -1092.726981        0.9427
BFGS:  177 20:49:34    -1092.714623        1.1443
BFGS:  178 20:49:34    -1092.722758        0.9494
BFGS:  179 20:49:34    -1092.687365        1.2924
BFGS:  180 20:49:34    -1092.717726        1.0803
BFGS:  181 20:49:34    -1092.625448        3.0314
BFGS:  182 20:49:34    -1092.721204        1.0289
BFGS:  183 20:49:34    -1092.714989        1.1395
BFGS:  184 20:49:34    -1092.725848        1.0088
BFGS:  185 20:49:34    -1092.604112        3.4562
BFGS:  186 20:49:34    -1092.715386        1.1462
BFGS:  187 20:49:34    -1092.718599        1.1221
BFGS:  188 20:49:34    -1092.725018        0.8977
BFGS:  189 20:49:34    -1092.725288        0.9903
BFGS:  190 20:49:34    -1092.726746        0.8612
BFGS:  191 20:49:34    -1092.726468        0.9591
BFGS:  192 20:49:34    -1092.726872        0.9493
BFGS:  193 20:49:34    -1092.670268        2.3771
BFGS:  194 20:49:34    -1092.717581        1.1062
BFGS:  195 20:49:34    -1092.711821        1.2009
BFGS:  196 20:49:34    -1092.726419        0.9728
BFGS:  197 20:49:34    -1092.684653        1.9674
BFGS:  198 20:49:34    -1092.718307        1.0757
BFGS:  199 20:49:34    -1092.707868        1.2329
BFGS:  200 20:49:34    -1092.724990        1.0048
BFGS:  201 20:49:34    -1092.611499        3.2971
BFGS:  202 20:49:34    -1092.719208        1.0814
BFGS:  203 20:49:34    -1092.721479        1.0972
BFGS:  204 20:49:35    -1092.725599        0.8837
BFGS:  205 20:49:35    -1092.725962        0.9906
BFGS:  206 20:49:35    -1092.726954        0.8515
BFGS:  207 20:49:35    -1092.726773        0.9870
BFGS:  208 20:49:35    -1092.727173        0.9578
BFGS:  209 20:49:35    -1092.722708        0.9812
BFGS:  210 20:49:35    -1092.725094        0.9057
BFGS:  211 20:49:35    -1092.688558        1.4404
BFGS:  212 20:49:35    -1092.716250        1.1638
BFGS:  213 20:49:35    -1092.642667        2.9891
BFGS:  214 20:49:35    -1092.724896        0.9541
BFGS:  215 20:49:35    -1092.716038        1.1707
BFGS:  216 20:49:35    -1092.724099        1.0007
BFGS:  217 20:49:35    -1092.618300        3.5145
BFGS:  218 20:49:35    -1092.719920        1.0976
BFGS:  219 20:49:35    -1092.720267        1.1167
BFGS:  220 20:49:35    -1092.726493        0.8796
BFGS:  221 20:49:35    -1092.724791        0.9984
BFGS:  222 20:49:35    -1092.726579        0.9565
BFGS:  223 20:49:35    -1092.705645        1.5092
BFGS:  224 20:49:35    -1092.720369        1.0538
BFGS:  225 20:49:35    -1092.699961        1.3849
BFGS:  226 20:49:35    -1092.721364        1.0784
BFGS:  227 20:49:35    -1092.629933        3.2321
BFGS:  228 20:49:35    -1092.721650        1.0393
BFGS:  229 20:49:35    -1092.718582        1.1468
BFGS:  230 20:49:35    -1092.726656        0.9582
BFGS:  231 20:49:35    -1092.669104        2.5054
BFGS:  232 20:49:35    -1092.716719        1.1540
BFGS:  233 20:49:35    -1092.711237        1.2611
BFGS:  234 20:49:36    -1092.726203        0.9872
BFGS:  235 20:49:36    -1092.614833        3.4203
BFGS:  236 20:49:36    -1092.718020        1.1253
BFGS:  237 20:49:36    -1092.721314        1.1079
BFGS:  238 20:49:36    -1092.725397        0.8949
BFGS:  239 20:49:36    -1092.725898        0.9925
BFGS:  240 20:49:36    -1092.726794        0.8565
BFGS:  241 20:49:36    -1092.726888        0.9659
BFGS:  242 20:49:36    -1092.727144        0.8492
BFGS:  243 20:49:36    -1092.727137        0.9578
BFGS:  244 20:49:36    -1092.727243        0.8483
BFGS:  245 20:49:36    -1092.727197        0.9875
BFGS:  246 20:49:36    -1092.727229        0.9870
BFGS:  247 20:49:36    -1092.652578        2.7564
BFGS:  248 20:49:36    -1092.722641        0.8169
BFGS:  249 20:49:36    -1092.726371        1.0020
BFGS:  250 20:49:36    -1092.725244        0.8281
BFGS:  251 20:49:36    -1092.726408        0.8379
BFGS:  252 20:49:36    -1092.692570        2.1187
BFGS:  253 20:49:36    -1092.715242        1.2317
BFGS:  254 20:49:36    -1092.629963        2.8890
BFGS:  255 20:49:36    -1092.726860        0.9868
BFGS:  256 20:49:36    -1092.721360        0.8605
BFGS:  257 20:49:36    -1092.724380        0.8603
BFGS:  258 20:49:36    -1092.696407        1.4652
BFGS:  259 20:49:36    -1092.717561        1.1131
BFGS:  260 20:49:36    -1092.629296        2.8911
BFGS:  261 20:49:36    -1092.726014        0.8925
BFGS:  262 20:49:36    -1092.718969        1.0972
BFGS:  263 20:49:37    -1092.724781        1.0181
BFGS:  264 20:49:37    -1092.600488        3.2051
BFGS:  265 20:49:37    -1092.721385        0.9015
BFGS:  266 20:49:37    -1092.724088        1.0211
BFGS:  267 20:49:37    -1092.725352        0.8693
BFGS:  268 20:49:37    -1092.727179        0.9359
BFGS:  269 20:49:37    -1092.726515        0.8673
BFGS:  270 20:49:37    -1092.726937        0.8675
BFGS:  271 20:49:37    -1092.655200        2.7331
BFGS:  272 20:49:37    -1092.704898        1.2825
BFGS:  273 20:49:37    -1092.670790        2.3802
BFGS:  274 20:49:37    -1092.721915        1.0536
BFGS:  275 20:49:37    -1092.722265        0.9193
BFGS:  276 20:49:37    -1092.726406        0.8984
BFGS:  277 20:49:37    -1092.665608        2.5153
BFGS:  278 20:49:37    -1092.704839        1.2653
BFGS:  279 20:49:37    -1092.673334        2.2953
BFGS:  280 20:49:37    -1092.722391        1.0455
BFGS:  281 20:49:37    -1092.721300        0.9586
BFGS:  282 20:49:37    -1092.725808        0.9233
BFGS:  283 20:49:37    -1092.665660        1.7493
BFGS:  284 20:49:37    -1092.702269        1.2635
BFGS:  285 20:49:37    -1092.679554        1.5036
BFGS:  286 20:49:37    -1092.726929        0.9043
BFGS:  287 20:49:37    -1092.693529        1.3613
BFGS:  288 20:49:37    -1092.713210        1.1453
BFGS:  289 20:49:37    -1092.649916        2.4913
BFGS:  290 20:49:37    -1092.725194        0.9386
BFGS:  291 20:49:37    -1092.712091        1.1532
BFGS:  292 20:49:37    -1092.721901        1.0569
BFGS:  293 20:49:38    -1092.623705        2.7655
BFGS:  294 20:49:38    -1092.719161        0.9875
BFGS:  295 20:49:38    -1092.718753        1.0750
BFGS:  296 20:49:38    -1092.726230        0.9139
BFGS:  297 20:49:38    -1092.724102        1.0344
BFGS:  298 20:49:38    -1092.726374        1.0141
BFGS:  299 20:49:38    -1092.609527        2.9579
BFGS:  300 20:49:38    -1092.715760        1.0020
BFGS:  301 20:49:38    -1092.722273        1.0359
BFGS:  302 20:49:38    -1092.723499        0.9131
BFGS:  303 20:49:38    -1092.726928        0.8910
BFGS:  304 20:49:38    -1092.654222        1.7320
BFGS:  305 20:49:38    -1092.699618        1.2649
BFGS:  306 20:49:38    -1092.681298        1.4791
BFGS:  307 20:49:38    -1092.726438        0.8942
BFGS:  308 20:49:38    -1092.684099        1.3941
BFGS:  309 20:49:38    -1092.709891        1.1614
BFGS:  310 20:49:38    -1092.660124        2.3772
BFGS:  311 20:49:38    -1092.725637        0.9275
BFGS:  312 20:49:38    -1092.707710        1.1787
BFGS:  313 20:49:38    -1092.719820        1.0727
BFGS:  314 20:49:38    -1092.633346        2.6278
BFGS:  315 20:49:38    -1092.718945        0.9998
BFGS:  316 20:49:38    -1092.715655        1.0925
BFGS:  317 20:49:38    -1092.726678        0.8891
BFGS:  318 20:49:38    -1092.719998        0.9736
BFGS:  319 20:49:38    -1092.724849        0.9252
BFGS:  320 20:49:38    -1092.654503        1.6498
BFGS:  321 20:49:38    -1092.700986        1.2314
BFGS:  322 20:49:39    -1092.677331        1.6221
BFGS:  323 20:49:39    -1092.724933        0.9212
BFGS:  324 20:49:39    -1092.683062        1.3675
BFGS:  325 20:49:39    -1092.710394        1.1468
BFGS:  326 20:49:39    -1092.659378        2.3557
BFGS:  327 20:49:39    -1092.724447        0.9478
BFGS:  328 20:49:39    -1092.707072        1.1713
BFGS:  329 20:49:39    -1092.720225        1.0713
BFGS:  330 20:49:39    -1092.633665        2.6008
BFGS:  331 20:49:39    -1092.717740        1.0284
BFGS:  332 20:49:39    -1092.715091        1.0922
BFGS:  333 20:49:39    -1092.726757        0.8820
BFGS:  334 20:49:39    -1092.718972        0.9983
BFGS:  335 20:49:39    -1092.724312        0.9377
BFGS:  336 20:49:39    -1092.652878        1.5966
BFGS:  337 20:49:39    -1092.701225        1.2120
BFGS:  338 20:49:39    -1092.675497        1.6985
BFGS:  339 20:49:39    -1092.723990        0.9378
BFGS:  340 20:49:39    -1092.680476        1.3530
BFGS:  341 20:49:39    -1092.710042        1.1409
BFGS:  342 20:49:39    -1092.660831        2.3251
BFGS:  343 20:49:39    -1092.723859        0.9593
BFGS:  344 20:49:39    -1092.705786        1.1690
BFGS:  345 20:49:39    -1092.720009        1.0735
BFGS:  346 20:49:39    -1092.635771        2.5653
BFGS:  347 20:49:39    -1092.717074        1.0479
BFGS:  348 20:49:39    -1092.714085        1.0955
BFGS:  349 20:49:39    -1092.726631        0.8786
BFGS:  350 20:49:39    -1092.718330        1.0173
BFGS:  351 20:49:40    -1092.724132        0.9459
BFGS:  352 20:49:40    -1092.651014        1.5525
BFGS:  353 20:49:40    -1092.701259        1.1966
BFGS:  354 20:49:40    -1092.674317        1.7542
BFGS:  355 20:49:40    -1092.723239        0.9527
BFGS:  356 20:49:40    -1092.677685        1.3406
BFGS:  357 20:49:40    -1092.709566        1.1366
BFGS:  358 20:49:40    -1092.661876        1.9901
BFGS:  359 20:49:40    -1092.718728        1.0005
BFGS:  360 20:49:40    -1092.689545        1.2422
BFGS:  361 20:49:40    -1092.716457        1.0901
BFGS:  362 20:49:40    -1092.645453        2.4889
BFGS:  363 20:49:40    -1092.718965        1.0083
BFGS:  364 20:49:40    -1092.710608        1.1175
BFGS:  365 20:49:40    -1092.724855        1.0513
BFGS:  366 20:49:40    -1092.624545        2.7138
BFGS:  367 20:49:40    -1092.712846        1.0913
BFGS:  368 20:49:40    -1092.717569        1.0708
BFGS:  369 20:49:40    -1092.723814        0.9363
BFGS:  370 20:49:40    -1092.725067        1.0475
BFGS:  371 20:49:40    -1092.726098        0.9124
BFGS:  372 20:49:40    -1092.726331        0.8971
BFGS:  373 20:49:40    -1092.726590        0.8917
BFGS:  374 20:49:40    -1092.615194        2.9545
BFGS:  375 20:49:40    -1092.719155        1.0263
BFGS:  376 20:49:40    -1092.714652        1.0776
BFGS:  377 20:49:40    -1092.726148        0.9038
BFGS:  378 20:49:40    -1092.717523        1.0504
BFGS:  379 20:49:40    -1092.724121        0.9434
BFGS:  380 20:49:41    -1092.657509        1.4156
BFGS:  381 20:49:41    -1092.700614        1.1508
BFGS:  382 20:49:41    -1092.678820        1.8278
BFGS:  383 20:49:41    -1092.725203        0.9311
BFGS:  384 20:49:41    -1092.678979        1.2675
BFGS:  385 20:49:41    -1092.707703        1.1148
BFGS:  386 20:49:41    -1092.668162        2.0518
BFGS:  387 20:49:41    -1092.721285        0.9876
BFGS:  388 20:49:41    -1092.689539        1.1936
BFGS:  389 20:49:41    -1092.714294        1.0799
BFGS:  390 20:49:41    -1092.654504        2.4009
BFGS:  391 20:49:41    -1092.721653        0.9927
BFGS:  392 20:49:41    -1092.709473        1.1034
BFGS:  393 20:49:41    -1092.722691        1.0543
BFGS:  394 20:49:41    -1092.633241        2.6326
BFGS:  395 20:49:41    -1092.715669        1.0899
BFGS:  396 20:49:41    -1092.716853        1.0645
BFGS:  397 20:49:41    -1092.725394        0.9318
BFGS:  398 20:49:41    -1092.723693        1.0501
BFGS:  399 20:49:41    -1092.726152        0.8928
BFGS:  400 20:49:41    -1092.724661        0.9474
BFGS:  401 20:49:41    -1092.726392        0.9216
BFGS:  402 20:49:41    -1092.654356        1.3615
BFGS:  403 20:49:41    -1092.699172        1.1334
BFGS:  404 20:49:41    -1092.681799        1.7749
BFGS:  405 20:49:41    -1092.725711        0.9305
BFGS:  406 20:49:41    -1092.672577        1.2516
BFGS:  407 20:49:41    -1092.705084        1.1090
BFGS:  408 20:49:41    -1092.673211        1.9624
BFGS:  409 20:49:42    -1092.722449        0.9776
BFGS:  410 20:49:42    -1092.682954        1.1902
BFGS:  411 20:49:42    -1092.710916        1.0846
BFGS:  412 20:49:42    -1092.664088        2.1496
BFGS:  413 20:49:42    -1092.719061        1.0253
BFGS:  414 20:49:42    -1092.691736        1.1424
BFGS:  415 20:49:42    -1092.716368        1.0641
BFGS:  416 20:49:42    -1092.651578        2.4413
BFGS:  417 20:49:42    -1092.719976        1.0165
BFGS:  418 20:49:42    -1092.710810        1.0812
BFGS:  419 20:49:42    -1092.724161        1.0508
BFGS:  420 20:49:42    -1092.632267        2.6687
BFGS:  421 20:49:42    -1092.714307        1.1105
BFGS:  422 20:49:42    -1092.717758        1.0565
BFGS:  423 20:49:42    -1092.724482        0.9412
BFGS:  424 20:49:42    -1092.724634        1.0486
BFGS:  425 20:49:42    -1092.726508        0.8874
BFGS:  426 20:49:42    -1092.723617        0.9586
BFGS:  427 20:49:42    -1092.725485        0.9298
BFGS:  428 20:49:42    -1092.655588        1.3537
BFGS:  429 20:49:42    -1092.700588        1.1049
BFGS:  430 20:49:42    -1092.680823        1.7978
BFGS:  431 20:49:42    -1092.724711        0.9408
BFGS:  432 20:49:42    -1092.671797        1.2455
BFGS:  433 20:49:42    -1092.705619        1.0884
BFGS:  434 20:49:42    -1092.673399        1.9653
BFGS:  435 20:49:42    -1092.721881        0.9836
BFGS:  436 20:49:42    -1092.681285        1.1909
BFGS:  437 20:49:42    -1092.710657        1.0724
BFGS:  438 20:49:43    -1092.665616        2.1305
BFGS:  439 20:49:43    -1092.718932        1.0270
BFGS:  440 20:49:43    -1092.689425        1.1501
BFGS:  441 20:49:43    -1092.715480        1.0574
BFGS:  442 20:49:43    -1092.656095        2.3985
BFGS:  443 20:49:43    -1092.720398        1.0100
BFGS:  444 20:49:43    -1092.709458        1.0741
BFGS:  445 20:49:43    -1092.723288        1.0515
BFGS:  446 20:49:43    -1092.637350        2.6304
BFGS:  447 20:49:43    -1092.714744        1.1067
BFGS:  448 20:49:43    -1092.716624        1.0527
BFGS:  449 20:49:43    -1092.725137        0.9337
BFGS:  450 20:49:43    -1092.723693        1.0502
BFGS:  451 20:49:43    -1092.725888        0.8945
BFGS:  452 20:49:43    -1092.724051        0.9552
BFGS:  453 20:49:43    -1092.726073        0.9239
BFGS:  454 20:49:43    -1092.654802        1.4228
BFGS:  455 20:49:43    -1092.700397        1.0978
BFGS:  456 20:49:43    -1092.681771        1.7922
BFGS:  457 20:49:43    -1092.724722        0.9435
BFGS:  458 20:49:43    -1092.668571        1.3150
BFGS:  459 20:49:43    -1092.704694        1.0764
BFGS:  460 20:49:43    -1092.675442        1.9387
BFGS:  461 20:49:43    -1092.722284        0.9813
BFGS:  462 20:49:43    -1092.677542        1.2502
BFGS:  463 20:49:43    -1092.709073        1.0662
BFGS:  464 20:49:43    -1092.668892        2.0813
BFGS:  465 20:49:43    -1092.719735        1.0198
BFGS:  466 20:49:43    -1092.685299        1.2002
BFGS:  467 20:49:44    -1092.713375        1.0560
BFGS:  468 20:49:44    -1092.662035        2.2251
BFGS:  469 20:49:44    -1092.717122        1.0583
BFGS:  470 20:49:44    -1092.692105        1.1610
BFGS:  471 20:49:44    -1092.717481        1.0511
BFGS:  472 20:49:44    -1092.653057        2.4446
BFGS:  473 20:49:44    -1092.718870        1.0316
BFGS:  474 20:49:44    -1092.711033        1.0584
BFGS:  475 20:49:44    -1092.724597        0.9144
BFGS:  476 20:49:44    -1092.714445        1.1094
BFGS:  477 20:49:44    -1092.723782        0.9554
BFGS:  478 20:49:44    -1092.658290        1.4127
BFGS:  479 20:49:44    -1092.702670        1.0797
BFGS:  480 20:49:44    -1092.679501        1.8211
BFGS:  481 20:49:44    -1092.723240        0.9635
BFGS:  482 20:49:44    -1092.670310        1.3075
BFGS:  483 20:49:44    -1092.706129        1.0717
BFGS:  484 20:49:44    -1092.674405        1.9378
BFGS:  485 20:49:44    -1092.721229        0.9936
BFGS:  486 20:49:44    -1092.677686        1.2504
BFGS:  487 20:49:44    -1092.709692        1.0640
BFGS:  488 20:49:44    -1092.669124        2.0513
BFGS:  489 20:49:44    -1092.719114        1.0244
BFGS:  490 20:49:44    -1092.684300        1.2046
BFGS:  491 20:49:44    -1092.713276        1.0563
BFGS:  492 20:49:44    -1092.663386        2.1673
BFGS:  493 20:49:44    -1092.717445        1.0567
BFGS:  494 20:49:44    -1092.692820        1.1591
BFGS:  495 20:49:44    -1092.717580        1.0498
BFGS:  496 20:49:44    -1092.653613        2.4464
BFGS:  497 20:49:45    -1092.718710        1.0376
BFGS:  498 20:49:45    -1092.710894        1.0525
BFGS:  499 20:49:45    -1092.724457        0.9116
