      Step     Time          Energy         fmax
BFGS:    0 20:39:52     -808.725042      107.9878
BFGS:    1 20:39:52     -834.563761      115.1247
BFGS:    2 20:39:52     -856.418722      115.4860
BFGS:    3 20:39:52     -879.392911      118.9332
BFGS:    4 20:39:52     -901.445967      116.2491
BFGS:    5 20:39:52     -921.631177      109.0050
BFGS:    6 20:39:52     -938.215923      104.0020
BFGS:    7 20:39:52     -956.561446       98.8859
BFGS:    8 20:39:52     -970.537363       91.3058
BFGS:    9 20:39:52     -982.544211       84.5424
BFGS:   10 20:39:52     -996.164962       72.6148
BFGS:   11 20:39:52    -1008.477764       63.7402
BFGS:   12 20:39:52    -1020.854305       54.7540
BFGS:   13 20:39:52    -1029.572999       47.7447
BFGS:   14 20:39:52    -1038.140068       42.2991
BFGS:   15 20:39:52    -1044.936370       38.3926
BFGS:   16 20:39:52    -1050.887200       33.1360
BFGS:   17 20:39:52    -1056.081912       31.3919
BFGS:   18 20:39:52    -1060.125669       28.0617
BFGS:   19 20:39:52    -1063.750967       24.2700
BFGS:   20 20:39:52    -1067.183332       19.4467
BFGS:   21 20:39:53    -1069.924086       18.1558
BFGS:   22 20:39:53    -1072.090829       16.0332
BFGS:   23 20:39:53    -1073.820226       14.9014
BFGS:   24 20:39:53    -1075.321764       13.8692
BFGS:   25 20:39:53    -1076.754154       13.1030
BFGS:   26 20:39:53    -1078.136843       12.3461
BFGS:   27 20:39:53    -1079.553692       11.9726
BFGS:   28 20:39:53    -1080.872500       11.2564
BFGS:   29 20:39:53    -1082.122310       10.7183
BFGS:   30 20:39:53    -1083.308517       10.2155
BFGS:   31 20:39:53    -1084.450532        9.7387
BFGS:   32 20:39:53    -1085.556501        9.3036
BFGS:   33 20:39:53    -1086.549484        8.9416
BFGS:   34 20:39:53    -1087.537319        8.6605
BFGS:   35 20:39:53    -1088.301967        8.5320
BFGS:   36 20:39:53    -1089.208293        8.2724
BFGS:   37 20:39:53    -1090.116704        8.0262
BFGS:   38 20:39:53    -1091.088894        7.8306
BFGS:   39 20:39:53    -1092.114440        7.8009
BFGS:   40 20:39:53    -1093.192668        7.6188
BFGS:   41 20:39:53    -1094.373344        7.7878
BFGS:   42 20:39:53    -1095.614632        8.0762
BFGS:   43 20:39:53    -1096.799963        8.2416
BFGS:   44 20:39:53    -1098.003623        8.2739
BFGS:   45 20:39:53    -1099.192130        8.1749
BFGS:   46 20:39:53    -1100.389637        8.5665
BFGS:   47 20:39:53    -1101.613575        9.4113
BFGS:   48 20:39:53    -1102.877302       10.3012
BFGS:   49 20:39:53    -1104.172477       10.9951
BFGS:   50 20:39:53    -1105.494427       11.3435
BFGS:   51 20:39:53    -1106.664061       11.0283
BFGS:   52 20:39:53    -1107.788373       10.0452
BFGS:   53 20:39:53    -1108.793274        8.8415
BFGS:   54 20:39:53    -1109.613773        8.6259
BFGS:   55 20:39:54    -1110.323834        8.6740
BFGS:   56 20:39:54    -1110.988410        8.6019
BFGS:   57 20:39:54    -1111.640076        8.4380
BFGS:   58 20:39:54    -1112.291498        8.1258
BFGS:   59 20:39:54    -1112.905487        7.6764
BFGS:   60 20:39:54    -1113.475380        7.0806
BFGS:   61 20:39:54    -1113.987912        6.3720
BFGS:   62 20:39:54    -1114.456406        5.6763
BFGS:   63 20:39:54    -1114.876292        5.1681
BFGS:   64 20:39:54    -1115.249507        4.5986
BFGS:   65 20:39:54    -1115.578480        3.9241
BFGS:   66 20:39:54    -1115.857149        3.2492
BFGS:   67 20:39:54    -1116.084411        2.6476
BFGS:   68 20:39:54    -1116.265557        2.2792
BFGS:   69 20:39:54    -1116.425328        1.9963
BFGS:   70 20:39:54    -1116.562125        2.1157
BFGS:   71 20:39:54    -1116.684976        2.1471
BFGS:   72 20:39:54    -1116.797690        2.1209
BFGS:   73 20:39:54    -1116.903265        2.0763
BFGS:   74 20:39:54    -1117.003894        2.0338
BFGS:   75 20:39:54    -1117.101439        1.9906
BFGS:   76 20:39:54    -1117.197244        1.9282
BFGS:   77 20:39:54    -1117.292538        1.9629
BFGS:   78 20:39:54    -1117.387968        1.9919
BFGS:   79 20:39:54    -1117.484199        1.9556
BFGS:   80 20:39:54    -1117.582182        2.0418
BFGS:   81 20:39:54    -1117.682845        2.1022
BFGS:   82 20:39:54    -1117.788346        2.1289
BFGS:   83 20:39:54    -1117.900478        2.1286
BFGS:   84 20:39:54    -1118.026786        2.1159
BFGS:   85 20:39:54    -1118.141883        2.1633
BFGS:   86 20:39:54    -1118.265173        2.2182
BFGS:   87 20:39:54    -1118.393432        2.2265
BFGS:   88 20:39:54    -1118.518261        2.1299
BFGS:   89 20:39:54    -1118.646600        2.2052
BFGS:   90 20:39:54    -1118.799791        2.2000
BFGS:   91 20:39:54    -1118.935634        2.6789
BFGS:   92 20:39:54    -1119.063218        3.1786
BFGS:   93 20:39:54    -1119.189385        3.5219
BFGS:   94 20:39:54    -1119.317527        3.7164
BFGS:   95 20:39:54    -1119.448327        3.7696
BFGS:   96 20:39:54    -1119.583388        3.6416
BFGS:   97 20:39:54    -1119.723491        3.3149
BFGS:   98 20:39:54    -1119.870172        3.4535
BFGS:   99 20:39:55    -1120.020168        3.5336
BFGS:  100 20:39:55    -1120.169969        3.4698
BFGS:  101 20:39:55    -1120.343549        3.1807
BFGS:  102 20:39:55    -1120.491661        3.1116
BFGS:  103 20:39:55    -1120.680758        4.3582
BFGS:  104 20:39:55    -1120.868881        5.0343
BFGS:  105 20:39:55    -1121.027044        4.3041
BFGS:  106 20:39:55    -1121.145408        3.8342
BFGS:  107 20:39:55    -1121.265620        2.9134
BFGS:  108 20:39:55    -1121.384088        2.1582
BFGS:  109 20:39:55    -1121.504004        1.2727
BFGS:  110 20:39:55    -1121.609087        0.9317
BFGS:  111 20:39:55    -1121.665135        0.8649
BFGS:  112 20:39:55    -1121.701265        0.7520
BFGS:  113 20:39:55    -1121.722098        0.5999
BFGS:  114 20:39:55    -1121.731628        0.4560
BFGS:  115 20:39:55    -1121.738341        0.3662
BFGS:  116 20:39:55    -1121.743533        0.3699
BFGS:  117 20:39:55    -1121.747291        0.3515
BFGS:  118 20:39:55    -1121.750218        0.3319
BFGS:  119 20:39:55    -1121.753182        0.3283
BFGS:  120 20:39:55    -1121.756338        0.3366
BFGS:  121 20:39:55    -1121.759510        0.3206
BFGS:  122 20:39:55    -1121.762346        0.2717
BFGS:  123 20:39:55    -1121.765004        0.2708
BFGS:  124 20:39:55    -1121.768030        0.2699
BFGS:  125 20:39:55    -1121.771569        0.3178
BFGS:  126 20:39:55    -1121.775507        0.3716
BFGS:  127 20:39:55    -1121.779704        0.3994
BFGS:  128 20:39:55    -1121.784185        0.4405
BFGS:  129 20:39:55    -1121.786754        0.3818
BFGS:  130 20:39:55    -1121.791053        0.3609
BFGS:  131 20:39:55    -1121.793506        0.2792
BFGS:  132 20:39:55    -1121.795190        0.2437
BFGS:  133 20:39:55    -1121.798049        0.2279
BFGS:  134 20:39:55    -1121.799671        0.2066
BFGS:  135 20:39:55    -1121.801960        0.5582
BFGS:  136 20:39:55    -1121.803244        0.5075
BFGS:  137 20:39:55    -1121.804795        0.1747
BFGS:  138 20:39:55    -1121.806135        0.1119
BFGS:  139 20:39:55    -1121.807043        0.1253
BFGS:  140 20:39:55    -1121.808542        0.1546
BFGS:  141 20:39:55    -1121.809085        0.1955
BFGS:  142 20:39:55    -1121.810322        0.2663
BFGS:  143 20:39:55    -1121.811059        0.2837
BFGS:  144 20:39:56    -1121.811826        0.2662
BFGS:  145 20:39:56    -1121.812408        0.2381
BFGS:  146 20:39:56    -1121.812948        0.2058
BFGS:  147 20:39:56    -1121.813474        0.1754
BFGS:  148 20:39:56    -1121.814197        0.1813
BFGS:  149 20:39:56    -1121.815227        0.2129
BFGS:  150 20:39:56    -1121.816480        0.2160
BFGS:  151 20:39:56    -1121.817577        0.1801
BFGS:  152 20:39:56    -1121.818419        0.1752
BFGS:  153 20:39:56    -1121.819189        0.1693
BFGS:  154 20:39:56    -1121.819940        0.1810
BFGS:  155 20:39:56    -1121.820587        0.1974
BFGS:  156 20:39:56    -1121.821070        0.2026
BFGS:  157 20:39:56    -1121.821479        0.1931
BFGS:  158 20:39:56    -1121.821879        0.1638
BFGS:  159 20:39:56    -1121.822164        0.1704
BFGS:  160 20:39:56    -1121.822411        0.1772
BFGS:  161 20:39:56    -1121.822661        0.1765
BFGS:  162 20:39:56    -1121.823034        0.1646
BFGS:  163 20:39:56    -1121.823566        0.1686
BFGS:  164 20:39:56    -1121.824157        0.1485
BFGS:  165 20:39:56    -1121.824581        0.1281
BFGS:  166 20:39:56    -1121.824833        0.1209
BFGS:  167 20:39:56    -1121.824960        0.9207
BFGS:  168 20:39:56    -1121.802420        0.6055
BFGS:  169 20:39:56    -1121.825303        0.1233
BFGS:  170 20:39:56    -1121.825466        0.1174
BFGS:  171 20:39:56    -1121.825651        0.1196
BFGS:  172 20:39:56    -1121.825851        0.1294
BFGS:  173 20:39:56    -1121.825998        0.1370
BFGS:  174 20:39:56    -1121.826127        0.1374
BFGS:  175 20:39:56    -1121.826260        0.1296
BFGS:  176 20:39:56    -1121.826359        0.8638
BFGS:  177 20:39:56    -1121.826468        0.1051
BFGS:  178 20:39:56    -1121.826562        0.0972
