      Step     Time          Energy         fmax
BFGS:    0 20:43:04     -735.059784      221.1171
BFGS:    1 20:43:04     -771.328004      183.2582
BFGS:    2 20:43:04     -795.132221      181.7401
BFGS:    3 20:43:05     -812.969750      175.8663
BFGS:    4 20:43:05     -830.849505      171.4542
BFGS:    5 20:43:05     -848.433807      165.4226
BFGS:    6 20:43:05     -865.387125      154.2207
BFGS:    7 20:43:05     -881.356885      148.5879
BFGS:    8 20:43:05     -896.723557      139.2611
BFGS:    9 20:43:05     -909.971745      122.3028
BFGS:   10 20:43:05     -922.010296      113.1496
BFGS:   11 20:43:05     -929.733429      105.6508
BFGS:   12 20:43:05     -936.985220      101.5826
BFGS:   13 20:43:05     -945.684595       92.8072
BFGS:   14 20:43:05     -953.710442       90.4098
BFGS:   15 20:43:05     -960.638945       84.6977
BFGS:   16 20:43:05     -967.663647       81.4203
BFGS:   17 20:43:05     -974.636058       75.8430
BFGS:   18 20:43:05     -981.054566       70.0506
BFGS:   19 20:43:05     -986.743294       65.6361
BFGS:   20 20:43:05     -992.107612       61.2059
BFGS:   21 20:43:05     -996.274512       57.7772
BFGS:   22 20:43:05     -999.434654       55.3162
BFGS:   23 20:43:05    -1002.385702       53.3197
BFGS:   24 20:43:05    -1005.258841       49.4441
BFGS:   25 20:43:05    -1007.678874       47.7696
BFGS:   26 20:43:05    -1009.858141       44.2290
BFGS:   27 20:43:06    -1011.902103       43.4522
BFGS:   28 20:43:06    -1013.870254       41.0603
BFGS:   29 20:43:06    -1015.863252       38.7704
BFGS:   30 20:43:06    -1017.977523       36.6132
BFGS:   31 20:43:06    -1020.250933       34.2479
BFGS:   32 20:43:06    -1022.665943       31.6854
BFGS:   33 20:43:06    -1025.368055       27.7629
BFGS:   34 20:43:06    -1028.007772       26.7582
BFGS:   35 20:43:06    -1030.646457       25.5618
BFGS:   36 20:43:06    -1033.407466       26.5574
BFGS:   37 20:43:06    -1036.248731       27.2386
BFGS:   38 20:43:06    -1038.726691       27.0939
BFGS:   39 20:43:06    -1041.085458       26.0930
BFGS:   40 20:43:06    -1043.323049       24.5614
BFGS:   41 20:43:06    -1045.323561       22.8880
BFGS:   42 20:43:06    -1047.217100       20.5475
BFGS:   43 20:43:06    -1048.834118       17.9619
BFGS:   44 20:43:06    -1050.284425       15.4578
BFGS:   45 20:43:06    -1051.395862       13.8194
BFGS:   46 20:43:06    -1052.459799       12.3517
BFGS:   47 20:43:06    -1053.400264       11.7121
BFGS:   48 20:43:06    -1054.277880       11.5626
BFGS:   49 20:43:06    -1055.170538       11.4555
BFGS:   50 20:43:06    -1056.044201       12.4203
BFGS:   51 20:43:06    -1056.828465       13.1836
BFGS:   52 20:43:06    -1057.555476       13.9940
BFGS:   53 20:43:07    -1058.246759       14.6618
BFGS:   54 20:43:07    -1058.865096       14.9301
BFGS:   55 20:43:07    -1059.449504       14.9003
BFGS:   56 20:43:07    -1059.939691       14.5630
BFGS:   57 20:43:07    -1060.405706       13.4324
BFGS:   58 20:43:07    -1060.802120       11.5885
BFGS:   59 20:43:07    -1061.258464       11.2027
BFGS:   60 20:43:07    -1061.711270       11.0998
BFGS:   61 20:43:07    -1062.165863       10.4113
BFGS:   62 20:43:07    -1062.823511        9.7642
BFGS:   63 20:43:07    -1063.472710        9.1608
BFGS:   64 20:43:07    -1064.177182        8.4365
BFGS:   65 20:43:07    -1064.895235       10.1321
BFGS:   66 20:43:07    -1065.576254       11.7172
BFGS:   67 20:43:07    -1066.335310       12.7284
BFGS:   68 20:43:07    -1067.134391       12.4274
BFGS:   69 20:43:07    -1068.079708       13.4880
BFGS:   70 20:43:07    -1068.907452       13.3633
BFGS:   71 20:43:07    -1069.721236       13.4954
BFGS:   72 20:43:07    -1070.496386       13.3259
BFGS:   73 20:43:07    -1071.174431       11.9106
BFGS:   74 20:43:07    -1071.837691       10.7277
BFGS:   75 20:43:07    -1072.484108        9.4888
BFGS:   76 20:43:07    -1073.049317        8.6054
BFGS:   77 20:43:07    -1073.522466        8.6147
BFGS:   78 20:43:07    -1073.996608        9.0054
BFGS:   79 20:43:07    -1074.396591        9.4400
BFGS:   80 20:43:07    -1074.786518        9.9162
BFGS:   81 20:43:07    -1075.080292        9.1143
BFGS:   82 20:43:08    -1075.421495        7.9023
BFGS:   83 20:43:08    -1075.854094        6.7629
BFGS:   84 20:43:08    -1076.316237        5.6872
BFGS:   85 20:43:08    -1076.766545        6.6994
BFGS:   86 20:43:08    -1077.195698        8.1124
BFGS:   87 20:43:08    -1077.595445        9.4304
BFGS:   88 20:43:08    -1077.928696       10.2412
BFGS:   89 20:43:08    -1078.296394        9.1679
BFGS:   90 20:43:08    -1078.639670        7.3995
BFGS:   91 20:43:08    -1079.001007        7.2617
BFGS:   92 20:43:08    -1079.461474        5.3758
BFGS:   93 20:43:08    -1079.825016        4.9072
BFGS:   94 20:43:08    -1080.043701        5.6902
BFGS:   95 20:43:08    -1080.261217        5.2121
BFGS:   96 20:43:08    -1080.466755        5.2185
BFGS:   97 20:43:08    -1080.590648        5.0264
BFGS:   98 20:43:08    -1080.736463        5.5592
BFGS:   99 20:43:08    -1080.953120        5.7855
BFGS:  100 20:43:08    -1081.185547        5.5647
BFGS:  101 20:43:08    -1081.450007        6.4049
BFGS:  102 20:43:08    -1081.672101        6.2474
BFGS:  103 20:43:08    -1081.918739        6.2295
BFGS:  104 20:43:08    -1082.203462        5.7290
BFGS:  105 20:43:08    -1082.484965        3.7798
BFGS:  106 20:43:08    -1082.606382        3.6880
BFGS:  107 20:43:08    -1082.674124        3.2225
BFGS:  108 20:43:08    -1082.737127        2.6216
BFGS:  109 20:43:08    -1082.795369        2.7957
BFGS:  110 20:43:09    -1082.852582        3.2087
BFGS:  111 20:43:09    -1082.876303        3.4407
BFGS:  112 20:43:09    -1082.898835        3.4374
BFGS:  113 20:43:09    -1082.919106        3.2033
BFGS:  114 20:43:09    -1082.939264        3.0562
BFGS:  115 20:43:09    -1082.966430        2.8873
BFGS:  116 20:43:09    -1083.045968        3.3341
BFGS:  117 20:43:09    -1083.078395        2.7941
BFGS:  118 20:43:09    -1083.163264        2.9070
BFGS:  119 20:43:09    -1083.218082        4.7325
BFGS:  120 20:43:09    -1083.293287        3.5109
BFGS:  121 20:43:09    -1083.385272        3.6456
BFGS:  122 20:43:09    -1083.545783        3.9514
BFGS:  123 20:43:09    -1083.694378        5.2903
BFGS:  124 20:43:09    -1083.844174        4.6411
BFGS:  125 20:43:09    -1083.987394        4.9141
BFGS:  126 20:43:09    -1084.161430        5.3028
BFGS:  127 20:43:09    -1084.394683        5.1741
BFGS:  128 20:43:09    -1084.664543        5.3887
BFGS:  129 20:43:09    -1084.961025        5.3304
BFGS:  130 20:43:09    -1085.229336        4.9580
BFGS:  131 20:43:09    -1085.474186        4.7986
BFGS:  132 20:43:09    -1085.723987        5.0057
BFGS:  133 20:43:09    -1085.911622        4.4844
BFGS:  134 20:43:09    -1086.072825        4.3348
BFGS:  135 20:43:09    -1086.194480        4.4486
BFGS:  136 20:43:09    -1086.362201        4.7876
BFGS:  137 20:43:09    -1086.478449        5.0141
BFGS:  138 20:43:10    -1086.669207        5.2594
BFGS:  139 20:43:10    -1086.840024        5.2507
BFGS:  140 20:43:10    -1087.067988        4.8937
BFGS:  141 20:43:10    -1087.364150        5.4228
BFGS:  142 20:43:10    -1087.665134        5.4311
BFGS:  143 20:43:10    -1087.937510        4.5318
BFGS:  144 20:43:10    -1088.129434        4.2593
BFGS:  145 20:43:10    -1088.280323        3.9283
BFGS:  146 20:43:10    -1088.401716        3.0748
BFGS:  147 20:43:10    -1088.502664        2.8740
BFGS:  148 20:43:10    -1088.596697        3.7309
BFGS:  149 20:43:10    -1088.684323        3.0519
BFGS:  150 20:43:10    -1088.797709        3.5536
BFGS:  151 20:43:10    -1088.955545        4.4374
BFGS:  152 20:43:10    -1089.120837        4.0834
BFGS:  153 20:43:10    -1089.208078        2.9250
BFGS:  154 20:43:10    -1089.276733        2.6397
BFGS:  155 20:43:10    -1089.330547        2.4860
BFGS:  156 20:43:10    -1089.376106        1.8469
BFGS:  157 20:43:10    -1089.431911        3.4542
BFGS:  158 20:43:10    -1089.461999        2.8585
BFGS:  159 20:43:10    -1089.558121        3.3987
BFGS:  160 20:43:10    -1089.649713        5.1695
BFGS:  161 20:43:10    -1089.752713        5.9515
BFGS:  162 20:43:10    -1089.892299        4.1855
BFGS:  163 20:43:10    -1090.053373        3.5013
BFGS:  164 20:43:10    -1090.255097        3.9071
BFGS:  165 20:43:10    -1090.398073        3.4944
BFGS:  166 20:43:10    -1090.529249        2.5939
BFGS:  167 20:43:11    -1090.627509        2.1008
BFGS:  168 20:43:11    -1090.716713        2.0436
BFGS:  169 20:43:11    -1090.818580        3.6369
BFGS:  170 20:43:11    -1090.899496        4.5604
BFGS:  171 20:43:11    -1091.017220        3.8927
BFGS:  172 20:43:11    -1091.158363        3.6995
BFGS:  173 20:43:11    -1091.299639        4.1121
BFGS:  174 20:43:11    -1091.405281        3.6198
BFGS:  175 20:43:11    -1091.459953        3.3297
BFGS:  176 20:43:11    -1091.526997        2.9929
BFGS:  177 20:43:11    -1091.568375        3.0798
BFGS:  178 20:43:11    -1091.635001        2.3699
BFGS:  179 20:43:11    -1091.667227        4.0927
BFGS:  180 20:43:11    -1091.623758        3.7783
BFGS:  181 20:43:11    -1091.744352        2.6020
BFGS:  182 20:43:11    -1091.733684        1.6150
BFGS:  183 20:43:11    -1091.758967        0.9928
BFGS:  184 20:43:11    -1091.774368        0.7469
BFGS:  185 20:43:11    -1091.778487        3.0547
BFGS:  186 20:43:11    -1091.779021        2.9293
BFGS:  187 20:43:11    -1091.799397        1.8298
BFGS:  188 20:43:11    -1091.801298        4.2352
BFGS:  189 20:43:11    -1091.838105        1.5591
BFGS:  190 20:43:11    -1091.882710        3.2214
BFGS:  191 20:43:11    -1091.912842        3.7051
BFGS:  192 20:43:11    -1091.988491        4.0558
BFGS:  193 20:43:11    -1092.083974        4.5528
BFGS:  194 20:43:12    -1092.235255        5.0838
BFGS:  195 20:43:12    -1092.369201        5.4728
BFGS:  196 20:43:12    -1092.607960        5.0283
BFGS:  197 20:43:12    -1092.767232        4.7141
BFGS:  198 20:43:12    -1092.899614        4.5521
BFGS:  199 20:43:12    -1092.980609        3.7176
BFGS:  200 20:43:12    -1093.028612        2.1236
BFGS:  201 20:43:12    -1093.077925        1.3959
BFGS:  202 20:43:12    -1093.107113        2.2154
BFGS:  203 20:43:12    -1093.120319        1.1543
BFGS:  204 20:43:12    -1093.138438        1.2777
BFGS:  205 20:43:12    -1093.157153        1.3821
BFGS:  206 20:43:12    -1093.166396        1.1500
BFGS:  207 20:43:12    -1093.173265        1.3273
BFGS:  208 20:43:12    -1093.177684        1.3475
BFGS:  209 20:43:12    -1093.182203        2.2630
BFGS:  210 20:43:12    -1093.188186        1.0386
BFGS:  211 20:43:12    -1093.193392        0.8471
BFGS:  212 20:43:12    -1093.191811        1.1071
BFGS:  213 20:43:12    -1093.199301        0.9122
BFGS:  214 20:43:12    -1093.200351        2.0002
BFGS:  215 20:43:12    -1093.200855        1.9192
BFGS:  216 20:43:12    -1093.206109        0.7096
BFGS:  217 20:43:12    -1093.208279        0.7021
BFGS:  218 20:43:12    -1093.211669        0.6607
BFGS:  219 20:43:12    -1093.213843        0.4885
BFGS:  220 20:43:12    -1093.214495        0.4758
BFGS:  221 20:43:12    -1093.215333        0.4741
BFGS:  222 20:43:13    -1093.216363        0.4177
BFGS:  223 20:43:13    -1093.216083        1.8302
BFGS:  224 20:43:13    -1093.217499        0.4698
BFGS:  225 20:43:13    -1093.217767        0.3670
BFGS:  226 20:43:13    -1093.218800        0.4051
BFGS:  227 20:43:13    -1093.217186        1.7482
BFGS:  228 20:43:13    -1093.219237        0.4458
BFGS:  229 20:43:13    -1093.218996        1.8066
BFGS:  230 20:43:13    -1093.218917        1.9462
BFGS:  231 20:43:13    -1093.219323        0.5176
BFGS:  232 20:43:13    -1093.219671        0.5017
BFGS:  233 20:43:13    -1093.219883        0.5116
BFGS:  234 20:43:13    -1093.215292        1.6774
BFGS:  235 20:43:13    -1093.219317        1.7129
BFGS:  236 20:43:13    -1093.206102        0.9145
BFGS:  237 20:43:13    -1093.215917        0.5322
BFGS:  238 20:43:13    -1093.214705        1.6098
BFGS:  239 20:43:13    -1093.218482        0.5544
BFGS:  240 20:43:13    -1093.219334        0.5551
BFGS:  241 20:43:13    -1093.213495        1.6938
BFGS:  242 20:43:13    -1093.219340        0.5415
BFGS:  243 20:43:13    -1093.219633        0.5389
BFGS:  244 20:43:13    -1093.219892        0.5226
BFGS:  245 20:43:13    -1093.217686        1.7543
BFGS:  246 20:43:13    -1093.219699        1.7217
BFGS:  247 20:43:13    -1093.219364        0.5883
BFGS:  248 20:43:13    -1093.219638        0.5610
BFGS:  249 20:43:13    -1093.205966        2.0332
BFGS:  250 20:43:14    -1093.218643        1.7492
BFGS:  251 20:43:14    -1093.181222        2.1706
BFGS:  252 20:43:14    -1093.208612        1.2359
BFGS:  253 20:43:14    -1093.201917        2.0927
BFGS:  254 20:43:14    -1093.216161        0.8362
BFGS:  255 20:43:14    -1093.218700        0.6352
BFGS:  256 20:43:14    -1093.201911        2.2012
BFGS:  257 20:43:14    -1093.219801        0.5026
BFGS:  258 20:43:14    -1093.218196        1.7920
BFGS:  259 20:43:14    -1093.219791        1.7372
BFGS:  260 20:43:14    -1093.218989        0.6442
BFGS:  261 20:43:14    -1093.219368        0.5951
BFGS:  262 20:43:14    -1093.205313        2.2720
BFGS:  263 20:43:14    -1093.219299        1.7603
BFGS:  264 20:43:14    -1093.183216        2.5731
BFGS:  265 20:43:14    -1093.209428        1.4025
BFGS:  266 20:43:14    -1093.202945        2.3386
BFGS:  267 20:43:14    -1093.216731        0.8614
BFGS:  268 20:43:14    -1093.219001        0.6065
BFGS:  269 20:43:14    -1093.211377        2.0910
BFGS:  270 20:43:14    -1093.219710        0.5111
BFGS:  271 20:43:14    -1093.219250        1.7829
BFGS:  272 20:43:14    -1093.219863        0.4949
BFGS:  273 20:43:14    -1093.219909        0.4847
BFGS:  274 20:43:14    -1093.219409        1.7613
BFGS:  275 20:43:14    -1093.219908        1.7415
BFGS:  276 20:43:14    -1093.219475        0.5678
BFGS:  277 20:43:14    -1093.219650        0.5446
BFGS:  278 20:43:15    -1093.219399        1.7642
BFGS:  279 20:43:15    -1093.219768        0.5253
BFGS:  280 20:43:15    -1093.219855        0.5108
BFGS:  281 20:43:15    -1093.205796        2.3281
BFGS:  282 20:43:15    -1093.218265        1.8226
BFGS:  283 20:43:15    -1093.185097        2.6885
BFGS:  284 20:43:15    -1093.210374        1.4120
BFGS:  285 20:43:15    -1093.204681        2.3714
BFGS:  286 20:43:15    -1093.217019        0.8597
BFGS:  287 20:43:15    -1093.219149        0.6004
BFGS:  288 20:43:15    -1093.206130        2.3284
BFGS:  289 20:43:15    -1093.219736        1.7646
BFGS:  290 20:43:15    -1093.210799        1.4121
BFGS:  291 20:43:15    -1093.216163        0.9625
BFGS:  292 20:43:15    -1093.205394        2.3593
BFGS:  293 20:43:15    -1093.218798        0.6552
BFGS:  294 20:43:15    -1093.219893        0.4880
BFGS:  295 20:43:15    -1093.206353        2.3202
BFGS:  296 20:43:15    -1093.218302        1.8370
BFGS:  297 20:43:15    -1093.186101        2.6453
BFGS:  298 20:43:15    -1093.210590        1.3984
BFGS:  299 20:43:15    -1093.205473        2.3541
BFGS:  300 20:43:15    -1093.216995        0.8585
BFGS:  301 20:43:15    -1093.219072        0.6042
BFGS:  302 20:43:15    -1093.205580        2.3535
BFGS:  303 20:43:15    -1093.219770        1.7660
BFGS:  304 20:43:15    -1093.210162        1.4498
BFGS:  305 20:43:16    -1093.215926        0.9787
BFGS:  306 20:43:16    -1093.206405        2.3306
BFGS:  307 20:43:16    -1093.218637        0.6701
BFGS:  308 20:43:16    -1093.219766        0.5002
BFGS:  309 20:43:16    -1093.206524        2.3236
BFGS:  310 20:43:16    -1093.218654        1.8289
BFGS:  311 20:43:16    -1093.211251        1.3834
BFGS:  312 20:43:16    -1093.216430        0.9352
BFGS:  313 20:43:16    -1093.206539        2.3300
BFGS:  314 20:43:16    -1093.218841        0.6474
BFGS:  315 20:43:16    -1093.219869        0.4862
BFGS:  316 20:43:16    -1093.207345        2.3012
BFGS:  317 20:43:16    -1093.218542        1.8335
BFGS:  318 20:43:16    -1093.187246        2.6258
BFGS:  319 20:43:16    -1093.210857        1.3916
BFGS:  320 20:43:16    -1093.206199        2.3479
BFGS:  321 20:43:16    -1093.217042        0.8564
BFGS:  322 20:43:16    -1093.219044        0.6038
BFGS:  323 20:43:16    -1093.205929        2.3603
BFGS:  324 20:43:16    -1093.219817        1.7676
BFGS:  325 20:43:16    -1093.209869        1.4765
BFGS:  326 20:43:16    -1093.215861        0.9894
BFGS:  327 20:43:16    -1093.206898        2.3270
BFGS:  328 20:43:16    -1093.218575        0.6748
BFGS:  329 20:43:16    -1093.219674        0.5057
BFGS:  330 20:43:16    -1093.207352        2.3083
BFGS:  331 20:43:16    -1093.218852        1.8218
BFGS:  332 20:43:16    -1093.211172        1.4007
BFGS:  333 20:43:17    -1093.216382        0.9456
BFGS:  334 20:43:17    -1093.207428        2.3132
BFGS:  335 20:43:17    -1093.218766        0.6562
BFGS:  336 20:43:17    -1093.219771        0.4953
BFGS:  337 20:43:17    -1093.206397        2.3472
BFGS:  338 20:43:17    -1093.218633        1.8343
BFGS:  339 20:43:17    -1093.210430        1.4583
BFGS:  340 20:43:17    -1093.216228        0.9646
BFGS:  341 20:43:17    -1093.207418        2.3152
BFGS:  342 20:43:17    -1093.218728        0.6650
BFGS:  343 20:43:17    -1093.219772        0.4997
BFGS:  344 20:43:17    -1093.207501        2.3084
BFGS:  345 20:43:17    -1093.218768        1.8258
BFGS:  346 20:43:17    -1093.210323        1.4712
BFGS:  347 20:43:17    -1093.216181        0.9740
BFGS:  348 20:43:17    -1093.207523        2.3137
BFGS:  349 20:43:17    -1093.218727        0.6694
BFGS:  350 20:43:17    -1093.219780        0.5023
BFGS:  351 20:43:17    -1093.207614        2.3061
BFGS:  352 20:43:17    -1093.218739        1.8238
BFGS:  353 20:43:17    -1093.189259        2.5751
BFGS:  354 20:43:17    -1093.211374        1.3722
BFGS:  355 20:43:17    -1093.206936        2.3393
BFGS:  356 20:43:17    -1093.217219        0.8464
BFGS:  357 20:43:17    -1093.219121        0.5985
BFGS:  358 20:43:17    -1093.207713        2.3087
BFGS:  359 20:43:17    -1093.219917        1.7619
BFGS:  360 20:43:17    -1093.208760        1.5679
BFGS:  361 20:43:18    -1093.215525        1.0315
BFGS:  362 20:43:18    -1093.207662        2.3153
BFGS:  363 20:43:18    -1093.218465        0.6974
BFGS:  364 20:43:18    -1093.219635        0.5185
BFGS:  365 20:43:18    -1093.207813        2.3060
BFGS:  366 20:43:18    -1093.219000        1.8134
BFGS:  367 20:43:18    -1093.209252        1.5420
BFGS:  368 20:43:18    -1093.215828        1.0067
BFGS:  369 20:43:18    -1093.207793        2.3121
BFGS:  370 20:43:18    -1093.218587        0.6850
BFGS:  371 20:43:18    -1093.219694        0.5112
BFGS:  372 20:43:18    -1093.210337        2.2103
BFGS:  373 20:43:18    -1093.219242        1.8008
BFGS:  374 20:43:18    -1093.210652        1.4607
BFGS:  375 20:43:18    -1093.216210        0.9787
BFGS:  376 20:43:18    -1093.208311        2.2990
BFGS:  377 20:43:18    -1093.218721        0.6732
BFGS:  378 20:43:18    -1093.219730        0.5067
BFGS:  379 20:43:18    -1093.208750        2.2817
BFGS:  380 20:43:18    -1093.218960        1.8166
BFGS:  381 20:43:18    -1093.209175        1.5700
BFGS:  382 20:43:18    -1093.215914        1.0154
BFGS:  383 20:43:18    -1093.208577        2.2915
BFGS:  384 20:43:18    -1093.218614        0.6919
BFGS:  385 20:43:18    -1093.219679        0.5199
BFGS:  386 20:43:18    -1093.208835        2.2801
BFGS:  387 20:43:18    -1093.219107        1.8075
BFGS:  388 20:43:19    -1093.208645        1.6104
BFGS:  389 20:43:19    -1093.215777        1.0335
BFGS:  390 20:43:19    -1093.208854        2.2835
BFGS:  391 20:43:19    -1093.218573        0.7022
BFGS:  392 20:43:19    -1093.219660        0.5271
BFGS:  393 20:43:19    -1093.208235        2.3072
BFGS:  394 20:43:19    -1093.219095        1.8066
BFGS:  395 20:43:19    -1093.192803        2.4632
BFGS:  396 20:43:19    -1093.212329        1.3289
BFGS:  397 20:43:19    -1093.208533        2.3026
BFGS:  398 20:43:19    -1093.217517        0.8300
BFGS:  399 20:43:19    -1093.219206        0.5951
BFGS:  400 20:43:19    -1093.209055        2.2798
BFGS:  401 20:43:19    -1093.219935        0.4625
BFGS:  402 20:43:19    -1093.218512        1.8449
BFGS:  403 20:43:19    -1093.219669        1.7743
BFGS:  404 20:43:19    -1093.197548        2.2251
BFGS:  405 20:43:19    -1093.213683        1.2261
BFGS:  406 20:43:19    -1093.208961        2.2903
BFGS:  407 20:43:19    -1093.217911        0.7875
BFGS:  408 20:43:19    -1093.219366        0.5740
BFGS:  409 20:43:19    -1093.209458        2.2684
BFGS:  410 20:43:19    -1093.219763        1.7705
BFGS:  411 20:43:19    -1093.207136        1.7110
BFGS:  412 20:43:19    -1093.215313        1.0810
BFGS:  413 20:43:19    -1093.209395        2.2733
BFGS:  414 20:43:19    -1093.218406        0.7251
BFGS:  415 20:43:19    -1093.219559        0.5413
BFGS:  416 20:43:20    -1093.208571        2.3075
BFGS:  417 20:43:20    -1093.219280        1.7983
BFGS:  418 20:43:20    -1093.206604        1.7454
BFGS:  419 20:43:20    -1093.215313        1.0829
BFGS:  420 20:43:20    -1093.209390        2.2747
BFGS:  421 20:43:20    -1093.218433        0.7238
BFGS:  422 20:43:20    -1093.219571        0.5409
BFGS:  423 20:43:20    -1093.209808        2.2581
BFGS:  424 20:43:20    -1093.219416        1.7898
BFGS:  425 20:43:20    -1093.206479        1.7610
BFGS:  426 20:43:20    -1093.215283        1.0916
BFGS:  427 20:43:20    -1093.209664        2.2671
BFGS:  428 20:43:20    -1093.218413        0.7290
BFGS:  429 20:43:20    -1093.219560        0.5446
BFGS:  430 20:43:20    -1093.209982        2.2549
BFGS:  431 20:43:20    -1093.219458        1.7872
BFGS:  432 20:43:20    -1093.205863        1.8050
BFGS:  433 20:43:20    -1093.215159        1.1074
BFGS:  434 20:43:20    -1093.209983        2.2584
BFGS:  435 20:43:20    -1093.218378        0.7378
BFGS:  436 20:43:20    -1093.219547        0.5502
BFGS:  437 20:43:20    -1093.209062        2.2990
BFGS:  438 20:43:20    -1093.219391        1.7912
BFGS:  439 20:43:20    -1093.204815        1.8652
BFGS:  440 20:43:20    -1093.214986        1.1239
BFGS:  441 20:43:20    -1093.209924        2.2621
BFGS:  442 20:43:20    -1093.218357        0.7422
BFGS:  443 20:43:20    -1093.219532        0.5530
BFGS:  444 20:43:21    -1093.210377        2.2438
BFGS:  445 20:43:21    -1093.219583        1.7795
BFGS:  446 20:43:21    -1093.204530        1.8876
BFGS:  447 20:43:21    -1093.214914        1.1351
BFGS:  448 20:43:21    -1093.210173        2.2546
BFGS:  449 20:43:21    -1093.218326        0.7482
BFGS:  450 20:43:21    -1093.219515        0.5570
BFGS:  451 20:43:21    -1093.210540        2.2406
BFGS:  452 20:43:21    -1093.219630        1.7767
BFGS:  453 20:43:21    -1093.203792        1.9350
BFGS:  454 20:43:21    -1093.214787        1.1506
BFGS:  455 20:43:21    -1093.210547        2.2426
BFGS:  456 20:43:21    -1093.218277        0.7576
BFGS:  457 20:43:21    -1093.219492        0.5634
BFGS:  458 20:43:21    -1093.210260        2.2573
BFGS:  459 20:43:21    -1093.219656        1.7754
BFGS:  460 20:43:21    -1093.202702        1.9971
BFGS:  461 20:43:21    -1093.214583        1.1699
BFGS:  462 20:43:21    -1093.210587        2.2438
BFGS:  463 20:43:21    -1093.218231        0.7647
BFGS:  464 20:43:21    -1093.219479        0.5665
BFGS:  465 20:43:21    -1093.210788        2.2368
BFGS:  466 20:43:21    -1093.219740        1.7704
BFGS:  467 20:43:21    -1093.201866        2.0447
BFGS:  468 20:43:21    -1093.214429        1.1853
BFGS:  469 20:43:21    -1093.210707        2.2413
BFGS:  470 20:43:21    -1093.218193        0.7707
BFGS:  471 20:43:22    -1093.219463        0.5698
BFGS:  472 20:43:22    -1093.210921        2.2339
BFGS:  473 20:43:22    -1093.219780        1.7680
BFGS:  474 20:43:22    -1093.200871        2.0988
BFGS:  475 20:43:22    -1093.214264        1.2012
BFGS:  476 20:43:22    -1093.210827        2.2386
BFGS:  477 20:43:22    -1093.218154        0.7769
BFGS:  478 20:43:22    -1093.219445        0.5732
BFGS:  479 20:43:22    -1093.211055        2.2309
BFGS:  480 20:43:22    -1093.219823        1.7655
BFGS:  481 20:43:22    -1093.199827        2.1539
BFGS:  482 20:43:22    -1093.214098        1.2170
BFGS:  483 20:43:22    -1093.210948        2.2358
BFGS:  484 20:43:22    -1093.218114        0.7829
BFGS:  485 20:43:22    -1093.219427        0.5765
BFGS:  486 20:43:22    -1093.211187        2.2279
BFGS:  487 20:43:22    -1093.219865        1.7631
BFGS:  488 20:43:22    -1093.198630        3.0175
BFGS:  489 20:43:22    -1093.213931        1.2347
BFGS:  490 20:43:22    -1093.211042        2.2382
BFGS:  491 20:43:22    -1093.218059        2.0596
BFGS:  492 20:43:22    -1093.219388        0.5844
BFGS:  493 20:43:22    -1093.210341        2.2768
BFGS:  494 20:43:22    -1093.219821        1.7661
BFGS:  495 20:43:22    -1093.199046        2.2098
BFGS:  496 20:43:22    -1093.213971        1.2294
BFGS:  497 20:43:22    -1093.211008        2.2387
BFGS:  498 20:43:22    -1093.218076        0.7851
BFGS:  499 20:43:23    -1093.219407        1.9203
