      Step     Time          Energy         fmax
BFGS:    0 20:45:15     -784.990649      202.3998
BFGS:    1 20:45:15     -825.091656      167.3913
BFGS:    2 20:45:15     -845.357949      166.8161
BFGS:    3 20:45:15     -862.001598      157.5469
BFGS:    4 20:45:15     -874.401224      148.3750
BFGS:    5 20:45:15     -886.785312      132.7384
BFGS:    6 20:45:15     -899.656875      120.4415
BFGS:    7 20:45:15     -911.726698      106.8943
BFGS:    8 20:45:15     -923.189667       97.1821
BFGS:    9 20:45:15     -930.850514       90.8812
BFGS:   10 20:45:15     -940.340554       84.1689
BFGS:   11 20:45:15     -948.746526       76.8628
BFGS:   12 20:45:15     -957.270028       69.3878
BFGS:   13 20:45:15     -965.228894       62.6515
BFGS:   14 20:45:15     -972.040035       58.1215
BFGS:   15 20:45:15     -979.059688       55.6951
BFGS:   16 20:45:15     -985.730410       50.3724
BFGS:   17 20:45:15     -990.628940       48.0163
BFGS:   18 20:45:15     -995.384400       45.3391
BFGS:   19 20:45:15     -999.149134       43.5618
BFGS:   20 20:45:15    -1002.726888       42.4897
BFGS:   21 20:45:15    -1006.654288       43.2013
BFGS:   22 20:45:15    -1010.951918       44.3441
BFGS:   23 20:45:15    -1015.188995       45.6410
BFGS:   24 20:45:15    -1019.440410       46.7217
BFGS:   25 20:45:15    -1023.681569       47.0480
BFGS:   26 20:45:16    -1027.898723       46.4434
BFGS:   27 20:45:16    -1031.620210       44.9574
BFGS:   28 20:45:16    -1034.933608       42.6053
BFGS:   29 20:45:16    -1037.871733       39.6862
BFGS:   30 20:45:16    -1040.375858       36.5430
BFGS:   31 20:45:16    -1042.936994       32.5641
BFGS:   32 20:45:16    -1044.753061       29.8132
BFGS:   33 20:45:16    -1046.534916       26.7181
BFGS:   34 20:45:16    -1048.352232       23.8956
BFGS:   35 20:45:16    -1050.026255       21.1918
BFGS:   36 20:45:16    -1051.644850       19.9133
BFGS:   37 20:45:16    -1053.576281       18.2136
BFGS:   38 20:45:16    -1055.660720       16.2332
BFGS:   39 20:45:16    -1056.932323       15.6937
BFGS:   40 20:45:16    -1058.146387       14.5825
BFGS:   41 20:45:16    -1059.126426       13.2607
BFGS:   42 20:45:16    -1060.250199       10.7419
BFGS:   43 20:45:16    -1061.418969        8.7159
BFGS:   44 20:45:16    -1062.512241       10.3202
BFGS:   45 20:45:16    -1063.444025       11.2942
BFGS:   46 20:45:16    -1064.205745        9.5171
BFGS:   47 20:45:16    -1064.977741        7.3409
BFGS:   48 20:45:16    -1065.765215        8.4504
BFGS:   49 20:45:16    -1066.457778        8.2696
BFGS:   50 20:45:16    -1067.105609       10.4715
BFGS:   51 20:45:16    -1067.781356       13.8205
BFGS:   52 20:45:16    -1068.611556       17.7125
BFGS:   53 20:45:16    -1069.438719       21.1015
BFGS:   54 20:45:16    -1070.328405       23.8729
BFGS:   55 20:45:17    -1071.161178       23.6955
BFGS:   56 20:45:17    -1072.061053       19.9112
BFGS:   57 20:45:17    -1072.995837       17.0685
BFGS:   58 20:45:17    -1074.129782       12.0873
BFGS:   59 20:45:17    -1075.314261       10.4891
BFGS:   60 20:45:17    -1076.204108        9.6849
BFGS:   61 20:45:17    -1076.975388        8.9889
BFGS:   62 20:45:17    -1077.835597        8.1108
BFGS:   63 20:45:17    -1078.841549        8.1524
BFGS:   64 20:45:17    -1079.653646        8.0905
BFGS:   65 20:45:17    -1080.405554        9.1483
BFGS:   66 20:45:17    -1081.137581        9.9873
BFGS:   67 20:45:17    -1081.850765       10.5736
BFGS:   68 20:45:17    -1082.593577       10.8655
BFGS:   69 20:45:17    -1083.349425        9.4293
BFGS:   70 20:45:17    -1084.132807        8.0875
BFGS:   71 20:45:17    -1084.808957        8.0244
BFGS:   72 20:45:17    -1085.388657        8.6754
BFGS:   73 20:45:17    -1085.941725        9.3812
BFGS:   74 20:45:17    -1086.489390        9.8352
BFGS:   75 20:45:17    -1087.060110        9.1105
BFGS:   76 20:45:17    -1087.537117        7.0385
BFGS:   77 20:45:17    -1088.022479        7.4056
BFGS:   78 20:45:17    -1088.438501        6.2488
BFGS:   79 20:45:17    -1088.827316        3.9058
BFGS:   80 20:45:17    -1089.165865        3.0961
BFGS:   81 20:45:17    -1089.423617        3.3443
BFGS:   82 20:45:17    -1089.639958        4.6899
BFGS:   83 20:45:17    -1089.821801        4.8052
BFGS:   84 20:45:17    -1089.961641        5.5740
BFGS:   85 20:45:18    -1090.062729        5.2063
BFGS:   86 20:45:18    -1090.166637        4.5941
BFGS:   87 20:45:18    -1090.238122        3.3088
BFGS:   88 20:45:18    -1090.294812        2.6778
BFGS:   89 20:45:18    -1090.326787        2.1394
BFGS:   90 20:45:18    -1090.345903        1.7465
BFGS:   91 20:45:18    -1090.362528        1.6918
BFGS:   92 20:45:18    -1090.378653        1.5223
BFGS:   93 20:45:18    -1090.395299        1.6050
BFGS:   94 20:45:18    -1090.410857        1.8012
BFGS:   95 20:45:18    -1090.425633        2.0711
BFGS:   96 20:45:18    -1090.444127        2.4534
BFGS:   97 20:45:18    -1090.469938        3.0284
BFGS:   98 20:45:18    -1090.518033        3.8993
BFGS:   99 20:45:18    -1090.553145        5.0188
BFGS:  100 20:45:18    -1090.606296        5.2181
BFGS:  101 20:45:18    -1090.704915        4.3835
BFGS:  102 20:45:18    -1090.795977        5.5160
BFGS:  103 20:45:18    -1090.943198        3.9355
BFGS:  104 20:45:18    -1091.047364        3.9358
BFGS:  105 20:45:18    -1091.112403        3.9959
BFGS:  106 20:45:18    -1091.166985        3.7476
BFGS:  107 20:45:18    -1091.236767        3.6719
BFGS:  108 20:45:18    -1091.303074        3.5652
BFGS:  109 20:45:18    -1091.375862        3.6179
BFGS:  110 20:45:18    -1091.469683        3.9661
BFGS:  111 20:45:18    -1091.595643        4.2949
BFGS:  112 20:45:18    -1091.671206        3.7420
BFGS:  113 20:45:18    -1091.723484        2.7952
BFGS:  114 20:45:18    -1091.760821        2.1339
BFGS:  115 20:45:18    -1091.780116        2.0650
BFGS:  116 20:45:19    -1091.806892        2.0057
BFGS:  117 20:45:19    -1091.831160        2.0401
BFGS:  118 20:45:19    -1091.880427        2.1734
BFGS:  119 20:45:19    -1091.938210        1.9142
BFGS:  120 20:45:19    -1091.986473        1.6161
BFGS:  121 20:45:19    -1092.013900        1.4296
BFGS:  122 20:45:19    -1092.029845        1.1665
BFGS:  123 20:45:19    -1092.046813        1.2205
BFGS:  124 20:45:19    -1092.072141        1.1944
BFGS:  125 20:45:19    -1092.093153        1.0394
BFGS:  126 20:45:19    -1092.105472        0.7086
BFGS:  127 20:45:19    -1092.112403        0.5800
BFGS:  128 20:45:19    -1092.116889        0.5468
BFGS:  129 20:45:19    -1092.120670        0.3863
BFGS:  130 20:45:19    -1092.122768        0.3857
BFGS:  131 20:45:19    -1092.123909        0.3811
BFGS:  132 20:45:19    -1092.124841        0.3362
BFGS:  133 20:45:19    -1092.125695        0.2715
BFGS:  134 20:45:19    -1092.126317        0.1864
BFGS:  135 20:45:19    -1092.126718        0.1313
BFGS:  136 20:45:19    -1092.126956        0.0935
