      Step     Time          Energy         fmax
BFGS:    0 20:42:48     -717.489912      198.7727
BFGS:    1 20:42:48     -774.972194      149.2055
BFGS:    2 20:42:48     -804.822925      157.4672
BFGS:    3 20:42:48     -828.640210      146.0332
BFGS:    4 20:42:48     -848.594145      139.2508
BFGS:    5 20:42:48     -868.398867      133.7199
BFGS:    6 20:42:48     -883.401800      115.9888
BFGS:    7 20:42:48     -895.947506      114.3798
BFGS:    8 20:42:48     -906.514318      101.7444
BFGS:    9 20:42:48     -916.963750       93.5642
BFGS:   10 20:42:48     -927.462153       84.9267
BFGS:   11 20:42:48     -937.645339       76.4856
BFGS:   12 20:42:48     -945.473963       70.8374
BFGS:   13 20:42:48     -953.505606       66.8950
BFGS:   14 20:42:48     -960.163475       61.4383
BFGS:   15 20:42:48     -966.197198       60.7545
BFGS:   16 20:42:48     -971.743306       53.7829
BFGS:   17 20:42:49     -977.497628       49.2512
BFGS:   18 20:42:49     -982.055705       44.7427
BFGS:   19 20:42:49     -986.183985       42.0623
BFGS:   20 20:42:49     -989.975300       39.4363
BFGS:   21 20:42:49     -993.534034       37.8478
BFGS:   22 20:42:49     -996.824959       35.7111
BFGS:   23 20:42:49    -1000.105914       36.1922
BFGS:   24 20:42:49    -1003.458980       32.9724
BFGS:   25 20:42:49    -1007.066252       34.5739
BFGS:   26 20:42:49    -1010.983080       31.6926
BFGS:   27 20:42:49    -1014.210312       32.3707
BFGS:   28 20:42:49    -1017.329397       32.0918
BFGS:   29 20:42:49    -1020.568233       32.0977
BFGS:   30 20:42:49    -1023.790767       28.8851
BFGS:   31 20:42:49    -1026.847467       27.1028
BFGS:   32 20:42:49    -1029.932739       24.9418
BFGS:   33 20:42:49    -1032.790080       25.2497
BFGS:   34 20:42:49    -1035.289303       23.4652
BFGS:   35 20:42:49    -1037.668548       22.5334
BFGS:   36 20:42:49    -1040.137325       21.7187
BFGS:   37 20:42:49    -1042.738881       20.7248
BFGS:   38 20:42:49    -1045.065620       19.9011
BFGS:   39 20:42:49    -1046.955673       18.4967
BFGS:   40 20:42:49    -1048.965504       16.2698
BFGS:   41 20:42:49    -1050.634061       14.6862
BFGS:   42 20:42:50    -1052.066824       14.9154
BFGS:   43 20:42:50    -1053.233794       15.1552
BFGS:   44 20:42:50    -1054.260745       15.2549
BFGS:   45 20:42:50    -1055.264713       14.9677
BFGS:   46 20:42:50    -1056.157517       14.1638
BFGS:   47 20:42:50    -1057.012365       14.6955
BFGS:   48 20:42:50    -1057.841825       15.9500
BFGS:   49 20:42:50    -1058.626503       17.5541
BFGS:   50 20:42:50    -1059.387963       17.7323
BFGS:   51 20:42:50    -1060.123618       18.0373
BFGS:   52 20:42:50    -1060.804943       18.1545
BFGS:   53 20:42:50    -1061.491783       17.7290
BFGS:   54 20:42:50    -1062.198536       17.4639
BFGS:   55 20:42:50    -1062.917913       16.7005
BFGS:   56 20:42:50    -1063.661049       16.1333
BFGS:   57 20:42:50    -1064.408953       16.2010
BFGS:   58 20:42:50    -1065.174702       15.8027
BFGS:   59 20:42:50    -1065.895166       15.3658
BFGS:   60 20:42:50    -1066.581946       14.5189
BFGS:   61 20:42:50    -1067.222749       13.7713
BFGS:   62 20:42:50    -1067.871175       12.9874
BFGS:   63 20:42:50    -1068.497870       12.3267
BFGS:   64 20:42:50    -1069.150156       10.6914
BFGS:   65 20:42:50    -1069.727210        9.6600
BFGS:   66 20:42:50    -1070.283190        8.5565
BFGS:   67 20:42:50    -1070.759975        9.6397
BFGS:   68 20:42:50    -1071.206718       10.0700
BFGS:   69 20:42:50    -1071.624563       10.4839
BFGS:   70 20:42:51    -1072.032724       10.9471
BFGS:   71 20:42:51    -1072.451710       11.4338
BFGS:   72 20:42:51    -1072.850982       11.8964
BFGS:   73 20:42:51    -1073.234545       12.4410
BFGS:   74 20:42:51    -1073.610959       12.8884
BFGS:   75 20:42:51    -1073.983862       13.1613
BFGS:   76 20:42:51    -1074.361055       13.1794
BFGS:   77 20:42:51    -1074.747690       13.0013
BFGS:   78 20:42:51    -1075.145571       12.6204
BFGS:   79 20:42:51    -1075.545112       12.0428
BFGS:   80 20:42:51    -1075.940057       11.1351
BFGS:   81 20:42:51    -1076.328634       11.0158
BFGS:   82 20:42:51    -1076.707071       10.8495
BFGS:   83 20:42:51    -1077.086441       10.6697
BFGS:   84 20:42:51    -1077.461579       10.6063
BFGS:   85 20:42:51    -1077.846069       10.4895
BFGS:   86 20:42:51    -1078.227802       10.3891
BFGS:   87 20:42:51    -1078.612102       10.2973
BFGS:   88 20:42:51    -1079.003863       10.2309
BFGS:   89 20:42:51    -1079.400703       10.1747
BFGS:   90 20:42:51    -1079.800623       10.0763
BFGS:   91 20:42:51    -1080.207102        9.8511
BFGS:   92 20:42:51    -1080.622861        9.4114
BFGS:   93 20:42:51    -1081.050728        8.6904
BFGS:   94 20:42:51    -1081.497953        7.6672
BFGS:   95 20:42:51    -1081.952313        6.4348
BFGS:   96 20:42:51    -1082.427809        5.2812
BFGS:   97 20:42:51    -1082.907651        6.0071
BFGS:   98 20:42:51    -1083.377208        6.5460
BFGS:   99 20:42:51    -1083.852830        6.9213
BFGS:  100 20:42:51    -1084.354124        7.1581
BFGS:  101 20:42:51    -1084.863153        7.1099
BFGS:  102 20:42:51    -1085.364192        7.2189
BFGS:  103 20:42:52    -1085.897125        7.2453
BFGS:  104 20:42:52    -1086.486445        7.0728
BFGS:  105 20:42:52    -1087.137010        6.6717
BFGS:  106 20:42:52    -1087.823356        6.5985
BFGS:  107 20:42:52    -1088.457588        6.6344
BFGS:  108 20:42:52    -1089.031631        6.8834
BFGS:  109 20:42:52    -1089.553934        6.8334
BFGS:  110 20:42:52    -1089.985958        6.3420
BFGS:  111 20:42:52    -1090.334653        5.5221
BFGS:  112 20:42:52    -1090.635596        5.0964
BFGS:  113 20:42:52    -1090.903511        4.9134
BFGS:  114 20:42:52    -1091.166087        4.1816
BFGS:  115 20:42:52    -1091.417932        3.8842
BFGS:  116 20:42:52    -1091.694223        3.0779
BFGS:  117 20:42:52    -1091.917520        2.8191
BFGS:  118 20:42:52    -1092.110442        2.7118
BFGS:  119 20:42:52    -1092.267711        3.0073
BFGS:  120 20:42:52    -1092.424893        4.2115
BFGS:  121 20:42:52    -1092.507195        2.5509
BFGS:  122 20:42:52    -1092.594627        1.6316
BFGS:  123 20:42:52    -1092.661718        1.7364
BFGS:  124 20:42:52    -1092.744500        2.0400
BFGS:  125 20:42:52    -1092.811962        2.4889
BFGS:  126 20:42:52    -1092.882896        2.7190
BFGS:  127 20:42:52    -1092.944542        2.4548
BFGS:  128 20:42:52    -1092.998681        1.6902
BFGS:  129 20:42:52    -1093.026927        1.3032
BFGS:  130 20:42:52    -1093.051547        1.0719
BFGS:  131 20:42:52    -1093.064264        1.0279
BFGS:  132 20:42:52    -1093.077278        0.9497
BFGS:  133 20:42:52    -1093.094526        0.7982
BFGS:  134 20:42:52    -1093.114669        0.8269
BFGS:  135 20:42:52    -1093.134822        0.8314
BFGS:  136 20:42:52    -1093.158858        0.8564
BFGS:  137 20:42:52    -1093.184338        1.2083
BFGS:  138 20:42:53    -1093.230545        1.2359
BFGS:  139 20:42:53    -1093.286257        1.5661
BFGS:  140 20:42:53    -1093.376201        1.7409
BFGS:  141 20:42:53    -1093.489914        1.8901
BFGS:  142 20:42:53    -1093.614063        2.0494
BFGS:  143 20:42:53    -1093.742620        2.2721
BFGS:  144 20:42:53    -1093.853611        2.4030
BFGS:  145 20:42:53    -1094.020033        2.8498
BFGS:  146 20:42:53    -1094.229912        2.9957
BFGS:  147 20:42:53    -1094.385869        3.7948
BFGS:  148 20:42:53    -1094.789755        4.2271
BFGS:  149 20:42:53    -1095.068190        4.1017
BFGS:  150 20:42:53    -1095.271179        3.6360
BFGS:  151 20:42:53    -1095.470986        3.4733
BFGS:  152 20:42:53    -1095.643738        3.1117
BFGS:  153 20:42:53    -1095.775517        3.2797
BFGS:  154 20:42:53    -1095.894187        3.2325
BFGS:  155 20:42:53    -1096.011029        2.8062
BFGS:  156 20:42:53    -1096.131747        2.1638
BFGS:  157 20:42:53    -1096.243636        2.1128
BFGS:  158 20:42:53    -1096.348256        2.2016
BFGS:  159 20:42:53    -1096.484442        3.0405
BFGS:  160 20:42:53    -1096.606631        4.1719
BFGS:  161 20:42:53    -1096.784421        3.6837
BFGS:  162 20:42:53    -1097.017800        4.0231
BFGS:  163 20:42:53    -1097.305193        3.9549
BFGS:  164 20:42:53    -1097.547607        3.8428
BFGS:  165 20:42:53    -1097.788140        3.6295
BFGS:  166 20:42:53    -1098.030297        4.1990
BFGS:  167 20:42:53    -1098.267804        5.1522
BFGS:  168 20:42:53    -1098.528087        6.1065
BFGS:  169 20:42:53    -1098.781883        6.9008
BFGS:  170 20:42:53    -1099.088012        6.8125
BFGS:  171 20:42:53    -1099.404101        6.6512
BFGS:  172 20:42:54    -1099.822747        6.1896
BFGS:  173 20:42:54    -1100.205751        6.0859
BFGS:  174 20:42:54    -1100.652981        5.3821
BFGS:  175 20:42:54    -1101.029674        5.6775
BFGS:  176 20:42:54    -1101.426450        5.9597
BFGS:  177 20:42:54    -1101.929066        6.2582
BFGS:  178 20:42:54    -1102.537685        5.5815
BFGS:  179 20:42:54    -1103.011473        4.4619
BFGS:  180 20:42:54    -1103.241721        4.3653
BFGS:  181 20:42:54    -1103.484279        4.9818
BFGS:  182 20:42:54    -1103.668607        3.4237
BFGS:  183 20:42:54    -1103.818975        3.3568
BFGS:  184 20:42:54    -1103.939110        3.9990
BFGS:  185 20:42:54    -1104.116671        3.5137
BFGS:  186 20:42:54    -1104.269789        3.9690
BFGS:  187 20:42:54    -1104.424385        4.2802
BFGS:  188 20:42:54    -1104.594115        4.4520
BFGS:  189 20:42:54    -1104.739147        4.3790
BFGS:  190 20:42:54    -1104.884307        3.8398
BFGS:  191 20:42:54    -1105.071254        4.3558
BFGS:  192 20:42:54    -1105.206159        3.8558
BFGS:  193 20:42:54    -1105.303512        3.1741
BFGS:  194 20:42:54    -1105.379445        2.9688
BFGS:  195 20:42:54    -1105.429466        3.1042
BFGS:  196 20:42:54    -1105.471296        3.0228
BFGS:  197 20:42:54    -1105.512457        2.8661
BFGS:  198 20:42:54    -1105.543191        2.6601
BFGS:  199 20:42:54    -1105.567441        2.5187
BFGS:  200 20:42:54    -1105.588790        2.4491
BFGS:  201 20:42:54    -1105.614321        2.4653
BFGS:  202 20:42:54    -1105.642270        2.5534
BFGS:  203 20:42:54    -1105.667639        2.6876
BFGS:  204 20:42:54    -1105.691120        2.7888
BFGS:  205 20:42:54    -1105.716625        2.8375
BFGS:  206 20:42:54    -1105.745080        2.7999
BFGS:  207 20:42:55    -1105.780767        2.6542
BFGS:  208 20:42:55    -1105.827484        2.4219
BFGS:  209 20:42:55    -1105.885089        2.2149
BFGS:  210 20:42:55    -1105.952562        2.1162
BFGS:  211 20:42:55    -1106.018710        2.1242
BFGS:  212 20:42:55    -1106.077957        2.1155
BFGS:  213 20:42:55    -1106.130940        1.7548
BFGS:  214 20:42:55    -1106.168971        1.3219
BFGS:  215 20:42:55    -1106.200006        1.2645
BFGS:  216 20:42:55    -1106.224028        1.0837
BFGS:  217 20:42:55    -1106.243479        1.2121
BFGS:  218 20:42:55    -1106.261076        1.4010
BFGS:  219 20:42:55    -1106.280932        1.3222
BFGS:  220 20:42:55    -1106.303818        1.1647
BFGS:  221 20:42:55    -1106.327156        0.9092
BFGS:  222 20:42:55    -1106.347409        0.7285
BFGS:  223 20:42:55    -1106.360452        0.7611
BFGS:  224 20:42:55    -1106.369298        0.7877
BFGS:  225 20:42:55    -1106.377200        0.7886
BFGS:  226 20:42:55    -1106.384006        0.6407
BFGS:  227 20:42:55    -1106.389969        0.5205
BFGS:  228 20:42:55    -1106.395034        0.4789
BFGS:  229 20:42:55    -1106.399662        0.3537
BFGS:  230 20:42:55    -1106.403558        0.3363
BFGS:  231 20:42:55    -1106.406304        0.3324
BFGS:  232 20:42:55    -1106.407999        0.2954
BFGS:  233 20:42:55    -1106.408996        0.2660
BFGS:  234 20:42:55    -1106.409560        0.2697
BFGS:  235 20:42:55    -1106.409861        0.2647
BFGS:  236 20:42:55    -1106.410046        0.2712
BFGS:  237 20:42:55    -1106.410203        0.2619
BFGS:  238 20:42:55    -1106.410363        0.2457
BFGS:  239 20:42:55    -1106.410538        0.2166
BFGS:  240 20:42:55    -1106.410738        0.1835
BFGS:  241 20:42:55    -1106.410967        0.1551
BFGS:  242 20:42:56    -1106.411218        0.1651
BFGS:  243 20:42:56    -1106.411473        0.2029
BFGS:  244 20:42:56    -1106.411711        0.2116
BFGS:  245 20:42:56    -1106.411920        0.1883
BFGS:  246 20:42:56    -1106.412113        0.1440
BFGS:  247 20:42:56    -1106.412323        0.1135
BFGS:  248 20:42:56    -1106.412568        0.1141
BFGS:  249 20:42:56    -1106.412820        0.1007
BFGS:  250 20:42:56    -1106.413016        0.0780
