      Step     Time          Energy         fmax
BFGS:    0 20:46:35     -802.182742      159.1527
BFGS:    1 20:46:35     -850.603652      117.3318
BFGS:    2 20:46:35     -865.453237      110.5431
BFGS:    3 20:46:35     -877.930183      106.3830
BFGS:    4 20:46:35     -894.823568       97.8079
BFGS:    5 20:46:35     -908.843477       88.1726
BFGS:    6 20:46:35     -921.996161       74.3079
BFGS:    7 20:46:35     -930.880765       69.9354
BFGS:    8 20:46:35     -938.615764       63.5204
BFGS:    9 20:46:35     -945.268356       56.7371
BFGS:   10 20:46:35     -951.892571       55.4887
BFGS:   11 20:46:35     -957.186521       49.9182
BFGS:   12 20:46:36     -961.541437       48.2270
BFGS:   13 20:46:36     -965.392026       47.1800
BFGS:   14 20:46:36     -969.186057       46.4399
BFGS:   15 20:46:36     -973.054594       46.5870
BFGS:   16 20:46:36     -977.136277       46.9000
BFGS:   17 20:46:36     -981.268932       46.5218
BFGS:   18 20:46:36     -985.437449       44.3482
BFGS:   19 20:46:36     -989.902008       44.2198
BFGS:   20 20:46:36     -994.429599       40.1372
BFGS:   21 20:46:36     -998.505367       37.4602
BFGS:   22 20:46:36    -1002.006060       35.3455
BFGS:   23 20:46:36    -1005.158149       32.3828
BFGS:   24 20:46:36    -1007.930416       31.4484
BFGS:   25 20:46:36    -1010.278331       30.1798
BFGS:   26 20:46:36    -1012.277099       29.1176
BFGS:   27 20:46:36    -1014.122685       27.8222
BFGS:   28 20:46:36    -1015.880453       27.5975
BFGS:   29 20:46:36    -1017.647701       25.9729
BFGS:   30 20:46:36    -1019.474518       24.9537
BFGS:   31 20:46:36    -1021.272194       24.8353
BFGS:   32 20:46:36    -1023.047456       24.3386
BFGS:   33 20:46:36    -1024.603921       24.4560
BFGS:   34 20:46:36    -1026.321766       23.2283
BFGS:   35 20:46:36    -1028.039329       23.4252
BFGS:   36 20:46:36    -1030.343211       22.4832
BFGS:   37 20:46:36    -1032.211926       21.7957
BFGS:   38 20:46:37    -1034.002398       21.5604
BFGS:   39 20:46:37    -1035.933643       20.4612
BFGS:   40 20:46:37    -1037.770926       19.7177
BFGS:   41 20:46:37    -1039.666285       19.1977
BFGS:   42 20:46:37    -1041.575588       19.1012
BFGS:   43 20:46:37    -1043.342970       19.1956
BFGS:   44 20:46:37    -1045.003784       18.9184
BFGS:   45 20:46:37    -1046.450479       18.8658
BFGS:   46 20:46:37    -1047.728739       17.6203
BFGS:   47 20:46:37    -1048.979321       16.5760
BFGS:   48 20:46:37    -1050.143681       15.3305
BFGS:   49 20:46:37    -1051.331758       13.4154
BFGS:   50 20:46:37    -1052.481215       12.3741
BFGS:   51 20:46:37    -1053.333334        9.5439
BFGS:   52 20:46:37    -1054.002201        8.7566
BFGS:   53 20:46:37    -1054.668275        9.8649
BFGS:   54 20:46:37    -1055.321279       12.1121
BFGS:   55 20:46:37    -1055.983315       13.7160
BFGS:   56 20:46:37    -1056.633316       14.3728
BFGS:   57 20:46:37    -1057.251333       15.5873
BFGS:   58 20:46:37    -1057.858798       16.4673
BFGS:   59 20:46:37    -1058.385424       16.8631
BFGS:   60 20:46:37    -1058.766399       16.1672
BFGS:   61 20:46:37    -1059.122249       14.5779
BFGS:   62 20:46:37    -1059.488024       12.4627
BFGS:   63 20:46:37    -1059.931484       10.4475
BFGS:   64 20:46:38    -1060.327345        8.9450
BFGS:   65 20:46:38    -1060.712448        8.8551
BFGS:   66 20:46:38    -1061.120636        9.0773
BFGS:   67 20:46:38    -1061.798783        8.4377
BFGS:   68 20:46:38    -1062.604264       10.1312
BFGS:   69 20:46:38    -1063.162705       10.6346
BFGS:   70 20:46:38    -1063.741908       11.1212
BFGS:   71 20:46:38    -1064.132836       11.3422
BFGS:   72 20:46:38    -1064.496394       11.6881
BFGS:   73 20:46:38    -1064.823844       11.8320
BFGS:   74 20:46:38    -1065.136442       12.2448
BFGS:   75 20:46:38    -1065.433509       12.3346
BFGS:   76 20:46:38    -1065.712808       12.3381
BFGS:   77 20:46:38    -1065.980277       12.1050
BFGS:   78 20:46:38    -1066.235343       11.9241
BFGS:   79 20:46:38    -1066.557719       11.3389
BFGS:   80 20:46:38    -1066.948591       10.9531
BFGS:   81 20:46:38    -1067.417980       10.4293
BFGS:   82 20:46:38    -1067.945761        9.9135
BFGS:   83 20:46:38    -1068.493600        9.4439
BFGS:   84 20:46:38    -1069.017855        9.2825
BFGS:   85 20:46:38    -1069.483271        9.2595
BFGS:   86 20:46:38    -1069.876861        9.0878
BFGS:   87 20:46:38    -1070.212392        9.0190
BFGS:   88 20:46:38    -1070.481050        9.1833
BFGS:   89 20:46:38    -1070.779522        9.1081
BFGS:   90 20:46:39    -1071.039255        9.3802
BFGS:   91 20:46:39    -1071.290900        9.6757
BFGS:   92 20:46:39    -1071.547038        9.8509
BFGS:   93 20:46:39    -1071.767397        9.9780
BFGS:   94 20:46:39    -1071.987160       10.0242
BFGS:   95 20:46:39    -1072.202139       10.0100
BFGS:   96 20:46:39    -1072.447616       10.2953
BFGS:   97 20:46:39    -1072.710830       10.7003
BFGS:   98 20:46:39    -1072.952506       11.0638
BFGS:   99 20:46:39    -1073.183500       10.4958
BFGS:  100 20:46:39    -1073.401667        9.6512
BFGS:  101 20:46:39    -1073.626718        9.2390
BFGS:  102 20:46:39    -1073.823263        8.7588
BFGS:  103 20:46:39    -1074.098861        8.3511
BFGS:  104 20:46:39    -1074.315077        8.4787
BFGS:  105 20:46:39    -1074.504519        8.4916
BFGS:  106 20:46:39    -1074.622119        8.8911
BFGS:  107 20:46:39    -1074.690542        8.7930
BFGS:  108 20:46:39    -1074.738510        8.8413
BFGS:  109 20:46:39    -1074.790050        8.0275
BFGS:  110 20:46:39    -1074.833738        7.4903
BFGS:  111 20:46:39    -1074.918241        6.7080
BFGS:  112 20:46:39    -1074.995515        5.9302
BFGS:  113 20:46:39    -1075.091871        5.3334
BFGS:  114 20:46:39    -1075.209721        5.4584
BFGS:  115 20:46:39    -1075.307185        5.2168
BFGS:  116 20:46:40    -1075.435527        5.1876
BFGS:  117 20:46:40    -1075.591671        4.4676
BFGS:  118 20:46:40    -1075.741804        3.7315
BFGS:  119 20:46:40    -1075.885046        3.1217
BFGS:  120 20:46:40    -1076.007330        2.3119
BFGS:  121 20:46:40    -1076.093586        2.3286
BFGS:  122 20:46:40    -1076.131905        2.1692
BFGS:  123 20:46:40    -1076.146737        1.9272
BFGS:  124 20:46:40    -1076.160023        1.6034
BFGS:  125 20:46:40    -1076.164940        1.6028
BFGS:  126 20:46:40    -1076.168995        1.4826
BFGS:  127 20:46:40    -1076.173080        1.3431
BFGS:  128 20:46:40    -1076.179083        1.3872
BFGS:  129 20:46:40    -1076.186935        1.2685
BFGS:  130 20:46:40    -1076.196473        0.9778
BFGS:  131 20:46:40    -1076.204186        0.6608
BFGS:  132 20:46:40    -1076.209611        0.5601
BFGS:  133 20:46:40    -1076.211738        0.4133
BFGS:  134 20:46:40    -1076.212956        0.3708
BFGS:  135 20:46:40    -1076.213489        0.3871
BFGS:  136 20:46:40    -1076.213904        0.3804
BFGS:  137 20:46:40    -1076.214195        0.3219
BFGS:  138 20:46:40    -1076.214452        0.2728
BFGS:  139 20:46:40    -1076.214696        0.2752
BFGS:  140 20:46:40    -1076.214970        0.2727
BFGS:  141 20:46:40    -1076.215295        0.2595
BFGS:  142 20:46:41    -1076.215664        0.2147
BFGS:  143 20:46:41    -1076.215985        0.1801
BFGS:  144 20:46:41    -1076.216227        0.1776
BFGS:  145 20:46:41    -1076.216435        0.1813
BFGS:  146 20:46:41    -1076.216710        0.1860
BFGS:  147 20:46:41    -1076.217081        0.1708
BFGS:  148 20:46:41    -1076.217498        0.1300
BFGS:  149 20:46:41    -1076.217813        0.0950
