      Step     Time          Energy         fmax
BFGS:    0 20:50:40     -781.237857      181.2935
BFGS:    1 20:50:40     -816.907288      117.7745
BFGS:    2 20:50:40     -832.457617       99.0764
BFGS:    3 20:50:40     -849.214242       87.9178
BFGS:    4 20:50:40     -865.157687       87.2841
BFGS:    5 20:50:40     -878.111903       90.5409
BFGS:    6 20:50:40     -890.731936       86.2723
BFGS:    7 20:50:40     -902.687579       84.4093
BFGS:    8 20:50:40     -915.215587       80.1688
BFGS:    9 20:50:40     -927.169459       76.7414
BFGS:   10 20:50:40     -936.757260       72.6936
BFGS:   11 20:50:40     -943.920556       66.3623
BFGS:   12 20:50:40     -950.739877       62.2996
BFGS:   13 20:50:40     -956.502043       59.0610
BFGS:   14 20:50:40     -960.943986       56.5359
BFGS:   15 20:50:40     -965.208360       54.1489
BFGS:   16 20:50:40     -968.928917       51.1804
BFGS:   17 20:50:40     -972.463316       49.0393
BFGS:   18 20:50:40     -976.222268       48.8697
BFGS:   19 20:50:40     -979.930364       44.5682
BFGS:   20 20:50:41     -983.384458       42.8873
BFGS:   21 20:50:41     -986.426115       40.7136
BFGS:   22 20:50:41     -989.270849       38.4286
BFGS:   23 20:50:41     -992.246955       36.9367
BFGS:   24 20:50:41     -995.106302       34.0841
BFGS:   25 20:50:41     -998.142192       31.6572
BFGS:   26 20:50:41    -1000.737142       30.3415
BFGS:   27 20:50:41    -1003.278404       29.0692
BFGS:   28 20:50:41    -1005.836010       30.0263
BFGS:   29 20:50:41    -1008.314460       31.1228
BFGS:   30 20:50:41    -1010.639622       33.0469
BFGS:   31 20:50:41    -1012.650451       31.4734
BFGS:   32 20:50:41    -1014.547690       31.1473
BFGS:   33 20:50:41    -1016.615800       29.1120
BFGS:   34 20:50:41    -1018.640167       27.2748
BFGS:   35 20:50:41    -1020.750405       25.1100
BFGS:   36 20:50:41    -1022.868424       23.9754
BFGS:   37 20:50:41    -1024.994534       22.7552
BFGS:   38 20:50:41    -1027.098247       21.6745
BFGS:   39 20:50:41    -1029.232452       20.2867
BFGS:   40 20:50:41    -1031.256437       19.1193
BFGS:   41 20:50:41    -1033.089367       19.3589
BFGS:   42 20:50:41    -1034.844764       20.0366
BFGS:   43 20:50:41    -1036.665734       20.2431
BFGS:   44 20:50:41    -1038.480326       20.2361
BFGS:   45 20:50:41    -1040.203284       19.6628
BFGS:   46 20:50:42    -1042.095088       18.1965
BFGS:   47 20:50:42    -1044.113322       15.9401
BFGS:   48 20:50:42    -1045.753572       14.0983
BFGS:   49 20:50:42    -1047.381072       13.5825
BFGS:   50 20:50:42    -1048.927531       12.3669
BFGS:   51 20:50:42    -1050.316174       10.9932
BFGS:   52 20:50:42    -1051.547322        9.9203
BFGS:   53 20:50:42    -1052.625814        8.8719
BFGS:   54 20:50:42    -1053.673404        7.4750
BFGS:   55 20:50:42    -1054.578691        6.5438
BFGS:   56 20:50:42    -1055.392856        5.8431
BFGS:   57 20:50:42    -1056.183904        5.4710
BFGS:   58 20:50:42    -1056.909079        6.1783
BFGS:   59 20:50:42    -1057.583763        6.9630
BFGS:   60 20:50:42    -1058.254230        7.1206
BFGS:   61 20:50:42    -1058.865308        7.0352
BFGS:   62 20:50:42    -1059.445495        7.4782
BFGS:   63 20:50:42    -1059.991819        7.7532
BFGS:   64 20:50:42    -1060.551467        7.4946
BFGS:   65 20:50:42    -1061.137478        7.5564
BFGS:   66 20:50:42    -1061.747810        7.1454
BFGS:   67 20:50:42    -1062.397709        7.1139
BFGS:   68 20:50:42    -1063.034126        6.6853
BFGS:   69 20:50:42    -1063.657601        6.0425
BFGS:   70 20:50:42    -1064.254812        6.2694
BFGS:   71 20:50:42    -1064.811706        7.0436
BFGS:   72 20:50:42    -1065.335248        7.5887
BFGS:   73 20:50:42    -1065.825150        7.9661
BFGS:   74 20:50:42    -1066.302010        8.1106
BFGS:   75 20:50:43    -1066.752440        8.1083
BFGS:   76 20:50:43    -1067.202009        7.8267
BFGS:   77 20:50:43    -1067.640761        7.3632
BFGS:   78 20:50:43    -1068.070339        6.7227
BFGS:   79 20:50:43    -1068.509025        6.2599
BFGS:   80 20:50:43    -1068.947529        6.7689
BFGS:   81 20:50:43    -1069.428751        7.4860
BFGS:   82 20:50:43    -1069.960680        8.5968
BFGS:   83 20:50:43    -1070.506653        9.5803
BFGS:   84 20:50:43    -1071.035839       10.5310
BFGS:   85 20:50:43    -1071.571652       11.9194
BFGS:   86 20:50:43    -1072.074331       12.6257
BFGS:   87 20:50:43    -1072.566813       12.6924
BFGS:   88 20:50:43    -1073.065296       12.8758
BFGS:   89 20:50:43    -1073.564630       12.5357
BFGS:   90 20:50:43    -1074.093597       12.2421
BFGS:   91 20:50:43    -1074.672614       11.7928
BFGS:   92 20:50:43    -1075.306152       11.4656
BFGS:   93 20:50:43    -1075.954388       11.4386
BFGS:   94 20:50:43    -1076.626139       11.5849
BFGS:   95 20:50:43    -1077.308776       11.7361
BFGS:   96 20:50:43    -1078.042883       11.5948
BFGS:   97 20:50:43    -1078.781154       11.3570
BFGS:   98 20:50:43    -1079.624679       10.7674
BFGS:   99 20:50:43    -1080.400303       10.1020
BFGS:  100 20:50:43    -1081.182674        9.2199
BFGS:  101 20:50:43    -1081.922691        8.5006
BFGS:  102 20:50:43    -1082.636266        7.2166
BFGS:  103 20:50:43    -1083.227942        5.9718
BFGS:  104 20:50:43    -1083.829565        5.8987
BFGS:  105 20:50:43    -1084.348122        5.4046
BFGS:  106 20:50:44    -1084.817468        4.5236
BFGS:  107 20:50:44    -1085.193055        3.6360
BFGS:  108 20:50:44    -1085.518053        3.0017
BFGS:  109 20:50:44    -1085.811022        2.8144
BFGS:  110 20:50:44    -1086.072355        2.5325
BFGS:  111 20:50:44    -1086.278612        2.6958
BFGS:  112 20:50:44    -1086.420342        2.7588
BFGS:  113 20:50:44    -1086.541410        2.6487
BFGS:  114 20:50:44    -1086.666376        3.2947
BFGS:  115 20:50:44    -1086.828318        4.2516
BFGS:  116 20:50:44    -1086.993146        5.0635
BFGS:  117 20:50:44    -1087.187270        5.0608
BFGS:  118 20:50:44    -1087.456857        5.2846
BFGS:  119 20:50:44    -1087.775474        4.8455
BFGS:  120 20:50:44    -1088.039788        3.5668
BFGS:  121 20:50:44    -1088.239638        3.7731
BFGS:  122 20:50:44    -1088.444023        4.9430
BFGS:  123 20:50:44    -1088.826705        6.9229
BFGS:  124 20:50:44    -1089.275395        7.8653
BFGS:  125 20:50:44    -1089.720521        7.7205
BFGS:  126 20:50:44    -1090.121803        6.9184
BFGS:  127 20:50:44    -1090.478749        5.7294
BFGS:  128 20:50:44    -1090.783963        4.6535
BFGS:  129 20:50:44    -1091.043002        3.8793
BFGS:  130 20:50:44    -1091.279471        3.7243
BFGS:  131 20:50:44    -1091.514265        3.8282
BFGS:  132 20:50:44    -1091.741691        4.4647
BFGS:  133 20:50:44    -1091.937005        4.8577
BFGS:  134 20:50:44    -1092.089904        4.6295
BFGS:  135 20:50:44    -1092.204819        3.9385
BFGS:  136 20:50:44    -1092.302808        3.3973
BFGS:  137 20:50:44    -1092.447423        3.4606
BFGS:  138 20:50:44    -1092.596148        4.1036
BFGS:  139 20:50:44    -1092.710955        4.0826
BFGS:  140 20:50:44    -1092.821361        4.8462
BFGS:  141 20:50:45    -1092.947188        4.5879
BFGS:  142 20:50:45    -1093.076980        4.1178
BFGS:  143 20:50:45    -1093.213868        3.2006
BFGS:  144 20:50:45    -1093.338924        3.3635
BFGS:  145 20:50:45    -1093.490484        3.8598
BFGS:  146 20:50:45    -1093.644137        4.0825
BFGS:  147 20:50:45    -1093.751549        4.8298
BFGS:  148 20:50:45    -1093.856092        3.5953
BFGS:  149 20:50:45    -1093.945353        3.2346
BFGS:  150 20:50:45    -1094.039383        3.1751
BFGS:  151 20:50:45    -1094.114670        2.4990
BFGS:  152 20:50:45    -1094.202540        1.6211
BFGS:  153 20:50:45    -1094.294146        1.4509
BFGS:  154 20:50:45    -1094.375563        1.8773
BFGS:  155 20:50:45    -1094.420732        2.4453
BFGS:  156 20:50:45    -1094.462481        2.0322
BFGS:  157 20:50:45    -1094.509185        1.8870
BFGS:  158 20:50:45    -1094.563195        1.4205
BFGS:  159 20:50:45    -1094.610990        1.5658
BFGS:  160 20:50:45    -1094.649578        1.4962
BFGS:  161 20:50:45    -1094.684027        1.7981
BFGS:  162 20:50:45    -1094.713761        1.8418
BFGS:  163 20:50:45    -1094.748561        1.5711
BFGS:  164 20:50:45    -1094.782061        1.1689
BFGS:  165 20:50:45    -1094.803775        0.7872
BFGS:  166 20:50:45    -1094.815095        0.8588
BFGS:  167 20:50:45    -1094.822331        0.9061
BFGS:  168 20:50:45    -1094.828076        1.0740
BFGS:  169 20:50:45    -1094.834524        1.2331
BFGS:  170 20:50:45    -1094.842167        1.4096
BFGS:  171 20:50:45    -1094.851690        1.4809
BFGS:  172 20:50:45    -1094.864349        1.4300
BFGS:  173 20:50:45    -1094.877436        1.2620
BFGS:  174 20:50:45    -1094.894402        1.0414
BFGS:  175 20:50:45    -1094.904625        1.1049
BFGS:  176 20:50:45    -1094.930570        1.0380
BFGS:  177 20:50:45    -1094.957252        1.2381
BFGS:  178 20:50:46    -1094.994228        1.7509
BFGS:  179 20:50:46    -1095.045504        1.9183
BFGS:  180 20:50:46    -1095.118223        2.3206
BFGS:  181 20:50:46    -1095.182617        3.3946
BFGS:  182 20:50:46    -1095.271812        3.8859
BFGS:  183 20:50:46    -1095.347108        4.1174
BFGS:  184 20:50:46    -1095.484738        3.8122
BFGS:  185 20:50:46    -1095.710495        3.1190
BFGS:  186 20:50:46    -1095.849179        2.5112
BFGS:  187 20:50:46    -1095.973558        2.1525
BFGS:  188 20:50:46    -1096.069037        1.8667
BFGS:  189 20:50:46    -1096.152067        1.6250
BFGS:  190 20:50:46    -1096.187976        1.6059
BFGS:  191 20:50:46    -1096.225153        1.4900
BFGS:  192 20:50:46    -1096.270869        1.5407
BFGS:  193 20:50:46    -1096.298528        1.4421
BFGS:  194 20:50:46    -1096.329746        1.5087
BFGS:  195 20:50:46    -1096.422281        2.5521
BFGS:  196 20:50:46    -1096.510220        3.5277
BFGS:  197 20:50:46    -1096.683349        2.4743
BFGS:  198 20:50:46    -1096.790717        2.8182
BFGS:  199 20:50:46    -1096.889550        2.3844
BFGS:  200 20:50:46    -1096.954309        1.7297
BFGS:  201 20:50:46    -1096.996356        1.3898
BFGS:  202 20:50:46    -1097.034410        1.0221
BFGS:  203 20:50:46    -1097.060080        1.1759
BFGS:  204 20:50:46    -1097.085555        0.8873
BFGS:  205 20:50:46    -1097.103754        0.6955
BFGS:  206 20:50:46    -1097.118613        0.7945
BFGS:  207 20:50:46    -1097.131408        0.7022
BFGS:  208 20:50:46    -1097.145805        0.9281
BFGS:  209 20:50:46    -1097.162194        1.0779
BFGS:  210 20:50:46    -1097.180043        1.3207
BFGS:  211 20:50:46    -1097.200944        1.3666
BFGS:  212 20:50:46    -1097.217120        1.0947
BFGS:  213 20:50:46    -1097.230236        1.6164
BFGS:  214 20:50:46    -1097.259785        2.0118
BFGS:  215 20:50:46    -1097.333745        3.2072
BFGS:  216 20:50:47    -1097.334804        5.4680
BFGS:  217 20:50:47    -1097.439012        3.8795
BFGS:  218 20:50:47    -1097.550637        3.3276
BFGS:  219 20:50:47    -1097.781593        3.1999
BFGS:  220 20:50:47    -1097.952377        3.2147
BFGS:  221 20:50:47    -1098.120968        3.6365
BFGS:  222 20:50:47    -1098.341833        3.7269
BFGS:  223 20:50:47    -1098.576722        3.7859
BFGS:  224 20:50:47    -1098.780251        3.7563
BFGS:  225 20:50:47    -1098.995647        3.8109
BFGS:  226 20:50:47    -1099.203215        3.9917
BFGS:  227 20:50:47    -1099.430793        4.4366
BFGS:  228 20:50:47    -1099.708596        4.7470
BFGS:  229 20:50:47    -1100.027206        4.7167
BFGS:  230 20:50:47    -1100.329239        4.7949
BFGS:  231 20:50:47    -1100.622984        4.4329
BFGS:  232 20:50:47    -1100.923806        3.6436
BFGS:  233 20:50:47    -1101.197583        3.0060
BFGS:  234 20:50:47    -1101.359266        2.6341
BFGS:  235 20:50:47    -1101.541508        2.2859
BFGS:  236 20:50:47    -1101.648716        1.7169
BFGS:  237 20:50:47    -1101.729843        1.4592
BFGS:  238 20:50:47    -1101.768801        1.0705
BFGS:  239 20:50:47    -1101.801196        1.2375
BFGS:  240 20:50:47    -1101.822211        0.8913
BFGS:  241 20:50:47    -1101.838458        0.6965
BFGS:  242 20:50:47    -1101.845389        0.8369
BFGS:  243 20:50:47    -1101.851465        0.9002
BFGS:  244 20:50:47    -1101.854458        0.8957
BFGS:  245 20:50:47    -1101.856879        0.7827
BFGS:  246 20:50:47    -1101.858919        0.6849
BFGS:  247 20:50:47    -1101.860425        0.6364
BFGS:  248 20:50:47    -1101.861933        0.6623
BFGS:  249 20:50:47    -1101.863954        0.6369
BFGS:  250 20:50:47    -1101.866055        0.5443
BFGS:  251 20:50:47    -1101.867936        0.4351
BFGS:  252 20:50:48    -1101.869457        0.3834
BFGS:  253 20:50:48    -1101.870513        0.3486
BFGS:  254 20:50:48    -1101.871233        0.3471
BFGS:  255 20:50:48    -1101.871696        0.3989
BFGS:  256 20:50:48    -1101.872051        0.4243
BFGS:  257 20:50:48    -1101.872429        0.4320
BFGS:  258 20:50:48    -1101.872927        0.3968
BFGS:  259 20:50:48    -1101.873632        0.3186
BFGS:  260 20:50:48    -1101.874497        0.2311
BFGS:  261 20:50:48    -1101.875317        0.1920
BFGS:  262 20:50:48    -1101.875897        0.1341
BFGS:  263 20:50:48    -1101.876293        0.1290
BFGS:  264 20:50:48    -1101.876649        0.1167
BFGS:  265 20:50:48    -1101.876988        0.1098
BFGS:  266 20:50:48    -1101.877239        0.0933
