      Step     Time          Energy         fmax
BFGS:    0 20:40:13     -934.584716       47.4724
BFGS:    1 20:40:13     -952.646010       39.4689
BFGS:    2 20:40:13     -963.377283       35.6846
BFGS:    3 20:40:13     -970.037241       31.9153
BFGS:    4 20:40:13     -974.813810       26.3723
BFGS:    5 20:40:14     -979.261505       18.0296
BFGS:    6 20:40:14     -982.983548       13.8605
BFGS:    7 20:40:14     -985.917053       16.9460
BFGS:    8 20:40:14     -988.722298       19.3741
BFGS:    9 20:40:14     -991.215810       21.3057
BFGS:   10 20:40:14     -993.447040       22.5779
BFGS:   11 20:40:14     -995.595121       23.4807
BFGS:   12 20:40:14     -997.746719       24.7509
BFGS:   13 20:40:14     -999.903357       26.6402
BFGS:   14 20:40:14    -1002.022226       28.2823
BFGS:   15 20:40:14    -1004.124518       28.7979
BFGS:   16 20:40:14    -1006.248361       29.0461
BFGS:   17 20:40:14    -1008.452619       27.2109
BFGS:   18 20:40:14    -1010.379601       25.1825
BFGS:   19 20:40:14    -1012.184089       22.1356
BFGS:   20 20:40:14    -1013.689504       19.7458
BFGS:   21 20:40:14    -1015.015056       17.1922
BFGS:   22 20:40:14    -1016.190423       14.9911
BFGS:   23 20:40:14    -1017.055645       13.0141
BFGS:   24 20:40:14    -1017.785816       11.3009
BFGS:   25 20:40:14    -1018.443753        9.6217
BFGS:   26 20:40:14    -1019.036608        8.1635
BFGS:   27 20:40:14    -1019.536126        7.2537
BFGS:   28 20:40:14    -1019.969352        6.5894
BFGS:   29 20:40:14    -1020.354345        6.1043
BFGS:   30 20:40:15    -1020.695870        5.7510
BFGS:   31 20:40:15    -1020.990909        5.4615
BFGS:   32 20:40:15    -1021.255377        5.1959
BFGS:   33 20:40:15    -1021.499936        4.9359
BFGS:   34 20:40:15    -1021.731391        4.6170
BFGS:   35 20:40:15    -1021.950213        4.2656
BFGS:   36 20:40:15    -1022.145061        3.8170
BFGS:   37 20:40:15    -1022.316057        3.2694
BFGS:   38 20:40:15    -1022.463553        3.1349
BFGS:   39 20:40:15    -1022.590792        3.2363
BFGS:   40 20:40:15    -1022.702343        3.1424
BFGS:   41 20:40:15    -1022.810943        2.8470
BFGS:   42 20:40:15    -1022.912831        2.7063
BFGS:   43 20:40:15    -1023.009996        2.6726
BFGS:   44 20:40:15    -1023.109739        2.5379
BFGS:   45 20:40:15    -1023.212430        2.3426
BFGS:   46 20:40:15    -1023.306197        2.2047
BFGS:   47 20:40:15    -1023.394640        2.1520
BFGS:   48 20:40:15    -1023.481870        2.0965
BFGS:   49 20:40:15    -1023.587315        2.1633
BFGS:   50 20:40:15    -1023.681721        2.3630
BFGS:   51 20:40:15    -1023.785343        2.3383
BFGS:   52 20:40:15    -1023.885896        2.0084
BFGS:   53 20:40:15    -1023.989064        1.7737
BFGS:   54 20:40:15    -1024.114324        1.7357
BFGS:   55 20:40:15    -1024.243455        1.6453
BFGS:   56 20:40:15    -1024.348173        1.5617
BFGS:   57 20:40:15    -1024.433812        1.6180
BFGS:   58 20:40:15    -1024.500773        1.5706
BFGS:   59 20:40:16    -1024.551991        1.5983
BFGS:   60 20:40:16    -1024.593943        1.6242
BFGS:   61 20:40:16    -1024.627511        1.6594
BFGS:   62 20:40:16    -1024.661163        1.5372
BFGS:   63 20:40:16    -1024.685954        1.2733
BFGS:   64 20:40:16    -1024.708557        1.0626
BFGS:   65 20:40:16    -1024.725205        1.0887
BFGS:   66 20:40:16    -1024.736600        1.0798
BFGS:   67 20:40:16    -1024.744716        0.9883
BFGS:   68 20:40:16    -1024.752796        0.9030
BFGS:   69 20:40:16    -1024.761992        0.9396
BFGS:   70 20:40:16    -1024.771892        0.9422
BFGS:   71 20:40:16    -1024.783317        0.9176
BFGS:   72 20:40:16    -1024.794644        0.8767
BFGS:   73 20:40:16    -1024.804157        0.8374
BFGS:   74 20:40:16    -1024.814515        0.7983
BFGS:   75 20:40:16    -1024.825639        0.8978
BFGS:   76 20:40:16    -1024.839454        0.9596
BFGS:   77 20:40:16    -1024.857778        1.0040
BFGS:   78 20:40:16    -1024.876735        0.9854
BFGS:   79 20:40:16    -1024.894660        0.9164
BFGS:   80 20:40:16    -1024.911570        0.8084
BFGS:   81 20:40:16    -1024.927844        0.6719
BFGS:   82 20:40:16    -1024.941254        0.5484
BFGS:   83 20:40:16    -1024.954739        0.4354
BFGS:   84 20:40:16    -1024.967535        0.3894
BFGS:   85 20:40:16    -1024.978587        0.3987
BFGS:   86 20:40:16    -1024.987736        0.4255
BFGS:   87 20:40:16    -1024.994629        0.4038
BFGS:   88 20:40:16    -1024.999020        0.4155
BFGS:   89 20:40:17    -1025.003533        0.4208
BFGS:   90 20:40:17    -1025.009066        0.3979
BFGS:   91 20:40:17    -1025.014955        0.3810
BFGS:   92 20:40:17    -1025.021771        0.3070
BFGS:   93 20:40:17    -1025.027954        0.2946
BFGS:   94 20:40:17    -1025.034132        0.2809
BFGS:   95 20:40:17    -1025.040192        0.2525
BFGS:   96 20:40:17    -1025.046849        0.2889
BFGS:   97 20:40:17    -1025.053059        0.2943
BFGS:   98 20:40:17    -1025.057748        0.3733
BFGS:   99 20:40:17    -1025.061367        0.3893
BFGS:  100 20:40:17    -1025.064256        0.3442
BFGS:  101 20:40:17    -1025.067140        0.2688
BFGS:  102 20:40:17    -1025.070362        0.2769
BFGS:  103 20:40:17    -1025.074201        0.2686
BFGS:  104 20:40:17    -1025.078406        0.1972
BFGS:  105 20:40:17    -1025.082227        0.2311
BFGS:  106 20:40:17    -1025.085316        0.2539
BFGS:  107 20:40:17    -1025.088127        0.3102
BFGS:  108 20:40:17    -1025.090920        0.3446
BFGS:  109 20:40:17    -1025.093451        0.3376
BFGS:  110 20:40:17    -1025.095645        0.2999
BFGS:  111 20:40:17    -1025.097664        0.2540
BFGS:  112 20:40:17    -1025.100565        0.2453
BFGS:  113 20:40:17    -1025.104782        0.2424
BFGS:  114 20:40:17    -1025.108897        0.2294
BFGS:  115 20:40:17    -1025.113285        0.2073
BFGS:  116 20:40:17    -1025.117872        0.2072
BFGS:  117 20:40:17    -1025.122194        0.1996
BFGS:  118 20:40:17    -1025.126128        0.1874
BFGS:  119 20:40:18    -1025.129831        0.1830
BFGS:  120 20:40:18    -1025.133312        0.1854
BFGS:  121 20:40:18    -1025.136592        0.2012
BFGS:  122 20:40:18    -1025.139707        0.2219
BFGS:  123 20:40:18    -1025.142687        0.2360
BFGS:  124 20:40:18    -1025.145559        0.2446
BFGS:  125 20:40:18    -1025.148340        0.2492
BFGS:  126 20:40:18    -1025.151010        0.2515
BFGS:  127 20:40:18    -1025.153374        0.2534
BFGS:  128 20:40:18    -1025.155686        0.2515
BFGS:  129 20:40:18    -1025.157880        0.2496
BFGS:  130 20:40:18    -1025.160029        0.2501
BFGS:  131 20:40:18    -1025.162392        0.2505
BFGS:  132 20:40:18    -1025.165267        0.2506
BFGS:  133 20:40:18    -1025.168922        0.2785
BFGS:  134 20:40:18    -1025.173785        0.3169
BFGS:  135 20:40:18    -1025.180646        0.3669
BFGS:  136 20:40:18    -1025.191039        0.4326
BFGS:  137 20:40:18    -1025.208077        0.5207
BFGS:  138 20:40:18    -1025.234239        0.6244
BFGS:  139 20:40:18    -1025.266405        0.7316
BFGS:  140 20:40:18    -1025.301153        0.8362
BFGS:  141 20:40:18    -1025.331870        0.8902
BFGS:  142 20:40:18    -1025.354499        0.8893
BFGS:  143 20:40:18    -1025.373695        0.8552
BFGS:  144 20:40:18    -1025.392421        0.8126
BFGS:  145 20:40:18    -1025.410534        0.7581
BFGS:  146 20:40:18    -1025.429329        0.7080
BFGS:  147 20:40:18    -1025.446469        0.6992
BFGS:  148 20:40:18    -1025.464219        0.7094
BFGS:  149 20:40:18    -1025.481615        0.7226
BFGS:  150 20:40:19    -1025.498709        0.7272
BFGS:  151 20:40:19    -1025.514849        0.7198
BFGS:  152 20:40:19    -1025.529748        0.6926
BFGS:  153 20:40:19    -1025.543154        0.6398
BFGS:  154 20:40:19    -1025.554997        0.5563
BFGS:  155 20:40:19    -1025.565446        0.4368
BFGS:  156 20:40:19    -1025.574453        0.3137
BFGS:  157 20:40:19    -1025.582703        0.3057
BFGS:  158 20:40:19    -1025.591463        0.3129
BFGS:  159 20:40:19    -1025.602292        0.4349
BFGS:  160 20:40:19    -1025.613767        0.4530
BFGS:  161 20:40:19    -1025.624659        0.3611
BFGS:  162 20:40:19    -1025.638480        0.4447
BFGS:  163 20:40:19    -1025.650309        0.4501
BFGS:  164 20:40:19    -1025.660441        0.4658
BFGS:  165 20:40:19    -1025.669777        0.4346
BFGS:  166 20:40:19    -1025.678452        0.3796
BFGS:  167 20:40:19    -1025.686622        0.3038
BFGS:  168 20:40:19    -1025.694797        0.2383
BFGS:  169 20:40:19    -1025.702052        0.2392
BFGS:  170 20:40:19    -1025.709735        0.2598
BFGS:  171 20:40:19    -1025.716990        0.2622
BFGS:  172 20:40:19    -1025.722995        0.2338
BFGS:  173 20:40:19    -1025.729007        0.1735
BFGS:  174 20:40:19    -1025.734621        0.1631
BFGS:  175 20:40:19    -1025.740274        0.1500
BFGS:  176 20:40:19    -1025.744168        0.1538
BFGS:  177 20:40:19    -1025.746476        0.1624
BFGS:  178 20:40:19    -1025.748510        0.1751
BFGS:  179 20:40:19    -1025.750370        0.1711
BFGS:  180 20:40:19    -1025.752055        0.1465
BFGS:  181 20:40:20    -1025.753234        0.1154
BFGS:  182 20:40:20    -1025.754323        0.1086
BFGS:  183 20:40:20    -1025.755038        0.0992
