      Step     Time          Energy         fmax
BFGS:    0 20:47:30     -806.248045      151.8095
BFGS:    1 20:47:30     -841.425540      106.3585
BFGS:    2 20:47:30     -855.401420       94.8663
BFGS:    3 20:47:30     -869.650359       83.6088
BFGS:    4 20:47:31     -883.012654       76.1473
BFGS:    5 20:47:31     -896.595982       67.8881
BFGS:    6 20:47:31     -906.157262       60.0031
BFGS:    7 20:47:31     -914.133127       57.2427
BFGS:    8 20:47:31     -922.114106       53.4197
BFGS:    9 20:47:31     -929.099256       49.5397
BFGS:   10 20:47:31     -935.234758       46.4282
BFGS:   11 20:47:31     -941.475203       42.9950
BFGS:   12 20:47:31     -947.409135       39.9416
BFGS:   13 20:47:31     -952.268333       36.8569
BFGS:   14 20:47:31     -956.483269       33.4125
BFGS:   15 20:47:31     -960.456124       29.1470
BFGS:   16 20:47:31     -963.977045       18.0771
BFGS:   17 20:47:31     -967.153449       17.2027
BFGS:   18 20:47:31     -969.779862       14.4427
BFGS:   19 20:47:31     -971.910568       12.6272
BFGS:   20 20:47:31     -973.551401       11.5428
BFGS:   21 20:47:31     -974.961357       14.8911
BFGS:   22 20:47:31     -976.387384       11.0443
BFGS:   23 20:47:31     -977.680280       10.6262
BFGS:   24 20:47:31     -978.848502        9.8673
BFGS:   25 20:47:31     -980.057680        9.3381
BFGS:   26 20:47:31     -981.483452       11.0891
BFGS:   27 20:47:31     -983.092535       13.6873
BFGS:   28 20:47:31     -984.677175       14.2325
BFGS:   29 20:47:32     -986.147739       13.8362
BFGS:   30 20:47:32     -987.494840       12.9964
BFGS:   31 20:47:32     -988.863800       10.9058
BFGS:   32 20:47:32     -990.086161        9.2441
BFGS:   33 20:47:32     -991.004590        7.0847
BFGS:   34 20:47:32     -991.887636        5.8770
BFGS:   35 20:47:32     -992.647657        6.2119
BFGS:   36 20:47:32     -993.401549        7.0403
BFGS:   37 20:47:32     -994.125070        8.0581
BFGS:   38 20:47:32     -994.823447        9.0262
BFGS:   39 20:47:32     -995.539389        9.4791
BFGS:   40 20:47:32     -996.187200       11.1070
BFGS:   41 20:47:32     -996.825932       12.7263
BFGS:   42 20:47:32     -997.467102       14.2454
BFGS:   43 20:47:32     -998.122541       15.6746
BFGS:   44 20:47:32     -998.807968       16.9340
BFGS:   45 20:47:32     -999.517892       17.8436
BFGS:   46 20:47:32    -1000.195884       18.8890
BFGS:   47 20:47:32    -1000.879195       19.8773
BFGS:   48 20:47:32    -1001.616150       20.7844
BFGS:   49 20:47:32    -1002.376522       21.5489
BFGS:   50 20:47:32    -1003.133748       22.1091
BFGS:   51 20:47:32    -1003.868701       22.4902
BFGS:   52 20:47:32    -1004.626740       22.4490
BFGS:   53 20:47:32    -1005.459090       21.7750
BFGS:   54 20:47:32    -1006.331927       20.5258
BFGS:   55 20:47:33    -1007.179412       22.3842
BFGS:   56 20:47:33    -1007.983638       24.0073
BFGS:   57 20:47:33    -1008.845168       25.1597
BFGS:   58 20:47:33    -1009.733472       26.1596
BFGS:   59 20:47:33    -1010.970326       26.8982
BFGS:   60 20:47:33    -1013.071006       27.6646
BFGS:   61 20:47:33    -1016.194093       27.5143
BFGS:   62 20:47:33    -1020.358610       28.9204
BFGS:   63 20:47:33    -1024.630491       30.2772
BFGS:   64 20:47:33    -1028.685797       29.7232
BFGS:   65 20:47:33    -1032.769923       28.5603
BFGS:   66 20:47:33    -1036.090084       27.8393
BFGS:   67 20:47:33    -1038.650482       26.7241
BFGS:   68 20:47:33    -1040.923937       25.2465
BFGS:   69 20:47:33    -1043.114966       23.6208
BFGS:   70 20:47:33    -1045.356818       21.5822
BFGS:   71 20:47:33    -1047.728707       22.0738
BFGS:   72 20:47:33    -1050.349531       21.3325
BFGS:   73 20:47:33    -1052.958222       22.0592
BFGS:   74 20:47:33    -1055.221674       21.1655
BFGS:   75 20:47:33    -1057.210328       19.8191
BFGS:   76 20:47:33    -1059.040518       18.9645
BFGS:   77 20:47:33    -1060.749581       18.0489
BFGS:   78 20:47:33    -1062.280019       17.3496
BFGS:   79 20:47:33    -1063.766000       16.2825
BFGS:   80 20:47:33    -1065.084497       15.5959
BFGS:   81 20:47:33    -1066.290245       14.5391
BFGS:   82 20:47:34    -1067.308760       14.6062
BFGS:   83 20:47:34    -1068.271215       14.5965
BFGS:   84 20:47:34    -1069.267501       14.3658
BFGS:   85 20:47:34    -1069.971269       14.0787
BFGS:   86 20:47:34    -1070.681184       13.7488
BFGS:   87 20:47:34    -1071.366587       13.3124
BFGS:   88 20:47:34    -1072.070564       12.2503
BFGS:   89 20:47:34    -1072.685931       10.4920
BFGS:   90 20:47:34    -1073.197131        8.8532
BFGS:   91 20:47:34    -1073.765708        9.5431
BFGS:   92 20:47:34    -1074.231578        6.7958
BFGS:   93 20:47:34    -1074.446768        5.6901
BFGS:   94 20:47:34    -1074.611539        5.5923
BFGS:   95 20:47:34    -1074.845910        7.8309
BFGS:   96 20:47:34    -1075.086711        7.6081
BFGS:   97 20:47:34    -1075.396862        6.9824
BFGS:   98 20:47:34    -1075.703831        6.0700
BFGS:   99 20:47:34    -1076.013126        5.5672
BFGS:  100 20:47:34    -1076.322340        6.4947
BFGS:  101 20:47:34    -1076.625011        9.3070
BFGS:  102 20:47:34    -1076.927519       12.0710
BFGS:  103 20:47:34    -1077.245227       15.1072
BFGS:  104 20:47:34    -1077.621114       17.4488
BFGS:  105 20:47:34    -1078.065505       19.3969
BFGS:  106 20:47:34    -1078.591511       18.4353
BFGS:  107 20:47:34    -1079.162392       17.5415
BFGS:  108 20:47:34    -1079.742257       14.0934
BFGS:  109 20:47:34    -1080.386302        9.3437
BFGS:  110 20:47:34    -1080.866269        8.9273
BFGS:  111 20:47:34    -1081.381954        8.7543
BFGS:  112 20:47:35    -1081.906891        9.9367
BFGS:  113 20:47:35    -1082.421016        9.2222
BFGS:  114 20:47:35    -1082.844511        9.5388
BFGS:  115 20:47:35    -1083.245308        8.9598
BFGS:  116 20:47:35    -1083.622274        9.1794
BFGS:  117 20:47:35    -1084.022688        8.7888
BFGS:  118 20:47:35    -1084.498783        8.9894
BFGS:  119 20:47:35    -1084.912391        8.2743
BFGS:  120 20:47:35    -1085.326557        7.8461
BFGS:  121 20:47:35    -1085.667831        8.6239
BFGS:  122 20:47:35    -1085.990506        8.8298
BFGS:  123 20:47:35    -1086.250938        8.2991
BFGS:  124 20:47:35    -1086.552696        7.4487
BFGS:  125 20:47:35    -1086.806062        6.9708
BFGS:  126 20:47:35    -1087.038858        6.4106
BFGS:  127 20:47:35    -1087.212670        5.2676
BFGS:  128 20:47:35    -1087.338087        6.0369
BFGS:  129 20:47:35    -1087.442024        5.8825
BFGS:  130 20:47:35    -1087.594144        4.9491
BFGS:  131 20:47:35    -1087.707444        5.8827
BFGS:  132 20:47:35    -1087.796889        5.1741
BFGS:  133 20:47:35    -1087.840625        3.4733
BFGS:  134 20:47:35    -1087.892589        3.0422
BFGS:  135 20:47:35    -1087.929318        3.4177
BFGS:  136 20:47:35    -1087.950306        3.9223
BFGS:  137 20:47:35    -1088.007342        2.7957
BFGS:  138 20:47:35    -1088.026132        2.7542
BFGS:  139 20:47:35    -1088.049195        2.4307
BFGS:  140 20:47:35    -1088.060839        3.5489
BFGS:  141 20:47:35    -1088.111668        2.8496
BFGS:  142 20:47:35    -1088.148472        2.4523
BFGS:  143 20:47:35    -1088.194807        2.4538
BFGS:  144 20:47:36    -1088.256846        2.8813
BFGS:  145 20:47:36    -1088.299208        2.4710
BFGS:  146 20:47:36    -1088.345348        2.3193
BFGS:  147 20:47:36    -1088.388629        2.1521
BFGS:  148 20:47:36    -1088.406120        2.7828
BFGS:  149 20:47:36    -1088.412466        2.0241
BFGS:  150 20:47:36    -1088.433427        1.7633
BFGS:  151 20:47:36    -1088.425865        2.7074
BFGS:  152 20:47:36    -1088.452793        1.6103
BFGS:  153 20:47:36    -1088.468668        1.5278
BFGS:  154 20:47:36    -1088.482321        1.7159
BFGS:  155 20:47:36    -1088.488698        1.2614
BFGS:  156 20:47:36    -1088.501570        1.1481
BFGS:  157 20:47:36    -1088.506154        1.6148
BFGS:  158 20:47:36    -1088.508803        1.4189
BFGS:  159 20:47:36    -1088.511718        1.1127
BFGS:  160 20:47:36    -1088.513339        1.7438
BFGS:  161 20:47:36    -1088.518490        1.7204
BFGS:  162 20:47:36    -1088.524799        1.6482
BFGS:  163 20:47:36    -1088.521130        1.4206
BFGS:  164 20:47:36    -1088.532396        1.2774
BFGS:  165 20:47:36    -1088.537545        1.6493
BFGS:  166 20:47:36    -1088.539972        1.3209
BFGS:  167 20:47:36    -1088.543089        1.5991
BFGS:  168 20:47:36    -1088.544354        1.3957
BFGS:  169 20:47:36    -1088.552155        1.3265
BFGS:  170 20:47:36    -1088.548376        1.3488
BFGS:  171 20:47:36    -1088.553285        1.4423
BFGS:  172 20:47:36    -1088.551563        1.3687
BFGS:  173 20:47:36    -1088.556685        1.2637
BFGS:  174 20:47:36    -1088.554543        1.3668
BFGS:  175 20:47:36    -1088.556783        1.4469
BFGS:  176 20:47:37    -1088.556747        1.3047
BFGS:  177 20:47:37    -1088.560091        1.4138
BFGS:  178 20:47:37    -1088.560599        1.2204
BFGS:  179 20:47:37    -1088.561807        1.4786
BFGS:  180 20:47:37    -1088.561944        1.4860
BFGS:  181 20:47:37    -1088.563115        1.1625
BFGS:  182 20:47:37    -1088.563153        1.5098
BFGS:  183 20:47:37    -1088.564063        1.4825
BFGS:  184 20:47:37    -1088.554192        1.4892
BFGS:  185 20:47:37    -1088.561953        1.4230
BFGS:  186 20:47:37    -1088.556878        1.6317
BFGS:  187 20:47:37    -1088.566681        1.4351
BFGS:  188 20:47:37    -1088.564624        1.4426
BFGS:  189 20:47:37    -1088.566754        1.4698
BFGS:  190 20:47:37    -1088.535029        1.7596
BFGS:  191 20:47:37    -1088.560602        1.5079
BFGS:  192 20:47:37    -1088.528645        2.1033
BFGS:  193 20:47:37    -1088.562550        1.4243
BFGS:  194 20:47:37    -1088.521920        1.8183
BFGS:  195 20:47:37    -1088.561113        1.4932
BFGS:  196 20:47:37    -1088.516586        2.3549
BFGS:  197 20:47:37    -1088.560710        1.5012
BFGS:  198 20:47:37    -1088.509630        2.1051
BFGS:  199 20:47:37    -1088.559707        1.5076
BFGS:  200 20:47:37    -1088.505945        2.5521
BFGS:  201 20:47:37    -1088.559450        1.5440
BFGS:  202 20:47:37    -1088.498479        2.3587
BFGS:  203 20:47:37    -1088.558000        1.5269
BFGS:  204 20:47:37    -1088.496225        2.7263
BFGS:  205 20:47:37    -1088.558359        1.5730
BFGS:  206 20:47:37    -1088.488852        2.5576
BFGS:  207 20:47:37    -1088.556454        1.5448
BFGS:  208 20:47:38    -1088.488321        2.8806
BFGS:  209 20:47:38    -1088.557493        1.5904
BFGS:  210 20:47:38    -1088.481570        2.6896
BFGS:  211 20:47:38    -1088.555237        1.5618
BFGS:  212 20:47:38    -1088.482229        3.0123
BFGS:  213 20:47:38    -1088.556832        1.6011
BFGS:  214 20:47:38    -1088.475747        2.7841
BFGS:  215 20:47:38    -1088.554253        1.5795
BFGS:  216 20:47:38    -1088.476981        3.1214
BFGS:  217 20:47:38    -1088.556301        1.6096
BFGS:  218 20:47:38    -1088.470722        2.8637
BFGS:  219 20:47:38    -1088.553433        1.5952
BFGS:  220 20:47:38    -1088.472447        3.2043
BFGS:  221 20:47:38    -1088.555903        1.6162
BFGS:  222 20:47:38    -1088.466498        2.9338
BFGS:  223 20:47:38    -1088.552748        1.6055
BFGS:  224 20:47:38    -1088.468779        3.2603
BFGS:  225 20:47:38    -1088.555647        1.6205
BFGS:  226 20:47:38    -1088.463050        2.9955
BFGS:  227 20:47:38    -1088.552160        1.6101
BFGS:  228 20:47:38    -1088.465897        3.2952
BFGS:  229 20:47:38    -1088.555511        1.6223
BFGS:  230 20:47:38    -1088.460140        3.0491
BFGS:  231 20:47:38    -1088.551629        1.6108
BFGS:  232 20:47:38    -1088.463556        3.3177
BFGS:  233 20:47:38    -1088.555463        1.6217
BFGS:  234 20:47:38    -1088.457553        3.0946
BFGS:  235 20:47:38    -1088.551127        1.6097
BFGS:  236 20:47:38    -1088.461586        3.3339
BFGS:  237 20:47:38    -1088.555480        1.6191
BFGS:  238 20:47:38    -1088.455204        3.1316
BFGS:  239 20:47:38    -1088.550686        1.6085
BFGS:  240 20:47:39    -1088.460554        3.3424
BFGS:  241 20:47:39    -1088.555626        1.6137
BFGS:  242 20:47:39    -1088.452957        3.1661
BFGS:  243 20:47:39    -1088.550182        1.6066
BFGS:  244 20:47:39    -1088.459191        3.3536
BFGS:  245 20:47:39    -1088.555767        1.6075
BFGS:  246 20:47:39    -1088.450998        3.1893
BFGS:  247 20:47:39    -1088.549731        1.6052
BFGS:  248 20:47:39    -1088.458027        3.3621
BFGS:  249 20:47:39    -1088.555934        1.6007
BFGS:  250 20:47:39    -1088.449172        3.2075
BFGS:  251 20:47:39    -1088.549297        1.6042
BFGS:  252 20:47:39    -1088.457042        3.3672
BFGS:  253 20:47:39    -1088.556139        1.6021
BFGS:  254 20:47:39    -1088.447437        3.2232
BFGS:  255 20:47:39    -1088.548869        1.6034
BFGS:  256 20:47:39    -1088.456217        3.3685
BFGS:  257 20:47:39    -1088.556381        1.6133
BFGS:  258 20:47:39    -1088.445768        3.2381
BFGS:  259 20:47:39    -1088.548441        1.6023
BFGS:  260 20:47:39    -1088.455542        3.3658
BFGS:  261 20:47:39    -1088.556661        1.6242
BFGS:  262 20:47:39    -1088.444151        3.2529
BFGS:  263 20:47:39    -1088.548011        1.6009
BFGS:  264 20:47:39    -1088.455009        3.3593
BFGS:  265 20:47:39    -1088.556975        1.6347
BFGS:  266 20:47:39    -1088.442575        3.2680
BFGS:  267 20:47:39    -1088.547576        1.5989
BFGS:  268 20:47:39    -1088.454602        3.3496
BFGS:  269 20:47:39    -1088.557320        1.6449
BFGS:  270 20:47:39    -1088.441025        3.2833
BFGS:  271 20:47:39    -1088.547135        1.5965
BFGS:  272 20:47:40    -1088.454302        3.3374
BFGS:  273 20:47:40    -1088.557694        1.6546
BFGS:  274 20:47:40    -1088.439491        3.2987
BFGS:  275 20:47:40    -1088.546686        1.6023
BFGS:  276 20:47:40    -1088.454093        3.3234
BFGS:  277 20:47:40    -1088.558092        1.6639
BFGS:  278 20:47:40    -1088.437964        3.3138
BFGS:  279 20:47:40    -1088.546230        1.6119
BFGS:  280 20:47:40    -1088.453959        3.3084
BFGS:  281 20:47:40    -1088.558513        1.6728
BFGS:  282 20:47:40    -1088.436442        3.3283
BFGS:  283 20:47:40    -1088.545767        1.6213
BFGS:  284 20:47:40    -1088.453892        3.2927
BFGS:  285 20:47:40    -1088.558954        1.6814
BFGS:  286 20:47:40    -1088.434922        3.3420
BFGS:  287 20:47:40    -1088.545297        1.6307
BFGS:  288 20:47:40    -1088.453885        3.2766
BFGS:  289 20:47:40    -1088.559415        1.6896
BFGS:  290 20:47:40    -1088.433404        3.3549
BFGS:  291 20:47:40    -1088.544819        1.6400
BFGS:  292 20:47:40    -1088.453935        3.2603
BFGS:  293 20:47:40    -1088.559895        1.6977
BFGS:  294 20:47:40    -1088.431887        3.3670
BFGS:  295 20:47:40    -1088.544335        1.6492
BFGS:  296 20:47:40    -1088.454036        3.2436
BFGS:  297 20:47:40    -1088.560393        1.7054
BFGS:  298 20:47:40    -1088.430372        3.3784
BFGS:  299 20:47:40    -1088.543845        1.6582
BFGS:  300 20:47:40    -1088.454187        3.2266
BFGS:  301 20:47:40    -1088.560909        1.7130
BFGS:  302 20:47:40    -1088.428859        3.3892
BFGS:  303 20:47:40    -1088.543348        1.6672
BFGS:  304 20:47:41    -1088.454388        3.2091
BFGS:  305 20:47:41    -1088.561444        1.7204
BFGS:  306 20:47:41    -1088.427346        3.3996
BFGS:  307 20:47:41    -1088.542845        1.6761
BFGS:  308 20:47:41    -1088.454638        3.1910
BFGS:  309 20:47:41    -1088.561723        1.4582
BFGS:  310 20:47:41    -1088.540268        1.7530
BFGS:  311 20:47:41    -1088.571256        1.4303
BFGS:  312 20:47:41    -1088.432895        3.4663
BFGS:  313 20:47:41    -1088.544502        1.8085
BFGS:  314 20:47:41    -1088.432438        3.3596
BFGS:  315 20:47:41    -1088.549740        1.5555
BFGS:  316 20:47:41    -1088.453053        3.1889
BFGS:  317 20:47:41    -1088.558947        1.7556
BFGS:  318 20:47:41    -1088.422990        3.4540
BFGS:  319 20:47:41    -1088.543181        1.6834
BFGS:  320 20:47:41    -1088.455763        3.1442
BFGS:  321 20:47:41    -1088.561900        1.4377
BFGS:  322 20:47:41    -1088.539528        1.7752
BFGS:  323 20:47:41    -1088.570961        1.4200
BFGS:  324 20:47:41    -1088.431412        3.4531
BFGS:  325 20:47:41    -1088.544769        1.8317
BFGS:  326 20:47:41    -1088.429152        3.3966
BFGS:  327 20:47:41    -1088.549044        1.5809
BFGS:  328 20:47:41    -1088.453650        3.1491
BFGS:  329 20:47:41    -1088.559783        1.7769
BFGS:  330 20:47:41    -1088.419007        3.4977
BFGS:  331 20:47:41    -1088.542170        1.7120
BFGS:  332 20:47:41    -1088.456696        3.0975
BFGS:  333 20:47:41    -1088.562417        1.4080
BFGS:  334 20:47:41    -1088.538500        1.8019
BFGS:  335 20:47:41    -1088.570344        1.4124
BFGS:  336 20:47:42    -1088.430142        3.4308
BFGS:  337 20:47:42    -1088.545348        1.8542
BFGS:  338 20:47:42    -1088.426448        3.4289
BFGS:  339 20:47:42    -1088.548287        1.6039
BFGS:  340 20:47:42    -1088.454175        3.1050
BFGS:  341 20:47:42    -1088.560678        1.4515
BFGS:  342 20:47:42    -1088.539469        1.7962
BFGS:  343 20:47:42    -1088.571595        1.3974
BFGS:  344 20:47:42    -1088.429209        3.4190
BFGS:  345 20:47:42    -1088.544456        1.8710
BFGS:  346 20:47:42    -1088.424657        3.4589
BFGS:  347 20:47:42    -1088.548306        1.6131
BFGS:  348 20:47:42    -1088.454768        3.0766
BFGS:  349 20:47:42    -1088.560840        1.4380
BFGS:  350 20:47:42    -1088.538796        1.8172
BFGS:  351 20:47:42    -1088.571328        1.3907
BFGS:  352 20:47:42    -1088.428443        3.4074
BFGS:  353 20:47:42    -1088.544612        1.8835
BFGS:  354 20:47:42    -1088.423529        3.4775
BFGS:  355 20:47:42    -1088.548031        1.6266
BFGS:  356 20:47:42    -1088.455110        3.0527
BFGS:  357 20:47:42    -1088.561057        1.4231
BFGS:  358 20:47:42    -1088.538044        1.8381
BFGS:  359 20:47:42    -1088.570992        1.3851
BFGS:  360 20:47:42    -1088.427692        3.3957
BFGS:  361 20:47:42    -1088.544838        1.8958
BFGS:  362 20:47:42    -1088.425521        3.4575
BFGS:  363 20:47:42    -1088.548106        1.6322
BFGS:  364 20:47:42    -1088.454730        3.0386
BFGS:  365 20:47:42    -1088.561095        1.4136
BFGS:  366 20:47:42    -1088.537375        1.8566
BFGS:  367 20:47:42    -1088.570759        1.3793
BFGS:  368 20:47:43    -1088.426979        3.3836
BFGS:  369 20:47:43    -1088.545011        1.9079
BFGS:  370 20:47:43    -1088.427463        3.4372
BFGS:  371 20:47:43    -1088.548194        1.6367
BFGS:  372 20:47:43    -1088.454363        3.0248
BFGS:  373 20:47:43    -1088.561117        1.4047
BFGS:  374 20:47:43    -1088.536708        1.8740
BFGS:  375 20:47:43    -1088.570521        1.3736
BFGS:  376 20:47:43    -1088.426322        3.3714
BFGS:  377 20:47:43    -1088.545203        1.9194
BFGS:  378 20:47:43    -1088.429297        3.4170
BFGS:  379 20:47:43    -1088.548265        1.6408
BFGS:  380 20:47:43    -1088.454037        3.0113
BFGS:  381 20:47:43    -1088.561136        1.3961
BFGS:  382 20:47:43    -1088.536034        1.8906
BFGS:  383 20:47:43    -1088.570270        1.3682
BFGS:  384 20:47:43    -1088.425722        3.3592
BFGS:  385 20:47:43    -1088.545420        1.9303
BFGS:  386 20:47:43    -1088.431090        3.3963
BFGS:  387 20:47:43    -1088.548327        1.6444
BFGS:  388 20:47:43    -1088.453739        2.9983
BFGS:  389 20:47:43    -1088.561150        1.3880
BFGS:  390 20:47:43    -1088.535356        1.9063
BFGS:  391 20:47:43    -1088.570009        1.3629
BFGS:  392 20:47:43    -1088.425184        3.3470
BFGS:  393 20:47:43    -1088.545659        1.9407
BFGS:  394 20:47:43    -1088.432865        3.3749
BFGS:  395 20:47:43    -1088.548384        1.6474
BFGS:  396 20:47:43    -1088.453468        2.9857
BFGS:  397 20:47:43    -1088.561158        1.3803
BFGS:  398 20:47:43    -1088.534675        1.9212
BFGS:  399 20:47:43    -1088.569739        1.3578
BFGS:  400 20:47:44    -1088.424713        3.3347
BFGS:  401 20:47:44    -1088.545922        1.9506
BFGS:  402 20:47:44    -1088.434625        3.3528
BFGS:  403 20:47:44    -1088.548436        1.6499
BFGS:  404 20:47:44    -1088.453228        2.9734
BFGS:  405 20:47:44    -1088.561162        1.3730
BFGS:  406 20:47:44    -1088.533991        1.9355
BFGS:  407 20:47:44    -1088.569461        1.3529
BFGS:  408 20:47:44    -1088.424307        3.3222
BFGS:  409 20:47:44    -1088.546208        1.9601
BFGS:  410 20:47:44    -1088.436363        3.3303
BFGS:  411 20:47:44    -1088.548483        1.6519
BFGS:  412 20:47:44    -1088.453021        2.9613
BFGS:  413 20:47:44    -1088.561164        1.3661
BFGS:  414 20:47:44    -1088.533303        1.9491
BFGS:  415 20:47:44    -1088.569175        1.3482
BFGS:  416 20:47:44    -1088.423971        3.3093
BFGS:  417 20:47:44    -1088.546520        1.9693
BFGS:  418 20:47:44    -1088.438070        3.3077
BFGS:  419 20:47:44    -1088.548525        1.6535
BFGS:  420 20:47:44    -1088.452854        2.9492
BFGS:  421 20:47:44    -1088.561166        1.3595
BFGS:  422 20:47:44    -1088.532612        1.9623
BFGS:  423 20:47:44    -1088.568881        1.3436
BFGS:  424 20:47:44    -1088.423706        3.2961
BFGS:  425 20:47:44    -1088.546857        1.9781
BFGS:  426 20:47:44    -1088.439740        3.2852
BFGS:  427 20:47:44    -1088.548560        1.6547
BFGS:  428 20:47:44    -1088.452727        2.9370
BFGS:  429 20:47:44    -1088.561169        1.3576
BFGS:  430 20:47:44    -1088.531915        1.9750
BFGS:  431 20:47:44    -1088.568579        1.3391
BFGS:  432 20:47:45    -1088.423511        3.2825
BFGS:  433 20:47:45    -1088.547221        1.9866
BFGS:  434 20:47:45    -1088.441371        3.2627
BFGS:  435 20:47:45    -1088.548587        1.6557
BFGS:  436 20:47:45    -1088.452644        2.9248
BFGS:  437 20:47:45    -1088.561176        1.3629
BFGS:  438 20:47:45    -1088.531216        1.9873
BFGS:  439 20:47:45    -1088.568268        1.3346
BFGS:  440 20:47:45    -1088.423388        3.2684
BFGS:  441 20:47:45    -1088.547612        1.9948
BFGS:  442 20:47:45    -1088.442958        3.2404
BFGS:  443 20:47:45    -1088.548606        1.6564
BFGS:  444 20:47:45    -1088.452605        2.9126
BFGS:  445 20:47:45    -1088.561187        1.3681
BFGS:  446 20:47:45    -1088.530515        1.9992
BFGS:  447 20:47:45    -1088.567949        1.3303
BFGS:  448 20:47:45    -1088.423338        3.2541
BFGS:  449 20:47:45    -1088.548030        2.0028
BFGS:  450 20:47:45    -1088.444500        3.2183
BFGS:  451 20:47:45    -1088.548617        1.6569
BFGS:  452 20:47:45    -1088.452612        2.9003
BFGS:  453 20:47:45    -1088.561203        1.3732
BFGS:  454 20:47:45    -1088.529808        2.0108
BFGS:  455 20:47:45    -1088.567622        1.3260
BFGS:  456 20:47:45    -1088.423358        3.2394
BFGS:  457 20:47:45    -1088.548476        2.0105
BFGS:  458 20:47:45    -1088.446002        3.1964
BFGS:  459 20:47:45    -1088.548619        1.6572
BFGS:  460 20:47:45    -1088.452664        2.8880
BFGS:  461 20:47:45    -1088.561226        1.3783
BFGS:  462 20:47:45    -1088.529093        2.0221
BFGS:  463 20:47:45    -1088.567285        1.3218
BFGS:  464 20:47:46    -1088.423447        3.2243
BFGS:  465 20:47:46    -1088.548950        2.0181
BFGS:  466 20:47:46    -1088.447467        3.1747
BFGS:  467 20:47:46    -1088.548613        1.6574
BFGS:  468 20:47:46    -1088.452758        2.8756
BFGS:  469 20:47:46    -1088.561254        1.3833
BFGS:  470 20:47:46    -1088.528371        2.0332
BFGS:  471 20:47:46    -1088.566940        1.3177
BFGS:  472 20:47:46    -1088.423608        3.2090
BFGS:  473 20:47:46    -1088.549454        2.0255
BFGS:  474 20:47:46    -1088.448896        3.1532
BFGS:  475 20:47:46    -1088.548599        1.6575
BFGS:  476 20:47:46    -1088.452894        2.8632
BFGS:  477 20:47:46    -1088.561290        1.3883
BFGS:  478 20:47:46    -1088.527640        2.0441
BFGS:  479 20:47:46    -1088.566586        1.3136
BFGS:  480 20:47:46    -1088.423846        3.1932
BFGS:  481 20:47:46    -1088.549988        2.0327
BFGS:  482 20:47:46    -1088.450293        3.1319
BFGS:  483 20:47:46    -1088.548577        1.6575
BFGS:  484 20:47:46    -1088.453073        2.8507
BFGS:  485 20:47:46    -1088.561335        1.3932
BFGS:  486 20:47:46    -1088.526900        2.0549
BFGS:  487 20:47:46    -1088.566222        1.3095
BFGS:  488 20:47:46    -1088.424154        3.1771
BFGS:  489 20:47:46    -1088.550552        2.0398
BFGS:  490 20:47:46    -1088.451661        3.1109
BFGS:  491 20:47:46    -1088.548547        1.6574
BFGS:  492 20:47:46    -1088.453292        2.8382
BFGS:  493 20:47:46    -1088.561388        1.3981
BFGS:  494 20:47:46    -1088.526149        2.0656
BFGS:  495 20:47:46    -1088.565882        1.3175
BFGS:  496 20:47:47    -1088.426540        3.1515
BFGS:  497 20:47:47    -1088.551366        2.0456
BFGS:  498 20:47:47    -1088.452832        3.0989
BFGS:  499 20:47:47    -1088.548415        1.6597
