      Step     Time          Energy         fmax
BFGS:    0 20:49:22     -724.286403      232.6910
BFGS:    1 20:49:22     -782.793284      194.2237
BFGS:    2 20:49:22     -810.846845      194.6520
BFGS:    3 20:49:22     -826.785392      181.4032
BFGS:    4 20:49:22     -840.547636      173.4839
BFGS:    5 20:49:22     -858.580797      161.7181
BFGS:    6 20:49:22     -873.532977      142.1729
BFGS:    7 20:49:22     -885.712265      135.5932
BFGS:    8 20:49:22     -897.025984      117.3961
BFGS:    9 20:49:22     -907.988548      104.7930
BFGS:   10 20:49:22     -919.521324       92.7279
BFGS:   11 20:49:22     -928.877265       84.4912
BFGS:   12 20:49:22     -936.884653       77.6715
BFGS:   13 20:49:22     -943.549424       75.2219
BFGS:   14 20:49:22     -949.948937       70.3030
BFGS:   15 20:49:22     -956.175534       66.2785
BFGS:   16 20:49:22     -962.324473       63.5212
BFGS:   17 20:49:22     -968.618045       57.5061
BFGS:   18 20:49:22     -974.263924       52.9860
BFGS:   19 20:49:22     -979.307716       48.3160
BFGS:   20 20:49:22     -984.699426       43.4102
BFGS:   21 20:49:23     -989.131741       38.9046
BFGS:   22 20:49:23     -992.896749       36.4194
BFGS:   23 20:49:23     -995.518667       34.3773
BFGS:   24 20:49:23     -998.132215       32.9990
BFGS:   25 20:49:23    -1000.171508       32.8253
BFGS:   26 20:49:23    -1001.961599       32.1207
BFGS:   27 20:49:23    -1003.602420       30.6988
BFGS:   28 20:49:23    -1005.299045       27.3429
BFGS:   29 20:49:23    -1006.768519       24.0019
BFGS:   30 20:49:23    -1008.088911       22.8765
BFGS:   31 20:49:23    -1009.418805       22.5528
BFGS:   32 20:49:23    -1010.712091       23.0186
BFGS:   33 20:49:23    -1012.003334       23.5692
BFGS:   34 20:49:23    -1013.356308       24.0405
BFGS:   35 20:49:23    -1014.732029       24.4468
BFGS:   36 20:49:23    -1016.094166       24.7836
BFGS:   37 20:49:23    -1017.405709       24.9859
BFGS:   38 20:49:23    -1018.617902       25.0868
BFGS:   39 20:49:23    -1019.721884       25.1101
BFGS:   40 20:49:23    -1020.739693       25.1358
BFGS:   41 20:49:23    -1021.692640       25.1346
BFGS:   42 20:49:23    -1022.603301       25.1051
BFGS:   43 20:49:23    -1023.495836       25.0354
BFGS:   44 20:49:23    -1024.407389       24.9544
BFGS:   45 20:49:23    -1025.364285       24.9183
BFGS:   46 20:49:24    -1026.433086       24.9146
BFGS:   47 20:49:24    -1027.586888       24.7336
BFGS:   48 20:49:24    -1028.799277       24.4241
BFGS:   49 20:49:24    -1029.942736       23.9717
BFGS:   50 20:49:24    -1030.995278       23.4077
BFGS:   51 20:49:24    -1031.986732       23.0921
BFGS:   52 20:49:24    -1032.931311       22.9993
BFGS:   53 20:49:24    -1033.878138       23.2781
BFGS:   54 20:49:24    -1034.826873       22.8545
BFGS:   55 20:49:24    -1035.797254       22.7064
BFGS:   56 20:49:24    -1036.774763       22.2423
BFGS:   57 20:49:24    -1037.758180       21.1549
BFGS:   58 20:49:24    -1038.739745       20.7570
BFGS:   59 20:49:24    -1039.730035       20.2913
BFGS:   60 20:49:24    -1040.734465       19.8235
BFGS:   61 20:49:24    -1041.763699       19.3081
BFGS:   62 20:49:24    -1042.834486       18.7383
BFGS:   63 20:49:24    -1043.951354       18.0640
BFGS:   64 20:49:24    -1045.104751       17.3165
BFGS:   65 20:49:24    -1046.265266       16.4529
BFGS:   66 20:49:24    -1047.395214       15.6134
BFGS:   67 20:49:24    -1048.479277       14.7972
BFGS:   68 20:49:24    -1049.515337       14.7975
BFGS:   69 20:49:24    -1050.494343       14.7652
BFGS:   70 20:49:24    -1051.404275       14.8217
BFGS:   71 20:49:24    -1052.264102       14.8431
BFGS:   72 20:49:24    -1053.097434       14.8951
BFGS:   73 20:49:25    -1053.931685       14.7745
BFGS:   74 20:49:25    -1054.781776       14.5556
BFGS:   75 20:49:25    -1055.653072       13.8577
BFGS:   76 20:49:25    -1056.575082       13.1549
BFGS:   77 20:49:25    -1057.491272       12.8608
BFGS:   78 20:49:25    -1058.391224       12.0828
BFGS:   79 20:49:25    -1059.313376       11.6111
BFGS:   80 20:49:25    -1060.299774       10.5937
BFGS:   81 20:49:25    -1061.265768       10.0722
BFGS:   82 20:49:25    -1062.186129       11.2494
BFGS:   83 20:49:25    -1063.356105       12.1277
BFGS:   84 20:49:25    -1064.166534       11.5587
BFGS:   85 20:49:25    -1064.845785       10.5344
BFGS:   86 20:49:25    -1065.522903        9.3211
BFGS:   87 20:49:25    -1066.266765        9.8601
BFGS:   88 20:49:25    -1067.056996       12.7446
BFGS:   89 20:49:25    -1067.815899       15.6087
BFGS:   90 20:49:25    -1068.635235       17.0205
BFGS:   91 20:49:25    -1069.338982       16.0428
BFGS:   92 20:49:25    -1070.122444       13.4138
BFGS:   93 20:49:25    -1070.882678       10.4635
BFGS:   94 20:49:25    -1071.602174        8.6670
BFGS:   95 20:49:25    -1072.228177        7.8977
BFGS:   96 20:49:25    -1072.720008        8.1693
BFGS:   97 20:49:25    -1073.237551        8.3274
BFGS:   98 20:49:25    -1073.692404        8.6980
BFGS:   99 20:49:25    -1074.199833        8.7570
BFGS:  100 20:49:25    -1074.667315        8.8603
BFGS:  101 20:49:25    -1075.138686        8.5605
BFGS:  102 20:49:26    -1075.605461        8.3691
BFGS:  103 20:49:26    -1076.194078        7.4956
BFGS:  104 20:49:26    -1076.790454        7.3044
BFGS:  105 20:49:26    -1077.204156        4.8996
BFGS:  106 20:49:26    -1077.573545        4.5533
BFGS:  107 20:49:26    -1077.821183        3.5001
BFGS:  108 20:49:26    -1077.953342        3.6910
BFGS:  109 20:49:26    -1078.047799        3.5121
BFGS:  110 20:49:26    -1078.211263        3.4802
BFGS:  111 20:49:26    -1078.304757        3.3220
BFGS:  112 20:49:26    -1078.474299        4.0942
BFGS:  113 20:49:26    -1078.584587        4.4936
BFGS:  114 20:49:26    -1078.721028        4.5234
BFGS:  115 20:49:26    -1078.806372        3.5647
BFGS:  116 20:49:26    -1078.903089        3.2421
BFGS:  117 20:49:26    -1078.989543        2.6983
BFGS:  118 20:49:26    -1079.108163        3.8106
BFGS:  119 20:49:26    -1079.226680        4.4171
BFGS:  120 20:49:26    -1079.322013        3.8092
BFGS:  121 20:49:26    -1079.380960        3.1050
BFGS:  122 20:49:26    -1079.408818        2.5049
BFGS:  123 20:49:26    -1079.437557        2.2339
BFGS:  124 20:49:26    -1079.467263        2.0907
BFGS:  125 20:49:26    -1079.483747        1.9704
BFGS:  126 20:49:26    -1079.502738        1.9009
BFGS:  127 20:49:26    -1079.522767        1.7014
BFGS:  128 20:49:26    -1079.540026        1.6088
BFGS:  129 20:49:26    -1079.551138        1.5715
BFGS:  130 20:49:26    -1079.559771        1.6222
BFGS:  131 20:49:27    -1079.570724        1.7016
BFGS:  132 20:49:27    -1079.583177        1.7788
BFGS:  133 20:49:27    -1079.598332        1.9174
BFGS:  134 20:49:27    -1079.623721        2.4719
BFGS:  135 20:49:27    -1079.659092        3.3980
BFGS:  136 20:49:27    -1079.749238        5.6661
BFGS:  137 20:49:27    -1079.983849        7.3509
BFGS:  138 20:49:27    -1080.208844        7.0279
BFGS:  139 20:49:27    -1080.377916        6.1022
BFGS:  140 20:49:27    -1080.541488        5.1874
BFGS:  141 20:49:27    -1080.764137        6.0231
BFGS:  142 20:49:27    -1080.987190        5.5406
BFGS:  143 20:49:27    -1081.208578        5.3165
BFGS:  144 20:49:27    -1081.379230        4.5403
BFGS:  145 20:49:27    -1081.526097        3.4504
BFGS:  146 20:49:27    -1081.642527        3.1155
BFGS:  147 20:49:27    -1081.708905        2.4133
BFGS:  148 20:49:27    -1081.750123        2.0744
BFGS:  149 20:49:27    -1081.768551        1.8696
BFGS:  150 20:49:27    -1081.782022        1.6872
BFGS:  151 20:49:27    -1081.794436        1.5524
BFGS:  152 20:49:27    -1081.811097        1.4885
BFGS:  153 20:49:27    -1081.823308        1.5103
BFGS:  154 20:49:27    -1081.839384        1.4893
BFGS:  155 20:49:27    -1081.850969        1.4036
BFGS:  156 20:49:27    -1081.859942        1.1970
BFGS:  157 20:49:27    -1081.864955        1.2075
BFGS:  158 20:49:27    -1081.869358        1.2398
BFGS:  159 20:49:27    -1081.874088        1.1674
BFGS:  160 20:49:27    -1081.878717        1.0512
BFGS:  161 20:49:28    -1081.882109        0.9264
BFGS:  162 20:49:28    -1081.884411        0.8547
BFGS:  163 20:49:28    -1081.886735        0.8898
BFGS:  164 20:49:28    -1081.890147        0.9084
BFGS:  165 20:49:28    -1081.895118        0.8423
BFGS:  166 20:49:28    -1081.901415        0.6397
BFGS:  167 20:49:28    -1081.907729        0.5316
BFGS:  168 20:49:28    -1081.912354        0.3957
BFGS:  169 20:49:28    -1081.914837        0.2635
BFGS:  170 20:49:28    -1081.916111        0.2349
BFGS:  171 20:49:28    -1081.916856        0.2331
BFGS:  172 20:49:28    -1081.917357        0.2366
BFGS:  173 20:49:28    -1081.917801        0.2543
BFGS:  174 20:49:28    -1081.918290        0.2741
BFGS:  175 20:49:28    -1081.918835        0.2749
BFGS:  176 20:49:28    -1081.919422        0.2285
BFGS:  177 20:49:28    -1081.919942        0.2111
BFGS:  178 20:49:28    -1081.920310        0.2077
BFGS:  179 20:49:28    -1081.920540        0.1642
BFGS:  180 20:49:28    -1081.920715        0.1574
BFGS:  181 20:49:28    -1081.920906        0.1554
BFGS:  182 20:49:28    -1081.921123        0.1325
BFGS:  183 20:49:28    -1081.921330        0.1084
BFGS:  184 20:49:28    -1081.921453        0.0894
