      Step     Time          Energy         fmax
BFGS:    0 20:47:17     -688.070362      280.4542
BFGS:    1 20:47:17     -754.421951      228.4366
BFGS:    2 20:47:17     -781.971458      220.6047
BFGS:    3 20:47:17     -808.065800      200.0827
BFGS:    4 20:47:17     -833.987285      180.1439
BFGS:    5 20:47:17     -851.218486      160.7099
BFGS:    6 20:47:17     -866.387302      148.1881
BFGS:    7 20:47:17     -883.183516      125.7548
BFGS:    8 20:47:17     -899.293159      107.7285
BFGS:    9 20:47:17     -909.945301       98.0782
BFGS:   10 20:47:17     -919.843390       94.7025
BFGS:   11 20:47:18     -927.409334       86.1811
BFGS:   12 20:47:18     -934.796243       81.3588
BFGS:   13 20:47:18     -940.586209       77.2633
BFGS:   14 20:47:18     -945.612384       74.7946
BFGS:   15 20:47:18     -950.219840       69.8317
BFGS:   16 20:47:18     -954.773231       70.4737
BFGS:   17 20:47:18     -959.353399       66.2455
BFGS:   18 20:47:18     -963.449844       62.7441
BFGS:   19 20:47:18     -966.851852       58.6399
BFGS:   20 20:47:18     -969.875427       56.9091
BFGS:   21 20:47:18     -972.760374       54.5530
BFGS:   22 20:47:18     -975.608191       52.1969
BFGS:   23 20:47:18     -978.465726       49.9420
BFGS:   24 20:47:18     -981.564532       47.2728
BFGS:   25 20:47:18     -984.894036       45.3771
BFGS:   26 20:47:18     -988.397701       42.6265
BFGS:   27 20:47:18     -991.879877       40.9414
BFGS:   28 20:47:18     -995.277493       39.3841
BFGS:   29 20:47:18     -998.405945       37.3444
BFGS:   30 20:47:18    -1000.921379       34.5088
BFGS:   31 20:47:18    -1003.261111       32.8071
BFGS:   32 20:47:18    -1005.412198       30.0617
BFGS:   33 20:47:18    -1007.189101       29.7143
BFGS:   34 20:47:18    -1008.862414       27.9383
BFGS:   35 20:47:18    -1010.539882       26.6145
BFGS:   36 20:47:18    -1012.410548       24.5315
BFGS:   37 20:47:19    -1013.996719       24.3881
BFGS:   38 20:47:19    -1016.363298       22.6810
BFGS:   39 20:47:19    -1018.395527       22.0644
BFGS:   40 20:47:19    -1020.380913       21.6338
BFGS:   41 20:47:19    -1022.193024       21.1238
BFGS:   42 20:47:19    -1024.010720       20.7303
BFGS:   43 20:47:19    -1025.778099       20.3649
BFGS:   44 20:47:19    -1027.495858       19.9071
BFGS:   45 20:47:19    -1029.182915       19.3655
BFGS:   46 20:47:19    -1030.786262       18.5362
BFGS:   47 20:47:19    -1032.331472       17.8933
BFGS:   48 20:47:19    -1033.780867       17.3903
BFGS:   49 20:47:19    -1035.151246       16.7200
BFGS:   50 20:47:19    -1036.474638       16.3601
BFGS:   51 20:47:19    -1037.739869       15.9214
BFGS:   52 20:47:19    -1038.759739       15.7761
BFGS:   53 20:47:19    -1039.667393       15.6454
BFGS:   54 20:47:19    -1040.509595       15.5623
BFGS:   55 20:47:19    -1041.326663       15.4336
BFGS:   56 20:47:19    -1042.127980       15.3222
BFGS:   57 20:47:19    -1042.946299       15.1205
BFGS:   58 20:47:19    -1043.765790       15.0387
BFGS:   59 20:47:19    -1044.634334       14.8027
BFGS:   60 20:47:19    -1045.512789       14.5608
BFGS:   61 20:47:19    -1046.463922       14.3470
BFGS:   62 20:47:20    -1047.476364       13.9614
BFGS:   63 20:47:20    -1048.532444       13.6236
BFGS:   64 20:47:20    -1049.484629       13.6901
BFGS:   65 20:47:20    -1050.339114       13.1213
BFGS:   66 20:47:20    -1051.146105       12.7082
BFGS:   67 20:47:20    -1051.891048       10.9757
BFGS:   68 20:47:20    -1052.559712        9.9739
BFGS:   69 20:47:20    -1053.120758        8.8307
BFGS:   70 20:47:20    -1053.585987        8.3531
BFGS:   71 20:47:20    -1053.986035        7.2368
BFGS:   72 20:47:20    -1054.319324        5.6105
BFGS:   73 20:47:20    -1054.602798        6.0838
BFGS:   74 20:47:20    -1054.866577        6.5231
BFGS:   75 20:47:20    -1055.123264        6.8280
BFGS:   76 20:47:20    -1055.379975        6.9270
BFGS:   77 20:47:20    -1055.642709        6.9711
BFGS:   78 20:47:20    -1055.893631        7.2713
BFGS:   79 20:47:20    -1056.142309        7.7126
BFGS:   80 20:47:20    -1056.354917        7.5548
BFGS:   81 20:47:20    -1056.580809        7.5909
BFGS:   82 20:47:20    -1056.831834        6.5882
BFGS:   83 20:47:20    -1057.108023        5.4882
BFGS:   84 20:47:20    -1057.302647        4.5177
BFGS:   85 20:47:20    -1057.482748        4.1105
BFGS:   86 20:47:20    -1057.632329        3.9026
BFGS:   87 20:47:20    -1057.773543        3.8678
BFGS:   88 20:47:21    -1057.905283        3.7375
BFGS:   89 20:47:21    -1058.032292        3.5889
BFGS:   90 20:47:21    -1058.157854        3.3303
BFGS:   91 20:47:21    -1058.285684        2.9999
BFGS:   92 20:47:21    -1058.416893        2.7813
BFGS:   93 20:47:21    -1058.548738        3.0789
BFGS:   94 20:47:21    -1058.673040        3.4594
BFGS:   95 20:47:21    -1058.788852        3.6062
BFGS:   96 20:47:21    -1058.923586        3.5868
BFGS:   97 20:47:21    -1059.070910        4.7911
BFGS:   98 20:47:21    -1059.210597        5.8645
BFGS:   99 20:47:21    -1059.356036        6.7099
BFGS:  100 20:47:21    -1059.470677        7.5136
BFGS:  101 20:47:21    -1059.577431        6.3358
BFGS:  102 20:47:21    -1059.720975        6.8049
BFGS:  103 20:47:21    -1059.872554        5.9374
BFGS:  104 20:47:21    -1059.993234        5.4300
BFGS:  105 20:47:21    -1060.106220        5.0478
BFGS:  106 20:47:21    -1060.219715        4.9148
BFGS:  107 20:47:21    -1060.433192        4.6510
BFGS:  108 20:47:21    -1060.732083        4.7014
BFGS:  109 20:47:21    -1061.050522        5.1524
BFGS:  110 20:47:21    -1061.367556        5.1320
BFGS:  111 20:47:21    -1061.655230        5.4757
BFGS:  112 20:47:21    -1061.917881        5.9239
BFGS:  113 20:47:21    -1062.158040        6.1423
BFGS:  114 20:47:22    -1062.379701        6.7373
BFGS:  115 20:47:22    -1062.599446        6.7365
BFGS:  116 20:47:22    -1062.800443        6.0519
BFGS:  117 20:47:22    -1063.014291        5.2826
BFGS:  118 20:47:22    -1063.248220        4.4819
BFGS:  119 20:47:22    -1063.437186        5.2208
BFGS:  120 20:47:22    -1063.583980        5.1679
BFGS:  121 20:47:22    -1063.715148        4.8374
BFGS:  122 20:47:22    -1063.831217        4.9011
BFGS:  123 20:47:22    -1063.954397        4.7396
BFGS:  124 20:47:22    -1064.051343        4.9317
BFGS:  125 20:47:22    -1064.170214        3.7172
BFGS:  126 20:47:22    -1064.257171        3.9360
BFGS:  127 20:47:22    -1064.394146        2.9417
BFGS:  128 20:47:22    -1064.504807        2.2981
BFGS:  129 20:47:22    -1064.568429        2.3575
BFGS:  130 20:47:22    -1064.633400        2.7241
BFGS:  131 20:47:22    -1064.691290        3.2186
BFGS:  132 20:47:22    -1064.751257        3.7443
BFGS:  133 20:47:22    -1064.837413        3.9022
BFGS:  134 20:47:22    -1064.946215        3.9402
BFGS:  135 20:47:22    -1065.074875        3.7530
BFGS:  136 20:47:22    -1065.230631        3.6874
BFGS:  137 20:47:22    -1065.414242        4.0266
BFGS:  138 20:47:22    -1065.628756        4.5988
BFGS:  139 20:47:23    -1065.862852        4.8780
BFGS:  140 20:47:23    -1066.105916        5.0279
BFGS:  141 20:47:23    -1066.349789        4.8742
BFGS:  142 20:47:23    -1066.583713        4.3118
BFGS:  143 20:47:23    -1066.800461        3.3387
BFGS:  144 20:47:23    -1066.991923        3.4259
BFGS:  145 20:47:23    -1067.164481        3.7275
BFGS:  146 20:47:23    -1067.300212        3.9320
BFGS:  147 20:47:23    -1067.374481        3.6199
BFGS:  148 20:47:23    -1067.487482        2.4137
BFGS:  149 20:47:23    -1067.544165        2.0621
BFGS:  150 20:47:23    -1067.570954        1.6046
BFGS:  151 20:47:23    -1067.588042        1.3343
BFGS:  152 20:47:23    -1067.600896        1.0566
BFGS:  153 20:47:23    -1067.607910        0.8106
BFGS:  154 20:47:23    -1067.612388        0.6678
BFGS:  155 20:47:23    -1067.616339        0.6203
BFGS:  156 20:47:23    -1067.620712        0.5898
BFGS:  157 20:47:23    -1067.624199        0.5727
BFGS:  158 20:47:23    -1067.626918        0.5117
BFGS:  159 20:47:23    -1067.629143        0.5043
BFGS:  160 20:47:23    -1067.631179        0.4998
BFGS:  161 20:47:23    -1067.633090        0.5507
BFGS:  162 20:47:23    -1067.634744        0.5612
BFGS:  163 20:47:23    -1067.635734        0.4920
BFGS:  164 20:47:24    -1067.636288        0.4246
BFGS:  165 20:47:24    -1067.636664        0.4056
BFGS:  166 20:47:24    -1067.637093        0.3718
BFGS:  167 20:47:24    -1067.637602        0.3162
BFGS:  168 20:47:24    -1067.638146        0.3380
BFGS:  169 20:47:24    -1067.638720        0.3513
BFGS:  170 20:47:24    -1067.639418        0.3454
BFGS:  171 20:47:24    -1067.640269        0.2924
BFGS:  172 20:47:24    -1067.641041        0.1924
BFGS:  173 20:47:24    -1067.641487        0.1335
BFGS:  174 20:47:24    -1067.641703        0.1019
BFGS:  175 20:47:24    -1067.641841        0.0656
