      Step     Time          Energy         fmax
BFGS:    0 20:47:01     -662.449713       79.5867
BFGS:    1 20:47:01     -688.622561      109.2140
BFGS:    2 20:47:01     -702.077647      122.1450
BFGS:    3 20:47:01     -714.213583      108.2947
BFGS:    4 20:47:02     -726.265541      112.4647
BFGS:    5 20:47:02     -737.326336      115.4859
BFGS:    6 20:47:02     -746.638902      115.9891
BFGS:    7 20:47:02     -754.778322      111.7575
BFGS:    8 20:47:02     -762.922445      120.6599
BFGS:    9 20:47:02     -771.347031      126.5709
BFGS:   10 20:47:02     -779.832756      125.3965
BFGS:   11 20:47:02     -787.253673      122.6891
BFGS:   12 20:47:02     -794.966485      118.5247
BFGS:   13 20:47:02     -802.184347      111.2217
BFGS:   14 20:47:02     -809.241465      107.4176
BFGS:   15 20:47:02     -816.284297       89.9056
BFGS:   16 20:47:02     -823.711843       85.8107
BFGS:   17 20:47:02     -830.927325       79.0185
BFGS:   18 20:47:02     -837.383294       71.2373
BFGS:   19 20:47:02     -843.262012       72.5529
BFGS:   20 20:47:02     -849.219417       68.3822
BFGS:   21 20:47:02     -854.908061       66.1618
BFGS:   22 20:47:02     -860.227955       68.3539
BFGS:   23 20:47:02     -864.563180       59.5000
BFGS:   24 20:47:02     -868.930722       57.2462
BFGS:   25 20:47:02     -873.178027       54.0542
BFGS:   26 20:47:02     -877.670366       50.9819
BFGS:   27 20:47:02     -882.383718       49.0717
BFGS:   28 20:47:02     -887.326316       50.7028
BFGS:   29 20:47:03     -892.051556       52.9997
BFGS:   30 20:47:03     -897.358891       54.9998
BFGS:   31 20:47:03     -902.740023       55.4759
BFGS:   32 20:47:03     -909.036055       54.8549
BFGS:   33 20:47:03     -914.748710       52.4462
BFGS:   34 20:47:03     -921.903903       50.3896
BFGS:   35 20:47:03     -927.058719       47.7767
BFGS:   36 20:47:03     -935.047341       47.6089
BFGS:   37 20:47:03     -942.833261       47.7138
BFGS:   38 20:47:03     -951.122529       46.8518
BFGS:   39 20:47:03     -959.615702       44.3527
BFGS:   40 20:47:03     -967.128355       43.6568
BFGS:   41 20:47:03     -975.999840       46.2777
BFGS:   42 20:47:03     -984.072447       47.5840
BFGS:   43 20:47:03     -991.225922       48.7797
BFGS:   44 20:47:03     -997.999924       48.0070
BFGS:   45 20:47:03    -1004.328287       51.3789
BFGS:   46 20:47:03    -1009.675453       49.5471
BFGS:   47 20:47:03    -1014.237993       48.4195
BFGS:   48 20:47:03    -1018.735330       48.5951
BFGS:   49 20:47:03    -1022.915724       48.7010
BFGS:   50 20:47:03    -1027.783963       46.7591
BFGS:   51 20:47:03    -1032.113452       44.3440
BFGS:   52 20:47:03    -1036.311341       43.2613
BFGS:   53 20:47:03    -1041.110655       39.3656
BFGS:   54 20:47:03    -1045.507736       36.4506
BFGS:   55 20:47:04    -1049.933414       34.3552
BFGS:   56 20:47:04    -1054.223071       30.4794
BFGS:   57 20:47:04    -1057.840774       28.5328
BFGS:   58 20:47:04    -1061.433522       26.7787
BFGS:   59 20:47:04    -1064.770160       24.8501
BFGS:   60 20:47:04    -1067.558010       22.8920
BFGS:   61 20:47:04    -1070.121542       20.5749
BFGS:   62 20:47:04    -1072.465833       17.4780
BFGS:   63 20:47:04    -1074.432977       14.6991
BFGS:   64 20:47:04    -1075.788920       14.0198
BFGS:   65 20:47:04    -1076.770330       12.9513
BFGS:   66 20:47:04    -1077.469802       12.7462
BFGS:   67 20:47:04    -1078.042802       12.9742
BFGS:   68 20:47:04    -1078.727623       13.4770
BFGS:   69 20:47:04    -1079.329967       13.7806
BFGS:   70 20:47:04    -1079.792358       12.4870
BFGS:   71 20:47:04    -1080.170135       11.1050
BFGS:   72 20:47:04    -1080.691677        8.4260
BFGS:   73 20:47:04    -1080.983548        8.1672
BFGS:   74 20:47:04    -1081.347229        7.6120
BFGS:   75 20:47:04    -1081.650950        7.8827
BFGS:   76 20:47:04    -1081.963700        8.0330
BFGS:   77 20:47:04    -1082.229126        8.2922
BFGS:   78 20:47:04    -1082.464848        8.5593
BFGS:   79 20:47:04    -1082.808260        9.3123
BFGS:   80 20:47:04    -1083.091041       10.3610
BFGS:   81 20:47:04    -1083.452517       11.2502
BFGS:   82 20:47:04    -1083.874224        9.2854
BFGS:   83 20:47:05    -1084.142678        8.1079
BFGS:   84 20:47:05    -1084.321228        8.0907
BFGS:   85 20:47:05    -1084.502530        6.8831
BFGS:   86 20:47:05    -1084.730108        9.5303
BFGS:   87 20:47:05    -1084.958616        5.9554
BFGS:   88 20:47:05    -1085.103231        5.3113
BFGS:   89 20:47:05    -1085.224246        5.4278
BFGS:   90 20:47:05    -1085.414831        5.2144
BFGS:   91 20:47:05    -1085.607200        6.4095
BFGS:   92 20:47:05    -1085.833032        9.1389
BFGS:   93 20:47:05    -1085.961173        9.2160
BFGS:   94 20:47:05    -1086.136667        7.5381
BFGS:   95 20:47:05    -1086.347270        5.7789
BFGS:   96 20:47:05    -1086.451104        5.5562
BFGS:   97 20:47:05    -1086.506955        6.0257
BFGS:   98 20:47:05    -1086.546449        6.3325
BFGS:   99 20:47:05    -1086.564439        6.5708
BFGS:  100 20:47:05    -1086.590356        6.2240
BFGS:  101 20:47:05    -1086.609059        5.8301
BFGS:  102 20:47:05    -1086.625687        5.4411
BFGS:  103 20:47:05    -1086.635903        5.3386
BFGS:  104 20:47:05    -1086.649772        5.2727
BFGS:  105 20:47:05    -1086.661995        5.2783
BFGS:  106 20:47:05    -1086.685103        6.9829
BFGS:  107 20:47:05    -1086.676292        6.3343
BFGS:  108 20:47:05    -1086.722121        6.5983
BFGS:  109 20:47:05    -1086.737844        6.2958
BFGS:  110 20:47:05    -1086.762696        5.8701
BFGS:  111 20:47:06    -1086.773905        5.7459
BFGS:  112 20:47:06    -1086.782967        5.4857
BFGS:  113 20:47:06    -1086.787661        5.4765
BFGS:  114 20:47:06    -1086.795493        5.3681
BFGS:  115 20:47:06    -1086.800589        5.3004
BFGS:  116 20:47:06    -1086.807438        5.1995
BFGS:  117 20:47:06    -1086.812866        5.1092
BFGS:  118 20:47:06    -1086.819599        5.0150
BFGS:  119 20:47:06    -1086.825120        4.9524
BFGS:  120 20:47:06    -1086.830881        4.9146
BFGS:  121 20:47:06    -1086.835008        4.9016
BFGS:  122 20:47:06    -1086.840282        4.9112
BFGS:  123 20:47:06    -1086.845147        4.9319
BFGS:  124 20:47:06    -1086.852901        5.0203
BFGS:  125 20:47:06    -1086.860678        5.1020
BFGS:  126 20:47:06    -1086.872047        5.2491
BFGS:  127 20:47:06    -1086.881771        5.2706
BFGS:  128 20:47:06    -1086.892826        5.2697
BFGS:  129 20:47:06    -1086.900808        5.2528
BFGS:  130 20:47:06    -1086.910826        5.2138
BFGS:  131 20:47:06    -1086.920856        5.1642
BFGS:  132 20:47:06    -1086.933238        5.0507
BFGS:  133 20:47:06    -1086.944750        4.9232
BFGS:  134 20:47:06    -1086.956700        5.0206
BFGS:  135 20:47:06    -1086.969037        4.9054
BFGS:  136 20:47:06    -1086.986049        4.9298
BFGS:  137 20:47:06    -1087.005492        5.0318
BFGS:  138 20:47:06    -1087.020296        4.8838
BFGS:  139 20:47:07    -1087.030209        4.6625
BFGS:  140 20:47:07    -1087.038969        4.4982
BFGS:  141 20:47:07    -1087.046660        4.3995
BFGS:  142 20:47:07    -1087.053155        4.5828
BFGS:  143 20:47:07    -1087.058155        4.5868
BFGS:  144 20:47:07    -1087.060352        4.5535
BFGS:  145 20:47:07    -1087.062275        4.4402
BFGS:  146 20:47:07    -1087.063671        4.4158
BFGS:  147 20:47:07    -1087.065382        4.3607
BFGS:  148 20:47:07    -1087.067320        4.3848
BFGS:  149 20:47:07    -1087.069898        4.4364
BFGS:  150 20:47:07    -1087.073037        4.5375
BFGS:  151 20:47:07    -1087.077228        4.6526
BFGS:  152 20:47:07    -1087.082603        4.7499
BFGS:  153 20:47:07    -1087.089591        4.7793
BFGS:  154 20:47:07    -1087.097549        4.7115
BFGS:  155 20:47:07    -1087.105103        4.5718
BFGS:  156 20:47:07    -1087.111068        4.6467
BFGS:  157 20:47:07    -1087.115993        4.7325
BFGS:  158 20:47:07    -1087.120884        4.7227
BFGS:  159 20:47:07    -1087.126080        4.6478
BFGS:  160 20:47:07    -1087.130901        4.5793
BFGS:  161 20:47:07    -1087.134592        4.5776
BFGS:  162 20:47:07    -1087.137219        4.6438
BFGS:  163 20:47:07    -1087.139481        4.7110
BFGS:  164 20:47:07    -1087.141705        4.7770
BFGS:  165 20:47:07    -1087.143959        4.7496
BFGS:  166 20:47:07    -1087.145963        4.7585
BFGS:  167 20:47:07    -1087.147640        4.8770
BFGS:  168 20:47:08    -1087.149017        4.9310
BFGS:  169 20:47:08    -1087.150176        4.9509
BFGS:  170 20:47:08    -1087.151011        4.9255
BFGS:  171 20:47:08    -1087.151560        4.8898
BFGS:  172 20:47:08    -1087.151928        4.8570
BFGS:  173 20:47:08    -1087.152179        4.8356
BFGS:  174 20:47:08    -1087.152363        4.8231
BFGS:  175 20:47:08    -1087.152494        4.8177
BFGS:  176 20:47:08    -1087.152593        4.8159
BFGS:  177 20:47:08    -1087.152657        4.8158
BFGS:  178 20:47:08    -1087.152697        4.8157
BFGS:  179 20:47:08    -1087.152717        4.8151
BFGS:  180 20:47:08    -1087.152729        4.8140
BFGS:  181 20:47:08    -1087.152737        4.8129
BFGS:  182 20:47:08    -1087.152746        4.8122
BFGS:  183 20:47:08    -1087.152758        4.8123
BFGS:  184 20:47:08    -1087.152779        4.8137
BFGS:  185 20:47:08    -1087.152812        4.8169
BFGS:  186 20:47:08    -1087.152861        4.8213
BFGS:  187 20:47:08    -1087.152911        4.8239
