      Step     Time          Energy         fmax
BFGS:    0 20:49:26     -682.380957      243.5858
BFGS:    1 20:49:26     -752.355898      217.8140
BFGS:    2 20:49:26     -778.867543      196.9410
BFGS:    3 20:49:26     -806.928438      188.4156
BFGS:    4 20:49:27     -834.400815      177.8952
BFGS:    5 20:49:27     -854.447489      172.6322
BFGS:    6 20:49:27     -870.864623      163.7285
BFGS:    7 20:49:27     -886.753667      153.7369
BFGS:    8 20:49:27     -902.808346      141.0656
BFGS:    9 20:49:27     -915.326910      129.0531
BFGS:   10 20:49:27     -926.782008      122.2897
BFGS:   11 20:49:27     -938.221477      111.8079
BFGS:   12 20:49:27     -949.576661      102.5160
BFGS:   13 20:49:27     -959.390012       88.1005
BFGS:   14 20:49:27     -968.173022       84.1852
BFGS:   15 20:49:27     -975.803023       73.6798
BFGS:   16 20:49:27     -983.329325       70.3564
BFGS:   17 20:49:27     -989.750665       61.3096
BFGS:   18 20:49:27     -995.775833       59.7904
BFGS:   19 20:49:27    -1001.558189       49.4033
BFGS:   20 20:49:27    -1006.092795       48.0787
BFGS:   21 20:49:27    -1009.479161       43.0790
BFGS:   22 20:49:27    -1012.073747       40.7042
BFGS:   23 20:49:27    -1014.310744       38.4488
BFGS:   24 20:49:27    -1016.470289       32.7362
BFGS:   25 20:49:27    -1018.338458       28.1266
BFGS:   26 20:49:27    -1020.008000       24.7759
BFGS:   27 20:49:27    -1021.403603       20.4132
BFGS:   28 20:49:27    -1022.608946       16.6723
BFGS:   29 20:49:28    -1023.747257       16.2576
BFGS:   30 20:49:28    -1024.871193       18.4408
BFGS:   31 20:49:28    -1025.886625       16.8724
BFGS:   32 20:49:28    -1026.768426       15.3054
BFGS:   33 20:49:28    -1027.520703       11.2424
BFGS:   34 20:49:28    -1028.190156        9.6266
BFGS:   35 20:49:28    -1028.783803        7.5887
BFGS:   36 20:49:28    -1029.383245       10.4764
BFGS:   37 20:49:28    -1029.910188       15.2568
BFGS:   38 20:49:28    -1030.931730       14.7196
BFGS:   39 20:49:28    -1031.842819        9.8470
BFGS:   40 20:49:28    -1032.633959        9.4306
BFGS:   41 20:49:28    -1033.406691       10.9546
BFGS:   42 20:49:28    -1034.060351       12.8809
BFGS:   43 20:49:28    -1034.549207       15.0408
BFGS:   44 20:49:28    -1035.027690       10.8021
BFGS:   45 20:49:28    -1035.434517        9.0521
BFGS:   46 20:49:28    -1035.784586        9.0533
BFGS:   47 20:49:28    -1036.099096        7.4454
BFGS:   48 20:49:28    -1036.328067        7.0026
BFGS:   49 20:49:28    -1036.549016       10.1411
BFGS:   50 20:49:28    -1036.754115       10.0067
BFGS:   51 20:49:28    -1036.918151        6.2956
BFGS:   52 20:49:28    -1037.117821        4.7600
BFGS:   53 20:49:29    -1037.272083        4.9759
BFGS:   54 20:49:29    -1037.368409        5.6245
BFGS:   55 20:49:29    -1037.483245        4.7661
BFGS:   56 20:49:29    -1037.559935        3.2369
BFGS:   57 20:49:29    -1037.611220        5.7547
BFGS:   58 20:49:29    -1037.715379        6.2004
BFGS:   59 20:49:29    -1037.852111        8.6471
BFGS:   60 20:49:29    -1037.948134        9.5206
BFGS:   61 20:49:29    -1038.092256        7.2265
BFGS:   62 20:49:29    -1038.249114        6.2440
BFGS:   63 20:49:29    -1038.352896        4.8373
BFGS:   64 20:49:29    -1038.454122        5.0590
BFGS:   65 20:49:29    -1038.536023        4.2732
BFGS:   66 20:49:29    -1038.612190        3.8162
BFGS:   67 20:49:29    -1038.727557        2.8816
BFGS:   68 20:49:29    -1038.840093        2.7918
BFGS:   69 20:49:29    -1038.960600        2.5080
BFGS:   70 20:49:29    -1039.086662        3.2964
BFGS:   71 20:49:29    -1039.235914        4.7809
BFGS:   72 20:49:29    -1039.394646        6.8425
BFGS:   73 20:49:29    -1039.546460        8.9816
BFGS:   74 20:49:29    -1039.673509       10.6376
BFGS:   75 20:49:29    -1039.768258       11.4941
BFGS:   76 20:49:29    -1039.853241       11.7601
BFGS:   77 20:49:30    -1040.004481       10.7944
BFGS:   78 20:49:30    -1040.206311        9.8158
BFGS:   79 20:49:30    -1040.541606        9.5235
BFGS:   80 20:49:30    -1041.029356        9.6238
BFGS:   81 20:49:30    -1041.485995        7.7711
BFGS:   82 20:49:30    -1041.785853        8.2639
BFGS:   83 20:49:30    -1042.116550        6.4075
BFGS:   84 20:49:30    -1042.339715        5.4676
BFGS:   85 20:49:30    -1042.500022        6.7370
BFGS:   86 20:49:30    -1042.628053        5.3617
BFGS:   87 20:49:30    -1042.833895        5.5864
BFGS:   88 20:49:30    -1043.067464        6.2129
BFGS:   89 20:49:30    -1043.280452        4.3036
BFGS:   90 20:49:30    -1043.445323        3.6464
BFGS:   91 20:49:30    -1043.603213        3.5522
BFGS:   92 20:49:30    -1043.740091        3.3027
BFGS:   93 20:49:30    -1043.874371        3.1322
BFGS:   94 20:49:30    -1044.007186        3.9762
BFGS:   95 20:49:30    -1044.143591        5.1283
BFGS:   96 20:49:30    -1044.286000        6.3514
BFGS:   97 20:49:30    -1044.433290        7.5888
BFGS:   98 20:49:30    -1044.588907        8.7328
BFGS:   99 20:49:30    -1044.749842        9.6363
BFGS:  100 20:49:30    -1044.917022       10.1075
BFGS:  101 20:49:31    -1045.072959       10.0157
BFGS:  102 20:49:31    -1045.229928        9.3889
BFGS:  103 20:49:31    -1045.367468        8.7531
BFGS:  104 20:49:31    -1045.510124        8.6182
BFGS:  105 20:49:31    -1045.649182        8.4184
BFGS:  106 20:49:31    -1045.786034        8.2398
BFGS:  107 20:49:31    -1046.054411        7.1540
BFGS:  108 20:49:31    -1046.357116        6.7782
BFGS:  109 20:49:31    -1046.664727        7.0225
BFGS:  110 20:49:31    -1047.026459        7.1930
BFGS:  111 20:49:31    -1047.380593        7.0167
BFGS:  112 20:49:31    -1047.731615        6.1134
BFGS:  113 20:49:31    -1048.096151        6.4768
BFGS:  114 20:49:31    -1048.481771        6.5821
BFGS:  115 20:49:31    -1048.801034        5.8905
BFGS:  116 20:49:31    -1049.078324        5.1870
BFGS:  117 20:49:31    -1049.290050        4.1332
BFGS:  118 20:49:31    -1049.474116        3.0957
BFGS:  119 20:49:31    -1049.612655        2.3682
BFGS:  120 20:49:31    -1049.691695        1.6411
BFGS:  121 20:49:31    -1049.730607        1.4877
BFGS:  122 20:49:31    -1049.770185        1.5040
BFGS:  123 20:49:31    -1049.820272        2.1275
BFGS:  124 20:49:31    -1049.903380        4.2331
BFGS:  125 20:49:32    -1050.005253        8.9924
BFGS:  126 20:49:32    -1050.234623       13.6116
BFGS:  127 20:49:32    -1050.523896       17.0951
BFGS:  128 20:49:32    -1050.851151       19.2847
BFGS:  129 20:49:32    -1051.233979       19.2278
BFGS:  130 20:49:32    -1051.640721       18.0801
BFGS:  131 20:49:32    -1052.099842       14.8605
BFGS:  132 20:49:32    -1052.470119       14.3509
BFGS:  133 20:49:32    -1052.975928        8.2683
BFGS:  134 20:49:32    -1053.327351        7.8489
BFGS:  135 20:49:32    -1053.853919        7.3201
BFGS:  136 20:49:32    -1054.283895        5.7011
BFGS:  137 20:49:32    -1054.705442        5.7008
BFGS:  138 20:49:32    -1054.940923        5.4463
BFGS:  139 20:49:32    -1055.171752        5.2423
BFGS:  140 20:49:32    -1055.380377        5.5642
BFGS:  141 20:49:32    -1055.594624        5.8950
BFGS:  142 20:49:32    -1055.784647        6.0584
BFGS:  143 20:49:32    -1055.951623        5.1727
BFGS:  144 20:49:32    -1056.047003        3.7461
BFGS:  145 20:49:32    -1056.115720        2.8779
BFGS:  146 20:49:32    -1056.164823        2.3491
BFGS:  147 20:49:32    -1056.192775        2.0248
BFGS:  148 20:49:32    -1056.210609        1.7749
BFGS:  149 20:49:33    -1056.228336        1.1708
BFGS:  150 20:49:33    -1056.240810        0.7684
BFGS:  151 20:49:33    -1056.249287        0.6079
BFGS:  152 20:49:33    -1056.253707        0.4441
BFGS:  153 20:49:33    -1056.255846        0.2699
BFGS:  154 20:49:33    -1056.256706        0.1749
BFGS:  155 20:49:33    -1056.257035        0.1108
BFGS:  156 20:49:33    -1056.257155        0.0684
