      Step     Time          Energy         fmax
BFGS:    0 20:41:35     -652.439796      207.8900
BFGS:    1 20:41:35     -693.992245      228.5852
BFGS:    2 20:41:35     -719.845956      210.8921
BFGS:    3 20:41:35     -740.732185      214.5826
BFGS:    4 20:41:35     -761.567586      204.1409
BFGS:    5 20:41:35     -781.498921      196.7391
BFGS:    6 20:41:35     -802.093084      188.8613
BFGS:    7 20:41:35     -822.650064      179.6313
BFGS:    8 20:41:35     -842.981778      173.8450
BFGS:    9 20:41:35     -859.966849      172.0286
BFGS:   10 20:41:35     -877.011537      164.9836
BFGS:   11 20:41:35     -891.105179      161.9651
BFGS:   12 20:41:35     -903.982319      155.6705
BFGS:   13 20:41:35     -914.238574      149.9719
BFGS:   14 20:41:35     -922.144237      143.9140
BFGS:   15 20:41:36     -929.122457      139.0670
BFGS:   16 20:41:36     -936.501541      134.5723
BFGS:   17 20:41:36     -945.574258      127.6271
BFGS:   18 20:41:36     -954.964864      122.8449
BFGS:   19 20:41:36     -964.588283      117.9103
BFGS:   20 20:41:36     -973.818616      112.2206
BFGS:   21 20:41:36     -982.757666      107.0051
BFGS:   22 20:41:36     -991.422514      101.1650
BFGS:   23 20:41:36    -1000.127673       94.8549
BFGS:   24 20:41:36    -1007.678707       90.2195
BFGS:   25 20:41:36    -1015.726999       82.6402
BFGS:   26 20:41:36    -1023.357031       76.6699
BFGS:   27 20:41:36    -1030.779642       67.9215
BFGS:   28 20:41:36    -1037.710587       61.7901
BFGS:   29 20:41:36    -1044.216269       53.9560
BFGS:   30 20:41:36    -1049.039578       49.4844
BFGS:   31 20:41:36    -1052.957979       45.0973
BFGS:   32 20:41:36    -1056.757464       40.9508
BFGS:   33 20:41:36    -1060.647546       36.4512
BFGS:   34 20:41:36    -1064.527700       31.8216
BFGS:   35 20:41:36    -1067.660373       28.7567
BFGS:   36 20:41:36    -1070.140304       26.0061
BFGS:   37 20:41:36    -1072.139089       24.5486
BFGS:   38 20:41:36    -1074.197347       22.1641
BFGS:   39 20:41:36    -1076.246262       20.1691
BFGS:   40 20:41:36    -1078.049298       17.7040
BFGS:   41 20:41:36    -1079.733980       15.6009
BFGS:   42 20:41:36    -1081.235135       13.8775
BFGS:   43 20:41:36    -1082.516342       13.4243
BFGS:   44 20:41:36    -1083.573100       11.9582
BFGS:   45 20:41:37    -1084.448425       11.7492
BFGS:   46 20:41:37    -1085.255399       10.6338
BFGS:   47 20:41:37    -1086.058274        9.8627
BFGS:   48 20:41:37    -1086.833941        9.0174
BFGS:   49 20:41:37    -1087.566614        8.6697
BFGS:   50 20:41:37    -1088.238033        8.3337
BFGS:   51 20:41:37    -1088.870321        8.3248
BFGS:   52 20:41:37    -1089.495105        9.2002
BFGS:   53 20:41:37    -1090.158795       10.3956
BFGS:   54 20:41:37    -1090.817570       11.0849
BFGS:   55 20:41:37    -1091.463974       11.6123
BFGS:   56 20:41:37    -1092.113101       12.1467
BFGS:   57 20:41:37    -1092.761567       12.1180
BFGS:   58 20:41:37    -1093.375240       11.5920
BFGS:   59 20:41:37    -1093.922467       10.6565
BFGS:   60 20:41:37    -1094.400739        9.4209
BFGS:   61 20:41:37    -1094.816418        8.5261
BFGS:   62 20:41:37    -1095.191838        7.3963
BFGS:   63 20:41:37    -1095.501592        6.1849
BFGS:   64 20:41:37    -1095.762273        5.2059
BFGS:   65 20:41:37    -1095.979817        4.3372
BFGS:   66 20:41:37    -1096.176708        3.8216
BFGS:   67 20:41:37    -1096.355142        4.1676
BFGS:   68 20:41:37    -1096.537794        4.4451
BFGS:   69 20:41:37    -1096.726820        4.7245
BFGS:   70 20:41:37    -1096.921098        4.9811
BFGS:   71 20:41:37    -1097.120564        5.1554
BFGS:   72 20:41:37    -1097.325736        5.3234
BFGS:   73 20:41:37    -1097.540615        5.4449
BFGS:   74 20:41:37    -1097.774076        5.4648
BFGS:   75 20:41:37    -1098.055502        5.4848
BFGS:   76 20:41:37    -1098.387875        4.7163
BFGS:   77 20:41:37    -1098.731363        4.0414
BFGS:   78 20:41:38    -1098.936455        3.5433
BFGS:   79 20:41:38    -1099.084207        2.8983
BFGS:   80 20:41:38    -1099.187485        2.1688
BFGS:   81 20:41:38    -1099.244559        1.8808
BFGS:   82 20:41:38    -1099.283100        1.8663
BFGS:   83 20:41:38    -1099.312287        1.9553
BFGS:   84 20:41:38    -1099.342353        1.7666
BFGS:   85 20:41:38    -1099.374154        1.5730
BFGS:   86 20:41:38    -1099.408993        1.5920
BFGS:   87 20:41:38    -1099.438284        1.3776
BFGS:   88 20:41:38    -1099.454700        1.2460
BFGS:   89 20:41:38    -1099.466660        1.1249
BFGS:   90 20:41:38    -1099.477017        0.8859
BFGS:   91 20:41:38    -1099.486154        0.7583
BFGS:   92 20:41:38    -1099.492520        0.7545
BFGS:   93 20:41:38    -1099.497807        0.8626
BFGS:   94 20:41:38    -1099.502431        0.8534
BFGS:   95 20:41:38    -1099.506305        0.8143
BFGS:   96 20:41:38    -1099.508774        0.6900
BFGS:   97 20:41:38    -1099.510240        0.5995
BFGS:   98 20:41:38    -1099.511247        0.5679
BFGS:   99 20:41:38    -1099.512237        0.5868
BFGS:  100 20:41:38    -1099.513387        0.5883
BFGS:  101 20:41:38    -1099.514968        0.5659
BFGS:  102 20:41:38    -1099.517205        0.5403
BFGS:  103 20:41:38    -1099.520294        0.5617
BFGS:  104 20:41:38    -1099.524056        0.5030
BFGS:  105 20:41:38    -1099.528044        0.3817
BFGS:  106 20:41:38    -1099.531536        0.3670
BFGS:  107 20:41:38    -1099.534202        0.3559
BFGS:  108 20:41:38    -1099.536287        0.3948
BFGS:  109 20:41:38    -1099.538129        0.4321
BFGS:  110 20:41:38    -1099.540067        0.3844
BFGS:  111 20:41:38    -1099.541893        0.3578
BFGS:  112 20:41:39    -1099.543598        0.3844
BFGS:  113 20:41:39    -1099.545196        0.3430
BFGS:  114 20:41:39    -1099.546735        0.2753
BFGS:  115 20:41:39    -1099.548086        0.2387
BFGS:  116 20:41:39    -1099.548848        0.2716
BFGS:  117 20:41:39    -1099.549803        0.1859
BFGS:  118 20:41:39    -1099.550437        0.1650
BFGS:  119 20:41:39    -1099.551100        0.1109
BFGS:  120 20:41:39    -1099.551315        0.0832
