      Step     Time          Energy         fmax
BFGS:    0 20:49:51     -923.261427      119.9903
BFGS:    1 20:49:51     -936.585431       85.8187
BFGS:    2 20:49:51     -947.035944       86.3346
BFGS:    3 20:49:51     -956.842808       57.3170
BFGS:    4 20:49:51     -966.881181       50.8064
BFGS:    5 20:49:51     -975.463144       49.1532
BFGS:    6 20:49:51     -983.535826       48.5763
BFGS:    7 20:49:51     -990.829179       45.2301
BFGS:    8 20:49:51     -997.663284       45.1155
BFGS:    9 20:49:51    -1003.920545       42.5034
BFGS:   10 20:49:51    -1009.703646       40.4383
BFGS:   11 20:49:51    -1015.509279       39.5931
BFGS:   12 20:49:51    -1021.190912       46.3508
BFGS:   13 20:49:51    -1026.857173       52.8339
BFGS:   14 20:49:51    -1031.920761       56.4211
BFGS:   15 20:49:51    -1036.288150       58.4186
BFGS:   16 20:49:51    -1040.281297       58.0066
BFGS:   17 20:49:51    -1044.353238       55.0390
BFGS:   18 20:49:51    -1048.144445       47.8898
BFGS:   19 20:49:51    -1051.424406       40.3219
BFGS:   20 20:49:51    -1054.406566       35.0158
BFGS:   21 20:49:51    -1057.257618       34.5251
BFGS:   22 20:49:51    -1060.096889       35.3885
BFGS:   23 20:49:52    -1063.158827       35.5977
BFGS:   24 20:49:52    -1066.238496       36.5136
BFGS:   25 20:49:52    -1069.250531       36.1090
BFGS:   26 20:49:52    -1071.861737       34.4549
BFGS:   27 20:49:52    -1074.642052       30.0132
BFGS:   28 20:49:52    -1076.962152       26.0990
BFGS:   29 20:49:52    -1078.700437       22.6712
BFGS:   30 20:49:52    -1080.306996       17.7599
BFGS:   31 20:49:52    -1081.877656       14.2358
BFGS:   32 20:49:52    -1083.169567       10.7581
BFGS:   33 20:49:52    -1084.192720        9.4721
BFGS:   34 20:49:52    -1085.178697        9.3511
BFGS:   35 20:49:52    -1086.079168        9.7452
BFGS:   36 20:49:52    -1086.972020       11.4668
BFGS:   37 20:49:52    -1087.750299       12.5604
BFGS:   38 20:49:52    -1088.504046       15.0813
BFGS:   39 20:49:52    -1089.167769       16.6453
BFGS:   40 20:49:52    -1089.796667       16.8387
BFGS:   41 20:49:52    -1090.404473       15.3222
BFGS:   42 20:49:52    -1091.015177       12.4684
BFGS:   43 20:49:52    -1091.662241       12.2252
BFGS:   44 20:49:52    -1092.343686       10.9559
BFGS:   45 20:49:52    -1093.144980       13.1887
BFGS:   46 20:49:52    -1093.938881       16.3706
BFGS:   47 20:49:52    -1094.723690       16.7547
BFGS:   48 20:49:52    -1095.497326       14.4472
BFGS:   49 20:49:53    -1096.117066       12.9672
BFGS:   50 20:49:53    -1096.643184        8.9479
BFGS:   51 20:49:53    -1097.027327        7.4511
BFGS:   52 20:49:53    -1097.216086        5.3305
BFGS:   53 20:49:53    -1097.379711        5.1639
BFGS:   54 20:49:53    -1097.668681        6.7625
BFGS:   55 20:49:53    -1097.983305        5.0576
BFGS:   56 20:49:53    -1098.130554        5.7572
BFGS:   57 20:49:53    -1098.300786        3.2352
BFGS:   58 20:49:53    -1098.422028        3.9859
BFGS:   59 20:49:53    -1098.582182        3.5263
BFGS:   60 20:49:53    -1098.734355        4.8105
BFGS:   61 20:49:53    -1098.870276        6.1263
BFGS:   62 20:49:53    -1099.019316        6.8871
BFGS:   63 20:49:53    -1099.251082        7.2243
BFGS:   64 20:49:53    -1099.409338        6.5075
BFGS:   65 20:49:53    -1099.493654        8.0154
BFGS:   66 20:49:53    -1099.602337        8.1306
BFGS:   67 20:49:53    -1099.647721        7.0436
BFGS:   68 20:49:53    -1099.713043        5.5311
BFGS:   69 20:49:53    -1099.792255        4.1535
BFGS:   70 20:49:53    -1099.913140        4.1251
BFGS:   71 20:49:53    -1099.969638        3.7237
BFGS:   72 20:49:53    -1100.027303        4.7662
BFGS:   73 20:49:53    -1100.072677        3.9015
BFGS:   74 20:49:53    -1100.103008        3.5561
BFGS:   75 20:49:53    -1100.132605        3.7602
BFGS:   76 20:49:54    -1100.158692        3.5930
BFGS:   77 20:49:54    -1100.180829        3.4339
BFGS:   78 20:49:54    -1100.203716        2.4607
BFGS:   79 20:49:54    -1100.222986        1.5885
BFGS:   80 20:49:54    -1100.233983        1.3014
BFGS:   81 20:49:54    -1100.242314        0.9904
BFGS:   82 20:49:54    -1100.247668        0.9806
BFGS:   83 20:49:54    -1100.251743        0.8693
BFGS:   84 20:49:54    -1100.254954        0.6591
BFGS:   85 20:49:54    -1100.257225        0.6178
BFGS:   86 20:49:54    -1100.259071        0.6018
BFGS:   87 20:49:54    -1100.261073        0.5571
BFGS:   88 20:49:54    -1100.263077        0.4885
BFGS:   89 20:49:54    -1100.264642        0.5116
BFGS:   90 20:49:54    -1100.265670        0.5109
BFGS:   91 20:49:54    -1100.266504        0.5740
BFGS:   92 20:49:54    -1100.267494        0.5575
BFGS:   93 20:49:54    -1100.268729        0.6402
BFGS:   94 20:49:54    -1100.275835        1.0729
BFGS:   95 20:49:54    -1100.304933        1.2760
BFGS:   96 20:49:54    -1100.346838        1.3688
BFGS:   97 20:49:54    -1100.365100        1.4784
BFGS:   98 20:49:54    -1100.377772        1.8568
BFGS:   99 20:49:54    -1100.389608        1.7877
BFGS:  100 20:49:54    -1100.393119        1.5954
BFGS:  101 20:49:54    -1100.396801        1.2592
BFGS:  102 20:49:54    -1100.399805        0.8497
BFGS:  103 20:49:55    -1100.401944        0.6875
BFGS:  104 20:49:55    -1100.403460        0.6737
BFGS:  105 20:49:55    -1100.404321        0.6041
BFGS:  106 20:49:55    -1100.404987        0.5522
BFGS:  107 20:49:55    -1100.405830        0.4548
BFGS:  108 20:49:55    -1100.406705        0.3861
BFGS:  109 20:49:55    -1100.407511        0.3208
BFGS:  110 20:49:55    -1100.408080        0.2879
BFGS:  111 20:49:55    -1100.408387        0.2541
BFGS:  112 20:49:55    -1100.408516        0.2371
BFGS:  113 20:49:55    -1100.408577        0.2314
BFGS:  114 20:49:55    -1100.408614        0.2213
BFGS:  115 20:49:55    -1100.408642        0.2139
BFGS:  116 20:49:55    -1100.408661        0.2059
BFGS:  117 20:49:55    -1100.408672        0.2010
BFGS:  118 20:49:55    -1100.408679        0.1966
BFGS:  119 20:49:55    -1100.408684        0.1936
BFGS:  120 20:49:55    -1100.408686        0.1909
BFGS:  121 20:49:55    -1100.408687        0.1893
BFGS:  122 20:49:55    -1100.408687        0.1879
BFGS:  123 20:49:55    -1100.408687        0.1871
BFGS:  124 20:49:55    -1100.408687        0.1864
BFGS:  125 20:49:55    -1100.408687        0.1860
BFGS:  126 20:49:55    -1100.408687        0.1855
BFGS:  127 20:49:55    -1100.408687        0.1853
BFGS:  128 20:49:55    -1100.408687        0.1852
BFGS:  129 20:49:55    -1100.408687        0.1852
