      Step     Time          Energy         fmax
BFGS:    0 20:45:30     -800.936398      175.7722
BFGS:    1 20:45:30     -861.429359      152.6609
BFGS:    2 20:45:30     -879.236460      137.2970
BFGS:    3 20:45:30     -897.925995      120.4269
BFGS:    4 20:45:30     -917.424297      110.5302
BFGS:    5 20:45:30     -933.062997       96.9247
BFGS:    6 20:45:30     -945.246863       89.6426
BFGS:    7 20:45:30     -955.716400       83.0618
BFGS:    8 20:45:30     -963.328457       75.3731
BFGS:    9 20:45:30     -969.738564       68.1229
BFGS:   10 20:45:30     -976.939360       63.2915
BFGS:   11 20:45:30     -983.049500       58.1847
BFGS:   12 20:45:30     -987.587523       55.3095
BFGS:   13 20:45:30     -991.390893       53.6477
BFGS:   14 20:45:30     -994.904772       51.2166
BFGS:   15 20:45:30     -998.839567       50.6036
BFGS:   16 20:45:30    -1003.233478       46.5771
BFGS:   17 20:45:30    -1007.740642       45.7206
BFGS:   18 20:45:30    -1012.137991       42.3845
BFGS:   19 20:45:30    -1016.657456       39.8263
BFGS:   20 20:45:30    -1021.110159       38.6721
BFGS:   21 20:45:30    -1025.369233       36.8115
BFGS:   22 20:45:30    -1029.388535       35.0032
BFGS:   23 20:45:30    -1033.057723       35.2973
BFGS:   24 20:45:30    -1036.538431       32.1687
BFGS:   25 20:45:31    -1039.821040       31.8499
BFGS:   26 20:45:31    -1042.685958       30.6026
BFGS:   27 20:45:31    -1045.464487       29.3220
BFGS:   28 20:45:31    -1047.853203       28.2712
BFGS:   29 20:45:31    -1049.924239       26.3565
BFGS:   30 20:45:31    -1051.681220       25.1589
BFGS:   31 20:45:31    -1053.257700       24.0445
BFGS:   32 20:45:31    -1054.749965       22.6867
BFGS:   33 20:45:31    -1056.173988       21.7872
BFGS:   34 20:45:31    -1057.550358       20.4733
BFGS:   35 20:45:31    -1058.971013       19.2658
BFGS:   36 20:45:31    -1060.397779       17.9499
BFGS:   37 20:45:31    -1061.801905       15.9786
BFGS:   38 20:45:31    -1063.073249       13.2349
BFGS:   39 20:45:31    -1064.157139       11.5673
BFGS:   40 20:45:31    -1064.955865        9.6629
BFGS:   41 20:45:31    -1065.626239        9.0335
BFGS:   42 20:45:31    -1066.289885        8.1190
BFGS:   43 20:45:31    -1066.970476        8.8125
BFGS:   44 20:45:31    -1067.777404        9.2581
BFGS:   45 20:45:31    -1068.572615        9.2290
BFGS:   46 20:45:31    -1069.322463        9.5655
BFGS:   47 20:45:31    -1069.916866        9.3340
BFGS:   48 20:45:31    -1070.409246        9.6861
BFGS:   49 20:45:31    -1070.841753        9.5811
BFGS:   50 20:45:31    -1071.215103        9.7249
BFGS:   51 20:45:31    -1071.517473       10.0674
BFGS:   52 20:45:32    -1071.779536        9.3112
BFGS:   53 20:45:32    -1072.029200        9.4891
BFGS:   54 20:45:32    -1072.279768        8.7458
BFGS:   55 20:45:32    -1072.531976        8.2681
BFGS:   56 20:45:32    -1072.794391        7.3689
BFGS:   57 20:45:32    -1073.042444        6.6419
BFGS:   58 20:45:32    -1073.289418        5.9395
BFGS:   59 20:45:32    -1073.510912        5.6389
BFGS:   60 20:45:32    -1073.676379        5.0944
BFGS:   61 20:45:32    -1073.789416        4.5187
BFGS:   62 20:45:32    -1073.896825        3.7031
BFGS:   63 20:45:32    -1073.994118        3.4552
BFGS:   64 20:45:32    -1074.047258        3.3986
BFGS:   65 20:45:32    -1074.102698        2.7742
BFGS:   66 20:45:32    -1074.140530        1.8520
BFGS:   67 20:45:32    -1074.168899        2.4487
BFGS:   68 20:45:32    -1074.207418        1.9138
BFGS:   69 20:45:32    -1074.268257        2.6773
BFGS:   70 20:45:32    -1074.340105        2.7480
BFGS:   71 20:45:32    -1074.405479        3.4378
BFGS:   72 20:45:32    -1074.573526        3.7897
BFGS:   73 20:45:32    -1074.710483        5.2214
BFGS:   74 20:45:32    -1074.840572        6.6298
BFGS:   75 20:45:32    -1075.023737        7.5191
BFGS:   76 20:45:32    -1075.177050        7.6953
BFGS:   77 20:45:32    -1075.336104        7.1306
BFGS:   78 20:45:32    -1075.472726        6.0173
BFGS:   79 20:45:33    -1075.598437        5.1475
BFGS:   80 20:45:33    -1075.748331        4.2016
BFGS:   81 20:45:33    -1075.856425        4.0965
BFGS:   82 20:45:33    -1075.909880        4.6102
BFGS:   83 20:45:33    -1075.949842        4.2510
BFGS:   84 20:45:33    -1075.979443        4.3845
BFGS:   85 20:45:33    -1076.000727        4.2002
BFGS:   86 20:45:33    -1076.018960        4.0461
BFGS:   87 20:45:33    -1076.042305        3.7518
BFGS:   88 20:45:33    -1076.067122        3.6099
BFGS:   89 20:45:33    -1076.101545        3.5330
BFGS:   90 20:45:33    -1076.151682        3.3684
BFGS:   91 20:45:33    -1076.210575        3.8946
BFGS:   92 20:45:33    -1076.271871        4.5867
BFGS:   93 20:45:33    -1076.334626        5.2814
BFGS:   94 20:45:33    -1076.407402        5.9118
BFGS:   95 20:45:33    -1076.508676        6.2777
BFGS:   96 20:45:33    -1076.666592        6.3855
BFGS:   97 20:45:33    -1076.879943        6.2037
BFGS:   98 20:45:33    -1077.185702        6.3747
BFGS:   99 20:45:33    -1077.538798        6.2113
BFGS:  100 20:45:33    -1077.941800        6.6459
BFGS:  101 20:45:33    -1078.321035        6.9069
BFGS:  102 20:45:33    -1078.785259        7.3636
BFGS:  103 20:45:33    -1079.193561        7.2453
BFGS:  104 20:45:33    -1079.679569        7.2584
BFGS:  105 20:45:33    -1080.162219        7.9295
BFGS:  106 20:45:33    -1080.635868        8.5461
BFGS:  107 20:45:33    -1081.186339        8.6477
BFGS:  108 20:45:33    -1081.690295        8.1008
BFGS:  109 20:45:34    -1082.173614        7.6882
BFGS:  110 20:45:34    -1082.709491        6.7224
BFGS:  111 20:45:34    -1083.171674        6.2429
BFGS:  112 20:45:34    -1083.574191        5.7682
BFGS:  113 20:45:34    -1083.951111        6.5142
BFGS:  114 20:45:34    -1084.330363        7.1308
BFGS:  115 20:45:34    -1084.679234        6.9208
BFGS:  116 20:45:34    -1085.031442        5.5726
BFGS:  117 20:45:34    -1085.407850        4.5344
BFGS:  118 20:45:34    -1085.734791        5.2598
BFGS:  119 20:45:34    -1086.021110        5.9937
BFGS:  120 20:45:34    -1086.264292        5.5465
BFGS:  121 20:45:34    -1086.509885        5.3023
BFGS:  122 20:45:34    -1086.718595        4.5547
BFGS:  123 20:45:34    -1086.909035        4.8267
BFGS:  124 20:45:34    -1087.104769        5.4404
BFGS:  125 20:45:34    -1087.280891        5.7071
BFGS:  126 20:45:34    -1087.447764        5.9632
BFGS:  127 20:45:34    -1087.613177        6.0814
BFGS:  128 20:45:34    -1087.781892        5.9673
BFGS:  129 20:45:34    -1087.963974        5.5543
BFGS:  130 20:45:34    -1088.140233        4.7965
BFGS:  131 20:45:34    -1088.284221        3.8585
BFGS:  132 20:45:34    -1088.356533        3.0674
BFGS:  133 20:45:34    -1088.439058        2.4986
BFGS:  134 20:45:34    -1088.480369        2.4876
BFGS:  135 20:45:34    -1088.496095        2.6288
BFGS:  136 20:45:34    -1088.509747        2.8307
BFGS:  137 20:45:34    -1088.519713        3.0218
BFGS:  138 20:45:34    -1088.530291        3.0437
BFGS:  139 20:45:34    -1088.541810        3.0775
BFGS:  140 20:45:34    -1088.552997        2.8350
BFGS:  141 20:45:35    -1088.562369        2.8480
BFGS:  142 20:45:35    -1088.571569        2.7594
BFGS:  143 20:45:35    -1088.582388        2.6659
BFGS:  144 20:45:35    -1088.597047        2.5326
BFGS:  145 20:45:35    -1088.611580        2.6230
BFGS:  146 20:45:35    -1088.621293        2.5095
BFGS:  147 20:45:35    -1088.626839        2.5707
BFGS:  148 20:45:35    -1088.630023        2.4545
BFGS:  149 20:45:35    -1088.634058        2.4154
BFGS:  150 20:45:35    -1088.637750        2.3918
BFGS:  151 20:45:35    -1088.640815        2.3451
BFGS:  152 20:45:35    -1088.643416        2.3739
BFGS:  153 20:45:35    -1088.646076        2.4104
BFGS:  154 20:45:35    -1088.648653        2.3557
BFGS:  155 20:45:35    -1088.650742        2.2805
BFGS:  156 20:45:35    -1088.652510        2.1796
BFGS:  157 20:45:35    -1088.654258        2.1024
BFGS:  158 20:45:35    -1088.656128        2.0294
BFGS:  159 20:45:35    -1088.658020        2.0137
BFGS:  160 20:45:35    -1088.646951        1.9738
BFGS:  161 20:45:35    -1088.661029        2.0075
BFGS:  162 20:45:35    -1088.663193        2.0681
BFGS:  163 20:45:35    -1088.668345        2.1821
BFGS:  164 20:45:35    -1088.675328        2.3116
BFGS:  165 20:45:35    -1088.687359        2.3439
BFGS:  166 20:45:35    -1088.698185        2.2665
BFGS:  167 20:45:35    -1088.707739        2.1172
BFGS:  168 20:45:35    -1088.717279        1.9109
BFGS:  169 20:45:35    -1088.726934        1.7976
BFGS:  170 20:45:35    -1088.736468        1.6979
BFGS:  171 20:45:35    -1088.744861        1.5508
BFGS:  172 20:45:36    -1088.755299        1.3939
BFGS:  173 20:45:36    -1088.766297        1.2067
BFGS:  174 20:45:36    -1088.777812        0.9777
BFGS:  175 20:45:36    -1088.788036        1.1460
BFGS:  176 20:45:36    -1088.795849        0.9983
BFGS:  177 20:45:36    -1088.802625        1.1341
BFGS:  178 20:45:36    -1088.810976        0.9732
BFGS:  179 20:45:36    -1088.813338        0.7093
BFGS:  180 20:45:36    -1088.817911        0.5129
BFGS:  181 20:45:36    -1088.820227        0.4473
BFGS:  182 20:45:36    -1088.823081        0.4222
BFGS:  183 20:45:36    -1088.824909        0.4361
BFGS:  184 20:45:36    -1088.826234        0.3926
BFGS:  185 20:45:36    -1088.826838        0.3181
BFGS:  186 20:45:36    -1088.826173        0.9533
BFGS:  187 20:45:36    -1088.826895        0.8851
BFGS:  188 20:45:36    -1088.825223        0.6113
BFGS:  189 20:45:36    -1088.826553        0.4502
BFGS:  190 20:45:36    -1088.826025        0.9581
BFGS:  191 20:45:36    -1088.827009        0.3640
BFGS:  192 20:45:36    -1088.827179        0.3192
BFGS:  193 20:45:36    -1088.825139        1.0567
BFGS:  194 20:45:36    -1088.826775        0.8863
BFGS:  195 20:45:36    -1088.823271        0.9006
BFGS:  196 20:45:36    -1088.826182        0.5504
BFGS:  197 20:45:36    -1088.825117        1.0529
BFGS:  198 20:45:36    -1088.826998        0.3861
BFGS:  199 20:45:36    -1088.827085        0.8439
BFGS:  200 20:45:36    -1088.827102        0.3609
BFGS:  201 20:45:36    -1088.827162        0.3439
BFGS:  202 20:45:36    -1088.824713        1.1074
BFGS:  203 20:45:36    -1088.826806        0.8821
BFGS:  204 20:45:37    -1088.823078        0.9615
BFGS:  205 20:45:37    -1088.826136        0.5698
BFGS:  206 20:45:37    -1088.824901        1.0828
BFGS:  207 20:45:37    -1088.827032        0.3852
BFGS:  208 20:45:37    -1088.827022        0.8525
BFGS:  209 20:45:37    -1088.827143        0.3578
BFGS:  210 20:45:37    -1088.827207        0.3392
BFGS:  211 20:45:37    -1088.824448        1.1334
BFGS:  212 20:45:37    -1088.826730        0.8894
BFGS:  213 20:45:37    -1088.823063        0.9694
BFGS:  214 20:45:37    -1088.826131        0.5745
BFGS:  215 20:45:37    -1088.824730        1.1015
BFGS:  216 20:45:37    -1088.827059        0.3841
BFGS:  217 20:45:37    -1088.826969        0.8569
BFGS:  218 20:45:37    -1088.827174        0.3554
BFGS:  219 20:45:37    -1088.827240        0.3364
BFGS:  220 20:45:37    -1088.824278        1.1453
BFGS:  221 20:45:37    -1088.826669        0.8930
BFGS:  222 20:45:37    -1088.822692        0.9998
BFGS:  223 20:45:37    -1088.826083        0.5840
BFGS:  224 20:45:37    -1088.824633        1.1071
BFGS:  225 20:45:37    -1088.827066        0.3877
BFGS:  226 20:45:37    -1088.826947        0.8562
BFGS:  227 20:45:37    -1088.827186        0.3574
BFGS:  228 20:45:37    -1088.827256        0.3379
BFGS:  229 20:45:37    -1088.824181        1.1487
BFGS:  230 20:45:37    -1088.826642        0.8926
BFGS:  231 20:45:37    -1088.822201        1.0379
BFGS:  232 20:45:37    -1088.826030        0.5938
BFGS:  233 20:45:37    -1088.824635        1.1024
BFGS:  234 20:45:37    -1088.827061        0.3935
BFGS:  235 20:45:37    -1088.826956        0.8519
BFGS:  236 20:45:38    -1088.827186        0.3621
BFGS:  237 20:45:38    -1088.827258        0.3422
BFGS:  238 20:45:38    -1088.824151        1.1463
BFGS:  239 20:45:38    -1088.826642        0.8892
BFGS:  240 20:45:38    -1088.821812        1.0652
BFGS:  241 20:45:38    -1088.825998        0.6004
BFGS:  242 20:45:38    -1088.824703        1.0917
BFGS:  243 20:45:38    -1088.827053        0.3994
BFGS:  244 20:45:38    -1088.826981        0.8460
BFGS:  245 20:45:38    -1088.827180        0.3674
BFGS:  246 20:45:38    -1088.827254        0.3475
BFGS:  247 20:45:38    -1088.824162        1.1407
BFGS:  248 20:45:38    -1088.826658        0.8844
BFGS:  249 20:45:38    -1088.821570        1.0801
BFGS:  250 20:45:38    -1088.825984        0.6041
BFGS:  251 20:45:38    -1088.824790        1.0796
BFGS:  252 20:45:38    -1088.827045        0.4045
BFGS:  253 20:45:38    -1088.827011        0.8400
BFGS:  254 20:45:38    -1088.827173        0.3725
BFGS:  255 20:45:38    -1088.827248        0.3526
BFGS:  256 20:45:38    -1088.824185        1.1345
BFGS:  257 20:45:38    -1088.826678        0.8795
BFGS:  258 20:45:38    -1088.821556        1.0778
BFGS:  259 20:45:38    -1088.825991        0.6044
BFGS:  260 20:45:38    -1088.824856        1.0697
BFGS:  261 20:45:38    -1088.827043        0.4078
BFGS:  262 20:45:38    -1088.827031        0.8354
BFGS:  263 20:45:38    -1088.827170        0.3761
BFGS:  264 20:45:38    -1088.827244        0.3565
BFGS:  265 20:45:38    -1088.824207        1.1291
BFGS:  266 20:45:38    -1088.826693        0.8756
BFGS:  267 20:45:38    -1088.821545        1.0770
BFGS:  268 20:45:39    -1088.825996        0.6053
BFGS:  269 20:45:39    -1088.824909        1.0618
BFGS:  270 20:45:39    -1088.827040        0.4109
BFGS:  271 20:45:39    -1088.827048        0.8314
BFGS:  272 20:45:39    -1088.827166        0.3794
BFGS:  273 20:45:39    -1088.827240        0.3600
BFGS:  274 20:45:39    -1088.824224        1.1249
BFGS:  275 20:45:39    -1088.826706        0.8722
BFGS:  276 20:45:39    -1088.821535        1.0778
BFGS:  277 20:45:39    -1088.825997        0.6069
BFGS:  278 20:45:39    -1088.824944        1.0560
BFGS:  279 20:45:39    -1088.827036        0.4138
BFGS:  280 20:45:39    -1088.827062        0.8280
BFGS:  281 20:45:39    -1088.827163        0.3824
BFGS:  282 20:45:39    -1088.827236        0.3631
BFGS:  283 20:45:39    -1088.824233        1.1220
BFGS:  284 20:45:39    -1088.826717        0.8693
BFGS:  285 20:45:39    -1088.821525        1.0801
BFGS:  286 20:45:39    -1088.825995        0.6092
BFGS:  287 20:45:39    -1088.824963        1.0523
BFGS:  288 20:45:39    -1088.827033        0.4165
BFGS:  289 20:45:39    -1088.827073        0.8252
BFGS:  290 20:45:39    -1088.827159        0.3851
BFGS:  291 20:45:39    -1088.827232        0.3657
BFGS:  292 20:45:39    -1088.824236        1.1203
BFGS:  293 20:45:39    -1088.826725        0.8670
BFGS:  294 20:45:39    -1088.821515        1.0837
BFGS:  295 20:45:39    -1088.825990        0.6119
BFGS:  296 20:45:39    -1088.824967        1.0506
BFGS:  297 20:45:39    -1088.827030        0.4188
BFGS:  298 20:45:39    -1088.827079        0.8232
BFGS:  299 20:45:39    -1088.827156        0.3873
BFGS:  300 20:45:40    -1088.827230        0.3679
BFGS:  301 20:45:40    -1088.824232        1.1198
BFGS:  302 20:45:40    -1088.826730        0.8653
BFGS:  303 20:45:40    -1088.821506        1.0882
BFGS:  304 20:45:40    -1088.825984        0.6149
BFGS:  305 20:45:40    -1088.824959        1.0506
BFGS:  306 20:45:40    -1088.827027        0.4208
BFGS:  307 20:45:40    -1088.827083        0.8217
BFGS:  308 20:45:40    -1088.827154        0.3891
BFGS:  309 20:45:40    -1088.827228        0.3696
BFGS:  310 20:45:40    -1088.824224        1.1201
BFGS:  311 20:45:40    -1088.826732        0.8642
BFGS:  312 20:45:40    -1088.821498        1.0934
BFGS:  313 20:45:40    -1088.825977        0.6182
BFGS:  314 20:45:40    -1088.824940        1.0520
BFGS:  315 20:45:40    -1088.827026        0.4224
BFGS:  316 20:45:40    -1088.827083        0.8208
BFGS:  317 20:45:40    -1088.827153        0.3905
BFGS:  318 20:45:40    -1088.827227        0.3708
BFGS:  319 20:45:40    -1088.824213        1.1213
BFGS:  320 20:45:40    -1088.826732        0.8635
BFGS:  321 20:45:40    -1088.821492        1.0990
BFGS:  322 20:45:40    -1088.825969        0.6215
BFGS:  323 20:45:40    -1088.824914        1.0545
BFGS:  324 20:45:40    -1088.827025        0.4238
BFGS:  325 20:45:40    -1088.827081        0.8204
BFGS:  326 20:45:40    -1088.827153        0.3916
BFGS:  327 20:45:40    -1088.827227        0.3717
BFGS:  328 20:45:40    -1088.824199        1.1229
BFGS:  329 20:45:40    -1088.826731        0.8632
BFGS:  330 20:45:40    -1088.821488        1.1047
BFGS:  331 20:45:40    -1088.825961        0.6247
BFGS:  332 20:45:41    -1088.824881        1.0579
BFGS:  333 20:45:41    -1088.827024        0.4248
BFGS:  334 20:45:41    -1088.827076        0.8204
BFGS:  335 20:45:41    -1088.827153        0.3923
BFGS:  336 20:45:41    -1088.827228        0.3722
BFGS:  337 20:45:41    -1088.824184        1.1250
BFGS:  338 20:45:41    -1088.826728        0.8632
BFGS:  339 20:45:41    -1088.821486        1.1105
BFGS:  340 20:45:41    -1088.825954        0.6279
BFGS:  341 20:45:41    -1088.824844        1.0620
BFGS:  342 20:45:41    -1088.827024        0.4256
BFGS:  343 20:45:41    -1088.827070        0.8208
BFGS:  344 20:45:41    -1088.827154        0.3927
BFGS:  345 20:45:41    -1088.827229        0.3724
BFGS:  346 20:45:41    -1088.824169        1.1274
BFGS:  347 20:45:41    -1088.826724        0.8635
BFGS:  348 20:45:41    -1088.821486        1.1161
BFGS:  349 20:45:41    -1088.825946        0.6309
BFGS:  350 20:45:41    -1088.824805        1.0666
BFGS:  351 20:45:41    -1088.827025        0.4262
BFGS:  352 20:45:41    -1088.827063        0.8214
BFGS:  353 20:45:41    -1088.827155        0.3929
BFGS:  354 20:45:41    -1088.827230        0.3724
BFGS:  355 20:45:41    -1088.824155        1.1299
BFGS:  356 20:45:41    -1088.826719        0.8640
BFGS:  357 20:45:41    -1088.821488        1.1214
BFGS:  358 20:45:41    -1088.825940        0.6338
BFGS:  359 20:45:41    -1088.824765        1.0714
BFGS:  360 20:45:41    -1088.827026        0.4266
BFGS:  361 20:45:41    -1088.827056        0.8222
BFGS:  362 20:45:41    -1088.827157        0.3929
BFGS:  363 20:45:42    -1088.827232        0.3722
BFGS:  364 20:45:42    -1088.824141        1.1324
BFGS:  365 20:45:42    -1088.826714        0.8646
BFGS:  366 20:45:42    -1088.821492        1.1264
BFGS:  367 20:45:42    -1088.825934        0.6364
BFGS:  368 20:45:42    -1088.824724        1.0764
BFGS:  369 20:45:42    -1088.827027        0.4268
BFGS:  370 20:45:42    -1088.827048        0.8231
BFGS:  371 20:45:42    -1088.827159        0.3928
BFGS:  372 20:45:42    -1088.827235        0.3718
BFGS:  373 20:45:42    -1088.824128        1.1349
BFGS:  374 20:45:42    -1088.826709        0.8654
BFGS:  375 20:45:42    -1088.821497        1.1310
BFGS:  376 20:45:42    -1088.825929        0.6388
BFGS:  377 20:45:42    -1088.824685        1.0813
BFGS:  378 20:45:42    -1088.827029        0.4268
BFGS:  379 20:45:42    -1088.827039        0.8241
BFGS:  380 20:45:42    -1088.827160        0.3926
BFGS:  381 20:45:42    -1088.827237        0.3714
BFGS:  382 20:45:42    -1088.824117        1.1373
BFGS:  383 20:45:42    -1088.826704        0.8662
BFGS:  384 20:45:42    -1088.821504        1.1351
BFGS:  385 20:45:42    -1088.825925        0.6409
BFGS:  386 20:45:42    -1088.824648        1.0862
BFGS:  387 20:45:42    -1088.827031        0.4268
BFGS:  388 20:45:42    -1088.827031        0.8252
BFGS:  389 20:45:42    -1088.827163        0.3922
BFGS:  390 20:45:42    -1088.827239        0.3708
BFGS:  391 20:45:42    -1088.824107        1.1396
BFGS:  392 20:45:42    -1088.826699        0.8670
BFGS:  393 20:45:42    -1088.821512        1.1389
BFGS:  394 20:45:42    -1088.825921        0.6428
BFGS:  395 20:45:43    -1088.824612        1.0908
BFGS:  396 20:45:43    -1088.827032        0.4267
BFGS:  397 20:45:43    -1088.827024        0.8263
BFGS:  398 20:45:43    -1088.827165        0.3918
BFGS:  399 20:45:43    -1088.827241        0.3703
BFGS:  400 20:45:43    -1088.824098        1.1417
BFGS:  401 20:45:43    -1088.826694        0.8678
BFGS:  402 20:45:43    -1088.821521        1.1422
BFGS:  403 20:45:43    -1088.825918        0.6446
BFGS:  404 20:45:43    -1088.824580        1.0952
BFGS:  405 20:45:43    -1088.827034        0.4265
BFGS:  406 20:45:43    -1088.827016        0.8274
BFGS:  407 20:45:43    -1088.827167        0.3914
BFGS:  408 20:45:43    -1088.827244        0.3697
BFGS:  409 20:45:43    -1088.824091        1.1437
BFGS:  410 20:45:43    -1088.826690        0.8686
BFGS:  411 20:45:43    -1088.821530        1.1451
BFGS:  412 20:45:43    -1088.825916        0.6461
BFGS:  413 20:45:43    -1088.824549        1.0993
BFGS:  414 20:45:43    -1088.827036        0.4263
BFGS:  415 20:45:43    -1088.827010        0.8284
BFGS:  416 20:45:43    -1088.827168        0.3909
BFGS:  417 20:45:43    -1088.827246        0.3691
BFGS:  418 20:45:43    -1088.824085        1.1455
BFGS:  419 20:45:43    -1088.826686        0.8694
BFGS:  420 20:45:43    -1088.821540        1.1476
BFGS:  421 20:45:43    -1088.825914        0.6474
BFGS:  422 20:45:43    -1088.824522        1.1032
BFGS:  423 20:45:43    -1088.827037        0.4260
BFGS:  424 20:45:43    -1088.827003        0.8294
BFGS:  425 20:45:43    -1088.827170        0.3904
BFGS:  426 20:45:43    -1088.827248        0.3685
BFGS:  427 20:45:44    -1088.824080        1.1471
BFGS:  428 20:45:44    -1088.826683        0.8701
BFGS:  429 20:45:44    -1088.821550        1.1498
BFGS:  430 20:45:44    -1088.825913        0.6485
BFGS:  431 20:45:44    -1088.824497        1.1067
BFGS:  432 20:45:44    -1088.827039        0.4257
BFGS:  433 20:45:44    -1088.826998        0.8303
BFGS:  434 20:45:44    -1088.827172        0.3900
BFGS:  435 20:45:44    -1088.827249        0.3679
BFGS:  436 20:45:44    -1088.824077        1.1486
BFGS:  437 20:45:44    -1088.826680        0.8708
BFGS:  438 20:45:44    -1088.821560        1.1517
BFGS:  439 20:45:44    -1088.825912        0.6495
BFGS:  440 20:45:44    -1088.824475        1.1099
BFGS:  441 20:45:44    -1088.827040        0.4254
BFGS:  442 20:45:44    -1088.826993        0.8312
BFGS:  443 20:45:44    -1088.827174        0.3895
BFGS:  444 20:45:44    -1088.827251        0.3673
BFGS:  445 20:45:44    -1088.824074        1.1499
BFGS:  446 20:45:44    -1088.826677        0.8714
BFGS:  447 20:45:44    -1088.821570        1.1534
BFGS:  448 20:45:44    -1088.825911        0.6503
BFGS:  449 20:45:44    -1088.824456        1.1127
BFGS:  450 20:45:44    -1088.827042        0.4252
BFGS:  451 20:45:44    -1088.826988        0.8320
BFGS:  452 20:45:44    -1088.827175        0.3891
BFGS:  453 20:45:44    -1088.827253        0.3668
BFGS:  454 20:45:44    -1088.824072        1.1510
BFGS:  455 20:45:44    -1088.826675        0.8720
BFGS:  456 20:45:44    -1088.821580        1.1548
BFGS:  457 20:45:44    -1088.825911        0.6510
BFGS:  458 20:45:44    -1088.824439        1.1153
BFGS:  459 20:45:45    -1088.827043        0.4249
BFGS:  460 20:45:45    -1088.826984        0.8327
BFGS:  461 20:45:45    -1088.827176        0.3887
BFGS:  462 20:45:45    -1088.827254        0.3663
BFGS:  463 20:45:45    -1088.824071        1.1521
BFGS:  464 20:45:45    -1088.826673        0.8726
BFGS:  465 20:45:45    -1088.821588        1.1560
BFGS:  466 20:45:45    -1088.825910        0.6516
BFGS:  467 20:45:45    -1088.824423        1.1177
BFGS:  468 20:45:45    -1088.827044        0.4246
BFGS:  469 20:45:45    -1088.826980        0.8334
BFGS:  470 20:45:45    -1088.827177        0.3883
BFGS:  471 20:45:45    -1088.827255        0.3659
BFGS:  472 20:45:45    -1088.824070        1.1530
BFGS:  473 20:45:45    -1088.826671        0.8730
BFGS:  474 20:45:45    -1088.821597        1.1570
BFGS:  475 20:45:45    -1088.825910        0.6521
BFGS:  476 20:45:45    -1088.824410        1.1197
BFGS:  477 20:45:45    -1088.827045        0.4244
BFGS:  478 20:45:45    -1088.826977        0.8340
BFGS:  479 20:45:45    -1088.827178        0.3880
BFGS:  480 20:45:45    -1088.827256        0.3655
BFGS:  481 20:45:45    -1088.824069        1.1538
BFGS:  482 20:45:45    -1088.826669        0.8735
BFGS:  483 20:45:45    -1088.821605        1.1579
BFGS:  484 20:45:45    -1088.825910        0.6526
BFGS:  485 20:45:45    -1088.824399        1.1216
BFGS:  486 20:45:45    -1088.827046        0.4241
BFGS:  487 20:45:45    -1088.826975        0.8345
BFGS:  488 20:45:45    -1088.827179        0.3877
BFGS:  489 20:45:45    -1088.827257        0.3651
BFGS:  490 20:45:45    -1088.824069        1.1545
BFGS:  491 20:45:46    -1088.826668        0.8739
BFGS:  492 20:45:46    -1088.821612        1.1586
BFGS:  493 20:45:46    -1088.825910        0.6529
BFGS:  494 20:45:46    -1088.824389        1.1232
BFGS:  495 20:45:46    -1088.827047        0.4239
BFGS:  496 20:45:46    -1088.826972        0.8350
BFGS:  497 20:45:46    -1088.827180        0.3874
BFGS:  498 20:45:46    -1088.827258        0.3648
BFGS:  499 20:45:46    -1088.824069        1.1551
