      Step     Time          Energy         fmax
BFGS:    0 20:41:34     -760.297218      155.9537
BFGS:    1 20:41:34     -807.587807      126.4173
BFGS:    2 20:41:34     -831.908516      133.1029
BFGS:    3 20:41:34     -852.675036      126.8323
BFGS:    4 20:41:34     -873.560905      118.3288
BFGS:    5 20:41:34     -890.563487      111.4230
BFGS:    6 20:41:34     -910.254933       99.2090
BFGS:    7 20:41:34     -925.972218       88.6758
BFGS:    8 20:41:34     -936.749803       79.4771
BFGS:    9 20:41:34     -950.092193       71.9957
BFGS:   10 20:41:34     -960.481305       68.6155
BFGS:   11 20:41:34     -969.944281       62.3600
BFGS:   12 20:41:34     -978.537452       58.3936
BFGS:   13 20:41:34     -986.294238       53.7377
BFGS:   14 20:41:34     -995.397301       47.3607
BFGS:   15 20:41:34    -1001.744481       45.8094
BFGS:   16 20:41:35    -1006.370357       43.3833
BFGS:   17 20:41:35    -1010.124938       39.8075
BFGS:   18 20:41:35    -1013.932273       39.7861
BFGS:   19 20:41:35    -1016.784025       38.5033
BFGS:   20 20:41:35    -1019.206616       36.1458
BFGS:   21 20:41:35    -1021.453441       35.7346
BFGS:   22 20:41:35    -1023.580919       34.8150
BFGS:   23 20:41:35    -1025.652148       33.8802
BFGS:   24 20:41:35    -1027.663136       32.4656
BFGS:   25 20:41:35    -1029.613313       32.2236
BFGS:   26 20:41:35    -1031.577594       30.5741
BFGS:   27 20:41:35    -1033.674236       30.0000
BFGS:   28 20:41:35    -1035.983426       29.1295
BFGS:   29 20:41:35    -1038.250305       28.1600
BFGS:   30 20:41:35    -1040.550016       27.1451
BFGS:   31 20:41:35    -1042.788541       25.9925
BFGS:   32 20:41:35    -1044.837280       24.8316
BFGS:   33 20:41:35    -1046.681889       24.2831
BFGS:   34 20:41:35    -1048.506757       23.3911
BFGS:   35 20:41:35    -1050.286282       22.1269
BFGS:   36 20:41:35    -1052.126372       20.7097
BFGS:   37 20:41:35    -1053.876020       19.9178
BFGS:   38 20:41:35    -1055.617300       18.5241
BFGS:   39 20:41:35    -1056.913074       17.1071
BFGS:   40 20:41:35    -1057.929067       16.7846
BFGS:   41 20:41:35    -1058.961504       16.2567
BFGS:   42 20:41:35    -1059.840559       16.5682
BFGS:   43 20:41:35    -1060.777025       16.4779
BFGS:   44 20:41:36    -1061.649639       16.7666
BFGS:   45 20:41:36    -1062.477517       15.8962
BFGS:   46 20:41:36    -1063.329801       15.1204
BFGS:   47 20:41:36    -1064.080626       13.9368
BFGS:   48 20:41:36    -1065.220270       13.9709
BFGS:   49 20:41:36    -1066.245405       13.8604
BFGS:   50 20:41:36    -1067.507322       13.5906
BFGS:   51 20:41:36    -1068.693667       13.9791
BFGS:   52 20:41:36    -1070.187960       14.2212
BFGS:   53 20:41:36    -1071.375566       14.6695
BFGS:   54 20:41:36    -1072.352605       14.5239
BFGS:   55 20:41:36    -1073.407472       14.0781
BFGS:   56 20:41:36    -1074.422000       14.3766
BFGS:   57 20:41:36    -1075.449310       14.3838
BFGS:   58 20:41:36    -1076.427827       13.9983
BFGS:   59 20:41:36    -1077.335411       13.9850
BFGS:   60 20:41:36    -1078.191677       13.8403
BFGS:   61 20:41:36    -1079.012837       13.8862
BFGS:   62 20:41:36    -1079.841051       13.4808
BFGS:   63 20:41:36    -1080.611315       12.9006
BFGS:   64 20:41:36    -1081.322553       10.6361
BFGS:   65 20:41:36    -1081.946767        8.8595
BFGS:   66 20:41:36    -1082.507629        8.3353
BFGS:   67 20:41:36    -1083.035419        7.8713
BFGS:   68 20:41:36    -1083.542588        7.4221
BFGS:   69 20:41:36    -1084.030869        6.8908
BFGS:   70 20:41:36    -1084.496068        6.4167
BFGS:   71 20:41:36    -1084.913966        5.7803
BFGS:   72 20:41:36    -1085.293087        5.1233
BFGS:   73 20:41:36    -1085.624846        5.3086
BFGS:   74 20:41:36    -1085.923703        5.1316
BFGS:   75 20:41:37    -1086.199933        5.3767
BFGS:   76 20:41:37    -1086.477760        5.0003
BFGS:   77 20:41:37    -1086.769960        5.0275
BFGS:   78 20:41:37    -1087.070662        5.3400
BFGS:   79 20:41:37    -1087.374913        5.6108
BFGS:   80 20:41:37    -1087.659020        5.9955
BFGS:   81 20:41:37    -1087.937018        6.2037
BFGS:   82 20:41:37    -1088.239725        6.1663
BFGS:   83 20:41:37    -1088.552323        6.0002
BFGS:   84 20:41:37    -1088.863348        5.8370
BFGS:   85 20:41:37    -1089.161789        5.6587
BFGS:   86 20:41:37    -1089.451323        5.3810
BFGS:   87 20:41:37    -1089.752183        4.9197
BFGS:   88 20:41:37    -1090.099377        4.9558
BFGS:   89 20:41:37    -1090.520339        5.8264
BFGS:   90 20:41:37    -1090.919796        6.5417
BFGS:   91 20:41:37    -1091.330672        6.4011
BFGS:   92 20:41:37    -1091.784783        5.7887
BFGS:   93 20:41:37    -1092.205404        4.8598
BFGS:   94 20:41:37    -1092.619577        4.7441
BFGS:   95 20:41:37    -1093.041454        3.4141
BFGS:   96 20:41:37    -1093.485553        3.8794
BFGS:   97 20:41:37    -1093.851568        4.4506
BFGS:   98 20:41:37    -1094.155806        4.5938
BFGS:   99 20:41:37    -1094.407477        4.3922
BFGS:  100 20:41:37    -1094.623377        4.0488
BFGS:  101 20:41:37    -1094.821473        3.4241
BFGS:  102 20:41:37    -1095.001577        3.3779
BFGS:  103 20:41:37    -1095.118208        3.2000
BFGS:  104 20:41:37    -1095.187206        2.8438
BFGS:  105 20:41:37    -1095.245798        2.5757
BFGS:  106 20:41:37    -1095.305519        2.7890
BFGS:  107 20:41:37    -1095.379584        2.7917
BFGS:  108 20:41:38    -1095.446430        2.7617
BFGS:  109 20:41:38    -1095.512857        2.4367
BFGS:  110 20:41:38    -1095.584955        2.6765
BFGS:  111 20:41:38    -1095.651755        2.5660
BFGS:  112 20:41:38    -1095.721408        2.1793
BFGS:  113 20:41:38    -1095.766008        2.6629
BFGS:  114 20:41:38    -1095.828365        2.3839
BFGS:  115 20:41:38    -1095.907955        2.4951
BFGS:  116 20:41:38    -1095.942532        1.7806
BFGS:  117 20:41:38    -1095.970728        1.7298
BFGS:  118 20:41:38    -1096.000003        1.8267
BFGS:  119 20:41:38    -1096.034026        1.6202
BFGS:  120 20:41:38    -1096.062578        1.6448
BFGS:  121 20:41:38    -1096.113268        1.5534
BFGS:  122 20:41:38    -1096.163197        2.2309
BFGS:  123 20:41:38    -1096.207457        2.7440
BFGS:  124 20:41:38    -1096.254273        3.0265
BFGS:  125 20:41:38    -1096.305506        3.4515
BFGS:  126 20:41:38    -1096.384632        2.4505
BFGS:  127 20:41:38    -1096.425310        2.3153
BFGS:  128 20:41:38    -1096.457203        2.9565
BFGS:  129 20:41:38    -1096.526344        1.8182
BFGS:  130 20:41:38    -1096.556045        1.6035
BFGS:  131 20:41:38    -1096.574359        1.5140
BFGS:  132 20:41:38    -1096.589526        1.6748
BFGS:  133 20:41:38    -1096.600146        1.3106
BFGS:  134 20:41:38    -1096.620742        1.3128
BFGS:  135 20:41:38    -1096.643025        1.4275
BFGS:  136 20:41:38    -1096.653175        1.4528
BFGS:  137 20:41:38    -1096.665790        1.5312
BFGS:  138 20:41:38    -1096.678127        1.5466
BFGS:  139 20:41:38    -1096.688330        1.5022
BFGS:  140 20:41:38    -1096.696779        1.5627
BFGS:  141 20:41:38    -1096.703590        1.5344
BFGS:  142 20:41:38    -1096.715507        1.3806
BFGS:  143 20:41:39    -1096.724842        1.0430
BFGS:  144 20:41:39    -1096.732421        1.0104
BFGS:  145 20:41:39    -1096.744542        1.3829
BFGS:  146 20:41:39    -1096.750175        1.2795
BFGS:  147 20:41:39    -1096.759751        1.3818
BFGS:  148 20:41:39    -1096.763380        0.9360
BFGS:  149 20:41:39    -1096.765767        0.6013
BFGS:  150 20:41:39    -1096.769300        0.6113
BFGS:  151 20:41:39    -1096.773942        0.8959
BFGS:  152 20:41:39    -1096.775627        1.3650
BFGS:  153 20:41:39    -1096.778159        1.0690
BFGS:  154 20:41:39    -1096.781315        0.9992
BFGS:  155 20:41:39    -1096.784369        0.5777
BFGS:  156 20:41:39    -1096.786971        0.5694
BFGS:  157 20:41:39    -1096.792047        1.2822
BFGS:  158 20:41:39    -1096.794001        0.5051
BFGS:  159 20:41:39    -1096.794981        0.5882
BFGS:  160 20:41:39    -1096.796259        0.4971
BFGS:  161 20:41:39    -1096.796123        1.1161
BFGS:  162 20:41:39    -1096.797066        0.4144
BFGS:  163 20:41:39    -1096.797771        0.3562
BFGS:  164 20:41:39    -1096.798309        1.0788
BFGS:  165 20:41:39    -1096.798146        0.5764
BFGS:  166 20:41:39    -1096.799104        0.3416
BFGS:  167 20:41:39    -1096.799590        0.3246
BFGS:  168 20:41:39    -1096.800149        0.4642
BFGS:  169 20:41:39    -1096.799492        1.0074
BFGS:  170 20:41:39    -1096.800623        0.9936
BFGS:  171 20:41:39    -1096.800880        0.2860
BFGS:  172 20:41:39    -1096.801188        0.2817
BFGS:  173 20:41:39    -1096.801773        1.0440
BFGS:  174 20:41:39    -1096.802263        0.2890
BFGS:  175 20:41:39    -1096.802538        0.3032
BFGS:  176 20:41:39    -1096.802685        0.3193
BFGS:  177 20:41:40    -1096.802749        0.4207
BFGS:  178 20:41:40    -1096.802392        0.3586
BFGS:  179 20:41:40    -1096.802895        0.3302
BFGS:  180 20:41:40    -1096.802969        0.3213
BFGS:  181 20:41:40    -1096.803039        1.1205
BFGS:  182 20:41:40    -1096.803142        0.2946
BFGS:  183 20:41:40    -1096.803233        0.2884
BFGS:  184 20:41:40    -1096.803379        0.2830
BFGS:  185 20:41:40    -1096.803430        0.3255
BFGS:  186 20:41:40    -1096.803560        0.3035
BFGS:  187 20:41:40    -1096.803846        0.3331
BFGS:  188 20:41:40    -1096.804102        0.3573
BFGS:  189 20:41:40    -1096.804296        0.3642
BFGS:  190 20:41:40    -1096.804152        1.3223
BFGS:  191 20:41:40    -1096.803703        1.1697
BFGS:  192 20:41:40    -1096.805619        0.3693
BFGS:  193 20:41:40    -1096.806378        0.3876
BFGS:  194 20:41:40    -1096.810320        1.4051
BFGS:  195 20:41:40    -1096.812911        1.6243
BFGS:  196 20:41:40    -1096.816771        0.7479
BFGS:  197 20:41:40    -1096.747667        3.0878
BFGS:  198 20:41:40    -1096.818724        2.1777
BFGS:  199 20:41:40    -1096.828723        1.7759
BFGS:  200 20:41:40    -1096.832824        1.7393
BFGS:  201 20:41:40    -1096.839971        1.6919
BFGS:  202 20:41:40    -1096.852550        0.6078
BFGS:  203 20:41:40    -1096.864888        0.6781
BFGS:  204 20:41:40    -1096.877406        0.8646
BFGS:  205 20:41:40    -1096.885527        1.2959
BFGS:  206 20:41:40    -1096.898140        1.2445
BFGS:  207 20:41:40    -1096.917570        1.3620
BFGS:  208 20:41:40    -1096.934144        1.5711
BFGS:  209 20:41:40    -1096.950730        2.2523
BFGS:  210 20:41:40    -1096.968769        1.9253
BFGS:  211 20:41:41    -1096.988502        2.5428
BFGS:  212 20:41:41    -1097.010751        2.6234
BFGS:  213 20:41:41    -1097.035947        2.6711
BFGS:  214 20:41:41    -1097.062744        2.6049
BFGS:  215 20:41:41    -1097.094732        2.4740
BFGS:  216 20:41:41    -1097.129755        2.1750
BFGS:  217 20:41:41    -1097.174317        1.7364
BFGS:  218 20:41:41    -1097.250097        2.9111
BFGS:  219 20:41:41    -1097.332496        3.9020
BFGS:  220 20:41:41    -1097.404648        3.9287
BFGS:  221 20:41:41    -1097.499601        3.8537
BFGS:  222 20:41:41    -1097.566641        3.9716
BFGS:  223 20:41:41    -1097.618559        4.0778
BFGS:  224 20:41:41    -1097.667109        4.1693
BFGS:  225 20:41:41    -1097.705346        4.2359
BFGS:  226 20:41:41    -1097.747685        4.3283
BFGS:  227 20:41:41    -1097.782578        4.3908
BFGS:  228 20:41:41    -1097.772112        5.2383
BFGS:  229 20:41:41    -1097.831008        5.3284
BFGS:  230 20:41:41    -1097.867060        4.6260
BFGS:  231 20:41:41    -1097.919050        4.8638
BFGS:  232 20:41:41    -1097.941022        5.0310
BFGS:  233 20:41:41    -1097.954057        5.0300
BFGS:  234 20:41:41    -1097.972153        4.8751
BFGS:  235 20:41:41    -1097.994562        4.4792
BFGS:  236 20:41:41    -1098.007110        4.3718
BFGS:  237 20:41:41    -1098.029619        2.8912
BFGS:  238 20:41:41    -1098.038936        3.0057
BFGS:  239 20:41:41    -1098.048127        3.0403
BFGS:  240 20:41:41    -1098.057216        2.9616
BFGS:  241 20:41:41    -1098.062126        2.7077
BFGS:  242 20:41:41    -1098.069115        2.6446
BFGS:  243 20:41:41    -1098.076271        2.4300
BFGS:  244 20:41:42    -1098.079130        2.3565
BFGS:  245 20:41:42    -1098.091155        1.7635
BFGS:  246 20:41:42    -1098.097199        1.7168
BFGS:  247 20:41:42    -1098.106566        1.4809
BFGS:  248 20:41:42    -1098.110903        1.4037
BFGS:  249 20:41:42    -1098.117189        1.2516
BFGS:  250 20:41:42    -1098.118621        1.0857
BFGS:  251 20:41:42    -1098.121519        1.1221
BFGS:  252 20:41:42    -1098.124549        1.0520
BFGS:  253 20:41:42    -1098.125327        1.1039
BFGS:  254 20:41:42    -1098.127293        1.0629
BFGS:  255 20:41:42    -1098.130429        0.9419
BFGS:  256 20:41:42    -1098.132550        0.8780
BFGS:  257 20:41:42    -1098.137471        1.1818
BFGS:  258 20:41:42    -1098.140315        1.0988
BFGS:  259 20:41:42    -1098.141813        0.6994
BFGS:  260 20:41:42    -1098.144541        0.6699
BFGS:  261 20:41:42    -1098.142106        1.3091
BFGS:  262 20:41:42    -1098.147247        1.1229
BFGS:  263 20:41:42    -1098.147639        0.6985
BFGS:  264 20:41:42    -1098.150445        0.6812
BFGS:  265 20:41:42    -1098.147375        1.2752
BFGS:  266 20:41:42    -1098.150453        1.1291
BFGS:  267 20:41:42    -1098.149070        0.7123
BFGS:  268 20:41:42    -1098.152451        0.7129
BFGS:  269 20:41:42    -1098.148339        1.2895
BFGS:  270 20:41:42    -1098.152053        1.1087
BFGS:  271 20:41:42    -1098.148910        0.7196
BFGS:  272 20:41:42    -1098.152915        0.7249
BFGS:  273 20:41:42    -1098.149063        1.2900
BFGS:  274 20:41:42    -1098.153194        1.0856
BFGS:  275 20:41:42    -1098.148388        0.7268
BFGS:  276 20:41:42    -1098.153078        0.7318
BFGS:  277 20:41:42    -1098.149454        1.2960
BFGS:  278 20:41:43    -1098.154180        1.0627
BFGS:  279 20:41:43    -1098.147966        0.7328
BFGS:  280 20:41:43    -1098.153193        0.7369
BFGS:  281 20:41:43    -1098.149825        1.2994
BFGS:  282 20:41:43    -1098.155050        1.0417
BFGS:  283 20:41:43    -1098.147585        0.7388
BFGS:  284 20:41:43    -1098.153283        0.7398
BFGS:  285 20:41:43    -1098.150019        1.3087
BFGS:  286 20:41:43    -1098.155608        0.7376
BFGS:  287 20:41:43    -1098.154629        1.1008
BFGS:  288 20:41:43    -1098.155556        1.0509
BFGS:  289 20:41:43    -1098.146135        0.8453
BFGS:  290 20:41:43    -1098.153540        0.7477
BFGS:  291 20:41:43    -1098.150825        1.2965
BFGS:  292 20:41:43    -1098.155849        0.7350
BFGS:  293 20:41:43    -1098.155853        1.0674
BFGS:  294 20:41:43    -1098.156252        0.7352
BFGS:  295 20:41:43    -1098.156462        0.7348
BFGS:  296 20:41:43    -1098.149915        1.3920
BFGS:  297 20:41:43    -1098.155253        1.1366
BFGS:  298 20:41:43    -1098.148752        0.7489
BFGS:  299 20:41:43    -1098.155133        0.7393
BFGS:  300 20:41:43    -1098.150539        1.3623
BFGS:  301 20:41:43    -1098.156524        1.0667
BFGS:  302 20:41:43    -1098.148176        0.7528
BFGS:  303 20:41:43    -1098.154632        0.7444
BFGS:  304 20:41:43    -1098.150504        1.3645
BFGS:  305 20:41:43    -1098.157035        0.7425
BFGS:  306 20:41:43    -1098.155690        1.1258
BFGS:  307 20:41:43    -1098.156705        1.0679
BFGS:  308 20:41:43    -1098.147156        0.8297
BFGS:  309 20:41:43    -1098.154494        0.7515
BFGS:  310 20:41:43    -1098.150830        1.3570
BFGS:  311 20:41:44    -1098.156975        0.7445
BFGS:  312 20:41:44    -1098.156254        1.1045
BFGS:  313 20:41:44    -1098.157309        0.7441
BFGS:  314 20:41:44    -1098.157044        1.0620
BFGS:  315 20:41:44    -1098.157272        1.0496
BFGS:  316 20:41:44    -1098.144972        0.9821
BFGS:  317 20:41:44    -1098.154064        0.7600
BFGS:  318 20:41:44    -1098.151044        1.3319
BFGS:  319 20:41:44    -1098.156697        0.7448
BFGS:  320 20:41:44    -1098.157436        1.0496
BFGS:  321 20:41:44    -1098.157042        0.7459
BFGS:  322 20:41:44    -1098.157247        0.7464
BFGS:  323 20:41:44    -1098.150871        1.3688
BFGS:  324 20:41:44    -1098.156696        1.1022
BFGS:  325 20:41:44    -1098.145678        0.9415
BFGS:  326 20:41:44    -1098.154550        0.7600
BFGS:  327 20:41:44    -1098.150648        1.3809
BFGS:  328 20:41:44    -1098.157247        0.7483
BFGS:  329 20:41:44    -1098.156860        1.0987
BFGS:  330 20:41:44    -1098.157593        0.7458
BFGS:  331 20:41:44    -1098.157722        1.0506
BFGS:  332 20:41:44    -1098.157682        0.7443
BFGS:  333 20:41:44    -1098.157731        0.7437
BFGS:  334 20:41:44    -1098.152302        1.3505
BFGS:  335 20:41:44    -1098.156605        1.1362
BFGS:  336 20:41:44    -1098.150890        0.7880
BFGS:  337 20:41:44    -1098.156497        0.7534
BFGS:  338 20:41:44    -1098.151813        1.3624
BFGS:  339 20:41:44    -1098.157258        1.0941
BFGS:  340 20:41:44    -1098.150548        0.7859
BFGS:  341 20:41:44    -1098.156156        0.7559
BFGS:  342 20:41:44    -1098.151938        1.3539
BFGS:  343 20:41:44    -1098.157568        1.0747
BFGS:  344 20:41:44    -1098.150197        0.7865
BFGS:  345 20:41:45    -1098.155938        0.7581
BFGS:  346 20:41:45    -1098.151947        1.3524
BFGS:  347 20:41:45    -1098.157780        1.0622
BFGS:  348 20:41:45    -1098.149814        0.7882
BFGS:  349 20:41:45    -1098.155758        0.7601
BFGS:  350 20:41:45    -1098.151866        1.3559
BFGS:  351 20:41:45    -1098.157942        1.0534
BFGS:  352 20:41:45    -1098.149413        0.7905
BFGS:  353 20:41:45    -1098.155600        0.7619
BFGS:  354 20:41:45    -1098.151725        1.3628
BFGS:  355 20:41:45    -1098.157913        0.7435
BFGS:  356 20:41:45    -1098.156705        1.1336
BFGS:  357 20:41:45    -1098.157645        1.0779
BFGS:  358 20:41:45    -1098.148902        0.7961
BFGS:  359 20:41:45    -1098.155590        0.7623
BFGS:  360 20:41:45    -1098.151467        1.3750
BFGS:  361 20:41:45    -1098.157965        0.7429
BFGS:  362 20:41:45    -1098.156711        1.1360
BFGS:  363 20:41:45    -1098.157691        1.0786
BFGS:  364 20:41:45    -1098.148358        0.7986
BFGS:  365 20:41:45    -1098.155456        0.7632
BFGS:  366 20:41:45    -1098.151172        1.3886
BFGS:  367 20:41:45    -1098.157977        0.7426
BFGS:  368 20:41:45    -1098.156724        1.1375
BFGS:  369 20:41:45    -1098.157756        1.0773
BFGS:  370 20:41:45    -1098.145013        0.9326
BFGS:  371 20:41:45    -1098.154958        0.7657
BFGS:  372 20:41:45    -1098.151035        1.4036
BFGS:  373 20:41:45    -1098.157883        0.7446
BFGS:  374 20:41:45    -1098.156836        1.1337
BFGS:  375 20:41:45    -1098.157960        1.0657
BFGS:  376 20:41:45    -1098.147478        0.8497
BFGS:  377 20:41:45    -1098.155167        0.7664
BFGS:  378 20:41:46    -1098.150562        1.4281
BFGS:  379 20:41:46    -1098.157978        0.7424
BFGS:  380 20:41:46    -1098.156688        1.1445
BFGS:  381 20:41:46    -1098.157870        1.0746
BFGS:  382 20:41:46    -1098.142427        1.0461
BFGS:  383 20:41:46    -1098.154556        0.7688
BFGS:  384 20:41:46    -1098.150643        1.4255
BFGS:  385 20:41:46    -1098.157848        0.7444
BFGS:  386 20:41:46    -1098.156884        1.1350
BFGS:  387 20:41:46    -1098.158127        1.0604
BFGS:  388 20:41:46    -1098.146781        0.8902
BFGS:  389 20:41:46    -1098.155004        0.7668
BFGS:  390 20:41:46    -1098.150525        1.4345
BFGS:  391 20:41:46    -1098.157974        0.7427
BFGS:  392 20:41:46    -1098.156844        1.1395
BFGS:  393 20:41:46    -1098.158043        1.0672
BFGS:  394 20:41:46    -1098.145396        0.9525
BFGS:  395 20:41:46    -1098.154832        0.7694
BFGS:  396 20:41:46    -1098.150306        1.4464
BFGS:  397 20:41:46    -1098.157971        0.7418
BFGS:  398 20:41:46    -1098.156824        1.1419
BFGS:  399 20:41:46    -1098.158103        1.0662
BFGS:  400 20:41:46    -1098.146116        0.9273
BFGS:  401 20:41:46    -1098.154906        0.7693
BFGS:  402 20:41:46    -1098.150118        1.4527
BFGS:  403 20:41:46    -1098.158034        0.7412
BFGS:  404 20:41:46    -1098.156802        1.1446
BFGS:  405 20:41:46    -1098.158101        1.0686
BFGS:  406 20:41:46    -1098.145875        0.9382
BFGS:  407 20:41:46    -1098.154878        0.7697
BFGS:  408 20:41:46    -1098.149994        1.4572
BFGS:  409 20:41:46    -1098.158065        0.7407
BFGS:  410 20:41:46    -1098.156823        1.1448
BFGS:  411 20:41:46    -1098.158143        1.0681
BFGS:  412 20:41:47    -1098.145694        0.9468
BFGS:  413 20:41:47    -1098.154850        0.7701
BFGS:  414 20:41:47    -1098.149911        1.4602
BFGS:  415 20:41:47    -1098.158089        0.7403
BFGS:  416 20:41:47    -1098.156856        1.1444
BFGS:  417 20:41:47    -1098.158192        1.0672
BFGS:  418 20:41:47    -1098.145553        0.9536
BFGS:  419 20:41:47    -1098.154831        0.7704
BFGS:  420 20:41:47    -1098.149859        1.4619
BFGS:  421 20:41:47    -1098.158112        0.7399
BFGS:  422 20:41:47    -1098.156895        1.1436
BFGS:  423 20:41:47    -1098.158244        1.0660
BFGS:  424 20:41:47    -1098.145444        0.9591
BFGS:  425 20:41:47    -1098.154819        0.7705
BFGS:  426 20:41:47    -1098.149830        1.4626
BFGS:  427 20:41:47    -1098.158133        0.7395
BFGS:  428 20:41:47    -1098.156939        1.1425
BFGS:  429 20:41:47    -1098.158298        1.0646
BFGS:  430 20:41:47    -1098.145359        0.9637
BFGS:  431 20:41:47    -1098.154812        0.7706
BFGS:  432 20:41:47    -1098.149818        1.4627
BFGS:  433 20:41:47    -1098.158152        0.7391
BFGS:  434 20:41:47    -1098.156987        1.1412
BFGS:  435 20:41:47    -1098.158354        1.0631
BFGS:  436 20:41:47    -1098.145293        0.9675
BFGS:  437 20:41:47    -1098.154810        0.7706
BFGS:  438 20:41:47    -1098.149821        1.4622
BFGS:  439 20:41:47    -1098.158171        0.7388
BFGS:  440 20:41:47    -1098.157038        1.1397
BFGS:  441 20:41:47    -1098.158411        1.0616
BFGS:  442 20:41:47    -1098.145242        0.9707
BFGS:  443 20:41:47    -1098.154810        0.7706
BFGS:  444 20:41:47    -1098.149836        1.4613
BFGS:  445 20:41:48    -1098.158189        0.7384
BFGS:  446 20:41:48    -1098.157091        1.1381
BFGS:  447 20:41:48    -1098.158469        1.0599
BFGS:  448 20:41:48    -1098.145204        0.9734
BFGS:  449 20:41:48    -1098.154813        0.7705
BFGS:  450 20:41:48    -1098.149859        1.4602
BFGS:  451 20:41:48    -1098.158205        0.7381
BFGS:  452 20:41:48    -1098.157146        1.1365
BFGS:  453 20:41:48    -1098.158527        1.0583
BFGS:  454 20:41:48    -1098.145175        0.9758
BFGS:  455 20:41:48    -1098.154818        0.7704
BFGS:  456 20:41:48    -1098.149889        1.4588
BFGS:  457 20:41:48    -1098.158222        0.7379
BFGS:  458 20:41:48    -1098.157202        1.1347
BFGS:  459 20:41:48    -1098.158585        0.7329
BFGS:  460 20:41:48    -1098.158187        1.0807
BFGS:  461 20:41:48    -1098.158462        1.0645
BFGS:  462 20:41:48    -1098.145355        0.9966
BFGS:  463 20:41:48    -1098.154923        0.7681
BFGS:  464 20:41:48    -1098.150169        1.4517
BFGS:  465 20:41:48    -1098.158163        0.7377
BFGS:  466 20:41:48    -1098.157388        1.1264
BFGS:  467 20:41:48    -1098.158541        0.7330
BFGS:  468 20:41:48    -1098.158377        1.0716
BFGS:  469 20:41:48    -1098.158623        0.7322
BFGS:  470 20:41:48    -1098.158578        1.0601
BFGS:  471 20:41:48    -1098.158640        1.0565
BFGS:  472 20:41:48    -1098.145681        1.0060
BFGS:  473 20:41:48    -1098.154992        0.7668
BFGS:  474 20:41:48    -1098.151091        1.3996
BFGS:  475 20:41:48    -1098.157938        0.7389
BFGS:  476 20:41:48    -1098.158186        1.0823
BFGS:  477 20:41:48    -1098.158264        0.7353
BFGS:  478 20:41:49    -1098.158464        0.7336
BFGS:  479 20:41:49    -1098.152304        1.3646
BFGS:  480 20:41:49    -1098.157643        1.1138
BFGS:  481 20:41:49    -1098.144865        1.0469
BFGS:  482 20:41:49    -1098.155061        0.7639
BFGS:  483 20:41:49    -1098.150792        1.4227
BFGS:  484 20:41:49    -1098.158063        0.7389
BFGS:  485 20:41:49    -1098.157953        1.0985
BFGS:  486 20:41:49    -1098.158409        0.7348
BFGS:  487 20:41:49    -1098.158608        0.7322
BFGS:  488 20:41:49    -1098.149287        1.4857
BFGS:  489 20:41:49    -1098.157058        1.1474
BFGS:  490 20:41:49    -1098.144828        1.0456
BFGS:  491 20:41:49    -1098.155247        0.7639
BFGS:  492 20:41:49    -1098.150734        1.4287
BFGS:  493 20:41:49    -1098.158170        0.7379
BFGS:  494 20:41:49    -1098.157822        1.1077
BFGS:  495 20:41:49    -1098.158513        0.7333
BFGS:  496 20:41:49    -1098.158709        0.7309
BFGS:  497 20:41:49    -1098.147213        1.5600
BFGS:  498 20:41:49    -1098.156696        1.1674
BFGS:  499 20:41:49    -1098.144618        1.0487
