      Step     Time          Energy         fmax
BFGS:    0 20:49:52     -720.019102      140.4506
BFGS:    1 20:49:53     -764.500167      148.6956
BFGS:    2 20:49:53     -808.088285      141.7499
BFGS:    3 20:49:53     -825.915395      133.8006
BFGS:    4 20:49:53     -839.250106      125.5518
BFGS:    5 20:49:53     -851.637859      117.3833
BFGS:    6 20:49:53     -863.702519      112.2859
BFGS:    7 20:49:53     -876.808006      110.4624
BFGS:    8 20:49:53     -889.240785      104.4879
BFGS:    9 20:49:53     -904.064618       97.6950
BFGS:   10 20:49:53     -916.560182       88.9141
BFGS:   11 20:49:53     -926.641735       85.8004
BFGS:   12 20:49:53     -934.827732       80.5734
BFGS:   13 20:49:53     -943.215692       75.1875
BFGS:   14 20:49:53     -950.508335       73.2033
BFGS:   15 20:49:53     -957.353024       69.1498
BFGS:   16 20:49:53     -964.656984       66.5081
BFGS:   17 20:49:53     -972.302301       62.8005
BFGS:   18 20:49:53     -979.357461       58.1556
BFGS:   19 20:49:53     -986.164667       55.2582
BFGS:   20 20:49:53     -991.776468       49.5710
BFGS:   21 20:49:53     -996.681171       47.4939
BFGS:   22 20:49:53    -1000.630984       45.8385
BFGS:   23 20:49:53    -1004.599914       43.9896
BFGS:   24 20:49:53    -1007.882276       43.1420
BFGS:   25 20:49:53    -1011.613165       42.2089
BFGS:   26 20:49:54    -1015.192350       38.9101
BFGS:   27 20:49:54    -1017.962984       39.1656
BFGS:   28 20:49:54    -1020.615998       36.0618
BFGS:   29 20:49:54    -1022.762255       33.2323
BFGS:   30 20:49:54    -1024.555859       31.8429
BFGS:   31 20:49:54    -1026.204248       28.3960
BFGS:   32 20:49:54    -1027.776871       27.1314
BFGS:   33 20:49:54    -1029.191875       25.4797
BFGS:   34 20:49:54    -1030.372126       24.9168
BFGS:   35 20:49:54    -1031.393045       23.8449
BFGS:   36 20:49:54    -1032.333797       23.0913
BFGS:   37 20:49:54    -1033.244812       22.3354
BFGS:   38 20:49:54    -1034.143907       21.5458
BFGS:   39 20:49:54    -1035.021428       20.7539
BFGS:   40 20:49:54    -1035.878287       19.8491
BFGS:   41 20:49:54    -1036.703102       18.9800
BFGS:   42 20:49:54    -1037.498094       18.0040
BFGS:   43 20:49:54    -1038.250814       17.4449
BFGS:   44 20:49:54    -1038.999871       16.6105
BFGS:   45 20:49:54    -1039.711135       15.4628
BFGS:   46 20:49:54    -1040.410552       14.3046
BFGS:   47 20:49:54    -1041.097028       14.1630
BFGS:   48 20:49:54    -1041.749129       12.1289
BFGS:   49 20:49:54    -1042.416930       11.7733
BFGS:   50 20:49:54    -1043.116556        8.5759
BFGS:   51 20:49:55    -1043.677371        6.5573
BFGS:   52 20:49:55    -1044.151748        6.2011
BFGS:   53 20:49:55    -1044.567417        5.7367
BFGS:   54 20:49:55    -1044.904119        4.6845
BFGS:   55 20:49:55    -1045.236266        4.5021
BFGS:   56 20:49:55    -1045.510651        4.9907
BFGS:   57 20:49:55    -1045.766413        5.4284
BFGS:   58 20:49:55    -1046.013042        5.2873
BFGS:   59 20:49:55    -1046.232952        5.1085
BFGS:   60 20:49:55    -1046.451931        5.0622
BFGS:   61 20:49:55    -1046.671687        5.2372
BFGS:   62 20:49:55    -1046.900524        5.9740
BFGS:   63 20:49:55    -1047.136968        6.9480
BFGS:   64 20:49:55    -1047.372532        7.5982
BFGS:   65 20:49:55    -1047.604820        7.6540
BFGS:   66 20:49:55    -1047.815493        7.1127
BFGS:   67 20:49:55    -1048.006005        9.3353
BFGS:   68 20:49:55    -1048.223392        9.5518
BFGS:   69 20:49:55    -1048.526107        7.0469
BFGS:   70 20:49:55    -1048.766446        6.7490
BFGS:   71 20:49:55    -1049.053677        7.6909
BFGS:   72 20:49:55    -1049.308987        8.5508
BFGS:   73 20:49:55    -1049.569625        9.1000
BFGS:   74 20:49:55    -1049.825675        9.0027
BFGS:   75 20:49:55    -1050.100984        9.1821
BFGS:   76 20:49:55    -1050.402238        9.0378
BFGS:   77 20:49:55    -1050.775068        8.5105
BFGS:   78 20:49:56    -1051.160895        7.8949
BFGS:   79 20:49:56    -1051.548526        8.6825
BFGS:   80 20:49:56    -1051.968949        7.7778
BFGS:   81 20:49:56    -1052.360096       11.5375
BFGS:   82 20:49:56    -1052.936305       10.4821
BFGS:   83 20:49:56    -1053.461112        9.9621
BFGS:   84 20:49:56    -1053.988915       10.2300
BFGS:   85 20:49:56    -1054.518074       12.3498
BFGS:   86 20:49:56    -1055.021990       14.4774
BFGS:   87 20:49:56    -1055.492652       16.0929
BFGS:   88 20:49:56    -1056.100575       16.8630
BFGS:   89 20:49:56    -1056.711159       17.9465
BFGS:   90 20:49:56    -1057.376616       19.0174
BFGS:   91 20:49:56    -1058.033006       20.1202
BFGS:   92 20:49:56    -1058.682458       21.0516
BFGS:   93 20:49:56    -1059.576758       21.5514
BFGS:   94 20:49:56    -1060.069949       21.8100
BFGS:   95 20:49:56    -1060.621418       21.3913
BFGS:   96 20:49:56    -1061.248688       20.6936
BFGS:   97 20:49:56    -1061.820856       19.6446
BFGS:   98 20:49:56    -1062.395820       18.1285
BFGS:   99 20:49:56    -1062.955953       16.1407
BFGS:  100 20:49:56    -1063.578519       13.4551
BFGS:  101 20:49:56    -1064.118876       10.5532
BFGS:  102 20:49:56    -1064.653535        9.1956
BFGS:  103 20:49:56    -1065.178562       12.2647
BFGS:  104 20:49:56    -1065.491935        7.7190
BFGS:  105 20:49:57    -1066.115598        8.5885
BFGS:  106 20:49:57    -1066.620534        7.7562
BFGS:  107 20:49:57    -1066.963219        6.4349
BFGS:  108 20:49:57    -1067.209972        6.6713
BFGS:  109 20:49:57    -1067.405538        5.9583
BFGS:  110 20:49:57    -1067.658786        6.4499
BFGS:  111 20:49:57    -1067.875307        5.9231
BFGS:  112 20:49:57    -1068.133587        8.6286
BFGS:  113 20:49:57    -1068.399782        7.2241
BFGS:  114 20:49:57    -1068.628481        7.7996
BFGS:  115 20:49:57    -1068.818055        7.8223
BFGS:  116 20:49:57    -1068.980639        7.5398
BFGS:  117 20:49:57    -1069.200991        7.6191
BFGS:  118 20:49:57    -1069.503033        6.4032
BFGS:  119 20:49:57    -1069.702662        6.5557
BFGS:  120 20:49:57    -1069.878491        7.1670
BFGS:  121 20:49:57    -1070.039271        7.4112
BFGS:  122 20:49:57    -1070.182465        6.0158
BFGS:  123 20:49:57    -1070.319740        7.2488
BFGS:  124 20:49:57    -1070.417297        6.5687
BFGS:  125 20:49:57    -1070.489597        5.6777
BFGS:  126 20:49:57    -1070.584894        5.2923
BFGS:  127 20:49:57    -1070.661196        6.4553
BFGS:  128 20:49:57    -1070.725759        4.3104
BFGS:  129 20:49:57    -1070.788001        6.2274
BFGS:  130 20:49:57    -1070.860049        5.5900
BFGS:  131 20:49:57    -1070.927691        3.8826
BFGS:  132 20:49:57    -1070.986918        6.1379
BFGS:  133 20:49:58    -1071.013621        2.9323
BFGS:  134 20:49:58    -1071.076466        2.7417
BFGS:  135 20:49:58    -1071.123810        4.1278
BFGS:  136 20:49:58    -1071.161268        3.4082
BFGS:  137 20:49:58    -1071.181736        3.5356
BFGS:  138 20:49:58    -1071.241940        2.3434
BFGS:  139 20:49:58    -1071.326154        3.6283
BFGS:  140 20:49:58    -1071.418247        3.6601
BFGS:  141 20:49:58    -1071.541165        3.4881
BFGS:  142 20:49:58    -1071.556832        6.8054
BFGS:  143 20:49:58    -1071.629033        6.5608
BFGS:  144 20:49:58    -1071.681582        4.2893
BFGS:  145 20:49:58    -1071.717202        5.1747
BFGS:  146 20:49:58    -1071.754432        6.7811
BFGS:  147 20:49:58    -1071.797358        5.3082
BFGS:  148 20:49:58    -1071.853134        5.8982
BFGS:  149 20:49:58    -1071.946565        7.0083
BFGS:  150 20:49:58    -1072.028108        6.4177
BFGS:  151 20:49:58    -1072.129958        8.7378
BFGS:  152 20:49:58    -1072.221149       11.3458
BFGS:  153 20:49:58    -1072.332202       13.9065
BFGS:  154 20:49:58    -1072.478955       10.1851
BFGS:  155 20:49:58    -1072.882368        9.8326
BFGS:  156 20:49:58    -1073.269150       10.8316
BFGS:  157 20:49:58    -1073.807651        9.6335
BFGS:  158 20:49:58    -1074.202904        9.3497
BFGS:  159 20:49:58    -1074.650707       10.0429
BFGS:  160 20:49:58    -1075.193301       11.1647
BFGS:  161 20:49:58    -1075.746560       12.7476
BFGS:  162 20:49:58    -1076.440544       14.1810
BFGS:  163 20:49:59    -1077.040178       15.1239
BFGS:  164 20:49:59    -1077.688129       16.0860
BFGS:  165 20:49:59    -1078.252381       16.0588
BFGS:  166 20:49:59    -1078.858434       14.1622
BFGS:  167 20:49:59    -1079.259611       12.9987
BFGS:  168 20:49:59    -1079.809089       10.7668
BFGS:  169 20:49:59    -1080.340087        9.2922
BFGS:  170 20:49:59    -1080.975744       10.5628
BFGS:  171 20:49:59    -1081.668172       11.8460
BFGS:  172 20:49:59    -1082.426011       13.5687
BFGS:  173 20:49:59    -1083.131688       15.6422
BFGS:  174 20:49:59    -1083.853698       17.5621
BFGS:  175 20:49:59    -1084.616303       17.8408
BFGS:  176 20:49:59    -1085.570263       16.9558
BFGS:  177 20:49:59    -1086.635383       14.3495
BFGS:  178 20:49:59    -1087.588803       12.6830
BFGS:  179 20:49:59    -1088.460868       11.3857
BFGS:  180 20:49:59    -1089.287886       11.0040
BFGS:  181 20:49:59    -1090.053704       10.6926
BFGS:  182 20:49:59    -1090.839810       12.1211
BFGS:  183 20:49:59    -1091.542828       10.3449
BFGS:  184 20:49:59    -1092.313779       10.2206
BFGS:  185 20:49:59    -1092.892214        8.5086
BFGS:  186 20:49:59    -1093.227423        8.2632
BFGS:  187 20:49:59    -1093.666725        7.6037
BFGS:  188 20:49:59    -1093.971786        6.9682
BFGS:  189 20:49:59    -1094.255850        7.1107
BFGS:  190 20:49:59    -1094.520629        7.4413
BFGS:  191 20:49:59    -1094.785790        7.8881
BFGS:  192 20:49:59    -1095.033756        8.1774
BFGS:  193 20:49:59    -1095.297880        8.2055
BFGS:  194 20:50:00    -1095.589794        8.0319
BFGS:  195 20:50:00    -1095.844253        7.8711
BFGS:  196 20:50:00    -1096.139289        8.3398
BFGS:  197 20:50:00    -1096.420449        8.7225
BFGS:  198 20:50:00    -1096.704031        8.9963
BFGS:  199 20:50:00    -1096.964025        9.1378
BFGS:  200 20:50:00    -1097.350225        9.0889
BFGS:  201 20:50:00    -1097.690933        8.8878
BFGS:  202 20:50:00    -1098.033011        8.4989
BFGS:  203 20:50:00    -1098.368437        8.0305
BFGS:  204 20:50:00    -1098.712476        7.4844
BFGS:  205 20:50:00    -1099.048561        7.0211
BFGS:  206 20:50:00    -1099.492245        6.7756
BFGS:  207 20:50:00    -1099.896488        7.6255
BFGS:  208 20:50:00    -1100.263420        8.0413
BFGS:  209 20:50:00    -1100.594013        9.0161
BFGS:  210 20:50:00    -1100.753940        7.2535
BFGS:  211 20:50:00    -1100.856078        4.5463
BFGS:  212 20:50:00    -1100.983782        5.5595
BFGS:  213 20:50:00    -1101.085343        5.0943
BFGS:  214 20:50:00    -1101.200664        3.9166
BFGS:  215 20:50:00    -1101.285394        4.4978
BFGS:  216 20:50:00    -1101.352249        4.7311
BFGS:  217 20:50:00    -1101.402526        3.9676
BFGS:  218 20:50:00    -1101.438229        4.6081
BFGS:  219 20:50:00    -1101.468991        3.0757
BFGS:  220 20:50:00    -1101.496297        4.8104
BFGS:  221 20:50:00    -1101.522050        4.6192
BFGS:  222 20:50:00    -1101.542726        3.0578
BFGS:  223 20:50:00    -1101.560126        3.1704
BFGS:  224 20:50:00    -1101.575300        3.0975
BFGS:  225 20:50:00    -1101.582458        3.0217
BFGS:  226 20:50:00    -1101.588588        4.6732
BFGS:  227 20:50:01    -1101.597227        4.4193
BFGS:  228 20:50:01    -1101.599657        2.8057
BFGS:  229 20:50:01    -1101.607191        2.7580
BFGS:  230 20:50:01    -1101.606228        4.3328
BFGS:  231 20:50:01    -1101.621409        4.1531
BFGS:  232 20:50:01    -1101.612243        2.8887
BFGS:  233 20:50:01    -1101.629755        2.7304
BFGS:  234 20:50:01    -1101.634644        2.6624
BFGS:  235 20:50:01    -1101.562029        5.2213
BFGS:  236 20:50:01    -1101.637562        4.2245
BFGS:  237 20:50:01    -1101.635037        2.6628
BFGS:  238 20:50:01    -1101.642690        2.5120
BFGS:  239 20:50:01    -1101.626970        4.4492
BFGS:  240 20:50:01    -1101.645098        4.1747
BFGS:  241 20:50:01    -1101.633346        2.6415
BFGS:  242 20:50:01    -1101.646277        2.4210
BFGS:  243 20:50:01    -1101.634966        4.4348
BFGS:  244 20:50:01    -1101.651666        4.1223
BFGS:  245 20:50:01    -1101.625091        2.6484
BFGS:  246 20:50:01    -1101.646371        2.3866
BFGS:  247 20:50:01    -1101.638196        4.4481
BFGS:  248 20:50:01    -1101.655233        2.3668
BFGS:  249 20:50:01    -1101.657369        2.1844
BFGS:  250 20:50:01    -1101.629621        4.5935
BFGS:  251 20:50:01    -1101.651226        4.2324
BFGS:  252 20:50:01    -1101.589833        2.8047
BFGS:  253 20:50:01    -1101.644740        2.3505
BFGS:  254 20:50:01    -1101.610006        4.8060
BFGS:  255 20:50:01    -1101.658935        4.0970
BFGS:  256 20:50:01    -1101.635083        2.4641
BFGS:  257 20:50:01    -1101.655007        2.2317
BFGS:  258 20:50:01    -1101.616358        4.7222
BFGS:  259 20:50:02    -1101.659728        4.1163
BFGS:  260 20:50:02    -1101.633723        2.4572
BFGS:  261 20:50:02    -1101.656594        2.1892
BFGS:  262 20:50:02    -1101.609877        4.8296
BFGS:  263 20:50:02    -1101.661354        4.1174
BFGS:  264 20:50:02    -1101.626520        2.4601
BFGS:  265 20:50:02    -1101.656521        2.1714
BFGS:  266 20:50:02    -1101.612829        4.8241
BFGS:  267 20:50:02    -1101.664741        4.0826
BFGS:  268 20:50:02    -1101.620433        2.4633
BFGS:  269 20:50:02    -1101.655399        2.1605
BFGS:  270 20:50:02    -1101.610805        4.8896
BFGS:  271 20:50:02    -1101.667883        4.0556
BFGS:  272 20:50:02    -1101.612824        2.5943
BFGS:  273 20:50:02    -1101.653860        2.3865
BFGS:  274 20:50:02    -1101.599960        5.0394
BFGS:  275 20:50:02    -1101.669440        4.0500
BFGS:  276 20:50:02    -1101.602903        2.7459
BFGS:  277 20:50:02    -1101.652725        2.1384
BFGS:  278 20:50:02    -1101.610131        4.9450
BFGS:  279 20:50:02    -1101.674155        1.9254
BFGS:  280 20:50:02    -1101.661218        4.2317
BFGS:  281 20:50:02    -1101.670448        4.0756
BFGS:  282 20:50:02    -1101.570364        3.1747
BFGS:  283 20:50:02    -1101.648380        2.4121
BFGS:  284 20:50:02    -1101.602142        5.0706
BFGS:  285 20:50:02    -1101.674708        1.9268
BFGS:  286 20:50:02    -1101.664245        4.2035
BFGS:  287 20:50:02    -1101.675410        4.0218
BFGS:  288 20:50:02    -1101.553621        3.4006
BFGS:  289 20:50:02    -1101.644756        2.3759
BFGS:  290 20:50:02    -1101.609098        5.0143
BFGS:  291 20:50:03    -1101.673528        1.9140
BFGS:  292 20:50:03    -1101.671441        4.1246
BFGS:  293 20:50:03    -1101.677970        1.8871
BFGS:  294 20:50:03    -1101.680344        1.8688
BFGS:  295 20:50:03    -1101.558727        5.4923
BFGS:  296 20:50:03    -1101.655100        4.3838
BFGS:  297 20:50:03    -1101.502925        3.4366
BFGS:  298 20:50:03    -1101.641625        2.3237
BFGS:  299 20:50:03    -1101.554902        5.5281
BFGS:  300 20:50:03    -1101.680217        4.0115
BFGS:  301 20:50:03    -1101.580822        2.9986
BFGS:  302 20:50:03    -1101.651575        2.2189
BFGS:  303 20:50:03    -1101.561764        5.5039
BFGS:  304 20:50:03    -1101.680011        4.0412
BFGS:  305 20:50:03    -1101.564080        3.2359
BFGS:  306 20:50:03    -1101.648983        2.3209
BFGS:  307 20:50:03    -1101.556873        5.6009
BFGS:  308 20:50:03    -1101.683004        4.0159
BFGS:  309 20:50:03    -1101.557124        3.3508
BFGS:  310 20:50:03    -1101.647685        2.3842
BFGS:  311 20:50:03    -1101.553627        5.6817
BFGS:  312 20:50:03    -1101.685419        4.0013
BFGS:  313 20:50:03    -1101.551135        3.4444
BFGS:  314 20:50:03    -1101.646758        2.4333
BFGS:  315 20:50:03    -1101.552488        5.7399
BFGS:  316 20:50:03    -1101.687871        3.9860
BFGS:  317 20:50:03    -1101.542114        3.5505
BFGS:  318 20:50:03    -1101.645120        2.4928
BFGS:  319 20:50:03    -1101.549945        5.7993
BFGS:  320 20:50:03    -1101.690138        1.8105
BFGS:  321 20:50:03    -1101.663757        4.3878
BFGS:  322 20:50:03    -1101.682108        4.1017
BFGS:  323 20:50:04    -1101.513072        3.7024
BFGS:  324 20:50:04    -1101.645771        2.5270
BFGS:  325 20:50:04    -1101.564988        5.6483
BFGS:  326 20:50:04    -1101.689968        2.4165
BFGS:  327 20:50:04    -1101.669246        4.3366
BFGS:  328 20:50:04    -1101.687897        4.0507
BFGS:  329 20:50:04    -1101.519899        3.7702
BFGS:  330 20:50:04    -1101.643732        2.6256
BFGS:  331 20:50:04    -1101.547843        5.8572
BFGS:  332 20:50:04    -1101.691887        1.7956
BFGS:  333 20:50:04    -1101.667929        4.3677
BFGS:  334 20:50:04    -1101.689072        4.0554
BFGS:  335 20:50:04    -1101.510844        3.8480
BFGS:  336 20:50:04    -1101.642416        2.6894
BFGS:  337 20:50:04    -1101.542324        5.9150
BFGS:  338 20:50:04    -1101.692896        1.7881
BFGS:  339 20:50:04    -1101.670925        4.3425
BFGS:  340 20:50:04    -1101.692545        4.0233
BFGS:  341 20:50:04    -1101.509150        3.8682
BFGS:  342 20:50:04    -1101.643094        2.7162
BFGS:  343 20:50:04    -1101.545821        5.9036
BFGS:  344 20:50:04    -1101.693499        1.7750
BFGS:  345 20:50:04    -1101.673496        4.3261
BFGS:  346 20:50:04    -1101.695924        3.9995
BFGS:  347 20:50:04    -1101.504508        3.9312
BFGS:  348 20:50:04    -1101.640751        2.7990
BFGS:  349 20:50:04    -1101.534033        6.0207
BFGS:  350 20:50:04    -1101.694967        1.7555
BFGS:  351 20:50:04    -1101.673522        4.3275
BFGS:  352 20:50:04    -1101.697884        3.9858
BFGS:  353 20:50:04    -1101.495613        3.9722
BFGS:  354 20:50:04    -1101.639050        2.8513
BFGS:  355 20:50:05    -1101.528362        6.0395
BFGS:  356 20:50:05    -1101.695640        1.7749
BFGS:  357 20:50:05    -1101.676234        4.3103
BFGS:  358 20:50:05    -1101.701017        3.9605
BFGS:  359 20:50:05    -1101.496452        3.9756
BFGS:  360 20:50:05    -1101.639836        2.8737
BFGS:  361 20:50:05    -1101.525774        6.1078
BFGS:  362 20:50:05    -1101.696303        1.7934
BFGS:  363 20:50:05    -1101.678605        4.3050
BFGS:  364 20:50:05    -1101.702601        1.7054
BFGS:  365 20:50:05    -1101.697433        4.0527
BFGS:  366 20:50:05    -1101.702313        3.9850
BFGS:  367 20:50:05    -1101.516373        3.9761
BFGS:  368 20:50:05    -1101.646766        2.8615
BFGS:  369 20:50:05    -1101.558594        5.7059
BFGS:  370 20:50:05    -1101.696047        1.9001
BFGS:  371 20:50:05    -1101.690702        4.1445
BFGS:  372 20:50:05    -1101.701572        1.7346
BFGS:  373 20:50:05    -1101.704788        1.6756
BFGS:  374 20:50:05    -1101.556793        5.8097
BFGS:  375 20:50:05    -1101.678225        4.3694
BFGS:  376 20:50:05    -1101.529047        3.8849
BFGS:  377 20:50:05    -1101.654057        2.7371
BFGS:  378 20:50:05    -1101.508552        6.3101
BFGS:  379 20:50:05    -1101.704930        1.6913
BFGS:  380 20:50:05    -1101.675574        4.4191
BFGS:  381 20:50:05    -1101.702105        4.0480
BFGS:  382 20:50:05    -1101.499818        4.0281
BFGS:  383 20:50:05    -1101.642593        2.9326
BFGS:  384 20:50:05    -1101.532154        6.0663
BFGS:  385 20:50:05    -1101.701614        1.8448
BFGS:  386 20:50:05    -1101.685224        4.2923
BFGS:  387 20:50:05    -1101.708444        1.6502
BFGS:  388 20:50:06    -1101.704740        4.0366
BFGS:  389 20:50:06    -1101.709991        3.9651
BFGS:  390 20:50:06    -1101.514125        3.9520
BFGS:  391 20:50:06    -1101.647445        2.8913
BFGS:  392 20:50:06    -1101.543296        5.8015
BFGS:  393 20:50:06    -1101.701676        1.9241
BFGS:  394 20:50:06    -1101.693575        4.1819
BFGS:  395 20:50:06    -1101.708036        1.7404
BFGS:  396 20:50:06    -1101.711621        1.6277
BFGS:  397 20:50:06    -1101.572612        5.7222
BFGS:  398 20:50:06    -1101.684683        4.3766
BFGS:  399 20:50:06    -1101.546480        3.8999
BFGS:  400 20:50:06    -1101.659826        2.7648
BFGS:  401 20:50:06    -1101.528158        6.2004
BFGS:  402 20:50:06    -1101.709736        1.7378
BFGS:  403 20:50:06    -1101.684610        4.3793
BFGS:  404 20:50:06    -1101.710797        4.0133
BFGS:  405 20:50:06    -1101.520212        3.9666
BFGS:  406 20:50:06    -1101.648706        2.9313
BFGS:  407 20:50:06    -1101.549457        5.9251
BFGS:  408 20:50:06    -1101.705983        1.8729
BFGS:  409 20:50:06    -1101.694612        4.2645
BFGS:  410 20:50:06    -1101.712858        1.6877
BFGS:  411 20:50:06    -1101.713444        4.0055
BFGS:  412 20:50:06    -1101.714545        1.6489
BFGS:  413 20:50:06    -1101.715539        1.6260
BFGS:  414 20:50:06    -1101.587825        5.5538
BFGS:  415 20:50:06    -1101.690947        4.4093
BFGS:  416 20:50:06    -1101.571654        3.3680
BFGS:  417 20:50:06    -1101.684395        2.1336
BFGS:  418 20:50:06    -1101.583381        5.4299
BFGS:  419 20:50:06    -1101.710451        4.1433
BFGS:  420 20:50:07    -1101.604105        3.1070
BFGS:  421 20:50:07    -1101.685911        2.1910
BFGS:  422 20:50:07    -1101.592025        5.3657
BFGS:  423 20:50:07    -1101.713369        4.0980
BFGS:  424 20:50:07    -1101.596199        3.2346
BFGS:  425 20:50:07    -1101.683542        2.2763
BFGS:  426 20:50:07    -1101.591308        5.3979
BFGS:  427 20:50:07    -1101.716330        4.0538
BFGS:  428 20:50:07    -1101.583264        3.3774
BFGS:  429 20:50:07    -1101.680481        2.3570
BFGS:  430 20:50:07    -1101.589437        5.3960
BFGS:  431 20:50:07    -1101.720211        4.0086
BFGS:  432 20:50:07    -1101.582540        3.4219
BFGS:  433 20:50:07    -1101.678869        2.4160
BFGS:  434 20:50:07    -1101.585943        5.4487
BFGS:  435 20:50:07    -1101.721302        1.7479
BFGS:  436 20:50:07    -1101.694993        4.3565
BFGS:  437 20:50:07    -1101.714243        4.0912
BFGS:  438 20:50:07    -1101.558472        3.6529
BFGS:  439 20:50:07    -1101.675131        2.5109
BFGS:  440 20:50:07    -1101.575610        5.5165
BFGS:  441 20:50:07    -1101.720846        1.7670
BFGS:  442 20:50:07    -1101.696362        4.3379
BFGS:  443 20:50:07    -1101.717169        4.0558
BFGS:  444 20:50:07    -1101.585179        3.5051
BFGS:  445 20:50:07    -1101.679405        2.4932
BFGS:  446 20:50:07    -1101.576453        5.5233
BFGS:  447 20:50:07    -1101.721773        1.7872
BFGS:  448 20:50:07    -1101.697318        4.3312
BFGS:  449 20:50:07    -1101.718254        4.0493
BFGS:  450 20:50:07    -1101.560831        3.6995
BFGS:  451 20:50:07    -1101.673596        2.6073
BFGS:  452 20:50:08    -1101.563132        5.6389
BFGS:  453 20:50:08    -1101.721079        1.7989
BFGS:  454 20:50:08    -1101.698574        4.3198
BFGS:  455 20:50:08    -1101.721225        4.0153
BFGS:  456 20:50:08    -1101.548486        3.8065
BFGS:  457 20:50:08    -1101.669666        2.6958
BFGS:  458 20:50:08    -1101.573665        5.5680
BFGS:  459 20:50:08    -1101.719238        1.8023
BFGS:  460 20:50:08    -1101.703545        4.2600
BFGS:  461 20:50:08    -1101.724849        1.8260
BFGS:  462 20:50:08    -1101.719930        4.0463
BFGS:  463 20:50:08    -1101.724573        3.9829
BFGS:  464 20:50:08    -1101.535801        3.9079
BFGS:  465 20:50:08    -1101.666592        2.7785
BFGS:  466 20:50:08    -1101.566647        5.6380
BFGS:  467 20:50:08    -1101.718092        1.8751
BFGS:  468 20:50:08    -1101.707821        4.2164
BFGS:  469 20:50:08    -1101.723854        1.8297
BFGS:  470 20:50:08    -1101.725363        3.9856
BFGS:  471 20:50:08    -1101.725219        1.8286
BFGS:  472 20:50:08    -1101.726053        1.8304
BFGS:  473 20:50:08    -1101.596444        5.6153
BFGS:  474 20:50:08    -1101.702554        4.3598
BFGS:  475 20:50:08    -1101.596611        3.4319
BFGS:  476 20:50:08    -1101.691195        2.3651
BFGS:  477 20:50:08    -1101.573129        5.6988
BFGS:  478 20:50:08    -1101.725055        4.0249
BFGS:  479 20:50:08    -1101.566853        3.6305
BFGS:  480 20:50:08    -1101.678904        2.5623
BFGS:  481 20:50:08    -1101.588299        5.5005
BFGS:  482 20:50:08    -1101.725007        1.8164
BFGS:  483 20:50:08    -1101.703588        4.3144
BFGS:  484 20:50:09    -1101.724902        4.0217
BFGS:  485 20:50:09    -1101.568818        3.6835
BFGS:  486 20:50:09    -1101.678357        2.6086
BFGS:  487 20:50:09    -1101.582781        5.5404
BFGS:  488 20:50:09    -1101.725261        1.8260
BFGS:  489 20:50:09    -1101.704155        4.3088
BFGS:  490 20:50:09    -1101.726022        4.0115
BFGS:  491 20:50:09    -1101.556479        3.7810
BFGS:  492 20:50:09    -1101.675218        2.6729
BFGS:  493 20:50:09    -1101.586179        5.5056
BFGS:  494 20:50:09    -1101.723938        1.8346
BFGS:  495 20:50:09    -1101.707347        4.2675
BFGS:  496 20:50:09    -1101.729490        3.9654
BFGS:  497 20:50:09    -1101.552842        3.8235
BFGS:  498 20:50:09    -1101.672936        2.7260
BFGS:  499 20:50:09    -1101.588983        5.4765
