      Step     Time          Energy         fmax
BFGS:    0 20:39:19     -981.195408       52.1132
BFGS:    1 20:39:19     -993.259705       38.6461
BFGS:    2 20:39:19    -1000.284786       38.6124
BFGS:    3 20:39:19    -1006.624898       34.2229
BFGS:    4 20:39:19    -1012.415284       33.4797
BFGS:    5 20:39:19    -1017.425891       28.6742
BFGS:    6 20:39:19    -1021.920368       27.5021
BFGS:    7 20:39:19    -1026.272262       24.5876
BFGS:    8 20:39:19    -1030.297483       22.4439
BFGS:    9 20:39:19    -1033.861280       20.8208
BFGS:   10 20:39:19    -1037.536364       18.8464
BFGS:   11 20:39:19    -1040.841033       17.5040
BFGS:   12 20:39:19    -1043.895087       15.7866
BFGS:   13 20:39:19    -1046.480736       14.6711
BFGS:   14 20:39:19    -1048.818938       13.6887
BFGS:   15 20:39:19    -1051.037868       12.3565
BFGS:   16 20:39:19    -1053.301195       12.7129
BFGS:   17 20:39:19    -1055.205605       12.3705
BFGS:   18 20:39:19    -1056.913945       11.8816
BFGS:   19 20:39:19    -1058.459628       11.5767
BFGS:   20 20:39:19    -1059.847178       11.2238
BFGS:   21 20:39:19    -1061.134802       10.9322
BFGS:   22 20:39:19    -1062.342349       10.5417
BFGS:   23 20:39:19    -1063.493630       10.1062
BFGS:   24 20:39:19    -1064.611453        9.5434
BFGS:   25 20:39:19    -1065.726525        8.8951
BFGS:   26 20:39:19    -1066.872082        8.1612
BFGS:   27 20:39:19    -1068.058040        7.4094
BFGS:   28 20:39:19    -1069.270765        6.6588
BFGS:   29 20:39:20    -1070.478648        5.9977
BFGS:   30 20:39:20    -1071.628109        5.4197
BFGS:   31 20:39:20    -1072.687612        5.2643
BFGS:   32 20:39:20    -1073.648391        5.1852
BFGS:   33 20:39:20    -1074.541901        5.1216
BFGS:   34 20:39:20    -1075.360780        4.9586
BFGS:   35 20:39:20    -1076.127150        5.0021
BFGS:   36 20:39:20    -1076.834361        5.1032
BFGS:   37 20:39:20    -1077.503602        5.3549
BFGS:   38 20:39:20    -1078.134736        5.4579
BFGS:   39 20:39:20    -1078.741006        5.5943
BFGS:   40 20:39:20    -1079.322366        5.5898
BFGS:   41 20:39:20    -1079.885451        5.5770
BFGS:   42 20:39:20    -1080.429072        5.4465
BFGS:   43 20:39:20    -1080.956136        5.3165
BFGS:   44 20:39:20    -1081.464148        5.0923
BFGS:   45 20:39:20    -1081.953904        4.8946
BFGS:   46 20:39:20    -1082.421750        4.6133
BFGS:   47 20:39:20    -1082.868324        4.3859
BFGS:   48 20:39:20    -1083.289311        4.0729
BFGS:   49 20:39:20    -1083.686417        3.8513
BFGS:   50 20:39:20    -1084.052114        3.5444
BFGS:   51 20:39:20    -1084.371142        3.3871
BFGS:   52 20:39:20    -1084.650265        3.1444
BFGS:   53 20:39:20    -1084.893406        3.0517
BFGS:   54 20:39:20    -1085.102437        2.8713
BFGS:   55 20:39:20    -1085.282210        2.8122
BFGS:   56 20:39:20    -1085.445671        2.6823
BFGS:   57 20:39:20    -1085.596094        2.6297
BFGS:   58 20:39:20    -1085.741388        2.5324
BFGS:   59 20:39:20    -1085.884065        2.4839
BFGS:   60 20:39:20    -1086.029086        2.4200
BFGS:   61 20:39:20    -1086.178009        2.3856
BFGS:   62 20:39:20    -1086.332012        2.4536
BFGS:   63 20:39:20    -1086.489268        2.7762
BFGS:   64 20:39:20    -1086.647998        3.1048
BFGS:   65 20:39:20    -1086.805756        3.4183
BFGS:   66 20:39:20    -1086.960394        3.6983
BFGS:   67 20:39:20    -1087.110396        3.9309
BFGS:   68 20:39:20    -1087.255248        4.1092
BFGS:   69 20:39:20    -1087.395225        4.2315
BFGS:   70 20:39:21    -1087.531112        4.3001
BFGS:   71 20:39:21    -1087.663705        4.3184
BFGS:   72 20:39:21    -1087.793640        4.2900
BFGS:   73 20:39:21    -1087.921255        4.2158
BFGS:   74 20:39:21    -1088.046529        4.0821
BFGS:   75 20:39:21    -1088.169386        3.8783
BFGS:   76 20:39:21    -1088.290210        3.6130
BFGS:   77 20:39:21    -1088.409668        3.3069
BFGS:   78 20:39:21    -1088.528393        2.9881
BFGS:   79 20:39:21    -1088.646516        2.6738
BFGS:   80 20:39:21    -1088.763806        2.3720
BFGS:   81 20:39:21    -1088.879810        2.0842
BFGS:   82 20:39:21    -1088.994161        1.8979
BFGS:   83 20:39:21    -1089.106518        1.8190
BFGS:   84 20:39:21    -1089.216826        1.7551
BFGS:   85 20:39:21    -1089.324909        1.7042
BFGS:   86 20:39:21    -1089.430844        1.6611
BFGS:   87 20:39:21    -1089.534473        1.6191
BFGS:   88 20:39:21    -1089.635714        1.5952
BFGS:   89 20:39:21    -1089.734118        1.5654
BFGS:   90 20:39:21    -1089.829262        1.5093
BFGS:   91 20:39:21    -1089.920007        1.4212
BFGS:   92 20:39:21    -1090.005336        1.3120
BFGS:   93 20:39:21    -1090.082854        1.1871
BFGS:   94 20:39:21    -1090.150661        1.0644
BFGS:   95 20:39:21    -1090.203877        0.9513
BFGS:   96 20:39:21    -1090.237119        0.7292
BFGS:   97 20:39:21    -1090.253012        0.6089
BFGS:   98 20:39:21    -1090.274754        0.4472
BFGS:   99 20:39:21    -1090.287257        0.2836
BFGS:  100 20:39:21    -1090.290852        0.2200
BFGS:  101 20:39:21    -1090.295633        0.3744
BFGS:  102 20:39:21    -1090.299017        0.3383
BFGS:  103 20:39:21    -1090.301831        0.3442
BFGS:  104 20:39:21    -1090.304031        0.2989
BFGS:  105 20:39:21    -1090.306259        0.2381
BFGS:  106 20:39:21    -1090.307874        0.1968
BFGS:  107 20:39:21    -1090.308913        0.2231
BFGS:  108 20:39:21    -1090.309941        0.1935
BFGS:  109 20:39:21    -1090.311478        0.2127
BFGS:  110 20:39:22    -1090.313693        0.2377
BFGS:  111 20:39:22    -1090.316008        0.2280
BFGS:  112 20:39:22    -1090.317788        0.1852
BFGS:  113 20:39:22    -1090.319141        0.1458
BFGS:  114 20:39:22    -1090.320580        0.1127
BFGS:  115 20:39:22    -1090.322412        0.1566
BFGS:  116 20:39:22    -1090.324469        0.1763
BFGS:  117 20:39:22    -1090.326303        0.1818
BFGS:  118 20:39:22    -1090.327659        0.1300
BFGS:  119 20:39:22    -1090.328667        0.0868
