      Step     Time          Energy         fmax
BFGS:    0 20:43:39     -791.669571      226.9918
BFGS:    1 20:43:40     -835.146864      175.9250
BFGS:    2 20:43:40     -849.644353      170.7139
BFGS:    3 20:43:40     -865.780615      153.2132
BFGS:    4 20:43:40     -878.426889      144.4532
BFGS:    5 20:43:40     -890.514029      135.8105
BFGS:    6 20:43:40     -902.406581      128.2057
BFGS:    7 20:43:40     -914.250316      119.8023
BFGS:    8 20:43:40     -924.744669      111.1156
BFGS:    9 20:43:40     -932.726968      101.3825
BFGS:   10 20:43:40     -940.786930       91.9540
BFGS:   11 20:43:40     -948.467822       81.0186
BFGS:   12 20:43:40     -955.401547       74.9262
BFGS:   13 20:43:40     -961.237766       71.7215
BFGS:   14 20:43:40     -966.341370       68.3382
BFGS:   15 20:43:40     -970.703569       66.0894
BFGS:   16 20:43:40     -974.654000       62.6364
BFGS:   17 20:43:40     -978.428377       59.9103
BFGS:   18 20:43:40     -982.352890       56.3220
BFGS:   19 20:43:40     -986.315300       52.4941
BFGS:   20 20:43:40     -990.499570       49.3044
BFGS:   21 20:43:40     -994.554316       46.2427
BFGS:   22 20:43:40     -998.571112       43.5127
BFGS:   23 20:43:40    -1002.543695       41.0379
BFGS:   24 20:43:40    -1006.507178       38.4183
BFGS:   25 20:43:40    -1010.491852       36.8919
BFGS:   26 20:43:40    -1014.767344       36.5725
BFGS:   27 20:43:41    -1018.959807       36.6100
BFGS:   28 20:43:41    -1022.553934       34.9723
BFGS:   29 20:43:41    -1026.344619       34.1018
BFGS:   30 20:43:41    -1029.908730       35.3728
BFGS:   31 20:43:41    -1033.345165       37.0509
BFGS:   32 20:43:41    -1036.607208       37.1407
BFGS:   33 20:43:41    -1039.765130       37.3191
BFGS:   34 20:43:41    -1042.807357       36.3065
BFGS:   35 20:43:41    -1045.900055       34.2963
BFGS:   36 20:43:41    -1049.158359       32.8860
BFGS:   37 20:43:41    -1052.234217       28.6191
BFGS:   38 20:43:41    -1054.707897       26.6745
BFGS:   39 20:43:41    -1056.666296       23.3950
BFGS:   40 20:43:41    -1058.321653       20.6772
BFGS:   41 20:43:41    -1059.761984       18.5446
BFGS:   42 20:43:41    -1061.090778       15.4807
BFGS:   43 20:43:41    -1062.321798       13.8827
BFGS:   44 20:43:41    -1063.449232       11.5128
BFGS:   45 20:43:41    -1064.476165       10.3712
BFGS:   46 20:43:41    -1065.423735        9.7409
BFGS:   47 20:43:41    -1066.335322        9.1756
BFGS:   48 20:43:41    -1067.203520        8.6990
BFGS:   49 20:43:41    -1068.065087        8.2631
BFGS:   50 20:43:41    -1068.915261        7.7883
BFGS:   51 20:43:41    -1069.795781        7.4171
BFGS:   52 20:43:41    -1070.686150        7.3200
BFGS:   53 20:43:41    -1071.566974        8.9637
BFGS:   54 20:43:41    -1072.388190        9.3257
BFGS:   55 20:43:41    -1073.163870        9.8363
BFGS:   56 20:43:41    -1073.934271       10.2003
BFGS:   57 20:43:42    -1074.695070       10.5005
BFGS:   58 20:43:42    -1075.481906       10.7924
BFGS:   59 20:43:42    -1076.326967       10.6736
BFGS:   60 20:43:42    -1077.271220       10.3206
BFGS:   61 20:43:42    -1078.233568        9.9938
BFGS:   62 20:43:42    -1079.021381        9.8364
BFGS:   63 20:43:42    -1079.956787        9.4829
BFGS:   64 20:43:42    -1080.790598        9.3590
BFGS:   65 20:43:42    -1081.537630        8.6891
BFGS:   66 20:43:42    -1082.237539        8.7051
BFGS:   67 20:43:42    -1082.903183        8.9056
BFGS:   68 20:43:42    -1083.564819        8.7761
BFGS:   69 20:43:42    -1084.229817        8.5173
BFGS:   70 20:43:42    -1084.884873        8.7327
BFGS:   71 20:43:42    -1085.522984        9.3765
BFGS:   72 20:43:42    -1086.148835       10.0092
BFGS:   73 20:43:42    -1086.773069       10.5117
BFGS:   74 20:43:42    -1087.399790       10.7757
BFGS:   75 20:43:42    -1088.039484       10.6678
BFGS:   76 20:43:42    -1088.705643       10.2011
BFGS:   77 20:43:42    -1089.364610        9.3991
BFGS:   78 20:43:42    -1089.993546        8.8165
BFGS:   79 20:43:42    -1090.646206        8.7904
BFGS:   80 20:43:42    -1091.317158        9.6435
BFGS:   81 20:43:42    -1091.976297       10.8905
BFGS:   82 20:43:42    -1092.608364       11.9916
BFGS:   83 20:43:42    -1093.266216       12.7275
BFGS:   84 20:43:42    -1093.933369       12.5858
BFGS:   85 20:43:42    -1094.574153       12.4164
BFGS:   86 20:43:42    -1095.189145       12.2919
BFGS:   87 20:43:42    -1095.789995       12.1995
BFGS:   88 20:43:42    -1096.408422       12.5946
BFGS:   89 20:43:42    -1097.058633       12.3176
BFGS:   90 20:43:42    -1097.669652       11.5300
BFGS:   91 20:43:42    -1098.236342       10.2971
BFGS:   92 20:43:42    -1098.781614        8.9091
BFGS:   93 20:43:42    -1099.298871        9.0765
BFGS:   94 20:43:42    -1099.813858        8.7371
BFGS:   95 20:43:42    -1100.264783        7.9906
BFGS:   96 20:43:43    -1100.675987        5.9867
BFGS:   97 20:43:43    -1101.039704        4.4536
BFGS:   98 20:43:43    -1101.488601        3.6694
BFGS:   99 20:43:43    -1101.839494        5.6837
BFGS:  100 20:43:43    -1102.083912        4.6846
BFGS:  101 20:43:43    -1102.213662        4.7374
BFGS:  102 20:43:43    -1102.381496        3.9735
BFGS:  103 20:43:43    -1102.473545        3.3986
BFGS:  104 20:43:43    -1102.525459        3.5047
BFGS:  105 20:43:43    -1102.590617        3.7532
BFGS:  106 20:43:43    -1102.670186        4.1594
BFGS:  107 20:43:43    -1102.767474        4.3737
BFGS:  108 20:43:43    -1102.869983        4.9731
BFGS:  109 20:43:43    -1102.977856        6.4976
BFGS:  110 20:43:43    -1103.094453        7.6152
BFGS:  111 20:43:43    -1103.231908        8.0833
BFGS:  112 20:43:43    -1103.450681        7.6405
BFGS:  113 20:43:43    -1103.736824        7.3344
BFGS:  114 20:43:43    -1104.030152        6.7188
BFGS:  115 20:43:43    -1104.222776        6.1216
BFGS:  116 20:43:43    -1104.426231        6.4778
BFGS:  117 20:43:43    -1104.591910        7.1711
BFGS:  118 20:43:43    -1104.801685        7.6214
BFGS:  119 20:43:43    -1105.041642        7.9907
BFGS:  120 20:43:43    -1105.363060        8.0095
BFGS:  121 20:43:43    -1105.634835        8.0825
BFGS:  122 20:43:43    -1105.885397        7.6551
BFGS:  123 20:43:43    -1106.095660        7.5996
BFGS:  124 20:43:43    -1106.309402        6.6855
BFGS:  125 20:43:43    -1106.510621        6.5604
BFGS:  126 20:43:43    -1106.730275        6.3527
BFGS:  127 20:43:43    -1106.921247        7.0528
BFGS:  128 20:43:43    -1107.137813        7.0783
BFGS:  129 20:43:43    -1107.309366        6.9924
BFGS:  130 20:43:43    -1107.448341        6.4351
BFGS:  131 20:43:43    -1107.572730        6.4739
BFGS:  132 20:43:43    -1107.697983        6.3042
BFGS:  133 20:43:43    -1107.741088        6.2827
BFGS:  134 20:43:43    -1107.796097        6.3113
BFGS:  135 20:43:43    -1107.855954        5.7834
BFGS:  136 20:43:43    -1107.952954        5.6882
BFGS:  137 20:43:43    -1108.053559        5.7195
BFGS:  138 20:43:43    -1108.149710        5.3085
BFGS:  139 20:43:43    -1108.246371        5.3879
BFGS:  140 20:43:44    -1108.341117        5.1710
BFGS:  141 20:43:44    -1108.424315        4.9199
BFGS:  142 20:43:44    -1108.503394        4.5436
BFGS:  143 20:43:44    -1108.577338        4.2923
BFGS:  144 20:43:44    -1108.647490        3.9843
BFGS:  145 20:43:44    -1108.692109        3.9130
BFGS:  146 20:43:44    -1108.731597        3.8397
BFGS:  147 20:43:44    -1108.776337        4.0214
BFGS:  148 20:43:44    -1108.820331        3.9823
BFGS:  149 20:43:44    -1108.861513        3.9081
BFGS:  150 20:43:44    -1108.909873        3.4695
BFGS:  151 20:43:44    -1108.956843        3.0362
BFGS:  152 20:43:44    -1109.001002        2.7605
BFGS:  153 20:43:44    -1109.032587        2.4760
BFGS:  154 20:43:44    -1109.058945        2.5292
BFGS:  155 20:43:44    -1109.078350        2.5593
BFGS:  156 20:43:44    -1109.094850        2.4602
BFGS:  157 20:43:44    -1109.114814        2.4571
BFGS:  158 20:43:44    -1109.133417        2.3136
BFGS:  159 20:43:44    -1109.154890        2.0291
BFGS:  160 20:43:44    -1109.176411        1.7787
BFGS:  161 20:43:44    -1109.198747        1.6624
BFGS:  162 20:43:44    -1109.219587        1.5956
BFGS:  163 20:43:44    -1109.239779        1.4304
BFGS:  164 20:43:44    -1109.261009        1.3037
BFGS:  165 20:43:44    -1109.277338        1.4270
BFGS:  166 20:43:44    -1109.304131        1.1974
BFGS:  167 20:43:44    -1109.373796        1.9971
BFGS:  168 20:43:44    -1109.444751        2.5782
BFGS:  169 20:43:44    -1109.500365        2.4776
BFGS:  170 20:43:44    -1109.561129        2.4317
BFGS:  171 20:43:44    -1109.641543        2.3233
BFGS:  172 20:43:44    -1109.705440        2.8334
BFGS:  173 20:43:44    -1109.749084        2.7232
BFGS:  174 20:43:44    -1109.786385        2.9144
BFGS:  175 20:43:44    -1109.811553        1.3424
BFGS:  176 20:43:44    -1109.837251        1.5007
BFGS:  177 20:43:44    -1109.854263        1.1567
BFGS:  178 20:43:44    -1109.868129        0.8954
BFGS:  179 20:43:44    -1109.876255        0.9925
BFGS:  180 20:43:44    -1109.882817        0.9301
BFGS:  181 20:43:44    -1109.886357        0.8377
BFGS:  182 20:43:44    -1109.888872        0.6647
BFGS:  183 20:43:44    -1109.890328        0.6637
BFGS:  184 20:43:45    -1109.891757        0.6520
BFGS:  185 20:43:45    -1109.893203        0.5935
BFGS:  186 20:43:45    -1109.894740        0.5058
BFGS:  187 20:43:45    -1109.896223        0.4991
BFGS:  188 20:43:45    -1109.897588        0.4853
BFGS:  189 20:43:45    -1109.899017        0.4269
BFGS:  190 20:43:45    -1109.900850        0.3622
BFGS:  191 20:43:45    -1109.902896        0.2775
BFGS:  192 20:43:45    -1109.904614        0.2831
BFGS:  193 20:43:45    -1109.905677        0.2843
BFGS:  194 20:43:45    -1109.906275        0.2796
BFGS:  195 20:43:45    -1109.906708        0.2938
BFGS:  196 20:43:45    -1109.907141        0.3063
BFGS:  197 20:43:45    -1109.907704        0.2983
BFGS:  198 20:43:45    -1109.908532        0.3043
BFGS:  199 20:43:45    -1109.909677        0.2916
BFGS:  200 20:43:45    -1109.910901        0.2461
BFGS:  201 20:43:45    -1109.911810        0.1946
BFGS:  202 20:43:45    -1109.912330        0.1609
BFGS:  203 20:43:45    -1109.912591        0.1494
BFGS:  204 20:43:45    -1109.912734        0.1304
BFGS:  205 20:43:45    -1109.912823        0.1292
BFGS:  206 20:43:45    -1109.912904        0.1227
BFGS:  207 20:43:45    -1109.912985        0.1103
BFGS:  208 20:43:45    -1109.913057        0.0905
