      Step     Time          Energy         fmax
BFGS:    0 20:43:24     -772.631317      160.0442
BFGS:    1 20:43:24     -827.760903      142.5168
BFGS:    2 20:43:24     -859.799216      138.7662
BFGS:    3 20:43:24     -885.914418      125.0039
BFGS:    4 20:43:24     -905.436396      119.2640
BFGS:    5 20:43:24     -923.706667      111.5551
BFGS:    6 20:43:24     -938.330491      105.7611
BFGS:    7 20:43:24     -951.148467      100.9636
BFGS:    8 20:43:24     -961.413775       96.7094
BFGS:    9 20:43:24     -971.305090       93.2692
BFGS:   10 20:43:24     -981.718263       86.9301
BFGS:   11 20:43:24     -989.895614       83.1253
BFGS:   12 20:43:24     -996.920730       78.0558
BFGS:   13 20:43:24    -1003.184655       73.9125
BFGS:   14 20:43:24    -1009.364730       69.0027
BFGS:   15 20:43:24    -1015.602414       64.1610
BFGS:   16 20:43:25    -1021.108757       58.2116
BFGS:   17 20:43:25    -1025.784406       55.3908
BFGS:   18 20:43:25    -1030.127077       49.6827
BFGS:   19 20:43:25    -1034.197853       47.4950
BFGS:   20 20:43:25    -1038.176450       42.5273
BFGS:   21 20:43:25    -1041.798838       40.0357
BFGS:   22 20:43:25    -1044.678158       37.4436
BFGS:   23 20:43:25    -1047.189352       35.6732
BFGS:   24 20:43:25    -1049.690598       33.1032
BFGS:   25 20:43:25    -1052.238324       30.9280
BFGS:   26 20:43:25    -1054.881596       28.4409
BFGS:   27 20:43:25    -1057.678139       26.4103
BFGS:   28 20:43:25    -1060.282459       25.4503
BFGS:   29 20:43:25    -1062.682976       24.2485
BFGS:   30 20:43:25    -1064.898308       23.1650
BFGS:   31 20:43:25    -1066.785330       21.5511
BFGS:   32 20:43:25    -1068.534519       18.6133
BFGS:   33 20:43:25    -1070.205772       16.7554
BFGS:   34 20:43:25    -1071.954503       15.6646
BFGS:   35 20:43:25    -1073.787545       13.8387
BFGS:   36 20:43:25    -1075.793850       12.0891
BFGS:   37 20:43:25    -1077.490341       10.2262
BFGS:   38 20:43:25    -1079.059452        9.6555
BFGS:   39 20:43:25    -1080.518891        9.6076
BFGS:   40 20:43:25    -1081.868622        9.3710
BFGS:   41 20:43:25    -1082.841097        8.8583
BFGS:   42 20:43:25    -1083.600728        8.1681
BFGS:   43 20:43:25    -1084.244373        7.2204
BFGS:   44 20:43:25    -1084.827631        6.5139
BFGS:   45 20:43:26    -1085.410457        5.9283
BFGS:   46 20:43:26    -1085.982469        5.4099
BFGS:   47 20:43:26    -1086.521575        4.9081
BFGS:   48 20:43:26    -1087.018281        4.9873
BFGS:   49 20:43:26    -1087.500156        5.5740
BFGS:   50 20:43:26    -1087.911406        6.0221
BFGS:   51 20:43:26    -1088.314160        6.1996
BFGS:   52 20:43:26    -1088.753780        5.8314
BFGS:   53 20:43:26    -1089.234062        4.8743
BFGS:   54 20:43:26    -1089.682150        4.0383
BFGS:   55 20:43:26    -1090.121903        3.8455
BFGS:   56 20:43:26    -1090.555167        4.0336
BFGS:   57 20:43:26    -1090.948674        4.0605
BFGS:   58 20:43:26    -1091.331100        4.4321
BFGS:   59 20:43:26    -1091.708874        4.4702
BFGS:   60 20:43:26    -1092.071753        4.6617
BFGS:   61 20:43:26    -1092.437669        4.7383
BFGS:   62 20:43:26    -1092.875495        5.3866
BFGS:   63 20:43:26    -1093.403099        5.9547
BFGS:   64 20:43:26    -1093.922111        6.5135
BFGS:   65 20:43:26    -1094.433360        6.7153
BFGS:   66 20:43:26    -1094.915549        6.4855
BFGS:   67 20:43:26    -1095.368693        5.7896
BFGS:   68 20:43:26    -1095.802542        5.1266
BFGS:   69 20:43:26    -1096.210302        5.7352
BFGS:   70 20:43:26    -1096.584585        4.5025
BFGS:   71 20:43:26    -1096.904053        4.1791
BFGS:   72 20:43:26    -1097.171244        3.3971
BFGS:   73 20:43:26    -1097.420716        3.0964
BFGS:   74 20:43:26    -1097.729566        3.1201
BFGS:   75 20:43:26    -1098.043432        3.6647
BFGS:   76 20:43:26    -1098.369960        4.3183
BFGS:   77 20:43:26    -1098.688656        4.8906
BFGS:   78 20:43:26    -1099.001877        5.0658
BFGS:   79 20:43:26    -1099.276608        4.8616
BFGS:   80 20:43:26    -1099.544649        4.8237
BFGS:   81 20:43:27    -1099.818279        5.5608
BFGS:   82 20:43:27    -1100.105787        6.0047
BFGS:   83 20:43:27    -1100.403362        5.4566
BFGS:   84 20:43:27    -1100.722506        5.6705
BFGS:   85 20:43:27    -1101.051981        5.5562
BFGS:   86 20:43:27    -1101.421893        4.8471
BFGS:   87 20:43:27    -1101.797480        4.1764
BFGS:   88 20:43:27    -1102.185829        4.0899
BFGS:   89 20:43:27    -1102.582562        3.9945
BFGS:   90 20:43:27    -1102.972582        3.6598
BFGS:   91 20:43:27    -1103.314371        3.5003
BFGS:   92 20:43:27    -1103.655826        3.6009
BFGS:   93 20:43:27    -1103.943536        3.2554
BFGS:   94 20:43:27    -1104.223872        3.6885
BFGS:   95 20:43:27    -1104.501882        4.2398
BFGS:   96 20:43:27    -1104.787299        5.6317
BFGS:   97 20:43:27    -1105.106647        7.0571
BFGS:   98 20:43:27    -1105.460020        7.9406
BFGS:   99 20:43:27    -1105.806409        7.9055
BFGS:  100 20:43:27    -1106.165237        8.2122
BFGS:  101 20:43:27    -1106.557830        9.2981
BFGS:  102 20:43:27    -1106.981869       10.8068
BFGS:  103 20:43:27    -1107.446368       11.6845
BFGS:  104 20:43:27    -1107.914154       12.5597
BFGS:  105 20:43:27    -1108.448110       12.5863
BFGS:  106 20:43:27    -1108.934240       14.3637
BFGS:  107 20:43:27    -1109.558997       14.3152
BFGS:  108 20:43:27    -1110.172997       14.9054
BFGS:  109 20:43:27    -1110.878548       15.0220
BFGS:  110 20:43:27    -1111.569359       15.1023
BFGS:  111 20:43:27    -1112.253046       15.0105
BFGS:  112 20:43:27    -1112.946109       14.7602
BFGS:  113 20:43:27    -1113.708049       14.1695
BFGS:  114 20:43:27    -1114.476222       13.5074
BFGS:  115 20:43:27    -1115.327764       12.2732
BFGS:  116 20:43:27    -1116.068437       11.4299
BFGS:  117 20:43:27    -1116.848605       10.9596
BFGS:  118 20:43:27    -1117.596774       11.0157
BFGS:  119 20:43:27    -1118.349172       10.6222
BFGS:  120 20:43:27    -1119.103883       10.0613
BFGS:  121 20:43:27    -1119.893194        9.1643
BFGS:  122 20:43:27    -1120.604586        8.6022
BFGS:  123 20:43:28    -1121.272817        8.4058
BFGS:  124 20:43:28    -1121.908249        8.5641
BFGS:  125 20:43:28    -1122.551660        8.8694
BFGS:  126 20:43:28    -1123.188088        9.1779
BFGS:  127 20:43:28    -1123.841299        9.3124
BFGS:  128 20:43:28    -1124.475809        9.1793
BFGS:  129 20:43:28    -1125.121184        8.4560
BFGS:  130 20:43:28    -1125.730818        7.2710
BFGS:  131 20:43:28    -1126.302899        7.5720
BFGS:  132 20:43:28    -1126.761807        7.3224
BFGS:  133 20:43:28    -1127.125869        6.1073
BFGS:  134 20:43:28    -1127.434913        6.4325
BFGS:  135 20:43:28    -1127.704462        6.2097
BFGS:  136 20:43:28    -1128.013955        5.4816
BFGS:  137 20:43:28    -1128.298738        5.6546
BFGS:  138 20:43:28    -1128.613194        5.3328
BFGS:  139 20:43:28    -1128.896010        6.0208
BFGS:  140 20:43:28    -1129.188783        6.1799
BFGS:  141 20:43:28    -1129.496766        5.4868
BFGS:  142 20:43:28    -1129.769274        4.6123
BFGS:  143 20:43:28    -1130.025261        3.7393
BFGS:  144 20:43:28    -1130.159390        3.0259
BFGS:  145 20:43:28    -1130.203761        3.0797
BFGS:  146 20:43:28    -1130.271006        2.5264
BFGS:  147 20:43:28    -1130.299835        2.0848
BFGS:  148 20:43:28    -1130.329681        2.3623
BFGS:  149 20:43:28    -1130.350356        2.4624
BFGS:  150 20:43:28    -1130.365263        2.3096
BFGS:  151 20:43:28    -1130.381938        1.9920
BFGS:  152 20:43:28    -1130.392613        1.6044
BFGS:  153 20:43:28    -1130.401836        1.3456
BFGS:  154 20:43:28    -1130.409532        1.2720
BFGS:  155 20:43:28    -1130.416717        1.2510
BFGS:  156 20:43:28    -1130.423324        1.0294
BFGS:  157 20:43:28    -1130.429405        0.7173
BFGS:  158 20:43:28    -1130.434592        0.7931
BFGS:  159 20:43:28    -1130.439313        0.8845
BFGS:  160 20:43:28    -1130.444402        0.8306
BFGS:  161 20:43:28    -1130.450157        0.7113
BFGS:  162 20:43:28    -1130.455679        0.6355
BFGS:  163 20:43:28    -1130.460548        0.5592
BFGS:  164 20:43:28    -1130.465566        0.4858
BFGS:  165 20:43:28    -1130.470852        0.5155
BFGS:  166 20:43:28    -1130.475882        0.4719
BFGS:  167 20:43:29    -1130.479817        0.4213
BFGS:  168 20:43:29    -1130.482126        0.4190
BFGS:  169 20:43:29    -1130.484944        0.4077
BFGS:  170 20:43:29    -1130.488185        0.3692
BFGS:  171 20:43:29    -1130.491876        0.2788
BFGS:  172 20:43:29    -1130.493666        0.2248
BFGS:  173 20:43:29    -1130.495077        0.1925
BFGS:  174 20:43:29    -1130.495912        0.1778
BFGS:  175 20:43:29    -1130.496443        0.1790
BFGS:  176 20:43:29    -1130.496827        0.1822
BFGS:  177 20:43:29    -1130.497114        0.1701
BFGS:  178 20:43:29    -1130.497288        0.1613
BFGS:  179 20:43:29    -1130.497400        0.1528
BFGS:  180 20:43:29    -1130.497505        0.1399
BFGS:  181 20:43:29    -1130.497617        0.1093
BFGS:  182 20:43:29    -1130.497712        0.0695
