      Step     Time          Energy         fmax
BFGS:    0 20:45:08     -761.081384      279.8287
BFGS:    1 20:45:08     -821.242777      182.3256
BFGS:    2 20:45:08     -835.503707      193.8693
BFGS:    3 20:45:08     -851.345213      167.8438
BFGS:    4 20:45:08     -864.396792      149.9381
BFGS:    5 20:45:08     -875.079673      133.2333
BFGS:    6 20:45:08     -885.182528      114.9882
BFGS:    7 20:45:08     -893.939334       98.6101
BFGS:    8 20:45:08     -901.914315       88.0897
BFGS:    9 20:45:08     -909.428219       81.8044
BFGS:   10 20:45:08     -917.788018       76.7357
BFGS:   11 20:45:08     -927.284129       73.5788
BFGS:   12 20:45:08     -936.700992       72.4331
BFGS:   13 20:45:08     -944.417415       71.7162
BFGS:   14 20:45:08     -951.609431       71.6350
BFGS:   15 20:45:08     -958.942911       70.8415
BFGS:   16 20:45:08     -967.019972       69.5298
BFGS:   17 20:45:08     -974.086219       67.7338
BFGS:   18 20:45:08     -981.327284       64.9030
BFGS:   19 20:45:08     -988.231071       61.8883
BFGS:   20 20:45:08     -994.818070       57.7728
BFGS:   21 20:45:09    -1001.534270       56.4536
BFGS:   22 20:45:09    -1007.577152       53.2131
BFGS:   23 20:45:09    -1013.105029       50.3503
BFGS:   24 20:45:09    -1018.525216       47.1975
BFGS:   25 20:45:09    -1023.702783       43.9397
BFGS:   26 20:45:09    -1028.670680       40.4269
BFGS:   27 20:45:09    -1033.400927       36.3918
BFGS:   28 20:45:09    -1037.939262       33.4013
BFGS:   29 20:45:09    -1042.247558       29.0262
BFGS:   30 20:45:09    -1046.601870       26.3564
BFGS:   31 20:45:09    -1051.255966       23.8537
BFGS:   32 20:45:09    -1054.802616       21.2632
BFGS:   33 20:45:09    -1057.613179       18.5788
BFGS:   34 20:45:09    -1061.304137       15.0357
BFGS:   35 20:45:09    -1064.604346       14.6175
BFGS:   36 20:45:09    -1067.435996       14.2633
BFGS:   37 20:45:09    -1069.942580       13.4972
BFGS:   38 20:45:09    -1072.198231       12.8225
BFGS:   39 20:45:09    -1074.340956        9.9353
BFGS:   40 20:45:09    -1076.001860        9.6612
BFGS:   41 20:45:09    -1077.151115        7.7904
BFGS:   42 20:45:09    -1078.024646        7.3915
BFGS:   43 20:45:09    -1078.890253        8.3614
BFGS:   44 20:45:09    -1079.677885        9.1374
BFGS:   45 20:45:09    -1080.391430        9.3498
BFGS:   46 20:45:09    -1081.066768        9.0135
BFGS:   47 20:45:10    -1081.687994        8.0937
BFGS:   48 20:45:10    -1082.219718        7.6255
BFGS:   49 20:45:10    -1082.685639        6.6850
BFGS:   50 20:45:10    -1083.121831        7.0011
BFGS:   51 20:45:10    -1083.675054        6.6836
BFGS:   52 20:45:10    -1084.255047        6.6228
BFGS:   53 20:45:10    -1084.809300        7.3947
BFGS:   54 20:45:10    -1085.310469        8.1986
BFGS:   55 20:45:10    -1085.824282        8.5588
BFGS:   56 20:45:10    -1086.310376        7.4281
BFGS:   57 20:45:10    -1086.657070        5.3966
BFGS:   58 20:45:10    -1086.941432        4.7569
BFGS:   59 20:45:10    -1087.117506        4.6315
BFGS:   60 20:45:10    -1087.242578        3.4677
BFGS:   61 20:45:10    -1087.341379        2.9757
BFGS:   62 20:45:10    -1087.432696        2.2294
BFGS:   63 20:45:10    -1087.507812        2.2621
BFGS:   64 20:45:10    -1087.556692        2.2651
BFGS:   65 20:45:10    -1087.604488        2.0488
BFGS:   66 20:45:10    -1087.670372        1.6486
BFGS:   67 20:45:10    -1087.752031        2.4098
BFGS:   68 20:45:10    -1087.814571        2.9765
BFGS:   69 20:45:10    -1087.902953        2.9885
BFGS:   70 20:45:10    -1087.983641        2.4844
BFGS:   71 20:45:10    -1087.953558        3.0901
BFGS:   72 20:45:10    -1088.053117        2.3788
BFGS:   73 20:45:10    -1088.030857        2.1799
BFGS:   74 20:45:10    -1088.076699        1.7284
BFGS:   75 20:45:11    -1088.096702        1.9766
BFGS:   76 20:45:11    -1088.112691        2.1091
BFGS:   77 20:45:11    -1088.140701        1.7901
BFGS:   78 20:45:11    -1088.155368        1.7753
BFGS:   79 20:45:11    -1088.184855        1.7307
BFGS:   80 20:45:11    -1088.219259        1.4366
BFGS:   81 20:45:11    -1088.249661        1.8919
BFGS:   82 20:45:11    -1088.280136        1.8209
BFGS:   83 20:45:11    -1088.324727        1.6423
BFGS:   84 20:45:11    -1088.384680        1.8195
BFGS:   85 20:45:11    -1088.389395        2.7980
BFGS:   86 20:45:11    -1088.438444        2.8243
BFGS:   87 20:45:11    -1088.465900        2.2844
BFGS:   88 20:45:11    -1088.505439        1.4696
BFGS:   89 20:45:11    -1088.535419        1.6068
BFGS:   90 20:45:11    -1088.529175        2.5250
BFGS:   91 20:45:11    -1088.592380        2.1850
BFGS:   92 20:45:11    -1088.699465        1.7536
BFGS:   93 20:45:11    -1088.763276        3.8869
BFGS:   94 20:45:11    -1088.839567        3.5669
BFGS:   95 20:45:11    -1088.972775        2.9743
BFGS:   96 20:45:11    -1089.080257        4.1667
BFGS:   97 20:45:11    -1089.236898        3.4476
BFGS:   98 20:45:11    -1089.413205        3.1556
BFGS:   99 20:45:11    -1089.547692        3.9395
BFGS:  100 20:45:11    -1089.640410        4.7770
BFGS:  101 20:45:11    -1089.760184        4.4613
BFGS:  102 20:45:12    -1089.894879        4.3826
BFGS:  103 20:45:12    -1090.049914        3.7748
BFGS:  104 20:45:12    -1090.198581        4.4072
BFGS:  105 20:45:12    -1090.363494        4.3400
BFGS:  106 20:45:12    -1090.553623        4.3503
BFGS:  107 20:45:12    -1090.774130        3.5772
BFGS:  108 20:45:12    -1090.959597        2.3880
BFGS:  109 20:45:12    -1091.052991        2.2916
BFGS:  110 20:45:12    -1091.100719        1.9258
BFGS:  111 20:45:12    -1091.161895        1.2686
BFGS:  112 20:45:12    -1091.189386        1.6667
BFGS:  113 20:45:12    -1091.208244        1.2646
BFGS:  114 20:45:12    -1091.216446        1.1283
BFGS:  115 20:45:12    -1091.225247        1.0724
BFGS:  116 20:45:12    -1091.226673        1.1219
BFGS:  117 20:45:12    -1091.230406        0.9979
BFGS:  118 20:45:12    -1091.233404        0.9571
BFGS:  119 20:45:12    -1091.236633        0.8508
BFGS:  120 20:45:12    -1091.240683        0.7848
BFGS:  121 20:45:12    -1091.243782        0.7945
BFGS:  122 20:45:12    -1091.245769        1.2705
BFGS:  123 20:45:12    -1091.250293        0.7527
BFGS:  124 20:45:12    -1091.253404        0.7186
BFGS:  125 20:45:12    -1091.257077        0.6728
BFGS:  126 20:45:12    -1091.258911        0.6396
BFGS:  127 20:45:12    -1091.262076        0.7213
BFGS:  128 20:45:12    -1091.263762        0.9700
BFGS:  129 20:45:12    -1091.266548        0.9557
BFGS:  130 20:45:13    -1091.273980        0.5394
BFGS:  131 20:45:13    -1091.276792        0.5149
BFGS:  132 20:45:13    -1091.282645        0.7085
BFGS:  133 20:45:13    -1091.288211        0.5883
BFGS:  134 20:45:13    -1091.290277        1.2862
BFGS:  135 20:45:13    -1091.293346        0.6527
BFGS:  136 20:45:13    -1091.296022        0.6468
BFGS:  137 20:45:13    -1091.299904        0.8550
BFGS:  138 20:45:13    -1091.305538        0.9054
BFGS:  139 20:45:13    -1091.307122        0.7932
BFGS:  140 20:45:13    -1091.319106        0.9901
BFGS:  141 20:45:13    -1091.329549        1.3979
BFGS:  142 20:45:13    -1091.338928        1.9245
BFGS:  143 20:45:13    -1091.352066        1.6121
BFGS:  144 20:45:13    -1091.362308        2.1369
BFGS:  145 20:45:13    -1091.374378        2.0703
BFGS:  146 20:45:13    -1091.383245        1.8285
BFGS:  147 20:45:13    -1091.388550        1.5840
BFGS:  148 20:45:13    -1091.393221        1.6179
BFGS:  149 20:45:13    -1091.397517        1.4656
BFGS:  150 20:45:13    -1091.401915        1.6665
BFGS:  151 20:45:13    -1091.408086        1.8824
BFGS:  152 20:45:13    -1091.413410        1.8630
BFGS:  153 20:45:13    -1091.421169        1.7545
BFGS:  154 20:45:13    -1091.427452        1.5185
BFGS:  155 20:45:13    -1091.433808        1.3424
BFGS:  156 20:45:13    -1091.439294        1.1857
BFGS:  157 20:45:13    -1091.444628        1.0916
BFGS:  158 20:45:14    -1091.448353        1.0751
BFGS:  159 20:45:14    -1091.454049        0.9291
BFGS:  160 20:45:14    -1091.458811        0.8630
BFGS:  161 20:45:14    -1091.463811        0.8864
BFGS:  162 20:45:14    -1091.472016        0.8757
BFGS:  163 20:45:14    -1091.486734        0.9018
BFGS:  164 20:45:14    -1091.503465        1.1934
BFGS:  165 20:45:14    -1091.519284        1.9142
BFGS:  166 20:45:14    -1091.534243        2.6328
BFGS:  167 20:45:14    -1091.555895        3.3962
BFGS:  168 20:45:14    -1091.592119        4.2813
BFGS:  169 20:45:14    -1091.633811        5.1188
BFGS:  170 20:45:14    -1091.687067        5.8162
BFGS:  171 20:45:14    -1091.741432        6.3322
BFGS:  172 20:45:14    -1091.823099        6.5162
BFGS:  173 20:45:14    -1091.871701        6.6381
BFGS:  174 20:45:14    -1092.015381        6.7569
BFGS:  175 20:45:14    -1092.203755        6.9791
BFGS:  176 20:45:14    -1092.594218        5.7451
BFGS:  177 20:45:14    -1092.852688        3.6200
BFGS:  178 20:45:14    -1092.973884        2.9672
BFGS:  179 20:45:14    -1093.072669        2.9535
BFGS:  180 20:45:14    -1093.139202        2.7960
BFGS:  181 20:45:14    -1093.184380        1.7328
BFGS:  182 20:45:14    -1093.208305        1.6719
BFGS:  183 20:45:14    -1093.221472        1.5890
BFGS:  184 20:45:14    -1093.227731        1.4855
BFGS:  185 20:45:14    -1093.231667        1.4494
BFGS:  186 20:45:15    -1093.234977        1.4879
BFGS:  187 20:45:15    -1093.238895        1.3884
BFGS:  188 20:45:15    -1093.245281        1.3423
BFGS:  189 20:45:15    -1093.255308        1.1074
BFGS:  190 20:45:15    -1093.268780        1.1038
BFGS:  191 20:45:15    -1093.281909        0.9715
BFGS:  192 20:45:15    -1093.292485        0.7681
BFGS:  193 20:45:15    -1093.300616        0.8261
BFGS:  194 20:45:15    -1093.307515        0.8780
BFGS:  195 20:45:15    -1093.312714        1.0988
BFGS:  196 20:45:15    -1093.315225        1.2252
BFGS:  197 20:45:15    -1093.316343        1.2571
BFGS:  198 20:45:15    -1093.317134        1.2563
BFGS:  199 20:45:15    -1093.317748        1.2340
BFGS:  200 20:45:15    -1093.318211        1.2044
BFGS:  201 20:45:15    -1093.318519        1.1685
BFGS:  202 20:45:15    -1093.318720        1.1388
BFGS:  203 20:45:15    -1093.318838        1.1211
BFGS:  204 20:45:15    -1093.318913        1.1124
BFGS:  205 20:45:15    -1093.318954        1.1146
BFGS:  206 20:45:15    -1093.318979        1.1178
BFGS:  207 20:45:15    -1093.318993        1.1233
BFGS:  208 20:45:15    -1093.319000        1.1267
BFGS:  209 20:45:15    -1093.319004        1.1291
BFGS:  210 20:45:15    -1093.319005        1.1300
BFGS:  211 20:45:15    -1093.319007        1.1302
BFGS:  212 20:45:15    -1093.319007        1.1300
BFGS:  213 20:45:15    -1093.319008        1.1292
BFGS:  214 20:45:16    -1093.319008        1.1290
BFGS:  215 20:45:16    -1093.319009        1.1280
BFGS:  216 20:45:16    -1093.319009        1.1270
