      Step     Time          Energy         fmax
BFGS:    0 20:42:50     -749.320014      206.9748
BFGS:    1 20:42:50     -803.879763      176.7479
BFGS:    2 20:42:50     -834.452073      179.0534
BFGS:    3 20:42:50     -856.802904      173.9746
BFGS:    4 20:42:50     -877.891544      167.9556
BFGS:    5 20:42:50     -894.855110      163.3064
BFGS:    6 20:42:50     -908.849490      159.1907
BFGS:    7 20:42:50     -923.458037      151.7057
BFGS:    8 20:42:50     -938.438948      144.8652
BFGS:    9 20:42:50     -953.192993      135.4388
BFGS:   10 20:42:50     -965.930393      130.5526
BFGS:   11 20:42:51     -978.114478      116.5184
BFGS:   12 20:42:51     -987.780363      112.9308
BFGS:   13 20:42:51     -998.876197       99.3654
BFGS:   14 20:42:51    -1010.299113       91.4210
BFGS:   15 20:42:51    -1018.562794       78.6686
BFGS:   16 20:42:51    -1023.869916       74.2634
BFGS:   17 20:42:51    -1027.858598       72.4916
BFGS:   18 20:42:51    -1031.454729       71.0254
BFGS:   19 20:42:51    -1034.931873       67.4863
BFGS:   20 20:42:51    -1038.796211       60.8813
BFGS:   21 20:42:51    -1042.880494       53.5927
BFGS:   22 20:42:51    -1045.955102       48.1758
BFGS:   23 20:42:51    -1048.678887       42.7618
BFGS:   24 20:42:51    -1051.210191       38.3296
BFGS:   25 20:42:51    -1053.742043       33.7826
BFGS:   26 20:42:51    -1055.910028       30.4100
BFGS:   27 20:42:51    -1057.798955       26.9596
BFGS:   28 20:42:51    -1059.504207       24.8294
BFGS:   29 20:42:51    -1061.043143       21.6309
BFGS:   30 20:42:51    -1062.555042       20.0136
BFGS:   31 20:42:51    -1063.840006       17.7510
BFGS:   32 20:42:51    -1065.053729       15.8084
BFGS:   33 20:42:51    -1066.235931       14.9096
BFGS:   34 20:42:51    -1067.336183       13.9829
BFGS:   35 20:42:51    -1068.306306       13.3063
BFGS:   36 20:42:51    -1069.190981       13.0244
BFGS:   37 20:42:51    -1069.997225       13.3385
BFGS:   38 20:42:51    -1070.768925       13.1563
BFGS:   39 20:42:51    -1071.558666       12.9621
BFGS:   40 20:42:52    -1072.283298       12.6528
BFGS:   41 20:42:52    -1072.952697       12.4454
BFGS:   42 20:42:52    -1073.579314       12.4411
BFGS:   43 20:42:52    -1074.165450       13.5857
BFGS:   44 20:42:52    -1074.731029       13.9588
BFGS:   45 20:42:52    -1075.333529       13.9340
BFGS:   46 20:42:52    -1075.970084       13.2459
BFGS:   47 20:42:52    -1076.715523       12.1989
BFGS:   48 20:42:52    -1077.375468       10.6467
BFGS:   49 20:42:52    -1078.022276       10.2428
BFGS:   50 20:42:52    -1078.542039        9.5338
BFGS:   51 20:42:52    -1079.001161        9.7006
BFGS:   52 20:42:52    -1079.349288       12.2509
BFGS:   53 20:42:52    -1079.648161       12.9248
BFGS:   54 20:42:52    -1079.955046       11.8652
BFGS:   55 20:42:52    -1080.234485       11.2324
BFGS:   56 20:42:52    -1080.472532        9.5441
BFGS:   57 20:42:52    -1080.702565        8.6982
BFGS:   58 20:42:52    -1080.902064        5.9516
BFGS:   59 20:42:52    -1081.036552        5.4344
BFGS:   60 20:42:52    -1081.151280        6.0798
BFGS:   61 20:42:52    -1081.236784        6.1798
BFGS:   62 20:42:52    -1081.324594        6.1691
BFGS:   63 20:42:52    -1081.427864        6.2852
BFGS:   64 20:42:52    -1081.519754        6.5106
BFGS:   65 20:42:52    -1081.666335        6.7552
BFGS:   66 20:42:52    -1081.797583        6.7709
BFGS:   67 20:42:52    -1081.941463        6.7744
BFGS:   68 20:42:52    -1082.148902        6.5582
BFGS:   69 20:42:52    -1082.436148        6.0383
BFGS:   70 20:42:52    -1082.815398        6.5370
BFGS:   71 20:42:52    -1083.268313        7.5267
BFGS:   72 20:42:53    -1083.732032        7.4545
BFGS:   73 20:42:53    -1084.154484        6.3303
BFGS:   74 20:42:53    -1084.520536        5.0141
BFGS:   75 20:42:53    -1084.847335        4.5282
BFGS:   76 20:42:53    -1085.142464        4.4429
BFGS:   77 20:42:53    -1085.401387        4.2995
BFGS:   78 20:42:53    -1085.607740        4.0721
BFGS:   79 20:42:53    -1085.740717        3.4829
BFGS:   80 20:42:53    -1085.841695        3.3220
BFGS:   81 20:42:53    -1085.939230        3.1621
BFGS:   82 20:42:53    -1086.027866        3.0915
BFGS:   83 20:42:53    -1086.112227        3.0491
BFGS:   84 20:42:53    -1086.189571        3.0562
BFGS:   85 20:42:53    -1086.258609        3.0819
BFGS:   86 20:42:53    -1086.341882        3.0587
BFGS:   87 20:42:53    -1086.435179        3.1094
BFGS:   88 20:42:53    -1086.537507        3.0563
BFGS:   89 20:42:53    -1086.628517        2.9793
BFGS:   90 20:42:53    -1086.732844        2.6595
BFGS:   91 20:42:53    -1086.820576        2.2744
BFGS:   92 20:42:53    -1086.904604        2.2331
BFGS:   93 20:42:53    -1086.982925        2.2675
BFGS:   94 20:42:53    -1087.063609        2.2046
BFGS:   95 20:42:53    -1087.146219        2.4545
BFGS:   96 20:42:53    -1087.232043        2.6890
BFGS:   97 20:42:53    -1087.320634        2.9294
BFGS:   98 20:42:53    -1087.408956        3.4790
BFGS:   99 20:42:53    -1087.493198        4.5746
BFGS:  100 20:42:53    -1087.576936        5.7846
BFGS:  101 20:42:53    -1087.657555        7.0599
BFGS:  102 20:42:53    -1087.737766        8.4100
BFGS:  103 20:42:53    -1087.823209        9.7011
BFGS:  104 20:42:53    -1087.924253       11.1122
BFGS:  105 20:42:53    -1088.052227       12.3122
BFGS:  106 20:42:54    -1088.213519       13.5320
BFGS:  107 20:42:54    -1088.411725       14.4233
BFGS:  108 20:42:54    -1088.650871       15.2420
BFGS:  109 20:42:54    -1088.940917       15.5831
BFGS:  110 20:42:54    -1089.229532       15.8923
BFGS:  111 20:42:54    -1089.562854       15.4003
BFGS:  112 20:42:54    -1090.000698       14.6033
BFGS:  113 20:42:54    -1090.377774       13.5811
BFGS:  114 20:42:54    -1090.954169       10.6529
BFGS:  115 20:42:54    -1091.190401        9.4660
BFGS:  116 20:42:54    -1091.570802        7.3985
BFGS:  117 20:42:54    -1091.873436        5.7585
BFGS:  118 20:42:54    -1092.160664        4.3008
BFGS:  119 20:42:54    -1092.409417        3.5796
BFGS:  120 20:42:54    -1092.628280        4.1174
BFGS:  121 20:42:54    -1092.815411        4.5157
BFGS:  122 20:42:54    -1092.951708        4.3029
BFGS:  123 20:42:54    -1093.102646        4.1204
BFGS:  124 20:42:54    -1093.190766        3.7334
BFGS:  125 20:42:54    -1093.367569        3.2887
BFGS:  126 20:42:54    -1093.489146        2.2049
BFGS:  127 20:42:54    -1093.604194        1.8167
BFGS:  128 20:42:54    -1093.715247        1.8678
BFGS:  129 20:42:54    -1093.810645        2.3775
BFGS:  130 20:42:54    -1093.890069        2.8120
BFGS:  131 20:42:54    -1093.976227        2.3137
BFGS:  132 20:42:54    -1094.044258        1.5829
BFGS:  133 20:42:54    -1094.094118        1.5825
BFGS:  134 20:42:54    -1094.120491        0.7715
BFGS:  135 20:42:54    -1094.136704        0.7067
BFGS:  136 20:42:54    -1094.150930        1.3920
BFGS:  137 20:42:54    -1094.156057        0.8638
BFGS:  138 20:42:54    -1094.165224        0.8767
BFGS:  139 20:42:54    -1094.175510        1.4447
BFGS:  140 20:42:54    -1094.186430        1.4808
BFGS:  141 20:42:54    -1094.220890        1.4111
BFGS:  142 20:42:55    -1094.291791        2.0650
BFGS:  143 20:42:55    -1094.414170        2.4222
BFGS:  144 20:42:55    -1094.576809        2.5146
BFGS:  145 20:42:55    -1094.717175        2.5365
BFGS:  146 20:42:55    -1094.839616        2.4823
BFGS:  147 20:42:55    -1094.928110        2.7467
BFGS:  148 20:42:55    -1095.077935        2.6253
BFGS:  149 20:42:55    -1095.204180        3.3597
BFGS:  150 20:42:55    -1095.327365        2.8781
BFGS:  151 20:42:55    -1095.443797        2.1428
BFGS:  152 20:42:55    -1095.546882        1.7216
BFGS:  153 20:42:55    -1095.608403        1.4189
BFGS:  154 20:42:55    -1095.655262        1.5970
BFGS:  155 20:42:55    -1095.676129        1.5882
BFGS:  156 20:42:55    -1095.693143        1.4811
BFGS:  157 20:42:55    -1095.719059        1.1214
BFGS:  158 20:42:55    -1095.728010        1.4759
BFGS:  159 20:42:55    -1095.747036        1.3263
BFGS:  160 20:42:55    -1095.770234        1.2487
BFGS:  161 20:42:55    -1095.785264        1.0699
BFGS:  162 20:42:55    -1095.814198        1.5411
BFGS:  163 20:42:55    -1095.821543        0.9680
BFGS:  164 20:42:55    -1095.827547        0.9572
BFGS:  165 20:42:55    -1095.834568        1.5259
BFGS:  166 20:42:55    -1095.836450        0.9511
BFGS:  167 20:42:55    -1095.841086        0.9526
BFGS:  168 20:42:55    -1095.845669        0.9097
BFGS:  169 20:42:55    -1095.847651        1.4795
BFGS:  170 20:42:55    -1095.850389        1.4424
BFGS:  171 20:42:55    -1095.851791        1.0378
BFGS:  172 20:42:55    -1095.853478        0.9900
BFGS:  173 20:42:55    -1095.855221        1.4697
BFGS:  174 20:42:55    -1095.856013        0.9150
BFGS:  175 20:42:55    -1095.856802        0.8944
BFGS:  176 20:42:55    -1095.856914        1.5255
BFGS:  177 20:42:56    -1095.857901        1.4899
BFGS:  178 20:42:56    -1095.853835        1.0656
BFGS:  179 20:42:56    -1095.856819        0.9513
BFGS:  180 20:42:56    -1095.855950        1.5821
BFGS:  181 20:42:56    -1095.858225        0.8738
BFGS:  182 20:42:56    -1095.858792        0.8393
BFGS:  183 20:42:56    -1095.848058        1.8452
BFGS:  184 20:42:56    -1095.856295        1.6043
BFGS:  185 20:42:56    -1095.841279        1.4707
BFGS:  186 20:42:56    -1095.854943        1.0509
BFGS:  187 20:42:56    -1095.844727        1.9469
BFGS:  188 20:42:56    -1095.859004        1.5299
BFGS:  189 20:42:56    -1095.835534        1.6443
BFGS:  190 20:42:56    -1095.852891        1.1481
BFGS:  191 20:42:56    -1095.841482        2.0355
BFGS:  192 20:42:56    -1095.859791        0.8222
BFGS:  193 20:42:56    -1095.855965        1.6521
BFGS:  194 20:42:56    -1095.858851        1.5589
BFGS:  195 20:42:56    -1095.828933        1.8362
BFGS:  196 20:42:56    -1095.851506        1.2197
BFGS:  197 20:42:56    -1095.837183        2.1397
BFGS:  198 20:42:56    -1095.859876        0.8322
BFGS:  199 20:42:56    -1095.855777        1.6701
BFGS:  200 20:42:56    -1095.859407        1.5560
BFGS:  201 20:42:56    -1095.823747        1.9681
BFGS:  202 20:42:56    -1095.850132        1.2809
BFGS:  203 20:42:56    -1095.833074        2.2330
BFGS:  204 20:42:56    -1095.859929        0.8384
BFGS:  205 20:42:56    -1095.855491        1.6874
BFGS:  206 20:42:56    -1095.859770        1.5556
BFGS:  207 20:42:56    -1095.820057        2.0529
BFGS:  208 20:42:56    -1095.849124        1.3220
BFGS:  209 20:42:56    -1095.829502        2.3085
BFGS:  210 20:42:56    -1095.860022        0.8390
BFGS:  211 20:42:57    -1095.855136        1.7039
BFGS:  212 20:42:57    -1095.859928        1.5589
BFGS:  213 20:42:57    -1095.817537        2.1048
BFGS:  214 20:42:57    -1095.848443        1.3478
BFGS:  215 20:42:57    -1095.826600        2.3665
BFGS:  216 20:42:57    -1095.860131        0.8367
BFGS:  217 20:42:57    -1095.854792        1.7181
BFGS:  218 20:42:57    -1095.859969        1.5635
BFGS:  219 20:42:57    -1095.815827        2.1362
BFGS:  220 20:42:57    -1095.847988        1.3637
BFGS:  221 20:42:57    -1095.824334        2.4093
BFGS:  222 20:42:57    -1095.860238        0.8333
BFGS:  223 20:42:57    -1095.854497        1.7294
BFGS:  224 20:42:57    -1095.859959        1.5682
BFGS:  225 20:42:57    -1095.814666        2.1549
BFGS:  226 20:42:57    -1095.847683        1.3735
BFGS:  227 20:42:57    -1095.822607        2.4403
BFGS:  228 20:42:57    -1095.860330        0.8301
BFGS:  229 20:42:57    -1095.854262        1.7380
BFGS:  230 20:42:57    -1095.859932        1.5721
BFGS:  231 20:42:57    -1095.813869        2.1658
BFGS:  232 20:42:57    -1095.847476        1.3796
BFGS:  233 20:42:57    -1095.821303        2.4625
BFGS:  234 20:42:57    -1095.860405        0.8274
BFGS:  235 20:42:57    -1095.854081        1.7444
BFGS:  236 20:42:57    -1095.859905        1.5752
BFGS:  237 20:42:57    -1095.813316        2.1720
BFGS:  238 20:42:57    -1095.847332        1.3834
BFGS:  239 20:42:57    -1095.820320        2.4783
BFGS:  240 20:42:57    -1095.860464        0.8252
BFGS:  241 20:42:57    -1095.853944        1.7490
BFGS:  242 20:42:57    -1095.859881        1.5776
BFGS:  243 20:42:57    -1095.812926        2.1752
BFGS:  244 20:42:57    -1095.847228        1.3858
BFGS:  245 20:42:58    -1095.819576        2.4896
BFGS:  246 20:42:58    -1095.860510        0.8235
BFGS:  247 20:42:58    -1095.853841        1.7523
BFGS:  248 20:42:58    -1095.859863        1.5793
BFGS:  249 20:42:58    -1095.812648        2.1767
BFGS:  250 20:42:58    -1095.847153        1.3873
BFGS:  251 20:42:58    -1095.819008        2.4977
BFGS:  252 20:42:58    -1095.860545        0.8222
BFGS:  253 20:42:58    -1095.853764        1.7547
BFGS:  254 20:42:58    -1095.859850        1.5805
BFGS:  255 20:42:58    -1095.812445        2.1771
BFGS:  256 20:42:58    -1095.847096        1.3883
BFGS:  257 20:42:58    -1095.818571        2.5034
BFGS:  258 20:42:58    -1095.860572        0.8213
BFGS:  259 20:42:58    -1095.853705        1.7563
BFGS:  260 20:42:58    -1095.859840        1.5813
BFGS:  261 20:42:58    -1095.812296        2.1770
BFGS:  262 20:42:58    -1095.847052        1.3890
BFGS:  263 20:42:58    -1095.818231        2.5075
BFGS:  264 20:42:58    -1095.860593        0.8206
BFGS:  265 20:42:58    -1095.853659        1.7575
BFGS:  266 20:42:58    -1095.859833        1.5819
BFGS:  267 20:42:58    -1095.812182        2.1764
BFGS:  268 20:42:58    -1095.847018        1.3894
BFGS:  269 20:42:58    -1095.817963        2.5105
BFGS:  270 20:42:58    -1095.860608        0.8202
BFGS:  271 20:42:58    -1095.853624        1.7583
BFGS:  272 20:42:58    -1095.859828        1.5822
BFGS:  273 20:42:58    -1095.812096        2.1757
BFGS:  274 20:42:58    -1095.846990        1.3897
BFGS:  275 20:42:58    -1095.817750        2.5125
BFGS:  276 20:42:58    -1095.860620        0.8199
BFGS:  277 20:42:58    -1095.853595        1.7588
BFGS:  278 20:42:58    -1095.859824        1.5824
BFGS:  279 20:42:59    -1095.812027        2.1750
BFGS:  280 20:42:59    -1095.846967        1.3899
BFGS:  281 20:42:59    -1095.817577        2.5140
BFGS:  282 20:42:59    -1095.860630        0.8197
BFGS:  283 20:42:59    -1095.853573        1.7592
BFGS:  284 20:42:59    -1095.859820        1.5825
BFGS:  285 20:42:59    -1095.811973        2.1742
BFGS:  286 20:42:59    -1095.846948        1.3901
BFGS:  287 20:42:59    -1095.817436        2.5150
BFGS:  288 20:42:59    -1095.860637        0.8196
BFGS:  289 20:42:59    -1095.853554        1.7594
BFGS:  290 20:42:59    -1095.859818        1.5826
BFGS:  291 20:42:59    -1095.811928        2.1735
BFGS:  292 20:42:59    -1095.846932        1.3903
BFGS:  293 20:42:59    -1095.817320        2.5157
BFGS:  294 20:42:59    -1095.860642        0.8195
BFGS:  295 20:42:59    -1095.853538        1.7595
BFGS:  296 20:42:59    -1095.859815        1.5825
BFGS:  297 20:42:59    -1095.811891        2.1728
BFGS:  298 20:42:59    -1095.846918        1.3904
BFGS:  299 20:42:59    -1095.817223        2.5162
BFGS:  300 20:42:59    -1095.860646        0.8195
BFGS:  301 20:42:59    -1095.853525        1.7595
BFGS:  302 20:42:59    -1095.859813        1.5825
BFGS:  303 20:42:59    -1095.811860        2.1722
BFGS:  304 20:42:59    -1095.846906        1.3905
BFGS:  305 20:42:59    -1095.817141        2.5165
BFGS:  306 20:42:59    -1095.860650        0.8195
BFGS:  307 20:42:59    -1095.853513        1.7595
BFGS:  308 20:42:59    -1095.859811        1.5824
BFGS:  309 20:42:59    -1095.811833        2.1716
BFGS:  310 20:42:59    -1095.846895        1.3906
BFGS:  311 20:42:59    -1095.817071        2.5166
BFGS:  312 20:42:59    -1095.860652        0.8196
BFGS:  313 20:43:00    -1095.853503        1.7594
BFGS:  314 20:43:00    -1095.859808        1.5822
BFGS:  315 20:43:00    -1095.811809        2.1712
BFGS:  316 20:43:00    -1095.846886        1.3907
BFGS:  317 20:43:00    -1095.817011        2.5167
BFGS:  318 20:43:00    -1095.860654        0.8197
BFGS:  319 20:43:00    -1095.853493        1.7594
BFGS:  320 20:43:00    -1095.859806        1.5821
BFGS:  321 20:43:00    -1095.811788        2.1707
BFGS:  322 20:43:00    -1095.846877        1.3909
BFGS:  323 20:43:00    -1095.816959        2.5166
BFGS:  324 20:43:00    -1095.860656        0.8198
BFGS:  325 20:43:00    -1095.853485        1.7593
BFGS:  326 20:43:00    -1095.859804        1.5820
BFGS:  327 20:43:00    -1095.811769        2.1703
BFGS:  328 20:43:00    -1095.846869        1.3910
BFGS:  329 20:43:00    -1095.816913        2.5166
BFGS:  330 20:43:00    -1095.860658        0.8199
BFGS:  331 20:43:00    -1095.853477        1.7592
BFGS:  332 20:43:00    -1095.859802        1.5818
BFGS:  333 20:43:00    -1095.811752        2.1700
BFGS:  334 20:43:00    -1095.846862        1.3911
BFGS:  335 20:43:00    -1095.816873        2.5164
BFGS:  336 20:43:00    -1095.860659        0.8200
BFGS:  337 20:43:00    -1095.853470        1.7590
BFGS:  338 20:43:00    -1095.859799        1.5817
BFGS:  339 20:43:00    -1095.811736        2.1697
BFGS:  340 20:43:00    -1095.846856        1.3912
BFGS:  341 20:43:00    -1095.816838        2.5163
BFGS:  342 20:43:00    -1095.860660        0.8201
BFGS:  343 20:43:00    -1095.853464        1.7589
BFGS:  344 20:43:00    -1095.859797        1.5816
BFGS:  345 20:43:00    -1095.811722        2.1695
BFGS:  346 20:43:00    -1095.846850        1.3913
BFGS:  347 20:43:00    -1095.816806        2.5161
BFGS:  348 20:43:01    -1095.860661        0.8202
BFGS:  349 20:43:01    -1095.853457        1.7588
BFGS:  350 20:43:01    -1095.859795        1.5814
BFGS:  351 20:43:01    -1095.811708        2.1693
BFGS:  352 20:43:01    -1095.846845        1.3915
BFGS:  353 20:43:01    -1095.816778        2.5160
BFGS:  354 20:43:01    -1095.860662        0.8204
BFGS:  355 20:43:01    -1095.853452        1.7587
BFGS:  356 20:43:01    -1095.859792        1.5813
BFGS:  357 20:43:01    -1095.811696        2.1691
BFGS:  358 20:43:01    -1095.846840        1.3916
BFGS:  359 20:43:01    -1095.816752        2.5158
BFGS:  360 20:43:01    -1095.860662        0.8205
BFGS:  361 20:43:01    -1095.853446        1.7586
BFGS:  362 20:43:01    -1095.859790        1.5812
BFGS:  363 20:43:01    -1095.811684        2.1689
BFGS:  364 20:43:01    -1095.846836        1.3917
BFGS:  365 20:43:01    -1095.816729        2.5156
BFGS:  366 20:43:01    -1095.860663        0.8206
BFGS:  367 20:43:01    -1095.853441        1.7585
BFGS:  368 20:43:01    -1095.859788        1.5811
BFGS:  369 20:43:01    -1095.811673        2.1688
BFGS:  370 20:43:01    -1095.846831        1.3918
BFGS:  371 20:43:01    -1095.816889        2.5125
BFGS:  372 20:43:01    -1095.860651        0.8214
BFGS:  373 20:43:01    -1095.853473        1.7574
BFGS:  374 20:43:01    -1095.859811        1.5802
BFGS:  375 20:43:01    -1095.811667        2.1686
BFGS:  376 20:43:01    -1095.846821        1.3921
BFGS:  377 20:43:01    -1095.817177        2.5072
BFGS:  378 20:43:01    -1095.860628        0.8229
BFGS:  379 20:43:01    -1095.853533        1.7556
BFGS:  380 20:43:01    -1095.859853        1.5788
BFGS:  381 20:43:01    -1095.811664        2.1684
BFGS:  382 20:43:02    -1095.846806        1.3926
BFGS:  383 20:43:02    -1095.817459        2.5021
BFGS:  384 20:43:02    -1095.860604        0.8244
BFGS:  385 20:43:02    -1095.853593        1.7538
BFGS:  386 20:43:02    -1095.859897        1.5773
BFGS:  387 20:43:02    -1095.811662        2.1682
BFGS:  388 20:43:02    -1095.846790        1.3931
BFGS:  389 20:43:02    -1095.817730        2.4971
BFGS:  390 20:43:02    -1095.860580        0.8259
BFGS:  391 20:43:02    -1095.853651        1.7520
BFGS:  392 20:43:02    -1095.859939        1.5759
BFGS:  393 20:43:02    -1095.811660        2.1680
BFGS:  394 20:43:02    -1095.846776        1.3935
BFGS:  395 20:43:02    -1095.817988        2.4924
BFGS:  396 20:43:02    -1095.860558        0.8273
BFGS:  397 20:43:02    -1095.853706        1.7504
BFGS:  398 20:43:02    -1095.859979        1.5746
BFGS:  399 20:43:02    -1095.811659        2.1678
BFGS:  400 20:43:02    -1095.846762        1.3940
BFGS:  401 20:43:02    -1095.818234        2.4879
BFGS:  402 20:43:02    -1095.860537        0.8286
BFGS:  403 20:43:02    -1095.853760        1.7488
BFGS:  404 20:43:02    -1095.860018        1.5733
BFGS:  405 20:43:02    -1095.811657        2.1677
BFGS:  406 20:43:02    -1095.846748        1.3944
BFGS:  407 20:43:02    -1095.818470        2.4836
BFGS:  408 20:43:02    -1095.860516        0.8299
BFGS:  409 20:43:02    -1095.853810        1.7473
BFGS:  410 20:43:02    -1095.860054        1.5720
BFGS:  411 20:43:02    -1095.811656        2.1675
BFGS:  412 20:43:02    -1095.846735        1.3948
BFGS:  413 20:43:02    -1095.818696        2.4795
BFGS:  414 20:43:02    -1095.860497        0.8311
BFGS:  415 20:43:02    -1095.853859        1.7458
BFGS:  416 20:43:03    -1095.860089        1.5709
BFGS:  417 20:43:03    -1095.811655        2.1673
BFGS:  418 20:43:03    -1095.846723        1.3952
BFGS:  419 20:43:03    -1095.818912        2.4755
BFGS:  420 20:43:03    -1095.860478        0.8323
BFGS:  421 20:43:03    -1095.853906        1.7444
BFGS:  422 20:43:03    -1095.860123        1.5697
BFGS:  423 20:43:03    -1095.811654        2.1672
BFGS:  424 20:43:03    -1095.846712        1.3955
BFGS:  425 20:43:03    -1095.819119        2.4717
BFGS:  426 20:43:03    -1095.860460        0.8334
BFGS:  427 20:43:03    -1095.853951        1.7431
BFGS:  428 20:43:03    -1095.860156        1.5687
BFGS:  429 20:43:03    -1095.811653        2.1671
BFGS:  430 20:43:03    -1095.846701        1.3959
BFGS:  431 20:43:03    -1095.819318        2.4681
BFGS:  432 20:43:03    -1095.860442        0.8345
BFGS:  433 20:43:03    -1095.853995        1.7418
BFGS:  434 20:43:03    -1095.860187        1.5676
BFGS:  435 20:43:03    -1095.811653        2.1669
BFGS:  436 20:43:03    -1095.846690        1.3962
BFGS:  437 20:43:03    -1095.819510        2.4646
BFGS:  438 20:43:03    -1095.860426        0.8356
BFGS:  439 20:43:03    -1095.854036        1.7405
BFGS:  440 20:43:03    -1095.860217        1.5666
BFGS:  441 20:43:03    -1095.811652        2.1668
BFGS:  442 20:43:03    -1095.846680        1.3965
BFGS:  443 20:43:03    -1095.819694        2.4612
BFGS:  444 20:43:03    -1095.860410        0.8365
BFGS:  445 20:43:03    -1095.854076        1.7393
BFGS:  446 20:43:03    -1095.860246        1.5657
BFGS:  447 20:43:03    -1095.811651        2.1667
BFGS:  448 20:43:03    -1095.846670        1.3968
BFGS:  449 20:43:03    -1095.819871        2.4579
BFGS:  450 20:43:04    -1095.860394        0.8375
BFGS:  451 20:43:04    -1095.854115        1.7382
BFGS:  452 20:43:04    -1095.860273        1.5648
BFGS:  453 20:43:04    -1095.811651        2.1666
BFGS:  454 20:43:04    -1095.846661        1.3971
BFGS:  455 20:43:04    -1095.820041        2.4548
BFGS:  456 20:43:04    -1095.860379        0.8384
BFGS:  457 20:43:04    -1095.854153        1.7371
BFGS:  458 20:43:04    -1095.860300        1.5639
BFGS:  459 20:43:04    -1095.811651        2.1665
BFGS:  460 20:43:04    -1095.846652        1.3974
BFGS:  461 20:43:04    -1095.820205        2.4518
BFGS:  462 20:43:04    -1095.860365        0.8393
BFGS:  463 20:43:04    -1095.854189        1.7360
BFGS:  464 20:43:04    -1095.860326        1.5630
BFGS:  465 20:43:04    -1095.811651        2.1664
BFGS:  466 20:43:04    -1095.846644        1.3976
BFGS:  467 20:43:04    -1095.820363        2.4489
BFGS:  468 20:43:04    -1095.860351        0.8402
BFGS:  469 20:43:04    -1095.854223        1.7350
BFGS:  470 20:43:04    -1095.860351        1.5622
BFGS:  471 20:43:04    -1095.811650        2.1662
BFGS:  472 20:43:04    -1095.846635        1.3979
BFGS:  473 20:43:04    -1095.820515        2.4461
BFGS:  474 20:43:04    -1095.860338        0.8410
BFGS:  475 20:43:04    -1095.854257        1.7340
BFGS:  476 20:43:04    -1095.860375        1.5614
BFGS:  477 20:43:04    -1095.811650        2.1661
BFGS:  478 20:43:04    -1095.846628        1.3981
BFGS:  479 20:43:04    -1095.820662        2.4434
BFGS:  480 20:43:04    -1095.860325        0.8418
BFGS:  481 20:43:04    -1095.854289        1.7330
BFGS:  482 20:43:04    -1095.860398        1.5607
BFGS:  483 20:43:04    -1095.811650        2.1660
BFGS:  484 20:43:05    -1095.846620        1.3984
BFGS:  485 20:43:05    -1095.820804        2.4407
BFGS:  486 20:43:05    -1095.860312        0.8425
BFGS:  487 20:43:05    -1095.854321        1.7321
BFGS:  488 20:43:05    -1095.860420        1.5599
BFGS:  489 20:43:05    -1095.811650        2.1659
BFGS:  490 20:43:05    -1095.846613        1.3986
BFGS:  491 20:43:05    -1095.820940        2.4382
BFGS:  492 20:43:05    -1095.860300        0.8432
BFGS:  493 20:43:05    -1095.854351        1.7312
BFGS:  494 20:43:05    -1095.860442        1.5592
BFGS:  495 20:43:05    -1095.811651        2.1658
BFGS:  496 20:43:05    -1095.846606        1.3988
BFGS:  497 20:43:05    -1095.821072        2.4358
BFGS:  498 20:43:05    -1095.860289        0.8440
BFGS:  499 20:43:05    -1095.854380        1.7304
