      Step     Time          Energy         fmax
BFGS:    0 20:50:24     -704.989538      214.8588
BFGS:    1 20:50:24     -746.492006      167.8346
BFGS:    2 20:50:24     -765.794675      172.5571
BFGS:    3 20:50:24     -784.051743      143.9437
BFGS:    4 20:50:24     -798.494489      134.1467
BFGS:    5 20:50:24     -812.290986      121.4627
BFGS:    6 20:50:24     -825.730828      109.9753
BFGS:    7 20:50:24     -838.977204       99.3667
BFGS:    8 20:50:24     -853.827665       90.3015
BFGS:    9 20:50:24     -868.266483       83.7372
BFGS:   10 20:50:25     -881.998067       80.7004
BFGS:   11 20:50:25     -893.474994       79.8452
BFGS:   12 20:50:25     -904.727916       79.0947
BFGS:   13 20:50:25     -915.119483       77.2470
BFGS:   14 20:50:25     -923.665087       76.0616
BFGS:   15 20:50:25     -932.609198       75.1034
BFGS:   16 20:50:25     -941.166385       72.9320
BFGS:   17 20:50:25     -949.681475       69.3462
BFGS:   18 20:50:25     -958.208826       64.8203
BFGS:   19 20:50:25     -966.418710       60.7023
BFGS:   20 20:50:25     -974.273016       59.1770
BFGS:   21 20:50:25     -981.909490       60.2436
BFGS:   22 20:50:25     -989.215017       60.8572
BFGS:   23 20:50:25     -995.810625       59.6329
BFGS:   24 20:50:25    -1001.974977       56.9942
BFGS:   25 20:50:25    -1007.338150       53.6716
BFGS:   26 20:50:25    -1011.057036       49.9819
BFGS:   27 20:50:25    -1013.993345       47.1432
BFGS:   28 20:50:25    -1017.052043       43.1615
BFGS:   29 20:50:25    -1020.556076       38.2287
BFGS:   30 20:50:25    -1024.149217       32.8384
BFGS:   31 20:50:25    -1027.175757       28.6709
BFGS:   32 20:50:25    -1029.599650       25.6225
BFGS:   33 20:50:25    -1031.503224       22.8639
BFGS:   34 20:50:26    -1032.923725       21.3833
BFGS:   35 20:50:26    -1034.199695       20.0551
BFGS:   36 20:50:26    -1035.533981       19.5593
BFGS:   37 20:50:26    -1036.773846       19.1786
BFGS:   38 20:50:26    -1037.965427       20.1005
BFGS:   39 20:50:26    -1039.247896       20.3412
BFGS:   40 20:50:26    -1040.614255       20.2181
BFGS:   41 20:50:26    -1041.979279       19.6779
BFGS:   42 20:50:26    -1043.325167       18.9107
BFGS:   43 20:50:26    -1044.559740       18.2057
BFGS:   44 20:50:26    -1045.493811       18.6839
BFGS:   45 20:50:26    -1046.280426       19.3152
BFGS:   46 20:50:26    -1047.038875       20.1547
BFGS:   47 20:50:26    -1047.835316       21.3832
BFGS:   48 20:50:26    -1048.939886       21.9717
BFGS:   49 20:50:26    -1050.036233       22.6302
BFGS:   50 20:50:26    -1051.092201       23.0675
BFGS:   51 20:50:26    -1052.157000       23.4853
BFGS:   52 20:50:26    -1053.217090       23.9112
BFGS:   53 20:50:26    -1054.248065       24.1633
BFGS:   54 20:50:26    -1055.254895       24.0672
BFGS:   55 20:50:26    -1056.256060       23.6445
BFGS:   56 20:50:26    -1057.330853       22.4582
BFGS:   57 20:50:26    -1058.464505       21.5295
BFGS:   58 20:50:27    -1059.333584       21.6889
BFGS:   59 20:50:27    -1060.083480       22.0348
BFGS:   60 20:50:27    -1060.808948       22.3662
BFGS:   61 20:50:27    -1061.523620       22.2340
BFGS:   62 20:50:27    -1062.241803       22.0590
BFGS:   63 20:50:27    -1062.972492       21.4971
BFGS:   64 20:50:27    -1063.714331       20.8495
BFGS:   65 20:50:27    -1064.483618       19.9993
BFGS:   66 20:50:27    -1065.263849       19.1721
BFGS:   67 20:50:27    -1066.089314       18.3907
BFGS:   68 20:50:27    -1066.920787       18.3883
BFGS:   69 20:50:27    -1067.754039       20.4809
BFGS:   70 20:50:27    -1068.568445       22.1285
BFGS:   71 20:50:27    -1069.357568       23.6091
BFGS:   72 20:50:27    -1070.089716       24.8253
BFGS:   73 20:50:27    -1070.895708       26.0124
BFGS:   74 20:50:27    -1071.669328       26.9374
BFGS:   75 20:50:27    -1072.427371       27.4278
BFGS:   76 20:50:27    -1073.176827       27.5181
BFGS:   77 20:50:27    -1073.911077       27.1950
BFGS:   78 20:50:27    -1074.641355       26.4614
BFGS:   79 20:50:27    -1075.347101       25.3172
BFGS:   80 20:50:27    -1076.048640       23.7793
BFGS:   81 20:50:27    -1076.692716       22.0779
BFGS:   82 20:50:28    -1077.342630       23.8609
BFGS:   83 20:50:28    -1077.915135       23.1871
BFGS:   84 20:50:28    -1078.496452       25.3622
BFGS:   85 20:50:28    -1079.047058       24.2340
BFGS:   86 20:50:28    -1079.623054       24.5223
BFGS:   87 20:50:28    -1080.255887       23.2357
BFGS:   88 20:50:28    -1080.926127       21.4904
BFGS:   89 20:50:28    -1081.746250       18.8330
BFGS:   90 20:50:28    -1082.592993       16.4498
BFGS:   91 20:50:28    -1083.317789       15.1504
BFGS:   92 20:50:28    -1083.904605       15.7558
BFGS:   93 20:50:28    -1084.273668       16.0171
BFGS:   94 20:50:28    -1084.530524       15.5000
BFGS:   95 20:50:28    -1084.833174       15.3504
BFGS:   96 20:50:28    -1085.181197       15.1807
BFGS:   97 20:50:28    -1085.488329       15.5421
BFGS:   98 20:50:28    -1085.965973       15.6608
BFGS:   99 20:50:28    -1086.428280       15.2028
BFGS:  100 20:50:28    -1086.900274       14.3279
BFGS:  101 20:50:28    -1087.315151       15.6003
BFGS:  102 20:50:28    -1087.648612       15.5469
BFGS:  103 20:50:28    -1087.878254       14.1897
BFGS:  104 20:50:28    -1088.021756       10.7508
BFGS:  105 20:50:28    -1088.129842        9.4916
BFGS:  106 20:50:28    -1088.267884        8.5850
BFGS:  107 20:50:29    -1088.410217        9.6482
BFGS:  108 20:50:29    -1088.539467        9.5873
BFGS:  109 20:50:29    -1088.674557        9.7789
BFGS:  110 20:50:29    -1088.835839        9.4188
BFGS:  111 20:50:29    -1089.001053        8.4719
BFGS:  112 20:50:29    -1089.221462        8.2473
BFGS:  113 20:50:29    -1089.411384       10.1889
BFGS:  114 20:50:29    -1089.591066       12.0907
BFGS:  115 20:50:29    -1089.776832       13.9011
BFGS:  116 20:50:29    -1089.939502       16.5030
BFGS:  117 20:50:29    -1090.017653       14.9250
BFGS:  118 20:50:29    -1090.077602       15.4277
BFGS:  119 20:50:29    -1090.193255       15.3737
BFGS:  120 20:50:29    -1090.362794       15.9383
BFGS:  121 20:50:29    -1090.465473       16.4085
BFGS:  122 20:50:29    -1090.606770       17.0437
BFGS:  123 20:50:29    -1090.702627       17.3824
BFGS:  124 20:50:29    -1090.864019       17.9384
BFGS:  125 20:50:29    -1090.965210       18.2268
BFGS:  126 20:50:29    -1091.066429       18.4719
BFGS:  127 20:50:29    -1091.133673       18.9873
BFGS:  128 20:50:29    -1091.225837       19.4549
BFGS:  129 20:50:29    -1091.317971       20.0900
BFGS:  130 20:50:29    -1091.458559       20.6644
BFGS:  131 20:50:29    -1091.556589       20.7299
BFGS:  132 20:50:30    -1091.652068       20.6939
BFGS:  133 20:50:30    -1091.712286       20.6587
BFGS:  134 20:50:30    -1091.805724       20.9108
BFGS:  135 20:50:30    -1091.866228       20.9956
BFGS:  136 20:50:30    -1091.954772       21.4073
BFGS:  137 20:50:30    -1092.206857       21.6011
BFGS:  138 20:50:30    -1092.697396       21.1169
BFGS:  139 20:50:30    -1092.985589       20.5843
BFGS:  140 20:50:30    -1093.174982       19.7592
BFGS:  141 20:50:30    -1093.435914       18.9336
BFGS:  142 20:50:30    -1093.592824       18.4904
BFGS:  143 20:50:30    -1093.711745       18.6157
BFGS:  144 20:50:30    -1093.793196       18.9293
BFGS:  145 20:50:30    -1093.866524       19.0692
BFGS:  146 20:50:30    -1093.923526       19.3325
BFGS:  147 20:50:30    -1093.961604       19.0365
BFGS:  148 20:50:30    -1093.990409       18.9748
BFGS:  149 20:50:30    -1094.012775       18.7006
BFGS:  150 20:50:30    -1094.031462       18.5892
BFGS:  151 20:50:30    -1094.045759       18.5482
BFGS:  152 20:50:30    -1094.055291       18.4981
BFGS:  153 20:50:30    -1094.062575       18.4936
BFGS:  154 20:50:30    -1094.069501       18.3639
BFGS:  155 20:50:30    -1094.076781       18.2989
BFGS:  156 20:50:31    -1094.084615       18.1264
BFGS:  157 20:50:31    -1094.092379       18.1301
BFGS:  158 20:50:31    -1094.099270       18.1743
BFGS:  159 20:50:31    -1094.103875       18.3573
BFGS:  160 20:50:31    -1094.107012       18.5173
BFGS:  161 20:50:31    -1094.109566       18.6755
BFGS:  162 20:50:31    -1094.112814       18.8181
BFGS:  163 20:50:31    -1094.118813       19.0017
BFGS:  164 20:50:31    -1094.132236       19.2458
BFGS:  165 20:50:31    -1094.162401       19.5918
BFGS:  166 20:50:31    -1094.222904       19.9518
BFGS:  167 20:50:31    -1094.314888       20.0723
BFGS:  168 20:50:31    -1094.407209       19.5821
BFGS:  169 20:50:31    -1094.462592       18.7645
BFGS:  170 20:50:31    -1094.479468       18.3397
BFGS:  171 20:50:31    -1094.486154       18.2451
BFGS:  172 20:50:31    -1094.490100       18.2254
BFGS:  173 20:50:31    -1094.492009       18.2471
BFGS:  174 20:50:31    -1094.493158       18.2922
BFGS:  175 20:50:31    -1094.493400       18.3010
BFGS:  176 20:50:31    -1094.495298       18.3253
BFGS:  177 20:50:31    -1094.502070       18.3243
BFGS:  178 20:50:31    -1094.517447       18.2650
BFGS:  179 20:50:31    -1094.552888       18.0104
BFGS:  180 20:50:32    -1094.619761       17.3738
BFGS:  181 20:50:32    -1094.705902       16.4109
BFGS:  182 20:50:32    -1094.762675       15.7465
BFGS:  183 20:50:32    -1094.777041       15.6481
BFGS:  184 20:50:32    -1094.778520       15.6836
BFGS:  185 20:50:32    -1094.779001       15.7034
BFGS:  186 20:50:32    -1094.779317       15.7181
BFGS:  187 20:50:32    -1094.779437       15.7235
BFGS:  188 20:50:32    -1094.780440       15.7343
BFGS:  189 20:50:32    -1094.782898       15.7509
BFGS:  190 20:50:32    -1094.788932       15.7612
BFGS:  191 20:50:32    -1094.804796       15.7639
BFGS:  192 20:50:32    -1094.845819       15.7149
BFGS:  193 20:50:32    -1094.950753       15.5336
BFGS:  194 20:50:32    -1095.210394       14.9713
BFGS:  195 20:50:32    -1095.761350       13.6306
BFGS:  196 20:50:32    -1096.391319       11.9858
BFGS:  197 20:50:32    -1097.083100       10.0830
BFGS:  198 20:50:32    -1097.793604        8.1303
BFGS:  199 20:50:32    -1098.469149        6.9101
BFGS:  200 20:50:32    -1098.991534        5.7571
BFGS:  201 20:50:32    -1099.112326        4.3452
BFGS:  202 20:50:32    -1099.145517        4.0278
BFGS:  203 20:50:32    -1099.177099        3.5877
BFGS:  204 20:50:32    -1099.193527        3.2376
BFGS:  205 20:50:33    -1099.203474        3.1053
BFGS:  206 20:50:33    -1099.208405        3.2400
BFGS:  207 20:50:33    -1099.210055        3.2175
BFGS:  208 20:50:33    -1099.210924        3.1752
BFGS:  209 20:50:33    -1099.211406        3.1436
BFGS:  210 20:50:33    -1099.211653        3.1086
BFGS:  211 20:50:33    -1099.211778        3.0929
BFGS:  212 20:50:33    -1099.211839        3.0835
BFGS:  213 20:50:33    -1099.211869        3.0794
BFGS:  214 20:50:33    -1099.211881        3.0789
BFGS:  215 20:50:33    -1099.211886        3.0780
BFGS:  216 20:50:33    -1099.211888        3.0764
BFGS:  217 20:50:33    -1099.211890        3.0732
BFGS:  218 20:50:33    -1099.211891        3.0709
BFGS:  219 20:50:33    -1099.211892        3.0679
BFGS:  220 20:50:33    -1099.211893        3.0664
BFGS:  221 20:50:33    -1099.211896        3.0631
BFGS:  222 20:50:33    -1099.211901        3.0590
BFGS:  223 20:50:33    -1099.211914        3.0527
BFGS:  224 20:50:33    -1099.211941        3.0449
BFGS:  225 20:50:33    -1099.211996        3.0380
BFGS:  226 20:50:33    -1099.212078        3.0403
BFGS:  227 20:50:33    -1099.212152        3.0570
BFGS:  228 20:50:33    -1099.212190        3.0757
BFGS:  229 20:50:34    -1099.212208        3.0841
BFGS:  230 20:50:34    -1099.212217        3.0910
BFGS:  231 20:50:34    -1099.212222        3.0937
BFGS:  232 20:50:34    -1099.212229        3.0989
BFGS:  233 20:50:34    -1099.212233        3.1007
BFGS:  234 20:50:34    -1099.212254        3.1050
BFGS:  235 20:50:34    -1099.212295        3.1093
BFGS:  236 20:50:34    -1099.212413        3.1137
BFGS:  237 20:50:34    -1099.212703        3.1163
BFGS:  238 20:50:34    -1099.213298        3.1105
BFGS:  239 20:50:34    -1099.213978        3.0998
BFGS:  240 20:50:34    -1099.214736        3.0863
BFGS:  241 20:50:34    -1099.215554        3.0712
BFGS:  242 20:50:34    -1099.216415        3.0549
BFGS:  243 20:50:34    -1099.217307        3.0378
BFGS:  244 20:50:34    -1099.218220        3.0201
BFGS:  245 20:50:34    -1099.219145        3.0018
BFGS:  246 20:50:34    -1099.220077        2.9830
BFGS:  247 20:50:34    -1099.221008        2.9638
BFGS:  248 20:50:34    -1099.221932        2.9443
BFGS:  249 20:50:34    -1099.222846        2.9245
BFGS:  250 20:50:34    -1099.223745        2.9044
BFGS:  251 20:50:34    -1099.224625        2.8841
BFGS:  252 20:50:34    -1099.225483        2.8636
BFGS:  253 20:50:35    -1099.226317        2.8430
BFGS:  254 20:50:35    -1099.227125        2.8221
BFGS:  255 20:50:35    -1099.227904        2.8011
BFGS:  256 20:50:35    -1099.228653        2.7800
BFGS:  257 20:50:35    -1099.229371        2.7588
BFGS:  258 20:50:35    -1099.230057        2.7375
BFGS:  259 20:50:35    -1099.230709        2.7161
BFGS:  260 20:50:35    -1099.231328        2.6945
BFGS:  261 20:50:35    -1099.231911        2.6729
BFGS:  262 20:50:35    -1099.232459        2.6512
BFGS:  263 20:50:35    -1099.232972        2.6294
BFGS:  264 20:50:35    -1099.233449        2.6076
BFGS:  265 20:50:35    -1099.233889        2.5857
BFGS:  266 20:50:35    -1099.234294        2.5637
BFGS:  267 20:50:35    -1099.234662        2.5416
BFGS:  268 20:50:35    -1099.234995        2.5196
BFGS:  269 20:50:35    -1099.235291        2.4974
BFGS:  270 20:50:35    -1099.235553        2.4753
BFGS:  271 20:50:35    -1099.235781        2.4531
BFGS:  272 20:50:35    -1099.235976        2.4309
BFGS:  273 20:50:35    -1099.236140        2.4087
BFGS:  274 20:50:35    -1099.236276        2.3865
BFGS:  275 20:50:35    -1099.236385        2.3643
BFGS:  276 20:50:35    -1099.236472        2.3422
BFGS:  277 20:50:36    -1099.236539        2.3201
BFGS:  278 20:50:36    -1099.236588        2.2979
BFGS:  279 20:50:36    -1099.236618        2.2776
BFGS:  280 20:50:36    -1099.236630        2.2649
BFGS:  281 20:50:36    -1099.236634        2.2549
BFGS:  282 20:50:36    -1099.236636        2.2509
BFGS:  283 20:50:36    -1099.236637        2.2449
BFGS:  284 20:50:36    -1099.236638        2.2435
BFGS:  285 20:50:36    -1099.236642        2.2425
BFGS:  286 20:50:36    -1099.236646        2.2448
BFGS:  287 20:50:36    -1099.236655        2.2502
BFGS:  288 20:50:36    -1099.236671        2.2600
BFGS:  289 20:50:36    -1099.236712        2.2747
BFGS:  290 20:50:36    -1099.236805        2.3003
BFGS:  291 20:50:36    -1099.236983        2.3250
BFGS:  292 20:50:36    -1099.237298        2.3533
BFGS:  293 20:50:36    -1099.237842        2.3832
BFGS:  294 20:50:36    -1099.238747        2.4181
BFGS:  295 20:50:36    -1099.240308        2.4605
BFGS:  296 20:50:36    -1099.243376        2.5228
BFGS:  297 20:50:36    -1099.254805        2.7451
BFGS:  298 20:50:36    -1099.257009        2.7516
BFGS:  299 20:50:36    -1099.258727        2.7449
BFGS:  300 20:50:36    -1099.260294        2.7350
BFGS:  301 20:50:37    -1099.261783        2.7237
BFGS:  302 20:50:37    -1099.263221        2.7116
BFGS:  303 20:50:37    -1099.264623        2.6989
BFGS:  304 20:50:37    -1099.265999        2.6859
BFGS:  305 20:50:37    -1099.267353        2.6726
BFGS:  306 20:50:37    -1099.268689        2.6591
BFGS:  307 20:50:37    -1099.270011        2.6455
BFGS:  308 20:50:37    -1099.271321        2.6317
BFGS:  309 20:50:37    -1099.272618        2.6178
BFGS:  310 20:50:37    -1099.273906        2.6038
BFGS:  311 20:50:37    -1099.275183        2.5898
BFGS:  312 20:50:37    -1099.276452        2.5757
BFGS:  313 20:50:37    -1099.277711        2.5616
BFGS:  314 20:50:37    -1099.278962        2.5474
BFGS:  315 20:50:37    -1099.280205        2.5331
BFGS:  316 20:50:37    -1099.281439        2.5188
BFGS:  317 20:50:37    -1099.282665        2.5045
BFGS:  318 20:50:37    -1099.283883        2.4902
BFGS:  319 20:50:37    -1099.285093        2.4758
BFGS:  320 20:50:37    -1099.286295        2.4613
BFGS:  321 20:50:37    -1099.287489        2.4469
BFGS:  322 20:50:37    -1099.288676        2.4324
BFGS:  323 20:50:37    -1099.289854        2.4179
BFGS:  324 20:50:37    -1099.291024        2.4033
BFGS:  325 20:50:37    -1099.292187        2.3888
BFGS:  326 20:50:38    -1099.293342        2.3742
BFGS:  327 20:50:38    -1099.294488        2.3595
BFGS:  328 20:50:38    -1099.295627        2.3449
BFGS:  329 20:50:38    -1099.296759        2.3302
BFGS:  330 20:50:38    -1099.297882        2.3155
BFGS:  331 20:50:38    -1099.298998        2.3007
BFGS:  332 20:50:38    -1099.300106        2.2859
BFGS:  333 20:50:38    -1099.301206        2.2711
BFGS:  334 20:50:38    -1099.302298        2.2563
BFGS:  335 20:50:38    -1099.303383        2.2415
BFGS:  336 20:50:38    -1099.304460        2.2266
BFGS:  337 20:50:38    -1099.305528        2.2117
BFGS:  338 20:50:38    -1099.306590        2.1967
BFGS:  339 20:50:38    -1099.307643        2.1818
BFGS:  340 20:50:38    -1099.308688        2.1668
BFGS:  341 20:50:38    -1099.309726        2.1518
BFGS:  342 20:50:38    -1099.310756        2.1368
BFGS:  343 20:50:38    -1099.311778        2.1217
BFGS:  344 20:50:38    -1099.312793        2.1066
BFGS:  345 20:50:38    -1099.313799        2.0915
BFGS:  346 20:50:38    -1099.314798        2.0764
BFGS:  347 20:50:38    -1099.315789        2.0612
BFGS:  348 20:50:38    -1099.316772        2.0461
BFGS:  349 20:50:38    -1099.317748        2.0309
BFGS:  350 20:50:39    -1099.318716        2.0157
BFGS:  351 20:50:39    -1099.319675        2.0004
BFGS:  352 20:50:39    -1099.320627        1.9851
BFGS:  353 20:50:39    -1099.321572        1.9808
BFGS:  354 20:50:39    -1099.322514        1.9575
BFGS:  355 20:50:39    -1099.323447        1.9413
BFGS:  356 20:50:39    -1099.324369        1.9254
BFGS:  357 20:50:39    -1099.325284        1.9098
BFGS:  358 20:50:39    -1099.326190        1.8944
BFGS:  359 20:50:39    -1099.327088        1.8789
BFGS:  360 20:50:39    -1099.327979        1.8635
BFGS:  361 20:50:39    -1099.328862        1.8480
BFGS:  362 20:50:39    -1099.329736        1.8326
BFGS:  363 20:50:39    -1099.330604        1.8170
BFGS:  364 20:50:39    -1099.331463        1.8015
BFGS:  365 20:50:39    -1099.332315        1.7860
BFGS:  366 20:50:39    -1099.333159        1.7704
BFGS:  367 20:50:39    -1099.333995        1.7548
BFGS:  368 20:50:39    -1099.334823        1.7393
BFGS:  369 20:50:39    -1099.335644        1.7236
BFGS:  370 20:50:39    -1099.336456        1.7080
BFGS:  371 20:50:39    -1099.337262        1.6923
BFGS:  372 20:50:39    -1099.338059        1.6767
BFGS:  373 20:50:39    -1099.338849        1.6610
BFGS:  374 20:50:40    -1099.339630        1.6453
BFGS:  375 20:50:40    -1099.340404        1.6295
BFGS:  376 20:50:40    -1099.341171        1.6138
BFGS:  377 20:50:40    -1099.341930        1.5980
BFGS:  378 20:50:40    -1099.342681        1.5822
BFGS:  379 20:50:40    -1099.343424        1.5664
BFGS:  380 20:50:40    -1099.344159        1.5506
BFGS:  381 20:50:40    -1099.344887        1.5348
BFGS:  382 20:50:40    -1099.345607        1.5189
BFGS:  383 20:50:40    -1099.346319        1.5031
BFGS:  384 20:50:40    -1099.347023        1.4872
BFGS:  385 20:50:40    -1099.347719        1.4713
BFGS:  386 20:50:40    -1099.348408        1.4554
BFGS:  387 20:50:40    -1099.349088        1.4394
BFGS:  388 20:50:40    -1099.349761        1.4235
BFGS:  389 20:50:40    -1099.350426        1.4075
BFGS:  390 20:50:40    -1099.351084        1.3916
BFGS:  391 20:50:40    -1099.351733        1.3755
BFGS:  392 20:50:40    -1099.352375        1.3596
BFGS:  393 20:50:40    -1099.353009        1.3435
BFGS:  394 20:50:40    -1099.353635        1.3275
BFGS:  395 20:50:40    -1099.354254        1.3114
BFGS:  396 20:50:40    -1099.354864        1.2954
BFGS:  397 20:50:40    -1099.355468        1.2792
BFGS:  398 20:50:40    -1099.356062        1.2633
BFGS:  399 20:50:41    -1099.356651        1.2469
BFGS:  400 20:50:41    -1099.357228        1.2312
BFGS:  401 20:50:41    -1099.357803        1.2145
BFGS:  402 20:50:41    -1099.358363        1.1990
BFGS:  403 20:50:41    -1099.358924        1.1820
BFGS:  404 20:50:41    -1099.359468        1.1667
BFGS:  405 20:50:41    -1099.360013        1.1497
BFGS:  406 20:50:41    -1099.360542        1.1342
BFGS:  407 20:50:41    -1099.361071        1.1174
BFGS:  408 20:50:41    -1099.361586        1.1016
BFGS:  409 20:50:41    -1099.362097        1.0851
BFGS:  410 20:50:41    -1099.362598        1.0690
BFGS:  411 20:50:41    -1099.363093        1.0526
BFGS:  412 20:50:41    -1099.363579        1.0364
BFGS:  413 20:50:41    -1099.364058        1.0200
BFGS:  414 20:50:41    -1099.364528        1.0038
BFGS:  415 20:50:41    -1099.364992        0.9874
BFGS:  416 20:50:41    -1099.365447        0.9711
BFGS:  417 20:50:41    -1099.365895        0.9547
BFGS:  418 20:50:41    -1099.366335        0.9384
BFGS:  419 20:50:41    -1099.366767        0.9220
BFGS:  420 20:50:41    -1099.367191        0.9056
BFGS:  421 20:50:41    -1099.367608        0.8892
BFGS:  422 20:50:41    -1099.368017        0.8728
BFGS:  423 20:50:42    -1099.368418        0.8563
BFGS:  424 20:50:42    -1099.368811        0.8399
BFGS:  425 20:50:42    -1099.369197        0.8234
BFGS:  426 20:50:42    -1099.369575        0.8069
BFGS:  427 20:50:42    -1099.369946        0.7904
BFGS:  428 20:50:42    -1099.370308        0.7739
BFGS:  429 20:50:42    -1099.370663        0.7574
BFGS:  430 20:50:42    -1099.371010        0.7409
BFGS:  431 20:50:42    -1099.371350        0.7243
BFGS:  432 20:50:42    -1099.371681        0.7078
BFGS:  433 20:50:42    -1099.372005        0.6912
BFGS:  434 20:50:42    -1099.372321        0.6747
BFGS:  435 20:50:42    -1099.372630        0.6580
BFGS:  436 20:50:42    -1099.372930        0.6415
BFGS:  437 20:50:42    -1099.373223        0.6248
BFGS:  438 20:50:42    -1099.373508        0.6082
BFGS:  439 20:50:42    -1099.373785        0.5915
BFGS:  440 20:50:42    -1099.374055        0.5749
BFGS:  441 20:50:42    -1099.374317        0.5582
BFGS:  442 20:50:42    -1099.374570        0.5416
BFGS:  443 20:50:42    -1099.374817        0.5248
BFGS:  444 20:50:42    -1099.375055        0.5082
BFGS:  445 20:50:42    -1099.375285        0.4913
BFGS:  446 20:50:42    -1099.375508        0.4748
BFGS:  447 20:50:43    -1099.375723        0.4578
BFGS:  448 20:50:43    -1099.375930        0.4413
BFGS:  449 20:50:43    -1099.376130        0.4242
BFGS:  450 20:50:43    -1099.376320        0.4079
BFGS:  451 20:50:43    -1099.376505        0.3905
BFGS:  452 20:50:43    -1099.376680        0.3744
BFGS:  453 20:50:43    -1099.376850        0.3568
BFGS:  454 20:50:43    -1099.377009        0.3408
BFGS:  455 20:50:43    -1099.377163        0.3231
BFGS:  456 20:50:43    -1099.377307        0.3070
BFGS:  457 20:50:43    -1099.377445        0.2895
BFGS:  458 20:50:43    -1099.377573        0.2731
BFGS:  459 20:50:43    -1099.377696        0.2559
BFGS:  460 20:50:43    -1099.377809        0.2392
BFGS:  461 20:50:43    -1099.377916        0.2221
BFGS:  462 20:50:43    -1099.378014        0.2053
BFGS:  463 20:50:43    -1099.378105        0.1882
BFGS:  464 20:50:43    -1099.378187        0.1713
BFGS:  465 20:50:43    -1099.378262        0.1542
BFGS:  466 20:50:43    -1099.378330        0.1373
BFGS:  467 20:50:43    -1099.378389        0.1202
BFGS:  468 20:50:43    -1099.378440        0.1032
BFGS:  469 20:50:43    -1099.378483        0.0860
