      Step     Time          Energy         fmax
BFGS:    0 20:46:53     -829.947053      157.4481
BFGS:    1 20:46:53     -868.257482      108.5640
BFGS:    2 20:46:53     -882.373496      106.7591
BFGS:    3 20:46:53     -892.545828       99.9314
BFGS:    4 20:46:53     -903.234377       94.9441
BFGS:    5 20:46:53     -914.468933       82.0189
BFGS:    6 20:46:53     -925.054521       75.5941
BFGS:    7 20:46:53     -934.704885       71.7913
BFGS:    8 20:46:53     -942.814315       65.9292
BFGS:    9 20:46:53     -950.267221       64.4611
BFGS:   10 20:46:54     -957.594109       61.6595
BFGS:   11 20:46:54     -965.552447       57.6137
BFGS:   12 20:46:54     -973.081357       52.1924
BFGS:   13 20:46:54     -978.355122       48.4104
BFGS:   14 20:46:54     -983.277975       43.8415
BFGS:   15 20:46:54     -988.328570       40.9183
BFGS:   16 20:46:54     -993.312435       39.1318
BFGS:   17 20:46:54     -998.005355       36.2265
BFGS:   18 20:46:54    -1003.122668       34.0743
BFGS:   19 20:46:54    -1008.426765       30.3570
BFGS:   20 20:46:54    -1014.256909       27.7397
BFGS:   21 20:46:54    -1018.888587       25.2292
BFGS:   22 20:46:54    -1022.268296       23.1250
BFGS:   23 20:46:54    -1024.661608       20.2616
BFGS:   24 20:46:54    -1026.463368       18.5920
BFGS:   25 20:46:54    -1027.930655       16.9239
BFGS:   26 20:46:54    -1029.285999       15.7150
BFGS:   27 20:46:54    -1030.659532       14.4550
BFGS:   28 20:46:54    -1032.006909       12.4218
BFGS:   29 20:46:54    -1033.207270       11.6194
BFGS:   30 20:46:54    -1034.275444       10.4616
BFGS:   31 20:46:54    -1035.344012       10.1950
BFGS:   32 20:46:54    -1036.453660        9.7519
BFGS:   33 20:46:54    -1037.628037       10.7037
BFGS:   34 20:46:54    -1038.884340       12.3012
BFGS:   35 20:46:54    -1040.136696       13.5473
BFGS:   36 20:46:54    -1041.311564       14.0322
BFGS:   37 20:46:54    -1042.388680       13.7895
BFGS:   38 20:46:55    -1043.414910       13.2158
BFGS:   39 20:46:55    -1044.476525       12.3415
BFGS:   40 20:46:55    -1045.735258       11.5114
BFGS:   41 20:46:55    -1046.781551       10.4158
BFGS:   42 20:46:55    -1047.707663       10.0224
BFGS:   43 20:46:55    -1048.621804       11.9569
BFGS:   44 20:46:55    -1049.542402       14.5110
BFGS:   45 20:46:55    -1050.548842       16.2282
BFGS:   46 20:46:55    -1051.625293       18.4252
BFGS:   47 20:46:55    -1052.814153       18.6229
BFGS:   48 20:46:55    -1054.141776       19.0669
BFGS:   49 20:46:55    -1055.378968       18.7723
BFGS:   50 20:46:55    -1056.463260       17.3031
BFGS:   51 20:46:55    -1057.422261       16.8949
BFGS:   52 20:46:55    -1058.416355       13.4630
BFGS:   53 20:46:55    -1059.456339       11.8653
BFGS:   54 20:46:55    -1060.472440       11.0374
BFGS:   55 20:46:55    -1061.439581       10.9876
BFGS:   56 20:46:55    -1062.399968       11.6727
BFGS:   57 20:46:55    -1063.375114       11.8263
BFGS:   58 20:46:55    -1064.380544       11.5310
BFGS:   59 20:46:55    -1065.453027       11.0730
BFGS:   60 20:46:55    -1066.600220       11.0862
BFGS:   61 20:46:55    -1067.900631       11.3030
BFGS:   62 20:46:55    -1069.174227       11.4759
BFGS:   63 20:46:55    -1070.412390       11.9125
BFGS:   64 20:46:55    -1071.632210       12.3334
BFGS:   65 20:46:55    -1072.835521       12.7302
BFGS:   66 20:46:56    -1074.075846       12.9642
BFGS:   67 20:46:56    -1075.314968       12.8594
BFGS:   68 20:46:56    -1076.537542       12.5912
BFGS:   69 20:46:56    -1077.699122       12.1811
BFGS:   70 20:46:56    -1078.778656       11.3270
BFGS:   71 20:46:56    -1079.744022       11.2154
BFGS:   72 20:46:56    -1080.605448       11.3280
BFGS:   73 20:46:56    -1081.379051       11.2191
BFGS:   74 20:46:56    -1082.114844       11.0163
BFGS:   75 20:46:56    -1082.824257       10.5050
BFGS:   76 20:46:56    -1083.554087        9.6247
BFGS:   77 20:46:56    -1084.299386       10.5354
BFGS:   78 20:46:56    -1085.100588       12.9657
BFGS:   79 20:46:56    -1085.888687       15.9208
BFGS:   80 20:46:56    -1086.699910       18.9029
BFGS:   81 20:46:56    -1087.489884       20.8338
BFGS:   82 20:46:56    -1088.247200       20.6745
BFGS:   83 20:46:56    -1088.953867       20.1131
BFGS:   84 20:46:56    -1089.700051       18.5725
BFGS:   85 20:46:56    -1090.404611       18.0185
BFGS:   86 20:46:56    -1091.146370       16.0887
BFGS:   87 20:46:56    -1091.947089       16.0805
BFGS:   88 20:46:56    -1092.930333       12.6257
BFGS:   89 20:46:56    -1093.674851       12.3974
BFGS:   90 20:46:56    -1094.421489       10.9233
BFGS:   91 20:46:56    -1095.174283       10.8647
BFGS:   92 20:46:56    -1095.940994       12.1155
BFGS:   93 20:46:56    -1096.750487       13.1191
BFGS:   94 20:46:56    -1097.586678       14.3896
BFGS:   95 20:46:56    -1098.464215       15.4374
BFGS:   96 20:46:56    -1099.375889       18.4209
BFGS:   97 20:46:56    -1100.308507       20.4602
BFGS:   98 20:46:56    -1101.303996       23.1085
BFGS:   99 20:46:57    -1102.247846       25.6516
BFGS:  100 20:46:57    -1103.203634       27.8292
BFGS:  101 20:46:57    -1104.259934       29.8809
BFGS:  102 20:46:57    -1105.405209       31.6304
BFGS:  103 20:46:57    -1106.568408       32.6373
BFGS:  104 20:46:57    -1107.801039       32.5746
BFGS:  105 20:46:57    -1109.192530       31.0498
BFGS:  106 20:46:57    -1110.687076       28.3587
BFGS:  107 20:46:57    -1112.177113       25.5538
BFGS:  108 20:46:57    -1113.476697       23.2830
BFGS:  109 20:46:57    -1114.719689       21.4167
BFGS:  110 20:46:57    -1116.046538       19.8652
BFGS:  111 20:46:57    -1117.451659       18.2702
BFGS:  112 20:46:57    -1118.818761       16.7808
BFGS:  113 20:46:57    -1119.848343       14.2702
BFGS:  114 20:46:57    -1120.728941       13.9821
BFGS:  115 20:46:57    -1121.608795       12.7925
BFGS:  116 20:46:57    -1122.800399       12.9863
BFGS:  117 20:46:57    -1123.830590       12.7227
BFGS:  118 20:46:57    -1124.776293       13.9160
BFGS:  119 20:46:57    -1125.669878       14.5817
BFGS:  120 20:46:57    -1126.536394       13.1917
BFGS:  121 20:46:57    -1127.401233        9.4716
BFGS:  122 20:46:57    -1128.402632        7.9986
BFGS:  123 20:46:57    -1129.227453        7.6925
BFGS:  124 20:46:57    -1130.057593        6.8351
BFGS:  125 20:46:57    -1130.586914        6.0536
BFGS:  126 20:46:57    -1131.080444        5.8441
BFGS:  127 20:46:57    -1131.473104        4.9143
BFGS:  128 20:46:57    -1131.831107        5.4278
BFGS:  129 20:46:57    -1132.176377        5.9086
BFGS:  130 20:46:57    -1132.514655        6.4237
BFGS:  131 20:46:57    -1132.842982        7.5343
BFGS:  132 20:46:57    -1133.159018        8.0872
BFGS:  133 20:46:57    -1133.465497        8.0691
BFGS:  134 20:46:57    -1133.800191        7.4750
BFGS:  135 20:46:57    -1134.071277        6.4543
BFGS:  136 20:46:57    -1134.370877        6.6883
BFGS:  137 20:46:57    -1134.634287        5.2358
BFGS:  138 20:46:58    -1134.779321        3.6700
BFGS:  139 20:46:58    -1134.863333        3.6338
BFGS:  140 20:46:58    -1134.911628        2.8139
BFGS:  141 20:46:58    -1134.960056        2.2093
BFGS:  142 20:46:58    -1135.010051        2.5740
BFGS:  143 20:46:58    -1135.073906        1.9713
BFGS:  144 20:46:58    -1135.125142        1.9223
BFGS:  145 20:46:58    -1135.172601        1.5718
BFGS:  146 20:46:58    -1135.203217        1.6621
BFGS:  147 20:46:58    -1135.225685        1.5324
BFGS:  148 20:46:58    -1135.240911        1.2682
BFGS:  149 20:46:58    -1135.252685        0.9632
BFGS:  150 20:46:58    -1135.258208        0.8660
BFGS:  151 20:46:58    -1135.262847        0.6837
BFGS:  152 20:46:58    -1135.266573        0.5303
BFGS:  153 20:46:58    -1135.269559        0.5514
BFGS:  154 20:46:58    -1135.271682        0.4401
BFGS:  155 20:46:58    -1135.273455        0.3692
BFGS:  156 20:46:58    -1135.274879        0.3305
BFGS:  157 20:46:58    -1135.275676        0.3393
BFGS:  158 20:46:58    -1135.276087        0.3357
BFGS:  159 20:46:58    -1135.276379        0.3149
BFGS:  160 20:46:58    -1135.276780        0.2987
BFGS:  161 20:46:58    -1135.277278        0.2628
BFGS:  162 20:46:58    -1135.277863        0.1969
BFGS:  163 20:46:58    -1135.278316        0.1840
BFGS:  164 20:46:58    -1135.278650        0.1776
BFGS:  165 20:46:58    -1135.278860        0.1553
BFGS:  166 20:46:58    -1135.279100        0.1314
BFGS:  167 20:46:58    -1135.279238        0.1119
BFGS:  168 20:46:58    -1135.279317        0.1007
BFGS:  169 20:46:58    -1135.279349        0.1025
BFGS:  170 20:46:58    -1135.279369        0.1011
BFGS:  171 20:46:58    -1135.279387        0.0928
