      Step     Time          Energy         fmax
BFGS:    0 20:41:16     -738.562129       66.7370
BFGS:    1 20:41:16     -761.256253       83.5156
BFGS:    2 20:41:16     -771.376877       80.8010
BFGS:    3 20:41:16     -782.639407       84.1462
BFGS:    4 20:41:16     -793.033923       80.9187
BFGS:    5 20:41:16     -802.506001       81.5085
BFGS:    6 20:41:16     -810.863815       81.5120
BFGS:    7 20:41:16     -819.370156       82.2131
BFGS:    8 20:41:16     -828.427159       79.7592
BFGS:    9 20:41:16     -837.188846       76.8120
BFGS:   10 20:41:16     -847.680838       70.3776
BFGS:   11 20:41:16     -857.827181       70.6979
BFGS:   12 20:41:16     -866.350771       69.8497
BFGS:   13 20:41:16     -873.806714       70.5712
BFGS:   14 20:41:16     -881.166486       70.7782
BFGS:   15 20:41:16     -888.257104       70.9947
BFGS:   16 20:41:16     -896.607581       70.1582
BFGS:   17 20:41:16     -905.858515       70.3571
BFGS:   18 20:41:16     -915.033987       69.3573
BFGS:   19 20:41:16     -924.044883       67.2149
BFGS:   20 20:41:16     -933.668828       66.5265
BFGS:   21 20:41:16     -942.304602       66.0978
BFGS:   22 20:41:16     -951.012795       65.3835
BFGS:   23 20:41:17     -957.713155       65.4834
BFGS:   24 20:41:17     -966.995634       63.0730
BFGS:   25 20:41:17     -974.820623       63.5021
BFGS:   26 20:41:17     -983.067966       62.7591
BFGS:   27 20:41:17     -992.301732       60.4488
BFGS:   28 20:41:17    -1000.691235       58.1949
BFGS:   29 20:41:17    -1008.013006       56.1485
BFGS:   30 20:41:17    -1014.830974       52.2170
BFGS:   31 20:41:17    -1021.095718       49.2541
BFGS:   32 20:41:17    -1026.292102       46.1579
BFGS:   33 20:41:17    -1030.775018       41.3020
BFGS:   34 20:41:17    -1035.025177       40.6128
BFGS:   35 20:41:17    -1039.062132       34.0060
BFGS:   36 20:41:17    -1042.919820       32.2813
BFGS:   37 20:41:17    -1046.807750       29.1886
BFGS:   38 20:41:17    -1050.404621       24.9744
BFGS:   39 20:41:17    -1053.209097       22.5423
BFGS:   40 20:41:17    -1055.732491       20.1670
BFGS:   41 20:41:17    -1057.874517       18.2760
BFGS:   42 20:41:17    -1059.876908       16.8899
BFGS:   43 20:41:17    -1061.766209       15.4817
BFGS:   44 20:41:17    -1063.599532       14.2493
BFGS:   45 20:41:17    -1065.364601       13.1813
BFGS:   46 20:41:17    -1066.977764       12.3368
BFGS:   47 20:41:17    -1068.347888       11.7686
BFGS:   48 20:41:17    -1069.542316       11.3161
BFGS:   49 20:41:17    -1070.744847       10.8484
BFGS:   50 20:41:17    -1071.943250       11.9871
BFGS:   51 20:41:17    -1073.214847       14.4243
BFGS:   52 20:41:17    -1074.546273       16.3196
BFGS:   53 20:41:17    -1075.818874       17.2014
BFGS:   54 20:41:17    -1077.062432       17.4160
BFGS:   55 20:41:18    -1078.289393       16.8173
BFGS:   56 20:41:18    -1079.513096       15.4196
BFGS:   57 20:41:18    -1080.725616       15.4669
BFGS:   58 20:41:18    -1081.906413       16.8199
BFGS:   59 20:41:18    -1083.047637       17.0252
BFGS:   60 20:41:18    -1084.059042       18.4294
BFGS:   61 20:41:18    -1084.991520       16.8873
BFGS:   62 20:41:18    -1085.961213       16.8793
BFGS:   63 20:41:18    -1086.919114       16.5093
BFGS:   64 20:41:18    -1087.874371       15.7322
BFGS:   65 20:41:18    -1088.825387       15.1638
BFGS:   66 20:41:18    -1089.784824       15.7587
BFGS:   67 20:41:18    -1090.787039       15.4563
BFGS:   68 20:41:18    -1091.803207       15.3397
BFGS:   69 20:41:18    -1092.820159       14.5828
BFGS:   70 20:41:18    -1093.866957       13.4748
BFGS:   71 20:41:18    -1094.895007       13.2526
BFGS:   72 20:41:18    -1095.924063       14.1814
BFGS:   73 20:41:18    -1096.941104       14.3814
BFGS:   74 20:41:18    -1097.983962       13.5630
BFGS:   75 20:41:18    -1099.081299       12.3367
BFGS:   76 20:41:18    -1100.161833       12.5066
BFGS:   77 20:41:18    -1101.292339       12.3766
BFGS:   78 20:41:18    -1102.354235       12.2771
BFGS:   79 20:41:18    -1103.513496       11.4372
BFGS:   80 20:41:18    -1104.648865       10.4216
BFGS:   81 20:41:18    -1105.843048        9.3598
BFGS:   82 20:41:18    -1106.817097        8.8240
BFGS:   83 20:41:18    -1107.752585        8.9509
BFGS:   84 20:41:18    -1108.695223        8.1609
BFGS:   85 20:41:18    -1109.523233        8.4450
BFGS:   86 20:41:18    -1110.278816        9.4317
BFGS:   87 20:41:18    -1110.942520       11.4573
BFGS:   88 20:41:19    -1111.603083       12.6749
BFGS:   89 20:41:19    -1112.128228       12.0982
BFGS:   90 20:41:19    -1112.685521       11.6554
BFGS:   91 20:41:19    -1113.095847        9.0820
BFGS:   92 20:41:19    -1113.540693        7.6917
BFGS:   93 20:41:19    -1114.012982        6.9337
BFGS:   94 20:41:19    -1114.409869        6.0098
BFGS:   95 20:41:19    -1114.769987        5.9698
BFGS:   96 20:41:19    -1115.097114        6.2951
BFGS:   97 20:41:19    -1115.371948        6.4507
BFGS:   98 20:41:19    -1115.612641        4.9597
BFGS:   99 20:41:19    -1115.804791        4.4215
BFGS:  100 20:41:19    -1116.077005        3.2645
BFGS:  101 20:41:19    -1116.298973        3.4681
BFGS:  102 20:41:19    -1116.441807        3.9973
BFGS:  103 20:41:19    -1116.583312        3.4742
BFGS:  104 20:41:19    -1116.696074        3.5465
BFGS:  105 20:41:19    -1116.793713        4.9502
BFGS:  106 20:41:19    -1116.919410        3.9466
BFGS:  107 20:41:19    -1117.022716        3.7049
BFGS:  108 20:41:19    -1117.100047        3.1851
BFGS:  109 20:41:19    -1117.152653        2.9403
BFGS:  110 20:41:19    -1117.199745        2.7152
BFGS:  111 20:41:19    -1117.246490        3.3815
BFGS:  112 20:41:19    -1117.288922        3.7073
BFGS:  113 20:41:19    -1117.325091        3.7676
BFGS:  114 20:41:19    -1117.366063        3.8336
BFGS:  115 20:41:19    -1117.418889        3.9319
BFGS:  116 20:41:19    -1117.517859        4.5502
BFGS:  117 20:41:19    -1117.651360        5.5112
BFGS:  118 20:41:19    -1117.816756        6.6037
BFGS:  119 20:41:19    -1118.023837        7.1888
BFGS:  120 20:41:19    -1118.306775        6.8062
BFGS:  121 20:41:19    -1118.696943        6.2174
BFGS:  122 20:41:19    -1118.995131        5.7980
BFGS:  123 20:41:19    -1119.331572        5.1279
BFGS:  124 20:41:19    -1119.677642        4.1651
BFGS:  125 20:41:20    -1119.918741        3.7237
BFGS:  126 20:41:20    -1120.050479        4.2530
BFGS:  127 20:41:20    -1120.160070        4.3954
BFGS:  128 20:41:20    -1120.301097        3.6189
BFGS:  129 20:41:20    -1120.408650        3.0688
BFGS:  130 20:41:20    -1120.483554        3.1817
BFGS:  131 20:41:20    -1120.537059        3.0604
BFGS:  132 20:41:20    -1120.570279        2.8153
BFGS:  133 20:41:20    -1120.598205        2.7246
BFGS:  134 20:41:20    -1120.630932        2.4886
BFGS:  135 20:41:20    -1120.667452        2.3323
BFGS:  136 20:41:20    -1120.692135        2.1503
BFGS:  137 20:41:20    -1120.714154        2.1482
BFGS:  138 20:41:20    -1120.730742        2.0374
BFGS:  139 20:41:20    -1120.745386        1.7240
BFGS:  140 20:41:20    -1120.758948        1.8474
BFGS:  141 20:41:20    -1120.768516        1.7766
BFGS:  142 20:41:20    -1120.775277        1.7528
BFGS:  143 20:41:20    -1120.779572        1.5060
BFGS:  144 20:41:20    -1120.784512        1.2511
BFGS:  145 20:41:20    -1120.789056        1.2021
BFGS:  146 20:41:20    -1120.794898        1.2001
BFGS:  147 20:41:20    -1120.798844        1.2073
BFGS:  148 20:41:20    -1120.801358        1.2249
BFGS:  149 20:41:20    -1120.802723        1.2302
BFGS:  150 20:41:20    -1120.804282        1.2447
BFGS:  151 20:41:20    -1120.805652        1.3358
BFGS:  152 20:41:20    -1120.806864        1.3670
BFGS:  153 20:41:20    -1120.807580        1.3393
BFGS:  154 20:41:20    -1120.808173        1.2845
BFGS:  155 20:41:20    -1120.808724        1.2424
BFGS:  156 20:41:20    -1120.809273        1.2213
BFGS:  157 20:41:20    -1120.809769        1.2417
BFGS:  158 20:41:20    -1120.810222        1.2779
BFGS:  159 20:41:20    -1120.810590        1.3182
BFGS:  160 20:41:20    -1120.810895        1.3388
BFGS:  161 20:41:20    -1120.811165        1.3494
BFGS:  162 20:41:20    -1120.811564        1.3491
BFGS:  163 20:41:20    -1120.812240        1.3507
BFGS:  164 20:41:20    -1120.813450        1.3481
BFGS:  165 20:41:21    -1120.815011        1.3462
BFGS:  166 20:41:21    -1120.816415        1.3270
BFGS:  167 20:41:21    -1120.817360        1.3018
BFGS:  168 20:41:21    -1120.818050        1.2654
BFGS:  169 20:41:21    -1120.818724        1.2117
BFGS:  170 20:41:21    -1120.819377        1.1440
BFGS:  171 20:41:21    -1120.820006        1.1065
BFGS:  172 20:41:21    -1120.820517        1.1226
BFGS:  173 20:41:21    -1120.820967        1.1349
BFGS:  174 20:41:21    -1120.821231        1.1408
BFGS:  175 20:41:21    -1120.821415        1.1453
BFGS:  176 20:41:21    -1120.821502        1.1479
BFGS:  177 20:41:21    -1120.821555        1.1529
BFGS:  178 20:41:21    -1120.821569        1.1553
BFGS:  179 20:41:21    -1120.821707        1.1552
BFGS:  180 20:41:21    -1120.822114        1.1675
BFGS:  181 20:41:21    -1120.823081        1.1545
BFGS:  182 20:41:21    -1120.825392        1.1529
BFGS:  183 20:41:21    -1120.831072        1.0969
BFGS:  184 20:41:21    -1120.843795        1.0100
BFGS:  185 20:41:21    -1120.863033        0.9294
BFGS:  186 20:41:21    -1120.884583        0.8960
BFGS:  187 20:41:21    -1120.906985        0.9425
BFGS:  188 20:41:21    -1120.928432        1.0467
BFGS:  189 20:41:21    -1120.950008        1.1965
BFGS:  190 20:41:21    -1120.970305        1.3989
BFGS:  191 20:41:21    -1120.990440        1.8402
BFGS:  192 20:41:21    -1121.008648        2.2951
BFGS:  193 20:41:21    -1121.024505        2.5705
BFGS:  194 20:41:21    -1121.032215        2.3491
BFGS:  195 20:41:21    -1121.036446        2.3215
BFGS:  196 20:41:21    -1121.038822        2.2932
BFGS:  197 20:41:21    -1121.040571        2.3046
BFGS:  198 20:41:21    -1121.041450        2.3091
BFGS:  199 20:41:21    -1121.041989        2.3393
BFGS:  200 20:41:21    -1121.042135        2.3255
BFGS:  201 20:41:21    -1121.042268        2.3273
BFGS:  202 20:41:21    -1121.042343        2.3212
BFGS:  203 20:41:21    -1121.042512        2.3205
BFGS:  204 20:41:22    -1121.042772        2.3149
BFGS:  205 20:41:22    -1121.043409        2.3170
BFGS:  206 20:41:22    -1121.044877        2.3164
BFGS:  207 20:41:22    -1121.048565        2.3138
BFGS:  208 20:41:22    -1121.057346        2.2770
BFGS:  209 20:41:22    -1121.077400        2.1010
BFGS:  210 20:41:22    -1121.114291        1.7504
BFGS:  211 20:41:22    -1121.168686        1.5965
BFGS:  212 20:41:22    -1121.228146        1.2629
BFGS:  213 20:41:22    -1121.259727        1.1345
BFGS:  214 20:41:22    -1121.282172        0.8702
BFGS:  215 20:41:22    -1121.286904        0.7688
BFGS:  216 20:41:22    -1121.290653        0.8969
BFGS:  217 20:41:22    -1121.292216        0.8944
BFGS:  218 20:41:22    -1121.294407        0.9542
BFGS:  219 20:41:22    -1121.295419        0.9477
BFGS:  220 20:41:22    -1121.299331        0.9056
BFGS:  221 20:41:22    -1121.305098        0.8024
BFGS:  222 20:41:22    -1121.316628        0.7296
BFGS:  223 20:41:22    -1121.329082        0.6253
BFGS:  224 20:41:22    -1121.336657        0.5118
BFGS:  225 20:41:22    -1121.339306        0.4343
BFGS:  226 20:41:22    -1121.340064        0.3952
BFGS:  227 20:41:22    -1121.340472        0.3869
BFGS:  228 20:41:22    -1121.340701        0.3774
BFGS:  229 20:41:22    -1121.340850        0.3867
BFGS:  230 20:41:22    -1121.340926        0.3813
BFGS:  231 20:41:22    -1121.340973        0.3824
BFGS:  232 20:41:22    -1121.340979        0.3830
BFGS:  233 20:41:22    -1121.340995        0.3810
BFGS:  234 20:41:22    -1121.341010        0.3810
BFGS:  235 20:41:22    -1121.341059        0.3793
BFGS:  236 20:41:22    -1121.341168        0.3755
BFGS:  237 20:41:22    -1121.341441        0.3617
BFGS:  238 20:41:22    -1121.342050        0.3522
BFGS:  239 20:41:22    -1121.343222        0.3407
BFGS:  240 20:41:22    -1121.344767        0.2927
BFGS:  241 20:41:22    -1121.345860        0.1726
BFGS:  242 20:41:23    -1121.346203        0.1167
BFGS:  243 20:41:23    -1121.346275        0.1173
BFGS:  244 20:41:23    -1121.346307        0.1229
BFGS:  245 20:41:23    -1121.346326        0.1314
BFGS:  246 20:41:23    -1121.346338        0.1399
BFGS:  247 20:41:23    -1121.346346        0.1479
BFGS:  248 20:41:23    -1121.346350        0.1523
BFGS:  249 20:41:23    -1121.346353        0.1567
BFGS:  250 20:41:23    -1121.346353        0.1570
BFGS:  251 20:41:23    -1121.346358        0.1577
BFGS:  252 20:41:23    -1121.346364        0.1574
BFGS:  253 20:41:23    -1121.346378        0.1556
BFGS:  254 20:41:23    -1121.346408        0.1513
BFGS:  255 20:41:23    -1121.346480        0.1412
BFGS:  256 20:41:23    -1121.346637        0.1319
BFGS:  257 20:41:23    -1121.346930        0.1269
BFGS:  258 20:41:23    -1121.347307        0.0999
