      Step     Time          Energy         fmax
BFGS:    0 20:49:20     -781.821758      217.3258
BFGS:    1 20:49:20     -825.969510      186.5176
BFGS:    2 20:49:20     -851.987697      172.0566
BFGS:    3 20:49:20     -878.385475      148.2953
BFGS:    4 20:49:20     -899.816585      143.7156
BFGS:    5 20:49:20     -913.916010      143.6553
BFGS:    6 20:49:20     -925.544762      127.2354
BFGS:    7 20:49:20     -938.228053      120.6895
BFGS:    8 20:49:20     -949.804624      108.4195
BFGS:    9 20:49:21     -960.525973       98.3233
BFGS:   10 20:49:21     -970.800130       87.2060
BFGS:   11 20:49:21     -980.997440       77.6137
BFGS:   12 20:49:21     -988.882407       71.1569
BFGS:   13 20:49:21     -996.789465       62.7586
BFGS:   14 20:49:21    -1003.941714       55.3958
BFGS:   15 20:49:21    -1009.560630       48.6144
BFGS:   16 20:49:21    -1014.980746       40.8025
BFGS:   17 20:49:21    -1019.791647       37.3287
BFGS:   18 20:49:21    -1023.829089       32.9212
BFGS:   19 20:49:21    -1027.040388       31.4366
BFGS:   20 20:49:21    -1029.157963       30.4002
BFGS:   21 20:49:21    -1030.862452       29.0844
BFGS:   22 20:49:21    -1032.373872       30.0936
BFGS:   23 20:49:21    -1033.878772       28.6318
BFGS:   24 20:49:21    -1035.423677       29.2903
BFGS:   25 20:49:21    -1037.132724       26.9878
BFGS:   26 20:49:21    -1038.717048       28.4930
BFGS:   27 20:49:21    -1040.127585       26.7348
BFGS:   28 20:49:21    -1041.474982       27.3836
BFGS:   29 20:49:21    -1042.841198       27.1726
BFGS:   30 20:49:21    -1044.159337       26.8634
BFGS:   31 20:49:21    -1045.264463       26.1534
BFGS:   32 20:49:21    -1046.206394       24.1389
BFGS:   33 20:49:22    -1047.070603       23.4896
BFGS:   34 20:49:22    -1047.865821       22.9577
BFGS:   35 20:49:22    -1048.614126       22.8420
BFGS:   36 20:49:22    -1049.327802       22.5201
BFGS:   37 20:49:22    -1050.037407       22.2996
BFGS:   38 20:49:22    -1050.732148       21.8982
BFGS:   39 20:49:22    -1051.433817       21.6761
BFGS:   40 20:49:22    -1052.134422       21.5329
BFGS:   41 20:49:22    -1052.825868       21.4874
BFGS:   42 20:49:22    -1053.491671       21.5232
BFGS:   43 20:49:22    -1054.115715       21.6206
BFGS:   44 20:49:22    -1054.703992       21.8205
BFGS:   45 20:49:22    -1055.276700       22.0502
BFGS:   46 20:49:22    -1055.842013       22.3037
BFGS:   47 20:49:22    -1056.400861       22.5325
BFGS:   48 20:49:22    -1056.959902       22.6846
BFGS:   49 20:49:22    -1057.534390       22.6819
BFGS:   50 20:49:22    -1058.144530       22.3954
BFGS:   51 20:49:22    -1058.830896       22.0433
BFGS:   52 20:49:22    -1059.587210       21.5855
BFGS:   53 20:49:22    -1060.386496       21.0501
BFGS:   54 20:49:22    -1061.191565       20.0974
BFGS:   55 20:49:22    -1061.972501       19.3338
BFGS:   56 20:49:22    -1062.681362       18.5465
BFGS:   57 20:49:22    -1063.313011       18.0315
BFGS:   58 20:49:23    -1063.892937       17.6214
BFGS:   59 20:49:23    -1064.442403       17.2942
BFGS:   60 20:49:23    -1064.976075       16.9774
BFGS:   61 20:49:23    -1065.544857       16.4906
BFGS:   62 20:49:23    -1066.140561       15.9559
BFGS:   63 20:49:23    -1066.847784       14.9323
BFGS:   64 20:49:23    -1067.601149       13.9616
BFGS:   65 20:49:23    -1068.411891       12.4344
BFGS:   66 20:49:23    -1069.214229       11.3191
BFGS:   67 20:49:23    -1069.987569        9.6672
BFGS:   68 20:49:23    -1070.742303        8.5682
BFGS:   69 20:49:23    -1071.467758        8.2858
BFGS:   70 20:49:23    -1072.191899        9.0579
BFGS:   71 20:49:23    -1072.911650       10.0128
BFGS:   72 20:49:23    -1073.648757       11.1188
BFGS:   73 20:49:23    -1074.384284       12.0683
BFGS:   74 20:49:23    -1075.059274       12.6085
BFGS:   75 20:49:23    -1075.689304       12.8610
BFGS:   76 20:49:23    -1076.295463       12.8903
BFGS:   77 20:49:23    -1076.902177       12.6560
BFGS:   78 20:49:23    -1077.533518       12.1622
BFGS:   79 20:49:23    -1078.208702       11.4602
BFGS:   80 20:49:23    -1078.849890       10.6431
BFGS:   81 20:49:23    -1079.446374        9.8468
BFGS:   82 20:49:23    -1080.012490        8.8657
BFGS:   83 20:49:23    -1080.561074        8.0707
BFGS:   84 20:49:23    -1081.086593        6.8064
BFGS:   85 20:49:24    -1081.596293        6.0868
BFGS:   86 20:49:24    -1082.032301        6.4880
BFGS:   87 20:49:24    -1082.310254        7.2694
BFGS:   88 20:49:24    -1082.561841        7.1756
BFGS:   89 20:49:24    -1082.839661        7.0678
BFGS:   90 20:49:24    -1083.119052        7.0393
BFGS:   91 20:49:24    -1083.404740        6.7070
BFGS:   92 20:49:24    -1083.716344        5.6110
BFGS:   93 20:49:24    -1084.010921        6.2638
BFGS:   94 20:49:24    -1084.325413        5.6472
BFGS:   95 20:49:24    -1084.617645        6.1128
BFGS:   96 20:49:24    -1084.905481        5.5805
BFGS:   97 20:49:24    -1085.156841        5.3515
BFGS:   98 20:49:24    -1085.400045        5.8614
BFGS:   99 20:49:24    -1085.598773        5.1311
BFGS:  100 20:49:24    -1085.894518        5.0037
BFGS:  101 20:49:24    -1086.288782        4.8710
BFGS:  102 20:49:24    -1086.607167        4.7170
BFGS:  103 20:49:24    -1086.838385        4.6156
BFGS:  104 20:49:24    -1087.097200        4.3772
BFGS:  105 20:49:24    -1087.305249        4.4906
BFGS:  106 20:49:24    -1087.533335        5.0288
BFGS:  107 20:49:24    -1087.744263        5.2674
BFGS:  108 20:49:24    -1087.968244        5.1402
BFGS:  109 20:49:24    -1088.220858        4.9930
BFGS:  110 20:49:24    -1088.502922        5.0994
BFGS:  111 20:49:24    -1088.807806        4.1699
BFGS:  112 20:49:24    -1089.123487        4.3136
BFGS:  113 20:49:24    -1089.456078        5.0160
BFGS:  114 20:49:24    -1089.787507        5.1453
BFGS:  115 20:49:24    -1090.087692        5.7723
BFGS:  116 20:49:25    -1090.348046        6.2384
BFGS:  117 20:49:25    -1090.601484        6.1963
BFGS:  118 20:49:25    -1090.813105        6.3013
BFGS:  119 20:49:25    -1091.034183        6.3031
BFGS:  120 20:49:25    -1091.226504        6.5534
BFGS:  121 20:49:25    -1091.469548        6.3212
BFGS:  122 20:49:25    -1091.660990        6.2165
BFGS:  123 20:49:25    -1091.966432        5.4990
BFGS:  124 20:49:25    -1092.178570        4.9164
BFGS:  125 20:49:25    -1092.424528        4.9998
BFGS:  126 20:49:25    -1092.613484        4.9181
BFGS:  127 20:49:25    -1092.837446        4.7732
BFGS:  128 20:49:25    -1093.045843        4.6807
BFGS:  129 20:49:25    -1093.230542        4.8022
BFGS:  130 20:49:25    -1093.416876        5.0528
BFGS:  131 20:49:25    -1093.587312        5.2200
BFGS:  132 20:49:25    -1093.795498        5.3840
BFGS:  133 20:49:25    -1093.910616        3.6882
BFGS:  134 20:49:25    -1094.020168        3.7490
BFGS:  135 20:49:25    -1094.153504        4.6080
BFGS:  136 20:49:25    -1094.272233        4.8860
BFGS:  137 20:49:25    -1094.451255        6.5985
BFGS:  138 20:49:25    -1094.640402        6.7349
BFGS:  139 20:49:25    -1094.802225        7.3133
BFGS:  140 20:49:25    -1094.949338        8.9671
BFGS:  141 20:49:25    -1095.067462        6.8932
BFGS:  142 20:49:25    -1095.314163        7.6184
BFGS:  143 20:49:25    -1095.568095        6.9025
BFGS:  144 20:49:25    -1095.816479        6.8499
BFGS:  145 20:49:25    -1096.094619        5.6985
BFGS:  146 20:49:25    -1096.394579        5.6049
BFGS:  147 20:49:25    -1096.712668        5.3074
BFGS:  148 20:49:25    -1096.958773        6.0584
BFGS:  149 20:49:26    -1097.243063        5.8769
BFGS:  150 20:49:26    -1097.561238        5.5542
BFGS:  151 20:49:26    -1097.855315        5.2872
BFGS:  152 20:49:26    -1098.090080        5.8853
BFGS:  153 20:49:26    -1098.342378        5.4513
BFGS:  154 20:49:26    -1098.612863        5.5529
BFGS:  155 20:49:26    -1098.858158        6.2470
BFGS:  156 20:49:26    -1099.016466        7.0233
BFGS:  157 20:49:26    -1099.271579        6.9364
BFGS:  158 20:49:26    -1099.493706        9.9643
BFGS:  159 20:49:26    -1100.035949        6.6599
BFGS:  160 20:49:26    -1100.497437        6.5068
BFGS:  161 20:49:26    -1100.968826        6.4888
BFGS:  162 20:49:26    -1101.267674        5.7902
BFGS:  163 20:49:26    -1101.516162        5.6577
BFGS:  164 20:49:26    -1101.775180        4.8957
BFGS:  165 20:49:26    -1102.035016        4.1528
BFGS:  166 20:49:26    -1102.273471        4.5222
BFGS:  167 20:49:26    -1102.488244        5.2600
BFGS:  168 20:49:26    -1102.686697        6.1561
BFGS:  169 20:49:26    -1102.871078        6.2622
BFGS:  170 20:49:26    -1103.059868        5.4660
BFGS:  171 20:49:26    -1103.217055        4.9049
BFGS:  172 20:49:26    -1103.363746        4.2462
BFGS:  173 20:49:26    -1103.471339        3.7529
BFGS:  174 20:49:26    -1103.549653        3.7007
BFGS:  175 20:49:26    -1103.665633        3.6621
BFGS:  176 20:49:26    -1103.803460        3.4943
BFGS:  177 20:49:26    -1103.909227        5.9874
BFGS:  178 20:49:26    -1104.057605        4.9681
BFGS:  179 20:49:26    -1104.220982        3.1589
BFGS:  180 20:49:26    -1104.339629        2.8683
BFGS:  181 20:49:26    -1104.383612        2.3553
BFGS:  182 20:49:26    -1104.424958        2.1952
BFGS:  183 20:49:26    -1104.443065        2.6891
BFGS:  184 20:49:27    -1104.459296        2.1654
BFGS:  185 20:49:27    -1104.473915        2.7675
BFGS:  186 20:49:27    -1104.480077        2.1648
BFGS:  187 20:49:27    -1104.497800        2.0360
BFGS:  188 20:49:27    -1104.513098        2.0550
BFGS:  189 20:49:27    -1104.527908        2.8258
BFGS:  190 20:49:27    -1104.542172        1.9761
BFGS:  191 20:49:27    -1104.550791        1.9293
BFGS:  192 20:49:27    -1104.556381        2.5479
BFGS:  193 20:49:27    -1104.559529        1.7441
BFGS:  194 20:49:27    -1104.562724        1.7656
BFGS:  195 20:49:27    -1104.570419        2.3876
BFGS:  196 20:49:27    -1104.573537        1.8469
BFGS:  197 20:49:27    -1104.581107        1.8843
BFGS:  198 20:49:27    -1104.593021        2.0052
BFGS:  199 20:49:27    -1104.609392        2.7019
BFGS:  200 20:49:27    -1104.631734        2.9761
BFGS:  201 20:49:27    -1104.670576        3.0535
BFGS:  202 20:49:27    -1104.691662        2.3681
BFGS:  203 20:49:27    -1104.700987        2.9478
BFGS:  204 20:49:27    -1104.728588        2.5097
BFGS:  205 20:49:27    -1104.746551        2.4677
BFGS:  206 20:49:27    -1104.767659        2.5005
BFGS:  207 20:49:27    -1104.780572        2.5287
BFGS:  208 20:49:27    -1104.797678        2.5594
BFGS:  209 20:49:27    -1104.816739        2.7380
BFGS:  210 20:49:27    -1104.834781        3.0605
BFGS:  211 20:49:27    -1104.847474        3.0366
BFGS:  212 20:49:27    -1104.859562        2.7484
BFGS:  213 20:49:27    -1104.866636        2.3990
BFGS:  214 20:49:27    -1104.875589        1.9902
BFGS:  215 20:49:27    -1104.886065        1.8567
BFGS:  216 20:49:27    -1104.896702        1.8760
BFGS:  217 20:49:27    -1104.905789        1.8964
BFGS:  218 20:49:27    -1104.915508        1.8227
BFGS:  219 20:49:28    -1104.924712        1.7860
BFGS:  220 20:49:28    -1104.934536        1.6591
BFGS:  221 20:49:28    -1104.944928        1.4938
BFGS:  222 20:49:28    -1104.951644        1.3690
BFGS:  223 20:49:28    -1104.959669        1.3107
BFGS:  224 20:49:28    -1104.965536        1.2474
BFGS:  225 20:49:28    -1104.972294        1.1963
BFGS:  226 20:49:28    -1104.978853        1.6602
BFGS:  227 20:49:28    -1104.985947        0.9899
BFGS:  228 20:49:28    -1104.998392        1.8516
BFGS:  229 20:49:28    -1105.018545        2.2418
BFGS:  230 20:49:28    -1105.032360        3.2304
BFGS:  231 20:49:28    -1105.048826        3.4084
BFGS:  232 20:49:28    -1105.097533        3.5495
BFGS:  233 20:49:28    -1105.152206        3.8605
BFGS:  234 20:49:28    -1105.250892        3.8752
BFGS:  235 20:49:28    -1105.319803        2.9048
BFGS:  236 20:49:28    -1105.357053        2.2203
BFGS:  237 20:49:28    -1105.411083        2.0973
BFGS:  238 20:49:28    -1105.439341        1.3886
BFGS:  239 20:49:28    -1105.450676        1.3481
BFGS:  240 20:49:28    -1105.458459        1.5446
BFGS:  241 20:49:28    -1105.460898        1.5440
BFGS:  242 20:49:28    -1105.463734        1.6389
BFGS:  243 20:49:28    -1105.465517        1.6097
BFGS:  244 20:49:28    -1105.468506        1.5582
BFGS:  245 20:49:28    -1105.471292        1.4522
BFGS:  246 20:49:28    -1105.475402        1.2512
BFGS:  247 20:49:28    -1105.479600        1.2259
BFGS:  248 20:49:28    -1105.484419        2.4913
BFGS:  249 20:49:28    -1105.488676        2.5037
BFGS:  250 20:49:28    -1105.494110        1.0699
BFGS:  251 20:49:28    -1105.496124        2.5373
BFGS:  252 20:49:28    -1105.498429        1.1272
BFGS:  253 20:49:28    -1105.500241        1.1697
BFGS:  254 20:49:29    -1105.502919        1.2141
BFGS:  255 20:49:29    -1105.505094        1.2050
BFGS:  256 20:49:29    -1105.507593        1.1186
BFGS:  257 20:49:29    -1105.510414        1.0197
BFGS:  258 20:49:29    -1105.514788        0.8507
BFGS:  259 20:49:29    -1105.521737        0.7796
BFGS:  260 20:49:29    -1105.531391        0.7433
BFGS:  261 20:49:29    -1105.542057        0.6266
BFGS:  262 20:49:29    -1105.549518        0.5008
BFGS:  263 20:49:29    -1105.552580        0.5398
BFGS:  264 20:49:29    -1105.553883        0.5342
BFGS:  265 20:49:29    -1105.554694        0.4908
BFGS:  266 20:49:29    -1105.555218        0.4613
BFGS:  267 20:49:29    -1105.555671        0.4303
BFGS:  268 20:49:29    -1105.556096        0.4000
BFGS:  269 20:49:29    -1105.556591        0.4189
BFGS:  270 20:49:29    -1105.557116        0.4156
BFGS:  271 20:49:29    -1105.557735        0.4054
BFGS:  272 20:49:29    -1105.558484        0.4069
BFGS:  273 20:49:29    -1105.559541        0.3940
BFGS:  274 20:49:29    -1105.561137        0.3676
BFGS:  275 20:49:29    -1105.563251        0.3199
BFGS:  276 20:49:29    -1105.565277        0.2311
BFGS:  277 20:49:29    -1105.566514        0.1265
BFGS:  278 20:49:29    -1105.567057        0.1216
BFGS:  279 20:49:29    -1105.567335        0.1017
BFGS:  280 20:49:29    -1105.567514        0.0556
