      Step     Time          Energy         fmax
BFGS:    0 20:45:08     -773.308951      242.7193
BFGS:    1 20:45:08     -823.202532      181.5337
BFGS:    2 20:45:08     -843.358100      179.2224
BFGS:    3 20:45:08     -861.510834      174.6534
BFGS:    4 20:45:08     -879.256096      164.2436
BFGS:    5 20:45:08     -895.774532      156.7510
BFGS:    6 20:45:08     -910.042273      141.1033
BFGS:    7 20:45:08     -920.534458      132.2137
BFGS:    8 20:45:08     -928.067098      124.2066
BFGS:    9 20:45:08     -935.258938      118.6850
BFGS:   10 20:45:08     -942.419727      110.7668
BFGS:   11 20:45:08     -949.715668      107.8458
BFGS:   12 20:45:08     -957.264711       99.2113
BFGS:   13 20:45:09     -964.017747       92.8800
BFGS:   14 20:45:09     -970.267455       86.3165
BFGS:   15 20:45:09     -976.127024       81.6682
BFGS:   16 20:45:09     -981.234899       76.0892
BFGS:   17 20:45:09     -985.882821       72.5792
BFGS:   18 20:45:09     -990.237951       68.1654
BFGS:   19 20:45:09     -994.195886       65.8723
BFGS:   20 20:45:09     -997.887097       61.8136
BFGS:   21 20:45:09    -1001.304666       59.0543
BFGS:   22 20:45:09    -1004.701006       55.9646
BFGS:   23 20:45:09    -1007.995179       52.9642
BFGS:   24 20:45:09    -1011.398839       50.3158
BFGS:   25 20:45:09    -1015.129269       47.3438
BFGS:   26 20:45:09    -1018.460890       44.4014
BFGS:   27 20:45:09    -1021.324188       41.6024
BFGS:   28 20:45:09    -1023.987132       38.8943
BFGS:   29 20:45:09    -1026.437093       36.0985
BFGS:   30 20:45:09    -1028.963687       34.1422
BFGS:   31 20:45:09    -1031.530705       32.4481
BFGS:   32 20:45:09    -1034.324734       30.6841
BFGS:   33 20:45:09    -1037.405991       28.8277
BFGS:   34 20:45:09    -1041.045057       26.5383
BFGS:   35 20:45:09    -1044.105370       24.3841
BFGS:   36 20:45:09    -1046.691393       21.5778
BFGS:   37 20:45:09    -1049.252623       19.5560
BFGS:   38 20:45:09    -1051.750330       18.4848
BFGS:   39 20:45:10    -1054.052011       18.2437
BFGS:   40 20:45:10    -1056.281485       18.8940
BFGS:   41 20:45:10    -1058.695931       19.4184
BFGS:   42 20:45:10    -1061.163368       19.7069
BFGS:   43 20:45:10    -1063.448259       19.4060
BFGS:   44 20:45:10    -1065.451540       19.3579
BFGS:   45 20:45:10    -1067.292611       18.2552
BFGS:   46 20:45:10    -1069.028597       17.5308
BFGS:   47 20:45:10    -1070.715274       16.7500
BFGS:   48 20:45:10    -1072.363977       16.3121
BFGS:   49 20:45:10    -1074.039792       15.8752
BFGS:   50 20:45:10    -1075.698114       15.4801
BFGS:   51 20:45:10    -1077.311902       15.2554
BFGS:   52 20:45:10    -1079.029114       14.5017
BFGS:   53 20:45:10    -1080.478432       14.4228
BFGS:   54 20:45:10    -1081.744059       14.4254
BFGS:   55 20:45:10    -1082.807918       12.7042
BFGS:   56 20:45:10    -1083.620365       11.6664
BFGS:   57 20:45:10    -1084.293269        8.9873
BFGS:   58 20:45:10    -1084.897596        7.6643
BFGS:   59 20:45:10    -1085.518755        7.1787
BFGS:   60 20:45:10    -1086.185699        7.6626
BFGS:   61 20:45:10    -1086.849896        8.4331
BFGS:   62 20:45:10    -1087.387578        8.6605
BFGS:   63 20:45:10    -1087.811941        8.3349
BFGS:   64 20:45:10    -1088.263114        7.9703
BFGS:   65 20:45:10    -1088.599115        8.1865
BFGS:   66 20:45:10    -1089.130313       10.1255
BFGS:   67 20:45:10    -1089.655994       11.7984
BFGS:   68 20:45:10    -1090.251851       12.7741
BFGS:   69 20:45:10    -1091.059877       12.9825
BFGS:   70 20:45:11    -1091.688173       11.0141
BFGS:   71 20:45:11    -1092.353047        8.3041
BFGS:   72 20:45:11    -1092.881378        6.8731
BFGS:   73 20:45:11    -1093.371316        5.8743
BFGS:   74 20:45:11    -1093.871435        5.7683
BFGS:   75 20:45:11    -1094.312719        5.7805
BFGS:   76 20:45:11    -1094.757949        5.2138
BFGS:   77 20:45:11    -1095.214890        4.3054
BFGS:   78 20:45:11    -1095.658273        5.5392
BFGS:   79 20:45:11    -1096.105086        6.6756
BFGS:   80 20:45:11    -1096.547228        7.7820
BFGS:   81 20:45:11    -1097.016370        7.7494
BFGS:   82 20:45:11    -1097.468756        7.3742
BFGS:   83 20:45:11    -1097.940071        5.4657
BFGS:   84 20:45:11    -1098.350317        3.7601
BFGS:   85 20:45:11    -1098.682776        3.6548
BFGS:   86 20:45:11    -1098.835444        3.0416
BFGS:   87 20:45:11    -1098.941715        3.1750
BFGS:   88 20:45:11    -1099.014355        3.0043
BFGS:   89 20:45:11    -1099.085015        2.6689
BFGS:   90 20:45:11    -1099.152718        1.8175
BFGS:   91 20:45:11    -1099.188445        1.8000
BFGS:   92 20:45:11    -1099.213359        1.7924
BFGS:   93 20:45:11    -1099.241656        1.7428
BFGS:   94 20:45:11    -1099.270812        1.6525
BFGS:   95 20:45:11    -1099.305264        1.8602
BFGS:   96 20:45:11    -1099.347797        1.7395
BFGS:   97 20:45:11    -1099.428021        2.3514
BFGS:   98 20:45:11    -1099.473057        2.5855
BFGS:   99 20:45:11    -1099.534091        2.1252
BFGS:  100 20:45:11    -1099.574145        2.0711
BFGS:  101 20:45:12    -1099.590453        2.2302
BFGS:  102 20:45:12    -1099.613372        2.3283
BFGS:  103 20:45:12    -1099.633510        2.4489
BFGS:  104 20:45:12    -1099.655730        2.4797
BFGS:  105 20:45:12    -1099.677367        2.6832
BFGS:  106 20:45:12    -1099.698281        2.2318
BFGS:  107 20:45:12    -1099.727402        2.0208
BFGS:  108 20:45:12    -1099.771646        2.0131
BFGS:  109 20:45:12    -1099.812033        1.9909
BFGS:  110 20:45:12    -1099.842540        1.9737
BFGS:  111 20:45:12    -1099.878435        2.2515
BFGS:  112 20:45:12    -1099.916104        2.6047
BFGS:  113 20:45:12    -1099.973888        2.6462
BFGS:  114 20:45:12    -1100.043509        2.9280
BFGS:  115 20:45:12    -1100.085238        1.5402
BFGS:  116 20:45:12    -1100.126693        2.2544
BFGS:  117 20:45:12    -1100.124648        2.2341
BFGS:  118 20:45:12    -1100.180575        1.7776
BFGS:  119 20:45:12    -1100.199309        2.0282
BFGS:  120 20:45:12    -1100.222454        1.9986
BFGS:  121 20:45:12    -1100.254450        1.8298
BFGS:  122 20:45:12    -1100.264321        1.5720
BFGS:  123 20:45:12    -1100.279863        1.3088
BFGS:  124 20:45:12    -1100.288046        1.3734
BFGS:  125 20:45:12    -1100.300897        1.3997
BFGS:  126 20:45:12    -1100.307907        1.2733
BFGS:  127 20:45:12    -1100.316580        1.5875
BFGS:  128 20:45:12    -1100.320456        1.5274
BFGS:  129 20:45:12    -1100.325163        1.4692
BFGS:  130 20:45:12    -1100.327228        1.3909
BFGS:  131 20:45:12    -1100.329193        1.3540
BFGS:  132 20:45:12    -1100.331143        1.3711
BFGS:  133 20:45:13    -1100.334253        1.3436
BFGS:  134 20:45:13    -1100.338783        1.3049
BFGS:  135 20:45:13    -1100.345150        1.2241
BFGS:  136 20:45:13    -1100.353148        0.9457
BFGS:  137 20:45:13    -1100.360591        0.5354
BFGS:  138 20:45:13    -1100.365310        0.4659
BFGS:  139 20:45:13    -1100.367267        0.4719
BFGS:  140 20:45:13    -1100.368353        0.4833
BFGS:  141 20:45:13    -1100.369167        0.5487
BFGS:  142 20:45:13    -1100.369873        0.6187
BFGS:  143 20:45:13    -1100.370364        0.6210
BFGS:  144 20:45:13    -1100.370755        0.6197
BFGS:  145 20:45:13    -1100.371000        0.5880
BFGS:  146 20:45:13    -1100.371295        0.5572
BFGS:  147 20:45:13    -1100.371499        0.5290
BFGS:  148 20:45:13    -1100.371701        0.5251
BFGS:  149 20:45:13    -1100.371802        0.5336
BFGS:  150 20:45:13    -1100.371910        0.5586
BFGS:  151 20:45:13    -1100.050466        4.7434
BFGS:  152 20:45:13    -1100.372010        0.6308
BFGS:  153 20:45:13    -1100.372180        0.6678
BFGS:  154 20:45:13    -1100.372220        0.6687
BFGS:  155 20:45:13    -1100.372313        0.6521
BFGS:  156 20:45:13    -1100.372444        0.6291
BFGS:  157 20:45:13    -1100.372779        0.5764
BFGS:  158 20:45:13    -1100.373325        0.5017
BFGS:  159 20:45:13    -1100.374053        0.4125
BFGS:  160 20:45:13    -1100.374568        0.3655
BFGS:  161 20:45:13    -1100.374749        0.3787
BFGS:  162 20:45:13    -1100.374793        0.3998
BFGS:  163 20:45:13    -1100.374809        0.4115
BFGS:  164 20:45:13    -1100.374817        0.4179
BFGS:  165 20:45:14    -1100.374819        0.4200
BFGS:  166 20:45:14    -1100.374820        0.4204
BFGS:  167 20:45:14    -1100.374820        0.4201
BFGS:  168 20:45:14    -1100.374820        0.4198
BFGS:  169 20:45:14    -1100.374820        0.4196
BFGS:  170 20:45:14    -1100.374821        0.4194
BFGS:  171 20:45:14    -1100.374824        0.4182
BFGS:  172 20:45:14    -1100.374834        0.4164
BFGS:  173 20:45:14    -1100.374856        0.4129
BFGS:  174 20:45:14    -1100.374915        0.4058
BFGS:  175 20:45:14    -1100.375060        0.3905
BFGS:  176 20:45:14    -1100.375410        0.3591
BFGS:  177 20:45:14    -1100.376143        0.3047
BFGS:  178 20:45:14    -1100.377281        0.2515
BFGS:  179 20:45:14    -1100.378280        0.2092
BFGS:  180 20:45:14    -1100.378662        0.1556
BFGS:  181 20:45:14    -1100.378749        0.1753
BFGS:  182 20:45:14    -1100.378787        0.1863
BFGS:  183 20:45:14    -1100.378804        0.2007
BFGS:  184 20:45:14    -1100.378809        0.2047
BFGS:  185 20:45:14    -1100.378821        0.2174
BFGS:  186 20:45:14    -1100.378832        0.2227
BFGS:  187 20:45:14    -1100.378877        0.2350
BFGS:  188 20:45:14    -1100.378969        0.2434
BFGS:  189 20:45:14    -1100.379184        0.2407
BFGS:  190 20:45:14    -1100.379541        0.2208
BFGS:  191 20:45:14    -1100.379917        0.1440
BFGS:  192 20:45:14    -1100.380092        0.0922
