      Step     Time          Energy         fmax
BFGS:    0 20:47:43     -816.226211      130.7918
BFGS:    1 20:47:43     -847.587685      114.6811
BFGS:    2 20:47:43     -863.676482      111.1350
BFGS:    3 20:47:43     -878.094358      109.4227
BFGS:    4 20:47:43     -892.446148      110.2989
BFGS:    5 20:47:43     -907.821893      105.7743
BFGS:    6 20:47:43     -923.843164      104.8838
BFGS:    7 20:47:43     -936.518811       98.0397
BFGS:    8 20:47:43     -947.592466       96.6747
BFGS:    9 20:47:43     -959.864007       88.0678
BFGS:   10 20:47:43     -971.188106       83.0885
BFGS:   11 20:47:43     -980.970441       73.0935
BFGS:   12 20:47:43     -990.547149       68.6317
BFGS:   13 20:47:43    -1000.205731       67.8563
BFGS:   14 20:47:43    -1009.073169       69.0064
BFGS:   15 20:47:43    -1017.185639       65.8578
BFGS:   16 20:47:43    -1023.626944       65.5389
BFGS:   17 20:47:43    -1029.444335       57.5756
BFGS:   18 20:47:43    -1034.904137       54.0161
BFGS:   19 20:47:43    -1039.305095       48.8975
BFGS:   20 20:47:44    -1044.136842       41.9557
BFGS:   21 20:47:44    -1047.774391       36.1516
BFGS:   22 20:47:44    -1050.852309       31.2647
BFGS:   23 20:47:44    -1053.417169       27.1935
BFGS:   24 20:47:44    -1055.845397       25.4620
BFGS:   25 20:47:44    -1058.012324       26.1133
BFGS:   26 20:47:44    -1060.335851       26.6217
BFGS:   27 20:47:44    -1062.448218       27.6894
BFGS:   28 20:47:44    -1064.047870       26.4283
BFGS:   29 20:47:44    -1065.352852       24.9782
BFGS:   30 20:47:44    -1066.448219       20.8366
BFGS:   31 20:47:44    -1067.282724       18.8435
BFGS:   32 20:47:44    -1067.970950       16.5820
BFGS:   33 20:47:44    -1068.632014       14.6106
BFGS:   34 20:47:44    -1069.420057       11.1507
BFGS:   35 20:47:44    -1070.145748       10.5359
BFGS:   36 20:47:44    -1070.856563        9.9912
BFGS:   37 20:47:44    -1071.564309        9.3771
BFGS:   38 20:47:44    -1072.183195       10.9148
BFGS:   39 20:47:44    -1072.718403       11.6168
BFGS:   40 20:47:44    -1073.210012       12.0923
BFGS:   41 20:47:44    -1073.833020       13.1626
BFGS:   42 20:47:44    -1074.430715       15.2209
BFGS:   43 20:47:44    -1074.978930       17.1980
BFGS:   44 20:47:44    -1075.509204       18.3033
BFGS:   45 20:47:44    -1076.058067       18.1317
BFGS:   46 20:47:44    -1076.618043       16.7076
BFGS:   47 20:47:44    -1077.239636       14.3492
BFGS:   48 20:47:44    -1077.937129       12.0570
BFGS:   49 20:47:44    -1078.787781       12.4925
BFGS:   50 20:47:45    -1079.649060       14.8464
BFGS:   51 20:47:45    -1080.336352       15.3482
BFGS:   52 20:47:45    -1080.951464       14.8989
BFGS:   53 20:47:45    -1081.570469       13.0569
BFGS:   54 20:47:45    -1082.350969       10.5879
BFGS:   55 20:47:45    -1083.181192        9.4383
BFGS:   56 20:47:45    -1084.160914       10.7081
BFGS:   57 20:47:45    -1084.956725       12.2593
BFGS:   58 20:47:45    -1085.794189       13.8138
BFGS:   59 20:47:45    -1086.501413       13.9827
BFGS:   60 20:47:45    -1087.120847       13.3254
BFGS:   61 20:47:45    -1087.711861       11.7500
BFGS:   62 20:47:45    -1088.237427        9.5338
BFGS:   63 20:47:45    -1088.776258        8.2793
BFGS:   64 20:47:45    -1089.271473        8.7614
BFGS:   65 20:47:45    -1089.778895        9.2013
BFGS:   66 20:47:45    -1090.305135        9.2107
BFGS:   67 20:47:45    -1090.845828        9.5142
BFGS:   68 20:47:45    -1091.425848       10.2836
BFGS:   69 20:47:45    -1092.015915       10.5096
BFGS:   70 20:47:45    -1092.606714       10.5332
BFGS:   71 20:47:45    -1093.220578       10.3652
BFGS:   72 20:47:45    -1093.922877       10.2401
BFGS:   73 20:47:45    -1094.541978        9.7358
BFGS:   74 20:47:45    -1095.167464        9.6768
BFGS:   75 20:47:45    -1095.737704        7.7037
BFGS:   76 20:47:45    -1096.266483        7.3885
BFGS:   77 20:47:45    -1096.781377        7.6430
BFGS:   78 20:47:45    -1097.336481        7.3082
BFGS:   79 20:47:45    -1097.913743        6.6814
BFGS:   80 20:47:45    -1098.598154        7.3243
BFGS:   81 20:47:46    -1099.184530        7.9530
BFGS:   82 20:47:46    -1099.719728        8.5639
BFGS:   83 20:47:46    -1100.226619        9.0012
BFGS:   84 20:47:46    -1100.729893        8.1837
BFGS:   85 20:47:46    -1101.229771        7.3901
BFGS:   86 20:47:46    -1101.642292        5.5837
BFGS:   87 20:47:46    -1101.943636        4.4321
BFGS:   88 20:47:46    -1102.189038        3.7005
BFGS:   89 20:47:46    -1102.383782        3.6399
BFGS:   90 20:47:46    -1102.563917        2.9485
BFGS:   91 20:47:46    -1102.730466        2.5472
BFGS:   92 20:47:46    -1102.825986        2.4170
BFGS:   93 20:47:46    -1102.865013        1.2337
BFGS:   94 20:47:46    -1102.885171        1.6866
BFGS:   95 20:47:46    -1102.899767        1.3485
BFGS:   96 20:47:46    -1102.913148        0.8197
BFGS:   97 20:47:46    -1102.923991        0.5752
BFGS:   98 20:47:46    -1102.931847        0.4738
BFGS:   99 20:47:46    -1102.934868        0.5114
BFGS:  100 20:47:46    -1102.937962        0.3914
BFGS:  101 20:47:46    -1102.941335        0.3581
BFGS:  102 20:47:46    -1102.943352        0.3363
BFGS:  103 20:47:46    -1102.946540        0.4291
BFGS:  104 20:47:46    -1102.949375        0.4716
BFGS:  105 20:47:46    -1102.951802        0.3938
BFGS:  106 20:47:46    -1102.954267        0.3298
BFGS:  107 20:47:46    -1102.956328        0.3175
BFGS:  108 20:47:46    -1102.958824        0.3258
BFGS:  109 20:47:46    -1102.962254        0.4504
BFGS:  110 20:47:46    -1102.968613        0.7033
BFGS:  111 20:47:46    -1102.974907        0.6918
BFGS:  112 20:47:46    -1102.984658        0.7375
BFGS:  113 20:47:46    -1102.991621        0.7205
BFGS:  114 20:47:47    -1103.000489        0.5636
BFGS:  115 20:47:47    -1103.007482        0.4540
BFGS:  116 20:47:47    -1103.009356        0.3405
BFGS:  117 20:47:47    -1103.010235        0.2070
BFGS:  118 20:47:47    -1103.010775        0.1608
BFGS:  119 20:47:47    -1103.011248        0.1712
BFGS:  120 20:47:47    -1103.011572        0.1496
BFGS:  121 20:47:47    -1103.011846        0.1449
BFGS:  122 20:47:47    -1103.012005        0.1002
BFGS:  123 20:47:47    -1103.012127        0.0989
