      Step     Time          Energy         fmax
BFGS:    0 20:40:46     -917.479317       24.5263
BFGS:    1 20:40:46     -921.843378       22.8269
BFGS:    2 20:40:46     -925.688692       21.1242
BFGS:    3 20:40:46     -929.548665       22.1387
BFGS:    4 20:40:46     -932.357980       23.7453
BFGS:    5 20:40:46     -935.262594       21.3733
BFGS:    6 20:40:46     -938.486318       22.0445
BFGS:    7 20:40:46     -941.674653       23.8011
BFGS:    8 20:40:46     -944.667582       23.9449
BFGS:    9 20:40:46     -948.392964       28.4483
BFGS:   10 20:40:46     -952.097409       34.4664
BFGS:   11 20:40:46     -955.791400       41.3314
BFGS:   12 20:40:46     -958.899956       44.3058
BFGS:   13 20:40:46     -961.958314       49.0236
BFGS:   14 20:40:46     -964.811222       53.0613
BFGS:   15 20:40:46     -967.608120       56.2868
BFGS:   16 20:40:46     -970.216234       59.1474
BFGS:   17 20:40:46     -973.223422       58.2848
BFGS:   18 20:40:46     -976.052006       58.7086
BFGS:   19 20:40:46     -978.863614       57.4947
BFGS:   20 20:40:46     -981.648069       56.3845
BFGS:   21 20:40:46     -984.417600       54.8752
BFGS:   22 20:40:46     -987.257473       54.0580
BFGS:   23 20:40:46     -990.063788       52.8817
BFGS:   24 20:40:46     -992.989771       52.9664
BFGS:   25 20:40:46     -995.963976       52.8798
BFGS:   26 20:40:46     -998.898877       52.5761
BFGS:   27 20:40:47    -1001.745086       52.2298
BFGS:   28 20:40:47    -1004.592332       51.6660
BFGS:   29 20:40:47    -1007.378436       51.3452
BFGS:   30 20:40:47    -1010.123501       51.0562
BFGS:   31 20:40:47    -1012.830585       50.6510
BFGS:   32 20:40:47    -1015.530655       50.0124
BFGS:   33 20:40:47    -1018.191710       48.9737
BFGS:   34 20:40:47    -1020.837686       47.8949
BFGS:   35 20:40:47    -1023.343702       46.4681
BFGS:   36 20:40:47    -1025.664016       45.0711
BFGS:   37 20:40:47    -1027.867832       43.7205
BFGS:   38 20:40:47    -1029.984946       42.3871
BFGS:   39 20:40:47    -1032.132641       41.0217
BFGS:   40 20:40:47    -1034.336645       39.4490
BFGS:   41 20:40:47    -1036.584737       37.8700
BFGS:   42 20:40:47    -1038.845667       36.3638
BFGS:   43 20:40:47    -1041.064349       35.3600
BFGS:   44 20:40:47    -1043.285463       34.8528
BFGS:   45 20:40:47    -1045.449436       35.2689
BFGS:   46 20:40:47    -1047.608737       35.2817
BFGS:   47 20:40:47    -1049.684130       36.2362
BFGS:   48 20:40:47    -1051.775730       37.0050
BFGS:   49 20:40:47    -1053.861424       36.5182
BFGS:   50 20:40:47    -1055.783078       35.4718
BFGS:   51 20:40:47    -1057.652900       33.4618
BFGS:   52 20:40:47    -1059.473212       31.4206
BFGS:   53 20:40:47    -1061.308883       29.0741
BFGS:   54 20:40:47    -1063.066810       26.9196
BFGS:   55 20:40:47    -1064.940963       24.4145
BFGS:   56 20:40:47    -1066.750203       22.2120
BFGS:   57 20:40:47    -1068.457949       19.9485
BFGS:   58 20:40:47    -1069.875248       18.0100
BFGS:   59 20:40:48    -1071.132161       16.0180
BFGS:   60 20:40:48    -1072.361050       13.6306
BFGS:   61 20:40:48    -1073.746965       10.3685
BFGS:   62 20:40:48    -1074.896279        9.2819
BFGS:   63 20:40:48    -1075.963219        8.2600
BFGS:   64 20:40:48    -1076.860303        8.4752
BFGS:   65 20:40:48    -1077.782097        8.3227
BFGS:   66 20:40:48    -1078.634471        7.6056
BFGS:   67 20:40:48    -1079.445136        6.3410
BFGS:   68 20:40:48    -1080.133385        4.9066
BFGS:   69 20:40:48    -1080.719927        4.2919
BFGS:   70 20:40:48    -1081.150882        3.4812
BFGS:   71 20:40:48    -1081.499197        3.4131
BFGS:   72 20:40:48    -1081.822070        3.5361
BFGS:   73 20:40:48    -1082.164075        3.9259
BFGS:   74 20:40:48    -1082.459022        4.4033
BFGS:   75 20:40:48    -1082.720510        4.7815
BFGS:   76 20:40:48    -1082.962745        5.0228
BFGS:   77 20:40:48    -1083.193055        5.4547
BFGS:   78 20:40:48    -1083.415481        6.0479
BFGS:   79 20:40:48    -1083.634502        6.4378
BFGS:   80 20:40:48    -1083.854488        6.5498
BFGS:   81 20:40:48    -1084.082977        6.2926
BFGS:   82 20:40:48    -1084.327065        5.5628
BFGS:   83 20:40:48    -1084.596985        4.3044
BFGS:   84 20:40:48    -1084.869831        4.1138
BFGS:   85 20:40:48    -1085.159995        4.5887
BFGS:   86 20:40:48    -1085.413010        4.6155
BFGS:   87 20:40:48    -1085.665055        4.6492
BFGS:   88 20:40:48    -1086.001117        4.3765
BFGS:   89 20:40:48    -1086.218834        4.4310
BFGS:   90 20:40:48    -1086.428601        4.1738
BFGS:   91 20:40:48    -1086.610350        4.2969
BFGS:   92 20:40:48    -1086.772247        4.4119
BFGS:   93 20:40:49    -1086.903321        4.7127
BFGS:   94 20:40:49    -1087.015793        5.0431
BFGS:   95 20:40:49    -1087.106383        5.0377
BFGS:   96 20:40:49    -1087.187716        4.9187
BFGS:   97 20:40:49    -1087.272600        5.4001
BFGS:   98 20:40:49    -1087.382947        5.6995
BFGS:   99 20:40:49    -1087.510221        5.9648
BFGS:  100 20:40:49    -1087.628020        5.5202
BFGS:  101 20:40:49    -1087.686181        5.0318
BFGS:  102 20:40:49    -1087.718055        4.7053
BFGS:  103 20:40:49    -1087.763020        4.5596
BFGS:  104 20:40:49    -1087.810614        4.4059
BFGS:  105 20:40:49    -1087.889820        4.6534
BFGS:  106 20:40:49    -1087.993509        5.0543
BFGS:  107 20:40:49    -1088.103118        5.1860
BFGS:  108 20:40:49    -1088.215772        4.7750
BFGS:  109 20:40:49    -1088.330259        4.3103
BFGS:  110 20:40:49    -1088.442821        4.2212
BFGS:  111 20:40:49    -1088.548979        4.3607
BFGS:  112 20:40:49    -1088.649131        4.3986
BFGS:  113 20:40:49    -1088.739675        4.2468
BFGS:  114 20:40:49    -1088.836955        4.2287
BFGS:  115 20:40:49    -1088.949587        4.4276
BFGS:  116 20:40:49    -1089.061352        4.4480
BFGS:  117 20:40:49    -1089.163291        4.3376
BFGS:  118 20:40:49    -1089.263802        3.2869
BFGS:  119 20:40:49    -1089.353801        2.7473
BFGS:  120 20:40:49    -1089.431623        3.0098
BFGS:  121 20:40:49    -1089.505929        3.1946
BFGS:  122 20:40:49    -1089.593426        2.8552
BFGS:  123 20:40:49    -1089.672806        2.3246
BFGS:  124 20:40:49    -1089.725187        2.0901
BFGS:  125 20:40:49    -1089.745932        2.0923
BFGS:  126 20:40:50    -1089.766972        2.1498
BFGS:  127 20:40:50    -1089.797258        2.2528
BFGS:  128 20:40:50    -1089.834116        2.4421
BFGS:  129 20:40:50    -1089.877500        2.6842
BFGS:  130 20:40:50    -1089.944106        3.4828
BFGS:  131 20:40:50    -1090.031923        5.2095
BFGS:  132 20:40:50    -1090.112631        6.7600
BFGS:  133 20:40:50    -1090.226464        7.2826
BFGS:  134 20:40:50    -1090.431960        6.7464
BFGS:  135 20:40:50    -1090.651017        5.8769
BFGS:  136 20:40:50    -1090.832312        5.2017
BFGS:  137 20:40:50    -1090.988775        4.5512
BFGS:  138 20:40:50    -1091.101889        4.7565
BFGS:  139 20:40:50    -1091.175743        4.8245
BFGS:  140 20:40:50    -1091.223967        4.4492
BFGS:  141 20:40:50    -1091.268445        4.5294
BFGS:  142 20:40:50    -1091.330526        3.9319
BFGS:  143 20:40:50    -1091.403261        3.0673
BFGS:  144 20:40:50    -1091.440766        2.4567
BFGS:  145 20:40:50    -1091.479855        2.2248
BFGS:  146 20:40:50    -1091.502403        2.1550
BFGS:  147 20:40:50    -1091.543413        2.2168
BFGS:  148 20:40:50    -1091.596972        2.9339
BFGS:  149 20:40:50    -1091.648075        3.0601
BFGS:  150 20:40:50    -1091.695385        2.3259
BFGS:  151 20:40:50    -1091.736421        2.1484
BFGS:  152 20:40:50    -1091.766553        2.2319
BFGS:  153 20:40:50    -1091.801834        2.1084
BFGS:  154 20:40:50    -1091.818410        2.3144
BFGS:  155 20:40:50    -1091.828256        2.5373
BFGS:  156 20:40:50    -1091.837588        2.5347
BFGS:  157 20:40:50    -1091.851236        2.3273
BFGS:  158 20:40:50    -1091.867603        1.9455
BFGS:  159 20:40:51    -1091.885948        1.4652
BFGS:  160 20:40:51    -1091.910514        1.3193
BFGS:  161 20:40:51    -1091.938766        2.0401
BFGS:  162 20:40:51    -1091.952728        3.1977
BFGS:  163 20:40:51    -1091.987969        2.6718
BFGS:  164 20:40:51    -1092.013492        2.4188
BFGS:  165 20:40:51    -1092.053230        2.2421
BFGS:  166 20:40:51    -1092.075401        1.9158
BFGS:  167 20:40:51    -1092.133951        1.7864
BFGS:  168 20:40:51    -1092.172953        1.6475
BFGS:  169 20:40:51    -1092.212500        1.3055
BFGS:  170 20:40:51    -1092.238205        1.3667
BFGS:  171 20:40:51    -1092.258102        1.4875
BFGS:  172 20:40:51    -1092.273955        1.4717
BFGS:  173 20:40:51    -1092.290742        1.2197
BFGS:  174 20:40:51    -1092.303875        0.7438
BFGS:  175 20:40:51    -1092.312527        0.7203
BFGS:  176 20:40:51    -1092.316934        0.7659
BFGS:  177 20:40:51    -1092.320663        0.7962
BFGS:  178 20:40:51    -1092.323928        0.7552
BFGS:  179 20:40:51    -1092.327163        0.6957
BFGS:  180 20:40:51    -1092.329810        0.6428
BFGS:  181 20:40:51    -1092.331915        0.5985
BFGS:  182 20:40:51    -1092.333666        0.5536
BFGS:  183 20:40:51    -1092.335366        0.4965
BFGS:  184 20:40:51    -1092.336468        0.5248
BFGS:  185 20:40:51    -1092.337039        0.5173
BFGS:  186 20:40:51    -1092.337347        0.5038
BFGS:  187 20:40:51    -1092.337541        0.4985
BFGS:  188 20:40:51    -1092.337691        0.4998
BFGS:  189 20:40:51    -1092.337842        0.5056
BFGS:  190 20:40:51    -1092.337995        0.5145
BFGS:  191 20:40:52    -1092.338185        0.5244
BFGS:  192 20:40:52    -1092.338452        0.5374
BFGS:  193 20:40:52    -1092.338867        0.5469
BFGS:  194 20:40:52    -1092.339446        0.5486
BFGS:  195 20:40:52    -1092.340143        0.5322
BFGS:  196 20:40:52    -1092.340881        0.5081
BFGS:  197 20:40:52    -1092.341656        0.5302
BFGS:  198 20:40:52    -1092.342508        0.5518
BFGS:  199 20:40:52    -1092.343452        0.5571
BFGS:  200 20:40:52    -1092.344438        0.5465
BFGS:  201 20:40:52    -1092.345421        0.5190
BFGS:  202 20:40:52    -1092.346320        0.4856
BFGS:  203 20:40:52    -1092.347057        0.4657
BFGS:  204 20:40:52    -1092.347637        0.4940
BFGS:  205 20:40:52    -1092.348190        0.5261
BFGS:  206 20:40:52    -1092.348945        0.5520
BFGS:  207 20:40:52    -1092.350382        0.5633
BFGS:  208 20:40:52    -1092.352900        0.5216
BFGS:  209 20:40:52    -1092.355944        0.3751
BFGS:  210 20:40:52    -1092.357818        0.2904
BFGS:  211 20:40:52    -1092.358419        0.3222
BFGS:  212 20:40:52    -1092.358651        0.3285
BFGS:  213 20:40:52    -1092.358800        0.3278
BFGS:  214 20:40:52    -1092.358878        0.3354
BFGS:  215 20:40:52    -1092.358950        0.3403
BFGS:  216 20:40:52    -1092.358974        0.3385
BFGS:  217 20:40:52    -1092.359003        0.3323
BFGS:  218 20:40:52    -1092.359011        0.3307
BFGS:  219 20:40:52    -1092.359060        0.3237
BFGS:  220 20:40:52    -1092.359140        0.3167
BFGS:  221 20:40:52    -1092.359371        0.3049
BFGS:  222 20:40:52    -1092.359896        0.3034
BFGS:  223 20:40:52    -1092.361120        0.2859
BFGS:  224 20:40:53    -1092.363460        0.2621
BFGS:  225 20:40:53    -1092.366632        0.2675
BFGS:  226 20:40:53    -1092.368874        0.1615
BFGS:  227 20:40:53    -1092.369513        0.0725
