      Step     Time          Energy         fmax
BFGS:    0 20:40:27     -931.747158       26.1460
BFGS:    1 20:40:27     -935.919838       22.2306
BFGS:    2 20:40:27     -940.928047       27.1205
BFGS:    3 20:40:27     -945.435340       33.3427
BFGS:    4 20:40:27     -949.832427       39.2406
BFGS:    5 20:40:27     -954.342830       43.8344
BFGS:    6 20:40:27     -958.881597       48.1227
BFGS:    7 20:40:27     -963.365410       51.0697
BFGS:    8 20:40:27     -967.420885       52.2494
BFGS:    9 20:40:27     -971.366396       51.8341
BFGS:   10 20:40:27     -975.250556       49.7515
BFGS:   11 20:40:27     -979.037021       49.7866
BFGS:   12 20:40:27     -983.136996       53.2767
BFGS:   13 20:40:27     -986.807389       51.1126
BFGS:   14 20:40:27     -990.228093       50.7567
BFGS:   15 20:40:27     -993.675285       49.2884
BFGS:   16 20:40:27     -997.184742       47.8498
BFGS:   17 20:40:27    -1000.442259       47.5175
BFGS:   18 20:40:27    -1003.452548       47.4615
BFGS:   19 20:40:27    -1006.356778       47.3386
BFGS:   20 20:40:27    -1009.222214       47.2103
BFGS:   21 20:40:27    -1012.039958       46.9634
BFGS:   22 20:40:27    -1014.844117       46.6386
BFGS:   23 20:40:27    -1017.614086       46.2261
BFGS:   24 20:40:27    -1020.403041       45.7552
BFGS:   25 20:40:27    -1023.225958       45.2519
BFGS:   26 20:40:27    -1026.052241       44.6501
BFGS:   27 20:40:27    -1028.958994       44.0126
BFGS:   28 20:40:27    -1032.177317       42.6900
BFGS:   29 20:40:27    -1035.928833       41.3855
BFGS:   30 20:40:27    -1039.682514       41.1994
BFGS:   31 20:40:27    -1043.300736       40.8849
BFGS:   32 20:40:28    -1046.966492       39.9860
BFGS:   33 20:40:28    -1050.402735       38.1527
BFGS:   34 20:40:28    -1053.494693       35.8005
BFGS:   35 20:40:28    -1056.480847       33.0193
BFGS:   36 20:40:28    -1059.604529       30.1108
BFGS:   37 20:40:28    -1062.574982       26.8865
BFGS:   38 20:40:28    -1065.211055       24.0637
BFGS:   39 20:40:28    -1067.833178       20.4336
BFGS:   40 20:40:28    -1070.332419       17.5727
BFGS:   41 20:40:28    -1072.649616       14.2969
BFGS:   42 20:40:28    -1074.671110       11.6639
BFGS:   43 20:40:28    -1076.361045       10.5720
BFGS:   44 20:40:28    -1077.840319        9.9738
BFGS:   45 20:40:28    -1079.206606        8.4725
BFGS:   46 20:40:28    -1080.463571        7.6678
BFGS:   47 20:40:28    -1081.409507        7.0440
BFGS:   48 20:40:28    -1082.188301        6.3294
BFGS:   49 20:40:28    -1082.915259        6.0902
BFGS:   50 20:40:28    -1083.497684        6.3182
BFGS:   51 20:40:28    -1083.984110        6.6364
BFGS:   52 20:40:28    -1084.485111        7.0649
BFGS:   53 20:40:28    -1084.970070        7.8826
BFGS:   54 20:40:28    -1085.481350        8.1969
BFGS:   55 20:40:28    -1085.973505        8.4438
BFGS:   56 20:40:28    -1086.412019        8.2060
BFGS:   57 20:40:28    -1086.816589        8.4434
BFGS:   58 20:40:28    -1087.143751        8.6677
BFGS:   59 20:40:28    -1087.458323        8.7154
BFGS:   60 20:40:28    -1087.777876        9.0837
BFGS:   61 20:40:28    -1088.086446        9.2308
BFGS:   62 20:40:28    -1088.375722        9.5176
BFGS:   63 20:40:28    -1088.627778        9.6729
BFGS:   64 20:40:28    -1088.849141        9.7964
BFGS:   65 20:40:28    -1089.044371        9.7499
BFGS:   66 20:40:28    -1089.228498        9.6223
BFGS:   67 20:40:28    -1089.438220        9.4190
BFGS:   68 20:40:29    -1089.695820        9.3493
BFGS:   69 20:40:29    -1090.008603        8.8963
BFGS:   70 20:40:29    -1090.356086        8.8152
BFGS:   71 20:40:29    -1090.698171        9.1582
BFGS:   72 20:40:29    -1091.067560        9.0807
BFGS:   73 20:40:29    -1091.451804        8.7000
BFGS:   74 20:40:29    -1091.792384        8.1553
BFGS:   75 20:40:29    -1092.115031        7.5575
BFGS:   76 20:40:29    -1092.443551        7.0638
BFGS:   77 20:40:29    -1092.773182        6.6792
BFGS:   78 20:40:29    -1093.113571        6.3124
BFGS:   79 20:40:29    -1093.450544        5.9907
BFGS:   80 20:40:29    -1093.796208        5.8366
BFGS:   81 20:40:29    -1094.107611        5.6189
BFGS:   82 20:40:29    -1094.377246        5.5080
BFGS:   83 20:40:29    -1094.610933        5.2690
BFGS:   84 20:40:29    -1094.835589        5.2514
BFGS:   85 20:40:29    -1095.077753        5.1415
BFGS:   86 20:40:29    -1095.348639        5.0777
BFGS:   87 20:40:29    -1095.587126        4.8214
BFGS:   88 20:40:29    -1095.831209        5.2435
BFGS:   89 20:40:29    -1096.145563        5.7396
BFGS:   90 20:40:29    -1096.349949        4.8234
BFGS:   91 20:40:29    -1096.561979        4.5859
BFGS:   92 20:40:29    -1096.804924        4.2327
BFGS:   93 20:40:29    -1097.020922        3.5936
BFGS:   94 20:40:29    -1097.227425        2.6938
BFGS:   95 20:40:29    -1097.389718        2.4388
BFGS:   96 20:40:29    -1097.461838        2.4312
BFGS:   97 20:40:29    -1097.496487        2.0221
BFGS:   98 20:40:29    -1097.530537        1.5710
BFGS:   99 20:40:29    -1097.568282        0.9240
BFGS:  100 20:40:29    -1097.586599        0.9872
BFGS:  101 20:40:29    -1097.595126        0.8784
BFGS:  102 20:40:29    -1097.601000        0.6720
BFGS:  103 20:40:29    -1097.604333        0.6158
BFGS:  104 20:40:29    -1097.605781        0.5726
BFGS:  105 20:40:29    -1097.606932        0.5135
BFGS:  106 20:40:30    -1097.607840        0.4881
BFGS:  107 20:40:30    -1097.609046        0.5010
BFGS:  108 20:40:30    -1097.610712        0.4875
BFGS:  109 20:40:30    -1097.613024        0.3883
BFGS:  110 20:40:30    -1097.614933        0.3000
BFGS:  111 20:40:30    -1097.616044        0.3645
BFGS:  112 20:40:30    -1097.617358        0.3338
BFGS:  113 20:40:30    -1097.618591        0.3731
BFGS:  114 20:40:30    -1097.619806        0.4377
BFGS:  115 20:40:30    -1097.620914        0.4262
BFGS:  116 20:40:30    -1097.622103        0.4512
BFGS:  117 20:40:30    -1097.622723        0.4546
BFGS:  118 20:40:30    -1097.624357        0.5000
BFGS:  119 20:40:30    -1097.625059        0.5126
BFGS:  120 20:40:30    -1097.627069        0.5681
BFGS:  121 20:40:30    -1097.628046        0.6051
BFGS:  122 20:40:30    -1097.629169        0.6482
BFGS:  123 20:40:30    -1097.630312        0.6862
BFGS:  124 20:40:30    -1097.632244        0.7511
BFGS:  125 20:40:30    -1097.634732        0.8439
BFGS:  126 20:40:30    -1097.638429        1.0141
BFGS:  127 20:40:30    -1097.643515        1.2879
BFGS:  128 20:40:30    -1097.641481        2.0664
BFGS:  129 20:40:30    -1097.657730        1.9888
BFGS:  130 20:40:30    -1097.678542        2.5199
BFGS:  131 20:40:30    -1097.706215        3.4287
BFGS:  132 20:40:30    -1097.734910        3.9535
BFGS:  133 20:40:30    -1097.751242        4.6312
BFGS:  134 20:40:30    -1097.773076        4.6473
BFGS:  135 20:40:30    -1097.800399        4.7934
BFGS:  136 20:40:30    -1097.830290        4.7998
BFGS:  137 20:40:30    -1097.943465        4.6197
BFGS:  138 20:40:30    -1098.089250        4.2836
BFGS:  139 20:40:30    -1098.203044        3.6788
BFGS:  140 20:40:30    -1098.388867        2.8646
BFGS:  141 20:40:30    -1098.538230        2.2947
BFGS:  142 20:40:30    -1098.601746        2.5059
BFGS:  143 20:40:30    -1098.640582        1.7591
BFGS:  144 20:40:31    -1098.659663        2.0218
BFGS:  145 20:40:31    -1098.671446        1.9015
BFGS:  146 20:40:31    -1098.682360        1.8373
BFGS:  147 20:40:31    -1098.697353        2.1409
BFGS:  148 20:40:31    -1098.709431        2.2387
BFGS:  149 20:40:31    -1098.730715        2.2054
BFGS:  150 20:40:31    -1098.740223        2.2775
BFGS:  151 20:40:31    -1098.748900        2.4622
BFGS:  152 20:40:31    -1098.759013        2.4925
BFGS:  153 20:40:31    -1098.784756        2.8975
BFGS:  154 20:40:31    -1098.828111        2.8103
BFGS:  155 20:40:31    -1098.909206        2.7984
BFGS:  156 20:40:31    -1098.994908        2.4775
BFGS:  157 20:40:31    -1099.101940        2.5012
BFGS:  158 20:40:31    -1099.221324        2.8692
BFGS:  159 20:40:31    -1099.367413        3.7117
BFGS:  160 20:40:31    -1099.514421        4.8964
BFGS:  161 20:40:31    -1099.679752        5.8297
BFGS:  162 20:40:31    -1099.842936        6.8221
BFGS:  163 20:40:31    -1100.075242        7.4651
BFGS:  164 20:40:31    -1100.345272        8.2703
BFGS:  165 20:40:31    -1100.703461        8.6436
BFGS:  166 20:40:31    -1101.144878        8.3920
BFGS:  167 20:40:31    -1101.647207        7.5275
BFGS:  168 20:40:31    -1102.085046        6.8244
BFGS:  169 20:40:31    -1102.463485        5.4121
BFGS:  170 20:40:31    -1102.791343        4.0260
BFGS:  171 20:40:31    -1103.026630        3.0953
BFGS:  172 20:40:31    -1103.232798        2.6497
BFGS:  173 20:40:31    -1103.363474        2.9933
BFGS:  174 20:40:31    -1103.478218        2.5517
BFGS:  175 20:40:31    -1103.560468        1.9238
BFGS:  176 20:40:31    -1103.643152        1.9719
BFGS:  177 20:40:31    -1103.702869        2.0173
BFGS:  178 20:40:31    -1103.773173        2.0323
BFGS:  179 20:40:31    -1103.853117        1.8621
BFGS:  180 20:40:31    -1103.937724        1.8949
BFGS:  181 20:40:32    -1104.014740        2.8602
BFGS:  182 20:40:32    -1104.086615        3.7835
BFGS:  183 20:40:32    -1104.146454        4.6793
BFGS:  184 20:40:32    -1104.196514        5.3632
BFGS:  185 20:40:32    -1104.214616        5.3890
BFGS:  186 20:40:32    -1104.227895        5.1624
BFGS:  187 20:40:32    -1104.248813        5.2427
BFGS:  188 20:40:32    -1104.260231        5.4691
BFGS:  189 20:40:32    -1104.288434        6.4131
BFGS:  190 20:40:32    -1104.314381        7.5737
BFGS:  191 20:40:32    -1104.361455        8.7794
BFGS:  192 20:40:32    -1104.471203        9.5059
BFGS:  193 20:40:32    -1104.565403        9.4076
BFGS:  194 20:40:32    -1104.691733        8.1018
BFGS:  195 20:40:32    -1104.860014        7.0867
BFGS:  196 20:40:32    -1104.932950        7.1414
BFGS:  197 20:40:32    -1104.987256        7.3428
BFGS:  198 20:40:32    -1105.042777        7.2000
BFGS:  199 20:40:32    -1105.093941        7.1739
BFGS:  200 20:40:32    -1105.120393        7.2503
BFGS:  201 20:40:32    -1105.146203        7.3613
BFGS:  202 20:40:32    -1105.165833        7.4070
BFGS:  203 20:40:32    -1105.180793        7.4447
BFGS:  204 20:40:32    -1105.195297        7.4572
BFGS:  205 20:40:32    -1105.207555        7.3753
BFGS:  206 20:40:32    -1105.229946        7.4775
BFGS:  207 20:40:32    -1105.290700        7.7193
BFGS:  208 20:40:32    -1105.330409        7.8636
BFGS:  209 20:40:32    -1105.368613        8.0261
BFGS:  210 20:40:32    -1105.405180        8.1629
BFGS:  211 20:40:32    -1105.439834        8.3018
BFGS:  212 20:40:32    -1105.471047        8.4253
BFGS:  213 20:40:32    -1105.497933        8.5180
BFGS:  214 20:40:32    -1105.521665        8.6360
BFGS:  215 20:40:32    -1105.541634        8.7243
BFGS:  216 20:40:32    -1105.558685        8.8276
BFGS:  217 20:40:32    -1105.573093        8.8764
BFGS:  218 20:40:32    -1105.586300        8.9526
BFGS:  219 20:40:33    -1105.597688        8.9763
BFGS:  220 20:40:33    -1105.609077        9.0479
BFGS:  221 20:40:33    -1105.619729        9.0829
BFGS:  222 20:40:33    -1105.630216        9.1524
BFGS:  223 20:40:33    -1105.639926        9.2127
BFGS:  224 20:40:33    -1105.648073        9.3008
BFGS:  225 20:40:33    -1105.652216        9.3472
BFGS:  226 20:40:33    -1105.654481        9.3758
BFGS:  227 20:40:33    -1105.655596        9.4131
BFGS:  228 20:40:33    -1105.656337        9.3979
BFGS:  229 20:40:33    -1105.657164        9.3960
BFGS:  230 20:40:33    -1105.657497        9.3871
BFGS:  231 20:40:33    -1105.657916        9.3742
BFGS:  232 20:40:33    -1105.658078        9.3814
BFGS:  233 20:40:33    -1105.658182        9.3784
BFGS:  234 20:40:33    -1105.658260        9.3754
BFGS:  235 20:40:33    -1105.658308        9.3698
BFGS:  236 20:40:33    -1105.658346        9.3649
BFGS:  237 20:40:33    -1105.658371        9.3598
BFGS:  238 20:40:33    -1105.658391        9.3566
BFGS:  239 20:40:33    -1105.658401        9.3553
BFGS:  240 20:40:33    -1105.658404        9.3555
BFGS:  241 20:40:33    -1105.658405        9.3563
BFGS:  242 20:40:33    -1105.658405        9.3568
BFGS:  243 20:40:33    -1105.658404        9.3575
BFGS:  244 20:40:33    -1105.658404        9.3577
BFGS:  245 20:40:33    -1105.658404        9.3580
