      Step     Time          Energy         fmax
BFGS:    0 20:41:20     -900.363682      152.2924
BFGS:    1 20:41:20     -932.874445      130.0770
BFGS:    2 20:41:20     -951.709166      131.8468
BFGS:    3 20:41:20     -963.413638      120.5024
BFGS:    4 20:41:20     -975.158581      106.8532
BFGS:    5 20:41:20     -985.827228       95.0833
BFGS:    6 20:41:20     -993.273697       86.5960
BFGS:    7 20:41:21     -999.864454       80.2111
BFGS:    8 20:41:21    -1008.017745       75.6537
BFGS:    9 20:41:21    -1014.861452       70.5703
BFGS:   10 20:41:21    -1021.160680       65.9045
BFGS:   11 20:41:21    -1026.858453       61.2428
BFGS:   12 20:41:21    -1031.582641       58.8715
BFGS:   13 20:41:21    -1035.985483       54.9192
BFGS:   14 20:41:21    -1040.141515       52.4318
BFGS:   15 20:41:21    -1043.912314       49.5275
BFGS:   16 20:41:21    -1047.381762       46.5533
BFGS:   17 20:41:21    -1050.592140       44.0887
BFGS:   18 20:41:21    -1053.576377       41.8003
BFGS:   19 20:41:21    -1056.083178       39.7565
BFGS:   20 20:41:21    -1058.379240       38.1475
BFGS:   21 20:41:21    -1060.718035       35.7310
BFGS:   22 20:41:21    -1062.786585       33.3409
BFGS:   23 20:41:21    -1064.593578       31.2403
BFGS:   24 20:41:21    -1066.388326       28.2313
BFGS:   25 20:41:21    -1068.364710       25.2784
BFGS:   26 20:41:21    -1070.147643       21.8697
BFGS:   27 20:41:21    -1071.619314       19.2897
BFGS:   28 20:41:21    -1072.953732       16.9630
BFGS:   29 20:41:21    -1074.339565       14.9084
BFGS:   30 20:41:21    -1075.817695       13.1485
BFGS:   31 20:41:21    -1077.241427       12.0125
BFGS:   32 20:41:21    -1078.587405       11.4748
BFGS:   33 20:41:21    -1079.892842       11.4731
BFGS:   34 20:41:21    -1081.092406       11.7627
BFGS:   35 20:41:21    -1082.233691       12.2073
BFGS:   36 20:41:22    -1083.305686       12.9350
BFGS:   37 20:41:22    -1084.388971       13.7659
BFGS:   38 20:41:22    -1085.466762       14.5200
BFGS:   39 20:41:22    -1086.545397       14.9446
BFGS:   40 20:41:22    -1087.613623       14.9063
BFGS:   41 20:41:22    -1088.656587       14.3574
BFGS:   42 20:41:22    -1089.676632       13.3482
BFGS:   43 20:41:22    -1090.560497       12.1358
BFGS:   44 20:41:22    -1091.287215       10.8540
BFGS:   45 20:41:22    -1091.947781        9.8280
BFGS:   46 20:41:22    -1092.575896        8.3223
BFGS:   47 20:41:22    -1093.210083        8.1302
BFGS:   48 20:41:22    -1093.852834        8.6822
BFGS:   49 20:41:22    -1094.457373        9.3045
BFGS:   50 20:41:22    -1095.011177        9.8090
BFGS:   51 20:41:22    -1095.503530       10.0055
BFGS:   52 20:41:22    -1095.944999        9.7850
BFGS:   53 20:41:22    -1096.361147        9.4143
BFGS:   54 20:41:22    -1096.761957        8.6965
BFGS:   55 20:41:22    -1097.179761        7.8138
BFGS:   56 20:41:22    -1097.601321        7.4369
BFGS:   57 20:41:22    -1098.097092        7.2846
BFGS:   58 20:41:22    -1098.554672        7.3219
BFGS:   59 20:41:22    -1098.952954        7.5567
BFGS:   60 20:41:22    -1099.338416        8.0486
BFGS:   61 20:41:22    -1099.759206        8.6383
BFGS:   62 20:41:22    -1100.150287        9.2323
BFGS:   63 20:41:22    -1100.637184        9.9745
BFGS:   64 20:41:22    -1101.198678       10.7557
BFGS:   65 20:41:22    -1101.773568       11.4755
BFGS:   66 20:41:22    -1102.364411       12.0742
BFGS:   67 20:41:22    -1102.934346       12.1047
BFGS:   68 20:41:22    -1103.481356       11.3764
BFGS:   69 20:41:22    -1104.020575        9.9687
BFGS:   70 20:41:22    -1104.547218        8.1123
BFGS:   71 20:41:23    -1105.143666        8.4251
BFGS:   72 20:41:23    -1105.723016        9.0888
BFGS:   73 20:41:23    -1106.274347       10.4869
BFGS:   74 20:41:23    -1106.803469       11.8074
BFGS:   75 20:41:23    -1107.349516       12.4230
BFGS:   76 20:41:23    -1107.888515       11.2640
BFGS:   77 20:41:23    -1108.502919       11.4897
BFGS:   78 20:41:23    -1109.245169       11.3812
BFGS:   79 20:41:23    -1109.933430       10.8174
BFGS:   80 20:41:23    -1110.545770       10.1834
BFGS:   81 20:41:23    -1111.188052        9.1144
BFGS:   82 20:41:23    -1111.749782        7.9938
BFGS:   83 20:41:23    -1112.240961        6.8538
BFGS:   84 20:41:23    -1112.751024        6.0102
BFGS:   85 20:41:23    -1113.242779        5.1650
BFGS:   86 20:41:23    -1113.636671        4.5562
BFGS:   87 20:41:23    -1113.967397        4.2331
BFGS:   88 20:41:23    -1114.218216        4.1182
BFGS:   89 20:41:23    -1114.422300        3.9984
BFGS:   90 20:41:23    -1114.591156        4.2719
BFGS:   91 20:41:23    -1114.757177        4.5472
BFGS:   92 20:41:23    -1114.917439        4.5465
BFGS:   93 20:41:23    -1115.086220        4.5193
BFGS:   94 20:41:23    -1115.265876        4.6704
BFGS:   95 20:41:23    -1115.458815        4.4742
BFGS:   96 20:41:23    -1115.669640        4.3448
BFGS:   97 20:41:23    -1115.909382        4.0266
BFGS:   98 20:41:23    -1116.192570        3.2466
BFGS:   99 20:41:23    -1116.473768        3.1016
BFGS:  100 20:41:23    -1116.695919        3.5942
BFGS:  101 20:41:23    -1116.881621        3.7089
BFGS:  102 20:41:23    -1117.028979        3.3623
BFGS:  103 20:41:23    -1117.135229        3.0190
BFGS:  104 20:41:23    -1117.222897        2.5911
BFGS:  105 20:41:23    -1117.318532        2.0725
BFGS:  106 20:41:23    -1117.408423        1.4496
BFGS:  107 20:41:24    -1117.443048        1.3798
BFGS:  108 20:41:24    -1117.474483        1.4603
BFGS:  109 20:41:24    -1117.492640        1.2851
BFGS:  110 20:41:24    -1117.508340        1.0472
BFGS:  111 20:41:24    -1117.523054        0.6996
BFGS:  112 20:41:24    -1117.534860        0.5976
BFGS:  113 20:41:24    -1117.542129        0.6644
BFGS:  114 20:41:24    -1117.545797        0.6040
BFGS:  115 20:41:24    -1117.548693        0.5107
BFGS:  116 20:41:24    -1117.551313        0.4068
BFGS:  117 20:41:24    -1117.553562        0.3900
BFGS:  118 20:41:24    -1117.555738        0.3703
BFGS:  119 20:41:24    -1117.557943        0.3584
BFGS:  120 20:41:24    -1117.559591        0.3597
BFGS:  121 20:41:24    -1117.560547        0.3545
BFGS:  122 20:41:24    -1117.561125        0.3535
BFGS:  123 20:41:24    -1117.561531        0.3447
BFGS:  124 20:41:24    -1117.561851        0.3364
BFGS:  125 20:41:24    -1117.562111        0.3242
BFGS:  126 20:41:24    -1117.562366        0.3125
BFGS:  127 20:41:24    -1117.562641        0.2989
BFGS:  128 20:41:24    -1117.562951        0.2850
BFGS:  129 20:41:24    -1117.563290        0.2687
BFGS:  130 20:41:24    -1117.563642        0.2501
BFGS:  131 20:41:24    -1117.563961        0.2303
BFGS:  132 20:41:24    -1117.564235        0.2130
BFGS:  133 20:41:24    -1117.564486        0.1985
BFGS:  134 20:41:24    -1117.564758        0.1852
BFGS:  135 20:41:24    -1117.565033        0.1723
BFGS:  136 20:41:24    -1117.565262        0.1844
BFGS:  137 20:41:24    -1117.565436        0.1933
BFGS:  138 20:41:24    -1117.565605        0.1985
BFGS:  139 20:41:24    -1117.565816        0.1995
BFGS:  140 20:41:24    -1117.566084        0.1927
BFGS:  141 20:41:24    -1117.566391        0.1798
BFGS:  142 20:41:24    -1117.566711        0.1711
BFGS:  143 20:41:25    -1117.567024        0.1705
BFGS:  144 20:41:25    -1117.567305        0.1657
BFGS:  145 20:41:25    -1117.567525        0.1456
BFGS:  146 20:41:25    -1117.567692        0.1151
BFGS:  147 20:41:25    -1117.567831        0.0956
