      Step     Time          Energy         fmax
BFGS:    0 20:49:18     -766.181342      251.2439
BFGS:    1 20:49:18     -815.767883      206.2378
BFGS:    2 20:49:18     -847.396229      201.7355
BFGS:    3 20:49:18     -869.766464      172.5252
BFGS:    4 20:49:18     -884.784898      165.1893
BFGS:    5 20:49:18     -898.729724      145.1757
BFGS:    6 20:49:18     -909.046243      134.2271
BFGS:    7 20:49:18     -919.174124      129.1400
BFGS:    8 20:49:18     -930.772263      116.1307
BFGS:    9 20:49:18     -938.980471      111.1065
BFGS:   10 20:49:18     -946.693744      107.4629
BFGS:   11 20:49:18     -954.452641      102.5957
BFGS:   12 20:49:18     -962.308061       93.1321
BFGS:   13 20:49:18     -968.528527       86.7406
BFGS:   14 20:49:18     -973.717340       77.3040
BFGS:   15 20:49:18     -979.583501       66.5842
BFGS:   16 20:49:18     -984.650095       60.6656
BFGS:   17 20:49:18     -989.027509       55.0742
BFGS:   18 20:49:18     -993.123443       50.1400
BFGS:   19 20:49:19     -997.176200       45.4067
BFGS:   20 20:49:19    -1001.278467       42.2687
BFGS:   21 20:49:19    -1005.224633       39.4141
BFGS:   22 20:49:19    -1008.822597       36.3869
BFGS:   23 20:49:19    -1012.091938       35.4011
BFGS:   24 20:49:19    -1014.954733       33.3031
BFGS:   25 20:49:19    -1017.552362       32.1326
BFGS:   26 20:49:19    -1019.909584       31.1863
BFGS:   27 20:49:19    -1022.279707       30.7849
BFGS:   28 20:49:19    -1024.854081       29.6841
BFGS:   29 20:49:19    -1026.990923       28.9093
BFGS:   30 20:49:19    -1028.917968       27.8142
BFGS:   31 20:49:19    -1030.871715       26.0639
BFGS:   32 20:49:19    -1032.857304       24.6326
BFGS:   33 20:49:19    -1034.724813       22.4235
BFGS:   34 20:49:19    -1036.484735       20.4329
BFGS:   35 20:49:19    -1038.102202       19.4229
BFGS:   36 20:49:19    -1039.771418       17.8892
BFGS:   37 20:49:19    -1040.986131       17.7413
BFGS:   38 20:49:19    -1042.037288       18.4121
BFGS:   39 20:49:19    -1042.999384       19.2265
BFGS:   40 20:49:19    -1043.808158       21.5093
BFGS:   41 20:49:19    -1044.596180       22.4052
BFGS:   42 20:49:20    -1045.451101       23.6556
BFGS:   43 20:49:20    -1046.339106       24.5414
BFGS:   44 20:49:20    -1047.267705       24.9379
BFGS:   45 20:49:20    -1048.253358       23.8582
BFGS:   46 20:49:20    -1049.196335       21.7571
BFGS:   47 20:49:20    -1050.040678       19.0859
BFGS:   48 20:49:20    -1050.891141       17.5504
BFGS:   49 20:49:20    -1051.741895       16.5619
BFGS:   50 20:49:20    -1052.578918       15.5914
BFGS:   51 20:49:20    -1053.388200       14.4839
BFGS:   52 20:49:20    -1054.142466       13.2798
BFGS:   53 20:49:20    -1054.882375       12.2165
BFGS:   54 20:49:20    -1055.658105       12.0731
BFGS:   55 20:49:20    -1056.472603       13.3771
BFGS:   56 20:49:20    -1057.253961       14.5494
BFGS:   57 20:49:20    -1057.987979       15.4485
BFGS:   58 20:49:20    -1058.693898       17.8338
BFGS:   59 20:49:20    -1059.391142       19.9900
BFGS:   60 20:49:20    -1060.098253       21.7319
BFGS:   61 20:49:20    -1060.878206       23.4928
BFGS:   62 20:49:20    -1061.655290       23.3260
BFGS:   63 20:49:20    -1062.536945       23.7399
BFGS:   64 20:49:20    -1063.414872       22.5404
BFGS:   65 20:49:20    -1064.360752       21.5107
BFGS:   66 20:49:20    -1065.327622       21.3654
BFGS:   67 20:49:20    -1066.310619       21.6554
BFGS:   68 20:49:20    -1067.280064       21.4017
BFGS:   69 20:49:21    -1068.208410       20.6413
BFGS:   70 20:49:21    -1069.077399       19.5687
BFGS:   71 20:49:21    -1069.887181       18.5458
BFGS:   72 20:49:21    -1070.647550       18.1103
BFGS:   73 20:49:21    -1071.384277       17.2452
BFGS:   74 20:49:21    -1072.145967       16.0752
BFGS:   75 20:49:21    -1072.937543       14.2140
BFGS:   76 20:49:21    -1073.675776       12.2865
BFGS:   77 20:49:21    -1074.327302       10.4940
BFGS:   78 20:49:21    -1074.959220        8.3404
BFGS:   79 20:49:21    -1075.577121        8.5141
BFGS:   80 20:49:21    -1076.223954        8.4920
BFGS:   81 20:49:21    -1076.857004        8.3613
BFGS:   82 20:49:21    -1077.426591        7.9231
BFGS:   83 20:49:21    -1077.967004        8.2885
BFGS:   84 20:49:21    -1078.507004        8.5791
BFGS:   85 20:49:21    -1079.086810        8.6834
BFGS:   86 20:49:21    -1079.718735       10.1251
BFGS:   87 20:49:21    -1080.361883       12.4048
BFGS:   88 20:49:21    -1080.977332       14.1504
BFGS:   89 20:49:21    -1081.550976       15.3761
BFGS:   90 20:49:21    -1082.091485       15.9008
BFGS:   91 20:49:21    -1082.612464       15.9063
BFGS:   92 20:49:21    -1083.153243       15.1919
BFGS:   93 20:49:21    -1083.725306       15.1054
BFGS:   94 20:49:21    -1084.356296       15.3096
BFGS:   95 20:49:21    -1084.951127       14.8460
BFGS:   96 20:49:21    -1085.554848       14.1752
BFGS:   97 20:49:21    -1086.224673       13.2415
BFGS:   98 20:49:21    -1086.944156       12.9530
BFGS:   99 20:49:21    -1087.699022       13.0756
BFGS:  100 20:49:21    -1088.440984       13.0100
BFGS:  101 20:49:22    -1089.205356       12.5827
BFGS:  102 20:49:22    -1090.002127       12.9787
BFGS:  103 20:49:22    -1090.811534       12.7861
BFGS:  104 20:49:22    -1091.548734       12.2213
BFGS:  105 20:49:22    -1092.275929       10.4556
BFGS:  106 20:49:22    -1092.891123        8.2784
BFGS:  107 20:49:22    -1093.521576        7.1356
BFGS:  108 20:49:22    -1094.080794        7.3671
BFGS:  109 20:49:22    -1094.515332        7.5651
BFGS:  110 20:49:22    -1094.884641        8.8515
BFGS:  111 20:49:22    -1095.212388        9.5130
BFGS:  112 20:49:22    -1095.487830       11.4382
BFGS:  113 20:49:22    -1095.778020       10.8016
BFGS:  114 20:49:22    -1096.113376       10.3892
BFGS:  115 20:49:22    -1096.466051        8.2724
BFGS:  116 20:49:22    -1096.797923        6.2010
BFGS:  117 20:49:22    -1097.068128        6.3366
BFGS:  118 20:49:22    -1097.387342        5.8109
BFGS:  119 20:49:22    -1097.612011        5.4134
BFGS:  120 20:49:22    -1097.787289        5.7092
BFGS:  121 20:49:22    -1097.885603        5.3513
BFGS:  122 20:49:22    -1097.966676        4.8872
BFGS:  123 20:49:22    -1098.065040        4.7018
BFGS:  124 20:49:22    -1098.096651        4.8216
BFGS:  125 20:49:22    -1098.121634        4.7060
BFGS:  126 20:49:22    -1098.147943        4.4176
BFGS:  127 20:49:22    -1098.183781        3.6454
BFGS:  128 20:49:22    -1098.237907        2.6761
BFGS:  129 20:49:22    -1098.308073        3.0101
BFGS:  130 20:49:22    -1098.372443        3.0084
BFGS:  131 20:49:22    -1098.438895        2.8279
BFGS:  132 20:49:22    -1098.512136        3.1924
BFGS:  133 20:49:22    -1098.585996        4.1143
BFGS:  134 20:49:22    -1098.672218        4.9697
BFGS:  135 20:49:22    -1098.773201        5.6934
BFGS:  136 20:49:23    -1098.898028        6.2559
BFGS:  137 20:49:23    -1099.046768        6.6348
BFGS:  138 20:49:23    -1099.230098        6.6154
BFGS:  139 20:49:23    -1099.365021        6.6024
BFGS:  140 20:49:23    -1099.576176        5.7603
BFGS:  141 20:49:23    -1099.733906        4.8687
BFGS:  142 20:49:23    -1099.880986        3.5391
BFGS:  143 20:49:23    -1099.958443        3.9916
BFGS:  144 20:49:23    -1100.042682        3.3218
BFGS:  145 20:49:23    -1100.096930        3.1975
BFGS:  146 20:49:23    -1100.150445        2.7588
BFGS:  147 20:49:23    -1100.197153        2.5548
BFGS:  148 20:49:23    -1100.236729        2.3682
BFGS:  149 20:49:23    -1100.267357        2.2846
BFGS:  150 20:49:23    -1100.298009        2.1356
BFGS:  151 20:49:23    -1100.326113        2.0577
BFGS:  152 20:49:23    -1100.353991        1.8059
BFGS:  153 20:49:23    -1100.383087        1.7360
BFGS:  154 20:49:23    -1100.410084        1.5673
BFGS:  155 20:49:23    -1100.424188        1.4595
BFGS:  156 20:49:23    -1100.435150        1.2392
BFGS:  157 20:49:23    -1100.441029        0.9917
BFGS:  158 20:49:23    -1100.445927        0.8699
BFGS:  159 20:49:23    -1100.451129        0.9478
BFGS:  160 20:49:23    -1100.457050        0.9191
BFGS:  161 20:49:23    -1100.463872        1.0031
BFGS:  162 20:49:23    -1100.472981        1.2473
BFGS:  163 20:49:23    -1100.481105        1.4547
BFGS:  164 20:49:23    -1100.490656        1.3944
BFGS:  165 20:49:23    -1100.497011        1.3131
BFGS:  166 20:49:23    -1100.493957        1.5570
BFGS:  167 20:49:23    -1100.508314        1.2415
BFGS:  168 20:49:23    -1100.508480        1.1470
BFGS:  169 20:49:23    -1100.512683        1.1042
BFGS:  170 20:49:23    -1100.519372        1.0948
BFGS:  171 20:49:23    -1100.524155        0.8975
BFGS:  172 20:49:23    -1100.530895        0.7847
BFGS:  173 20:49:23    -1100.540506        0.7871
BFGS:  174 20:49:24    -1100.545531        0.7437
BFGS:  175 20:49:24    -1100.550203        0.7139
BFGS:  176 20:49:24    -1100.551473        0.9865
BFGS:  177 20:49:24    -1100.556056        0.6839
BFGS:  178 20:49:24    -1100.558819        0.5261
BFGS:  179 20:49:24    -1100.559825        0.4528
BFGS:  180 20:49:24    -1100.560337        0.4147
BFGS:  181 20:49:24    -1100.560649        0.3826
BFGS:  182 20:49:24    -1100.561001        0.3389
BFGS:  183 20:49:24    -1100.561294        0.3302
BFGS:  184 20:49:24    -1100.561540        0.3412
BFGS:  185 20:49:24    -1100.561774        0.3211
BFGS:  186 20:49:24    -1100.562113        0.2880
BFGS:  187 20:49:24    -1100.562609        0.2417
BFGS:  188 20:49:24    -1100.563222        0.2249
BFGS:  189 20:49:24    -1100.563738        0.1946
BFGS:  190 20:49:24    -1100.564075        0.1840
BFGS:  191 20:49:24    -1100.564317        0.1727
BFGS:  192 20:49:24    -1100.564542        0.1497
BFGS:  193 20:49:24    -1100.564716        0.1122
BFGS:  194 20:49:24    -1100.564801        0.0802
