      Step     Time          Energy         fmax
BFGS:    0 20:45:51     -835.121247      195.6316
BFGS:    1 20:45:51     -874.954771      133.4816
BFGS:    2 20:45:51     -887.151958      142.2686
BFGS:    3 20:45:51     -898.176710      123.2899
BFGS:    4 20:45:51     -909.537460      112.3126
BFGS:    5 20:45:51     -919.822777      101.4645
BFGS:    6 20:45:51     -927.254050       93.1877
BFGS:    7 20:45:51     -933.042554       86.3779
BFGS:    8 20:45:51     -938.343303       80.1038
BFGS:    9 20:45:51     -944.072112       71.1225
BFGS:   10 20:45:51     -950.175596       62.9795
BFGS:   11 20:45:51     -956.794349       56.8338
BFGS:   12 20:45:51     -963.700014       49.6319
BFGS:   13 20:45:51     -968.290518       44.5249
BFGS:   14 20:45:52     -971.609936       42.2232
BFGS:   15 20:45:52     -974.362195       38.2740
BFGS:   16 20:45:52     -976.862732       37.5226
BFGS:   17 20:45:52     -979.244319       35.2891
BFGS:   18 20:45:52     -981.846669       34.9983
BFGS:   19 20:45:52     -984.669227       32.2965
BFGS:   20 20:45:52     -987.472684       31.3244
BFGS:   21 20:45:52     -990.237716       30.5208
BFGS:   22 20:45:52     -993.163793       30.0273
BFGS:   23 20:45:52     -996.306489       29.8720
BFGS:   24 20:45:52     -999.403996       29.6107
BFGS:   25 20:45:52    -1002.558498       30.3546
BFGS:   26 20:45:52    -1005.550882       29.0719
BFGS:   27 20:45:52    -1007.991485       29.9573
BFGS:   28 20:45:52    -1009.977337       28.6567
BFGS:   29 20:45:52    -1011.821019       28.2114
BFGS:   30 20:45:52    -1013.552163       25.9902
BFGS:   31 20:45:52    -1015.230474       24.9449
BFGS:   32 20:45:52    -1016.849433       21.6890
BFGS:   33 20:45:52    -1018.376372       19.2647
BFGS:   34 20:45:52    -1019.786241       20.2109
BFGS:   35 20:45:52    -1021.130317       17.3850
BFGS:   36 20:45:52    -1022.386449       17.2251
BFGS:   37 20:45:52    -1023.607167       17.5405
BFGS:   38 20:45:52    -1024.775349       17.6197
BFGS:   39 20:45:52    -1025.817523       17.2841
BFGS:   40 20:45:53    -1026.816849       17.2985
BFGS:   41 20:45:53    -1027.760300       17.5611
BFGS:   42 20:45:53    -1028.707918       17.9379
BFGS:   43 20:45:53    -1029.635713       18.8270
BFGS:   44 20:45:53    -1030.569552       19.6545
BFGS:   45 20:45:53    -1031.545531       20.4401
BFGS:   46 20:45:53    -1032.535369       21.6474
BFGS:   47 20:45:53    -1033.487151       22.3683
BFGS:   48 20:45:53    -1034.489247       23.6951
BFGS:   49 20:45:53    -1035.503004       25.1116
BFGS:   50 20:45:53    -1036.513288       26.6849
BFGS:   51 20:45:53    -1037.508278       28.3989
BFGS:   52 20:45:53    -1038.479669       29.5738
BFGS:   53 20:45:53    -1039.444957       30.7576
BFGS:   54 20:45:53    -1040.417455       32.1135
BFGS:   55 20:45:53    -1041.394533       33.3733
BFGS:   56 20:45:53    -1042.364766       34.1492
BFGS:   57 20:45:53    -1043.335459       34.6501
BFGS:   58 20:45:53    -1044.305394       34.8886
BFGS:   59 20:45:53    -1045.269217       34.8142
BFGS:   60 20:45:53    -1046.225729       34.5090
BFGS:   61 20:45:53    -1047.171415       33.8764
BFGS:   62 20:45:53    -1048.112442       33.7496
BFGS:   63 20:45:53    -1049.047406       34.0529
BFGS:   64 20:45:53    -1049.985705       34.0429
BFGS:   65 20:45:53    -1050.922562       33.7958
BFGS:   66 20:45:53    -1051.852007       33.3493
BFGS:   67 20:45:53    -1052.769041       33.2913
BFGS:   68 20:45:54    -1053.679551       33.3353
BFGS:   69 20:45:54    -1054.589304       33.0508
BFGS:   70 20:45:54    -1055.515579       32.4906
BFGS:   71 20:45:54    -1056.451212       30.6941
BFGS:   72 20:45:54    -1057.434223       29.2473
BFGS:   73 20:45:54    -1058.425792       27.4431
BFGS:   74 20:45:54    -1059.436604       25.1124
BFGS:   75 20:45:54    -1060.428209       23.6345
BFGS:   76 20:45:54    -1061.405064       22.0813
BFGS:   77 20:45:54    -1062.349224       20.9204
BFGS:   78 20:45:54    -1063.259366       19.7831
BFGS:   79 20:45:54    -1064.187618       18.1161
BFGS:   80 20:45:54    -1065.102845       17.0263
BFGS:   81 20:45:54    -1066.005076       15.5155
BFGS:   82 20:45:54    -1067.024975       13.8814
BFGS:   83 20:45:54    -1068.066377       14.1314
BFGS:   84 20:45:54    -1069.043696       14.9409
BFGS:   85 20:45:54    -1070.055900       15.3019
BFGS:   86 20:45:54    -1070.973568       15.6554
BFGS:   87 20:45:54    -1071.804912       15.5511
BFGS:   88 20:45:54    -1072.607889       15.1351
BFGS:   89 20:45:54    -1073.375447       14.4463
BFGS:   90 20:45:54    -1074.173399       13.7053
BFGS:   91 20:45:54    -1075.021957       12.9755
BFGS:   92 20:45:54    -1075.888911       12.5517
BFGS:   93 20:45:54    -1076.813450       12.5561
BFGS:   94 20:45:54    -1077.709058       13.1355
BFGS:   95 20:45:54    -1078.568093       14.3272
BFGS:   96 20:45:54    -1079.440424       15.1422
BFGS:   97 20:45:54    -1080.306675       17.2552
BFGS:   98 20:45:54    -1081.120015       19.1236
BFGS:   99 20:45:54    -1081.975018       20.5980
BFGS:  100 20:45:55    -1082.948994       20.4015
BFGS:  101 20:45:55    -1084.230624       20.2601
BFGS:  102 20:45:55    -1085.531188       20.6593
BFGS:  103 20:45:55    -1086.690906       19.8678
BFGS:  104 20:45:55    -1087.752462       18.1633
BFGS:  105 20:45:55    -1088.666340       16.9166
BFGS:  106 20:45:55    -1089.559351       16.8307
BFGS:  107 20:45:55    -1090.419968       16.2708
BFGS:  108 20:45:55    -1091.077590       15.1340
BFGS:  109 20:45:55    -1091.561824       13.0146
BFGS:  110 20:45:55    -1091.804582       12.7929
BFGS:  111 20:45:55    -1092.072588       12.4477
BFGS:  112 20:45:55    -1092.367518       11.7396
BFGS:  113 20:45:55    -1092.534635        9.8467
BFGS:  114 20:45:55    -1092.674095        8.6755
BFGS:  115 20:45:55    -1092.824520        7.9018
BFGS:  116 20:45:55    -1093.030797        7.4180
BFGS:  117 20:45:55    -1093.294122        7.9121
BFGS:  118 20:45:55    -1093.555897        9.0071
BFGS:  119 20:45:55    -1093.774494        9.6889
BFGS:  120 20:45:55    -1094.007957        9.9991
BFGS:  121 20:45:55    -1094.197782       10.4918
BFGS:  122 20:45:55    -1094.417010       10.2939
BFGS:  123 20:45:55    -1094.643572       11.2227
BFGS:  124 20:45:55    -1094.919198       12.0530
BFGS:  125 20:45:55    -1095.189920       12.5540
BFGS:  126 20:45:55    -1095.477112       12.9411
BFGS:  127 20:45:55    -1095.781294       12.8676
BFGS:  128 20:45:55    -1096.085906       12.9689
BFGS:  129 20:45:55    -1096.390813       12.8622
BFGS:  130 20:45:55    -1096.716693       12.2090
BFGS:  131 20:45:55    -1097.030229       10.8785
BFGS:  132 20:45:55    -1097.326145        7.9584
BFGS:  133 20:45:55    -1097.469021        7.3054
BFGS:  134 20:45:55    -1097.725716        6.1598
BFGS:  135 20:45:56    -1097.836846        5.8127
BFGS:  136 20:45:56    -1097.964706        4.2279
BFGS:  137 20:45:56    -1098.028702        3.7188
BFGS:  138 20:45:56    -1098.068052        3.5784
BFGS:  139 20:45:56    -1098.102823        3.3611
BFGS:  140 20:45:56    -1098.124816        3.1192
BFGS:  141 20:45:56    -1098.138591        2.9417
BFGS:  142 20:45:56    -1098.148229        4.0186
BFGS:  143 20:45:56    -1098.156504        2.8581
BFGS:  144 20:45:56    -1098.165043        2.5800
BFGS:  145 20:45:56    -1098.175312        2.2157
BFGS:  146 20:45:56    -1098.178120        2.1552
BFGS:  147 20:45:56    -1098.182416        2.6459
BFGS:  148 20:45:56    -1098.185519        2.3304
BFGS:  149 20:45:56    -1098.189533        2.3851
BFGS:  150 20:45:56    -1098.192340        2.3696
BFGS:  151 20:45:56    -1098.195298        2.2323
BFGS:  152 20:45:56    -1098.198510        3.7322
BFGS:  153 20:45:56    -1098.193844        2.1810
BFGS:  154 20:45:56    -1098.206621        2.0651
BFGS:  155 20:45:56    -1098.211721        2.0480
BFGS:  156 20:45:56    -1098.219005        2.2706
BFGS:  157 20:45:56    -1098.230256        2.4236
BFGS:  158 20:45:56    -1098.239802        2.3052
BFGS:  159 20:45:56    -1098.249410        2.1647
BFGS:  160 20:45:56    -1098.260350        2.6843
BFGS:  161 20:45:56    -1098.269409        2.4654
BFGS:  162 20:45:56    -1098.277581        2.5404
BFGS:  163 20:45:56    -1098.286530        2.6308
BFGS:  164 20:45:56    -1098.292810        2.6871
BFGS:  165 20:45:56    -1098.297249        2.7699
BFGS:  166 20:45:56    -1098.300603        2.7982
BFGS:  167 20:45:56    -1098.304284        2.8065
BFGS:  168 20:45:56    -1098.307125        2.7447
BFGS:  169 20:45:57    -1098.309959        2.7362
BFGS:  170 20:45:57    -1098.314028        2.6840
BFGS:  171 20:45:57    -1098.315702        2.6757
BFGS:  172 20:45:57    -1098.319464        2.6421
BFGS:  173 20:45:57    -1098.321333        2.6309
BFGS:  174 20:45:57    -1098.323068        2.6000
BFGS:  175 20:45:57    -1098.324657        2.5490
BFGS:  176 20:45:57    -1098.325473        2.4416
BFGS:  177 20:45:57    -1098.327510        2.3238
BFGS:  178 20:45:57    -1098.328607        2.1419
BFGS:  179 20:45:57    -1098.329754        2.1513
BFGS:  180 20:45:57    -1098.331253        2.1430
BFGS:  181 20:45:57    -1098.332425        2.1078
BFGS:  182 20:45:57    -1098.331663        1.9956
BFGS:  183 20:45:57    -1098.333439        2.0531
BFGS:  184 20:45:57    -1098.334418        2.1499
BFGS:  185 20:45:57    -1098.336003        2.1201
BFGS:  186 20:45:57    -1098.337144        2.1289
BFGS:  187 20:45:57    -1098.339447        2.1567
BFGS:  188 20:45:57    -1098.340664        2.1329
BFGS:  189 20:45:57    -1098.340536        1.9686
BFGS:  190 20:45:57    -1098.342378        2.0292
BFGS:  191 20:45:57    -1098.342388        2.0863
BFGS:  192 20:45:57    -1098.344248        2.0334
BFGS:  193 20:45:57    -1098.341813        1.8677
BFGS:  194 20:45:57    -1098.344347        1.9291
BFGS:  195 20:45:57    -1098.344626        1.9930
BFGS:  196 20:45:57    -1098.346831        1.9262
BFGS:  197 20:45:57    -1098.347573        1.9007
BFGS:  198 20:45:57    -1098.349826        2.6154
BFGS:  199 20:45:57    -1098.350367        1.5816
BFGS:  200 20:45:57    -1098.350931        1.5813
BFGS:  201 20:45:57    -1098.352494        2.5843
BFGS:  202 20:45:57    -1098.353087        1.5410
BFGS:  203 20:45:57    -1098.354142        1.4966
BFGS:  204 20:45:58    -1098.358717        1.3582
BFGS:  205 20:45:58    -1098.361672        1.2958
BFGS:  206 20:45:58    -1098.367001        1.7161
BFGS:  207 20:45:58    -1098.371801        1.7202
BFGS:  208 20:45:58    -1098.377636        1.6583
BFGS:  209 20:45:58    -1098.377365        1.6124
BFGS:  210 20:45:58    -1098.383361        1.5614
BFGS:  211 20:45:58    -1098.387085        1.3196
BFGS:  212 20:45:58    -1098.389019        1.4328
BFGS:  213 20:45:58    -1098.392195        1.4699
BFGS:  214 20:45:58    -1098.394309        1.4246
BFGS:  215 20:45:58    -1098.396855        1.2425
BFGS:  216 20:45:58    -1098.398881        1.1731
BFGS:  217 20:45:58    -1098.400881        1.0329
BFGS:  218 20:45:58    -1098.403269        1.4743
BFGS:  219 20:45:58    -1098.403804        1.4061
BFGS:  220 20:45:58    -1098.404521        1.2830
BFGS:  221 20:45:58    -1098.404644        1.2194
BFGS:  222 20:45:58    -1098.405053        1.0038
BFGS:  223 20:45:58    -1098.405343        1.1856
BFGS:  224 20:45:58    -1098.405382        1.0692
BFGS:  225 20:45:58    -1098.405490        1.0564
BFGS:  226 20:45:58    -1098.405551        1.1371
BFGS:  227 20:45:58    -1098.405594        1.0381
BFGS:  228 20:45:58    -1098.405674        1.1137
BFGS:  229 20:45:58    -1098.405780        1.0514
BFGS:  230 20:45:58    -1098.405899        1.0499
BFGS:  231 20:45:58    -1098.406041        1.0365
BFGS:  232 20:45:58    -1098.406070        1.0250
BFGS:  233 20:45:58    -1098.406109        1.0019
BFGS:  234 20:45:58    -1098.406091        1.1151
BFGS:  235 20:45:58    -1098.406125        1.1064
BFGS:  236 20:45:58    -1098.406115        1.0131
BFGS:  237 20:45:58    -1098.406131        1.0068
BFGS:  238 20:45:58    -1098.406094        1.1195
BFGS:  239 20:45:59    -1098.406131        1.1053
BFGS:  240 20:45:59    -1098.406079        1.0291
BFGS:  241 20:45:59    -1098.406136        1.0109
BFGS:  242 20:45:59    -1098.406081        1.1241
BFGS:  243 20:45:59    -1098.406133        1.1049
BFGS:  244 20:45:59    -1098.406047        1.0387
BFGS:  245 20:45:59    -1098.406131        1.0147
BFGS:  246 20:45:59    -1098.406040        1.1349
BFGS:  247 20:45:59    -1098.406130        1.1071
BFGS:  248 20:45:59    -1098.405983        1.0535
BFGS:  249 20:45:59    -1098.406122        1.0187
BFGS:  250 20:45:59    -1098.406008        1.1425
BFGS:  251 20:45:59    -1098.406131        1.1077
BFGS:  252 20:45:59    -1098.405947        1.0624
BFGS:  253 20:45:59    -1098.406114        1.0221
BFGS:  254 20:45:59    -1098.405955        1.1547
BFGS:  255 20:45:59    -1098.406127        1.1101
BFGS:  256 20:45:59    -1098.405881        1.0769
BFGS:  257 20:45:59    -1098.406103        1.0263
BFGS:  258 20:45:59    -1098.405897        1.1674
BFGS:  259 20:45:59    -1098.406123        1.1123
BFGS:  260 20:45:59    -1098.405819        1.0898
BFGS:  261 20:45:59    -1098.406092        1.0300
BFGS:  262 20:45:59    -1098.405850        1.1774
BFGS:  263 20:45:59    -1098.406121        1.1140
BFGS:  264 20:45:59    -1098.405749        1.1048
BFGS:  265 20:45:59    -1098.406078        1.0347
BFGS:  266 20:45:59    -1098.405784        1.1909
BFGS:  267 20:45:59    -1098.406116        1.1163
BFGS:  268 20:45:59    -1098.405669        1.1208
BFGS:  269 20:45:59    -1098.406064        1.0394
BFGS:  270 20:45:59    -1098.405711        1.2047
BFGS:  271 20:45:59    -1098.406113        1.1180
BFGS:  272 20:45:59    -1098.405626        1.1302
BFGS:  273 20:45:59    -1098.406055        1.0426
BFGS:  274 20:46:00    -1098.405657        1.2160
BFGS:  275 20:46:00    -1098.406106        1.1208
BFGS:  276 20:46:00    -1098.405515        1.1514
BFGS:  277 20:46:00    -1098.406035        1.0484
BFGS:  278 20:46:00    -1098.405577        1.2304
BFGS:  279 20:46:00    -1098.406104        1.1221
BFGS:  280 20:46:00    -1098.405481        1.1592
BFGS:  281 20:46:00    -1098.406026        1.0515
BFGS:  282 20:46:00    -1098.405518        1.2422
BFGS:  283 20:46:00    -1098.406098        1.1245
BFGS:  284 20:46:00    -1098.405398        1.1748
BFGS:  285 20:46:00    -1098.406011        1.0560
BFGS:  286 20:46:00    -1098.405455        1.2542
BFGS:  287 20:46:00    -1098.406091        1.1270
BFGS:  288 20:46:00    -1098.405271        1.1980
BFGS:  289 20:46:00    -1098.405988        1.0625
BFGS:  290 20:46:00    -1098.405315        3.1740
BFGS:  291 20:46:00    -1098.403742        1.3263
BFGS:  292 20:46:00    -1098.405257        1.2248
BFGS:  293 20:46:00    -1098.406041        1.0716
BFGS:  294 20:46:00    -1098.405313        1.2013
BFGS:  295 20:46:00    -1098.405904        1.1046
BFGS:  296 20:46:00    -1098.405090        1.2360
BFGS:  297 20:46:00    -1098.405930        1.0928
BFGS:  298 20:46:00    -1098.405261        1.2398
BFGS:  299 20:46:00    -1098.406059        1.1020
BFGS:  300 20:46:00    -1098.405146        1.2240
BFGS:  301 20:46:00    -1098.405943        1.0836
BFGS:  302 20:46:00    -1098.405184        1.2710
BFGS:  303 20:46:00    -1098.406064        1.1172
BFGS:  304 20:46:00    -1098.405073        1.2343
BFGS:  305 20:46:00    -1098.405947        1.0795
BFGS:  306 20:46:00    -1098.405106        1.2951
BFGS:  307 20:46:00    -1098.406051        1.1292
BFGS:  308 20:46:00    -1098.404893        1.2625
BFGS:  309 20:46:01    -1098.405926        1.0830
BFGS:  310 20:46:01    -1098.405005        1.3174
BFGS:  311 20:46:01    -1098.406052        1.1341
BFGS:  312 20:46:01    -1098.404911        1.2626
BFGS:  313 20:46:01    -1098.405925        1.0829
BFGS:  314 20:46:01    -1098.404930        1.3345
BFGS:  315 20:46:01    -1098.406040        1.1399
BFGS:  316 20:46:01    -1098.404823        1.2785
BFGS:  317 20:46:01    -1098.405911        1.0863
BFGS:  318 20:46:01    -1098.404856        1.3501
BFGS:  319 20:46:01    -1098.406034        1.1436
BFGS:  320 20:46:01    -1098.404734        1.2948
BFGS:  321 20:46:01    -1098.405894        1.0907
BFGS:  322 20:46:01    -1098.404709        3.2299
BFGS:  323 20:46:01    -1098.405764        1.1630
BFGS:  324 20:46:01    -1098.404691        1.2977
BFGS:  325 20:46:01    -1098.405942        1.0887
BFGS:  326 20:46:01    -1098.404820        1.3141
BFGS:  327 20:46:01    -1098.406015        1.1231
BFGS:  328 20:46:01    -1098.404653        1.3049
BFGS:  329 20:46:01    -1098.405862        1.1050
BFGS:  330 20:46:01    -1098.404730        1.3357
BFGS:  331 20:46:01    -1098.406035        1.1247
BFGS:  332 20:46:01    -1098.404558        1.3207
BFGS:  333 20:46:01    -1098.405841        1.1089
BFGS:  334 20:46:01    -1098.404639        1.3556
BFGS:  335 20:46:01    -1098.406021        1.1322
BFGS:  336 20:46:01    -1098.404332        1.3549
BFGS:  337 20:46:01    -1098.405809        1.1154
BFGS:  338 20:46:01    -1098.404529        1.3768
BFGS:  339 20:46:01    -1098.406024        1.1352
BFGS:  340 20:46:01    -1098.404384        1.3510
BFGS:  341 20:46:01    -1098.405813        1.1147
BFGS:  342 20:46:01    -1098.404444        1.3944
BFGS:  343 20:46:02    -1098.406009        1.1416
BFGS:  344 20:46:02    -1098.404294        1.3664
BFGS:  345 20:46:02    -1098.405801        1.1173
BFGS:  346 20:46:02    -1098.404360        1.4112
BFGS:  347 20:46:02    -1098.405999        1.1464
BFGS:  348 20:46:02    -1098.404204        1.3820
BFGS:  349 20:46:02    -1098.405787        1.1208
BFGS:  350 20:46:02    -1098.404277        1.4275
BFGS:  351 20:46:02    -1098.405980        1.1526
BFGS:  352 20:46:02    -1098.403947        1.4204
BFGS:  353 20:46:02    -1098.405748        1.1295
BFGS:  354 20:46:02    -1098.404171        1.4459
BFGS:  355 20:46:02    -1098.405989        1.1529
BFGS:  356 20:46:02    -1098.404032        1.4125
BFGS:  357 20:46:02    -1098.405753        1.1291
BFGS:  358 20:46:02    -1098.404092        1.4608
BFGS:  359 20:46:02    -1098.405974        1.1578
BFGS:  360 20:46:02    -1098.403946        1.4275
BFGS:  361 20:46:02    -1098.405740        1.1325
BFGS:  362 20:46:02    -1098.404013        1.4755
BFGS:  363 20:46:02    -1098.405965        1.1612
BFGS:  364 20:46:02    -1098.403859        1.4426
BFGS:  365 20:46:02    -1098.405725        1.1364
BFGS:  366 20:46:02    -1098.403936        1.4898
BFGS:  367 20:46:02    -1098.405958        1.1642
BFGS:  368 20:46:02    -1098.403773        1.4575
BFGS:  369 20:46:02    -1098.405709        1.1405
BFGS:  370 20:46:02    -1098.403859        1.5038
BFGS:  371 20:46:02    -1098.405939        1.1694
BFGS:  372 20:46:02    -1098.403488        1.4992
BFGS:  373 20:46:02    -1098.405666        1.1504
BFGS:  374 20:46:02    -1098.403743        3.3264
BFGS:  375 20:46:02    -1098.405949        1.1516
BFGS:  376 20:46:02    -1098.404354        1.3757
BFGS:  377 20:46:02    -1098.405798        1.1260
BFGS:  378 20:46:03    -1098.403796        1.4868
BFGS:  379 20:46:03    -1098.405913        1.1621
BFGS:  380 20:46:03    -1098.403627        1.4783
BFGS:  381 20:46:03    -1098.405685        1.1499
BFGS:  382 20:46:03    -1098.403712        1.5038
BFGS:  383 20:46:03    -1098.405944        1.1584
BFGS:  384 20:46:03    -1098.403533        1.4938
BFGS:  385 20:46:03    -1098.405655        1.1564
BFGS:  386 20:46:03    -1098.403630        1.5196
BFGS:  387 20:46:03    -1098.405941        1.1613
BFGS:  388 20:46:03    -1098.403448        1.5082
BFGS:  389 20:46:03    -1098.405639        1.1601
BFGS:  390 20:46:03    -1098.403550        1.5347
BFGS:  391 20:46:03    -1098.405919        1.1677
BFGS:  392 20:46:03    -1098.403131        1.5526
BFGS:  393 20:46:03    -1098.405594        1.1699
BFGS:  394 20:46:03    -1098.403448        1.5520
BFGS:  395 20:46:03    -1098.405934        1.1665
BFGS:  396 20:46:03    -1098.403289        1.5356
BFGS:  397 20:46:03    -1098.405608        1.1676
BFGS:  398 20:46:03    -1098.403372        1.5658
BFGS:  399 20:46:03    -1098.405916        1.1720
BFGS:  400 20:46:03    -1098.403210        1.5488
BFGS:  401 20:46:03    -1098.405599        1.1700
BFGS:  402 20:46:03    -1098.403297        1.5795
BFGS:  403 20:46:03    -1098.405906        1.1756
BFGS:  404 20:46:03    -1098.403132        1.5621
BFGS:  405 20:46:03    -1098.405587        1.1732
BFGS:  406 20:46:03    -1098.403225        1.5928
BFGS:  407 20:46:03    -1098.405898        1.1787
BFGS:  408 20:46:03    -1098.403054        1.5751
BFGS:  409 20:46:03    -1098.405574        1.1765
BFGS:  410 20:46:03    -1098.403153        1.6057
BFGS:  411 20:46:03    -1098.405875        1.1847
BFGS:  412 20:46:03    -1098.402716        1.6218
BFGS:  413 20:46:04    -1098.405526        1.1870
BFGS:  414 20:46:04    -1098.403059        1.6211
BFGS:  415 20:46:04    -1098.405894        1.1821
BFGS:  416 20:46:04    -1098.402909        1.6002
BFGS:  417 20:46:04    -1098.405544        1.1841
BFGS:  418 20:46:04    -1098.402992        1.6330
BFGS:  419 20:46:04    -1098.405876        1.1871
BFGS:  420 20:46:04    -1098.402838        1.6122
BFGS:  421 20:46:04    -1098.405537        1.1863
BFGS:  422 20:46:04    -1098.402925        1.6449
BFGS:  423 20:46:04    -1098.405867        1.1900
BFGS:  424 20:46:04    -1098.402767        1.6242
BFGS:  425 20:46:04    -1098.405525        1.1894
BFGS:  426 20:46:04    -1098.402860        1.6565
BFGS:  427 20:46:04    -1098.405860        1.1925
BFGS:  428 20:46:04    -1098.402696        1.6360
BFGS:  429 20:46:04    -1098.405513        1.1925
BFGS:  430 20:46:04    -1098.402747        3.4303
BFGS:  431 20:46:04    -1098.405908        1.1726
BFGS:  432 20:46:04    -1098.403689        1.4984
BFGS:  433 20:46:04    -1098.405662        1.1640
BFGS:  434 20:46:04    -1098.402813        1.6435
BFGS:  435 20:46:04    -1098.405805        1.1948
BFGS:  436 20:46:04    -1098.402659        1.6385
BFGS:  437 20:46:04    -1098.405522        1.1932
BFGS:  438 20:46:04    -1098.402743        1.6573
BFGS:  439 20:46:04    -1098.405850        1.1878
BFGS:  440 20:46:04    -1098.402578        1.6513
BFGS:  441 20:46:04    -1098.405490        1.2002
BFGS:  442 20:46:04    -1098.402676        1.6698
BFGS:  443 20:46:04    -1098.405851        1.1893
BFGS:  444 20:46:04    -1098.402508        1.6628
BFGS:  445 20:46:04    -1098.405477        1.2034
BFGS:  446 20:46:04    -1098.402611        1.6817
BFGS:  447 20:46:04    -1098.405827        1.1955
BFGS:  448 20:46:05    -1098.402137        1.7122
BFGS:  449 20:46:05    -1098.405426        1.2142
BFGS:  450 20:46:05    -1098.402526        1.6959
BFGS:  451 20:46:05    -1098.405851        1.1922
BFGS:  452 20:46:05    -1098.402381        1.6843
BFGS:  453 20:46:05    -1098.405451        1.2098
BFGS:  454 20:46:05    -1098.402466        1.7066
BFGS:  455 20:46:05    -1098.405831        1.1975
BFGS:  456 20:46:05    -1098.402319        1.6945
BFGS:  457 20:46:05    -1098.405447        1.2112
BFGS:  458 20:46:05    -1098.402407        1.7173
BFGS:  459 20:46:05    -1098.405822        1.2005
BFGS:  460 20:46:05    -1098.402257        1.7048
BFGS:  461 20:46:05    -1098.405439        1.2135
BFGS:  462 20:46:05    -1098.402349        1.7277
BFGS:  463 20:46:05    -1098.405796        1.2068
BFGS:  464 20:46:05    -1098.401873        1.7553
BFGS:  465 20:46:05    -1098.405387        1.2245
BFGS:  466 20:46:05    -1098.402271        1.7405
BFGS:  467 20:46:05    -1098.405824        1.2027
BFGS:  468 20:46:05    -1098.402141        1.7244
BFGS:  469 20:46:05    -1098.405415        1.2196
BFGS:  470 20:46:05    -1098.402218        1.7499
BFGS:  471 20:46:05    -1098.405804        1.2077
BFGS:  472 20:46:05    -1098.402085        1.7338
BFGS:  473 20:46:05    -1098.405412        1.2208
BFGS:  474 20:46:05    -1098.402165        1.7593
BFGS:  475 20:46:05    -1098.405796        1.2104
BFGS:  476 20:46:05    -1098.402028        1.7432
BFGS:  477 20:46:05    -1098.405405        1.2229
BFGS:  478 20:46:05    -1098.402112        1.7686
BFGS:  479 20:46:05    -1098.405770        1.2164
BFGS:  480 20:46:05    -1098.401636        1.7943
BFGS:  481 20:46:05    -1098.405352        1.2341
BFGS:  482 20:46:05    -1098.402011        3.5133
BFGS:  483 20:46:06    -1098.405907        1.1819
BFGS:  484 20:46:06    -1098.403345        1.5663
BFGS:  485 20:46:06    -1098.405589        1.1877
BFGS:  486 20:46:06    -1098.402089        1.7553
BFGS:  487 20:46:06    -1098.405720        1.2195
BFGS:  488 20:46:06    -1098.401962        1.7513
BFGS:  489 20:46:06    -1098.405419        1.2229
BFGS:  490 20:46:06    -1098.402033        1.7668
BFGS:  491 20:46:06    -1098.405761        1.2132
BFGS:  492 20:46:06    -1098.401541        1.8052
BFGS:  493 20:46:06    -1098.405338        1.2394
BFGS:  494 20:46:06    -1098.401961        1.7791
BFGS:  495 20:46:06    -1098.405802        1.2066
BFGS:  496 20:46:06    -1098.401843        1.7703
BFGS:  497 20:46:06    -1098.405367        1.2343
BFGS:  498 20:46:06    -1098.401913        1.7879
BFGS:  499 20:46:06    -1098.405783        1.2117
