      Step     Time          Energy         fmax
BFGS:    0 20:49:33     -857.871874      129.9144
BFGS:    1 20:49:33     -884.202500      117.5694
BFGS:    2 20:49:33     -899.112106      116.4928
BFGS:    3 20:49:33     -912.527989      113.7094
BFGS:    4 20:49:33     -925.400912      105.4794
BFGS:    5 20:49:33     -942.891189       94.7332
BFGS:    6 20:49:33     -957.083046       80.9572
BFGS:    7 20:49:33     -969.755948       75.1960
BFGS:    8 20:49:33     -980.026782       69.4214
BFGS:    9 20:49:33     -990.214532       65.1428
BFGS:   10 20:49:33     -998.943600       61.6843
BFGS:   11 20:49:33    -1005.288315       60.1508
BFGS:   12 20:49:33    -1010.646834       55.5292
BFGS:   13 20:49:33    -1016.318764       54.5836
BFGS:   14 20:49:33    -1022.096904       50.6221
BFGS:   15 20:49:33    -1026.494909       49.1121
BFGS:   16 20:49:34    -1030.063379       46.3314
BFGS:   17 20:49:34    -1033.389229       44.2653
BFGS:   18 20:49:34    -1036.320778       41.7767
BFGS:   19 20:49:34    -1039.043813       39.6030
BFGS:   20 20:49:34    -1041.608661       37.5977
BFGS:   21 20:49:34    -1044.352161       35.2408
BFGS:   22 20:49:34    -1046.982392       33.5599
BFGS:   23 20:49:34    -1049.720159       31.3226
BFGS:   24 20:49:34    -1052.471858       29.8333
BFGS:   25 20:49:34    -1055.089461       27.2144
BFGS:   26 20:49:34    -1057.478394       24.8664
BFGS:   27 20:49:34    -1059.525060       21.5610
BFGS:   28 20:49:34    -1061.431370       21.5319
BFGS:   29 20:49:34    -1063.153246       21.9522
BFGS:   30 20:49:34    -1064.582349       20.5754
BFGS:   31 20:49:34    -1065.811413       20.4514
BFGS:   32 20:49:34    -1066.969338       18.8817
BFGS:   33 20:49:34    -1068.093173       18.7520
BFGS:   34 20:49:34    -1069.155002       18.0943
BFGS:   35 20:49:34    -1070.303687       15.8650
BFGS:   36 20:49:34    -1071.705511       15.8802
BFGS:   37 20:49:34    -1073.180398       15.5227
BFGS:   38 20:49:34    -1074.554964       15.5452
BFGS:   39 20:49:34    -1075.857263       14.2314
BFGS:   40 20:49:34    -1077.103907       12.0172
BFGS:   41 20:49:34    -1078.246291        8.8637
BFGS:   42 20:49:34    -1079.318822        7.3924
BFGS:   43 20:49:34    -1080.424864        8.6943
BFGS:   44 20:49:34    -1081.237735        9.9576
BFGS:   45 20:49:35    -1081.942146        8.0559
BFGS:   46 20:49:35    -1082.524848        7.7622
BFGS:   47 20:49:35    -1083.054899        6.5789
BFGS:   48 20:49:35    -1083.553336        5.7646
BFGS:   49 20:49:35    -1083.999855        5.0166
BFGS:   50 20:49:35    -1084.424396        4.8784
BFGS:   51 20:49:35    -1084.818782        4.5761
BFGS:   52 20:49:35    -1085.180088        4.8845
BFGS:   53 20:49:35    -1085.594576        4.9952
BFGS:   54 20:49:35    -1086.011145        5.9008
BFGS:   55 20:49:35    -1086.406534        7.2419
BFGS:   56 20:49:35    -1086.807889        7.7023
BFGS:   57 20:49:35    -1087.224898        6.9279
BFGS:   58 20:49:35    -1087.722065        6.9031
BFGS:   59 20:49:35    -1088.274135        7.5197
BFGS:   60 20:49:35    -1088.763536        6.6665
BFGS:   61 20:49:35    -1089.256769        5.7581
BFGS:   62 20:49:35    -1089.824355        5.7135
BFGS:   63 20:49:35    -1090.421802        5.7743
BFGS:   64 20:49:35    -1090.940325        4.5770
BFGS:   65 20:49:35    -1091.300309        3.5803
BFGS:   66 20:49:35    -1091.515247        2.6050
BFGS:   67 20:49:35    -1091.671908        2.4870
BFGS:   68 20:49:35    -1091.853032        2.8202
BFGS:   69 20:49:35    -1092.012796        3.5963
BFGS:   70 20:49:35    -1092.187104        4.0680
BFGS:   71 20:49:35    -1092.387553        4.7002
BFGS:   72 20:49:35    -1092.603593        5.0114
BFGS:   73 20:49:35    -1092.830510        5.0377
BFGS:   74 20:49:35    -1093.066426        5.3613
BFGS:   75 20:49:35    -1093.307189        5.5366
BFGS:   76 20:49:35    -1093.572179        6.5595
BFGS:   77 20:49:35    -1093.913011        5.3305
BFGS:   78 20:49:35    -1094.316838        5.7814
BFGS:   79 20:49:36    -1094.693683        6.3650
BFGS:   80 20:49:36    -1095.048227        7.6445
BFGS:   81 20:49:36    -1095.412895        8.9646
BFGS:   82 20:49:36    -1095.955568       10.0658
BFGS:   83 20:49:36    -1096.457498       10.9213
BFGS:   84 20:49:36    -1097.414756        8.7356
BFGS:   85 20:49:36    -1098.077987        6.4042
BFGS:   86 20:49:36    -1098.744348        5.3813
BFGS:   87 20:49:36    -1099.217176        5.7774
BFGS:   88 20:49:36    -1099.574224        5.6254
BFGS:   89 20:49:36    -1099.824681        5.5277
BFGS:   90 20:49:36    -1100.033840        2.8147
BFGS:   91 20:49:36    -1100.141156        2.3475
BFGS:   92 20:49:36    -1100.250094        2.3421
BFGS:   93 20:49:36    -1100.342936        2.1117
BFGS:   94 20:49:36    -1100.406757        1.9871
BFGS:   95 20:49:36    -1100.455158        1.3095
BFGS:   96 20:49:36    -1100.489782        1.0382
BFGS:   97 20:49:36    -1100.513789        0.9911
BFGS:   98 20:49:36    -1100.523813        0.6892
BFGS:   99 20:49:36    -1100.533749        0.7611
BFGS:  100 20:49:36    -1100.548492        1.0834
BFGS:  101 20:49:36    -1100.564107        1.2620
BFGS:  102 20:49:36    -1100.595446        1.7782
BFGS:  103 20:49:36    -1100.632357        1.8214
BFGS:  104 20:49:36    -1100.690852        1.8674
BFGS:  105 20:49:36    -1100.730459        1.6258
BFGS:  106 20:49:36    -1100.775552        1.6779
BFGS:  107 20:49:36    -1100.804320        1.4152
BFGS:  108 20:49:36    -1100.821105        1.4611
BFGS:  109 20:49:36    -1100.836107        1.2302
BFGS:  110 20:49:36    -1100.846031        1.0810
BFGS:  111 20:49:36    -1100.853283        0.9654
BFGS:  112 20:49:36    -1100.860557        1.0370
BFGS:  113 20:49:36    -1100.872030        1.1192
BFGS:  114 20:49:36    -1100.885768        0.9399
BFGS:  115 20:49:37    -1100.899252        0.8857
BFGS:  116 20:49:37    -1100.910131        0.8514
BFGS:  117 20:49:37    -1100.919661        0.7164
BFGS:  118 20:49:37    -1100.927695        0.6207
BFGS:  119 20:49:37    -1100.933211        0.4864
BFGS:  120 20:49:37    -1100.936530        0.4552
BFGS:  121 20:49:37    -1100.939300        0.4252
BFGS:  122 20:49:37    -1100.941606        0.3798
BFGS:  123 20:49:37    -1100.943472        0.2951
BFGS:  124 20:49:37    -1100.944658        0.2041
BFGS:  125 20:49:37    -1100.945364        0.1709
BFGS:  126 20:49:37    -1100.945783        0.1500
BFGS:  127 20:49:37    -1100.946111        0.1673
BFGS:  128 20:49:37    -1100.946399        0.1604
BFGS:  129 20:49:37    -1100.946607        0.1265
BFGS:  130 20:49:37    -1100.946709        0.0682
