      Step     Time          Energy         fmax
BFGS:    0 20:44:19     -689.943781      316.1527
BFGS:    1 20:44:20     -757.754830      231.7494
BFGS:    2 20:44:20     -782.359734      245.4638
BFGS:    3 20:44:20     -801.364127      225.7794
BFGS:    4 20:44:20     -818.341448      210.4145
BFGS:    5 20:44:20     -834.160921      196.0760
BFGS:    6 20:44:20     -848.269042      181.3834
BFGS:    7 20:44:20     -861.629321      170.6819
BFGS:    8 20:44:20     -873.694903      153.5043
BFGS:    9 20:44:20     -885.763407      136.9329
BFGS:   10 20:44:20     -894.112394      129.9999
BFGS:   11 20:44:20     -901.928675      119.3707
BFGS:   12 20:44:20     -909.606630      108.1155
BFGS:   13 20:44:20     -915.333866      102.6852
BFGS:   14 20:44:20     -920.482289       99.1198
BFGS:   15 20:44:20     -925.517083       94.6205
BFGS:   16 20:44:20     -930.630670       93.7605
BFGS:   17 20:44:20     -935.751378       91.9676
BFGS:   18 20:44:20     -941.089774       89.9339
BFGS:   19 20:44:20     -946.362270       88.2786
BFGS:   20 20:44:20     -951.004595       82.9915
BFGS:   21 20:44:20     -955.303854       83.4696
BFGS:   22 20:44:20     -958.691515       82.9870
BFGS:   23 20:44:20     -961.695314       81.4229
BFGS:   24 20:44:20     -964.608116       79.4430
BFGS:   25 20:44:20     -967.317296       74.7296
BFGS:   26 20:44:20     -970.147146       69.6745
BFGS:   27 20:44:20     -972.738778       65.2085
BFGS:   28 20:44:21     -974.752635       57.1151
BFGS:   29 20:44:21     -976.934851       54.8959
BFGS:   30 20:44:21     -978.859895       48.8019
BFGS:   31 20:44:21     -980.901013       44.1852
BFGS:   32 20:44:21     -982.994604       40.4881
BFGS:   33 20:44:21     -985.080945       37.3371
BFGS:   34 20:44:21     -987.078099       37.4376
BFGS:   35 20:44:21     -989.354051       38.7994
BFGS:   36 20:44:21     -991.562356       39.9781
BFGS:   37 20:44:21     -993.701011       40.6173
BFGS:   38 20:44:21     -995.760628       40.7766
BFGS:   39 20:44:21     -997.774180       42.4431
BFGS:   40 20:44:21     -999.819142       41.8772
BFGS:   41 20:44:21    -1001.507729       41.4718
BFGS:   42 20:44:21    -1003.194157       40.8775
BFGS:   43 20:44:21    -1004.861898       40.3473
BFGS:   44 20:44:21    -1006.641417       39.3774
BFGS:   45 20:44:21    -1008.412906       38.2611
BFGS:   46 20:44:21    -1010.096471       36.9302
BFGS:   47 20:44:21    -1011.710687       36.3238
BFGS:   48 20:44:21    -1013.401296       39.6387
BFGS:   49 20:44:21    -1015.158322       42.8492
BFGS:   50 20:44:21    -1016.902113       45.8515
BFGS:   51 20:44:21    -1018.636343       48.5413
BFGS:   52 20:44:21    -1020.336211       52.1874
BFGS:   53 20:44:21    -1021.936551       54.0977
BFGS:   54 20:44:21    -1023.505337       55.8112
BFGS:   55 20:44:21    -1025.195084       56.9898
BFGS:   56 20:44:21    -1026.765455       57.5227
BFGS:   57 20:44:21    -1028.273341       57.0843
BFGS:   58 20:44:21    -1029.716730       55.8209
BFGS:   59 20:44:22    -1031.292378       50.5287
BFGS:   60 20:44:22    -1032.730355       47.5946
BFGS:   61 20:44:22    -1034.183642       44.2531
BFGS:   62 20:44:22    -1035.659977       40.7211
BFGS:   63 20:44:22    -1036.892081       37.8895
BFGS:   64 20:44:22    -1039.103623       34.3766
BFGS:   65 20:44:22    -1041.435191       32.3685
BFGS:   66 20:44:22    -1043.799614       33.3028
BFGS:   67 20:44:22    -1046.053305       29.8491
BFGS:   68 20:44:22    -1048.128531       30.1343
BFGS:   69 20:44:22    -1050.099855       30.1008
BFGS:   70 20:44:22    -1051.863634       30.4933
BFGS:   71 20:44:22    -1053.543447       30.2032
BFGS:   72 20:44:22    -1055.147041       29.8143
BFGS:   73 20:44:22    -1056.675379       29.3264
BFGS:   74 20:44:22    -1058.179830       28.3383
BFGS:   75 20:44:22    -1059.676339       27.0973
BFGS:   76 20:44:22    -1061.208459       25.3436
BFGS:   77 20:44:22    -1062.843599       22.9704
BFGS:   78 20:44:22    -1064.636391       19.6272
BFGS:   79 20:44:22    -1066.574092       16.6297
BFGS:   80 20:44:22    -1068.579551       15.1237
BFGS:   81 20:44:22    -1070.180525       13.0815
BFGS:   82 20:44:22    -1071.558287       12.0384
BFGS:   83 20:44:22    -1072.683475       11.6882
BFGS:   84 20:44:22    -1073.606868       11.4434
BFGS:   85 20:44:22    -1074.415085       10.8559
BFGS:   86 20:44:22    -1075.125418       10.4001
BFGS:   87 20:44:22    -1075.760264        9.8266
BFGS:   88 20:44:22    -1076.349367        9.4173
BFGS:   89 20:44:22    -1076.908961        9.1040
BFGS:   90 20:44:22    -1077.457587        8.9828
BFGS:   91 20:44:22    -1078.013732        9.3113
BFGS:   92 20:44:23    -1078.566281        9.7341
BFGS:   93 20:44:23    -1079.137997       10.0483
BFGS:   94 20:44:23    -1079.711016        9.9825
BFGS:   95 20:44:23    -1080.203777       12.0258
BFGS:   96 20:44:23    -1080.723289       12.0937
BFGS:   97 20:44:23    -1081.293046       11.6992
BFGS:   98 20:44:23    -1081.852920       11.0180
BFGS:   99 20:44:23    -1082.384176       10.0818
BFGS:  100 20:44:23    -1082.934279       10.1549
BFGS:  101 20:44:23    -1083.458282       10.3104
BFGS:  102 20:44:23    -1083.916955        8.2268
BFGS:  103 20:44:23    -1084.274803        7.2755
BFGS:  104 20:44:23    -1084.588218        6.4045
BFGS:  105 20:44:23    -1084.874984        6.0320
BFGS:  106 20:44:23    -1085.194132        6.1576
BFGS:  107 20:44:23    -1085.495557        6.7105
BFGS:  108 20:44:23    -1085.775293        8.0751
BFGS:  109 20:44:23    -1085.995574        7.4169
BFGS:  110 20:44:23    -1086.233020        6.9344
BFGS:  111 20:44:23    -1086.404544        5.7886
BFGS:  112 20:44:23    -1086.601229        4.5610
BFGS:  113 20:44:23    -1086.764942        5.7579
BFGS:  114 20:44:23    -1086.916933        6.5742
BFGS:  115 20:44:23    -1087.110072        7.9290
BFGS:  116 20:44:23    -1087.279199        8.5939
BFGS:  117 20:44:23    -1087.436190        8.7424
BFGS:  118 20:44:23    -1087.683546        8.4577
BFGS:  119 20:44:23    -1087.903825        7.9746
BFGS:  120 20:44:23    -1088.135456        8.8404
BFGS:  121 20:44:23    -1088.388634        9.5363
BFGS:  122 20:44:23    -1088.662127        9.9711
BFGS:  123 20:44:24    -1088.968733       10.1829
BFGS:  124 20:44:24    -1089.279199       10.1018
BFGS:  125 20:44:24    -1089.717052        9.9290
BFGS:  126 20:44:24    -1090.060134       10.3768
BFGS:  127 20:44:24    -1090.511274        9.7438
BFGS:  128 20:44:24    -1090.931530        9.5210
BFGS:  129 20:44:24    -1091.356860        8.8259
BFGS:  130 20:44:24    -1091.738574        8.0160
BFGS:  131 20:44:24    -1092.137055        8.2329
BFGS:  132 20:44:24    -1092.565508        8.2932
BFGS:  133 20:44:24    -1093.075790        7.0644
BFGS:  134 20:44:24    -1093.600929        6.2779
BFGS:  135 20:44:24    -1094.113155        6.1680
BFGS:  136 20:44:24    -1094.657651        5.9742
BFGS:  137 20:44:24    -1095.059891        5.3782
BFGS:  138 20:44:24    -1095.317934        5.4705
BFGS:  139 20:44:24    -1095.640772        5.9083
BFGS:  140 20:44:24    -1095.928086        5.5362
BFGS:  141 20:44:24    -1096.210805        7.2310
BFGS:  142 20:44:24    -1096.467248        7.7961
BFGS:  143 20:44:24    -1096.694019        6.1477
BFGS:  144 20:44:24    -1096.907329        5.4321
BFGS:  145 20:44:24    -1097.134706        5.2443
BFGS:  146 20:44:24    -1097.366488        6.3585
BFGS:  147 20:44:24    -1097.622731        6.8064
BFGS:  148 20:44:24    -1097.946999        6.4234
BFGS:  149 20:44:24    -1098.277856        5.4727
BFGS:  150 20:44:24    -1098.626113        4.2941
BFGS:  151 20:44:24    -1098.945838        4.0868
BFGS:  152 20:44:24    -1099.304967        4.0839
BFGS:  153 20:44:24    -1099.511985        5.0704
BFGS:  154 20:44:24    -1099.668773        4.8506
BFGS:  155 20:44:25    -1099.768595        5.4340
BFGS:  156 20:44:25    -1099.976512        5.4152
BFGS:  157 20:44:25    -1100.190434        6.2133
BFGS:  158 20:44:25    -1100.517510        4.6454
BFGS:  159 20:44:25    -1100.935053        6.2937
BFGS:  160 20:44:25    -1101.212912        8.2486
BFGS:  161 20:44:25    -1101.561853        6.4204
BFGS:  162 20:44:25    -1101.897852        5.3927
BFGS:  163 20:44:25    -1102.279261        5.4834
BFGS:  164 20:44:25    -1102.668362        5.3360
BFGS:  165 20:44:25    -1102.984007        6.1426
BFGS:  166 20:44:25    -1103.323652        4.8229
BFGS:  167 20:44:25    -1103.542002        5.2904
BFGS:  168 20:44:25    -1103.665749        4.3481
BFGS:  169 20:44:25    -1103.775728        4.2331
BFGS:  170 20:44:25    -1103.885955        3.9882
BFGS:  171 20:44:25    -1104.010198        3.6665
BFGS:  172 20:44:25    -1104.113338        3.9896
BFGS:  173 20:44:25    -1104.226609        3.7480
BFGS:  174 20:44:25    -1104.357635        3.6005
BFGS:  175 20:44:25    -1104.546673        3.7166
BFGS:  176 20:44:25    -1104.737035        3.8824
BFGS:  177 20:44:25    -1105.019322        4.0255
BFGS:  178 20:44:25    -1105.289574        4.9247
BFGS:  179 20:44:25    -1105.573362        6.3992
BFGS:  180 20:44:25    -1105.866036        6.1263
BFGS:  181 20:44:25    -1106.211270        5.8310
BFGS:  182 20:44:25    -1106.683824        4.6992
BFGS:  183 20:44:25    -1106.996054        5.7623
BFGS:  184 20:44:25    -1107.344387        7.4333
BFGS:  185 20:44:25    -1107.623508        8.5032
BFGS:  186 20:44:25    -1107.866267        7.6407
BFGS:  187 20:44:26    -1108.175389        6.8412
BFGS:  188 20:44:26    -1108.463157        5.7605
BFGS:  189 20:44:26    -1108.846019        4.9672
BFGS:  190 20:44:26    -1109.195061        4.3003
BFGS:  191 20:44:26    -1109.512608        3.4390
BFGS:  192 20:44:26    -1109.719916        3.0481
BFGS:  193 20:44:26    -1109.860553        3.5384
BFGS:  194 20:44:26    -1109.913464        3.5460
BFGS:  195 20:44:26    -1110.002849        3.4015
BFGS:  196 20:44:26    -1110.097936        2.6857
BFGS:  197 20:44:26    -1110.198744        3.4444
BFGS:  198 20:44:26    -1110.360517        4.0078
BFGS:  199 20:44:26    -1110.498311        3.8124
BFGS:  200 20:44:26    -1110.640019        3.4065
BFGS:  201 20:44:26    -1110.770195        3.5626
BFGS:  202 20:44:26    -1110.949505        4.2068
BFGS:  203 20:44:26    -1111.123066        4.8480
BFGS:  204 20:44:26    -1111.308794        4.8829
BFGS:  205 20:44:26    -1111.539394        3.9778
BFGS:  206 20:44:26    -1111.787340        3.4733
BFGS:  207 20:44:26    -1111.874301        2.9657
BFGS:  208 20:44:26    -1111.988160        2.2218
BFGS:  209 20:44:26    -1112.057125        1.9808
BFGS:  210 20:44:26    -1112.109136        1.9120
BFGS:  211 20:44:26    -1112.171858        1.7367
BFGS:  212 20:44:26    -1112.221379        1.5379
BFGS:  213 20:44:26    -1112.277543        1.7040
BFGS:  214 20:44:26    -1112.301547        1.6083
BFGS:  215 20:44:26    -1112.322310        1.7298
BFGS:  216 20:44:26    -1112.334036        1.7244
BFGS:  217 20:44:26    -1112.365376        1.7993
BFGS:  218 20:44:26    -1112.401247        2.0064
BFGS:  219 20:44:27    -1112.446260        2.4540
BFGS:  220 20:44:27    -1112.490211        3.1482
BFGS:  221 20:44:27    -1112.538846        3.7933
BFGS:  222 20:44:27    -1112.586156        4.5990
BFGS:  223 20:44:27    -1112.635106        5.3051
BFGS:  224 20:44:27    -1112.688919        5.8885
BFGS:  225 20:44:27    -1112.753728        6.3275
BFGS:  226 20:44:27    -1112.824103        6.6684
BFGS:  227 20:44:27    -1112.944586        6.3613
BFGS:  228 20:44:27    -1113.081899        5.6682
BFGS:  229 20:44:27    -1113.378265        4.4481
BFGS:  230 20:44:27    -1113.576002        4.6401
BFGS:  231 20:44:27    -1113.856214        4.0987
BFGS:  232 20:44:27    -1114.010631        3.7789
BFGS:  233 20:44:27    -1114.117836        3.3956
BFGS:  234 20:44:27    -1114.212753        2.6028
BFGS:  235 20:44:27    -1114.277979        2.1965
BFGS:  236 20:44:27    -1114.327578        1.8371
BFGS:  237 20:44:27    -1114.360794        1.3911
BFGS:  238 20:44:27    -1114.378329        1.4893
BFGS:  239 20:44:27    -1114.396037        1.6799
BFGS:  240 20:44:27    -1114.411816        1.6344
BFGS:  241 20:44:27    -1114.423108        1.5636
BFGS:  242 20:44:27    -1114.431512        1.4854
BFGS:  243 20:44:27    -1114.437648        1.4103
BFGS:  244 20:44:27    -1114.441529        1.3659
BFGS:  245 20:44:27    -1114.443820        1.2895
BFGS:  246 20:44:27    -1114.445485        1.2169
BFGS:  247 20:44:27    -1114.447271        1.1304
BFGS:  248 20:44:27    -1114.449116        1.0690
BFGS:  249 20:44:28    -1114.451112        1.0596
BFGS:  250 20:44:28    -1114.453034        1.1092
BFGS:  251 20:44:28    -1114.454956        1.1953
BFGS:  252 20:44:28    -1114.457146        1.2782
BFGS:  253 20:44:28    -1114.460174        1.3374
BFGS:  254 20:44:28    -1114.464804        1.3362
BFGS:  255 20:44:28    -1114.472171        1.2433
BFGS:  256 20:44:28    -1114.484069        1.0350
BFGS:  257 20:44:28    -1114.502029        1.2620
BFGS:  258 20:44:28    -1114.520108        1.4416
BFGS:  259 20:44:28    -1114.535946        1.4297
BFGS:  260 20:44:28    -1114.548936        1.4728
BFGS:  261 20:44:28    -1114.554644        1.2253
BFGS:  262 20:44:28    -1114.559329        1.0649
BFGS:  263 20:44:28    -1114.565195        0.9373
BFGS:  264 20:44:28    -1114.569219        1.0519
BFGS:  265 20:44:28    -1114.574380        1.2049
BFGS:  266 20:44:28    -1114.578236        1.2803
BFGS:  267 20:44:28    -1114.581976        1.3230
BFGS:  268 20:44:28    -1114.584647        1.2657
BFGS:  269 20:44:28    -1114.586449        1.1610
BFGS:  270 20:44:28    -1114.587485        1.0375
BFGS:  271 20:44:28    -1114.588134        0.9387
BFGS:  272 20:44:28    -1114.588760        0.8528
BFGS:  273 20:44:28    -1114.589497        0.7753
BFGS:  274 20:44:28    -1114.590399        0.7376
BFGS:  275 20:44:28    -1114.591523        0.7370
BFGS:  276 20:44:28    -1114.592993        0.7842
BFGS:  277 20:44:28    -1114.594925        0.8607
BFGS:  278 20:44:28    -1114.597389        0.9581
BFGS:  279 20:44:29    -1114.600522        1.0453
BFGS:  280 20:44:29    -1114.603813        1.0250
BFGS:  281 20:44:29    -1114.607314        0.8469
BFGS:  282 20:44:29    -1114.609979        0.7929
BFGS:  283 20:44:29    -1114.611512        0.7922
BFGS:  284 20:44:29    -1114.612523        0.7625
BFGS:  285 20:44:29    -1114.613340        0.7597
BFGS:  286 20:44:29    -1114.614062        0.7969
BFGS:  287 20:44:29    -1114.614610        0.8684
BFGS:  288 20:44:29    -1114.614793        0.8573
BFGS:  289 20:44:29    -1114.614956        0.8605
BFGS:  290 20:44:29    -1114.615049        0.8422
BFGS:  291 20:44:29    -1114.615130        0.8397
BFGS:  292 20:44:29    -1114.615180        0.8395
BFGS:  293 20:44:29    -1114.615208        0.8457
BFGS:  294 20:44:29    -1114.615235        0.8476
BFGS:  295 20:44:29    -1114.615255        0.8501
BFGS:  296 20:44:29    -1114.615270        0.8466
BFGS:  297 20:44:29    -1114.615277        0.8445
BFGS:  298 20:44:29    -1114.615282        0.8406
BFGS:  299 20:44:29    -1114.615284        0.8393
BFGS:  300 20:44:29    -1114.615286        0.8380
BFGS:  301 20:44:29    -1114.615288        0.8384
