      Step     Time          Energy         fmax
BFGS:    0 20:49:22     -805.932495      125.6926
BFGS:    1 20:49:22     -827.134423       99.0874
BFGS:    2 20:49:22     -840.441768       84.2543
BFGS:    3 20:49:22     -851.882724       79.5420
BFGS:    4 20:49:22     -861.092357       74.0865
BFGS:    5 20:49:22     -869.703752       68.4447
BFGS:    6 20:49:22     -877.544176       66.8859
BFGS:    7 20:49:22     -885.411333       61.1269
BFGS:    8 20:49:23     -891.794320       56.5096
BFGS:    9 20:49:23     -898.144443       52.0381
BFGS:   10 20:49:23     -902.993478       47.3455
BFGS:   11 20:49:23     -906.845542       42.6414
BFGS:   12 20:49:23     -910.540027       40.2414
BFGS:   13 20:49:23     -913.971482       37.2231
BFGS:   14 20:49:23     -917.367696       32.5926
BFGS:   15 20:49:23     -921.333563       30.0713
BFGS:   16 20:49:23     -925.017157       27.3003
BFGS:   17 20:49:23     -928.608184       24.8993
BFGS:   18 20:49:23     -932.094940       26.1033
BFGS:   19 20:49:23     -935.491821       27.7711
BFGS:   20 20:49:23     -938.633405       29.1663
BFGS:   21 20:49:23     -941.660799       31.0593
BFGS:   22 20:49:23     -944.589798       33.6086
BFGS:   23 20:49:23     -947.580800       36.9294
BFGS:   24 20:49:23     -950.561962       39.6400
BFGS:   25 20:49:23     -953.671302       42.1219
BFGS:   26 20:49:23     -956.714978       45.5488
BFGS:   27 20:49:23     -959.785574       48.1598
BFGS:   28 20:49:23     -962.851874       49.5516
BFGS:   29 20:49:23     -965.468822       45.9384
BFGS:   30 20:49:23     -969.013573       47.8376
BFGS:   31 20:49:23     -973.201240       48.6502
BFGS:   32 20:49:24     -976.268303       49.8113
BFGS:   33 20:49:24     -981.940792       50.6732
BFGS:   34 20:49:24     -987.586884       51.1520
BFGS:   35 20:49:24     -993.366164       51.0805
BFGS:   36 20:49:24     -999.494305       50.7027
BFGS:   37 20:49:24    -1005.698820       49.7451
BFGS:   38 20:49:24    -1011.049583       48.9511
BFGS:   39 20:49:24    -1016.354867       47.5008
BFGS:   40 20:49:24    -1020.898069       47.1703
BFGS:   41 20:49:24    -1025.107099       45.8030
BFGS:   42 20:49:24    -1029.006377       44.8051
BFGS:   43 20:49:24    -1032.155736       43.1985
BFGS:   44 20:49:24    -1035.073557       41.7643
BFGS:   45 20:49:24    -1038.298762       39.6041
BFGS:   46 20:49:24    -1041.835576       36.7953
BFGS:   47 20:49:24    -1045.283650       33.4089
BFGS:   48 20:49:24    -1048.362235       29.0241
BFGS:   49 20:49:24    -1051.524388       24.9307
BFGS:   50 20:49:24    -1054.280103       23.1670
BFGS:   51 20:49:24    -1056.640394       22.6882
BFGS:   52 20:49:24    -1058.721212       22.0988
BFGS:   53 20:49:24    -1060.531625       20.4442
BFGS:   54 20:49:24    -1062.198482       18.2320
BFGS:   55 20:49:24    -1063.758402       16.0998
BFGS:   56 20:49:24    -1065.150890       14.5281
BFGS:   57 20:49:24    -1066.346752       14.2522
BFGS:   58 20:49:24    -1067.491470       13.9194
BFGS:   59 20:49:25    -1068.593622       13.9613
BFGS:   60 20:49:25    -1069.576399       14.0866
BFGS:   61 20:49:25    -1070.498333       14.3156
BFGS:   62 20:49:25    -1071.392038       14.3034
BFGS:   63 20:49:25    -1072.270747       14.0311
BFGS:   64 20:49:25    -1073.198064       13.0865
BFGS:   65 20:49:25    -1074.106030       12.2729
BFGS:   66 20:49:25    -1074.836386       11.2475
BFGS:   67 20:49:25    -1075.456671       10.7790
BFGS:   68 20:49:25    -1075.957065        8.9438
BFGS:   69 20:49:25    -1076.383455        7.9634
BFGS:   70 20:49:25    -1076.718925        7.2066
BFGS:   71 20:49:25    -1077.009721        7.0692
BFGS:   72 20:49:25    -1077.306393        6.5652
BFGS:   73 20:49:25    -1077.615978        7.1350
BFGS:   74 20:49:25    -1077.933812        7.4871
BFGS:   75 20:49:25    -1078.250724        9.1598
BFGS:   76 20:49:25    -1078.557367       10.8872
BFGS:   77 20:49:25    -1078.856787       12.4482
BFGS:   78 20:49:25    -1079.158899       13.6022
BFGS:   79 20:49:25    -1079.480768       14.0560
BFGS:   80 20:49:25    -1079.838452       13.5218
BFGS:   81 20:49:25    -1080.236513       11.5261
BFGS:   82 20:49:25    -1080.651057        8.8892
BFGS:   83 20:49:25    -1081.080823        7.3435
BFGS:   84 20:49:25    -1081.518975        7.3295
BFGS:   85 20:49:25    -1081.890435        7.0375
BFGS:   86 20:49:25    -1082.229998        6.2969
BFGS:   87 20:49:25    -1082.504814        5.7052
BFGS:   88 20:49:25    -1082.762235        5.5588
BFGS:   89 20:49:26    -1083.011081        6.2662
BFGS:   90 20:49:26    -1083.247557        6.5418
BFGS:   91 20:49:26    -1083.435504        5.2083
BFGS:   92 20:49:26    -1083.593174        5.3755
BFGS:   93 20:49:26    -1083.715844        6.4042
BFGS:   94 20:49:26    -1083.850149        7.0485
BFGS:   95 20:49:26    -1083.996589        6.7583
BFGS:   96 20:49:26    -1084.146133        6.2378
BFGS:   97 20:49:26    -1084.315718        6.7124
BFGS:   98 20:49:26    -1084.452411        6.7770
BFGS:   99 20:49:26    -1084.590632        6.2907
BFGS:  100 20:49:26    -1084.704915        7.4559
BFGS:  101 20:49:26    -1084.829896        6.7584
BFGS:  102 20:49:26    -1084.962386        6.5364
BFGS:  103 20:49:26    -1085.035788        6.7229
BFGS:  104 20:49:26    -1085.112039        6.3518
BFGS:  105 20:49:26    -1085.195981        6.2510
BFGS:  106 20:49:26    -1085.269021        6.3672
BFGS:  107 20:49:26    -1085.311231        6.4265
BFGS:  108 20:49:26    -1085.345344        6.5821
BFGS:  109 20:49:26    -1085.375172        6.6909
BFGS:  110 20:49:26    -1085.403596        6.6412
BFGS:  111 20:49:26    -1085.429219        6.4323
BFGS:  112 20:49:26    -1085.455365        6.1154
BFGS:  113 20:49:26    -1085.483152        5.8786
BFGS:  114 20:49:26    -1085.508244        5.7603
BFGS:  115 20:49:26    -1085.528431        5.8727
BFGS:  116 20:49:26    -1085.543913        6.0047
BFGS:  117 20:49:26    -1085.556654        6.1302
BFGS:  118 20:49:26    -1085.569599        6.1535
BFGS:  119 20:49:26    -1085.582862        6.0954
BFGS:  120 20:49:26    -1085.594352        5.9822
BFGS:  121 20:49:27    -1085.605034        5.8500
BFGS:  122 20:49:27    -1085.617557        5.7058
BFGS:  123 20:49:27    -1085.633676        5.5294
BFGS:  124 20:49:27    -1085.653927        5.3323
BFGS:  125 20:49:27    -1085.675351        5.1434
BFGS:  126 20:49:27    -1085.695857        5.0367
BFGS:  127 20:49:27    -1085.720764        4.9874
BFGS:  128 20:49:27    -1085.749963        4.9968
BFGS:  129 20:49:27    -1085.781593        5.1083
BFGS:  130 20:49:27    -1085.814573        5.4447
BFGS:  131 20:49:27    -1085.851427        5.8792
BFGS:  132 20:49:27    -1085.888814        6.2678
BFGS:  133 20:49:27    -1085.931957        6.6359
BFGS:  134 20:49:27    -1085.983500        6.9164
BFGS:  135 20:49:27    -1086.044562        7.2335
BFGS:  136 20:49:27    -1086.108566        7.0223
BFGS:  137 20:49:27    -1086.216862        6.3799
BFGS:  138 20:49:27    -1086.288990        6.0440
BFGS:  139 20:49:27    -1086.419997        6.1017
BFGS:  140 20:49:27    -1086.575214        5.5713
BFGS:  141 20:49:27    -1086.797069        5.6246
BFGS:  142 20:49:27    -1087.226697        5.2655
BFGS:  143 20:49:27    -1087.580065        5.4997
BFGS:  144 20:49:27    -1088.036560        5.5390
BFGS:  145 20:49:27    -1088.474908        6.0405
BFGS:  146 20:49:27    -1088.862563        6.3259
BFGS:  147 20:49:27    -1089.158861        5.4833
BFGS:  148 20:49:27    -1089.450021        5.1929
BFGS:  149 20:49:27    -1089.652982        5.3664
BFGS:  150 20:49:27    -1089.846894        5.0070
BFGS:  151 20:49:27    -1089.995370        5.5813
BFGS:  152 20:49:28    -1090.137884        4.3938
BFGS:  153 20:49:28    -1090.228235        4.0508
BFGS:  154 20:49:28    -1090.261441        4.1397
BFGS:  155 20:49:28    -1090.288574        4.0159
BFGS:  156 20:49:28    -1090.308161        4.1042
BFGS:  157 20:49:28    -1090.321411        4.0152
BFGS:  158 20:49:28    -1090.342919        3.8693
BFGS:  159 20:49:28    -1090.358052        3.7782
BFGS:  160 20:49:28    -1090.370881        3.6954
BFGS:  161 20:49:28    -1090.381813        3.6497
BFGS:  162 20:49:28    -1090.389807        3.6621
BFGS:  163 20:49:28    -1090.397357        3.6746
BFGS:  164 20:49:28    -1090.409767        3.7383
BFGS:  165 20:49:28    -1090.428783        3.8419
BFGS:  166 20:49:28    -1090.449516        4.0084
BFGS:  167 20:49:28    -1090.469548        4.1998
BFGS:  168 20:49:28    -1090.490972        4.4482
BFGS:  169 20:49:28    -1090.509728        4.7439
BFGS:  170 20:49:28    -1090.525749        5.0073
BFGS:  171 20:49:28    -1090.547744        5.1012
BFGS:  172 20:49:28    -1090.569594        5.2754
BFGS:  173 20:49:28    -1090.596887        6.2118
BFGS:  174 20:49:28    -1090.641191        7.1815
BFGS:  175 20:49:28    -1090.707263        8.6203
BFGS:  176 20:49:28    -1090.825309        9.2752
BFGS:  177 20:49:28    -1091.044054       10.0860
BFGS:  178 20:49:28    -1091.235988       10.1960
BFGS:  179 20:49:28    -1091.580130        9.3531
BFGS:  180 20:49:28    -1091.787520        7.7188
BFGS:  181 20:49:28    -1092.156421        6.5687
BFGS:  182 20:49:28    -1092.509344        5.4011
BFGS:  183 20:49:29    -1092.915748        4.5365
BFGS:  184 20:49:29    -1093.211923        4.6348
BFGS:  185 20:49:29    -1093.404744        3.9203
BFGS:  186 20:49:29    -1093.523801        3.9529
BFGS:  187 20:49:29    -1093.665325        2.5644
BFGS:  188 20:49:29    -1093.774780        2.0173
BFGS:  189 20:49:29    -1093.866974        1.7826
BFGS:  190 20:49:29    -1093.920107        1.7192
BFGS:  191 20:49:29    -1093.952265        1.5574
BFGS:  192 20:49:29    -1093.968319        1.3170
BFGS:  193 20:49:29    -1093.977465        1.2459
BFGS:  194 20:49:29    -1093.987359        1.1173
BFGS:  195 20:49:29    -1093.997403        1.3593
BFGS:  196 20:49:29    -1094.003904        1.1951
BFGS:  197 20:49:29    -1094.008717        0.9921
BFGS:  198 20:49:29    -1094.011684        0.8059
BFGS:  199 20:49:29    -1094.015597        0.6220
BFGS:  200 20:49:29    -1094.019316        0.5823
BFGS:  201 20:49:29    -1094.021706        0.5859
BFGS:  202 20:49:29    -1094.023063        0.5814
BFGS:  203 20:49:29    -1094.023931        0.5905
BFGS:  204 20:49:29    -1094.024541        0.6040
BFGS:  205 20:49:29    -1094.024992        0.6219
BFGS:  206 20:49:29    -1094.025409        0.6258
BFGS:  207 20:49:29    -1094.025838        0.6252
BFGS:  208 20:49:29    -1094.026241        0.5962
BFGS:  209 20:49:29    -1094.026474        0.5741
BFGS:  210 20:49:29    -1094.026640        0.5554
BFGS:  211 20:49:29    -1094.026785        0.5437
BFGS:  212 20:49:29    -1094.026929        0.5350
BFGS:  213 20:49:30    -1094.027038        0.5294
BFGS:  214 20:49:30    -1094.027109        0.5271
BFGS:  215 20:49:30    -1094.027158        0.5245
BFGS:  216 20:49:30    -1094.027197        0.5228
BFGS:  217 20:49:30    -1094.027234        0.5200
BFGS:  218 20:49:30    -1094.027271        0.5201
BFGS:  219 20:49:30    -1094.027308        0.5208
BFGS:  220 20:49:30    -1094.027341        0.5254
BFGS:  221 20:49:30    -1094.027374        0.5301
BFGS:  222 20:49:30    -1094.027413        0.5385
BFGS:  223 20:49:30    -1094.027463        0.5473
BFGS:  224 20:49:30    -1094.027531        0.5594
BFGS:  225 20:49:30    -1094.027623        0.5698
BFGS:  226 20:49:30    -1094.027759        0.5807
BFGS:  227 20:49:30    -1094.027992        0.5890
BFGS:  228 20:49:30    -1094.028469        0.5971
BFGS:  229 20:49:30    -1094.029521        0.5986
BFGS:  230 20:49:30    -1094.031830        0.5863
BFGS:  231 20:49:30    -1094.036473        0.5996
BFGS:  232 20:49:30    -1094.045299        0.5731
BFGS:  233 20:49:30    -1094.061510        0.7132
BFGS:  234 20:49:30    -1094.088311        1.8505
BFGS:  235 20:49:30    -1094.154093        3.1203
BFGS:  236 20:49:30    -1094.301770        2.1965
BFGS:  237 20:49:30    -1094.406711        1.6043
BFGS:  238 20:49:30    -1094.491238        2.3071
BFGS:  239 20:49:30    -1094.550575        2.5330
BFGS:  240 20:49:30    -1094.666485        3.5008
BFGS:  241 20:49:30    -1094.758856        4.7192
BFGS:  242 20:49:30    -1094.849360        5.0320
BFGS:  243 20:49:31    -1095.009192        5.1864
BFGS:  244 20:49:31    -1095.283225        4.2726
BFGS:  245 20:49:31    -1095.503354        3.0968
BFGS:  246 20:49:31    -1095.753890        2.6188
BFGS:  247 20:49:31    -1095.899882        1.6261
BFGS:  248 20:49:31    -1095.931693        2.4102
BFGS:  249 20:49:31    -1095.998474        1.0555
BFGS:  250 20:49:31    -1096.007108        0.6980
BFGS:  251 20:49:31    -1096.013905        0.2633
BFGS:  252 20:49:31    -1096.015560        0.2600
BFGS:  253 20:49:31    -1096.017535        0.2833
BFGS:  254 20:49:31    -1096.020429        0.3422
BFGS:  255 20:49:31    -1096.025803        0.6280
BFGS:  256 20:49:31    -1096.038013        1.6413
BFGS:  257 20:49:31    -1096.052312        1.7999
BFGS:  258 20:49:31    -1096.102747        2.0733
BFGS:  259 20:49:31    -1096.152153        1.1482
BFGS:  260 20:49:31    -1096.148273        1.9563
BFGS:  261 20:49:31    -1096.193365        1.0865
BFGS:  262 20:49:31    -1096.205255        0.6966
BFGS:  263 20:49:31    -1096.224483        0.9595
BFGS:  264 20:49:31    -1096.243257        1.1446
BFGS:  265 20:49:31    -1096.258572        1.2210
BFGS:  266 20:49:31    -1096.271488        1.1707
BFGS:  267 20:49:31    -1096.281835        0.9039
BFGS:  268 20:49:31    -1096.287661        0.8612
BFGS:  269 20:49:31    -1096.291180        0.8365
BFGS:  270 20:49:31    -1096.294704        0.8204
BFGS:  271 20:49:31    -1096.296819        0.7763
BFGS:  272 20:49:31    -1096.298036        0.6900
BFGS:  273 20:49:31    -1096.298888        0.6595
BFGS:  274 20:49:32    -1096.299417        0.6738
BFGS:  275 20:49:32    -1096.299751        0.6892
BFGS:  276 20:49:32    -1096.299932        0.6966
BFGS:  277 20:49:32    -1096.300039        0.7115
BFGS:  278 20:49:32    -1096.300116        0.7009
BFGS:  279 20:49:32    -1096.300180        0.6985
BFGS:  280 20:49:32    -1096.300239        0.6861
BFGS:  281 20:49:32    -1096.300292        0.6772
BFGS:  282 20:49:32    -1096.300328        0.6694
BFGS:  283 20:49:32    -1096.300348        0.6689
BFGS:  284 20:49:32    -1096.300354        0.6706
BFGS:  285 20:49:32    -1096.300357        0.6746
BFGS:  286 20:49:32    -1096.300359        0.6774
BFGS:  287 20:49:32    -1096.300361        0.6791
BFGS:  288 20:49:32    -1096.300365        0.6790
BFGS:  289 20:49:32    -1096.300368        0.6783
BFGS:  290 20:49:32    -1096.300371        0.6772
BFGS:  291 20:49:32    -1096.300373        0.6765
BFGS:  292 20:49:32    -1096.300374        0.6759
