      Step     Time          Energy         fmax
BFGS:    0 20:55:29     -816.610608      205.9558
BFGS:    1 20:55:29     -847.459942      157.7555
BFGS:    2 20:55:29     -862.878652      158.7765
BFGS:    3 20:55:29     -875.777278      152.9954
BFGS:    4 20:55:29     -888.336795      146.5361
BFGS:    5 20:55:29     -908.187080      126.6698
BFGS:    6 20:55:29     -925.169904      111.7988
BFGS:    7 20:55:29     -941.032865      101.4197
BFGS:    8 20:55:29     -953.520443       94.4822
BFGS:    9 20:55:29     -964.792560       89.8019
BFGS:   10 20:55:29     -975.324284       83.8186
BFGS:   11 20:55:29     -982.917558       76.9732
BFGS:   12 20:55:29     -990.036583       71.3182
BFGS:   13 20:55:29     -996.230851       67.2076
BFGS:   14 20:55:29    -1001.399504       65.9884
BFGS:   15 20:55:29    -1006.410892       64.4258
BFGS:   16 20:55:29    -1012.383154       62.7922
BFGS:   17 20:55:29    -1017.660684       58.4902
BFGS:   18 20:55:29    -1021.481405       56.8340
BFGS:   19 20:55:30    -1024.250837       51.5487
BFGS:   20 20:55:30    -1026.763135       49.9401
BFGS:   21 20:55:30    -1028.991947       48.0759
BFGS:   22 20:55:30    -1030.906727       46.0763
BFGS:   23 20:55:30    -1032.783701       44.3088
BFGS:   24 20:55:30    -1034.784759       40.7933
BFGS:   25 20:55:30    -1036.976447       37.5850
BFGS:   26 20:55:30    -1039.251281       35.9423
BFGS:   27 20:55:30    -1041.505813       33.9308
BFGS:   28 20:55:30    -1043.576985       32.8535
BFGS:   29 20:55:30    -1045.515583       32.0607
BFGS:   30 20:55:30    -1047.335833       30.6134
BFGS:   31 20:55:30    -1049.053258       30.4654
BFGS:   32 20:55:30    -1050.662323       29.0173
BFGS:   33 20:55:30    -1052.154615       26.6077
BFGS:   34 20:55:30    -1053.462608       24.2400
BFGS:   35 20:55:30    -1054.556234       21.4398
BFGS:   36 20:55:30    -1055.430740       21.8077
BFGS:   37 20:55:30    -1056.203856       22.3694
BFGS:   38 20:55:30    -1056.919506       22.1923
BFGS:   39 20:55:30    -1057.575689       21.1916
BFGS:   40 20:55:30    -1058.213639       19.0909
BFGS:   41 20:55:30    -1058.842872       19.7999
BFGS:   42 20:55:30    -1059.521202       21.2821
BFGS:   43 20:55:30    -1060.295112       24.9826
BFGS:   44 20:55:30    -1060.967213       25.9727
BFGS:   45 20:55:30    -1061.790901       24.8923
BFGS:   46 20:55:30    -1062.836614       24.6778
BFGS:   47 20:55:30    -1064.001613       24.1185
BFGS:   48 20:55:30    -1065.171523       22.7029
BFGS:   49 20:55:31    -1066.316794       19.4611
BFGS:   50 20:55:31    -1067.318824       15.9881
BFGS:   51 20:55:31    -1068.208390       13.9593
BFGS:   52 20:55:31    -1068.841641       12.0949
BFGS:   53 20:55:31    -1069.370016       13.8653
BFGS:   54 20:55:31    -1069.910310       13.2373
BFGS:   55 20:55:31    -1070.396784       13.8518
BFGS:   56 20:55:31    -1070.938996       13.7493
BFGS:   57 20:55:31    -1071.546018       13.0750
BFGS:   58 20:55:31    -1072.313808       10.8781
BFGS:   59 20:55:31    -1072.938298       11.8805
BFGS:   60 20:55:31    -1073.333047       10.2413
BFGS:   61 20:55:31    -1073.682324       11.0211
BFGS:   62 20:55:31    -1073.864263       12.9905
BFGS:   63 20:55:31    -1074.032280       13.6216
BFGS:   64 20:55:31    -1074.210924       12.0757
BFGS:   65 20:55:31    -1074.506974        9.8972
BFGS:   66 20:55:31    -1074.870476       11.2602
BFGS:   67 20:55:31    -1075.244175       15.5966
BFGS:   68 20:55:31    -1075.768290       15.3818
BFGS:   69 20:55:31    -1076.523894       14.0663
BFGS:   70 20:55:31    -1077.299927       11.1486
BFGS:   71 20:55:31    -1078.022017       12.2081
BFGS:   72 20:55:31    -1078.469260        8.3500
BFGS:   73 20:55:31    -1078.786211        8.8557
BFGS:   74 20:55:31    -1079.270688        7.6766
BFGS:   75 20:55:31    -1079.741392        7.8541
BFGS:   76 20:55:31    -1080.154167        8.1208
BFGS:   77 20:55:31    -1080.546198        6.4874
BFGS:   78 20:55:31    -1080.977879       10.0630
BFGS:   79 20:55:31    -1081.472728       12.2425
BFGS:   80 20:55:32    -1082.212054       15.0486
BFGS:   81 20:55:32    -1082.704271       15.8422
BFGS:   82 20:55:32    -1083.216225       19.3991
BFGS:   83 20:55:32    -1083.834232       10.5393
BFGS:   84 20:55:32    -1084.107423        7.8843
BFGS:   85 20:55:32    -1084.325326        9.2191
BFGS:   86 20:55:32    -1084.488388        6.1134
BFGS:   87 20:55:32    -1084.563104        4.1006
BFGS:   88 20:55:32    -1084.609891        3.8022
BFGS:   89 20:55:32    -1084.641929        3.5235
BFGS:   90 20:55:32    -1084.672277        2.9843
BFGS:   91 20:55:32    -1084.698972        2.5748
BFGS:   92 20:55:32    -1084.725721        2.4988
BFGS:   93 20:55:32    -1084.757864        2.2250
BFGS:   94 20:55:32    -1084.799017        1.6414
BFGS:   95 20:55:32    -1084.832650        1.6429
BFGS:   96 20:55:32    -1084.843360        1.2936
BFGS:   97 20:55:32    -1084.850720        0.8694
BFGS:   98 20:55:32    -1084.856011        0.8340
BFGS:   99 20:55:32    -1084.859670        0.7977
BFGS:  100 20:55:32    -1084.862351        0.8852
BFGS:  101 20:55:32    -1084.863905        0.9071
BFGS:  102 20:55:32    -1084.864813        0.9474
BFGS:  103 20:55:32    -1084.865438        0.9118
BFGS:  104 20:55:32    -1084.866051        0.8704
BFGS:  105 20:55:32    -1084.866789        0.7734
BFGS:  106 20:55:32    -1084.867692        0.6425
BFGS:  107 20:55:32    -1084.868605        0.4515
BFGS:  108 20:55:32    -1084.869284        0.3305
BFGS:  109 20:55:33    -1084.869631        0.2485
BFGS:  110 20:55:33    -1084.869781        0.2335
BFGS:  111 20:55:33    -1084.869850        0.2372
BFGS:  112 20:55:33    -1084.869886        0.2561
BFGS:  113 20:55:33    -1084.869908        0.2676
BFGS:  114 20:55:33    -1084.869926        0.2702
BFGS:  115 20:55:33    -1084.869941        0.2600
BFGS:  116 20:55:33    -1084.869957        0.2417
BFGS:  117 20:55:33    -1084.869975        0.2185
BFGS:  118 20:55:33    -1084.870001        0.1914
BFGS:  119 20:55:33    -1084.870044        0.1659
BFGS:  120 20:55:33    -1084.870123        0.1574
BFGS:  121 20:55:33    -1084.870268        0.1563
BFGS:  122 20:55:33    -1084.870505        0.1331
BFGS:  123 20:55:33    -1084.870782        0.1201
BFGS:  124 20:55:33    -1084.870964        0.0826
