      Step     Time          Energy         fmax
BFGS:    0 20:53:55     -886.743826      111.6528
BFGS:    1 20:53:55     -911.693314       86.3405
BFGS:    2 20:53:55     -931.457888       89.2137
BFGS:    3 20:53:55     -946.092643       87.4438
BFGS:    4 20:53:55     -956.855888       82.1812
BFGS:    5 20:53:55     -965.848692       81.3073
BFGS:    6 20:53:55     -975.200262       75.1800
BFGS:    7 20:53:55     -982.502479       71.9960
BFGS:    8 20:53:55     -988.461609       68.9261
BFGS:    9 20:53:55     -993.306547       62.6967
BFGS:   10 20:53:55     -997.465618       64.1693
BFGS:   11 20:53:55    -1001.253719       63.3772
BFGS:   12 20:53:55    -1005.084474       57.8350
BFGS:   13 20:53:55    -1008.928183       54.5256
BFGS:   14 20:53:55    -1012.742814       52.1763
BFGS:   15 20:53:55    -1016.570392       49.5929
BFGS:   16 20:53:55    -1020.459251       46.6998
BFGS:   17 20:53:55    -1024.402002       43.7421
BFGS:   18 20:53:55    -1028.203669       39.8756
BFGS:   19 20:53:55    -1031.629016       35.4882
BFGS:   20 20:53:55    -1034.901076       32.4794
BFGS:   21 20:53:55    -1038.150872       28.6203
BFGS:   22 20:53:55    -1041.435111       26.7598
BFGS:   23 20:53:55    -1044.137234       22.7630
BFGS:   24 20:53:56    -1046.479033       20.9989
BFGS:   25 20:53:56    -1048.188660       18.0067
BFGS:   26 20:53:56    -1049.571176       15.1039
BFGS:   27 20:53:56    -1050.661907       16.2827
BFGS:   28 20:53:56    -1051.664528       13.8114
BFGS:   29 20:53:56    -1052.588019       15.4070
BFGS:   30 20:53:56    -1053.761734       15.1230
BFGS:   31 20:53:56    -1054.884934        9.8069
BFGS:   32 20:53:56    -1055.809412        7.6208
BFGS:   33 20:53:56    -1056.633880        5.3873
BFGS:   34 20:53:56    -1057.081153        6.1923
BFGS:   35 20:53:56    -1057.470950        6.2398
BFGS:   36 20:53:56    -1057.727041        8.6040
BFGS:   37 20:53:56    -1058.053889        7.6491
BFGS:   38 20:53:56    -1058.345175        4.5816
BFGS:   39 20:53:56    -1058.583942        5.4548
BFGS:   40 20:53:56    -1058.927358        5.7047
BFGS:   41 20:53:56    -1059.210791        6.7544
BFGS:   42 20:53:56    -1059.551679        5.3946
BFGS:   43 20:53:56    -1059.811097        5.1152
BFGS:   44 20:53:56    -1059.860156        5.1308
BFGS:   45 20:53:56    -1060.011857        3.2788
BFGS:   46 20:53:56    -1060.026154        3.7258
BFGS:   47 20:53:56    -1060.093990        4.4164
BFGS:   48 20:53:56    -1060.114085        3.9644
BFGS:   49 20:53:56    -1060.146378        4.1929
BFGS:   50 20:53:56    -1060.203919        5.3515
BFGS:   51 20:53:56    -1060.251200        4.5105
BFGS:   52 20:53:56    -1060.308682        6.2215
BFGS:   53 20:53:56    -1060.389619        5.3741
BFGS:   54 20:53:57    -1060.628795        5.3773
BFGS:   55 20:53:57    -1060.886179        6.3359
BFGS:   56 20:53:57    -1061.140425        7.2304
BFGS:   57 20:53:57    -1061.479626       10.5136
BFGS:   58 20:53:57    -1061.928649       13.0052
BFGS:   59 20:53:57    -1062.477385       13.1898
BFGS:   60 20:53:57    -1063.050721       12.7822
BFGS:   61 20:53:57    -1063.642847       11.5480
BFGS:   62 20:53:57    -1064.292268       10.7099
BFGS:   63 20:53:57    -1064.874347       10.6876
BFGS:   64 20:53:57    -1065.523466        8.2722
BFGS:   65 20:53:57    -1066.185132        7.4551
BFGS:   66 20:53:57    -1066.906512        7.4521
BFGS:   67 20:53:57    -1067.566777        7.8681
BFGS:   68 20:53:57    -1068.229036        8.1648
BFGS:   69 20:53:57    -1069.110419        7.4661
BFGS:   70 20:53:57    -1070.292551        6.8153
BFGS:   71 20:53:57    -1071.350323        7.4562
BFGS:   72 20:53:57    -1072.394507        9.0058
BFGS:   73 20:53:57    -1073.278409        9.6858
BFGS:   74 20:53:57    -1074.008208        9.5505
BFGS:   75 20:53:57    -1074.703221        8.8230
BFGS:   76 20:53:57    -1075.284350        6.4248
BFGS:   77 20:53:57    -1075.740772        5.7909
BFGS:   78 20:53:57    -1076.163237        5.2527
BFGS:   79 20:53:57    -1076.390491        6.4540
BFGS:   80 20:53:57    -1076.612920        4.2986
BFGS:   81 20:53:57    -1076.779156        3.8721
BFGS:   82 20:53:57    -1076.888171        3.5295
BFGS:   83 20:53:57    -1076.924979        4.2932
BFGS:   84 20:53:57    -1077.064807        4.2027
BFGS:   85 20:53:57    -1077.234320        3.0956
BFGS:   86 20:53:57    -1077.398927        3.8805
BFGS:   87 20:53:57    -1077.575533        4.3052
BFGS:   88 20:53:58    -1077.769729        4.2659
BFGS:   89 20:53:58    -1077.979837        3.7307
BFGS:   90 20:53:58    -1078.208790        4.0933
BFGS:   91 20:53:58    -1078.433566        4.8502
BFGS:   92 20:53:58    -1078.682885        5.3589
BFGS:   93 20:53:58    -1078.848277        4.8621
BFGS:   94 20:53:58    -1078.968407        4.4325
BFGS:   95 20:53:58    -1079.084259        3.3256
BFGS:   96 20:53:58    -1079.209152        3.1221
BFGS:   97 20:53:58    -1079.320889        3.7526
BFGS:   98 20:53:58    -1079.434136        4.2284
BFGS:   99 20:53:58    -1079.548352        4.9355
BFGS:  100 20:53:58    -1079.635055        5.9757
BFGS:  101 20:53:58    -1079.749479        6.7183
BFGS:  102 20:53:58    -1079.824952        7.2676
BFGS:  103 20:53:58    -1079.906533        7.5638
BFGS:  104 20:53:58    -1079.986810        7.7824
BFGS:  105 20:53:58    -1080.172927        7.7640
BFGS:  106 20:53:58    -1080.376086        7.8089
BFGS:  107 20:53:58    -1080.585655        6.9168
BFGS:  108 20:53:58    -1080.829300        7.0595
BFGS:  109 20:53:58    -1081.130645        5.8758
BFGS:  110 20:53:58    -1081.398924        7.3055
BFGS:  111 20:53:58    -1081.643513       10.2306
BFGS:  112 20:53:58    -1081.965255        8.4498
BFGS:  113 20:53:58    -1082.355389        8.3651
BFGS:  114 20:53:58    -1082.684104        7.4441
BFGS:  115 20:53:58    -1082.991630        6.2744
BFGS:  116 20:53:58    -1083.271964        5.2060
BFGS:  117 20:53:58    -1083.505590        4.0393
BFGS:  118 20:53:58    -1083.662474        3.5822
BFGS:  119 20:53:58    -1083.779869        3.3192
BFGS:  120 20:53:58    -1083.833462        2.9109
BFGS:  121 20:53:58    -1083.866112        2.9288
BFGS:  122 20:53:59    -1083.897949        2.6364
BFGS:  123 20:53:59    -1083.926786        1.9339
BFGS:  124 20:53:59    -1083.960750        2.2818
BFGS:  125 20:53:59    -1083.979736        1.3309
BFGS:  126 20:53:59    -1083.993702        2.7215
BFGS:  127 20:53:59    -1084.000797        1.3872
BFGS:  128 20:53:59    -1084.019115        1.3401
BFGS:  129 20:53:59    -1084.029094        1.1340
BFGS:  130 20:53:59    -1084.033079        2.2275
BFGS:  131 20:53:59    -1084.043405        1.6956
BFGS:  132 20:53:59    -1084.044413        2.1289
BFGS:  133 20:53:59    -1084.052925        1.8693
BFGS:  134 20:53:59    -1084.056678        1.3625
BFGS:  135 20:53:59    -1084.062293        1.1533
BFGS:  136 20:53:59    -1084.062713        2.4932
BFGS:  137 20:53:59    -1084.069327        2.3352
BFGS:  138 20:53:59    -1084.063800        1.2705
BFGS:  139 20:53:59    -1084.072109        1.0597
BFGS:  140 20:53:59    -1084.073834        2.4459
BFGS:  141 20:53:59    -1084.075954        1.0684
BFGS:  142 20:53:59    -1084.076858        1.9727
BFGS:  143 20:53:59    -1084.071809        2.7280
BFGS:  144 20:53:59    -1084.079143        1.0658
BFGS:  145 20:53:59    -1084.079609        1.9801
BFGS:  146 20:53:59    -1084.076565        2.6439
BFGS:  147 20:53:59    -1084.079858        2.4910
BFGS:  148 20:53:59    -1084.070535        1.9095
BFGS:  149 20:53:59    -1084.077214        1.0928
BFGS:  150 20:53:59    -1084.080169        2.5260
BFGS:  151 20:53:59    -1084.078886        1.0716
BFGS:  152 20:53:59    -1084.079473        1.0642
BFGS:  153 20:53:59    -1084.077555        2.6023
BFGS:  154 20:53:59    -1084.080005        1.9787
BFGS:  155 20:53:59    -1084.080342        1.9823
BFGS:  156 20:53:59    -1084.068763        2.8228
BFGS:  157 20:54:00    -1084.081034        1.0472
BFGS:  158 20:54:00    -1084.079680        2.4974
BFGS:  159 20:54:00    -1084.080912        2.4510
BFGS:  160 20:54:00    -1084.050591        1.9470
BFGS:  161 20:54:00    -1084.072098        1.8811
BFGS:  162 20:54:00    -1084.069320        2.8360
BFGS:  163 20:54:00    -1084.078086        1.9377
BFGS:  164 20:54:00    -1084.080162        1.9614
BFGS:  165 20:54:00    -1084.065035        2.9136
BFGS:  166 20:54:00    -1084.080951        1.0519
BFGS:  167 20:54:00    -1084.080552        2.4706
BFGS:  168 20:54:00    -1084.081151        1.0516
BFGS:  169 20:54:00    -1084.081277        1.0511
BFGS:  170 20:54:00    -1084.078860        2.3494
BFGS:  171 20:54:00    -1084.081436        1.9738
BFGS:  172 20:54:00    -1084.081240        1.0565
BFGS:  173 20:54:00    -1084.081404        2.4149
BFGS:  174 20:54:00    -1084.080694        1.9644
BFGS:  175 20:54:00    -1084.081519        1.9715
BFGS:  176 20:54:00    -1084.080508        1.0598
BFGS:  177 20:54:00    -1084.081279        1.0572
BFGS:  178 20:54:00    -1084.080419        2.3304
BFGS:  179 20:54:00    -1084.081612        1.0608
BFGS:  180 20:54:00    -1084.081390        1.9686
BFGS:  181 20:54:00    -1084.081587        2.3890
BFGS:  182 20:54:00    -1084.078886        1.0580
BFGS:  183 20:54:00    -1084.080968        1.0575
BFGS:  184 20:54:00    -1084.080141        1.9625
BFGS:  185 20:54:00    -1084.081536        1.0607
BFGS:  186 20:54:00    -1084.081509        1.9680
BFGS:  187 20:54:00    -1084.081623        2.3845
BFGS:  188 20:54:00    -1084.081661        1.0622
BFGS:  189 20:54:00    -1084.081175        1.9662
BFGS:  190 20:54:00    -1084.081563        1.9672
BFGS:  191 20:54:01    -1084.074033        2.6114
BFGS:  192 20:54:01    -1084.079449        2.4673
BFGS:  193 20:54:01    -1084.074765        1.9637
BFGS:  194 20:54:01    -1084.081666        1.0625
BFGS:  195 20:54:01    -1084.080355        1.9649
BFGS:  196 20:54:01    -1084.081324        1.9670
BFGS:  197 20:54:01    -1084.070110        2.6530
BFGS:  198 20:54:01    -1084.078372        2.4834
BFGS:  199 20:54:01    -1084.071531        1.9601
BFGS:  200 20:54:01    -1084.081613        1.0618
BFGS:  201 20:54:01    -1084.079848        1.9651
BFGS:  202 20:54:01    -1084.081251        1.9671
BFGS:  203 20:54:01    -1084.065791        2.6840
BFGS:  204 20:54:01    -1084.077102        2.4951
BFGS:  205 20:54:01    -1084.067817        1.9666
BFGS:  206 20:54:01    -1084.081487        1.0532
BFGS:  207 20:54:01    -1084.079409        1.9718
BFGS:  208 20:54:01    -1084.081270        1.9703
BFGS:  209 20:54:01    -1084.061230        2.7195
BFGS:  210 20:54:01    -1084.075706        2.5043
BFGS:  211 20:54:01    -1084.063628        1.9742
BFGS:  212 20:54:01    -1084.081426        1.0589
BFGS:  213 20:54:01    -1084.078765        1.9677
BFGS:  214 20:54:01    -1084.081186        1.9681
BFGS:  215 20:54:01    -1084.055762        2.7249
BFGS:  216 20:54:01    -1084.074025        2.5131
BFGS:  217 20:54:01    -1084.058333        1.9889
BFGS:  218 20:54:01    -1084.081253        1.0516
BFGS:  219 20:54:01    -1084.078214        1.9730
BFGS:  220 20:54:01    -1084.081238        1.9715
BFGS:  221 20:54:01    -1084.050335        2.7446
BFGS:  222 20:54:01    -1084.072234        2.5195
BFGS:  223 20:54:01    -1084.052534        1.9977
BFGS:  224 20:54:01    -1084.081112        1.0493
BFGS:  225 20:54:01    -1084.077511        1.9754
BFGS:  226 20:54:02    -1084.081222        1.9721
BFGS:  227 20:54:02    -1084.044452        2.7466
BFGS:  228 20:54:02    -1084.070234        2.5231
BFGS:  229 20:54:02    -1084.045187        2.0231
BFGS:  230 20:54:02    -1084.080973        1.0484
BFGS:  231 20:54:02    -1084.076652        1.9764
BFGS:  232 20:54:02    -1084.081159        1.9733
BFGS:  233 20:54:02    -1084.038014        2.7430
BFGS:  234 20:54:02    -1084.067991        2.5260
BFGS:  235 20:54:02    -1084.035853        2.0453
BFGS:  236 20:54:02    -1084.080832        1.0469
BFGS:  237 20:54:02    -1084.075624        1.9777
BFGS:  238 20:54:02    -1084.081053        1.9741
BFGS:  239 20:54:02    -1084.031296        2.7358
BFGS:  240 20:54:02    -1084.065530        2.5271
BFGS:  241 20:54:02    -1084.023954        2.0805
BFGS:  242 20:54:02    -1084.080695        1.0456
BFGS:  243 20:54:02    -1084.074402        1.9790
BFGS:  244 20:54:02    -1084.080888        1.9752
BFGS:  245 20:54:02    -1084.024324        2.7227
BFGS:  246 20:54:02    -1084.062848        2.5268
BFGS:  247 20:54:02    -1084.008778        2.1267
BFGS:  248 20:54:02    -1084.080551        1.0440
BFGS:  249 20:54:02    -1084.072997        1.9805
BFGS:  250 20:54:02    -1084.080683        1.9764
BFGS:  251 20:54:02    -1084.017185        2.7047
BFGS:  252 20:54:02    -1084.059928        2.5251
BFGS:  253 20:54:02    -1083.989000        2.1928
BFGS:  254 20:54:02    -1084.080384        1.0420
BFGS:  255 20:54:02    -1084.071412        1.9821
BFGS:  256 20:54:02    -1084.080456        1.9778
BFGS:  257 20:54:02    -1084.009913        2.6814
BFGS:  258 20:54:02    -1084.056760        2.5219
BFGS:  259 20:54:02    -1083.963029        2.2859
BFGS:  260 20:54:03    -1084.080158        1.0394
BFGS:  261 20:54:03    -1084.069717        1.9839
BFGS:  262 20:54:03    -1084.080274        1.9794
BFGS:  263 20:54:03    -1084.002473        2.6532
BFGS:  264 20:54:03    -1084.053309        2.5173
BFGS:  265 20:54:03    -1083.935250        2.3876
BFGS:  266 20:54:03    -1084.079650        2.3859
BFGS:  267 20:54:03    -1084.064176        1.9886
BFGS:  268 20:54:03    -1084.078531        1.9810
BFGS:  269 20:54:03    -1083.996533        2.6165
BFGS:  270 20:54:03    -1084.050657        2.5075
BFGS:  271 20:54:03    -1083.952668        2.3080
BFGS:  272 20:54:03    -1084.078180        2.3932
BFGS:  273 20:54:03    -1084.065986        1.9898
BFGS:  274 20:54:03    -1084.080612        1.9835
BFGS:  275 20:54:03    -1083.988705        2.5849
BFGS:  276 20:54:03    -1084.046038        2.5019
BFGS:  277 20:54:03    -1083.972119        2.2307
BFGS:  278 20:54:03    -1084.075483        2.4032
BFGS:  279 20:54:03    -1084.069730        1.9916
BFGS:  280 20:54:03    -1084.079773        1.0367
BFGS:  281 20:54:03    -1084.080646        1.9834
BFGS:  282 20:54:03    -1084.080307        1.0469
BFGS:  283 20:54:03    -1084.080652        1.0520
BFGS:  284 20:54:03    -1084.017757        1.9983
BFGS:  285 20:54:03    -1084.070713        1.9552
BFGS:  286 20:54:03    -1084.032622        2.3799
BFGS:  287 20:54:03    -1084.055550        2.4057
BFGS:  288 20:54:03    -1083.997611        2.0613
BFGS:  289 20:54:03    -1084.074398        2.3801
BFGS:  290 20:54:03    -1084.074156        1.9512
BFGS:  291 20:54:03    -1084.078593        2.3695
BFGS:  292 20:54:03    -1084.080627        1.0720
BFGS:  293 20:54:03    -1084.067699        1.9429
BFGS:  294 20:54:03    -1084.078220        1.9570
BFGS:  295 20:54:04    -1084.016896        2.2226
BFGS:  296 20:54:04    -1084.035981        2.3069
BFGS:  297 20:54:04    -1084.019044        2.2225
BFGS:  298 20:54:04    -1084.058477        2.3256
BFGS:  299 20:54:04    -1084.075144        2.3285
BFGS:  300 20:54:04    -1083.939954        2.3348
BFGS:  301 20:54:04    -1084.062821        1.9642
BFGS:  302 20:54:04    -1084.024850        2.2147
BFGS:  303 20:54:04    -1084.047494        2.3124
BFGS:  304 20:54:04    -1084.014211        1.8938
BFGS:  305 20:54:04    -1084.067546        2.3833
BFGS:  306 20:54:04    -1084.079792        1.0625
BFGS:  307 20:54:04    -1084.006863        2.0069
BFGS:  308 20:54:04    -1084.064590        1.9671
BFGS:  309 20:54:04    -1084.027917        2.1894
BFGS:  310 20:54:04    -1084.048950        2.3018
BFGS:  311 20:54:04    -1084.009813        2.1611
BFGS:  312 20:54:04    -1084.069906        2.3863
BFGS:  313 20:54:04    -1084.076586        2.0040
BFGS:  314 20:54:04    -1084.072884        2.3318
BFGS:  315 20:54:04    -1084.075499        2.3772
BFGS:  316 20:54:04    -1084.080156        1.9704
BFGS:  317 20:54:04    -1084.078447        1.0360
BFGS:  318 20:54:04    -1084.079610        1.0514
BFGS:  319 20:54:04    -1084.075948        1.9420
BFGS:  320 20:54:04    -1084.080801        1.0641
BFGS:  321 20:54:04    -1084.080501        1.9649
BFGS:  322 20:54:04    -1084.081088        1.0676
BFGS:  323 20:54:04    -1084.081271        1.0698
BFGS:  324 20:54:04    -1083.971663        2.0029
BFGS:  325 20:54:04    -1084.061858        1.9146
BFGS:  326 20:54:04    -1084.025249        1.6800
BFGS:  327 20:54:04    -1084.049243        2.0436
BFGS:  328 20:54:04    -1084.000366        1.9047
BFGS:  329 20:54:05    -1084.069816        2.3291
BFGS:  330 20:54:05    -1084.078334        1.9569
BFGS:  331 20:54:05    -1084.073835        2.4034
BFGS:  332 20:54:05    -1084.076818        2.4318
BFGS:  333 20:54:05    -1083.958114        1.9853
BFGS:  334 20:54:05    -1084.059254        1.9029
BFGS:  335 20:54:05    -1084.036346        1.8752
BFGS:  336 20:54:05    -1084.052041        2.1493
BFGS:  337 20:54:05    -1084.009621        1.9168
BFGS:  338 20:54:05    -1084.070239        2.3624
BFGS:  339 20:54:05    -1084.075664        1.9431
BFGS:  340 20:54:05    -1084.075064        2.4324
BFGS:  341 20:54:05    -1084.078157        1.0818
BFGS:  342 20:54:05    -1084.059159        1.8968
BFGS:  343 20:54:05    -1084.077664        1.9403
BFGS:  344 20:54:05    -1084.032621        1.8341
BFGS:  345 20:54:05    -1084.043581        2.0900
BFGS:  346 20:54:05    -1084.028390        2.2526
BFGS:  347 20:54:05    -1084.057002        2.3358
BFGS:  348 20:54:05    -1084.069380        2.4862
BFGS:  349 20:54:05    -1083.995704        2.2000
BFGS:  350 20:54:05    -1084.070406        2.0249
BFGS:  351 20:54:05    -1084.035510        1.9494
BFGS:  352 20:54:05    -1084.051348        2.2070
BFGS:  353 20:54:05    -1084.034242        1.9840
BFGS:  354 20:54:05    -1084.062299        2.6251
BFGS:  355 20:54:05    -1084.058341        2.3872
BFGS:  356 20:54:05    -1084.062178        2.0102
BFGS:  357 20:54:05    -1084.071234        2.6685
BFGS:  358 20:54:05    -1084.077063        1.0345
BFGS:  359 20:54:05    -1084.066282        1.9826
BFGS:  360 20:54:05    -1084.079165        1.0444
BFGS:  361 20:54:05    -1084.076200        2.0026
BFGS:  362 20:54:05    -1084.078690        2.0040
BFGS:  363 20:54:05    -1084.021666        2.1181
BFGS:  364 20:54:06    -1084.050713        2.3867
BFGS:  365 20:54:06    -1084.031478        2.0298
BFGS:  366 20:54:06    -1084.069883        2.5916
BFGS:  367 20:54:06    -1084.078710        1.0432
BFGS:  368 20:54:06    -1084.035610        2.0414
BFGS:  369 20:54:06    -1084.070765        2.0070
BFGS:  370 20:54:06    -1084.027812        2.2015
BFGS:  371 20:54:06    -1084.056111        2.4591
BFGS:  372 20:54:06    -1084.023776        2.0323
BFGS:  373 20:54:06    -1084.074225        2.6422
BFGS:  374 20:54:06    -1084.074335        2.0049
BFGS:  375 20:54:06    -1084.076972        1.0388
BFGS:  376 20:54:06    -1084.078379        1.0427
BFGS:  377 20:54:06    -1083.980189        2.1197
BFGS:  378 20:54:06    -1084.059674        2.0060
BFGS:  379 20:54:06    -1084.037463        2.3018
BFGS:  380 20:54:06    -1084.061431        2.5300
BFGS:  381 20:54:06    -1084.017745        2.0054
BFGS:  382 20:54:06    -1084.078595        1.0420
BFGS:  383 20:54:06    -1084.066926        1.9967
BFGS:  384 20:54:06    -1084.078357        1.9966
BFGS:  385 20:54:06    -1084.022972        2.2136
BFGS:  386 20:54:06    -1084.051641        2.4553
BFGS:  387 20:54:06    -1084.034680        1.9932
BFGS:  388 20:54:06    -1084.072084        2.6241
BFGS:  389 20:54:06    -1084.077624        1.9984
BFGS:  390 20:54:06    -1084.075710        1.0376
BFGS:  391 20:54:06    -1084.077392        1.0409
BFGS:  392 20:54:06    -1083.983944        2.1013
BFGS:  393 20:54:06    -1084.060950        2.0027
BFGS:  394 20:54:06    -1084.036164        2.3414
BFGS:  395 20:54:06    -1084.059968        2.5335
BFGS:  396 20:54:06    -1084.019895        2.0032
BFGS:  397 20:54:06    -1084.078235        1.0396
BFGS:  398 20:54:07    -1084.067509        1.9964
BFGS:  399 20:54:07    -1084.079381        1.9961
BFGS:  400 20:54:07    -1084.023521        2.2443
BFGS:  401 20:54:07    -1084.049704        2.4532
BFGS:  402 20:54:07    -1084.038221        1.9889
BFGS:  403 20:54:07    -1084.070486        2.6008
BFGS:  404 20:54:07    -1084.079859        1.9990
BFGS:  405 20:54:07    -1084.074611        1.0307
BFGS:  406 20:54:07    -1084.076450        1.0344
BFGS:  407 20:54:07    -1083.986493        2.0875
BFGS:  408 20:54:07    -1084.062182        2.0029
BFGS:  409 20:54:07    -1084.036036        2.3531
BFGS:  410 20:54:07    -1084.058048        2.5159
BFGS:  411 20:54:07    -1084.023782        2.0095
BFGS:  412 20:54:07    -1084.076865        1.0318
BFGS:  413 20:54:07    -1084.070005        1.9987
BFGS:  414 20:54:07    -1084.079471        1.0411
BFGS:  415 20:54:07    -1084.078561        1.9993
BFGS:  416 20:54:07    -1084.080063        1.0436
BFGS:  417 20:54:07    -1084.080379        1.9980
BFGS:  418 20:54:07    -1084.080232        1.0451
BFGS:  419 20:54:07    -1084.080335        1.0463
BFGS:  420 20:54:07    -1084.043812        1.8843
BFGS:  421 20:54:07    -1084.072477        1.9415
BFGS:  422 20:54:07    -1084.052566        2.8231
BFGS:  423 20:54:07    -1084.074269        0.9832
BFGS:  424 20:54:07    -1084.044404        1.8946
BFGS:  425 20:54:07    -1084.076992        1.9644
BFGS:  426 20:54:07    -1084.048337        2.8048
BFGS:  427 20:54:07    -1084.071610        0.9599
BFGS:  428 20:54:07    -1084.043605        1.8986
BFGS:  429 20:54:07    -1084.079093        1.9735
BFGS:  430 20:54:07    -1084.045306        2.7769
BFGS:  431 20:54:07    -1084.069900        0.9448
BFGS:  432 20:54:07    -1084.043180        1.8994
BFGS:  433 20:54:08    -1084.080789        1.9794
BFGS:  434 20:54:08    -1084.042402        2.7475
BFGS:  435 20:54:08    -1084.068121        2.6699
BFGS:  436 20:54:08    -1084.010616        1.9101
BFGS:  437 20:54:08    -1084.078223        1.9606
BFGS:  438 20:54:08    -1084.041786        2.7074
BFGS:  439 20:54:08    -1084.068499        2.6509
BFGS:  440 20:54:08    -1084.009070        1.8988
BFGS:  441 20:54:08    -1084.078272        1.9582
BFGS:  442 20:54:08    -1084.039255        2.6720
BFGS:  443 20:54:08    -1084.067435        2.6361
BFGS:  444 20:54:08    -1084.005056        1.8951
BFGS:  445 20:54:08    -1084.078912        1.9591
BFGS:  446 20:54:08    -1084.036566        2.6378
BFGS:  447 20:54:08    -1084.066096        2.6214
BFGS:  448 20:54:08    -1084.000092        1.8937
BFGS:  449 20:54:08    -1084.079676        1.9607
BFGS:  450 20:54:08    -1084.033817        2.6038
BFGS:  451 20:54:08    -1084.064653        2.6066
BFGS:  452 20:54:08    -1083.994255        1.8938
BFGS:  453 20:54:08    -1084.080482        1.9625
BFGS:  454 20:54:08    -1084.031047        2.5698
BFGS:  455 20:54:08    -1084.063138        2.5915
BFGS:  456 20:54:08    -1083.987378        1.8953
BFGS:  457 20:54:08    -1084.080619        1.0865
BFGS:  458 20:54:08    -1084.068404        1.9180
BFGS:  459 20:54:08    -1084.077827        1.9522
BFGS:  460 20:54:08    -1084.034432        2.5583
BFGS:  461 20:54:08    -1084.063517        2.5862
BFGS:  462 20:54:08    -1083.967183        1.9688
BFGS:  463 20:54:08    -1084.079774        1.9594
BFGS:  464 20:54:08    -1084.023695        2.5202
BFGS:  465 20:54:08    -1084.058956        2.5701
BFGS:  466 20:54:09    -1083.961076        1.9506
BFGS:  467 20:54:09    -1084.079787        1.0817
BFGS:  468 20:54:09    -1084.066843        1.9159
BFGS:  469 20:54:09    -1084.078431        1.9529
BFGS:  470 20:54:09    -1084.023906        2.5004
BFGS:  471 20:54:09    -1084.057992        2.5627
BFGS:  472 20:54:09    -1083.958389        1.9885
BFGS:  473 20:54:09    -1084.079336        1.0785
BFGS:  474 20:54:09    -1084.066564        1.9181
BFGS:  475 20:54:09    -1084.078824        1.9544
BFGS:  476 20:54:09    -1084.017051        2.4697
BFGS:  477 20:54:09    -1084.054027        2.5490
BFGS:  478 20:54:09    -1083.967306        1.9859
BFGS:  479 20:54:09    -1084.077410        1.0565
BFGS:  480 20:54:09    -1084.069184        1.9266
BFGS:  481 20:54:09    -1084.079972        1.0926
BFGS:  482 20:54:09    -1084.078290        1.9493
BFGS:  483 20:54:09    -1084.080541        1.1013
BFGS:  484 20:54:09    -1084.080018        1.9538
BFGS:  485 20:54:09    -1084.080558        1.9549
BFGS:  486 20:54:09    -1084.010223        2.2525
BFGS:  487 20:54:09    -1084.056197        2.4483
BFGS:  488 20:54:09    -1083.976666        1.9753
BFGS:  489 20:54:09    -1084.078157        1.0663
BFGS:  490 20:54:09    -1084.070451        1.9385
BFGS:  491 20:54:09    -1084.080051        1.0916
BFGS:  492 20:54:09    -1084.078596        1.9535
BFGS:  493 20:54:09    -1084.080506        1.0995
BFGS:  494 20:54:09    -1084.080106        1.9560
BFGS:  495 20:54:09    -1084.080563        1.9565
BFGS:  496 20:54:09    -1084.022658        2.2909
BFGS:  497 20:54:09    -1084.061957        2.4645
BFGS:  498 20:54:09    -1084.020181        1.9652
BFGS:  499 20:54:09    -1084.078120        1.0661
