      Step     Time          Energy         fmax
BFGS:    0 20:42:24     -666.251975      237.4765
BFGS:    1 20:42:24     -712.383958      207.6148
BFGS:    2 20:42:24     -749.156101      201.9583
BFGS:    3 20:42:24     -776.966018      182.3499
BFGS:    4 20:42:24     -808.409110      164.9278
BFGS:    5 20:42:24     -833.457446      147.1681
BFGS:    6 20:42:24     -852.762887      136.6209
BFGS:    7 20:42:24     -867.524683      129.6465
BFGS:    8 20:42:24     -883.520888      125.9495
BFGS:    9 20:42:24     -898.624135      130.2764
BFGS:   10 20:42:24     -910.901709      130.9378
BFGS:   11 20:42:24     -922.742273      125.5574
BFGS:   12 20:42:24     -933.017286      120.1455
BFGS:   13 20:42:24     -942.924775      110.0851
BFGS:   14 20:42:25     -950.531085      107.5591
BFGS:   15 20:42:25     -957.799907       99.6256
BFGS:   16 20:42:25     -965.045471       94.2169
BFGS:   17 20:42:25     -970.827159       88.4605
BFGS:   18 20:42:25     -976.848054       82.9946
BFGS:   19 20:42:25     -981.401188       77.4520
BFGS:   20 20:42:25     -985.137158       74.0681
BFGS:   21 20:42:25     -988.275800       70.5560
BFGS:   22 20:42:25     -991.545409       66.7808
BFGS:   23 20:42:25     -995.254620       62.9766
BFGS:   24 20:42:25     -999.619858       56.6434
BFGS:   25 20:42:25    -1004.394393       52.6561
BFGS:   26 20:42:25    -1009.453651       47.8200
BFGS:   27 20:42:25    -1014.251819       44.6337
BFGS:   28 20:42:25    -1018.265392       38.3097
BFGS:   29 20:42:25    -1021.139805       33.7081
BFGS:   30 20:42:25    -1023.444764       30.7708
BFGS:   31 20:42:25    -1025.343926       31.2910
BFGS:   32 20:42:25    -1027.054137       30.6331
BFGS:   33 20:42:25    -1028.647466       30.5039
BFGS:   34 20:42:25    -1030.094921       30.3422
BFGS:   35 20:42:25    -1031.353641       29.9465
BFGS:   36 20:42:25    -1032.746486       29.3405
BFGS:   37 20:42:25    -1034.222943       28.8562
BFGS:   38 20:42:25    -1035.705047       28.3314
BFGS:   39 20:42:26    -1037.234459       27.4421
BFGS:   40 20:42:26    -1038.719285       26.5012
BFGS:   41 20:42:26    -1040.144624       25.2733
BFGS:   42 20:42:26    -1041.562192       24.0414
BFGS:   43 20:42:26    -1042.950388       22.7941
BFGS:   44 20:42:26    -1044.352370       21.1829
BFGS:   45 20:42:26    -1045.626975       20.3798
BFGS:   46 20:42:26    -1046.785957       19.2454
BFGS:   47 20:42:26    -1047.987653       20.0853
BFGS:   48 20:42:26    -1049.099223       20.4683
BFGS:   49 20:42:26    -1050.213262       20.5959
BFGS:   50 20:42:26    -1051.329079       20.3693
BFGS:   51 20:42:26    -1052.467331       19.7635
BFGS:   52 20:42:26    -1053.643023       18.8971
BFGS:   53 20:42:26    -1054.834131       17.9427
BFGS:   54 20:42:26    -1055.934924       18.1340
BFGS:   55 20:42:26    -1056.940253       17.7328
BFGS:   56 20:42:26    -1057.917667       17.7144
BFGS:   57 20:42:26    -1058.896515       17.5605
BFGS:   58 20:42:26    -1059.895407       17.7145
BFGS:   59 20:42:26    -1060.922291       17.8105
BFGS:   60 20:42:26    -1061.961287       17.5028
BFGS:   61 20:42:26    -1062.932213       17.0637
BFGS:   62 20:42:26    -1063.893984       16.2630
BFGS:   63 20:42:26    -1064.831043       15.2809
BFGS:   64 20:42:26    -1065.701761       14.3232
BFGS:   65 20:42:26    -1066.544069       13.4876
BFGS:   66 20:42:26    -1067.391615       12.9493
BFGS:   67 20:42:27    -1068.258809       13.9260
BFGS:   68 20:42:27    -1069.172024       14.7761
BFGS:   69 20:42:27    -1070.121248       15.6573
BFGS:   70 20:42:27    -1071.104113       16.2218
BFGS:   71 20:42:27    -1072.070483       16.7830
BFGS:   72 20:42:27    -1073.033408       16.9931
BFGS:   73 20:42:27    -1073.974025       17.2051
BFGS:   74 20:42:27    -1074.889241       17.1020
BFGS:   75 20:42:27    -1075.771167       16.9146
BFGS:   76 20:42:27    -1076.620132       16.4161
BFGS:   77 20:42:27    -1077.422888       15.7205
BFGS:   78 20:42:27    -1078.185309       14.7301
BFGS:   79 20:42:27    -1078.933254       13.4550
BFGS:   80 20:42:27    -1079.677460       12.1295
BFGS:   81 20:42:27    -1080.429475       11.6289
BFGS:   82 20:42:27    -1081.293611       12.2411
BFGS:   83 20:42:27    -1082.105116       13.4920
BFGS:   84 20:42:27    -1083.210039       14.3197
BFGS:   85 20:42:27    -1084.446340       14.1856
BFGS:   86 20:42:27    -1085.702007       12.4888
BFGS:   87 20:42:27    -1086.939055       13.1877
BFGS:   88 20:42:27    -1088.085952       13.8873
BFGS:   89 20:42:27    -1089.082919       14.3714
BFGS:   90 20:42:27    -1090.098629       14.6439
BFGS:   91 20:42:27    -1091.109777       14.5591
BFGS:   92 20:42:27    -1092.043620       14.1721
BFGS:   93 20:42:27    -1092.790237       13.5797
BFGS:   94 20:42:27    -1093.408166       13.0893
BFGS:   95 20:42:27    -1094.017345       12.8624
BFGS:   96 20:42:27    -1094.698029       13.3517
BFGS:   97 20:42:27    -1095.272797       14.7315
BFGS:   98 20:42:27    -1095.883282       15.3420
BFGS:   99 20:42:27    -1096.621587       15.2529
BFGS:  100 20:42:27    -1097.228950       12.7874
BFGS:  101 20:42:27    -1097.765209        8.8626
BFGS:  102 20:42:28    -1098.413905        8.5528
BFGS:  103 20:42:28    -1098.941451        9.6000
BFGS:  104 20:42:28    -1099.491773        9.0653
BFGS:  105 20:42:28    -1100.041932        6.9200
BFGS:  106 20:42:28    -1100.603477        6.6098
BFGS:  107 20:42:28    -1101.130934        8.4068
BFGS:  108 20:42:28    -1101.735493       10.6186
BFGS:  109 20:42:28    -1102.376537       13.0386
BFGS:  110 20:42:28    -1103.013095       13.2319
BFGS:  111 20:42:28    -1103.583579       12.3392
BFGS:  112 20:42:28    -1104.173564        8.4325
BFGS:  113 20:42:28    -1104.683260        7.5210
BFGS:  114 20:42:28    -1105.091904        6.3999
BFGS:  115 20:42:28    -1105.365460        4.8631
BFGS:  116 20:42:28    -1105.602824        4.0517
BFGS:  117 20:42:28    -1105.809298        4.4416
BFGS:  118 20:42:28    -1105.974436        3.8877
BFGS:  119 20:42:28    -1106.121001        3.2951
BFGS:  120 20:42:28    -1106.296260        3.9495
BFGS:  121 20:42:28    -1106.454746        4.4701
BFGS:  122 20:42:28    -1106.648584        4.2447
BFGS:  123 20:42:28    -1106.806516        3.9314
BFGS:  124 20:42:28    -1106.871928        4.6308
BFGS:  125 20:42:28    -1106.946080        3.9564
BFGS:  126 20:42:28    -1107.011171        2.9502
BFGS:  127 20:42:28    -1107.088244        3.5296
BFGS:  128 20:42:28    -1107.174254        3.9630
BFGS:  129 20:42:28    -1107.281934        3.8361
BFGS:  130 20:42:28    -1107.387386        3.6041
BFGS:  131 20:42:28    -1107.510740        2.9978
BFGS:  132 20:42:28    -1107.588209        3.8330
BFGS:  133 20:42:28    -1107.662772        3.7775
BFGS:  134 20:42:28    -1107.751152        3.7129
BFGS:  135 20:42:28    -1107.809409        3.1952
BFGS:  136 20:42:28    -1107.847397        2.9281
BFGS:  137 20:42:28    -1107.893545        3.3004
BFGS:  138 20:42:28    -1107.930478        3.9146
BFGS:  139 20:42:28    -1107.962469        4.3383
BFGS:  140 20:42:28    -1107.991796        4.4084
BFGS:  141 20:42:29    -1108.038302        4.3213
BFGS:  142 20:42:29    -1108.109377        4.0535
BFGS:  143 20:42:29    -1108.214040        4.7140
BFGS:  144 20:42:29    -1108.336505        5.0118
BFGS:  145 20:42:29    -1108.462309        5.0730
BFGS:  146 20:42:29    -1108.561308        5.2339
BFGS:  147 20:42:29    -1108.676136        5.5281
BFGS:  148 20:42:29    -1108.803659        5.8599
BFGS:  149 20:42:29    -1108.964877        6.4313
BFGS:  150 20:42:29    -1109.098637        6.7514
BFGS:  151 20:42:29    -1109.217999        7.1786
BFGS:  152 20:42:29    -1109.283751        6.7772
BFGS:  153 20:42:29    -1109.366709        6.6695
BFGS:  154 20:42:29    -1109.442316        6.2312
BFGS:  155 20:42:29    -1109.490852        5.9364
BFGS:  156 20:42:29    -1109.526320        5.7033
BFGS:  157 20:42:29    -1109.565370        5.6384
BFGS:  158 20:42:29    -1109.613446        5.4957
BFGS:  159 20:42:29    -1109.655770        5.8108
BFGS:  160 20:42:29    -1109.681986        5.5847
BFGS:  161 20:42:29    -1109.703671        5.5648
BFGS:  162 20:42:29    -1109.745968        5.9729
BFGS:  163 20:42:29    -1109.776416        6.7548
BFGS:  164 20:42:29    -1109.806154        7.4031
BFGS:  165 20:42:29    -1109.842491        7.4638
BFGS:  166 20:42:29    -1109.874712        8.6888
BFGS:  167 20:42:29    -1109.933133        8.8423
BFGS:  168 20:42:29    -1110.068368        9.6040
BFGS:  169 20:42:29    -1110.136791        9.3137
BFGS:  170 20:42:29    -1110.186754        8.9906
BFGS:  171 20:42:29    -1110.225848        8.4396
BFGS:  172 20:42:29    -1110.273920        8.1207
BFGS:  173 20:42:29    -1110.337608        7.6076
BFGS:  174 20:42:29    -1110.390185        7.7098
BFGS:  175 20:42:29    -1110.428792        8.3972
BFGS:  176 20:42:29    -1110.452519        7.9326
BFGS:  177 20:42:29    -1110.474471        7.3606
BFGS:  178 20:42:29    -1110.510044        6.0369
BFGS:  179 20:42:29    -1110.532470        5.1262
BFGS:  180 20:42:29    -1110.562353        5.8833
BFGS:  181 20:42:30    -1110.602480        5.7195
BFGS:  182 20:42:30    -1110.649077        6.0393
BFGS:  183 20:42:30    -1110.705010        5.8986
BFGS:  184 20:42:30    -1110.791202        5.1568
BFGS:  185 20:42:30    -1110.936132        4.6505
BFGS:  186 20:42:30    -1111.034139        3.9795
BFGS:  187 20:42:30    -1111.138741        3.9540
BFGS:  188 20:42:30    -1111.207063        3.4211
BFGS:  189 20:42:30    -1111.271067        3.3567
BFGS:  190 20:42:30    -1111.296601        3.7372
BFGS:  191 20:42:30    -1111.325263        3.4829
BFGS:  192 20:42:30    -1111.373784        3.7252
BFGS:  193 20:42:30    -1111.406368        3.3905
BFGS:  194 20:42:30    -1111.426929        3.4998
BFGS:  195 20:42:30    -1111.441055        3.3424
BFGS:  196 20:42:30    -1111.457413        3.4073
BFGS:  197 20:42:30    -1111.477136        3.4687
BFGS:  198 20:42:30    -1111.499778        3.7550
BFGS:  199 20:42:30    -1111.517338        3.9504
BFGS:  200 20:42:30    -1111.528384        4.0893
BFGS:  201 20:42:30    -1111.535500        4.0703
BFGS:  202 20:42:30    -1111.541970        4.1372
BFGS:  203 20:42:30    -1111.548164        4.0977
BFGS:  204 20:42:30    -1111.553305        3.9708
BFGS:  205 20:42:30    -1111.556767        3.8263
BFGS:  206 20:42:30    -1111.559723        3.6693
BFGS:  207 20:42:30    -1111.562958        3.5248
BFGS:  208 20:42:30    -1111.566941        3.3363
BFGS:  209 20:42:30    -1111.572112        3.1253
BFGS:  210 20:42:30    -1111.578550        2.8868
BFGS:  211 20:42:30    -1111.586642        2.7089
BFGS:  212 20:42:30    -1111.599151        2.6258
BFGS:  213 20:42:30    -1111.622507        2.9866
BFGS:  214 20:42:30    -1111.659318        3.2130
BFGS:  215 20:42:30    -1111.706827        2.6507
BFGS:  216 20:42:30    -1111.773265        2.0972
BFGS:  217 20:42:30    -1111.789768        1.5594
BFGS:  218 20:42:30    -1111.793408        1.7267
BFGS:  219 20:42:30    -1111.801840        1.7132
BFGS:  220 20:42:30    -1111.804293        1.6676
BFGS:  221 20:42:31    -1111.808388        1.6704
BFGS:  222 20:42:31    -1111.809960        1.6367
BFGS:  223 20:42:31    -1111.814409        1.5512
BFGS:  224 20:42:31    -1111.821975        1.6354
BFGS:  225 20:42:31    -1111.835942        1.5761
BFGS:  226 20:42:31    -1111.850831        1.3342
BFGS:  227 20:42:31    -1111.858838        0.9893
BFGS:  228 20:42:31    -1111.860667        0.8853
BFGS:  229 20:42:31    -1111.861078        0.8712
BFGS:  230 20:42:31    -1111.861282        0.8766
BFGS:  231 20:42:31    -1111.861402        0.8791
BFGS:  232 20:42:31    -1111.861460        0.8864
BFGS:  233 20:42:31    -1111.861485        0.8869
BFGS:  234 20:42:31    -1111.861496        0.8896
BFGS:  235 20:42:31    -1111.861504        0.8898
BFGS:  236 20:42:31    -1111.861512        0.8905
BFGS:  237 20:42:31    -1111.861537        0.8897
BFGS:  238 20:42:31    -1111.861593        0.8880
BFGS:  239 20:42:31    -1111.861749        0.8805
BFGS:  240 20:42:31    -1111.862115        0.8632
BFGS:  241 20:42:31    -1111.862940        0.8239
BFGS:  242 20:42:31    -1111.864360        0.7548
BFGS:  243 20:42:31    -1111.865882        0.6951
BFGS:  244 20:42:31    -1111.866651        0.6557
BFGS:  245 20:42:31    -1111.866830        0.6327
BFGS:  246 20:42:31    -1111.866878        0.6262
BFGS:  247 20:42:31    -1111.866905        0.6218
BFGS:  248 20:42:31    -1111.866909        0.6224
BFGS:  249 20:42:31    -1111.866931        0.6275
BFGS:  250 20:42:31    -1111.866956        0.6284
BFGS:  251 20:42:31    -1111.867024        0.6312
BFGS:  252 20:42:31    -1111.867179        0.6295
BFGS:  253 20:42:31    -1111.867554        0.6205
BFGS:  254 20:42:31    -1111.868318        0.5880
BFGS:  255 20:42:31    -1111.869477        0.5303
BFGS:  256 20:42:31    -1111.870451        0.4934
BFGS:  257 20:42:31    -1111.870805        0.5225
BFGS:  258 20:42:31    -1111.870863        0.5409
BFGS:  259 20:42:31    -1111.870879        0.5483
BFGS:  260 20:42:31    -1111.870885        0.5561
BFGS:  261 20:42:31    -1111.870887        0.5572
BFGS:  262 20:42:32    -1111.870904        0.5622
BFGS:  263 20:42:32    -1111.870935        0.5664
BFGS:  264 20:42:32    -1111.871030        0.5727
BFGS:  265 20:42:32    -1111.871266        0.5803
BFGS:  266 20:42:32    -1111.871893        0.5963
BFGS:  267 20:42:32    -1111.873472        0.6564
BFGS:  268 20:42:32    -1111.877244        0.7220
BFGS:  269 20:42:32    -1111.884978        0.7371
BFGS:  270 20:42:32    -1111.893374        0.7650
BFGS:  271 20:42:32    -1111.902582        0.6780
BFGS:  272 20:42:32    -1111.911674        0.5156
BFGS:  273 20:42:32    -1111.920683        0.3746
BFGS:  274 20:42:32    -1111.926144        0.3877
BFGS:  275 20:42:32    -1111.942937        0.4644
BFGS:  276 20:42:32    -1111.985238        0.6780
BFGS:  277 20:42:32    -1112.052452        0.9544
BFGS:  278 20:42:32    -1112.087510        0.9883
BFGS:  279 20:42:32    -1112.114907        0.7959
BFGS:  280 20:42:32    -1112.142092        0.8639
BFGS:  281 20:42:32    -1112.164166        0.9950
BFGS:  282 20:42:32    -1112.175418        1.0976
BFGS:  283 20:42:32    -1112.177678        0.9615
BFGS:  284 20:42:32    -1112.178691        0.9713
BFGS:  285 20:42:32    -1112.179693        1.0100
BFGS:  286 20:42:32    -1112.183861        1.1373
BFGS:  287 20:42:32    -1112.187590        1.1873
BFGS:  288 20:42:32    -1112.195959        1.1761
BFGS:  289 20:42:32    -1112.204710        1.1111
BFGS:  290 20:42:32    -1112.213868        0.9963
BFGS:  291 20:42:32    -1112.223076        0.8444
BFGS:  292 20:42:32    -1112.231811        0.6522
BFGS:  293 20:42:32    -1112.239196        0.4188
BFGS:  294 20:42:32    -1112.243884        0.1331
BFGS:  295 20:42:32    -1112.244524        0.0359
