      Step     Time          Energy         fmax
BFGS:    0 20:42:42     -735.353441      243.6446
BFGS:    1 20:42:42     -784.919404      191.6578
BFGS:    2 20:42:42     -810.896587      194.0028
BFGS:    3 20:42:43     -830.655458      176.0268
BFGS:    4 20:42:43     -849.588273      165.6396
BFGS:    5 20:42:43     -868.939488      155.2650
BFGS:    6 20:42:43     -886.205561      143.7707
BFGS:    7 20:42:43     -904.089092      123.2126
BFGS:    8 20:42:43     -915.153807      115.1277
BFGS:    9 20:42:43     -924.350120      107.0278
BFGS:   10 20:42:43     -935.293476      100.8988
BFGS:   11 20:42:43     -944.528039       95.0337
BFGS:   12 20:42:43     -953.178900       91.4263
BFGS:   13 20:42:43     -960.492644       87.8153
BFGS:   14 20:42:43     -968.142165       84.3916
BFGS:   15 20:42:43     -975.618568       80.4012
BFGS:   16 20:42:43     -982.533861       76.9556
BFGS:   17 20:42:43     -988.174138       74.0255
BFGS:   18 20:42:43     -993.952148       71.0972
BFGS:   19 20:42:43    -1000.279215       67.5946
BFGS:   20 20:42:43    -1006.538526       64.1116
BFGS:   21 20:42:43    -1011.610443       59.8948
BFGS:   22 20:42:43    -1016.919548       56.9904
BFGS:   23 20:42:43    -1021.586267       53.4129
BFGS:   24 20:42:43    -1025.488818       51.3783
BFGS:   25 20:42:43    -1028.953332       49.0469
BFGS:   26 20:42:43    -1032.102752       47.5962
BFGS:   27 20:42:44    -1035.241218       45.7202
BFGS:   28 20:42:44    -1038.387590       43.3496
BFGS:   29 20:42:44    -1040.960039       41.4793
BFGS:   30 20:42:44    -1043.614176       38.7763
BFGS:   31 20:42:44    -1046.118779       35.9736
BFGS:   32 20:42:44    -1048.582152       32.7865
BFGS:   33 20:42:44    -1050.738443       30.1243
BFGS:   34 20:42:44    -1052.681047       27.8289
BFGS:   35 20:42:44    -1054.866721       25.1817
BFGS:   36 20:42:44    -1056.764719       22.5113
BFGS:   37 20:42:44    -1058.298072       20.4325
BFGS:   38 20:42:44    -1059.679640       18.4421
BFGS:   39 20:42:44    -1060.941778       18.1210
BFGS:   40 20:42:44    -1062.252409       17.8275
BFGS:   41 20:42:44    -1063.508869       17.2285
BFGS:   42 20:42:44    -1064.857502       16.2433
BFGS:   43 20:42:44    -1066.253984       15.6452
BFGS:   44 20:42:44    -1067.737561       14.4750
BFGS:   45 20:42:44    -1069.242291       13.9062
BFGS:   46 20:42:44    -1070.569042       14.7987
BFGS:   47 20:42:44    -1071.715093       14.9914
BFGS:   48 20:42:44    -1072.757230       15.3448
BFGS:   49 20:42:44    -1073.658433       15.3331
BFGS:   50 20:42:44    -1074.518111       15.3158
BFGS:   51 20:42:44    -1075.379682       15.2664
BFGS:   52 20:42:44    -1076.316775       15.1026
BFGS:   53 20:42:44    -1077.305687       14.9614
BFGS:   54 20:42:44    -1078.228654       14.6459
BFGS:   55 20:42:44    -1079.126197       14.8326
BFGS:   56 20:42:45    -1080.024180       14.8356
BFGS:   57 20:42:45    -1080.950308       14.4974
BFGS:   58 20:42:45    -1081.892298       13.9146
BFGS:   59 20:42:45    -1082.800221       15.6356
BFGS:   60 20:42:45    -1083.630938       17.3054
BFGS:   61 20:42:45    -1084.613375       18.4421
BFGS:   62 20:42:45    -1085.456037       19.2086
BFGS:   63 20:42:45    -1087.101388       19.4970
BFGS:   64 20:42:45    -1088.991801       20.0151
BFGS:   65 20:42:45    -1091.189519       20.5249
BFGS:   66 20:42:45    -1093.627249       20.6200
BFGS:   67 20:42:45    -1096.194390       19.6967
BFGS:   68 20:42:45    -1098.785843       18.2676
BFGS:   69 20:42:45    -1101.203297       16.7797
BFGS:   70 20:42:45    -1103.601500       15.6278
BFGS:   71 20:42:45    -1105.616609       14.8272
BFGS:   72 20:42:45    -1107.740137       14.0499
BFGS:   73 20:42:45    -1109.789229       14.7455
BFGS:   74 20:42:45    -1111.884993       16.7875
BFGS:   75 20:42:45    -1114.016800       18.9183
BFGS:   76 20:42:45    -1116.024218       20.8244
BFGS:   77 20:42:45    -1117.930670       22.6956
BFGS:   78 20:42:45    -1119.749759       24.3665
BFGS:   79 20:42:45    -1121.486488       25.8782
BFGS:   80 20:42:45    -1123.152684       27.2007
BFGS:   81 20:42:45    -1124.751081       28.5785
BFGS:   82 20:42:45    -1126.397040       29.8044
BFGS:   83 20:42:45    -1128.203376       31.4592
BFGS:   84 20:42:45    -1129.654925       32.3457
BFGS:   85 20:42:45    -1130.918204       33.1563
BFGS:   86 20:42:45    -1132.146049       33.5182
BFGS:   87 20:42:45    -1133.373945       33.7885
BFGS:   88 20:42:45    -1134.674749       33.5766
BFGS:   89 20:42:45    -1135.985213       33.5162
BFGS:   90 20:42:46    -1137.371303       32.9105
BFGS:   91 20:42:46    -1138.737382       32.7347
BFGS:   92 20:42:46    -1140.083207       31.8854
BFGS:   93 20:42:46    -1141.245539       31.6834
BFGS:   94 20:42:46    -1142.377026       30.9242
BFGS:   95 20:42:46    -1143.464868       30.3737
BFGS:   96 20:42:46    -1144.637915       28.7072
BFGS:   97 20:42:46    -1145.888659       26.7987
BFGS:   98 20:42:46    -1147.201912       23.3739
BFGS:   99 20:42:46    -1148.410419       20.6363
BFGS:  100 20:42:46    -1149.476075       17.6715
BFGS:  101 20:42:46    -1150.462582       15.5204
BFGS:  102 20:42:46    -1151.387613       14.4893
BFGS:  103 20:42:46    -1152.287063       14.9435
BFGS:  104 20:42:46    -1153.166682       15.4106
BFGS:  105 20:42:46    -1154.064211       15.9600
BFGS:  106 20:42:46    -1154.964376       16.5189
BFGS:  107 20:42:46    -1155.911284       17.1601
BFGS:  108 20:42:46    -1156.893254       17.5915
BFGS:  109 20:42:46    -1157.929390       17.4828
BFGS:  110 20:42:46    -1158.986284       16.4988
BFGS:  111 20:42:46    -1160.111704       14.5782
BFGS:  112 20:42:46    -1161.353845       12.0123
BFGS:  113 20:42:46    -1162.682539       10.9507
BFGS:  114 20:42:46    -1163.985263       11.6761
BFGS:  115 20:42:46    -1165.180233       12.5262
BFGS:  116 20:42:46    -1166.262123       12.2034
BFGS:  117 20:42:46    -1167.371855       11.1298
BFGS:  118 20:42:46    -1168.506986        9.3879
BFGS:  119 20:42:46    -1169.520111        9.9487
BFGS:  120 20:42:46    -1170.412759       10.4970
BFGS:  121 20:42:46    -1171.077044       10.6211
BFGS:  122 20:42:46    -1171.632871       10.8192
BFGS:  123 20:42:46    -1172.103826       11.8630
BFGS:  124 20:42:46    -1172.540884       13.0407
BFGS:  125 20:42:46    -1172.940745       13.6633
BFGS:  126 20:42:46    -1173.358923       14.4813
BFGS:  127 20:42:46    -1173.807437       15.0233
BFGS:  128 20:42:46    -1174.278904       15.5106
BFGS:  129 20:42:46    -1174.783028       15.5381
BFGS:  130 20:42:47    -1175.377410       15.0812
BFGS:  131 20:42:47    -1176.091755       13.2022
BFGS:  132 20:42:47    -1176.771878       10.3728
BFGS:  133 20:42:47    -1177.374456        8.0840
BFGS:  134 20:42:47    -1177.899239        7.5409
BFGS:  135 20:42:47    -1178.365660        6.6395
BFGS:  136 20:42:47    -1178.794579        5.5537
BFGS:  137 20:42:47    -1179.164263        5.0605
BFGS:  138 20:42:47    -1179.364181        3.8888
BFGS:  139 20:42:47    -1179.553677        3.2551
BFGS:  140 20:42:47    -1179.716142        3.8464
BFGS:  141 20:42:47    -1179.774292        3.6085
BFGS:  142 20:42:47    -1179.825170        2.9810
BFGS:  143 20:42:47    -1179.878011        2.2672
BFGS:  144 20:42:47    -1179.910297        1.9986
BFGS:  145 20:42:47    -1179.948978        2.0369
BFGS:  146 20:42:47    -1179.979300        1.9365
BFGS:  147 20:42:47    -1180.037398        2.0876
BFGS:  148 20:42:47    -1180.077168        2.2747
BFGS:  149 20:42:47    -1180.140850        2.1960
BFGS:  150 20:42:47    -1180.200011        2.5727
BFGS:  151 20:42:47    -1180.263335        2.2975
BFGS:  152 20:42:47    -1180.316026        2.1680
BFGS:  153 20:42:47    -1180.361652        2.4239
BFGS:  154 20:42:47    -1180.401381        2.9265
BFGS:  155 20:42:47    -1180.446412        3.2570
BFGS:  156 20:42:47    -1180.477304        2.9658
BFGS:  157 20:42:47    -1180.499485        2.3610
BFGS:  158 20:42:47    -1180.516028        1.8350
BFGS:  159 20:42:47    -1180.531870        1.4841
BFGS:  160 20:42:47    -1180.547096        1.5479
BFGS:  161 20:42:47    -1180.563245        1.3022
BFGS:  162 20:42:47    -1180.577102        1.1977
BFGS:  163 20:42:47    -1180.587077        1.0499
BFGS:  164 20:42:47    -1180.593172        1.0513
BFGS:  165 20:42:47    -1180.598155        0.9669
BFGS:  166 20:42:47    -1180.603159        1.0068
BFGS:  167 20:42:47    -1180.608888        1.1481
BFGS:  168 20:42:47    -1180.614844        1.4363
BFGS:  169 20:42:47    -1180.619935        1.4975
BFGS:  170 20:42:47    -1180.624677        1.3712
BFGS:  171 20:42:48    -1180.629526        1.0533
BFGS:  172 20:42:48    -1180.633818        1.0225
BFGS:  173 20:42:48    -1180.636334        1.1092
BFGS:  174 20:42:48    -1180.637687        0.9313
BFGS:  175 20:42:48    -1180.638862        0.8839
BFGS:  176 20:42:48    -1180.641277        0.7961
BFGS:  177 20:42:48    -1180.644750        0.7492
BFGS:  178 20:42:48    -1180.649734        0.7862
BFGS:  179 20:42:48    -1180.653729        0.7074
BFGS:  180 20:42:48    -1180.656521        0.5013
BFGS:  181 20:42:48    -1180.658291        0.3482
BFGS:  182 20:42:48    -1180.659606        0.2688
BFGS:  183 20:42:48    -1180.660495        0.2147
BFGS:  184 20:42:48    -1180.660976        0.1942
BFGS:  185 20:42:48    -1180.661273        0.2216
BFGS:  186 20:42:48    -1180.661472        0.2064
BFGS:  187 20:42:48    -1180.661611        0.1976
BFGS:  188 20:42:48    -1180.661708        0.1872
BFGS:  189 20:42:48    -1180.661818        0.1834
BFGS:  190 20:42:48    -1180.661960        0.1641
BFGS:  191 20:42:48    -1180.662112        0.1475
BFGS:  192 20:42:48    -1180.662208        0.1500
BFGS:  193 20:42:48    -1180.662254        0.1694
BFGS:  194 20:42:48    -1180.662285        0.1796
BFGS:  195 20:42:48    -1180.662318        0.1843
BFGS:  196 20:42:48    -1180.662352        0.1887
BFGS:  197 20:42:48    -1180.662383        0.1904
BFGS:  198 20:42:48    -1180.662411        0.1923
BFGS:  199 20:42:48    -1180.662438        0.1902
BFGS:  200 20:42:48    -1180.662464        0.1868
BFGS:  201 20:42:48    -1180.662484        0.1794
BFGS:  202 20:42:48    -1180.662496        0.1731
BFGS:  203 20:42:48    -1180.662504        0.1649
BFGS:  204 20:42:48    -1180.662511        0.1572
BFGS:  205 20:42:48    -1180.662520        0.1483
BFGS:  206 20:42:48    -1180.662533        0.1437
BFGS:  207 20:42:48    -1180.662547        0.1455
BFGS:  208 20:42:48    -1180.662559        0.1545
BFGS:  209 20:42:48    -1180.662567        0.1628
BFGS:  210 20:42:48    -1180.662575        0.1696
BFGS:  211 20:42:49    -1180.662582        0.1715
BFGS:  212 20:42:49    -1180.662587        0.1682
BFGS:  213 20:42:49    -1180.662590        0.1606
BFGS:  214 20:42:49    -1180.662591        0.1549
BFGS:  215 20:42:49    -1180.662592        0.1510
BFGS:  216 20:42:49    -1180.662593        0.1488
