      Step     Time          Energy         fmax
BFGS:    0 20:46:12     -902.243572      114.7739
BFGS:    1 20:46:12     -926.010348       80.1298
BFGS:    2 20:46:12     -940.368634       73.5153
BFGS:    3 20:46:12     -950.834018       65.7585
BFGS:    4 20:46:12     -959.587556       65.9547
BFGS:    5 20:46:12     -967.777313       59.7246
BFGS:    6 20:46:12     -975.214368       59.3695
BFGS:    7 20:46:12     -981.393442       53.9538
BFGS:    8 20:46:12     -988.239842       53.8550
BFGS:    9 20:46:12     -993.671924       50.7737
BFGS:   10 20:46:12     -997.921765       49.8028
BFGS:   11 20:46:12    -1001.714162       46.9917
BFGS:   12 20:46:12    -1005.570291       46.4843
BFGS:   13 20:46:12    -1009.299847       42.1435
BFGS:   14 20:46:12    -1012.603854       40.2025
BFGS:   15 20:46:12    -1015.449426       37.0032
BFGS:   16 20:46:12    -1018.439306       36.5512
BFGS:   17 20:46:12    -1020.708871       35.3019
BFGS:   18 20:46:12    -1022.664266       34.0000
BFGS:   19 20:46:13    -1024.549139       32.0646
BFGS:   20 20:46:13    -1026.760523       28.1509
BFGS:   21 20:46:13    -1028.780409       24.0991
BFGS:   22 20:46:13    -1030.252995       22.0913
BFGS:   23 20:46:13    -1031.534080       20.4507
BFGS:   24 20:46:13    -1032.832398       21.5465
BFGS:   25 20:46:13    -1034.128072       22.4891
BFGS:   26 20:46:13    -1035.453843       23.1788
BFGS:   27 20:46:13    -1036.808751       23.5447
BFGS:   28 20:46:13    -1038.215513       23.6280
BFGS:   29 20:46:13    -1039.650376       23.5974
BFGS:   30 20:46:13    -1041.083561       23.3472
BFGS:   31 20:46:13    -1042.499915       22.9358
BFGS:   32 20:46:13    -1043.948682       22.1872
BFGS:   33 20:46:13    -1045.513080       21.5713
BFGS:   34 20:46:13    -1047.363411       20.3036
BFGS:   35 20:46:13    -1049.343748       19.4410
BFGS:   36 20:46:13    -1051.392202       27.3600
BFGS:   37 20:46:13    -1053.284362       32.8162
BFGS:   38 20:46:13    -1055.170282       35.2942
BFGS:   39 20:46:13    -1056.832663       33.1969
BFGS:   40 20:46:13    -1058.963189       35.6777
BFGS:   41 20:46:13    -1060.665321       35.9797
BFGS:   42 20:46:13    -1062.244285       33.1683
BFGS:   43 20:46:13    -1063.791356       30.0889
BFGS:   44 20:46:14    -1065.199049       27.8231
BFGS:   45 20:46:14    -1066.855140       24.3151
BFGS:   46 20:46:14    -1068.235206       22.8422
BFGS:   47 20:46:14    -1069.448052       22.6772
BFGS:   48 20:46:14    -1070.681794       21.6780
BFGS:   49 20:46:14    -1071.932558       19.1909
BFGS:   50 20:46:14    -1073.312209       17.6801
BFGS:   51 20:46:14    -1074.545601       16.1528
BFGS:   52 20:46:14    -1075.773562       14.4793
BFGS:   53 20:46:14    -1076.744790       11.2974
BFGS:   54 20:46:14    -1077.727933        9.5004
BFGS:   55 20:46:14    -1078.469271       11.6135
BFGS:   56 20:46:14    -1079.064411       10.1716
BFGS:   57 20:46:14    -1079.332080       10.3920
BFGS:   58 20:46:14    -1079.528136       10.4764
BFGS:   59 20:46:14    -1079.680596       11.2954
BFGS:   60 20:46:14    -1079.892800       10.3664
BFGS:   61 20:46:14    -1080.217768       11.0518
BFGS:   62 20:46:14    -1080.510516       11.2445
BFGS:   63 20:46:14    -1080.787351       10.8051
BFGS:   64 20:46:14    -1081.066633        8.8970
BFGS:   65 20:46:14    -1081.401523        7.2335
BFGS:   66 20:46:14    -1081.732264        8.1592
BFGS:   67 20:46:14    -1082.044535        8.9330
BFGS:   68 20:46:14    -1082.375064        7.1321
BFGS:   69 20:46:14    -1082.779341        6.5355
BFGS:   70 20:46:15    -1083.285513        6.3715
BFGS:   71 20:46:15    -1083.675611        6.6429
BFGS:   72 20:46:15    -1084.127268        7.1074
BFGS:   73 20:46:15    -1084.498490        6.1655
BFGS:   74 20:46:15    -1084.692008        5.2831
BFGS:   75 20:46:15    -1084.826014        4.1737
BFGS:   76 20:46:15    -1084.960461        5.2370
BFGS:   77 20:46:15    -1085.018104        4.3750
BFGS:   78 20:46:15    -1085.061376        4.7612
BFGS:   79 20:46:15    -1085.126210        5.5453
BFGS:   80 20:46:15    -1085.246592        7.1664
BFGS:   81 20:46:15    -1085.348643        8.7598
BFGS:   82 20:46:15    -1085.406188       10.2510
BFGS:   83 20:46:15    -1085.491612       10.0727
BFGS:   84 20:46:15    -1085.834721       11.1937
BFGS:   85 20:46:15    -1086.176890       12.2240
BFGS:   86 20:46:15    -1086.592240       12.9546
BFGS:   87 20:46:15    -1086.991820       12.4096
BFGS:   88 20:46:15    -1087.326550       11.5503
BFGS:   89 20:46:15    -1087.578698        8.8947
BFGS:   90 20:46:15    -1087.748414        8.4353
BFGS:   91 20:46:15    -1087.891343        8.4917
BFGS:   92 20:46:15    -1087.987431        8.0561
BFGS:   93 20:46:15    -1088.100023        7.4266
BFGS:   94 20:46:15    -1088.150250        7.9766
BFGS:   95 20:46:15    -1088.188986        8.5673
BFGS:   96 20:46:16    -1088.217975        9.0242
BFGS:   97 20:46:16    -1088.264122        9.2793
BFGS:   98 20:46:16    -1088.303258        9.8307
BFGS:   99 20:46:16    -1088.330242        9.8612
BFGS:  100 20:46:16    -1088.356725        9.7147
BFGS:  101 20:46:16    -1088.377564        9.3307
BFGS:  102 20:46:16    -1088.391229        9.6830
BFGS:  103 20:46:16    -1088.401123        9.7617
BFGS:  104 20:46:16    -1088.408866        9.9543
BFGS:  105 20:46:16    -1088.414584       10.1369
BFGS:  106 20:46:16    -1088.420350        9.4767
BFGS:  107 20:46:16    -1088.423761        9.4258
BFGS:  108 20:46:16    -1088.426168        9.2773
BFGS:  109 20:46:16    -1088.429673        9.2089
BFGS:  110 20:46:16    -1088.433451        9.1805
BFGS:  111 20:46:16    -1088.435755        9.2437
BFGS:  112 20:46:16    -1088.438164        9.3986
BFGS:  113 20:46:16    -1088.441911        9.4806
BFGS:  114 20:46:16    -1088.449722        9.6492
BFGS:  115 20:46:16    -1088.464323        9.6368
BFGS:  116 20:46:16    -1088.482702        9.6035
BFGS:  117 20:46:16    -1088.501634        9.4466
BFGS:  118 20:46:16    -1088.521879        9.2924
BFGS:  119 20:46:16    -1088.543303        9.0977
BFGS:  120 20:46:16    -1088.566290        8.9012
BFGS:  121 20:46:16    -1088.591214        8.6747
BFGS:  122 20:46:17    -1088.618578        8.4445
BFGS:  123 20:46:17    -1088.648866        8.1936
BFGS:  124 20:46:17    -1088.682593        8.0890
BFGS:  125 20:46:17    -1088.720080        8.0391
BFGS:  126 20:46:17    -1088.761747        8.0164
BFGS:  127 20:46:17    -1088.807273        7.9604
BFGS:  128 20:46:17    -1088.857039        7.8525
BFGS:  129 20:46:17    -1088.905327        7.7520
BFGS:  130 20:46:17    -1088.964314        7.8141
BFGS:  131 20:46:17    -1089.004252        7.5325
BFGS:  132 20:46:17    -1089.052703        7.3840
BFGS:  133 20:46:17    -1089.103267        7.1597
BFGS:  134 20:46:17    -1089.152443        6.9210
BFGS:  135 20:46:17    -1089.203800        6.5896
BFGS:  136 20:46:17    -1089.246996        6.3015
BFGS:  137 20:46:17    -1089.293894        6.2410
BFGS:  138 20:46:17    -1089.333979        5.9964
BFGS:  139 20:46:17    -1089.376081        5.8960
BFGS:  140 20:46:17    -1089.414788        5.8815
BFGS:  141 20:46:17    -1089.450962        5.7370
BFGS:  142 20:46:17    -1089.495639        5.5991
BFGS:  143 20:46:17    -1089.527782        5.4992
BFGS:  144 20:46:17    -1089.563609        5.3326
BFGS:  145 20:46:17    -1089.600686        5.1692
BFGS:  146 20:46:17    -1089.638863        4.9718
BFGS:  147 20:46:17    -1089.677446        4.7595
BFGS:  148 20:46:18    -1089.715961        4.5222
BFGS:  149 20:46:18    -1089.753351        4.2616
BFGS:  150 20:46:18    -1089.789401        3.9937
BFGS:  151 20:46:18    -1089.822733        3.6911
BFGS:  152 20:46:18    -1089.854641        3.4194
BFGS:  153 20:46:18    -1089.881431        3.0766
BFGS:  154 20:46:18    -1089.909703        2.8089
BFGS:  155 20:46:18    -1089.929169        2.5011
BFGS:  156 20:46:18    -1089.951010        2.2170
BFGS:  157 20:46:18    -1089.967358        2.0025
BFGS:  158 20:46:18    -1089.984103        1.7899
BFGS:  159 20:46:18    -1089.997806        1.6204
BFGS:  160 20:46:18    -1090.011064        1.4986
BFGS:  161 20:46:18    -1090.021508        1.3618
BFGS:  162 20:46:18    -1090.032026        1.1407
BFGS:  163 20:46:18    -1090.038704        0.9443
BFGS:  164 20:46:18    -1090.044811        0.6597
BFGS:  165 20:46:18    -1090.046360        0.5547
BFGS:  166 20:46:18    -1090.047752        0.3188
BFGS:  167 20:46:18    -1090.048337        0.4607
BFGS:  168 20:46:18    -1090.048581        0.1332
BFGS:  169 20:46:18    -1090.048717        0.0702
