      Step     Time          Energy         fmax
BFGS:    0 20:47:15     -721.018337       73.4255
BFGS:    1 20:47:15     -735.181660       46.5968
BFGS:    2 20:47:15     -752.974020       54.8575
BFGS:    3 20:47:15     -767.203810       65.1390
BFGS:    4 20:47:15     -774.704252       64.8683
BFGS:    5 20:47:15     -781.621825       72.8367
BFGS:    6 20:47:15     -788.750535       82.1544
BFGS:    7 20:47:15     -795.519994       88.4806
BFGS:    8 20:47:15     -802.559843      102.3460
BFGS:    9 20:47:15     -810.671071      100.4903
BFGS:   10 20:47:15     -818.828879      106.3304
BFGS:   11 20:47:15     -826.831602      111.6040
BFGS:   12 20:47:15     -835.628900      117.4936
BFGS:   13 20:47:15     -844.243345      120.6533
BFGS:   14 20:47:15     -852.899689      122.8516
BFGS:   15 20:47:15     -861.592744      123.8860
BFGS:   16 20:47:16     -870.213887      123.3448
BFGS:   17 20:47:16     -878.248526      122.5595
BFGS:   18 20:47:16     -886.376659      119.4623
BFGS:   19 20:47:16     -894.363808      117.5266
BFGS:   20 20:47:16     -902.105502      118.6798
BFGS:   21 20:47:16     -909.472577      115.5713
BFGS:   22 20:47:16     -916.948780      117.0828
BFGS:   23 20:47:16     -924.264800      117.5069
BFGS:   24 20:47:16     -931.117334      116.6616
BFGS:   25 20:47:16     -938.309339      115.6218
BFGS:   26 20:47:16     -945.379608      106.8378
BFGS:   27 20:47:16     -953.295456      101.4641
BFGS:   28 20:47:16     -960.505494      101.1720
BFGS:   29 20:47:16     -967.673441      100.6186
BFGS:   30 20:47:16     -974.377569       98.4031
BFGS:   31 20:47:16     -980.833561       97.9607
BFGS:   32 20:47:16     -987.456538       96.9740
BFGS:   33 20:47:16     -995.101339       96.9364
BFGS:   34 20:47:16    -1002.067985       95.3561
BFGS:   35 20:47:16    -1010.760272       90.4575
BFGS:   36 20:47:16    -1017.173902       88.9337
BFGS:   37 20:47:16    -1024.559605       78.0868
BFGS:   38 20:47:16    -1031.945165       70.1399
BFGS:   39 20:47:16    -1037.734458       60.2072
BFGS:   40 20:47:16    -1042.739133       52.8179
BFGS:   41 20:47:16    -1047.639544       46.1823
BFGS:   42 20:47:17    -1051.225824       38.0505
BFGS:   43 20:47:17    -1054.192676       32.9793
BFGS:   44 20:47:17    -1057.451290       27.4305
BFGS:   45 20:47:17    -1060.415533       26.4937
BFGS:   46 20:47:17    -1062.959197       23.3126
BFGS:   47 20:47:17    -1065.315704       22.3998
BFGS:   48 20:47:17    -1067.576173       22.8837
BFGS:   49 20:47:17    -1069.912163       23.8899
BFGS:   50 20:47:17    -1071.884347       22.0591
BFGS:   51 20:47:17    -1073.368997       20.3216
BFGS:   52 20:47:17    -1074.692808       18.6840
BFGS:   53 20:47:17    -1075.667146       17.4893
BFGS:   54 20:47:17    -1076.551519       17.8350
BFGS:   55 20:47:17    -1077.347455       17.5138
BFGS:   56 20:47:17    -1078.063835       16.8147
BFGS:   57 20:47:17    -1078.734439       15.9742
BFGS:   58 20:47:17    -1079.388096       13.8209
BFGS:   59 20:47:17    -1080.060381       13.2457
BFGS:   60 20:47:17    -1080.785256       12.3593
BFGS:   61 20:47:17    -1081.556950       11.8110
BFGS:   62 20:47:17    -1082.211595       11.7986
BFGS:   63 20:47:17    -1082.830644       12.0591
BFGS:   64 20:47:17    -1083.403037       13.8052
BFGS:   65 20:47:17    -1083.846013       13.1109
BFGS:   66 20:47:17    -1084.222820       12.5612
BFGS:   67 20:47:17    -1084.606308       10.8094
BFGS:   68 20:47:18    -1084.962845        8.4048
BFGS:   69 20:47:18    -1085.323858        8.2045
BFGS:   70 20:47:18    -1085.674270       10.0644
BFGS:   71 20:47:18    -1086.066812       12.7857
BFGS:   72 20:47:18    -1086.436811       12.2240
BFGS:   73 20:47:18    -1086.761467        9.7843
BFGS:   74 20:47:18    -1087.077413        7.7993
BFGS:   75 20:47:18    -1087.415452        6.8063
BFGS:   76 20:47:18    -1087.617692        6.1023
BFGS:   77 20:47:18    -1087.799059        6.1766
BFGS:   78 20:47:18    -1087.962894        4.9109
BFGS:   79 20:47:18    -1088.076071        5.1061
BFGS:   80 20:47:18    -1088.198010        4.4875
BFGS:   81 20:47:18    -1088.300026        4.6363
BFGS:   82 20:47:18    -1088.418053        4.5120
BFGS:   83 20:47:18    -1088.519955        5.0110
BFGS:   84 20:47:18    -1088.627980        5.8740
BFGS:   85 20:47:18    -1088.759949        6.3809
BFGS:   86 20:47:18    -1088.885597        7.6574
BFGS:   87 20:47:18    -1089.027826        8.7192
BFGS:   88 20:47:18    -1089.245571        8.7288
BFGS:   89 20:47:18    -1089.444367        7.3974
BFGS:   90 20:47:18    -1089.592644        6.0214
BFGS:   91 20:47:18    -1089.667941        5.8881
BFGS:   92 20:47:18    -1089.755550        5.3126
BFGS:   93 20:47:19    -1089.824497        5.3155
BFGS:   94 20:47:19    -1089.898644        5.0669
BFGS:   95 20:47:19    -1089.948270        4.7510
BFGS:   96 20:47:19    -1090.008070        3.5244
BFGS:   97 20:47:19    -1090.046265        3.1392
BFGS:   98 20:47:19    -1090.071378        2.4782
BFGS:   99 20:47:19    -1090.094960        2.2569
BFGS:  100 20:47:19    -1090.110897        1.6468
BFGS:  101 20:47:19    -1090.123794        1.7293
BFGS:  102 20:47:19    -1090.131646        1.3052
BFGS:  103 20:47:19    -1090.140157        2.1319
BFGS:  104 20:47:19    -1090.145711        0.8147
BFGS:  105 20:47:19    -1090.152364        0.8423
BFGS:  106 20:47:19    -1090.156541        0.7375
BFGS:  107 20:47:19    -1090.158349        0.5885
BFGS:  108 20:47:19    -1090.159181        0.3946
BFGS:  109 20:47:19    -1090.159499        0.4050
BFGS:  110 20:47:19    -1090.159796        0.4301
BFGS:  111 20:47:19    -1090.160069        0.3946
BFGS:  112 20:47:19    -1090.160295        0.3829
BFGS:  113 20:47:19    -1090.160484        0.3521
BFGS:  114 20:47:19    -1090.160717        1.5943
BFGS:  115 20:47:19    -1090.130010        1.8221
BFGS:  116 20:47:19    -1090.161304        0.2803
BFGS:  117 20:47:19    -1090.161589        0.2263
BFGS:  118 20:47:19    -1090.162247        0.1874
BFGS:  119 20:47:20    -1090.162617        0.1953
BFGS:  120 20:47:20    -1090.162866        0.1998
BFGS:  121 20:47:20    -1090.162956        0.1983
BFGS:  122 20:47:20    -1090.163018        0.1820
BFGS:  123 20:47:20    -1090.163070        0.1579
BFGS:  124 20:47:20    -1090.163119        0.1238
BFGS:  125 20:47:20    -1090.163163        0.0933
