      Step     Time          Energy         fmax
BFGS:    0 09:32:42     -170.032204        8.3417
BFGS:    1 09:32:52     -170.745640        6.4374
BFGS:    2 09:33:00     -171.239293        4.7114
BFGS:    3 09:33:09     -171.712098        3.1641
BFGS:    4 09:33:18     -172.151948        2.8287
BFGS:    5 09:33:28     -172.488956        2.8963
BFGS:    6 09:33:38     -172.775410        2.9286
BFGS:    7 09:33:47     -173.033024        2.8766
BFGS:    8 09:33:55     -173.271230        2.6906
BFGS:    9 09:34:04     -173.486456        2.3078
BFGS:   10 09:34:14     -173.676617        1.7128
BFGS:   11 09:34:23     -173.837703        1.3401
BFGS:   12 09:34:31     -173.979454        1.3879
BFGS:   13 09:34:40     -174.127682        1.5604
BFGS:   14 09:34:50     -174.281804        2.2145
BFGS:   15 09:34:59     -174.451101        2.6207
BFGS:   16 09:35:09     -174.618348        2.8718
BFGS:   17 09:35:18     -174.776569        2.9911
BFGS:   18 09:35:26     -174.930213        2.9449
BFGS:   19 09:35:35     -175.081987        2.7733
BFGS:   20 09:35:43     -175.233921        2.7380
BFGS:   21 09:35:51     -175.385110        2.9398
BFGS:   22 09:35:59     -175.539493        3.0274
BFGS:   23 09:36:07     -175.697798        2.9894
BFGS:   24 09:36:15     -175.866293        2.8452
BFGS:   25 09:36:23     -176.038538        2.6418
BFGS:   26 09:36:32     -176.206153        2.4561
BFGS:   27 09:36:41     -176.375118        2.1981
BFGS:   28 09:36:49     -176.545836        1.9472
BFGS:   29 09:36:57     -176.708231        1.6843
BFGS:   30 09:37:06     -176.873722        1.6201
BFGS:   31 09:37:15     -177.020325        1.6090
BFGS:   32 09:37:23     -177.147312        1.4083
BFGS:   33 09:37:31     -177.255821        1.1782
BFGS:   34 09:37:39     -177.350722        1.0712
BFGS:   35 09:37:47     -177.437036        0.8025
BFGS:   36 09:37:55     -177.498246        0.8160
BFGS:   37 09:38:04     -177.529876        0.6211
BFGS:   38 09:38:12     -177.559268        0.8027
BFGS:   39 09:38:19     -177.586795        0.5787
BFGS:   40 09:38:27     -177.610892        0.3275
BFGS:   41 09:38:35     -177.637087        0.3350
BFGS:   42 09:38:44     -177.652068        0.4207
BFGS:   43 09:38:51     -177.669461        0.4257
BFGS:   44 09:38:58     -177.685821        0.3615
BFGS:   45 09:39:06     -177.701713        0.3113
BFGS:   46 09:39:14     -177.716576        0.3136
BFGS:   47 09:39:22     -177.729827        0.3172
BFGS:   48 09:39:29     -177.741591        0.3111
BFGS:   49 09:39:36     -177.756952        0.2945
BFGS:   50 09:39:43     -177.766711        0.3106
BFGS:   51 09:39:49     -177.783049        0.3085
BFGS:   52 09:39:56     -177.796746        0.2914
BFGS:   53 09:40:03     -177.807406        0.2515
BFGS:   54 09:40:10     -177.816633        0.1968
BFGS:   55 09:40:18     -177.823389        0.1720
BFGS:   56 09:40:24     -177.827244        0.1666
BFGS:   57 09:40:32     -177.829244        0.1713
BFGS:   58 09:40:40     -177.830062        0.1638
BFGS:   59 09:40:46     -177.833600        0.1758
BFGS:   60 09:40:52     -177.836608        0.2201
BFGS:   61 09:40:59     -177.842537        0.2507
BFGS:   62 09:41:07     -177.851484        0.2209
BFGS:   63 09:41:15     -177.861104        0.2539
BFGS:   64 09:41:23     -177.869045        0.2404
BFGS:   65 09:41:30     -177.876768        0.2297
BFGS:   66 09:41:36     -177.882832        0.2636
BFGS:   67 09:41:44     -177.896824        0.2852
BFGS:   68 09:41:51     -177.906864        0.3145
BFGS:   69 09:41:59     -177.915722        0.3165
BFGS:   70 09:42:07     -177.926387        0.2976
BFGS:   71 09:42:14     -177.936299        0.2907
BFGS:   72 09:42:21     -177.942301        0.2938
BFGS:   73 09:42:27     -177.948416        0.3475
BFGS:   74 09:42:34     -177.957659        0.2740
BFGS:   75 09:42:41     -177.967948        0.2603
BFGS:   76 09:42:48     -177.971513        0.3245
BFGS:   77 09:42:54     -177.978340        0.2406
BFGS:   78 09:43:02     -177.995581        0.2506
BFGS:   79 09:43:09     -178.002462        0.2063
BFGS:   80 09:43:16     -178.010102        0.1943
BFGS:   81 09:43:23     -178.018011        0.1862
BFGS:   82 09:43:30     -178.022794        0.2213
BFGS:   83 09:43:37     -178.027130        0.2701
BFGS:   84 09:43:43     -178.032963        0.3074
BFGS:   85 09:43:50     -178.037213        0.3057
BFGS:   86 09:43:57     -178.044336        0.2720
BFGS:   87 09:44:05     -178.049198        0.2840
BFGS:   88 09:44:12     -178.055691        0.2264
BFGS:   89 09:44:18     -178.060295        0.2234
BFGS:   90 09:44:23     -178.065293        0.2288
BFGS:   91 09:44:29     -178.068223        0.2210
BFGS:   92 09:44:36     -178.073442        0.2154
BFGS:   93 09:44:43     -178.078773        0.1957
BFGS:   94 09:44:50     -178.083959        0.1974
BFGS:   95 09:44:56     -178.088409        0.1850
BFGS:   96 09:45:03     -178.091201        0.2418
BFGS:   97 09:45:10     -178.097265        0.2257
BFGS:   98 09:45:19     -178.106172        0.2184
BFGS:   99 09:45:25     -178.109666        0.2343
BFGS:  100 09:45:33     -178.114688        0.1852
BFGS:  101 09:45:41     -178.118938        0.2035
BFGS:  102 09:45:47     -178.122641        0.2216
BFGS:  103 09:45:54     -178.125758        0.2336
BFGS:  104 09:46:02     -178.134032        0.1752
BFGS:  105 09:46:09     -178.142726        0.3632
BFGS:  106 09:46:16     -178.147844        0.2821
BFGS:  107 09:46:23     -178.152354        0.1546
BFGS:  108 09:46:31     -178.163943        0.2058
BFGS:  109 09:46:38     -178.170162        0.2238
BFGS:  110 09:46:45     -178.175339        0.2452
BFGS:  111 09:46:51     -178.180553        0.2248
BFGS:  112 09:46:59     -178.186963        0.1925
BFGS:  113 09:47:06     -178.193987        0.2545
BFGS:  114 09:47:12     -178.201178        0.3119
BFGS:  115 09:47:19     -178.209967        0.3459
BFGS:  116 09:47:26     -178.215546        0.2754
BFGS:  117 09:47:33     -178.225242        0.1636
BFGS:  118 09:47:40     -178.231346        0.1445
BFGS:  119 09:47:48     -178.237390        0.1247
BFGS:  120 09:47:54     -178.242534        0.1494
BFGS:  121 09:48:02     -178.248059        0.2526
BFGS:  122 09:48:09     -178.254288        0.2336
BFGS:  123 09:48:16     -178.258420        0.2256
BFGS:  124 09:48:22     -178.263666        0.2252
BFGS:  125 09:48:28     -178.269269        0.2614
BFGS:  126 09:48:35     -178.273973        0.1947
BFGS:  127 09:48:42     -178.280093        0.1697
BFGS:  128 09:48:47     -178.287198        0.2186
BFGS:  129 09:48:53     -178.293036        0.2759
BFGS:  130 09:48:59     -178.300321        0.2187
BFGS:  131 09:49:06     -178.308294        0.1927
BFGS:  132 09:49:13     -178.316553        0.1895
BFGS:  133 09:49:19     -178.322858        0.1790
BFGS:  134 09:49:27     -178.333608        0.3587
BFGS:  135 09:49:33     -178.339939        0.4327
BFGS:  136 09:49:40     -178.346282        0.3602
BFGS:  137 09:49:47     -178.355395        0.3163
BFGS:  138 09:49:54     -178.366300        0.2499
BFGS:  139 09:50:01     -178.377180        0.2227
BFGS:  140 09:50:08     -178.385990        0.1971
BFGS:  141 09:50:13     -178.390610        0.1948
BFGS:  142 09:50:22     -178.398922        0.2103
BFGS:  143 09:50:30     -178.410701        0.2636
BFGS:  144 09:50:36     -178.418545        0.3407
BFGS:  145 09:50:42     -178.425382        0.4021
BFGS:  146 09:50:48     -178.435861        0.3711
BFGS:  147 09:50:54     -178.442852        0.3291
BFGS:  148 09:51:00     -178.450191        0.3394
BFGS:  149 09:51:06     -178.457166        0.2727
BFGS:  150 09:51:12     -178.463716        0.2878
BFGS:  151 09:51:18     -178.470027        0.2644
BFGS:  152 09:51:25     -178.477296        0.2612
BFGS:  153 09:51:32     -178.481960        0.2440
BFGS:  154 09:51:39     -178.486476        0.2141
BFGS:  155 09:51:45     -178.494123        0.1947
BFGS:  156 09:51:51     -178.500022        0.1961
BFGS:  157 09:51:57     -178.505063        0.1993
BFGS:  158 09:52:02     -178.512093        0.2285
BFGS:  159 09:52:08     -178.516135        0.2721
BFGS:  160 09:52:13     -178.520047        0.3146
BFGS:  161 09:52:19     -178.526738        0.2477
BFGS:  162 09:52:25     -178.531324        0.2402
BFGS:  163 09:52:31     -178.536460        0.2050
BFGS:  164 09:52:37     -178.543416        0.1755
BFGS:  165 09:52:45     -178.546105        0.1990
BFGS:  166 09:52:53     -178.551492        0.1525
BFGS:  167 09:53:00     -178.561714        0.2210
BFGS:  168 09:53:05     -178.568013        0.2539
BFGS:  169 09:53:11     -178.572264        0.2440
BFGS:  170 09:53:16     -178.576445        0.2485
BFGS:  171 09:53:22     -178.580261        0.2052
BFGS:  172 09:53:29     -178.585195        0.1737
BFGS:  173 09:53:34     -178.589094        0.1759
BFGS:  174 09:53:39     -178.592312        0.1936
BFGS:  175 09:53:45     -178.595413        0.2030
BFGS:  176 09:53:50     -178.596421        0.1733
BFGS:  177 09:53:56     -178.601364        0.2226
BFGS:  178 09:54:01     -178.606601        0.2121
BFGS:  179 09:54:07     -178.614024        0.1955
BFGS:  180 09:54:13     -178.621319        0.1973
BFGS:  181 09:54:20     -178.628306        0.2518
BFGS:  182 09:54:26     -178.634295        0.2511
BFGS:  183 09:54:34     -178.648466        0.3331
BFGS:  184 09:54:40     -178.657026        0.4235
BFGS:  185 09:54:48     -178.666603        0.5475
BFGS:  186 09:54:55     -178.678796        0.7107
BFGS:  187 09:55:02     -178.704864        0.9292
BFGS:  188 09:55:10     -178.734181        1.2111
BFGS:  189 09:55:17     -178.768365        1.4491
BFGS:  190 09:55:25     -178.796928        1.5629
BFGS:  191 09:55:33     -178.839823        1.6115
BFGS:  192 09:55:41     -178.892952        1.5313
BFGS:  193 09:55:48     -178.975454        1.2826
BFGS:  194 09:55:57     -179.077895        0.9790
BFGS:  195 09:56:05     -179.179184        0.8813
BFGS:  196 09:56:12     -179.240888        0.8766
BFGS:  197 09:56:19     -179.298583        0.7205
BFGS:  198 09:56:27     -179.347335        0.5887
BFGS:  199 09:56:34     -179.399538        0.5283
BFGS:  200 09:56:42     -179.449103        0.5297
BFGS:  201 09:56:50     -179.485378        0.6171
BFGS:  202 09:56:57     -179.511943        0.5749
BFGS:  203 09:57:05     -179.539635        0.5727
BFGS:  204 09:57:13     -179.564929        0.6169
BFGS:  205 09:57:20     -179.587410        0.6474
BFGS:  206 09:57:28     -179.610650        0.6568
BFGS:  207 09:57:35     -179.631644        0.6881
BFGS:  208 09:57:41     -179.652446        0.7340
BFGS:  209 09:57:48     -179.672240        0.7758
BFGS:  210 09:57:54     -179.692614        0.8185
BFGS:  211 09:58:01     -179.712471        0.8417
BFGS:  212 09:58:07     -179.732420        0.8986
BFGS:  213 09:58:14     -179.752217        0.9001
BFGS:  214 09:58:20     -179.775996        0.9615
BFGS:  215 09:58:27     -179.799336        1.0051
BFGS:  216 09:58:33     -179.823308        1.0909
BFGS:  217 09:58:39     -179.846382        1.2565
BFGS:  218 09:58:45     -179.871277        1.4568
BFGS:  219 09:58:51     -179.903773        1.6820
BFGS:  220 09:58:58     -179.940121        1.9377
BFGS:  221 09:59:05     -179.982987        2.2753
BFGS:  222 09:59:12     -180.035955        2.5904
BFGS:  223 09:59:19     -180.104657        2.9727
BFGS:  224 09:59:26     -180.191734        3.3483
BFGS:  225 09:59:33     -180.301802        3.7359
BFGS:  226 09:59:41     -180.441380        4.0551
BFGS:  227 09:59:48     -180.587903        4.2265
BFGS:  228 09:59:55     -180.718581        4.2596
BFGS:  229 10:00:02     -180.836919        4.1827
BFGS:  230 10:00:09     -180.951444        4.0975
BFGS:  231 10:00:15     -181.070986        3.9064
BFGS:  232 10:00:22     -181.179706        3.6399
BFGS:  233 10:00:29     -181.272711        3.3373
BFGS:  234 10:00:37     -181.338136        3.1342
BFGS:  235 10:00:45     -181.390603        3.2644
BFGS:  236 10:00:53     -181.449200        3.5413
BFGS:  237 10:01:01     -181.515479        3.9016
BFGS:  238 10:01:10     -181.588519        4.3020
BFGS:  239 10:01:18     -181.654283        4.5732
BFGS:  240 10:01:26     -181.712718        4.7597
BFGS:  241 10:01:35     -181.771755        4.9324
BFGS:  242 10:01:43     -181.828724        5.1166
BFGS:  243 10:01:51     -181.885270        5.2955
BFGS:  244 10:02:00     -181.941318        5.4747
BFGS:  245 10:02:07     -181.992592        5.5987
BFGS:  246 10:02:15     -182.058476        5.5180
BFGS:  247 10:02:23     -182.130067        5.4051
BFGS:  248 10:02:31     -182.203951        5.2100
BFGS:  249 10:02:40     -182.288794        4.9883
BFGS:  250 10:02:48     -182.391339        4.5885
BFGS:  251 10:02:56     -182.495965        4.1931
BFGS:  252 10:03:03     -182.610880        3.6327
BFGS:  253 10:03:12     -182.742472        3.1366
BFGS:  254 10:03:21     -182.854484        2.7166
BFGS:  255 10:03:29     -182.974029        2.6695
BFGS:  256 10:03:37     -183.066719        2.5717
BFGS:  257 10:03:45     -183.154756        2.4341
BFGS:  258 10:03:53     -183.235196        2.3479
BFGS:  259 10:04:01     -183.312914        2.1693
BFGS:  260 10:04:10     -183.385483        2.1773
BFGS:  261 10:04:18     -183.460162        2.4147
BFGS:  262 10:04:27     -183.522923        2.6167
BFGS:  263 10:04:36     -183.587047        2.8059
BFGS:  264 10:04:44     -183.634353        2.7820
BFGS:  265 10:04:53     -183.683899        2.7032
BFGS:  266 10:05:01     -183.724424        2.3461
BFGS:  267 10:05:10     -183.762841        2.1278
BFGS:  268 10:05:18     -183.801046        1.6782
BFGS:  269 10:05:25     -183.841807        1.4660
BFGS:  270 10:05:33     -183.876276        1.1330
BFGS:  271 10:05:41     -183.897845        1.2370
BFGS:  272 10:05:49     -183.917288        1.2270
BFGS:  273 10:05:57     -183.932619        1.2882
BFGS:  274 10:06:04     -183.950585        1.3285
BFGS:  275 10:06:13     -183.982565        1.2114
BFGS:  276 10:06:20     -184.008770        1.2717
BFGS:  277 10:06:29     -184.038918        1.1245
BFGS:  278 10:06:38     -184.064693        1.0508
BFGS:  279 10:06:45     -184.084872        0.9298
BFGS:  280 10:06:53     -184.098967        1.0339
BFGS:  281 10:07:01     -184.116182        1.0472
BFGS:  282 10:07:09     -184.130890        0.9270
BFGS:  283 10:07:17     -184.148983        0.7929
BFGS:  284 10:07:24     -184.164898        0.7314
BFGS:  285 10:07:33     -184.184699        0.7663
BFGS:  286 10:07:41     -184.200072        0.7130
BFGS:  287 10:07:49     -184.212786        0.5954
BFGS:  288 10:07:56     -184.229445        0.6034
BFGS:  289 10:08:04     -184.247089        0.5410
BFGS:  290 10:08:12     -184.261872        0.5141
BFGS:  291 10:08:20     -184.276669        0.4827
BFGS:  292 10:08:27     -184.294144        0.5094
BFGS:  293 10:08:35     -184.310552        0.5543
BFGS:  294 10:08:41     -184.327455        0.5391
BFGS:  295 10:08:49     -184.336838        0.5217
BFGS:  296 10:08:56     -184.349074        0.5249
BFGS:  297 10:09:04     -184.362160        0.4554
BFGS:  298 10:09:14     -184.370802        0.4122
BFGS:  299 10:09:22     -184.383011        0.4003
BFGS:  300 10:09:31     -184.404244        0.4254
BFGS:  301 10:09:38     -184.417956        0.3876
BFGS:  302 10:09:45     -184.433950        0.3829
BFGS:  303 10:09:52     -184.447030        0.4564
BFGS:  304 10:10:00     -184.459469        0.4679
BFGS:  305 10:10:08     -184.474659        0.4721
BFGS:  306 10:10:16     -184.486982        0.4247
BFGS:  307 10:10:23     -184.500997        0.3499
BFGS:  308 10:10:30     -184.509364        0.3690
BFGS:  309 10:10:38     -184.518106        0.3408
BFGS:  310 10:10:45     -184.526447        0.2763
BFGS:  311 10:10:52     -184.536240        0.3167
BFGS:  312 10:11:00     -184.540247        0.2721
BFGS:  313 10:11:07     -184.545446        0.3125
BFGS:  314 10:11:15     -184.551576        0.2492
BFGS:  315 10:11:21     -184.557449        0.2767
BFGS:  316 10:11:28     -184.562241        0.2006
BFGS:  317 10:11:36     -184.568852        0.2338
BFGS:  318 10:11:42     -184.572853        0.2592
BFGS:  319 10:11:49     -184.576404        0.2614
BFGS:  320 10:11:55     -184.578969        0.2601
BFGS:  321 10:12:02     -184.581494        0.2598
BFGS:  322 10:12:10     -184.584813        0.2114
BFGS:  323 10:12:17     -184.585784        0.2787
BFGS:  324 10:12:25     -184.587815        0.1831
BFGS:  325 10:12:32     -184.590011        0.1994
BFGS:  326 10:12:39     -184.591376        0.2290
BFGS:  327 10:12:46     -184.593354        0.2958
BFGS:  328 10:12:55     -184.595588        0.2564
BFGS:  329 10:13:02     -184.595426        0.1709
BFGS:  330 10:13:08     -184.597072        0.1394
BFGS:  331 10:13:15     -184.599250        0.2140
BFGS:  332 10:13:21     -184.600501        0.1589
BFGS:  333 10:13:31     -184.597575        0.2471
BFGS:  334 10:13:38     -184.601065        0.1242
BFGS:  335 10:13:44     -184.601553        0.2070
BFGS:  336 10:13:52     -184.602182        0.1810
BFGS:  337 10:13:58     -184.602277        0.1871
BFGS:  338 10:14:06     -184.602219        0.2251
BFGS:  339 10:14:14     -184.603576        0.1277
BFGS:  340 10:14:19     -184.605125        0.1519
BFGS:  341 10:14:27     -184.604754        0.2591
BFGS:  342 10:14:35     -184.606874        0.1615
BFGS:  343 10:14:45     -184.607442        0.4370
BFGS:  344 10:14:53     -184.600802        0.2529
BFGS:  345 10:15:01     -184.605976        0.1962
BFGS:  346 10:15:08     -184.607524        0.2169
BFGS:  347 10:15:14     -184.608756        0.2169
BFGS:  348 10:15:20     -184.608373        0.2447
BFGS:  349 10:15:28     -184.610103        0.2113
BFGS:  350 10:15:35     -184.607411        0.2209
BFGS:  351 10:15:43     -184.610772        0.1475
BFGS:  352 10:15:50     -184.609426        0.2377
BFGS:  353 10:15:58     -184.611619        0.2049
BFGS:  354 10:16:06     -184.608647        0.2171
BFGS:  355 10:16:12     -184.612221        0.1499
BFGS:  356 10:16:21     -184.611064        0.2491
BFGS:  357 10:16:28     -184.612678        0.2021
BFGS:  358 10:16:35     -184.610895        0.1439
BFGS:  359 10:16:42     -184.612889        0.1518
BFGS:  360 10:16:51     -184.613321        0.2511
BFGS:  361 10:16:58     -184.612968        0.2386
BFGS:  362 10:17:05     -184.608880        0.3088
BFGS:  363 10:17:12     -184.613776        0.1354
BFGS:  364 10:17:19     -184.613482        0.2015
BFGS:  365 10:17:26     -184.614286        0.1791
BFGS:  366 10:17:34     -184.613519        0.1352
BFGS:  367 10:17:38     -184.613735        0.1338
BFGS:  368 10:17:43     -184.613867        0.1483
BFGS:  369 10:17:49     -184.612695        0.3449
BFGS:  370 10:17:54     -184.613130        0.1891
BFGS:  371 10:18:01     -184.613958        0.1500
BFGS:  372 10:18:08     -184.614159        0.1530
BFGS:  373 10:18:13     -184.613821        0.1578
BFGS:  374 10:18:19     -184.613638        0.1555
BFGS:  375 10:18:27     -184.613766        0.1587
BFGS:  376 10:18:32     -184.613899        0.1622
BFGS:  377 10:18:40     -184.614237        0.1703
BFGS:  378 10:18:44     -184.614460        0.1716
BFGS:  379 10:18:51     -184.614041        0.1816
BFGS:  380 10:18:57     -184.614780        0.1725
BFGS:  381 10:19:03     -184.614735        0.2996
BFGS:  382 10:19:10     -184.615624        0.1670
BFGS:  383 10:19:17     -184.614537        0.1673
BFGS:  384 10:19:23     -184.615780        0.1599
BFGS:  385 10:19:30     -184.614435        0.1396
BFGS:  386 10:19:37     -184.615313        0.2124
BFGS:  387 10:19:44     -184.614041        0.1840
BFGS:  388 10:19:50     -184.615375        0.1768
BFGS:  389 10:19:58     -184.613516        0.1892
BFGS:  390 10:20:05     -184.615535        0.2448
BFGS:  391 10:20:10     -184.616125        0.1682
BFGS:  392 10:20:17     -184.616063        0.2701
BFGS:  393 10:20:22     -184.617952        0.5844
BFGS:  394 10:20:29     -184.616968        0.1542
BFGS:  395 10:20:35     -184.616789        0.1549
BFGS:  396 10:20:41     -184.617783        0.2434
BFGS:  397 10:20:48     -184.617500        0.1795
BFGS:  398 10:20:53     -184.618206        0.1957
BFGS:  399 10:20:58     -184.618012        0.2025
BFGS:  400 10:21:04     -184.618059        0.5915
BFGS:  401 10:21:11     -184.619013        0.1704
BFGS:  402 10:21:15     -184.619519        0.2093
BFGS:  403 10:21:22     -184.618916        0.2063
BFGS:  404 10:21:28     -184.619086        0.1902
BFGS:  405 10:21:35     -184.618476        0.2299
BFGS:  406 10:21:43     -184.619657        0.1557
BFGS:  407 10:21:48     -184.619760        0.1633
BFGS:  408 10:21:54     -184.619571        0.1679
BFGS:  409 10:21:59     -184.619486        0.1527
BFGS:  410 10:22:05     -184.619719        0.1560
BFGS:  411 10:22:10     -184.619624        0.1775
BFGS:  412 10:22:16     -184.619575        0.1711
BFGS:  413 10:22:21     -184.619591        0.1578
BFGS:  414 10:22:26     -184.619587        0.1634
BFGS:  415 10:22:31     -184.619911        0.2358
BFGS:  416 10:22:37     -184.619703        0.1685
BFGS:  417 10:22:45     -184.619710        0.1660
BFGS:  418 10:22:48     -184.619785        0.1692
BFGS:  419 10:22:54     -184.619867        0.1684
BFGS:  420 10:22:59     -184.619535        0.1718
BFGS:  421 10:23:05     -184.618557        0.3215
BFGS:  422 10:23:11     -184.619420        0.2052
BFGS:  423 10:23:18     -184.619892        0.1678
BFGS:  424 10:23:23     -184.619951        0.1783
BFGS:  425 10:23:30     -184.617470        0.3358
BFGS:  426 10:23:40     -184.615941        0.4969
BFGS:  427 10:23:46     -184.619961        0.2147
BFGS:  428 10:23:51     -184.621014        0.2068
BFGS:  429 10:23:58     -184.621422        0.1648
BFGS:  430 10:24:04     -184.622002        0.1401
BFGS:  431 10:24:11     -184.622314        0.1293
BFGS:  432 10:24:16     -184.622965        0.1937
BFGS:  433 10:24:24     -184.622816        0.1601
BFGS:  434 10:24:28     -184.623211        0.1548
BFGS:  435 10:24:34     -184.624499        0.1217
BFGS:  436 10:24:41     -184.624880        0.1302
BFGS:  437 10:24:48     -184.624576        0.1878
BFGS:  438 10:24:54     -184.626060        0.0890
