      Step     Time          Energy         fmax
BFGS:    0 20:46:43     -764.206955       96.6120
BFGS:    1 20:46:43     -780.176158       82.3067
BFGS:    2 20:46:43     -800.107411       63.4409
BFGS:    3 20:46:43     -816.783239       59.4536
BFGS:    4 20:46:43     -826.930406       58.8541
BFGS:    5 20:46:43     -835.633658       62.4585
BFGS:    6 20:46:43     -842.855801       57.1838
BFGS:    7 20:46:43     -849.240027       56.7336
BFGS:    8 20:46:43     -855.975226       67.8659
BFGS:    9 20:46:43     -862.828320       79.9922
BFGS:   10 20:46:43     -869.446262       88.9586
BFGS:   11 20:46:43     -876.260727       93.6465
BFGS:   12 20:46:43     -882.636845       95.3234
BFGS:   13 20:46:44     -888.073435       95.7607
BFGS:   14 20:46:44     -893.205406       94.8845
BFGS:   15 20:46:44     -898.161795       93.7084
BFGS:   16 20:46:44     -902.903327       91.9226
BFGS:   17 20:46:44     -907.690062       89.3601
BFGS:   18 20:46:44     -913.181426       84.7710
BFGS:   19 20:46:44     -919.293907       79.8627
BFGS:   20 20:46:44     -925.283192       73.1436
BFGS:   21 20:46:44     -930.851488       69.0449
BFGS:   22 20:46:44     -935.489101       62.7055
BFGS:   23 20:46:44     -939.590965       58.5493
BFGS:   24 20:46:44     -943.634571       58.2984
BFGS:   25 20:46:44     -947.852730       61.8184
BFGS:   26 20:46:44     -952.159325       65.8114
BFGS:   27 20:46:44     -956.433117       69.3019
BFGS:   28 20:46:44     -960.602439       72.0715
BFGS:   29 20:46:44     -964.195530       70.5462
BFGS:   30 20:46:44     -967.837611       72.3714
BFGS:   31 20:46:44     -971.268789       69.7919
BFGS:   32 20:46:44     -975.026325       66.7913
BFGS:   33 20:46:44     -978.802164       63.1941
BFGS:   34 20:46:44     -982.580406       58.4678
BFGS:   35 20:46:44     -986.378180       54.0122
BFGS:   36 20:46:44     -990.145193       53.9314
BFGS:   37 20:46:45     -993.896721       53.1218
BFGS:   38 20:46:45     -997.523433       51.4760
BFGS:   39 20:46:45    -1001.264925       49.0486
BFGS:   40 20:46:45    -1004.991249       47.3155
BFGS:   41 20:46:45    -1008.653381       45.6353
BFGS:   42 20:46:45    -1011.782775       43.2559
BFGS:   43 20:46:45    -1014.841137       41.4770
BFGS:   44 20:46:45    -1017.602496       38.4453
BFGS:   45 20:46:45    -1020.114359       36.2383
BFGS:   46 20:46:45    -1022.765211       31.8869
BFGS:   47 20:46:45    -1025.120781       30.0169
BFGS:   48 20:46:45    -1027.425842       27.3733
BFGS:   49 20:46:45    -1029.583843       24.7905
BFGS:   50 20:46:45    -1031.682221       22.8640
BFGS:   51 20:46:45    -1033.716903       20.4820
BFGS:   52 20:46:45    -1035.722203       19.1459
BFGS:   53 20:46:45    -1037.464871       19.9566
BFGS:   54 20:46:45    -1038.986170       21.2055
BFGS:   55 20:46:45    -1040.459424       21.4526
BFGS:   56 20:46:45    -1041.871603       22.5003
BFGS:   57 20:46:45    -1043.407557       22.2823
BFGS:   58 20:46:45    -1044.964226       21.7698
BFGS:   59 20:46:45    -1046.396783       20.8012
BFGS:   60 20:46:45    -1047.779922       21.1016
BFGS:   61 20:46:45    -1049.320738       17.5908
BFGS:   62 20:46:45    -1050.789658       17.2024
BFGS:   63 20:46:46    -1052.248639       17.5368
BFGS:   64 20:46:46    -1053.753367       16.9631
BFGS:   65 20:46:46    -1055.219537       15.9684
BFGS:   66 20:46:46    -1056.654196       14.4301
BFGS:   67 20:46:46    -1057.930231       13.0754
BFGS:   68 20:46:46    -1059.006717       12.0206
BFGS:   69 20:46:46    -1060.043244       13.4320
BFGS:   70 20:46:46    -1061.036012       15.5983
BFGS:   71 20:46:46    -1062.107626       17.3778
BFGS:   72 20:46:46    -1063.112678       17.2966
BFGS:   73 20:46:46    -1063.985101       15.8913
BFGS:   74 20:46:46    -1064.771305       14.0915
BFGS:   75 20:46:46    -1065.503901       12.4453
BFGS:   76 20:46:46    -1066.208250       13.3966
BFGS:   77 20:46:46    -1066.907906       13.9981
BFGS:   78 20:46:46    -1067.636102       14.5983
BFGS:   79 20:46:46    -1068.348950       15.1383
BFGS:   80 20:46:46    -1069.099587       15.6026
BFGS:   81 20:46:46    -1069.881687       15.8554
BFGS:   82 20:46:46    -1070.713953       16.0462
BFGS:   83 20:46:46    -1071.432716       16.3115
BFGS:   84 20:46:46    -1072.138353       15.9270
BFGS:   85 20:46:46    -1072.815055       15.5211
BFGS:   86 20:46:46    -1073.475212       14.7627
BFGS:   87 20:46:46    -1074.113850       13.8171
BFGS:   88 20:46:46    -1074.740080       12.3841
BFGS:   89 20:46:46    -1075.340467       10.6895
BFGS:   90 20:46:46    -1075.916317        8.9012
BFGS:   91 20:46:46    -1076.462209        9.8319
BFGS:   92 20:46:47    -1076.977156       10.5523
BFGS:   93 20:46:47    -1077.468739       10.8422
BFGS:   94 20:46:47    -1077.937610       10.9114
BFGS:   95 20:46:47    -1078.394567       10.6663
BFGS:   96 20:46:47    -1078.865979       10.1649
BFGS:   97 20:46:47    -1079.349838        9.3550
BFGS:   98 20:46:47    -1079.796619        9.4092
BFGS:   99 20:46:47    -1080.226848        9.4353
BFGS:  100 20:46:47    -1080.652736        9.3714
BFGS:  101 20:46:47    -1081.091498        9.1112
BFGS:  102 20:46:47    -1081.535063        8.7729
BFGS:  103 20:46:47    -1081.977802        8.2124
BFGS:  104 20:46:47    -1082.413970        7.5185
BFGS:  105 20:46:47    -1082.874937        8.0605
BFGS:  106 20:46:47    -1083.349402        8.2870
BFGS:  107 20:46:47    -1083.831057        8.0425
BFGS:  108 20:46:47    -1084.310602        9.9325
BFGS:  109 20:46:47    -1084.766781       11.7445
BFGS:  110 20:46:47    -1085.192950       12.5679
BFGS:  111 20:46:47    -1085.640748       12.2145
BFGS:  112 20:46:47    -1086.180646       10.7213
BFGS:  113 20:46:47    -1086.782813        9.6917
BFGS:  114 20:46:47    -1087.477649       10.2861
BFGS:  115 20:46:47    -1088.174531       11.1834
BFGS:  116 20:46:47    -1088.846893       11.1079
BFGS:  117 20:46:47    -1089.555570        9.5384
BFGS:  118 20:46:47    -1090.404412        6.8922
BFGS:  119 20:46:47    -1091.134431        6.3063
BFGS:  120 20:46:47    -1091.606593        5.6668
BFGS:  121 20:46:47    -1091.944417        5.4058
BFGS:  122 20:46:47    -1092.217082        5.5670
BFGS:  123 20:46:47    -1092.449131        4.8983
BFGS:  124 20:46:47    -1092.651622        5.0239
BFGS:  125 20:46:48    -1092.761878        5.2535
BFGS:  126 20:46:48    -1092.968440        5.2637
BFGS:  127 20:46:48    -1093.160165        5.6372
BFGS:  128 20:46:48    -1093.337834        5.4434
BFGS:  129 20:46:48    -1093.505202        5.4313
BFGS:  130 20:46:48    -1093.615125        5.7496
BFGS:  131 20:46:48    -1093.707787        5.0910
BFGS:  132 20:46:48    -1093.792529        4.6666
BFGS:  133 20:46:48    -1093.907304        4.0468
BFGS:  134 20:46:48    -1094.037036        4.0055
BFGS:  135 20:46:48    -1094.258489        5.4570
BFGS:  136 20:46:48    -1094.467602        6.5959
BFGS:  137 20:46:48    -1094.669512        7.5998
BFGS:  138 20:46:48    -1094.866536        8.3132
BFGS:  139 20:46:48    -1095.077842        8.2978
BFGS:  140 20:46:48    -1095.383946        8.6779
BFGS:  141 20:46:48    -1095.727606        9.0447
BFGS:  142 20:46:48    -1096.326199       10.5222
BFGS:  143 20:46:48    -1096.753660        8.5253
BFGS:  144 20:46:48    -1097.138802        7.1784
BFGS:  145 20:46:48    -1097.611279        5.8558
BFGS:  146 20:46:48    -1097.980473        5.8642
BFGS:  147 20:46:48    -1098.356137        6.2696
BFGS:  148 20:46:48    -1098.637909        6.7049
BFGS:  149 20:46:48    -1098.917018        6.3977
BFGS:  150 20:46:48    -1099.192041        6.6290
BFGS:  151 20:46:48    -1099.435091        6.2797
BFGS:  152 20:46:48    -1099.658772        5.8109
BFGS:  153 20:46:48    -1099.927278        5.5153
BFGS:  154 20:46:48    -1100.130679        5.9424
BFGS:  155 20:46:48    -1100.296192        4.8984
BFGS:  156 20:46:48    -1100.431512        5.5443
BFGS:  157 20:46:48    -1100.583375        5.4042
BFGS:  158 20:46:48    -1100.770759        5.6877
BFGS:  159 20:46:48    -1100.886885        5.5367
BFGS:  160 20:46:49    -1101.059814        4.8830
BFGS:  161 20:46:49    -1101.201864        4.6448
BFGS:  162 20:46:49    -1101.340572        4.9479
BFGS:  163 20:46:49    -1101.458023        4.5686
BFGS:  164 20:46:49    -1101.538429        3.8258
BFGS:  165 20:46:49    -1101.587146        3.7855
BFGS:  166 20:46:49    -1101.645503        3.9723
BFGS:  167 20:46:49    -1101.743157        3.8608
BFGS:  168 20:46:49    -1101.898274        4.2642
BFGS:  169 20:46:49    -1102.053953        4.5663
BFGS:  170 20:46:49    -1102.177282        5.4722
BFGS:  171 20:46:49    -1102.276640        7.3083
BFGS:  172 20:46:49    -1102.400830        6.4404
BFGS:  173 20:46:49    -1102.595544        4.7450
BFGS:  174 20:46:49    -1102.765529        4.9273
BFGS:  175 20:46:49    -1102.959331        4.8259
BFGS:  176 20:46:49    -1103.085613        4.5092
BFGS:  177 20:46:49    -1103.174439        3.1094
BFGS:  178 20:46:49    -1103.253132        2.7082
BFGS:  179 20:46:49    -1103.326778        2.5950
BFGS:  180 20:46:49    -1103.392753        2.7284
BFGS:  181 20:46:49    -1103.447017        2.9307
BFGS:  182 20:46:49    -1103.513921        3.0290
BFGS:  183 20:46:49    -1103.594077        2.4354
BFGS:  184 20:46:49    -1103.663228        2.8393
BFGS:  185 20:46:49    -1103.733526        3.1895
BFGS:  186 20:46:49    -1103.808266        3.7993
BFGS:  187 20:46:49    -1103.889954        4.4876
BFGS:  188 20:46:49    -1103.981823        5.0650
BFGS:  189 20:46:49    -1104.098570        5.7117
BFGS:  190 20:46:49    -1104.258851        6.1558
BFGS:  191 20:46:49    -1104.450316        6.3976
BFGS:  192 20:46:49    -1104.662833        6.6007
BFGS:  193 20:46:49    -1104.868683        7.3216
BFGS:  194 20:46:49    -1105.121605        8.6630
BFGS:  195 20:46:50    -1105.287151        9.6035
BFGS:  196 20:46:50    -1105.512541        9.5215
BFGS:  197 20:46:50    -1105.781353        8.9760
BFGS:  198 20:46:50    -1106.097327        9.2745
BFGS:  199 20:46:50    -1106.439703        9.2276
BFGS:  200 20:46:50    -1106.802585        9.2347
BFGS:  201 20:46:50    -1107.173017        9.4271
BFGS:  202 20:46:50    -1107.753754       10.4084
BFGS:  203 20:46:50    -1108.251544        9.7609
BFGS:  204 20:46:50    -1108.866379        7.5581
BFGS:  205 20:46:50    -1109.428889        7.6064
BFGS:  206 20:46:50    -1110.035969        6.1908
BFGS:  207 20:46:50    -1110.478077        4.7211
BFGS:  208 20:46:50    -1110.651721        4.3685
BFGS:  209 20:46:50    -1110.703736        3.6987
BFGS:  210 20:46:50    -1110.757654        2.8284
BFGS:  211 20:46:50    -1110.796597        3.2636
BFGS:  212 20:46:50    -1110.852642        2.6579
BFGS:  213 20:46:50    -1110.902872        2.6662
BFGS:  214 20:46:50    -1110.939607        1.8906
BFGS:  215 20:46:50    -1110.956500        1.8176
BFGS:  216 20:46:50    -1110.975531        1.9743
BFGS:  217 20:46:50    -1110.994370        1.9190
BFGS:  218 20:46:50    -1111.023226        1.7698
BFGS:  219 20:46:50    -1111.058086        2.0711
BFGS:  220 20:46:50    -1111.101429        2.8712
BFGS:  221 20:46:50    -1111.171078        3.6322
BFGS:  222 20:46:50    -1111.230831        4.6695
BFGS:  223 20:46:50    -1111.294309        5.3886
BFGS:  224 20:46:50    -1111.426066        4.8255
BFGS:  225 20:46:50    -1111.571545        4.5030
BFGS:  226 20:46:50    -1111.747634        5.0924
BFGS:  227 20:46:50    -1111.898983        6.0844
BFGS:  228 20:46:50    -1112.013727        6.0553
BFGS:  229 20:46:50    -1112.090456        5.3416
BFGS:  230 20:46:51    -1112.088249        4.6393
BFGS:  231 20:46:51    -1112.249540        3.8233
BFGS:  232 20:46:51    -1112.294113        4.0382
BFGS:  233 20:46:51    -1112.337475        3.8534
BFGS:  234 20:46:51    -1112.450953        4.1913
BFGS:  235 20:46:51    -1112.509314        6.2629
BFGS:  236 20:46:51    -1112.671512        6.6109
BFGS:  237 20:46:51    -1112.951488        8.0907
BFGS:  238 20:46:51    -1113.162046        9.4098
BFGS:  239 20:46:51    -1113.564628        7.0958
BFGS:  240 20:46:51    -1114.019456        6.6710
BFGS:  241 20:46:51    -1114.378506        6.5060
BFGS:  242 20:46:51    -1114.756122        7.2319
BFGS:  243 20:46:51    -1115.154504        7.3002
BFGS:  244 20:46:51    -1115.614262        6.6909
BFGS:  245 20:46:51    -1116.388193        6.9899
BFGS:  246 20:46:51    -1117.075281        8.4852
BFGS:  247 20:46:51    -1117.646712       10.2414
BFGS:  248 20:46:51    -1118.168374       11.9038
BFGS:  249 20:46:51    -1118.683779       12.6711
BFGS:  250 20:46:51    -1119.214159       14.0432
BFGS:  251 20:46:51    -1119.728443       13.6218
BFGS:  252 20:46:51    -1120.275224       14.7555
BFGS:  253 20:46:51    -1120.827225       14.7308
BFGS:  254 20:46:51    -1121.431832       15.8724
BFGS:  255 20:46:51    -1122.023997       17.8999
BFGS:  256 20:46:51    -1122.597985       19.5023
BFGS:  257 20:46:51    -1123.162707       20.4372
BFGS:  258 20:46:51    -1123.715394       21.9419
BFGS:  259 20:46:51    -1124.260763       24.7356
BFGS:  260 20:46:51    -1124.785442       26.6900
BFGS:  261 20:46:51    -1125.338578       26.9753
BFGS:  262 20:46:51    -1125.832319       26.3023
BFGS:  263 20:46:51    -1126.458093       23.6394
BFGS:  264 20:46:51    -1126.949196       21.6679
BFGS:  265 20:46:51    -1127.419753       20.4999
BFGS:  266 20:46:52    -1127.794875       19.7211
BFGS:  267 20:46:52    -1128.172234       19.9042
BFGS:  268 20:46:52    -1128.518189       19.4554
BFGS:  269 20:46:52    -1128.932438       19.4751
BFGS:  270 20:46:52    -1129.325592       18.2449
BFGS:  271 20:46:52    -1129.779080       17.7554
BFGS:  272 20:46:52    -1130.226682       16.4987
BFGS:  273 20:46:52    -1130.814087       16.2128
BFGS:  274 20:46:52    -1131.539643       15.8442
BFGS:  275 20:46:52    -1132.206553       17.4995
BFGS:  276 20:46:52    -1132.839012       17.2479
BFGS:  277 20:46:52    -1133.453147       16.3297
BFGS:  278 20:46:52    -1134.040033       15.9317
BFGS:  279 20:46:52    -1134.562860       14.7568
BFGS:  280 20:46:52    -1135.163499       13.0199
BFGS:  281 20:46:52    -1135.645822       10.8631
BFGS:  282 20:46:52    -1135.840349       10.2439
BFGS:  283 20:46:52    -1136.338287        8.8120
BFGS:  284 20:46:52    -1136.586384        9.1216
BFGS:  285 20:46:52    -1136.846091        9.3595
BFGS:  286 20:46:52    -1137.010983        9.5618
BFGS:  287 20:46:52    -1137.162977        9.6099
BFGS:  288 20:46:52    -1137.370738        9.6822
BFGS:  289 20:46:52    -1137.642880        9.3657
BFGS:  290 20:46:52    -1138.078214       10.3139
BFGS:  291 20:46:52    -1138.565622       11.9118
BFGS:  292 20:46:52    -1138.847173       14.2479
BFGS:  293 20:46:52    -1140.104569       13.3488
BFGS:  294 20:46:52    -1141.098683       12.0120
BFGS:  295 20:46:52    -1141.907435        9.0658
BFGS:  296 20:46:52    -1142.716777        8.2833
BFGS:  297 20:46:52    -1143.284641       10.9200
BFGS:  298 20:46:52    -1143.522891       12.4436
BFGS:  299 20:46:52    -1143.774301       11.4662
BFGS:  300 20:46:52    -1143.961530       10.0409
BFGS:  301 20:46:52    -1144.206972        6.8952
BFGS:  302 20:46:52    -1144.408546        5.0848
BFGS:  303 20:46:53    -1144.531556        4.7132
BFGS:  304 20:46:53    -1144.654933        4.1435
BFGS:  305 20:46:53    -1144.771932        3.1545
BFGS:  306 20:46:53    -1144.847822        3.5466
BFGS:  307 20:46:53    -1144.886401        2.8963
BFGS:  308 20:46:53    -1144.907370        3.1460
BFGS:  309 20:46:53    -1144.924155        3.2523
BFGS:  310 20:46:53    -1144.949216        3.1113
BFGS:  311 20:46:53    -1144.978846        3.1752
BFGS:  312 20:46:53    -1145.006488        3.2507
BFGS:  313 20:46:53    -1145.039566        3.4939
BFGS:  314 20:46:53    -1145.077662        3.5706
BFGS:  315 20:46:53    -1145.106907        3.4878
BFGS:  316 20:46:53    -1145.120888        3.3039
BFGS:  317 20:46:53    -1145.130983        3.1480
BFGS:  318 20:46:53    -1145.144227        2.8412
BFGS:  319 20:46:53    -1145.164746        2.7046
BFGS:  320 20:46:53    -1145.190294        2.5961
BFGS:  321 20:46:53    -1145.217951        2.1870
BFGS:  322 20:46:53    -1145.243831        2.2192
BFGS:  323 20:46:53    -1145.268304        2.0760
BFGS:  324 20:46:53    -1145.291831        2.0268
BFGS:  325 20:46:53    -1145.316886        2.2054
BFGS:  326 20:46:53    -1145.387612        3.4900
BFGS:  327 20:46:53    -1145.391790        6.8010
BFGS:  328 20:46:53    -1145.436374        5.6466
BFGS:  329 20:46:53    -1145.463048        5.8482
BFGS:  330 20:46:53    -1145.538791        8.4255
BFGS:  331 20:46:53    -1145.624890       10.4550
BFGS:  332 20:46:53    -1145.732747       11.9629
BFGS:  333 20:46:53    -1145.883984       12.5166
BFGS:  334 20:46:53    -1146.138090       11.7443
BFGS:  335 20:46:53    -1146.518269       10.2408
BFGS:  336 20:46:53    -1146.997309       10.7569
BFGS:  337 20:46:53    -1147.503593       11.2200
BFGS:  338 20:46:53    -1148.125294       11.7620
BFGS:  339 20:46:53    -1148.666383       12.2586
BFGS:  340 20:46:53    -1148.981055       11.1470
BFGS:  341 20:46:54    -1149.278995       11.9884
BFGS:  342 20:46:54    -1149.514534       12.4163
BFGS:  343 20:46:54    -1149.848700       10.0398
BFGS:  344 20:46:54    -1150.003753       10.7846
BFGS:  345 20:46:54    -1150.102584       12.0783
BFGS:  346 20:46:54    -1150.281956       11.0442
BFGS:  347 20:46:54    -1150.481469        8.2249
BFGS:  348 20:46:54    -1150.620004        6.7264
BFGS:  349 20:46:54    -1150.752082        6.1660
BFGS:  350 20:46:54    -1150.866955        6.3726
BFGS:  351 20:46:54    -1151.000079        7.5090
BFGS:  352 20:46:54    -1151.104112        7.9083
BFGS:  353 20:46:54    -1151.216718        8.2107
BFGS:  354 20:46:54    -1151.339830        7.2957
BFGS:  355 20:46:54    -1151.461589        6.7213
BFGS:  356 20:46:54    -1151.584164        6.7365
BFGS:  357 20:46:54    -1151.680252        6.1317
BFGS:  358 20:46:54    -1151.754814        6.3774
BFGS:  359 20:46:54    -1151.764142        7.2548
BFGS:  360 20:46:54    -1151.849594        7.5624
BFGS:  361 20:46:54    -1151.899757        7.1545
BFGS:  362 20:46:54    -1151.981194        6.9296
BFGS:  363 20:46:54    -1152.115622        6.2196
BFGS:  364 20:46:54    -1152.201147        5.6143
BFGS:  365 20:46:54    -1152.287669        4.6066
BFGS:  366 20:46:54    -1152.330541        4.3472
BFGS:  367 20:46:54    -1152.360409        4.1958
BFGS:  368 20:46:54    -1152.388237        3.9364
BFGS:  369 20:46:54    -1152.424914        3.7369
BFGS:  370 20:46:54    -1152.472009        3.7027
BFGS:  371 20:46:54    -1152.540677        3.6135
BFGS:  372 20:46:54    -1152.601700        3.4170
BFGS:  373 20:46:54    -1152.644085        3.2415
BFGS:  374 20:46:54    -1152.674527        3.3290
BFGS:  375 20:46:54    -1152.703796        3.1585
BFGS:  376 20:46:54    -1152.745181        2.8451
BFGS:  377 20:46:54    -1152.777943        2.8089
BFGS:  378 20:46:54    -1152.798691        2.3862
BFGS:  379 20:46:55    -1152.807122        2.0386
BFGS:  380 20:46:55    -1152.809555        2.0163
BFGS:  381 20:46:55    -1152.811166        2.0647
BFGS:  382 20:46:55    -1152.812089        2.0472
BFGS:  383 20:46:55    -1152.812765        2.0531
BFGS:  384 20:46:55    -1152.813279        2.0504
BFGS:  385 20:46:55    -1152.813511        2.0480
BFGS:  386 20:46:55    -1152.813751        2.0436
BFGS:  387 20:46:55    -1152.813835        2.0364
BFGS:  388 20:46:55    -1152.813901        2.0416
BFGS:  389 20:46:55    -1152.813956        2.0449
BFGS:  390 20:46:55    -1152.813976        2.0445
BFGS:  391 20:46:55    -1152.813972        2.0428
BFGS:  392 20:46:55    -1152.814002        2.0424
BFGS:  393 20:46:55    -1152.813937        2.0388
