      Step     Time          Energy         fmax
BFGS:    0 14:24:32     -690.650189      128.9056
BFGS:    1 14:24:33     -719.847316      121.6569
BFGS:    2 14:24:33     -739.058936      111.5939
BFGS:    3 14:24:34     -753.441205      103.4710
BFGS:    4 14:24:34     -761.723753       91.0858
BFGS:    5 14:24:35     -769.564257       85.1573
BFGS:    6 14:24:35     -777.145228       75.3336
BFGS:    7 14:24:35     -781.515891       69.9597
BFGS:    8 14:24:36     -785.916270       64.5194
BFGS:    9 14:24:36     -790.712328       56.9107
BFGS:   10 14:24:37     -794.979401       51.9135
BFGS:   11 14:24:37     -798.699156       48.9707
BFGS:   12 14:24:37     -802.045506       45.2668
BFGS:   13 14:24:38     -805.109963       42.7394
BFGS:   14 14:24:38     -807.990985       39.1355
BFGS:   15 14:24:39     -811.094404       35.8920
BFGS:   16 14:24:39     -813.652922       31.6320
BFGS:   17 14:24:40     -815.526788       27.9109
BFGS:   18 14:24:40     -817.406675       24.9029
BFGS:   19 14:24:41     -819.062950       21.9320
BFGS:   20 14:24:41     -820.558469       20.0153
BFGS:   21 14:24:42     -821.978662       18.5166
BFGS:   22 14:24:42     -823.405469       17.1798
BFGS:   23 14:24:42     -824.937512       18.5609
BFGS:   24 14:24:43     -826.517281       20.7469
BFGS:   25 14:24:43     -828.147441       21.8783
BFGS:   26 14:24:44     -829.692755       21.7747
BFGS:   27 14:24:44     -831.187822       20.0301
BFGS:   28 14:24:45     -832.589376       17.4098
BFGS:   29 14:24:45     -833.811219       14.8755
BFGS:   30 14:24:46     -834.902003       13.8249
BFGS:   31 14:24:46     -836.005334       13.2762
BFGS:   32 14:24:47     -837.140285       13.8263
BFGS:   33 14:24:47     -838.296516       17.0259
BFGS:   34 14:24:47     -839.409621       19.6151
BFGS:   35 14:24:48     -840.534556       21.4462
BFGS:   36 14:24:48     -841.557209       24.6860
BFGS:   37 14:24:49     -842.631725       25.3747
BFGS:   38 14:24:49     -843.716236       26.5528
BFGS:   39 14:24:50     -844.788542       28.1868
BFGS:   40 14:24:50     -845.818699       31.6322
BFGS:   41 14:24:50     -846.811643       32.2482
BFGS:   42 14:24:51     -847.788030       31.3965
BFGS:   43 14:24:51     -848.737231       26.9330
BFGS:   44 14:24:52     -849.603164       25.6241
BFGS:   45 14:24:52     -850.539225       20.0694
BFGS:   46 14:24:53     -851.410671       17.0688
BFGS:   47 14:24:53     -852.355860       14.1971
BFGS:   48 14:24:53     -853.305424       13.0851
BFGS:   49 14:24:54     -854.235591       13.3683
BFGS:   50 14:24:54     -855.142399       15.4116
BFGS:   51 14:24:55     -855.917278       16.8402
BFGS:   52 14:24:55     -856.648424       18.7814
BFGS:   53 14:24:55     -857.284347       19.1653
BFGS:   54 14:24:56     -857.914621       19.7209
BFGS:   55 14:24:56     -858.540280       19.4719
BFGS:   56 14:24:57     -859.181859       18.6841
BFGS:   57 14:24:57     -859.868040       17.6910
BFGS:   58 14:24:57     -860.553895       15.9701
BFGS:   59 14:24:58     -861.254964       15.1447
BFGS:   60 14:24:58     -861.930089       14.3374
BFGS:   61 14:24:59     -862.565237       12.9618
BFGS:   62 14:24:59     -863.167494       11.9046
BFGS:   63 14:24:59     -863.720480       10.4387
BFGS:   64 14:25:00     -864.249029       10.0835
BFGS:   65 14:25:00     -864.743720        9.9689
BFGS:   66 14:25:01     -865.220965        9.7477
BFGS:   67 14:25:01     -865.672435        9.5367
BFGS:   68 14:25:01     -866.117683        9.3112
BFGS:   69 14:25:02     -866.556778        9.2804
BFGS:   70 14:25:02     -866.997746       10.1348
BFGS:   71 14:25:03     -867.458560       11.8057
BFGS:   72 14:25:03     -867.849257       13.5620
BFGS:   73 14:25:03     -868.180811       14.7933
BFGS:   74 14:25:04     -868.603366       12.5761
BFGS:   75 14:25:04     -869.081539       11.3758
BFGS:   76 14:25:05     -869.435716       11.0390
BFGS:   77 14:25:05     -869.752853       10.6840
BFGS:   78 14:25:05     -870.085270       10.4580
BFGS:   79 14:25:06     -870.431028       10.4068
BFGS:   80 14:25:06     -870.765757       10.2062
BFGS:   81 14:25:07     -871.101531       10.0416
BFGS:   82 14:25:07     -871.445656        9.6952
BFGS:   83 14:25:07     -871.807154       10.9869
BFGS:   84 14:25:08     -872.176203       12.7618
BFGS:   85 14:25:08     -872.554990       13.6007
BFGS:   86 14:25:09     -872.888115       15.4102
BFGS:   87 14:25:09     -873.211743       16.5449
BFGS:   88 14:25:09     -873.510817       17.1249
BFGS:   89 14:25:10     -873.822620       17.3312
BFGS:   90 14:25:10     -874.122890       17.2076
BFGS:   91 14:25:11     -874.438947       16.9072
BFGS:   92 14:25:11     -874.750582       16.5509
BFGS:   93 14:25:11     -875.069230       16.0139
BFGS:   94 14:25:12     -875.389704       15.6121
BFGS:   95 14:25:12     -875.713947       14.9910
BFGS:   96 14:25:12     -876.043395       14.5264
BFGS:   97 14:25:13     -876.378311       13.9783
BFGS:   98 14:25:13     -876.712032       13.4763
BFGS:   99 14:25:14     -877.042697       12.9826
BFGS:  100 14:25:14     -877.381314       12.3855
BFGS:  101 14:25:14     -877.709300       11.6596
BFGS:  102 14:25:15     -878.041192       10.8522
BFGS:  103 14:25:15     -878.353738       10.2419
BFGS:  104 14:25:16     -878.658091        9.5120
BFGS:  105 14:25:16     -878.934312        9.2708
BFGS:  106 14:25:16     -879.188803        8.4257
BFGS:  107 14:25:17     -879.411898        8.0184
BFGS:  108 14:25:17     -879.606661        7.2885
BFGS:  109 14:25:17     -879.783579        7.1982
BFGS:  110 14:25:18     -879.942778        7.2808
BFGS:  111 14:25:18     -880.091052        7.2157
BFGS:  112 14:25:19     -880.228862        7.0958
BFGS:  113 14:25:19     -880.361185        6.7590
BFGS:  114 14:25:19     -880.486487        6.3045
BFGS:  115 14:25:20     -880.610527        5.8131
BFGS:  116 14:25:20     -880.731951        5.3912
BFGS:  117 14:25:20     -880.858471        4.9003
BFGS:  118 14:25:21     -880.986304        5.2832
BFGS:  119 14:25:21     -881.118020        5.6003
BFGS:  120 14:25:22     -881.251639        5.8744
BFGS:  121 14:25:22     -881.386179        6.1229
BFGS:  122 14:25:22     -881.525601        6.3414
BFGS:  123 14:25:23     -881.658649        6.5841
BFGS:  124 14:25:23     -881.798827        7.2004
BFGS:  125 14:25:23     -881.946928        7.5803
BFGS:  126 14:25:24     -882.114847        7.6032
BFGS:  127 14:25:24     -882.315274        6.8096
BFGS:  128 14:25:24     -882.520803        7.8223
BFGS:  129 14:25:25     -882.738452        9.6820
BFGS:  130 14:25:25     -882.983697       11.3883
BFGS:  131 14:25:26     -883.232205       12.4386
BFGS:  132 14:25:26     -883.528211       13.3110
BFGS:  133 14:25:26     -883.828256       13.1206
BFGS:  134 14:25:27     -884.176975       12.1117
BFGS:  135 14:25:27     -884.563871       17.6183
BFGS:  136 14:25:27     -885.017163       22.5735
BFGS:  137 14:25:28     -885.419957       25.8009
BFGS:  138 14:25:28     -885.975578       25.5166
BFGS:  139 14:25:28     -886.787993       23.1368
BFGS:  140 14:25:29     -887.514151       20.6954
BFGS:  141 14:25:29     -888.234304       18.5241
BFGS:  142 14:25:30     -888.940476       16.1022
BFGS:  143 14:25:30     -889.815466       13.9051
BFGS:  144 14:25:30     -890.455392       12.9104
BFGS:  145 14:25:31     -891.124849       11.5924
BFGS:  146 14:25:31     -891.689478        9.9139
BFGS:  147 14:25:31     -892.026209        8.7890
BFGS:  148 14:25:32     -892.232405        7.0687
BFGS:  149 14:25:32     -892.412258        6.3781
BFGS:  150 14:25:32     -892.554035        5.7142
BFGS:  151 14:25:33     -892.701090        5.5805
BFGS:  152 14:25:33     -892.849520        5.1769
BFGS:  153 14:25:33     -892.976843        4.5821
BFGS:  154 14:25:34     -893.095489        3.6919
BFGS:  155 14:25:34     -893.198729        3.7153
BFGS:  156 14:25:35     -893.291330        3.9394
BFGS:  157 14:25:35     -893.374205        4.0290
BFGS:  158 14:25:35     -893.449554        4.0866
BFGS:  159 14:25:36     -893.517143        4.0540
BFGS:  160 14:25:36     -893.578224        3.9602
BFGS:  161 14:25:36     -893.634240        3.7301
BFGS:  162 14:25:37     -893.681218        3.2153
BFGS:  163 14:25:37     -893.717030        2.7461
BFGS:  164 14:25:37     -893.740062        2.0349
BFGS:  165 14:25:38     -893.757967        1.3052
BFGS:  166 14:25:38     -893.765502        0.9749
BFGS:  167 14:25:38     -893.770897        0.9958
BFGS:  168 14:25:39     -893.775432        0.9325
BFGS:  169 14:25:39     -893.779700        0.7272
BFGS:  170 14:25:40     -893.788775        0.9606
BFGS:  171 14:25:40     -893.793534        1.0175
BFGS:  172 14:25:40     -893.804897        1.2583
BFGS:  173 14:25:41     -893.813976        1.3628
BFGS:  174 14:25:41     -893.823589        1.3141
BFGS:  175 14:25:41     -893.830413        1.4169
BFGS:  176 14:25:42     -893.836876        1.5202
BFGS:  177 14:25:42     -893.842249        1.5494
BFGS:  178 14:25:42     -893.846101        1.4767
BFGS:  179 14:25:43     -893.851453        1.3305
BFGS:  180 14:25:43     -893.854206        1.2364
BFGS:  181 14:25:44     -893.860030        1.4132
BFGS:  182 14:25:44     -893.861869        0.6103
BFGS:  183 14:25:44     -893.865098        0.7113
BFGS:  184 14:25:45     -893.866331        0.6759
BFGS:  185 14:25:45     -893.867505        0.4978
BFGS:  186 14:25:45     -893.868263        0.3926
BFGS:  187 14:25:46     -893.869020        0.3660
BFGS:  188 14:25:46     -893.869554        0.3044
BFGS:  189 14:25:46     -893.870012        0.2271
BFGS:  190 14:25:47     -893.870416        0.1888
BFGS:  191 14:25:47     -893.870799        0.2063
BFGS:  192 14:25:47     -893.871117        0.1809
BFGS:  193 14:25:48     -893.871382        0.1324
BFGS:  194 14:25:48     -893.871641        0.1519
BFGS:  195 14:25:49     -893.871934        0.1863
BFGS:  196 14:25:49     -893.872225        0.1756
BFGS:  197 14:25:49     -893.872434        0.1235
BFGS:  198 14:25:50     -893.872540        0.0783
