      Step     Time          Energy         fmax
BFGS:    0 20:49:13     -821.632099      109.2769
BFGS:    1 20:49:13     -855.882607      115.0507
BFGS:    2 20:49:13     -883.781588      117.6559
BFGS:    3 20:49:13     -904.368745      118.1761
BFGS:    4 20:49:13     -924.344906      108.4764
BFGS:    5 20:49:13     -942.369174       95.7091
BFGS:    6 20:49:13     -958.614288       84.1171
BFGS:    7 20:49:13     -969.584608       75.9755
BFGS:    8 20:49:13     -979.328724       68.1646
BFGS:    9 20:49:13     -987.638336       62.3464
BFGS:   10 20:49:13     -996.373928       56.3859
BFGS:   11 20:49:13    -1004.601201       51.1541
BFGS:   12 20:49:13    -1011.059391       47.9472
BFGS:   13 20:49:13    -1016.867694       47.6449
BFGS:   14 20:49:13    -1020.779124       47.7405
BFGS:   15 20:49:13    -1024.356939       48.7751
BFGS:   16 20:49:13    -1028.299895       49.9952
BFGS:   17 20:49:13    -1032.897973       49.4530
BFGS:   18 20:49:13    -1037.425764       48.6191
BFGS:   19 20:49:13    -1041.325154       44.3792
BFGS:   20 20:49:14    -1044.499846       42.3230
BFGS:   21 20:49:14    -1047.327873       40.3424
BFGS:   22 20:49:14    -1050.135836       38.1570
BFGS:   23 20:49:14    -1052.895015       36.0100
BFGS:   24 20:49:14    -1055.541850       33.1749
BFGS:   25 20:49:14    -1057.923755       31.8489
BFGS:   26 20:49:14    -1060.255242       29.7500
BFGS:   27 20:49:14    -1062.348688       28.4710
BFGS:   28 20:49:14    -1064.421835       27.7147
BFGS:   29 20:49:14    -1066.446460       26.6823
BFGS:   30 20:49:14    -1068.500486       25.9239
BFGS:   31 20:49:14    -1070.639607       25.0166
BFGS:   32 20:49:14    -1072.756935       23.6535
BFGS:   33 20:49:14    -1074.964350       21.8451
BFGS:   34 20:49:14    -1076.994229       20.6197
BFGS:   35 20:49:14    -1078.547201       18.7418
BFGS:   36 20:49:14    -1079.871815       17.7840
BFGS:   37 20:49:14    -1081.136832       16.6194
BFGS:   38 20:49:14    -1082.449233       15.7385
BFGS:   39 20:49:14    -1083.950191       16.3361
BFGS:   40 20:49:14    -1085.409022       17.9014
BFGS:   41 20:49:14    -1086.849170       19.5151
BFGS:   42 20:49:15    -1088.139010       20.8217
BFGS:   43 20:49:15    -1089.320096       21.4687
BFGS:   44 20:49:15    -1090.425640       21.9181
BFGS:   45 20:49:15    -1091.482417       21.7122
BFGS:   46 20:49:15    -1092.450897       21.0910
BFGS:   47 20:49:15    -1093.395392       20.0417
BFGS:   48 20:49:15    -1094.245905       18.5267
BFGS:   49 20:49:15    -1095.055807       16.7364
BFGS:   50 20:49:15    -1095.778463       14.5970
BFGS:   51 20:49:15    -1096.437535       12.4110
BFGS:   52 20:49:15    -1097.009605        9.9736
BFGS:   53 20:49:15    -1097.521578       10.3267
BFGS:   54 20:49:15    -1098.007207        9.5625
BFGS:   55 20:49:15    -1098.483294        9.8437
BFGS:   56 20:49:15    -1098.994836        9.6663
BFGS:   57 20:49:15    -1099.420132        8.0203
BFGS:   58 20:49:15    -1099.801111        6.1382
BFGS:   59 20:49:15    -1100.138880        5.6501
BFGS:   60 20:49:15    -1100.457573        5.5182
BFGS:   61 20:49:15    -1100.806896        5.3851
BFGS:   62 20:49:15    -1101.076904        4.8323
BFGS:   63 20:49:15    -1101.279930        4.0320
BFGS:   64 20:49:16    -1101.395656        3.4540
BFGS:   65 20:49:16    -1101.461491        3.0395
BFGS:   66 20:49:16    -1101.504261        3.5489
BFGS:   67 20:49:16    -1101.525637        3.5978
BFGS:   68 20:49:16    -1101.550724        3.5620
BFGS:   69 20:49:16    -1101.588575        3.4728
BFGS:   70 20:49:16    -1101.635853        3.4589
BFGS:   71 20:49:16    -1101.710457        3.3746
BFGS:   72 20:49:16    -1101.804946        3.8004
BFGS:   73 20:49:16    -1101.898901        4.0623
BFGS:   74 20:49:16    -1101.993140        3.6949
BFGS:   75 20:49:16    -1102.054394        3.5706
BFGS:   76 20:49:16    -1102.095474        2.3502
BFGS:   77 20:49:16    -1102.133419        2.4366
BFGS:   78 20:49:16    -1102.164354        2.1986
BFGS:   79 20:49:16    -1102.176844        2.1800
BFGS:   80 20:49:16    -1102.186712        2.1015
BFGS:   81 20:49:16    -1102.192054        2.0340
BFGS:   82 20:49:16    -1102.196598        1.9466
BFGS:   83 20:49:16    -1102.200778        1.7791
BFGS:   84 20:49:16    -1102.201998        1.5660
BFGS:   85 20:49:17    -1102.206909        1.4833
BFGS:   86 20:49:17    -1102.213110        1.4961
BFGS:   87 20:49:17    -1102.219432        1.4151
BFGS:   88 20:49:17    -1102.239953        1.4811
BFGS:   89 20:49:17    -1102.255162        1.5103
BFGS:   90 20:49:17    -1102.283768        1.1597
BFGS:   91 20:49:17    -1102.307337        0.7475
BFGS:   92 20:49:17    -1102.325341        0.8543
BFGS:   93 20:49:17    -1102.333047        0.7310
BFGS:   94 20:49:17    -1102.337970        0.6111
BFGS:   95 20:49:17    -1102.342910        0.5617
BFGS:   96 20:49:17    -1102.345473        0.4700
BFGS:   97 20:49:17    -1102.347774        0.4031
BFGS:   98 20:49:17    -1102.348741        0.4408
BFGS:   99 20:49:17    -1102.350349        0.4533
BFGS:  100 20:49:17    -1102.351360        0.4078
BFGS:  101 20:49:17    -1102.350867        0.7938
BFGS:  102 20:49:17    -1102.352287        0.5366
BFGS:  103 20:49:17    -1102.351801        0.4095
BFGS:  104 20:49:17    -1102.352618        0.3951
BFGS:  105 20:49:17    -1102.352717        0.5251
BFGS:  106 20:49:17    -1102.353495        0.3938
BFGS:  107 20:49:18    -1102.353762        0.4185
BFGS:  108 20:49:18    -1102.354029        0.6046
BFGS:  109 20:49:18    -1102.354417        0.4205
BFGS:  110 20:49:18    -1102.354676        0.2904
BFGS:  111 20:49:18    -1102.350472        0.3887
BFGS:  112 20:49:18    -1102.355234        0.2725
BFGS:  113 20:49:18    -1102.355422        0.2552
BFGS:  114 20:49:18    -1102.355429        0.3981
BFGS:  115 20:49:18    -1102.355626        0.3967
BFGS:  116 20:49:18    -1102.355346        0.2284
BFGS:  117 20:49:18    -1102.355614        0.2107
BFGS:  118 20:49:18    -1102.355318        0.4155
BFGS:  119 20:49:18    -1102.355758        0.5768
BFGS:  120 20:49:18    -1102.355714        0.4054
BFGS:  121 20:49:18    -1102.355779        0.4044
BFGS:  122 20:49:18    -1102.355247        0.2536
BFGS:  123 20:49:18    -1102.355647        0.2168
BFGS:  124 20:49:18    -1102.355288        0.4331
BFGS:  125 20:49:18    -1102.355810        0.5787
BFGS:  126 20:49:18    -1102.355783        0.4049
BFGS:  127 20:49:18    -1102.355817        0.1971
BFGS:  128 20:49:19    -1102.355856        0.4010
BFGS:  129 20:49:19    -1102.355831        0.5819
BFGS:  130 20:49:19    -1102.355866        0.1908
BFGS:  131 20:49:19    -1102.355886        0.1882
BFGS:  132 20:49:19    -1102.355450        0.4260
BFGS:  133 20:49:19    -1102.355777        0.3931
BFGS:  134 20:49:19    -1102.355376        0.2475
BFGS:  135 20:49:19    -1102.355800        0.2083
BFGS:  136 20:49:19    -1102.355415        0.4303
BFGS:  137 20:49:19    -1102.355866        0.3857
BFGS:  138 20:49:19    -1102.355156        0.2744
BFGS:  139 20:49:19    -1102.355725        0.2265
BFGS:  140 20:49:19    -1102.355336        0.4386
BFGS:  141 20:49:19    -1102.355897        0.3902
BFGS:  142 20:49:19    -1102.355841        0.2135
BFGS:  143 20:49:19    -1102.355918        0.2028
BFGS:  144 20:49:19    -1102.355156        0.4596
BFGS:  145 20:49:19    -1102.355781        0.3963
BFGS:  146 20:49:19    -1102.354837        0.3201
BFGS:  147 20:49:19    -1102.355690        0.2411
BFGS:  148 20:49:19    -1102.355139        0.4609
BFGS:  149 20:49:19    -1102.355905        0.3860
BFGS:  150 20:49:20    -1102.355805        0.2265
BFGS:  151 20:49:20    -1102.355920        0.2096
BFGS:  152 20:49:20    -1102.355000        0.4766
BFGS:  153 20:49:20    -1102.355777        0.3991
BFGS:  154 20:49:20    -1102.354592        0.3580
BFGS:  155 20:49:20    -1102.355643        0.2554
BFGS:  156 20:49:20    -1102.354967        0.4798
BFGS:  157 20:49:20    -1102.355909        0.3831
BFGS:  158 20:49:20    -1102.355761        0.2395
BFGS:  159 20:49:20    -1102.355917        0.2157
BFGS:  160 20:49:20    -1102.354855        0.4924
BFGS:  161 20:49:20    -1102.355772        0.4013
BFGS:  162 20:49:20    -1102.354399        0.3888
BFGS:  163 20:49:20    -1102.355610        0.2667
BFGS:  164 20:49:20    -1102.354817        0.4961
BFGS:  165 20:49:20    -1102.355906        0.3810
BFGS:  166 20:49:20    -1102.355719        0.2511
BFGS:  167 20:49:20    -1102.355916        0.2204
BFGS:  168 20:49:20    -1102.354730        0.5060
BFGS:  169 20:49:20    -1102.355765        0.4035
BFGS:  170 20:49:20    -1102.354256        0.4124
BFGS:  171 20:49:21    -1102.355589        0.2749
BFGS:  172 20:49:21    -1102.354694        0.5097
BFGS:  173 20:49:21    -1102.355899        0.3796
BFGS:  174 20:49:21    -1102.355681        0.2612
BFGS:  175 20:49:21    -1102.355918        0.2241
BFGS:  176 20:49:21    -1102.354629        0.5174
BFGS:  177 20:49:21    -1102.355758        0.4056
BFGS:  178 20:49:21    -1102.354156        0.4296
BFGS:  179 20:49:21    -1102.355580        0.2808
BFGS:  180 20:49:21    -1102.354597        0.5210
BFGS:  181 20:49:21    -1102.355889        0.3788
BFGS:  182 20:49:21    -1102.355647        0.2700
BFGS:  183 20:49:21    -1102.355922        0.2271
BFGS:  184 20:49:21    -1102.354550        0.5267
BFGS:  185 20:49:21    -1102.355753        0.4073
BFGS:  186 20:49:21    -1102.354091        0.4417
BFGS:  187 20:49:21    -1102.355579        0.2849
BFGS:  188 20:49:21    -1102.354522        0.5300
BFGS:  189 20:49:21    -1102.355878        0.3784
BFGS:  190 20:49:21    -1102.355615        0.2779
BFGS:  191 20:49:21    -1102.355926        0.2295
BFGS:  192 20:49:21    -1102.354489        0.5341
BFGS:  193 20:49:22    -1102.355749        0.4087
BFGS:  194 20:49:22    -1102.354051        0.4499
BFGS:  195 20:49:22    -1102.355584        0.2876
BFGS:  196 20:49:22    -1102.354466        0.5372
BFGS:  197 20:49:22    -1102.355866        0.3782
BFGS:  198 20:49:22    -1102.355584        0.2852
BFGS:  199 20:49:22    -1102.355930        0.2317
BFGS:  200 20:49:22    -1102.354443        0.5400
BFGS:  201 20:49:22    -1102.355748        0.4097
BFGS:  202 20:49:22    -1102.354029        0.4552
BFGS:  203 20:49:22    -1102.355593        0.2893
BFGS:  204 20:49:22    -1102.354423        0.5428
BFGS:  205 20:49:22    -1102.355854        0.3783
BFGS:  206 20:49:22    -1102.355553        0.2921
BFGS:  207 20:49:22    -1102.355935        0.2338
BFGS:  208 20:49:22    -1102.354409        0.5444
BFGS:  209 20:49:22    -1102.355740        0.3817
BFGS:  210 20:49:22    -1102.355623        0.2812
BFGS:  211 20:49:22    -1102.355983        0.3761
BFGS:  212 20:49:22    -1102.355886        0.2418
BFGS:  213 20:49:22    -1102.355963        0.2282
BFGS:  214 20:49:23    -1102.354321        0.5563
BFGS:  215 20:49:23    -1102.355706        0.4162
BFGS:  216 20:49:23    -1102.353995        0.4614
BFGS:  217 20:49:23    -1102.355616        0.2878
BFGS:  218 20:49:23    -1102.354338        0.5545
BFGS:  219 20:49:23    -1102.355858        0.3768
BFGS:  220 20:49:23    -1102.355535        0.2970
BFGS:  221 20:49:23    -1102.355954        0.2333
BFGS:  222 20:49:23    -1102.354341        0.5541
BFGS:  223 20:49:23    -1102.355727        0.4157
BFGS:  224 20:49:23    -1102.354010        0.4620
BFGS:  225 20:49:23    -1102.355625        0.2895
BFGS:  226 20:49:23    -1102.354329        0.5560
BFGS:  227 20:49:23    -1102.355848        0.3764
BFGS:  228 20:49:23    -1102.355502        0.3039
BFGS:  229 20:49:23    -1102.355954        0.2360
BFGS:  230 20:49:23    -1102.354328        0.5558
BFGS:  231 20:49:23    -1102.355735        0.4153
BFGS:  232 20:49:23    -1102.354023        0.4625
BFGS:  233 20:49:23    -1102.355639        0.2898
BFGS:  234 20:49:23    -1102.354318        0.5576
BFGS:  235 20:49:23    -1102.355836        0.3768
BFGS:  236 20:49:24    -1102.355469        0.3104
BFGS:  237 20:49:24    -1102.355956        0.2382
BFGS:  238 20:49:24    -1102.354320        0.5570
BFGS:  239 20:49:24    -1102.355727        0.3818
BFGS:  240 20:49:24    -1102.355521        0.3025
BFGS:  241 20:49:24    -1102.356019        0.2266
BFGS:  242 20:49:24    -1102.354312        0.5576
BFGS:  243 20:49:24    -1102.355692        0.4215
BFGS:  244 20:49:24    -1102.354067        0.4579
BFGS:  245 20:49:24    -1102.355678        0.2854
BFGS:  246 20:49:24    -1102.354299        0.5597
BFGS:  247 20:49:24    -1102.355820        0.3770
BFGS:  248 20:49:24    -1102.355387        0.3222
BFGS:  249 20:49:24    -1102.355951        0.2412
BFGS:  250 20:49:24    -1102.354306        0.5585
BFGS:  251 20:49:24    -1102.355722        0.3820
BFGS:  252 20:49:24    -1102.355417        0.3175
BFGS:  253 20:49:24    -1102.356000        0.2322
BFGS:  254 20:49:24    -1102.354300        0.5586
BFGS:  255 20:49:24    -1102.355699        0.3831
BFGS:  256 20:49:24    -1102.355373        0.3221
BFGS:  257 20:49:25    -1102.356000        0.2320
BFGS:  258 20:49:25    -1102.354293        0.5590
BFGS:  259 20:49:25    -1102.355700        0.3829
BFGS:  260 20:49:25    -1102.355305        0.3295
BFGS:  261 20:49:25    -1102.355985        0.2344
BFGS:  262 20:49:25    -1102.354285        0.5594
BFGS:  263 20:49:25    -1102.355704        0.4222
BFGS:  264 20:49:25    -1102.354160        0.4454
BFGS:  265 20:49:25    -1102.355718        0.2798
BFGS:  266 20:49:25    -1102.354272        0.5616
BFGS:  267 20:49:25    -1102.355806        0.3764
BFGS:  268 20:49:25    -1102.355164        0.3480
BFGS:  269 20:49:25    -1102.355916        0.2487
BFGS:  270 20:49:25    -1102.354282        0.5601
BFGS:  271 20:49:25    -1102.355732        0.3807
BFGS:  272 20:49:25    -1102.355151        0.3487
BFGS:  273 20:49:25    -1102.355943        0.2440
BFGS:  274 20:49:25    -1102.354280        0.5599
BFGS:  275 20:49:25    -1102.355720        0.3813
BFGS:  276 20:49:25    -1102.355085        0.3551
BFGS:  277 20:49:25    -1102.355934        0.2453
BFGS:  278 20:49:26    -1102.354277        0.5599
BFGS:  279 20:49:26    -1102.355724        0.3808
BFGS:  280 20:49:26    -1102.355005        0.3629
BFGS:  281 20:49:26    -1102.355917        0.2480
BFGS:  282 20:49:26    -1102.354273        0.5599
BFGS:  283 20:49:26    -1102.355732        0.3802
BFGS:  284 20:49:26    -1102.354920        0.3709
BFGS:  285 20:49:26    -1102.355897        0.2510
BFGS:  286 20:49:26    -1102.354270        0.5600
BFGS:  287 20:49:26    -1102.355740        0.4195
BFGS:  288 20:49:26    -1102.354272        0.4313
BFGS:  289 20:49:26    -1102.355753        0.2753
BFGS:  290 20:49:26    -1102.354264        0.5618
BFGS:  291 20:49:26    -1102.355791        0.3758
BFGS:  292 20:49:26    -1102.354823        0.3826
BFGS:  293 20:49:26    -1102.355857        0.2596
BFGS:  294 20:49:26    -1102.354273        0.5604
BFGS:  295 20:49:26    -1102.355752        0.3785
BFGS:  296 20:49:26    -1102.354760        0.3881
BFGS:  297 20:49:26    -1102.355860        0.2588
BFGS:  298 20:49:26    -1102.354274        0.5599
BFGS:  299 20:49:26    -1102.355751        0.3785
BFGS:  300 20:49:27    -1102.354674        0.3955
BFGS:  301 20:49:27    -1102.355845        0.2610
BFGS:  302 20:49:27    -1102.354274        0.5596
BFGS:  303 20:49:27    -1102.355757        0.3780
BFGS:  304 20:49:27    -1102.354584        0.4032
BFGS:  305 20:49:27    -1102.355826        0.2637
BFGS:  306 20:49:27    -1102.354274        0.5593
BFGS:  307 20:49:27    -1102.355765        0.3773
BFGS:  308 20:49:27    -1102.354491        0.4110
BFGS:  309 20:49:27    -1102.355806        0.2666
BFGS:  310 20:49:27    -1102.354274        0.5590
BFGS:  311 20:49:27    -1102.355772        0.4168
BFGS:  312 20:49:27    -1102.354378        0.4191
BFGS:  313 20:49:27    -1102.355784        0.2717
BFGS:  314 20:49:27    -1102.354279        0.5599
BFGS:  315 20:49:27    -1102.355777        0.3758
BFGS:  316 20:49:27    -1102.354413        0.4199
BFGS:  317 20:49:27    -1102.355789        0.2711
BFGS:  318 20:49:27    -1102.354272        0.4814
BFGS:  319 20:49:27    -1102.355780        0.3744
BFGS:  320 20:49:27    -1102.354381        0.6390
BFGS:  321 20:49:28    -1102.355788        0.6152
BFGS:  322 20:49:28    -1102.354220        0.4900
BFGS:  323 20:49:28    -1102.355766        0.3779
BFGS:  324 20:49:28    -1102.354372        0.6413
BFGS:  325 20:49:28    -1102.355795        0.2721
BFGS:  326 20:49:28    -1102.354346        0.4712
BFGS:  327 20:49:28    -1102.355793        0.3731
BFGS:  328 20:49:28    -1102.354377        0.6431
BFGS:  329 20:49:28    -1102.355789        0.2731
BFGS:  330 20:49:28    -1102.354348        0.4717
BFGS:  331 20:49:28    -1102.355803        0.3724
BFGS:  332 20:49:28    -1102.354391        0.6444
BFGS:  333 20:49:28    -1102.355785        0.6165
BFGS:  334 20:49:28    -1102.354262        0.4898
BFGS:  335 20:49:28    -1102.355783        0.3769
BFGS:  336 20:49:28    -1102.354386        0.6463
BFGS:  337 20:49:28    -1102.355798        0.2738
BFGS:  338 20:49:28    -1102.354402        0.4687
BFGS:  339 20:49:28    -1102.355812        0.3719
BFGS:  340 20:49:28    -1102.354392        0.6475
BFGS:  341 20:49:28    -1102.355791        0.6173
BFGS:  342 20:49:28    -1102.354256        0.4905
BFGS:  343 20:49:29    -1102.355783        0.3770
BFGS:  344 20:49:29    -1102.354389        0.6494
BFGS:  345 20:49:29    -1102.355803        0.2747
BFGS:  346 20:49:29    -1102.354454        0.4653
BFGS:  347 20:49:29    -1102.355822        0.3713
BFGS:  348 20:49:29    -1102.354394        0.6505
BFGS:  349 20:49:29    -1102.355793        0.2761
BFGS:  350 20:49:29    -1102.354461        0.4651
BFGS:  351 20:49:29    -1102.355834        0.3704
BFGS:  352 20:49:29    -1102.354408        0.6513
BFGS:  353 20:49:29    -1102.355789        0.6189
BFGS:  354 20:49:29    -1102.354295        0.4893
BFGS:  355 20:49:29    -1102.355798        0.3762
BFGS:  356 20:49:29    -1102.354406        0.6530
BFGS:  357 20:49:29    -1102.355808        0.2757
BFGS:  358 20:49:29    -1102.354509        0.4623
BFGS:  359 20:49:29    -1102.355839        0.3701
BFGS:  360 20:49:29    -1102.354411        0.6539
BFGS:  361 20:49:29    -1102.355795        0.6197
BFGS:  362 20:49:29    -1102.354290        0.4898
BFGS:  363 20:49:29    -1102.355797        0.3763
BFGS:  364 20:49:30    -1102.354410        0.6555
BFGS:  365 20:49:30    -1102.355814        0.2763
BFGS:  366 20:49:30    -1102.354556        0.4592
BFGS:  367 20:49:30    -1102.355848        0.3695
BFGS:  368 20:49:30    -1102.354414        0.6564
BFGS:  369 20:49:30    -1102.355799        0.2783
BFGS:  370 20:49:30    -1102.354563        0.4588
BFGS:  371 20:49:30    -1102.355862        0.3685
BFGS:  372 20:49:30    -1102.354428        0.6570
BFGS:  373 20:49:30    -1102.355793        0.6212
BFGS:  374 20:49:30    -1102.354328        0.4883
BFGS:  375 20:49:30    -1102.355812        0.3754
BFGS:  376 20:49:30    -1102.354429        0.6586
BFGS:  377 20:49:30    -1102.355819        0.2770
BFGS:  378 20:49:30    -1102.354604        0.4565
BFGS:  379 20:49:30    -1102.355863        0.3684
BFGS:  380 20:49:30    -1102.354432        0.6592
BFGS:  381 20:49:30    -1102.355801        0.6218
BFGS:  382 20:49:30    -1102.354324        0.4886
BFGS:  383 20:49:30    -1102.355810        0.3755
BFGS:  384 20:49:30    -1102.354434        0.6607
BFGS:  385 20:49:30    -1102.355826        0.2774
BFGS:  386 20:49:31    -1102.354645        0.4537
BFGS:  387 20:49:31    -1102.355871        0.3678
BFGS:  388 20:49:31    -1102.354437        0.6613
BFGS:  389 20:49:31    -1102.355806        0.6225
BFGS:  390 20:49:31    -1102.354320        0.4890
BFGS:  391 20:49:31    -1102.355810        0.3755
BFGS:  392 20:49:31    -1102.354439        0.6627
BFGS:  393 20:49:31    -1102.355831        0.2778
BFGS:  394 20:49:31    -1102.354683        0.4511
BFGS:  395 20:49:31    -1102.355878        0.3673
BFGS:  396 20:49:31    -1102.354441        0.6633
BFGS:  397 20:49:31    -1102.355810        0.2809
BFGS:  398 20:49:31    -1102.354692        0.4504
BFGS:  399 20:49:31    -1102.355894        0.3660
BFGS:  400 20:49:31    -1102.354455        0.6637
BFGS:  401 20:49:31    -1102.355803        0.6239
BFGS:  402 20:49:31    -1102.354356        0.4873
BFGS:  403 20:49:31    -1102.355824        0.3746
BFGS:  404 20:49:31    -1102.354458        0.6651
BFGS:  405 20:49:31    -1102.355837        0.2782
BFGS:  406 20:49:31    -1102.354722        0.4488
BFGS:  407 20:49:32    -1102.355891        0.3662
BFGS:  408 20:49:32    -1102.354461        0.6655
BFGS:  409 20:49:32    -1102.355812        0.6245
BFGS:  410 20:49:32    -1102.354352        0.4876
BFGS:  411 20:49:32    -1102.355821        0.3747
BFGS:  412 20:49:32    -1102.354464        0.6668
BFGS:  413 20:49:32    -1102.355844        0.2784
BFGS:  414 20:49:32    -1102.354756        0.4465
BFGS:  415 20:49:32    -1102.355897        0.3657
BFGS:  416 20:49:32    -1102.354466        0.6673
BFGS:  417 20:49:32    -1102.355818        0.6251
BFGS:  418 20:49:32    -1102.354348        0.4878
BFGS:  419 20:49:32    -1102.355820        0.3747
BFGS:  420 20:49:32    -1102.354470        0.6684
BFGS:  421 20:49:32    -1102.355850        0.2786
BFGS:  422 20:49:32    -1102.354787        0.4444
BFGS:  423 20:49:32    -1102.355902        0.3652
BFGS:  424 20:49:32    -1102.354471        0.6689
BFGS:  425 20:49:32    -1102.355823        0.2923
BFGS:  426 20:49:32    -1102.354818        0.4410
BFGS:  427 20:49:32    -1102.355926        0.3631
BFGS:  428 20:49:32    -1102.354485        0.6690
BFGS:  429 20:49:33    -1102.355811        0.6266
BFGS:  430 20:49:33    -1102.354387        0.4858
BFGS:  431 20:49:33    -1102.355835        0.3735
BFGS:  432 20:49:33    -1102.354490        0.6703
BFGS:  433 20:49:33    -1102.355856        0.2788
BFGS:  434 20:49:33    -1102.354818        0.4426
BFGS:  435 20:49:33    -1102.355914        0.3642
BFGS:  436 20:49:33    -1102.354492        0.6705
BFGS:  437 20:49:33    -1102.355824        0.6269
BFGS:  438 20:49:33    -1102.354382        0.4860
BFGS:  439 20:49:33    -1102.355831        0.3737
BFGS:  440 20:49:33    -1102.354496        0.6717
BFGS:  441 20:49:33    -1102.355863        0.2788
BFGS:  442 20:49:33    -1102.354845        0.4407
BFGS:  443 20:49:33    -1102.355918        0.3637
BFGS:  444 20:49:33    -1102.354497        0.6720
BFGS:  445 20:49:33    -1102.355830        0.6275
BFGS:  446 20:49:33    -1102.354378        0.4863
BFGS:  447 20:49:33    -1102.355829        0.3737
BFGS:  448 20:49:33    -1102.354502        0.6730
BFGS:  449 20:49:33    -1102.355869        0.2789
BFGS:  450 20:49:34    -1102.354870        0.4388
BFGS:  451 20:49:34    -1102.355922        0.3633
BFGS:  452 20:49:34    -1102.354502        0.6733
BFGS:  453 20:49:34    -1102.355835        0.6280
BFGS:  454 20:49:34    -1102.354373        0.4866
BFGS:  455 20:49:34    -1102.355827        0.3738
BFGS:  456 20:49:34    -1102.354508        0.6743
BFGS:  457 20:49:34    -1102.355875        0.2790
BFGS:  458 20:49:34    -1102.354894        0.4372
BFGS:  459 20:49:34    -1102.355926        0.3628
BFGS:  460 20:49:34    -1102.354508        0.6746
BFGS:  461 20:49:34    -1102.355841        0.6284
BFGS:  462 20:49:34    -1102.354368        0.4869
BFGS:  463 20:49:34    -1102.355825        0.3738
BFGS:  464 20:49:34    -1102.354514        0.6755
BFGS:  465 20:49:34    -1102.355881        0.2791
BFGS:  466 20:49:34    -1102.354917        0.4356
BFGS:  467 20:49:34    -1102.355929        0.3624
BFGS:  468 20:49:34    -1102.354513        0.6758
BFGS:  469 20:49:34    -1102.355846        0.2844
BFGS:  470 20:49:34    -1102.354933        0.4340
BFGS:  471 20:49:34    -1102.355951        0.3606
BFGS:  472 20:49:35    -1102.354525        0.6759
BFGS:  473 20:49:35    -1102.355836        0.6298
BFGS:  474 20:49:35    -1102.354396        0.4854
BFGS:  475 20:49:35    -1102.355837        0.3728
BFGS:  476 20:49:35    -1102.354531        0.6768
BFGS:  477 20:49:35    -1102.355887        0.2791
BFGS:  478 20:49:35    -1102.354940        0.4342
BFGS:  479 20:49:35    -1102.355938        0.3615
BFGS:  480 20:49:35    -1102.354530        0.6770
BFGS:  481 20:49:35    -1102.355849        0.6301
BFGS:  482 20:49:35    -1102.354390        0.4856
BFGS:  483 20:49:35    -1102.355832        0.3730
BFGS:  484 20:49:35    -1102.354536        0.6780
BFGS:  485 20:49:35    -1102.355894        0.2790
BFGS:  486 20:49:35    -1102.354959        0.4327
BFGS:  487 20:49:35    -1102.355940        0.3612
BFGS:  488 20:49:35    -1102.354535        0.6782
BFGS:  489 20:49:35    -1102.355855        0.6305
BFGS:  490 20:49:35    -1102.354384        0.4860
BFGS:  491 20:49:35    -1102.355829        0.3730
BFGS:  492 20:49:35    -1102.354541        0.6790
BFGS:  493 20:49:36    -1102.355900        0.2790
BFGS:  494 20:49:36    -1102.354978        0.4314
BFGS:  495 20:49:36    -1102.355942        0.3608
BFGS:  496 20:49:36    -1102.354540        0.6792
BFGS:  497 20:49:36    -1102.355861        0.6309
BFGS:  498 20:49:36    -1102.354378        0.4863
BFGS:  499 20:49:36    -1102.355826        0.3731
