      Step     Time          Energy         fmax
BFGS:    0 20:44:12     -766.795143      197.0210
BFGS:    1 20:44:12     -797.490871      170.4027
BFGS:    2 20:44:13     -826.355893      159.5923
BFGS:    3 20:44:13     -855.027198      147.7736
BFGS:    4 20:44:13     -881.266153      127.8707
BFGS:    5 20:44:13     -903.783940      119.7823
BFGS:    6 20:44:13     -922.159217      101.1992
BFGS:    7 20:44:13     -936.145351       92.6919
BFGS:    8 20:44:13     -946.632408       85.5349
BFGS:    9 20:44:13     -956.944885       78.4591
BFGS:   10 20:44:13     -968.851672       77.4532
BFGS:   11 20:44:13     -982.178424       73.1177
BFGS:   12 20:44:13     -993.236335       63.5054
BFGS:   13 20:44:13    -1000.747921       55.8626
BFGS:   14 20:44:13    -1005.745170       48.3460
BFGS:   15 20:44:13    -1011.425254       44.4131
BFGS:   16 20:44:13    -1016.476171       36.8288
BFGS:   17 20:44:13    -1020.342743       32.9780
BFGS:   18 20:44:13    -1023.009745       27.5185
BFGS:   19 20:44:13    -1025.056314       25.4290
BFGS:   20 20:44:13    -1026.784447       23.5178
BFGS:   21 20:44:13    -1028.306262       21.4771
BFGS:   22 20:44:13    -1029.648059       20.0668
BFGS:   23 20:44:13    -1030.827816       19.4866
BFGS:   24 20:44:13    -1031.884341       18.4182
BFGS:   25 20:44:13    -1032.863126       17.4263
BFGS:   26 20:44:13    -1033.802175       16.4396
BFGS:   27 20:44:13    -1034.710969       15.2089
BFGS:   28 20:44:14    -1035.632051       14.3655
BFGS:   29 20:44:14    -1036.591155       13.5461
BFGS:   30 20:44:14    -1037.594548       12.8530
BFGS:   31 20:44:14    -1038.635106       12.2659
BFGS:   32 20:44:14    -1039.644164       11.6627
BFGS:   33 20:44:14    -1040.611891       11.2730
BFGS:   34 20:44:14    -1041.561476       11.0538
BFGS:   35 20:44:14    -1042.509183       11.1314
BFGS:   36 20:44:14    -1043.459345       11.4876
BFGS:   37 20:44:14    -1044.434355       12.0987
BFGS:   38 20:44:14    -1045.466478       13.1541
BFGS:   39 20:44:14    -1046.445832       14.3261
BFGS:   40 20:44:14    -1047.455415       15.7941
BFGS:   41 20:44:14    -1048.501266       16.8755
BFGS:   42 20:44:14    -1049.671611       16.3126
BFGS:   43 20:44:14    -1050.711361       15.6351
BFGS:   44 20:44:14    -1051.685774       15.0396
BFGS:   45 20:44:14    -1052.634655       14.2633
BFGS:   46 20:44:14    -1053.454957       13.6370
BFGS:   47 20:44:14    -1054.135734       12.0762
BFGS:   48 20:44:14    -1054.690977       10.7833
BFGS:   49 20:44:14    -1055.191733        9.7727
BFGS:   50 20:44:14    -1055.679090       10.4683
BFGS:   51 20:44:14    -1056.160659       11.2133
BFGS:   52 20:44:14    -1056.627958       12.0335
BFGS:   53 20:44:14    -1057.077976       12.6879
BFGS:   54 20:44:15    -1057.528185       13.2569
BFGS:   55 20:44:15    -1057.998898       13.5552
BFGS:   56 20:44:15    -1058.503912       13.9083
BFGS:   57 20:44:15    -1059.025060       14.2964
BFGS:   58 20:44:15    -1059.546284       14.7111
BFGS:   59 20:44:15    -1060.058073       15.0250
BFGS:   60 20:44:15    -1060.558485       14.8595
BFGS:   61 20:44:15    -1061.043713       14.7515
BFGS:   62 20:44:15    -1061.522905       14.1822
BFGS:   63 20:44:15    -1062.015704       13.5328
BFGS:   64 20:44:15    -1062.520123       12.7707
BFGS:   65 20:44:15    -1063.030873       12.1615
BFGS:   66 20:44:15    -1063.543727       11.7737
BFGS:   67 20:44:15    -1064.061341       11.0436
BFGS:   68 20:44:15    -1064.587661       10.3783
BFGS:   69 20:44:15    -1065.119836       10.1255
BFGS:   70 20:44:15    -1065.686976        9.7099
BFGS:   71 20:44:15    -1066.291847        9.0392
BFGS:   72 20:44:15    -1066.932923        8.6998
BFGS:   73 20:44:15    -1067.612481        8.6913
BFGS:   74 20:44:15    -1068.319218        9.0320
BFGS:   75 20:44:15    -1069.018942        9.1839
BFGS:   76 20:44:15    -1069.698719        9.3897
BFGS:   77 20:44:15    -1070.349276        9.9901
BFGS:   78 20:44:15    -1070.939609       10.3994
BFGS:   79 20:44:15    -1071.485494       10.5793
BFGS:   80 20:44:15    -1072.008060       10.6188
BFGS:   81 20:44:15    -1072.535543       10.4782
BFGS:   82 20:44:15    -1073.097290       10.8341
BFGS:   83 20:44:15    -1073.647590       11.1526
BFGS:   84 20:44:16    -1074.160509       11.2429
BFGS:   85 20:44:16    -1074.674700       11.4276
BFGS:   86 20:44:16    -1075.218693       11.3823
BFGS:   87 20:44:16    -1075.813331       11.4348
BFGS:   88 20:44:16    -1076.479288       11.3261
BFGS:   89 20:44:16    -1077.112235       11.8764
BFGS:   90 20:44:16    -1077.777910       12.7486
BFGS:   91 20:44:16    -1078.518826       13.5149
BFGS:   92 20:44:16    -1079.353814       14.1771
BFGS:   93 20:44:16    -1080.253770       14.7549
BFGS:   94 20:44:16    -1081.165482       15.1630
BFGS:   95 20:44:16    -1082.084676       15.2304
BFGS:   96 20:44:16    -1082.940324       15.0732
BFGS:   97 20:44:16    -1083.742437       14.7667
BFGS:   98 20:44:16    -1084.502504       14.3516
BFGS:   99 20:44:16    -1085.225727       13.8071
BFGS:  100 20:44:16    -1085.913816       13.1259
BFGS:  101 20:44:16    -1086.574160       12.2761
BFGS:  102 20:44:16    -1087.222223       11.1955
BFGS:  103 20:44:16    -1087.869023        9.7536
BFGS:  104 20:44:16    -1088.477191        8.6674
BFGS:  105 20:44:16    -1088.995903        8.8556
BFGS:  106 20:44:16    -1089.422060        8.7953
BFGS:  107 20:44:16    -1089.786042        8.5524
BFGS:  108 20:44:16    -1090.108775        8.1896
BFGS:  109 20:44:16    -1090.414863        7.7549
BFGS:  110 20:44:16    -1090.723137        7.3242
BFGS:  111 20:44:16    -1090.960754        6.9355
BFGS:  112 20:44:16    -1091.155718        6.8241
BFGS:  113 20:44:16    -1091.275829        6.7116
BFGS:  114 20:44:16    -1091.453277        6.7807
BFGS:  115 20:44:16    -1091.620021        6.6574
BFGS:  116 20:44:16    -1091.769600        6.4350
BFGS:  117 20:44:16    -1091.899827        5.8921
BFGS:  118 20:44:16    -1092.031679        5.4306
BFGS:  119 20:44:17    -1092.163480        4.9586
BFGS:  120 20:44:17    -1092.283467        4.6710
BFGS:  121 20:44:17    -1092.395898        4.4229
BFGS:  122 20:44:17    -1092.504451        4.2450
BFGS:  123 20:44:17    -1092.610946        4.4432
BFGS:  124 20:44:17    -1092.719037        4.8825
BFGS:  125 20:44:17    -1092.833984        5.1986
BFGS:  126 20:44:17    -1092.964287        5.3813
BFGS:  127 20:44:17    -1093.119254        5.7840
BFGS:  128 20:44:17    -1093.314320        6.5078
BFGS:  129 20:44:17    -1093.524362        7.2951
BFGS:  130 20:44:17    -1093.779609        8.1474
BFGS:  131 20:44:17    -1093.976287        8.9331
BFGS:  132 20:44:17    -1094.216188        9.4816
BFGS:  133 20:44:17    -1094.460884        9.1764
BFGS:  134 20:44:17    -1094.628423        7.8175
BFGS:  135 20:44:17    -1094.730125        7.2244
BFGS:  136 20:44:17    -1094.819990        6.6048
BFGS:  137 20:44:17    -1094.911511        6.4243
BFGS:  138 20:44:17    -1095.007563        6.1106
BFGS:  139 20:44:17    -1095.120734        5.7638
BFGS:  140 20:44:17    -1095.229529        5.4924
BFGS:  141 20:44:17    -1095.327904        5.4763
BFGS:  142 20:44:17    -1095.434913        6.0527
BFGS:  143 20:44:17    -1095.601630        6.8005
BFGS:  144 20:44:17    -1095.857394        7.4440
BFGS:  145 20:44:17    -1096.161386        7.7370
BFGS:  146 20:44:17    -1096.545290        7.1287
BFGS:  147 20:44:17    -1097.063621        5.3760
BFGS:  148 20:44:17    -1097.431184        3.8438
BFGS:  149 20:44:17    -1097.625549        4.3022
BFGS:  150 20:44:17    -1097.863461        4.3387
BFGS:  151 20:44:17    -1098.052261        3.9453
BFGS:  152 20:44:17    -1098.235228        3.8845
BFGS:  153 20:44:17    -1098.401224        4.8427
BFGS:  154 20:44:17    -1098.567836        5.0251
BFGS:  155 20:44:17    -1098.730991        5.1570
BFGS:  156 20:44:17    -1098.900720        6.0411
BFGS:  157 20:44:17    -1099.079207        6.7293
BFGS:  158 20:44:18    -1099.279728        6.2030
BFGS:  159 20:44:18    -1099.519244        4.5882
BFGS:  160 20:44:18    -1099.727804        3.3160
BFGS:  161 20:44:18    -1099.828432        2.3757
BFGS:  162 20:44:18    -1099.874236        2.2531
BFGS:  163 20:44:18    -1099.910008        2.0599
BFGS:  164 20:44:18    -1099.935012        1.9315
BFGS:  165 20:44:18    -1099.965475        1.9253
BFGS:  166 20:44:18    -1100.001152        1.9810
BFGS:  167 20:44:18    -1100.044848        2.0299
BFGS:  168 20:44:18    -1100.085914        2.2031
BFGS:  169 20:44:18    -1100.127081        2.5947
BFGS:  170 20:44:18    -1100.189420        3.1123
BFGS:  171 20:44:18    -1100.276594        3.4341
BFGS:  172 20:44:18    -1100.358010        3.2920
BFGS:  173 20:44:18    -1100.459154        2.7343
BFGS:  174 20:44:18    -1100.597025        2.3686
BFGS:  175 20:44:18    -1100.677874        2.1028
BFGS:  176 20:44:18    -1100.734819        1.9635
BFGS:  177 20:44:18    -1100.780354        1.7084
BFGS:  178 20:44:18    -1100.833281        1.7984
BFGS:  179 20:44:18    -1100.872290        1.7758
BFGS:  180 20:44:18    -1100.915689        2.2402
BFGS:  181 20:44:18    -1101.005107        3.1589
BFGS:  182 20:44:18    -1101.080949        4.0909
BFGS:  183 20:44:18    -1101.129476        4.6497
BFGS:  184 20:44:18    -1101.191141        4.0850
BFGS:  185 20:44:18    -1101.303670        5.5922
BFGS:  186 20:44:18    -1101.435404        5.1860
BFGS:  187 20:44:18    -1101.598840        4.8178
BFGS:  188 20:44:18    -1101.845204        4.9640
BFGS:  189 20:44:18    -1102.083783        4.7005
BFGS:  190 20:44:18    -1102.254837        4.4558
BFGS:  191 20:44:18    -1102.365806        4.1327
BFGS:  192 20:44:18    -1102.524583        5.5412
BFGS:  193 20:44:18    -1102.721275        3.5443
BFGS:  194 20:44:18    -1102.858570        2.2731
BFGS:  195 20:44:18    -1102.886894        1.9238
BFGS:  196 20:44:18    -1102.908051        1.8827
BFGS:  197 20:44:18    -1102.926516        2.0496
BFGS:  198 20:44:19    -1102.941477        1.9143
BFGS:  199 20:44:19    -1102.957001        1.6224
BFGS:  200 20:44:19    -1102.970949        1.4159
BFGS:  201 20:44:19    -1102.984699        1.2442
BFGS:  202 20:44:19    -1102.999354        1.2111
BFGS:  203 20:44:19    -1103.016640        1.3812
BFGS:  204 20:44:19    -1103.036016        1.5615
BFGS:  205 20:44:19    -1103.055112        1.7335
BFGS:  206 20:44:19    -1103.071719        1.8397
BFGS:  207 20:44:19    -1103.084331        1.9221
BFGS:  208 20:44:19    -1103.093869        2.0532
BFGS:  209 20:44:19    -1103.102241        2.3209
BFGS:  210 20:44:19    -1103.111061        2.8166
BFGS:  211 20:44:19    -1103.125719        3.9108
BFGS:  212 20:44:19    -1103.136850        4.6434
BFGS:  213 20:44:19    -1103.157099        4.4455
BFGS:  214 20:44:19    -1103.207528        4.3364
BFGS:  215 20:44:19    -1103.295347        4.5058
BFGS:  216 20:44:19    -1103.440744        5.1312
BFGS:  217 20:44:19    -1103.791396        7.8825
BFGS:  218 20:44:19    -1104.253501       10.0102
BFGS:  219 20:44:19    -1104.824945       10.8773
BFGS:  220 20:44:19    -1105.383322        9.8449
BFGS:  221 20:44:19    -1105.923754        6.7793
BFGS:  222 20:44:19    -1106.283624        3.3149
BFGS:  223 20:44:19    -1106.345812        2.4872
BFGS:  224 20:44:19    -1106.369226        2.3716
BFGS:  225 20:44:19    -1106.398729        2.3952
BFGS:  226 20:44:19    -1106.414644        2.3144
BFGS:  227 20:44:19    -1106.424584        2.1642
BFGS:  228 20:44:19    -1106.429640        2.0877
BFGS:  229 20:44:19    -1106.435842        2.0752
BFGS:  230 20:44:19    -1106.442778        1.9466
BFGS:  231 20:44:19    -1106.449773        1.8554
BFGS:  232 20:44:19    -1106.457642        1.6600
BFGS:  233 20:44:19    -1106.463136        1.6248
BFGS:  234 20:44:19    -1106.468643        1.5280
BFGS:  235 20:44:19    -1106.478868        1.4591
BFGS:  236 20:44:19    -1106.497191        1.2754
BFGS:  237 20:44:19    -1106.523323        1.1431
BFGS:  238 20:44:19    -1106.546316        1.2143
BFGS:  239 20:44:19    -1106.562285        1.0494
BFGS:  240 20:44:19    -1106.577379        0.9966
BFGS:  241 20:44:20    -1106.593272        1.0881
BFGS:  242 20:44:20    -1106.603667        0.9662
BFGS:  243 20:44:20    -1106.608601        0.7314
BFGS:  244 20:44:20    -1106.610790        0.6323
BFGS:  245 20:44:20    -1106.612102        0.6224
BFGS:  246 20:44:20    -1106.614311        0.6078
BFGS:  247 20:44:20    -1106.617005        0.5965
BFGS:  248 20:44:20    -1106.620189        0.5934
BFGS:  249 20:44:20    -1106.623355        0.5981
BFGS:  250 20:44:20    -1106.626575        0.6110
BFGS:  251 20:44:20    -1106.630471        0.6829
BFGS:  252 20:44:20    -1106.636239        0.7010
BFGS:  253 20:44:20    -1106.644634        0.6696
BFGS:  254 20:44:20    -1106.652804        0.7158
BFGS:  255 20:44:20    -1106.659690        0.7510
BFGS:  256 20:44:20    -1106.664428        0.8388
BFGS:  257 20:44:20    -1106.667224        0.8345
BFGS:  258 20:44:20    -1106.669235        0.8104
BFGS:  259 20:44:20    -1106.670001        0.8046
BFGS:  260 20:44:20    -1106.670733        0.7705
BFGS:  261 20:44:20    -1106.671287        0.7788
BFGS:  262 20:44:20    -1106.672064        0.7473
BFGS:  263 20:44:20    -1106.672690        0.7656
BFGS:  264 20:44:20    -1106.673054        0.7477
BFGS:  265 20:44:20    -1106.673243        0.7637
BFGS:  266 20:44:20    -1106.673427        0.7576
BFGS:  267 20:44:20    -1106.673739        0.7491
BFGS:  268 20:44:20    -1106.674412        0.7428
BFGS:  269 20:44:20    -1106.675750        0.7588
BFGS:  270 20:44:20    -1106.677996        0.7780
BFGS:  271 20:44:20    -1106.680709        0.7831
BFGS:  272 20:44:20    -1106.682612        0.7595
BFGS:  273 20:44:20    -1106.683347        0.7497
BFGS:  274 20:44:20    -1106.683621        0.7370
BFGS:  275 20:44:20    -1106.683806        0.7369
BFGS:  276 20:44:20    -1106.683994        0.7310
BFGS:  277 20:44:20    -1106.684246        0.7333
BFGS:  278 20:44:20    -1106.684656        0.7336
BFGS:  279 20:44:20    -1106.685402        0.7450
BFGS:  280 20:44:20    -1106.686815        0.7620
BFGS:  281 20:44:20    -1106.689444        0.7979
BFGS:  282 20:44:20    -1106.694417        0.9201
BFGS:  283 20:44:20    -1106.701929        1.0531
BFGS:  284 20:44:21    -1106.710503        1.1290
BFGS:  285 20:44:21    -1106.719252        1.1577
BFGS:  286 20:44:21    -1106.727532        1.1561
BFGS:  287 20:44:21    -1106.736087        1.1362
BFGS:  288 20:44:21    -1106.745058        1.1028
BFGS:  289 20:44:21    -1106.754226        1.0574
BFGS:  290 20:44:21    -1106.763450        0.9997
BFGS:  291 20:44:21    -1106.772432        0.9328
BFGS:  292 20:44:21    -1106.781099        0.8557
BFGS:  293 20:44:21    -1106.789101        0.7746
BFGS:  294 20:44:21    -1106.796626        0.6835
BFGS:  295 20:44:21    -1106.803005        0.5991
BFGS:  296 20:44:21    -1106.809236        0.4951
BFGS:  297 20:44:21    -1106.813532        0.4297
BFGS:  298 20:44:21    -1106.818431        0.3481
BFGS:  299 20:44:21    -1106.822466        0.3450
BFGS:  300 20:44:21    -1106.827391        0.5461
BFGS:  301 20:44:21    -1106.831188        0.7373
BFGS:  302 20:44:21    -1106.836893        0.7864
BFGS:  303 20:44:21    -1106.841924        0.8756
BFGS:  304 20:44:21    -1106.847354        0.9423
BFGS:  305 20:44:21    -1106.853132        0.9906
BFGS:  306 20:44:21    -1106.859362        1.0020
BFGS:  307 20:44:21    -1106.866236        0.9616
BFGS:  308 20:44:21    -1106.873909        0.8320
BFGS:  309 20:44:21    -1106.882632        0.7387
BFGS:  310 20:44:21    -1106.890980        0.7874
BFGS:  311 20:44:21    -1106.900038        0.6866
BFGS:  312 20:44:21    -1106.912523        0.4589
BFGS:  313 20:44:21    -1106.914948        0.4220
BFGS:  314 20:44:21    -1106.917804        0.2852
BFGS:  315 20:44:21    -1106.918887        0.1107
BFGS:  316 20:44:21    -1106.919049        0.0698
