      Step     Time          Energy         fmax
BFGS:    0 20:46:26     -746.971106       88.3427
BFGS:    1 20:46:26     -771.611806       71.8564
BFGS:    2 20:46:26     -789.465799       63.3993
BFGS:    3 20:46:27     -805.125544       55.6517
BFGS:    4 20:46:27     -819.956066       54.9874
BFGS:    5 20:46:27     -833.167634       56.8700
BFGS:    6 20:46:27     -845.898601       61.2432
BFGS:    7 20:46:27     -860.038686       63.1129
BFGS:    8 20:46:27     -874.331219       62.8951
BFGS:    9 20:46:27     -888.943477       73.7346
BFGS:   10 20:46:27     -902.669772       88.3124
BFGS:   11 20:46:27     -916.041129       95.1271
BFGS:   12 20:46:27     -929.231672      100.2453
BFGS:   13 20:46:27     -940.183791       99.8501
BFGS:   14 20:46:27     -951.346533       99.8145
BFGS:   15 20:46:27     -962.196022       98.4928
BFGS:   16 20:46:27     -972.582545       96.6643
BFGS:   17 20:46:27     -981.807517       98.3595
BFGS:   18 20:46:27     -990.560447       98.7429
BFGS:   19 20:46:27     -999.183743       99.8320
BFGS:   20 20:46:27    -1008.072827       99.3172
BFGS:   21 20:46:27    -1016.449524       97.7009
BFGS:   22 20:46:27    -1024.674338       94.7987
BFGS:   23 20:46:27    -1030.310930       82.8191
BFGS:   24 20:46:27    -1035.872682       77.2414
BFGS:   25 20:46:27    -1040.460210       69.6901
BFGS:   26 20:46:27    -1043.977329       61.4230
BFGS:   27 20:46:28    -1046.886176       55.8002
BFGS:   28 20:46:28    -1049.543293       50.6473
BFGS:   29 20:46:28    -1052.162013       44.6695
BFGS:   30 20:46:28    -1054.638330       39.0550
BFGS:   31 20:46:28    -1056.949064       33.9942
BFGS:   32 20:46:28    -1059.146871       28.9848
BFGS:   33 20:46:28    -1061.208940       25.4950
BFGS:   34 20:46:28    -1063.208509       25.0973
BFGS:   35 20:46:28    -1065.151170       23.8482
BFGS:   36 20:46:28    -1067.192469       21.9053
BFGS:   37 20:46:28    -1069.160852       18.8576
BFGS:   38 20:46:28    -1070.977957       15.8993
BFGS:   39 20:46:28    -1072.650215       13.5251
BFGS:   40 20:46:28    -1073.923640       13.2784
BFGS:   41 20:46:28    -1074.956452       13.0491
BFGS:   42 20:46:28    -1075.901307       12.6101
BFGS:   43 20:46:28    -1076.884258       13.4280
BFGS:   44 20:46:28    -1077.955576       13.9951
BFGS:   45 20:46:28    -1078.999571       13.9534
BFGS:   46 20:46:28    -1080.003930       13.7278
BFGS:   47 20:46:28    -1080.880665       13.6312
BFGS:   48 20:46:28    -1081.703505       13.2210
BFGS:   49 20:46:28    -1082.500028       12.7139
BFGS:   50 20:46:29    -1083.196541       12.6227
BFGS:   51 20:46:29    -1083.753010       12.5023
BFGS:   52 20:46:29    -1084.273193       12.6586
BFGS:   53 20:46:29    -1084.781204       12.8685
BFGS:   54 20:46:29    -1085.279166       13.0803
BFGS:   55 20:46:29    -1085.761636       13.2902
BFGS:   56 20:46:29    -1086.239486       13.5164
BFGS:   57 20:46:29    -1086.710512       13.6040
BFGS:   58 20:46:29    -1087.182478       13.4450
BFGS:   59 20:46:29    -1087.659714       13.3137
BFGS:   60 20:46:29    -1088.137603       13.0693
BFGS:   61 20:46:29    -1088.619661       13.1221
BFGS:   62 20:46:29    -1089.120342       12.4846
BFGS:   63 20:46:29    -1089.618555       12.0175
BFGS:   64 20:46:29    -1090.125296       11.0450
BFGS:   65 20:46:29    -1090.600380       10.1849
BFGS:   66 20:46:29    -1091.045911        8.8907
BFGS:   67 20:46:29    -1091.393471        7.9339
BFGS:   68 20:46:29    -1091.694132        7.0316
BFGS:   69 20:46:29    -1091.984976        6.2863
BFGS:   70 20:46:29    -1092.267247        6.6259
BFGS:   71 20:46:29    -1092.534403        7.0332
BFGS:   72 20:46:29    -1092.756116        7.3124
BFGS:   73 20:46:29    -1092.975077        7.5286
BFGS:   74 20:46:30    -1093.175127        7.4534
BFGS:   75 20:46:30    -1093.408883        7.0417
BFGS:   76 20:46:30    -1093.633722        6.5684
BFGS:   77 20:46:30    -1093.876953        7.0385
BFGS:   78 20:46:30    -1094.121253        7.3299
BFGS:   79 20:46:30    -1094.424514        7.4263
BFGS:   80 20:46:30    -1094.710811        8.1231
BFGS:   81 20:46:30    -1094.971155        9.5790
BFGS:   82 20:46:30    -1095.269863        9.5962
BFGS:   83 20:46:30    -1095.581753        8.4873
BFGS:   84 20:46:30    -1095.922061        7.0515
BFGS:   85 20:46:30    -1096.230259        7.0470
BFGS:   86 20:46:30    -1096.611663        8.1760
BFGS:   87 20:46:30    -1096.921655        9.4416
BFGS:   88 20:46:30    -1097.354719       10.9219
BFGS:   89 20:46:30    -1097.816158       11.6009
BFGS:   90 20:46:30    -1098.464662       10.7424
BFGS:   91 20:46:30    -1099.191388        8.9169
BFGS:   92 20:46:30    -1099.825736        7.2303
BFGS:   93 20:46:30    -1100.401825        6.0529
BFGS:   94 20:46:30    -1100.850852        5.2050
BFGS:   95 20:46:30    -1101.162508        4.5074
BFGS:   96 20:46:30    -1101.307585        5.8252
BFGS:   97 20:46:31    -1101.442435        5.9288
BFGS:   98 20:46:31    -1101.612960        6.7354
BFGS:   99 20:46:31    -1101.717213        4.1253
BFGS:  100 20:46:31    -1101.777679        4.3176
BFGS:  101 20:46:31    -1101.819226        3.6654
BFGS:  102 20:46:31    -1101.847079        3.0780
BFGS:  103 20:46:31    -1101.864606        2.5945
BFGS:  104 20:46:31    -1101.878693        2.4919
BFGS:  105 20:46:31    -1101.893056        2.5353
BFGS:  106 20:46:31    -1101.913684        2.5290
BFGS:  107 20:46:31    -1101.939719        2.7866
BFGS:  108 20:46:31    -1101.968205        2.8325
BFGS:  109 20:46:31    -1102.000309        2.7362
BFGS:  110 20:46:31    -1102.038065        2.3776
BFGS:  111 20:46:31    -1102.072848        2.5407
BFGS:  112 20:46:31    -1102.096907        2.2868
BFGS:  113 20:46:31    -1102.110086        1.7224
BFGS:  114 20:46:31    -1102.116727        1.0906
BFGS:  115 20:46:31    -1102.120662        0.9770
BFGS:  116 20:46:31    -1102.123092        0.9651
BFGS:  117 20:46:31    -1102.124467        0.9468
BFGS:  118 20:46:31    -1102.125539        0.9569
BFGS:  119 20:46:31    -1102.126914        0.9492
BFGS:  120 20:46:32    -1102.128805        0.9196
BFGS:  121 20:46:32    -1102.130720        1.5715
BFGS:  122 20:46:32    -1102.133539        0.8295
BFGS:  123 20:46:32    -1102.136928        0.9208
BFGS:  124 20:46:32    -1102.136366        1.2772
BFGS:  125 20:46:32    -1102.141941        1.1050
BFGS:  126 20:46:32    -1102.143241        0.9512
BFGS:  127 20:46:32    -1102.147083        0.8750
BFGS:  128 20:46:32    -1102.149811        0.9021
BFGS:  129 20:46:32    -1102.152979        0.9314
BFGS:  130 20:46:32    -1102.153642        0.9204
BFGS:  131 20:46:32    -1102.155565        0.9339
BFGS:  132 20:46:32    -1102.156804        0.8752
BFGS:  133 20:46:32    -1102.158644        0.8165
BFGS:  134 20:46:32    -1102.159954        0.8186
BFGS:  135 20:46:32    -1102.162562        0.8911
BFGS:  136 20:46:32    -1102.165039        0.9938
BFGS:  137 20:46:32    -1102.168674        1.1357
BFGS:  138 20:46:32    -1102.174007        1.2617
BFGS:  139 20:46:32    -1102.183087        1.3767
BFGS:  140 20:46:32    -1102.195540        1.5167
BFGS:  141 20:46:32    -1102.206289        1.8500
BFGS:  142 20:46:32    -1102.213623        1.7683
BFGS:  143 20:46:33    -1102.219888        1.5525
BFGS:  144 20:46:33    -1102.227422        1.6823
BFGS:  145 20:46:33    -1102.233955        1.7647
BFGS:  146 20:46:33    -1102.243870        1.7238
BFGS:  147 20:46:33    -1102.258787        1.7515
BFGS:  148 20:46:33    -1102.267770        1.8201
BFGS:  149 20:46:33    -1102.281382        1.8787
BFGS:  150 20:46:33    -1102.290769        2.3441
BFGS:  151 20:46:33    -1102.300108        2.6848
BFGS:  152 20:46:33    -1102.305538        2.8143
BFGS:  153 20:46:33    -1102.310036        2.8606
BFGS:  154 20:46:33    -1102.313396        2.7491
BFGS:  155 20:46:33    -1102.319994        2.3265
BFGS:  156 20:46:33    -1102.325761        1.8641
BFGS:  157 20:46:33    -1102.332621        1.4835
BFGS:  158 20:46:33    -1102.338405        1.4584
BFGS:  159 20:46:33    -1102.342853        1.5471
BFGS:  160 20:46:33    -1102.347605        1.6266
BFGS:  161 20:46:33    -1102.354008        1.5834
BFGS:  162 20:46:33    -1102.360165        1.7104
BFGS:  163 20:46:33    -1102.365404        1.6537
BFGS:  164 20:46:33    -1102.370526        1.5099
BFGS:  165 20:46:33    -1102.376868        1.1481
BFGS:  166 20:46:34    -1102.385035        0.8967
BFGS:  167 20:46:34    -1102.394606        0.7143
BFGS:  168 20:46:34    -1102.401991        0.5755
BFGS:  169 20:46:34    -1102.405543        0.4227
BFGS:  170 20:46:34    -1102.406881        0.3424
BFGS:  171 20:46:34    -1102.407582        0.2819
BFGS:  172 20:46:34    -1102.407961        0.2007
BFGS:  173 20:46:34    -1102.408150        0.1624
BFGS:  174 20:46:34    -1102.408243        0.1568
BFGS:  175 20:46:34    -1102.408302        0.1512
BFGS:  176 20:46:34    -1102.408345        0.1585
BFGS:  177 20:46:34    -1102.408391        0.1642
BFGS:  178 20:46:34    -1102.408453        0.1723
BFGS:  179 20:46:34    -1102.408538        0.1715
BFGS:  180 20:46:34    -1102.408653        0.1592
BFGS:  181 20:46:34    -1102.408804        0.1270
BFGS:  182 20:46:34    -1102.408974        0.1237
BFGS:  183 20:46:34    -1102.409118        0.1033
BFGS:  184 20:46:34    -1102.409211        0.0971
