      Step     Time          Energy         fmax
BFGS:    0 20:48:12     -723.117835      154.6784
BFGS:    1 20:48:12     -750.046447      145.2101
BFGS:    2 20:48:12     -778.197625      139.0679
BFGS:    3 20:48:12     -802.293944      130.8367
BFGS:    4 20:48:12     -823.197319      119.5404
BFGS:    5 20:48:12     -845.621645      109.6520
BFGS:    6 20:48:12     -864.614678      102.4737
BFGS:    7 20:48:12     -881.521563      103.4933
BFGS:    8 20:48:12     -898.493633      104.8661
BFGS:    9 20:48:12     -915.685592      102.6596
BFGS:   10 20:48:12     -930.968602      102.7328
BFGS:   11 20:48:12     -946.741280      100.1120
BFGS:   12 20:48:12     -961.381946       98.8619
BFGS:   13 20:48:12     -973.066592       94.3573
BFGS:   14 20:48:12     -984.316900       87.4486
BFGS:   15 20:48:12     -994.631159       81.8859
BFGS:   16 20:48:12    -1004.274489       75.8300
BFGS:   17 20:48:12    -1013.072120       67.0914
BFGS:   18 20:48:12    -1022.209036       57.4893
BFGS:   19 20:48:12    -1029.670162       52.4690
BFGS:   20 20:48:12    -1035.653807       45.4823
BFGS:   21 20:48:12    -1040.756417       39.2030
BFGS:   22 20:48:12    -1044.525672       35.3679
BFGS:   23 20:48:12    -1048.135913       31.8513
BFGS:   24 20:48:13    -1051.021114       29.0793
BFGS:   25 20:48:13    -1053.603646       26.5427
BFGS:   26 20:48:13    -1055.713790       24.7652
BFGS:   27 20:48:13    -1057.773825       23.2323
BFGS:   28 20:48:13    -1059.643846       22.0627
BFGS:   29 20:48:13    -1061.510362       20.6883
BFGS:   30 20:48:13    -1063.194987       20.1130
BFGS:   31 20:48:13    -1065.065948       18.6042
BFGS:   32 20:48:13    -1066.874606       17.8278
BFGS:   33 20:48:13    -1068.523268       17.2293
BFGS:   34 20:48:13    -1070.106851       16.5772
BFGS:   35 20:48:13    -1071.563850       15.8819
BFGS:   36 20:48:13    -1072.934556       15.5792
BFGS:   37 20:48:13    -1074.177650       16.0190
BFGS:   38 20:48:13    -1075.286743       15.6959
BFGS:   39 20:48:13    -1076.287033       14.9266
BFGS:   40 20:48:13    -1077.173318       13.3671
BFGS:   41 20:48:13    -1077.906310       11.1673
BFGS:   42 20:48:13    -1078.537620        8.1731
BFGS:   43 20:48:13    -1079.059586        5.9907
BFGS:   44 20:48:13    -1079.535126        5.4896
BFGS:   45 20:48:13    -1079.961274        6.3008
BFGS:   46 20:48:13    -1080.361155        7.8962
BFGS:   47 20:48:13    -1080.680432       10.2336
BFGS:   48 20:48:13    -1080.980277        9.9950
BFGS:   49 20:48:13    -1081.424841       10.9270
BFGS:   50 20:48:13    -1082.249402        7.7648
BFGS:   51 20:48:13    -1083.044697        7.9442
BFGS:   52 20:48:13    -1083.754831        9.3450
BFGS:   53 20:48:13    -1084.248401        5.6582
BFGS:   54 20:48:13    -1084.692712        4.8357
BFGS:   55 20:48:13    -1085.061055        4.1109
BFGS:   56 20:48:13    -1085.363691        3.8534
BFGS:   57 20:48:13    -1085.656223        4.9373
BFGS:   58 20:48:13    -1085.919915        6.2491
BFGS:   59 20:48:13    -1086.167914        7.5136
BFGS:   60 20:48:13    -1086.388203        7.4168
BFGS:   61 20:48:13    -1086.534234        6.7341
BFGS:   62 20:48:13    -1086.718570        6.0525
BFGS:   63 20:48:13    -1086.870595        4.4110
BFGS:   64 20:48:14    -1086.927922        3.9673
BFGS:   65 20:48:14    -1087.068868        3.6496
BFGS:   66 20:48:14    -1087.153686        4.5717
BFGS:   67 20:48:14    -1087.292092        3.1861
BFGS:   68 20:48:14    -1087.406340        3.0290
BFGS:   69 20:48:14    -1087.474994        2.5909
BFGS:   70 20:48:14    -1087.506713        2.0625
BFGS:   71 20:48:14    -1087.539807        1.9654
BFGS:   72 20:48:14    -1087.579913        2.0722
BFGS:   73 20:48:14    -1087.674065        5.5013
BFGS:   74 20:48:14    -1087.779399        9.1797
BFGS:   75 20:48:14    -1087.821091       11.4250
BFGS:   76 20:48:14    -1087.892795       10.4427
BFGS:   77 20:48:14    -1087.934252       10.4656
BFGS:   78 20:48:14    -1087.995243        9.7068
BFGS:   79 20:48:14    -1088.053277        9.9374
BFGS:   80 20:48:14    -1088.170152        9.8096
BFGS:   81 20:48:14    -1088.348289        9.0229
BFGS:   82 20:48:14    -1088.485980        9.9286
BFGS:   83 20:48:14    -1088.682736        8.5156
BFGS:   84 20:48:14    -1089.132032        8.0038
BFGS:   85 20:48:14    -1089.552439        7.7113
BFGS:   86 20:48:14    -1090.035723        6.5051
BFGS:   87 20:48:14    -1090.398822        7.6533
BFGS:   88 20:48:14    -1090.646253        9.0756
BFGS:   89 20:48:14    -1090.917628        9.9752
BFGS:   90 20:48:14    -1091.210388       10.8515
BFGS:   91 20:48:14    -1091.444880       12.6729
BFGS:   92 20:48:14    -1091.684061       13.6051
BFGS:   93 20:48:14    -1091.924418       12.6468
BFGS:   94 20:48:14    -1092.208038       12.7170
BFGS:   95 20:48:14    -1092.592868       11.7650
BFGS:   96 20:48:14    -1093.120742       11.7574
BFGS:   97 20:48:14    -1093.796287       11.0621
BFGS:   98 20:48:14    -1094.667123       13.8584
BFGS:   99 20:48:14    -1095.634287       15.1635
BFGS:  100 20:48:14    -1096.569106       16.1429
BFGS:  101 20:48:14    -1097.411994       19.1985
BFGS:  102 20:48:14    -1098.175042       22.1543
BFGS:  103 20:48:14    -1098.874059       24.9312
BFGS:  104 20:48:14    -1099.551461       27.0711
BFGS:  105 20:48:15    -1100.269317       28.4253
BFGS:  106 20:48:15    -1100.972876       29.6636
BFGS:  107 20:48:15    -1101.584504       30.9947
BFGS:  108 20:48:15    -1102.211370       32.2546
BFGS:  109 20:48:15    -1102.877392       33.9785
BFGS:  110 20:48:15    -1103.658954       35.4008
BFGS:  111 20:48:15    -1104.531623       37.0739
BFGS:  112 20:48:15    -1105.496904       38.4590
BFGS:  113 20:48:15    -1106.527584       39.3313
BFGS:  114 20:48:15    -1107.552364       39.9404
BFGS:  115 20:48:15    -1108.600936       38.7173
BFGS:  116 20:48:15    -1109.706128       37.7859
BFGS:  117 20:48:15    -1110.769134       35.5291
BFGS:  118 20:48:15    -1111.935123       32.9472
BFGS:  119 20:48:15    -1113.020971       30.3090
BFGS:  120 20:48:15    -1114.171725       27.8534
BFGS:  121 20:48:15    -1115.173608       26.0321
BFGS:  122 20:48:15    -1116.026679       24.2467
BFGS:  123 20:48:15    -1116.927595       22.2830
BFGS:  124 20:48:15    -1117.853372       20.0009
BFGS:  125 20:48:15    -1118.829804       17.3193
BFGS:  126 20:48:15    -1119.709467       14.4935
BFGS:  127 20:48:15    -1120.469853       14.5384
BFGS:  128 20:48:15    -1121.176237       16.6112
BFGS:  129 20:48:15    -1121.901309       16.8964
BFGS:  130 20:48:15    -1122.645696       18.3873
BFGS:  131 20:48:15    -1123.363381       17.0923
BFGS:  132 20:48:15    -1124.164703       15.5801
BFGS:  133 20:48:15    -1124.823312       15.7545
BFGS:  134 20:48:15    -1125.373949       17.0802
BFGS:  135 20:48:15    -1125.787540       19.0076
BFGS:  136 20:48:15    -1126.190840       16.1493
BFGS:  137 20:48:15    -1126.526162       15.6045
BFGS:  138 20:48:15    -1126.840717       15.8811
BFGS:  139 20:48:15    -1127.136033       15.7979
BFGS:  140 20:48:15    -1127.439033       15.5942
BFGS:  141 20:48:15    -1128.089229       15.9221
BFGS:  142 20:48:15    -1129.026860       15.6925
BFGS:  143 20:48:15    -1130.068125       16.6952
BFGS:  144 20:48:15    -1131.029943       19.2428
BFGS:  145 20:48:15    -1132.254656       19.6019
BFGS:  146 20:48:15    -1133.375510       19.0206
BFGS:  147 20:48:15    -1134.428216       16.8683
BFGS:  148 20:48:16    -1135.461945       15.7773
BFGS:  149 20:48:16    -1136.439801       15.1132
BFGS:  150 20:48:16    -1137.337966       14.8116
BFGS:  151 20:48:16    -1138.209153       14.0999
BFGS:  152 20:48:16    -1139.020249       13.1186
BFGS:  153 20:48:16    -1139.774750       11.9791
BFGS:  154 20:48:16    -1140.410151       10.7137
BFGS:  155 20:48:16    -1140.879453       11.3018
BFGS:  156 20:48:16    -1141.194168       10.3889
BFGS:  157 20:48:16    -1141.411639       10.0787
BFGS:  158 20:48:16    -1141.598507        9.7196
BFGS:  159 20:48:16    -1141.874011        8.3863
BFGS:  160 20:48:16    -1142.313100       12.0075
BFGS:  161 20:48:16    -1142.827233       18.5343
BFGS:  162 20:48:16    -1143.743223       21.2169
BFGS:  163 20:48:16    -1144.237919       15.5607
BFGS:  164 20:48:16    -1145.038645       12.9802
BFGS:  165 20:48:16    -1145.889795       14.1868
BFGS:  166 20:48:16    -1146.775888       15.4239
BFGS:  167 20:48:16    -1147.517079       15.6775
BFGS:  168 20:48:16    -1148.255592       15.2920
BFGS:  169 20:48:16    -1149.015964       14.5749
BFGS:  170 20:48:16    -1149.783021       14.5948
BFGS:  171 20:48:16    -1150.595355       15.9341
BFGS:  172 20:48:16    -1151.408823       17.0699
BFGS:  173 20:48:16    -1152.215470       17.4615
BFGS:  174 20:48:16    -1152.986127       17.6051
BFGS:  175 20:48:16    -1153.737046       16.7614
BFGS:  176 20:48:16    -1154.444297       15.4999
BFGS:  177 20:48:16    -1155.076201       13.3828
BFGS:  178 20:48:16    -1155.642871       11.1562
BFGS:  179 20:48:16    -1156.125722        8.4724
BFGS:  180 20:48:16    -1156.525624        7.9560
BFGS:  181 20:48:16    -1156.869514        8.0558
BFGS:  182 20:48:16    -1157.128621        8.0045
BFGS:  183 20:48:16    -1157.371627        7.8206
BFGS:  184 20:48:16    -1157.617866        7.8365
BFGS:  185 20:48:16    -1157.862596        6.1013
BFGS:  186 20:48:16    -1158.050797        5.8003
BFGS:  187 20:48:16    -1158.202712        5.3612
BFGS:  188 20:48:16    -1158.322028        4.3450
BFGS:  189 20:48:16    -1158.408108        3.4497
BFGS:  190 20:48:16    -1158.445149        3.3320
BFGS:  191 20:48:16    -1158.478278        4.0328
BFGS:  192 20:48:16    -1158.517734        4.2522
BFGS:  193 20:48:16    -1158.571872        4.9186
BFGS:  194 20:48:17    -1158.617342        5.2596
BFGS:  195 20:48:17    -1158.672146        5.7819
BFGS:  196 20:48:17    -1158.746809        6.4045
BFGS:  197 20:48:17    -1158.830006        6.3813
BFGS:  198 20:48:17    -1158.912394        7.4174
BFGS:  199 20:48:17    -1158.976779        6.1253
BFGS:  200 20:48:17    -1159.025463        6.6895
BFGS:  201 20:48:17    -1159.060429        5.6266
BFGS:  202 20:48:17    -1159.093600        4.3288
BFGS:  203 20:48:17    -1159.121272        4.5315
BFGS:  204 20:48:17    -1159.160689        4.7156
BFGS:  205 20:48:17    -1159.186139        4.7530
BFGS:  206 20:48:17    -1159.220547        4.8808
BFGS:  207 20:48:17    -1159.244312        4.8874
BFGS:  208 20:48:17    -1159.260289        4.6880
BFGS:  209 20:48:17    -1159.269177        4.5269
BFGS:  210 20:48:17    -1159.274553        4.2564
BFGS:  211 20:48:17    -1159.280369        4.3583
BFGS:  212 20:48:17    -1159.287670        4.8395
BFGS:  213 20:48:17    -1159.291126        4.8059
BFGS:  214 20:48:17    -1159.297813        4.9834
BFGS:  215 20:48:17    -1159.302334        5.0354
BFGS:  216 20:48:17    -1159.312384        5.2276
BFGS:  217 20:48:17    -1159.321340        5.3275
BFGS:  218 20:48:17    -1159.347665        5.4931
BFGS:  219 20:48:17    -1159.361192        5.4608
BFGS:  220 20:48:17    -1159.379435        5.3053
BFGS:  221 20:48:17    -1159.395964        5.1373
BFGS:  222 20:48:17    -1159.412596        5.0233
BFGS:  223 20:48:17    -1159.425400        4.9592
BFGS:  224 20:48:17    -1159.433859        4.9989
BFGS:  225 20:48:17    -1159.438735        5.0250
BFGS:  226 20:48:17    -1159.442844        5.0775
BFGS:  227 20:48:17    -1159.447108        5.0675
BFGS:  228 20:48:17    -1159.451641        5.0262
BFGS:  229 20:48:17    -1159.455834        4.9198
BFGS:  230 20:48:17    -1159.458378        4.8229
BFGS:  231 20:48:17    -1159.458995        4.6204
BFGS:  232 20:48:17    -1159.461768        4.7583
BFGS:  233 20:48:17    -1159.462943        4.8004
BFGS:  234 20:48:17    -1159.463899        4.7890
BFGS:  235 20:48:17    -1159.464498        4.7554
BFGS:  236 20:48:17    -1159.464738        4.6973
BFGS:  237 20:48:17    -1159.465011        4.7202
BFGS:  238 20:48:17    -1159.465214        4.7625
BFGS:  239 20:48:17    -1159.465292        4.7627
BFGS:  240 20:48:17    -1159.465005        4.7710
BFGS:  241 20:48:17    -1159.465359        4.7525
BFGS:  242 20:48:17    -1159.465335        4.7574
BFGS:  243 20:48:18    -1159.465375        4.7618
BFGS:  244 20:48:18    -1159.465371        4.7639
BFGS:  245 20:48:18    -1159.465374        4.7676
BFGS:  246 20:48:18    -1159.465350        4.7709
BFGS:  247 20:48:18    -1159.465368        4.7652
BFGS:  248 20:48:18    -1159.465348        4.7567
BFGS:  249 20:48:18    -1159.465371        4.7632
BFGS:  250 20:48:18    -1159.465303        4.7726
BFGS:  251 20:48:18    -1159.465358        4.7652
BFGS:  252 20:48:18    -1159.465311        4.7533
