      Step     Time          Energy         fmax
BFGS:    0 20:46:58     -767.901718      110.8707
BFGS:    1 20:46:58     -795.904658       93.0737
BFGS:    2 20:46:58     -813.033467       88.3171
BFGS:    3 20:46:58     -828.883742       83.6956
BFGS:    4 20:46:58     -842.132344       78.9489
BFGS:    5 20:46:58     -856.569658       79.5540
BFGS:    6 20:46:58     -867.377078       67.0623
BFGS:    7 20:46:58     -876.472571       62.4333
BFGS:    8 20:46:58     -883.450116       62.0548
BFGS:    9 20:46:58     -892.537656       40.6734
BFGS:   10 20:46:58     -900.112510       36.9809
BFGS:   11 20:46:58     -907.489508       41.3605
BFGS:   12 20:46:58     -914.692797       46.4956
BFGS:   13 20:46:58     -920.940034       57.1079
BFGS:   14 20:46:58     -928.571656       62.1864
BFGS:   15 20:46:58     -936.552199       64.7366
BFGS:   16 20:46:58     -943.583024       62.4468
BFGS:   17 20:46:59     -949.698039       62.1260
BFGS:   18 20:46:59     -954.998015       62.4649
BFGS:   19 20:46:59     -960.030158       62.1255
BFGS:   20 20:46:59     -965.184259       60.9425
BFGS:   21 20:46:59     -970.835997       58.9465
BFGS:   22 20:46:59     -976.850745       55.8309
BFGS:   23 20:46:59     -983.240463       53.1169
BFGS:   24 20:46:59     -988.440985       48.7599
BFGS:   25 20:46:59     -992.708813       47.3511
BFGS:   26 20:46:59     -996.839324       42.0763
BFGS:   27 20:46:59    -1001.209612       38.0985
BFGS:   28 20:46:59    -1004.149350       36.1578
BFGS:   29 20:46:59    -1006.753778       33.3588
BFGS:   30 20:46:59    -1009.007301       31.6338
BFGS:   31 20:46:59    -1011.389473       29.3700
BFGS:   32 20:46:59    -1013.758867       27.1891
BFGS:   33 20:46:59    -1015.859419       26.2167
BFGS:   34 20:46:59    -1017.897094       23.6550
BFGS:   35 20:46:59    -1019.723103       19.8653
BFGS:   36 20:46:59    -1021.421420       17.4779
BFGS:   37 20:46:59    -1022.947624       16.0656
BFGS:   38 20:46:59    -1024.221397       14.6426
BFGS:   39 20:46:59    -1025.351794       13.2472
BFGS:   40 20:47:00    -1026.456043       11.4868
BFGS:   41 20:47:00    -1027.571745        9.8042
BFGS:   42 20:47:00    -1028.594718        8.1532
BFGS:   43 20:47:00    -1029.513441        7.2788
BFGS:   44 20:47:00    -1030.302828        6.6701
BFGS:   45 20:47:00    -1031.009403        6.0927
BFGS:   46 20:47:00    -1031.647771        5.7109
BFGS:   47 20:47:00    -1032.242222        7.6081
BFGS:   48 20:47:00    -1032.721521        7.1956
BFGS:   49 20:47:00    -1033.128920        6.0556
BFGS:   50 20:47:00    -1033.441010        5.6251
BFGS:   51 20:47:00    -1033.745954        5.1402
BFGS:   52 20:47:00    -1034.024491        4.4006
BFGS:   53 20:47:00    -1034.251740        3.6306
BFGS:   54 20:47:00    -1034.421898        3.0071
BFGS:   55 20:47:00    -1034.543081        3.2011
BFGS:   56 20:47:00    -1034.651304        3.9242
BFGS:   57 20:47:00    -1034.767474        4.5097
BFGS:   58 20:47:00    -1034.892637        5.2228
BFGS:   59 20:47:00    -1035.026672        5.9608
BFGS:   60 20:47:00    -1035.176090        6.7949
BFGS:   61 20:47:00    -1035.361449        7.4552
BFGS:   62 20:47:00    -1035.627300        7.0525
BFGS:   63 20:47:00    -1035.947735        6.0558
BFGS:   64 20:47:00    -1036.228833        5.0325
BFGS:   65 20:47:01    -1036.461505        4.1749
BFGS:   66 20:47:01    -1036.592352        4.1041
BFGS:   67 20:47:01    -1036.676252        3.6885
BFGS:   68 20:47:01    -1036.726129        3.2318
BFGS:   69 20:47:01    -1036.775550        3.2019
BFGS:   70 20:47:01    -1036.806711        3.1386
BFGS:   71 20:47:01    -1036.830157        3.0749
BFGS:   72 20:47:01    -1036.851723        2.8877
BFGS:   73 20:47:01    -1036.877378        2.8013
BFGS:   74 20:47:01    -1036.899226        2.8362
BFGS:   75 20:47:01    -1036.932984        2.8474
BFGS:   76 20:47:01    -1036.974774        3.0015
BFGS:   77 20:47:01    -1037.020474        3.0285
BFGS:   78 20:47:01    -1037.050931        3.1996
BFGS:   79 20:47:01    -1037.072347        3.0134
BFGS:   80 20:47:01    -1037.102070        3.1070
BFGS:   81 20:47:01    -1037.141388        3.6974
BFGS:   82 20:47:01    -1037.180702        4.3329
BFGS:   83 20:47:01    -1037.233491        4.6179
BFGS:   84 20:47:01    -1037.284332        4.5490
BFGS:   85 20:47:01    -1037.299235        5.8029
BFGS:   86 20:47:01    -1037.350000        4.7735
BFGS:   87 20:47:01    -1037.362813        4.5852
BFGS:   88 20:47:01    -1037.380019        4.1039
BFGS:   89 20:47:02    -1037.389369        3.9343
BFGS:   90 20:47:02    -1037.399596        3.5047
BFGS:   91 20:47:02    -1037.408284        3.4091
BFGS:   92 20:47:02    -1037.419299        3.3325
BFGS:   93 20:47:02    -1037.428282        3.2727
BFGS:   94 20:47:02    -1037.434909        3.1288
BFGS:   95 20:47:02    -1037.439461        3.0564
BFGS:   96 20:47:02    -1037.442887        3.0401
BFGS:   97 20:47:02    -1037.445611        3.0195
BFGS:   98 20:47:02    -1037.448369        3.0116
BFGS:   99 20:47:02    -1037.450930        2.9987
BFGS:  100 20:47:02    -1037.452698        2.9652
BFGS:  101 20:47:02    -1037.453803        2.9237
BFGS:  102 20:47:02    -1037.454655        2.8882
BFGS:  103 20:47:02    -1037.455658        2.8530
BFGS:  104 20:47:02    -1037.457158        2.8180
BFGS:  105 20:47:02    -1037.459566        2.7834
BFGS:  106 20:47:02    -1037.463354        2.7516
BFGS:  107 20:47:02    -1037.469253        2.7197
BFGS:  108 20:47:02    -1037.478027        2.6819
BFGS:  109 20:47:02    -1037.489178        2.6462
BFGS:  110 20:47:02    -1037.501682        2.6235
BFGS:  111 20:47:02    -1037.514593        2.6048
BFGS:  112 20:47:02    -1037.526118        2.5782
BFGS:  113 20:47:02    -1037.536054        2.5850
BFGS:  114 20:47:03    -1037.542863        2.5683
BFGS:  115 20:47:03    -1037.545290        2.7681
BFGS:  116 20:47:03    -1037.545955        2.4972
BFGS:  117 20:47:03    -1037.547964        2.6227
BFGS:  118 20:47:03    -1037.548332        2.6148
BFGS:  119 20:47:03    -1037.548920        2.6024
BFGS:  120 20:47:03    -1037.549039        2.6004
BFGS:  121 20:47:03    -1037.549305        2.6067
BFGS:  122 20:47:03    -1037.549447        2.6066
BFGS:  123 20:47:03    -1037.549671        2.6332
BFGS:  124 20:47:03    -1037.549835        2.6583
BFGS:  125 20:47:03    -1037.549964        2.6779
BFGS:  126 20:47:03    -1037.550037        2.6829
BFGS:  127 20:47:03    -1037.550086        2.6822
BFGS:  128 20:47:03    -1037.550120        2.6797
BFGS:  129 20:47:03    -1037.550144        2.6784
BFGS:  130 20:47:03    -1037.550159        2.6788
BFGS:  131 20:47:03    -1037.550169        2.6807
BFGS:  132 20:47:03    -1037.550175        2.6827
BFGS:  133 20:47:03    -1037.550180        2.6839
BFGS:  134 20:47:03    -1037.550184        2.6838
BFGS:  135 20:47:03    -1037.550188        2.6828
BFGS:  136 20:47:03    -1037.550192        2.6814
BFGS:  137 20:47:03    -1037.550195        2.6802
BFGS:  138 20:47:03    -1037.550197        2.6797
