      Step     Time          Energy         fmax
BFGS:    0 20:47:22     -993.821873       17.0326
BFGS:    1 20:47:22     -995.959860        4.0024
BFGS:    2 20:47:22     -997.010008        3.5449
BFGS:    3 20:47:22     -997.792829        3.5177
BFGS:    4 20:47:23     -998.433567        4.0420
BFGS:    5 20:47:23     -999.080207        5.3843
BFGS:    6 20:47:23     -999.764820        7.8354
BFGS:    7 20:47:23    -1000.432197       10.3697
BFGS:    8 20:47:23    -1001.042137       12.7363
BFGS:    9 20:47:23    -1001.607207       14.9460
BFGS:   10 20:47:23    -1002.197662       17.1108
BFGS:   11 20:47:23    -1002.797044       19.0015
BFGS:   12 20:47:23    -1003.543694       20.8503
BFGS:   13 20:47:23    -1004.580073       23.1529
BFGS:   14 20:47:23    -1005.978041       26.0523
BFGS:   15 20:47:23    -1007.802468       29.3880
BFGS:   16 20:47:23    -1010.114459       33.2467
BFGS:   17 20:47:23    -1012.936256       37.3441
BFGS:   18 20:47:23    -1016.229243       41.5895
BFGS:   19 20:47:23    -1019.638415       45.4366
BFGS:   20 20:47:23    -1022.475407       48.4777
BFGS:   21 20:47:23    -1025.975649       50.9027
BFGS:   22 20:47:23    -1030.248204       52.7959
BFGS:   23 20:47:23    -1034.445715       52.3766
BFGS:   24 20:47:23    -1038.618091       49.5387
BFGS:   25 20:47:23    -1042.465502       45.2600
BFGS:   26 20:47:23    -1046.058538       40.6809
BFGS:   27 20:47:23    -1049.510282       35.1135
BFGS:   28 20:47:23    -1052.355881       31.3489
BFGS:   29 20:47:23    -1055.025763       27.6519
BFGS:   30 20:47:23    -1057.102014       25.3013
BFGS:   31 20:47:23    -1059.226047       22.3674
BFGS:   32 20:47:23    -1061.310277       18.6227
BFGS:   33 20:47:23    -1063.098807       14.9135
BFGS:   34 20:47:23    -1064.879179       11.2189
BFGS:   35 20:47:24    -1066.612144       10.9997
BFGS:   36 20:47:24    -1068.151054       11.5332
BFGS:   37 20:47:24    -1069.287205       11.5507
BFGS:   38 20:47:24    -1070.177232       10.6269
BFGS:   39 20:47:24    -1070.870942        8.9627
BFGS:   40 20:47:24    -1071.420203        6.6156
BFGS:   41 20:47:24    -1071.865566        6.1028
BFGS:   42 20:47:24    -1072.267637        5.9403
BFGS:   43 20:47:24    -1072.668841        6.7240
BFGS:   44 20:47:24    -1073.051571        7.4786
BFGS:   45 20:47:24    -1073.427556        8.2896
BFGS:   46 20:47:24    -1073.769427        8.8647
BFGS:   47 20:47:24    -1074.095604        8.8127
BFGS:   48 20:47:24    -1074.440536        8.4511
BFGS:   49 20:47:24    -1074.779031        7.7962
BFGS:   50 20:47:24    -1075.141325        6.7986
BFGS:   51 20:47:24    -1075.455354        6.0333
BFGS:   52 20:47:24    -1075.748950        5.6921
BFGS:   53 20:47:24    -1076.026909        5.8176
BFGS:   54 20:47:24    -1076.296810        5.8249
BFGS:   55 20:47:24    -1076.563815        6.1372
BFGS:   56 20:47:24    -1076.845657        6.0746
BFGS:   57 20:47:24    -1077.158162        6.2990
BFGS:   58 20:47:24    -1077.510554        6.2297
BFGS:   59 20:47:24    -1077.890448        6.2722
BFGS:   60 20:47:24    -1078.271448        6.4454
BFGS:   61 20:47:24    -1078.639548        7.5814
BFGS:   62 20:47:24    -1078.990458        8.4207
BFGS:   63 20:47:24    -1079.328485        8.4416
BFGS:   64 20:47:25    -1079.653272        7.8891
BFGS:   65 20:47:25    -1079.985707        7.3704
BFGS:   66 20:47:25    -1080.288900        5.6753
BFGS:   67 20:47:25    -1080.596944        5.4369
BFGS:   68 20:47:25    -1080.896519        4.9990
BFGS:   69 20:47:25    -1081.186126        3.6157
BFGS:   70 20:47:25    -1081.387375        2.6231
BFGS:   71 20:47:25    -1081.500077        1.5289
BFGS:   72 20:47:25    -1081.583966        1.9036
BFGS:   73 20:47:25    -1081.669228        1.7364
BFGS:   74 20:47:25    -1081.808546        2.0048
BFGS:   75 20:47:25    -1081.960344        2.4092
BFGS:   76 20:47:25    -1082.108411        4.6501
BFGS:   77 20:47:25    -1082.633217        4.1152
BFGS:   78 20:47:25    -1083.271535        5.3016
BFGS:   79 20:47:25    -1083.791136        6.4406
BFGS:   80 20:47:25    -1084.265602        6.3538
BFGS:   81 20:47:25    -1084.623867        7.8395
BFGS:   82 20:47:25    -1084.974729        7.7147
BFGS:   83 20:47:25    -1085.343939        8.2359
BFGS:   84 20:47:25    -1085.750257        8.1518
BFGS:   85 20:47:25    -1086.183090        8.2260
BFGS:   86 20:47:25    -1086.616095        8.1299
BFGS:   87 20:47:25    -1087.052474        8.2455
BFGS:   88 20:47:25    -1087.506373        8.1117
BFGS:   89 20:47:25    -1087.960035        7.6657
BFGS:   90 20:47:25    -1088.337931        6.6882
BFGS:   91 20:47:25    -1088.684817        5.5446
BFGS:   92 20:47:25    -1089.079264        3.9355
BFGS:   93 20:47:25    -1089.446873        3.4694
BFGS:   94 20:47:25    -1089.787793        3.8712
BFGS:   95 20:47:26    -1090.020459        3.4667
BFGS:   96 20:47:26    -1090.247972        3.2390
BFGS:   97 20:47:26    -1090.473805        2.6897
BFGS:   98 20:47:26    -1090.673986        2.6393
BFGS:   99 20:47:26    -1090.840405        2.4904
BFGS:  100 20:47:26    -1090.984379        2.0336
BFGS:  101 20:47:26    -1091.102921        1.9188
BFGS:  102 20:47:26    -1091.216820        2.1718
BFGS:  103 20:47:26    -1091.315738        2.4287
BFGS:  104 20:47:26    -1091.419466        2.7647
BFGS:  105 20:47:26    -1091.507299        2.8570
BFGS:  106 20:47:26    -1091.597237        2.8556
BFGS:  107 20:47:26    -1091.683687        2.7195
BFGS:  108 20:47:26    -1091.773528        2.5054
BFGS:  109 20:47:26    -1091.867513        2.8748
BFGS:  110 20:47:26    -1091.971198        2.8401
BFGS:  111 20:47:26    -1092.087321        2.3546
BFGS:  112 20:47:26    -1092.210723        1.8211
BFGS:  113 20:47:26    -1092.313299        1.5216
BFGS:  114 20:47:26    -1092.375894        1.4641
BFGS:  115 20:47:26    -1092.436988        1.4510
BFGS:  116 20:47:26    -1092.489034        1.4359
BFGS:  117 20:47:26    -1092.524337        1.3822
BFGS:  118 20:47:26    -1092.560949        1.1117
BFGS:  119 20:47:26    -1092.597430        1.1895
BFGS:  120 20:47:26    -1092.621105        1.0548
BFGS:  121 20:47:26    -1092.638799        0.8110
BFGS:  122 20:47:26    -1092.650644        0.7999
BFGS:  123 20:47:26    -1092.664848        0.7842
BFGS:  124 20:47:26    -1092.677649        0.6992
BFGS:  125 20:47:26    -1092.689311        0.8042
BFGS:  126 20:47:26    -1092.698634        0.6672
BFGS:  127 20:47:26    -1092.707018        0.7053
BFGS:  128 20:47:27    -1092.713049        0.8282
BFGS:  129 20:47:27    -1092.717517        0.8604
BFGS:  130 20:47:27    -1092.722263        0.8336
BFGS:  131 20:47:27    -1092.727865        0.7790
BFGS:  132 20:47:27    -1092.734742        0.7069
BFGS:  133 20:47:27    -1092.742940        0.6782
BFGS:  134 20:47:27    -1092.748078        0.7691
BFGS:  135 20:47:27    -1092.753915        0.6214
BFGS:  136 20:47:27    -1092.758538        0.5611
BFGS:  137 20:47:27    -1092.762006        0.4757
BFGS:  138 20:47:27    -1092.764393        0.4379
BFGS:  139 20:47:27    -1092.766064        0.4645
BFGS:  140 20:47:27    -1092.767360        0.4799
BFGS:  141 20:47:27    -1092.768644        0.4885
BFGS:  142 20:47:27    -1092.770049        0.4689
BFGS:  143 20:47:27    -1092.771707        0.4202
BFGS:  144 20:47:27    -1092.773165        0.3526
BFGS:  145 20:47:27    -1092.774286        0.3009
BFGS:  146 20:47:27    -1092.775157        0.2995
BFGS:  147 20:47:27    -1092.776070        0.3096
BFGS:  148 20:47:27    -1092.777271        0.3348
BFGS:  149 20:47:27    -1092.778643        0.3648
BFGS:  150 20:47:27    -1092.779862        0.3765
BFGS:  151 20:47:27    -1092.780864        0.3607
BFGS:  152 20:47:27    -1092.781876        0.3151
BFGS:  153 20:47:27    -1092.783087        0.2410
BFGS:  154 20:47:27    -1092.784499        0.2344
BFGS:  155 20:47:27    -1092.785818        0.2129
BFGS:  156 20:47:27    -1092.786899        0.1941
BFGS:  157 20:47:27    -1092.787735        0.1423
BFGS:  158 20:47:27    -1092.788324        0.1053
BFGS:  159 20:47:27    -1092.788630        0.0988
