      Step     Time          Energy         fmax
BFGS:    0 20:41:31     -827.240502      108.5174
BFGS:    1 20:41:31     -846.534039       80.7179
BFGS:    2 20:41:31     -860.942087       81.6738
BFGS:    3 20:41:31     -874.232096       88.1956
BFGS:    4 20:41:31     -887.107637       94.4746
BFGS:    5 20:41:31     -902.888660       98.0940
BFGS:    6 20:41:32     -916.549158       99.5567
BFGS:    7 20:41:32     -929.569234       97.5709
BFGS:    8 20:41:32     -942.835638       94.3476
BFGS:    9 20:41:32     -955.553516       88.8411
BFGS:   10 20:41:32     -968.176041       81.9151
BFGS:   11 20:41:32     -980.274133       75.3980
BFGS:   12 20:41:32     -990.174439       67.8446
BFGS:   13 20:41:32     -997.775487       63.8171
BFGS:   14 20:41:32    -1004.688123       57.6278
BFGS:   15 20:41:32    -1010.970151       58.6969
BFGS:   16 20:41:32    -1018.124363       52.3877
BFGS:   17 20:41:32    -1024.526485       48.4199
BFGS:   18 20:41:32    -1029.564838       45.0455
BFGS:   19 20:41:32    -1035.874817       44.1901
BFGS:   20 20:41:32    -1040.290911       41.4626
BFGS:   21 20:41:32    -1044.301849       38.5049
BFGS:   22 20:41:32    -1047.629085       34.3433
BFGS:   23 20:41:32    -1050.917324       29.0319
BFGS:   24 20:41:32    -1054.237364       23.3047
BFGS:   25 20:41:32    -1056.805101       19.9261
BFGS:   26 20:41:32    -1058.815190       17.5132
BFGS:   27 20:41:32    -1060.856171       15.0759
BFGS:   28 20:41:32    -1062.763933       13.0103
BFGS:   29 20:41:32    -1064.575048       13.2722
BFGS:   30 20:41:32    -1066.279468       14.5580
BFGS:   31 20:41:32    -1067.911701       15.1038
BFGS:   32 20:41:32    -1069.465043       14.9542
BFGS:   33 20:41:32    -1070.958163       14.5210
BFGS:   34 20:41:32    -1072.354917       13.7648
BFGS:   35 20:41:32    -1073.551248       12.8849
BFGS:   36 20:41:32    -1074.529743       11.3351
BFGS:   37 20:41:32    -1075.277757       10.0141
BFGS:   38 20:41:33    -1075.895445        8.6802
BFGS:   39 20:41:33    -1076.446460        7.3368
BFGS:   40 20:41:33    -1076.979199        6.0208
BFGS:   41 20:41:33    -1077.520425        4.7732
BFGS:   42 20:41:33    -1078.087287        4.4760
BFGS:   43 20:41:33    -1078.627592        5.0193
BFGS:   44 20:41:33    -1079.179404        5.2253
BFGS:   45 20:41:33    -1079.676150        5.4507
BFGS:   46 20:41:33    -1080.101222        5.3005
BFGS:   47 20:41:33    -1080.496989        5.1238
BFGS:   48 20:41:33    -1080.875459        5.5927
BFGS:   49 20:41:33    -1081.233441        5.7306
BFGS:   50 20:41:33    -1081.576056        5.4353
BFGS:   51 20:41:33    -1081.904660        5.6028
BFGS:   52 20:41:33    -1082.249230        5.8700
BFGS:   53 20:41:33    -1082.626753        6.1713
BFGS:   54 20:41:33    -1082.926625        6.4785
BFGS:   55 20:41:33    -1083.648279        7.0576
BFGS:   56 20:41:33    -1084.355603        7.3389
BFGS:   57 20:41:33    -1084.954805        7.0453
BFGS:   58 20:41:33    -1085.573330        6.7842
BFGS:   59 20:41:33    -1086.147494        6.1282
BFGS:   60 20:41:33    -1086.682537        5.3799
BFGS:   61 20:41:33    -1087.190930        6.5674
BFGS:   62 20:41:33    -1087.679778        7.7717
BFGS:   63 20:41:33    -1088.129186        8.2867
BFGS:   64 20:41:33    -1088.533054        8.1417
BFGS:   65 20:41:33    -1088.941261        9.9155
BFGS:   66 20:41:33    -1089.394243       11.4743
BFGS:   67 20:41:33    -1089.854084       13.0642
BFGS:   68 20:41:33    -1090.276975       11.4983
BFGS:   69 20:41:33    -1090.652874       10.4086
BFGS:   70 20:41:33    -1090.972471        9.2445
BFGS:   71 20:41:33    -1091.256243        7.8055
BFGS:   72 20:41:33    -1091.537697        6.1033
BFGS:   73 20:41:34    -1091.810669        4.4364
BFGS:   74 20:41:34    -1092.049343        4.7005
BFGS:   75 20:41:34    -1092.316107        5.1108
BFGS:   76 20:41:34    -1092.611818        5.3062
BFGS:   77 20:41:34    -1092.910138        5.2493
BFGS:   78 20:41:34    -1093.179955        5.2267
BFGS:   79 20:41:34    -1093.449097        5.0196
BFGS:   80 20:41:34    -1093.698375        4.7303
BFGS:   81 20:41:34    -1093.959329        4.1576
BFGS:   82 20:41:34    -1094.187655        4.0954
BFGS:   83 20:41:34    -1094.308915        4.0688
BFGS:   84 20:41:34    -1094.384720        3.6949
BFGS:   85 20:41:34    -1094.449913        3.5307
BFGS:   86 20:41:34    -1094.514540        3.2176
BFGS:   87 20:41:34    -1094.581179        3.2208
BFGS:   88 20:41:34    -1094.653962        3.4214
BFGS:   89 20:41:34    -1094.731982        3.9511
BFGS:   90 20:41:34    -1094.821682        4.2180
BFGS:   91 20:41:34    -1094.917352        4.4175
BFGS:   92 20:41:34    -1095.021078        4.5122
BFGS:   93 20:41:34    -1095.126438        4.4944
BFGS:   94 20:41:34    -1095.238124        4.3417
BFGS:   95 20:41:34    -1095.350333        4.0240
BFGS:   96 20:41:34    -1095.470918        3.4703
BFGS:   97 20:41:34    -1095.577686        3.0024
BFGS:   98 20:41:34    -1095.633983        2.9038
BFGS:   99 20:41:34    -1095.713086        2.3837
BFGS:  100 20:41:34    -1095.786324        2.6550
BFGS:  101 20:41:34    -1095.859873        3.1338
BFGS:  102 20:41:34    -1095.918887        2.6346
BFGS:  103 20:41:34    -1095.985539        2.7246
BFGS:  104 20:41:34    -1096.069565        2.8675
BFGS:  105 20:41:34    -1096.143287        2.7985
BFGS:  106 20:41:34    -1096.206664        2.4647
BFGS:  107 20:41:34    -1096.261469        2.2574
BFGS:  108 20:41:34    -1096.298810        2.3195
BFGS:  109 20:41:35    -1096.321963        2.4332
BFGS:  110 20:41:35    -1096.340097        2.2012
BFGS:  111 20:41:35    -1096.355647        2.0965
BFGS:  112 20:41:35    -1096.373074        1.7728
BFGS:  113 20:41:35    -1096.389270        1.5650
BFGS:  114 20:41:35    -1096.405670        1.3766
BFGS:  115 20:41:35    -1096.420857        1.4533
BFGS:  116 20:41:35    -1096.433167        1.4161
BFGS:  117 20:41:35    -1096.440923        1.2278
BFGS:  118 20:41:35    -1096.445819        1.0798
BFGS:  119 20:41:35    -1096.450631        0.9745
BFGS:  120 20:41:35    -1096.456674        0.8970
BFGS:  121 20:41:35    -1096.465191        1.0424
BFGS:  122 20:41:35    -1096.474832        1.1269
BFGS:  123 20:41:35    -1096.485262        1.0925
BFGS:  124 20:41:35    -1096.497189        0.8981
BFGS:  125 20:41:35    -1096.510099        0.6973
BFGS:  126 20:41:35    -1096.522974        0.6012
BFGS:  127 20:41:35    -1096.537674        0.6602
BFGS:  128 20:41:35    -1096.553896        0.9391
BFGS:  129 20:41:35    -1096.569172        1.2849
BFGS:  130 20:41:35    -1096.596973        1.2920
BFGS:  131 20:41:35    -1096.638735        1.0542
BFGS:  132 20:41:35    -1096.662797        1.1924
BFGS:  133 20:41:35    -1096.688756        1.2439
BFGS:  134 20:41:35    -1096.713509        1.3596
BFGS:  135 20:41:35    -1096.740758        1.5760
BFGS:  136 20:41:35    -1096.773741        2.0711
BFGS:  137 20:41:35    -1096.810677        2.6362
BFGS:  138 20:41:35    -1096.838945        2.8197
BFGS:  139 20:41:35    -1096.894874        2.5502
BFGS:  140 20:41:35    -1096.931353        2.3631
BFGS:  141 20:41:35    -1096.989034        2.1047
BFGS:  142 20:41:35    -1097.051199        2.1846
BFGS:  143 20:41:35    -1097.105645        2.0510
BFGS:  144 20:41:36    -1097.140076        1.7497
BFGS:  145 20:41:36    -1097.164787        1.2052
BFGS:  146 20:41:36    -1097.177873        0.9497
BFGS:  147 20:41:36    -1097.188248        0.8942
BFGS:  148 20:41:36    -1097.194780        0.9287
BFGS:  149 20:41:36    -1097.201529        1.0118
BFGS:  150 20:41:36    -1097.211488        1.0894
BFGS:  151 20:41:36    -1097.224087        1.1231
BFGS:  152 20:41:36    -1097.235745        1.1256
BFGS:  153 20:41:36    -1097.247322        1.0319
BFGS:  154 20:41:36    -1097.259291        0.8963
BFGS:  155 20:41:36    -1097.272310        1.1578
BFGS:  156 20:41:36    -1097.269505        1.0956
BFGS:  157 20:41:36    -1097.320040        1.5227
BFGS:  158 20:41:36    -1097.370576        2.1741
BFGS:  159 20:41:36    -1097.489017        3.0152
BFGS:  160 20:41:36    -1097.602851        3.6509
BFGS:  161 20:41:36    -1097.746524        3.5074
BFGS:  162 20:41:36    -1097.874541        3.0495
BFGS:  163 20:41:36    -1097.987527        2.6200
BFGS:  164 20:41:36    -1098.092202        2.4759
BFGS:  165 20:41:36    -1098.190272        2.3608
BFGS:  166 20:41:36    -1098.282545        2.1988
BFGS:  167 20:41:36    -1098.368528        2.0251
BFGS:  168 20:41:36    -1098.448339        1.8448
BFGS:  169 20:41:36    -1098.521890        1.6656
BFGS:  170 20:41:36    -1098.589430        1.4836
BFGS:  171 20:41:36    -1098.651085        1.3856
BFGS:  172 20:41:36    -1098.707215        1.3095
BFGS:  173 20:41:36    -1098.757794        1.3300
BFGS:  174 20:41:36    -1098.802935        1.5334
BFGS:  175 20:41:36    -1098.841735        1.6770
BFGS:  176 20:41:36    -1098.874475        1.7760
BFGS:  177 20:41:36    -1098.900744        1.7725
BFGS:  178 20:41:36    -1098.922312        1.7105
BFGS:  179 20:41:37    -1098.938475        1.4129
BFGS:  180 20:41:37    -1098.950989        1.1611
BFGS:  181 20:41:37    -1098.964313        1.0128
BFGS:  182 20:41:37    -1098.980166        0.8641
BFGS:  183 20:41:37    -1098.989145        0.7090
BFGS:  184 20:41:37    -1099.000171        0.8193
BFGS:  185 20:41:37    -1099.009318        0.6067
BFGS:  186 20:41:37    -1099.015886        0.3473
BFGS:  187 20:41:37    -1099.018334        0.3271
BFGS:  188 20:41:37    -1099.019541        0.2916
BFGS:  189 20:41:37    -1099.020540        0.3218
BFGS:  190 20:41:37    -1099.021293        0.3018
BFGS:  191 20:41:37    -1099.021895        0.2936
BFGS:  192 20:41:37    -1099.022265        0.2691
BFGS:  193 20:41:37    -1099.022472        0.2521
BFGS:  194 20:41:37    -1099.022633        0.2294
BFGS:  195 20:41:37    -1099.022808        0.2312
BFGS:  196 20:41:37    -1099.023024        0.2461
BFGS:  197 20:41:37    -1099.023293        0.2421
BFGS:  198 20:41:37    -1099.023618        0.2078
BFGS:  199 20:41:37    -1099.023986        0.1446
BFGS:  200 20:41:37    -1099.024369        0.0892
