      Step     Time          Energy         fmax
BFGS:    0 20:42:10     -775.929921      219.0782
BFGS:    1 20:42:10     -823.029938      154.3954
BFGS:    2 20:42:10     -839.738885      159.0990
BFGS:    3 20:42:10     -853.513391      155.3954
BFGS:    4 20:42:10     -866.256730      142.1077
BFGS:    5 20:42:10     -878.677118      128.6267
BFGS:    6 20:42:10     -891.483651      116.4807
BFGS:    7 20:42:11     -903.764812      106.1180
BFGS:    8 20:42:11     -915.527916       96.6098
BFGS:    9 20:42:11     -927.235409       88.7227
BFGS:   10 20:42:11     -937.132956       86.1012
BFGS:   11 20:42:11     -946.362518       81.0771
BFGS:   12 20:42:11     -955.656804       77.2301
BFGS:   13 20:42:11     -963.927182       73.4104
BFGS:   14 20:42:11     -972.301587       69.8222
BFGS:   15 20:42:11     -980.506791       65.6401
BFGS:   16 20:42:11     -988.651796       60.7549
BFGS:   17 20:42:11     -997.049243       56.6820
BFGS:   18 20:42:11    -1005.106508       55.0350
BFGS:   19 20:42:11    -1011.865725       51.2301
BFGS:   20 20:42:11    -1018.602063       49.0722
BFGS:   21 20:42:11    -1025.255180       45.4845
BFGS:   22 20:42:11    -1031.568621       42.0630
BFGS:   23 20:42:11    -1036.853760       38.7895
BFGS:   24 20:42:11    -1041.637248       35.8577
BFGS:   25 20:42:11    -1045.491159       32.1074
BFGS:   26 20:42:11    -1048.526632       30.5666
BFGS:   27 20:42:11    -1051.440032       27.8936
BFGS:   28 20:42:11    -1054.005862       26.0393
BFGS:   29 20:42:11    -1056.459574       24.4614
BFGS:   30 20:42:11    -1058.815224       23.0567
BFGS:   31 20:42:11    -1061.090608       20.7069
BFGS:   32 20:42:11    -1063.192947       19.1949
BFGS:   33 20:42:11    -1065.149483       17.9331
BFGS:   34 20:42:11    -1066.676350       17.1008
BFGS:   35 20:42:12    -1068.137997       14.3623
BFGS:   36 20:42:12    -1069.444211       12.4529
BFGS:   37 20:42:12    -1070.540052       10.6485
BFGS:   38 20:42:12    -1071.654979        8.5844
BFGS:   39 20:42:12    -1072.788712        8.6929
BFGS:   40 20:42:12    -1073.771674        8.7647
BFGS:   41 20:42:12    -1074.679459        8.0536
BFGS:   42 20:42:12    -1075.559709        7.0567
BFGS:   43 20:42:12    -1076.280214        6.1988
BFGS:   44 20:42:12    -1076.866588        6.3553
BFGS:   45 20:42:12    -1077.407156        6.7688
BFGS:   46 20:42:12    -1077.949257        6.8530
BFGS:   47 20:42:12    -1078.533541        7.0506
BFGS:   48 20:42:12    -1079.194686        6.6638
BFGS:   49 20:42:12    -1079.760856        6.2590
BFGS:   50 20:42:12    -1080.305121        5.8958
BFGS:   51 20:42:12    -1080.846669        6.0698
BFGS:   52 20:42:12    -1081.404465        6.1750
BFGS:   53 20:42:12    -1081.964305        6.3890
BFGS:   54 20:42:12    -1082.448543        6.0707
BFGS:   55 20:42:12    -1082.900110        6.0085
BFGS:   56 20:42:12    -1083.311370        5.6022
BFGS:   57 20:42:12    -1083.743035        5.2773
BFGS:   58 20:42:12    -1084.220904        5.1636
BFGS:   59 20:42:12    -1084.615411        4.2231
BFGS:   60 20:42:12    -1084.957657        4.0062
BFGS:   61 20:42:12    -1085.223208        3.8095
BFGS:   62 20:42:12    -1085.420345        3.5909
BFGS:   63 20:42:12    -1085.568699        3.6551
BFGS:   64 20:42:12    -1085.695233        3.6111
BFGS:   65 20:42:12    -1085.811108        3.0420
BFGS:   66 20:42:13    -1085.873386        2.1927
BFGS:   67 20:42:13    -1085.918385        2.1487
BFGS:   68 20:42:13    -1085.959437        1.7972
BFGS:   69 20:42:13    -1085.999011        1.7032
BFGS:   70 20:42:13    -1086.045455        1.7583
BFGS:   71 20:42:13    -1086.103514        2.1330
BFGS:   72 20:42:13    -1086.153818        3.1300
BFGS:   73 20:42:13    -1086.218312        3.6914
BFGS:   74 20:42:13    -1086.280061        3.6327
BFGS:   75 20:42:13    -1086.340948        2.7593
BFGS:   76 20:42:13    -1086.425945        2.9568
BFGS:   77 20:42:13    -1086.500201        3.1592
BFGS:   78 20:42:13    -1086.596387        2.2998
BFGS:   79 20:42:13    -1086.665457        2.3431
BFGS:   80 20:42:13    -1086.707180        2.1425
BFGS:   81 20:42:13    -1086.745547        1.9413
BFGS:   82 20:42:13    -1086.764786        1.5677
BFGS:   83 20:42:13    -1086.783628        1.4247
BFGS:   84 20:42:13    -1086.798841        1.3510
BFGS:   85 20:42:13    -1086.808959        1.3694
BFGS:   86 20:42:13    -1086.815241        1.5860
BFGS:   87 20:42:13    -1086.827935        1.4993
BFGS:   88 20:42:13    -1086.839304        1.4085
BFGS:   89 20:42:13    -1086.856812        1.7626
BFGS:   90 20:42:13    -1086.871341        2.4293
BFGS:   91 20:42:13    -1086.896494        2.8111
BFGS:   92 20:42:13    -1086.883812        2.2063
BFGS:   93 20:42:13    -1086.937600        1.6875
BFGS:   94 20:42:13    -1086.945353        2.4042
BFGS:   95 20:42:13    -1086.963424        2.1004
BFGS:   96 20:42:13    -1086.959698        2.2433
BFGS:   97 20:42:14    -1086.981108        2.0103
BFGS:   98 20:42:14    -1086.976146        2.1386
BFGS:   99 20:42:14    -1086.987633        2.0252
BFGS:  100 20:42:14    -1086.953427        2.0942
BFGS:  101 20:42:14    -1086.980311        1.9627
BFGS:  102 20:42:14    -1086.958717        2.6743
BFGS:  103 20:42:14    -1086.988369        1.8838
BFGS:  104 20:42:14    -1086.987811        2.0558
BFGS:  105 20:42:14    -1086.990141        1.8667
BFGS:  106 20:42:14    -1086.991171        1.8441
BFGS:  107 20:42:14    -1086.963921        2.1230
BFGS:  108 20:42:14    -1086.985320        2.0408
BFGS:  109 20:42:14    -1086.955409        2.2696
BFGS:  110 20:42:14    -1086.985049        1.9316
BFGS:  111 20:42:14    -1086.955926        2.1453
BFGS:  112 20:42:14    -1086.990292        2.0088
BFGS:  113 20:42:14    -1086.939531        2.3929
BFGS:  114 20:42:14    -1086.981320        1.9708
BFGS:  115 20:42:14    -1086.952816        2.1332
BFGS:  116 20:42:14    -1086.994458        1.9892
BFGS:  117 20:42:14    -1086.929101        2.4877
BFGS:  118 20:42:14    -1086.979227        1.9719
BFGS:  119 20:42:14    -1086.954294        2.1307
BFGS:  120 20:42:14    -1086.997578        1.9706
BFGS:  121 20:42:14    -1086.991231        1.7843
BFGS:  122 20:42:14    -1086.996692        1.6648
BFGS:  123 20:42:14    -1086.944422        2.1634
BFGS:  124 20:42:14    -1086.987943        1.9924
BFGS:  125 20:42:14    -1086.910916        2.6127
BFGS:  126 20:42:14    -1086.983364        1.8549
BFGS:  127 20:42:14    -1086.956874        2.1306
BFGS:  128 20:42:15    -1087.000343        1.5632
BFGS:  129 20:42:15    -1086.999968        1.5705
BFGS:  130 20:42:15    -1086.999306        2.0407
BFGS:  131 20:42:15    -1087.002264        1.9487
BFGS:  132 20:42:15    -1086.970589        1.9963
BFGS:  133 20:42:15    -1086.995116        1.7166
BFGS:  134 20:42:15    -1086.973220        2.4541
BFGS:  135 20:42:15    -1087.005847        1.4816
BFGS:  136 20:42:15    -1087.007402        1.9246
BFGS:  137 20:42:15    -1086.970000        2.4869
BFGS:  138 20:42:15    -1087.003335        1.8510
BFGS:  139 20:42:15    -1086.994276        1.6333
BFGS:  140 20:42:15    -1087.012519        1.3580
BFGS:  141 20:42:15    -1086.997274        2.1069
BFGS:  142 20:42:15    -1087.012414        1.7840
BFGS:  143 20:42:15    -1086.994648        1.6547
BFGS:  144 20:42:15    -1087.015642        1.3187
BFGS:  145 20:42:15    -1087.005887        2.0798
BFGS:  146 20:42:15    -1087.022584        1.7413
BFGS:  147 20:42:15    -1087.005270        1.5044
BFGS:  148 20:42:15    -1087.023087        1.1968
BFGS:  149 20:42:15    -1087.020839        2.0056
BFGS:  150 20:42:15    -1087.035037        0.9031
BFGS:  151 20:42:15    -1087.038601        1.7743
BFGS:  152 20:42:15    -1087.052630        1.5372
BFGS:  153 20:42:15    -1087.057612        2.0804
BFGS:  154 20:42:15    -1087.059685        0.6023
BFGS:  155 20:42:15    -1087.060860        0.5042
BFGS:  156 20:42:15    -1087.062244        1.4749
BFGS:  157 20:42:15    -1087.063968        1.4447
BFGS:  158 20:42:16    -1087.070355        0.4974
BFGS:  159 20:42:16    -1087.072036        1.3739
BFGS:  160 20:42:16    -1087.073060        0.5049
BFGS:  161 20:42:16    -1087.073723        0.4316
BFGS:  162 20:42:16    -1087.074435        0.3971
BFGS:  163 20:42:16    -1087.075299        0.3626
BFGS:  164 20:42:16    -1087.076174        1.4527
BFGS:  165 20:42:16    -1087.077697        1.4363
BFGS:  166 20:42:16    -1087.078439        0.2572
BFGS:  167 20:42:16    -1087.078915        0.2428
BFGS:  168 20:42:16    -1087.079958        0.1615
BFGS:  169 20:42:16    -1087.080396        0.0962
