      Step     Time          Energy         fmax
BFGS:    0 20:44:32     -837.620647      122.4591
BFGS:    1 20:44:32     -855.926549       85.9498
BFGS:    2 20:44:32     -877.030170       78.6858
BFGS:    3 20:44:32     -897.288609       70.3200
BFGS:    4 20:44:32     -909.722155       68.3715
BFGS:    5 20:44:32     -920.529400       66.0765
BFGS:    6 20:44:32     -930.788515       64.8507
BFGS:    7 20:44:33     -941.898778       58.9240
BFGS:    8 20:44:33     -954.613956       52.3168
BFGS:    9 20:44:33     -965.991746       50.6575
BFGS:   10 20:44:33     -975.669782       50.3879
BFGS:   11 20:44:33     -983.409920       46.9525
BFGS:   12 20:44:33     -990.530724       45.0949
BFGS:   13 20:44:33     -996.065479       43.5901
BFGS:   14 20:44:33    -1001.404379       41.2735
BFGS:   15 20:44:33    -1006.477819       40.0326
BFGS:   16 20:44:33    -1011.880074       37.5744
BFGS:   17 20:44:33    -1016.912208       40.3650
BFGS:   18 20:44:33    -1021.440456       39.9772
BFGS:   19 20:44:33    -1025.321084       48.4105
BFGS:   20 20:44:33    -1029.052125       44.7537
BFGS:   21 20:44:33    -1032.659669       44.3966
BFGS:   22 20:44:33    -1036.043400       41.6727
BFGS:   23 20:44:33    -1039.133671       39.0611
BFGS:   24 20:44:33    -1042.170191       35.4128
BFGS:   25 20:44:33    -1044.864084       31.8731
BFGS:   26 20:44:33    -1047.186048       27.9773
BFGS:   27 20:44:33    -1049.121064       22.3717
BFGS:   28 20:44:33    -1050.616294       17.9143
BFGS:   29 20:44:33    -1051.882357       13.6134
BFGS:   30 20:44:33    -1053.066207       11.9324
BFGS:   31 20:44:33    -1054.172228       11.2897
BFGS:   32 20:44:33    -1055.278406       10.0264
BFGS:   33 20:44:34    -1056.346979       10.9972
BFGS:   34 20:44:34    -1057.452147       14.6004
BFGS:   35 20:44:34    -1058.320883       16.5342
BFGS:   36 20:44:34    -1059.095543       17.7765
BFGS:   37 20:44:34    -1059.849335       18.2291
BFGS:   38 20:44:34    -1060.587242       17.8248
BFGS:   39 20:44:34    -1061.307858       16.2437
BFGS:   40 20:44:34    -1062.056857       12.9419
BFGS:   41 20:44:34    -1062.841096        9.6306
BFGS:   42 20:44:34    -1063.641196        9.0183
BFGS:   43 20:44:34    -1064.514641        9.7310
BFGS:   44 20:44:34    -1065.313966       13.6856
BFGS:   45 20:44:34    -1066.068850       15.9481
BFGS:   46 20:44:34    -1066.912236       15.9069
BFGS:   47 20:44:34    -1067.715279       14.6866
BFGS:   48 20:44:34    -1068.506050       14.0846
BFGS:   49 20:44:34    -1069.210798       12.2909
BFGS:   50 20:44:34    -1069.867356        9.7607
BFGS:   51 20:44:34    -1070.458083        8.8834
BFGS:   52 20:44:34    -1070.997026        6.6640
BFGS:   53 20:44:34    -1071.506111        6.7115
BFGS:   54 20:44:34    -1071.921977        6.4810
BFGS:   55 20:44:34    -1072.331202        6.2784
BFGS:   56 20:44:34    -1072.721049        6.2660
BFGS:   57 20:44:34    -1073.118033        5.7786
BFGS:   58 20:44:34    -1073.537719        5.8428
BFGS:   59 20:44:35    -1073.964488        6.7215
BFGS:   60 20:44:35    -1074.422238        8.0556
BFGS:   61 20:44:35    -1074.914540        9.1834
BFGS:   62 20:44:35    -1075.413457        9.8242
BFGS:   63 20:44:35    -1075.965677       10.8417
BFGS:   64 20:44:35    -1076.458468       12.3484
BFGS:   65 20:44:35    -1077.021362       12.9446
BFGS:   66 20:44:35    -1077.528283       13.8974
BFGS:   67 20:44:35    -1078.114487       13.2520
BFGS:   68 20:44:35    -1078.708018       12.9891
BFGS:   69 20:44:35    -1079.269436       11.7705
BFGS:   70 20:44:35    -1079.812770       10.9175
BFGS:   71 20:44:35    -1080.344349        9.5651
BFGS:   72 20:44:35    -1080.829706        9.1497
BFGS:   73 20:44:35    -1081.337650        9.4935
BFGS:   74 20:44:35    -1081.897205       11.0037
BFGS:   75 20:44:35    -1082.372200       10.0822
BFGS:   76 20:44:35    -1082.730455        8.5970
BFGS:   77 20:44:35    -1082.919475        7.6701
BFGS:   78 20:44:35    -1083.090017        7.7301
BFGS:   79 20:44:35    -1083.229046        7.2841
BFGS:   80 20:44:35    -1083.335861        5.8893
BFGS:   81 20:44:35    -1083.398188        6.0527
BFGS:   82 20:44:35    -1083.434334        5.8769
BFGS:   83 20:44:35    -1083.462644        5.4370
BFGS:   84 20:44:35    -1083.487421        4.8089
BFGS:   85 20:44:36    -1083.505368        4.9682
BFGS:   86 20:44:36    -1083.515405        5.2724
BFGS:   87 20:44:36    -1083.526982        5.5889
BFGS:   88 20:44:36    -1083.532635        5.6900
BFGS:   89 20:44:36    -1083.537433        5.5460
BFGS:   90 20:44:36    -1083.540688        5.4044
BFGS:   91 20:44:36    -1083.543687        5.2804
BFGS:   92 20:44:36    -1083.547296        5.2354
BFGS:   93 20:44:36    -1083.555134        5.4396
BFGS:   94 20:44:36    -1083.566026        5.5601
BFGS:   95 20:44:36    -1083.576632        5.5913
BFGS:   96 20:44:36    -1083.589365        5.9912
BFGS:   97 20:44:36    -1083.602185        6.2167
BFGS:   98 20:44:36    -1083.610833        6.3145
BFGS:   99 20:44:36    -1083.614540        6.1662
BFGS:  100 20:44:36    -1083.626332        5.8736
BFGS:  101 20:44:36    -1083.636620        5.9134
BFGS:  102 20:44:36    -1083.675907        6.2091
BFGS:  103 20:44:36    -1083.686990        6.8910
BFGS:  104 20:44:36    -1083.730492        7.0150
BFGS:  105 20:44:36    -1083.812123        7.2419
BFGS:  106 20:44:36    -1083.914233        7.6012
BFGS:  107 20:44:36    -1084.016770        8.4356
BFGS:  108 20:44:36    -1084.122131        9.0827
BFGS:  109 20:44:36    -1084.246414        9.1091
BFGS:  110 20:44:37    -1084.389741        8.1722
BFGS:  111 20:44:37    -1084.600750        8.5621
BFGS:  112 20:44:37    -1084.761149        8.8166
BFGS:  113 20:44:37    -1084.918127        8.9436
BFGS:  114 20:44:37    -1085.076773        9.0952
BFGS:  115 20:44:37    -1085.217792        9.4475
BFGS:  116 20:44:37    -1085.347397       11.3941
BFGS:  117 20:44:37    -1085.497978       12.8339
BFGS:  118 20:44:37    -1085.655295       13.6930
BFGS:  119 20:44:37    -1085.814288       14.2106
BFGS:  120 20:44:37    -1085.973886       14.3227
BFGS:  121 20:44:37    -1086.141438       14.0619
BFGS:  122 20:44:37    -1086.318444       13.4759
BFGS:  123 20:44:37    -1086.510788       12.4986
BFGS:  124 20:44:37    -1086.732324       10.9418
BFGS:  125 20:44:37    -1086.982201        8.6779
BFGS:  126 20:44:37    -1087.210684        6.3661
BFGS:  127 20:44:37    -1087.333343        5.3976
BFGS:  128 20:44:37    -1087.384874        5.3351
BFGS:  129 20:44:37    -1087.457404        5.0968
BFGS:  130 20:44:37    -1087.488924        4.6362
BFGS:  131 20:44:37    -1087.521205        3.7710
BFGS:  132 20:44:37    -1087.547913        3.7132
BFGS:  133 20:44:37    -1087.583051        3.9806
BFGS:  134 20:44:37    -1087.618900        4.2577
BFGS:  135 20:44:37    -1087.660402        4.7342
BFGS:  136 20:44:38    -1087.716239        5.3246
BFGS:  137 20:44:38    -1087.791706        5.8909
BFGS:  138 20:44:38    -1087.890308        6.5129
BFGS:  139 20:44:38    -1088.017770        7.2320
BFGS:  140 20:44:38    -1088.164105        7.1912
BFGS:  141 20:44:38    -1088.318310        6.9701
BFGS:  142 20:44:38    -1088.433002        6.9454
BFGS:  143 20:44:38    -1088.783620        6.1330
BFGS:  144 20:44:38    -1089.161101        4.6882
BFGS:  145 20:44:38    -1089.409392        4.7387
BFGS:  146 20:44:38    -1089.570701        4.5144
BFGS:  147 20:44:38    -1089.696651        5.4320
BFGS:  148 20:44:38    -1089.797268        5.0645
BFGS:  149 20:44:38    -1089.901364        5.5115
BFGS:  150 20:44:38    -1090.097167        5.5898
BFGS:  151 20:44:38    -1090.223892        7.6479
BFGS:  152 20:44:38    -1090.414026        8.3910
BFGS:  153 20:44:38    -1090.655492        9.0660
BFGS:  154 20:44:38    -1090.930188        8.7388
BFGS:  155 20:44:38    -1091.097064        7.4314
BFGS:  156 20:44:38    -1091.187066        7.6142
BFGS:  157 20:44:38    -1091.259551        7.7229
BFGS:  158 20:44:38    -1091.309032        7.9293
BFGS:  159 20:44:38    -1091.337043        8.0716
BFGS:  160 20:44:38    -1091.352930        7.7978
BFGS:  161 20:44:38    -1091.367506        7.4695
BFGS:  162 20:44:39    -1091.373964        7.3843
BFGS:  163 20:44:39    -1091.379364        7.3861
BFGS:  164 20:44:39    -1091.382440        7.4669
BFGS:  165 20:44:39    -1091.385936        7.5862
BFGS:  166 20:44:39    -1091.388475        7.6719
BFGS:  167 20:44:39    -1091.393142        7.6733
BFGS:  168 20:44:39    -1091.400646        7.6864
BFGS:  169 20:44:39    -1091.414121        7.5377
BFGS:  170 20:44:39    -1091.432201        7.4655
BFGS:  171 20:44:39    -1091.455528        7.3366
BFGS:  172 20:44:39    -1091.477560        7.4258
BFGS:  173 20:44:39    -1091.496216        7.4481
BFGS:  174 20:44:39    -1091.539919        7.4647
BFGS:  175 20:44:39    -1091.602368        7.0941
BFGS:  176 20:44:39    -1091.724894        6.4550
BFGS:  177 20:44:39    -1091.909656        7.6557
BFGS:  178 20:44:39    -1092.113428        6.8376
BFGS:  179 20:44:39    -1092.269749        4.1007
BFGS:  180 20:44:39    -1092.337795        2.4527
BFGS:  181 20:44:39    -1092.399278        2.1388
BFGS:  182 20:44:39    -1092.450361        1.4226
BFGS:  183 20:44:39    -1092.535399        2.7912
BFGS:  184 20:44:39    -1092.618833        4.0578
BFGS:  185 20:44:39    -1092.678289        5.3493
BFGS:  186 20:44:39    -1092.738848        5.8800
BFGS:  187 20:44:39    -1092.842952        5.0422
BFGS:  188 20:44:40    -1092.956344        3.9849
BFGS:  189 20:44:40    -1093.046912        2.2069
BFGS:  190 20:44:40    -1093.112539        1.6054
BFGS:  191 20:44:40    -1093.132878        1.3614
BFGS:  192 20:44:40    -1093.146018        0.8368
BFGS:  193 20:44:40    -1093.148338        0.6290
BFGS:  194 20:44:40    -1093.149648        0.8803
BFGS:  195 20:44:40    -1093.146178        1.0276
BFGS:  196 20:44:40    -1093.149726        0.6334
BFGS:  197 20:44:40    -1093.149338        0.6666
BFGS:  198 20:44:40    -1093.150065        0.4794
BFGS:  199 20:44:40    -1093.149335        0.8363
BFGS:  200 20:44:40    -1093.150374        0.5740
BFGS:  201 20:44:40    -1093.148665        0.8604
BFGS:  202 20:44:40    -1093.149881        0.6071
BFGS:  203 20:44:40    -1093.147720        1.1574
BFGS:  204 20:44:40    -1093.150436        0.5737
BFGS:  205 20:44:40    -1093.148609        0.9416
BFGS:  206 20:44:40    -1093.150113        0.5591
BFGS:  207 20:44:40    -1093.149387        0.8802
BFGS:  208 20:44:40    -1093.150693        0.4866
BFGS:  209 20:44:40    -1093.150480        0.6264
BFGS:  210 20:44:40    -1093.150666        0.5906
BFGS:  211 20:44:40    -1093.136922        2.3485
BFGS:  212 20:44:40    -1093.149779        0.7495
BFGS:  213 20:44:40    -1093.149613        0.8672
BFGS:  214 20:44:41    -1093.150736        0.4772
BFGS:  215 20:44:41    -1093.150871        0.5711
BFGS:  216 20:44:41    -1093.150868        0.4788
BFGS:  217 20:44:41    -1093.150930        0.4773
BFGS:  218 20:44:41    -1093.149065        0.9595
BFGS:  219 20:44:41    -1093.150642        0.6645
BFGS:  220 20:44:41    -1093.149007        0.8864
BFGS:  221 20:44:41    -1093.150584        0.4933
BFGS:  222 20:44:41    -1093.149454        0.9520
BFGS:  223 20:44:41    -1093.150946        0.5884
BFGS:  224 20:44:41    -1093.149862        0.7099
BFGS:  225 20:44:41    -1093.150715        0.4768
BFGS:  226 20:44:41    -1093.149423        0.9568
BFGS:  227 20:44:41    -1093.150921        0.6025
BFGS:  228 20:44:41    -1093.148915        0.9116
BFGS:  229 20:44:41    -1093.150534        0.5273
BFGS:  230 20:44:41    -1093.149407        0.9597
BFGS:  231 20:44:41    -1093.151023        0.5767
BFGS:  232 20:44:41    -1093.149796        0.7317
BFGS:  233 20:44:41    -1093.150731        0.4745
BFGS:  234 20:44:41    -1093.149439        0.9531
BFGS:  235 20:44:41    -1093.150995        0.5960
BFGS:  236 20:44:41    -1093.148925        0.9107
BFGS:  237 20:44:41    -1093.150572        0.5298
BFGS:  238 20:44:41    -1093.149444        0.9536
BFGS:  239 20:44:41    -1093.151080        0.5736
BFGS:  240 20:44:42    -1093.149783        0.7414
BFGS:  241 20:44:42    -1093.150764        0.4797
BFGS:  242 20:44:42    -1093.149479        0.9463
BFGS:  243 20:44:42    -1093.151080        0.5971
BFGS:  244 20:44:42    -1093.150054        0.6958
BFGS:  245 20:44:42    -1093.150852        0.4691
BFGS:  246 20:44:42    -1093.149658        0.9434
BFGS:  247 20:44:42    -1093.151078        0.5997
BFGS:  248 20:44:42    -1093.149127        0.9035
BFGS:  249 20:44:42    -1093.150674        0.5264
BFGS:  250 20:44:42    -1093.149631        0.9494
BFGS:  251 20:44:42    -1093.151177        0.5734
BFGS:  252 20:44:42    -1093.149810        0.7635
BFGS:  253 20:44:42    -1093.150822        0.4879
BFGS:  254 20:44:42    -1093.149653        0.9448
BFGS:  255 20:44:42    -1093.151158        0.5876
BFGS:  256 20:44:42    -1093.149138        0.9041
BFGS:  257 20:44:42    -1093.150704        0.5312
BFGS:  258 20:44:42    -1093.149653        0.9458
BFGS:  259 20:44:42    -1093.151222        0.5702
BFGS:  260 20:44:42    -1093.149789        0.7743
BFGS:  261 20:44:42    -1093.150851        0.4932
BFGS:  262 20:44:42    -1093.149690        0.9396
BFGS:  263 20:44:42    -1093.151207        0.5836
BFGS:  264 20:44:42    -1093.149746        0.7892
BFGS:  265 20:44:42    -1093.150880        0.4935
BFGS:  266 20:44:43    -1093.149727        0.9340
BFGS:  267 20:44:43    -1093.151224        0.5823
BFGS:  268 20:44:43    -1093.149246        0.8917
BFGS:  269 20:44:43    -1093.150784        0.5289
BFGS:  270 20:44:43    -1093.149735        0.9339
BFGS:  271 20:44:43    -1093.151335        0.4562
BFGS:  272 20:44:43    -1093.151023        0.6643
BFGS:  273 20:44:43    -1093.151243        0.5975
BFGS:  274 20:44:43    -1093.149765        0.8217
BFGS:  275 20:44:43    -1093.150933        0.5034
BFGS:  276 20:44:43    -1093.150024        0.9142
BFGS:  277 20:44:43    -1093.151335        0.5728
BFGS:  278 20:44:43    -1093.149549        0.8700
BFGS:  279 20:44:43    -1093.150886        0.5706
BFGS:  280 20:44:43    -1093.149995        0.9198
BFGS:  281 20:44:43    -1093.151366        0.5652
BFGS:  282 20:44:43    -1093.149556        0.8710
BFGS:  283 20:44:43    -1093.150892        0.5281
BFGS:  284 20:44:43    -1093.150013        0.9171
BFGS:  285 20:44:43    -1093.151393        0.5625
BFGS:  286 20:44:43    -1093.149562        0.8718
BFGS:  287 20:44:43    -1093.150904        0.5304
BFGS:  288 20:44:43    -1093.149929        0.9291
BFGS:  289 20:44:43    -1093.151398        0.5631
BFGS:  290 20:44:43    -1093.149515        0.8812
BFGS:  291 20:44:43    -1093.150906        0.5337
BFGS:  292 20:44:44    -1093.150002        0.9150
BFGS:  293 20:44:44    -1093.151434        0.5583
BFGS:  294 20:44:44    -1093.149609        0.8636
BFGS:  295 20:44:44    -1093.150937        0.5298
BFGS:  296 20:44:44    -1093.150022        0.9115
BFGS:  297 20:44:44    -1093.151443        0.5600
BFGS:  298 20:44:44    -1093.149538        0.8782
BFGS:  299 20:44:44    -1093.150935        0.5344
BFGS:  300 20:44:44    -1093.150030        0.9112
BFGS:  301 20:44:44    -1093.151468        0.5568
BFGS:  302 20:44:44    -1093.149611        0.8654
BFGS:  303 20:44:44    -1093.150963        0.5311
BFGS:  304 20:44:44    -1093.150054        0.9078
BFGS:  305 20:44:44    -1093.151480        0.5585
BFGS:  306 20:44:44    -1093.149568        0.8748
BFGS:  307 20:44:44    -1093.150966        0.5341
BFGS:  308 20:44:44    -1093.150056        0.9074
BFGS:  309 20:44:44    -1093.151478        0.4448
BFGS:  310 20:44:44    -1093.151255        0.6464
BFGS:  311 20:44:44    -1093.151458        0.5825
BFGS:  312 20:44:44    -1093.146985        1.3365
BFGS:  313 20:44:44    -1093.150741        0.6208
BFGS:  314 20:44:44    -1093.150158        0.9108
BFGS:  315 20:44:44    -1093.151459        0.4435
BFGS:  316 20:44:44    -1093.151316        0.6307
BFGS:  317 20:44:44    -1093.151538        0.5603
BFGS:  318 20:44:45    -1093.149953        0.8291
BFGS:  319 20:44:45    -1093.151070        0.5261
BFGS:  320 20:44:45    -1093.150222        0.8993
BFGS:  321 20:44:45    -1093.151551        0.4421
BFGS:  322 20:44:45    -1093.151281        0.6438
BFGS:  323 20:44:45    -1093.151484        0.5827
BFGS:  324 20:44:45    -1093.149198        0.9859
BFGS:  325 20:44:45    -1093.151003        0.5687
BFGS:  326 20:44:45    -1093.150218        0.8988
BFGS:  327 20:44:45    -1093.151552        0.4406
BFGS:  328 20:44:45    -1093.151321        0.6349
BFGS:  329 20:44:45    -1093.151534        0.5717
BFGS:  330 20:44:45    -1093.149640        0.9029
BFGS:  331 20:44:45    -1093.151065        0.5676
BFGS:  332 20:44:45    -1093.150230        0.8940
BFGS:  333 20:44:45    -1093.151579        0.4391
BFGS:  334 20:44:45    -1093.151338        0.6332
BFGS:  335 20:44:45    -1093.151548        0.5718
BFGS:  336 20:44:45    -1093.149627        0.9080
BFGS:  337 20:44:45    -1093.151078        0.5677
BFGS:  338 20:44:45    -1093.150241        0.8900
BFGS:  339 20:44:45    -1093.151593        0.4378
BFGS:  340 20:44:45    -1093.151364        0.6290
BFGS:  341 20:44:45    -1093.151575        0.5679
BFGS:  342 20:44:45    -1093.149617        0.9115
BFGS:  343 20:44:45    -1093.151085        0.5678
BFGS:  344 20:44:46    -1093.150251        0.8867
BFGS:  345 20:44:46    -1093.151605        0.4365
BFGS:  346 20:44:46    -1093.151389        0.6251
BFGS:  347 20:44:46    -1093.151602        0.5642
BFGS:  348 20:44:46    -1093.149611        0.9142
BFGS:  349 20:44:46    -1093.151093        0.5679
BFGS:  350 20:44:46    -1093.150261        0.8838
BFGS:  351 20:44:46    -1093.151617        0.4353
BFGS:  352 20:44:46    -1093.151413        0.6217
BFGS:  353 20:44:46    -1093.151627        0.5610
BFGS:  354 20:44:46    -1093.149606        0.9162
BFGS:  355 20:44:46    -1093.151101        0.5680
BFGS:  356 20:44:46    -1093.150270        0.8813
BFGS:  357 20:44:46    -1093.151628        0.4341
BFGS:  358 20:44:46    -1093.151435        0.6188
BFGS:  359 20:44:46    -1093.151649        0.5583
BFGS:  360 20:44:46    -1093.149603        0.9178
BFGS:  361 20:44:46    -1093.151109        0.5681
BFGS:  362 20:44:46    -1093.150266        0.8794
BFGS:  363 20:44:46    -1093.151602        0.4325
BFGS:  364 20:44:46    -1093.151527        0.6102
BFGS:  365 20:44:46    -1093.151662        0.4326
BFGS:  366 20:44:46    -1093.151672        0.5662
BFGS:  367 20:44:46    -1093.151679        0.4322
BFGS:  368 20:44:46    -1093.151688        0.4321
BFGS:  369 20:44:46    -1093.150069        0.8968
BFGS:  370 20:44:47    -1093.151549        0.5939
BFGS:  371 20:44:47    -1093.151490        0.4365
BFGS:  372 20:44:47    -1093.151665        0.4325
BFGS:  373 20:44:47    -1093.149710        0.8579
BFGS:  374 20:44:47    -1093.151493        0.6173
BFGS:  375 20:44:47    -1093.151321        0.4381
BFGS:  376 20:44:47    -1093.151619        0.4322
BFGS:  377 20:44:47    -1093.149508        0.8876
BFGS:  378 20:44:47    -1093.151481        0.6246
BFGS:  379 20:44:47    -1093.151129        0.4992
BFGS:  380 20:44:47    -1093.151561        0.4324
BFGS:  381 20:44:47    -1093.149514        0.9304
BFGS:  382 20:44:47    -1093.151499        0.6239
BFGS:  383 20:44:47    -1093.150959        0.5531
BFGS:  384 20:44:47    -1093.151506        0.4327
BFGS:  385 20:44:47    -1093.149602        0.9559
BFGS:  386 20:44:47    -1093.151522        0.6212
BFGS:  387 20:44:47    -1093.150812        0.5992
BFGS:  388 20:44:47    -1093.151461        0.4331
BFGS:  389 20:44:47    -1093.149723        0.9709
BFGS:  390 20:44:47    -1093.151545        0.6182
BFGS:  391 20:44:47    -1093.150683        0.6388
BFGS:  392 20:44:47    -1093.151424        0.4333
BFGS:  393 20:44:47    -1093.149857        0.9791
BFGS:  394 20:44:47    -1093.151566        0.6153
BFGS:  395 20:44:48    -1093.150567        0.6735
BFGS:  396 20:44:48    -1093.151393        0.4443
BFGS:  397 20:44:48    -1093.149972        0.9827
BFGS:  398 20:44:48    -1093.151525        0.6264
BFGS:  399 20:44:48    -1093.149619        0.8708
BFGS:  400 20:44:48    -1093.151240        0.4953
BFGS:  401 20:44:48    -1093.149946        0.9827
BFGS:  402 20:44:48    -1093.151660        0.5888
BFGS:  403 20:44:48    -1093.150842        0.6129
BFGS:  404 20:44:48    -1093.151465        0.4323
BFGS:  405 20:44:48    -1093.150009        0.9805
BFGS:  406 20:44:48    -1093.151512        0.6329
BFGS:  407 20:44:48    -1093.149644        0.8759
BFGS:  408 20:44:48    -1093.151259        0.4955
BFGS:  409 20:44:48    -1093.149991        0.9813
BFGS:  410 20:44:48    -1093.151610        0.6039
BFGS:  411 20:44:48    -1093.149632        0.8779
BFGS:  412 20:44:48    -1093.151226        0.5073
BFGS:  413 20:44:48    -1093.149986        0.9800
BFGS:  414 20:44:48    -1093.151628        0.5984
BFGS:  415 20:44:48    -1093.149622        0.8795
BFGS:  416 20:44:48    -1093.151221        0.5103
BFGS:  417 20:44:48    -1093.149982        0.9788
BFGS:  418 20:44:48    -1093.151636        0.5964
BFGS:  419 20:44:48    -1093.149612        0.8811
BFGS:  420 20:44:48    -1093.151220        0.5120
BFGS:  421 20:44:49    -1093.149972        0.9775
BFGS:  422 20:44:49    -1093.151703        0.5786
BFGS:  423 20:44:49    -1093.150848        0.6203
BFGS:  424 20:44:49    -1093.151473        0.4330
BFGS:  425 20:44:49    -1093.150034        0.9755
BFGS:  426 20:44:49    -1093.151548        0.6263
BFGS:  427 20:44:49    -1093.149640        0.8845
BFGS:  428 20:44:49    -1093.151266        0.5028
BFGS:  429 20:44:49    -1093.150016        0.9766
BFGS:  430 20:44:49    -1093.151646        0.5976
BFGS:  431 20:44:49    -1093.149628        0.8863
BFGS:  432 20:44:49    -1093.151232        0.5143
BFGS:  433 20:44:49    -1093.150011        0.9757
BFGS:  434 20:44:49    -1093.151664        0.5925
BFGS:  435 20:44:49    -1093.149618        0.8879
BFGS:  436 20:44:49    -1093.151227        0.5171
BFGS:  437 20:44:49    -1093.150007        0.9748
BFGS:  438 20:44:49    -1093.151672        0.5907
BFGS:  439 20:44:49    -1093.149608        0.8893
BFGS:  440 20:44:49    -1093.151225        0.5186
BFGS:  441 20:44:49    -1093.150004        0.9738
BFGS:  442 20:44:49    -1093.151679        0.5895
BFGS:  443 20:44:49    -1093.149599        0.8905
BFGS:  444 20:44:49    -1093.151225        0.5199
BFGS:  445 20:44:49    -1093.149991        0.9728
BFGS:  446 20:44:49    -1093.151742        0.5717
BFGS:  447 20:44:50    -1093.150873        0.6215
BFGS:  448 20:44:50    -1093.151489        0.4372
BFGS:  449 20:44:50    -1093.150055        0.9710
BFGS:  450 20:44:50    -1093.151584        0.6214
BFGS:  451 20:44:50    -1093.149626        0.8933
BFGS:  452 20:44:50    -1093.151273        0.5095
BFGS:  453 20:44:50    -1093.150038        0.9724
BFGS:  454 20:44:50    -1093.151686        0.5918
BFGS:  455 20:44:50    -1093.149614        0.8950
BFGS:  456 20:44:50    -1093.151237        0.5213
BFGS:  457 20:44:50    -1093.150034        0.9717
BFGS:  458 20:44:50    -1093.151706        0.5866
BFGS:  459 20:44:50    -1093.149604        0.8964
BFGS:  460 20:44:50    -1093.151231        0.5240
BFGS:  461 20:44:50    -1093.150031        0.9709
BFGS:  462 20:44:50    -1093.151713        0.5850
BFGS:  463 20:44:50    -1093.150539        0.7069
BFGS:  464 20:44:50    -1093.151453        0.4573
BFGS:  465 20:44:50    -1093.150046        0.9665
BFGS:  466 20:44:50    -1093.151625        0.6103
BFGS:  467 20:44:50    -1093.149605        0.8978
BFGS:  468 20:44:50    -1093.151270        0.5164
BFGS:  469 20:44:50    -1093.150028        0.9675
BFGS:  470 20:44:50    -1093.151772        0.5699
BFGS:  471 20:44:50    -1093.150904        0.6229
BFGS:  472 20:44:50    -1093.151514        0.4396
BFGS:  473 20:44:51    -1093.150085        0.9659
BFGS:  474 20:44:51    -1093.151615        0.6173
BFGS:  475 20:44:51    -1093.149631        0.9004
BFGS:  476 20:44:51    -1093.151287        0.5152
BFGS:  477 20:44:51    -1093.150068        0.9675
BFGS:  478 20:44:51    -1093.151723        0.5863
BFGS:  479 20:44:51    -1093.149620        0.9020
BFGS:  480 20:44:51    -1093.151250        0.5274
BFGS:  481 20:44:51    -1093.150064        0.9669
BFGS:  482 20:44:51    -1093.151743        0.5810
BFGS:  483 20:44:51    -1093.149610        0.9032
BFGS:  484 20:44:51    -1093.151244        0.5301
BFGS:  485 20:44:51    -1093.150061        0.9662
BFGS:  486 20:44:51    -1093.151751        0.5795
BFGS:  487 20:44:51    -1093.149601        0.9044
BFGS:  488 20:44:51    -1093.151242        0.5313
BFGS:  489 20:44:51    -1093.150059        0.9656
BFGS:  490 20:44:51    -1093.151757        0.5785
BFGS:  491 20:44:51    -1093.149593        0.9054
BFGS:  492 20:44:51    -1093.151241        0.5323
BFGS:  493 20:44:51    -1093.150057        0.9648
BFGS:  494 20:44:51    -1093.151763        0.5776
BFGS:  495 20:44:51    -1093.150574        0.7073
BFGS:  496 20:44:51    -1093.151475        0.4619
BFGS:  497 20:44:51    -1093.150066        0.9605
BFGS:  498 20:44:51    -1093.151729        0.5904
BFGS:  499 20:44:52    -1093.150487        0.7321
