      Step     Time          Energy         fmax
BFGS:    0 20:39:19     -985.262507       70.1496
BFGS:    1 20:39:19     -995.718059       52.7836
BFGS:    2 20:39:19    -1004.329101       51.2103
BFGS:    3 20:39:19    -1010.669710       46.8997
BFGS:    4 20:39:19    -1016.938842       42.8898
BFGS:    5 20:39:19    -1022.695140       38.2705
BFGS:    6 20:39:19    -1028.287376       35.5574
BFGS:    7 20:39:19    -1032.527967       30.5277
BFGS:    8 20:39:20    -1035.883072       27.8695
BFGS:    9 20:39:20    -1038.686118       26.3636
BFGS:   10 20:39:20    -1041.147467       23.7632
BFGS:   11 20:39:20    -1043.381982       22.0615
BFGS:   12 20:39:20    -1045.506490       20.5883
BFGS:   13 20:39:20    -1047.606270       18.6596
BFGS:   14 20:39:20    -1049.706073       17.2707
BFGS:   15 20:39:20    -1051.605469       15.5786
BFGS:   16 20:39:20    -1053.222830       14.4644
BFGS:   17 20:39:20    -1054.705398       13.3392
BFGS:   18 20:39:20    -1056.069577       12.4010
BFGS:   19 20:39:20    -1057.354883       11.5427
BFGS:   20 20:39:20    -1058.589973       10.7412
BFGS:   21 20:39:20    -1059.767570       10.0231
BFGS:   22 20:39:20    -1060.905253        9.3305
BFGS:   23 20:39:20    -1061.998855        8.7179
BFGS:   24 20:39:20    -1063.060566        8.1311
BFGS:   25 20:39:20    -1064.092374        7.6129
BFGS:   26 20:39:20    -1065.098421        7.1362
BFGS:   27 20:39:20    -1066.079121        6.7221
BFGS:   28 20:39:20    -1067.032945        6.3465
BFGS:   29 20:39:20    -1067.958557        6.0091
BFGS:   30 20:39:20    -1068.886155        8.6771
BFGS:   31 20:39:20    -1069.714407        8.3548
BFGS:   32 20:39:20    -1070.549028        8.0168
BFGS:   33 20:39:20    -1071.334483        7.9442
BFGS:   34 20:39:20    -1072.098447        7.7182
BFGS:   35 20:39:20    -1072.879773        7.0126
BFGS:   36 20:39:20    -1073.665637        6.9777
BFGS:   37 20:39:20    -1074.447716        7.0699
BFGS:   38 20:39:20    -1075.215013        6.9159
BFGS:   39 20:39:20    -1075.963040        6.7294
BFGS:   40 20:39:20    -1076.692463        6.7327
BFGS:   41 20:39:20    -1077.390244        6.6967
BFGS:   42 20:39:20    -1078.051248        6.6288
BFGS:   43 20:39:20    -1078.685526        6.5290
BFGS:   44 20:39:20    -1079.302924        6.4003
BFGS:   45 20:39:20    -1079.913115        6.2440
BFGS:   46 20:39:20    -1080.525788        6.0611
BFGS:   47 20:39:20    -1081.150598        5.8531
BFGS:   48 20:39:21    -1081.795772        5.6212
BFGS:   49 20:39:21    -1082.439441        5.6355
BFGS:   50 20:39:21    -1083.081023        6.0983
BFGS:   51 20:39:21    -1083.720391        6.5329
BFGS:   52 20:39:21    -1084.352544        6.9010
BFGS:   53 20:39:21    -1084.970437        7.1731
BFGS:   54 20:39:21    -1085.565573        7.3363
BFGS:   55 20:39:21    -1086.132297        7.3839
BFGS:   56 20:39:21    -1086.666115        7.3382
BFGS:   57 20:39:21    -1087.166294        7.2127
BFGS:   58 20:39:21    -1087.632258        7.0263
BFGS:   59 20:39:21    -1088.065469        6.7879
BFGS:   60 20:39:21    -1088.466401        6.5148
BFGS:   61 20:39:21    -1088.837400        6.2155
BFGS:   62 20:39:21    -1089.179373        5.9106
BFGS:   63 20:39:21    -1089.495464        5.5887
BFGS:   64 20:39:21    -1089.786150        5.2746
BFGS:   65 20:39:21    -1090.055008        4.9570
BFGS:   66 20:39:21    -1090.302022        4.6498
BFGS:   67 20:39:21    -1090.531236        4.3405
BFGS:   68 20:39:21    -1090.741843        4.0535
BFGS:   69 20:39:21    -1090.938524        3.7623
BFGS:   70 20:39:21    -1091.119623        3.4987
BFGS:   71 20:39:21    -1091.290082        3.2283
BFGS:   72 20:39:21    -1091.448133        2.9918
BFGS:   73 20:39:21    -1091.597660        2.7517
BFGS:   74 20:39:21    -1091.737843        2.6374
BFGS:   75 20:39:21    -1091.870760        2.7522
BFGS:   76 20:39:21    -1091.996358        2.8787
BFGS:   77 20:39:21    -1092.115347        3.0213
BFGS:   78 20:39:21    -1092.227830        3.1734
BFGS:   79 20:39:21    -1092.333739        3.3364
BFGS:   80 20:39:21    -1092.432670        3.5042
BFGS:   81 20:39:21    -1092.523778        3.6764
BFGS:   82 20:39:21    -1092.606830        3.8461
BFGS:   83 20:39:21    -1092.682202        4.0055
BFGS:   84 20:39:21    -1092.751386        4.1389
BFGS:   85 20:39:21    -1092.815890        4.2297
BFGS:   86 20:39:21    -1092.878690        4.2562
BFGS:   87 20:39:21    -1092.944170        4.2070
BFGS:   88 20:39:22    -1093.019924        4.0471
BFGS:   89 20:39:22    -1093.109205        3.7539
BFGS:   90 20:39:22    -1093.202573        3.3068
BFGS:   91 20:39:22    -1093.285279        2.9767
BFGS:   92 20:39:22    -1093.366777        2.7444
BFGS:   93 20:39:22    -1093.453326        2.7857
BFGS:   94 20:39:22    -1093.525035        2.7824
BFGS:   95 20:39:22    -1093.578296        2.7573
BFGS:   96 20:39:22    -1093.624937        2.6830
BFGS:   97 20:39:22    -1093.667416        2.5716
BFGS:   98 20:39:22    -1093.707407        2.4302
BFGS:   99 20:39:22    -1093.746046        2.2675
BFGS:  100 20:39:22    -1093.783945        2.0881
BFGS:  101 20:39:22    -1093.821492        1.8971
BFGS:  102 20:39:22    -1093.858698        1.6969
BFGS:  103 20:39:22    -1093.895589        1.4916
BFGS:  104 20:39:22    -1093.931919        1.2827
BFGS:  105 20:39:22    -1093.967619        1.0742
BFGS:  106 20:39:22    -1094.002405        0.8787
BFGS:  107 20:39:22    -1094.036247        0.8109
BFGS:  108 20:39:22    -1094.068863        0.7393
BFGS:  109 20:39:22    -1094.100270        0.6651
BFGS:  110 20:39:22    -1094.130129        0.6058
BFGS:  111 20:39:22    -1094.158453        0.5564
BFGS:  112 20:39:22    -1094.184759        0.5085
BFGS:  113 20:39:22    -1094.209104        0.5207
BFGS:  114 20:39:22    -1094.230765        0.5134
BFGS:  115 20:39:22    -1094.250041        0.4822
BFGS:  116 20:39:22    -1094.265729        0.4752
BFGS:  117 20:39:22    -1094.279219        0.3898
BFGS:  118 20:39:22    -1094.286388        0.4241
BFGS:  119 20:39:22    -1094.294989        0.2773
BFGS:  120 20:39:22    -1094.300732        0.2211
BFGS:  121 20:39:22    -1094.303978        0.2278
BFGS:  122 20:39:22    -1094.306502        0.2106
BFGS:  123 20:39:22    -1094.310812        0.1836
BFGS:  124 20:39:22    -1094.314097        0.1587
BFGS:  125 20:39:22    -1094.315580        0.1508
BFGS:  126 20:39:22    -1094.316452        0.1311
BFGS:  127 20:39:22    -1094.317212        0.1221
BFGS:  128 20:39:22    -1094.317881        0.1199
BFGS:  129 20:39:22    -1094.318364        0.1186
BFGS:  130 20:39:23    -1094.318715        0.1124
BFGS:  131 20:39:23    -1094.318999        0.1006
BFGS:  132 20:39:23    -1094.319216        0.0917
