      Step     Time          Energy         fmax
BFGS:    0 20:48:10     -820.991229       92.6142
BFGS:    1 20:48:10     -847.736500       65.4929
BFGS:    2 20:48:10     -861.979711       82.8594
BFGS:    3 20:48:10     -870.410119       85.2232
BFGS:    4 20:48:10     -879.293209       88.5593
BFGS:    5 20:48:10     -887.918799       91.9650
BFGS:    6 20:48:10     -895.417510       93.7025
BFGS:    7 20:48:10     -903.349227       96.1698
BFGS:    8 20:48:10     -911.015881       96.7665
BFGS:    9 20:48:10     -920.140538       93.1222
BFGS:   10 20:48:10     -928.441819       74.8662
BFGS:   11 20:48:10     -935.337727       44.0830
BFGS:   12 20:48:11     -939.658368       35.4421
BFGS:   13 20:48:11     -943.462532       43.9756
BFGS:   14 20:48:11     -947.057291       46.4525
BFGS:   15 20:48:11     -950.139761       61.8795
BFGS:   16 20:48:11     -952.248906       65.7849
BFGS:   17 20:48:11     -954.958466       70.7475
BFGS:   18 20:48:11     -957.634755       67.8267
BFGS:   19 20:48:11     -959.852954       73.7101
BFGS:   20 20:48:11     -962.325615       70.8032
BFGS:   21 20:48:11     -964.512194       66.1585
BFGS:   22 20:48:11     -966.683181       62.4108
BFGS:   23 20:48:11     -968.952009       69.1130
BFGS:   24 20:48:11     -971.347636       70.7563
BFGS:   25 20:48:11     -973.744313       68.3347
BFGS:   26 20:48:11     -976.256844       67.7489
BFGS:   27 20:48:11     -978.545405       68.5702
BFGS:   28 20:48:11     -980.722268       73.0442
BFGS:   29 20:48:11     -983.120145       75.4277
BFGS:   30 20:48:11     -986.548715       68.2977
BFGS:   31 20:48:11     -989.728315       83.8435
BFGS:   32 20:48:11     -994.291946       85.0321
BFGS:   33 20:48:11     -999.235306       78.4351
BFGS:   34 20:48:11    -1003.063939       66.6481
BFGS:   35 20:48:11    -1007.028071       50.6418
BFGS:   36 20:48:11    -1010.720232       28.8910
BFGS:   37 20:48:12    -1012.588574       21.9313
BFGS:   38 20:48:12    -1014.001400       17.8983
BFGS:   39 20:48:12    -1015.257621       15.9985
BFGS:   40 20:48:12    -1016.252495       14.6836
BFGS:   41 20:48:12    -1017.105826       15.6852
BFGS:   42 20:48:12    -1017.841423       16.5608
BFGS:   43 20:48:12    -1018.493061       14.9611
BFGS:   44 20:48:12    -1019.069466       15.2262
BFGS:   45 20:48:12    -1019.576755       14.3059
BFGS:   46 20:48:12    -1020.020119       12.4280
BFGS:   47 20:48:12    -1020.419151       10.5219
BFGS:   48 20:48:12    -1020.806627        8.6149
BFGS:   49 20:48:12    -1021.184398        6.6563
BFGS:   50 20:48:12    -1021.524410        7.6850
BFGS:   51 20:48:12    -1021.842060        8.2980
BFGS:   52 20:48:12    -1022.184445        9.5118
BFGS:   53 20:48:12    -1022.457063        4.9509
BFGS:   54 20:48:12    -1022.725626        6.2049
BFGS:   55 20:48:12    -1022.992788        6.3333
BFGS:   56 20:48:12    -1023.233635        7.1453
BFGS:   57 20:48:12    -1023.445799        7.1623
BFGS:   58 20:48:12    -1023.634667        6.6413
BFGS:   59 20:48:12    -1023.812925        5.8374
BFGS:   60 20:48:13    -1023.992028        5.0734
BFGS:   61 20:48:13    -1024.177533        5.8083
BFGS:   62 20:48:13    -1024.370619        6.4153
BFGS:   63 20:48:13    -1024.568758        6.9143
BFGS:   64 20:48:13    -1024.768329        7.2762
BFGS:   65 20:48:13    -1024.965845        7.4256
BFGS:   66 20:48:13    -1025.153039        8.3885
BFGS:   67 20:48:13    -1025.331051        9.8283
BFGS:   68 20:48:13    -1025.500119       10.9081
BFGS:   69 20:48:13    -1025.666682       11.4589
BFGS:   70 20:48:13    -1025.825995       11.7239
BFGS:   71 20:48:13    -1025.987130       11.5056
BFGS:   72 20:48:13    -1026.138809       11.2106
BFGS:   73 20:48:13    -1026.298355       10.2723
BFGS:   74 20:48:13    -1026.438039        9.8090
BFGS:   75 20:48:13    -1026.601475        8.1727
BFGS:   76 20:48:13    -1026.726631        7.8024
BFGS:   77 20:48:13    -1026.873704        6.5323
BFGS:   78 20:48:13    -1027.015560        5.6002
BFGS:   79 20:48:13    -1027.176792        4.6799
BFGS:   80 20:48:13    -1027.306104        4.7998
BFGS:   81 20:48:13    -1027.382023        4.4328
BFGS:   82 20:48:13    -1027.437138        4.1276
BFGS:   83 20:48:13    -1027.515602        4.5539
BFGS:   84 20:48:14    -1027.548969        5.4628
BFGS:   85 20:48:14    -1027.596434        5.5425
BFGS:   86 20:48:14    -1027.669045        4.8166
BFGS:   87 20:48:14    -1027.727156        3.6644
BFGS:   88 20:48:14    -1027.787425        3.3902
BFGS:   89 20:48:14    -1027.838477        2.7873
BFGS:   90 20:48:14    -1027.885889        2.8936
BFGS:   91 20:48:14    -1027.922173        1.9607
BFGS:   92 20:48:14    -1027.965271        1.2780
BFGS:   93 20:48:14    -1027.996676        1.4131
BFGS:   94 20:48:14    -1028.022608        1.4346
BFGS:   95 20:48:14    -1028.047408        1.2117
BFGS:   96 20:48:14    -1028.071203        1.5668
BFGS:   97 20:48:14    -1028.092463        1.5569
BFGS:   98 20:48:14    -1028.110781        1.4315
BFGS:   99 20:48:14    -1028.128839        1.3487
BFGS:  100 20:48:14    -1028.151427        1.3906
BFGS:  101 20:48:14    -1028.174701        1.1158
BFGS:  102 20:48:14    -1028.194819        0.6913
BFGS:  103 20:48:14    -1028.209247        0.7039
BFGS:  104 20:48:14    -1028.219375        0.6382
BFGS:  105 20:48:14    -1028.234291        1.0999
BFGS:  106 20:48:14    -1028.247173        1.2211
BFGS:  107 20:48:14    -1028.262392        0.9754
BFGS:  108 20:48:14    -1028.273244        0.7320
BFGS:  109 20:48:15    -1028.281938        0.5728
BFGS:  110 20:48:15    -1028.286295        0.5305
BFGS:  111 20:48:15    -1028.290796        0.5288
BFGS:  112 20:48:15    -1028.295719        0.5526
BFGS:  113 20:48:15    -1028.301030        0.5526
BFGS:  114 20:48:15    -1028.305426        0.5025
BFGS:  115 20:48:15    -1028.308447        0.5318
BFGS:  116 20:48:15    -1028.311175        0.4494
BFGS:  117 20:48:15    -1028.313875        0.3282
BFGS:  118 20:48:15    -1028.316402        0.4005
BFGS:  119 20:48:15    -1028.318364        0.5020
BFGS:  120 20:48:15    -1028.320065        0.5353
BFGS:  121 20:48:15    -1028.322879        0.5416
BFGS:  122 20:48:15    -1028.326456        0.6063
BFGS:  123 20:48:15    -1028.330187        0.6067
BFGS:  124 20:48:15    -1028.332224        0.5327
BFGS:  125 20:48:15    -1028.333312        0.4201
BFGS:  126 20:48:15    -1028.334304        0.3123
BFGS:  127 20:48:15    -1028.335882        0.2243
BFGS:  128 20:48:15    -1028.337962        0.2246
BFGS:  129 20:48:15    -1028.340180        0.2933
BFGS:  130 20:48:15    -1028.342379        0.3354
BFGS:  131 20:48:15    -1028.345239        0.4506
BFGS:  132 20:48:15    -1028.349210        0.5662
BFGS:  133 20:48:15    -1028.353452        0.6262
BFGS:  134 20:48:16    -1028.357971        0.6628
BFGS:  135 20:48:16    -1028.362698        0.6694
BFGS:  136 20:48:16    -1028.367661        0.6503
BFGS:  137 20:48:16    -1028.373167        0.5840
BFGS:  138 20:48:16    -1028.379774        0.6487
BFGS:  139 20:48:16    -1028.385269        0.6481
BFGS:  140 20:48:16    -1028.389136        0.5531
BFGS:  141 20:48:16    -1028.392597        0.4045
BFGS:  142 20:48:16    -1028.394338        0.3105
BFGS:  143 20:48:16    -1028.395725        0.3124
BFGS:  144 20:48:16    -1028.397052        0.3361
BFGS:  145 20:48:16    -1028.398714        0.3751
BFGS:  146 20:48:16    -1028.400213        0.4325
BFGS:  147 20:48:16    -1028.401334        0.3729
BFGS:  148 20:48:16    -1028.402074        0.3029
BFGS:  149 20:48:16    -1028.402692        0.2137
BFGS:  150 20:48:16    -1028.403279        0.1738
BFGS:  151 20:48:16    -1028.403620        0.1723
BFGS:  152 20:48:16    -1028.403773        0.2100
BFGS:  153 20:48:16    -1028.403915        0.2502
BFGS:  154 20:48:16    -1028.404104        0.2796
BFGS:  155 20:48:16    -1028.404447        0.3174
BFGS:  156 20:48:16    -1028.404852        0.3544
BFGS:  157 20:48:16    -1028.405192        0.3511
BFGS:  158 20:48:16    -1028.405412        0.3264
BFGS:  159 20:48:16    -1028.405692        0.2931
BFGS:  160 20:48:17    -1028.406211        0.2498
BFGS:  161 20:48:17    -1028.407209        0.1955
BFGS:  162 20:48:17    -1028.408629        0.2424
BFGS:  163 20:48:17    -1028.410058        0.2905
BFGS:  164 20:48:17    -1028.411107        0.3037
BFGS:  165 20:48:17    -1028.412127        0.2920
BFGS:  166 20:48:17    -1028.414003        0.3721
BFGS:  167 20:48:17    -1028.416803        0.4235
BFGS:  168 20:48:17    -1028.422187        0.4149
BFGS:  169 20:48:17    -1028.427373        0.3300
BFGS:  170 20:48:17    -1028.428674        0.3244
BFGS:  171 20:48:17    -1028.429801        0.3889
BFGS:  172 20:48:17    -1028.431227        0.2860
BFGS:  173 20:48:17    -1028.432273        0.2822
BFGS:  174 20:48:17    -1028.435086        0.2402
BFGS:  175 20:48:17    -1028.435955        0.2462
BFGS:  176 20:48:17    -1028.436335        0.2563
BFGS:  177 20:48:17    -1028.436594        0.2320
BFGS:  178 20:48:17    -1028.437347        0.2097
BFGS:  179 20:48:17    -1028.437954        0.2337
BFGS:  180 20:48:17    -1028.438492        0.1894
BFGS:  181 20:48:17    -1028.438744        0.1371
BFGS:  182 20:48:17    -1028.438944        0.1527
BFGS:  183 20:48:17    -1028.439242        0.1691
BFGS:  184 20:48:17    -1028.439796        0.1901
BFGS:  185 20:48:17    -1028.440520        0.2456
BFGS:  186 20:48:18    -1028.441245        0.2410
BFGS:  187 20:48:18    -1028.441843        0.2227
BFGS:  188 20:48:18    -1028.442389        0.2365
BFGS:  189 20:48:18    -1028.442912        0.2002
BFGS:  190 20:48:18    -1028.443255        0.1082
BFGS:  191 20:48:18    -1028.443380        0.0646
