      Step     Time          Energy         fmax
BFGS:    0 20:52:59     -821.700851      220.0726
BFGS:    1 20:52:59     -862.995418      176.5837
BFGS:    2 20:52:59     -881.772141      161.8449
BFGS:    3 20:52:59     -895.732589      158.0126
BFGS:    4 20:52:59     -909.645291      153.3038
BFGS:    5 20:52:59     -926.148812      146.9258
BFGS:    6 20:52:59     -939.264723      129.5310
BFGS:    7 20:52:59     -951.004389      124.4502
BFGS:    8 20:52:59     -962.919092      112.8765
BFGS:    9 20:52:59     -973.078670      104.7578
BFGS:   10 20:52:59     -982.647039       96.7010
BFGS:   11 20:52:59     -990.836905       89.1661
BFGS:   12 20:52:59     -998.010091       82.4459
BFGS:   13 20:52:59    -1005.061859       72.0048
BFGS:   14 20:52:59    -1009.218578       65.7094
BFGS:   15 20:52:59    -1012.617958       62.9002
BFGS:   16 20:52:59    -1016.214199       58.8106
BFGS:   17 20:52:59    -1020.058606       58.5043
BFGS:   18 20:53:00    -1023.733755       47.1458
BFGS:   19 20:53:00    -1026.961746       43.4427
BFGS:   20 20:53:00    -1029.509843       39.9331
BFGS:   21 20:53:00    -1031.495267       35.3921
BFGS:   22 20:53:00    -1033.268723       30.8784
BFGS:   23 20:53:00    -1034.703022       26.6302
BFGS:   24 20:53:00    -1036.107398       22.6816
BFGS:   25 20:53:00    -1037.363115       21.5452
BFGS:   26 20:53:00    -1038.422660       19.4517
BFGS:   27 20:53:00    -1039.344891       18.1990
BFGS:   28 20:53:00    -1040.180294       17.4443
BFGS:   29 20:53:00    -1040.820847       15.9991
BFGS:   30 20:53:00    -1041.398045       14.2040
BFGS:   31 20:53:00    -1041.994108       13.2130
BFGS:   32 20:53:00    -1042.594684       11.4289
BFGS:   33 20:53:00    -1043.163216        9.6556
BFGS:   34 20:53:00    -1043.695817        9.0332
BFGS:   35 20:53:00    -1044.206332        7.5911
BFGS:   36 20:53:00    -1044.708449        6.9834
BFGS:   37 20:53:00    -1045.209454        6.9536
BFGS:   38 20:53:00    -1045.725853        7.3495
BFGS:   39 20:53:00    -1046.299090        8.9010
BFGS:   40 20:53:00    -1046.968543        9.2335
BFGS:   41 20:53:00    -1047.584204       10.1896
BFGS:   42 20:53:00    -1048.176354       10.3738
BFGS:   43 20:53:00    -1048.702735       10.8877
BFGS:   44 20:53:00    -1049.340591       12.2746
BFGS:   45 20:53:00    -1049.997238       14.2589
BFGS:   46 20:53:00    -1050.618579       16.6035
BFGS:   47 20:53:00    -1051.285736       18.3324
BFGS:   48 20:53:00    -1051.913173       20.4292
BFGS:   49 20:53:01    -1052.488525       21.3406
BFGS:   50 20:53:01    -1053.067012       22.0677
BFGS:   51 20:53:01    -1053.647630       23.5365
BFGS:   52 20:53:01    -1054.222899       24.7596
BFGS:   53 20:53:01    -1054.801201       25.8029
BFGS:   54 20:53:01    -1055.374855       26.5646
BFGS:   55 20:53:01    -1055.962924       27.0855
BFGS:   56 20:53:01    -1056.547854       27.1339
BFGS:   57 20:53:01    -1057.175125       27.0029
BFGS:   58 20:53:01    -1057.823935       26.4100
BFGS:   59 20:53:01    -1058.552866       25.5296
BFGS:   60 20:53:01    -1059.315430       24.1619
BFGS:   61 20:53:01    -1060.135625       22.5546
BFGS:   62 20:53:01    -1060.972279       20.7330
BFGS:   63 20:53:01    -1061.807303       19.1436
BFGS:   64 20:53:01    -1062.635339       17.7980
BFGS:   65 20:53:01    -1063.432050       18.0712
BFGS:   66 20:53:01    -1064.221112       18.5910
BFGS:   67 20:53:01    -1064.995040       19.3263
BFGS:   68 20:53:01    -1065.812242       19.8584
BFGS:   69 20:53:01    -1066.671417       19.3885
BFGS:   70 20:53:01    -1067.510019       18.2363
BFGS:   71 20:53:01    -1068.402441       16.7231
BFGS:   72 20:53:01    -1069.328784       14.9891
BFGS:   73 20:53:01    -1070.208571       13.6937
BFGS:   74 20:53:01    -1071.098835       15.0779
BFGS:   75 20:53:01    -1072.089283       16.3116
BFGS:   76 20:53:01    -1073.054896       17.4587
BFGS:   77 20:53:01    -1074.036775       19.3066
BFGS:   78 20:53:01    -1074.990331       19.9630
BFGS:   79 20:53:01    -1075.892649       20.2384
BFGS:   80 20:53:01    -1076.733970       19.8790
BFGS:   81 20:53:01    -1077.579865       19.1765
BFGS:   82 20:53:01    -1078.480399       18.2149
BFGS:   83 20:53:01    -1079.401102       17.1484
BFGS:   84 20:53:02    -1080.240580       15.0800
BFGS:   85 20:53:02    -1081.122123       14.4403
BFGS:   86 20:53:02    -1082.047682       13.8122
BFGS:   87 20:53:02    -1082.932621       13.7701
BFGS:   88 20:53:02    -1083.906902       13.0503
BFGS:   89 20:53:02    -1084.978959       12.6893
BFGS:   90 20:53:02    -1085.976677       11.6505
BFGS:   91 20:53:02    -1086.872478       12.3468
BFGS:   92 20:53:02    -1087.832477       13.2429
BFGS:   93 20:53:02    -1088.565834       15.2403
BFGS:   94 20:53:02    -1089.246526       16.3924
BFGS:   95 20:53:02    -1089.794704       17.2291
BFGS:   96 20:53:02    -1090.338527       17.6024
BFGS:   97 20:53:02    -1090.832079       17.4721
BFGS:   98 20:53:02    -1091.355409       16.9060
BFGS:   99 20:53:02    -1091.863599       16.1486
BFGS:  100 20:53:02    -1092.453394       15.4759
BFGS:  101 20:53:02    -1093.014743       15.0480
BFGS:  102 20:53:02    -1093.667943       15.1350
BFGS:  103 20:53:02    -1094.285187       15.6544
BFGS:  104 20:53:02    -1094.857520       16.5215
BFGS:  105 20:53:02    -1095.400683       17.4710
BFGS:  106 20:53:02    -1095.919012       18.1515
BFGS:  107 20:53:02    -1096.426756       18.0624
BFGS:  108 20:53:02    -1096.935182       16.5106
BFGS:  109 20:53:02    -1097.444596       13.0582
BFGS:  110 20:53:02    -1098.112746        9.6797
BFGS:  111 20:53:02    -1098.708472       10.5209
BFGS:  112 20:53:02    -1099.237996       10.0756
BFGS:  113 20:53:02    -1099.557775        9.1369
BFGS:  114 20:53:02    -1099.839551        7.6649
BFGS:  115 20:53:02    -1100.056344        6.3444
BFGS:  116 20:53:02    -1100.253464        6.1302
BFGS:  117 20:53:02    -1100.396717        6.6997
BFGS:  118 20:53:02    -1100.530844        6.8580
BFGS:  119 20:53:02    -1100.669569        6.9768
BFGS:  120 20:53:02    -1100.806826        6.9850
BFGS:  121 20:53:02    -1100.950050        6.8660
BFGS:  122 20:53:02    -1101.093995        6.6650
BFGS:  123 20:53:02    -1101.247360        6.3529
BFGS:  124 20:53:02    -1101.390153        5.9350
BFGS:  125 20:53:02    -1101.541167        5.5268
BFGS:  126 20:53:03    -1101.717584        5.1128
BFGS:  127 20:53:03    -1101.962669        5.0030
BFGS:  128 20:53:03    -1102.165342        5.4498
BFGS:  129 20:53:03    -1102.390477        5.4824
BFGS:  130 20:53:03    -1102.588685        5.6442
BFGS:  131 20:53:03    -1102.831617        5.3007
BFGS:  132 20:53:03    -1103.032273        5.5001
BFGS:  133 20:53:03    -1103.274665        5.5185
BFGS:  134 20:53:03    -1103.459532        6.8817
BFGS:  135 20:53:03    -1103.711413        6.0233
BFGS:  136 20:53:03    -1104.078680        4.9922
BFGS:  137 20:53:03    -1104.452310        5.2460
BFGS:  138 20:53:03    -1104.701212        5.7870
BFGS:  139 20:53:03    -1105.063216        5.1661
BFGS:  140 20:53:03    -1105.346069        4.0645
BFGS:  141 20:53:03    -1105.464527        3.4792
BFGS:  142 20:53:03    -1105.535567        3.0776
BFGS:  143 20:53:03    -1105.607203        2.6782
BFGS:  144 20:53:03    -1105.675853        2.9899
BFGS:  145 20:53:03    -1105.785199        4.6181
BFGS:  146 20:53:03    -1105.916978        6.6600
BFGS:  147 20:53:03    -1106.062303        7.1170
BFGS:  148 20:53:03    -1106.211142        6.8887
BFGS:  149 20:53:03    -1106.401018        3.9802
BFGS:  150 20:53:03    -1106.478267        3.2742
BFGS:  151 20:53:03    -1106.543470        2.5089
BFGS:  152 20:53:03    -1106.596601        2.8446
BFGS:  153 20:53:03    -1106.659777        2.5547
BFGS:  154 20:53:03    -1106.722417        1.9975
BFGS:  155 20:53:03    -1106.764510        1.6931
BFGS:  156 20:53:03    -1106.794269        1.4784
BFGS:  157 20:53:03    -1106.814280        1.4406
BFGS:  158 20:53:03    -1106.824906        1.2005
BFGS:  159 20:53:03    -1106.829871        1.0144
BFGS:  160 20:53:03    -1106.833080        0.8995
BFGS:  161 20:53:03    -1106.835821        0.8932
BFGS:  162 20:53:03    -1106.838288        0.7913
BFGS:  163 20:53:03    -1106.840924        0.8063
BFGS:  164 20:53:03    -1106.843365        0.7810
BFGS:  165 20:53:03    -1106.845188        0.7111
BFGS:  166 20:53:03    -1106.846317        0.6011
BFGS:  167 20:53:03    -1106.847097        0.5150
BFGS:  168 20:53:04    -1106.847784        0.5424
BFGS:  169 20:53:04    -1106.848494        0.5490
BFGS:  170 20:53:04    -1106.849235        0.5040
BFGS:  171 20:53:04    -1106.849925        0.4158
BFGS:  172 20:53:04    -1106.850455        0.4066
BFGS:  173 20:53:04    -1106.850844        0.4178
BFGS:  174 20:53:04    -1106.851175        0.4277
BFGS:  175 20:53:04    -1106.851528        0.4344
BFGS:  176 20:53:04    -1106.851926        0.4304
BFGS:  177 20:53:04    -1106.852373        0.4144
BFGS:  178 20:53:04    -1106.852817        0.3847
BFGS:  179 20:53:04    -1106.853195        0.3514
BFGS:  180 20:53:04    -1106.853449        0.3246
BFGS:  181 20:53:04    -1106.853592        0.3240
BFGS:  182 20:53:04    -1106.853672        0.3111
BFGS:  183 20:53:04    -1106.853729        0.3056
BFGS:  184 20:53:04    -1106.853777        0.3062
BFGS:  185 20:53:04    -1106.853822        0.3072
BFGS:  186 20:53:04    -1106.853861        0.3080
BFGS:  187 20:53:04    -1106.853895        0.3081
BFGS:  188 20:53:04    -1106.853928        0.3075
BFGS:  189 20:53:04    -1106.853960        0.3053
BFGS:  190 20:53:04    -1106.853992        0.3010
BFGS:  191 20:53:04    -1106.854023        0.2933
BFGS:  192 20:53:04    -1106.854054        0.2815
BFGS:  193 20:53:04    -1106.854090        0.2650
BFGS:  194 20:53:04    -1106.854124        0.2478
BFGS:  195 20:53:04    -1106.854149        0.2362
BFGS:  196 20:53:04    -1106.854164        0.2310
BFGS:  197 20:53:04    -1106.854178        0.2277
BFGS:  198 20:53:04    -1106.854196        0.2242
BFGS:  199 20:53:04    -1106.854228        0.2187
BFGS:  200 20:53:04    -1106.854284        0.2098
BFGS:  201 20:53:04    -1106.854365        0.1967
BFGS:  202 20:53:04    -1106.854457        0.1808
BFGS:  203 20:53:04    -1106.854551        0.1633
BFGS:  204 20:53:04    -1106.854663        0.1418
BFGS:  205 20:53:04    -1106.854818        0.1285
BFGS:  206 20:53:04    -1106.854998        0.1044
BFGS:  207 20:53:04    -1106.855126        0.0722
