      Step     Time          Energy         fmax
BFGS:    0 20:44:59     -714.655702       69.4758
BFGS:    1 20:44:59     -729.249688       72.5106
BFGS:    2 20:44:59     -742.781625       69.2596
BFGS:    3 20:44:59     -757.681092       86.4505
BFGS:    4 20:44:59     -770.227580      106.7590
BFGS:    5 20:44:59     -781.055462      131.4309
BFGS:    6 20:44:59     -790.541360      144.4873
BFGS:    7 20:44:59     -800.055494      153.2749
BFGS:    8 20:44:59     -809.530527      156.8673
BFGS:    9 20:44:59     -820.815822      162.2994
BFGS:   10 20:44:59     -831.870118      162.4855
BFGS:   11 20:44:59     -841.803311      157.3893
BFGS:   12 20:44:59     -852.391714      157.6078
BFGS:   13 20:45:00     -862.451809      152.1922
BFGS:   14 20:45:00     -872.533082      142.1680
BFGS:   15 20:45:00     -882.583950      136.9662
BFGS:   16 20:45:00     -892.852215      133.7286
BFGS:   17 20:45:00     -902.168106      126.1196
BFGS:   18 20:45:00     -913.763388      120.0941
BFGS:   19 20:45:00     -925.647174      105.1585
BFGS:   20 20:45:00     -935.852560       97.6955
BFGS:   21 20:45:00     -945.524823       88.8723
BFGS:   22 20:45:00     -954.055148       82.3386
BFGS:   23 20:45:00     -962.049204       77.5965
BFGS:   24 20:45:00     -968.527896       74.5641
BFGS:   25 20:45:00     -974.285667       67.5462
BFGS:   26 20:45:00     -979.968505       63.9028
BFGS:   27 20:45:00     -985.630005       60.3007
BFGS:   28 20:45:00     -991.452533       55.9234
BFGS:   29 20:45:00     -997.785718       51.5823
BFGS:   30 20:45:00    -1002.626005       44.2520
BFGS:   31 20:45:00    -1006.792029       41.4778
BFGS:   32 20:45:00    -1010.997753       36.4350
BFGS:   33 20:45:00    -1015.325934       32.6088
BFGS:   34 20:45:00    -1019.407231       29.9966
BFGS:   35 20:45:00    -1023.582835       28.6691
BFGS:   36 20:45:00    -1027.237144       29.6702
BFGS:   37 20:45:00    -1030.278460       30.0111
BFGS:   38 20:45:00    -1033.157786       28.3547
BFGS:   39 20:45:00    -1036.313385       27.1218
BFGS:   40 20:45:00    -1038.832144       23.6404
BFGS:   41 20:45:01    -1040.778022       21.5543
BFGS:   42 20:45:01    -1042.328033       18.6347
BFGS:   43 20:45:01    -1043.598040       16.9401
BFGS:   44 20:45:01    -1044.706940       16.3032
BFGS:   45 20:45:01    -1045.692399       15.9068
BFGS:   46 20:45:01    -1046.714881       15.5870
BFGS:   47 20:45:01    -1047.760546       15.5078
BFGS:   48 20:45:01    -1048.915962       15.8429
BFGS:   49 20:45:01    -1050.187057       15.7087
BFGS:   50 20:45:01    -1051.605736       15.0506
BFGS:   51 20:45:01    -1052.912783       14.6998
BFGS:   52 20:45:01    -1054.164904       14.1645
BFGS:   53 20:45:01    -1055.095249       13.5602
BFGS:   54 20:45:01    -1055.857353       12.8052
BFGS:   55 20:45:01    -1056.550104       11.7627
BFGS:   56 20:45:01    -1057.086092       11.2567
BFGS:   57 20:45:01    -1057.596538       10.6739
BFGS:   58 20:45:01    -1058.104874       10.9552
BFGS:   59 20:45:01    -1058.599741       11.9406
BFGS:   60 20:45:01    -1059.168715       13.0190
BFGS:   61 20:45:01    -1059.679777       13.2551
BFGS:   62 20:45:01    -1060.270376       13.8885
BFGS:   63 20:45:01    -1060.852318       14.2995
BFGS:   64 20:45:01    -1061.390654       14.3385
BFGS:   65 20:45:01    -1061.889699       13.7796
BFGS:   66 20:45:01    -1062.378698       12.8113
BFGS:   67 20:45:01    -1062.867488       11.5179
BFGS:   68 20:45:02    -1063.337839       10.8971
BFGS:   69 20:45:02    -1063.841998       10.1892
BFGS:   70 20:45:02    -1064.388756        8.9781
BFGS:   71 20:45:02    -1064.790404        8.8319
BFGS:   72 20:45:02    -1065.096157       10.2171
BFGS:   73 20:45:02    -1065.375131        8.1465
BFGS:   74 20:45:02    -1065.593856        7.5393
BFGS:   75 20:45:02    -1065.803707        6.7012
BFGS:   76 20:45:02    -1065.954824        6.7292
BFGS:   77 20:45:02    -1066.092723        5.7988
BFGS:   78 20:45:02    -1066.219228        6.0701
BFGS:   79 20:45:02    -1066.410663        5.7892
BFGS:   80 20:45:02    -1066.576548        6.1589
BFGS:   81 20:45:02    -1066.707789        6.0377
BFGS:   82 20:45:02    -1066.860323        6.4393
BFGS:   83 20:45:02    -1066.943899        7.4031
BFGS:   84 20:45:02    -1066.981506        7.3744
BFGS:   85 20:45:02    -1067.024014        7.2756
BFGS:   86 20:45:02    -1067.068060        6.5201
BFGS:   87 20:45:02    -1067.105206        5.4311
BFGS:   88 20:45:02    -1067.136835        4.7265
BFGS:   89 20:45:02    -1067.168455        4.1192
BFGS:   90 20:45:02    -1067.210337        3.8130
BFGS:   91 20:45:02    -1067.262990        3.8017
BFGS:   92 20:45:02    -1067.322124        4.3887
BFGS:   93 20:45:02    -1067.382355        4.3636
BFGS:   94 20:45:03    -1067.453278        3.4419
BFGS:   95 20:45:03    -1067.525561        2.6393
BFGS:   96 20:45:03    -1067.592139        2.4940
BFGS:   97 20:45:03    -1067.660155        1.8332
BFGS:   98 20:45:03    -1067.724712        1.6709
BFGS:   99 20:45:03    -1067.781691        2.4055
BFGS:  100 20:45:03    -1067.834673        2.3443
BFGS:  101 20:45:03    -1067.887525        2.6251
BFGS:  102 20:45:03    -1067.922719        1.5555
BFGS:  103 20:45:03    -1067.972877        1.7972
BFGS:  104 20:45:03    -1068.017099        2.0607
BFGS:  105 20:45:03    -1068.059682        2.2643
BFGS:  106 20:45:03    -1068.121869        3.5670
BFGS:  107 20:45:03    -1068.179283        4.3076
BFGS:  108 20:45:03    -1068.254832        4.6661
BFGS:  109 20:45:03    -1068.362033        5.7011
BFGS:  110 20:45:03    -1068.576228        6.5240
BFGS:  111 20:45:03    -1068.876019        7.6243
BFGS:  112 20:45:03    -1069.314798        7.3562
BFGS:  113 20:45:03    -1069.593486        6.9199
BFGS:  114 20:45:03    -1069.869133        5.9694
BFGS:  115 20:45:03    -1070.067554        5.0813
BFGS:  116 20:45:03    -1070.220151        3.7631
BFGS:  117 20:45:03    -1070.302914        3.5270
BFGS:  118 20:45:03    -1070.380209        2.7168
BFGS:  119 20:45:03    -1070.433404        2.2987
BFGS:  120 20:45:03    -1070.468585        2.4483
BFGS:  121 20:45:04    -1070.524763        2.6371
BFGS:  122 20:45:04    -1070.577487        2.8081
BFGS:  123 20:45:04    -1070.629386        3.1332
BFGS:  124 20:45:04    -1070.654029        3.2476
BFGS:  125 20:45:04    -1070.668912        3.2739
BFGS:  126 20:45:04    -1070.677549        3.1382
BFGS:  127 20:45:04    -1070.685915        3.0289
BFGS:  128 20:45:04    -1070.692503        2.9917
BFGS:  129 20:45:04    -1070.698675        2.9873
BFGS:  130 20:45:04    -1070.702764        3.0288
BFGS:  131 20:45:04    -1070.706939        3.0730
BFGS:  132 20:45:04    -1070.710002        3.0964
BFGS:  133 20:45:04    -1070.714538        3.0722
BFGS:  134 20:45:04    -1070.720825        2.9609
BFGS:  135 20:45:04    -1070.740948        2.6791
BFGS:  136 20:45:04    -1070.658343        3.9794
BFGS:  137 20:45:04    -1070.798181        2.0962
BFGS:  138 20:45:04    -1070.842220        2.6176
BFGS:  139 20:45:04    -1070.874678        2.2476
BFGS:  140 20:45:04    -1070.902333        1.8650
BFGS:  141 20:45:04    -1070.906565        2.1389
BFGS:  142 20:45:04    -1070.928902        1.6442
BFGS:  143 20:45:04    -1070.938322        1.5313
BFGS:  144 20:45:04    -1070.946195        1.4005
BFGS:  145 20:45:04    -1070.952536        1.4996
BFGS:  146 20:45:04    -1070.956620        1.3478
BFGS:  147 20:45:05    -1070.961172        1.2116
BFGS:  148 20:45:05    -1070.964053        1.1018
BFGS:  149 20:45:05    -1070.966256        1.0418
BFGS:  150 20:45:05    -1070.967506        1.0539
BFGS:  151 20:45:05    -1070.968688        1.0837
BFGS:  152 20:45:05    -1070.969640        1.1187
BFGS:  153 20:45:05    -1070.970483        1.1528
BFGS:  154 20:45:05    -1070.971032        1.1369
BFGS:  155 20:45:05    -1070.971492        1.1086
BFGS:  156 20:45:05    -1070.971785        1.0736
BFGS:  157 20:45:05    -1070.972008        1.0695
BFGS:  158 20:45:05    -1070.972120        1.0793
BFGS:  159 20:45:05    -1070.972218        1.0904
BFGS:  160 20:45:05    -1070.972284        1.1052
BFGS:  161 20:45:05    -1070.972372        1.1254
BFGS:  162 20:45:05    -1070.972419        1.1298
BFGS:  163 20:45:05    -1070.972455        1.1288
BFGS:  164 20:45:05    -1070.972472        1.1245
BFGS:  165 20:45:05    -1070.972490        1.1172
BFGS:  166 20:45:05    -1070.972498        1.1117
BFGS:  167 20:45:05    -1070.972507        1.1054
BFGS:  168 20:45:05    -1070.972511        1.1022
BFGS:  169 20:45:05    -1070.972514        1.0993
BFGS:  170 20:45:05    -1070.972516        1.0977
BFGS:  171 20:45:05    -1070.972517        1.0956
BFGS:  172 20:45:05    -1070.972517        1.0951
BFGS:  173 20:45:05    -1070.972517        1.0938
BFGS:  174 20:45:06    -1070.972517        1.0938
BFGS:  175 20:45:06    -1070.972517        1.0938
BFGS:  176 20:45:06    -1070.972517        1.0938
BFGS:  177 20:45:06    -1070.972517        1.0938
BFGS:  178 20:45:06    -1070.972517        1.0938
