      Step     Time          Energy         fmax
BFGS:    0 20:42:10     -771.521966      126.6474
BFGS:    1 20:42:11     -806.509392      123.5813
BFGS:    2 20:42:11     -837.951984      126.1589
BFGS:    3 20:42:11     -858.311495      129.2731
BFGS:    4 20:42:11     -879.895324      128.9017
BFGS:    5 20:42:11     -896.856168      121.2067
BFGS:    6 20:42:11     -911.647353      114.1938
BFGS:    7 20:42:11     -926.135531      108.4728
BFGS:    8 20:42:11     -941.942389       97.7903
BFGS:    9 20:42:11     -954.856184       86.0328
BFGS:   10 20:42:11     -965.803849       81.7749
BFGS:   11 20:42:11     -973.299006       75.2252
BFGS:   12 20:42:11     -981.054899       67.6554
BFGS:   13 20:42:11     -987.395035       62.4655
BFGS:   14 20:42:11     -992.892227       57.8528
BFGS:   15 20:42:11     -997.648982       56.4390
BFGS:   16 20:42:11    -1002.013125       55.7493
BFGS:   17 20:42:11    -1006.546663       53.3950
BFGS:   18 20:42:11    -1011.905154       52.2395
BFGS:   19 20:42:11    -1016.730915       48.6658
BFGS:   20 20:42:11    -1021.175562       47.1313
BFGS:   21 20:42:11    -1025.319872       42.4076
BFGS:   22 20:42:11    -1029.425299       41.0373
BFGS:   23 20:42:11    -1033.952650       38.2681
BFGS:   24 20:42:11    -1037.487879       35.3267
BFGS:   25 20:42:11    -1040.938511       33.9410
BFGS:   26 20:42:11    -1043.920404       33.7515
BFGS:   27 20:42:12    -1046.573884       33.8294
BFGS:   28 20:42:12    -1049.073269       34.1444
BFGS:   29 20:42:12    -1051.476166       34.1853
BFGS:   30 20:42:12    -1053.771322       33.0520
BFGS:   31 20:42:12    -1055.896816       32.0553
BFGS:   32 20:42:12    -1057.796479       29.9896
BFGS:   33 20:42:12    -1059.572467       28.0416
BFGS:   34 20:42:12    -1061.229082       29.8629
BFGS:   35 20:42:12    -1062.890925       29.6197
BFGS:   36 20:42:12    -1064.548788       30.6668
BFGS:   37 20:42:12    -1066.148415       30.6802
BFGS:   38 20:42:12    -1067.565854       30.3767
BFGS:   39 20:42:12    -1068.780745       29.4883
BFGS:   40 20:42:12    -1069.846327       28.6579
BFGS:   41 20:42:12    -1070.820089       27.7110
BFGS:   42 20:42:12    -1071.749189       26.9514
BFGS:   43 20:42:12    -1072.648446       26.1964
BFGS:   44 20:42:12    -1073.534619       25.4494
BFGS:   45 20:42:12    -1074.404847       24.7608
BFGS:   46 20:42:12    -1075.271517       23.9351
BFGS:   47 20:42:12    -1076.120604       23.3165
BFGS:   48 20:42:12    -1077.051483       21.8356
BFGS:   49 20:42:12    -1078.032843       20.9121
BFGS:   50 20:42:12    -1079.120709       18.3449
BFGS:   51 20:42:12    -1080.053629       18.3410
BFGS:   52 20:42:12    -1080.865012       18.4251
BFGS:   53 20:42:12    -1081.667360       18.3708
BFGS:   54 20:42:12    -1082.456641       18.1176
BFGS:   55 20:42:12    -1083.208826       17.9021
BFGS:   56 20:42:13    -1083.927538       19.3267
BFGS:   57 20:42:13    -1084.593033       19.7345
BFGS:   58 20:42:13    -1085.187730       19.6305
BFGS:   59 20:42:13    -1085.705082       17.7130
BFGS:   60 20:42:13    -1086.189126       19.2242
BFGS:   61 20:42:13    -1086.695661       16.4790
BFGS:   62 20:42:13    -1087.370399       14.6247
BFGS:   63 20:42:13    -1088.038623       14.3306
BFGS:   64 20:42:13    -1088.659658       14.7429
BFGS:   65 20:42:13    -1089.264388       15.0748
BFGS:   66 20:42:13    -1089.872931       16.1207
BFGS:   67 20:42:13    -1090.487460       17.0374
BFGS:   68 20:42:13    -1091.112500       17.7588
BFGS:   69 20:42:13    -1091.743308       18.2074
BFGS:   70 20:42:13    -1092.390411       18.3685
BFGS:   71 20:42:13    -1093.045402       18.1138
BFGS:   72 20:42:13    -1093.729893       17.7563
BFGS:   73 20:42:13    -1094.428332       16.7901
BFGS:   74 20:42:13    -1095.138913       16.1056
BFGS:   75 20:42:13    -1095.780391       14.7603
BFGS:   76 20:42:13    -1096.517108       13.0374
BFGS:   77 20:42:13    -1097.313916       10.2662
BFGS:   78 20:42:13    -1098.118323        9.8129
BFGS:   79 20:42:13    -1098.895003       10.7247
BFGS:   80 20:42:13    -1099.649700       10.5494
BFGS:   81 20:42:13    -1100.311761       10.6338
BFGS:   82 20:42:13    -1100.827573        9.6146
BFGS:   83 20:42:14    -1101.275370        8.5198
BFGS:   84 20:42:14    -1101.648190        7.3326
BFGS:   85 20:42:14    -1101.971078        5.9825
BFGS:   86 20:42:14    -1102.225220        7.4756
BFGS:   87 20:42:14    -1102.428873        8.8991
BFGS:   88 20:42:14    -1102.603440        8.5165
BFGS:   89 20:42:14    -1102.835489        5.0355
BFGS:   90 20:42:14    -1102.968313        4.1978
BFGS:   91 20:42:14    -1103.020624        4.9347
BFGS:   92 20:42:14    -1103.055520        4.3592
BFGS:   93 20:42:14    -1103.075908        3.7162
BFGS:   94 20:42:14    -1103.106386        3.0560
BFGS:   95 20:42:14    -1103.136926        2.5661
BFGS:   96 20:42:14    -1103.156993        2.4838
BFGS:   97 20:42:14    -1103.173438        2.3794
BFGS:   98 20:42:14    -1103.185163        2.4075
BFGS:   99 20:42:14    -1103.195837        2.2643
BFGS:  100 20:42:14    -1103.208913        2.1889
BFGS:  101 20:42:14    -1103.222701        1.7548
BFGS:  102 20:42:14    -1103.230686        1.4315
BFGS:  103 20:42:14    -1103.237264        1.1433
BFGS:  104 20:42:14    -1103.243643        0.9450
BFGS:  105 20:42:14    -1103.251145        0.8834
BFGS:  106 20:42:14    -1103.257958        0.8425
BFGS:  107 20:42:14    -1103.263973        0.8203
BFGS:  108 20:42:14    -1103.268709        0.8606
BFGS:  109 20:42:14    -1103.272077        0.6582
BFGS:  110 20:42:15    -1103.274289        0.7319
BFGS:  111 20:42:15    -1103.276393        0.6918
BFGS:  112 20:42:15    -1103.279380        0.5516
BFGS:  113 20:42:15    -1103.283362        0.6651
BFGS:  114 20:42:15    -1103.289127        0.8397
BFGS:  115 20:42:15    -1103.313483        2.2259
BFGS:  116 20:42:15    -1103.258196        6.7588
BFGS:  117 20:42:15    -1103.474464        2.4477
BFGS:  118 20:42:15    -1103.601405        3.2743
BFGS:  119 20:42:15    -1103.699601        4.3799
BFGS:  120 20:42:15    -1103.815082        3.7896
BFGS:  121 20:42:15    -1103.938786        2.6327
BFGS:  122 20:42:15    -1104.036355        3.1920
BFGS:  123 20:42:15    -1104.112716        3.3340
BFGS:  124 20:42:15    -1104.188499        3.3902
BFGS:  125 20:42:15    -1104.256198        3.4619
BFGS:  126 20:42:15    -1104.314712        3.6165
BFGS:  127 20:42:15    -1104.367025        3.9111
BFGS:  128 20:42:15    -1104.439239        4.6217
BFGS:  129 20:42:15    -1104.537982        5.6781
BFGS:  130 20:42:15    -1104.649254        5.9914
BFGS:  131 20:42:15    -1104.756881        6.6029
BFGS:  132 20:42:15    -1104.906055        7.2782
BFGS:  133 20:42:15    -1105.123899        7.0562
BFGS:  134 20:42:15    -1105.428305        5.8989
BFGS:  135 20:42:15    -1105.588868        5.9997
BFGS:  136 20:42:16    -1105.748714        4.8753
BFGS:  137 20:42:16    -1105.863706        5.4245
BFGS:  138 20:42:16    -1106.023798        5.8943
BFGS:  139 20:42:16    -1106.211909        5.0213
BFGS:  140 20:42:16    -1106.349762        7.6260
BFGS:  141 20:42:16    -1106.494033        4.4747
BFGS:  142 20:42:16    -1106.624112        3.5165
BFGS:  143 20:42:16    -1106.725949        3.1457
BFGS:  144 20:42:16    -1106.860693        4.7410
BFGS:  145 20:42:16    -1107.040221        6.4249
BFGS:  146 20:42:16    -1107.165448        7.6298
BFGS:  147 20:42:16    -1107.385215        8.3955
BFGS:  148 20:42:16    -1107.616122        7.5569
BFGS:  149 20:42:16    -1107.778649        5.6756
BFGS:  150 20:42:16    -1107.912851        4.3037
BFGS:  151 20:42:16    -1108.003702        3.2852
BFGS:  152 20:42:16    -1108.057066        2.3707
BFGS:  153 20:42:16    -1108.094138        1.5863
BFGS:  154 20:42:16    -1108.110714        1.2394
BFGS:  155 20:42:16    -1108.120786        1.2472
BFGS:  156 20:42:16    -1108.128626        0.7655
BFGS:  157 20:42:16    -1108.134478        0.7296
BFGS:  158 20:42:16    -1108.138966        0.5813
BFGS:  159 20:42:16    -1108.141542        0.3847
BFGS:  160 20:42:16    -1108.143151        0.2617
BFGS:  161 20:42:16    -1108.143685        0.1785
BFGS:  162 20:42:17    -1108.143941        0.1188
BFGS:  163 20:42:17    -1108.144083        0.0926
