      Step     Time          Energy         fmax
BFGS:    0 20:41:40     -708.377097      210.7066
BFGS:    1 20:41:40     -762.919584      179.8344
BFGS:    2 20:41:40     -793.133085      159.2669
BFGS:    3 20:41:41     -818.428117      152.0504
BFGS:    4 20:41:41     -842.831316      144.3352
BFGS:    5 20:41:41     -865.116813      134.2380
BFGS:    6 20:41:41     -884.116628      126.0695
BFGS:    7 20:41:41     -900.051550      117.0175
BFGS:    8 20:41:41     -912.449250      109.5107
BFGS:    9 20:41:41     -923.664900      106.4036
BFGS:   10 20:41:41     -933.413152       99.4329
BFGS:   11 20:41:41     -942.765607       94.5601
BFGS:   12 20:41:41     -952.624481       87.5413
BFGS:   13 20:41:41     -960.127482       81.6474
BFGS:   14 20:41:41     -966.607546       76.6379
BFGS:   15 20:41:41     -973.157048       72.6950
BFGS:   16 20:41:41     -979.487488       66.6475
BFGS:   17 20:41:41     -985.744297       63.9658
BFGS:   18 20:41:41     -992.020385       60.0938
BFGS:   19 20:41:41     -998.201911       56.8300
BFGS:   20 20:41:41    -1003.923966       54.6695
BFGS:   21 20:41:41    -1009.277759       52.4703
BFGS:   22 20:41:41    -1014.011214       48.9098
BFGS:   23 20:41:41    -1018.260352       45.8676
BFGS:   24 20:41:41    -1022.248202       41.4083
BFGS:   25 20:41:41    -1025.854993       38.6979
BFGS:   26 20:41:41    -1028.859373       35.5608
BFGS:   27 20:41:41    -1031.378984       33.3244
BFGS:   28 20:41:41    -1033.458656       32.5704
BFGS:   29 20:41:41    -1035.379740       31.4982
BFGS:   30 20:41:41    -1037.217603       31.1093
BFGS:   31 20:41:41    -1039.055581       30.7243
BFGS:   32 20:41:41    -1040.963354       29.8339
BFGS:   33 20:41:42    -1043.011275       28.3805
BFGS:   34 20:41:42    -1045.303840       25.4327
BFGS:   35 20:41:42    -1047.883620       21.9691
BFGS:   36 20:41:42    -1050.261347       18.7503
BFGS:   37 20:41:42    -1052.334555       18.5632
BFGS:   38 20:41:42    -1054.283955       17.9924
BFGS:   39 20:41:42    -1056.092098       17.1091
BFGS:   40 20:41:42    -1057.886090       17.1642
BFGS:   41 20:41:42    -1059.579717       15.2125
BFGS:   42 20:41:42    -1061.107501       14.1529
BFGS:   43 20:41:42    -1062.430012       13.0588
BFGS:   44 20:41:42    -1063.606221       11.9595
BFGS:   45 20:41:42    -1064.648968       11.2702
BFGS:   46 20:41:42    -1065.717273       12.0854
BFGS:   47 20:41:42    -1066.743183       11.9525
BFGS:   48 20:41:42    -1067.600900       11.9736
BFGS:   49 20:41:42    -1068.520541       10.9406
BFGS:   50 20:41:42    -1069.287775       11.2917
BFGS:   51 20:41:42    -1070.004812       10.2025
BFGS:   52 20:41:42    -1070.657742        8.9076
BFGS:   53 20:41:42    -1071.226222        6.7983
BFGS:   54 20:41:42    -1071.768875        6.0986
BFGS:   55 20:41:42    -1072.288317        6.6190
BFGS:   56 20:41:42    -1072.928156        6.9354
BFGS:   57 20:41:42    -1073.420002        7.2976
BFGS:   58 20:41:42    -1073.871885        6.1468
BFGS:   59 20:41:42    -1074.269136        6.9774
BFGS:   60 20:41:42    -1074.571067        7.2328
BFGS:   61 20:41:43    -1074.804735        5.4052
BFGS:   62 20:41:43    -1075.081480        5.1868
BFGS:   63 20:41:43    -1075.321209        3.7431
BFGS:   64 20:41:43    -1075.445398        3.6249
BFGS:   65 20:41:43    -1075.542762        2.3130
BFGS:   66 20:41:43    -1075.631769        2.1944
BFGS:   67 20:41:43    -1075.685441        2.6583
BFGS:   68 20:41:43    -1075.731266        2.0462
BFGS:   69 20:41:43    -1075.758219        2.2142
BFGS:   70 20:41:43    -1075.782054        2.4973
BFGS:   71 20:41:43    -1075.813906        2.6898
BFGS:   72 20:41:43    -1075.869284        2.7606
BFGS:   73 20:41:43    -1075.927647        3.9640
BFGS:   74 20:41:43    -1075.997953        4.9760
BFGS:   75 20:41:43    -1076.058000        6.0858
BFGS:   76 20:41:43    -1076.104819        6.8002
BFGS:   77 20:41:43    -1076.129126        7.5604
BFGS:   78 20:41:43    -1076.145549        7.0645
BFGS:   79 20:41:43    -1076.176694        7.3852
BFGS:   80 20:41:43    -1076.221883        7.6475
BFGS:   81 20:41:43    -1076.267221        7.5038
BFGS:   82 20:41:43    -1076.332255        7.2407
BFGS:   83 20:41:43    -1076.406620        7.1656
BFGS:   84 20:41:43    -1076.543659        7.2246
BFGS:   85 20:41:43    -1076.729432       10.5166
BFGS:   86 20:41:43    -1076.998290       11.7931
BFGS:   87 20:41:43    -1077.256373       12.0023
BFGS:   88 20:41:43    -1077.399292       11.0116
BFGS:   89 20:41:44    -1077.474878       10.8096
BFGS:   90 20:41:44    -1077.659103       10.5942
BFGS:   91 20:41:44    -1077.805360       10.6903
BFGS:   92 20:41:44    -1077.930325       10.3179
BFGS:   93 20:41:44    -1078.047403        9.7397
BFGS:   94 20:41:44    -1078.164364        9.1249
BFGS:   95 20:41:44    -1078.283569        8.1944
BFGS:   96 20:41:44    -1078.425354        7.2800
BFGS:   97 20:41:44    -1078.566655        6.5335
BFGS:   98 20:41:44    -1078.702430        6.1564
BFGS:   99 20:41:44    -1078.841649        6.5214
BFGS:  100 20:41:44    -1078.977484        6.4331
BFGS:  101 20:41:44    -1079.147399        6.9273
BFGS:  102 20:41:44    -1079.298499        7.5320
BFGS:  103 20:41:44    -1079.445198        8.1002
BFGS:  104 20:41:44    -1079.535793        8.4806
BFGS:  105 20:41:44    -1079.604973        8.3860
BFGS:  106 20:41:44    -1079.638991        8.2997
BFGS:  107 20:41:44    -1079.664542        7.7473
BFGS:  108 20:41:44    -1079.695011        7.7632
BFGS:  109 20:41:44    -1079.717032        8.0315
BFGS:  110 20:41:44    -1079.735638        8.4091
BFGS:  111 20:41:44    -1079.759421        8.8405
BFGS:  112 20:41:44    -1079.790569        9.1521
BFGS:  113 20:41:44    -1079.831978        9.2524
BFGS:  114 20:41:44    -1079.869863        8.8562
BFGS:  115 20:41:44    -1079.898144        8.1689
BFGS:  116 20:41:44    -1079.926470        7.1503
BFGS:  117 20:41:44    -1079.951830        6.5025
BFGS:  118 20:41:45    -1079.973036        6.0698
BFGS:  119 20:41:45    -1079.991726        6.2502
BFGS:  120 20:41:45    -1080.018538        6.6442
BFGS:  121 20:41:45    -1080.037243        6.3403
BFGS:  122 20:41:45    -1080.051676        6.5306
BFGS:  123 20:41:45    -1080.062356        5.7697
BFGS:  124 20:41:45    -1080.072770        5.3186
BFGS:  125 20:41:45    -1080.085957        4.9854
BFGS:  126 20:41:45    -1080.105477        4.4770
BFGS:  127 20:41:45    -1080.141365        3.7695
BFGS:  128 20:41:45    -1080.184701        3.6286
BFGS:  129 20:41:45    -1080.290400        4.0869
BFGS:  130 20:41:45    -1080.393469        4.8276
BFGS:  131 20:41:45    -1080.528291        5.6069
BFGS:  132 20:41:45    -1080.635798        5.5096
BFGS:  133 20:41:45    -1080.765028        6.0230
BFGS:  134 20:41:45    -1080.952119        6.4169
BFGS:  135 20:41:45    -1081.182580        6.2223
BFGS:  136 20:41:45    -1081.400272        5.7097
BFGS:  137 20:41:45    -1081.629054        4.9030
BFGS:  138 20:41:45    -1081.828263        3.9688
BFGS:  139 20:41:45    -1081.988255        3.2156
BFGS:  140 20:41:45    -1082.106249        2.6105
BFGS:  141 20:41:45    -1082.177461        2.9503
BFGS:  142 20:41:45    -1082.207610        2.7581
BFGS:  143 20:41:45    -1082.231632        2.8314
BFGS:  144 20:41:45    -1082.244003        3.1028
BFGS:  145 20:41:45    -1082.257251        3.3043
BFGS:  146 20:41:45    -1082.270738        3.4348
BFGS:  147 20:41:46    -1082.287033        3.4378
BFGS:  148 20:41:46    -1082.304604        3.3498
BFGS:  149 20:41:46    -1082.325658        3.1855
BFGS:  150 20:41:46    -1082.354488        3.3689
BFGS:  151 20:41:46    -1082.402386        3.9349
BFGS:  152 20:41:46    -1082.445662        4.6619
BFGS:  153 20:41:46    -1082.520284        5.2789
BFGS:  154 20:41:46    -1082.615283        5.9853
BFGS:  155 20:41:46    -1082.725081        5.8436
BFGS:  156 20:41:46    -1082.791631        5.9162
BFGS:  157 20:41:46    -1082.944543        4.2510
BFGS:  158 20:41:46    -1083.075011        5.3717
BFGS:  159 20:41:46    -1083.295964        7.2814
BFGS:  160 20:41:46    -1083.521465        7.3418
BFGS:  161 20:41:46    -1083.715566        7.2804
BFGS:  162 20:41:46    -1083.873495        7.1862
BFGS:  163 20:41:46    -1083.967711        6.6853
BFGS:  164 20:41:46    -1084.072373        5.8034
BFGS:  165 20:41:46    -1084.198085        6.1150
BFGS:  166 20:41:46    -1084.348245        5.9466
BFGS:  167 20:41:46    -1084.494220        5.7599
BFGS:  168 20:41:46    -1084.640250        5.5574
BFGS:  169 20:41:46    -1084.788630        5.3149
BFGS:  170 20:41:46    -1084.927104        4.9589
BFGS:  171 20:41:46    -1085.068754        4.6929
BFGS:  172 20:41:46    -1085.171241        4.3713
BFGS:  173 20:41:46    -1085.288951        4.4108
BFGS:  174 20:41:46    -1085.433746        4.6542
BFGS:  175 20:41:46    -1085.559916        4.9760
BFGS:  176 20:41:46    -1085.688120        5.9300
BFGS:  177 20:41:47    -1085.774213        6.0909
BFGS:  178 20:41:47    -1085.900285        6.0289
BFGS:  179 20:41:47    -1086.008671        6.0166
BFGS:  180 20:41:47    -1086.101402        5.9654
BFGS:  181 20:41:47    -1086.180966        5.8881
BFGS:  182 20:41:47    -1086.228837        5.8257
BFGS:  183 20:41:47    -1086.311624        5.7195
BFGS:  184 20:41:47    -1086.380227        5.6689
BFGS:  185 20:41:47    -1086.456877        5.5926
BFGS:  186 20:41:47    -1086.532503        5.4326
BFGS:  187 20:41:47    -1086.580030        5.2365
BFGS:  188 20:41:47    -1086.667221        5.6526
BFGS:  189 20:41:47    -1086.764769        5.7625
BFGS:  190 20:41:47    -1086.861446        5.7900
BFGS:  191 20:41:47    -1086.953470        6.5515
BFGS:  192 20:41:47    -1087.042796        7.3381
BFGS:  193 20:41:47    -1087.147439        8.1720
BFGS:  194 20:41:47    -1087.271883        8.8301
BFGS:  195 20:41:47    -1087.421182        9.3628
BFGS:  196 20:41:47    -1087.616875        9.7069
BFGS:  197 20:41:47    -1087.850890        9.8757
BFGS:  198 20:41:47    -1088.144194        9.7566
BFGS:  199 20:41:47    -1088.495180        9.4155
BFGS:  200 20:41:47    -1088.845442        8.6114
BFGS:  201 20:41:47    -1089.167224        8.0404
BFGS:  202 20:41:47    -1089.463079        7.3664
BFGS:  203 20:41:47    -1089.743454        6.9856
BFGS:  204 20:41:47    -1090.028475        6.7224
BFGS:  205 20:41:47    -1090.305367        6.3790
BFGS:  206 20:41:47    -1090.591768        6.0148
BFGS:  207 20:41:47    -1090.871537        6.2384
BFGS:  208 20:41:47    -1091.175094        6.3696
BFGS:  209 20:41:48    -1091.403937        6.0186
BFGS:  210 20:41:48    -1091.656083        5.5045
BFGS:  211 20:41:48    -1091.815111        5.1762
BFGS:  212 20:41:48    -1092.010733        5.0215
BFGS:  213 20:41:48    -1092.190250        5.3466
BFGS:  214 20:41:48    -1092.382994        5.6613
BFGS:  215 20:41:48    -1092.573063        4.4418
BFGS:  216 20:41:48    -1092.782984        4.2450
BFGS:  217 20:41:48    -1093.009037        4.1320
BFGS:  218 20:41:48    -1093.190658        4.5243
BFGS:  219 20:41:48    -1093.352441        4.7926
BFGS:  220 20:41:48    -1093.492456        4.9669
BFGS:  221 20:41:48    -1093.629950        4.9041
BFGS:  222 20:41:48    -1093.766332        5.2699
BFGS:  223 20:41:48    -1093.910307        5.4926
BFGS:  224 20:41:48    -1094.045706        5.0517
BFGS:  225 20:41:48    -1094.178295        4.4367
BFGS:  226 20:41:48    -1094.302264        4.5830
BFGS:  227 20:41:48    -1094.422625        4.9807
BFGS:  228 20:41:48    -1094.546712        5.2964
BFGS:  229 20:41:48    -1094.690382        5.5106
BFGS:  230 20:41:48    -1094.876623        5.6177
BFGS:  231 20:41:48    -1095.173701        5.5195
BFGS:  232 20:41:48    -1095.501199        5.4383
BFGS:  233 20:41:48    -1095.798938        5.6712
BFGS:  234 20:41:48    -1096.077030        5.4389
BFGS:  235 20:41:48    -1096.277640        4.7033
BFGS:  236 20:41:48    -1096.459876        3.5702
BFGS:  237 20:41:48    -1096.602028        3.4608
BFGS:  238 20:41:48    -1096.744665        3.6070
BFGS:  239 20:41:48    -1096.884049        4.1856
BFGS:  240 20:41:48    -1097.037277        4.6429
BFGS:  241 20:41:48    -1097.199886        5.0961
BFGS:  242 20:41:48    -1097.376426        5.4479
BFGS:  243 20:41:48    -1097.556603        5.6962
BFGS:  244 20:41:49    -1097.734870        5.5528
BFGS:  245 20:41:49    -1097.972751        4.9605
BFGS:  246 20:41:49    -1098.274587        4.1389
BFGS:  247 20:41:49    -1098.527582        3.5176
BFGS:  248 20:41:49    -1098.710139        3.0383
BFGS:  249 20:41:49    -1098.824543        3.0982
BFGS:  250 20:41:49    -1098.924481        3.2039
BFGS:  251 20:41:49    -1099.010424        3.1837
BFGS:  252 20:41:49    -1099.085297        3.1764
BFGS:  253 20:41:49    -1099.154982        3.0873
BFGS:  254 20:41:49    -1099.217454        3.0033
BFGS:  255 20:41:49    -1099.271409        2.8597
BFGS:  256 20:41:49    -1099.321876        2.7808
BFGS:  257 20:41:49    -1099.369556        2.8934
BFGS:  258 20:41:49    -1099.418866        3.0047
BFGS:  259 20:41:49    -1099.465112        2.9821
BFGS:  260 20:41:49    -1099.505010        2.8770
BFGS:  261 20:41:49    -1099.535513        3.2464
BFGS:  262 20:41:49    -1099.562749        3.7580
BFGS:  263 20:41:49    -1099.601140        4.0701
BFGS:  264 20:41:49    -1099.641608        4.1991
BFGS:  265 20:41:49    -1099.686311        4.2519
BFGS:  266 20:41:49    -1099.738979        4.1680
BFGS:  267 20:41:49    -1099.810211        3.5868
BFGS:  268 20:41:49    -1099.876652        2.9481
BFGS:  269 20:41:49    -1099.944271        2.4443
BFGS:  270 20:41:49    -1100.009307        1.8983
BFGS:  271 20:41:49    -1100.052832        1.9536
BFGS:  272 20:41:49    -1100.081431        2.1537
BFGS:  273 20:41:49    -1100.105673        2.2601
BFGS:  274 20:41:49    -1100.127006        2.5114
BFGS:  275 20:41:49    -1100.134899        2.3027
BFGS:  276 20:41:49    -1100.145938        2.2204
BFGS:  277 20:41:49    -1100.150630        2.2601
BFGS:  278 20:41:49    -1100.155636        2.2965
BFGS:  279 20:41:49    -1100.159225        2.1966
BFGS:  280 20:41:49    -1100.167307        2.0266
BFGS:  281 20:41:50    -1100.172499        2.1306
BFGS:  282 20:41:50    -1100.185834        1.8380
BFGS:  283 20:41:50    -1100.199450        1.6409
BFGS:  284 20:41:50    -1100.217385        1.7427
BFGS:  285 20:41:50    -1100.230894        1.6699
BFGS:  286 20:41:50    -1100.251715        1.3501
BFGS:  287 20:41:50    -1100.272969        1.4429
BFGS:  288 20:41:50    -1100.300441        1.5047
BFGS:  289 20:41:50    -1100.316512        1.4546
BFGS:  290 20:41:50    -1100.329787        1.3233
BFGS:  291 20:41:50    -1100.337143        1.1898
BFGS:  292 20:41:50    -1100.341681        1.0898
BFGS:  293 20:41:50    -1100.344313        1.0518
BFGS:  294 20:41:50    -1100.346278        1.0623
BFGS:  295 20:41:50    -1100.347550        1.1061
BFGS:  296 20:41:50    -1100.348494        1.1322
BFGS:  297 20:41:50    -1100.349334        1.1560
BFGS:  298 20:41:50    -1100.349701        1.1561
BFGS:  299 20:41:50    -1100.350090        1.1589
BFGS:  300 20:41:50    -1100.350267        1.1647
BFGS:  301 20:41:50    -1100.350426        1.1816
BFGS:  302 20:41:50    -1100.350570        1.2005
BFGS:  303 20:41:50    -1100.350804        1.2285
BFGS:  304 20:41:50    -1100.351184        1.2541
BFGS:  305 20:41:50    -1100.351878        1.2649
BFGS:  306 20:41:50    -1100.353048        1.2288
BFGS:  307 20:41:50    -1100.355002        1.1070
BFGS:  308 20:41:50    -1100.358382        0.8495
BFGS:  309 20:41:50    -1100.365047        0.9616
BFGS:  310 20:41:50    -1100.370609        1.5539
BFGS:  311 20:41:50    -1100.376716        2.3683
BFGS:  312 20:41:50    -1100.399901        3.0266
BFGS:  313 20:41:50    -1100.434553        3.7066
BFGS:  314 20:41:50    -1100.476478        3.9821
BFGS:  315 20:41:50    -1100.528597        3.8358
BFGS:  316 20:41:50    -1100.551304        4.4061
BFGS:  317 20:41:50    -1100.674334        4.7334
BFGS:  318 20:41:51    -1100.805078        4.0413
BFGS:  319 20:41:51    -1100.852562        3.8331
BFGS:  320 20:41:51    -1100.871534        3.5602
BFGS:  321 20:41:51    -1100.884439        3.6395
BFGS:  322 20:41:51    -1100.895884        3.7517
BFGS:  323 20:41:51    -1100.906422        3.9524
BFGS:  324 20:41:51    -1100.914450        4.1636
BFGS:  325 20:41:51    -1100.917071        4.2247
BFGS:  326 20:41:51    -1100.916125        4.1171
BFGS:  327 20:41:51    -1100.922205        4.1399
BFGS:  328 20:41:51    -1100.923981        4.0899
BFGS:  329 20:41:51    -1100.925109        4.0672
BFGS:  330 20:41:51    -1100.925435        4.0941
BFGS:  331 20:41:51    -1100.927115        4.0803
BFGS:  332 20:41:51    -1100.927780        4.0994
BFGS:  333 20:41:51    -1100.927237        4.2259
BFGS:  334 20:41:51    -1100.929275        4.1795
BFGS:  335 20:41:51    -1100.930224        4.1954
BFGS:  336 20:41:51    -1100.931252        4.2761
BFGS:  337 20:41:51    -1100.930416        4.4551
BFGS:  338 20:41:51    -1100.931727        4.3757
BFGS:  339 20:41:51    -1100.928365        4.0622
BFGS:  340 20:41:51    -1100.931116        4.2276
BFGS:  341 20:41:51    -1100.932558        4.4046
BFGS:  342 20:41:51    -1100.930491        4.4333
BFGS:  343 20:41:51    -1100.932513        4.3575
BFGS:  344 20:41:51    -1100.925012        3.9550
BFGS:  345 20:41:51    -1100.930512        4.1748
BFGS:  346 20:41:51    -1100.931222        4.4271
BFGS:  347 20:41:51    -1100.931988        4.2602
BFGS:  348 20:41:51    -1100.932592        4.2892
BFGS:  349 20:41:51    -1100.925379        4.4370
BFGS:  350 20:41:51    -1100.933408        4.3058
BFGS:  351 20:41:51    -1100.912991        3.9718
BFGS:  352 20:41:51    -1100.927676        4.1572
BFGS:  353 20:41:51    -1100.924157        4.4464
BFGS:  354 20:41:51    -1100.932032        4.2577
BFGS:  355 20:41:51    -1100.933563        4.2966
BFGS:  356 20:41:52    -1100.918148        4.4088
BFGS:  357 20:41:52    -1100.931119        4.3037
BFGS:  358 20:41:52    -1100.901655        4.0378
BFGS:  359 20:41:52    -1100.926032        4.1819
BFGS:  360 20:41:52    -1100.918651        4.3978
BFGS:  361 20:41:52    -1100.932405        4.2504
BFGS:  362 20:41:52    -1100.933202        4.2830
BFGS:  363 20:41:52    -1100.933285        4.2635
BFGS:  364 20:41:52    -1100.933794        4.2655
BFGS:  365 20:41:52    -1100.905106        4.3049
BFGS:  366 20:41:52    -1100.928507        4.2652
BFGS:  367 20:41:52    -1100.900013        4.1864
BFGS:  368 20:41:52    -1100.925838        4.2345
BFGS:  369 20:41:52    -1100.907829        4.3118
BFGS:  370 20:41:52    -1100.934468        4.2535
BFGS:  371 20:41:52    -1100.928519        4.2690
BFGS:  372 20:41:52    -1100.932761        4.2587
BFGS:  373 20:41:52    -1100.894647        4.1654
BFGS:  374 20:41:52    -1100.924159        4.2186
BFGS:  375 20:41:52    -1100.910113        4.3170
BFGS:  376 20:41:52    -1100.933980        4.2424
BFGS:  377 20:41:52    -1100.929892        4.2710
BFGS:  378 20:41:52    -1100.934098        4.2663
BFGS:  379 20:41:52    -1100.893223        4.1701
BFGS:  380 20:41:52    -1100.923593        4.2101
BFGS:  381 20:41:52    -1100.909956        4.3227
BFGS:  382 20:41:52    -1100.933947        4.2497
BFGS:  383 20:41:52    -1100.929973        4.2633
BFGS:  384 20:41:52    -1100.934322        4.2539
BFGS:  385 20:41:52    -1100.894169        4.1625
BFGS:  386 20:41:52    -1100.923671        4.2107
BFGS:  387 20:41:52    -1100.909480        4.3193
BFGS:  388 20:41:52    -1100.934137        4.2411
BFGS:  389 20:41:52    -1100.930043        4.2572
BFGS:  390 20:41:52    -1100.934496        4.2514
BFGS:  391 20:41:52    -1100.894095        4.1732
BFGS:  392 20:41:52    -1100.923868        4.2212
BFGS:  393 20:41:52    -1100.910433        4.2935
BFGS:  394 20:41:53    -1100.934209        4.2416
BFGS:  395 20:41:53    -1100.930517        4.2667
BFGS:  396 20:41:53    -1100.934884        4.2632
BFGS:  397 20:41:53    -1100.894134        4.1843
BFGS:  398 20:41:53    -1100.923806        4.2169
BFGS:  399 20:41:53    -1100.910297        4.3038
BFGS:  400 20:41:53    -1100.934292        4.2509
BFGS:  401 20:41:53    -1100.930498        4.2608
BFGS:  402 20:41:53    -1100.934958        4.2526
BFGS:  403 20:41:53    -1100.895299        4.1736
BFGS:  404 20:41:53    -1100.923962        4.2184
BFGS:  405 20:41:53    -1100.909758        4.3047
BFGS:  406 20:41:53    -1100.934483        4.2426
BFGS:  407 20:41:53    -1100.930559        4.2555
BFGS:  408 20:41:53    -1100.935107        4.2511
BFGS:  409 20:41:53    -1100.895157        4.1862
BFGS:  410 20:41:53    -1100.924160        4.2295
BFGS:  411 20:41:53    -1100.910724        4.2806
BFGS:  412 20:41:53    -1100.934514        4.2434
BFGS:  413 20:41:53    -1100.931085        4.2658
BFGS:  414 20:41:53    -1100.935523        4.2642
BFGS:  415 20:41:53    -1100.894995        4.1986
BFGS:  416 20:41:53    -1100.924097        4.2247
BFGS:  417 20:41:53    -1100.910992        4.2924
BFGS:  418 20:41:53    -1100.934538        4.2533
BFGS:  419 20:41:53    -1100.931195        4.2603
BFGS:  420 20:41:53    -1100.935684        4.2536
BFGS:  421 20:41:53    -1100.896011        4.1841
BFGS:  422 20:41:53    -1100.924184        4.2256
BFGS:  423 20:41:53    -1100.910329        4.2965
BFGS:  424 20:41:53    -1100.934719        4.2447
BFGS:  425 20:41:53    -1100.931226        4.2555
BFGS:  426 20:41:53    -1100.935818        4.2524
BFGS:  427 20:41:53    -1100.895916        4.1969
BFGS:  428 20:41:53    -1100.924360        4.2369
BFGS:  429 20:41:53    -1100.910974        4.2735
BFGS:  430 20:41:53    -1100.934811        4.2535
BFGS:  431 20:41:54    -1100.931423        4.2597
BFGS:  432 20:41:54    -1100.936009        4.2551
BFGS:  433 20:41:54    -1100.896017        4.1940
BFGS:  434 20:41:54    -1100.924470        4.2391
BFGS:  435 20:41:54    -1100.908745        4.3181
BFGS:  436 20:41:54    -1100.935076        4.2601
BFGS:  437 20:41:54    -1100.931002        4.2612
BFGS:  438 20:41:54    -1100.935692        4.2577
BFGS:  439 20:41:54    -1100.896740        4.2010
BFGS:  440 20:41:54    -1100.924844        4.2411
BFGS:  441 20:41:54    -1100.913334        4.2715
BFGS:  442 20:41:54    -1100.934728        4.2472
BFGS:  443 20:41:54    -1100.932457        4.2535
BFGS:  444 20:41:54    -1100.936063        4.2545
BFGS:  445 20:41:54    -1100.935462        4.2511
BFGS:  446 20:41:54    -1100.936384        4.2495
BFGS:  447 20:41:54    -1100.894034        4.1688
BFGS:  448 20:41:54    -1100.925083        4.2165
BFGS:  449 20:41:54    -1100.912698        4.3263
BFGS:  450 20:41:54    -1100.935142        4.2645
BFGS:  451 20:41:54    -1100.932461        4.2591
BFGS:  452 20:41:54    -1100.936279        4.2622
BFGS:  453 20:41:54    -1100.935451        4.2524
BFGS:  454 20:41:54    -1100.936330        4.2502
BFGS:  455 20:41:54    -1100.893154        4.1480
BFGS:  456 20:41:54    -1100.925201        4.2113
BFGS:  457 20:41:54    -1100.910339        4.3373
BFGS:  458 20:41:54    -1100.935598        4.2643
BFGS:  459 20:41:54    -1100.932026        4.2618
BFGS:  460 20:41:54    -1100.936312        4.2606
BFGS:  461 20:41:54    -1100.894255        4.1821
BFGS:  462 20:41:54    -1100.925292        4.2285
BFGS:  463 20:41:54    -1100.907053        4.3168
BFGS:  464 20:41:54    -1100.935783        4.2640
BFGS:  465 20:41:54    -1100.931322        4.2624
BFGS:  466 20:41:54    -1100.935870        4.2573
BFGS:  467 20:41:54    -1100.895392        4.1911
BFGS:  468 20:41:54    -1100.925800        4.2343
BFGS:  469 20:41:55    -1100.905634        4.3180
BFGS:  470 20:41:55    -1100.935891        4.2633
BFGS:  471 20:41:55    -1100.931101        4.2621
BFGS:  472 20:41:55    -1100.935686        4.2569
BFGS:  473 20:41:55    -1100.895741        4.1950
BFGS:  474 20:41:55    -1100.926158        4.2375
BFGS:  475 20:41:55    -1100.905243        4.3165
BFGS:  476 20:41:55    -1100.935905        4.2638
BFGS:  477 20:41:55    -1100.931192        4.2615
BFGS:  478 20:41:55    -1100.935732        4.2567
BFGS:  479 20:41:55    -1100.895579        4.1994
BFGS:  480 20:41:55    -1100.926353        4.2397
BFGS:  481 20:41:55    -1100.905210        4.3144
BFGS:  482 20:41:55    -1100.935880        4.2644
BFGS:  483 20:41:55    -1100.931410        4.2606
BFGS:  484 20:41:55    -1100.935886        4.2565
BFGS:  485 20:41:55    -1100.895127        4.2034
BFGS:  486 20:41:55    -1100.926453        4.2417
BFGS:  487 20:41:55    -1100.905323        4.3123
BFGS:  488 20:41:55    -1100.935846        4.2651
BFGS:  489 20:41:55    -1100.931691        4.2598
BFGS:  490 20:41:55    -1100.936089        4.2560
BFGS:  491 20:41:55    -1100.894459        4.2066
BFGS:  492 20:41:55    -1100.926498        4.2434
BFGS:  493 20:41:55    -1100.905552        4.3108
BFGS:  494 20:41:55    -1100.935811        4.2659
BFGS:  495 20:41:55    -1100.932020        4.2590
BFGS:  496 20:41:55    -1100.936327        4.2553
BFGS:  497 20:41:55    -1100.893563        4.2090
BFGS:  498 20:41:55    -1100.926501        4.2449
BFGS:  499 20:41:55    -1100.905913        4.3097
