      Step     Time          Energy         fmax
BFGS:    0 09:25:03      -32.398354       31.4636
BFGS:    1 09:25:03      -36.775992       16.3049
BFGS:    2 09:25:03      -40.790904       15.7798
BFGS:    3 09:25:03      -44.117346       15.2855
BFGS:    4 09:25:03      -47.275828       12.9074
BFGS:    5 09:25:03      -49.774583       10.9548
BFGS:    6 09:25:03      -51.968572       10.1580
BFGS:    7 09:25:03      -53.835994       10.2660
BFGS:    8 09:25:03      -55.508893       10.5099
BFGS:    9 09:25:03      -56.972467        9.3331
BFGS:   10 09:25:03      -58.182768       10.2568
BFGS:   11 09:25:03      -59.112941       10.1411
BFGS:   12 09:25:03      -59.785732        9.3961
BFGS:   13 09:25:03      -60.310324        8.0688
BFGS:   14 09:25:03      -60.719680        7.1674
BFGS:   15 09:25:03      -61.127559        6.7461
BFGS:   16 09:25:03      -61.472448        5.4243
BFGS:   17 09:25:03      -62.012006        5.0805
BFGS:   18 09:25:03      -62.519354        4.9141
BFGS:   19 09:25:03      -63.006776        7.3132
BFGS:   20 09:25:03      -63.453075        8.6104
BFGS:   21 09:25:03      -63.843464        9.8021
BFGS:   22 09:25:03      -64.220691       11.5898
BFGS:   23 09:25:04      -64.559474        9.6434
BFGS:   24 09:25:04      -64.893369        9.8973
BFGS:   25 09:25:04      -65.250324       10.4506
BFGS:   26 09:25:04      -65.862927       10.4269
BFGS:   27 09:25:04      -66.762451       11.5937
BFGS:   28 09:25:04      -67.859576       10.6146
BFGS:   29 09:25:04      -68.859953        9.6439
BFGS:   30 09:25:04      -69.868697        8.3314
BFGS:   31 09:25:04      -70.376241       10.4970
BFGS:   32 09:25:04      -70.749198       12.8063
BFGS:   33 09:25:04      -71.074034       13.8921
BFGS:   34 09:25:04      -71.366620       14.3108
BFGS:   35 09:25:04      -71.653041       14.5218
BFGS:   36 09:25:04      -71.953879       14.7556
BFGS:   37 09:25:04      -72.394038       15.2744
BFGS:   38 09:25:04      -72.928221       15.5248
BFGS:   39 09:25:04      -73.419226       15.7061
BFGS:   40 09:25:04      -73.937003       15.7738
BFGS:   41 09:25:04      -74.443981       15.2966
BFGS:   42 09:25:04      -74.965432       14.6203
BFGS:   43 09:25:04      -75.440439       14.0346
BFGS:   44 09:25:04      -75.871593       13.4692
BFGS:   45 09:25:04      -76.258361       13.1479
BFGS:   46 09:25:04      -76.637997       13.0771
BFGS:   47 09:25:04      -76.969918       13.5251
BFGS:   48 09:25:04      -77.312566       12.2075
BFGS:   49 09:25:04      -77.642951       11.1840
BFGS:   50 09:25:04      -77.948248        8.3866
BFGS:   51 09:25:05      -78.232722        6.3411
BFGS:   52 09:25:05      -78.548873        5.2261
BFGS:   53 09:25:05      -78.944469        7.0206
BFGS:   54 09:25:05      -79.716368        8.2640
BFGS:   55 09:25:05      -80.726648        9.3532
BFGS:   56 09:25:05      -81.706558        7.7634
BFGS:   57 09:25:05      -82.512287        6.5163
BFGS:   58 09:25:05      -82.999889        6.1836
BFGS:   59 09:25:05      -83.212241        6.9436
BFGS:   60 09:25:05      -83.507743        4.2107
BFGS:   61 09:25:05      -83.765407        4.2835
BFGS:   62 09:25:05      -83.936903        4.1566
BFGS:   63 09:25:05      -84.064780        4.0328
BFGS:   64 09:25:05      -84.188507        4.5651
BFGS:   65 09:25:05      -84.368587        4.6274
BFGS:   66 09:25:05      -84.632192        6.9258
BFGS:   67 09:25:05      -85.007189        9.9715
BFGS:   68 09:25:05      -85.533053       13.6391
BFGS:   69 09:25:05      -86.242941       17.3217
BFGS:   70 09:25:05      -87.113363       19.8213
BFGS:   71 09:25:05      -88.037040       19.9770
BFGS:   72 09:25:05      -88.893794       17.5558
BFGS:   73 09:25:05      -89.601319       13.4262
BFGS:   74 09:25:05      -90.055596        9.5684
BFGS:   75 09:25:05      -90.376946       10.9731
BFGS:   76 09:25:05      -90.623195       11.4032
BFGS:   77 09:25:05      -90.861111        9.4506
BFGS:   78 09:25:05      -91.175138        5.2941
BFGS:   79 09:25:05      -91.319490        5.3355
BFGS:   80 09:25:05      -91.453845        3.5562
BFGS:   81 09:25:05      -91.590203        3.4566
BFGS:   82 09:25:05      -91.709731        3.4806
BFGS:   83 09:25:06      -91.827916        3.6090
BFGS:   84 09:25:06      -92.014140        3.8228
BFGS:   85 09:25:06      -92.295455        5.5922
BFGS:   86 09:25:06      -92.691366        7.1286
BFGS:   87 09:25:06      -93.202174        8.4440
BFGS:   88 09:25:06      -93.762222        8.9532
BFGS:   89 09:25:06      -94.192876        8.7099
BFGS:   90 09:25:06      -94.918205        8.4261
BFGS:   91 09:25:06      -95.581523        6.8637
BFGS:   92 09:25:06      -96.162430        5.5656
BFGS:   93 09:25:06      -96.471412        5.4142
BFGS:   94 09:25:06      -96.738901        4.7735
BFGS:   95 09:25:06      -96.917188        2.7220
BFGS:   96 09:25:06      -96.982357        1.9575
BFGS:   97 09:25:06      -97.013751        2.0070
BFGS:   98 09:25:06      -97.039464        1.6664
BFGS:   99 09:25:06      -97.070772        1.2621
BFGS:  100 09:25:06      -97.096120        1.0585
BFGS:  101 09:25:06      -97.124023        0.8770
BFGS:  102 09:25:06      -97.141831        0.9163
BFGS:  103 09:25:06      -97.154858        0.7862
BFGS:  104 09:25:06      -97.166612        0.6477
BFGS:  105 09:25:06      -97.177607        0.7401
BFGS:  106 09:25:06      -97.184851        0.7399
BFGS:  107 09:25:06      -97.189584        0.7674
BFGS:  108 09:25:06      -97.192931        0.8112
BFGS:  109 09:25:06      -97.195743        0.8136
BFGS:  110 09:25:06      -97.198832        0.8753
BFGS:  111 09:25:06      -97.202720        0.9973
BFGS:  112 09:25:06      -97.208955        1.2244
BFGS:  113 09:25:07      -97.219578        1.5034
BFGS:  114 09:25:07      -97.230457        1.8193
BFGS:  115 09:25:07      -97.243384        3.0287
BFGS:  116 09:25:07      -97.262389        4.5701
BFGS:  117 09:25:07      -97.299094        6.5030
BFGS:  118 09:25:07      -97.386082        8.8928
BFGS:  119 09:25:07      -97.558529       11.3318
BFGS:  120 09:25:07      -97.798284       12.8385
BFGS:  121 09:25:07      -97.982324       12.7922
BFGS:  122 09:25:07      -98.213429       11.5181
BFGS:  123 09:25:07      -98.415469       10.4265
BFGS:  124 09:25:07      -98.537400        9.0576
BFGS:  125 09:25:07      -98.631547        8.0700
BFGS:  126 09:25:07      -98.658133        6.2548
BFGS:  127 09:25:07      -98.684259        6.4328
BFGS:  128 09:25:07      -98.754538        5.9069
BFGS:  129 09:25:07      -98.817070        6.3763
BFGS:  130 09:25:07      -98.874867        5.8745
BFGS:  131 09:25:07      -98.932177        5.5286
BFGS:  132 09:25:07      -98.984257        5.1061
BFGS:  133 09:25:07      -99.027551        4.7404
BFGS:  134 09:25:07      -99.062296        4.3613
BFGS:  135 09:25:07      -99.088823        4.0349
BFGS:  136 09:25:07      -99.109209        3.7137
BFGS:  137 09:25:07      -99.126112        3.4635
BFGS:  138 09:25:07      -99.143526        3.3506
BFGS:  139 09:25:07      -99.164403        3.3516
BFGS:  140 09:25:07      -99.190154        3.2587
BFGS:  141 09:25:08      -99.219668        3.1906
BFGS:  142 09:25:08      -99.251430        3.2253
BFGS:  143 09:25:08      -99.283443        3.2484
BFGS:  144 09:25:08      -99.315144        3.2387
BFGS:  145 09:25:08      -99.346109        3.2054
BFGS:  146 09:25:08      -99.376707        3.1404
BFGS:  147 09:25:08      -99.406917        3.0560
BFGS:  148 09:25:08      -99.437124        2.9454
BFGS:  149 09:25:08      -99.467139        2.8207
BFGS:  150 09:25:08      -99.497317        2.6716
BFGS:  151 09:25:08      -99.527105        2.5139
BFGS:  152 09:25:08      -99.557138        2.3283
BFGS:  153 09:25:08      -99.585912        2.1468
BFGS:  154 09:25:08      -99.615612        1.9154
BFGS:  155 09:25:08      -99.641038        1.7372
BFGS:  156 09:25:08      -99.670982        1.4168
BFGS:  157 09:25:08      -99.691061        1.2491
BFGS:  158 09:25:08      -99.714537        1.0075
BFGS:  159 09:25:08      -99.731962        0.9496
BFGS:  160 09:25:08      -99.748172        0.9176
BFGS:  161 09:25:08      -99.759229        0.7438
BFGS:  162 09:25:08      -99.767038        0.6713
BFGS:  163 09:25:08      -99.770785        0.7260
BFGS:  164 09:25:08      -99.773927        0.7313
BFGS:  165 09:25:08      -99.779012        0.5289
BFGS:  166 09:25:08      -99.781002        0.4355
BFGS:  167 09:25:08      -99.783753        0.4493
BFGS:  168 09:25:08      -99.786848        0.4319
BFGS:  169 09:25:08      -99.789228        0.3691
BFGS:  170 09:25:09      -99.790645        0.3111
BFGS:  171 09:25:09      -99.791248        0.2121
BFGS:  172 09:25:09      -99.791659        0.1387
BFGS:  173 09:25:09      -99.791966        0.0719
