      Step     Time          Energy         fmax
BFGS:    0 09:24:57      -44.506464       28.5055
BFGS:    1 09:24:57      -49.187494       16.4824
BFGS:    2 09:24:57      -52.856515       18.2911
BFGS:    3 09:24:57      -55.898743       12.7920
BFGS:    4 09:24:57      -58.592225       11.1059
BFGS:    5 09:24:57      -60.582746       10.5887
BFGS:    6 09:24:57      -62.255173       10.2139
BFGS:    7 09:24:57      -63.917214        9.2370
BFGS:    8 09:24:57      -65.373686        9.5984
BFGS:    9 09:24:57      -66.692003        7.5435
BFGS:   10 09:24:57      -67.943765        6.1178
BFGS:   11 09:24:57      -68.710252        7.2110
BFGS:   12 09:24:57      -69.280434        5.3807
BFGS:   13 09:24:57      -69.756913        5.2248
BFGS:   14 09:24:57      -70.182525        5.3829
BFGS:   15 09:24:58      -70.668286        5.5643
BFGS:   16 09:24:58      -71.121679        5.7957
BFGS:   17 09:24:58      -71.470506        5.2590
BFGS:   18 09:24:58      -71.784178        5.4953
BFGS:   19 09:24:58      -72.084680        5.8777
BFGS:   20 09:24:58      -72.397320        6.9424
BFGS:   21 09:24:58      -72.781253        8.3046
BFGS:   22 09:24:58      -73.284069        9.6569
BFGS:   23 09:24:58      -73.652119       10.2558
BFGS:   24 09:24:58      -74.295830        7.5488
BFGS:   25 09:24:58      -74.793510        5.7705
BFGS:   26 09:24:58      -75.199370        4.2342
BFGS:   27 09:24:58      -75.521586        3.8340
BFGS:   28 09:24:58      -75.877637        3.9417
BFGS:   29 09:24:58      -76.220362        6.0067
BFGS:   30 09:24:58      -76.639005        7.0864
BFGS:   31 09:24:58      -77.081073        6.7192
BFGS:   32 09:24:58      -77.481993        7.6880
BFGS:   33 09:24:58      -77.847674       10.1738
BFGS:   34 09:24:58      -78.167499       11.5177
BFGS:   35 09:24:58      -78.501508       12.6351
BFGS:   36 09:24:58      -79.020910       12.8877
BFGS:   37 09:24:58      -79.514971        9.7851
BFGS:   38 09:24:58      -79.822071        7.9969
BFGS:   39 09:24:58      -80.116269        6.1122
BFGS:   40 09:24:58      -80.316871        5.5737
BFGS:   41 09:24:58      -80.579524        3.5498
BFGS:   42 09:24:59      -80.749120        3.3589
BFGS:   43 09:24:59      -80.862328        2.4870
BFGS:   44 09:24:59      -80.933884        1.4185
BFGS:   45 09:24:59      -80.985282        1.4736
BFGS:   46 09:24:59      -81.047103        1.4299
BFGS:   47 09:24:59      -81.113428        1.3221
BFGS:   48 09:24:59      -81.177585        1.3070
BFGS:   49 09:24:59      -81.243963        1.4653
BFGS:   50 09:24:59      -81.343027        2.0374
BFGS:   51 09:24:59      -81.578589        3.8346
BFGS:   52 09:24:59      -81.934670        6.0379
BFGS:   53 09:24:59      -82.440960        7.6413
BFGS:   54 09:24:59      -83.004972        6.7273
BFGS:   55 09:24:59      -83.486978        3.7580
BFGS:   56 09:24:59      -83.890203        2.6797
BFGS:   57 09:24:59      -84.136892        3.3162
BFGS:   58 09:24:59      -84.376045        5.1933
BFGS:   59 09:24:59      -84.789078        8.4037
BFGS:   60 09:24:59      -85.394431       12.0355
BFGS:   61 09:24:59      -86.222776       14.1288
BFGS:   62 09:24:59      -86.639584       12.3938
BFGS:   63 09:24:59      -87.231519       10.0651
BFGS:   64 09:24:59      -87.698914        9.5686
BFGS:   65 09:24:59      -88.091054        7.6926
BFGS:   66 09:24:59      -88.413781        4.6107
BFGS:   67 09:24:59      -88.723801        4.4212
BFGS:   68 09:24:59      -89.042283        4.9301
BFGS:   69 09:25:00      -89.340276        5.5237
BFGS:   70 09:25:00      -89.601773        4.6774
BFGS:   71 09:25:00      -89.837098        5.0318
BFGS:   72 09:25:00      -90.132217        5.2758
BFGS:   73 09:25:00      -90.467011        5.3888
BFGS:   74 09:25:00      -90.834397        5.5779
BFGS:   75 09:25:00      -91.104254        6.0374
BFGS:   76 09:25:00      -91.746540        5.8234
BFGS:   77 09:25:00      -92.245654        4.9112
BFGS:   78 09:25:00      -92.617889        4.3984
BFGS:   79 09:25:00      -92.923548        4.1763
BFGS:   80 09:25:00      -93.220304        3.9840
BFGS:   81 09:25:00      -93.495784        3.7349
BFGS:   82 09:25:00      -93.750731        3.0308
BFGS:   83 09:25:00      -93.973213        2.6744
BFGS:   84 09:25:00      -94.174539        2.4598
BFGS:   85 09:25:00      -94.356403        3.6667
BFGS:   86 09:25:00      -94.541039        4.7298
BFGS:   87 09:25:00      -94.776689        6.4489
BFGS:   88 09:25:00      -95.028509        7.9090
BFGS:   89 09:25:00      -95.297641        8.8851
BFGS:   90 09:25:00      -95.505210        9.5924
BFGS:   91 09:25:00      -95.709816        7.4809
BFGS:   92 09:25:00      -95.920984        5.7874
BFGS:   93 09:25:00      -96.099533        4.2116
BFGS:   94 09:25:00      -96.219428        2.9948
BFGS:   95 09:25:00      -96.278862        2.6562
BFGS:   96 09:25:00      -96.358019        2.9793
BFGS:   97 09:25:00      -96.432218        2.6153
BFGS:   98 09:25:00      -96.498662        3.2009
BFGS:   99 09:25:01      -96.571526        3.0300
BFGS:  100 09:25:01      -96.636270        3.1789
BFGS:  101 09:25:01      -96.692367        3.1913
BFGS:  102 09:25:01      -96.733125        3.0332
BFGS:  103 09:25:01      -96.772851        2.8311
BFGS:  104 09:25:01      -96.809278        2.4409
BFGS:  105 09:25:01      -96.845763        2.0185
BFGS:  106 09:25:01      -96.877246        1.4354
BFGS:  107 09:25:01      -96.901112        0.7766
BFGS:  108 09:25:01      -96.908448        0.4212
BFGS:  109 09:25:01      -96.912973        0.3571
BFGS:  110 09:25:01      -96.915917        0.4132
BFGS:  111 09:25:01      -96.918520        0.5918
BFGS:  112 09:25:01      -96.922453        0.7729
BFGS:  113 09:25:01      -96.926908        0.8735
BFGS:  114 09:25:01      -96.931403        0.7925
BFGS:  115 09:25:01      -96.935243        0.5999
BFGS:  116 09:25:01      -96.937788        0.3977
BFGS:  117 09:25:01      -96.938717        0.3461
BFGS:  118 09:25:01      -96.938912        0.3705
BFGS:  119 09:25:01      -96.938968        0.3973
BFGS:  120 09:25:01      -96.939001        0.4177
BFGS:  121 09:25:01      -96.939036        0.4287
BFGS:  122 09:25:01      -96.939064        0.4285
BFGS:  123 09:25:01      -96.939096        0.4134
BFGS:  124 09:25:01      -96.939118        0.3942
BFGS:  125 09:25:01      -96.939133        0.3754
BFGS:  126 09:25:01      -96.939142        0.3629
BFGS:  127 09:25:02      -96.939148        0.3547
BFGS:  128 09:25:02      -96.939151        0.3504
BFGS:  129 09:25:02      -96.939152        0.3492
BFGS:  130 09:25:02      -96.939153        0.3499
BFGS:  131 09:25:02      -96.939154        0.3504
BFGS:  132 09:25:02      -96.939154        0.3504
BFGS:  133 09:25:02      -96.939154        0.3507
BFGS:  134 09:25:02      -96.939154        0.3506
BFGS:  135 09:25:02      -96.939154        0.3506
BFGS:  136 09:25:02      -96.939154        0.3505
BFGS:  137 09:25:02      -96.939155        0.3505
BFGS:  138 09:25:02      -96.939158        0.3503
BFGS:  139 09:25:02      -96.939164        0.3501
      Step     Time          Energy         fmax
BFGS:    0 09:25:02      -96.939164        0.3501
BFGS:    1 09:25:02      -96.938305        0.8023
BFGS:    2 09:25:02      -96.941954        0.4463
BFGS:    3 09:25:02      -96.940092        0.9196
BFGS:    4 09:25:02      -96.941657        0.7423
BFGS:    5 09:25:02      -96.939853        0.6213
BFGS:    6 09:25:02      -96.943447        0.6021
BFGS:    7 09:25:02      -96.940199        0.7732
BFGS:    8 09:25:02      -96.944686        0.5733
BFGS:    9 09:25:02      -96.936232        1.3278
BFGS:   10 09:25:02      -96.945541        0.4132
BFGS:   11 09:25:02      -96.935848        0.9757
BFGS:   12 09:25:02      -96.946831        0.1826
BFGS:   13 09:25:02      -96.942518        0.8880
BFGS:   14 09:25:02      -96.947047        0.1408
BFGS:   15 09:25:02      -96.945131        0.5076
BFGS:   16 09:25:03      -96.947250        0.1112
BFGS:   17 09:25:03      -96.946518        0.4002
BFGS:   18 09:25:03      -96.947404        0.0652
