      Step     Time          Energy         fmax
BFGS:    0 10:33:32      -36.666578       22.3925
BFGS:    1 10:33:32      -39.016468       12.5378
BFGS:    2 10:33:32      -41.557779       12.2354
BFGS:    3 10:33:32      -43.338776       11.9234
BFGS:    4 10:33:32      -44.846490        9.6111
BFGS:    5 10:33:32      -46.709437       12.1862
BFGS:    6 10:33:32      -48.505931       14.3105
BFGS:    7 10:33:33      -50.132274       12.1307
BFGS:    8 10:33:33      -51.442718        9.5516
BFGS:    9 10:33:33      -52.391141        8.6843
BFGS:   10 10:33:33      -53.169216        6.0676
BFGS:   11 10:33:33      -53.831270        7.3282
BFGS:   12 10:33:33      -54.516812        7.4586
BFGS:   13 10:33:33      -55.148214        7.7538
BFGS:   14 10:33:33      -55.737817        7.5613
BFGS:   15 10:33:33      -56.256452        6.7615
BFGS:   16 10:33:33      -56.658339        5.2488
BFGS:   17 10:33:33      -56.912238        4.3258
BFGS:   18 10:33:33      -57.133735        2.2288
BFGS:   19 10:33:33      -57.313732        3.1696
BFGS:   20 10:33:33      -57.512178        4.8230
BFGS:   21 10:33:33      -57.850093        7.1611
BFGS:   22 10:33:33      -58.047273        8.5316
BFGS:   23 10:33:33      -58.693544        6.8727
BFGS:   24 10:33:33      -59.295409        5.1920
BFGS:   25 10:33:33      -59.749386        3.2889
BFGS:   26 10:33:33      -60.102801        4.1254
BFGS:   27 10:33:33      -60.466032        7.1103
BFGS:   28 10:33:33      -60.994570        9.0791
BFGS:   29 10:33:33      -61.632820        8.8887
BFGS:   30 10:33:33      -62.063413        6.2229
BFGS:   31 10:33:33      -62.881148        8.5517
BFGS:   32 10:33:33      -63.779783       12.7912
BFGS:   33 10:33:33      -64.452315       14.8128
BFGS:   34 10:33:33      -65.234905       11.7596
BFGS:   35 10:33:33      -65.811038        6.5758
BFGS:   36 10:33:33      -66.294982        5.3368
BFGS:   37 10:33:34      -66.689261        4.3455
BFGS:   38 10:33:34      -67.047460        4.7665
BFGS:   39 10:33:34      -67.315970        4.5339
BFGS:   40 10:33:34      -67.521040        3.7707
BFGS:   41 10:33:34      -67.742328        4.4935
BFGS:   42 10:33:34      -67.940530        7.8549
BFGS:   43 10:33:34      -68.247472       11.0734
BFGS:   44 10:33:34      -68.459120       12.3660
BFGS:   45 10:33:34      -69.374748        8.4676
BFGS:   46 10:33:34      -69.839610        5.5938
BFGS:   47 10:33:34      -69.978201        3.6504
BFGS:   48 10:33:34      -70.080975        3.3094
BFGS:   49 10:33:34      -70.243121        4.8865
BFGS:   50 10:33:34      -70.471994        6.1780
BFGS:   51 10:33:34      -70.658729        7.0511
BFGS:   52 10:33:34      -70.939801        7.8002
BFGS:   53 10:33:34      -71.468010        8.8395
BFGS:   54 10:33:34      -72.197443        9.4471
BFGS:   55 10:33:34      -72.997368        9.8180
BFGS:   56 10:33:34      -73.791962        9.9495
BFGS:   57 10:33:34      -74.526647        9.9570
BFGS:   58 10:33:34      -75.181227       10.6179
BFGS:   59 10:33:34      -75.781457       12.2754
BFGS:   60 10:33:34      -76.404401       11.9988
BFGS:   61 10:33:34      -76.979934        9.4077
BFGS:   62 10:33:34      -77.440648        5.3935
BFGS:   63 10:33:34      -77.694931        3.6683
BFGS:   64 10:33:34      -77.867731        3.1223
BFGS:   65 10:33:34      -78.024347        2.6054
BFGS:   66 10:33:34      -78.160516        2.6946
BFGS:   67 10:33:34      -78.307554        3.9432
BFGS:   68 10:33:35      -78.493462        5.5282
BFGS:   69 10:33:35      -78.722698        7.3228
BFGS:   70 10:33:35      -78.990042        8.8519
BFGS:   71 10:33:35      -79.268224        9.5114
BFGS:   72 10:33:35      -79.518691        8.8942
BFGS:   73 10:33:35      -79.747997        6.9872
BFGS:   74 10:33:35      -79.975796        4.7361
BFGS:   75 10:33:35      -80.215150        3.6825
BFGS:   76 10:33:35      -80.451627        3.4249
BFGS:   77 10:33:35      -80.639598        3.1911
BFGS:   78 10:33:35      -80.794754        2.8808
BFGS:   79 10:33:35      -80.924103        2.5750
BFGS:   80 10:33:35      -81.032262        2.6658
BFGS:   81 10:33:35      -81.123133        2.7697
BFGS:   82 10:33:35      -81.201703        2.7376
BFGS:   83 10:33:35      -81.274751        2.7322
BFGS:   84 10:33:35      -81.353162        3.0648
BFGS:   85 10:33:35      -81.470889        4.3703
BFGS:   86 10:33:35      -81.669308        6.5148
BFGS:   87 10:33:35      -82.009728        9.6204
BFGS:   88 10:33:35      -82.547057       13.3870
BFGS:   89 10:33:35      -83.289700       16.9106
BFGS:   90 10:33:35      -84.182986       19.0831
BFGS:   91 10:33:35      -85.117952       19.0300
BFGS:   92 10:33:35      -85.937366       17.0844
BFGS:   93 10:33:35      -86.571853       14.5229
BFGS:   94 10:33:35      -87.069520       11.6345
BFGS:   95 10:33:35      -87.449297        8.1192
BFGS:   96 10:33:35      -87.734580        5.4264
BFGS:   97 10:33:35      -87.940960        5.5902
BFGS:   98 10:33:36      -88.070211        5.4776
BFGS:   99 10:33:36      -88.195869        5.3149
BFGS:  100 10:33:36      -88.355780        4.4457
BFGS:  101 10:33:36      -88.543081        4.3992
BFGS:  102 10:33:36      -88.696993        3.8800
BFGS:  103 10:33:36      -88.820604        2.6528
BFGS:  104 10:33:36      -88.887350        1.8595
BFGS:  105 10:33:36      -88.921834        1.6596
BFGS:  106 10:33:36      -88.934032        1.2428
BFGS:  107 10:33:36      -88.943222        1.0212
BFGS:  108 10:33:36      -88.952528        0.9621
BFGS:  109 10:33:36      -88.957675        0.8296
BFGS:  110 10:33:36      -88.963801        0.7269
BFGS:  111 10:33:36      -88.968906        0.6715
BFGS:  112 10:33:36      -88.974131        0.7947
BFGS:  113 10:33:36      -88.978993        0.9514
BFGS:  114 10:33:36      -88.984185        0.9601
BFGS:  115 10:33:36      -88.990612        0.7792
BFGS:  116 10:33:36      -88.997809        0.8836
BFGS:  117 10:33:36      -89.005633        1.0364
BFGS:  118 10:33:36      -89.014052        1.1487
BFGS:  119 10:33:36      -89.023029        1.2464
BFGS:  120 10:33:36      -89.032593        1.3345
BFGS:  121 10:33:36      -89.042875        1.4152
BFGS:  122 10:33:36      -89.054086        1.7070
BFGS:  123 10:33:36      -89.066485        2.0678
BFGS:  124 10:33:36      -89.080309        2.4597
BFGS:  125 10:33:36      -89.095673        2.9031
BFGS:  126 10:33:36      -89.112220        3.4869
BFGS:  127 10:33:36      -89.146194        4.0937
BFGS:  128 10:33:36      -89.201303        4.7815
BFGS:  129 10:33:36      -89.284065        6.7484
BFGS:  130 10:33:37      -89.492724        9.8011
BFGS:  131 10:33:37      -89.900430       13.6009
BFGS:  132 10:33:37      -90.529939       16.9510
BFGS:  133 10:33:37      -91.321225       18.0113
BFGS:  134 10:33:37      -92.100747       15.2455
BFGS:  135 10:33:37      -92.550783       11.9354
BFGS:  136 10:33:37      -92.855222        8.4784
BFGS:  137 10:33:37      -92.996501        7.9053
BFGS:  138 10:33:37      -93.156960        6.9353
BFGS:  139 10:33:37      -93.482454        5.9383
BFGS:  140 10:33:37      -93.756011        4.4747
BFGS:  141 10:33:37      -93.999133        2.4693
BFGS:  142 10:33:37      -94.141190        2.4642
BFGS:  143 10:33:37      -94.222866        2.3237
BFGS:  144 10:33:37      -94.266552        1.8057
BFGS:  145 10:33:37      -94.300569        1.1789
BFGS:  146 10:33:37      -94.321250        0.8466
BFGS:  147 10:33:37      -94.330334        0.8593
BFGS:  148 10:33:37      -94.334830        0.7594
BFGS:  149 10:33:37      -94.339762        0.6309
BFGS:  150 10:33:37      -94.346661        0.7160
BFGS:  151 10:33:37      -94.354539        0.7592
BFGS:  152 10:33:37      -94.362221        1.0865
BFGS:  153 10:33:37      -94.370784        1.3660
BFGS:  154 10:33:37      -94.382632        1.5453
BFGS:  155 10:33:37      -94.395120        1.6419
BFGS:  156 10:33:37      -94.408474        1.9578
BFGS:  157 10:33:37      -94.421578        2.4722
BFGS:  158 10:33:37      -94.434870        3.0593
BFGS:  159 10:33:37      -94.449490        3.7973
BFGS:  160 10:33:37      -94.472487        4.7258
BFGS:  161 10:33:37      -94.526711        6.5913
BFGS:  162 10:33:38      -94.670203        9.3648
BFGS:  163 10:33:38      -94.970860       12.4958
BFGS:  164 10:33:38      -95.442052       14.9593
BFGS:  165 10:33:38      -95.959755       15.3346
BFGS:  166 10:33:38      -96.340597       14.7506
BFGS:  167 10:33:38      -96.683142       15.3859
BFGS:  168 10:33:38      -97.025777       16.3493
BFGS:  169 10:33:38      -97.336118       16.1623
BFGS:  170 10:33:38      -97.572726       14.1249
BFGS:  171 10:33:38      -97.756634       12.9325
BFGS:  172 10:33:38      -97.896604       12.0776
BFGS:  173 10:33:38      -97.997514       11.2952
BFGS:  174 10:33:38      -98.115271       10.0748
BFGS:  175 10:33:38      -98.204474        8.9667
BFGS:  176 10:33:38      -98.290641        7.9891
BFGS:  177 10:33:38      -98.403826        7.6019
BFGS:  178 10:33:38      -98.580558        7.5676
BFGS:  179 10:33:38      -98.876592        7.4241
BFGS:  180 10:33:38      -99.082370        8.7204
BFGS:  181 10:33:38      -99.448849        8.6990
BFGS:  182 10:33:38      -99.751709        8.2825
BFGS:  183 10:33:38     -100.038618        8.5707
BFGS:  184 10:33:38     -100.356523        9.0491
BFGS:  185 10:33:38     -100.763023        9.1661
BFGS:  186 10:33:38     -101.213430        9.2611
BFGS:  187 10:33:38     -101.616632        9.5025
BFGS:  188 10:33:38     -102.039818        9.3093
BFGS:  189 10:33:38     -102.464252        9.0571
BFGS:  190 10:33:38     -102.895700        8.7476
BFGS:  191 10:33:38     -103.254659        8.4164
BFGS:  192 10:33:38     -103.851606        8.0837
BFGS:  193 10:33:38     -104.484710        8.0210
BFGS:  194 10:33:39     -105.115762        8.0383
BFGS:  195 10:33:39     -105.686988        7.9092
BFGS:  196 10:33:39     -106.202993        7.4884
BFGS:  197 10:33:39     -106.713266        6.2592
BFGS:  198 10:33:39     -107.128637        5.5611
BFGS:  199 10:33:39     -107.470329        3.9130
BFGS:  200 10:33:39     -107.692830        3.1229
BFGS:  201 10:33:39     -107.789870        2.4353
BFGS:  202 10:33:39     -107.806431        2.5515
BFGS:  203 10:33:39     -107.816149        1.8983
BFGS:  204 10:33:39     -107.821596        1.7927
BFGS:  205 10:33:39     -107.823910        1.7514
BFGS:  206 10:33:39     -107.828568        1.6354
BFGS:  207 10:33:39     -107.832527        1.5625
BFGS:  208 10:33:39     -107.838242        1.5040
BFGS:  209 10:33:39     -107.844595        1.3770
BFGS:  210 10:33:39     -107.852663        1.2709
BFGS:  211 10:33:39     -107.860963        0.9701
BFGS:  212 10:33:39     -107.867761        0.8492
BFGS:  213 10:33:39     -107.872348        0.8765
BFGS:  214 10:33:39     -107.875568        0.7529
BFGS:  215 10:33:39     -107.878158        0.5083
BFGS:  216 10:33:39     -107.879801        0.4126
BFGS:  217 10:33:39     -107.880666        0.3374
BFGS:  218 10:33:39     -107.881212        0.3282
BFGS:  219 10:33:39     -107.881784        0.2822
BFGS:  220 10:33:39     -107.882548        0.2175
BFGS:  221 10:33:39     -107.883215        0.1750
BFGS:  222 10:33:39     -107.883591        0.0945
