      Step     Time          Energy         fmax
BFGS:    0 09:13:40      -40.273637       33.6462
BFGS:    1 09:13:40      -46.780165       22.0486
BFGS:    2 09:13:40      -51.013775       17.7419
BFGS:    3 09:13:40      -54.722399       15.5033
BFGS:    4 09:13:40      -58.129300       15.0785
BFGS:    5 09:13:41      -61.223815       13.9908
BFGS:    6 09:13:41      -63.513862       12.3327
BFGS:    7 09:13:41      -65.583121       11.6546
BFGS:    8 09:13:41      -67.213715        8.8027
BFGS:    9 09:13:41      -68.437718        8.7491
BFGS:   10 09:13:41      -69.416628        8.6950
BFGS:   11 09:13:41      -70.249855       11.0140
BFGS:   12 09:13:41      -71.141646       14.0388
BFGS:   13 09:13:41      -72.187749       16.1617
BFGS:   14 09:13:41      -73.384003       15.7865
BFGS:   15 09:13:41      -74.421128       11.1515
BFGS:   16 09:13:41      -75.314813        5.6736
BFGS:   17 09:13:41      -75.980079        6.4892
BFGS:   18 09:13:41      -76.724844        7.8238
BFGS:   19 09:13:41      -77.381316        8.7615
BFGS:   20 09:13:41      -78.042454        9.4856
BFGS:   21 09:13:41      -78.680980        8.8924
BFGS:   22 09:13:41      -79.241305        7.6246
BFGS:   23 09:13:42      -79.718062        6.2471
BFGS:   24 09:13:42      -80.175669        4.7523
BFGS:   25 09:13:42      -80.692426        7.2541
BFGS:   26 09:13:42      -81.210038       10.9711
BFGS:   27 09:13:42      -82.091474        9.9859
BFGS:   28 09:13:42      -82.839035        5.6072
BFGS:   29 09:13:42      -83.310227        3.5841
BFGS:   30 09:13:42      -83.346596        7.0362
BFGS:   31 09:13:42      -83.587130        1.7562
BFGS:   32 09:13:42      -83.642043        2.7179
BFGS:   33 09:13:42      -83.806013        1.9376
BFGS:   34 09:13:42      -84.027048        3.5009
BFGS:   35 09:13:42      -84.208549        6.6416
BFGS:   36 09:13:42      -84.772047        9.2672
BFGS:   37 09:13:42      -85.729553        9.6094
BFGS:   38 09:13:42      -86.313512        9.7012
BFGS:   39 09:13:43      -87.577864        6.2898
BFGS:   40 09:13:43      -88.124838        4.0693
BFGS:   41 09:13:43      -88.448781        2.9990
BFGS:   42 09:13:43      -88.644659        2.2085
BFGS:   43 09:13:43      -88.715710        1.2836
BFGS:   44 09:13:43      -88.781122        1.0749
BFGS:   45 09:13:43      -88.820236        1.2955
BFGS:   46 09:13:43      -88.858173        1.0855
BFGS:   47 09:13:43      -88.886728        1.2663
BFGS:   48 09:13:43      -88.912007        1.1835
BFGS:   49 09:13:43      -88.950363        1.1886
BFGS:   50 09:13:43      -88.986383        1.2484
BFGS:   51 09:13:43      -89.034632        1.5242
BFGS:   52 09:13:43      -89.098714        2.0052
BFGS:   53 09:13:43      -89.282556        3.5049
BFGS:   54 09:13:43      -89.636006        5.2534
BFGS:   55 09:13:43      -90.151986        6.8053
BFGS:   56 09:13:43      -90.770201        6.7921
BFGS:   57 09:13:43      -91.211020        5.3915
BFGS:   58 09:13:44      -91.792494        5.7732
BFGS:   59 09:13:44      -92.282928        5.4432
BFGS:   60 09:13:44      -92.735556        4.9893
BFGS:   61 09:13:44      -93.129498        3.0426
BFGS:   62 09:13:44      -93.410196        2.2675
BFGS:   63 09:13:44      -93.603285        1.5403
BFGS:   64 09:13:44      -93.720184        1.5446
BFGS:   65 09:13:44      -93.795559        1.8373
BFGS:   66 09:13:44      -93.875084        1.7491
BFGS:   67 09:13:44      -93.930643        1.7256
BFGS:   68 09:13:44      -93.964356        1.5053
BFGS:   69 09:13:44      -94.012630        1.7860
BFGS:   70 09:13:44      -94.059474        1.7593
BFGS:   71 09:13:44      -94.109876        1.5065
BFGS:   72 09:13:44      -94.153582        1.5932
BFGS:   73 09:13:44      -94.187723        2.0188
BFGS:   74 09:13:44      -94.225880        1.9058
BFGS:   75 09:13:44      -94.264899        1.9936
BFGS:   76 09:13:44      -94.306035        1.8360
BFGS:   77 09:13:44      -94.342895        1.5282
BFGS:   78 09:13:45      -94.376318        0.9869
BFGS:   79 09:13:45      -94.395774        1.2500
BFGS:   80 09:13:45      -94.419277        1.0525
BFGS:   81 09:13:45      -94.445260        1.0920
BFGS:   82 09:13:45      -94.471965        0.9504
BFGS:   83 09:13:45      -94.499769        1.1481
BFGS:   84 09:13:45      -94.567208        1.0622
BFGS:   85 09:13:45      -94.693977        2.2117
BFGS:   86 09:13:45      -94.921086        3.9481
BFGS:   87 09:13:45      -95.151230        5.2955
BFGS:   88 09:13:45      -95.341996        6.0700
BFGS:   89 09:13:45      -95.469506        7.8115
BFGS:   90 09:13:45      -95.671763        6.0651
BFGS:   91 09:13:45      -95.982093        3.1412
BFGS:   92 09:13:45      -96.199990        3.3204
BFGS:   93 09:13:45      -96.378196        4.8373
BFGS:   94 09:13:45      -96.561536        8.5505
BFGS:   95 09:13:45      -97.091204        9.0346
BFGS:   96 09:13:45      -97.565283        8.4993
BFGS:   97 09:13:45      -97.919451        6.5102
BFGS:   98 09:13:46      -98.193880        4.9442
BFGS:   99 09:13:46      -98.419825        4.5403
BFGS:  100 09:13:46      -98.594535        4.1306
BFGS:  101 09:13:46      -98.719966        3.4109
BFGS:  102 09:13:46      -98.807846        2.4458
BFGS:  103 09:13:46      -98.868278        1.6728
BFGS:  104 09:13:46      -98.907742        1.3765
BFGS:  105 09:13:46      -98.936776        1.1946
BFGS:  106 09:13:46      -98.958140        1.1974
BFGS:  107 09:13:46      -98.968156        1.2925
BFGS:  108 09:13:46      -98.976095        1.1443
BFGS:  109 09:13:46      -98.986134        1.1126
BFGS:  110 09:13:46      -99.002582        1.2974
BFGS:  111 09:13:46      -99.019356        1.4685
BFGS:  112 09:13:46      -99.036103        1.5240
BFGS:  113 09:13:46      -99.050478        1.2978
BFGS:  114 09:13:46      -99.060817        1.1140
BFGS:  115 09:13:46      -99.069490        1.0520
BFGS:  116 09:13:47      -99.080042        1.0272
BFGS:  117 09:13:47      -99.093691        1.0607
BFGS:  118 09:13:47      -99.111080        0.9022
BFGS:  119 09:13:47      -99.127011        0.5807
BFGS:  120 09:13:47      -99.134463        0.3476
BFGS:  121 09:13:47      -99.135867        0.1341
BFGS:  122 09:13:47      -99.136063        0.0531
