      Step     Time          Energy         fmax
BFGS:    0 09:19:51      -35.771376       24.3517
BFGS:    1 09:19:51      -39.359842       18.6156
BFGS:    2 09:19:51      -41.989346       14.1471
BFGS:    3 09:19:51      -44.494617       12.0234
BFGS:    4 09:19:51      -46.568630       11.2221
BFGS:    5 09:19:51      -48.445910       12.0283
BFGS:    6 09:19:51      -50.046802        9.9999
BFGS:    7 09:19:51      -51.619204        9.1435
BFGS:    8 09:19:51      -52.822754        9.7007
BFGS:    9 09:19:51      -53.903507        9.2029
BFGS:   10 09:19:52      -54.803126        9.6692
BFGS:   11 09:19:52      -55.517854        8.7433
BFGS:   12 09:19:52      -56.164352        7.2498
BFGS:   13 09:19:52      -56.788846        6.3997
BFGS:   14 09:19:52      -57.386504        6.4553
BFGS:   15 09:19:52      -57.995802        7.6946
BFGS:   16 09:19:52      -58.774406        9.8970
BFGS:   17 09:19:52      -59.535583        9.8582
BFGS:   18 09:19:52      -60.251931        6.9618
BFGS:   19 09:19:52      -60.716331        3.8540
BFGS:   20 09:19:52      -60.924183        3.9984
BFGS:   21 09:19:52      -61.378813        5.0478
BFGS:   22 09:19:52      -61.694618        7.9099
BFGS:   23 09:19:52      -62.877742        8.9513
BFGS:   24 09:19:52      -64.283323        8.3863
BFGS:   25 09:19:52      -65.607844        7.4138
BFGS:   26 09:19:52      -67.276911        9.1902
BFGS:   27 09:19:52      -68.774342        9.9826
BFGS:   28 09:19:52      -70.201524       10.2596
BFGS:   29 09:19:53      -71.257415       13.0075
BFGS:   30 09:19:53      -72.229175       15.8378
BFGS:   31 09:19:53      -73.018738       16.7650
BFGS:   32 09:19:53      -73.775115       18.0092
BFGS:   33 09:19:53      -74.690151       13.9271
BFGS:   34 09:19:53      -75.717284       15.8262
BFGS:   35 09:19:53      -76.682773       13.1965
BFGS:   36 09:19:53      -77.576417       11.8637
BFGS:   37 09:19:53      -78.373855       10.7910
BFGS:   38 09:19:53      -79.115882        9.2045
BFGS:   39 09:19:53      -79.784946        7.4348
BFGS:   40 09:19:53      -80.314610        4.3804
BFGS:   41 09:19:53      -80.713712        2.6552
BFGS:   42 09:19:53      -80.949175        1.9412
BFGS:   43 09:19:53      -81.020149        2.9381
BFGS:   44 09:19:53      -81.121170        2.2413
BFGS:   45 09:19:53      -81.146020        2.4733
BFGS:   46 09:19:53      -81.179426        1.3389
BFGS:   47 09:19:53      -81.197078        1.3197
BFGS:   48 09:19:53      -81.220428        0.7052
BFGS:   49 09:19:53      -81.252996        0.7238
BFGS:   50 09:19:53      -81.283474        1.0209
BFGS:   51 09:19:53      -81.319807        1.4448
BFGS:   52 09:19:53      -81.395859        2.2099
BFGS:   53 09:19:53      -81.545559        2.7673
BFGS:   54 09:19:53      -81.830022        4.1832
BFGS:   55 09:19:53      -82.313424        6.2315
BFGS:   56 09:19:53      -83.015165        8.6098
BFGS:   57 09:19:54      -83.849821        9.9049
BFGS:   58 09:19:54      -84.626914        8.9043
BFGS:   59 09:19:54      -85.275203        6.5821
BFGS:   60 09:19:54      -85.749699        4.4081
BFGS:   61 09:19:54      -86.031749        3.4000
BFGS:   62 09:19:54      -86.181174        4.1331
BFGS:   63 09:19:54      -86.290247        3.3623
BFGS:   64 09:19:54      -86.372441        2.3674
BFGS:   65 09:19:54      -86.454440        2.0520
BFGS:   66 09:19:54      -86.523672        1.0589
BFGS:   67 09:19:54      -86.552329        1.1187
BFGS:   68 09:19:54      -86.568601        0.8545
BFGS:   69 09:19:54      -86.584202        0.6484
BFGS:   70 09:19:54      -86.594274        0.2955
BFGS:   71 09:19:54      -86.597139        0.3100
BFGS:   72 09:19:54      -86.599727        0.2030
BFGS:   73 09:19:54      -86.603546        0.2932
BFGS:   74 09:19:54      -86.609871        0.5246
BFGS:   75 09:19:54      -86.618358        0.7381
BFGS:   76 09:19:54      -86.627749        0.9002
BFGS:   77 09:19:54      -86.637971        1.0414
BFGS:   78 09:19:54      -86.649028        1.3725
BFGS:   79 09:19:54      -86.661143        1.7357
BFGS:   80 09:19:54      -86.674690        2.1281
BFGS:   81 09:19:54      -86.689933        2.5620
BFGS:   82 09:19:54      -86.706236        3.1212
BFGS:   83 09:19:55      -86.730306        3.7929
BFGS:   84 09:19:55      -86.770478        4.6461
BFGS:   85 09:19:55      -86.849631        5.8767
BFGS:   86 09:19:55      -87.017825        7.7185
BFGS:   87 09:19:55      -87.315811        9.7985
BFGS:   88 09:19:55      -87.714871       10.8639
BFGS:   89 09:19:55      -88.064495       10.0408
BFGS:   90 09:19:55      -88.308119        8.8380
BFGS:   91 09:19:55      -88.379203        8.3799
BFGS:   92 09:19:55      -88.388366        8.3650
BFGS:   93 09:19:55      -88.404151        8.2251
BFGS:   94 09:19:55      -88.427731        7.9717
BFGS:   95 09:19:55      -88.468320        7.3944
BFGS:   96 09:19:55      -88.512124        6.9115
BFGS:   97 09:19:55      -88.558787        6.4434
BFGS:   98 09:19:55      -88.608578        6.0883
BFGS:   99 09:19:55      -88.659367        5.7866
BFGS:  100 09:19:55      -88.709845        5.6023
BFGS:  101 09:19:55      -88.758025        5.5092
BFGS:  102 09:19:55      -88.804830        5.5421
BFGS:  103 09:19:55      -88.851032        5.6828
BFGS:  104 09:19:56      -88.898192        5.9733
BFGS:  105 09:19:56      -88.947733        6.4347
BFGS:  106 09:19:56      -89.002676        7.1698
BFGS:  107 09:19:56      -89.130312        9.3871
BFGS:  108 09:19:56      -89.359564       12.0082
BFGS:  109 09:19:56      -89.734124       14.6298
BFGS:  110 09:19:56      -90.145228       15.5346
BFGS:  111 09:19:56      -90.477039       15.0300
BFGS:  112 09:19:56      -90.780128       15.2046
BFGS:  113 09:19:56      -91.085330       15.4892
BFGS:  114 09:19:56      -91.352261       14.7135
BFGS:  115 09:19:56      -91.572056       12.9346
BFGS:  116 09:19:56      -91.778984       11.4642
BFGS:  117 09:19:56      -91.956186       10.8637
BFGS:  118 09:19:56      -92.177991       10.1212
BFGS:  119 09:19:56      -92.385618        9.7017
BFGS:  120 09:19:56      -92.625661        9.1639
BFGS:  121 09:19:56      -92.862823        8.6529
BFGS:  122 09:19:56      -93.116085        8.0749
BFGS:  123 09:19:56      -93.361341        7.3994
BFGS:  124 09:19:56      -93.585410        6.8127
BFGS:  125 09:19:56      -93.788856        6.0526
BFGS:  126 09:19:56      -93.969485        5.5322
BFGS:  127 09:19:56      -94.129415        4.6527
BFGS:  128 09:19:56      -94.266135        4.2059
BFGS:  129 09:19:56      -94.381648        3.3076
BFGS:  130 09:19:56      -94.475047        2.7561
BFGS:  131 09:19:57      -94.546711        2.0362
BFGS:  132 09:19:57      -94.597451        1.5524
BFGS:  133 09:19:57      -94.626355        0.9891
BFGS:  134 09:19:57      -94.636782        0.9016
BFGS:  135 09:19:57      -94.647640        0.5827
BFGS:  136 09:19:57      -94.657892        0.4636
BFGS:  137 09:19:57      -94.667238        0.7372
BFGS:  138 09:19:57      -94.675972        0.6828
BFGS:  139 09:19:57      -94.695116        1.0685
BFGS:  140 09:19:57      -94.715916        1.4575
BFGS:  141 09:19:57      -94.738104        1.7924
BFGS:  142 09:19:57      -94.792165        2.2661
BFGS:  143 09:19:57      -94.888750        2.8425
BFGS:  144 09:19:57      -95.068793        3.6745
BFGS:  145 09:19:57      -95.345281        4.5277
BFGS:  146 09:19:57      -95.706231        5.4438
BFGS:  147 09:19:57      -96.090830        6.0409
BFGS:  148 09:19:57      -96.437688        5.8358
BFGS:  149 09:19:57      -96.731405        5.2791
BFGS:  150 09:19:57      -96.897455        4.1794
BFGS:  151 09:19:57      -97.089119        3.3076
BFGS:  152 09:19:57      -97.196233        2.5954
BFGS:  153 09:19:57      -97.275470        1.8978
BFGS:  154 09:19:57      -97.317067        1.0370
BFGS:  155 09:19:57      -97.328118        0.4700
BFGS:  156 09:19:57      -97.334197        0.3464
BFGS:  157 09:19:57      -97.339134        0.3095
BFGS:  158 09:19:57      -97.342002        0.3566
BFGS:  159 09:19:57      -97.344970        0.3306
BFGS:  160 09:19:58      -97.348560        0.4288
BFGS:  161 09:19:58      -97.352591        0.5000
BFGS:  162 09:19:58      -97.359090        0.5971
BFGS:  163 09:19:58      -97.366456        0.8507
BFGS:  164 09:19:58      -97.374904        1.1656
BFGS:  165 09:19:58      -97.384129        1.5534
BFGS:  166 09:19:58      -97.393921        2.0322
BFGS:  167 09:19:58      -97.404151        2.6349
BFGS:  168 09:19:58      -97.424708        2.8520
BFGS:  169 09:19:58      -97.458218        2.9947
BFGS:  170 09:19:58      -97.561409        4.2920
BFGS:  171 09:19:58      -97.866494        7.3885
BFGS:  172 09:19:58      -98.397283        9.4817
BFGS:  173 09:19:58      -98.946172        8.0876
BFGS:  174 09:19:58      -99.202573        7.2555
BFGS:  175 09:19:58      -99.342147        7.6468
BFGS:  176 09:19:58      -99.442511        7.9671
BFGS:  177 09:19:58      -99.527103        8.0969
BFGS:  178 09:19:58      -99.612414        8.2370
BFGS:  179 09:19:58      -99.705433        8.5277
BFGS:  180 09:19:58      -99.856021       10.2205
BFGS:  181 09:19:58     -100.074128       13.1951
BFGS:  182 09:19:58     -100.332255       16.7205
BFGS:  183 09:19:58     -100.576340       19.9218
BFGS:  184 09:19:58     -100.920465       21.8758
BFGS:  185 09:19:58     -101.237872       21.7075
BFGS:  186 09:19:58     -101.521843       19.1205
BFGS:  187 09:19:59     -101.896220       16.0073
BFGS:  188 09:19:59     -102.236778       15.6667
BFGS:  189 09:19:59     -102.587101       15.1572
BFGS:  190 09:19:59     -102.941475       14.3612
BFGS:  191 09:19:59     -103.292631       13.2956
BFGS:  192 09:19:59     -103.632420       12.0356
BFGS:  193 09:19:59     -103.955570       10.6669
BFGS:  194 09:19:59     -104.256236        9.2349
BFGS:  195 09:19:59     -104.529856        7.7652
BFGS:  196 09:19:59     -104.770008        6.2771
BFGS:  197 09:19:59     -104.960526        4.8700
BFGS:  198 09:19:59     -105.103934        3.5965
BFGS:  199 09:19:59     -105.203177        2.4359
BFGS:  200 09:19:59     -105.262369        1.6827
BFGS:  201 09:19:59     -105.282804        1.7177
BFGS:  202 09:19:59     -105.295346        1.4938
BFGS:  203 09:19:59     -105.308547        1.1792
BFGS:  204 09:19:59     -105.329737        1.0152
BFGS:  205 09:19:59     -105.334426        0.6402
BFGS:  206 09:19:59     -105.339484        0.5397
BFGS:  207 09:19:59     -105.348751        0.5797
BFGS:  208 09:19:59     -105.350485        0.4750
BFGS:  209 09:19:59     -105.354297        0.5986
BFGS:  210 09:19:59     -105.358218        0.6139
BFGS:  211 09:19:59     -105.362040        0.5882
BFGS:  212 09:19:59     -105.369561        0.8409
BFGS:  213 09:20:00     -105.386808        1.4302
BFGS:  214 09:20:00     -105.409045        2.6957
BFGS:  215 09:20:00     -105.468480        3.0324
BFGS:  216 09:20:00     -105.561963        4.6123
BFGS:  217 09:20:00     -105.754344        6.9436
BFGS:  218 09:20:00     -106.081294        8.4287
BFGS:  219 09:20:00     -106.407109        7.5862
BFGS:  220 09:20:00     -106.614181        7.7293
BFGS:  221 09:20:00     -106.794372        7.4691
BFGS:  222 09:20:00     -107.020857        6.5479
BFGS:  223 09:20:00     -107.248706        5.2063
BFGS:  224 09:20:00     -107.447732        3.9854
BFGS:  225 09:20:00     -107.601363        3.5209
BFGS:  226 09:20:00     -107.738335        3.0066
BFGS:  227 09:20:00     -107.841103        2.6669
BFGS:  228 09:20:00     -107.922787        2.0591
BFGS:  229 09:20:00     -107.959256        1.3507
BFGS:  230 09:20:00     -107.971103        1.3641
BFGS:  231 09:20:00     -107.980289        1.1958
BFGS:  232 09:20:00     -107.986806        0.9316
BFGS:  233 09:20:00     -107.990137        0.7647
BFGS:  234 09:20:00     -107.993340        0.5082
BFGS:  235 09:20:00     -107.995809        0.3962
BFGS:  236 09:20:00     -107.997453        0.4156
BFGS:  237 09:20:00     -107.998765        0.3847
BFGS:  238 09:20:00     -108.000271        0.3068
BFGS:  239 09:20:00     -108.001296        0.1866
BFGS:  240 09:20:00     -108.001755        0.1548
BFGS:  241 09:20:00     -108.001927        0.0668
