      Step     Time          Energy         fmax
BFGS:    0 09:58:08      -41.053646       21.2181
BFGS:    1 09:58:08      -44.911780       18.6646
BFGS:    2 09:58:08      -47.587162       17.9497
BFGS:    3 09:58:08      -50.180144       13.8628
BFGS:    4 09:58:08      -53.049332       14.5783
BFGS:    5 09:58:08      -55.286589       14.7890
BFGS:    6 09:58:08      -57.380601       12.3823
BFGS:    7 09:58:08      -59.697647       12.0512
BFGS:    8 09:58:08      -61.706972       13.8679
BFGS:    9 09:58:08      -63.547252       14.1110
BFGS:   10 09:58:09      -65.203830       13.1639
BFGS:   11 09:58:09      -66.681555       15.0018
BFGS:   12 09:58:09      -68.136981       13.3656
BFGS:   13 09:58:09      -69.405451       13.2239
BFGS:   14 09:58:09      -70.627869       14.4551
BFGS:   15 09:58:09      -71.919834       15.5957
BFGS:   16 09:58:09      -73.244996       15.1031
BFGS:   17 09:58:09      -74.339467       13.1065
BFGS:   18 09:58:09      -75.191886       11.2734
BFGS:   19 09:58:09      -75.962879       11.0918
BFGS:   20 09:58:09      -76.716210       10.6161
BFGS:   21 09:58:09      -77.460552       11.8651
BFGS:   22 09:58:09      -78.191610       11.5768
BFGS:   23 09:58:09      -79.048731        9.7414
BFGS:   24 09:58:09      -79.838536        8.7021
BFGS:   25 09:58:09      -80.457785        8.0812
BFGS:   26 09:58:09      -80.989328        8.5602
BFGS:   27 09:58:09      -81.516036        8.8522
BFGS:   28 09:58:09      -82.013319        8.6593
BFGS:   29 09:58:09      -82.466974        8.2999
BFGS:   30 09:58:09      -82.916875        7.9995
BFGS:   31 09:58:09      -83.352620        8.2379
BFGS:   32 09:58:09      -83.791869        9.3810
BFGS:   33 09:58:09      -84.251823       10.2071
BFGS:   34 09:58:10      -84.849969       10.4703
BFGS:   35 09:58:10      -85.356140        9.7268
BFGS:   36 09:58:10      -85.806843        9.2329
BFGS:   37 09:58:10      -86.238902        8.9971
BFGS:   38 09:58:10      -86.751207        9.2383
BFGS:   39 09:58:10      -87.239698       10.3166
BFGS:   40 09:58:10      -87.726665       10.2774
BFGS:   41 09:58:10      -88.229472       10.3406
BFGS:   42 09:58:10      -88.771949        9.2618
BFGS:   43 09:58:10      -89.335889        7.8059
BFGS:   44 09:58:10      -89.945112        7.5051
BFGS:   45 09:58:10      -90.513126        8.3103
BFGS:   46 09:58:10      -91.038448        9.5707
BFGS:   47 09:58:10      -91.530496       10.0808
BFGS:   48 09:58:10      -92.033994        9.8700
BFGS:   49 09:58:10      -92.568637        9.5317
BFGS:   50 09:58:10      -93.109292        8.6531
BFGS:   51 09:58:10      -93.629568        7.5975
BFGS:   52 09:58:10      -94.075775        6.6865
BFGS:   53 09:58:10      -94.484322        6.6120
BFGS:   54 09:58:10      -94.862736        5.8504
BFGS:   55 09:58:10      -95.228159        6.1256
BFGS:   56 09:58:10      -95.541322        6.9597
BFGS:   57 09:58:10      -95.784268        7.0520
BFGS:   58 09:58:10      -95.977504        7.1292
BFGS:   59 09:58:10      -96.141090        6.7881
BFGS:   60 09:58:10      -96.272402        5.6171
BFGS:   61 09:58:10      -96.348803        5.4039
BFGS:   62 09:58:11      -96.399220        4.3974
BFGS:   63 09:58:11      -96.440191        3.8313
BFGS:   64 09:58:11      -96.487759        4.2490
BFGS:   65 09:58:11      -96.535997        5.0166
BFGS:   66 09:58:11      -96.574003        5.8810
BFGS:   67 09:58:11      -96.612499        6.2479
BFGS:   68 09:58:11      -96.655788        5.8276
BFGS:   69 09:58:11      -96.702785        5.3751
BFGS:   70 09:58:11      -96.744254        4.3932
BFGS:   71 09:58:11      -96.763088        3.9559
BFGS:   72 09:58:11      -96.773285        3.7584
BFGS:   73 09:58:11      -96.782236        3.9166
BFGS:   74 09:58:11      -96.788564        4.0004
BFGS:   75 09:58:11      -96.792293        4.1465
BFGS:   76 09:58:11      -96.794645        4.0263
BFGS:   77 09:58:11      -96.796624        4.0003
BFGS:   78 09:58:11      -96.798837        3.9087
BFGS:   79 09:58:11      -96.803309        3.8179
BFGS:   80 09:58:11      -96.810643        3.6501
BFGS:   81 09:58:11      -96.825736        3.3595
BFGS:   82 09:58:11      -96.841556        3.0599
BFGS:   83 09:58:11      -96.858511        2.7557
BFGS:   84 09:58:11      -96.876109        2.4463
BFGS:   85 09:58:11      -96.893838        2.2235
BFGS:   86 09:58:11      -96.911171        1.9563
BFGS:   87 09:58:11      -96.927565        1.6453
BFGS:   88 09:58:11      -96.942366        1.3745
BFGS:   89 09:58:11      -96.954810        1.0584
BFGS:   90 09:58:11      -96.964093        0.7787
BFGS:   91 09:58:12      -96.969506        0.7525
BFGS:   92 09:58:12      -96.973441        0.7701
BFGS:   93 09:58:12      -96.982819        0.7653
BFGS:   94 09:58:12      -96.993160        0.7074
BFGS:   95 09:58:12      -97.004664        0.5967
BFGS:   96 09:58:12      -97.012269        0.6758
BFGS:   97 09:58:12      -97.017899        0.4332
BFGS:   98 09:58:12      -97.019777        0.3308
BFGS:   99 09:58:12      -97.020192        0.3029
BFGS:  100 09:58:12      -97.020491        0.3031
BFGS:  101 09:58:12      -97.020729        0.2954
BFGS:  102 09:58:12      -97.020818        0.2889
BFGS:  103 09:58:12      -97.021014        0.2648
BFGS:  104 09:58:12      -97.021134        0.2837
BFGS:  105 09:58:12      -97.021607        0.3229
BFGS:  106 09:58:12      -97.022338        0.3317
BFGS:  107 09:58:12      -97.023414        0.3654
BFGS:  108 09:58:12      -97.024227        0.4755
BFGS:  109 09:58:12      -97.024600        0.4483
BFGS:  110 09:58:12      -97.024760        0.4154
BFGS:  111 09:58:12      -97.024868        0.3675
BFGS:  112 09:58:12      -97.024943        0.3488
BFGS:  113 09:58:12      -97.024987        0.3404
BFGS:  114 09:58:12      -97.025011        0.3468
BFGS:  115 09:58:12      -97.025021        0.3543
BFGS:  116 09:58:12      -97.025026        0.3621
BFGS:  117 09:58:12      -97.025027        0.3663
BFGS:  118 09:58:13      -97.025029        0.3720
BFGS:  119 09:58:13      -97.025029        0.3735
BFGS:  120 09:58:13      -97.025033        0.3795
BFGS:  121 09:58:13      -97.025039        0.3863
BFGS:  122 09:58:13      -97.025056        0.3968
BFGS:  123 09:58:13      -97.025100        0.4116
BFGS:  124 09:58:13      -97.025213        0.4314
BFGS:  125 09:58:13      -97.025495        0.4543
BFGS:  126 09:58:13      -97.026163        0.4665
BFGS:  127 09:58:13      -97.027515        0.4298
BFGS:  128 09:58:13      -97.029479        0.3714
BFGS:  129 09:58:13      -97.031071        0.2107
BFGS:  130 09:58:13      -97.031556        0.0481
