      Step     Time          Energy         fmax
BFGS:    0 10:13:40      -39.587740       18.1320
BFGS:    1 10:13:40      -43.897929       16.7120
BFGS:    2 10:13:40      -46.903535       13.0654
BFGS:    3 10:13:40      -49.540279       13.9369
BFGS:    4 10:13:40      -51.892751       12.6579
BFGS:    5 10:13:40      -54.394659        9.5941
BFGS:    6 10:13:40      -56.648559        9.5511
BFGS:    7 10:13:41      -58.447367        8.1445
BFGS:    8 10:13:41      -60.182917        9.9830
BFGS:    9 10:13:41      -61.778197       11.0244
BFGS:   10 10:13:41      -63.011810       10.7908
BFGS:   11 10:13:41      -63.849321       12.2201
BFGS:   12 10:13:41      -64.753680       13.2352
BFGS:   13 10:13:41      -65.671421       12.9496
BFGS:   14 10:13:41      -66.604158       13.9682
BFGS:   15 10:13:41      -67.521799       12.0716
BFGS:   16 10:13:41      -68.401743       12.6978
BFGS:   17 10:13:41      -69.164426       13.6696
BFGS:   18 10:13:41      -69.917864       14.4995
BFGS:   19 10:13:41      -70.666407       14.1462
BFGS:   20 10:13:41      -71.425071       11.9236
BFGS:   21 10:13:41      -72.136771        7.8281
BFGS:   22 10:13:41      -72.523016        5.7996
BFGS:   23 10:13:41      -72.572550        5.4251
BFGS:   24 10:13:41      -72.772162        2.5106
BFGS:   25 10:13:41      -72.823191        2.6460
BFGS:   26 10:13:41      -72.919470        1.7600
BFGS:   27 10:13:41      -72.974031        1.4965
BFGS:   28 10:13:41      -73.025864        2.0802
BFGS:   29 10:13:41      -73.091994        2.7808
BFGS:   30 10:13:41      -73.142416        3.3843
BFGS:   31 10:13:41      -73.361290        4.1410
BFGS:   32 10:13:41      -73.812653        5.4039
BFGS:   33 10:13:41      -74.052556        6.0064
BFGS:   34 10:13:41      -74.471932        5.8757
BFGS:   35 10:13:41      -74.938792        4.1909
BFGS:   36 10:13:41      -75.237491        3.7398
BFGS:   37 10:13:42      -75.466999        3.1679
BFGS:   38 10:13:42      -75.601309        1.7412
BFGS:   39 10:13:42      -75.746557        2.3264
BFGS:   40 10:13:42      -75.923552        4.5018
BFGS:   41 10:13:42      -76.219149        6.6845
BFGS:   42 10:13:42      -76.636618        7.6761
BFGS:   43 10:13:42      -77.117989        7.8568
BFGS:   44 10:13:42      -77.630580        7.8632
BFGS:   45 10:13:42      -78.067937        9.2280
BFGS:   46 10:13:42      -78.455754        9.3190
BFGS:   47 10:13:42      -78.746751        7.3555
BFGS:   48 10:13:42      -78.981950        6.6207
BFGS:   49 10:13:42      -79.301690        4.7448
BFGS:   50 10:13:42      -79.788247        4.4330
BFGS:   51 10:13:42      -80.142644        3.3323
BFGS:   52 10:13:42      -80.423530        2.4127
BFGS:   53 10:13:42      -80.620346        1.6924
BFGS:   54 10:13:42      -80.732022        1.2102
BFGS:   55 10:13:42      -80.767973        1.2785
BFGS:   56 10:13:42      -80.780674        0.8470
BFGS:   57 10:13:42      -80.788247        0.7404
BFGS:   58 10:13:42      -80.802643        0.7034
BFGS:   59 10:13:42      -80.813936        0.7468
BFGS:   60 10:13:42      -80.831969        1.3748
BFGS:   61 10:13:42      -80.858092        2.1525
BFGS:   62 10:13:42      -80.893704        3.5763
BFGS:   63 10:13:42      -81.011801        4.2227
BFGS:   64 10:13:42      -81.214231        6.8566
BFGS:   65 10:13:42      -81.329190       10.7079
BFGS:   66 10:13:42      -81.776639        7.1869
BFGS:   67 10:13:42      -82.060688        8.9103
BFGS:   68 10:13:43      -82.379784        8.7101
BFGS:   69 10:13:43      -82.701223        7.2578
BFGS:   70 10:13:43      -82.888881        6.1587
BFGS:   71 10:13:43      -83.002795        6.0964
BFGS:   72 10:13:43      -83.137872        5.2588
BFGS:   73 10:13:43      -83.259330        5.7211
BFGS:   74 10:13:43      -83.366388        3.8660
BFGS:   75 10:13:43      -83.476581        3.6303
BFGS:   76 10:13:43      -83.615890        2.8057
BFGS:   77 10:13:43      -83.733374        2.9691
BFGS:   78 10:13:43      -83.859143        3.1141
BFGS:   79 10:13:43      -84.059450        4.0239
BFGS:   80 10:13:43      -84.359451        5.7553
BFGS:   81 10:13:43      -84.780239        7.0692
BFGS:   82 10:13:43      -85.262563        6.6656
BFGS:   83 10:13:43      -85.678698        5.2205
BFGS:   84 10:13:43      -85.999665        5.0340
BFGS:   85 10:13:43      -86.305474        4.9630
BFGS:   86 10:13:43      -86.626253        5.8631
BFGS:   87 10:13:43      -86.955881        7.6297
BFGS:   88 10:13:43      -87.240288        7.8325
BFGS:   89 10:13:43      -87.398624        5.6442
BFGS:   90 10:13:43      -87.509446        5.9406
BFGS:   91 10:13:43      -87.576258        6.1078
BFGS:   92 10:13:43      -87.637243        6.3032
BFGS:   93 10:13:43      -87.711051        6.1618
BFGS:   94 10:13:43      -87.771333        6.8452
BFGS:   95 10:13:43      -87.846217        5.7794
BFGS:   96 10:13:43      -87.931129        5.3533
BFGS:   97 10:13:43      -88.003019        5.1849
BFGS:   98 10:13:43      -88.410605        7.5261
BFGS:   99 10:13:44      -88.915446        8.9276
BFGS:  100 10:13:44      -89.543675        8.3357
BFGS:  101 10:13:44      -90.028921        5.5821
BFGS:  102 10:13:44      -90.284827        5.9289
BFGS:  103 10:13:44      -90.444097        6.2637
BFGS:  104 10:13:44      -90.544502        6.5108
BFGS:  105 10:13:44      -90.606802        6.5985
BFGS:  106 10:13:44      -90.653170        6.3536
BFGS:  107 10:13:44      -90.708331        5.7724
BFGS:  108 10:13:44      -90.752146        4.6940
BFGS:  109 10:13:44      -90.771152        4.1329
BFGS:  110 10:13:44      -90.786285        3.8529
BFGS:  111 10:13:44      -90.797589        4.0325
BFGS:  112 10:13:44      -90.812091        4.1517
BFGS:  113 10:13:44      -90.837457        4.1400
BFGS:  114 10:13:44      -90.865322        4.0089
BFGS:  115 10:13:44      -90.895920        3.8211
BFGS:  116 10:13:44      -90.928520        3.6184
BFGS:  117 10:13:44      -90.962571        3.4095
BFGS:  118 10:13:44      -90.997726        3.2016
BFGS:  119 10:13:44      -91.033803        3.1124
BFGS:  120 10:13:44      -91.070711        3.2095
BFGS:  121 10:13:44      -91.108400        3.3446
BFGS:  122 10:13:44      -91.146791        3.5303
BFGS:  123 10:13:44      -91.185679        3.7861
BFGS:  124 10:13:44      -91.224759        4.1277
BFGS:  125 10:13:44      -91.263961        4.5518
BFGS:  126 10:13:44      -91.303259        5.0495
BFGS:  127 10:13:44      -91.342652        5.9922
BFGS:  128 10:13:44      -91.382199        7.2260
BFGS:  129 10:13:44      -91.422064        8.5481
BFGS:  130 10:13:45      -91.462602        9.9209
BFGS:  131 10:13:45      -91.504502       11.2976
BFGS:  132 10:13:45      -91.548996       12.6246
BFGS:  133 10:13:45      -91.598149       13.8450
BFGS:  134 10:13:45      -91.655154       14.9035
BFGS:  135 10:13:45      -91.724441       15.7512
BFGS:  136 10:13:45      -91.811128       16.3509
BFGS:  137 10:13:45      -91.919041       16.6828
BFGS:  138 10:13:45      -92.038470       16.7485
BFGS:  139 10:13:45      -92.159842       16.6293
BFGS:  140 10:13:45      -92.281010       16.3878
BFGS:  141 10:13:45      -92.401372       16.0543
BFGS:  142 10:13:45      -92.520739       15.6369
BFGS:  143 10:13:45      -92.637693       15.1487
BFGS:  144 10:13:45      -92.752774       14.5729
BFGS:  145 10:13:45      -92.861775       13.9564
BFGS:  146 10:13:45      -92.972589       13.1535
BFGS:  147 10:13:45      -93.060146       12.5534
BFGS:  148 10:13:45      -93.166093       11.2540
BFGS:  149 10:13:45      -93.235727       10.5403
BFGS:  150 10:13:45      -93.312382        9.4550
BFGS:  151 10:13:45      -93.388038        8.8512
BFGS:  152 10:13:45      -93.486621        8.6940
BFGS:  153 10:13:45      -93.619866        7.8907
BFGS:  154 10:13:45      -93.749029        6.8334
BFGS:  155 10:13:45      -93.834617        5.8164
BFGS:  156 10:13:45      -93.908052        5.0741
BFGS:  157 10:13:45      -93.970856        4.3134
BFGS:  158 10:13:45      -94.026870        3.6676
BFGS:  159 10:13:45      -94.074819        3.0329
BFGS:  160 10:13:45      -94.116221        2.4692
BFGS:  161 10:13:45      -94.150404        2.0698
BFGS:  162 10:13:46      -94.178734        1.9494
BFGS:  163 10:13:46      -94.201120        1.7976
BFGS:  164 10:13:46      -94.218936        1.5753
BFGS:  165 10:13:46      -94.232845        1.2763
BFGS:  166 10:13:46      -94.243863        0.8235
BFGS:  167 10:13:46      -94.252425        0.4582
BFGS:  168 10:13:46      -94.260768        0.3951
BFGS:  169 10:13:46      -94.265466        0.2898
BFGS:  170 10:13:46      -94.267536        0.2015
BFGS:  171 10:13:46      -94.268142        0.0895
