      Step     Time          Energy         fmax
BFGS:    0 09:54:46      -41.229799       32.5974
BFGS:    1 09:54:46      -46.711874       18.8490
BFGS:    2 09:54:46      -50.132963       14.4906
BFGS:    3 09:54:46      -52.670361       11.0103
BFGS:    4 09:54:46      -55.016342        8.8627
BFGS:    5 09:54:46      -56.815380        9.0197
BFGS:    6 09:54:46      -58.137767        9.8226
BFGS:    7 09:54:46      -59.428926        9.9763
BFGS:    8 09:54:47      -60.692004       12.5914
BFGS:    9 09:54:47      -61.881043       15.4584
BFGS:   10 09:54:47      -62.989410       16.4795
BFGS:   11 09:54:47      -63.950578       14.3792
BFGS:   12 09:54:47      -64.725290        9.8400
BFGS:   13 09:54:47      -65.435174        8.2504
BFGS:   14 09:54:47      -66.031321        8.9805
BFGS:   15 09:54:47      -66.539794        9.3899
BFGS:   16 09:54:47      -67.231054        8.2170
BFGS:   17 09:54:47      -67.931897        7.3661
BFGS:   18 09:54:47      -68.479052        6.7513
BFGS:   19 09:54:47      -69.102249        7.2384
BFGS:   20 09:54:47      -69.659513        6.8866
BFGS:   21 09:54:47      -70.233716        8.4435
BFGS:   22 09:54:47      -70.794540        8.6426
BFGS:   23 09:54:47      -71.265014        6.7340
BFGS:   24 09:54:47      -71.706604        7.0046
BFGS:   25 09:54:47      -72.095166        7.0176
BFGS:   26 09:54:47      -72.499410        9.3805
BFGS:   27 09:54:47      -73.159426       11.4641
BFGS:   28 09:54:47      -73.852044       11.8330
BFGS:   29 09:54:47      -74.475643       10.5602
BFGS:   30 09:54:47      -75.042120        9.4509
BFGS:   31 09:54:47      -75.582763        9.1861
BFGS:   32 09:54:47      -76.088788        9.3164
BFGS:   33 09:54:47      -76.534350       11.0374
BFGS:   34 09:54:47      -76.929340       11.2921
BFGS:   35 09:54:47      -77.310559       10.1467
BFGS:   36 09:54:47      -77.667995        7.8757
BFGS:   37 09:54:47      -77.988036        5.7035
BFGS:   38 09:54:47      -78.259978        4.2767
BFGS:   39 09:54:48      -78.496194        3.5931
BFGS:   40 09:54:48      -78.755457        3.8121
BFGS:   41 09:54:48      -79.125237        5.9328
BFGS:   42 09:54:48      -79.612522        6.6445
BFGS:   43 09:54:48      -79.998302        6.2022
BFGS:   44 09:54:48      -80.244190        6.9090
BFGS:   45 09:54:48      -80.378060        6.4975
BFGS:   46 09:54:48      -80.659827        5.5324
BFGS:   47 09:54:48      -80.887922        4.7907
BFGS:   48 09:54:48      -81.106322        4.3754
BFGS:   49 09:54:48      -81.334593        4.5711
BFGS:   50 09:54:48      -81.658647        7.1071
BFGS:   51 09:54:48      -82.118966       10.7162
BFGS:   52 09:54:48      -82.751940       14.3148
BFGS:   53 09:54:48      -83.521660       16.4410
BFGS:   54 09:54:48      -84.311274       15.8638
BFGS:   55 09:54:48      -85.020429       12.7326
BFGS:   56 09:54:48      -85.619697        8.0681
BFGS:   57 09:54:48      -86.098528        3.7394
BFGS:   58 09:54:48      -86.367541        2.5808
BFGS:   59 09:54:48      -86.534454        2.3500
BFGS:   60 09:54:48      -86.658999        2.3971
BFGS:   61 09:54:48      -86.792574        2.8908
BFGS:   62 09:54:48      -86.936064        3.8449
BFGS:   63 09:54:48      -87.103635        5.8946
BFGS:   64 09:54:48      -87.353378        9.0845
BFGS:   65 09:54:48      -87.705174       12.7993
BFGS:   66 09:54:48      -88.165189       16.1833
BFGS:   67 09:54:48      -88.726805       18.3251
BFGS:   68 09:54:48      -89.355129       21.1249
BFGS:   69 09:54:48      -89.966839       23.8732
BFGS:   70 09:54:48      -90.531009       24.8853
BFGS:   71 09:54:49      -91.155876       23.0533
BFGS:   72 09:54:49      -91.831254       22.3434
BFGS:   73 09:54:49      -92.521114       22.2201
BFGS:   74 09:54:49      -93.510376       20.4820
BFGS:   75 09:54:49      -94.196530       17.4050
BFGS:   76 09:54:49      -95.129637       17.0962
BFGS:   77 09:54:49      -96.051126       16.5349
BFGS:   78 09:54:49      -96.933347       15.6037
BFGS:   79 09:54:49      -97.621640       14.4115
BFGS:   80 09:54:49      -98.144275       12.7511
BFGS:   81 09:54:49      -98.539758       10.7180
BFGS:   82 09:54:49      -98.905458        8.0111
BFGS:   83 09:54:49      -99.265679        7.6231
BFGS:   84 09:54:49      -99.621914        8.4336
BFGS:   85 09:54:49     -100.057312       10.3680
BFGS:   86 09:54:49     -100.362489       11.0352
BFGS:   87 09:54:49     -100.821344        7.8289
BFGS:   88 09:54:49     -101.295661        5.8672
BFGS:   89 09:54:49     -101.674795        5.0812
BFGS:   90 09:54:49     -101.840041        5.0730
BFGS:   91 09:54:49     -101.949963        3.8597
BFGS:   92 09:54:49     -102.010437        3.0594
BFGS:   93 09:54:49     -102.045564        2.3744
BFGS:   94 09:54:49     -102.076045        2.0286
BFGS:   95 09:54:49     -102.103251        2.1802
BFGS:   96 09:54:49     -102.121586        2.1207
BFGS:   97 09:54:49     -102.135152        1.9546
BFGS:   98 09:54:49     -102.146180        1.7292
BFGS:   99 09:54:49     -102.155255        1.6002
BFGS:  100 09:54:49     -102.162726        1.5591
BFGS:  101 09:54:49     -102.169245        1.7455
BFGS:  102 09:54:49     -102.175837        1.9506
BFGS:  103 09:54:50     -102.185908        2.2481
BFGS:  104 09:54:50     -102.202835        2.4640
BFGS:  105 09:54:50     -102.228636        2.6348
BFGS:  106 09:54:50     -102.254807        2.7353
BFGS:  107 09:54:50     -102.282532        2.7559
BFGS:  108 09:54:50     -102.310994        2.5976
BFGS:  109 09:54:50     -102.339839        2.3340
BFGS:  110 09:54:50     -102.369085        1.9804
BFGS:  111 09:54:50     -102.398564        1.6967
BFGS:  112 09:54:50     -102.427942        1.3596
BFGS:  113 09:54:50     -102.456361        1.0642
BFGS:  114 09:54:50     -102.481043        0.8743
BFGS:  115 09:54:50     -102.493523        0.6413
BFGS:  116 09:54:50     -102.497863        0.4730
BFGS:  117 09:54:50     -102.499797        0.3292
BFGS:  118 09:54:50     -102.500249        0.2977
BFGS:  119 09:54:50     -102.500614        0.2566
BFGS:  120 09:54:50     -102.500791        0.2381
BFGS:  121 09:54:50     -102.500884        0.2272
BFGS:  122 09:54:50     -102.500962        0.2219
BFGS:  123 09:54:50     -102.501020        0.2177
BFGS:  124 09:54:50     -102.501069        0.2187
BFGS:  125 09:54:50     -102.501101        0.2215
BFGS:  126 09:54:50     -102.501129        0.2289
BFGS:  127 09:54:50     -102.501155        0.2352
BFGS:  128 09:54:50     -102.501184        0.2412
BFGS:  129 09:54:50     -102.501205        0.2391
BFGS:  130 09:54:50     -102.501219        0.2324
BFGS:  131 09:54:50     -102.501226        0.2242
BFGS:  132 09:54:50     -102.501231        0.2177
BFGS:  133 09:54:50     -102.501234        0.2141
BFGS:  134 09:54:50     -102.501235        0.2115
      Step     Time          Energy         fmax
BFGS:    0 09:54:51     -102.501235        0.2115
BFGS:    1 09:54:51     -102.497986        0.7932
BFGS:    2 09:54:51     -102.501581        0.3279
BFGS:    3 09:54:51     -102.495416        1.0290
BFGS:    4 09:54:51     -102.501921        0.2023
BFGS:    5 09:54:51     -102.498372        0.6788
BFGS:    6 09:54:51     -102.502131        0.1525
BFGS:    7 09:54:51     -102.499813        0.5847
BFGS:    8 09:54:51     -102.502253        0.0891
