      Step     Time          Energy         fmax
BFGS:    0 09:57:18      -44.691701       26.3324
BFGS:    1 09:57:18      -48.202481       16.3181
BFGS:    2 09:57:18      -52.038163       14.2667
BFGS:    3 09:57:18      -55.562072       14.3612
BFGS:    4 09:57:18      -58.490971       13.3718
BFGS:    5 09:57:18      -60.803793       12.2467
BFGS:    6 09:57:18      -62.888100       11.8400
BFGS:    7 09:57:18      -64.862553       11.8496
BFGS:    8 09:57:18      -66.566031       11.9238
BFGS:    9 09:57:18      -67.946078       12.0897
BFGS:   10 09:57:18      -69.015989       12.0676
BFGS:   11 09:57:18      -69.899371       12.0344
BFGS:   12 09:57:18      -70.741527       11.8906
BFGS:   13 09:57:18      -71.763469       11.7425
BFGS:   14 09:57:18      -72.762319       11.9520
BFGS:   15 09:57:19      -73.716533       12.3498
BFGS:   16 09:57:19      -74.579393       12.5286
BFGS:   17 09:57:19      -75.341521       12.6613
BFGS:   18 09:57:19      -76.133342       13.5052
BFGS:   19 09:57:19      -76.879225       14.2777
BFGS:   20 09:57:19      -77.625682       13.9929
BFGS:   21 09:57:19      -78.355865       13.1712
BFGS:   22 09:57:19      -79.036597       12.1699
BFGS:   23 09:57:19      -79.796850       11.1974
BFGS:   24 09:57:19      -80.493231        9.9928
BFGS:   25 09:57:19      -81.158626        8.9086
BFGS:   26 09:57:19      -81.815231       10.2464
BFGS:   27 09:57:19      -82.552251       12.6570
BFGS:   28 09:57:19      -83.301855       15.1306
BFGS:   29 09:57:19      -83.924150       15.7754
BFGS:   30 09:57:19      -84.810931       13.2602
BFGS:   31 09:57:19      -85.704476        9.9462
BFGS:   32 09:57:19      -86.442174        8.6503
BFGS:   33 09:57:19      -87.137255       10.9823
BFGS:   34 09:57:19      -87.829988       12.0598
BFGS:   35 09:57:19      -88.563627       12.1504
BFGS:   36 09:57:19      -89.334081       12.1588
BFGS:   37 09:57:19      -90.116025       11.7022
BFGS:   38 09:57:19      -90.861177        8.9554
BFGS:   39 09:57:19      -91.439092        6.1789
BFGS:   40 09:57:19      -91.896838        5.8037
BFGS:   41 09:57:19      -92.275558        5.6903
BFGS:   42 09:57:19      -92.621821        5.5958
BFGS:   43 09:57:20      -92.908177        6.8620
BFGS:   44 09:57:20      -93.100816        6.2828
BFGS:   45 09:57:20      -93.439362        5.0723
BFGS:   46 09:57:20      -93.743833        5.4432
BFGS:   47 09:57:20      -93.976427        5.3298
BFGS:   48 09:57:20      -94.179993        4.8259
BFGS:   49 09:57:20      -94.381089        4.8204
BFGS:   50 09:57:20      -94.549192        4.7200
BFGS:   51 09:57:20      -94.718196        4.5472
BFGS:   52 09:57:20      -94.861704        4.0489
BFGS:   53 09:57:20      -94.991500        3.5000
BFGS:   54 09:57:20      -95.113657        3.1216
BFGS:   55 09:57:20      -95.227511        2.7128
BFGS:   56 09:57:20      -95.335023        2.6904
BFGS:   57 09:57:20      -95.435443        2.9514
BFGS:   58 09:57:20      -95.522157        2.9575
BFGS:   59 09:57:20      -95.596742        3.0860
BFGS:   60 09:57:20      -95.659628        2.8002
BFGS:   61 09:57:20      -95.709084        2.8020
BFGS:   62 09:57:20      -95.751690        2.5725
BFGS:   63 09:57:20      -95.785529        2.5282
BFGS:   64 09:57:20      -95.816337        2.5137
BFGS:   65 09:57:20      -95.843653        2.8220
BFGS:   66 09:57:20      -95.868187        3.1692
BFGS:   67 09:57:20      -95.888867        2.8305
BFGS:   68 09:57:20      -95.906690        2.4151
BFGS:   69 09:57:20      -95.927422        1.9677
BFGS:   70 09:57:20      -95.948651        1.9686
BFGS:   71 09:57:20      -95.974017        1.4749
BFGS:   72 09:57:21      -95.991273        1.2705
BFGS:   73 09:57:21      -96.006557        1.2144
BFGS:   74 09:57:21      -96.016417        1.0802
BFGS:   75 09:57:21      -96.030421        1.0261
BFGS:   76 09:57:21      -96.045508        1.1893
BFGS:   77 09:57:21      -96.054383        1.3630
BFGS:   78 09:57:21      -96.060413        1.7457
BFGS:   79 09:57:21      -96.068035        2.1850
BFGS:   80 09:57:21      -96.075178        2.6042
BFGS:   81 09:57:21      -96.026927        4.0270
BFGS:   82 09:57:21      -96.082810        3.6833
BFGS:   83 09:57:21      -96.126814        3.6534
BFGS:   84 09:57:21      -96.163407        3.4509
BFGS:   85 09:57:21      -96.271146        4.8382
BFGS:   86 09:57:21      -96.419749        6.9693
BFGS:   87 09:57:21      -96.567794        8.5463
BFGS:   88 09:57:21      -96.699177       10.0755
BFGS:   89 09:57:21      -96.926012       10.4390
BFGS:   90 09:57:21      -97.144249       10.4119
BFGS:   91 09:57:21      -97.354477       10.0913
BFGS:   92 09:57:21      -97.510447       10.0363
BFGS:   93 09:57:21      -97.659450        9.5987
BFGS:   94 09:57:21      -97.781839        9.3787
BFGS:   95 09:57:21      -97.895781        8.9868
BFGS:   96 09:57:21      -98.000785        8.6475
BFGS:   97 09:57:21      -98.101343        8.2601
BFGS:   98 09:57:21      -98.202348        7.8827
BFGS:   99 09:57:21      -98.306994        7.5015
BFGS:  100 09:57:21      -98.443031        7.1081
BFGS:  101 09:57:22      -98.646064        6.7950
BFGS:  102 09:57:22      -98.930856        8.0135
BFGS:  103 09:57:22      -99.161377        9.7329
BFGS:  104 09:57:22      -99.400326        8.8543
BFGS:  105 09:57:22      -99.610071        8.1492
BFGS:  106 09:57:22      -99.770993        6.7353
BFGS:  107 09:57:22      -99.865661        7.4780
BFGS:  108 09:57:22      -99.919227        7.7410
BFGS:  109 09:57:22     -100.002022        8.1006
BFGS:  110 09:57:22     -100.051518        8.0342
BFGS:  111 09:57:22     -100.092579        7.3335
BFGS:  112 09:57:22     -100.144875        6.9540
BFGS:  113 09:57:22     -100.185090        6.9137
BFGS:  114 09:57:22     -100.267911        6.6515
BFGS:  115 09:57:22     -100.480004        6.2745
BFGS:  116 09:57:22     -100.763538        6.4678
BFGS:  117 09:57:22     -100.990501        6.8150
BFGS:  118 09:57:22     -101.104109        7.2037
BFGS:  119 09:57:22     -101.121834        6.9634
BFGS:  120 09:57:22     -101.144897        6.7778
BFGS:  121 09:57:22     -101.153240        6.6362
BFGS:  122 09:57:22     -101.163357        6.3527
BFGS:  123 09:57:22     -101.170241        6.4090
BFGS:  124 09:57:22     -101.178960        6.0523
BFGS:  125 09:57:22     -101.184474        5.9945
BFGS:  126 09:57:22     -101.188084        5.9881
BFGS:  127 09:57:22     -101.190480        6.0072
BFGS:  128 09:57:23     -101.192509        6.1280
BFGS:  129 09:57:23     -101.193684        6.1380
BFGS:  130 09:57:23     -101.194906        6.2644
BFGS:  131 09:57:23     -101.195026        6.2548
BFGS:  132 09:57:23     -101.195087        6.2571
BFGS:  133 09:57:23     -101.195113        6.2586
BFGS:  134 09:57:23     -101.195130        6.2622
BFGS:  135 09:57:23     -101.195137        6.2628
BFGS:  136 09:57:23     -101.195142        6.2674
BFGS:  137 09:57:23     -101.195142        6.2672
BFGS:  138 09:57:23     -101.195143        6.2680
BFGS:  139 09:57:23     -101.195144        6.2688
BFGS:  140 09:57:23     -101.195147        6.2705
BFGS:  141 09:57:23     -101.195156        6.2728
BFGS:  142 09:57:23     -101.195179        6.2768
BFGS:  143 09:57:23     -101.195239        6.2827
BFGS:  144 09:57:23     -101.195397        6.2926
      Step     Time          Energy         fmax
BFGS:    0 09:57:23     -101.195397        6.2926
BFGS:    1 09:57:23     -101.623188        6.5057
BFGS:    2 09:57:23     -101.749488        9.6363
BFGS:    3 09:57:23     -102.134579        4.3113
BFGS:    4 09:57:23     -102.095529        7.0643
BFGS:    5 09:57:23     -102.327506        4.8976
BFGS:    6 09:57:23     -101.997872        8.2934
BFGS:    7 09:57:23     -102.359390        4.2577
BFGS:    8 09:57:23     -101.983480        8.5763
BFGS:    9 09:57:23     -102.436029        4.9699
BFGS:   10 09:57:24     -101.952313        9.8763
BFGS:   11 09:57:24     -102.503778        2.9819
BFGS:   12 09:57:24     -101.976893       10.1681
BFGS:   13 09:57:24     -102.527790        1.8116
BFGS:   14 09:57:24     -102.296588        6.0197
BFGS:   15 09:57:24     -102.538031        1.3749
BFGS:   16 09:57:24     -102.377480        4.7675
BFGS:   17 09:57:24     -102.545614        1.3821
BFGS:   18 09:57:24     -102.398705        4.3895
BFGS:   19 09:57:24     -102.561769        0.5500
BFGS:   20 09:57:24     -102.530567        2.0653
BFGS:   21 09:57:24     -102.565805        0.2714
BFGS:   22 09:57:24     -102.561710        0.7197
BFGS:   23 09:57:24     -102.569117        0.2274
BFGS:   24 09:57:24     -102.567653        0.6409
BFGS:   25 09:57:24     -102.573398        0.2236
BFGS:   26 09:57:24     -102.574140        0.5304
BFGS:   27 09:57:24     -102.580138        0.4672
BFGS:   28 09:57:24     -102.579916        0.5494
BFGS:   29 09:57:24     -102.585446        0.2044
BFGS:   30 09:57:24     -102.585657        0.2264
BFGS:   31 09:57:24     -102.586441        0.1024
BFGS:   32 09:57:24     -102.586446        0.1780
BFGS:   33 09:57:24     -102.586779        0.0517
