      Step     Time          Energy         fmax
BFGS:    0 10:38:22      -39.376257       24.8725
BFGS:    1 10:38:22      -43.755714       13.9938
BFGS:    2 10:38:22      -46.944325       12.8116
BFGS:    3 10:38:22      -50.037229       10.4272
BFGS:    4 10:38:22      -53.109882       13.0480
BFGS:    5 10:38:22      -55.467868       14.1179
BFGS:    6 10:38:22      -57.636365       13.2228
BFGS:    7 10:38:22      -59.742401       12.7034
BFGS:    8 10:38:22      -61.700976       13.0528
BFGS:    9 10:38:22      -63.524059       12.0749
BFGS:   10 10:38:22      -65.053739       10.3826
BFGS:   11 10:38:22      -66.326133       12.0340
BFGS:   12 10:38:22      -67.534196       13.0559
BFGS:   13 10:38:22      -68.642891       13.2105
BFGS:   14 10:38:22      -69.531116       12.7651
BFGS:   15 10:38:22      -70.248446       12.7406
BFGS:   16 10:38:22      -70.948796       12.5038
BFGS:   17 10:38:22      -71.744772       12.4229
BFGS:   18 10:38:22      -72.701385       11.4954
BFGS:   19 10:38:22      -73.528880       10.6893
BFGS:   20 10:38:22      -74.263195        9.6603
BFGS:   21 10:38:22      -74.899793        8.1187
BFGS:   22 10:38:22      -75.449810        7.3551
BFGS:   23 10:38:22      -75.923040        7.6270
BFGS:   24 10:38:22      -76.369033        8.6567
BFGS:   25 10:38:22      -76.987022        6.0181
BFGS:   26 10:38:22      -77.498936        4.1223
BFGS:   27 10:38:22      -77.988818        4.5150
BFGS:   28 10:38:22      -78.459847        7.8867
BFGS:   29 10:38:23      -78.899652       11.5405
BFGS:   30 10:38:23      -79.268055       13.7864
BFGS:   31 10:38:23      -79.582099       14.5503
BFGS:   32 10:38:23      -79.870092       13.5341
BFGS:   33 10:38:23      -80.104829       12.6496
BFGS:   34 10:38:23      -80.264553        9.0129
BFGS:   35 10:38:23      -80.403884        6.8138
BFGS:   36 10:38:23      -80.550011        5.0758
BFGS:   37 10:38:23      -80.781514        5.0219
BFGS:   38 10:38:23      -81.019574        6.5936
BFGS:   39 10:38:23      -81.220787        6.9667
BFGS:   40 10:38:23      -81.585780        5.8129
BFGS:   41 10:38:23      -81.893822        4.7270
BFGS:   42 10:38:23      -82.132131        4.0815
BFGS:   43 10:38:23      -82.327001        3.7997
BFGS:   44 10:38:23      -82.494714        3.9005
BFGS:   45 10:38:23      -82.638808        3.7767
BFGS:   46 10:38:23      -82.766243        3.9464
BFGS:   47 10:38:23      -82.868130        3.9883
BFGS:   48 10:38:23      -82.957494        3.9708
BFGS:   49 10:38:23      -83.038333        3.6323
BFGS:   50 10:38:23      -83.116147        3.5258
BFGS:   51 10:38:23      -83.188576        3.1305
BFGS:   52 10:38:23      -83.258299        2.8711
BFGS:   53 10:38:23      -83.320072        2.7839
BFGS:   54 10:38:23      -83.375411        2.8427
BFGS:   55 10:38:23      -83.419882        2.8307
BFGS:   56 10:38:23      -83.454860        2.8024
BFGS:   57 10:38:23      -83.481132        2.9028
BFGS:   58 10:38:23      -83.506576        2.8479
BFGS:   59 10:38:23      -83.538202        2.9371
BFGS:   60 10:38:24      -83.572347        3.0505
BFGS:   61 10:38:24      -83.626890        3.3422
BFGS:   62 10:38:24      -83.701948        4.0628
BFGS:   63 10:38:24      -83.815239        5.1579
BFGS:   64 10:38:24      -83.915868        7.1352
BFGS:   65 10:38:24      -84.040017        7.7519
BFGS:   66 10:38:24      -84.152229        7.1785
BFGS:   67 10:38:24      -84.262003        6.5778
BFGS:   68 10:38:24      -84.384219        6.9065
BFGS:   69 10:38:24      -84.487795        6.7587
BFGS:   70 10:38:24      -84.579532        6.2820
BFGS:   71 10:38:24      -84.679277        5.6037
BFGS:   72 10:38:24      -84.768139        4.9945
BFGS:   73 10:38:24      -84.870595        5.1323
BFGS:   74 10:38:24      -84.967053        4.7882
BFGS:   75 10:38:24      -85.073444        4.6332
BFGS:   76 10:38:24      -85.174457        4.4424
BFGS:   77 10:38:24      -85.275988        4.4310
BFGS:   78 10:38:24      -85.367967        4.2075
BFGS:   79 10:38:24      -85.458228        4.1053
BFGS:   80 10:38:24      -85.544686        3.8888
BFGS:   81 10:38:24      -85.633545        3.6727
BFGS:   82 10:38:24      -85.746347        3.6468
BFGS:   83 10:38:24      -85.906839        3.6570
BFGS:   84 10:38:24      -86.148526        4.1905
BFGS:   85 10:38:24      -86.514932        6.0430
BFGS:   86 10:38:24      -87.004337        7.1284
BFGS:   87 10:38:24      -87.545294        6.8437
BFGS:   88 10:38:24      -88.001413        4.2089
BFGS:   89 10:38:24      -88.306127        3.4361
BFGS:   90 10:38:25      -88.505608        3.5825
BFGS:   91 10:38:25      -88.645591        3.1526
BFGS:   92 10:38:25      -88.718417        3.0823
BFGS:   93 10:38:25      -88.758809        2.5759
BFGS:   94 10:38:25      -88.777021        2.5285
BFGS:   95 10:38:25      -88.793560        2.2777
BFGS:   96 10:38:25      -88.812267        2.4994
BFGS:   97 10:38:25      -88.839452        2.5211
BFGS:   98 10:38:25      -88.880353        2.8274
BFGS:   99 10:38:25      -88.937169        2.6929
BFGS:  100 10:38:25      -88.992326        2.1999
BFGS:  101 10:38:25      -89.037945        1.7853
BFGS:  102 10:38:25      -89.057092        1.6130
BFGS:  103 10:38:25      -89.069152        1.1752
BFGS:  104 10:38:25      -89.079146        1.1460
BFGS:  105 10:38:25      -89.091571        0.8778
BFGS:  106 10:38:25      -89.104042        0.9092
BFGS:  107 10:38:25      -89.117196        0.8921
BFGS:  108 10:38:25      -89.132984        0.7931
BFGS:  109 10:38:25      -89.149148        0.8587
BFGS:  110 10:38:25      -89.159535        0.8325
BFGS:  111 10:38:25      -89.166879        0.6321
BFGS:  112 10:38:25      -89.180675        0.7674
BFGS:  113 10:38:25      -89.231108        1.5065
BFGS:  114 10:38:25      -89.299887        3.0113
BFGS:  115 10:38:25      -89.432882        5.0759
BFGS:  116 10:38:25      -89.702311        7.2216
BFGS:  117 10:38:25      -90.114254        8.2662
BFGS:  118 10:38:25      -90.453734        8.3602
BFGS:  119 10:38:25      -90.731682        6.8767
BFGS:  120 10:38:25      -90.968707        5.8224
BFGS:  121 10:38:25      -91.180720        4.3379
BFGS:  122 10:38:26      -91.330823        3.8372
BFGS:  123 10:38:26      -91.444522        2.4675
BFGS:  124 10:38:26      -91.536885        2.8401
BFGS:  125 10:38:26      -91.640986        2.0167
BFGS:  126 10:38:26      -91.700010        1.0895
BFGS:  127 10:38:26      -91.719272        0.4681
BFGS:  128 10:38:26      -91.726048        0.3997
BFGS:  129 10:38:26      -91.731488        0.3692
BFGS:  130 10:38:26      -91.735386        0.4310
BFGS:  131 10:38:26      -91.736615        0.4091
BFGS:  132 10:38:26      -91.737084        0.3829
BFGS:  133 10:38:26      -91.737444        0.3180
BFGS:  134 10:38:26      -91.737898        0.3867
BFGS:  135 10:38:26      -91.738383        0.4278
BFGS:  136 10:38:26      -91.738968        0.4195
BFGS:  137 10:38:26      -91.739639        0.3596
BFGS:  138 10:38:26      -91.740455        0.2955
BFGS:  139 10:38:26      -91.741114        0.2924
BFGS:  140 10:38:26      -91.741420        0.2533
BFGS:  141 10:38:26      -91.741525        0.2233
BFGS:  142 10:38:26      -91.741595        0.1956
BFGS:  143 10:38:26      -91.741701        0.1738
BFGS:  144 10:38:26      -91.741914        0.1886
BFGS:  145 10:38:26      -91.742285        0.2028
BFGS:  146 10:38:26      -91.742690        0.1712
BFGS:  147 10:38:26      -91.742908        0.1042
BFGS:  148 10:38:26      -91.742951        0.0686
