      Step     Time          Energy         fmax
BFGS:    0 10:15:30      -44.185397       25.2849
BFGS:    1 10:15:30      -49.410482       17.8727
BFGS:    2 10:15:30      -52.340771       16.5906
BFGS:    3 10:15:30      -54.372534       11.7169
BFGS:    4 10:15:30      -56.049552       14.4761
BFGS:    5 10:15:30      -57.472647       16.4334
BFGS:    6 10:15:30      -58.748904       16.5862
BFGS:    7 10:15:30      -59.963284       15.5247
BFGS:    8 10:15:30      -61.098672       13.5261
BFGS:    9 10:15:30      -62.185174       12.1673
BFGS:   10 10:15:30      -63.085418       11.9984
BFGS:   11 10:15:30      -63.898590       10.8650
BFGS:   12 10:15:30      -64.673902       10.0571
BFGS:   13 10:15:30      -65.368122       11.0168
BFGS:   14 10:15:31      -65.968026       11.8425
BFGS:   15 10:15:31      -66.549010       12.7575
BFGS:   16 10:15:31      -67.127509       13.7881
BFGS:   17 10:15:31      -67.646715       13.5503
BFGS:   18 10:15:31      -68.116375       11.7543
BFGS:   19 10:15:31      -68.577417        9.6212
BFGS:   20 10:15:31      -69.051489        9.4672
BFGS:   21 10:15:31      -69.527965       10.6466
BFGS:   22 10:15:31      -69.969633        9.8376
BFGS:   23 10:15:31      -70.425493       10.9920
BFGS:   24 10:15:31      -70.866910       11.1582
BFGS:   25 10:15:31      -71.305334       10.3990
BFGS:   26 10:15:31      -71.769533        7.7299
BFGS:   27 10:15:31      -72.278931        5.5900
BFGS:   28 10:15:31      -72.645765        4.2239
BFGS:   29 10:15:31      -72.951161        4.5836
BFGS:   30 10:15:31      -73.252385        7.0288
BFGS:   31 10:15:31      -73.484347        8.1742
BFGS:   32 10:15:31      -73.971351        6.6561
BFGS:   33 10:15:31      -74.342800        6.8941
BFGS:   34 10:15:31      -74.611948        5.3538
BFGS:   35 10:15:31      -74.814803        5.1333
BFGS:   36 10:15:31      -75.011719        4.2919
BFGS:   37 10:15:31      -75.196005        4.5873
BFGS:   38 10:15:31      -75.375683        4.3346
BFGS:   39 10:15:31      -75.520258        5.6202
BFGS:   40 10:15:31      -75.689435        6.3081
BFGS:   41 10:15:31      -76.001796        7.4008
BFGS:   42 10:15:31      -76.206932        9.1511
BFGS:   43 10:15:31      -76.456869        6.3385
BFGS:   44 10:15:31      -77.037386        6.4359
BFGS:   45 10:15:32      -77.444980        7.5860
BFGS:   46 10:15:32      -77.767432        8.5945
BFGS:   47 10:15:32      -78.100945        9.4567
BFGS:   48 10:15:32      -78.446387       10.0065
BFGS:   49 10:15:32      -78.765072        8.9996
BFGS:   50 10:15:32      -79.029091        6.9590
BFGS:   51 10:15:32      -79.272604        5.8627
BFGS:   52 10:15:32      -79.506374        6.2491
BFGS:   53 10:15:32      -79.741775        7.5619
BFGS:   54 10:15:32      -80.118108        8.6171
BFGS:   55 10:15:32      -80.449086        8.7239
BFGS:   56 10:15:32      -80.743216        8.1756
BFGS:   57 10:15:32      -81.170487        8.2831
BFGS:   58 10:15:32      -81.674654        8.0030
BFGS:   59 10:15:32      -82.144424        7.2080
BFGS:   60 10:15:32      -82.600407        5.7043
BFGS:   61 10:15:32      -82.994969        3.9772
BFGS:   62 10:15:32      -83.305414        2.5905
BFGS:   63 10:15:32      -83.447657        1.3989
BFGS:   64 10:15:32      -83.502580        1.6865
BFGS:   65 10:15:32      -83.541944        1.4213
BFGS:   66 10:15:32      -83.576569        1.3766
BFGS:   67 10:15:32      -83.595594        1.8188
BFGS:   68 10:15:32      -83.612694        1.4051
BFGS:   69 10:15:32      -83.631636        0.7741
BFGS:   70 10:15:32      -83.643076        0.4473
BFGS:   71 10:15:32      -83.646139        0.5077
BFGS:   72 10:15:32      -83.648912        0.3744
BFGS:   73 10:15:32      -83.651633        0.4084
BFGS:   74 10:15:32      -83.656683        0.4342
BFGS:   75 10:15:32      -83.661774        0.5651
BFGS:   76 10:15:33      -83.667585        0.5540
BFGS:   77 10:15:33      -83.671526        0.5634
BFGS:   78 10:15:33      -83.675322        0.6371
BFGS:   79 10:15:33      -83.681045        0.8149
BFGS:   80 10:15:33      -83.689699        1.0473
BFGS:   81 10:15:33      -83.698069        1.1695
BFGS:   82 10:15:33      -83.706644        1.2172
BFGS:   83 10:15:33      -83.715649        1.2299
BFGS:   84 10:15:33      -83.725308        1.2088
BFGS:   85 10:15:33      -83.735817        1.1469
BFGS:   86 10:15:33      -83.747443        1.2024
BFGS:   87 10:15:33      -83.760418        1.4450
BFGS:   88 10:15:33      -83.774989        1.7097
BFGS:   89 10:15:33      -83.791382        2.0125
BFGS:   90 10:15:33      -83.809525        2.7668
BFGS:   91 10:15:33      -83.827776        3.7435
BFGS:   92 10:15:33      -83.846713        4.9222
BFGS:   93 10:15:33      -83.866101        6.3047
BFGS:   94 10:15:33      -83.886330        7.8548
BFGS:   95 10:15:33      -83.907747        9.5143
BFGS:   96 10:15:33      -83.926981       11.2257
BFGS:   97 10:15:33      -83.957298       12.8787
BFGS:   98 10:15:33      -84.075640       13.7766
BFGS:   99 10:15:33      -84.300712       13.9686
BFGS:  100 10:15:33      -84.634899       14.1639
BFGS:  101 10:15:33      -85.017846       14.1016
BFGS:  102 10:15:33      -85.334862       13.9131
BFGS:  103 10:15:33      -85.544966       13.4358
BFGS:  104 10:15:33      -85.701258       12.3637
BFGS:  105 10:15:33      -85.845116       10.7902
BFGS:  106 10:15:33      -85.987606        9.2913
BFGS:  107 10:15:33      -86.142567        8.5059
BFGS:  108 10:15:34      -86.474014        9.0635
BFGS:  109 10:15:34      -86.899084        8.9935
BFGS:  110 10:15:34      -87.233836        8.3439
BFGS:  111 10:15:34      -87.529519        6.7262
BFGS:  112 10:15:34      -87.785445        5.7693
BFGS:  113 10:15:34      -88.042350        5.8119
BFGS:  114 10:15:34      -88.225203        5.6265
BFGS:  115 10:15:34      -88.381553        4.8423
BFGS:  116 10:15:34      -88.510378        4.1807
BFGS:  117 10:15:34      -88.610016        3.4568
BFGS:  118 10:15:34      -88.676060        2.7550
BFGS:  119 10:15:34      -88.713223        3.1586
BFGS:  120 10:15:34      -88.760214        3.6528
BFGS:  121 10:15:34      -88.820272        3.8766
BFGS:  122 10:15:34      -88.856825        3.7169
BFGS:  123 10:15:34      -88.893622        3.0884
BFGS:  124 10:15:34      -88.926780        3.3647
BFGS:  125 10:15:34      -88.967537        3.5960
BFGS:  126 10:15:34      -89.013618        3.8191
BFGS:  127 10:15:34      -89.061728        4.0571
BFGS:  128 10:15:34      -89.127834        4.2931
BFGS:  129 10:15:34      -89.226585        5.2224
BFGS:  130 10:15:34      -89.378531        7.0638
BFGS:  131 10:15:34      -89.607149        8.9687
BFGS:  132 10:15:34      -89.917237       10.5496
BFGS:  133 10:15:34      -90.267553       11.6000
BFGS:  134 10:15:34      -90.571714       11.7525
BFGS:  135 10:15:34      -90.785662       11.4264
BFGS:  136 10:15:34      -90.848590       10.1188
BFGS:  137 10:15:34      -90.951244        8.7949
BFGS:  138 10:15:34      -91.052818        7.7372
BFGS:  139 10:15:35      -91.155057        6.4220
BFGS:  140 10:15:35      -91.260440        5.7251
BFGS:  141 10:15:35      -91.367338        4.9873
BFGS:  142 10:15:35      -91.467782        3.8845
BFGS:  143 10:15:35      -91.539875        3.3121
BFGS:  144 10:15:35      -91.597063        3.0434
BFGS:  145 10:15:35      -91.711885        3.4825
BFGS:  146 10:15:35      -91.937558        4.0973
BFGS:  147 10:15:35      -92.282736        4.1642
BFGS:  148 10:15:35      -92.630728        4.2231
BFGS:  149 10:15:35      -92.921744        3.6079
BFGS:  150 10:15:35      -93.124499        3.1110
BFGS:  151 10:15:35      -93.302977        3.2596
BFGS:  152 10:15:35      -93.456785        3.5272
BFGS:  153 10:15:35      -93.581597        3.5868
BFGS:  154 10:15:35      -93.675384        3.3705
BFGS:  155 10:15:35      -93.731345        3.3531
BFGS:  156 10:15:35      -93.747947        3.7448
BFGS:  157 10:15:35      -93.754616        3.7588
BFGS:  158 10:15:35      -93.761625        3.7871
BFGS:  159 10:15:35      -93.765307        3.7204
BFGS:  160 10:15:35      -93.768378        3.6165
BFGS:  161 10:15:35      -93.770519        3.6296
BFGS:  162 10:15:35      -93.775700        3.5683
BFGS:  163 10:15:35      -93.783292        3.4517
BFGS:  164 10:15:35      -93.797883        3.0875
BFGS:  165 10:15:35      -93.818808        2.5444
BFGS:  166 10:15:35      -93.840099        2.6522
BFGS:  167 10:15:35      -93.861874        2.8079
BFGS:  168 10:15:35      -93.882547        2.8996
BFGS:  169 10:15:35      -93.899710        2.9252
BFGS:  170 10:15:36      -93.909224        2.7899
BFGS:  171 10:15:36      -93.919553        2.7473
BFGS:  172 10:15:36      -93.931212        2.5724
BFGS:  173 10:15:36      -93.945460        2.6756
BFGS:  174 10:15:36      -93.965412        2.5111
BFGS:  175 10:15:36      -93.990585        3.1851
BFGS:  176 10:15:36      -94.020195        4.1839
BFGS:  177 10:15:36      -94.107049        5.0487
BFGS:  178 10:15:36      -94.272841        7.2855
BFGS:  179 10:15:36      -94.526951        9.4337
BFGS:  180 10:15:36      -94.875692       10.8167
BFGS:  181 10:15:36      -95.229359       10.2175
BFGS:  182 10:15:36      -95.473926        8.0899
BFGS:  183 10:15:36      -95.615755        5.7174
BFGS:  184 10:15:36      -95.654142        6.2013
BFGS:  185 10:15:36      -95.678205        6.2478
BFGS:  186 10:15:36      -95.692636        6.1294
BFGS:  187 10:15:36      -95.711112        5.8654
BFGS:  188 10:15:36      -95.729777        5.6006
BFGS:  189 10:15:36      -95.763598        5.3984
BFGS:  190 10:15:36      -95.791750        5.4944
BFGS:  191 10:15:36      -95.811006        5.9118
BFGS:  192 10:15:36      -95.820334        6.1685
BFGS:  193 10:15:36      -95.825969        6.3760
BFGS:  194 10:15:36      -95.828920        6.4521
BFGS:  195 10:15:36      -95.830708        6.4745
BFGS:  196 10:15:36      -95.831429        6.4623
BFGS:  197 10:15:37      -95.832256        6.3901
BFGS:  198 10:15:37      -95.832626        6.3695
BFGS:  199 10:15:37      -95.834787        6.2368
BFGS:  200 10:15:37      -95.839378        6.0433
BFGS:  201 10:15:37      -95.851188        5.6793
BFGS:  202 10:15:37      -95.880042        5.0603
BFGS:  203 10:15:37      -95.947145        4.0678
BFGS:  204 10:15:37      -96.081022        3.1260
BFGS:  205 10:15:37      -96.275906        2.6420
BFGS:  206 10:15:37      -96.459455        1.9360
BFGS:  207 10:15:37      -96.522778        1.6743
BFGS:  208 10:15:37      -96.531043        1.3372
BFGS:  209 10:15:37      -96.533088        1.2817
BFGS:  210 10:15:37      -96.533846        1.3408
BFGS:  211 10:15:37      -96.534416        1.4232
BFGS:  212 10:15:37      -96.534571        1.4366
BFGS:  213 10:15:37      -96.535163        1.4586
BFGS:  214 10:15:37      -96.536025        1.4673
BFGS:  215 10:15:37      -96.538586        1.4694
BFGS:  216 10:15:37      -96.544258        1.4646
BFGS:  217 10:15:37      -96.557117        1.4306
BFGS:  218 10:15:37      -96.578741        1.2944
BFGS:  219 10:15:37      -96.601377        0.9027
BFGS:  220 10:15:37      -96.612017        0.3838
BFGS:  221 10:15:38      -96.613749        0.2822
BFGS:  222 10:15:38      -96.613859        0.2894
BFGS:  223 10:15:38      -96.613875        0.2894
BFGS:  224 10:15:38      -96.613882        0.2876
BFGS:  225 10:15:38      -96.613882        0.2877
BFGS:  226 10:15:38      -96.613882        0.2869
BFGS:  227 10:15:38      -96.613883        0.2866
BFGS:  228 10:15:38      -96.613884        0.2856
BFGS:  229 10:15:38      -96.613886        0.2843
BFGS:  230 10:15:38      -96.613893        0.2819
BFGS:  231 10:15:38      -96.613909        0.2778
BFGS:  232 10:15:38      -96.613953        0.2698
BFGS:  233 10:15:38      -96.614063        0.2540
BFGS:  234 10:15:38      -96.614334        0.2221
BFGS:  235 10:15:38      -96.614920        0.2052
BFGS:  236 10:15:38      -96.615881        0.2200
BFGS:  237 10:15:38      -96.616791        0.1500
BFGS:  238 10:15:38      -96.617157        0.0504
