      Step     Time          Energy         fmax
BFGS:    0 09:22:40      -35.970304       32.4919
BFGS:    1 09:22:40      -38.833959       18.2600
BFGS:    2 09:22:40      -40.811144       17.6863
BFGS:    3 09:22:40      -42.445509       11.3914
BFGS:    4 09:22:41      -43.902026       10.4576
BFGS:    5 09:22:41      -45.588394       10.5631
BFGS:    6 09:22:41      -46.955594       12.3627
BFGS:    7 09:22:41      -48.171997       14.6251
BFGS:    8 09:22:41      -49.495766       17.7572
BFGS:    9 09:22:41      -50.778402       20.7786
BFGS:   10 09:22:41      -51.966224       22.9358
BFGS:   11 09:22:41      -53.224693       24.1271
BFGS:   12 09:22:41      -54.291529       23.9155
BFGS:   13 09:22:41      -55.212780       23.3034
BFGS:   14 09:22:41      -56.179284       21.6071
BFGS:   15 09:22:41      -57.054964       21.2500
BFGS:   16 09:22:41      -57.918383       21.4849
BFGS:   17 09:22:41      -58.769419       21.8437
BFGS:   18 09:22:41      -59.598001       22.5983
BFGS:   19 09:22:41      -60.441150       21.8081
BFGS:   20 09:22:41      -61.200286       21.9123
BFGS:   21 09:22:41      -61.916663       20.4830
BFGS:   22 09:22:41      -62.894480       19.6616
BFGS:   23 09:22:41      -63.820410       14.1780
BFGS:   24 09:22:41      -64.577661       11.3671
BFGS:   25 09:22:41      -65.387379        8.5728
BFGS:   26 09:22:41      -66.502945        7.7439
BFGS:   27 09:22:41      -67.966045        9.7861
BFGS:   28 09:22:41      -69.615450       11.4246
BFGS:   29 09:22:41      -70.852903        9.0393
BFGS:   30 09:22:41      -72.051016        5.9790
BFGS:   31 09:22:41      -72.938707        7.3073
BFGS:   32 09:22:41      -73.738196        8.6206
BFGS:   33 09:22:41      -74.418726        8.8528
BFGS:   34 09:22:41      -75.044620        9.2181
BFGS:   35 09:22:42      -75.497726        8.7196
BFGS:   36 09:22:42      -75.918542        8.0672
BFGS:   37 09:22:42      -76.302835        6.3290
BFGS:   38 09:22:42      -76.684607        5.8773
BFGS:   39 09:22:42      -76.979697        4.6461
BFGS:   40 09:22:42      -77.225241        3.2677
BFGS:   41 09:22:42      -77.398261        4.3453
BFGS:   42 09:22:42      -77.557796        7.0806
BFGS:   43 09:22:42      -77.752308       10.0338
BFGS:   44 09:22:42      -77.940087       12.7594
BFGS:   45 09:22:42      -78.110532       14.5728
BFGS:   46 09:22:42      -78.262018       14.8781
BFGS:   47 09:22:42      -78.399718       13.8286
BFGS:   48 09:22:42      -78.555202       12.5049
BFGS:   49 09:22:42      -78.729641        9.9324
BFGS:   50 09:22:42      -78.888981        7.3995
BFGS:   51 09:22:42      -79.046500        6.4212
BFGS:   52 09:22:42      -79.237220        6.4229
BFGS:   53 09:22:42      -79.481685        5.9287
BFGS:   54 09:22:42      -79.752722        5.9741
BFGS:   55 09:22:42      -80.060703        5.8963
BFGS:   56 09:22:42      -80.364245        4.8441
BFGS:   57 09:22:42      -80.683166        4.0910
BFGS:   58 09:22:42      -80.934150        3.8813
BFGS:   59 09:22:42      -81.203962        3.4268
BFGS:   60 09:22:42      -81.466501        4.3784
BFGS:   61 09:22:42      -81.945957        6.1876
BFGS:   62 09:22:42      -82.271396        7.6861
BFGS:   63 09:22:42      -83.305665        8.4084
BFGS:   64 09:22:42      -84.106875        8.6233
BFGS:   65 09:22:42      -84.936699        7.7593
BFGS:   66 09:22:43      -85.461353        5.5149
BFGS:   67 09:22:43      -85.881241        3.5932
BFGS:   68 09:22:43      -86.218204        3.7063
BFGS:   69 09:22:43      -86.465570        4.1156
BFGS:   70 09:22:43      -86.621628        5.0838
BFGS:   71 09:22:43      -86.757032        6.2543
BFGS:   72 09:22:43      -86.934768        7.5002
BFGS:   73 09:22:43      -87.236914        8.2234
BFGS:   74 09:22:43      -87.715740        9.6266
BFGS:   75 09:22:43      -88.324846       10.8289
BFGS:   76 09:22:43      -88.881847        9.5965
BFGS:   77 09:22:43      -89.316559        8.9627
BFGS:   78 09:22:43      -89.636843        8.9250
BFGS:   79 09:22:43      -89.860446        9.6559
BFGS:   80 09:22:43      -89.932659        9.4177
BFGS:   81 09:22:43      -90.009028        9.0079
BFGS:   82 09:22:43      -90.065068        8.0176
BFGS:   83 09:22:43      -90.120430        7.2939
BFGS:   84 09:22:43      -90.161293        6.4723
BFGS:   85 09:22:43      -90.192309        5.9286
BFGS:   86 09:22:43      -90.213016        5.7127
BFGS:   87 09:22:43      -90.225245        5.3796
BFGS:   88 09:22:43      -90.233260        5.1666
BFGS:   89 09:22:43      -90.243361        4.8680
BFGS:   90 09:22:43      -90.261386        4.1947
BFGS:   91 09:22:43      -90.295226        3.2533
BFGS:   92 09:22:43      -90.335669        2.3097
BFGS:   93 09:22:43      -90.402193        2.9939
BFGS:   94 09:22:43      -90.505312        4.9600
BFGS:   95 09:22:43      -90.567862        7.2864
BFGS:   96 09:22:43      -90.694478        5.9276
BFGS:   97 09:22:43      -90.949648        5.3444
BFGS:   98 09:22:44      -91.140394        5.1931
BFGS:   99 09:22:44      -91.275193        5.1114
BFGS:  100 09:22:44      -91.395967        5.2236
BFGS:  101 09:22:44      -91.523032        6.2447
BFGS:  102 09:22:44      -91.921209        9.4656
BFGS:  103 09:22:44      -92.551382       10.7415
BFGS:  104 09:22:44      -93.177755        9.1194
BFGS:  105 09:22:44      -93.667190        5.6333
BFGS:  106 09:22:44      -94.009486        4.4214
BFGS:  107 09:22:44      -94.248393        4.3224
BFGS:  108 09:22:44      -94.459124        4.0560
BFGS:  109 09:22:44      -94.669835        4.0223
BFGS:  110 09:22:44      -94.983894        3.4490
BFGS:  111 09:22:44      -95.452633        4.3421
BFGS:  112 09:22:44      -95.800584        5.0394
BFGS:  113 09:22:44      -96.040717        6.0429
BFGS:  114 09:22:44      -96.299791        6.8237
BFGS:  115 09:22:44      -96.550837        6.6026
BFGS:  116 09:22:44      -96.699289        6.5452
BFGS:  117 09:22:44      -96.754624        5.5746
BFGS:  118 09:22:44      -96.824540        4.5733
BFGS:  119 09:22:44      -96.863825        4.3186
BFGS:  120 09:22:44      -96.890420        3.7856
BFGS:  121 09:22:44      -96.916663        3.8148
BFGS:  122 09:22:44      -96.948057        3.6664
BFGS:  123 09:22:44      -96.971239        3.9320
BFGS:  124 09:22:44      -96.982070        3.5808
BFGS:  125 09:22:44      -96.990017        3.6221
BFGS:  126 09:22:44      -97.000981        3.3901
BFGS:  127 09:22:44      -97.015017        2.9900
BFGS:  128 09:22:44      -97.023680        2.6007
BFGS:  129 09:22:44      -97.028919        2.4287
BFGS:  130 09:22:45      -97.031937        2.3250
BFGS:  131 09:22:45      -97.034412        2.3145
BFGS:  132 09:22:45      -97.036090        2.2659
BFGS:  133 09:22:45      -97.038044        2.2264
BFGS:  134 09:22:45      -97.038996        2.1644
BFGS:  135 09:22:45      -97.039781        2.0993
BFGS:  136 09:22:45      -97.040116        2.0691
BFGS:  137 09:22:45      -97.040612        2.0316
BFGS:  138 09:22:45      -97.040907        2.0342
BFGS:  139 09:22:45      -97.041320        2.0700
BFGS:  140 09:22:45      -97.041588        2.1126
BFGS:  141 09:22:45      -97.041955        2.1640
BFGS:  142 09:22:45      -97.042597        2.2281
BFGS:  143 09:22:45      -97.044049        2.3176
BFGS:  144 09:22:45      -97.047110        2.4306
BFGS:  145 09:22:45      -97.051547        2.4994
BFGS:  146 09:22:45      -97.056514        2.5112
BFGS:  147 09:22:45      -97.062077        2.4816
BFGS:  148 09:22:45      -97.068160        2.4221
BFGS:  149 09:22:45      -97.074637        2.3411
BFGS:  150 09:22:45      -97.081313        2.2475
BFGS:  151 09:22:45      -97.087933        2.1506
BFGS:  152 09:22:45      -97.094253        2.0586
BFGS:  153 09:22:45      -97.100115        1.9768
BFGS:  154 09:22:45      -97.105462        1.9083
BFGS:  155 09:22:45      -97.110296        1.8549
BFGS:  156 09:22:45      -97.114652        1.8172
BFGS:  157 09:22:45      -97.118573        1.7953
BFGS:  158 09:22:45      -97.122108        1.7884
BFGS:  159 09:22:45      -97.125292        1.7962
BFGS:  160 09:22:45      -97.128189        1.8159
BFGS:  161 09:22:45      -97.130694        1.8529
BFGS:  162 09:22:46      -97.133281        1.8779
BFGS:  163 09:22:46      -97.135117        1.9338
BFGS:  164 09:22:46      -97.136792        2.0001
BFGS:  165 09:22:46      -97.138377        2.0727
BFGS:  166 09:22:46      -97.139956        2.1688
BFGS:  167 09:22:46      -97.141497        2.2494
BFGS:  168 09:22:46      -97.143027        2.3893
BFGS:  169 09:22:46      -97.144387        2.4453
BFGS:  170 09:22:46      -97.145961        2.5699
BFGS:  171 09:22:46      -97.147581        2.6706
BFGS:  172 09:22:46      -97.149496        2.7810
BFGS:  173 09:22:46      -97.151477        2.8957
BFGS:  174 09:22:46      -97.153488        3.0164
BFGS:  175 09:22:46      -97.155510        3.1464
BFGS:  176 09:22:46      -97.157656        3.2881
BFGS:  177 09:22:46      -97.160256        3.4451
BFGS:  178 09:22:46      -97.163752        3.6210
BFGS:  179 09:22:46      -97.168480        3.8194
BFGS:  180 09:22:46      -97.174619        4.0458
BFGS:  181 09:22:46      -97.182227        4.3079
BFGS:  182 09:22:46      -97.191287        4.6167
BFGS:  183 09:22:46      -97.201746        4.9864
BFGS:  184 09:22:46      -97.213540        5.4345
BFGS:  185 09:22:46      -97.226611        5.9815
BFGS:  186 09:22:46      -97.240906        6.6495
BFGS:  187 09:22:46      -97.256379        7.4589
BFGS:  188 09:22:46      -97.273002        8.4212
BFGS:  189 09:22:46      -97.290867        9.5278
BFGS:  190 09:22:46      -97.310573       10.7321
BFGS:  191 09:22:46      -97.334765       11.9269
BFGS:  192 09:22:46      -97.372284       12.9468
BFGS:  193 09:22:47      -97.440021       13.6645
BFGS:  194 09:22:47      -97.552590       14.1076
BFGS:  195 09:22:47      -97.704399       14.3632
BFGS:  196 09:22:47      -97.882582       14.4232
BFGS:  197 09:22:47      -98.095871       14.2361
BFGS:  198 09:22:47      -98.332411       13.7134
BFGS:  199 09:22:47      -98.628194       12.8852
BFGS:  200 09:22:47      -98.855772       11.3411
BFGS:  201 09:22:47      -99.230702       10.0620
BFGS:  202 09:22:47      -99.440861        7.5513
BFGS:  203 09:22:47      -99.655997        4.2309
BFGS:  204 09:22:47      -99.755960        2.0860
BFGS:  205 09:22:47      -99.774714        2.0012
BFGS:  206 09:22:47      -99.806090        1.7630
BFGS:  207 09:22:47      -99.829291        1.5387
BFGS:  208 09:22:47      -99.849200        1.3130
BFGS:  209 09:22:47      -99.866295        1.0973
BFGS:  210 09:22:47      -99.880942        1.0614
BFGS:  211 09:22:47      -99.893055        1.0757
BFGS:  212 09:22:47      -99.901653        1.0613
BFGS:  213 09:22:47      -99.907155        1.0192
BFGS:  214 09:22:47      -99.910093        1.1081
BFGS:  215 09:22:47      -99.911527        1.1065
BFGS:  216 09:22:47      -99.911900        1.0649
BFGS:  217 09:22:47      -99.912026        1.0230
BFGS:  218 09:22:47      -99.912107        0.9955
BFGS:  219 09:22:47      -99.912151        0.9841
BFGS:  220 09:22:47      -99.912168        0.9806
BFGS:  221 09:22:47      -99.912175        0.9803
BFGS:  222 09:22:47      -99.912179        0.9787
BFGS:  223 09:22:47      -99.912181        0.9785
BFGS:  224 09:22:47      -99.912182        0.9781
BFGS:  225 09:22:48      -99.912182        0.9788
BFGS:  226 09:22:48      -99.912183        0.9797
BFGS:  227 09:22:48      -99.912183        0.9806
BFGS:  228 09:22:48      -99.912183        0.9815
BFGS:  229 09:22:48      -99.912183        0.9818
BFGS:  230 09:22:48      -99.912183        0.9820
BFGS:  231 09:22:48      -99.912183        0.9820
BFGS:  232 09:22:48      -99.912183        0.9819
      Step     Time          Energy         fmax
BFGS:    0 09:22:48      -99.912183        0.9819
BFGS:    1 09:22:48      -99.852595        4.4977
BFGS:    2 09:22:48      -99.924697        0.9551
BFGS:    3 09:22:48      -99.856189        3.4138
BFGS:    4 09:22:48      -99.930679        0.9475
BFGS:    5 09:22:48      -99.875260        2.9778
BFGS:    6 09:22:48      -99.933272        0.7811
BFGS:    7 09:22:48      -99.894178        2.8186
BFGS:    8 09:22:48      -99.935145        0.7665
BFGS:    9 09:22:48      -99.900493        2.4708
BFGS:   10 09:22:48      -99.938096        0.3362
BFGS:   11 09:22:48      -99.930645        1.1226
BFGS:   12 09:22:48      -99.939146        0.2581
BFGS:   13 09:22:48      -99.933951        0.9246
BFGS:   14 09:22:48      -99.939940        0.2858
BFGS:   15 09:22:48      -99.933632        1.0974
BFGS:   16 09:22:48      -99.940740        0.2075
BFGS:   17 09:22:48      -99.938248        0.6195
BFGS:   18 09:22:48      -99.941490        0.1436
BFGS:   19 09:22:48      -99.940698        0.4546
BFGS:   20 09:22:48      -99.942073        0.1211
BFGS:   21 09:22:48      -99.941196        0.3795
BFGS:   22 09:22:48      -99.942673        0.0727
