      Step     Time          Energy         fmax
BFGS:    0 09:33:49      -37.648560       31.4011
BFGS:    1 09:33:49      -42.103177       19.4270
BFGS:    2 09:33:49      -46.552460       14.9899
BFGS:    3 09:33:49      -50.745847       16.9994
BFGS:    4 09:33:49      -53.947982       19.3870
BFGS:    5 09:33:49      -56.088462       17.9514
BFGS:    6 09:33:50      -57.774479       12.6477
BFGS:    7 09:33:50      -59.197207       11.4863
BFGS:    8 09:33:50      -60.073026       10.8889
BFGS:    9 09:33:50      -60.782312       11.0041
BFGS:   10 09:33:50      -61.379225       10.9037
BFGS:   11 09:33:50      -61.983703       10.4766
BFGS:   12 09:33:50      -62.689219       10.1900
BFGS:   13 09:33:50      -63.329694       10.2435
BFGS:   14 09:33:50      -63.840211       12.2672
BFGS:   15 09:33:50      -64.316513       12.5246
BFGS:   16 09:33:50      -64.784441       10.6020
BFGS:   17 09:33:50      -65.259925        9.2669
BFGS:   18 09:33:50      -65.741059        7.1756
BFGS:   19 09:33:50      -66.356298        7.3943
BFGS:   20 09:33:50      -66.789077        9.3781
BFGS:   21 09:33:50      -67.936133       11.6863
BFGS:   22 09:33:50      -68.927498       13.2699
BFGS:   23 09:33:50      -69.846872       14.0845
BFGS:   24 09:33:50      -70.732594       13.8209
BFGS:   25 09:33:50      -71.611394       13.6101
BFGS:   26 09:33:50      -72.402334       13.9130
BFGS:   27 09:33:50      -73.430152       11.3861
BFGS:   28 09:33:50      -74.279950       12.5420
BFGS:   29 09:33:50      -75.119174       14.1793
BFGS:   30 09:33:50      -76.032544       14.5207
BFGS:   31 09:33:50      -76.882757       12.1267
BFGS:   32 09:33:50      -77.618009        9.0398
BFGS:   33 09:33:50      -78.325766        9.5801
BFGS:   34 09:33:50      -78.958656       12.3596
BFGS:   35 09:33:51      -79.601763       14.4354
BFGS:   36 09:33:51      -80.019567       13.3721
BFGS:   37 09:33:51      -80.391749       12.1652
BFGS:   38 09:33:51      -80.706127       10.7933
BFGS:   39 09:33:51      -80.969117       10.9706
BFGS:   40 09:33:51      -81.303641        8.5697
BFGS:   41 09:33:51      -81.860225        7.8481
BFGS:   42 09:33:51      -82.370678        8.1373
BFGS:   43 09:33:51      -82.806211        7.9852
BFGS:   44 09:33:51      -83.273436        6.9274
BFGS:   45 09:33:51      -83.737885        7.3409
BFGS:   46 09:33:51      -84.160690        8.9670
BFGS:   47 09:33:51      -84.555311       10.6309
BFGS:   48 09:33:51      -84.948877       12.5454
BFGS:   49 09:33:51      -85.324646       13.2327
BFGS:   50 09:33:51      -85.666480       12.3541
BFGS:   51 09:33:51      -86.013911       10.4137
BFGS:   52 09:33:51      -86.355571        8.7058
BFGS:   53 09:33:51      -86.711420        7.2852
BFGS:   54 09:33:51      -87.026462        6.4131
BFGS:   55 09:33:51      -87.383772        5.3892
BFGS:   56 09:33:51      -87.712374        4.8208
BFGS:   57 09:33:51      -87.985906        5.1978
BFGS:   58 09:33:51      -88.399064        7.8293
BFGS:   59 09:33:51      -89.068285       10.0122
BFGS:   60 09:33:51      -89.710772        9.4327
BFGS:   61 09:33:51      -90.192593        6.1805
BFGS:   62 09:33:51      -90.501202        2.6957
BFGS:   63 09:33:51      -90.676310        4.0313
BFGS:   64 09:33:51      -90.787497        3.7890
BFGS:   65 09:33:51      -90.928899        3.7440
BFGS:   66 09:33:52      -91.247592        5.6308
BFGS:   67 09:33:52      -91.558849        7.2622
BFGS:   68 09:33:52      -91.945952        6.5747
BFGS:   69 09:33:52      -92.278565        5.0548
BFGS:   70 09:33:52      -92.573399        4.4246
BFGS:   71 09:33:52      -92.767766        4.1725
BFGS:   72 09:33:52      -92.913814        3.8367
BFGS:   73 09:33:52      -93.031365        3.2435
BFGS:   74 09:33:52      -93.136944        3.1154
BFGS:   75 09:33:52      -93.227072        2.9320
BFGS:   76 09:33:52      -93.306203        3.5877
BFGS:   77 09:33:52      -93.407081        5.5116
BFGS:   78 09:33:52      -93.532220        7.6416
BFGS:   79 09:33:52      -93.690931        9.6776
BFGS:   80 09:33:52      -93.767274       11.7824
BFGS:   81 09:33:52      -93.906598       10.2948
BFGS:   82 09:33:52      -94.337897        8.3281
BFGS:   83 09:33:52      -94.627729        7.7812
BFGS:   84 09:33:52      -94.880049        7.2563
BFGS:   85 09:33:52      -95.138543        5.0007
BFGS:   86 09:33:52      -95.346838        5.6690
BFGS:   87 09:33:52      -95.537491        4.7575
BFGS:   88 09:33:52      -95.673305        3.2856
BFGS:   89 09:33:52      -95.779893        3.0689
BFGS:   90 09:33:52      -95.884289        4.2437
BFGS:   91 09:33:52      -95.986600        5.2238
BFGS:   92 09:33:52      -96.087888        5.7337
BFGS:   93 09:33:52      -96.188086        5.5521
BFGS:   94 09:33:52      -96.292911        5.5903
BFGS:   95 09:33:52      -96.382362        5.9937
BFGS:   96 09:33:53      -96.569347        6.0384
BFGS:   97 09:33:53      -96.708419        6.3031
BFGS:   98 09:33:53      -96.897957        5.3697
BFGS:   99 09:33:53      -97.015636        5.7834
BFGS:  100 09:33:53      -97.123167        5.9497
BFGS:  101 09:33:53      -97.218559        5.9813
BFGS:  102 09:33:53      -97.319478        5.8905
BFGS:  103 09:33:53      -97.382091        4.9248
BFGS:  104 09:33:53      -97.464179        5.0436
BFGS:  105 09:33:53      -97.539640        5.5558
BFGS:  106 09:33:53      -97.628273        6.0764
BFGS:  107 09:33:53      -97.703992        6.1964
BFGS:  108 09:33:53      -97.789301        5.3599
BFGS:  109 09:33:53      -97.846472        5.0455
BFGS:  110 09:33:53      -97.898133        5.2042
BFGS:  111 09:33:53      -97.955842        5.2782
BFGS:  112 09:33:53      -98.019064        4.9205
BFGS:  113 09:33:53      -98.083656        4.3554
BFGS:  114 09:33:53      -98.132714        4.4799
BFGS:  115 09:33:53      -98.152845        4.9221
BFGS:  116 09:33:53      -98.170348        5.1549
BFGS:  117 09:33:53      -98.184540        5.1112
BFGS:  118 09:33:53      -98.200827        4.8207
BFGS:  119 09:33:53      -98.223120        4.2220
BFGS:  120 09:33:53      -98.244993        3.5717
BFGS:  121 09:33:53      -98.261075        3.1867
BFGS:  122 09:33:53      -98.272392        3.1478
BFGS:  123 09:33:53      -98.279149        2.9840
BFGS:  124 09:33:53      -98.283645        3.0490
BFGS:  125 09:33:53      -98.286853        3.2456
BFGS:  126 09:33:53      -98.288804        3.3613
BFGS:  127 09:33:54      -98.290328        3.4164
BFGS:  128 09:33:54      -98.291274        3.4395
BFGS:  129 09:33:54      -98.292323        3.4144
BFGS:  130 09:33:54      -98.292903        3.3898
BFGS:  131 09:33:54      -98.293616        3.3318
BFGS:  132 09:33:54      -98.294076        3.2950
BFGS:  133 09:33:54      -98.294822        3.2144
BFGS:  134 09:33:54      -98.295121        3.2127
BFGS:  135 09:33:54      -98.295296        3.2571
BFGS:  136 09:33:54      -98.295365        3.2548
BFGS:  137 09:33:54      -98.295400        3.2711
BFGS:  138 09:33:54      -98.295408        3.2651
BFGS:  139 09:33:54      -98.295426        3.2537
BFGS:  140 09:33:54      -98.295435        3.2499
BFGS:  141 09:33:54      -98.295480        3.2396
BFGS:  142 09:33:54      -98.295571        3.2263
BFGS:  143 09:33:54      -98.295826        3.2019
BFGS:  144 09:33:54      -98.296470        3.1592
BFGS:  145 09:33:54      -98.298163        3.0770
BFGS:  146 09:33:54      -98.302475        2.9965
BFGS:  147 09:33:54      -98.313148        2.7938
BFGS:  148 09:33:54      -98.337207        2.5713
BFGS:  149 09:33:54      -98.381085        2.1472
BFGS:  150 09:33:54      -98.432718        1.3146
BFGS:  151 09:33:54      -98.462458        0.9355
BFGS:  152 09:33:54      -98.470058        0.8456
BFGS:  153 09:33:54      -98.472083        0.7797
BFGS:  154 09:33:54      -98.473288        0.7706
BFGS:  155 09:33:54      -98.473640        0.7812
BFGS:  156 09:33:54      -98.475185        0.8818
BFGS:  157 09:33:54      -98.476418        0.9292
BFGS:  158 09:33:54      -98.481715        1.0664
BFGS:  159 09:33:54      -98.491890        1.1838
BFGS:  160 09:33:55      -98.513657        1.2790
BFGS:  161 09:33:55      -98.538001        1.0549
BFGS:  162 09:33:55      -98.559500        0.4147
BFGS:  163 09:33:55      -98.563793        0.1927
BFGS:  164 09:33:55      -98.564357        0.1317
BFGS:  165 09:33:55      -98.564394        0.1294
BFGS:  166 09:33:55      -98.564406        0.1275
BFGS:  167 09:33:55      -98.564413        0.1289
BFGS:  168 09:33:55      -98.564415        0.1296
BFGS:  169 09:33:55      -98.564419        0.1317
BFGS:  170 09:33:55      -98.564424        0.1327
BFGS:  171 09:33:55      -98.564442        0.1334
BFGS:  172 09:33:55      -98.564479        0.1296
BFGS:  173 09:33:55      -98.564561        0.1117
BFGS:  174 09:33:55      -98.564682        0.0880
