      Step     Time          Energy         fmax
BFGS:    0 10:21:58      -25.653664       26.0153
BFGS:    1 10:21:58      -30.025618       17.4872
BFGS:    2 10:21:58      -34.075414       16.2569
BFGS:    3 10:21:58      -37.877440       14.4150
BFGS:    4 10:21:58      -41.267456       12.6650
BFGS:    5 10:21:58      -44.282837       15.2295
BFGS:    6 10:21:58      -46.707613       14.6209
BFGS:    7 10:21:58      -49.019381       10.7254
BFGS:    8 10:21:58      -50.791368       10.1122
BFGS:    9 10:21:58      -52.453670        8.7464
BFGS:   10 10:21:58      -53.819079        9.7236
BFGS:   11 10:21:58      -55.013602        8.6852
BFGS:   12 10:21:58      -56.146319        9.9714
BFGS:   13 10:21:58      -57.171528        8.8532
BFGS:   14 10:21:58      -58.319237        9.4079
BFGS:   15 10:21:58      -59.420495       11.5414
BFGS:   16 10:21:58      -60.498206       11.4789
BFGS:   17 10:21:58      -61.429379       10.3429
BFGS:   18 10:21:58      -62.369883       10.2392
BFGS:   19 10:21:59      -63.344242       11.2464
BFGS:   20 10:21:59      -64.253658       13.5320
BFGS:   21 10:21:59      -65.309856       14.4631
BFGS:   22 10:21:59      -66.203336       13.7591
BFGS:   23 10:21:59      -67.001854       13.2323
BFGS:   24 10:21:59      -67.805361       11.7228
BFGS:   25 10:21:59      -68.679378       11.7665
BFGS:   26 10:21:59      -69.634472       11.9805
BFGS:   27 10:21:59      -70.565233       11.9766
BFGS:   28 10:21:59      -71.486085       11.9913
BFGS:   29 10:21:59      -72.399028       11.9980
BFGS:   30 10:21:59      -73.448958       12.4071
BFGS:   31 10:21:59      -74.437702       15.2033
BFGS:   32 10:21:59      -75.276651       17.3001
BFGS:   33 10:21:59      -76.018452       18.7832
BFGS:   34 10:21:59      -76.747722       20.4312
BFGS:   35 10:21:59      -77.475898       22.2238
BFGS:   36 10:21:59      -78.346317       22.0903
BFGS:   37 10:21:59      -79.365859       21.4121
BFGS:   38 10:21:59      -80.344074       15.9628
BFGS:   39 10:21:59      -81.102076       14.5832
BFGS:   40 10:21:59      -81.692226       11.6473
BFGS:   41 10:21:59      -82.252008        8.9957
BFGS:   42 10:21:59      -82.753817        7.2696
BFGS:   43 10:21:59      -83.121101        5.5961
BFGS:   44 10:21:59      -83.368054        5.1646
BFGS:   45 10:21:59      -83.601985        3.9034
BFGS:   46 10:22:00      -83.812287        3.8144
BFGS:   47 10:22:00      -84.015939        3.2868
BFGS:   48 10:22:00      -84.228239        3.6574
BFGS:   49 10:22:00      -84.457028        5.7276
BFGS:   50 10:22:00      -84.781750        7.7438
BFGS:   51 10:22:00      -85.126692        7.9707
BFGS:   52 10:22:00      -85.428026        8.4007
BFGS:   53 10:22:00      -85.790697        9.4000
BFGS:   54 10:22:00      -86.191435        9.6806
BFGS:   55 10:22:00      -86.522560        9.9110
BFGS:   56 10:22:00      -86.955317        9.0520
BFGS:   57 10:22:00      -87.600804        9.8068
BFGS:   58 10:22:00      -88.323174       10.5058
BFGS:   59 10:22:00      -89.024187       11.3059
BFGS:   60 10:22:00      -89.717648       10.8324
BFGS:   61 10:22:00      -90.460406       11.5239
BFGS:   62 10:22:00      -91.183636       13.1692
BFGS:   63 10:22:00      -91.778482       12.9696
BFGS:   64 10:22:00      -92.339395       10.5336
BFGS:   65 10:22:00      -92.790742        9.5334
BFGS:   66 10:22:00      -93.275945        8.3905
BFGS:   67 10:22:00      -93.559188        7.8784
BFGS:   68 10:22:00      -93.802263        9.0566
BFGS:   69 10:22:00      -93.927961        7.9777
BFGS:   70 10:22:00      -94.058917        6.4539
BFGS:   71 10:22:00      -94.228459        5.7168
BFGS:   72 10:22:00      -94.363586        5.4524
BFGS:   73 10:22:00      -94.501484        5.2845
BFGS:   74 10:22:01      -94.667413        5.5957
BFGS:   75 10:22:01      -94.841764        6.9435
BFGS:   76 10:22:01      -95.003285        7.9872
BFGS:   77 10:22:01      -95.149090        8.4819
BFGS:   78 10:22:01      -95.286593        8.5138
BFGS:   79 10:22:01      -95.433967        8.4584
BFGS:   80 10:22:01      -95.582119        8.0628
BFGS:   81 10:22:01      -95.745265        7.8822
BFGS:   82 10:22:01      -95.902536        7.2608
BFGS:   83 10:22:01      -96.055535        7.1624
BFGS:   84 10:22:01      -96.170027        5.7401
BFGS:   85 10:22:01      -96.286485        6.1480
BFGS:   86 10:22:01      -96.448113        5.6960
BFGS:   87 10:22:01      -96.585771        5.5891
BFGS:   88 10:22:01      -96.665693        5.1251
BFGS:   89 10:22:01      -96.721144        4.4867
BFGS:   90 10:22:01      -96.784878        3.8031
BFGS:   91 10:22:01      -96.849091        3.1319
BFGS:   92 10:22:01      -96.907390        2.7886
BFGS:   93 10:22:01      -96.963489        2.7115
BFGS:   94 10:22:01      -97.016538        2.5636
BFGS:   95 10:22:01      -97.073450        2.1109
BFGS:   96 10:22:01      -97.119408        1.8639
BFGS:   97 10:22:01      -97.156204        1.3378
BFGS:   98 10:22:01      -97.173339        1.3467
BFGS:   99 10:22:01      -97.197493        1.5892
BFGS:  100 10:22:01      -97.230292        1.6417
BFGS:  101 10:22:01      -97.267205        2.1593
BFGS:  102 10:22:01      -97.333813        2.4303
BFGS:  103 10:22:01      -97.434603        2.5453
BFGS:  104 10:22:01      -97.601873        3.6173
BFGS:  105 10:22:02      -97.867294        5.7223
BFGS:  106 10:22:02      -98.254005        7.9036
BFGS:  107 10:22:02      -98.721914        8.8999
BFGS:  108 10:22:02      -99.170013        7.7950
BFGS:  109 10:22:02      -99.516354        5.3446
BFGS:  110 10:22:02      -99.760230        2.8973
BFGS:  111 10:22:02      -99.924892        2.4777
BFGS:  112 10:22:02     -100.042919        2.1535
BFGS:  113 10:22:02     -100.161254        3.8973
BFGS:  114 10:22:02     -100.410313        6.5557
BFGS:  115 10:22:02     -100.841920        9.4986
BFGS:  116 10:22:02     -101.406315       12.0147
BFGS:  117 10:22:02     -102.069398       13.1015
BFGS:  118 10:22:02     -102.474839       12.0090
BFGS:  119 10:22:02     -102.934383        9.0802
BFGS:  120 10:22:02     -103.299406        5.9732
BFGS:  121 10:22:02     -103.523691        5.7928
BFGS:  122 10:22:02     -103.651015        4.7710
BFGS:  123 10:22:02     -103.783401        3.2314
BFGS:  124 10:22:02     -103.885683        3.2355
BFGS:  125 10:22:02     -103.988914        3.7467
BFGS:  126 10:22:02     -104.073231        3.3055
BFGS:  127 10:22:02     -104.134823        3.0529
BFGS:  128 10:22:02     -104.188215        3.3857
BFGS:  129 10:22:02     -104.225490        3.6001
BFGS:  130 10:22:02     -104.260849        3.4833
BFGS:  131 10:22:02     -104.292285        3.4914
BFGS:  132 10:22:02     -104.330043        3.5716
BFGS:  133 10:22:03     -104.362582        3.4601
BFGS:  134 10:22:03     -104.391264        3.3283
BFGS:  135 10:22:03     -104.412490        3.3951
BFGS:  136 10:22:03     -104.427806        3.5347
BFGS:  137 10:22:03     -104.436987        3.5399
BFGS:  138 10:22:03     -104.443003        3.5099
BFGS:  139 10:22:03     -104.447388        3.4187
BFGS:  140 10:22:03     -104.452921        3.5436
BFGS:  141 10:22:03     -104.460710        3.7437
BFGS:  142 10:22:03     -104.473313        3.9855
BFGS:  143 10:22:03     -104.489254        4.0075
BFGS:  144 10:22:03     -104.503823        3.8097
BFGS:  145 10:22:03     -104.512551        3.7457
BFGS:  146 10:22:03     -104.516361        3.7994
BFGS:  147 10:22:03     -104.518361        3.7533
BFGS:  148 10:22:03     -104.519773        3.8266
BFGS:  149 10:22:03     -104.520870        3.8886
BFGS:  150 10:22:03     -104.521621        3.9673
BFGS:  151 10:22:03     -104.522032        3.9911
BFGS:  152 10:22:03     -104.522233        3.9999
BFGS:  153 10:22:03     -104.522325        3.9937
BFGS:  154 10:22:03     -104.522364        3.9888
BFGS:  155 10:22:03     -104.522380        3.9830
BFGS:  156 10:22:03     -104.522385        3.9810
BFGS:  157 10:22:03     -104.522390        3.9778
BFGS:  158 10:22:03     -104.522393        3.9772
BFGS:  159 10:22:03     -104.522408        3.9751
BFGS:  160 10:22:03     -104.522438        3.9733
BFGS:  161 10:22:03     -104.522525        3.9706
BFGS:  162 10:22:03     -104.522743        3.9669
BFGS:  163 10:22:03     -104.523319        3.9607
BFGS:  164 10:22:03     -104.524816        3.9486
BFGS:  165 10:22:04     -104.528721        4.0146
BFGS:  166 10:22:04     -104.538802        4.2351
BFGS:  167 10:22:04     -104.564294        4.5188
BFGS:  168 10:22:04     -104.625128        4.7654
BFGS:  169 10:22:04     -104.709038        4.6647
BFGS:  170 10:22:04     -104.797052        4.3006
BFGS:  171 10:22:04     -104.887165        3.7647
BFGS:  172 10:22:04     -104.974000        3.1149
BFGS:  173 10:22:04     -105.051679        2.3942
BFGS:  174 10:22:04     -105.114865        1.6395
BFGS:  175 10:22:04     -105.159644        0.8990
BFGS:  176 10:22:04     -105.183721        0.6400
BFGS:  177 10:22:04     -105.188248        0.6049
BFGS:  178 10:22:04     -105.188677        0.6413
BFGS:  179 10:22:04     -105.189150        0.7088
BFGS:  180 10:22:04     -105.189225        0.7522
BFGS:  181 10:22:04     -105.189269        0.7535
BFGS:  182 10:22:04     -105.189301        0.7495
BFGS:  183 10:22:04     -105.189311        0.7464
BFGS:  184 10:22:04     -105.189319        0.7406
BFGS:  185 10:22:04     -105.189321        0.7399
BFGS:  186 10:22:04     -105.189327        0.7374
BFGS:  187 10:22:04     -105.189338        0.7355
BFGS:  188 10:22:04     -105.189373        0.7306
BFGS:  189 10:22:04     -105.189457        0.7221
BFGS:  190 10:22:04     -105.189679        0.7017
BFGS:  191 10:22:04     -105.190227        0.6566
BFGS:  192 10:22:04     -105.191493        0.5557
BFGS:  193 10:22:04     -105.193916        0.4126
BFGS:  194 10:22:04     -105.197059        0.3485
BFGS:  195 10:22:04     -105.199081        0.1790
BFGS:  196 10:22:05     -105.199552        0.0461
