      Step     Time          Energy         fmax
BFGS:    0 09:28:47      -37.304131       19.6598
BFGS:    1 09:28:47      -40.426955       15.8888
BFGS:    2 09:28:47      -42.988206       10.5654
BFGS:    3 09:28:47      -45.721793       10.6022
BFGS:    4 09:28:47      -48.406805       12.3114
BFGS:    5 09:28:47      -51.148248       15.6129
BFGS:    6 09:28:47      -53.423346       16.9010
BFGS:    7 09:28:47      -55.184318       16.3861
BFGS:    8 09:28:47      -56.662198       17.7075
BFGS:    9 09:28:47      -58.050921       19.3864
BFGS:   10 09:28:47      -59.624065       20.8115
BFGS:   11 09:28:48      -61.358064       20.7638
BFGS:   12 09:28:48      -62.796536       21.3526
BFGS:   13 09:28:48      -63.721478       18.5981
BFGS:   14 09:28:48      -64.517821       18.2034
BFGS:   15 09:28:48      -65.259473       16.6370
BFGS:   16 09:28:48      -65.956476       14.5010
BFGS:   17 09:28:48      -66.649917       12.8443
BFGS:   18 09:28:48      -67.237430       11.4801
BFGS:   19 09:28:48      -68.073069       10.1098
BFGS:   20 09:28:48      -69.036515        9.1094
BFGS:   21 09:28:48      -69.638838        8.2061
BFGS:   22 09:28:48      -70.699103        9.5288
BFGS:   23 09:28:48      -71.661511       10.2495
BFGS:   24 09:28:48      -72.570627        8.5528
BFGS:   25 09:28:48      -73.506347       12.3579
BFGS:   26 09:28:48      -74.343904       15.9040
BFGS:   27 09:28:48      -75.033384       18.7409
BFGS:   28 09:28:48      -75.676564       16.5154
BFGS:   29 09:28:48      -76.251970       17.7499
BFGS:   30 09:28:48      -76.816368       19.0423
BFGS:   31 09:28:48      -77.357729       20.4852
BFGS:   32 09:28:48      -77.894202       21.5455
BFGS:   33 09:28:48      -78.449854       21.8896
BFGS:   34 09:28:48      -79.038952       21.2405
BFGS:   35 09:28:48      -79.669905       20.2856
BFGS:   36 09:28:48      -80.354717       18.2310
BFGS:   37 09:28:48      -81.068950       15.4558
BFGS:   38 09:28:48      -81.679449       16.9576
BFGS:   39 09:28:48      -82.356146       13.2243
BFGS:   40 09:28:49      -82.892800       12.9212
BFGS:   41 09:28:49      -83.403030       12.3909
BFGS:   42 09:28:49      -83.834412       13.9044
BFGS:   43 09:28:49      -84.196746       15.3591
BFGS:   44 09:28:49      -84.676948       15.7904
BFGS:   45 09:28:49      -85.169303       15.1289
BFGS:   46 09:28:49      -85.675573       12.9880
BFGS:   47 09:28:49      -86.113767       10.5226
BFGS:   48 09:28:49      -86.477944        8.5071
BFGS:   49 09:28:49      -86.781264        8.2612
BFGS:   50 09:28:49      -87.059697        7.0465
BFGS:   51 09:28:49      -87.321001        7.3585
BFGS:   52 09:28:49      -87.545558        6.6517
BFGS:   53 09:28:49      -87.767863        6.5229
BFGS:   54 09:28:49      -87.973937        6.1573
BFGS:   55 09:28:49      -88.186459        5.7751
BFGS:   56 09:28:49      -88.408808        5.3908
BFGS:   57 09:28:49      -88.858354        5.4175
BFGS:   58 09:28:49      -89.472792        6.9744
BFGS:   59 09:28:50      -90.152708        5.4257
BFGS:   60 09:28:50      -90.710056        3.2584
BFGS:   61 09:28:50      -91.034627        3.3744
BFGS:   62 09:28:50      -91.156259        3.9802
BFGS:   63 09:28:50      -91.223629        4.9930
BFGS:   64 09:28:50      -91.290786        4.4696
BFGS:   65 09:28:50      -91.379807        4.0142
BFGS:   66 09:28:50      -91.421747        3.6489
BFGS:   67 09:28:50      -91.467147        3.1191
BFGS:   68 09:28:50      -91.540076        2.6754
BFGS:   69 09:28:50      -91.590989        2.2050
BFGS:   70 09:28:50      -91.663867        1.5021
BFGS:   71 09:28:50      -91.726422        1.6657
BFGS:   72 09:28:50      -91.749229        1.4963
BFGS:   73 09:28:50      -91.765433        1.2210
BFGS:   74 09:28:50      -91.791186        0.8332
BFGS:   75 09:28:50      -91.819033        1.0915
BFGS:   76 09:28:50      -91.848701        1.6071
BFGS:   77 09:28:50      -91.883330        2.4322
BFGS:   78 09:28:50      -91.946330        3.8064
BFGS:   79 09:28:50      -92.044054        5.5955
BFGS:   80 09:28:50      -92.183872        7.2305
BFGS:   81 09:28:50      -92.343031        8.0363
BFGS:   82 09:28:51      -92.467415        7.7105
BFGS:   83 09:28:51      -92.671928        7.7282
BFGS:   84 09:28:51      -92.928076        6.6370
BFGS:   85 09:28:51      -93.162192        5.6624
BFGS:   86 09:28:51      -93.330458        5.2801
BFGS:   87 09:28:51      -93.462832        4.5838
BFGS:   88 09:28:51      -93.545477        4.3009
BFGS:   89 09:28:51      -93.649874        3.7795
BFGS:   90 09:28:51      -93.763442        4.2309
BFGS:   91 09:28:51      -93.899251        5.5519
BFGS:   92 09:28:51      -94.041867        7.2235
BFGS:   93 09:28:51      -94.147636        8.7039
BFGS:   94 09:28:51      -94.223156        9.3839
BFGS:   95 09:28:51      -94.298398        9.8641
BFGS:   96 09:28:51      -94.364476       10.3090
BFGS:   97 09:28:51      -94.451398       10.4622
BFGS:   98 09:28:51      -94.664289        9.6169
BFGS:   99 09:28:51      -94.881120        8.4027
BFGS:  100 09:28:51      -95.071872        6.9003
BFGS:  101 09:28:51      -95.195153        5.8918
BFGS:  102 09:28:51      -95.301728        4.5149
BFGS:  103 09:28:52      -95.362495        4.6850
BFGS:  104 09:28:52      -95.436079        4.1565
BFGS:  105 09:28:52      -95.529798        3.9680
BFGS:  106 09:28:52      -95.630571        4.0383
BFGS:  107 09:28:52      -95.733969        4.3891
BFGS:  108 09:28:52      -95.841404        6.2286
BFGS:  109 09:28:52      -95.980447        8.6412
BFGS:  110 09:28:52      -96.177127       10.5910
BFGS:  111 09:28:52      -96.438690       12.8142
BFGS:  112 09:28:52      -96.707946       15.1396
BFGS:  113 09:28:52      -96.955913       15.9425
BFGS:  114 09:28:52      -97.218491       14.1232
BFGS:  115 09:28:52      -97.532888       12.5036
BFGS:  116 09:28:52      -98.017640       11.5488
BFGS:  117 09:28:52      -98.424158        8.5789
BFGS:  118 09:28:52      -98.634905        8.2040
BFGS:  119 09:28:52      -98.824609        6.9669
BFGS:  120 09:28:52      -98.997452        6.3681
BFGS:  121 09:28:52      -99.148679        6.0909
BFGS:  122 09:28:52      -99.296716        5.3717
BFGS:  123 09:28:52      -99.400392        5.6625
BFGS:  124 09:28:52      -99.482708        5.8808
BFGS:  125 09:28:52      -99.562130        6.1620
BFGS:  126 09:28:52      -99.620894        5.8660
BFGS:  127 09:28:52      -99.664760        5.3019
BFGS:  128 09:28:52      -99.704132        4.5850
BFGS:  129 09:28:52      -99.731626        3.9681
BFGS:  130 09:28:52      -99.747456        3.6894
BFGS:  131 09:28:52      -99.761043        3.4559
BFGS:  132 09:28:53      -99.776509        3.2545
BFGS:  133 09:28:53      -99.796839        2.9080
BFGS:  134 09:28:53      -99.823140        2.3265
BFGS:  135 09:28:53      -99.848784        1.6673
BFGS:  136 09:28:53      -99.872702        1.0214
BFGS:  137 09:28:53      -99.890583        0.8196
BFGS:  138 09:28:53      -99.896391        0.4930
BFGS:  139 09:28:53      -99.899208        0.2452
BFGS:  140 09:28:53      -99.899840        0.1289
BFGS:  141 09:28:53      -99.900086        0.0848
