      Step     Time          Energy         fmax
BFGS:    0 09:21:07      -41.737932       21.3201
BFGS:    1 09:21:07      -46.240403       19.4394
BFGS:    2 09:21:07      -48.675977       19.5374
BFGS:    3 09:21:07      -50.902349       18.3965
BFGS:    4 09:21:07      -53.240218       16.1509
BFGS:    5 09:21:07      -55.993080       15.2057
BFGS:    6 09:21:07      -58.416113       14.4450
BFGS:    7 09:21:07      -60.439248       12.8049
BFGS:    8 09:21:08      -62.253823       11.4969
BFGS:    9 09:21:08      -63.724724       12.4303
BFGS:   10 09:21:08      -64.829766       11.4148
BFGS:   11 09:21:08      -65.651737       11.1613
BFGS:   12 09:21:08      -66.411011        8.3961
BFGS:   13 09:21:08      -67.144923        8.7553
BFGS:   14 09:21:08      -67.866923        7.9255
BFGS:   15 09:21:08      -68.613620        7.9598
BFGS:   16 09:21:08      -69.380622        8.1623
BFGS:   17 09:21:08      -70.208419        8.6247
BFGS:   18 09:21:08      -71.157549        9.7790
BFGS:   19 09:21:08      -72.310425       10.0762
BFGS:   20 09:21:08      -73.309601       16.4720
BFGS:   21 09:21:08      -74.278406       18.9305
BFGS:   22 09:21:08      -75.124263       21.3165
BFGS:   23 09:21:08      -75.898066       21.6057
BFGS:   24 09:21:08      -76.677546       21.1002
BFGS:   25 09:21:08      -77.384244       19.5179
BFGS:   26 09:21:08      -77.958280       17.9887
BFGS:   27 09:21:08      -78.527841       12.2027
BFGS:   28 09:21:08      -78.965757        8.6527
BFGS:   29 09:21:08      -79.455864        7.1046
BFGS:   30 09:21:08      -79.793367       10.4856
BFGS:   31 09:21:08      -80.123545        8.0256
BFGS:   32 09:21:08      -80.450461        6.5809
BFGS:   33 09:21:08      -80.775194        6.6729
BFGS:   34 09:21:08      -81.131744        6.4099
BFGS:   35 09:21:08      -81.451496        6.3724
BFGS:   36 09:21:09      -81.771861        6.5052
BFGS:   37 09:21:09      -82.090889        6.2028
BFGS:   38 09:21:09      -82.406922        6.0338
BFGS:   39 09:21:09      -82.683454        6.5540
BFGS:   40 09:21:09      -83.394742        8.0878
BFGS:   41 09:21:09      -83.964458        9.1346
BFGS:   42 09:21:09      -84.516483        9.1413
BFGS:   43 09:21:09      -85.039137        9.4840
BFGS:   44 09:21:09      -85.547751       10.1893
BFGS:   45 09:21:09      -86.092803       10.4285
BFGS:   46 09:21:09      -86.685262       11.4991
BFGS:   47 09:21:09      -87.365008       12.1188
BFGS:   48 09:21:09      -88.037972       13.3800
BFGS:   49 09:21:09      -88.725581       14.3756
BFGS:   50 09:21:09      -89.369099       15.1506
BFGS:   51 09:21:09      -90.014940       16.4341
BFGS:   52 09:21:09      -90.629042       18.5084
BFGS:   53 09:21:09      -91.239443       19.6242
BFGS:   54 09:21:09      -91.755966       19.4930
BFGS:   55 09:21:09      -92.208035       19.2041
BFGS:   56 09:21:09      -92.627085       19.0836
BFGS:   57 09:21:09      -93.063269       18.6715
BFGS:   58 09:21:09      -93.516773       18.4248
BFGS:   59 09:21:09      -93.948546       18.2157
BFGS:   60 09:21:09      -94.388694       17.0980
BFGS:   61 09:21:09      -94.871628       16.3021
BFGS:   62 09:21:09      -95.571335       16.8220
BFGS:   63 09:21:09      -96.084580       16.4423
BFGS:   64 09:21:10      -96.470666       18.4286
BFGS:   65 09:21:10      -96.788259       17.9023
BFGS:   66 09:21:10      -97.002076       16.9918
BFGS:   67 09:21:10      -97.201936       15.3327
BFGS:   68 09:21:10      -97.381904       14.4557
BFGS:   69 09:21:10      -97.506711       12.3283
BFGS:   70 09:21:10      -97.623223       11.4921
BFGS:   71 09:21:10      -97.723346       10.8160
BFGS:   72 09:21:10      -97.810685       11.3292
BFGS:   73 09:21:10      -97.892744       11.1836
BFGS:   74 09:21:10      -97.972775       11.2050
BFGS:   75 09:21:10      -98.053464       10.9895
BFGS:   76 09:21:10      -98.135715       10.7716
BFGS:   77 09:21:10      -98.224287       10.8440
BFGS:   78 09:21:10      -98.315255       10.8819
BFGS:   79 09:21:10      -98.420901       10.8283
BFGS:   80 09:21:10      -98.523156       10.6516
BFGS:   81 09:21:10      -98.653341       10.4468
BFGS:   82 09:21:10      -98.767428       10.1591
BFGS:   83 09:21:10      -98.905937        9.9707
BFGS:   84 09:21:10      -99.047376       10.0028
BFGS:   85 09:21:10      -99.265101       10.3366
BFGS:   86 09:21:10      -99.555536       10.8961
BFGS:   87 09:21:10      -99.930934       11.3062
BFGS:   88 09:21:10     -100.355566       10.7193
BFGS:   89 09:21:10     -100.751320        9.8108
BFGS:   90 09:21:10     -101.121471        9.2008
BFGS:   91 09:21:10     -101.503265        9.1380
BFGS:   92 09:21:10     -101.818667        8.2476
BFGS:   93 09:21:11     -102.088600        6.4764
BFGS:   94 09:21:11     -102.330317        3.7455
BFGS:   95 09:21:11     -102.493510        2.7437
BFGS:   96 09:21:11     -102.583349        2.1731
BFGS:   97 09:21:11     -102.623792        2.8031
BFGS:   98 09:21:11     -102.646469        2.1475
BFGS:   99 09:21:11     -102.659445        1.2172
BFGS:  100 09:21:11     -102.665511        0.9199
BFGS:  101 09:21:11     -102.667835        0.8963
BFGS:  102 09:21:11     -102.669096        0.8428
BFGS:  103 09:21:11     -102.669920        0.8319
BFGS:  104 09:21:11     -102.670499        0.8437
BFGS:  105 09:21:11     -102.671002        0.8891
BFGS:  106 09:21:11     -102.671628        0.9359
BFGS:  107 09:21:11     -102.672334        1.0090
BFGS:  108 09:21:11     -102.673184        1.0513
BFGS:  109 09:21:11     -102.674166        1.0812
BFGS:  110 09:21:11     -102.675215        1.0703
BFGS:  111 09:21:11     -102.676101        1.0350
BFGS:  112 09:21:11     -102.676784        1.0213
BFGS:  113 09:21:11     -102.677386        1.0097
BFGS:  114 09:21:11     -102.678042        1.0284
BFGS:  115 09:21:11     -102.678774        1.0358
BFGS:  116 09:21:11     -102.679508        1.0341
BFGS:  117 09:21:11     -102.680160        1.0195
BFGS:  118 09:21:11     -102.680953        0.9431
BFGS:  119 09:21:11     -102.681850        0.9138
BFGS:  120 09:21:11     -102.683351        0.9109
BFGS:  121 09:21:12     -102.684556        0.9410
BFGS:  122 09:21:12     -102.685646        0.9687
BFGS:  123 09:21:12     -102.686333        1.0123
BFGS:  124 09:21:12     -102.687096        1.0818
BFGS:  125 09:21:12     -102.687672        1.1470
BFGS:  126 09:21:12     -102.688199        1.1822
BFGS:  127 09:21:12     -102.688802        1.2608
BFGS:  128 09:21:12     -102.689910        1.3673
BFGS:  129 09:21:12     -102.691176        1.4958
BFGS:  130 09:21:12     -102.692493        1.6305
BFGS:  131 09:21:12     -102.694124        1.7590
BFGS:  132 09:21:12     -102.696979        1.8733
BFGS:  133 09:21:12     -102.701621        1.9749
BFGS:  134 09:21:12     -102.708176        2.0668
BFGS:  135 09:21:12     -102.716567        2.1509
BFGS:  136 09:21:12     -102.726438        2.5455
BFGS:  137 09:21:12     -102.735314        3.4061
BFGS:  138 09:21:12     -102.744595        4.5409
BFGS:  139 09:21:12     -102.759927        5.9276
BFGS:  140 09:21:12     -102.793505        7.6153
BFGS:  141 09:21:12     -102.873541        9.7780
BFGS:  142 09:21:12     -103.045497       12.5645
BFGS:  143 09:21:12     -103.351996       15.8105
BFGS:  144 09:21:12     -103.792301       18.6992
BFGS:  145 09:21:12     -104.282499       20.1049
BFGS:  146 09:21:12     -104.718769       19.8030
BFGS:  147 09:21:13     -105.080111       18.5953
BFGS:  148 09:21:13     -105.442880       17.0859
BFGS:  149 09:21:13     -105.821057       15.0090
BFGS:  150 09:21:13     -106.189393       12.7761
BFGS:  151 09:21:13     -106.417346       10.6102
BFGS:  152 09:21:13     -106.501259       10.0887
BFGS:  153 09:21:13     -106.552086       10.3744
BFGS:  154 09:21:13     -106.573736       10.4832
BFGS:  155 09:21:13     -106.587399       10.9281
BFGS:  156 09:21:13     -106.589881       10.7814
BFGS:  157 09:21:13     -106.598572       10.6028
BFGS:  158 09:21:13     -106.616935       10.2498
BFGS:  159 09:21:13     -106.655661        9.7051
BFGS:  160 09:21:13     -106.746171        9.1114
BFGS:  161 09:21:13     -106.941326        7.5687
BFGS:  162 09:21:13     -107.286829        6.0304
BFGS:  163 09:21:13     -107.694116        4.3843
BFGS:  164 09:21:13     -107.947501        2.1471
BFGS:  165 09:21:13     -108.001528        1.5409
BFGS:  166 09:21:13     -108.006117        1.2754
BFGS:  167 09:21:13     -108.006877        1.2029
BFGS:  168 09:21:13     -108.007346        1.1647
BFGS:  169 09:21:13     -108.007565        1.1720
BFGS:  170 09:21:13     -108.007679        1.1912
BFGS:  171 09:21:13     -108.007688        1.1967
BFGS:  172 09:21:13     -108.007780        1.2159
BFGS:  173 09:21:13     -108.008019        1.2511
BFGS:  174 09:21:13     -108.008480        1.2838
BFGS:  175 09:21:13     -108.009795        1.3307
BFGS:  176 09:21:14     -108.012911        1.3637
BFGS:  177 09:21:14     -108.020069        1.3313
BFGS:  178 09:21:14     -108.033109        1.1057
BFGS:  179 09:21:14     -108.048636        0.6230
BFGS:  180 09:21:14     -108.057364        0.3711
BFGS:  181 09:21:14     -108.059096        0.1368
BFGS:  182 09:21:14     -108.059205        0.1271
BFGS:  183 09:21:14     -108.059210        0.1298
BFGS:  184 09:21:14     -108.059213        0.1310
BFGS:  185 09:21:14     -108.059213        0.1315
BFGS:  186 09:21:14     -108.059214        0.1319
BFGS:  187 09:21:14     -108.059214        0.1320
BFGS:  188 09:21:14     -108.059216        0.1321
BFGS:  189 09:21:14     -108.059220        0.1316
BFGS:  190 09:21:14     -108.059230        0.1326
BFGS:  191 09:21:14     -108.059254        0.1381
BFGS:  192 09:21:14     -108.059310        0.1395
BFGS:  193 09:21:14     -108.059416        0.1376
BFGS:  194 09:21:14     -108.059555        0.1034
BFGS:  195 09:21:14     -108.059643        0.0633
