      Step     Time          Energy         fmax
BFGS:    0 10:34:32      -36.915756       20.9869
BFGS:    1 10:34:32      -40.973922       17.8292
BFGS:    2 10:34:32      -44.319363       17.7284
BFGS:    3 10:34:32      -47.514963       15.3704
BFGS:    4 10:34:32      -50.603228       15.6082
BFGS:    5 10:34:32      -53.229608       15.3679
BFGS:    6 10:34:32      -55.587200       12.2288
BFGS:    7 10:34:32      -57.438956       11.7048
BFGS:    8 10:34:32      -58.906809       11.8658
BFGS:    9 10:34:32      -60.436505       13.2134
BFGS:   10 10:34:32      -61.747727       16.9480
BFGS:   11 10:34:33      -63.458500       15.9208
BFGS:   12 10:34:33      -65.132652       17.4412
BFGS:   13 10:34:33      -66.482563       18.4859
BFGS:   14 10:34:33      -67.599322       16.1090
BFGS:   15 10:34:33      -68.598118       11.9279
BFGS:   16 10:34:33      -69.670571       10.1636
BFGS:   17 10:34:33      -70.828470       10.0499
BFGS:   18 10:34:33      -71.811555        8.6064
BFGS:   19 10:34:33      -72.754093        9.5682
BFGS:   20 10:34:33      -73.790223        9.7671
BFGS:   21 10:34:33      -74.734741        7.5802
BFGS:   22 10:34:33      -75.673547        9.2575
BFGS:   23 10:34:33      -76.349440        8.1602
BFGS:   24 10:34:33      -76.765788        9.2232
BFGS:   25 10:34:33      -77.097285        8.3003
BFGS:   26 10:34:33      -77.419806        7.1441
BFGS:   27 10:34:33      -77.781985        8.0379
BFGS:   28 10:34:33      -78.331189        8.8082
BFGS:   29 10:34:33      -78.709256        7.9806
BFGS:   30 10:34:34      -78.945731        6.9081
BFGS:   31 10:34:34      -79.219881        6.3811
BFGS:   32 10:34:34      -79.552182        4.0426
BFGS:   33 10:34:34      -79.837934        5.2713
BFGS:   34 10:34:34      -80.123175        6.7444
BFGS:   35 10:34:34      -80.493381        7.0224
BFGS:   36 10:34:34      -80.805722        8.7950
BFGS:   37 10:34:34      -81.034289       10.3833
BFGS:   38 10:34:34      -81.263372        9.5043
BFGS:   39 10:34:34      -81.478722        8.9911
BFGS:   40 10:34:34      -81.680731        8.3316
BFGS:   41 10:34:34      -81.847916        8.1852
BFGS:   42 10:34:34      -82.023809        7.8425
BFGS:   43 10:34:34      -82.186064        7.5343
BFGS:   44 10:34:34      -82.354533        7.1794
BFGS:   45 10:34:34      -82.523410        6.7978
BFGS:   46 10:34:34      -82.746600        6.3356
BFGS:   47 10:34:34      -83.062250        7.0171
BFGS:   48 10:34:34      -83.513135       10.0316
BFGS:   49 10:34:34      -84.125033       13.2959
BFGS:   50 10:34:35      -84.883024       15.6702
BFGS:   51 10:34:35      -85.712249       15.8005
BFGS:   52 10:34:35      -86.457600       13.7139
BFGS:   53 10:34:35      -87.071564        9.8922
BFGS:   54 10:34:35      -87.506440        5.3697
BFGS:   55 10:34:35      -87.780603        4.9817
BFGS:   56 10:34:35      -87.858192        6.0132
BFGS:   57 10:34:35      -87.943199        5.1371
BFGS:   58 10:34:35      -88.006082        4.7659
BFGS:   59 10:34:35      -88.129155        5.0221
BFGS:   60 10:34:35      -88.235689        5.4160
BFGS:   61 10:34:35      -88.352789        5.8564
BFGS:   62 10:34:35      -88.544528        5.7615
BFGS:   63 10:34:35      -88.843846        5.3651
BFGS:   64 10:34:35      -89.226495        4.8294
BFGS:   65 10:34:35      -89.633995        4.5389
BFGS:   66 10:34:35      -89.980441        4.6655
BFGS:   67 10:34:35      -90.320662        6.5506
BFGS:   68 10:34:35      -90.697358        8.5732
BFGS:   69 10:34:35      -91.083961       10.6409
BFGS:   70 10:34:35      -91.436098       12.2629
BFGS:   71 10:34:35      -91.737138       12.8251
BFGS:   72 10:34:35      -92.014049       12.5094
BFGS:   73 10:34:35      -92.276607       11.7095
BFGS:   74 10:34:36      -92.525240       10.6232
BFGS:   75 10:34:36      -92.759540        9.3433
BFGS:   76 10:34:36      -92.981202        7.9950
BFGS:   77 10:34:36      -93.192956        6.5351
BFGS:   78 10:34:36      -93.368441        5.4475
BFGS:   79 10:34:36      -93.525321        4.4478
BFGS:   80 10:34:36      -93.660107        4.2655
BFGS:   81 10:34:36      -93.780986        3.8422
BFGS:   82 10:34:36      -93.872779        3.5203
BFGS:   83 10:34:36      -93.937702        2.7914
BFGS:   84 10:34:36      -93.967107        2.6953
BFGS:   85 10:34:36      -94.002804        2.7474
BFGS:   86 10:34:36      -94.016448        2.6707
BFGS:   87 10:34:36      -94.028938        2.7754
BFGS:   88 10:34:36      -94.045075        2.8065
BFGS:   89 10:34:36      -94.064726        2.6674
BFGS:   90 10:34:36      -94.082869        2.4053
BFGS:   91 10:34:36      -94.109181        1.9739
BFGS:   92 10:34:36      -94.137946        2.0569
BFGS:   93 10:34:36      -94.161924        1.5836
BFGS:   94 10:34:36      -94.174558        0.8182
BFGS:   95 10:34:36      -94.182354        0.8385
BFGS:   96 10:34:36      -94.189817        0.9706
BFGS:   97 10:34:36      -94.199039        0.8746
BFGS:   98 10:34:36      -94.205426        0.6359
BFGS:   99 10:34:36      -94.209577        0.4842
BFGS:  100 10:34:36      -94.211520        0.4451
BFGS:  101 10:34:37      -94.212986        0.3924
BFGS:  102 10:34:37      -94.214224        0.4118
BFGS:  103 10:34:37      -94.215852        0.4710
BFGS:  104 10:34:37      -94.217303        0.5239
BFGS:  105 10:34:37      -94.218773        0.5140
BFGS:  106 10:34:37      -94.219893        0.4604
BFGS:  107 10:34:37      -94.220874        0.3614
BFGS:  108 10:34:37      -94.221802        0.3280
BFGS:  109 10:34:37      -94.222789        0.2780
BFGS:  110 10:34:37      -94.223618        0.1813
BFGS:  111 10:34:37      -94.224045        0.1448
BFGS:  112 10:34:37      -94.224177        0.1398
BFGS:  113 10:34:37      -94.224219        0.1364
BFGS:  114 10:34:37      -94.224245        0.1403
BFGS:  115 10:34:37      -94.224275        0.1478
BFGS:  116 10:34:37      -94.224317        0.1622
BFGS:  117 10:34:37      -94.224395        0.1794
BFGS:  118 10:34:37      -94.224554        0.2028
BFGS:  119 10:34:37      -94.224928        0.2302
BFGS:  120 10:34:37      -94.225935        0.3170
BFGS:  121 10:34:37      -94.227743        0.4616
BFGS:  122 10:34:37      -94.229671        0.5822
BFGS:  123 10:34:37      -94.231561        0.6886
BFGS:  124 10:34:37      -94.233378        0.7749
BFGS:  125 10:34:37      -94.235525        0.9675
BFGS:  126 10:34:37      -94.238906        1.1750
BFGS:  127 10:34:38      -94.244335        1.3438
BFGS:  128 10:34:38      -94.252401        1.4591
BFGS:  129 10:34:38      -94.263346        1.5135
BFGS:  130 10:34:38      -94.276657        1.5305
BFGS:  131 10:34:38      -94.291595        1.5563
BFGS:  132 10:34:38      -94.308342        1.6748
BFGS:  133 10:34:38      -94.326691        1.9229
BFGS:  134 10:34:38      -94.344088        2.1580
BFGS:  135 10:34:38      -94.365115        2.2658
BFGS:  136 10:34:38      -94.401214        2.5107
BFGS:  137 10:34:38      -94.438254        3.1697
BFGS:  138 10:34:38      -94.472201        4.0705
BFGS:  139 10:34:38      -94.581919        5.3447
BFGS:  140 10:34:38      -94.636721        6.5606
BFGS:  141 10:34:38      -94.795141        6.0664
BFGS:  142 10:34:38      -94.872226        5.8396
BFGS:  143 10:34:38      -95.071054        5.2199
BFGS:  144 10:34:38      -95.166185        6.1250
BFGS:  145 10:34:38      -95.212181        6.7213
BFGS:  146 10:34:38      -95.245072        6.6437
BFGS:  147 10:34:38      -95.269933        6.5510
BFGS:  148 10:34:38      -95.291053        6.2299
BFGS:  149 10:34:38      -95.307366        5.9143
BFGS:  150 10:34:38      -95.319737        5.2965
BFGS:  151 10:34:38      -95.325452        5.1061
BFGS:  152 10:34:38      -95.330842        4.8476
BFGS:  153 10:34:38      -95.335213        4.8117
BFGS:  154 10:34:39      -95.336880        4.8642
BFGS:  155 10:34:39      -95.337721        4.9411
BFGS:  156 10:34:39      -95.338057        4.9809
BFGS:  157 10:34:39      -95.338276        5.0451
BFGS:  158 10:34:39      -95.338329        5.0520
BFGS:  159 10:34:39      -95.338589        5.0799
BFGS:  160 10:34:39      -95.338907        5.0861
BFGS:  161 10:34:39      -95.339606        5.0913
BFGS:  162 10:34:39      -95.340770        5.0788
BFGS:  163 10:34:39      -95.343016        5.0536
BFGS:  164 10:34:39      -95.347471        5.0057
BFGS:  165 10:34:39      -95.357230        4.9320
BFGS:  166 10:34:39      -95.379252        4.8191
BFGS:  167 10:34:39      -95.429313        4.6489
BFGS:  168 10:34:39      -95.520496        4.4065
BFGS:  169 10:34:39      -95.624326        4.4187
BFGS:  170 10:34:39      -95.742313        4.6973
BFGS:  171 10:34:39      -95.872030        4.8156
BFGS:  172 10:34:39      -96.009665        4.7858
BFGS:  173 10:34:39      -96.149337        4.6199
BFGS:  174 10:34:39      -96.285985        4.3322
BFGS:  175 10:34:39      -96.414662        3.9383
BFGS:  176 10:34:39      -96.531009        3.4558
BFGS:  177 10:34:39      -96.631516        2.9036
BFGS:  178 10:34:39      -96.713858        2.3007
BFGS:  179 10:34:39      -96.776774        1.6676
BFGS:  180 10:34:39      -96.820252        1.0253
BFGS:  181 10:34:39      -96.845132        0.5531
BFGS:  182 10:34:40      -96.853698        0.2182
BFGS:  183 10:34:40      -96.854831        0.2520
BFGS:  184 10:34:40      -96.854743        0.4046
BFGS:  185 10:34:40      -96.855626        0.0588
