      Step     Time          Energy         fmax
BFGS:    0 09:43:16      -41.631535       18.3395
BFGS:    1 09:43:16      -45.468904       16.1634
BFGS:    2 09:43:16      -48.753223       15.6128
BFGS:    3 09:43:16      -51.991675       12.7310
BFGS:    4 09:43:16      -54.790209       13.0487
BFGS:    5 09:43:16      -57.147866       11.9160
BFGS:    6 09:43:16      -59.238740       11.0207
BFGS:    7 09:43:16      -60.668741       10.2775
BFGS:    8 09:43:16      -61.992769       11.8212
BFGS:    9 09:43:16      -63.348847       12.2150
BFGS:   10 09:43:16      -64.526816       11.0955
BFGS:   11 09:43:16      -65.365031       11.7120
BFGS:   12 09:43:16      -65.988397       11.8505
BFGS:   13 09:43:16      -66.576080       12.0892
BFGS:   14 09:43:16      -67.214904       12.1033
BFGS:   15 09:43:16      -67.882339       11.7318
BFGS:   16 09:43:16      -68.559656       10.9355
BFGS:   17 09:43:16      -69.236323        9.7932
BFGS:   18 09:43:16      -69.847772        8.0421
BFGS:   19 09:43:16      -70.408172        6.7610
BFGS:   20 09:43:16      -70.981979        7.6969
BFGS:   21 09:43:16      -71.583780        6.1772
BFGS:   22 09:43:16      -72.144858        4.6401
BFGS:   23 09:43:16      -72.617221        4.3892
BFGS:   24 09:43:16      -73.094592        4.9229
BFGS:   25 09:43:16      -73.476561        5.6601
BFGS:   26 09:43:17      -73.814957        6.4766
BFGS:   27 09:43:17      -74.336947        4.1624
BFGS:   28 09:43:17      -74.764857        3.9942
BFGS:   29 09:43:17      -75.174668        3.8963
BFGS:   30 09:43:17      -75.519856        4.4966
BFGS:   31 09:43:17      -75.873191        5.7769
BFGS:   32 09:43:17      -76.165373        5.4845
BFGS:   33 09:43:17      -76.397883        4.3035
BFGS:   34 09:43:17      -76.647343        3.8359
BFGS:   35 09:43:17      -76.847200        4.3127
BFGS:   36 09:43:17      -77.082131        3.8156
BFGS:   37 09:43:17      -77.309296        4.8438
BFGS:   38 09:43:17      -77.545269        6.1599
BFGS:   39 09:43:17      -77.895090        7.9608
BFGS:   40 09:43:17      -78.432176        8.9081
BFGS:   41 09:43:17      -79.012677        8.0483
BFGS:   42 09:43:17      -79.512000        6.3038
BFGS:   43 09:43:17      -79.967090        6.0631
BFGS:   44 09:43:17      -80.387410        6.3261
BFGS:   45 09:43:17      -80.805735        7.2898
BFGS:   46 09:43:17      -81.195914        7.1099
BFGS:   47 09:43:17      -81.510099        4.9423
BFGS:   48 09:43:17      -81.691839        4.9644
BFGS:   49 09:43:17      -81.833878        4.9875
BFGS:   50 09:43:17      -82.125651        4.5456
BFGS:   51 09:43:17      -82.323830        5.5680
BFGS:   52 09:43:17      -82.483401        6.0644
BFGS:   53 09:43:17      -82.634848        6.1295
BFGS:   54 09:43:17      -82.797708        6.4452
BFGS:   55 09:43:17      -83.061715        6.3053
BFGS:   56 09:43:17      -83.542224        7.9663
BFGS:   57 09:43:18      -84.218942        8.9023
BFGS:   58 09:43:18      -84.858380        6.2048
BFGS:   59 09:43:18      -85.303886        4.9521
BFGS:   60 09:43:18      -85.622170        5.5346
BFGS:   61 09:43:18      -85.907367        5.7454
BFGS:   62 09:43:18      -86.205008        5.8306
BFGS:   63 09:43:18      -86.511060        6.1520
BFGS:   64 09:43:18      -86.822424        7.9367
BFGS:   65 09:43:18      -87.126555        9.1848
BFGS:   66 09:43:18      -87.456500        8.4660
BFGS:   67 09:43:18      -87.644987        8.7752
BFGS:   68 09:43:18      -87.809633        8.9263
BFGS:   69 09:43:18      -87.957983        8.6460
BFGS:   70 09:43:18      -88.093765        8.3159
BFGS:   71 09:43:18      -88.223830        7.7995
BFGS:   72 09:43:18      -88.352033        7.8568
BFGS:   73 09:43:18      -88.483084        8.2264
BFGS:   74 09:43:18      -88.617451        8.8483
BFGS:   75 09:43:18      -88.830945        9.8616
BFGS:   76 09:43:18      -89.003977       10.6722
BFGS:   77 09:43:18      -89.413814       11.7929
BFGS:   78 09:43:18      -89.844774       11.9690
BFGS:   79 09:43:18      -90.228179       11.2909
BFGS:   80 09:43:18      -90.654596       10.1425
BFGS:   81 09:43:18      -91.107637       10.6715
BFGS:   82 09:43:18      -91.572421       10.6722
BFGS:   83 09:43:18      -92.043291        9.7321
BFGS:   84 09:43:18      -92.347668        8.4380
BFGS:   85 09:43:18      -92.530415        8.0729
BFGS:   86 09:43:18      -92.755161        8.2614
BFGS:   87 09:43:18      -93.023818        8.3682
BFGS:   88 09:43:18      -93.278911        8.5510
BFGS:   89 09:43:19      -93.505588        6.7355
BFGS:   90 09:43:19      -93.672815        5.1069
BFGS:   91 09:43:19      -93.807081        4.3728
BFGS:   92 09:43:19      -93.929011        3.4312
BFGS:   93 09:43:19      -94.028722        3.3448
BFGS:   94 09:43:19      -94.138854        3.0824
BFGS:   95 09:43:19      -94.235155        3.2547
BFGS:   96 09:43:19      -94.340892        2.8456
BFGS:   97 09:43:19      -94.452987        2.9865
BFGS:   98 09:43:19      -94.553618        3.3411
BFGS:   99 09:43:19      -94.640469        3.1755
BFGS:  100 09:43:19      -94.714154        3.2252
BFGS:  101 09:43:19      -94.791615        3.2963
BFGS:  102 09:43:19      -94.951087        3.1056
BFGS:  103 09:43:19      -95.255572        3.4599
BFGS:  104 09:43:19      -95.666433        4.9385
BFGS:  105 09:43:19      -96.039532        5.3248
BFGS:  106 09:43:19      -96.313111        7.3431
BFGS:  107 09:43:19      -96.576660        8.3545
BFGS:  108 09:43:19      -96.916785        9.4856
BFGS:  109 09:43:19      -97.264406       10.6558
BFGS:  110 09:43:19      -97.625326       10.7393
BFGS:  111 09:43:19      -97.979534        9.8796
BFGS:  112 09:43:19      -98.326430        8.6959
BFGS:  113 09:43:19      -98.656172        7.4664
BFGS:  114 09:43:19      -98.973188        6.2967
BFGS:  115 09:43:19      -99.254575        5.3706
BFGS:  116 09:43:19      -99.500191        4.2000
BFGS:  117 09:43:19      -99.658975        3.4694
BFGS:  118 09:43:19      -99.721263        3.8678
BFGS:  119 09:43:19      -99.762114        2.2801
BFGS:  120 09:43:19      -99.814832        2.2532
BFGS:  121 09:43:20      -99.869813        2.1097
BFGS:  122 09:43:20      -99.877263        2.0754
BFGS:  123 09:43:20      -99.894418        1.8449
BFGS:  124 09:43:20      -99.903963        1.7501
BFGS:  125 09:43:20      -99.934866        1.5240
BFGS:  126 09:43:20     -100.001143        1.4386
BFGS:  127 09:43:20     -100.186932        2.9153
BFGS:  128 09:43:20     -100.489405        3.4795
BFGS:  129 09:43:20     -100.783825        2.3287
BFGS:  130 09:43:20     -100.936979        3.2518
BFGS:  131 09:43:20     -101.015164        1.2249
BFGS:  132 09:43:20     -101.031834        0.9314
BFGS:  133 09:43:20     -101.036251        0.7511
BFGS:  134 09:43:20     -101.039836        0.6395
BFGS:  135 09:43:20     -101.041924        0.6749
BFGS:  136 09:43:20     -101.043744        0.7305
BFGS:  137 09:43:20     -101.044903        0.6287
BFGS:  138 09:43:20     -101.046288        0.5311
BFGS:  139 09:43:20     -101.046968        0.4979
BFGS:  140 09:43:20     -101.048795        0.5022
BFGS:  141 09:43:20     -101.049915        0.4854
BFGS:  142 09:43:20     -101.052458        0.6472
BFGS:  143 09:43:20     -101.054613        0.7083
BFGS:  144 09:43:20     -101.057383        0.7305
BFGS:  145 09:43:20     -101.059150        0.6774
BFGS:  146 09:43:20     -101.061657        0.8129
BFGS:  147 09:43:20     -101.064418        0.8867
BFGS:  148 09:43:20     -101.071654        0.9888
BFGS:  149 09:43:20     -101.080293        1.1224
BFGS:  150 09:43:20     -101.100635        1.4593
BFGS:  151 09:43:20     -101.131889        2.3357
BFGS:  152 09:43:21     -101.203449        3.4783
BFGS:  153 09:43:21     -101.347536        5.0910
BFGS:  154 09:43:21     -101.581327        6.8476
BFGS:  155 09:43:21     -101.877539        7.8640
BFGS:  156 09:43:21     -102.166954        7.6086
BFGS:  157 09:43:21     -102.409214        6.6901
BFGS:  158 09:43:21     -102.619674        5.8899
BFGS:  159 09:43:21     -102.816265        5.2818
BFGS:  160 09:43:21     -103.008496        4.6669
BFGS:  161 09:43:21     -103.203042        3.9923
BFGS:  162 09:43:21     -103.398398        3.6375
BFGS:  163 09:43:21     -103.584800        4.1838
BFGS:  164 09:43:21     -103.750221        4.3161
BFGS:  165 09:43:21     -103.890984        4.0527
BFGS:  166 09:43:21     -104.019831        4.5536
BFGS:  167 09:43:21     -104.167626        5.5719
BFGS:  168 09:43:21     -104.338349        7.1233
BFGS:  169 09:43:21     -104.516354        8.8786
BFGS:  170 09:43:21     -104.772077        9.2633
BFGS:  171 09:43:21     -104.924930       10.2722
BFGS:  172 09:43:21     -105.158187        9.6367
BFGS:  173 09:43:21     -105.450137        8.5897
BFGS:  174 09:43:21     -105.666842        8.7049
BFGS:  175 09:43:21     -105.837659        9.7393
BFGS:  176 09:43:21     -105.922980        9.0498
BFGS:  177 09:43:21     -106.032568        8.4866
BFGS:  178 09:43:21     -106.162302        8.0733
BFGS:  179 09:43:21     -106.257914        7.3868
BFGS:  180 09:43:21     -106.301424        7.3405
BFGS:  181 09:43:21     -106.332603        7.5418
BFGS:  182 09:43:21     -106.374528        7.7037
BFGS:  183 09:43:21     -106.419021        7.6486
BFGS:  184 09:43:22     -106.459992        7.7842
BFGS:  185 09:43:22     -106.482179        7.4162
BFGS:  186 09:43:22     -106.493947        7.3887
BFGS:  187 09:43:22     -106.500629        7.3193
BFGS:  188 09:43:22     -106.506761        7.2711
BFGS:  189 09:43:22     -106.513856        7.2079
BFGS:  190 09:43:22     -106.529017        7.0442
BFGS:  191 09:43:22     -106.550100        6.8214
BFGS:  192 09:43:22     -106.570449        6.5610
BFGS:  193 09:43:22     -106.579200        6.5083
BFGS:  194 09:43:22     -106.581507        6.5187
BFGS:  195 09:43:22     -106.582494        6.5580
BFGS:  196 09:43:22     -106.583081        6.5910
BFGS:  197 09:43:22     -106.583320        6.6022
BFGS:  198 09:43:22     -106.583474        6.6089
BFGS:  199 09:43:22     -106.583505        6.6069
BFGS:  200 09:43:22     -106.584879        6.5937
BFGS:  201 09:43:22     -106.603422        6.4381
BFGS:  202 09:43:22     -106.634257        6.2218
BFGS:  203 09:43:22     -106.719789        6.5412
BFGS:  204 09:43:22     -106.841419        6.9860
BFGS:  205 09:43:22     -107.006030        7.0633
BFGS:  206 09:43:22     -107.212730        6.7401
BFGS:  207 09:43:22     -107.456757        5.9299
BFGS:  208 09:43:22     -107.722976        4.3815
BFGS:  209 09:43:22     -107.938841        1.6925
BFGS:  210 09:43:22     -107.967265        0.9534
BFGS:  211 09:43:22     -107.984183        0.8487
BFGS:  212 09:43:22     -107.986091        0.7640
BFGS:  213 09:43:22     -107.987067        0.7713
BFGS:  214 09:43:22     -107.987483        0.7476
BFGS:  215 09:43:22     -107.987719        0.7330
BFGS:  216 09:43:23     -107.987772        0.7224
BFGS:  217 09:43:23     -107.987981        0.6801
BFGS:  218 09:43:23     -107.988189        0.6566
BFGS:  219 09:43:23     -107.988974        0.6940
BFGS:  220 09:43:23     -107.990408        0.6788
BFGS:  221 09:43:23     -107.992907        0.5319
BFGS:  222 09:43:23     -107.995234        0.2534
BFGS:  223 09:43:23     -107.996196        0.1072
BFGS:  224 09:43:23     -107.996327        0.0199
