      Step     Time          Energy         fmax
BFGS:    0 09:50:30      -31.669101       14.2643
BFGS:    1 09:50:30      -34.885456       10.4676
BFGS:    2 09:50:30      -38.114898        9.7224
BFGS:    3 09:50:30      -40.544251        7.8606
BFGS:    4 09:50:31      -43.040502       11.8402
BFGS:    5 09:50:31      -45.555739       15.9193
BFGS:    6 09:50:31      -47.351282       17.5236
BFGS:    7 09:50:31      -48.755366       15.5857
BFGS:    8 09:50:31      -50.248077       12.6526
BFGS:    9 09:50:31      -51.228949       12.7170
BFGS:   10 09:50:31      -51.955277       12.9109
BFGS:   11 09:50:31      -52.578763       11.8742
BFGS:   12 09:50:31      -53.303441       11.0886
BFGS:   13 09:50:31      -53.998819       10.1011
BFGS:   14 09:50:31      -54.676914        9.5311
BFGS:   15 09:50:31      -55.293980        9.6832
BFGS:   16 09:50:31      -55.923868        9.9269
BFGS:   17 09:50:31      -56.398095       11.2026
BFGS:   18 09:50:31      -56.850884       13.1487
BFGS:   19 09:50:31      -57.279821       14.9259
BFGS:   20 09:50:31      -57.766015       16.1478
BFGS:   21 09:50:31      -58.367758       16.3210
BFGS:   22 09:50:31      -59.011360       15.9061
BFGS:   23 09:50:31      -59.693233       17.3147
BFGS:   24 09:50:32      -60.244045       19.9173
BFGS:   25 09:50:32      -61.129891       14.8185
BFGS:   26 09:50:32      -61.936819       13.1525
BFGS:   27 09:50:32      -62.689129       10.7806
BFGS:   28 09:50:32      -63.389683       11.5362
BFGS:   29 09:50:32      -64.075202       13.2636
BFGS:   30 09:50:32      -64.736209       13.9956
BFGS:   31 09:50:32      -65.351733       13.6340
BFGS:   32 09:50:32      -65.942285       12.6999
BFGS:   33 09:50:32      -66.492335       12.1727
BFGS:   34 09:50:32      -67.047613       13.4282
BFGS:   35 09:50:32      -67.598923       14.5349
BFGS:   36 09:50:32      -68.134306       14.6747
BFGS:   37 09:50:32      -68.671035       13.3637
BFGS:   38 09:50:32      -69.168698       12.1421
BFGS:   39 09:50:32      -69.615838       12.2808
BFGS:   40 09:50:32      -70.074208       12.9263
BFGS:   41 09:50:32      -70.673553       14.0708
BFGS:   42 09:50:32      -71.500823       13.4280
BFGS:   43 09:50:32      -72.433544       13.5677
BFGS:   44 09:50:32      -73.275169       14.1622
BFGS:   45 09:50:32      -74.047529       13.8326
BFGS:   46 09:50:32      -74.777124       13.7091
BFGS:   47 09:50:32      -75.629695       13.2457
BFGS:   48 09:50:32      -76.428866       14.2871
BFGS:   49 09:50:32      -77.114980       15.4759
BFGS:   50 09:50:32      -78.390594       14.5053
BFGS:   51 09:50:32      -79.520885       13.3690
BFGS:   52 09:50:32      -80.417698       12.0030
BFGS:   53 09:50:33      -81.120169       10.1134
BFGS:   54 09:50:33      -81.683377        9.4777
BFGS:   55 09:50:33      -82.264212        8.6746
BFGS:   56 09:50:33      -82.851142        8.9222
BFGS:   57 09:50:33      -83.458651       10.4790
BFGS:   58 09:50:33      -83.997312       10.9311
BFGS:   59 09:50:33      -84.462980       11.9622
BFGS:   60 09:50:33      -84.893551       11.9126
BFGS:   61 09:50:33      -85.319264       11.3079
BFGS:   62 09:50:33      -85.753917        9.9624
BFGS:   63 09:50:33      -86.197545       10.0127
BFGS:   64 09:50:33      -86.637535        9.9363
BFGS:   65 09:50:33      -87.056975        9.6263
BFGS:   66 09:50:33      -87.518201       10.5884
BFGS:   67 09:50:33      -88.005314       10.7014
BFGS:   68 09:50:33      -88.445662        9.6961
BFGS:   69 09:50:33      -88.836626       10.2892
BFGS:   70 09:50:33      -89.268675       11.9336
BFGS:   71 09:50:33      -89.640603       13.8261
BFGS:   72 09:50:33      -89.990707       14.8993
BFGS:   73 09:50:33      -90.326070       15.2099
BFGS:   74 09:50:33      -90.660042       14.2220
BFGS:   75 09:50:33      -91.007296       16.1734
BFGS:   76 09:50:33      -91.490227       16.0432
BFGS:   77 09:50:33      -91.902255       18.1368
BFGS:   78 09:50:33      -92.447384       11.8448
BFGS:   79 09:50:33      -92.608214        8.1019
BFGS:   80 09:50:33      -92.878616        7.1966
BFGS:   81 09:50:34      -93.006074        8.4413
BFGS:   82 09:50:34      -93.196862        6.5219
BFGS:   83 09:50:34      -93.436832        6.1194
BFGS:   84 09:50:34      -93.650680        5.6307
BFGS:   85 09:50:34      -93.841276        6.9295
BFGS:   86 09:50:34      -94.038945        7.7258
BFGS:   87 09:50:34      -94.266818        7.4766
BFGS:   88 09:50:34      -94.498841        7.2149
BFGS:   89 09:50:34      -94.748449        8.2918
BFGS:   90 09:50:34      -95.263643        9.7970
BFGS:   91 09:50:34      -95.677239       10.2819
BFGS:   92 09:50:34      -96.170085        9.5442
BFGS:   93 09:50:34      -96.552587        7.3509
BFGS:   94 09:50:34      -96.869242        6.3288
BFGS:   95 09:50:34      -97.118527        5.5783
BFGS:   96 09:50:34      -97.303341        5.7667
BFGS:   97 09:50:34      -97.436980        6.7302
BFGS:   98 09:50:34      -97.527263        6.9689
BFGS:   99 09:50:34      -97.603541        7.1220
BFGS:  100 09:50:34      -97.713390        7.1023
BFGS:  101 09:50:34      -97.787432        7.1419
BFGS:  102 09:50:34      -97.828655        6.9098
BFGS:  103 09:50:34      -97.864372        6.9859
BFGS:  104 09:50:34      -97.898715        6.7821
BFGS:  105 09:50:34      -97.947432        6.8993
BFGS:  106 09:50:34      -97.987910        6.6490
BFGS:  107 09:50:34      -98.028488        6.6840
BFGS:  108 09:50:34      -98.057066        6.4519
BFGS:  109 09:50:35      -98.080945        6.2847
BFGS:  110 09:50:35      -98.097184        6.0571
BFGS:  111 09:50:35      -98.113701        5.7452
BFGS:  112 09:50:35      -98.137371        5.3092
BFGS:  113 09:50:35      -98.176641        4.5164
BFGS:  114 09:50:35      -98.233126        3.5871
BFGS:  115 09:50:35      -98.306242        3.6378
BFGS:  116 09:50:35      -98.373025        3.5776
BFGS:  117 09:50:35      -98.439064        3.6242
BFGS:  118 09:50:35      -98.477948        3.6085
BFGS:  119 09:50:35      -98.512475        3.6746
BFGS:  120 09:50:35      -98.528422        3.7477
BFGS:  121 09:50:35      -98.543428        4.1843
BFGS:  122 09:50:35      -98.548097        3.9252
BFGS:  123 09:50:35      -98.552196        3.8942
BFGS:  124 09:50:35      -98.553482        3.7907
BFGS:  125 09:50:35      -98.555799        3.7506
BFGS:  126 09:50:35      -98.556594        3.7292
BFGS:  127 09:50:35      -98.557161        3.7897
BFGS:  128 09:50:35      -98.557371        3.8003
BFGS:  129 09:50:35      -98.559738        3.8098
BFGS:  130 09:50:35      -98.568339        3.8396
BFGS:  131 09:50:35      -98.583964        3.8062
BFGS:  132 09:50:35      -98.614848        3.5393
BFGS:  133 09:50:35      -98.650725        3.0098
BFGS:  134 09:50:35      -98.673291        2.9484
BFGS:  135 09:50:35      -98.680707        3.0486
BFGS:  136 09:50:36      -98.683468        3.0375
BFGS:  137 09:50:36      -98.685080        3.0167
BFGS:  138 09:50:36      -98.685836        2.9783
BFGS:  139 09:50:36      -98.686625        2.9167
BFGS:  140 09:50:36      -98.686775        2.8855
BFGS:  141 09:50:36      -98.689163        2.7080
BFGS:  142 09:50:36      -98.698043        2.7085
BFGS:  143 09:50:36      -98.716141        2.6709
BFGS:  144 09:50:36      -98.745497        2.2031
BFGS:  145 09:50:36      -98.776912        1.2097
BFGS:  146 09:50:36      -98.791303        0.5627
BFGS:  147 09:50:36      -98.793771        0.4301
BFGS:  148 09:50:36      -98.794011        0.4059
BFGS:  149 09:50:36      -98.794102        0.3915
BFGS:  150 09:50:36      -98.794138        0.4241
BFGS:  151 09:50:36      -98.794147        0.4296
BFGS:  152 09:50:36      -98.794201        0.4506
BFGS:  153 09:50:36      -98.794272        0.4670
BFGS:  154 09:50:36      -98.794484        0.4882
BFGS:  155 09:50:36      -98.794966        0.4983
BFGS:  156 09:50:36      -98.796022        0.4607
BFGS:  157 09:50:36      -98.797721        0.3681
BFGS:  158 09:50:36      -98.799337        0.2804
BFGS:  159 09:50:36      -98.800009        0.2165
BFGS:  160 09:50:36      -98.800137        0.2231
BFGS:  161 09:50:36      -98.800176        0.2225
BFGS:  162 09:50:36      -98.800193        0.2286
BFGS:  163 09:50:36      -98.800195        0.2297
BFGS:  164 09:50:37      -98.800233        0.2388
BFGS:  165 09:50:37      -98.800303        0.2474
BFGS:  166 09:50:37      -98.800486        0.2554
BFGS:  167 09:50:37      -98.800895        0.2503
BFGS:  168 09:50:37      -98.801679        0.2335
BFGS:  169 09:50:37      -98.802673        0.1725
BFGS:  170 09:50:37      -98.803305        0.1505
BFGS:  171 09:50:37      -98.803458        0.1176
BFGS:  172 09:50:37      -98.803472        0.1224
BFGS:  173 09:50:37      -98.803475        0.1222
BFGS:  174 09:50:37      -98.803478        0.1219
BFGS:  175 09:50:37      -98.803481        0.1217
BFGS:  176 09:50:37      -98.803494        0.1205
BFGS:  177 09:50:37      -98.803520        0.1171
BFGS:  178 09:50:37      -98.803586        0.1071
BFGS:  179 09:50:37      -98.803718        0.0844
