      Step     Time          Energy         fmax
BFGS:    0 10:48:40      -31.662334       32.3098
BFGS:    1 10:48:40      -34.567293       17.7121
BFGS:    2 10:48:40      -37.783057       15.5919
BFGS:    3 10:48:40      -40.662846       11.3779
BFGS:    4 10:48:40      -43.247025       11.9261
BFGS:    5 10:48:40      -45.863079       11.5313
BFGS:    6 10:48:40      -48.315434       10.4857
BFGS:    7 10:48:40      -49.890015       11.2190
BFGS:    8 10:48:40      -51.122952       11.8531
BFGS:    9 10:48:40      -52.245138       10.3396
BFGS:   10 10:48:40      -53.488421       11.7376
BFGS:   11 10:48:40      -54.388500       12.9176
BFGS:   12 10:48:40      -55.173746       12.6526
BFGS:   13 10:48:40      -55.966719       12.3491
BFGS:   14 10:48:40      -56.728967       12.0512
BFGS:   15 10:48:40      -57.521880       14.0715
BFGS:   16 10:48:40      -58.311509       15.3189
BFGS:   17 10:48:40      -59.028323       15.8482
BFGS:   18 10:48:40      -59.747654       15.6560
BFGS:   19 10:48:40      -60.433739       14.5446
BFGS:   20 10:48:40      -61.094371       13.4263
BFGS:   21 10:48:40      -61.733033       12.2092
BFGS:   22 10:48:40      -62.407490       11.5478
BFGS:   23 10:48:40      -63.164098       13.0480
BFGS:   24 10:48:41      -63.890104       14.5865
BFGS:   25 10:48:41      -64.537919       15.8977
BFGS:   26 10:48:41      -65.187087       16.9939
BFGS:   27 10:48:41      -65.798212       18.0588
BFGS:   28 10:48:41      -66.300544       18.3392
BFGS:   29 10:48:41      -66.718666       18.1647
BFGS:   30 10:48:41      -67.171392       17.4466
BFGS:   31 10:48:41      -67.677069       18.0445
BFGS:   32 10:48:41      -68.182586       19.5084
BFGS:   33 10:48:41      -68.674097       19.7231
BFGS:   34 10:48:41      -69.147156       20.2494
BFGS:   35 10:48:41      -69.707253       19.0217
BFGS:   36 10:48:41      -70.253774       18.7282
BFGS:   37 10:48:41      -70.788365       18.1705
BFGS:   38 10:48:41      -71.382669       15.8824
BFGS:   39 10:48:41      -72.160254       14.6527
BFGS:   40 10:48:41      -72.871775       13.1159
BFGS:   41 10:48:41      -73.514305       12.2430
BFGS:   42 10:48:41      -74.129155       11.8994
BFGS:   43 10:48:41      -74.749347       11.7523
BFGS:   44 10:48:41      -75.414551       10.9722
BFGS:   45 10:48:41      -75.893159        9.7244
BFGS:   46 10:48:41      -76.226231        8.7667
BFGS:   47 10:48:41      -76.471853        8.1916
BFGS:   48 10:48:41      -76.738291        7.1700
BFGS:   49 10:48:41      -76.941844        6.4121
BFGS:   50 10:48:41      -77.146357        7.7594
BFGS:   51 10:48:41      -77.382163        7.1228
BFGS:   52 10:48:41      -77.619254        7.3745
BFGS:   53 10:48:41      -77.829296        8.5092
BFGS:   54 10:48:41      -78.025097        9.5648
BFGS:   55 10:48:42      -78.245911       10.1386
BFGS:   56 10:48:42      -78.413920       10.0960
BFGS:   57 10:48:42      -78.637626       10.0242
BFGS:   58 10:48:42      -78.859300        9.3893
BFGS:   59 10:48:42      -79.071853        9.0603
BFGS:   60 10:48:42      -79.242514        9.5864
BFGS:   61 10:48:42      -79.391772        9.7117
BFGS:   62 10:48:42      -79.541778       10.1227
BFGS:   63 10:48:42      -79.720633       10.0203
BFGS:   64 10:48:42      -79.894130        9.6274
BFGS:   65 10:48:42      -80.043967        8.8201
BFGS:   66 10:48:42      -80.151427        7.6194
BFGS:   67 10:48:42      -80.212326        6.4043
BFGS:   68 10:48:42      -80.225194        5.8529
BFGS:   69 10:48:42      -80.252787        5.5450
BFGS:   70 10:48:42      -80.269124        5.6215
BFGS:   71 10:48:42      -80.288755        5.4145
BFGS:   72 10:48:42      -80.322030        4.9213
BFGS:   73 10:48:42      -80.350454        4.4586
BFGS:   74 10:48:42      -80.375540        3.9393
BFGS:   75 10:48:42      -80.399105        3.5394
BFGS:   76 10:48:42      -80.423867        3.2181
BFGS:   77 10:48:42      -80.451274        3.2256
BFGS:   78 10:48:42      -80.481180        3.1992
BFGS:   79 10:48:42      -80.513782        3.0738
BFGS:   80 10:48:42      -80.547949        2.7645
BFGS:   81 10:48:42      -80.574704        2.3434
BFGS:   82 10:48:42      -80.597234        2.1476
BFGS:   83 10:48:42      -80.614058        2.5847
BFGS:   84 10:48:42      -80.633866        2.7135
BFGS:   85 10:48:42      -80.656330        2.6171
BFGS:   86 10:48:43      -80.681432        2.4134
BFGS:   87 10:48:43      -80.707149        2.1843
BFGS:   88 10:48:43      -80.734259        1.9519
BFGS:   89 10:48:43      -80.752643        1.8428
BFGS:   90 10:48:43      -80.778080        1.9722
BFGS:   91 10:48:43      -80.801314        2.2333
BFGS:   92 10:48:43      -80.827322        2.5735
BFGS:   93 10:48:43      -80.852374        2.9099
BFGS:   94 10:48:43      -80.879333        3.2515
BFGS:   95 10:48:43      -80.925041        3.6647
BFGS:   96 10:48:43      -81.003004        4.1622
BFGS:   97 10:48:43      -81.155321        4.6422
BFGS:   98 10:48:43      -81.427301        6.0413
BFGS:   99 10:48:43      -81.840541        7.1286
BFGS:  100 10:48:43      -82.340175        6.5251
BFGS:  101 10:48:43      -82.739030        6.2656
BFGS:  102 10:48:43      -82.974298        6.6036
BFGS:  103 10:48:43      -83.253138        7.0331
BFGS:  104 10:48:43      -83.500898        8.8790
BFGS:  105 10:48:43      -83.810427       10.0867
BFGS:  106 10:48:43      -84.245308       10.0965
BFGS:  107 10:48:43      -84.671493       10.8710
BFGS:  108 10:48:43      -85.052085       10.9474
BFGS:  109 10:48:43      -85.549573        9.1358
BFGS:  110 10:48:43      -86.052244        9.9085
BFGS:  111 10:48:43      -86.431288       10.2458
BFGS:  112 10:48:43      -86.756685        9.8823
BFGS:  113 10:48:43      -86.999346        9.0361
BFGS:  114 10:48:43      -87.238876        8.8612
BFGS:  115 10:48:43      -87.454066        8.5439
BFGS:  116 10:48:43      -87.658940        8.0488
BFGS:  117 10:48:44      -87.852116        7.4355
BFGS:  118 10:48:44      -88.032347        6.6368
BFGS:  119 10:48:44      -88.198127        6.0043
BFGS:  120 10:48:44      -88.338118        5.6678
BFGS:  121 10:48:44      -88.411706        5.4592
BFGS:  122 10:48:44      -88.514887        4.8638
BFGS:  123 10:48:44      -88.616922        4.8138
BFGS:  124 10:48:44      -88.706143        4.3989
BFGS:  125 10:48:44      -88.778982        4.6097
BFGS:  126 10:48:44      -88.829456        4.5543
BFGS:  127 10:48:44      -88.878319        4.9796
BFGS:  128 10:48:44      -88.929898        4.9881
BFGS:  129 10:48:44      -89.086106        5.5007
BFGS:  130 10:48:44      -89.399839        5.8277
BFGS:  131 10:48:44      -89.600699        7.0694
BFGS:  132 10:48:44      -90.092453        6.3311
BFGS:  133 10:48:44      -90.441810        6.1473
BFGS:  134 10:48:44      -90.752929        5.8590
BFGS:  135 10:48:44      -91.058237        8.1147
BFGS:  136 10:48:44      -91.354565       10.2246
BFGS:  137 10:48:44      -91.641271       11.1093
BFGS:  138 10:48:44      -91.923451       10.8251
BFGS:  139 10:48:44      -92.187187        9.9601
BFGS:  140 10:48:44      -92.427423        8.4044
BFGS:  141 10:48:44      -92.615032        7.0108
BFGS:  142 10:48:44      -92.788182        4.7334
BFGS:  143 10:48:44      -92.890096        4.5886
BFGS:  144 10:48:45      -92.981633        4.0687
BFGS:  145 10:48:45      -93.038852        3.8422
BFGS:  146 10:48:45      -93.097983        4.4301
BFGS:  147 10:48:45      -93.115367        4.4463
BFGS:  148 10:48:45      -93.137862        4.8241
BFGS:  149 10:48:45      -93.164925        4.8217
BFGS:  150 10:48:45      -93.190523        5.0428
BFGS:  151 10:48:45      -93.216532        5.1214
BFGS:  152 10:48:45      -93.241431        5.2874
BFGS:  153 10:48:45      -93.264482        5.3537
BFGS:  154 10:48:45      -93.284298        5.4676
BFGS:  155 10:48:45      -93.298669        5.4227
BFGS:  156 10:48:45      -93.310151        5.4064
BFGS:  157 10:48:45      -93.328795        5.1909
BFGS:  158 10:48:45      -93.344455        4.9917
BFGS:  159 10:48:45      -93.362206        4.7339
BFGS:  160 10:48:45      -93.378632        4.9830
BFGS:  161 10:48:45      -93.395902        5.4353
BFGS:  162 10:48:45      -93.415626        5.8480
BFGS:  163 10:48:45      -93.446482        6.0664
BFGS:  164 10:48:45      -93.477994        6.1243
BFGS:  165 10:48:45      -93.522324        5.9477
BFGS:  166 10:48:45      -93.566396        5.7327
BFGS:  167 10:48:45      -93.615420        5.3779
BFGS:  168 10:48:45      -93.661264        5.0333
BFGS:  169 10:48:45      -93.705614        4.6196
BFGS:  170 10:48:45      -93.745666        4.2484
BFGS:  171 10:48:45      -93.784035        4.0828
BFGS:  172 10:48:46      -93.816671        3.8468
BFGS:  173 10:48:46      -93.848273        3.6091
BFGS:  174 10:48:46      -93.872901        3.3295
BFGS:  175 10:48:46      -93.897671        3.0400
BFGS:  176 10:48:46      -93.916830        2.7545
BFGS:  177 10:48:46      -93.936550        2.5924
BFGS:  178 10:48:46      -93.953865        2.5506
BFGS:  179 10:48:46      -93.971960        2.5567
BFGS:  180 10:48:46      -93.989230        2.5093
BFGS:  181 10:48:46      -94.007138        2.5260
BFGS:  182 10:48:46      -94.024698        2.4740
BFGS:  183 10:48:46      -94.042492        2.4757
BFGS:  184 10:48:46      -94.060131        2.5127
BFGS:  185 10:48:46      -94.077561        2.5104
BFGS:  186 10:48:46      -94.094805        2.5476
BFGS:  187 10:48:46      -94.111433        2.5422
BFGS:  188 10:48:46      -94.127692        2.5635
BFGS:  189 10:48:46      -94.142945        2.5523
BFGS:  190 10:48:46      -94.157673        2.5634
BFGS:  191 10:48:46      -94.170999        2.5456
BFGS:  192 10:48:46      -94.183834        2.5498
BFGS:  193 10:48:46      -94.194810        2.5283
BFGS:  194 10:48:46      -94.205514        2.5199
BFGS:  195 10:48:46      -94.214329        2.5102
BFGS:  196 10:48:47      -94.222441        2.4773
BFGS:  197 10:48:47      -94.229600        2.4763
BFGS:  198 10:48:47      -94.235526        2.4313
BFGS:  199 10:48:47      -94.241181        2.4245
BFGS:  200 10:48:47      -94.245758        2.3791
BFGS:  201 10:48:47      -94.250379        2.3532
BFGS:  202 10:48:47      -94.254425        2.3096
BFGS:  203 10:48:47      -94.258768        2.2664
BFGS:  204 10:48:47      -94.262860        2.2178
BFGS:  205 10:48:47      -94.267494        2.1577
BFGS:  206 10:48:47      -94.271909        2.0997
BFGS:  207 10:48:47      -94.277017        2.0209
BFGS:  208 10:48:47      -94.281868        1.9475
BFGS:  209 10:48:47      -94.287387        1.8485
BFGS:  210 10:48:47      -94.292594        1.7503
BFGS:  211 10:48:47      -94.298359        1.6249
BFGS:  212 10:48:47      -94.303504        1.4913
BFGS:  213 10:48:47      -94.309274        1.3235
BFGS:  214 10:48:47      -94.313339        1.1466
BFGS:  215 10:48:47      -94.318595        0.8970
BFGS:  216 10:48:47      -94.320897        0.6705
BFGS:  217 10:48:47      -94.323549        0.5696
BFGS:  218 10:48:47      -94.325133        0.4860
BFGS:  219 10:48:47      -94.327181        0.3672
BFGS:  220 10:48:47      -94.328472        0.3507
BFGS:  221 10:48:47      -94.328832        0.3815
BFGS:  222 10:48:48      -94.328937        0.3887
BFGS:  223 10:48:48      -94.328990        0.3991
BFGS:  224 10:48:48      -94.329077        0.3994
BFGS:  225 10:48:48      -94.329226        0.3987
BFGS:  226 10:48:48      -94.329427        0.3792
BFGS:  227 10:48:48      -94.329681        0.3599
BFGS:  228 10:48:48      -94.330064        0.3189
BFGS:  229 10:48:48      -94.330688        0.2624
BFGS:  230 10:48:48      -94.331551        0.2211
BFGS:  231 10:48:48      -94.332380        0.2613
BFGS:  232 10:48:48      -94.332847        0.2329
BFGS:  233 10:48:48      -94.333037        0.1729
BFGS:  234 10:48:48      -94.333092        0.1774
BFGS:  235 10:48:48      -94.333108        0.1503
BFGS:  236 10:48:48      -94.333115        0.1402
BFGS:  237 10:48:48      -94.333121        0.1306
BFGS:  238 10:48:48      -94.333125        0.1261
BFGS:  239 10:48:48      -94.333127        0.1276
BFGS:  240 10:48:48      -94.333129        0.1288
BFGS:  241 10:48:48      -94.333131        0.1326
BFGS:  242 10:48:48      -94.333134        0.1343
BFGS:  243 10:48:48      -94.333139        0.1345
BFGS:  244 10:48:48      -94.333142        0.1293
BFGS:  245 10:48:48      -94.333143        0.1254
BFGS:  246 10:48:48      -94.333143        0.1224
BFGS:  247 10:48:48      -94.333144        0.1209
BFGS:  248 10:48:48      -94.333144        0.1202
BFGS:  249 10:48:48      -94.333144        0.1201
      Step     Time          Energy         fmax
BFGS:    0 10:48:48      -94.333144        0.1201
BFGS:    1 10:48:48      -94.332983        0.2787
BFGS:    2 10:48:49      -94.333161        0.1530
BFGS:    3 10:48:49      -94.332802        0.2484
BFGS:    4 10:48:49      -94.333265        0.0836
