      Step     Time          Energy         fmax
BFGS:    0 10:44:44      -28.449365       27.8067
BFGS:    1 10:44:44      -32.329498       22.4575
BFGS:    2 10:44:44      -34.718765       18.6612
BFGS:    3 10:44:45      -37.456952       12.7561
BFGS:    4 10:44:45      -39.872968       11.0009
BFGS:    5 10:44:45      -41.706969       11.7121
BFGS:    6 10:44:45      -43.380107       12.2003
BFGS:    7 10:44:45      -45.008692       12.1525
BFGS:    8 10:44:45      -46.634243       11.3079
BFGS:    9 10:44:45      -48.112675        9.5902
BFGS:   10 10:44:45      -49.280763        8.5806
BFGS:   11 10:44:45      -50.041896        8.6315
BFGS:   12 10:44:45      -50.605689        8.8891
BFGS:   13 10:44:45      -51.156467        8.5692
BFGS:   14 10:44:45      -51.586551        8.7132
BFGS:   15 10:44:45      -52.011674        9.1597
BFGS:   16 10:44:45      -52.490603       10.0719
BFGS:   17 10:44:45      -53.170367       11.5381
BFGS:   18 10:44:45      -54.059165       13.2600
BFGS:   19 10:44:45      -55.128759       13.5648
BFGS:   20 10:44:45      -56.321627       13.0991
BFGS:   21 10:44:45      -57.249223       12.9885
BFGS:   22 10:44:45      -57.950929       14.1095
BFGS:   23 10:44:45      -58.593318       15.2448
BFGS:   24 10:44:45      -59.179794       14.5113
BFGS:   25 10:44:45      -59.686414       12.6286
BFGS:   26 10:44:45      -60.301596       14.2178
BFGS:   27 10:44:45      -60.835752       16.3138
BFGS:   28 10:44:45      -61.314614       16.7048
BFGS:   29 10:44:46      -61.918988       14.8925
BFGS:   30 10:44:46      -62.411222       12.7437
BFGS:   31 10:44:46      -62.876077       11.6247
BFGS:   32 10:44:46      -63.493910       11.5860
BFGS:   33 10:44:46      -64.107880       12.9291
BFGS:   34 10:44:46      -64.606199        9.9003
BFGS:   35 10:44:46      -65.357626        8.7671
BFGS:   36 10:44:46      -65.867682        8.1777
BFGS:   37 10:44:46      -66.263309        7.9115
BFGS:   38 10:44:46      -66.455708        6.6016
BFGS:   39 10:44:46      -66.562679        5.3636
BFGS:   40 10:44:46      -66.679191        5.0361
BFGS:   41 10:44:46      -66.792255        4.8127
BFGS:   42 10:44:46      -66.912371        4.4868
BFGS:   43 10:44:46      -67.030512        4.1198
BFGS:   44 10:44:46      -67.152766        3.7476
BFGS:   45 10:44:46      -67.276707        3.2957
BFGS:   46 10:44:46      -67.404730        3.1433
BFGS:   47 10:44:46      -67.541015        3.3976
BFGS:   48 10:44:46      -67.704763        3.7684
BFGS:   49 10:44:46      -67.993274        4.2037
BFGS:   50 10:44:46      -68.456079        5.7146
BFGS:   51 10:44:46      -69.083502        6.6746
BFGS:   52 10:44:46      -69.797075        7.2789
BFGS:   53 10:44:46      -70.496350        8.1806
BFGS:   54 10:44:46      -71.152576        7.2389
BFGS:   55 10:44:46      -71.674885        5.4844
BFGS:   56 10:44:46      -72.106081        5.7700
BFGS:   57 10:44:47      -72.434096        6.2228
BFGS:   58 10:44:47      -72.712077        5.7174
BFGS:   59 10:44:47      -72.896646        5.0397
BFGS:   60 10:44:47      -73.022338        4.5280
BFGS:   61 10:44:47      -73.126125        3.8687
BFGS:   62 10:44:47      -73.338750        3.1262
BFGS:   63 10:44:47      -73.602793        3.9221
BFGS:   64 10:44:47      -73.956359        5.0813
BFGS:   65 10:44:47      -74.413191        6.7763
BFGS:   66 10:44:47      -74.983444        7.7657
BFGS:   67 10:44:47      -75.654675        8.1080
BFGS:   68 10:44:47      -76.289770        9.5083
BFGS:   69 10:44:47      -76.989733       11.0507
BFGS:   70 10:44:47      -77.751787       12.0322
BFGS:   71 10:44:47      -78.583517       11.4026
BFGS:   72 10:44:47      -79.429545       11.9689
BFGS:   73 10:44:47      -80.093194       12.8897
BFGS:   74 10:44:47      -80.799362       13.4865
BFGS:   75 10:44:47      -81.511577       14.7703
BFGS:   76 10:44:47      -82.213915       15.8155
BFGS:   77 10:44:47      -82.886387       15.8888
BFGS:   78 10:44:47      -83.527562       14.8621
BFGS:   79 10:44:47      -84.177017       12.3068
BFGS:   80 10:44:47      -84.615078        9.4311
BFGS:   81 10:44:47      -84.842696        6.9841
BFGS:   82 10:44:47      -84.968114        7.5966
BFGS:   83 10:44:47      -85.106067        6.0992
BFGS:   84 10:44:47      -85.295520        5.7744
BFGS:   85 10:44:47      -85.468149        5.7958
BFGS:   86 10:44:47      -85.693277        4.8951
BFGS:   87 10:44:47      -85.912136        3.8548
BFGS:   88 10:44:48      -86.034935        3.2896
BFGS:   89 10:44:48      -86.097567        2.5438
BFGS:   90 10:44:48      -86.142726        2.0730
BFGS:   91 10:44:48      -86.176832        1.1950
BFGS:   92 10:44:48      -86.190981        0.9816
BFGS:   93 10:44:48      -86.199731        0.7600
BFGS:   94 10:44:48      -86.203600        0.7562
BFGS:   95 10:44:48      -86.206901        0.6673
BFGS:   96 10:44:48      -86.209588        0.4942
BFGS:   97 10:44:48      -86.212196        0.3028
BFGS:   98 10:44:48      -86.214107        0.3075
BFGS:   99 10:44:48      -86.215651        0.2839
BFGS:  100 10:44:48      -86.216953        0.2612
BFGS:  101 10:44:48      -86.218457        0.2548
BFGS:  102 10:44:48      -86.220218        0.2819
BFGS:  103 10:44:48      -86.222268        0.3808
BFGS:  104 10:44:48      -86.224173        0.5051
BFGS:  105 10:44:48      -86.225566        0.5130
BFGS:  106 10:44:48      -86.226607        0.5370
BFGS:  107 10:44:48      -86.227923        0.5148
BFGS:  108 10:44:48      -86.230686        0.5294
BFGS:  109 10:44:48      -86.237415        0.8028
BFGS:  110 10:44:48      -86.244587        1.0344
BFGS:  111 10:44:48      -86.252013        1.1878
BFGS:  112 10:44:48      -86.260099        1.2743
BFGS:  113 10:44:48      -86.270040        1.3038
BFGS:  114 10:44:48      -86.283067        1.2844
BFGS:  115 10:44:48      -86.299841        1.4046
BFGS:  116 10:44:48      -86.319635        1.6200
BFGS:  117 10:44:48      -86.341470        1.9246
BFGS:  118 10:44:48      -86.380619        2.0597
BFGS:  119 10:44:49      -86.440209        2.0642
BFGS:  120 10:44:49      -86.589922        2.6689
BFGS:  121 10:44:49      -86.710380        3.8604
BFGS:  122 10:44:49      -86.915720        5.4434
BFGS:  123 10:44:49      -87.127791        6.7470
BFGS:  124 10:44:49      -87.302798        7.5766
BFGS:  125 10:44:49      -87.478531        7.6994
BFGS:  126 10:44:49      -87.643985        7.4851
BFGS:  127 10:44:49      -87.799948        7.5043
BFGS:  128 10:44:49      -87.948155        7.4741
BFGS:  129 10:44:49      -88.083510        7.5202
BFGS:  130 10:44:49      -88.212424        7.3891
BFGS:  131 10:44:49      -88.320031        7.5079
BFGS:  132 10:44:49      -88.428654        7.4025
BFGS:  133 10:44:49      -88.535604        7.2414
BFGS:  134 10:44:49      -88.636946        7.1804
BFGS:  135 10:44:49      -88.739504        7.1673
BFGS:  136 10:44:49      -88.850115        7.1655
BFGS:  137 10:44:49      -88.967611        7.2344
BFGS:  138 10:44:49      -89.081024        7.3608
BFGS:  139 10:44:49      -89.175406        7.4405
BFGS:  140 10:44:49      -89.272091        7.7427
BFGS:  141 10:44:49      -89.394699        8.1880
BFGS:  142 10:44:49      -89.575521        8.6023
BFGS:  143 10:44:49      -89.768527        9.1464
BFGS:  144 10:44:49      -89.936539        9.7447
BFGS:  145 10:44:49      -90.082103       10.0593
BFGS:  146 10:44:49      -90.273694        9.2230
BFGS:  147 10:44:49      -90.478051       10.0205
BFGS:  148 10:44:49      -90.652866       10.5102
BFGS:  149 10:44:49      -90.823393       10.9973
BFGS:  150 10:44:49      -90.981357       11.4870
BFGS:  151 10:44:50      -91.136149       11.8729
BFGS:  152 10:44:50      -91.297653       12.1332
BFGS:  153 10:44:50      -91.464559       12.3591
BFGS:  154 10:44:50      -91.632827       12.5808
BFGS:  155 10:44:50      -91.802378       12.7752
BFGS:  156 10:44:50      -91.978487       12.8981
BFGS:  157 10:44:50      -92.162060       12.8837
BFGS:  158 10:44:50      -92.352530       12.7666
BFGS:  159 10:44:50      -92.538402       12.5190
BFGS:  160 10:44:50      -92.734050       12.1308
BFGS:  161 10:44:50      -92.912752       11.9607
BFGS:  162 10:44:50      -93.102679       11.8914
BFGS:  163 10:44:50      -93.276685       11.8388
BFGS:  164 10:44:50      -93.459645       11.6873
BFGS:  165 10:44:50      -93.628291       11.5548
BFGS:  166 10:44:50      -93.803031       11.3212
BFGS:  167 10:44:50      -93.967796       11.0989
BFGS:  168 10:44:50      -94.134648       10.7783
BFGS:  169 10:44:50      -94.294872       10.4540
BFGS:  170 10:44:50      -94.454465       10.0193
BFGS:  171 10:44:50      -94.608969        9.5683
BFGS:  172 10:44:50      -94.761314        8.9754
BFGS:  173 10:44:50      -94.908937        8.3655
BFGS:  174 10:44:50      -95.052670        7.5600
BFGS:  175 10:44:50      -95.190791        6.7761
BFGS:  176 10:44:50      -95.321775        5.7132
BFGS:  177 10:44:50      -95.445164        5.1263
BFGS:  178 10:44:50      -95.556308        4.8032
BFGS:  179 10:44:50      -95.657439        4.1524
BFGS:  180 10:44:50      -95.741303        4.0104
BFGS:  181 10:44:51      -95.812956        3.8290
BFGS:  182 10:44:51      -95.866052        3.9683
BFGS:  183 10:44:51      -95.906943        3.9987
BFGS:  184 10:44:51      -95.953861        4.2372
BFGS:  185 10:44:51      -96.004516        4.9385
BFGS:  186 10:44:51      -96.053808        5.3468
BFGS:  187 10:44:51      -96.194626        5.7082
BFGS:  188 10:44:51      -96.297098        6.8971
BFGS:  189 10:44:51      -96.528115        8.5790
BFGS:  190 10:44:51      -96.887388        8.7487
BFGS:  191 10:44:51      -97.194876        8.4014
BFGS:  192 10:44:51      -97.466430        8.8252
BFGS:  193 10:44:51      -97.692112        9.2412
BFGS:  194 10:44:51      -97.852349        9.3238
BFGS:  195 10:44:51      -97.947569        9.2666
BFGS:  196 10:44:51      -98.016805        8.7778
BFGS:  197 10:44:51      -98.090747        8.5683
BFGS:  198 10:44:51      -98.169581        8.2818
BFGS:  199 10:44:51      -98.265937        8.7813
BFGS:  200 10:44:51      -98.329013        9.6158
BFGS:  201 10:44:51      -98.383070        8.7708
BFGS:  202 10:44:51      -98.494026        9.2970
BFGS:  203 10:44:51      -98.538226        9.9609
BFGS:  204 10:44:51      -98.656443       11.3158
BFGS:  205 10:44:51      -98.831297       11.3956
BFGS:  206 10:44:51      -99.021507       10.5455
BFGS:  207 10:44:51      -99.198047        8.6528
BFGS:  208 10:44:51      -99.338933        6.9420
BFGS:  209 10:44:51      -99.432750        6.0451
BFGS:  210 10:44:51      -99.493190        6.2551
BFGS:  211 10:44:51      -99.560840        6.4936
BFGS:  212 10:44:52      -99.628804        6.7894
BFGS:  213 10:44:52      -99.690716        7.2785
BFGS:  214 10:44:52      -99.755298        7.7472
BFGS:  215 10:44:52      -99.826659        8.3189
BFGS:  216 10:44:52      -99.903491        8.7746
BFGS:  217 10:44:52      -99.986955        9.3294
BFGS:  218 10:44:52     -100.062398        9.3488
BFGS:  219 10:44:52     -100.079953        8.8196
BFGS:  220 10:44:52     -100.162355        8.9487
BFGS:  221 10:44:52     -100.225113        7.2854
BFGS:  222 10:44:52     -100.285051        6.8329
BFGS:  223 10:44:52     -100.314013        6.4816
BFGS:  224 10:44:52     -100.347475        5.6724
BFGS:  225 10:44:52     -100.425168        5.5302
BFGS:  226 10:44:52     -100.479354        6.5720
BFGS:  227 10:44:52     -100.539638        6.4783
BFGS:  228 10:44:52     -100.692276        6.3334
BFGS:  229 10:44:52     -100.890013        6.4064
BFGS:  230 10:44:52     -101.023248        7.0250
BFGS:  231 10:44:52     -101.284275        7.5996
BFGS:  232 10:44:52     -101.412717        7.0998
BFGS:  233 10:44:52     -101.508314        5.8458
BFGS:  234 10:44:52     -101.556857        5.7125
BFGS:  235 10:44:52     -101.598880        5.9958
BFGS:  236 10:44:52     -101.616200        6.0979
BFGS:  237 10:44:52     -101.630328        6.0631
BFGS:  238 10:44:52     -101.634908        5.9346
BFGS:  239 10:44:52     -101.652682        5.6060
BFGS:  240 10:44:52     -101.682924        5.6117
BFGS:  241 10:44:52     -101.743471        5.5357
BFGS:  242 10:44:52     -101.851037        5.3482
BFGS:  243 10:44:52     -102.021532        4.4877
BFGS:  244 10:44:53     -102.235415        4.1221
BFGS:  245 10:44:53     -102.431069        3.9892
BFGS:  246 10:44:53     -102.560766        3.8766
BFGS:  247 10:44:53     -102.622413        2.9150
BFGS:  248 10:44:53     -102.643389        1.5430
BFGS:  249 10:44:53     -102.650756        1.3445
BFGS:  250 10:44:53     -102.654874        1.3251
BFGS:  251 10:44:53     -102.657746        1.3016
BFGS:  252 10:44:53     -102.659671        1.2963
BFGS:  253 10:44:53     -102.660619        1.3142
BFGS:  254 10:44:53     -102.661125        1.3480
BFGS:  255 10:44:53     -102.661346        1.3840
BFGS:  256 10:44:53     -102.661473        1.4490
BFGS:  257 10:44:53     -102.661498        1.4612
BFGS:  258 10:44:53     -102.661666        1.5009
BFGS:  259 10:44:53     -102.662094        1.5768
BFGS:  260 10:44:53     -102.662933        1.6582
BFGS:  261 10:44:53     -102.665171        1.7965
BFGS:  262 10:44:53     -102.670758        1.9649
BFGS:  263 10:44:53     -102.684415        2.1679
BFGS:  264 10:44:53     -102.713472        2.2239
BFGS:  265 10:44:53     -102.760243        2.3601
BFGS:  266 10:44:53     -102.802162        1.8635
BFGS:  267 10:44:53     -102.815896        1.3623
BFGS:  268 10:44:53     -102.818151        1.2555
BFGS:  269 10:44:53     -102.819061        1.1462
BFGS:  270 10:44:53     -102.819514        1.0532
BFGS:  271 10:44:53     -102.819724        1.0165
BFGS:  272 10:44:53     -102.819885        0.9817
BFGS:  273 10:44:53     -102.819919        0.9898
BFGS:  274 10:44:53     -102.819948        1.0067
BFGS:  275 10:44:54     -102.819954        1.0137
BFGS:  276 10:44:54     -102.819981        1.0286
BFGS:  277 10:44:54     -102.820025        1.0502
BFGS:  278 10:44:54     -102.820127        1.0730
BFGS:  279 10:44:54     -102.820408        1.1154
BFGS:  280 10:44:54     -102.821128        1.1667
BFGS:  281 10:44:54     -102.822985        1.2414
BFGS:  282 10:44:54     -102.827564        1.3020
BFGS:  283 10:44:54     -102.838105        1.3122
BFGS:  284 10:44:54     -102.860463        1.4117
BFGS:  285 10:44:54     -102.890886        2.3602
BFGS:  286 10:44:54     -102.953846        3.7900
BFGS:  287 10:44:54     -103.078485        5.9918
BFGS:  288 10:44:54     -103.290222        8.5605
BFGS:  289 10:44:54     -103.581655       10.6683
BFGS:  290 10:44:54     -103.898367       11.6156
BFGS:  291 10:44:54     -104.177114       11.3452
BFGS:  292 10:44:54     -104.372908       10.5632
BFGS:  293 10:44:54     -104.515082        9.9888
BFGS:  294 10:44:54     -104.685534       10.8905
BFGS:  295 10:44:54     -104.954101       11.4980
BFGS:  296 10:44:54     -105.478632        8.7438
BFGS:  297 10:44:54     -105.957984        6.2415
BFGS:  298 10:44:54     -106.190136        5.9169
BFGS:  299 10:44:54     -106.249419        6.5826
BFGS:  300 10:44:54     -106.275911        6.2238
BFGS:  301 10:44:54     -106.292745        5.6907
BFGS:  302 10:44:54     -106.309467        5.6879
BFGS:  303 10:44:54     -106.314544        5.6749
BFGS:  304 10:44:54     -106.317169        5.5177
BFGS:  305 10:44:54     -106.318202        5.5019
BFGS:  306 10:44:55     -106.318526        5.5079
BFGS:  307 10:44:55     -106.318667        5.5082
BFGS:  308 10:44:55     -106.318734        5.5134
BFGS:  309 10:44:55     -106.318758        5.5198
BFGS:  310 10:44:55     -106.318771        5.5233
BFGS:  311 10:44:55     -106.318776        5.5258
BFGS:  312 10:44:55     -106.318796        5.5267
BFGS:  313 10:44:55     -106.318836        5.5289
BFGS:  314 10:44:55     -106.318949        5.5261
BFGS:  315 10:44:55     -106.319234        5.5217
BFGS:  316 10:44:55     -106.319985        5.5049
BFGS:  317 10:44:55     -106.321929        5.4737
BFGS:  318 10:44:55     -106.326995        5.4053
BFGS:  319 10:44:55     -106.340090        5.2777
BFGS:  320 10:44:55     -106.373584        5.0354
BFGS:  321 10:44:55     -106.424638        4.8994
BFGS:  322 10:44:55     -106.481593        5.0060
BFGS:  323 10:44:55     -106.543565        5.0423
BFGS:  324 10:44:55     -106.609151        5.0308
BFGS:  325 10:44:55     -106.677170        4.9834
BFGS:  326 10:44:55     -106.746205        4.9077
BFGS:  327 10:44:55     -106.815511        4.8087
BFGS:  328 10:44:55     -106.884415        4.6904
BFGS:  329 10:44:55     -106.952317        4.5561
BFGS:  330 10:44:55     -107.018688        4.4087
BFGS:  331 10:44:55     -107.083074        4.2506
BFGS:  332 10:44:55     -107.145091        4.0838
BFGS:  333 10:44:55     -107.204423        3.9101
BFGS:  334 10:44:56     -107.260814        3.7312
BFGS:  335 10:44:56     -107.314057        3.5484
BFGS:  336 10:44:56     -107.363992        3.3630
BFGS:  337 10:44:56     -107.410495        3.1762
BFGS:  338 10:44:56     -107.453472        2.9891
BFGS:  339 10:44:56     -107.492857        2.8349
BFGS:  340 10:44:56     -107.528610        2.7987
BFGS:  341 10:44:56     -107.560706        2.8011
BFGS:  342 10:44:56     -107.589146        2.8498
BFGS:  343 10:44:56     -107.613947        2.8961
BFGS:  344 10:44:56     -107.635150        2.9403
BFGS:  345 10:44:56     -107.652823        2.9823
BFGS:  346 10:44:56     -107.667071        3.0371
BFGS:  347 10:44:56     -107.678048        3.1679
BFGS:  348 10:44:56     -107.685996        3.2972
BFGS:  349 10:44:56     -107.691296        3.4223
BFGS:  350 10:44:56     -107.694563        3.5377
BFGS:  351 10:44:56     -107.695858        3.5849
BFGS:  352 10:44:56     -107.696706        3.6396
BFGS:  353 10:44:56     -107.696965        3.6450
BFGS:  354 10:44:56     -107.698380        3.6796
BFGS:  355 10:44:56     -107.699879        3.8920
BFGS:  356 10:44:56     -107.703090        4.1780
BFGS:  357 10:44:56     -107.709073        4.4516
BFGS:  358 10:44:56     -107.723183        4.7332
BFGS:  359 10:44:56     -107.746717        4.8396
BFGS:  360 10:44:56     -107.772778        4.7706
BFGS:  361 10:44:56     -107.800454        4.6084
BFGS:  362 10:44:56     -107.828822        4.3909
BFGS:  363 10:44:56     -107.857188        4.1360
BFGS:  364 10:44:56     -107.884984        3.8538
BFGS:  365 10:44:57     -107.911719        3.5504
BFGS:  366 10:44:57     -107.936967        3.2304
BFGS:  367 10:44:57     -107.960370        2.8969
BFGS:  368 10:44:57     -107.981632        2.5522
BFGS:  369 10:44:57     -108.000514        2.1981
BFGS:  370 10:44:57     -108.016822        1.8358
BFGS:  371 10:44:57     -108.030396        1.4663
BFGS:  372 10:44:57     -108.041104        1.0899
BFGS:  373 10:44:57     -108.048834        0.7069
BFGS:  374 10:44:57     -108.053482        0.3245
BFGS:  375 10:44:57     -108.054941        0.2246
BFGS:  376 10:44:57     -108.054947        0.2254
BFGS:  377 10:44:57     -108.055039        0.2396
BFGS:  378 10:44:57     -108.055081        0.2348
BFGS:  379 10:44:57     -108.055274        0.2031
BFGS:  380 10:44:57     -108.055495        0.1533
BFGS:  381 10:44:57     -108.055720        0.0810
