      Step     Time          Energy         fmax
BFGS:    0 10:28:31      -44.115814       36.7965
BFGS:    1 10:28:31      -48.286477       21.2894
BFGS:    2 10:28:32      -52.651089       18.7632
BFGS:    3 10:28:32      -56.278797       16.9504
BFGS:    4 10:28:32      -59.020210       17.4804
BFGS:    5 10:28:32      -61.129895       16.3713
BFGS:    6 10:28:32      -63.148382       15.4377
BFGS:    7 10:28:32      -64.984520       13.3583
BFGS:    8 10:28:32      -66.762153        9.2152
BFGS:    9 10:28:32      -68.076584        6.4599
BFGS:   10 10:28:32      -69.088793        4.9138
BFGS:   11 10:28:32      -69.943354        5.0557
BFGS:   12 10:28:32      -70.880336        5.4547
BFGS:   13 10:28:32      -71.806899        5.1863
BFGS:   14 10:28:32      -72.536694        4.8897
BFGS:   15 10:28:32      -73.072481        4.5104
BFGS:   16 10:28:32      -73.629231        5.2838
BFGS:   17 10:28:32      -74.215992        6.5918
BFGS:   18 10:28:32      -74.946908        7.5478
BFGS:   19 10:28:32      -75.872826        8.4784
BFGS:   20 10:28:32      -76.490260       11.0740
BFGS:   21 10:28:32      -77.566519        8.8912
BFGS:   22 10:28:32      -78.201150       10.4807
BFGS:   23 10:28:32      -78.489744        7.6109
BFGS:   24 10:28:32      -78.609945        7.9532
BFGS:   25 10:28:32      -78.838811        7.4708
BFGS:   26 10:28:32      -79.190406        5.8279
BFGS:   27 10:28:32      -79.583101        5.9350
BFGS:   28 10:28:32      -79.957348        8.1593
BFGS:   29 10:28:32      -80.316836        9.5128
BFGS:   30 10:28:33      -80.638144        9.8476
BFGS:   31 10:28:33      -80.877681        8.9675
BFGS:   32 10:28:33      -81.039697        9.3208
BFGS:   33 10:28:33      -81.248791        8.5109
BFGS:   34 10:28:33      -81.518967       11.1603
BFGS:   35 10:28:33      -81.716422        7.6255
BFGS:   36 10:28:33      -81.880634        7.2552
BFGS:   37 10:28:33      -81.939028        5.4298
BFGS:   38 10:28:33      -82.027859        4.1385
BFGS:   39 10:28:33      -82.103046        3.0587
BFGS:   40 10:28:33      -82.161907        2.5054
BFGS:   41 10:28:33      -82.233351        2.4717
BFGS:   42 10:28:33      -82.278220        1.9319
BFGS:   43 10:28:33      -82.339183        1.2637
BFGS:   44 10:28:33      -82.369877        1.3336
BFGS:   45 10:28:33      -82.388780        0.6271
BFGS:   46 10:28:33      -82.398184        0.5812
BFGS:   47 10:28:33      -82.406965        0.4004
BFGS:   48 10:28:33      -82.416315        0.5418
BFGS:   49 10:28:33      -82.435266        0.9632
BFGS:   50 10:28:33      -82.459109        1.2460
BFGS:   51 10:28:33      -82.488437        1.4646
BFGS:   52 10:28:33      -82.547011        1.6349
BFGS:   53 10:28:33      -82.667108        2.3213
BFGS:   54 10:28:33      -82.888193        3.7416
BFGS:   55 10:28:33      -83.241928        4.9634
BFGS:   56 10:28:33      -83.662947        4.3584
BFGS:   57 10:28:33      -84.001092        4.7176
BFGS:   58 10:28:33      -84.226344        6.7272
BFGS:   59 10:28:33      -84.482279        6.9587
BFGS:   60 10:28:33      -84.722860        5.4113
BFGS:   61 10:28:34      -84.905283        3.4082
BFGS:   62 10:28:34      -85.017915        1.2950
BFGS:   63 10:28:34      -85.057289        0.7381
BFGS:   64 10:28:34      -85.069755        0.8453
BFGS:   65 10:28:34      -85.089845        1.1103
BFGS:   66 10:28:34      -85.105393        1.2463
BFGS:   67 10:28:34      -85.127086        0.9977
BFGS:   68 10:28:34      -85.143988        0.6537
BFGS:   69 10:28:34      -85.151743        0.3165
BFGS:   70 10:28:34      -85.154118        0.3247
BFGS:   71 10:28:34      -85.156695        0.2881
BFGS:   72 10:28:34      -85.161085        0.4099
BFGS:   73 10:28:34      -85.167544        0.6198
BFGS:   74 10:28:34      -85.175414        0.7669
BFGS:   75 10:28:34      -85.185447        0.7455
BFGS:   76 10:28:34      -85.198646        0.7735
BFGS:   77 10:28:34      -85.213996        0.9516
BFGS:   78 10:28:34      -85.231276        1.1479
BFGS:   79 10:28:34      -85.249437        1.6194
BFGS:   80 10:28:34      -85.268765        2.2316
BFGS:   81 10:28:34      -85.287690        3.0335
BFGS:   82 10:28:34      -85.309140        4.0251
BFGS:   83 10:28:34      -85.344354        5.3064
BFGS:   84 10:28:34      -85.410990        7.3382
BFGS:   85 10:28:34      -85.528767        9.6679
BFGS:   86 10:28:34      -85.700999       11.7222
BFGS:   87 10:28:34      -85.876785       12.7772
BFGS:   88 10:28:34      -86.001397       12.6715
BFGS:   89 10:28:35      -86.197897       12.9210
BFGS:   90 10:28:35      -86.380915       13.7520
BFGS:   91 10:28:35      -86.574432       15.7071
BFGS:   92 10:28:35      -86.739213       16.7425
BFGS:   93 10:28:35      -86.890864       18.5653
BFGS:   94 10:28:35      -87.060351       19.3717
BFGS:   95 10:28:35      -87.273819       19.2797
BFGS:   96 10:28:35      -87.530157       18.9561
BFGS:   97 10:28:35      -87.797363       18.4231
BFGS:   98 10:28:35      -88.061717       17.7729
BFGS:   99 10:28:35      -88.314787       17.0589
BFGS:  100 10:28:35      -88.576097       16.3622
BFGS:  101 10:28:35      -88.857412       15.7117
BFGS:  102 10:28:35      -89.273787       15.1739
BFGS:  103 10:28:35      -89.857931       14.5391
BFGS:  104 10:28:35      -90.549114       13.8232
BFGS:  105 10:28:35      -91.121806       13.2452
BFGS:  106 10:28:35      -91.652917       12.1813
BFGS:  107 10:28:35      -92.235060       10.6757
BFGS:  108 10:28:35      -92.756192        9.4293
BFGS:  109 10:28:35      -93.192460        8.3796
BFGS:  110 10:28:35      -93.553438        8.0140
BFGS:  111 10:28:35      -93.877520        8.1602
BFGS:  112 10:28:35      -94.186314        8.6147
BFGS:  113 10:28:35      -94.452697        9.4959
BFGS:  114 10:28:35      -94.736883       10.4559
BFGS:  115 10:28:35      -95.004548       11.0466
BFGS:  116 10:28:35      -95.262844       10.9197
BFGS:  117 10:28:35      -95.479263       10.2850
BFGS:  118 10:28:35      -95.678423        9.5938
BFGS:  119 10:28:35      -95.852182        9.3665
BFGS:  120 10:28:36      -96.014308        8.7810
BFGS:  121 10:28:36      -96.164563        8.4938
BFGS:  122 10:28:36      -96.288542        7.9759
BFGS:  123 10:28:36      -96.393013        7.5828
BFGS:  124 10:28:36      -96.473324        6.8710
BFGS:  125 10:28:36      -96.512005        6.3119
BFGS:  126 10:28:36      -96.545448        5.9199
BFGS:  127 10:28:36      -96.580545        5.3136
BFGS:  128 10:28:36      -96.606432        4.5664
BFGS:  129 10:28:36      -96.643328        4.2047
BFGS:  130 10:28:36      -96.688979        3.7739
BFGS:  131 10:28:36      -96.718284        3.4199
BFGS:  132 10:28:36      -96.745819        2.8261
BFGS:  133 10:28:36      -96.774431        2.4231
BFGS:  134 10:28:36      -96.803984        2.2049
BFGS:  135 10:28:36      -96.832885        2.5656
BFGS:  136 10:28:36      -96.860941        2.5670
BFGS:  137 10:28:36      -96.888565        2.4976
BFGS:  138 10:28:36      -96.914199        2.3489
BFGS:  139 10:28:36      -96.937980        2.2477
BFGS:  140 10:28:36      -96.958966        2.2068
BFGS:  141 10:28:36      -96.977745        2.0960
BFGS:  142 10:28:36      -96.993340        1.8771
BFGS:  143 10:28:36      -97.006479        1.6137
BFGS:  144 10:28:36      -97.018856        1.3346
BFGS:  145 10:28:36      -97.029569        1.2788
BFGS:  146 10:28:36      -97.038227        0.8701
BFGS:  147 10:28:36      -97.044764        0.7584
BFGS:  148 10:28:36      -97.049532        0.5696
BFGS:  149 10:28:36      -97.052860        0.3460
BFGS:  150 10:28:36      -97.054566        0.2269
BFGS:  151 10:28:37      -97.055642        0.1863
BFGS:  152 10:28:37      -97.056254        0.1531
BFGS:  153 10:28:37      -97.056579        0.1398
BFGS:  154 10:28:37      -97.056789        0.1216
BFGS:  155 10:28:37      -97.056912        0.1010
BFGS:  156 10:28:37      -97.057000        0.0712
