      Step     Time          Energy         fmax
BFGS:    0 10:42:20      -48.398435       29.1339
BFGS:    1 10:42:20      -52.089212       20.5634
BFGS:    2 10:42:20      -55.650567       15.0619
BFGS:    3 10:42:20      -58.406642       12.1880
BFGS:    4 10:42:20      -61.431091       10.1765
BFGS:    5 10:42:20      -63.602900        8.5871
BFGS:    6 10:42:20      -65.204869        8.9959
BFGS:    7 10:42:20      -66.205282       10.0801
BFGS:    8 10:42:20      -66.981018        9.0701
BFGS:    9 10:42:20      -67.672634        7.1140
BFGS:   10 10:42:20      -68.414860        6.5885
BFGS:   11 10:42:20      -69.213477        9.0950
BFGS:   12 10:42:20      -69.883984       10.1471
BFGS:   13 10:42:20      -70.440973       10.1097
BFGS:   14 10:42:20      -70.960964        9.5831
BFGS:   15 10:42:20      -71.471906        8.7299
BFGS:   16 10:42:20      -71.972712        8.8882
BFGS:   17 10:42:20      -72.491658        8.6474
BFGS:   18 10:42:20      -73.092489        7.0690
BFGS:   19 10:42:21      -73.676158        8.9881
BFGS:   20 10:42:21      -74.219950       10.2418
BFGS:   21 10:42:21      -74.660717        8.8670
BFGS:   22 10:42:21      -75.023744        8.6428
BFGS:   23 10:42:21      -75.380735       10.9531
BFGS:   24 10:42:21      -75.880991       12.2506
BFGS:   25 10:42:21      -76.332483       13.7141
BFGS:   26 10:42:21      -76.686043       13.7119
BFGS:   27 10:42:21      -76.946677       13.7105
BFGS:   28 10:42:21      -77.309934       15.7869
BFGS:   29 10:42:21      -77.667998       18.5523
BFGS:   30 10:42:21      -77.996614       20.3890
BFGS:   31 10:42:21      -78.665007       20.6399
BFGS:   32 10:42:21      -79.249518       20.8228
BFGS:   33 10:42:21      -79.878297       20.2960
BFGS:   34 10:42:21      -80.478946       20.6756
BFGS:   35 10:42:21      -81.074106       19.6816
BFGS:   36 10:42:21      -81.711426       16.5142
BFGS:   37 10:42:21      -82.380091       13.1859
BFGS:   38 10:42:21      -83.080722       11.4457
BFGS:   39 10:42:21      -83.788460       11.8780
BFGS:   40 10:42:21      -84.398449       10.3672
BFGS:   41 10:42:21      -85.110844        8.0084
BFGS:   42 10:42:21      -85.705228        8.8023
BFGS:   43 10:42:21      -86.242075        9.5499
BFGS:   44 10:42:21      -86.767825        9.8138
BFGS:   45 10:42:21      -87.286753        9.8697
BFGS:   46 10:42:21      -87.772209       11.1728
BFGS:   47 10:42:21      -88.211629       11.5823
BFGS:   48 10:42:21      -88.670544       11.6363
BFGS:   49 10:42:21      -89.141760       13.0420
BFGS:   50 10:42:21      -89.562143       15.1739
BFGS:   51 10:42:22      -89.956263       16.7811
BFGS:   52 10:42:22      -90.362633       18.1858
BFGS:   53 10:42:22      -90.750423       19.1067
BFGS:   54 10:42:22      -91.152108       18.6380
BFGS:   55 10:42:22      -91.591578       17.2890
BFGS:   56 10:42:22      -92.032045       15.2203
BFGS:   57 10:42:22      -92.453965       12.0925
BFGS:   58 10:42:22      -92.811818       10.0304
BFGS:   59 10:42:22      -93.170056        7.2828
BFGS:   60 10:42:22      -93.509267        6.7335
BFGS:   61 10:42:22      -93.891053        7.3237
BFGS:   62 10:42:22      -94.261048        8.3897
BFGS:   63 10:42:22      -94.583448        8.8435
BFGS:   64 10:42:22      -94.890983        8.3287
BFGS:   65 10:42:22      -95.202721        9.3075
BFGS:   66 10:42:22      -95.542049       10.3307
BFGS:   67 10:42:22      -95.896767       10.7062
BFGS:   68 10:42:22      -96.232450       10.7622
BFGS:   69 10:42:22      -96.551396        9.7685
BFGS:   70 10:42:22      -96.804463        9.1379
BFGS:   71 10:42:22      -96.953078        8.4893
BFGS:   72 10:42:22      -97.066193       10.4657
BFGS:   73 10:42:22      -97.168672       10.8877
BFGS:   74 10:42:22      -97.247440       12.1165
BFGS:   75 10:42:22      -97.320661       11.4735
BFGS:   76 10:42:22      -97.415050       11.2333
BFGS:   77 10:42:22      -97.532915       10.6209
BFGS:   78 10:42:22      -97.683823        9.7633
BFGS:   79 10:42:22      -97.839925        9.1733
BFGS:   80 10:42:22      -97.998830        9.0273
BFGS:   81 10:42:22      -98.153254        9.3597
BFGS:   82 10:42:22      -98.285706        9.6607
BFGS:   83 10:42:23      -98.412529        9.6116
BFGS:   84 10:42:23      -98.563055        9.1418
BFGS:   85 10:42:23      -98.704830        8.2074
BFGS:   86 10:42:23      -98.808730        8.1682
BFGS:   87 10:42:23      -98.893243        8.0135
BFGS:   88 10:42:23      -98.988740        7.9454
BFGS:   89 10:42:23      -99.088436        8.4441
BFGS:   90 10:42:23      -99.204650        8.6425
BFGS:   91 10:42:23      -99.373676        8.3361
BFGS:   92 10:42:23      -99.547200        7.6643
BFGS:   93 10:42:23      -99.707839        6.7087
BFGS:   94 10:42:23      -99.851176        5.4195
BFGS:   95 10:42:23      -99.956984        4.0666
BFGS:   96 10:42:23     -100.014049        3.2652
BFGS:   97 10:42:23     -100.046532        3.0822
BFGS:   98 10:42:23     -100.076128        2.9445
BFGS:   99 10:42:23     -100.092611        2.6304
BFGS:  100 10:42:23     -100.110929        2.8808
BFGS:  101 10:42:23     -100.132669        2.9974
BFGS:  102 10:42:23     -100.156936        2.8775
BFGS:  103 10:42:23     -100.182918        2.6654
BFGS:  104 10:42:23     -100.206774        2.4614
BFGS:  105 10:42:23     -100.223030        2.3508
BFGS:  106 10:42:23     -100.230743        1.9895
BFGS:  107 10:42:23     -100.233428        1.8605
BFGS:  108 10:42:23     -100.234677        1.8646
BFGS:  109 10:42:23     -100.235425        1.8764
BFGS:  110 10:42:23     -100.235913        1.8800
BFGS:  111 10:42:23     -100.236335        1.8856
BFGS:  112 10:42:23     -100.236855        1.8981
BFGS:  113 10:42:23     -100.237702        1.9389
BFGS:  114 10:42:24     -100.239063        2.0062
BFGS:  115 10:42:24     -100.240937        2.0884
BFGS:  116 10:42:24     -100.242983        2.1456
BFGS:  117 10:42:24     -100.244525        2.1286
BFGS:  118 10:42:24     -100.245230        2.0856
BFGS:  119 10:42:24     -100.245466        2.0416
BFGS:  120 10:42:24     -100.245568        2.0258
BFGS:  121 10:42:24     -100.245620        2.0096
BFGS:  122 10:42:24     -100.245642        2.0057
BFGS:  123 10:42:24     -100.245655        1.9979
BFGS:  124 10:42:24     -100.245658        1.9990
BFGS:  125 10:42:24     -100.245688        2.0018
BFGS:  126 10:42:24     -100.245761        2.0053
BFGS:  127 10:42:24     -100.245968        2.0142
BFGS:  128 10:42:24     -100.246464        2.0144
BFGS:  129 10:42:24     -100.247804        2.0079
BFGS:  130 10:42:24     -100.251070        1.9469
BFGS:  131 10:42:24     -100.258749        1.7636
BFGS:  132 10:42:24     -100.273531        1.3106
BFGS:  133 10:42:24     -100.292875        0.8049
BFGS:  134 10:42:24     -100.305435        0.4051
BFGS:  135 10:42:24     -100.308651        0.1458
BFGS:  136 10:42:24     -100.308937        0.1164
BFGS:  137 10:42:24     -100.308963        0.1055
BFGS:  138 10:42:24     -100.308980        0.1055
BFGS:  139 10:42:24     -100.308984        0.1071
BFGS:  140 10:42:24     -100.309006        0.1188
BFGS:  141 10:42:24     -100.309042        0.1269
BFGS:  142 10:42:24     -100.309134        0.1308
BFGS:  143 10:42:24     -100.309284        0.1153
BFGS:  144 10:42:24     -100.309453        0.0886
