      Step     Time          Energy         fmax
BFGS:    0 09:07:39      -33.673756       21.1354
BFGS:    1 09:07:39      -38.020896       17.0460
BFGS:    2 09:07:39      -41.517106       17.5588
BFGS:    3 09:07:39      -43.982067       14.2015
BFGS:    4 09:07:39      -46.840254       10.6912
BFGS:    5 09:07:40      -49.164989       10.3091
BFGS:    6 09:07:40      -51.387953        9.4796
BFGS:    7 09:07:40      -53.057525        8.9148
BFGS:    8 09:07:40      -54.219239        9.0685
BFGS:    9 09:07:40      -55.053562       10.5595
BFGS:   10 09:07:40      -55.861067       10.8516
BFGS:   11 09:07:40      -56.533674        8.8862
BFGS:   12 09:07:40      -56.991998        5.6551
BFGS:   13 09:07:40      -57.256911        4.8506
BFGS:   14 09:07:40      -57.609134        3.6434
BFGS:   15 09:07:40      -57.981830        5.0860
BFGS:   16 09:07:40      -58.304001        7.0532
BFGS:   17 09:07:40      -59.113903        6.6232
BFGS:   18 09:07:40      -59.785986        4.3553
BFGS:   19 09:07:40      -60.238074        4.1879
BFGS:   20 09:07:40      -60.625140        5.2655
BFGS:   21 09:07:40      -60.967026        6.8442
BFGS:   22 09:07:41      -61.287648        8.4339
BFGS:   23 09:07:41      -61.644433        9.9526
BFGS:   24 09:07:41      -62.047233       11.5613
BFGS:   25 09:07:41      -62.763101       10.9900
BFGS:   26 09:07:41      -63.456910       10.4285
BFGS:   27 09:07:41      -64.406658        8.8828
BFGS:   28 09:07:41      -65.254851        7.3611
BFGS:   29 09:07:41      -65.937134        6.3998
BFGS:   30 09:07:41      -66.495416        5.3724
BFGS:   31 09:07:41      -66.992890        5.6619
BFGS:   32 09:07:41      -67.580880        7.5010
BFGS:   33 09:07:41      -68.258376       10.0943
BFGS:   34 09:07:41      -68.850624       11.8779
BFGS:   35 09:07:41      -69.442671       12.4092
BFGS:   36 09:07:41      -69.899442       11.5820
BFGS:   37 09:07:41      -70.315178       10.9423
BFGS:   38 09:07:42      -70.719500       10.8204
BFGS:   39 09:07:42      -71.121345       11.9258
BFGS:   40 09:07:42      -71.513011       13.2486
BFGS:   41 09:07:42      -71.909261       14.6475
BFGS:   42 09:07:42      -72.335733       16.2394
BFGS:   43 09:07:42      -72.721465       17.2270
BFGS:   44 09:07:42      -73.481216       14.7087
BFGS:   45 09:07:42      -74.232945       15.2323
BFGS:   46 09:07:42      -75.487889       14.4862
BFGS:   47 09:07:42      -76.693665       12.6119
BFGS:   48 09:07:42      -77.686686       12.8504
BFGS:   49 09:07:42      -78.602151       13.1485
BFGS:   50 09:07:42      -79.513497       13.2996
BFGS:   51 09:07:42      -80.357007       11.4817
BFGS:   52 09:07:42      -81.063992        7.6067
BFGS:   53 09:07:43      -81.566532        4.8358
BFGS:   54 09:07:43      -81.874603        4.3140
BFGS:   55 09:07:43      -82.128406        5.4836
BFGS:   56 09:07:43      -82.372577       10.6975
BFGS:   57 09:07:43      -82.929616       10.5482
BFGS:   58 09:07:43      -83.532799        9.8875
BFGS:   59 09:07:43      -84.035959        8.7915
BFGS:   60 09:07:43      -84.469173        6.7255
BFGS:   61 09:07:43      -84.839815        7.3273
BFGS:   62 09:07:43      -85.054902        9.0106
BFGS:   63 09:07:43      -85.219443        9.7740
BFGS:   64 09:07:43      -85.522828       11.4051
BFGS:   65 09:07:43      -85.851399       13.4455
BFGS:   66 09:07:44      -86.138646       14.1912
BFGS:   67 09:07:44      -86.332777       14.9037
BFGS:   68 09:07:44      -86.427767       14.0379
BFGS:   69 09:07:44      -86.469537       13.7054
BFGS:   70 09:07:44      -86.529991       12.8262
BFGS:   71 09:07:44      -86.589538       11.6822
BFGS:   72 09:07:44      -86.648002       11.8684
BFGS:   73 09:07:44      -86.720041       11.7631
BFGS:   74 09:07:44      -86.789308       11.6043
BFGS:   75 09:07:44      -86.858876       11.4258
BFGS:   76 09:07:44      -86.931791       11.2346
BFGS:   77 09:07:44      -86.985464       11.0741
BFGS:   78 09:07:44      -87.141971       10.7221
BFGS:   79 09:07:44      -87.382581       10.2562
BFGS:   80 09:07:45      -87.726510        9.6683
BFGS:   81 09:07:45      -88.126963        9.2857
BFGS:   82 09:07:45      -88.455980        8.6795
BFGS:   83 09:07:45      -88.718415        9.1004
BFGS:   84 09:07:45      -88.917362        9.4736
BFGS:   85 09:07:45      -89.080150        9.4807
BFGS:   86 09:07:45      -89.226781        9.5758
BFGS:   87 09:07:45      -89.358529        9.6381
BFGS:   88 09:07:45      -89.475727        9.5830
BFGS:   89 09:07:45      -89.575275        9.6170
BFGS:   90 09:07:45      -89.656786        9.4404
BFGS:   91 09:07:45      -89.722827        9.2998
BFGS:   92 09:07:45      -89.780975        9.0042
BFGS:   93 09:07:45      -89.843195        8.6876
BFGS:   94 09:07:46      -89.915254        8.3909
BFGS:   95 09:07:46      -89.996655        7.9830
BFGS:   96 09:07:46      -90.079893        7.6315
BFGS:   97 09:07:46      -90.149768        7.3586
BFGS:   98 09:07:46      -90.211816        7.4777
BFGS:   99 09:07:46      -90.263855        7.1393
BFGS:  100 09:07:46      -90.319150        6.9133
BFGS:  101 09:07:46      -90.374892        6.3987
BFGS:  102 09:07:46      -90.433092        5.9138
BFGS:  103 09:07:46      -90.490695        5.2952
BFGS:  104 09:07:46      -90.547784        4.7341
BFGS:  105 09:07:46      -90.601741        4.4083
BFGS:  106 09:07:46      -90.652830        4.0590
BFGS:  107 09:07:46      -90.699532        3.7605
BFGS:  108 09:07:46      -90.747919        3.3301
BFGS:  109 09:07:47      -90.791601        3.3840
BFGS:  110 09:07:47      -90.854533        3.6779
BFGS:  111 09:07:47      -90.910099        3.9483
BFGS:  112 09:07:47      -90.957849        5.4237
BFGS:  113 09:07:47      -91.189582        7.1796
BFGS:  114 09:07:47      -91.511692        8.7544
BFGS:  115 09:07:47      -91.785569        7.5652
BFGS:  116 09:07:47      -91.958832        6.4592
BFGS:  117 09:07:47      -92.094076        5.2660
BFGS:  118 09:07:47      -92.226602        5.8459
BFGS:  119 09:07:48      -92.276719        5.7410
BFGS:  120 09:07:48      -92.308015        5.7829
BFGS:  121 09:07:48      -92.326485        5.6644
BFGS:  122 09:07:48      -92.349508        5.6447
BFGS:  123 09:07:48      -92.375127        5.4607
BFGS:  124 09:07:48      -92.418590        5.2273
BFGS:  125 09:07:48      -92.465932        5.0927
BFGS:  126 09:07:48      -92.518926        5.3004
BFGS:  127 09:07:48      -92.572145        5.4907
BFGS:  128 09:07:48      -92.611057        5.7276
BFGS:  129 09:07:48      -92.633004        5.7000
BFGS:  130 09:07:48      -92.648863        5.5619
BFGS:  131 09:07:48      -92.659716        5.6048
BFGS:  132 09:07:48      -92.667730        5.7510
BFGS:  133 09:07:49      -92.672651        5.8637
BFGS:  134 09:07:49      -92.675761        5.9490
BFGS:  135 09:07:49      -92.677168        5.9564
BFGS:  136 09:07:49      -92.678110        6.0483
BFGS:  137 09:07:49      -92.678277        6.0327
BFGS:  138 09:07:49      -92.678390        6.0496
BFGS:  139 09:07:49      -92.678470        6.0816
BFGS:  140 09:07:49      -92.678509        6.1020
BFGS:  141 09:07:49      -92.678547        6.1406
BFGS:  142 09:07:49      -92.678556        6.1488
BFGS:  143 09:07:49      -92.678564        6.1549
BFGS:  144 09:07:49      -92.678566        6.1547
BFGS:  145 09:07:49      -92.678569        6.1541
BFGS:  146 09:07:49      -92.678571        6.1537
BFGS:  147 09:07:50      -92.678579        6.1529
BFGS:  148 09:07:50      -92.678594        6.1529
BFGS:  149 09:07:50      -92.678633        6.1542
BFGS:  150 09:07:50      -92.678727        6.1578
BFGS:  151 09:07:50      -92.678978        6.1658
BFGS:  152 09:07:50      -92.679619        6.1808
BFGS:  153 09:07:50      -92.681300        6.2075
BFGS:  154 09:07:50      -92.685657        6.2514
BFGS:  155 09:07:50      -92.696970        6.3180
BFGS:  156 09:07:50      -92.725870        6.4035
BFGS:  157 09:07:50      -92.797242        6.4706
BFGS:  158 09:07:50      -92.958346        6.3818
BFGS:  159 09:07:50      -93.254547        5.7986
BFGS:  160 09:07:50      -93.595671        4.5785
BFGS:  161 09:07:50      -93.875519        3.2514
BFGS:  162 09:07:50      -93.944891        3.2837
BFGS:  163 09:07:51      -93.967135        3.1229
BFGS:  164 09:07:51      -93.980076        2.8232
BFGS:  165 09:07:51      -93.987260        2.6153
BFGS:  166 09:07:51      -93.988746        2.5955
BFGS:  167 09:07:51      -93.989913        2.6351
BFGS:  168 09:07:51      -93.990339        2.6638
BFGS:  169 09:07:51      -93.990626        2.7147
BFGS:  170 09:07:51      -93.990668        2.7143
BFGS:  171 09:07:51      -93.990887        2.7025
BFGS:  172 09:07:51      -93.991190        2.6875
BFGS:  173 09:07:51      -93.992146        2.6981
BFGS:  174 09:07:51      -93.994382        2.7169
BFGS:  175 09:07:51      -94.000296        2.7432
BFGS:  176 09:07:51      -94.015188        2.7733
BFGS:  177 09:07:51      -94.036195        2.7613
BFGS:  178 09:07:52      -94.063323        2.7754
BFGS:  179 09:07:52      -94.096754        2.7597
BFGS:  180 09:07:52      -94.135704        2.6777
BFGS:  181 09:07:52      -94.178617        2.5503
BFGS:  182 09:07:52      -94.223970        2.5894
BFGS:  183 09:07:52      -94.261498        5.2339
BFGS:  184 09:07:52      -94.374063        4.7282
BFGS:  185 09:07:52      -94.586369        3.4118
BFGS:  186 09:07:52      -94.793201        5.3792
BFGS:  187 09:07:52      -94.933643        7.6103
BFGS:  188 09:07:52      -95.332717        7.2003
BFGS:  189 09:07:52      -95.655738        5.4290
BFGS:  190 09:07:53      -95.891694        4.5925
BFGS:  191 09:07:53      -96.073249        3.9946
BFGS:  192 09:07:53      -96.171671        3.7186
BFGS:  193 09:07:53      -96.198749        3.7589
BFGS:  194 09:07:53      -96.213697        3.9819
BFGS:  195 09:07:53      -96.229801        4.1258
BFGS:  196 09:07:53      -96.242794        4.2314
BFGS:  197 09:07:53      -96.252350        4.2483
BFGS:  198 09:07:54      -96.257365        4.2894
BFGS:  199 09:07:54      -96.261038        4.2898
BFGS:  200 09:07:54      -96.265420        4.3855
BFGS:  201 09:07:54      -96.272326        4.4910
BFGS:  202 09:07:54      -96.280806        4.7459
BFGS:  203 09:07:54      -96.286838        4.8480
BFGS:  204 09:07:54      -96.289515        4.9165
BFGS:  205 09:07:54      -96.290726        4.8698
BFGS:  206 09:07:54      -96.291417        4.8512
BFGS:  207 09:07:54      -96.291800        4.8345
BFGS:  208 09:07:54      -96.292004        4.8300
BFGS:  209 09:07:54      -96.292112        4.8350
BFGS:  210 09:07:54      -96.292191        4.8366
BFGS:  211 09:07:55      -96.292312        4.8432
BFGS:  212 09:07:55      -96.292614        4.8476
BFGS:  213 09:07:55      -96.293395        4.8568
BFGS:  214 09:07:55      -96.295445        4.8577
BFGS:  215 09:07:55      -96.300481        4.8448
BFGS:  216 09:07:55      -96.306172        4.8160
BFGS:  217 09:07:55      -96.312579        4.7816
BFGS:  218 09:07:55      -96.319514        4.7432
BFGS:  219 09:07:55      -96.326831        4.7024
BFGS:  220 09:07:55      -96.334429        4.6600
BFGS:  221 09:07:55      -96.342236        4.6163
BFGS:  222 09:07:55      -96.350200        4.5716
BFGS:  223 09:07:55      -96.358279        4.5262
BFGS:  224 09:07:55      -96.366439        4.4800
BFGS:  225 09:07:55      -96.374651        4.4334
BFGS:  226 09:07:56      -96.382890        4.3862
BFGS:  227 09:07:56      -96.391137        4.3387
BFGS:  228 09:07:56      -96.399372        4.2908
BFGS:  229 09:07:56      -96.407580        4.2425
BFGS:  230 09:07:56      -96.415745        4.1941
BFGS:  231 09:07:56      -96.423858        4.1454
BFGS:  232 09:07:56      -96.431906        4.0965
BFGS:  233 09:07:56      -96.439882        4.0474
BFGS:  234 09:07:56      -96.447778        3.9982
BFGS:  235 09:07:56      -96.455587        3.9488
BFGS:  236 09:07:56      -96.463304        3.8993
BFGS:  237 09:07:56      -96.470925        3.8497
BFGS:  238 09:07:56      -96.478446        3.8001
BFGS:  239 09:07:56      -96.485863        3.7503
BFGS:  240 09:07:56      -96.493174        3.7005
BFGS:  241 09:07:56      -96.500378        3.6506
BFGS:  242 09:07:57      -96.507471        3.6006
BFGS:  243 09:07:57      -96.514453        3.5506
BFGS:  244 09:07:57      -96.521323        3.5006
BFGS:  245 09:07:57      -96.528079        3.4505
BFGS:  246 09:07:57      -96.534721        3.4004
BFGS:  247 09:07:57      -96.541249        3.3502
BFGS:  248 09:07:57      -96.547661        3.3000
BFGS:  249 09:07:57      -96.553958        3.2498
BFGS:  250 09:07:57      -96.560139        3.1995
BFGS:  251 09:07:57      -96.566204        3.1492
BFGS:  252 09:07:57      -96.572153        3.0989
BFGS:  253 09:07:57      -96.577986        3.0486
BFGS:  254 09:07:57      -96.583703        2.9983
BFGS:  255 09:07:57      -96.589304        2.9479
BFGS:  256 09:07:57      -96.594790        2.8975
BFGS:  257 09:07:57      -96.600159        2.8471
BFGS:  258 09:07:58      -96.605413        2.7967
BFGS:  259 09:07:58      -96.610551        2.7463
BFGS:  260 09:07:58      -96.615574        2.6958
BFGS:  261 09:07:58      -96.620482        2.6454
BFGS:  262 09:07:58      -96.625275        2.6102
BFGS:  263 09:07:58      -96.629953        2.6040
BFGS:  264 09:07:58      -96.634517        2.5980
BFGS:  265 09:07:58      -96.638967        2.5921
BFGS:  266 09:07:58      -96.643303        2.5862
BFGS:  267 09:07:58      -96.647525        2.5805
BFGS:  268 09:07:58      -96.651634        2.5748
BFGS:  269 09:07:58      -96.655630        2.5693
BFGS:  270 09:07:58      -96.659513        2.5638
BFGS:  271 09:07:58      -96.663284        2.5584
BFGS:  272 09:07:58      -96.666943        2.5530
BFGS:  273 09:07:58      -96.670490        2.5478
BFGS:  274 09:07:59      -96.673926        2.5426
BFGS:  275 09:07:59      -96.677252        2.5375
BFGS:  276 09:07:59      -96.680467        2.5325
BFGS:  277 09:07:59      -96.683572        2.5276
BFGS:  278 09:07:59      -96.686568        2.5227
BFGS:  279 09:07:59      -96.689454        2.5179
BFGS:  280 09:07:59      -96.692233        2.5131
BFGS:  281 09:07:59      -96.694904        2.5085
BFGS:  282 09:07:59      -96.697468        2.5038
BFGS:  283 09:07:59      -96.699925        2.4993
BFGS:  284 09:07:59      -96.702277        2.4947
BFGS:  285 09:07:59      -96.704523        2.4903
BFGS:  286 09:07:59      -96.706666        2.4858
BFGS:  287 09:07:59      -96.708705        2.4962
BFGS:  288 09:07:59      -96.710642        2.5137
BFGS:  289 09:07:59      -96.712478        2.5311
BFGS:  290 09:08:00      -96.714214        2.5485
BFGS:  291 09:08:00      -96.715851        2.5656
BFGS:  292 09:08:00      -96.717390        2.5827
BFGS:  293 09:08:00      -96.718833        2.5996
BFGS:  294 09:08:00      -96.720182        2.6164
BFGS:  295 09:08:00      -96.721438        2.6330
BFGS:  296 09:08:00      -96.722603        2.6493
BFGS:  297 09:08:00      -96.723679        2.6655
BFGS:  298 09:08:00      -96.724668        2.6815
BFGS:  299 09:08:00      -96.725574        2.6971
BFGS:  300 09:08:00      -96.726398        2.7125
BFGS:  301 09:08:00      -96.727144        2.7277
BFGS:  302 09:08:00      -96.727815        2.7425
BFGS:  303 09:08:00      -96.728415        2.7569
BFGS:  304 09:08:00      -96.728946        2.7711
BFGS:  305 09:08:01      -96.729415        2.7849
BFGS:  306 09:08:01      -96.729823        2.7984
BFGS:  307 09:08:01      -96.730175        2.8116
BFGS:  308 09:08:01      -96.730475        2.8245
BFGS:  309 09:08:01      -96.730726        2.8374
BFGS:  310 09:08:01      -96.730931        2.8504
BFGS:  311 09:08:01      -96.731090        2.8636
BFGS:  312 09:08:01      -96.731206        2.8777
BFGS:  313 09:08:01      -96.731271        2.8902
BFGS:  314 09:08:01      -96.731300        2.9006
BFGS:  315 09:08:01      -96.731315        2.9083
BFGS:  316 09:08:01      -96.731330        2.9156
BFGS:  317 09:08:01      -96.731343        2.9188
BFGS:  318 09:08:01      -96.731353        2.9166
BFGS:  319 09:08:01      -96.731358        2.9122
BFGS:  320 09:08:02      -96.731360        2.9070
BFGS:  321 09:08:02      -96.731361        2.9050
BFGS:  322 09:08:02      -96.731362        2.9048
BFGS:  323 09:08:02      -96.731363        2.9043
BFGS:  324 09:08:02      -96.731363        2.9041
BFGS:  325 09:08:02      -96.731365        2.9031
BFGS:  326 09:08:02      -96.731369        2.9020
      Step     Time          Energy         fmax
BFGS:    0 09:08:02      -96.731369        2.9020
BFGS:    1 09:08:02      -96.327334        8.4004
BFGS:    2 09:08:02      -96.775298        3.6247
BFGS:    3 09:08:02      -96.276446       10.3632
BFGS:    4 09:08:02      -96.782961        2.9019
BFGS:    5 09:08:02      -96.312318        8.6766
BFGS:    6 09:08:02      -96.825207        2.6082
BFGS:    7 09:08:02      -96.498485        7.1997
BFGS:    8 09:08:03      -96.844577        1.7245
BFGS:    9 09:08:03      -96.610153        6.7140
BFGS:   10 09:08:03      -96.851153        1.2877
BFGS:   11 09:08:03      -96.722058        4.6992
BFGS:   12 09:08:03      -96.860246        0.7832
BFGS:   13 09:08:03      -96.824636        3.0117
BFGS:   14 09:08:03      -96.862612        0.5111
BFGS:   15 09:08:03      -96.840805        1.4359
BFGS:   16 09:08:03      -96.865234        0.2214
BFGS:   17 09:08:03      -96.861325        0.7566
BFGS:   18 09:08:03      -96.866369        0.1892
BFGS:   19 09:08:03      -96.865855        0.3270
BFGS:   20 09:08:03      -96.867611        0.2288
BFGS:   21 09:08:03      -96.865531        0.7558
BFGS:   22 09:08:03      -96.869972        0.2571
BFGS:   23 09:08:04      -96.869033        0.6381
BFGS:   24 09:08:04      -96.873988        0.2028
BFGS:   25 09:08:04      -96.875636        0.4321
BFGS:   26 09:08:04      -96.880087        0.3377
BFGS:   27 09:08:04      -96.881874        0.2510
BFGS:   28 09:08:04      -96.882504        0.2412
BFGS:   29 09:08:04      -96.882835        0.2236
BFGS:   30 09:08:04      -96.883359        0.1286
BFGS:   31 09:08:04      -96.883382        0.1814
BFGS:   32 09:08:04      -96.883716        0.1177
BFGS:   33 09:08:04      -96.883734        0.1289
BFGS:   34 09:08:04      -96.883966        0.0272
