      Step     Time          Energy         fmax
BFGS:    0 20:45:50     -695.470056      114.6570
BFGS:    1 20:45:50     -723.146680      129.1051
BFGS:    2 20:45:50     -739.992541      116.2042
BFGS:    3 20:45:50     -753.051739      117.4120
BFGS:    4 20:45:50     -765.926536      117.7957
BFGS:    5 20:45:50     -778.608882      117.7795
BFGS:    6 20:45:50     -791.121577      115.8608
BFGS:    7 20:45:50     -803.614098      114.5513
BFGS:    8 20:45:50     -814.633586      116.4126
BFGS:    9 20:45:50     -824.167247      115.7187
BFGS:   10 20:45:50     -837.118201      111.5050
BFGS:   11 20:45:50     -850.969608      110.4370
BFGS:   12 20:45:50     -863.681345      107.5702
BFGS:   13 20:45:51     -876.529164      104.5763
BFGS:   14 20:45:51     -890.430135      104.5151
BFGS:   15 20:45:51     -902.824532      103.1729
BFGS:   16 20:45:51     -915.184063      101.4749
BFGS:   17 20:45:51     -926.754834       97.9364
BFGS:   18 20:45:51     -939.847862       94.2155
BFGS:   19 20:45:51     -950.832398       87.5967
BFGS:   20 20:45:51     -960.759182       83.8997
BFGS:   21 20:45:51     -970.015707       79.7898
BFGS:   22 20:45:51     -978.533082       76.9821
BFGS:   23 20:45:51     -986.489723       70.3625
BFGS:   24 20:45:51     -993.892474       66.3499
BFGS:   25 20:45:51    -1000.624982       60.3555
BFGS:   26 20:45:51    -1006.835787       54.8498
BFGS:   27 20:45:51    -1012.860655       50.0442
BFGS:   28 20:45:51    -1018.778739       43.6830
BFGS:   29 20:45:51    -1023.853563       38.9105
BFGS:   30 20:45:51    -1028.801121       32.7484
BFGS:   31 20:45:51    -1032.346624       30.8265
BFGS:   32 20:45:51    -1035.134030       29.2484
BFGS:   33 20:45:51    -1037.418473       28.4285
BFGS:   34 20:45:51    -1039.321066       27.7148
BFGS:   35 20:45:51    -1041.045588       26.9487
BFGS:   36 20:45:51    -1042.512862       25.8652
BFGS:   37 20:45:51    -1043.851503       25.0668
BFGS:   38 20:45:51    -1045.128354       24.2671
BFGS:   39 20:45:51    -1046.415875       23.3280
BFGS:   40 20:45:51    -1047.747886       22.3519
BFGS:   41 20:45:52    -1049.215292       21.0934
BFGS:   42 20:45:52    -1050.835765       19.7433
BFGS:   43 20:45:52    -1052.584027       17.9826
BFGS:   44 20:45:52    -1054.223432       16.2116
BFGS:   45 20:45:52    -1055.718461       13.5384
BFGS:   46 20:45:52    -1056.999521       11.9465
BFGS:   47 20:45:52    -1058.051143       10.0271
BFGS:   48 20:45:52    -1058.850917        8.2622
BFGS:   49 20:45:52    -1059.261869        6.0467
BFGS:   50 20:45:52    -1059.408291        6.4038
BFGS:   51 20:45:52    -1059.578236        6.0654
BFGS:   52 20:45:52    -1059.747559        5.8204
BFGS:   53 20:45:52    -1059.904289        5.4723
BFGS:   54 20:45:52    -1060.063239        5.1684
BFGS:   55 20:45:52    -1060.187168        4.9116
BFGS:   56 20:45:52    -1060.297482        5.2171
BFGS:   57 20:45:52    -1060.391152        5.2168
BFGS:   58 20:45:52    -1060.446498        5.0428
BFGS:   59 20:45:52    -1060.473227        4.8610
BFGS:   60 20:45:52    -1060.502174        4.5477
BFGS:   61 20:45:52    -1060.533079        4.1977
BFGS:   62 20:45:52    -1060.570229        3.7266
BFGS:   63 20:45:52    -1060.614503        4.2567
BFGS:   64 20:45:52    -1060.658053        5.5242
BFGS:   65 20:45:52    -1060.683854        5.6169
BFGS:   66 20:45:52    -1060.718922        5.2185
BFGS:   67 20:45:52    -1060.802514        4.4912
BFGS:   68 20:45:52    -1060.875836        5.0554
BFGS:   69 20:45:52    -1060.956611        4.7426
BFGS:   70 20:45:53    -1061.036622        4.7808
BFGS:   71 20:45:53    -1061.108736        4.8858
BFGS:   72 20:45:53    -1061.177722        5.0167
BFGS:   73 20:45:53    -1061.243172        5.1278
BFGS:   74 20:45:53    -1061.310497        5.0010
BFGS:   75 20:45:53    -1061.388002        5.5388
BFGS:   76 20:45:53    -1061.489174        6.3900
BFGS:   77 20:45:53    -1061.655674        7.1136
BFGS:   78 20:45:53    -1061.850875        7.1824
BFGS:   79 20:45:53    -1062.049456        7.6791
BFGS:   80 20:45:53    -1062.286002        6.2903
BFGS:   81 20:45:53    -1062.373638        4.9895
BFGS:   82 20:45:53    -1062.461167        5.7273
BFGS:   83 20:45:53    -1062.527929        5.4510
BFGS:   84 20:45:53    -1062.597001        5.0989
BFGS:   85 20:45:53    -1062.690669        5.2767
BFGS:   86 20:45:53    -1062.776325        6.2478
BFGS:   87 20:45:53    -1062.945522        5.9239
BFGS:   88 20:45:53    -1063.251882        6.1591
BFGS:   89 20:45:53    -1063.566889        7.0527
BFGS:   90 20:45:53    -1063.807023        8.2380
BFGS:   91 20:45:53    -1064.088594        8.3202
BFGS:   92 20:45:53    -1064.247526       10.0018
BFGS:   93 20:45:53    -1064.554011       10.2623
BFGS:   94 20:45:53    -1064.949539       11.8265
BFGS:   95 20:45:53    -1065.211451       13.1284
BFGS:   96 20:45:53    -1065.868091       11.0102
BFGS:   97 20:45:53    -1066.377335       11.1665
BFGS:   98 20:45:53    -1066.951413       12.3777
BFGS:   99 20:45:54    -1067.442713       12.6228
BFGS:  100 20:45:54    -1068.084368       13.2506
BFGS:  101 20:45:54    -1068.635045       14.0404
BFGS:  102 20:45:54    -1069.123087       13.9156
BFGS:  103 20:45:54    -1069.564220       13.7793
BFGS:  104 20:45:54    -1069.975988       13.3595
BFGS:  105 20:45:54    -1070.398075       12.8430
BFGS:  106 20:45:54    -1070.899464       11.9242
BFGS:  107 20:45:54    -1071.523330       10.5869
BFGS:  108 20:45:54    -1072.144524        9.0815
BFGS:  109 20:45:54    -1072.734008        8.7689
BFGS:  110 20:45:54    -1073.308575        9.4416
BFGS:  111 20:45:54    -1073.877082       10.0586
BFGS:  112 20:45:54    -1074.470145       10.8693
BFGS:  113 20:45:54    -1075.089988       11.6673
BFGS:  114 20:45:54    -1075.654719       12.7168
BFGS:  115 20:45:54    -1076.170516       13.1147
BFGS:  116 20:45:54    -1076.565738       14.0276
BFGS:  117 20:45:54    -1077.010935       14.2831
BFGS:  118 20:45:54    -1077.432576       14.7306
BFGS:  119 20:45:54    -1077.889554       15.7099
BFGS:  120 20:45:54    -1078.325929       15.2467
BFGS:  121 20:45:54    -1078.675641       14.9041
BFGS:  122 20:45:54    -1079.040938       13.6978
BFGS:  123 20:45:54    -1079.441245       12.5830
BFGS:  124 20:45:54    -1079.861966       12.8375
BFGS:  125 20:45:54    -1080.335437       13.5239
BFGS:  126 20:45:54    -1080.776555       13.0457
BFGS:  127 20:45:54    -1081.171487       12.6861
BFGS:  128 20:45:54    -1081.601834       12.4555
BFGS:  129 20:45:54    -1082.013597       13.0344
BFGS:  130 20:45:55    -1082.444376       13.4290
BFGS:  131 20:45:55    -1082.843226       13.7246
BFGS:  132 20:45:55    -1083.205426       13.4665
BFGS:  133 20:45:55    -1083.561883       13.6049
BFGS:  134 20:45:55    -1083.903619       14.0279
BFGS:  135 20:45:55    -1084.241568       14.1906
BFGS:  136 20:45:55    -1084.578738       14.1079
BFGS:  137 20:45:55    -1084.923855       13.7952
BFGS:  138 20:45:55    -1085.275952       13.3486
BFGS:  139 20:45:55    -1085.657425       12.5373
BFGS:  140 20:45:55    -1086.072502       11.9762
BFGS:  141 20:45:55    -1086.441196       10.5902
BFGS:  142 20:45:55    -1086.755068       11.6762
BFGS:  143 20:45:55    -1087.045667       11.6685
BFGS:  144 20:45:55    -1087.348891       10.7611
BFGS:  145 20:45:55    -1087.504133        9.9026
BFGS:  146 20:45:55    -1087.624364        9.7996
BFGS:  147 20:45:55    -1087.719737        8.6602
BFGS:  148 20:45:55    -1087.804768        9.4234
BFGS:  149 20:45:55    -1087.930115        9.7048
BFGS:  150 20:45:55    -1088.032428        9.5761
BFGS:  151 20:45:55    -1088.104078        9.1199
BFGS:  152 20:45:55    -1088.160229        8.4996
BFGS:  153 20:45:55    -1088.232824        8.0972
BFGS:  154 20:45:55    -1088.304641        8.4843
BFGS:  155 20:45:55    -1088.353960        8.6414
BFGS:  156 20:45:55    -1088.415724        9.1260
BFGS:  157 20:45:55    -1088.460523        9.1196
BFGS:  158 20:45:55    -1088.513322        9.5080
BFGS:  159 20:45:55    -1088.568455        9.3939
BFGS:  160 20:45:56    -1088.637091        9.2462
BFGS:  161 20:45:56    -1088.711122        9.0017
BFGS:  162 20:45:56    -1088.786330        8.7166
BFGS:  163 20:45:56    -1088.855438        8.4794
BFGS:  164 20:45:56    -1088.922131        8.2142
BFGS:  165 20:45:56    -1088.993595        7.9211
BFGS:  166 20:45:56    -1089.097751        7.5557
BFGS:  167 20:45:56    -1089.214473        7.2148
BFGS:  168 20:45:56    -1089.355213        7.0646
BFGS:  169 20:45:56    -1089.480332        7.1928
BFGS:  170 20:45:56    -1089.589217        7.2161
BFGS:  171 20:45:56    -1089.674260        7.8796
BFGS:  172 20:45:56    -1089.803380        7.8404
BFGS:  173 20:45:56    -1089.930415        7.4336
BFGS:  174 20:45:56    -1090.000112        7.0532
BFGS:  175 20:45:56    -1090.056513        7.8650
BFGS:  176 20:45:56    -1090.106630        7.5514
BFGS:  177 20:45:56    -1090.179623        7.6218
BFGS:  178 20:45:56    -1090.266880        7.7466
BFGS:  179 20:45:56    -1090.351188        7.5978
BFGS:  180 20:45:56    -1090.437934        7.4183
BFGS:  181 20:45:56    -1090.527040        6.8659
BFGS:  182 20:45:56    -1090.617496        6.3618
BFGS:  183 20:45:56    -1090.704339        5.3623
BFGS:  184 20:45:56    -1090.777443        5.0644
BFGS:  185 20:45:56    -1090.846487        4.1141
BFGS:  186 20:45:56    -1090.929043        3.8928
BFGS:  187 20:45:56    -1091.024940        4.0642
BFGS:  188 20:45:56    -1091.121243        4.2567
BFGS:  189 20:45:56    -1091.222490        4.4736
BFGS:  190 20:45:56    -1091.303301        4.3838
BFGS:  191 20:45:57    -1091.388389        4.3118
BFGS:  192 20:45:57    -1091.467681        4.0969
BFGS:  193 20:45:57    -1091.542614        3.9312
BFGS:  194 20:45:57    -1091.615434        3.6402
BFGS:  195 20:45:57    -1091.685910        3.3374
BFGS:  196 20:45:57    -1091.750170        3.0028
BFGS:  197 20:45:57    -1091.807827        3.0613
BFGS:  198 20:45:57    -1091.855851        3.2185
BFGS:  199 20:45:57    -1091.886606        3.2805
BFGS:  200 20:45:57    -1091.935634        3.1120
BFGS:  201 20:45:57    -1091.971942        3.1823
BFGS:  202 20:45:57    -1092.016750        2.8535
BFGS:  203 20:45:57    -1092.059969        2.6371
BFGS:  204 20:45:57    -1092.097121        2.6028
BFGS:  205 20:45:57    -1092.185599        2.9881
BFGS:  206 20:45:57    -1092.285863        3.5236
BFGS:  207 20:45:57    -1092.387918        4.0846
BFGS:  208 20:45:57    -1092.484216        4.4129
BFGS:  209 20:45:57    -1092.587780        4.2288
BFGS:  210 20:45:57    -1092.709396        3.9382
BFGS:  211 20:45:57    -1092.834985        3.8453
BFGS:  212 20:45:57    -1092.950848        3.7949
BFGS:  213 20:45:57    -1093.066454        3.8894
BFGS:  214 20:45:57    -1093.170606        3.5097
BFGS:  215 20:45:57    -1093.278397        3.3749
BFGS:  216 20:45:57    -1093.368930        3.2242
BFGS:  217 20:45:57    -1093.419324        3.3906
BFGS:  218 20:45:57    -1093.456289        2.9916
BFGS:  219 20:45:57    -1093.477600        2.8137
BFGS:  220 20:45:57    -1093.497346        2.6778
BFGS:  221 20:45:57    -1093.505830        2.6783
BFGS:  222 20:45:58    -1093.519705        2.6153
BFGS:  223 20:45:58    -1093.530277        2.4048
BFGS:  224 20:45:58    -1093.542165        2.3503
BFGS:  225 20:45:58    -1093.553894        2.0393
BFGS:  226 20:45:58    -1093.561182        1.7637
BFGS:  227 20:45:58    -1093.568870        1.5097
BFGS:  228 20:45:58    -1093.576724        1.5488
BFGS:  229 20:45:58    -1093.583689        1.6476
BFGS:  230 20:45:58    -1093.591810        1.7191
BFGS:  231 20:45:58    -1093.601623        1.7438
BFGS:  232 20:45:58    -1093.614434        1.5719
BFGS:  233 20:45:58    -1093.631106        1.6777
BFGS:  234 20:45:58    -1093.647401        1.8064
BFGS:  235 20:45:58    -1093.662137        1.9984
BFGS:  236 20:45:58    -1093.670491        2.1678
BFGS:  237 20:45:58    -1093.676824        2.3572
BFGS:  238 20:45:58    -1093.666147        2.6465
BFGS:  239 20:45:58    -1093.684313        2.4841
BFGS:  240 20:45:58    -1093.687413        2.5005
BFGS:  241 20:45:58    -1093.693722        2.6109
BFGS:  242 20:45:58    -1093.696349        2.7006
BFGS:  243 20:45:58    -1093.699034        2.8563
BFGS:  244 20:45:58    -1093.700276        2.9130
BFGS:  245 20:45:58    -1093.701066        2.9724
BFGS:  246 20:45:58    -1093.701451        2.9934
BFGS:  247 20:45:58    -1093.701753        3.0219
BFGS:  248 20:45:58    -1093.701904        3.0305
BFGS:  249 20:45:58    -1093.702080        3.0471
BFGS:  250 20:45:58    -1093.702151        3.0547
BFGS:  251 20:45:58    -1093.702201        3.0685
BFGS:  252 20:45:58    -1093.702220        3.0770
BFGS:  253 20:45:58    -1093.702233        3.0919
BFGS:  254 20:45:59    -1093.702236        3.0956
BFGS:  255 20:45:59    -1093.702241        3.1035
BFGS:  256 20:45:59    -1093.702242        3.1038
BFGS:  257 20:45:59    -1093.702244        3.1043
BFGS:  258 20:45:59    -1093.702246        3.1046
BFGS:  259 20:45:59    -1093.702250        3.1051
BFGS:  260 20:45:59    -1093.702258        3.1063
BFGS:  261 20:45:59    -1093.702277        3.1086
BFGS:  262 20:45:59    -1093.702320        3.1129
BFGS:  263 20:45:59    -1093.702433        3.1210
BFGS:  264 20:45:59    -1093.702710        3.1353
BFGS:  265 20:45:59    -1093.703451        3.1610
BFGS:  266 20:45:59    -1093.705325        3.2059
BFGS:  267 20:45:59    -1093.710331        3.2872
BFGS:  268 20:45:59    -1093.723257        3.4369
BFGS:  269 20:45:59    -1093.756635        3.7112
BFGS:  270 20:45:59    -1093.809937        3.9827
BFGS:  271 20:45:59    -1093.897641        3.8847
BFGS:  272 20:45:59    -1094.046160        3.0659
BFGS:  273 20:45:59    -1094.130053        2.3392
BFGS:  274 20:45:59    -1094.183549        1.5988
BFGS:  275 20:45:59    -1094.194181        1.5625
BFGS:  276 20:45:59    -1094.200904        1.5134
BFGS:  277 20:45:59    -1094.205981        1.5981
BFGS:  278 20:45:59    -1094.207994        1.6545
BFGS:  279 20:45:59    -1094.209616        1.7418
BFGS:  280 20:45:59    -1094.210058        1.7469
BFGS:  281 20:45:59    -1094.211368        1.7329
BFGS:  282 20:45:59    -1094.214115        1.6809
BFGS:  283 20:45:59    -1094.220771        1.5698
BFGS:  284 20:45:59    -1094.234773        1.4587
BFGS:  285 20:46:00    -1094.258236        1.2590
BFGS:  286 20:46:00    -1094.281688        0.7745
BFGS:  287 20:46:00    -1094.293397        0.4709
BFGS:  288 20:46:00    -1094.295776        0.2487
BFGS:  289 20:46:00    -1094.296063        0.2431
BFGS:  290 20:46:00    -1094.296198        0.2269
BFGS:  291 20:46:00    -1094.296266        0.2107
BFGS:  292 20:46:00    -1094.296300        0.2006
BFGS:  293 20:46:00    -1094.296319        0.2085
BFGS:  294 20:46:00    -1094.296325        0.2145
BFGS:  295 20:46:00    -1094.296331        0.2299
BFGS:  296 20:46:00    -1094.296333        0.2350
BFGS:  297 20:46:00    -1094.296345        0.2511
BFGS:  298 20:46:00    -1094.296368        0.2659
BFGS:  299 20:46:00    -1094.296440        0.2878
BFGS:  300 20:46:00    -1094.296612        0.3074
BFGS:  301 20:46:00    -1094.297005        0.3080
BFGS:  302 20:46:00    -1094.297662        0.2520
BFGS:  303 20:46:00    -1094.298318        0.1834
BFGS:  304 20:46:00    -1094.298614        0.1366
BFGS:  305 20:46:00    -1094.298674        0.1103
BFGS:  306 20:46:00    -1094.298688        0.1006
BFGS:  307 20:46:00    -1094.298696        0.0928
