      Step     Time          Energy         fmax
BFGS:    0 20:40:42     -870.585698      137.7086
BFGS:    1 20:40:42     -904.948389      104.6009
BFGS:    2 20:40:42     -924.782904      108.9841
BFGS:    3 20:40:42     -942.519895      100.6566
BFGS:    4 20:40:42     -964.952049       85.8955
BFGS:    5 20:40:42     -984.599483       85.4185
BFGS:    6 20:40:42     -999.106343       72.2251
BFGS:    7 20:40:42    -1010.920256       64.5823
BFGS:    8 20:40:42    -1019.078163       60.1371
BFGS:    9 20:40:42    -1025.228345       53.6564
BFGS:   10 20:40:42    -1029.985185       50.9954
BFGS:   11 20:40:42    -1034.078984       46.7504
BFGS:   12 20:40:42    -1037.784380       44.2695
BFGS:   13 20:40:42    -1041.390612       40.2527
BFGS:   14 20:40:42    -1044.846712       37.4297
BFGS:   15 20:40:42    -1048.219429       33.8925
BFGS:   16 20:40:42    -1051.193301       30.8398
BFGS:   17 20:40:42    -1053.593062       29.3061
BFGS:   18 20:40:42    -1055.749124       27.6557
BFGS:   19 20:40:42    -1057.874883       25.3653
BFGS:   20 20:40:42    -1060.245753       22.0776
BFGS:   21 20:40:42    -1063.004772       18.1068
BFGS:   22 20:40:42    -1065.537411       15.0403
BFGS:   23 20:40:42    -1067.640857       13.0228
BFGS:   24 20:40:42    -1069.231958       11.5751
BFGS:   25 20:40:42    -1070.546292       10.4347
BFGS:   26 20:40:42    -1071.697575        9.4672
BFGS:   27 20:40:42    -1072.747904        8.6119
BFGS:   28 20:40:42    -1073.737993        7.8337
BFGS:   29 20:40:42    -1074.703479        7.1195
BFGS:   30 20:40:42    -1075.670782        6.6061
BFGS:   31 20:40:42    -1076.539843        6.3183
BFGS:   32 20:40:42    -1077.311468        6.0499
BFGS:   33 20:40:42    -1078.023027        5.7527
BFGS:   34 20:40:42    -1078.702949        5.3990
BFGS:   35 20:40:43    -1079.370966        4.9902
BFGS:   36 20:40:43    -1080.037881        4.5550
BFGS:   37 20:40:43    -1080.707127        4.1345
BFGS:   38 20:40:43    -1081.366600        4.0852
BFGS:   39 20:40:43    -1082.000136        4.4998
BFGS:   40 20:40:43    -1082.593341        5.2513
BFGS:   41 20:40:43    -1083.148058        6.1054
BFGS:   42 20:40:43    -1083.663789        6.8347
BFGS:   43 20:40:43    -1084.147131        7.3069
BFGS:   44 20:40:43    -1084.598972        7.5081
BFGS:   45 20:40:43    -1085.030186        7.4465
BFGS:   46 20:40:43    -1085.446100        7.1642
BFGS:   47 20:40:43    -1085.849575        6.5835
BFGS:   48 20:40:43    -1086.226785        5.6647
BFGS:   49 20:40:43    -1086.531102        4.4234
BFGS:   50 20:40:43    -1086.764068        2.9461
BFGS:   51 20:40:43    -1086.943193        1.9514
BFGS:   52 20:40:43    -1087.108063        2.1511
BFGS:   53 20:40:43    -1087.253050        2.3581
BFGS:   54 20:40:43    -1087.378918        2.5296
BFGS:   55 20:40:43    -1087.500988        2.4751
BFGS:   56 20:40:43    -1087.626540        2.2494
BFGS:   57 20:40:43    -1087.757606        2.2129
BFGS:   58 20:40:43    -1087.895023        2.4053
BFGS:   59 20:40:43    -1088.051630        2.4682
BFGS:   60 20:40:43    -1088.218169        2.7115
BFGS:   61 20:40:43    -1088.405644        3.4234
BFGS:   62 20:40:43    -1088.604887        3.9413
BFGS:   63 20:40:43    -1088.808524        4.3882
BFGS:   64 20:40:43    -1089.011509        4.6866
BFGS:   65 20:40:43    -1089.209466        4.7091
BFGS:   66 20:40:43    -1089.409779        4.5672
BFGS:   67 20:40:43    -1089.639450        4.4300
BFGS:   68 20:40:43    -1089.883700        4.2446
BFGS:   69 20:40:43    -1090.096799        3.7806
BFGS:   70 20:40:43    -1090.305160        3.0901
BFGS:   71 20:40:43    -1090.512914        2.8268
BFGS:   72 20:40:43    -1090.685822        2.6569
BFGS:   73 20:40:44    -1090.867702        2.9749
BFGS:   74 20:40:44    -1091.025479        2.8202
BFGS:   75 20:40:44    -1091.155032        2.3530
BFGS:   76 20:40:44    -1091.267622        1.5997
BFGS:   77 20:40:44    -1091.342426        1.4488
BFGS:   78 20:40:44    -1091.398031        1.4141
BFGS:   79 20:40:44    -1091.442076        1.3269
BFGS:   80 20:40:44    -1091.503535        1.4014
BFGS:   81 20:40:44    -1091.553806        1.3010
BFGS:   82 20:40:44    -1091.599833        1.4102
BFGS:   83 20:40:44    -1091.645808        1.6101
BFGS:   84 20:40:44    -1091.691072        1.7819
BFGS:   85 20:40:44    -1091.735547        1.9205
BFGS:   86 20:40:44    -1091.785442        1.9846
BFGS:   87 20:40:44    -1091.840748        1.9292
BFGS:   88 20:40:44    -1091.906212        1.5399
BFGS:   89 20:40:44    -1091.944616        1.3596
BFGS:   90 20:40:44    -1091.992180        1.1362
BFGS:   91 20:40:44    -1092.006988        1.1306
BFGS:   92 20:40:44    -1092.021195        1.1323
BFGS:   93 20:40:44    -1092.039236        1.2956
BFGS:   94 20:40:44    -1092.079053        1.5589
BFGS:   95 20:40:44    -1092.113506        1.8866
BFGS:   96 20:40:44    -1092.158071        2.1263
BFGS:   97 20:40:44    -1092.231109        2.3890
BFGS:   98 20:40:44    -1092.327011        2.6787
BFGS:   99 20:40:44    -1092.488350        2.5074
BFGS:  100 20:40:44    -1092.580141        1.8468
BFGS:  101 20:40:44    -1092.639814        1.2851
BFGS:  102 20:40:44    -1092.685652        1.3349
BFGS:  103 20:40:44    -1092.702236        1.3892
BFGS:  104 20:40:44    -1092.727846        1.3583
BFGS:  105 20:40:44    -1092.746713        1.0807
BFGS:  106 20:40:44    -1092.757995        0.8830
BFGS:  107 20:40:44    -1092.764902        0.7223
BFGS:  108 20:40:44    -1092.770981        0.6845
BFGS:  109 20:40:44    -1092.777150        0.6305
BFGS:  110 20:40:44    -1092.782431        0.6409
BFGS:  111 20:40:44    -1092.786540        0.6064
BFGS:  112 20:40:44    -1092.789738        0.5572
BFGS:  113 20:40:44    -1092.792363        0.4834
BFGS:  114 20:40:45    -1092.794467        0.4356
BFGS:  115 20:40:45    -1092.795951        0.4290
BFGS:  116 20:40:45    -1092.797183        0.4169
BFGS:  117 20:40:45    -1092.798530        0.4054
BFGS:  118 20:40:45    -1092.800292        0.4219
BFGS:  119 20:40:45    -1092.802757        0.4350
BFGS:  120 20:40:45    -1092.806274        0.3913
BFGS:  121 20:40:45    -1092.811469        0.4001
BFGS:  122 20:40:45    -1092.819698        0.4421
BFGS:  123 20:40:45    -1092.831655        0.5824
BFGS:  124 20:40:45    -1092.842691        0.6287
BFGS:  125 20:40:45    -1092.859071        0.7491
BFGS:  126 20:40:45    -1092.866877        0.6656
BFGS:  127 20:40:45    -1092.873766        0.6287
BFGS:  128 20:40:45    -1092.878791        0.6291
BFGS:  129 20:40:45    -1092.884939        0.7205
BFGS:  130 20:40:45    -1092.890760        0.6000
BFGS:  131 20:40:45    -1092.901276        0.5650
BFGS:  132 20:40:45    -1092.920817        0.5945
BFGS:  133 20:40:45    -1092.935370        0.6761
BFGS:  134 20:40:45    -1092.942409        0.8319
BFGS:  135 20:40:45    -1092.960542        0.4593
BFGS:  136 20:40:45    -1092.973025        0.5218
BFGS:  137 20:40:45    -1092.988807        0.7696
BFGS:  138 20:40:45    -1092.996321        0.7887
BFGS:  139 20:40:45    -1093.005512        0.5852
BFGS:  140 20:40:45    -1093.009621        0.4497
BFGS:  141 20:40:45    -1093.013321        0.4089
BFGS:  142 20:40:45    -1093.016619        0.3530
BFGS:  143 20:40:45    -1093.019604        0.3092
BFGS:  144 20:40:45    -1093.021656        0.2821
BFGS:  145 20:40:45    -1093.023093        0.2085
BFGS:  146 20:40:45    -1093.023897        0.1328
BFGS:  147 20:40:45    -1093.024397        0.1101
BFGS:  148 20:40:45    -1093.024732        0.1024
BFGS:  149 20:40:45    -1093.024997        0.0833
