      Step     Time          Energy         fmax
BFGS:    0 20:42:57     -745.849167      183.8552
BFGS:    1 20:42:57     -781.468738      180.6679
BFGS:    2 20:42:57     -803.521586      166.0888
BFGS:    3 20:42:57     -823.111944      151.7428
BFGS:    4 20:42:57     -839.389068      131.5956
BFGS:    5 20:42:57     -852.624529      124.5322
BFGS:    6 20:42:57     -867.897897      113.9498
BFGS:    7 20:42:57     -880.173731      107.0915
BFGS:    8 20:42:57     -890.057210       99.6971
BFGS:    9 20:42:57     -899.245240       98.7016
BFGS:   10 20:42:57     -908.012263       92.7810
BFGS:   11 20:42:57     -916.745095       89.1919
BFGS:   12 20:42:57     -925.722528       85.3210
BFGS:   13 20:42:57     -934.200581       81.6916
BFGS:   14 20:42:57     -942.365212       78.6360
BFGS:   15 20:42:57     -950.157450       75.3952
BFGS:   16 20:42:57     -957.497356       72.1226
BFGS:   17 20:42:57     -964.502697       68.9667
BFGS:   18 20:42:57     -971.035808       65.8056
BFGS:   19 20:42:57     -977.593055       62.8865
BFGS:   20 20:42:57     -984.097369       60.1903
BFGS:   21 20:42:57     -989.403757       56.7696
BFGS:   22 20:42:57     -994.499654       54.2018
BFGS:   23 20:42:57     -998.994098       52.4436
BFGS:   24 20:42:57    -1003.422275       50.6341
BFGS:   25 20:42:57    -1007.941762       48.4140
BFGS:   26 20:42:57    -1012.767281       45.6862
BFGS:   27 20:42:57    -1017.091913       43.3317
BFGS:   28 20:42:57    -1020.871758       40.8621
BFGS:   29 20:42:57    -1024.422754       39.2359
BFGS:   30 20:42:58    -1027.981761       36.9489
BFGS:   31 20:42:58    -1031.583844       34.0357
BFGS:   32 20:42:58    -1035.118522       26.3037
BFGS:   33 20:42:58    -1038.493861       22.8253
BFGS:   34 20:42:58    -1041.116529       19.0345
BFGS:   35 20:42:58    -1043.523787       17.7435
BFGS:   36 20:42:58    -1045.433657       14.9640
BFGS:   37 20:42:58    -1047.161927       12.9239
BFGS:   38 20:42:58    -1048.604811       10.5077
BFGS:   39 20:42:58    -1049.768635        9.3898
BFGS:   40 20:42:58    -1050.768207        9.5667
BFGS:   41 20:42:58    -1051.612789        9.6021
BFGS:   42 20:42:58    -1052.382213        9.2112
BFGS:   43 20:42:58    -1053.083256        8.6319
BFGS:   44 20:42:58    -1053.677180        6.4139
BFGS:   45 20:42:58    -1054.150520        4.8836
BFGS:   46 20:42:58    -1054.534711        5.3479
BFGS:   47 20:42:58    -1054.973862        5.8999
BFGS:   48 20:42:58    -1055.445194        6.0488
BFGS:   49 20:42:58    -1055.904462        6.2064
BFGS:   50 20:42:58    -1056.340904        7.7263
BFGS:   51 20:42:58    -1056.821344        8.8221
BFGS:   52 20:42:58    -1057.268629       10.1425
BFGS:   53 20:42:58    -1057.719158       12.7664
BFGS:   54 20:42:58    -1058.169245       15.6627
BFGS:   55 20:42:58    -1058.607601       18.0876
BFGS:   56 20:42:58    -1059.034908       20.6440
BFGS:   57 20:42:58    -1059.533626       22.7827
BFGS:   58 20:42:58    -1060.095962       24.9258
BFGS:   59 20:42:58    -1060.688935       26.9201
BFGS:   60 20:42:58    -1061.408848       27.1846
BFGS:   61 20:42:58    -1062.300093       25.6877
BFGS:   62 20:42:58    -1063.229754       23.1795
BFGS:   63 20:42:59    -1063.971878       20.1158
BFGS:   64 20:42:59    -1064.714183       17.2948
BFGS:   65 20:42:59    -1065.395682       14.8723
BFGS:   66 20:42:59    -1066.032633       13.7232
BFGS:   67 20:42:59    -1066.647718       12.5711
BFGS:   68 20:42:59    -1067.271209       12.8828
BFGS:   69 20:42:59    -1067.885128       13.3378
BFGS:   70 20:42:59    -1068.416966       13.5008
BFGS:   71 20:42:59    -1068.907548       13.3613
BFGS:   72 20:42:59    -1069.413950       13.0437
BFGS:   73 20:42:59    -1069.907316       14.5209
BFGS:   74 20:42:59    -1070.622417       14.7234
BFGS:   75 20:42:59    -1071.179406       15.0332
BFGS:   76 20:42:59    -1071.924518       14.7459
BFGS:   77 20:42:59    -1072.555284       13.4887
BFGS:   78 20:42:59    -1073.138231       13.2852
BFGS:   79 20:42:59    -1073.694427       13.6299
BFGS:   80 20:42:59    -1074.299055       12.7893
BFGS:   81 20:42:59    -1074.863099       12.5978
BFGS:   82 20:42:59    -1075.428145       12.0126
BFGS:   83 20:42:59    -1076.002284       10.8874
BFGS:   84 20:42:59    -1076.623660       10.1867
BFGS:   85 20:42:59    -1077.350694        9.3308
BFGS:   86 20:42:59    -1077.792240        8.6010
BFGS:   87 20:42:59    -1078.047173        9.4147
BFGS:   88 20:42:59    -1078.258314        9.5042
BFGS:   89 20:42:59    -1078.443699       10.3647
BFGS:   90 20:42:59    -1078.593528       10.4145
BFGS:   91 20:42:59    -1078.766301        9.6954
BFGS:   92 20:42:59    -1078.920509        8.7914
BFGS:   93 20:42:59    -1079.140512        7.6353
BFGS:   94 20:42:59    -1079.410455        6.6766
BFGS:   95 20:42:59    -1079.685835        6.3740
BFGS:   96 20:42:59    -1079.968785        6.0531
BFGS:   97 20:42:59    -1080.277005        6.5725
BFGS:   98 20:43:00    -1080.576099        6.6805
BFGS:   99 20:43:00    -1080.874941        6.4326
BFGS:  100 20:43:00    -1081.170860        6.6412
BFGS:  101 20:43:00    -1081.479068        7.1456
BFGS:  102 20:43:00    -1081.846532        7.5309
BFGS:  103 20:43:00    -1082.281329        7.6997
BFGS:  104 20:43:00    -1082.614744        6.4119
BFGS:  105 20:43:00    -1082.867997        6.4682
BFGS:  106 20:43:00    -1083.038163        6.5292
BFGS:  107 20:43:00    -1083.240824        4.4261
BFGS:  108 20:43:00    -1083.375193        3.5550
BFGS:  109 20:43:00    -1083.515242        2.9267
BFGS:  110 20:43:00    -1083.600448        2.3447
BFGS:  111 20:43:00    -1083.658872        2.2204
BFGS:  112 20:43:00    -1083.708823        3.3133
BFGS:  113 20:43:00    -1083.738768        2.4402
BFGS:  114 20:43:00    -1083.763306        2.1539
BFGS:  115 20:43:00    -1083.783929        2.1224
BFGS:  116 20:43:00    -1083.802426        2.8871
BFGS:  117 20:43:00    -1083.825500        2.3418
BFGS:  118 20:43:00    -1083.845191        2.6650
BFGS:  119 20:43:00    -1083.859073        2.6343
BFGS:  120 20:43:00    -1083.874775        2.4756
BFGS:  121 20:43:00    -1083.911695        2.3495
BFGS:  122 20:43:00    -1083.933694        2.6539
BFGS:  123 20:43:00    -1083.959555        2.4563
BFGS:  124 20:43:00    -1083.975190        2.5975
BFGS:  125 20:43:00    -1083.991757        2.3592
BFGS:  126 20:43:00    -1084.010921        1.7949
BFGS:  127 20:43:00    -1084.026132        1.7269
BFGS:  128 20:43:00    -1084.050332        1.5597
BFGS:  129 20:43:00    -1084.061134        1.3488
BFGS:  130 20:43:00    -1084.072007        1.3339
BFGS:  131 20:43:00    -1084.078470        1.2920
BFGS:  132 20:43:00    -1084.083252        1.2487
BFGS:  133 20:43:00    -1084.088232        1.2147
BFGS:  134 20:43:00    -1084.095406        1.2951
BFGS:  135 20:43:01    -1084.100844        1.0932
BFGS:  136 20:43:01    -1084.106099        0.9777
BFGS:  137 20:43:01    -1084.111089        0.8357
BFGS:  138 20:43:01    -1084.113141        0.7535
BFGS:  139 20:43:01    -1084.115264        0.6712
BFGS:  140 20:43:01    -1084.116457        0.6700
BFGS:  141 20:43:01    -1084.118122        0.6872
BFGS:  142 20:43:01    -1084.120438        0.7063
BFGS:  143 20:43:01    -1084.123574        0.6827
BFGS:  144 20:43:01    -1084.124464        1.3748
BFGS:  145 20:43:01    -1084.127154        1.3094
BFGS:  146 20:43:01    -1084.129818        0.6410
BFGS:  147 20:43:01    -1084.131741        0.6504
BFGS:  148 20:43:01    -1084.132921        1.1240
BFGS:  149 20:43:01    -1084.134866        1.0693
BFGS:  150 20:43:01    -1084.136250        0.8768
BFGS:  151 20:43:01    -1084.137911        0.8850
BFGS:  152 20:43:01    -1084.138764        0.9556
BFGS:  153 20:43:01    -1084.140043        0.5482
BFGS:  154 20:43:01    -1084.140750        1.2181
BFGS:  155 20:43:01    -1084.141622        1.2053
BFGS:  156 20:43:01    -1084.142509        1.2462
BFGS:  157 20:43:01    -1084.143100        0.4865
BFGS:  158 20:43:01    -1084.143639        0.4582
BFGS:  159 20:43:01    -1084.144442        0.5029
BFGS:  160 20:43:01    -1084.145382        0.5255
BFGS:  161 20:43:01    -1084.146987        0.5123
BFGS:  162 20:43:01    -1084.148229        0.5318
BFGS:  163 20:43:01    -1084.149225        0.5979
BFGS:  164 20:43:01    -1084.151559        0.5059
BFGS:  165 20:43:01    -1084.152752        1.6766
BFGS:  166 20:43:01    -1084.153777        0.3764
BFGS:  167 20:43:01    -1084.154981        0.2511
BFGS:  168 20:43:01    -1084.155773        0.2247
BFGS:  169 20:43:01    -1084.156219        0.1863
BFGS:  170 20:43:01    -1084.156330        0.2178
BFGS:  171 20:43:01    -1084.156394        0.2140
BFGS:  172 20:43:02    -1084.156454        0.2049
BFGS:  173 20:43:02    -1084.156450        1.5238
BFGS:  174 20:43:02    -1084.156497        0.2110
BFGS:  175 20:43:02    -1084.156506        0.2160
BFGS:  176 20:43:02    -1084.156500        1.4971
BFGS:  177 20:43:02    -1084.156515        0.2237
BFGS:  178 20:43:02    -1084.156509        0.2312
BFGS:  179 20:43:02    -1084.156517        0.2307
BFGS:  180 20:43:02    -1084.155867        1.5622
BFGS:  181 20:43:02    -1084.156350        1.5205
BFGS:  182 20:43:02    -1084.155051        0.3807
BFGS:  183 20:43:02    -1084.156099        0.2810
BFGS:  184 20:43:02    -1084.155229        1.6098
BFGS:  185 20:43:02    -1084.156504        0.2206
BFGS:  186 20:43:02    -1084.156506        0.2234
BFGS:  187 20:43:02    -1084.156507        0.2349
BFGS:  188 20:43:02    -1084.156396        1.4973
BFGS:  189 20:43:02    -1084.156505        0.2180
BFGS:  190 20:43:02    -1084.156512        0.2222
BFGS:  191 20:43:02    -1084.156457        1.4947
BFGS:  192 20:43:02    -1084.156514        0.2231
BFGS:  193 20:43:02    -1084.156516        0.2236
BFGS:  194 20:43:02    -1084.155728        1.4769
BFGS:  195 20:43:02    -1084.156420        1.4988
BFGS:  196 20:43:02    -1084.152944        0.3260
BFGS:  197 20:43:02    -1084.155531        0.1874
BFGS:  198 20:43:02    -1084.156012        1.4689
BFGS:  199 20:43:02    -1084.156078        0.2088
BFGS:  200 20:43:02    -1084.156257        0.2235
BFGS:  201 20:43:02    -1084.155801        1.4601
BFGS:  202 20:43:02    -1084.156353        0.2319
BFGS:  203 20:43:02    -1084.156410        0.2366
BFGS:  204 20:43:02    -1084.154933        1.4574
BFGS:  205 20:43:02    -1084.156477        0.2396
BFGS:  206 20:43:02    -1084.156417        0.2425
BFGS:  207 20:43:02    -1084.156497        0.2367
BFGS:  208 20:43:03    -1084.156482        0.2363
BFGS:  209 20:43:03    -1084.156498        0.2341
BFGS:  210 20:43:03    -1084.156102        1.5718
BFGS:  211 20:43:03    -1084.156458        0.2023
BFGS:  212 20:43:03    -1084.156496        0.2197
BFGS:  213 20:43:03    -1084.156428        0.2430
BFGS:  214 20:43:03    -1084.156509        0.2217
BFGS:  215 20:43:03    -1084.156504        1.5028
BFGS:  216 20:43:03    -1084.156498        0.2346
BFGS:  217 20:43:03    -1084.156508        0.2232
BFGS:  218 20:43:03    -1084.156513        0.2237
BFGS:  219 20:43:03    -1084.154720        1.4669
BFGS:  220 20:43:03    -1084.156297        1.4969
BFGS:  221 20:43:03    -1084.148293        0.4955
BFGS:  222 20:43:03    -1084.154821        0.2571
BFGS:  223 20:43:03    -1084.155691        1.4815
BFGS:  224 20:43:03    -1084.155811        0.2023
BFGS:  225 20:43:03    -1084.156140        0.2165
BFGS:  226 20:43:03    -1084.154804        1.4629
BFGS:  227 20:43:03    -1084.156341        0.2258
BFGS:  228 20:43:03    -1084.156446        0.2314
BFGS:  229 20:43:03    -1084.154317        1.4649
BFGS:  230 20:43:03    -1084.156460        0.2369
BFGS:  231 20:43:03    -1084.156146        0.2133
BFGS:  232 20:43:03    -1084.156324        0.2218
BFGS:  233 20:43:03    -1084.154323        1.4710
BFGS:  234 20:43:03    -1084.156460        0.2272
BFGS:  235 20:43:03    -1084.156429        1.4944
BFGS:  236 20:43:03    -1084.156476        0.2270
BFGS:  237 20:43:03    -1084.156488        0.2273
BFGS:  238 20:43:03    -1084.154133        1.4865
BFGS:  239 20:43:03    -1084.156308        1.4960
BFGS:  240 20:43:03    -1084.144197        0.6215
BFGS:  241 20:43:03    -1084.154549        0.2676
BFGS:  242 20:43:03    -1084.156046        1.5031
BFGS:  243 20:43:03    -1084.155660        0.2199
BFGS:  244 20:43:03    -1084.156044        0.2217
BFGS:  245 20:43:04    -1084.154422        1.4917
BFGS:  246 20:43:04    -1084.156323        0.2238
BFGS:  247 20:43:04    -1084.156458        0.2256
BFGS:  248 20:43:04    -1084.154218        1.4848
BFGS:  249 20:43:04    -1084.156413        0.2365
BFGS:  250 20:43:04    -1084.156107        0.2168
BFGS:  251 20:43:04    -1084.156312        0.2213
BFGS:  252 20:43:04    -1084.154329        1.4849
BFGS:  253 20:43:04    -1084.156457        0.2247
BFGS:  254 20:43:04    -1084.156425        0.2359
BFGS:  255 20:43:04    -1084.156484        0.2248
BFGS:  256 20:43:04    -1084.156501        0.2251
BFGS:  257 20:43:04    -1084.154001        1.4864
BFGS:  258 20:43:04    -1084.156257        1.4972
BFGS:  259 20:43:04    -1084.143027        0.6652
BFGS:  260 20:43:04    -1084.154454        0.2745
BFGS:  261 20:43:04    -1084.156235        1.4990
BFGS:  262 20:43:04    -1084.155586        0.2211
BFGS:  263 20:43:04    -1084.155987        0.2229
BFGS:  264 20:43:04    -1084.154335        1.4889
BFGS:  265 20:43:04    -1084.156294        0.2257
BFGS:  266 20:43:04    -1084.156442        0.2276
BFGS:  267 20:43:04    -1084.154108        1.4829
BFGS:  268 20:43:04    -1084.156421        0.2367
BFGS:  269 20:43:04    -1084.156106        0.2199
BFGS:  270 20:43:04    -1084.156308        0.2239
BFGS:  271 20:43:04    -1084.154220        1.4829
BFGS:  272 20:43:04    -1084.156454        0.2270
BFGS:  273 20:43:04    -1084.156412        0.2371
BFGS:  274 20:43:04    -1084.156482        0.2271
BFGS:  275 20:43:04    -1084.156500        0.2273
BFGS:  276 20:43:04    -1084.153882        1.4871
BFGS:  277 20:43:04    -1084.156256        1.4956
BFGS:  278 20:43:04    -1084.141995        0.6884
BFGS:  279 20:43:04    -1084.154353        0.2753
BFGS:  280 20:43:04    -1084.156366        0.2730
BFGS:  281 20:43:05    -1084.155924        0.2265
BFGS:  282 20:43:05    -1084.156252        0.2265
BFGS:  283 20:43:05    -1084.154050        1.4911
BFGS:  284 20:43:05    -1084.156426        0.2276
BFGS:  285 20:43:05    -1084.156447        0.2352
BFGS:  286 20:43:05    -1084.156461        0.2275
BFGS:  287 20:43:05    -1084.156482        0.2275
BFGS:  288 20:43:05    -1084.153681        1.4927
BFGS:  289 20:43:05    -1084.156297        1.4964
BFGS:  290 20:43:05    -1084.140414        0.7221
BFGS:  291 20:43:05    -1084.154183        0.2805
BFGS:  292 20:43:05    -1084.156436        0.2646
BFGS:  293 20:43:05    -1084.155883        0.2321
BFGS:  294 20:43:05    -1084.156225        0.2295
BFGS:  295 20:43:05    -1084.153865        1.4974
BFGS:  296 20:43:05    -1084.156414        0.2286
BFGS:  297 20:43:05    -1084.156456        0.2348
BFGS:  298 20:43:05    -1084.156453        0.2282
BFGS:  299 20:43:05    -1084.156476        0.2279
BFGS:  300 20:43:05    -1084.153474        1.4988
BFGS:  301 20:43:05    -1084.156294        1.4970
BFGS:  302 20:43:05    -1084.138836        0.7538
BFGS:  303 20:43:05    -1084.154025        0.2848
BFGS:  304 20:43:05    -1084.156490        0.2301
BFGS:  305 20:43:05    -1084.153801        1.5015
BFGS:  306 20:43:05    -1084.156274        1.4964
BFGS:  307 20:43:05    -1084.140363        0.7381
BFGS:  308 20:43:05    -1084.153985        0.2810
BFGS:  309 20:43:05    -1084.156379        0.2630
BFGS:  310 20:43:05    -1084.155874        0.2389
BFGS:  311 20:43:05    -1084.156234        0.2333
BFGS:  312 20:43:05    -1084.153680        1.5021
BFGS:  313 20:43:05    -1084.156419        0.2312
BFGS:  314 20:43:05    -1084.156430        0.2369
BFGS:  315 20:43:05    -1084.156459        0.2304
BFGS:  316 20:43:05    -1084.156482        0.2299
BFGS:  317 20:43:05    -1084.153258        1.5042
BFGS:  318 20:43:06    -1084.156258        1.4960
BFGS:  319 20:43:06    -1084.136719        0.7908
BFGS:  320 20:43:06    -1084.153872        0.2864
BFGS:  321 20:43:06    -1084.156446        0.2340
BFGS:  322 20:43:06    -1084.153621        1.5065
BFGS:  323 20:43:06    -1084.156383        0.2411
BFGS:  324 20:43:06    -1084.156229        0.2354
BFGS:  325 20:43:06    -1084.156371        0.2328
BFGS:  326 20:43:06    -1084.153386        1.5045
BFGS:  327 20:43:06    -1084.156477        0.2329
BFGS:  328 20:43:06    -1084.156120        0.2350
BFGS:  329 20:43:06    -1084.156305        0.2328
BFGS:  330 20:43:06    -1084.153462        1.5024
BFGS:  331 20:43:06    -1084.156463        0.2305
BFGS:  332 20:43:06    -1084.156349        1.4954
BFGS:  333 20:43:06    -1084.156480        0.2303
BFGS:  334 20:43:06    -1084.156493        0.2303
BFGS:  335 20:43:06    -1084.153450        1.4927
BFGS:  336 20:43:06    -1084.156240        1.4941
BFGS:  337 20:43:06    -1084.138968        0.7592
BFGS:  338 20:43:06    -1084.154001        0.2822
BFGS:  339 20:43:06    -1084.156482        0.2525
BFGS:  340 20:43:06    -1084.155843        0.2392
BFGS:  341 20:43:06    -1084.156198        0.2356
BFGS:  342 20:43:06    -1084.153650        1.4965
BFGS:  343 20:43:06    -1084.156400        0.2335
BFGS:  344 20:43:06    -1084.156450        0.2360
BFGS:  345 20:43:06    -1084.156444        0.2324
BFGS:  346 20:43:06    -1084.156469        0.2318
BFGS:  347 20:43:06    -1084.153221        1.5048
BFGS:  348 20:43:06    -1084.156302        1.4948
BFGS:  349 20:43:06    -1084.136708        0.7932
BFGS:  350 20:43:06    -1084.153828        0.2832
BFGS:  351 20:43:06    -1084.156445        0.2360
BFGS:  352 20:43:06    -1084.153584        1.5071
BFGS:  353 20:43:06    -1084.156383        0.2409
BFGS:  354 20:43:07    -1084.156228        0.2368
BFGS:  355 20:43:07    -1084.156370        0.2338
BFGS:  356 20:43:07    -1084.153351        1.5054
BFGS:  357 20:43:07    -1084.156474        0.2332
BFGS:  358 20:43:07    -1084.156124        0.2364
BFGS:  359 20:43:07    -1084.156307        0.2338
BFGS:  360 20:43:07    -1084.153422        1.5035
BFGS:  361 20:43:07    -1084.156465        0.2309
BFGS:  362 20:43:07    -1084.156340        1.4952
BFGS:  363 20:43:07    -1084.156481        0.2307
BFGS:  364 20:43:07    -1084.156492        0.2317
BFGS:  365 20:43:07    -1084.156487        0.2304
BFGS:  366 20:43:07    -1084.156490        0.2300
BFGS:  367 20:43:07    -1084.151860        1.5686
BFGS:  368 20:43:07    -1084.156059        1.5052
BFGS:  369 20:43:07    -1084.130722        0.8248
BFGS:  370 20:43:07    -1084.152724        0.4130
BFGS:  371 20:43:07    -1084.156414        0.2302
BFGS:  372 20:43:07    -1084.152332        1.5667
BFGS:  373 20:43:07    -1084.156372        1.5010
BFGS:  374 20:43:07    -1084.129750        0.8657
BFGS:  375 20:43:07    -1084.152479        0.4175
BFGS:  376 20:43:07    -1084.156436        0.2303
BFGS:  377 20:43:07    -1084.152383        1.5678
BFGS:  378 20:43:07    -1084.156310        1.5035
BFGS:  379 20:43:07    -1084.130103        0.8661
BFGS:  380 20:43:07    -1084.152452        0.4173
BFGS:  381 20:43:07    -1084.156454        0.2302
BFGS:  382 20:43:07    -1084.152384        1.5665
BFGS:  383 20:43:07    -1084.156244        1.5038
BFGS:  384 20:43:07    -1084.130095        0.8687
BFGS:  385 20:43:07    -1084.152446        0.4178
BFGS:  386 20:43:07    -1084.156457        0.2320
BFGS:  387 20:43:07    -1084.152372        1.5647
BFGS:  388 20:43:07    -1084.156237        1.5025
BFGS:  389 20:43:07    -1084.129985        0.8716
BFGS:  390 20:43:07    -1084.152432        0.4193
BFGS:  391 20:43:08    -1084.156455        0.2346
BFGS:  392 20:43:08    -1084.152366        1.5628
BFGS:  393 20:43:08    -1084.156251        1.5005
BFGS:  394 20:43:08    -1084.129871        0.8737
BFGS:  395 20:43:08    -1084.152414        0.4214
BFGS:  396 20:43:08    -1084.156452        0.2372
BFGS:  397 20:43:08    -1084.152364        1.5610
BFGS:  398 20:43:08    -1084.156271        1.4984
BFGS:  399 20:43:08    -1084.129766        0.8753
BFGS:  400 20:43:08    -1084.152395        0.4239
BFGS:  401 20:43:08    -1084.156449        0.2397
BFGS:  402 20:43:08    -1084.152363        1.5593
BFGS:  403 20:43:08    -1084.156291        1.4964
BFGS:  404 20:43:08    -1084.129668        0.8763
BFGS:  405 20:43:08    -1084.152377        0.4265
BFGS:  406 20:43:08    -1084.156446        0.2421
BFGS:  407 20:43:08    -1084.152280        1.5590
BFGS:  408 20:43:08    -1084.156294        0.2513
BFGS:  409 20:43:08    -1084.156340        0.2500
BFGS:  410 20:43:08    -1084.156445        0.2412
BFGS:  411 20:43:08    -1084.151783        1.5585
BFGS:  412 20:43:08    -1084.156271        1.4935
BFGS:  413 20:43:08    -1084.130446        0.8288
BFGS:  414 20:43:08    -1084.152600        0.4148
BFGS:  415 20:43:08    -1084.156381        0.2492
BFGS:  416 20:43:08    -1084.152348        1.5511
BFGS:  417 20:43:08    -1084.156360        0.2417
BFGS:  418 20:43:08    -1084.156279        0.2563
BFGS:  419 20:43:08    -1084.156397        0.2471
BFGS:  420 20:43:08    -1084.151828        1.5552
BFGS:  421 20:43:08    -1084.156342        0.2423
BFGS:  422 20:43:08    -1084.156272        0.2553
BFGS:  423 20:43:08    -1084.156402        0.2457
BFGS:  424 20:43:08    -1084.151835        1.5532
BFGS:  425 20:43:08    -1084.156344        0.2417
BFGS:  426 20:43:08    -1084.156274        0.2537
BFGS:  427 20:43:09    -1084.156404        0.2444
BFGS:  428 20:43:09    -1084.151857        1.5515
BFGS:  429 20:43:09    -1084.156349        0.2410
BFGS:  430 20:43:09    -1084.156274        0.2522
BFGS:  431 20:43:09    -1084.156405        0.2432
BFGS:  432 20:43:09    -1084.151886        1.5499
BFGS:  433 20:43:09    -1084.156356        0.2404
BFGS:  434 20:43:09    -1084.156273        0.2509
BFGS:  435 20:43:09    -1084.156405        0.2422
BFGS:  436 20:43:09    -1084.151917        1.5485
BFGS:  437 20:43:09    -1084.156365        0.2398
BFGS:  438 20:43:09    -1084.156270        0.2497
BFGS:  439 20:43:09    -1084.156404        0.2412
BFGS:  440 20:43:09    -1084.151949        1.5473
BFGS:  441 20:43:09    -1084.156374        0.2392
BFGS:  442 20:43:09    -1084.156267        0.2486
BFGS:  443 20:43:09    -1084.156402        0.2403
BFGS:  444 20:43:09    -1084.151981        1.5462
BFGS:  445 20:43:09    -1084.156384        0.2385
BFGS:  446 20:43:09    -1084.156264        0.2475
BFGS:  447 20:43:09    -1084.156399        0.2394
BFGS:  448 20:43:09    -1084.152012        1.5452
BFGS:  449 20:43:09    -1084.156394        0.2379
BFGS:  450 20:43:09    -1084.156260        0.2465
BFGS:  451 20:43:09    -1084.156397        0.2385
BFGS:  452 20:43:09    -1084.152044        1.5442
BFGS:  453 20:43:09    -1084.156404        0.2372
BFGS:  454 20:43:09    -1084.156255        0.2456
BFGS:  455 20:43:09    -1084.156394        0.2377
BFGS:  456 20:43:09    -1084.152075        1.5434
BFGS:  457 20:43:09    -1084.156415        0.2365
BFGS:  458 20:43:09    -1084.156250        0.2446
BFGS:  459 20:43:09    -1084.156391        0.2369
BFGS:  460 20:43:09    -1084.152106        1.5425
BFGS:  461 20:43:09    -1084.156425        0.2359
BFGS:  462 20:43:09    -1084.156245        0.2437
BFGS:  463 20:43:09    -1084.156388        0.2361
BFGS:  464 20:43:10    -1084.152137        1.5417
BFGS:  465 20:43:10    -1084.156436        0.2352
BFGS:  466 20:43:10    -1084.156240        0.2428
BFGS:  467 20:43:10    -1084.156384        0.2353
BFGS:  468 20:43:10    -1084.152167        1.5410
BFGS:  469 20:43:10    -1084.156446        0.2345
BFGS:  470 20:43:10    -1084.156235        0.2418
BFGS:  471 20:43:10    -1084.156381        0.2345
BFGS:  472 20:43:10    -1084.152198        1.5403
BFGS:  473 20:43:10    -1084.156457        0.2338
BFGS:  474 20:43:10    -1084.156229        0.2409
BFGS:  475 20:43:10    -1084.156377        0.2338
BFGS:  476 20:43:10    -1084.152229        1.5395
BFGS:  477 20:43:10    -1084.156467        0.2332
BFGS:  478 20:43:10    -1084.156223        0.2400
BFGS:  479 20:43:10    -1084.156374        0.2330
BFGS:  480 20:43:10    -1084.152260        1.5388
BFGS:  481 20:43:10    -1084.156477        0.2325
BFGS:  482 20:43:10    -1084.156218        0.2391
BFGS:  483 20:43:10    -1084.156370        0.2322
BFGS:  484 20:43:10    -1084.152291        1.5382
BFGS:  485 20:43:10    -1084.156488        0.2318
BFGS:  486 20:43:10    -1084.156212        0.2382
BFGS:  487 20:43:10    -1084.156366        0.2315
BFGS:  488 20:43:10    -1084.152322        1.5375
BFGS:  489 20:43:10    -1084.156498        0.2312
BFGS:  490 20:43:10    -1084.156205        0.2374
BFGS:  491 20:43:10    -1084.156362        0.2307
BFGS:  492 20:43:10    -1084.152353        1.5368
BFGS:  493 20:43:10    -1084.156508        0.2305
BFGS:  494 20:43:10    -1084.156199        0.2365
BFGS:  495 20:43:10    -1084.156359        0.2299
BFGS:  496 20:43:10    -1084.152384        1.5361
BFGS:  497 20:43:10    -1084.156518        0.2298
BFGS:  498 20:43:10    -1084.156193        0.2356
BFGS:  499 20:43:10    -1084.156355        0.2292
