      Step     Time          Energy         fmax
BFGS:    0 20:44:43     -724.827291      166.9202
BFGS:    1 20:44:43     -763.626696      163.4773
BFGS:    2 20:44:43     -800.764432      148.1892
BFGS:    3 20:44:43     -816.234460      140.7804
BFGS:    4 20:44:43     -834.402244      122.8308
BFGS:    5 20:44:43     -850.281769      114.9169
BFGS:    6 20:44:43     -863.423207      100.0366
BFGS:    7 20:44:43     -875.297571       92.4777
BFGS:    8 20:44:43     -886.889826       81.6265
BFGS:    9 20:44:43     -896.417446       76.6536
BFGS:   10 20:44:43     -904.695513       71.4190
BFGS:   11 20:44:43     -912.423082       71.6053
BFGS:   12 20:44:43     -920.111082       70.7911
BFGS:   13 20:44:43     -927.561732       66.2352
BFGS:   14 20:44:43     -935.264017       63.1919
BFGS:   15 20:44:43     -943.196798       60.3562
BFGS:   16 20:44:44     -951.086372       60.3406
BFGS:   17 20:44:44     -958.524902       59.1843
BFGS:   18 20:44:44     -965.932542       59.1605
BFGS:   19 20:44:44     -973.006600       57.5275
BFGS:   20 20:44:44     -979.957554       57.5579
BFGS:   21 20:44:44     -986.324300       56.0854
BFGS:   22 20:44:44     -992.022665       55.0702
BFGS:   23 20:44:44     -997.442736       50.4280
BFGS:   24 20:44:44    -1002.699075       49.1828
BFGS:   25 20:44:44    -1007.990901       45.9760
BFGS:   26 20:44:44    -1013.583263       41.0324
BFGS:   27 20:44:44    -1018.894686       37.6360
BFGS:   28 20:44:44    -1023.872161       36.7925
BFGS:   29 20:44:44    -1028.354311       35.3655
BFGS:   30 20:44:44    -1032.756030       33.1160
BFGS:   31 20:44:44    -1036.429179       31.0362
BFGS:   32 20:44:44    -1040.086299       28.9328
BFGS:   33 20:44:44    -1043.998017       26.3037
BFGS:   34 20:44:44    -1047.631125       23.2010
BFGS:   35 20:44:44    -1050.762632       22.7605
BFGS:   36 20:44:44    -1053.403564       23.8942
BFGS:   37 20:44:44    -1055.753752       23.9029
BFGS:   38 20:44:44    -1057.751817       22.1906
BFGS:   39 20:44:44    -1059.897200       19.7548
BFGS:   40 20:44:44    -1061.925406       18.5891
BFGS:   41 20:44:44    -1063.754707       18.1966
BFGS:   42 20:44:44    -1065.473353       17.9943
BFGS:   43 20:44:44    -1067.146035       17.5647
BFGS:   44 20:44:44    -1068.926637       16.1003
BFGS:   45 20:44:44    -1070.725445       15.9934
BFGS:   46 20:44:44    -1072.126145       18.8326
BFGS:   47 20:44:44    -1073.389782       21.1929
BFGS:   48 20:44:44    -1074.529273       21.8303
BFGS:   49 20:44:45    -1075.659741       22.4118
BFGS:   50 20:44:45    -1076.763117       21.9463
BFGS:   51 20:44:45    -1077.777471       21.0560
BFGS:   52 20:44:45    -1078.722773       19.4371
BFGS:   53 20:44:45    -1079.527535       18.5077
BFGS:   54 20:44:45    -1080.322881       19.0987
BFGS:   55 20:44:45    -1081.108595       19.3343
BFGS:   56 20:44:45    -1082.003864       18.7945
BFGS:   57 20:44:45    -1082.706665       18.5779
BFGS:   58 20:44:45    -1083.487919       16.6378
BFGS:   59 20:44:45    -1084.164507       15.3205
BFGS:   60 20:44:45    -1084.700710       14.2098
BFGS:   61 20:44:45    -1085.182905       12.3147
BFGS:   62 20:44:45    -1085.583640       10.0715
BFGS:   63 20:44:45    -1085.933860        9.4238
BFGS:   64 20:44:45    -1086.269288        8.9472
BFGS:   65 20:44:45    -1086.637515        8.6069
BFGS:   66 20:44:45    -1086.990411        8.8478
BFGS:   67 20:44:45    -1087.293541        8.5198
BFGS:   68 20:44:45    -1087.609868       11.5722
BFGS:   69 20:44:45    -1088.049815        8.9940
BFGS:   70 20:44:45    -1088.510104        7.8448
BFGS:   71 20:44:45    -1088.876248        7.1860
BFGS:   72 20:44:45    -1089.113265        7.7298
BFGS:   73 20:44:45    -1089.456513        7.5571
BFGS:   74 20:44:45    -1089.818449        8.0062
BFGS:   75 20:44:45    -1090.062177        8.6492
BFGS:   76 20:44:45    -1090.397799        8.6501
BFGS:   77 20:44:45    -1090.813553        9.5161
BFGS:   78 20:44:45    -1091.195171        9.7961
BFGS:   79 20:44:45    -1091.524370        9.5089
BFGS:   80 20:44:45    -1091.810576        8.3043
BFGS:   81 20:44:45    -1092.216244        7.5631
BFGS:   82 20:44:46    -1092.563838        6.1709
BFGS:   83 20:44:46    -1092.860455        5.9464
BFGS:   84 20:44:46    -1092.982070        5.8211
BFGS:   85 20:44:46    -1093.111968        5.8056
BFGS:   86 20:44:46    -1093.183114        5.3467
BFGS:   87 20:44:46    -1093.262932        4.6328
BFGS:   88 20:44:46    -1093.362316        5.0510
BFGS:   89 20:44:46    -1093.473985        5.2448
BFGS:   90 20:44:46    -1093.569045        5.3846
BFGS:   91 20:44:46    -1093.666460        5.3249
BFGS:   92 20:44:46    -1093.746135        5.6181
BFGS:   93 20:44:46    -1093.807137        5.6344
BFGS:   94 20:44:46    -1093.900347        5.9512
BFGS:   95 20:44:46    -1093.940969        5.0194
BFGS:   96 20:44:46    -1094.013012        4.1940
BFGS:   97 20:44:46    -1094.063919        3.7132
BFGS:   98 20:44:46    -1094.102048        3.5134
BFGS:   99 20:44:46    -1094.170251        3.7279
BFGS:  100 20:44:46    -1094.289915        5.3415
BFGS:  101 20:44:46    -1094.371196        6.5413
BFGS:  102 20:44:46    -1094.493575        6.2216
BFGS:  103 20:44:46    -1094.649997        5.4162
BFGS:  104 20:44:46    -1094.805281        5.3670
BFGS:  105 20:44:46    -1095.056603        5.1185
BFGS:  106 20:44:46    -1095.242490        4.8657
BFGS:  107 20:44:46    -1095.331731        4.0219
BFGS:  108 20:44:46    -1095.406723        4.0371
BFGS:  109 20:44:46    -1095.467621        4.4869
BFGS:  110 20:44:46    -1095.560296        4.7426
BFGS:  111 20:44:46    -1095.692309        5.1988
BFGS:  112 20:44:46    -1095.852527        6.0343
BFGS:  113 20:44:47    -1096.033357        7.1936
BFGS:  114 20:44:47    -1096.217183        8.3278
BFGS:  115 20:44:47    -1096.402231        9.2713
BFGS:  116 20:44:47    -1096.516329        9.7628
BFGS:  117 20:44:47    -1096.721774       10.9292
BFGS:  118 20:44:47    -1096.952664       12.9412
BFGS:  119 20:44:47    -1097.183224       14.2005
BFGS:  120 20:44:47    -1097.423308       14.8816
BFGS:  121 20:44:47    -1097.676873       15.1133
BFGS:  122 20:44:47    -1097.988118       14.8905
BFGS:  123 20:44:47    -1098.395284       13.8548
BFGS:  124 20:44:47    -1098.978421       11.7470
BFGS:  125 20:44:47    -1099.458768        7.0570
BFGS:  126 20:44:47    -1099.741938        5.4846
BFGS:  127 20:44:47    -1099.843011        6.7983
BFGS:  128 20:44:47    -1099.968963        4.8445
BFGS:  129 20:44:47    -1100.017447        4.3733
BFGS:  130 20:44:47    -1100.060849        3.8429
BFGS:  131 20:44:47    -1100.099084        3.5764
BFGS:  132 20:44:47    -1100.111165        3.3072
BFGS:  133 20:44:47    -1100.120599        3.5063
BFGS:  134 20:44:47    -1100.127153        3.7162
BFGS:  135 20:44:47    -1100.132264        4.0839
BFGS:  136 20:44:47    -1100.139302        4.2816
BFGS:  137 20:44:47    -1100.149118        4.5213
BFGS:  138 20:44:47    -1100.164464        4.4817
BFGS:  139 20:44:47    -1100.185491        4.1177
BFGS:  140 20:44:47    -1100.211402        4.1338
BFGS:  141 20:44:47    -1100.237894        3.8808
BFGS:  142 20:44:47    -1100.256771        3.7715
BFGS:  143 20:44:48    -1100.267010        3.7221
BFGS:  144 20:44:48    -1100.274367        3.8082
BFGS:  145 20:44:48    -1100.281666        3.8456
BFGS:  146 20:44:48    -1100.290546        3.8905
BFGS:  147 20:44:48    -1100.303297        3.7749
BFGS:  148 20:44:48    -1100.324207        3.3464
BFGS:  149 20:44:48    -1100.345292        2.7753
BFGS:  150 20:44:48    -1100.369003        2.5811
BFGS:  151 20:44:48    -1100.389418        2.3217
BFGS:  152 20:44:48    -1100.405929        2.2301
BFGS:  153 20:44:48    -1100.419765        2.2469
BFGS:  154 20:44:48    -1100.433139        2.0590
BFGS:  155 20:44:48    -1100.448388        1.7245
BFGS:  156 20:44:48    -1100.464105        1.3485
BFGS:  157 20:44:48    -1100.476843        0.9333
BFGS:  158 20:44:48    -1100.484366        0.8118
BFGS:  159 20:44:48    -1100.488891        0.6565
BFGS:  160 20:44:48    -1100.492250        0.5425
BFGS:  161 20:44:48    -1100.494817        0.3784
BFGS:  162 20:44:48    -1100.495892        0.2360
BFGS:  163 20:44:48    -1100.496484        0.1244
BFGS:  164 20:44:48    -1100.496765        0.0990
