      Step     Time          Energy         fmax
BFGS:    0 20:46:49     -784.053988      158.1675
BFGS:    1 20:46:49     -828.909639      132.9604
BFGS:    2 20:46:49     -851.451848      114.7040
BFGS:    3 20:46:50     -870.029914      102.9110
BFGS:    4 20:46:50     -883.690185       95.0163
BFGS:    5 20:46:50     -896.839849       78.2163
BFGS:    6 20:46:50     -905.864728       72.4653
BFGS:    7 20:46:50     -912.947225       66.5184
BFGS:    8 20:46:50     -919.171371       61.3903
BFGS:    9 20:46:50     -925.151582       61.3744
BFGS:   10 20:46:50     -930.967365       55.8922
BFGS:   11 20:46:50     -937.947742       49.3200
BFGS:   12 20:46:50     -943.764021       44.2181
BFGS:   13 20:46:50     -949.092893       39.4312
BFGS:   14 20:46:50     -954.208632       35.3477
BFGS:   15 20:46:50     -959.164311       35.3329
BFGS:   16 20:46:50     -964.060030       34.7541
BFGS:   17 20:46:50     -968.077749       33.9661
BFGS:   18 20:46:50     -972.190414       35.1656
BFGS:   19 20:46:50     -976.163138       33.4006
BFGS:   20 20:46:50     -979.834179       33.2797
BFGS:   21 20:46:50     -983.435139       34.6449
BFGS:   22 20:46:50     -986.884474       34.7612
BFGS:   23 20:46:50     -990.287590       35.5755
BFGS:   24 20:46:50     -993.519809       36.4245
BFGS:   25 20:46:50     -996.239190       37.1802
BFGS:   26 20:46:50     -998.737863       36.9770
BFGS:   27 20:46:50    -1000.903013       37.9401
BFGS:   28 20:46:50    -1003.028671       36.9880
BFGS:   29 20:46:50    -1005.001675       39.8980
BFGS:   30 20:46:50    -1006.850593       42.1019
BFGS:   31 20:46:50    -1008.696528       42.9859
BFGS:   32 20:46:50    -1010.556904       44.9299
BFGS:   33 20:46:51    -1012.434166       46.2572
BFGS:   34 20:46:51    -1014.225968       48.1035
BFGS:   35 20:46:51    -1015.978678       50.1042
BFGS:   36 20:46:51    -1017.423226       50.9346
BFGS:   37 20:46:51    -1018.693831       51.0502
BFGS:   38 20:46:51    -1019.880146       50.6603
BFGS:   39 20:46:51    -1021.024408       50.1167
BFGS:   40 20:46:51    -1022.171194       49.5825
BFGS:   41 20:46:51    -1023.368499       48.7644
BFGS:   42 20:46:51    -1024.640581       48.0488
BFGS:   43 20:46:51    -1025.955522       46.8704
BFGS:   44 20:46:51    -1027.168218       45.0201
BFGS:   45 20:46:51    -1028.287279       43.5657
BFGS:   46 20:46:51    -1029.393634       41.0296
BFGS:   47 20:46:51    -1030.511949       39.0403
BFGS:   48 20:46:51    -1031.696304       35.9432
BFGS:   49 20:46:51    -1032.931804       33.8225
BFGS:   50 20:46:51    -1034.239346       29.2774
BFGS:   51 20:46:51    -1035.492875       26.9588
BFGS:   52 20:46:51    -1036.524145       24.1273
BFGS:   53 20:46:51    -1037.461455       23.0138
BFGS:   54 20:46:51    -1038.348208       21.6314
BFGS:   55 20:46:51    -1039.189824       20.4687
BFGS:   56 20:46:51    -1040.029635       18.8028
BFGS:   57 20:46:51    -1040.867408       17.9663
BFGS:   58 20:46:51    -1041.724137       16.3882
BFGS:   59 20:46:51    -1042.601263       15.1878
BFGS:   60 20:46:51    -1043.457109       13.7258
BFGS:   61 20:46:51    -1044.189711       13.2418
BFGS:   62 20:46:52    -1044.882771       12.9885
BFGS:   63 20:46:52    -1045.541528       12.7175
BFGS:   64 20:46:52    -1046.191438       12.5765
BFGS:   65 20:46:52    -1046.825287       12.4038
BFGS:   66 20:46:52    -1047.498904       12.1417
BFGS:   67 20:46:52    -1048.208940       11.8161
BFGS:   68 20:46:52    -1048.907518       11.3000
BFGS:   69 20:46:52    -1049.568915       10.8865
BFGS:   70 20:46:52    -1050.238979       10.3989
BFGS:   71 20:46:52    -1050.903061       10.0122
BFGS:   72 20:46:52    -1051.587756        9.7391
BFGS:   73 20:46:52    -1052.313226        9.6371
BFGS:   74 20:46:52    -1053.142300        9.6405
BFGS:   75 20:46:52    -1054.120737       10.6733
BFGS:   76 20:46:52    -1055.362822       12.0033
BFGS:   77 20:46:52    -1056.867037       11.4154
BFGS:   78 20:46:52    -1057.981327       11.4559
BFGS:   79 20:46:52    -1059.721762       11.1661
BFGS:   80 20:46:52    -1061.438992       10.8135
BFGS:   81 20:46:52    -1063.209435       11.6655
BFGS:   82 20:46:52    -1065.122908       12.4696
BFGS:   83 20:46:52    -1067.140128       12.8292
BFGS:   84 20:46:52    -1069.151209       15.1006
BFGS:   85 20:46:52    -1071.117416       17.3571
BFGS:   86 20:46:52    -1072.993956       18.9154
BFGS:   87 20:46:52    -1074.745806       19.9742
BFGS:   88 20:46:52    -1076.368340       20.1768
BFGS:   89 20:46:52    -1077.946336       19.8442
BFGS:   90 20:46:52    -1079.400668       18.9344
BFGS:   91 20:46:52    -1080.717164       17.7344
BFGS:   92 20:46:52    -1081.866218       16.1688
BFGS:   93 20:46:52    -1082.893431       14.8014
BFGS:   94 20:46:52    -1083.780449       12.8431
BFGS:   95 20:46:53    -1084.590970       11.6920
BFGS:   96 20:46:53    -1085.255105        9.7280
BFGS:   97 20:46:53    -1085.793782        9.2673
BFGS:   98 20:46:53    -1086.296883        8.5316
BFGS:   99 20:46:53    -1086.726631        8.1064
BFGS:  100 20:46:53    -1087.172002        8.0152
BFGS:  101 20:46:53    -1087.580850        8.4902
BFGS:  102 20:46:53    -1087.982213        8.9147
BFGS:  103 20:46:53    -1088.374107        9.2544
BFGS:  104 20:46:53    -1088.761945        9.5082
BFGS:  105 20:46:53    -1089.143044        9.6493
BFGS:  106 20:46:53    -1089.514797        9.6836
BFGS:  107 20:46:53    -1089.871381        9.6047
BFGS:  108 20:46:53    -1090.197349        9.4420
BFGS:  109 20:46:53    -1090.504227        9.0658
BFGS:  110 20:46:53    -1090.822581        8.6178
BFGS:  111 20:46:53    -1091.145038        8.0135
BFGS:  112 20:46:53    -1091.488347        7.3737
BFGS:  113 20:46:53    -1091.898004        6.5790
BFGS:  114 20:46:53    -1092.400999        5.9234
BFGS:  115 20:46:53    -1092.903660        5.5002
BFGS:  116 20:46:53    -1093.440585        6.3688
BFGS:  117 20:46:53    -1093.940439        8.5161
BFGS:  118 20:46:53    -1094.388400       10.5661
BFGS:  119 20:46:53    -1094.819402       12.1709
BFGS:  120 20:46:53    -1095.235249       12.4437
BFGS:  121 20:46:53    -1095.670572       12.6765
BFGS:  122 20:46:53    -1096.156145       12.6143
BFGS:  123 20:46:53    -1096.618417       12.5732
BFGS:  124 20:46:53    -1097.071356       12.3277
BFGS:  125 20:46:53    -1097.457714       12.2499
BFGS:  126 20:46:53    -1097.925787       11.0979
BFGS:  127 20:46:53    -1098.378111       10.6759
BFGS:  128 20:46:53    -1098.750050       11.0425
BFGS:  129 20:46:53    -1099.143873       11.6270
BFGS:  130 20:46:53    -1099.542602       11.8004
BFGS:  131 20:46:53    -1100.135400       11.4302
BFGS:  132 20:46:53    -1100.612004       11.3422
BFGS:  133 20:46:53    -1101.221403       10.2762
BFGS:  134 20:46:54    -1101.792014        9.4498
BFGS:  135 20:46:54    -1102.384581        8.7040
BFGS:  136 20:46:54    -1102.971269        9.3233
BFGS:  137 20:46:54    -1103.487752       11.9329
BFGS:  138 20:46:54    -1103.935574       13.5362
BFGS:  139 20:46:54    -1104.332450       13.8401
BFGS:  140 20:46:54    -1104.755672       13.0765
BFGS:  141 20:46:54    -1105.351061       10.7017
BFGS:  142 20:46:54    -1105.853336        6.9645
BFGS:  143 20:46:54    -1106.201195        6.8201
BFGS:  144 20:46:54    -1106.413456        6.8804
BFGS:  145 20:46:54    -1106.606527        6.6703
BFGS:  146 20:46:54    -1106.791742        6.3059
BFGS:  147 20:46:54    -1106.997217        5.2294
BFGS:  148 20:46:54    -1107.160053        5.6817
BFGS:  149 20:46:54    -1107.391118        6.3344
BFGS:  150 20:46:54    -1107.582959        7.0642
BFGS:  151 20:46:54    -1107.840758        6.2179
BFGS:  152 20:46:54    -1108.082169        5.9362
BFGS:  153 20:46:54    -1108.289414        5.8858
BFGS:  154 20:46:54    -1108.433686        5.8176
BFGS:  155 20:46:54    -1108.618367        6.5455
BFGS:  156 20:46:54    -1108.745371        6.4387
BFGS:  157 20:46:54    -1108.885449        6.5779
BFGS:  158 20:46:54    -1109.010445        7.0898
BFGS:  159 20:46:54    -1109.131019        6.4044
BFGS:  160 20:46:54    -1109.306080        5.6896
BFGS:  161 20:46:54    -1109.557275        5.1024
BFGS:  162 20:46:54    -1109.701943        4.7652
BFGS:  163 20:46:54    -1109.812992        5.2201
BFGS:  164 20:46:54    -1109.907183        4.9106
BFGS:  165 20:46:54    -1110.003864        4.6569
BFGS:  166 20:46:54    -1110.080174        5.1050
BFGS:  167 20:46:54    -1110.163507        5.0353
BFGS:  168 20:46:54    -1110.205368        5.3327
BFGS:  169 20:46:54    -1110.234774        4.9355
BFGS:  170 20:46:54    -1110.280843        5.5171
BFGS:  171 20:46:54    -1110.358458        5.9648
BFGS:  172 20:46:54    -1110.429713        6.2118
BFGS:  173 20:46:54    -1110.501429        6.5606
BFGS:  174 20:46:55    -1110.576365        6.7357
BFGS:  175 20:46:55    -1110.662843        6.5024
BFGS:  176 20:46:55    -1110.779163        5.5846
BFGS:  177 20:46:55    -1110.905497        4.6968
BFGS:  178 20:46:55    -1111.042886        5.2050
BFGS:  179 20:46:55    -1111.198570        5.6777
BFGS:  180 20:46:55    -1111.561192        5.3545
BFGS:  181 20:46:55    -1111.780533        5.9606
BFGS:  182 20:46:55    -1111.951469        5.9070
BFGS:  183 20:46:55    -1112.059296        4.8931
BFGS:  184 20:46:55    -1112.252753        3.0865
BFGS:  185 20:46:55    -1112.407912        3.4952
BFGS:  186 20:46:55    -1112.544999        3.7168
BFGS:  187 20:46:55    -1112.695481        3.6861
BFGS:  188 20:46:55    -1112.841623        3.6463
BFGS:  189 20:46:55    -1112.978367        3.6356
BFGS:  190 20:46:55    -1113.122836        3.6006
BFGS:  191 20:46:55    -1113.248200        3.4954
BFGS:  192 20:46:55    -1113.358277        3.2511
BFGS:  193 20:46:55    -1113.512958        3.2838
BFGS:  194 20:46:55    -1113.678909        2.9952
BFGS:  195 20:46:55    -1113.812534        3.4813
BFGS:  196 20:46:55    -1113.878762        3.1334
BFGS:  197 20:46:55    -1113.958571        3.2491
BFGS:  198 20:46:55    -1113.995909        3.6291
BFGS:  199 20:46:55    -1114.026553        3.9426
BFGS:  200 20:46:55    -1114.053775        3.3964
BFGS:  201 20:46:55    -1114.072840        3.1623
BFGS:  202 20:46:55    -1114.094919        2.4847
BFGS:  203 20:46:55    -1114.106303        2.3721
BFGS:  204 20:46:55    -1114.118720        2.1686
BFGS:  205 20:46:55    -1114.129592        2.0748
BFGS:  206 20:46:55    -1114.140269        2.0049
BFGS:  207 20:46:55    -1114.149898        2.0292
BFGS:  208 20:46:55    -1114.157877        2.0392
BFGS:  209 20:46:55    -1114.165432        2.0743
BFGS:  210 20:46:55    -1114.173368        2.0645
BFGS:  211 20:46:55    -1114.181407        2.0859
BFGS:  212 20:46:55    -1114.189883        2.1007
BFGS:  213 20:46:55    -1114.196577        2.1693
BFGS:  214 20:46:55    -1114.207920        2.1075
BFGS:  215 20:46:56    -1114.217407        2.0117
BFGS:  216 20:46:56    -1114.228600        1.8527
BFGS:  217 20:46:56    -1114.237421        1.7931
BFGS:  218 20:46:56    -1114.254505        1.8702
BFGS:  219 20:46:56    -1114.263738        1.8315
BFGS:  220 20:46:56    -1114.299048        1.6976
BFGS:  221 20:46:56    -1114.316914        1.5255
BFGS:  222 20:46:56    -1114.333551        1.7134
BFGS:  223 20:46:56    -1114.353548        1.6186
BFGS:  224 20:46:56    -1114.380084        1.6861
BFGS:  225 20:46:56    -1114.394638        1.7713
BFGS:  226 20:46:56    -1114.415508        1.7897
BFGS:  227 20:46:56    -1114.423786        1.7320
BFGS:  228 20:46:56    -1114.427441        1.6038
BFGS:  229 20:46:56    -1114.429188        1.5613
BFGS:  230 20:46:56    -1114.431185        1.4989
BFGS:  231 20:46:56    -1114.434408        1.4384
BFGS:  232 20:46:56    -1114.437711        1.3982
BFGS:  233 20:46:56    -1114.441962        1.3253
BFGS:  234 20:46:56    -1114.447936        1.2011
BFGS:  235 20:46:56    -1114.455006        1.3083
BFGS:  236 20:46:56    -1114.461534        1.4238
BFGS:  237 20:46:56    -1114.466954        1.3796
BFGS:  238 20:46:56    -1114.472581        1.2518
BFGS:  239 20:46:56    -1114.478925        1.0371
BFGS:  240 20:46:56    -1114.486010        0.7715
BFGS:  241 20:46:56    -1114.491878        0.5131
BFGS:  242 20:46:56    -1114.495704        0.3572
BFGS:  243 20:46:56    -1114.497679        0.2848
BFGS:  244 20:46:56    -1114.498668        0.2942
BFGS:  245 20:46:56    -1114.499291        0.2780
BFGS:  246 20:46:56    -1114.499788        0.2783
BFGS:  247 20:46:56    -1114.500213        0.2367
BFGS:  248 20:46:56    -1114.500652        0.2119
BFGS:  249 20:46:56    -1114.501188        0.2030
BFGS:  250 20:46:56    -1114.501877        0.2210
BFGS:  251 20:46:56    -1114.502681        0.2011
BFGS:  252 20:46:56    -1114.503402        0.1841
BFGS:  253 20:46:56    -1114.503854        0.1800
BFGS:  254 20:46:56    -1114.504242        0.0896
