      Step     Time          Energy         fmax
BFGS:    0 20:43:30     -871.196586      166.0836
BFGS:    1 20:43:30     -892.331921      113.7552
BFGS:    2 20:43:30     -902.680290      119.9442
BFGS:    3 20:43:30     -910.445880      104.8415
BFGS:    4 20:43:30     -918.575955      102.1637
BFGS:    5 20:43:30     -926.559011       99.8031
BFGS:    6 20:43:30     -935.936331       97.9592
BFGS:    7 20:43:30     -945.554157       95.1714
BFGS:    8 20:43:30     -955.244613       87.8216
BFGS:    9 20:43:30     -963.304120       84.9024
BFGS:   10 20:43:30     -971.025470       80.0605
BFGS:   11 20:43:30     -979.046094       74.9346
BFGS:   12 20:43:30     -986.180146       71.2098
BFGS:   13 20:43:30     -992.990909       67.9406
BFGS:   14 20:43:30    -1000.123909       64.5111
BFGS:   15 20:43:31    -1006.553537       61.6192
BFGS:   16 20:43:31    -1013.173907       57.8790
BFGS:   17 20:43:31    -1020.192526       53.1634
BFGS:   18 20:43:31    -1026.728936       50.3846
BFGS:   19 20:43:31    -1032.440411       44.5924
BFGS:   20 20:43:31    -1036.900347       43.2936
BFGS:   21 20:43:31    -1040.851675       38.9635
BFGS:   22 20:43:31    -1044.627594       36.8789
BFGS:   23 20:43:31    -1048.468851       32.4796
BFGS:   24 20:43:31    -1051.614749       28.5751
BFGS:   25 20:43:31    -1054.086230       27.0464
BFGS:   26 20:43:31    -1056.357736       25.4914
BFGS:   27 20:43:31    -1058.470976       24.5627
BFGS:   28 20:43:31    -1060.783852       24.2210
BFGS:   29 20:43:31    -1063.211585       22.8579
BFGS:   30 20:43:31    -1065.357882       24.1433
BFGS:   31 20:43:31    -1067.101674       22.7272
BFGS:   32 20:43:31    -1068.752900       20.7370
BFGS:   33 20:43:31    -1069.960487       17.2397
BFGS:   34 20:43:31    -1071.052624       13.0532
BFGS:   35 20:43:31    -1071.766817        8.5366
BFGS:   36 20:43:31    -1072.227827        7.2072
BFGS:   37 20:43:31    -1072.481842        5.6337
BFGS:   38 20:43:31    -1072.687377        6.4764
BFGS:   39 20:43:31    -1072.942176        8.0943
BFGS:   40 20:43:31    -1073.201401        9.5466
BFGS:   41 20:43:31    -1073.462215       10.4071
BFGS:   42 20:43:31    -1073.740127       10.8037
BFGS:   43 20:43:31    -1074.025374       11.2434
BFGS:   44 20:43:32    -1074.288608       13.0213
BFGS:   45 20:43:32    -1075.023883       17.5854
BFGS:   46 20:43:32    -1075.753546       19.1109
BFGS:   47 20:43:32    -1076.450162       19.7031
BFGS:   48 20:43:32    -1077.154598       19.7640
BFGS:   49 20:43:32    -1077.709227       19.5491
BFGS:   50 20:43:32    -1078.137778       20.1301
BFGS:   51 20:43:32    -1078.413166       18.7784
BFGS:   52 20:43:32    -1078.685298       19.2458
BFGS:   53 20:43:32    -1078.905157       19.9227
BFGS:   54 20:43:32    -1079.115353       20.2527
BFGS:   55 20:43:32    -1079.359711       20.4463
BFGS:   56 20:43:32    -1079.639218       20.5297
BFGS:   57 20:43:32    -1079.906202       20.3833
BFGS:   58 20:43:32    -1080.221342       20.3323
BFGS:   59 20:43:32    -1080.681803       20.0839
BFGS:   60 20:43:32    -1081.252761       19.5687
BFGS:   61 20:43:32    -1081.881552       19.7868
BFGS:   62 20:43:32    -1082.628459       21.1909
BFGS:   63 20:43:32    -1083.782995       15.6462
BFGS:   64 20:43:32    -1085.026044       12.4140
BFGS:   65 20:43:32    -1086.150918       12.2805
BFGS:   66 20:43:32    -1086.981545       12.5050
BFGS:   67 20:43:32    -1087.642431       11.4591
BFGS:   68 20:43:32    -1088.131430        9.3714
BFGS:   69 20:43:32    -1088.512482        7.5636
BFGS:   70 20:43:32    -1088.755675        7.5678
BFGS:   71 20:43:33    -1089.022297        5.4537
BFGS:   72 20:43:33    -1089.300704        5.1789
BFGS:   73 20:43:33    -1089.480752        4.6395
BFGS:   74 20:43:33    -1089.647878        5.5622
BFGS:   75 20:43:33    -1089.859771        5.4795
BFGS:   76 20:43:33    -1090.063680        5.4909
BFGS:   77 20:43:33    -1090.269293        5.1627
BFGS:   78 20:43:33    -1090.447342        2.3834
BFGS:   79 20:43:33    -1090.472728        3.9544
BFGS:   80 20:43:33    -1090.541371        1.6879
BFGS:   81 20:43:33    -1090.562569        0.9510
BFGS:   82 20:43:33    -1090.570913        0.8143
BFGS:   83 20:43:33    -1090.574814        0.7571
BFGS:   84 20:43:33    -1090.576432        0.6286
BFGS:   85 20:43:33    -1090.577557        0.7145
BFGS:   86 20:43:33    -1090.578347        0.7205
BFGS:   87 20:43:33    -1090.579136        0.6721
BFGS:   88 20:43:33    -1090.579802        0.6424
BFGS:   89 20:43:33    -1090.580656        0.7047
BFGS:   90 20:43:33    -1090.581207        0.6433
BFGS:   91 20:43:33    -1090.581626        0.6474
BFGS:   92 20:43:33    -1090.582066        0.6531
BFGS:   93 20:43:33    -1090.582673        0.7073
BFGS:   94 20:43:33    -1090.583568        0.7875
BFGS:   95 20:43:33    -1090.584569        0.8195
BFGS:   96 20:43:33    -1090.585436        0.8440
BFGS:   97 20:43:34    -1090.586120        0.7587
BFGS:   98 20:43:34    -1090.586746        0.6977
BFGS:   99 20:43:34    -1090.587408        0.6410
BFGS:  100 20:43:34    -1090.588221        0.6504
BFGS:  101 20:43:34    -1090.589925        0.5788
BFGS:  102 20:43:34    -1090.583890        1.0935
BFGS:  103 20:43:34    -1090.592929        0.5785
BFGS:  104 20:43:34    -1090.593924        0.5061
BFGS:  105 20:43:34    -1090.596465        0.4730
BFGS:  106 20:43:34    -1090.596890        0.4862
BFGS:  107 20:43:34    -1090.597358        0.5004
BFGS:  108 20:43:34    -1090.597915        0.5258
BFGS:  109 20:43:34    -1090.598607        0.4708
BFGS:  110 20:43:34    -1090.599178        0.4053
BFGS:  111 20:43:34    -1090.599499        0.3504
BFGS:  112 20:43:34    -1090.599636        0.3410
BFGS:  113 20:43:34    -1090.599714        0.3381
BFGS:  114 20:43:34    -1090.599775        0.3327
BFGS:  115 20:43:34    -1090.599849        0.3348
BFGS:  116 20:43:34    -1090.599992        0.3237
BFGS:  117 20:43:34    -1090.600279        0.3138
BFGS:  118 20:43:34    -1090.600761        0.3089
BFGS:  119 20:43:34    -1090.601297        0.2141
BFGS:  120 20:43:34    -1090.601617        0.0859
