      Step     Time          Energy         fmax
BFGS:    0 20:50:39     -837.806540      171.6542
BFGS:    1 20:50:39     -875.089290      127.8659
BFGS:    2 20:50:39     -889.734233      132.4145
BFGS:    3 20:50:39     -902.935333      113.0241
BFGS:    4 20:50:39     -915.205618      104.6954
BFGS:    5 20:50:39     -926.350139       99.4539
BFGS:    6 20:50:39     -937.546653       93.7099
BFGS:    7 20:50:40     -947.729466       89.1167
BFGS:    8 20:50:40     -955.227140       86.4335
BFGS:    9 20:50:40     -961.515400       85.4425
BFGS:   10 20:50:40     -967.980846       85.2050
BFGS:   11 20:50:40     -974.248788       84.8641
BFGS:   12 20:50:40     -980.672277       85.7621
BFGS:   13 20:50:40     -987.222846       85.2092
BFGS:   14 20:50:40     -993.675045       83.5562
BFGS:   15 20:50:40    -1000.163136       82.3981
BFGS:   16 20:50:40    -1005.814998       78.1729
BFGS:   17 20:50:40    -1011.538879       75.5074
BFGS:   18 20:50:40    -1017.581376       68.7247
BFGS:   19 20:50:40    -1023.697617       63.5546
BFGS:   20 20:50:40    -1029.282722       57.9094
BFGS:   21 20:50:40    -1034.562857       53.4638
BFGS:   22 20:50:40    -1039.380846       50.3400
BFGS:   23 20:50:40    -1043.670482       48.5014
BFGS:   24 20:50:40    -1047.560473       47.0097
BFGS:   25 20:50:40    -1051.281362       44.2512
BFGS:   26 20:50:40    -1055.107956       39.1424
BFGS:   27 20:50:40    -1058.652130       31.8966
BFGS:   28 20:50:40    -1061.495775       27.8376
BFGS:   29 20:50:40    -1063.806012       23.8935
BFGS:   30 20:50:40    -1065.921512       21.0980
BFGS:   31 20:50:40    -1067.867235       18.0129
BFGS:   32 20:50:40    -1069.554981       15.4214
BFGS:   33 20:50:40    -1071.000990       13.7417
BFGS:   34 20:50:40    -1072.336788       13.1511
BFGS:   35 20:50:41    -1073.360460       12.5613
BFGS:   36 20:50:41    -1074.163092       12.8238
BFGS:   37 20:50:41    -1074.811542       12.0061
BFGS:   38 20:50:41    -1075.287130       11.4157
BFGS:   39 20:50:41    -1075.768961        9.8427
BFGS:   40 20:50:41    -1076.228076        8.5634
BFGS:   41 20:50:41    -1076.752523        7.9471
BFGS:   42 20:50:41    -1077.279319        7.7000
BFGS:   43 20:50:41    -1077.794482        7.5775
BFGS:   44 20:50:41    -1078.308939        7.4779
BFGS:   45 20:50:41    -1078.841561        8.0210
BFGS:   46 20:50:41    -1079.367015        8.8164
BFGS:   47 20:50:41    -1079.833149        9.5925
BFGS:   48 20:50:41    -1080.286045       10.5382
BFGS:   49 20:50:41    -1080.744083       11.4986
BFGS:   50 20:50:41    -1081.232889       12.6286
BFGS:   51 20:50:41    -1081.801588       13.3069
BFGS:   52 20:50:41    -1082.432630       13.9634
BFGS:   53 20:50:41    -1083.070419       13.6893
BFGS:   54 20:50:41    -1083.643324       13.3219
BFGS:   55 20:50:41    -1084.238522       12.1204
BFGS:   56 20:50:41    -1084.846081       10.6503
BFGS:   57 20:50:41    -1085.438365       10.2142
BFGS:   58 20:50:41    -1085.937129       11.2429
BFGS:   59 20:50:41    -1086.372544       11.8480
BFGS:   60 20:50:41    -1086.770892       12.8466
BFGS:   61 20:50:41    -1087.159426       12.1537
BFGS:   62 20:50:41    -1087.493630       10.9979
BFGS:   63 20:50:41    -1087.848658        9.3312
BFGS:   64 20:50:41    -1088.161699        7.8587
BFGS:   65 20:50:42    -1088.466225        8.0155
BFGS:   66 20:50:42    -1088.822326        9.0264
BFGS:   67 20:50:42    -1089.179086        9.7326
BFGS:   68 20:50:42    -1089.451244       10.4702
BFGS:   69 20:50:42    -1089.793254       10.2496
BFGS:   70 20:50:42    -1090.163166        9.5614
BFGS:   71 20:50:42    -1090.509588        8.8684
BFGS:   72 20:50:42    -1090.820425        8.0066
BFGS:   73 20:50:42    -1091.172024        7.4592
BFGS:   74 20:50:42    -1091.541192        6.6562
BFGS:   75 20:50:42    -1092.014592        7.6208
BFGS:   76 20:50:42    -1092.330992        7.7942
BFGS:   77 20:50:42    -1092.647750        7.6043
BFGS:   78 20:50:42    -1092.897881        7.6622
BFGS:   79 20:50:42    -1093.155342        7.9519
BFGS:   80 20:50:42    -1093.405795        8.1603
BFGS:   81 20:50:42    -1093.671931        8.2259
BFGS:   82 20:50:42    -1093.952069        8.3939
BFGS:   83 20:50:42    -1094.235112        8.5397
BFGS:   84 20:50:42    -1094.528618        8.6518
BFGS:   85 20:50:42    -1094.849454        8.7518
BFGS:   86 20:50:42    -1095.239422        8.7689
BFGS:   87 20:50:42    -1095.562723        8.5726
BFGS:   88 20:50:42    -1096.018133        8.7728
BFGS:   89 20:50:42    -1096.479652        8.8860
BFGS:   90 20:50:42    -1096.954548        8.8351
BFGS:   91 20:50:42    -1097.395776        8.9853
BFGS:   92 20:50:42    -1097.817689        9.3481
BFGS:   93 20:50:42    -1098.219687        9.6336
BFGS:   94 20:50:42    -1098.590900        9.7983
BFGS:   95 20:50:42    -1098.903664        9.8775
BFGS:   96 20:50:42    -1099.184998       10.6801
BFGS:   97 20:50:42    -1099.445729       11.4992
BFGS:   98 20:50:42    -1099.720208       11.7776
BFGS:   99 20:50:42    -1100.039848       11.6835
BFGS:  100 20:50:43    -1100.563041       11.7030
BFGS:  101 20:50:43    -1100.922556       10.7590
BFGS:  102 20:50:43    -1101.198812       10.3306
BFGS:  103 20:50:43    -1101.506147        9.7092
BFGS:  104 20:50:43    -1101.797661        9.2742
BFGS:  105 20:50:43    -1102.109984        9.3711
BFGS:  106 20:50:43    -1102.558701        8.9418
BFGS:  107 20:50:43    -1103.017890        9.6068
BFGS:  108 20:50:43    -1103.464479       11.3739
BFGS:  109 20:50:43    -1103.896903       12.6832
BFGS:  110 20:50:43    -1104.365443       13.9874
BFGS:  111 20:50:43    -1104.781955       14.4182
BFGS:  112 20:50:43    -1105.263498       14.5869
BFGS:  113 20:50:43    -1105.739496       14.3449
BFGS:  114 20:50:43    -1106.199074       13.8292
BFGS:  115 20:50:43    -1106.659299       12.9928
BFGS:  116 20:50:43    -1107.125707       12.5073
BFGS:  117 20:50:43    -1107.644113       12.5990
BFGS:  118 20:50:43    -1108.250466       12.8659
BFGS:  119 20:50:43    -1108.872035       12.7505
BFGS:  120 20:50:43    -1109.524833       12.3889
BFGS:  121 20:50:43    -1110.160385       11.7886
BFGS:  122 20:50:43    -1110.782116       10.4719
BFGS:  123 20:50:43    -1111.283047        9.0461
BFGS:  124 20:50:43    -1111.726586        8.4205
BFGS:  125 20:50:43    -1112.197342        8.3902
BFGS:  126 20:50:43    -1112.637362        8.4567
BFGS:  127 20:50:43    -1113.046446        8.6981
BFGS:  128 20:50:43    -1113.436741        9.5110
BFGS:  129 20:50:43    -1113.838294       10.1602
BFGS:  130 20:50:43    -1114.247146       10.6792
BFGS:  131 20:50:43    -1114.673538       10.6777
BFGS:  132 20:50:43    -1115.183477       11.2772
BFGS:  133 20:50:43    -1115.699788       11.0872
BFGS:  134 20:50:43    -1116.165696       10.7346
BFGS:  135 20:50:43    -1116.665815        9.8131
BFGS:  136 20:50:43    -1117.054134        9.0560
BFGS:  137 20:50:44    -1117.414055        7.6821
BFGS:  138 20:50:44    -1117.708948        6.2136
BFGS:  139 20:50:44    -1117.953572        5.8579
BFGS:  140 20:50:44    -1118.200219        4.3807
BFGS:  141 20:50:44    -1118.411146        4.2549
BFGS:  142 20:50:44    -1118.619788        3.4573
BFGS:  143 20:50:44    -1118.764500        3.8712
BFGS:  144 20:50:44    -1118.864263        3.5400
BFGS:  145 20:50:44    -1118.961370        3.3648
BFGS:  146 20:50:44    -1119.077857        3.6297
BFGS:  147 20:50:44    -1119.206245        3.4968
BFGS:  148 20:50:44    -1119.299101        2.9754
BFGS:  149 20:50:44    -1119.423860        4.5811
BFGS:  150 20:50:44    -1119.559342        7.2209
BFGS:  151 20:50:44    -1119.879532       11.4665
BFGS:  152 20:50:44    -1120.465509       15.5854
BFGS:  153 20:50:44    -1121.206785       18.1617
BFGS:  154 20:50:44    -1121.990162       19.1285
BFGS:  155 20:50:44    -1122.745697       18.9261
BFGS:  156 20:50:44    -1123.444429       18.0895
BFGS:  157 20:50:44    -1124.074048       17.0679
BFGS:  158 20:50:44    -1124.646017       16.3351
BFGS:  159 20:50:44    -1125.182115       16.0602
BFGS:  160 20:50:44    -1125.699355       16.1556
BFGS:  161 20:50:44    -1126.203042       16.3264
BFGS:  162 20:50:44    -1126.690337       17.2391
BFGS:  163 20:50:44    -1127.156783       18.3197
BFGS:  164 20:50:44    -1127.583255       19.2924
BFGS:  165 20:50:44    -1127.991707       19.9945
BFGS:  166 20:50:44    -1128.371837       20.6566
BFGS:  167 20:50:44    -1128.755035       20.8438
BFGS:  168 20:50:44    -1129.171255       20.6017
BFGS:  169 20:50:44    -1129.664376       19.5037
BFGS:  170 20:50:44    -1130.251908       17.3620
BFGS:  171 20:50:44    -1130.899279       14.7273
BFGS:  172 20:50:44    -1131.601851       15.6725
BFGS:  173 20:50:44    -1132.528177       17.2805
BFGS:  174 20:50:45    -1133.478408       19.2197
BFGS:  175 20:50:45    -1134.133525       24.2896
BFGS:  176 20:50:45    -1135.326454       28.5035
BFGS:  177 20:50:45    -1136.498585       31.7455
BFGS:  178 20:50:45    -1137.646099       32.4003
BFGS:  179 20:50:45    -1138.806962       30.0797
BFGS:  180 20:50:45    -1139.990983       25.6729
BFGS:  181 20:50:45    -1141.112102       21.4950
BFGS:  182 20:50:45    -1142.272781       19.4298
BFGS:  183 20:50:45    -1143.486905       18.6105
BFGS:  184 20:50:45    -1144.656988       23.7532
BFGS:  185 20:50:45    -1145.880742       28.5610
BFGS:  186 20:50:45    -1146.953557       31.7886
BFGS:  187 20:50:45    -1148.168918       35.2217
BFGS:  188 20:50:45    -1149.419360       36.2667
BFGS:  189 20:50:45    -1151.000491       37.5158
BFGS:  190 20:50:45    -1152.542051       37.7128
BFGS:  191 20:50:45    -1154.122150       37.8515
BFGS:  192 20:50:45    -1155.748526       37.1092
BFGS:  193 20:50:45    -1157.600179       35.8815
BFGS:  194 20:50:45    -1159.693964       33.5782
BFGS:  195 20:50:45    -1161.828486       30.7443
BFGS:  196 20:50:45    -1163.714335       29.3066
BFGS:  197 20:50:45    -1165.797557       28.9080
BFGS:  198 20:50:45    -1167.767557       27.9022
BFGS:  199 20:50:45    -1169.488557       27.3216
BFGS:  200 20:50:45    -1171.134841       26.8237
BFGS:  201 20:50:45    -1172.741338       26.3144
BFGS:  202 20:50:45    -1174.325421       25.6802
BFGS:  203 20:50:45    -1175.935470       26.4029
BFGS:  204 20:50:45    -1177.579514       27.9997
BFGS:  205 20:50:45    -1179.211620       29.5182
BFGS:  206 20:50:45    -1180.834245       30.8459
BFGS:  207 20:50:45    -1182.443939       34.7482
BFGS:  208 20:50:45    -1184.119398       36.1454
BFGS:  209 20:50:45    -1185.685170       36.0860
BFGS:  210 20:50:45    -1187.063570       34.1771
BFGS:  211 20:50:45    -1188.259208       32.0940
BFGS:  212 20:50:45    -1189.487550       28.2768
BFGS:  213 20:50:45    -1190.810993       27.3187
BFGS:  214 20:50:45    -1192.157718       26.3538
BFGS:  215 20:50:45    -1193.362632       23.7666
BFGS:  216 20:50:45    -1194.523399       21.6088
BFGS:  217 20:50:45    -1195.562166       21.1531
BFGS:  218 20:50:46    -1196.516971       20.8486
BFGS:  219 20:50:46    -1197.412182       20.8821
BFGS:  220 20:50:46    -1198.266157       21.3134
BFGS:  221 20:50:46    -1199.125385       21.0110
BFGS:  222 20:50:46    -1200.011188       21.1199
BFGS:  223 20:50:46    -1200.890216       19.9537
BFGS:  224 20:50:46    -1201.832385       19.3469
BFGS:  225 20:50:46    -1202.743418       18.5995
BFGS:  226 20:50:46    -1203.724395       17.8212
BFGS:  227 20:50:46    -1204.625389       18.6466
BFGS:  228 20:50:46    -1205.444341       19.3553
BFGS:  229 20:50:46    -1206.241835       20.9625
BFGS:  230 20:50:46    -1206.971797       22.0390
BFGS:  231 20:50:46    -1207.519699       22.7218
BFGS:  232 20:50:46    -1207.947346       22.7794
BFGS:  233 20:50:46    -1208.373671       24.3964
BFGS:  234 20:50:46    -1208.967918       20.4677
BFGS:  235 20:50:46    -1209.453929       19.4048
BFGS:  236 20:50:46    -1209.852583       17.1918
BFGS:  237 20:50:46    -1210.267570       16.6246
BFGS:  238 20:50:46    -1210.693285       16.1443
BFGS:  239 20:50:46    -1211.240776       15.7712
BFGS:  240 20:50:46    -1211.769069       15.7914
BFGS:  241 20:50:46    -1212.257705       17.6482
BFGS:  242 20:50:46    -1212.716645       18.4087
BFGS:  243 20:50:46    -1213.150987       18.4182
BFGS:  244 20:50:46    -1213.599556       19.7949
BFGS:  245 20:50:46    -1214.038808       21.2128
BFGS:  246 20:50:46    -1214.425408       20.4029
BFGS:  247 20:50:46    -1214.752255       20.3622
BFGS:  248 20:50:46    -1215.102453       18.8946
BFGS:  249 20:50:46    -1215.516901       18.0432
BFGS:  250 20:50:46    -1216.077164       17.6399
BFGS:  251 20:50:46    -1216.615206       18.8806
BFGS:  252 20:50:46    -1217.144101       20.3594
BFGS:  253 20:50:46    -1217.709509       21.6264
BFGS:  254 20:50:46    -1218.345676       22.3332
BFGS:  255 20:50:46    -1219.086270       22.0379
BFGS:  256 20:50:46    -1219.881513       21.2856
BFGS:  257 20:50:46    -1220.867441       21.1181
BFGS:  258 20:50:46    -1221.686592       20.8518
BFGS:  259 20:50:46    -1222.791350       20.4742
BFGS:  260 20:50:46    -1223.594113       19.9964
BFGS:  261 20:50:46    -1224.443799       19.4021
BFGS:  262 20:50:46    -1225.251186       19.1185
BFGS:  263 20:50:46    -1226.079996       18.8948
BFGS:  264 20:50:46    -1227.017123       18.5614
BFGS:  265 20:50:46    -1228.053181       17.5290
BFGS:  266 20:50:46    -1228.898498       15.5049
BFGS:  267 20:50:46    -1229.548584       16.1728
BFGS:  268 20:50:47    -1230.027293       17.5076
BFGS:  269 20:50:47    -1230.317916       18.7956
BFGS:  270 20:50:47    -1230.616423       19.4132
BFGS:  271 20:50:47    -1230.954030       20.5576
BFGS:  272 20:50:47    -1231.132517       19.7304
BFGS:  273 20:50:47    -1231.261115       19.3005
BFGS:  274 20:50:47    -1231.456073       18.1971
BFGS:  275 20:50:47    -1231.684558       15.4056
BFGS:  276 20:50:47    -1231.902631       14.6084
BFGS:  277 20:50:47    -1232.131821       13.1107
BFGS:  278 20:50:47    -1232.368797       12.6247
BFGS:  279 20:50:47    -1232.603515       12.2711
BFGS:  280 20:50:47    -1232.827846       11.7565
BFGS:  281 20:50:47    -1233.032977       11.1193
BFGS:  282 20:50:47    -1233.218111       10.3140
BFGS:  283 20:50:47    -1233.384156        9.6272
BFGS:  284 20:50:47    -1233.543021        9.0818
BFGS:  285 20:50:47    -1233.688846       10.1076
BFGS:  286 20:50:47    -1233.818429       10.7220
BFGS:  287 20:50:47    -1233.937686       10.5394
BFGS:  288 20:50:47    -1234.053054       10.1241
BFGS:  289 20:50:47    -1234.196193        9.8511
BFGS:  290 20:50:47    -1234.360142       10.4277
BFGS:  291 20:50:47    -1234.497380       11.3906
BFGS:  292 20:50:47    -1234.589213       12.2744
BFGS:  293 20:50:47    -1234.664054       12.6867
BFGS:  294 20:50:47    -1234.751973       12.3296
BFGS:  295 20:50:47    -1234.859992       11.2927
BFGS:  296 20:50:47    -1234.948923        9.7110
BFGS:  297 20:50:47    -1235.008161        9.0526
BFGS:  298 20:50:47    -1235.056377        8.4978
BFGS:  299 20:50:47    -1235.109766        7.9736
BFGS:  300 20:50:47    -1235.171207        7.7343
BFGS:  301 20:50:47    -1235.238552        7.4597
BFGS:  302 20:50:47    -1235.288738        7.1942
BFGS:  303 20:50:47    -1235.318625        6.8009
BFGS:  304 20:50:47    -1235.344822        6.5297
BFGS:  305 20:50:47    -1235.383311        6.1742
BFGS:  306 20:50:47    -1235.453018        6.1622
BFGS:  307 20:50:47    -1235.577805        6.3581
BFGS:  308 20:50:47    -1235.745467        5.0405
BFGS:  309 20:50:47    -1235.876610        5.1146
BFGS:  310 20:50:47    -1235.929336        4.9474
BFGS:  311 20:50:47    -1235.944627        4.7500
BFGS:  312 20:50:47    -1235.952879        4.5828
BFGS:  313 20:50:47    -1235.962116        4.4671
BFGS:  314 20:50:47    -1235.972628        4.2869
BFGS:  315 20:50:47    -1235.991734        4.6041
BFGS:  316 20:50:47    -1236.028214        5.5969
BFGS:  317 20:50:47    -1236.096045        6.2650
BFGS:  318 20:50:47    -1236.186978        5.5896
BFGS:  319 20:50:47    -1236.260906        3.4506
BFGS:  320 20:50:47    -1236.288825        2.1708
BFGS:  321 20:50:47    -1236.292983        2.1555
BFGS:  322 20:50:48    -1236.294204        2.0671
BFGS:  323 20:50:48    -1236.294980        2.0209
BFGS:  324 20:50:48    -1236.295392        1.9763
BFGS:  325 20:50:48    -1236.295592        1.9624
BFGS:  326 20:50:48    -1236.295685        1.9546
BFGS:  327 20:50:48    -1236.295725        1.9615
BFGS:  328 20:50:48    -1236.295741        1.9653
BFGS:  329 20:50:48    -1236.295747        1.9719
BFGS:  330 20:50:48    -1236.295753        1.9811
BFGS:  331 20:50:48    -1236.295756        1.9851
BFGS:  332 20:50:48    -1236.295770        1.9954
BFGS:  333 20:50:48    -1236.295794        2.0053
BFGS:  334 20:50:48    -1236.295861        2.0207
BFGS:  335 20:50:48    -1236.296027        2.0418
BFGS:  336 20:50:48    -1236.296465        2.0734
BFGS:  337 20:50:48    -1236.297593        2.1195
BFGS:  338 20:50:48    -1236.300490        2.1852
BFGS:  339 20:50:48    -1236.307613        2.2649
BFGS:  340 20:50:48    -1236.323473        2.3171
BFGS:  341 20:50:48    -1236.351804        2.2069
BFGS:  342 20:50:48    -1236.386619        2.3362
BFGS:  343 20:50:48    -1236.405995        2.3419
BFGS:  344 20:50:48    -1236.408783        1.9917
BFGS:  345 20:50:48    -1236.409237        1.8804
BFGS:  346 20:50:48    -1236.409475        1.7926
BFGS:  347 20:50:48    -1236.409561        1.7833
BFGS:  348 20:50:48    -1236.409626        1.7851
BFGS:  349 20:50:48    -1236.409641        1.7946
BFGS:  350 20:50:48    -1236.409729        1.8377
BFGS:  351 20:50:48    -1236.409875        1.8873
BFGS:  352 20:50:48    -1236.410312        1.9764
BFGS:  353 20:50:48    -1236.411365        2.1036
BFGS:  354 20:50:48    -1236.414082        2.2781
BFGS:  355 20:50:48    -1236.420533        2.4591
BFGS:  356 20:50:48    -1236.434196        2.4812
BFGS:  357 20:50:48    -1236.455931        2.0127
BFGS:  358 20:50:48    -1236.476307        0.9830
BFGS:  359 20:50:48    -1236.483887        0.2893
BFGS:  360 20:50:48    -1236.484718        0.0349
