      Step     Time          Energy         fmax
BFGS:    0 20:52:15     -734.926467       60.4091
BFGS:    1 20:52:15     -752.712784       67.9415
BFGS:    2 20:52:15     -770.107213       74.4219
BFGS:    3 20:52:15     -783.548488       75.7625
BFGS:    4 20:52:15     -796.194889       75.3462
BFGS:    5 20:52:15     -809.737068       79.3153
BFGS:    6 20:52:16     -821.390994       85.4065
BFGS:    7 20:52:16     -829.788363       87.8141
BFGS:    8 20:52:16     -838.371599       91.1978
BFGS:    9 20:52:16     -846.236504       95.8713
BFGS:   10 20:52:16     -853.953927      100.4780
BFGS:   11 20:52:16     -862.392794      103.8740
BFGS:   12 20:52:16     -869.453746      106.9960
BFGS:   13 20:52:16     -876.441035      107.7469
BFGS:   14 20:52:16     -883.955411      108.1622
BFGS:   15 20:52:16     -892.284576      105.4448
BFGS:   16 20:52:16     -901.025883      102.7682
BFGS:   17 20:52:16     -909.544293      100.1682
BFGS:   18 20:52:16     -917.146517      106.8892
BFGS:   19 20:52:16     -924.513741      107.5473
BFGS:   20 20:52:16     -931.755837      105.3648
BFGS:   21 20:52:16     -939.271553      107.2056
BFGS:   22 20:52:16     -945.805881       99.6644
BFGS:   23 20:52:16     -952.394899      100.2471
BFGS:   24 20:52:16     -958.390309       98.9001
BFGS:   25 20:52:16     -964.210884       93.8338
BFGS:   26 20:52:16     -969.846532       91.5681
BFGS:   27 20:52:16     -976.174511       87.3502
BFGS:   28 20:52:17     -981.626629       82.7102
BFGS:   29 20:52:17     -986.586938       78.0841
BFGS:   30 20:52:17     -990.997857       73.1216
BFGS:   31 20:52:17     -997.176655       66.8772
BFGS:   32 20:52:17    -1002.919370       60.8369
BFGS:   33 20:52:17    -1008.769410       56.5640
BFGS:   34 20:52:17    -1013.576180       53.9217
BFGS:   35 20:52:17    -1017.987126       47.9247
BFGS:   36 20:52:17    -1022.304048       42.1496
BFGS:   37 20:52:17    -1025.816631       35.4428
BFGS:   38 20:52:17    -1028.657069       33.8817
BFGS:   39 20:52:17    -1031.586687       36.6614
BFGS:   40 20:52:17    -1034.186830       37.6486
BFGS:   41 20:52:17    -1036.838609       34.5204
BFGS:   42 20:52:17    -1039.488162       33.7634
BFGS:   43 20:52:17    -1041.626165       33.8426
BFGS:   44 20:52:17    -1043.574074       31.9681
BFGS:   45 20:52:17    -1045.551983       29.5587
BFGS:   46 20:52:17    -1048.023023       28.4391
BFGS:   47 20:52:17    -1050.836271       28.2588
BFGS:   48 20:52:17    -1053.405450       24.2489
BFGS:   49 20:52:17    -1055.776093       19.4705
BFGS:   50 20:52:17    -1057.731086       17.2394
BFGS:   51 20:52:17    -1059.458036       17.8792
BFGS:   52 20:52:18    -1060.899620       17.8106
BFGS:   53 20:52:18    -1062.108569       15.3861
BFGS:   54 20:52:18    -1063.039929       12.6122
BFGS:   55 20:52:18    -1063.685229       11.6101
BFGS:   56 20:52:18    -1064.272180       12.0118
BFGS:   57 20:52:18    -1064.830883       11.0743
BFGS:   58 20:52:18    -1065.203560       11.2308
BFGS:   59 20:52:18    -1065.397272       10.4472
BFGS:   60 20:52:18    -1065.612546       11.2741
BFGS:   61 20:52:18    -1065.794610        8.9501
BFGS:   62 20:52:18    -1065.982411        7.9874
BFGS:   63 20:52:18    -1066.142076        9.9222
BFGS:   64 20:52:18    -1066.362843       11.9142
BFGS:   65 20:52:18    -1066.568431       11.0416
BFGS:   66 20:52:18    -1066.758166       11.9944
BFGS:   67 20:52:18    -1066.734029       21.6203
BFGS:   68 20:52:18    -1067.171697       12.2817
BFGS:   69 20:52:18    -1067.360422       11.3273
BFGS:   70 20:52:18    -1067.654536       10.0794
BFGS:   71 20:52:18    -1067.761273       11.2416
BFGS:   72 20:52:18    -1067.824358       10.2965
BFGS:   73 20:52:18    -1067.877132        9.3192
BFGS:   74 20:52:18    -1067.929258        9.8839
BFGS:   75 20:52:18    -1068.024925       10.1131
BFGS:   76 20:52:19    -1068.112970       10.1880
BFGS:   77 20:52:19    -1068.279694        9.0954
BFGS:   78 20:52:19    -1068.536935        7.9293
BFGS:   79 20:52:19    -1068.884873        8.0688
BFGS:   80 20:52:19    -1069.262376        9.9058
BFGS:   81 20:52:19    -1069.648225       13.0434
BFGS:   82 20:52:19    -1070.130166       18.1641
BFGS:   83 20:52:19    -1070.317561       16.0885
BFGS:   84 20:52:19    -1070.542914       12.5119
BFGS:   85 20:52:19    -1071.096699        8.7607
BFGS:   86 20:52:19    -1071.422773        6.9688
BFGS:   87 20:52:19    -1071.636316        4.9084
BFGS:   88 20:52:19    -1071.704118        4.5879
BFGS:   89 20:52:19    -1071.756852        6.1779
BFGS:   90 20:52:19    -1071.797355        7.6223
BFGS:   91 20:52:19    -1071.856692        8.2351
BFGS:   92 20:52:19    -1071.946202        9.0342
BFGS:   93 20:52:19    -1072.035878        8.5275
BFGS:   94 20:52:19    -1072.126467        7.7280
BFGS:   95 20:52:19    -1072.197950        6.8239
BFGS:   96 20:52:19    -1072.267657        6.1851
BFGS:   97 20:52:19    -1072.327119        5.5437
BFGS:   98 20:52:19    -1072.374646        4.9989
BFGS:   99 20:52:19    -1072.403494        4.6935
BFGS:  100 20:52:20    -1072.420722        4.3245
BFGS:  101 20:52:20    -1072.433484        3.8496
BFGS:  102 20:52:20    -1072.449676        3.7659
BFGS:  103 20:52:20    -1072.467388        3.7820
BFGS:  104 20:52:20    -1072.486458        3.9054
BFGS:  105 20:52:20    -1072.499291        3.7490
BFGS:  106 20:52:20    -1072.513062        3.5901
BFGS:  107 20:52:20    -1072.536236        3.4920
BFGS:  108 20:52:20    -1072.574532        3.0142
BFGS:  109 20:52:20    -1072.628280        1.9238
BFGS:  110 20:52:20    -1072.678981        1.7409
BFGS:  111 20:52:20    -1072.718032        1.5594
BFGS:  112 20:52:20    -1072.736413        1.3058
BFGS:  113 20:52:20    -1072.747774        1.1035
BFGS:  114 20:52:20    -1072.749642        1.1593
BFGS:  115 20:52:20    -1072.751069        1.2221
BFGS:  116 20:52:20    -1072.751890        1.2392
BFGS:  117 20:52:20    -1072.753595        1.2707
BFGS:  118 20:52:20    -1072.755239        1.2123
BFGS:  119 20:52:20    -1072.757940        1.1213
BFGS:  120 20:52:20    -1072.759393        0.9970
BFGS:  121 20:52:20    -1072.760231        0.9337
BFGS:  122 20:52:20    -1072.760679        0.8847
BFGS:  123 20:52:20    -1072.761218        0.8602
BFGS:  124 20:52:21    -1072.761877        0.8438
BFGS:  125 20:52:21    -1072.763133        0.8301
BFGS:  126 20:52:21    -1072.765193        0.8632
BFGS:  127 20:52:21    -1072.767986        0.9563
BFGS:  128 20:52:21    -1072.770017        0.9604
BFGS:  129 20:52:21    -1072.770919        0.9207
BFGS:  130 20:52:21    -1072.771201        0.8942
BFGS:  131 20:52:21    -1072.771338        0.8917
BFGS:  132 20:52:21    -1072.771394        0.9023
BFGS:  133 20:52:21    -1072.771457        0.9348
BFGS:  134 20:52:21    -1072.771475        0.9448
BFGS:  135 20:52:21    -1072.771623        1.0067
BFGS:  136 20:52:21    -1072.771866        1.0630
BFGS:  137 20:52:21    -1072.772585        1.1428
BFGS:  138 20:52:21    -1072.774067        1.1783
BFGS:  139 20:52:21    -1072.776872        1.0501
BFGS:  140 20:52:21    -1072.780016        0.6525
BFGS:  141 20:52:21    -1072.781652        0.2166
BFGS:  142 20:52:21    -1072.781942        0.0973
