      Step     Time          Energy         fmax
BFGS:    0 20:39:27     -950.431837       60.4054
BFGS:    1 20:39:27     -971.078382       44.2285
BFGS:    2 20:39:27     -982.898905       45.6273
BFGS:    3 20:39:27     -991.929361       39.6071
BFGS:    4 20:39:27     -999.590511       38.4295
BFGS:    5 20:39:27    -1005.777665       34.9830
BFGS:    6 20:39:27    -1011.169382       32.7890
BFGS:    7 20:39:27    -1016.850086       30.3847
BFGS:    8 20:39:27    -1021.965514       27.3875
BFGS:    9 20:39:27    -1026.169831       26.3254
BFGS:   10 20:39:27    -1029.766100       24.1724
BFGS:   11 20:39:27    -1032.876787       23.1513
BFGS:   12 20:39:27    -1035.845202       21.4671
BFGS:   13 20:39:27    -1038.721053       20.3990
BFGS:   14 20:39:27    -1041.511003       18.9164
BFGS:   15 20:39:27    -1044.311386       17.6918
BFGS:   16 20:39:27    -1046.761107       17.3565
BFGS:   17 20:39:27    -1049.268503       17.0055
BFGS:   18 20:39:27    -1051.648086       15.9123
BFGS:   19 20:39:27    -1053.950572       14.7104
BFGS:   20 20:39:27    -1056.174373       13.6210
BFGS:   21 20:39:27    -1058.343938       12.6246
BFGS:   22 20:39:27    -1060.435601       11.8406
BFGS:   23 20:39:28    -1062.393715       11.2518
BFGS:   24 20:39:28    -1064.307070       11.1107
BFGS:   25 20:39:28    -1066.182671       11.3113
BFGS:   26 20:39:28    -1067.955146       11.3787
BFGS:   27 20:39:28    -1069.744376       11.0316
BFGS:   28 20:39:28    -1071.434921       10.3203
BFGS:   29 20:39:28    -1072.884794        9.4585
BFGS:   30 20:39:28    -1074.159534        8.6164
BFGS:   31 20:39:28    -1075.314742        7.8068
BFGS:   32 20:39:28    -1076.390958        7.0269
BFGS:   33 20:39:28    -1077.411745        6.2688
BFGS:   34 20:39:28    -1078.393375        5.4923
BFGS:   35 20:39:28    -1079.341277        5.1592
BFGS:   36 20:39:28    -1080.254116        4.9040
BFGS:   37 20:39:28    -1081.078753        4.4760
BFGS:   38 20:39:28    -1081.816272        4.0870
BFGS:   39 20:39:28    -1082.466265        3.5995
BFGS:   40 20:39:28    -1083.013272        3.1766
BFGS:   41 20:39:28    -1083.465592        2.7416
BFGS:   42 20:39:28    -1083.829658        2.5888
BFGS:   43 20:39:28    -1084.119900        2.5784
BFGS:   44 20:39:28    -1084.352229        2.5073
BFGS:   45 20:39:28    -1084.538280        2.4207
BFGS:   46 20:39:28    -1084.689814        2.3124
BFGS:   47 20:39:28    -1084.812749        2.2401
BFGS:   48 20:39:28    -1084.914203        2.0795
BFGS:   49 20:39:28    -1084.997833        1.9585
BFGS:   50 20:39:28    -1085.070178        1.8354
BFGS:   51 20:39:28    -1085.136843        1.6948
BFGS:   52 20:39:28    -1085.206853        1.5178
BFGS:   53 20:39:28    -1085.275977        1.3135
BFGS:   54 20:39:28    -1085.334745        1.1359
BFGS:   55 20:39:28    -1085.388873        1.0144
BFGS:   56 20:39:28    -1085.442119        1.0836
BFGS:   57 20:39:28    -1085.496539        1.5478
BFGS:   58 20:39:28    -1085.550939        1.9943
BFGS:   59 20:39:28    -1085.605062        2.4165
BFGS:   60 20:39:28    -1085.658655        2.8091
BFGS:   61 20:39:28    -1085.711626        3.1695
BFGS:   62 20:39:28    -1085.764251        3.4967
BFGS:   63 20:39:28    -1085.816650        3.7927
BFGS:   64 20:39:28    -1085.868991        4.0492
BFGS:   65 20:39:29    -1085.921647        4.2630
BFGS:   66 20:39:29    -1085.974974        4.4309
BFGS:   67 20:39:29    -1086.030248        4.5474
BFGS:   68 20:39:29    -1086.086633        4.7231
BFGS:   69 20:39:29    -1086.147895        4.8711
BFGS:   70 20:39:29    -1086.215106        4.9749
BFGS:   71 20:39:29    -1086.292110        5.0904
BFGS:   72 20:39:29    -1086.377411        5.2378
BFGS:   73 20:39:29    -1086.462035        5.4489
BFGS:   74 20:39:29    -1086.532859        5.6453
BFGS:   75 20:39:29    -1086.585583        5.9464
BFGS:   76 20:39:29    -1086.631651        6.0104
BFGS:   77 20:39:29    -1086.677013        6.6619
BFGS:   78 20:39:29    -1086.721812        6.1454
BFGS:   79 20:39:29    -1086.765038        5.9521
BFGS:   80 20:39:29    -1086.805450        5.5805
BFGS:   81 20:39:29    -1086.835352        5.5442
BFGS:   82 20:39:29    -1086.862515        5.6152
BFGS:   83 20:39:29    -1086.889372        5.8690
BFGS:   84 20:39:29    -1086.911370        6.0649
BFGS:   85 20:39:29    -1086.930911        6.2394
BFGS:   86 20:39:29    -1086.954856        6.1651
BFGS:   87 20:39:29    -1086.972386        6.1646
BFGS:   88 20:39:29    -1086.990338        5.8947
BFGS:   89 20:39:29    -1087.014573        5.7609
BFGS:   90 20:39:29    -1087.046810        5.5174
BFGS:   91 20:39:29    -1087.085802        5.3844
BFGS:   92 20:39:29    -1087.132323        5.2347
BFGS:   93 20:39:29    -1087.189714        5.0315
BFGS:   94 20:39:29    -1087.338990        5.0534
BFGS:   95 20:39:29    -1087.440010        5.2162
BFGS:   96 20:39:29    -1087.592661        4.0368
BFGS:   97 20:39:29    -1087.790295        4.1484
BFGS:   98 20:39:29    -1087.969417        4.2334
BFGS:   99 20:39:29    -1088.139542        4.2360
BFGS:  100 20:39:29    -1088.301327        4.2158
BFGS:  101 20:39:29    -1088.454064        4.1537
BFGS:  102 20:39:29    -1088.597476        4.0786
BFGS:  103 20:39:29    -1088.731836        3.9730
BFGS:  104 20:39:29    -1088.857717        3.8604
BFGS:  105 20:39:29    -1088.975812        3.7225
BFGS:  106 20:39:29    -1089.086958        3.5824
BFGS:  107 20:39:30    -1089.191777        3.4165
BFGS:  108 20:39:30    -1089.290867        3.2531
BFGS:  109 20:39:30    -1089.384592        3.1111
BFGS:  110 20:39:30    -1089.473395        2.9526
BFGS:  111 20:39:30    -1089.557291        2.7748
BFGS:  112 20:39:30    -1089.636566        2.5730
BFGS:  113 20:39:30    -1089.710900        2.3510
BFGS:  114 20:39:30    -1089.780567        2.1042
BFGS:  115 20:39:30    -1089.844852        1.8396
BFGS:  116 20:39:30    -1089.904242        1.5526
BFGS:  117 20:39:30    -1089.958025        1.2506
BFGS:  118 20:39:30    -1090.007245        0.9841
BFGS:  119 20:39:30    -1090.047965        0.7903
BFGS:  120 20:39:30    -1090.082547        0.7264
BFGS:  121 20:39:30    -1090.107330        0.7218
BFGS:  122 20:39:30    -1090.133243        0.9812
BFGS:  123 20:39:30    -1090.144907        1.1294
BFGS:  124 20:39:30    -1090.153813        1.1542
BFGS:  125 20:39:30    -1090.165286        1.1271
BFGS:  126 20:39:30    -1090.178779        0.9920
BFGS:  127 20:39:30    -1090.187320        0.8614
BFGS:  128 20:39:30    -1090.192438        0.7173
BFGS:  129 20:39:30    -1090.197328        0.6636
BFGS:  130 20:39:30    -1090.205124        0.5911
BFGS:  131 20:39:30    -1090.216436        0.5975
BFGS:  132 20:39:30    -1090.229904        0.6044
BFGS:  133 20:39:30    -1090.243530        0.6742
BFGS:  134 20:39:30    -1090.259253        0.9658
BFGS:  135 20:39:30    -1090.281527        1.2976
BFGS:  136 20:39:30    -1090.315928        1.6313
BFGS:  137 20:39:30    -1090.361227        1.8649
BFGS:  138 20:39:30    -1090.422225        1.9949
BFGS:  139 20:39:30    -1090.500902        2.0352
BFGS:  140 20:39:30    -1090.601785        1.9855
BFGS:  141 20:39:30    -1090.720327        1.8923
BFGS:  142 20:39:30    -1090.875777        1.8088
BFGS:  143 20:39:30    -1090.971809        1.7611
BFGS:  144 20:39:30    -1091.095133        1.4415
BFGS:  145 20:39:30    -1091.212832        1.6185
BFGS:  146 20:39:30    -1091.295706        1.6366
BFGS:  147 20:39:30    -1091.359664        1.6134
BFGS:  148 20:39:30    -1091.392946        1.4360
BFGS:  149 20:39:30    -1091.404544        1.3749
BFGS:  150 20:39:31    -1091.418556        1.2106
BFGS:  151 20:39:31    -1091.428142        1.1653
BFGS:  152 20:39:31    -1091.436878        1.1729
BFGS:  153 20:39:31    -1091.444887        1.2926
BFGS:  154 20:39:31    -1091.451270        1.3839
BFGS:  155 20:39:31    -1091.455241        1.4607
BFGS:  156 20:39:31    -1091.458944        1.4007
BFGS:  157 20:39:31    -1091.463396        1.2860
BFGS:  158 20:39:31    -1091.468857        1.1182
BFGS:  159 20:39:31    -1091.476106        0.9616
BFGS:  160 20:39:31    -1091.484034        0.8604
BFGS:  161 20:39:31    -1091.492830        0.7888
BFGS:  162 20:39:31    -1091.502071        0.7234
BFGS:  163 20:39:31    -1091.511553        0.7415
BFGS:  164 20:39:31    -1091.521284        0.7997
BFGS:  165 20:39:31    -1091.532008        0.8805
BFGS:  166 20:39:31    -1091.546368        1.0217
BFGS:  167 20:39:31    -1091.567366        1.1798
BFGS:  168 20:39:31    -1091.587737        1.2104
BFGS:  169 20:39:31    -1091.609673        1.2626
BFGS:  170 20:39:31    -1091.643635        1.4508
BFGS:  171 20:39:31    -1091.670008        1.3559
BFGS:  172 20:39:31    -1091.676366        1.4799
BFGS:  173 20:39:31    -1091.705025        0.9827
BFGS:  174 20:39:31    -1091.718264        1.0003
BFGS:  175 20:39:31    -1091.729398        0.9059
BFGS:  176 20:39:31    -1091.738581        0.8557
BFGS:  177 20:39:31    -1091.748795        0.8745
BFGS:  178 20:39:31    -1091.756168        0.8780
BFGS:  179 20:39:31    -1091.762057        0.9339
BFGS:  180 20:39:31    -1091.766042        0.9953
BFGS:  181 20:39:31    -1091.769204        1.0322
BFGS:  182 20:39:31    -1091.773078        1.0913
BFGS:  183 20:39:31    -1091.776873        1.1232
BFGS:  184 20:39:31    -1091.780409        1.1471
BFGS:  185 20:39:31    -1091.783425        1.1548
BFGS:  186 20:39:31    -1091.786558        1.1700
BFGS:  187 20:39:31    -1091.790455        1.1801
BFGS:  188 20:39:31    -1091.795261        1.1880
BFGS:  189 20:39:31    -1091.800536        1.1854
BFGS:  190 20:39:31    -1091.805910        1.1868
BFGS:  191 20:39:32    -1091.811514        1.1973
BFGS:  192 20:39:32    -1091.815384        1.2283
BFGS:  193 20:39:32    -1091.817877        1.2736
BFGS:  194 20:39:32    -1091.819446        1.3524
BFGS:  195 20:39:32    -1091.820132        1.3517
BFGS:  196 20:39:32    -1091.820996        1.3495
BFGS:  197 20:39:32    -1091.822869        1.3410
BFGS:  198 20:39:32    -1091.824782        1.3030
BFGS:  199 20:39:32    -1091.829732        1.1872
BFGS:  200 20:39:32    -1091.836650        1.0262
BFGS:  201 20:39:32    -1091.843904        0.8682
BFGS:  202 20:39:32    -1091.851285        0.7199
BFGS:  203 20:39:32    -1091.858608        0.5797
BFGS:  204 20:39:32    -1091.864974        0.4626
BFGS:  205 20:39:32    -1091.870458        0.3782
BFGS:  206 20:39:32    -1091.873558        0.4253
BFGS:  207 20:39:32    -1091.874774        0.5702
BFGS:  208 20:39:32    -1091.875676        0.5685
BFGS:  209 20:39:32    -1091.876949        0.5470
BFGS:  210 20:39:32    -1091.878856        0.5361
BFGS:  211 20:39:32    -1091.880040        0.5426
BFGS:  212 20:39:32    -1091.881643        0.5730
BFGS:  213 20:39:32    -1091.882996        0.5982
BFGS:  214 20:39:32    -1091.884115        0.6108
BFGS:  215 20:39:32    -1091.885090        0.5987
BFGS:  216 20:39:32    -1091.886454        0.5596
BFGS:  217 20:39:32    -1091.889535        0.4945
BFGS:  218 20:39:32    -1091.898685        0.4169
BFGS:  219 20:39:32    -1091.909552        0.3548
BFGS:  220 20:39:32    -1091.912213        0.3617
BFGS:  221 20:39:32    -1091.916812        0.3799
BFGS:  222 20:39:32    -1091.919877        0.4232
BFGS:  223 20:39:32    -1091.922002        0.4789
BFGS:  224 20:39:32    -1091.923561        0.4892
BFGS:  225 20:39:32    -1091.924334        0.4854
BFGS:  226 20:39:32    -1091.924510        0.4742
BFGS:  227 20:39:32    -1091.924683        0.4695
BFGS:  228 20:39:32    -1091.924814        0.4713
BFGS:  229 20:39:32    -1091.924925        0.4810
BFGS:  230 20:39:32    -1091.925001        0.4920
BFGS:  231 20:39:32    -1091.925047        0.4981
BFGS:  232 20:39:33    -1091.925078        0.5007
BFGS:  233 20:39:33    -1091.925098        0.5006
BFGS:  234 20:39:33    -1091.925109        0.5004
BFGS:  235 20:39:33    -1091.925116        0.5008
BFGS:  236 20:39:33    -1091.925121        0.5022
BFGS:  237 20:39:33    -1091.925126        0.5040
BFGS:  238 20:39:33    -1091.925129        0.5056
BFGS:  239 20:39:33    -1091.925132        0.5058
BFGS:  240 20:39:33    -1091.925134        0.5046
BFGS:  241 20:39:33    -1091.925135        0.5028
BFGS:  242 20:39:33    -1091.925135        0.5008
      Step     Time          Energy         fmax
BFGS:    0 20:39:33    -1091.925135        0.5008
BFGS:    1 20:39:33    -1091.932089        0.3889
BFGS:    2 20:39:33    -1091.941237        0.2960
BFGS:    3 20:39:33    -1091.964758        0.3775
BFGS:    4 20:39:33    -1091.978532        0.9837
BFGS:    5 20:39:33    -1091.995924        0.4348
BFGS:    6 20:39:33    -1092.017396        0.4165
BFGS:    7 20:39:33    -1092.039394        0.6059
BFGS:    8 20:39:33    -1092.057484        0.3534
BFGS:    9 20:39:33    -1092.071993        0.3310
BFGS:   10 20:39:33    -1092.082637        0.3088
BFGS:   11 20:39:33    -1092.090436        0.2264
BFGS:   12 20:39:33    -1092.096733        0.1700
BFGS:   13 20:39:33    -1092.100019        0.1530
BFGS:   14 20:39:33    -1092.102080        0.1344
BFGS:   15 20:39:33    -1092.103881        0.1254
BFGS:   16 20:39:33    -1092.105604        0.1230
BFGS:   17 20:39:33    -1092.107204        0.1157
BFGS:   18 20:39:33    -1092.109252        0.1028
BFGS:   19 20:39:33    -1092.112049        0.1526
BFGS:   20 20:39:33    -1092.115316        0.1465
BFGS:   21 20:39:33    -1092.118404        0.1530
BFGS:   22 20:39:33    -1092.121110        0.1258
BFGS:   23 20:39:33    -1092.123981        0.1380
BFGS:   24 20:39:33    -1092.127209        0.1664
BFGS:   25 20:39:33    -1092.129857        0.1309
BFGS:   26 20:39:33    -1092.131167        0.0916
