      Step     Time          Energy         fmax
BFGS:    0 20:39:59     -687.442470       93.2130
BFGS:    1 20:39:59     -720.930353      110.6115
BFGS:    2 20:39:59     -736.576153      110.0487
BFGS:    3 20:39:59     -747.674844      110.0317
BFGS:    4 20:39:59     -759.248641      106.4980
BFGS:    5 20:39:59     -773.177441       96.8795
BFGS:    6 20:39:59     -788.158280       91.5178
BFGS:    7 20:40:00     -801.153654       92.9048
BFGS:    8 20:40:00     -814.020260      102.3513
BFGS:    9 20:40:00     -823.839233      104.4115
BFGS:   10 20:40:00     -835.291390      105.8748
BFGS:   11 20:40:00     -846.783566      106.8425
BFGS:   12 20:40:00     -857.948290      106.9882
BFGS:   13 20:40:00     -869.129806      107.1684
BFGS:   14 20:40:00     -881.051097      108.6023
BFGS:   15 20:40:00     -893.125921      111.0617
BFGS:   16 20:40:00     -905.809881      116.3885
BFGS:   17 20:40:00     -917.620356      122.0663
BFGS:   18 20:40:00     -927.905506      129.5799
BFGS:   19 20:40:00     -937.024245      136.2075
BFGS:   20 20:40:00     -946.133003      149.3185
BFGS:   21 20:40:00     -955.535180      171.4172
BFGS:   22 20:40:00     -965.350961      195.9118
BFGS:   23 20:40:00     -975.485480      232.9254
BFGS:   24 20:40:00     -983.393021      271.8060
BFGS:   25 20:40:00     -990.857477      316.2321
BFGS:   26 20:40:00    -1000.682760      364.8456
BFGS:   27 20:40:00    -1010.468738      404.8371
BFGS:   28 20:40:00    -1019.960620      432.3846
BFGS:   29 20:40:00    -1029.555491      442.4823
BFGS:   30 20:40:01    -1039.145882      400.1430
BFGS:   31 20:40:01    -1046.878682      168.6070
BFGS:   32 20:40:01    -1045.700933      374.1228
BFGS:   33 20:40:01    -1047.023674      210.3577
BFGS:   34 20:40:01    -1048.842687       17.2678
BFGS:   35 20:40:01    -1049.254560       12.4012
BFGS:   36 20:40:01    -1049.650172       13.2578
BFGS:   37 20:40:01    -1049.987286       12.2278
BFGS:   38 20:40:01    -1050.274598       11.3484
BFGS:   39 20:40:01    -1050.524419       10.5344
BFGS:   40 20:40:01    -1050.747003        9.6732
BFGS:   41 20:40:01    -1050.950297        8.6158
BFGS:   42 20:40:01    -1051.140121        7.2669
BFGS:   43 20:40:01    -1051.304026        5.7460
BFGS:   44 20:40:01    -1051.453163        4.2697
BFGS:   45 20:40:01    -1051.593943        2.9251
BFGS:   46 20:40:01    -1051.729523        2.1663
BFGS:   47 20:40:01    -1051.860297        1.9189
BFGS:   48 20:40:01    -1051.985954        1.6586
BFGS:   49 20:40:01    -1052.105690        1.6366
BFGS:   50 20:40:01    -1052.220214        1.6803
BFGS:   51 20:40:01    -1052.336655        1.7688
BFGS:   52 20:40:01    -1052.471407        2.3592
BFGS:   53 20:40:01    -1052.623272        5.9664
BFGS:   54 20:40:02    -1052.770240        9.0792
BFGS:   55 20:40:02    -1052.910011       10.3530
BFGS:   56 20:40:02    -1053.056800       10.6398
BFGS:   57 20:40:02    -1053.221611       10.6891
BFGS:   58 20:40:02    -1053.411447       10.9869
BFGS:   59 20:40:02    -1053.631086       11.7215
BFGS:   60 20:40:02    -1053.871420       12.4349
BFGS:   61 20:40:02    -1054.130359       12.7496
BFGS:   62 20:40:02    -1054.433574       14.5248
BFGS:   63 20:40:02    -1054.843191       18.5330
BFGS:   64 20:40:02    -1055.215538       24.4465
BFGS:   65 20:40:02    -1055.640749       28.9679
BFGS:   66 20:40:02    -1056.018251       32.8360
BFGS:   67 20:40:02    -1056.365324       33.5921
BFGS:   68 20:40:02    -1056.755247       36.0082
BFGS:   69 20:40:02    -1057.091032       37.1433
BFGS:   70 20:40:02    -1057.438736       36.1596
BFGS:   71 20:40:02    -1057.859379       36.0640
BFGS:   72 20:40:02    -1058.233327       34.4945
BFGS:   73 20:40:02    -1058.592186       33.0972
BFGS:   74 20:40:02    -1058.923169       30.6434
BFGS:   75 20:40:02    -1059.199258       28.1872
BFGS:   76 20:40:02    -1059.450147       24.9553
BFGS:   77 20:40:02    -1059.676473       22.3195
BFGS:   78 20:40:02    -1059.906209       19.6109
BFGS:   79 20:40:02    -1060.140094       17.0835
BFGS:   80 20:40:03    -1060.419479       14.0128
BFGS:   81 20:40:03    -1060.777036       12.9575
BFGS:   82 20:40:03    -1061.169433       12.7296
BFGS:   83 20:40:03    -1061.543290       12.6546
BFGS:   84 20:40:03    -1061.975029       13.6828
BFGS:   85 20:40:03    -1062.410414       14.3413
BFGS:   86 20:40:03    -1062.820740       15.3570
BFGS:   87 20:40:03    -1063.201362       16.3670
BFGS:   88 20:40:03    -1063.566616       16.8449
BFGS:   89 20:40:03    -1063.919627       17.4712
BFGS:   90 20:40:03    -1064.293479       17.5797
BFGS:   91 20:40:03    -1064.853371       17.4772
BFGS:   92 20:40:03    -1065.352652       16.8509
BFGS:   93 20:40:03    -1066.334343       16.1214
BFGS:   94 20:40:03    -1067.292887       14.8481
BFGS:   95 20:40:03    -1068.112317       13.1256
BFGS:   96 20:40:03    -1068.829597       11.9661
BFGS:   97 20:40:03    -1069.501968       11.7821
BFGS:   98 20:40:03    -1070.113926       12.3279
BFGS:   99 20:40:03    -1070.725853       13.3147
BFGS:  100 20:40:03    -1071.308439       12.6011
BFGS:  101 20:40:03    -1071.894847       12.4132
BFGS:  102 20:40:03    -1072.373776       12.6394
BFGS:  103 20:40:03    -1072.862776       14.3531
BFGS:  104 20:40:03    -1073.370561       14.8941
BFGS:  105 20:40:03    -1073.893814       16.4433
BFGS:  106 20:40:03    -1074.446573       18.1825
BFGS:  107 20:40:04    -1074.999223       19.3621
BFGS:  108 20:40:04    -1075.518846       19.8899
BFGS:  109 20:40:04    -1076.104971       18.8897
BFGS:  110 20:40:04    -1076.702702       14.8324
BFGS:  111 20:40:04    -1077.324534       11.8881
BFGS:  112 20:40:04    -1077.903004        9.6062
BFGS:  113 20:40:04    -1078.285960        8.9334
BFGS:  114 20:40:04    -1078.725626        8.6450
BFGS:  115 20:40:04    -1079.261195       11.6342
BFGS:  116 20:40:04    -1080.212205       14.1136
BFGS:  117 20:40:04    -1081.073663       12.2029
BFGS:  118 20:40:04    -1081.908439        9.2840
BFGS:  119 20:40:04    -1082.666891        8.4075
BFGS:  120 20:40:04    -1083.491004        8.0745
BFGS:  121 20:40:04    -1084.085549        8.0036
BFGS:  122 20:40:04    -1084.702377        7.2311
BFGS:  123 20:40:04    -1085.192670        5.6612
BFGS:  124 20:40:04    -1085.668670        6.6268
BFGS:  125 20:40:04    -1085.994852        6.5670
BFGS:  126 20:40:04    -1086.210649        6.3273
BFGS:  127 20:40:04    -1086.339125        6.3141
BFGS:  128 20:40:04    -1086.462096        6.2830
BFGS:  129 20:40:04    -1086.578876        6.6679
BFGS:  130 20:40:04    -1086.691700        6.9355
BFGS:  131 20:40:04    -1086.802035        7.3257
BFGS:  132 20:40:04    -1086.916872        7.9638
BFGS:  133 20:40:04    -1087.040175        8.2555
BFGS:  134 20:40:04    -1087.178999        8.1666
BFGS:  135 20:40:05    -1087.340040        8.3249
BFGS:  136 20:40:05    -1087.530759        8.5605
BFGS:  137 20:40:05    -1087.748087        8.4952
BFGS:  138 20:40:05    -1087.989898        8.2005
BFGS:  139 20:40:05    -1088.236790        9.0809
BFGS:  140 20:40:05    -1088.458524       10.2669
BFGS:  141 20:40:05    -1088.630470       10.2878
BFGS:  142 20:40:05    -1088.790346        9.5118
BFGS:  143 20:40:05    -1088.958860        8.2008
BFGS:  144 20:40:05    -1089.104577        6.8155
BFGS:  145 20:40:05    -1089.260627        5.8183
BFGS:  146 20:40:05    -1089.464452        5.4638
BFGS:  147 20:40:05    -1089.664839        5.2168
BFGS:  148 20:40:05    -1089.939839        5.5361
BFGS:  149 20:40:05    -1090.193144        7.5734
BFGS:  150 20:40:05    -1090.456467        8.1331
BFGS:  151 20:40:05    -1090.693236        9.1860
BFGS:  152 20:40:05    -1090.973180        8.1340
BFGS:  153 20:40:05    -1091.194831        7.0987
BFGS:  154 20:40:05    -1091.473385        4.6343
BFGS:  155 20:40:05    -1091.582306        4.5408
BFGS:  156 20:40:05    -1091.686313        4.7391
BFGS:  157 20:40:05    -1091.744182        6.3343
BFGS:  158 20:40:05    -1091.795507        6.4597
BFGS:  159 20:40:05    -1091.857669        6.0824
BFGS:  160 20:40:05    -1091.895894        4.0496
BFGS:  161 20:40:05    -1091.920192        3.2711
BFGS:  162 20:40:05    -1091.937475        2.9652
BFGS:  163 20:40:05    -1091.962454        2.3493
BFGS:  164 20:40:06    -1091.991527        2.0609
BFGS:  165 20:40:06    -1092.038609        2.7204
BFGS:  166 20:40:06    -1092.088870        4.0992
BFGS:  167 20:40:06    -1092.142750        6.1005
BFGS:  168 20:40:06    -1092.201217        8.1748
BFGS:  169 20:40:06    -1092.282411        9.8880
BFGS:  170 20:40:06    -1092.356991       10.1639
BFGS:  171 20:40:06    -1092.487032       14.3310
BFGS:  172 20:40:06    -1092.660575       15.9443
BFGS:  173 20:40:06    -1092.902432       16.5539
BFGS:  174 20:40:06    -1093.263033       13.7444
BFGS:  175 20:40:06    -1093.562812       11.8949
BFGS:  176 20:40:06    -1093.748671        5.8587
BFGS:  177 20:40:06    -1093.829282        7.8931
BFGS:  178 20:40:06    -1093.874915        7.6846
BFGS:  179 20:40:06    -1093.935577        6.7094
BFGS:  180 20:40:06    -1093.984933        6.2406
BFGS:  181 20:40:06    -1094.030504        6.1492
BFGS:  182 20:40:06    -1094.069197        6.5610
BFGS:  183 20:40:06    -1094.106659        6.6103
BFGS:  184 20:40:06    -1094.174324        6.6475
BFGS:  185 20:40:06    -1094.216565        6.6270
BFGS:  186 20:40:06    -1094.266325        6.5417
BFGS:  187 20:40:06    -1094.302787        6.7223
BFGS:  188 20:40:06    -1094.379789        6.9480
BFGS:  189 20:40:06    -1094.426677        6.9487
BFGS:  190 20:40:06    -1094.469992        6.8113
BFGS:  191 20:40:06    -1094.509711        6.6551
BFGS:  192 20:40:06    -1094.545550        6.4919
BFGS:  193 20:40:07    -1094.579102        6.3277
BFGS:  194 20:40:07    -1094.611192        6.1648
BFGS:  195 20:40:07    -1094.643164        6.0079
BFGS:  196 20:40:07    -1094.676159        5.8821
BFGS:  197 20:40:07    -1094.712634        5.7960
BFGS:  198 20:40:07    -1094.751213        5.7851
BFGS:  199 20:40:07    -1094.796876        5.6063
BFGS:  200 20:40:07    -1094.845136        5.4444
BFGS:  201 20:40:07    -1094.904515        5.1592
BFGS:  202 20:40:07    -1094.967835        6.0915
BFGS:  203 20:40:07    -1095.016572        6.6782
BFGS:  204 20:40:07    -1095.066465        7.6691
BFGS:  205 20:40:07    -1095.108544        8.4987
BFGS:  206 20:40:07    -1095.145572        8.8072
BFGS:  207 20:40:07    -1095.189485        8.5822
BFGS:  208 20:40:07    -1095.225950        7.9191
BFGS:  209 20:40:07    -1095.256089        7.4566
BFGS:  210 20:40:07    -1095.283569        7.0758
BFGS:  211 20:40:07    -1095.312220        6.6841
BFGS:  212 20:40:07    -1095.339927        6.2280
BFGS:  213 20:40:07    -1095.368291        5.8246
BFGS:  214 20:40:07    -1095.395261        5.3268
BFGS:  215 20:40:07    -1095.422081        5.3245
BFGS:  216 20:40:07    -1095.445529        5.3246
BFGS:  217 20:40:07    -1095.462414        5.6128
BFGS:  218 20:40:07    -1095.473401        5.8933
BFGS:  219 20:40:07    -1095.481354        6.3534
BFGS:  220 20:40:07    -1095.487439        6.6909
BFGS:  221 20:40:07    -1095.494589        7.1241
BFGS:  222 20:40:08    -1095.501454        7.3005
BFGS:  223 20:40:08    -1095.510965        7.3202
BFGS:  224 20:40:08    -1095.521220        7.0640
BFGS:  225 20:40:08    -1095.535273        6.5940
BFGS:  226 20:40:08    -1095.551952        6.0241
BFGS:  227 20:40:08    -1095.570870        5.5536
BFGS:  228 20:40:08    -1095.588677        5.3742
BFGS:  229 20:40:08    -1095.608715        5.4285
BFGS:  230 20:40:08    -1095.633063        5.5319
BFGS:  231 20:40:08    -1095.667288        5.6745
BFGS:  232 20:40:08    -1095.703612        5.2989
BFGS:  233 20:40:08    -1095.740445        4.9565
BFGS:  234 20:40:08    -1095.779615        4.8529
BFGS:  235 20:40:08    -1095.810231        5.1399
BFGS:  236 20:40:08    -1095.829458        5.2975
BFGS:  237 20:40:08    -1095.843223        5.2860
BFGS:  238 20:40:08    -1095.849778        5.2560
BFGS:  239 20:40:08    -1095.857102        5.2731
BFGS:  240 20:40:08    -1095.840106        5.6205
BFGS:  241 20:40:08    -1095.868098        5.2872
BFGS:  242 20:40:08    -1095.872226        5.2452
BFGS:  243 20:40:08    -1095.883780        5.1956
BFGS:  244 20:40:08    -1095.887891        5.0356
BFGS:  245 20:40:08    -1095.898119        5.1152
BFGS:  246 20:40:08    -1095.921300        5.5226
BFGS:  247 20:40:08    -1095.998609        4.5305
BFGS:  248 20:40:08    -1096.024834        5.4697
BFGS:  249 20:40:08    -1096.072978        7.5284
BFGS:  250 20:40:08    -1096.305378        6.0564
BFGS:  251 20:40:08    -1096.478114        6.8267
BFGS:  252 20:40:08    -1096.583577        4.8621
BFGS:  253 20:40:09    -1096.618744        4.2745
BFGS:  254 20:40:09    -1096.646365        4.3982
BFGS:  255 20:40:09    -1096.678869        5.6613
BFGS:  256 20:40:09    -1096.710974        6.6193
BFGS:  257 20:40:09    -1096.744785        7.1514
BFGS:  258 20:40:09    -1096.768945        6.6237
BFGS:  259 20:40:09    -1096.789964        5.4272
BFGS:  260 20:40:09    -1096.803630        5.0328
BFGS:  261 20:40:09    -1096.829189        4.6215
BFGS:  262 20:40:09    -1096.854978        4.4192
BFGS:  263 20:40:09    -1096.888851        4.5336
BFGS:  264 20:40:09    -1096.934505        4.6978
BFGS:  265 20:40:09    -1096.986224        4.7519
BFGS:  266 20:40:09    -1097.032953        4.5185
BFGS:  267 20:40:09    -1097.069656        3.8348
BFGS:  268 20:40:09    -1097.092168        3.7387
BFGS:  269 20:40:09    -1097.104081        4.0240
BFGS:  270 20:40:09    -1097.114339        4.2673
BFGS:  271 20:40:09    -1097.119094        4.2516
BFGS:  272 20:40:09    -1097.129299        4.2503
BFGS:  273 20:40:09    -1097.114306        4.2892
BFGS:  274 20:40:09    -1097.142965        4.2138
BFGS:  275 20:40:09    -1097.151222        4.1942
BFGS:  276 20:40:09    -1097.154068        4.1531
BFGS:  277 20:40:09    -1097.156535        4.1712
BFGS:  278 20:40:09    -1097.157720        4.2539
BFGS:  279 20:40:09    -1097.158196        4.2821
BFGS:  280 20:40:09    -1097.158474        4.3023
BFGS:  281 20:40:09    -1097.158619        4.3008
BFGS:  282 20:40:09    -1097.158697        4.2970
BFGS:  283 20:40:10    -1097.158736        4.2917
BFGS:  284 20:40:10    -1097.158761        4.2846
BFGS:  285 20:40:10    -1097.158769        4.2841
BFGS:  286 20:40:10    -1097.158792        4.2775
BFGS:  287 20:40:10    -1097.158803        4.2782
BFGS:  288 20:40:10    -1097.158843        4.2851
BFGS:  289 20:40:10    -1097.158910        4.2940
BFGS:  290 20:40:10    -1097.159083        4.3140
BFGS:  291 20:40:10    -1097.159453        4.3460
BFGS:  292 20:40:10    -1097.160310        4.4001
BFGS:  293 20:40:10    -1097.162155        4.4769
BFGS:  294 20:40:10    -1097.166238        4.5786
BFGS:  295 20:40:10    -1097.175188        4.6873
BFGS:  296 20:40:10    -1097.195154        4.7534
BFGS:  297 20:40:10    -1097.238104        4.6431
BFGS:  298 20:40:10    -1097.321108        4.1080
BFGS:  299 20:40:10    -1097.425732        3.5527
BFGS:  300 20:40:10    -1097.501143        2.7233
BFGS:  301 20:40:10    -1097.557475        1.5659
BFGS:  302 20:40:10    -1097.589559        0.8086
BFGS:  303 20:40:10    -1097.598846        0.7832
BFGS:  304 20:40:10    -1097.634946        1.0471
BFGS:  305 20:40:10    -1097.698848        1.4267
BFGS:  306 20:40:10    -1097.787396        1.9335
BFGS:  307 20:40:10    -1097.870543        2.6297
BFGS:  308 20:40:10    -1097.942166        2.6965
BFGS:  309 20:40:10    -1098.011388        2.0011
BFGS:  310 20:40:10    -1098.064052        1.9037
BFGS:  311 20:40:10    -1098.077192        1.7646
BFGS:  312 20:40:10    -1098.089693        1.7005
BFGS:  313 20:40:10    -1098.096998        1.7546
BFGS:  314 20:40:11    -1098.103891        1.8130
BFGS:  315 20:40:11    -1098.109226        2.0138
BFGS:  316 20:40:11    -1098.113750        2.0791
BFGS:  317 20:40:11    -1098.116699        2.1658
BFGS:  318 20:40:11    -1098.118455        2.1717
BFGS:  319 20:40:11    -1098.120858        2.1603
BFGS:  320 20:40:11    -1098.125344        2.1620
BFGS:  321 20:40:11    -1098.137092        2.1713
BFGS:  322 20:40:11    -1098.159666        2.1732
BFGS:  323 20:40:11    -1098.186048        2.1644
BFGS:  324 20:40:11    -1098.214338        2.1120
BFGS:  325 20:40:11    -1098.243487        2.0425
BFGS:  326 20:40:11    -1098.271794        1.9382
BFGS:  327 20:40:11    -1098.297544        1.8177
BFGS:  328 20:40:11    -1098.319059        1.6595
BFGS:  329 20:40:11    -1098.334407        1.5517
BFGS:  330 20:40:11    -1098.341807        1.2361
BFGS:  331 20:40:11    -1098.342720        1.2331
BFGS:  332 20:40:11    -1098.343011        1.1868
BFGS:  333 20:40:11    -1098.343179        1.1614
BFGS:  334 20:40:11    -1098.343240        1.1602
BFGS:  335 20:40:11    -1098.343267        1.1570
BFGS:  336 20:40:11    -1098.343284        1.1521
BFGS:  337 20:40:11    -1098.343292        1.1481
BFGS:  338 20:40:11    -1098.343297        1.1435
BFGS:  339 20:40:11    -1098.343299        1.1423
BFGS:  340 20:40:11    -1098.343301        1.1412
BFGS:  341 20:40:11    -1098.343302        1.1410
BFGS:  342 20:40:11    -1098.343307        1.1412
BFGS:  343 20:40:11    -1098.343317        1.1422
BFGS:  344 20:40:12    -1098.343345        1.1438
BFGS:  345 20:40:12    -1098.343418        1.1460
BFGS:  346 20:40:12    -1098.343609        1.1466
BFGS:  347 20:40:12    -1098.344099        1.1396
