      Step     Time          Energy         fmax
BFGS:    0 20:42:19     -923.455546      152.8118
BFGS:    1 20:42:19     -951.715070      119.8230
BFGS:    2 20:42:19     -964.368017      109.9582
BFGS:    3 20:42:19     -975.185288      105.7445
BFGS:    4 20:42:19     -987.206542      109.8192
BFGS:    5 20:42:19    -1001.311846      107.9253
BFGS:    6 20:42:19    -1013.822828      109.0080
BFGS:    7 20:42:19    -1021.915435      104.8835
BFGS:    8 20:42:19    -1031.554458      100.2854
BFGS:    9 20:42:19    -1040.932752       93.8401
BFGS:   10 20:42:19    -1048.169186       86.3073
BFGS:   11 20:42:19    -1054.602818       81.0715
BFGS:   12 20:42:19    -1060.128478       76.0817
BFGS:   13 20:42:20    -1065.260176       71.7709
BFGS:   14 20:42:20    -1070.377861       67.5602
BFGS:   15 20:42:20    -1077.267459       59.2879
BFGS:   16 20:42:20    -1082.102474       50.2382
BFGS:   17 20:42:20    -1088.076275       43.2297
BFGS:   18 20:42:20    -1092.630913       36.3690
BFGS:   19 20:42:20    -1095.909664       31.4207
BFGS:   20 20:42:20    -1098.728372       28.3752
BFGS:   21 20:42:20    -1101.067157       25.6842
BFGS:   22 20:42:20    -1103.280534       23.1434
BFGS:   23 20:42:20    -1105.798227       20.4750
BFGS:   24 20:42:20    -1108.170204       17.7460
BFGS:   25 20:42:20    -1110.307698       15.6610
BFGS:   26 20:42:20    -1112.282475       14.9690
BFGS:   27 20:42:20    -1114.062527       14.7700
BFGS:   28 20:42:20    -1115.707647       14.2069
BFGS:   29 20:42:20    -1117.269761       12.9528
BFGS:   30 20:42:20    -1119.000115       11.4734
BFGS:   31 20:42:20    -1120.370387       10.3326
BFGS:   32 20:42:20    -1121.645283        9.6397
BFGS:   33 20:42:20    -1122.847256        9.5657
BFGS:   34 20:42:20    -1124.048103        8.9291
BFGS:   35 20:42:20    -1125.147790        8.7665
BFGS:   36 20:42:20    -1125.944020        8.5828
BFGS:   37 20:42:20    -1126.728066       12.8879
BFGS:   38 20:42:20    -1127.325308        8.2203
BFGS:   39 20:42:20    -1127.936932        8.6823
BFGS:   40 20:42:20    -1128.502091        8.3583
BFGS:   41 20:42:20    -1129.028530       10.9429
BFGS:   42 20:42:21    -1129.570351        9.0304
BFGS:   43 20:42:21    -1130.140467        9.3698
BFGS:   44 20:42:21    -1130.633288       10.3682
BFGS:   45 20:42:21    -1131.185467       10.3985
BFGS:   46 20:42:21    -1131.721721       10.5582
BFGS:   47 20:42:21    -1132.260551       10.6995
BFGS:   48 20:42:21    -1132.785280       10.7471
BFGS:   49 20:42:21    -1133.296578       10.6853
BFGS:   50 20:42:21    -1133.789830        9.9578
BFGS:   51 20:42:21    -1134.244805        5.4404
BFGS:   52 20:42:21    -1134.486920        4.9246
BFGS:   53 20:42:21    -1134.687472        6.3117
BFGS:   54 20:42:21    -1134.914617        6.2904
BFGS:   55 20:42:21    -1135.115520        6.4223
BFGS:   56 20:42:21    -1135.262677        6.8943
BFGS:   57 20:42:21    -1135.387640        6.8368
BFGS:   58 20:42:21    -1135.512029        6.7495
BFGS:   59 20:42:21    -1135.634255        6.6795
BFGS:   60 20:42:21    -1135.756526        6.6466
BFGS:   61 20:42:21    -1135.880043        6.6675
BFGS:   62 20:42:21    -1136.008951        6.7513
BFGS:   63 20:42:21    -1136.149783        6.9028
BFGS:   64 20:42:21    -1136.313416        7.0621
BFGS:   65 20:42:21    -1136.514777        7.1165
BFGS:   66 20:42:21    -1136.679062        6.9540
BFGS:   67 20:42:21    -1136.835976        6.8499
BFGS:   68 20:42:21    -1136.991132        6.7156
BFGS:   69 20:42:21    -1137.163817        6.8121
BFGS:   70 20:42:21    -1137.267999        6.9758
BFGS:   71 20:42:21    -1137.501893        7.0893
BFGS:   72 20:42:21    -1137.717857        7.5897
BFGS:   73 20:42:22    -1137.939588        7.9915
BFGS:   74 20:42:22    -1138.164637        8.6703
BFGS:   75 20:42:22    -1138.479367        9.7564
BFGS:   76 20:42:22    -1138.813218       10.4377
BFGS:   77 20:42:22    -1139.180409       11.0267
BFGS:   78 20:42:22    -1139.539326       11.1571
BFGS:   79 20:42:22    -1139.973222       11.4724
BFGS:   80 20:42:22    -1140.395102       11.4028
BFGS:   81 20:42:22    -1140.834454       11.2927
BFGS:   82 20:42:22    -1141.267082       10.9152
BFGS:   83 20:42:22    -1141.667521       10.4540
BFGS:   84 20:42:22    -1142.044501        9.7857
BFGS:   85 20:42:22    -1142.451874        8.9586
BFGS:   86 20:42:22    -1142.848994        7.9482
BFGS:   87 20:42:22    -1143.302418        6.5262
BFGS:   88 20:42:22    -1143.791048        5.4488
BFGS:   89 20:42:22    -1144.270369        5.3966
BFGS:   90 20:42:22    -1144.750629        5.7903
BFGS:   91 20:42:22    -1145.164571        5.4688
BFGS:   92 20:42:22    -1145.471773        4.9081
BFGS:   93 20:42:22    -1145.808728        4.6203
BFGS:   94 20:42:22    -1146.096567        4.4959
BFGS:   95 20:42:22    -1146.305699        4.0368
BFGS:   96 20:42:22    -1146.564214        4.5177
BFGS:   97 20:42:22    -1146.788929        4.4283
BFGS:   98 20:42:22    -1146.989273        3.8911
BFGS:   99 20:42:22    -1147.163885        4.0315
BFGS:  100 20:42:22    -1147.342384        3.4921
BFGS:  101 20:42:22    -1147.445988        3.0328
BFGS:  102 20:42:23    -1147.635707        3.2593
BFGS:  103 20:42:23    -1147.754034        2.3050
BFGS:  104 20:42:23    -1147.817144        3.7979
BFGS:  105 20:42:23    -1147.861004        3.7260
BFGS:  106 20:42:23    -1147.887572        4.0953
BFGS:  107 20:42:23    -1147.954340        2.7540
BFGS:  108 20:42:23    -1148.007310        2.3982
BFGS:  109 20:42:23    -1148.055642        1.9529
BFGS:  110 20:42:23    -1148.104396        1.6360
BFGS:  111 20:42:23    -1148.136294        1.2555
BFGS:  112 20:42:23    -1148.156353        0.7554
BFGS:  113 20:42:23    -1148.170557        4.8483
BFGS:  114 20:42:23    -1148.187221        4.4165
BFGS:  115 20:42:23    -1148.198717        0.9724
BFGS:  116 20:42:23    -1148.208299        0.8037
BFGS:  117 20:42:23    -1148.224129        1.0466
BFGS:  118 20:42:23    -1148.183095        5.8396
BFGS:  119 20:42:23    -1148.238063        3.1617
BFGS:  120 20:42:23    -1148.170447        1.8499
BFGS:  121 20:42:23    -1148.215633        0.6611
BFGS:  122 20:42:23    -1148.229150        3.1141
BFGS:  123 20:42:23    -1148.238871        0.8608
BFGS:  124 20:42:23    -1148.249756        1.0242
BFGS:  125 20:42:23    -1148.209784        2.6865
BFGS:  126 20:42:23    -1148.273197        3.0174
BFGS:  127 20:42:23    -1148.194049        1.6893
BFGS:  128 20:42:23    -1148.235023        0.7555
BFGS:  129 20:42:23    -1148.259140        2.8707
BFGS:  130 20:42:23    -1148.261334        0.8962
BFGS:  131 20:42:23    -1148.273081        1.0542
BFGS:  132 20:42:24    -1148.211920        2.6075
BFGS:  133 20:42:24    -1148.286112        1.2232
BFGS:  134 20:42:24    -1148.281059        2.9112
BFGS:  135 20:42:24    -1148.289831        1.2518
BFGS:  136 20:42:24    -1148.290699        2.9438
BFGS:  137 20:42:24    -1148.292179        1.2724
BFGS:  138 20:42:24    -1148.293302        1.2862
BFGS:  139 20:42:24    -1148.293959        2.9132
BFGS:  140 20:42:24    -1148.294367        1.2981
BFGS:  141 20:42:24    -1148.295010        1.2961
BFGS:  142 20:42:24    -1148.295885        1.2792
BFGS:  143 20:42:24    -1148.296096        1.2733
BFGS:  144 20:42:24    -1148.295771        2.9643
BFGS:  145 20:42:24    -1148.296169        2.9585
BFGS:  146 20:42:24    -1148.295264        1.2733
BFGS:  147 20:42:24    -1148.296150        1.2584
BFGS:  148 20:42:24    -1148.295652        2.9757
BFGS:  149 20:42:24    -1148.296548        1.2506
BFGS:  150 20:42:24    -1148.296602        2.9676
BFGS:  151 20:42:24    -1148.296643        1.2494
BFGS:  152 20:42:24    -1148.296693        1.2490
BFGS:  153 20:42:24    -1148.296340        2.9693
BFGS:  154 20:42:24    -1148.296698        2.9679
BFGS:  155 20:42:24    -1148.296330        1.2547
BFGS:  156 20:42:24    -1148.296737        1.2523
BFGS:  157 20:42:24    -1148.296271        2.9674
BFGS:  158 20:42:24    -1148.296854        2.9650
BFGS:  159 20:42:24    -1148.295805        1.2553
BFGS:  160 20:42:24    -1148.296570        1.2533
BFGS:  161 20:42:25    -1148.296191        2.9666
BFGS:  162 20:42:25    -1148.296848        1.2536
BFGS:  163 20:42:25    -1148.296903        2.9647
BFGS:  164 20:42:25    -1148.296895        1.2541
BFGS:  165 20:42:25    -1148.296922        1.2547
BFGS:  166 20:42:25    -1148.295426        2.9498
BFGS:  167 20:42:25    -1148.296721        2.9611
BFGS:  168 20:42:25    -1148.294205        1.2304
BFGS:  169 20:42:25    -1148.296219        1.2475
BFGS:  170 20:42:25    -1148.295092        2.9483
BFGS:  171 20:42:25    -1148.296876        1.2550
BFGS:  172 20:42:25    -1148.296731        2.9585
BFGS:  173 20:42:25    -1148.296961        1.2578
BFGS:  174 20:42:25    -1148.296968        2.9598
BFGS:  175 20:42:25    -1148.296981        1.2582
BFGS:  176 20:42:25    -1148.296993        1.2585
BFGS:  177 20:42:25    -1148.295564        2.9440
BFGS:  178 20:42:25    -1148.296701        2.9566
BFGS:  179 20:42:25    -1148.294444        1.2309
BFGS:  180 20:42:25    -1148.296340        1.2481
BFGS:  181 20:42:25    -1148.295383        2.9421
BFGS:  182 20:42:25    -1148.296933        1.2573
BFGS:  183 20:42:25    -1148.296763        2.9558
BFGS:  184 20:42:25    -1148.297004        1.2594
BFGS:  185 20:42:25    -1148.296957        2.9578
BFGS:  186 20:42:25    -1148.297014        2.9588
BFGS:  187 20:42:25    -1148.292952        1.2199
BFGS:  188 20:42:25    -1148.295826        1.2412
BFGS:  189 20:42:25    -1148.294762        2.9387
BFGS:  190 20:42:25    -1148.296782        1.2555
BFGS:  191 20:42:26    -1148.296869        2.9563
BFGS:  192 20:42:26    -1148.296893        1.2577
BFGS:  193 20:42:26    -1148.296958        1.2590
BFGS:  194 20:42:26    -1148.294463        2.9399
BFGS:  195 20:42:26    -1148.296598        2.9544
BFGS:  196 20:42:26    -1148.291999        1.2143
BFGS:  197 20:42:26    -1148.295654        1.2399
BFGS:  198 20:42:26    -1148.294302        2.9390
BFGS:  199 20:42:26    -1148.296723        1.2548
BFGS:  200 20:42:26    -1148.296894        2.9565
BFGS:  201 20:42:26    -1148.296849        1.2569
BFGS:  202 20:42:26    -1148.296923        1.2585
BFGS:  203 20:42:26    -1148.293925        2.9389
BFGS:  204 20:42:26    -1148.296567        2.9543
BFGS:  205 20:42:26    -1148.290764        1.2051
BFGS:  206 20:42:26    -1148.295299        1.2366
BFGS:  207 20:42:26    -1148.293716        2.9387
BFGS:  208 20:42:26    -1148.296620        1.2534
BFGS:  209 20:42:26    -1148.296947        2.9568
BFGS:  210 20:42:26    -1148.296774        1.2557
BFGS:  211 20:42:26    -1148.296865        1.2576
BFGS:  212 20:42:26    -1148.293355        2.9374
BFGS:  213 20:42:26    -1148.296563        2.9544
BFGS:  214 20:42:26    -1148.289452        1.1958
BFGS:  215 20:42:26    -1148.294914        1.2330
BFGS:  216 20:42:26    -1148.293097        2.9373
BFGS:  217 20:42:26    -1148.296506        1.2518
BFGS:  218 20:42:26    -1148.297011        2.9572
BFGS:  219 20:42:26    -1148.296691        1.2544
BFGS:  220 20:42:26    -1148.296800        1.2565
BFGS:  221 20:42:27    -1148.292766        2.9353
BFGS:  222 20:42:27    -1148.296568        2.9547
BFGS:  223 20:42:27    -1148.288084        1.1877
BFGS:  224 20:42:27    -1148.294508        1.2288
BFGS:  225 20:42:27    -1148.292464        2.9346
BFGS:  226 20:42:27    -1148.296382        1.2499
BFGS:  227 20:42:27    -1148.296993        1.2600
BFGS:  228 20:42:27    -1148.292210        2.9303
BFGS:  229 20:42:27    -1148.296173        2.9526
BFGS:  230 20:42:27    -1148.286753        1.1823
BFGS:  231 20:42:27    -1148.294201        1.2245
BFGS:  232 20:42:27    -1148.291871        2.9283
BFGS:  233 20:42:27    -1148.296280        1.2481
BFGS:  234 20:42:27    -1148.296965        1.2595
BFGS:  235 20:42:27    -1148.291581        2.9270
BFGS:  236 20:42:27    -1148.296107        2.9522
BFGS:  237 20:42:27    -1148.285277        1.1721
BFGS:  238 20:42:27    -1148.293776        1.2198
BFGS:  239 20:42:27    -1148.291181        2.9248
BFGS:  240 20:42:27    -1148.296149        1.2462
BFGS:  241 20:42:27    -1148.296930        1.2590
BFGS:  242 20:42:27    -1148.290907        2.9237
BFGS:  243 20:42:27    -1148.296049        2.9518
BFGS:  244 20:42:27    -1148.283709        1.1615
BFGS:  245 20:42:27    -1148.293323        1.2149
BFGS:  246 20:42:27    -1148.290442        2.9213
BFGS:  247 20:42:27    -1148.296010        1.2442
BFGS:  248 20:42:27    -1148.296892        1.2585
BFGS:  249 20:42:27    -1148.290194        2.9203
BFGS:  250 20:42:27    -1148.295988        2.9516
BFGS:  251 20:42:28    -1148.282053        1.1504
BFGS:  252 20:42:28    -1148.292843        1.2097
BFGS:  253 20:42:28    -1148.289658        2.9177
BFGS:  254 20:42:28    -1148.295861        1.2421
BFGS:  255 20:42:28    -1148.296851        1.2579
BFGS:  256 20:42:28    -1148.289442        2.9169
BFGS:  257 20:42:28    -1148.295925        2.9514
BFGS:  258 20:42:28    -1148.280312        1.1387
BFGS:  259 20:42:28    -1148.292337        1.2042
BFGS:  260 20:42:28    -1148.288828        2.9139
BFGS:  261 20:42:28    -1148.295705        1.2398
BFGS:  262 20:42:28    -1148.296809        1.2572
BFGS:  263 20:42:28    -1148.288651        2.9132
BFGS:  264 20:42:28    -1148.295860        2.9511
BFGS:  265 20:42:28    -1148.278484        1.1263
BFGS:  266 20:42:28    -1148.291805        1.1984
BFGS:  267 20:42:28    -1148.287954        2.9100
BFGS:  268 20:42:28    -1148.295541        1.2374
BFGS:  269 20:42:28    -1148.296763        1.2565
BFGS:  270 20:42:28    -1148.287822        2.9094
BFGS:  271 20:42:28    -1148.295793        2.9509
BFGS:  272 20:42:28    -1148.276569        1.1133
BFGS:  273 20:42:28    -1148.291246        1.1923
BFGS:  274 20:42:28    -1148.286992        4.9728
BFGS:  275 20:42:28    -1148.294827        1.2371
BFGS:  276 20:42:28    -1148.296203        1.2540
BFGS:  277 20:42:28    -1148.287390        2.9001
BFGS:  278 20:42:28    -1148.296489        2.9518
BFGS:  279 20:42:28    -1148.274981        1.0972
BFGS:  280 20:42:28    -1148.290554        1.1850
BFGS:  281 20:42:29    -1148.286290        2.8972
BFGS:  282 20:42:29    -1148.295110        1.2316
BFGS:  283 20:42:29    -1148.296593        1.2555
BFGS:  284 20:42:29    -1148.286139        2.8988
BFGS:  285 20:42:29    -1148.295732        2.9499
BFGS:  286 20:42:29    -1148.272631        1.0826
BFGS:  287 20:42:29    -1148.290035        1.1785
BFGS:  288 20:42:29    -1148.285033        2.8929
BFGS:  289 20:42:29    -1148.294979        1.2295
BFGS:  290 20:42:29    -1148.296594        1.2549
BFGS:  291 20:42:29    -1148.285039        2.8942
BFGS:  292 20:42:29    -1148.295550        2.9490
BFGS:  293 20:42:29    -1148.270294        1.0672
BFGS:  294 20:42:29    -1148.289381        1.1713
BFGS:  295 20:42:29    -1148.283825        2.8880
BFGS:  296 20:42:29    -1148.294796        1.2268
BFGS:  297 20:42:29    -1148.296563        1.2542
BFGS:  298 20:42:29    -1148.283956        2.8892
BFGS:  299 20:42:29    -1148.295424        2.9485
BFGS:  300 20:42:29    -1148.267925        1.0508
BFGS:  301 20:42:29    -1148.288698        1.1638
BFGS:  302 20:42:29    -1148.282611        2.8827
BFGS:  303 20:42:29    -1148.294597        1.2237
BFGS:  304 20:42:29    -1148.296520        1.2533
BFGS:  305 20:42:29    -1148.282859        2.8840
BFGS:  306 20:42:29    -1148.295313        2.9481
BFGS:  307 20:42:29    -1148.265493        1.0874
BFGS:  308 20:42:29    -1148.287988        1.1558
BFGS:  309 20:42:29    -1148.281014        4.9563
BFGS:  310 20:42:30    -1148.293647        1.2197
BFGS:  311 20:42:30    -1148.295784        1.2482
BFGS:  312 20:42:30    -1148.282184        2.8743
BFGS:  313 20:42:30    -1148.296269        2.9505
BFGS:  314 20:42:30    -1148.263408        1.1274
BFGS:  315 20:42:30    -1148.287069        1.1459
BFGS:  316 20:42:30    -1148.280345        2.8670
BFGS:  317 20:42:30    -1148.294045        1.2161
BFGS:  318 20:42:30    -1148.296307        1.2515
BFGS:  319 20:42:30    -1148.280740        2.8715
BFGS:  320 20:42:30    -1148.295243        2.9472
BFGS:  321 20:42:30    -1148.260608        1.1829
BFGS:  322 20:42:30    -1148.286461        1.1381
BFGS:  323 20:42:30    -1148.278782        2.8614
BFGS:  324 20:42:30    -1148.293892        1.2133
BFGS:  325 20:42:30    -1148.296312        1.2508
BFGS:  326 20:42:30    -1148.279389        2.8656
BFGS:  327 20:42:30    -1148.295020        2.9463
BFGS:  328 20:42:30    -1148.257778        1.2292
BFGS:  329 20:42:30    -1148.285657        1.1291
BFGS:  330 20:42:30    -1148.277242        2.8550
BFGS:  331 20:42:30    -1148.293669        1.2098
BFGS:  332 20:42:30    -1148.296277        1.2498
BFGS:  333 20:42:30    -1148.278055        2.8594
BFGS:  334 20:42:30    -1148.294865        2.9457
BFGS:  335 20:42:30    -1148.254910        1.2745
BFGS:  336 20:42:30    -1148.284819        1.1196
BFGS:  337 20:42:30    -1148.275007        4.9465
BFGS:  338 20:42:30    -1148.292531        1.2030
BFGS:  339 20:42:30    -1148.295406        1.2426
BFGS:  340 20:42:31    -1148.277176        2.8492
BFGS:  341 20:42:31    -1148.296033        2.9493
BFGS:  342 20:42:31    -1148.252434        1.3169
BFGS:  343 20:42:31    -1148.283717        1.1075
BFGS:  344 20:42:31    -1148.274410        2.8370
BFGS:  345 20:42:31    -1148.293024        1.2008
BFGS:  346 20:42:31    -1148.296036        1.2474
BFGS:  347 20:42:31    -1148.275562        2.8452
BFGS:  348 20:42:31    -1148.294782        2.9449
BFGS:  349 20:42:31    -1148.249251        1.3722
BFGS:  350 20:42:31    -1148.283029        1.0986
BFGS:  351 20:42:31    -1148.272576        2.8302
BFGS:  352 20:42:31    -1148.292848        1.1974
BFGS:  353 20:42:31    -1148.296043        1.2466
BFGS:  354 20:42:31    -1148.274000        2.8381
BFGS:  355 20:42:31    -1148.294529        2.9439
BFGS:  356 20:42:31    -1148.246012        1.4202
BFGS:  357 20:42:31    -1148.282096        1.0878
BFGS:  358 20:42:31    -1148.270370        4.9200
BFGS:  359 20:42:31    -1148.291611        1.1890
BFGS:  360 20:42:31    -1148.295107        1.2383
BFGS:  361 20:42:31    -1148.272978        2.8277
BFGS:  362 20:42:31    -1148.295797        2.9482
BFGS:  363 20:42:31    -1148.243243        1.4638
BFGS:  364 20:42:31    -1148.280866        1.0742
BFGS:  365 20:42:31    -1148.269259        2.8107
BFGS:  366 20:42:31    -1148.292137        1.1874
BFGS:  367 20:42:31    -1148.295787        1.2437
BFGS:  368 20:42:31    -1148.271200        2.8227
BFGS:  369 20:42:31    -1148.294427        2.9431
BFGS:  370 20:42:32    -1148.239747        1.5196
BFGS:  371 20:42:32    -1148.280097        1.0641
BFGS:  372 20:42:32    -1148.267170        2.8028
BFGS:  373 20:42:32    -1148.291944        1.1835
BFGS:  374 20:42:32    -1148.295799        1.2429
BFGS:  375 20:42:32    -1148.269454        2.8147
BFGS:  376 20:42:32    -1148.294144        2.9419
BFGS:  377 20:42:32    -1148.236185        1.5693
BFGS:  378 20:42:32    -1148.279061        1.0520
BFGS:  379 20:42:32    -1148.264367        4.9172
BFGS:  380 20:42:32    -1148.290565        1.1730
BFGS:  381 20:42:32    -1148.294764        1.2328
BFGS:  382 20:42:32    -1148.268260        2.8036
BFGS:  383 20:42:32    -1148.295577        2.9474
BFGS:  384 20:42:32    -1148.233125        1.6148
BFGS:  385 20:42:32    -1148.277691        1.0366
BFGS:  386 20:42:32    -1148.263357        2.7813
BFGS:  387 20:42:32    -1148.291160        1.1721
BFGS:  388 20:42:32    -1148.295523        1.2395
BFGS:  389 20:42:32    -1148.266345        2.7978
BFGS:  390 20:42:32    -1148.294035        2.9412
BFGS:  391 20:42:32    -1148.229331        1.6713
BFGS:  392 20:42:32    -1148.276851        1.0255
BFGS:  393 20:42:32    -1148.261052        2.7726
BFGS:  394 20:42:32    -1148.290944        1.1678
BFGS:  395 20:42:32    -1148.295532        1.2385
BFGS:  396 20:42:32    -1148.264429        2.7888
BFGS:  397 20:42:32    -1148.293738        2.9401
BFGS:  398 20:42:32    -1148.225455        1.7227
BFGS:  399 20:42:32    -1148.275709        1.0120
BFGS:  400 20:42:33    -1148.257291        4.9279
BFGS:  401 20:42:33    -1148.289393        1.1547
BFGS:  402 20:42:33    -1148.294374        1.2262
BFGS:  403 20:42:33    -1148.263041        2.7770
BFGS:  404 20:42:33    -1148.295381        2.9470
BFGS:  405 20:42:33    -1148.222107        1.7701
BFGS:  406 20:42:33    -1148.274186        0.9946
BFGS:  407 20:42:33    -1148.256756        2.7493
BFGS:  408 20:42:33    -1148.290076        1.1548
BFGS:  409 20:42:33    -1148.295230        1.2344
BFGS:  410 20:42:33    -1148.261005        2.7704
BFGS:  411 20:42:33    -1148.293638        2.9396
BFGS:  412 20:42:33    -1148.218024        1.8274
BFGS:  413 20:42:33    -1148.273283        0.9824
BFGS:  414 20:42:33    -1148.253762        4.8863
BFGS:  415 20:42:33    -1148.288584        1.1419
BFGS:  416 20:42:33    -1148.294098        1.2222
BFGS:  417 20:42:33    -1148.259519        2.7586
BFGS:  418 20:42:33    -1148.295225        2.9465
BFGS:  419 20:42:33    -1148.214473        1.8761
BFGS:  420 20:42:33    -1148.271696        0.9641
BFGS:  421 20:42:33    -1148.252207        2.7265
BFGS:  422 20:42:33    -1148.289246        1.1417
BFGS:  423 20:42:33    -1148.294953        1.2302
BFGS:  424 20:42:33    -1148.257316        2.7511
BFGS:  425 20:42:33    -1148.293466        2.9389
BFGS:  426 20:42:33    -1148.210148        1.9345
BFGS:  427 20:42:33    -1148.270718        0.9509
BFGS:  428 20:42:33    -1148.249450        4.8650
BFGS:  429 20:42:34    -1148.287699        1.1279
BFGS:  430 20:42:34    -1148.293789        1.2174
BFGS:  431 20:42:34    -1148.255715        2.7389
BFGS:  432 20:42:34    -1148.295110        2.9463
BFGS:  433 20:42:34    -1148.206409        1.9842
BFGS:  434 20:42:34    -1148.269050        0.9315
BFGS:  435 20:42:34    -1148.247380        2.7031
BFGS:  436 20:42:34    -1148.288361        1.1276
BFGS:  437 20:42:34    -1148.294661        1.2255
BFGS:  438 20:42:34    -1148.253381        2.7306
BFGS:  439 20:42:34    -1148.293304        2.9383
BFGS:  440 20:42:34    -1148.201877        2.0437
BFGS:  441 20:42:34    -1148.268010        0.9174
BFGS:  442 20:42:34    -1148.244642        4.8529
BFGS:  443 20:42:34    -1148.286736        1.1125
BFGS:  444 20:42:34    -1148.293441        1.2116
BFGS:  445 20:42:34    -1148.251655        2.7179
BFGS:  446 20:42:34    -1148.295044        2.9464
BFGS:  447 20:42:34    -1148.197956        2.0945
BFGS:  448 20:42:34    -1148.266262        0.8968
BFGS:  449 20:42:34    -1148.242481        2.6796
BFGS:  450 20:42:34    -1148.287408        1.1121
BFGS:  451 20:42:34    -1148.294335        1.2199
BFGS:  452 20:42:34    -1148.249209        2.7090
BFGS:  453 20:42:34    -1148.293186        2.9381
BFGS:  454 20:42:34    -1148.193238        2.1547
BFGS:  455 20:42:34    -1148.265175        0.8859
BFGS:  456 20:42:34    -1148.239747        4.8526
BFGS:  457 20:42:34    -1148.285682        1.0954
BFGS:  458 20:42:34    -1148.293035        1.2045
BFGS:  459 20:42:35    -1148.247351        2.6957
BFGS:  460 20:42:35    -1148.295067        2.9472
BFGS:  461 20:42:35    -1148.189147        2.2067
BFGS:  462 20:42:35    -1148.263335        0.9184
BFGS:  463 20:42:35    -1148.237658        2.6567
BFGS:  464 20:42:35    -1148.286373        1.0950
BFGS:  465 20:42:35    -1148.293962        1.2132
BFGS:  466 20:42:35    -1148.244812        2.6863
BFGS:  467 20:42:35    -1148.293145        2.9385
BFGS:  468 20:42:35    -1148.184260        2.2673
BFGS:  469 20:42:35    -1148.262209        0.9366
BFGS:  470 20:42:35    -1148.234856        4.8546
BFGS:  471 20:42:35    -1148.284536        1.0766
BFGS:  472 20:42:35    -1148.292569        1.1961
BFGS:  473 20:42:35    -1148.242818        2.6724
BFGS:  474 20:42:35    -1148.295187        2.9487
BFGS:  475 20:42:35    -1148.180010        2.3204
BFGS:  476 20:42:35    -1148.260281        0.9700
BFGS:  477 20:42:35    -1148.232995        2.6347
BFGS:  478 20:42:35    -1148.285249        1.0763
BFGS:  479 20:42:35    -1148.293530        1.2054
BFGS:  480 20:42:35    -1148.240200        2.6626
BFGS:  481 20:42:35    -1148.293203        2.9395
BFGS:  482 20:42:35    -1148.184892        2.2524
BFGS:  483 20:42:35    -1148.260804        0.9494
BFGS:  484 20:42:35    -1148.230207        4.8616
BFGS:  485 20:42:35    -1148.283843        1.0635
BFGS:  486 20:42:35    -1148.292278        1.1907
BFGS:  487 20:42:35    -1148.238122        2.6487
BFGS:  488 20:42:35    -1148.294995        2.9484
BFGS:  489 20:42:36    -1148.183219        2.2728
BFGS:  490 20:42:36    -1148.259374        0.9715
BFGS:  491 20:42:36    -1148.228736        2.6138
BFGS:  492 20:42:36    -1148.284699        1.0655
BFGS:  493 20:42:36    -1148.293313        1.2014
BFGS:  494 20:42:36    -1148.235375        2.6384
BFGS:  495 20:42:36    -1148.292826        2.9381
BFGS:  496 20:42:36    -1148.189157        2.1887
BFGS:  497 20:42:36    -1148.260229        0.9436
BFGS:  498 20:42:36    -1148.225487        4.8738
BFGS:  499 20:42:36    -1148.283413        1.0540
