      Step     Time          Energy         fmax
BFGS:    0 20:44:49     -747.434869      130.2565
BFGS:    1 20:44:49     -792.807750      137.7912
BFGS:    2 20:44:49     -820.975142      136.1030
BFGS:    3 20:44:49     -849.364796      130.7981
BFGS:    4 20:44:49     -877.463775      124.4486
BFGS:    5 20:44:49     -899.068481      116.0874
BFGS:    6 20:44:49     -914.862325      109.0212
BFGS:    7 20:44:49     -926.638414      102.8424
BFGS:    8 20:44:50     -936.189152       97.0503
BFGS:    9 20:44:50     -945.005067       94.0631
BFGS:   10 20:44:50     -953.820042       90.7885
BFGS:   11 20:44:50     -962.934630       86.7485
BFGS:   12 20:44:50     -972.192537       81.0679
BFGS:   13 20:44:50     -981.182844       74.0379
BFGS:   14 20:44:50     -988.522431       66.8183
BFGS:   15 20:44:50     -994.516394       60.1193
BFGS:   16 20:44:50     -999.986908       54.0554
BFGS:   17 20:44:50    -1004.936143       48.3709
BFGS:   18 20:44:50    -1009.265599       41.9367
BFGS:   19 20:44:50    -1013.097105       35.0485
BFGS:   20 20:44:50    -1016.099917       28.9597
BFGS:   21 20:44:50    -1018.615103       24.0111
BFGS:   22 20:44:50    -1020.707442       20.4661
BFGS:   23 20:44:50    -1022.471277       17.2748
BFGS:   24 20:44:50    -1023.894054       14.9464
BFGS:   25 20:44:50    -1025.093673       12.7324
BFGS:   26 20:44:50    -1025.922551       11.0772
BFGS:   27 20:44:50    -1026.568322        9.3152
BFGS:   28 20:44:50    -1027.063320        7.1058
BFGS:   29 20:44:50    -1027.347581        5.0251
BFGS:   30 20:44:51    -1027.535950        3.1159
BFGS:   31 20:44:51    -1027.684642        2.6734
BFGS:   32 20:44:51    -1027.816820        2.2486
BFGS:   33 20:44:51    -1027.932944        2.2030
BFGS:   34 20:44:51    -1028.036182        2.3169
BFGS:   35 20:44:51    -1028.136112        2.3278
BFGS:   36 20:44:51    -1028.232423        2.2293
BFGS:   37 20:44:51    -1028.324312        1.9996
BFGS:   38 20:44:51    -1028.418667        2.0153
BFGS:   39 20:44:51    -1028.516601        2.2796
BFGS:   40 20:44:51    -1028.621029        2.6341
BFGS:   41 20:44:51    -1028.732353        2.9751
BFGS:   42 20:44:51    -1028.846596        3.2826
BFGS:   43 20:44:51    -1028.964014        3.6900
BFGS:   44 20:44:51    -1029.082059        4.1785
BFGS:   45 20:44:51    -1029.201582        4.5691
BFGS:   46 20:44:51    -1029.318140        4.8192
BFGS:   47 20:44:51    -1029.443469        4.8272
BFGS:   48 20:44:51    -1029.594860        4.8521
BFGS:   49 20:44:51    -1029.787482        4.5216
BFGS:   50 20:44:51    -1029.996146        4.6911
BFGS:   51 20:44:51    -1030.186212        4.5118
BFGS:   52 20:44:52    -1030.337828        4.5387
BFGS:   53 20:44:52    -1030.484867        4.1644
BFGS:   54 20:44:52    -1030.605759        4.1009
BFGS:   55 20:44:52    -1030.791116        3.0037
BFGS:   56 20:44:52    -1030.937162        2.6080
BFGS:   57 20:44:52    -1031.057050        2.1111
BFGS:   58 20:44:52    -1031.147416        1.4952
BFGS:   59 20:44:52    -1031.201252        1.5723
BFGS:   60 20:44:52    -1031.258397        1.5680
BFGS:   61 20:44:52    -1031.298235        1.4684
BFGS:   62 20:44:52    -1031.331894        1.7901
BFGS:   63 20:44:52    -1031.372179        1.8522
BFGS:   64 20:44:52    -1031.414933        1.5724
BFGS:   65 20:44:52    -1031.460305        1.3624
BFGS:   66 20:44:52    -1031.499276        1.4178
BFGS:   67 20:44:52    -1031.533596        1.2648
BFGS:   68 20:44:52    -1031.571854        1.0354
BFGS:   69 20:44:52    -1031.609446        0.9864
BFGS:   70 20:44:52    -1031.653683        0.9911
BFGS:   71 20:44:52    -1031.680438        0.6760
BFGS:   72 20:44:52    -1031.690643        0.7427
BFGS:   73 20:44:52    -1031.696520        0.5280
BFGS:   74 20:44:53    -1031.705364        0.6006
BFGS:   75 20:44:53    -1031.720593        0.4749
BFGS:   76 20:44:53    -1031.727680        0.3867
BFGS:   77 20:44:53    -1031.733762        0.3553
BFGS:   78 20:44:53    -1031.736109        0.3749
BFGS:   79 20:44:53    -1031.737550        0.3340
BFGS:   80 20:44:53    -1031.739084        0.2702
BFGS:   81 20:44:53    -1031.740472        0.3000
BFGS:   82 20:44:53    -1031.742073        0.3391
BFGS:   83 20:44:53    -1031.742575        0.2705
BFGS:   84 20:44:53    -1031.743877        0.2599
BFGS:   85 20:44:53    -1031.745575        0.2473
BFGS:   86 20:44:53    -1031.746696        0.2819
BFGS:   87 20:44:53    -1031.748240        0.3069
BFGS:   88 20:44:53    -1031.749645        0.2562
BFGS:   89 20:44:53    -1031.750493        0.2075
BFGS:   90 20:44:53    -1031.751166        0.2037
BFGS:   91 20:44:53    -1031.752187        0.2728
BFGS:   92 20:44:53    -1031.753294        0.5687
BFGS:   93 20:44:53    -1031.756834        0.3331
BFGS:   94 20:44:53    -1031.759996        0.4592
BFGS:   95 20:44:53    -1031.763537        0.4336
BFGS:   96 20:44:53    -1031.767057        0.4111
BFGS:   97 20:44:54    -1031.770555        0.3682
BFGS:   98 20:44:54    -1031.774092        0.3982
BFGS:   99 20:44:54    -1031.777440        0.3997
BFGS:  100 20:44:54    -1031.780861        0.4531
BFGS:  101 20:44:54    -1031.783947        0.4500
BFGS:  102 20:44:54    -1031.787493        0.4031
BFGS:  103 20:44:54    -1031.791629        0.3691
BFGS:  104 20:44:54    -1031.795607        0.3209
BFGS:  105 20:44:54    -1031.798007        0.3710
BFGS:  106 20:44:54    -1031.800724        0.3102
BFGS:  107 20:44:54    -1031.803683        0.2561
BFGS:  108 20:44:54    -1031.805460        0.1666
BFGS:  109 20:44:54    -1031.807965        0.2320
BFGS:  110 20:44:54    -1031.810150        0.2046
BFGS:  111 20:44:54    -1031.813343        0.2718
BFGS:  112 20:44:54    -1031.815823        0.2186
BFGS:  113 20:44:54    -1031.818227        0.3040
BFGS:  114 20:44:54    -1031.819509        0.1811
BFGS:  115 20:44:54    -1031.819891        0.2027
BFGS:  116 20:44:54    -1031.820172        0.1608
BFGS:  117 20:44:54    -1031.820412        0.1811
BFGS:  118 20:44:54    -1031.820630        0.1347
BFGS:  119 20:44:54    -1031.820795        0.1246
BFGS:  120 20:44:54    -1031.821040        0.2331
BFGS:  121 20:44:55    -1031.821525        0.2089
BFGS:  122 20:44:55    -1031.822387        0.2410
BFGS:  123 20:44:55    -1031.823762        0.2585
BFGS:  124 20:44:55    -1031.825600        0.2780
BFGS:  125 20:44:55    -1031.827263        0.2870
BFGS:  126 20:44:55    -1031.829107        0.3460
BFGS:  127 20:44:55    -1031.831625        0.3199
BFGS:  128 20:44:55    -1031.833671        0.3766
BFGS:  129 20:44:55    -1031.835832        0.3119
BFGS:  130 20:44:55    -1031.837671        0.3111
BFGS:  131 20:44:55    -1031.840099        0.3029
BFGS:  132 20:44:55    -1031.842038        0.2867
BFGS:  133 20:44:55    -1031.844557        0.3230
BFGS:  134 20:44:55    -1031.846975        0.2240
BFGS:  135 20:44:55    -1031.848392        0.2609
BFGS:  136 20:44:55    -1031.850243        0.4029
BFGS:  137 20:44:55    -1031.852098        0.4595
BFGS:  138 20:44:55    -1031.854300        0.4557
BFGS:  139 20:44:55    -1031.855877        0.4727
BFGS:  140 20:44:55    -1031.857934        0.4522
BFGS:  141 20:44:55    -1031.859396        0.4227
BFGS:  142 20:44:55    -1031.860876        0.3315
BFGS:  143 20:44:55    -1031.862223        0.3976
BFGS:  144 20:44:55    -1031.863482        0.3525
BFGS:  145 20:44:56    -1031.864828        0.2613
BFGS:  146 20:44:56    -1031.866037        0.2743
BFGS:  147 20:44:56    -1031.867246        0.3275
BFGS:  148 20:44:56    -1031.868214        0.2491
BFGS:  149 20:44:56    -1031.869248        0.1940
BFGS:  150 20:44:56    -1031.869953        0.1713
BFGS:  151 20:44:56    -1031.870271        0.1255
BFGS:  152 20:44:56    -1031.870449        0.0961
