      Step     Time          Energy         fmax
BFGS:    0 23:06:39     -524.996408       45.1236
BFGS:    1 23:06:43     -534.409392       50.8673
BFGS:    2 23:06:46     -544.119651       52.7133
BFGS:    3 23:06:50     -553.566814       49.5782
BFGS:    4 23:06:54     -561.115768       45.3791
BFGS:    5 23:06:57     -566.660608       39.6348
BFGS:    6 23:07:01     -569.983056       35.0948
BFGS:    7 23:07:05     -572.726065       30.8143
BFGS:    8 23:07:08     -575.202457       26.3177
BFGS:    9 23:07:12     -577.364248       22.2996
BFGS:   10 23:07:15     -578.927755       18.7748
BFGS:   11 23:07:19     -580.008745       16.3069
BFGS:   12 23:07:23     -580.536028       13.6608
BFGS:   13 23:07:27     -580.398899       13.6715
BFGS:   14 23:07:31     -579.706600       13.4572
BFGS:   15 23:07:35     -578.290704       13.6027
BFGS:   16 23:07:39     -576.482138       13.3385
BFGS:   17 23:07:43     -574.162861       13.3537
BFGS:   18 23:07:48     -571.999772       14.2951
BFGS:   19 23:07:52     -569.924800       15.2998
BFGS:   20 23:07:56     -568.016157       16.0627
BFGS:   21 23:08:00     -566.178723       18.1085
BFGS:   22 23:08:05     -564.591860       19.0570
BFGS:   23 23:08:10     -563.462094       19.1696
BFGS:   24 23:08:14     -562.493000       19.5532
BFGS:   25 23:08:19     -561.984652       19.3693
BFGS:   26 23:08:24     -561.998266       19.3029
BFGS:   27 23:08:29     -562.165039       19.8206
BFGS:   28 23:08:34     -562.581910       20.0389
BFGS:   29 23:08:38     -563.182530       19.7923
BFGS:   30 23:08:43     -563.744520       17.6839
BFGS:   31 23:08:48     -564.426855       16.9081
BFGS:   32 23:08:53     -565.407050       14.8088
BFGS:   33 23:08:58     -565.922876       13.2422
BFGS:   34 23:09:03     -566.579344       11.8192
BFGS:   35 23:09:08     -566.719173       10.4031
BFGS:   36 23:09:13     -566.909096        8.8183
BFGS:   37 23:09:17     -566.923816        8.1199
BFGS:   38 23:09:22     -566.993770        6.7006
BFGS:   39 23:09:27     -567.076189        6.1237
BFGS:   40 23:09:32     -567.123056        5.6617
BFGS:   41 23:09:37     -567.223224        4.7949
BFGS:   42 23:09:42     -567.273084        4.6352
BFGS:   43 23:09:46     -567.346165        4.4339
BFGS:   44 23:09:51     -567.434033        4.2843
BFGS:   45 23:09:56     -567.430697        4.0859
BFGS:   46 23:10:01     -567.521566        4.0808
BFGS:   47 23:10:06     -567.503826        3.7397
BFGS:   48 23:10:11     -567.531846        3.7428
BFGS:   49 23:10:16     -567.504039        3.5252
BFGS:   50 23:10:21     -567.491120        4.0244
BFGS:   51 23:10:26     -567.464118        4.5034
BFGS:   52 23:10:31     -567.434173        5.2447
BFGS:   53 23:10:36     -567.362536        6.1626
BFGS:   54 23:10:41     -567.176519        7.2145
BFGS:   55 23:10:46     -566.886109        8.1745
BFGS:   56 23:10:51     -566.336161        8.9097
BFGS:   57 23:10:56     -565.763002        8.6303
BFGS:   58 23:11:01     -565.100599        8.4416
BFGS:   59 23:11:06     -564.428650        8.0226
BFGS:   60 23:11:11     -563.682534        8.0993
BFGS:   61 23:11:17     -563.056780        8.9919
BFGS:   62 23:11:22     -562.881176        8.8060
BFGS:   63 23:11:27     -563.146069        7.6202
BFGS:   64 23:11:32     -563.540352        6.8130
BFGS:   65 23:11:38     -563.993953        6.2678
BFGS:   66 23:11:43     -564.531492        6.0705
BFGS:   67 23:11:48     -565.033073        5.5376
BFGS:   68 23:11:53     -565.522713        5.0720
BFGS:   69 23:11:58     -565.735817        4.7688
BFGS:   70 23:12:03     -565.634565        6.6165
BFGS:   71 23:12:08     -565.444852        7.8960
BFGS:   72 23:12:13     -565.225841        8.1202
BFGS:   73 23:12:18     -565.084105        7.9548
BFGS:   74 23:12:23     -564.451750        6.1756
BFGS:   75 23:12:28     -564.599481        4.8516
BFGS:   76 23:12:33     -564.360708        3.2851
BFGS:   77 23:12:38     -564.585202        2.4289
BFGS:   78 23:12:43     -564.581721        2.1544
BFGS:   79 23:12:48     -564.676084        1.7134
BFGS:   80 23:12:53     -564.655357        1.2007
BFGS:   81 23:12:58     -564.434871        1.1060
BFGS:   82 23:13:03     -564.395659        0.7376
BFGS:   83 23:13:08     -564.359290        0.5873
BFGS:   84 23:13:13     -564.276287        0.4627
BFGS:   85 23:13:18     -564.247590        0.2950
BFGS:   86 23:13:22     -564.134368        0.4580
BFGS:   87 23:13:27     -563.864283        1.1517
BFGS:   88 23:13:32     -563.135930        2.5798
BFGS:   89 23:13:37     -563.363792        2.0362
BFGS:   90 23:13:43     -563.175919        1.5753
BFGS:   91 23:13:48     -562.554095        1.3696
BFGS:   92 23:13:53     -562.477906        1.4951
BFGS:   93 23:13:58     -562.481073        1.0356
BFGS:   94 23:14:03     -562.456163        0.7898
BFGS:   95 23:14:09     -562.404548        0.6404
BFGS:   96 23:14:14     -562.322241        0.5634
BFGS:   97 23:14:19     -562.207323        0.3869
BFGS:   98 23:14:24     -561.966992        0.2473
BFGS:   99 23:14:30     -561.673704        0.4083
BFGS:  100 23:14:35     -561.474961        0.3588
BFGS:  101 23:14:40     -560.543925        1.0116
BFGS:  102 23:14:45     -559.986750        1.4345
BFGS:  103 23:14:50     -559.610731        1.9550
BFGS:  104 23:14:55     -559.312104        2.1606
BFGS:  105 23:15:01     -559.224304        2.0646
BFGS:  106 23:15:06     -559.282679        1.8902
BFGS:  107 23:15:11     -559.449247        1.5693
BFGS:  108 23:15:16     -559.775272        2.2455
BFGS:  109 23:15:21     -559.806099        2.5745
BFGS:  110 23:15:26     -560.420493        1.7439
BFGS:  111 23:15:31     -560.284519        1.2197
BFGS:  112 23:15:37     -560.178677        1.2923
BFGS:  113 23:15:42     -560.187622        0.9754
BFGS:  114 23:15:47     -560.110594        0.6407
BFGS:  115 23:15:52     -560.003559        0.5427
BFGS:  116 23:15:57     -559.917300        0.6869
BFGS:  117 23:16:03     -559.881846        0.6023
BFGS:  118 23:16:08     -559.906062        0.5924
BFGS:  119 23:16:13     -559.964172        0.6731
BFGS:  120 23:16:18     -560.028709        0.6620
BFGS:  121 23:16:24     -560.120512        0.5367
BFGS:  122 23:16:29     -560.195082        0.4711
BFGS:  123 23:16:34     -560.234443        0.4114
BFGS:  124 23:16:39     -560.249203        0.3647
BFGS:  125 23:16:44     -560.257365        0.3102
BFGS:  126 23:16:49     -560.311236        0.2983
BFGS:  127 23:16:55     -560.368516        0.2497
BFGS:  128 23:17:00     -560.452633        0.1477
BFGS:  129 23:17:05     -560.458085        0.0796
