      Step     Time          Energy         fmax
BFGS:    0 20:45:41     -824.087819      197.2452
BFGS:    1 20:45:41     -874.973754      151.7443
BFGS:    2 20:45:41     -894.552521      145.9230
BFGS:    3 20:45:41     -909.868367      135.6181
BFGS:    4 20:45:41     -922.075769      128.7663
BFGS:    5 20:45:41     -936.433195      120.0672
BFGS:    6 20:45:41     -948.297908      111.5933
BFGS:    7 20:45:41     -959.111378      105.4538
BFGS:    8 20:45:41     -967.992274       98.7927
BFGS:    9 20:45:41     -977.733334       91.2367
BFGS:   10 20:45:41     -984.800579       84.2522
BFGS:   11 20:45:41     -991.153569       78.0240
BFGS:   12 20:45:41     -997.092070       73.4648
BFGS:   13 20:45:41    -1002.657887       68.3649
BFGS:   14 20:45:41    -1007.737971       64.8378
BFGS:   15 20:45:41    -1012.976751       60.9471
BFGS:   16 20:45:41    -1018.311503       56.6367
BFGS:   17 20:45:41    -1023.015258       54.6884
BFGS:   18 20:45:41    -1027.246172       48.3048
BFGS:   19 20:45:41    -1031.256388       45.3873
BFGS:   20 20:45:41    -1034.925087       42.0369
BFGS:   21 20:45:42    -1038.360292       37.1744
BFGS:   22 20:45:42    -1041.443827       33.3640
BFGS:   23 20:45:42    -1044.314960       32.6449
BFGS:   24 20:45:42    -1046.936766       31.6224
BFGS:   25 20:45:42    -1049.605749       30.2326
BFGS:   26 20:45:42    -1051.742133       30.4757
BFGS:   27 20:45:42    -1053.844491       28.4339
BFGS:   28 20:45:42    -1055.596425       28.3304
BFGS:   29 20:45:42    -1057.174400       27.7069
BFGS:   30 20:45:42    -1058.643544       27.5845
BFGS:   31 20:45:42    -1060.141564       27.2948
BFGS:   32 20:45:42    -1061.718820       26.9763
BFGS:   33 20:45:42    -1063.380689       26.4209
BFGS:   34 20:45:42    -1065.060212       26.1480
BFGS:   35 20:45:42    -1066.727608       26.3499
BFGS:   36 20:45:42    -1068.045015       25.3994
BFGS:   37 20:45:42    -1069.131614       24.0585
BFGS:   38 20:45:42    -1070.155309       22.3632
BFGS:   39 20:45:42    -1071.113582       20.2994
BFGS:   40 20:45:42    -1072.052816       17.9420
BFGS:   41 20:45:42    -1072.938751       14.5541
BFGS:   42 20:45:42    -1073.746938       11.9954
BFGS:   43 20:45:42    -1074.700056       11.5631
BFGS:   44 20:45:42    -1075.637077       10.8914
BFGS:   45 20:45:42    -1076.557935       11.5741
BFGS:   46 20:45:43    -1077.360195       11.0540
BFGS:   47 20:45:43    -1077.973208       12.4674
BFGS:   48 20:45:43    -1078.709509       14.0472
BFGS:   49 20:45:43    -1079.323132       13.7352
BFGS:   50 20:45:43    -1079.970926       14.5245
BFGS:   51 20:45:43    -1080.620454       13.6586
BFGS:   52 20:45:43    -1081.328859       11.1900
BFGS:   53 20:45:43    -1082.136816        9.2684
BFGS:   54 20:45:43    -1082.967608       11.1346
BFGS:   55 20:45:43    -1083.814876       11.9861
BFGS:   56 20:45:43    -1084.574081       13.3704
BFGS:   57 20:45:43    -1085.302966       15.5399
BFGS:   58 20:45:43    -1086.067194       16.7189
BFGS:   59 20:45:43    -1087.317235       16.4327
BFGS:   60 20:45:43    -1088.453421       14.7877
BFGS:   61 20:45:43    -1089.797559       11.4251
BFGS:   62 20:45:43    -1090.966167        9.6044
BFGS:   63 20:45:43    -1091.972330        9.1401
BFGS:   64 20:45:43    -1092.671439        8.7408
BFGS:   65 20:45:43    -1093.264589        9.0360
BFGS:   66 20:45:43    -1093.808307       10.7618
BFGS:   67 20:45:43    -1094.660517        9.8534
BFGS:   68 20:45:43    -1095.377310        9.7071
BFGS:   69 20:45:43    -1095.943654        7.8014
BFGS:   70 20:45:43    -1096.420977        8.4855
BFGS:   71 20:45:43    -1096.727988        6.5645
BFGS:   72 20:45:43    -1096.924974        6.0995
BFGS:   73 20:45:44    -1097.067895        7.7063
BFGS:   74 20:45:44    -1097.208604        7.3247
BFGS:   75 20:45:44    -1097.499715        7.8101
BFGS:   76 20:45:44    -1097.850994        9.3376
BFGS:   77 20:45:44    -1098.194314       10.2582
BFGS:   78 20:45:44    -1098.517687       10.3112
BFGS:   79 20:45:44    -1098.882019        9.9575
BFGS:   80 20:45:44    -1099.240176        9.3356
BFGS:   81 20:45:44    -1099.627808        8.3895
BFGS:   82 20:45:44    -1099.984942        5.9201
BFGS:   83 20:45:44    -1100.319385        5.0745
BFGS:   84 20:45:44    -1100.628372        4.4464
BFGS:   85 20:45:44    -1100.884406        4.9509
BFGS:   86 20:45:44    -1101.108838        7.0654
BFGS:   87 20:45:44    -1101.352211        7.5938
BFGS:   88 20:45:44    -1101.618472        5.3960
BFGS:   89 20:45:44    -1101.794162        3.6368
BFGS:   90 20:45:44    -1101.954605        2.8588
BFGS:   91 20:45:44    -1102.048314        3.1159
BFGS:   92 20:45:44    -1102.090303        2.1821
BFGS:   93 20:45:44    -1102.123566        1.2511
BFGS:   94 20:45:44    -1102.141238        1.0521
BFGS:   95 20:45:44    -1102.148196        1.7882
BFGS:   96 20:45:44    -1102.153172        2.9341
BFGS:   97 20:45:44    -1102.154789        0.9302
BFGS:   98 20:45:44    -1102.162993        0.7970
BFGS:   99 20:45:44    -1102.159809        2.8600
BFGS:  100 20:45:45    -1102.181866        1.8331
BFGS:  101 20:45:45    -1102.204396        0.9132
BFGS:  102 20:45:45    -1102.216753        1.1558
BFGS:  103 20:45:45    -1102.232387        1.0354
BFGS:  104 20:45:45    -1102.246305        1.9614
BFGS:  105 20:45:45    -1102.258764        1.1960
BFGS:  106 20:45:45    -1102.261899        1.0568
BFGS:  107 20:45:45    -1102.269652        1.1524
BFGS:  108 20:45:45    -1102.285002        1.5999
BFGS:  109 20:45:45    -1102.301426        2.5253
BFGS:  110 20:45:45    -1102.324754        3.1479
BFGS:  111 20:45:45    -1102.252775        3.1826
BFGS:  112 20:45:45    -1102.376790        1.8782
BFGS:  113 20:45:45    -1102.389414        2.6861
BFGS:  114 20:45:45    -1102.419518        1.9734
BFGS:  115 20:45:45    -1102.436900        2.5343
BFGS:  116 20:45:45    -1102.427235        2.9442
BFGS:  117 20:45:45    -1102.468120        2.0164
BFGS:  118 20:45:45    -1102.476891        1.7497
BFGS:  119 20:45:45    -1102.486832        1.5221
BFGS:  120 20:45:45    -1102.499678        1.3929
BFGS:  121 20:45:45    -1102.506741        0.9554
BFGS:  122 20:45:45    -1102.510516        1.5068
BFGS:  123 20:45:45    -1102.513442        0.6323
BFGS:  124 20:45:45    -1102.514932        0.6220
BFGS:  125 20:45:45    -1102.515217        1.4739
BFGS:  126 20:45:45    -1102.516078        1.4242
BFGS:  127 20:45:45    -1102.514944        0.7894
BFGS:  128 20:45:45    -1102.516029        0.7148
BFGS:  129 20:45:46    -1102.516395        1.4501
BFGS:  130 20:45:46    -1102.516641        0.6801
BFGS:  131 20:45:46    -1102.516954        0.6649
BFGS:  132 20:45:46    -1102.509438        1.7445
BFGS:  133 20:45:46    -1102.515332        1.5242
BFGS:  134 20:45:46    -1102.510206        0.9731
BFGS:  135 20:45:46    -1102.517348        0.6999
BFGS:  136 20:45:46    -1102.506693        1.8202
BFGS:  137 20:45:46    -1102.515363        1.5266
BFGS:  138 20:45:46    -1102.508084        1.0936
BFGS:  139 20:45:46    -1102.517430        0.7375
BFGS:  140 20:45:46    -1102.504882        2.0852
BFGS:  141 20:45:46    -1102.515929        1.5156
BFGS:  142 20:45:46    -1102.512112        1.0135
BFGS:  143 20:45:46    -1102.518182        0.7285
BFGS:  144 20:45:46    -1102.506791        1.8186
BFGS:  145 20:45:46    -1102.515973        1.4969
BFGS:  146 20:45:46    -1102.506144        1.2373
BFGS:  147 20:45:46    -1102.517237        0.8054
BFGS:  148 20:45:46    -1102.504511        1.8486
BFGS:  149 20:45:46    -1102.516500        1.4693
BFGS:  150 20:45:46    -1102.504373        1.3293
BFGS:  151 20:45:46    -1102.516827        0.8522
BFGS:  152 20:45:46    -1102.504079        1.8414
BFGS:  153 20:45:46    -1102.517065        1.4406
BFGS:  154 20:45:46    -1102.503363        1.3973
BFGS:  155 20:45:46    -1102.516499        0.8931
BFGS:  156 20:45:46    -1102.504135        1.8298
BFGS:  157 20:45:47    -1102.517603        1.4124
BFGS:  158 20:45:47    -1102.502590        1.4544
BFGS:  159 20:45:47    -1102.516192        0.9302
BFGS:  160 20:45:47    -1102.504261        1.8194
BFGS:  161 20:45:47    -1102.518080        1.3864
BFGS:  162 20:45:47    -1102.501880        1.5062
BFGS:  163 20:45:47    -1102.515897        0.9641
BFGS:  164 20:45:47    -1102.504354        1.8115
BFGS:  165 20:45:47    -1102.518490        1.3633
BFGS:  166 20:45:47    -1102.501204        1.5542
BFGS:  167 20:45:47    -1102.515620        0.9948
BFGS:  168 20:45:47    -1102.504407        1.8058
BFGS:  169 20:45:47    -1102.518836        1.3429
BFGS:  170 20:45:47    -1102.500559        1.5986
BFGS:  171 20:45:47    -1102.515360        1.0224
BFGS:  172 20:45:47    -1102.504428        1.8022
BFGS:  173 20:45:47    -1102.519127        1.3253
BFGS:  174 20:45:47    -1102.499943        1.6401
BFGS:  175 20:45:47    -1102.515121        1.0473
BFGS:  176 20:45:47    -1102.504423        1.8003
BFGS:  177 20:45:47    -1102.519369        1.3100
BFGS:  178 20:45:47    -1102.499356        1.6789
BFGS:  179 20:45:47    -1102.514900        1.0697
BFGS:  180 20:45:47    -1102.504400        1.7999
BFGS:  181 20:45:47    -1102.519569        1.2970
BFGS:  182 20:45:47    -1102.498796        1.7153
BFGS:  183 20:45:47    -1102.514699        1.0897
BFGS:  184 20:45:47    -1102.504364        1.8006
BFGS:  185 20:45:48    -1102.519735        1.2859
BFGS:  186 20:45:48    -1102.498264        1.7495
BFGS:  187 20:45:48    -1102.514515        1.1077
BFGS:  188 20:45:48    -1102.504318        1.8022
BFGS:  189 20:45:48    -1102.519871        1.2765
BFGS:  190 20:45:48    -1102.497755        1.7817
BFGS:  191 20:45:48    -1102.514347        1.1238
BFGS:  192 20:45:48    -1102.504267        1.8046
BFGS:  193 20:45:48    -1102.519983        1.2686
BFGS:  194 20:45:48    -1102.497270        1.8121
BFGS:  195 20:45:48    -1102.514195        1.1383
BFGS:  196 20:45:48    -1102.504213        1.8077
BFGS:  197 20:45:48    -1102.520074        1.2620
BFGS:  198 20:45:48    -1102.496807        1.8407
BFGS:  199 20:45:48    -1102.514057        1.1514
BFGS:  200 20:45:48    -1102.504157        1.8112
BFGS:  201 20:45:48    -1102.520149        1.2565
BFGS:  202 20:45:48    -1102.496365        1.8675
BFGS:  203 20:45:48    -1102.513932        1.1631
BFGS:  204 20:45:48    -1102.504101        1.8151
BFGS:  205 20:45:48    -1102.520209        1.2519
BFGS:  206 20:45:48    -1102.495945        1.8927
BFGS:  207 20:45:48    -1102.513819        1.1736
BFGS:  208 20:45:48    -1102.504049        1.8192
BFGS:  209 20:45:48    -1102.520259        1.2481
BFGS:  210 20:45:48    -1102.495547        1.9162
BFGS:  211 20:45:48    -1102.513717        1.1831
BFGS:  212 20:45:48    -1102.504002        1.8235
BFGS:  213 20:45:48    -1102.520275        0.7785
BFGS:  214 20:45:49    -1102.516427        1.4159
BFGS:  215 20:45:49    -1102.519017        1.3057
BFGS:  216 20:45:49    -1102.494799        1.9690
BFGS:  217 20:45:49    -1102.514024        1.1762
BFGS:  218 20:45:49    -1102.503971        1.8342
BFGS:  219 20:45:49    -1102.520167        1.2493
BFGS:  220 20:45:49    -1102.494241        1.9906
BFGS:  221 20:45:49    -1102.513505        1.2064
BFGS:  222 20:45:49    -1102.503940        1.8407
BFGS:  223 20:45:49    -1102.520235        0.7843
BFGS:  224 20:45:49    -1102.516407        1.4174
BFGS:  225 20:45:49    -1102.519046        1.3037
BFGS:  226 20:45:49    -1102.493967        2.0231
BFGS:  227 20:45:49    -1102.513856        1.1937
BFGS:  228 20:45:49    -1102.503930        1.8463
BFGS:  229 20:45:49    -1102.520214        1.2454
BFGS:  230 20:45:49    -1102.493326        2.0438
BFGS:  231 20:45:49    -1102.513323        1.2240
BFGS:  232 20:45:49    -1102.503919        1.8524
BFGS:  233 20:45:49    -1102.520203        0.7882
BFGS:  234 20:45:49    -1102.516400        1.4190
BFGS:  235 20:45:49    -1102.519071        1.3024
BFGS:  236 20:45:49    -1102.493393        2.0601
BFGS:  237 20:45:49    -1102.513742        1.2057
BFGS:  238 20:45:49    -1102.503923        1.8560
BFGS:  239 20:45:49    -1102.520242        1.2432
BFGS:  240 20:45:49    -1102.492687        2.0805
BFGS:  241 20:45:49    -1102.513204        1.2359
BFGS:  242 20:45:50    -1102.503934        1.8612
BFGS:  243 20:45:50    -1102.520183        0.7905
BFGS:  244 20:45:50    -1102.516395        1.4205
BFGS:  245 20:45:50    -1102.519085        1.3020
BFGS:  246 20:45:50    -1102.492993        2.0866
BFGS:  247 20:45:50    -1102.513669        1.2135
BFGS:  248 20:45:50    -1102.503934        1.8624
BFGS:  249 20:45:50    -1102.520259        1.2422
BFGS:  250 20:45:50    -1102.492232        2.1075
BFGS:  251 20:45:50    -1102.513125        1.2438
BFGS:  252 20:45:50    -1102.503962        1.8668
BFGS:  253 20:45:50    -1102.520171        0.7918
BFGS:  254 20:45:50    -1102.516393        1.4219
BFGS:  255 20:45:50    -1102.519095        1.3020
BFGS:  256 20:45:50    -1102.492712        2.1051
BFGS:  257 20:45:50    -1102.513620        1.2190
BFGS:  258 20:45:50    -1102.503955        1.8674
BFGS:  259 20:45:50    -1102.520269        1.2416
BFGS:  260 20:45:50    -1102.491906        2.1269
BFGS:  261 20:45:50    -1102.513072        1.2494
BFGS:  262 20:45:50    -1102.503998        1.8709
BFGS:  263 20:45:50    -1102.520162        0.7926
BFGS:  264 20:45:50    -1102.516394        1.4231
BFGS:  265 20:45:50    -1102.519102        1.3021
BFGS:  266 20:45:50    -1102.492513        2.1187
BFGS:  267 20:45:50    -1102.513587        1.2227
BFGS:  268 20:45:50    -1102.503981        1.8708
BFGS:  269 20:45:50    -1102.520277        1.2414
BFGS:  270 20:45:50    -1102.491669        2.1415
BFGS:  271 20:45:51    -1102.513035        1.2533
BFGS:  272 20:45:51    -1102.504034        1.8735
BFGS:  273 20:45:51    -1102.520155        0.7931
BFGS:  274 20:45:51    -1102.516396        1.4242
BFGS:  275 20:45:51    -1102.519108        1.3023
BFGS:  276 20:45:51    -1102.492367        2.1285
BFGS:  277 20:45:51    -1102.513564        1.2254
BFGS:  278 20:45:51    -1102.504008        1.8734
BFGS:  279 20:45:51    -1102.520283        1.2413
BFGS:  280 20:45:51    -1102.491493        2.1525
BFGS:  281 20:45:51    -1102.513008        1.2561
BFGS:  282 20:45:51    -1102.504071        1.8754
BFGS:  283 20:45:51    -1102.520150        0.7934
BFGS:  284 20:45:51    -1102.516400        1.4250
BFGS:  285 20:45:51    -1102.519114        1.3025
BFGS:  286 20:45:51    -1102.492260        2.1361
BFGS:  287 20:45:51    -1102.513548        1.2274
BFGS:  288 20:45:51    -1102.504035        1.8752
BFGS:  289 20:45:51    -1102.520284        0.7821
BFGS:  290 20:45:51    -1102.516257        1.4319
BFGS:  291 20:45:51    -1102.518939        1.3111
BFGS:  292 20:45:51    -1102.492151        2.1421
BFGS:  293 20:45:51    -1102.513600        1.2254
BFGS:  294 20:45:51    -1102.504061        1.8765
BFGS:  295 20:45:51    -1102.520269        1.2425
BFGS:  296 20:45:51    -1102.491262        2.1670
BFGS:  297 20:45:51    -1102.512986        1.2592
BFGS:  298 20:45:51    -1102.504133        1.8775
BFGS:  299 20:45:52    -1102.520144        0.7936
BFGS:  300 20:45:52    -1102.516407        1.4260
BFGS:  301 20:45:52    -1102.519121        1.3028
BFGS:  302 20:45:52    -1102.492131        2.1453
BFGS:  303 20:45:52    -1102.513529        1.2298
BFGS:  304 20:45:52    -1102.504081        1.8776
BFGS:  305 20:45:52    -1102.520280        0.7821
BFGS:  306 20:45:52    -1102.516261        1.4329
BFGS:  307 20:45:52    -1102.518944        1.3116
BFGS:  308 20:45:52    -1102.492043        2.1502
BFGS:  309 20:45:52    -1102.513585        1.2273
BFGS:  310 20:45:52    -1102.504103        1.8781
BFGS:  311 20:45:52    -1102.520276        1.2426
BFGS:  312 20:45:52    -1102.491122        2.1765
BFGS:  313 20:45:52    -1102.512967        1.2614
BFGS:  314 20:45:52    -1102.504182        1.8786
BFGS:  315 20:45:52    -1102.520138        0.7937
BFGS:  316 20:45:52    -1102.516415        1.4268
BFGS:  317 20:45:52    -1102.519128        1.3030
BFGS:  318 20:45:52    -1102.492050        2.1514
BFGS:  319 20:45:52    -1102.513517        1.2314
BFGS:  320 20:45:52    -1102.504119        1.8791
BFGS:  321 20:45:52    -1102.520277        0.7820
BFGS:  322 20:45:52    -1102.516266        1.4337
BFGS:  323 20:45:52    -1102.518948        1.3120
BFGS:  324 20:45:52    -1102.491971        2.1558
BFGS:  325 20:45:52    -1102.513576        1.2285
BFGS:  326 20:45:52    -1102.504139        1.8791
BFGS:  327 20:45:53    -1102.520281        1.2427
BFGS:  328 20:45:53    -1102.491026        2.1832
BFGS:  329 20:45:53    -1102.512954        1.2628
BFGS:  330 20:45:53    -1102.504223        1.8792
BFGS:  331 20:45:53    -1102.520133        0.7937
BFGS:  332 20:45:53    -1102.516422        1.4273
BFGS:  333 20:45:53    -1102.519135        1.3031
BFGS:  334 20:45:53    -1102.491994        2.1558
BFGS:  335 20:45:53    -1102.513509        1.2325
BFGS:  336 20:45:53    -1102.504152        1.8799
BFGS:  337 20:45:53    -1102.520273        0.7820
BFGS:  338 20:45:53    -1102.516271        1.4343
BFGS:  339 20:45:53    -1102.518952        1.3122
BFGS:  340 20:45:53    -1102.491921        2.1597
BFGS:  341 20:45:53    -1102.513570        1.2294
BFGS:  342 20:45:53    -1102.504170        1.8797
BFGS:  343 20:45:53    -1102.520285        1.2423
BFGS:  344 20:45:53    -1102.491017        2.1862
BFGS:  345 20:45:53    -1102.512955        1.2634
BFGS:  346 20:45:53    -1102.504255        1.8796
BFGS:  347 20:45:53    -1102.520132        0.7936
BFGS:  348 20:45:53    -1102.516426        1.4279
BFGS:  349 20:45:53    -1102.519137        1.3034
BFGS:  350 20:45:53    -1102.491955        2.1591
BFGS:  351 20:45:53    -1102.513505        1.2332
BFGS:  352 20:45:53    -1102.504181        1.8804
BFGS:  353 20:45:53    -1102.520271        0.7819
BFGS:  354 20:45:53    -1102.516275        1.4347
BFGS:  355 20:45:53    -1102.518956        1.3124
BFGS:  356 20:45:54    -1102.491885        2.1628
BFGS:  357 20:45:54    -1102.513566        1.2301
BFGS:  358 20:45:54    -1102.504198        1.8800
BFGS:  359 20:45:54    -1102.520284        0.7807
BFGS:  360 20:45:54    -1102.516265        1.4354
BFGS:  361 20:45:54    -1102.518939        1.3132
BFGS:  362 20:45:54    -1102.491865        2.1639
BFGS:  363 20:45:54    -1102.513570        1.2302
BFGS:  364 20:45:54    -1102.504214        1.8805
BFGS:  365 20:45:54    -1102.520284        0.7807
BFGS:  366 20:45:54    -1102.516266        1.4355
BFGS:  367 20:45:54    -1102.518940        1.3134
BFGS:  368 20:45:54    -1102.491852        2.1654
BFGS:  369 20:45:54    -1102.513569        1.2304
BFGS:  370 20:45:54    -1102.504226        1.8802
BFGS:  371 20:45:54    -1102.520283        0.7807
BFGS:  372 20:45:54    -1102.516269        1.4356
BFGS:  373 20:45:54    -1102.518941        1.3134
BFGS:  374 20:45:54    -1102.491842        2.1661
BFGS:  375 20:45:54    -1102.513568        1.2307
BFGS:  376 20:45:54    -1102.504237        1.8806
BFGS:  377 20:45:54    -1102.520282        0.7807
BFGS:  378 20:45:54    -1102.516271        1.4357
BFGS:  379 20:45:54    -1102.518943        1.3134
BFGS:  380 20:45:54    -1102.491833        2.1673
BFGS:  381 20:45:54    -1102.513567        1.2309
BFGS:  382 20:45:54    -1102.504247        1.8805
BFGS:  383 20:45:54    -1102.520281        0.7807
BFGS:  384 20:45:55    -1102.516273        1.4358
BFGS:  385 20:45:55    -1102.518945        1.3134
BFGS:  386 20:45:55    -1102.491824        2.1679
BFGS:  387 20:45:55    -1102.513566        1.2311
BFGS:  388 20:45:55    -1102.504257        1.8808
BFGS:  389 20:45:55    -1102.520280        0.7808
BFGS:  390 20:45:55    -1102.516275        1.4359
BFGS:  391 20:45:55    -1102.518946        1.3135
BFGS:  392 20:45:55    -1102.491817        2.1688
BFGS:  393 20:45:55    -1102.513565        1.2312
BFGS:  394 20:45:55    -1102.504265        1.8807
BFGS:  395 20:45:55    -1102.520280        0.7808
BFGS:  396 20:45:55    -1102.516277        1.4359
BFGS:  397 20:45:55    -1102.518947        1.3135
BFGS:  398 20:45:55    -1102.491811        2.1694
BFGS:  399 20:45:55    -1102.513565        1.2314
BFGS:  400 20:45:55    -1102.504273        1.8809
BFGS:  401 20:45:55    -1102.520279        0.7808
BFGS:  402 20:45:55    -1102.516278        1.4360
BFGS:  403 20:45:55    -1102.518949        1.3135
BFGS:  404 20:45:55    -1102.491805        2.1701
BFGS:  405 20:45:55    -1102.513564        1.2316
BFGS:  406 20:45:55    -1102.504281        1.8809
BFGS:  407 20:45:55    -1102.520278        0.7808
BFGS:  408 20:45:55    -1102.516280        1.4361
BFGS:  409 20:45:55    -1102.518950        1.3135
BFGS:  410 20:45:55    -1102.491799        2.1706
BFGS:  411 20:45:55    -1102.513563        1.2317
BFGS:  412 20:45:56    -1102.504288        1.8809
BFGS:  413 20:45:56    -1102.520277        0.7808
BFGS:  414 20:45:56    -1102.516281        1.4361
BFGS:  415 20:45:56    -1102.518951        1.3135
BFGS:  416 20:45:56    -1102.491795        2.1712
BFGS:  417 20:45:56    -1102.513563        1.2318
BFGS:  418 20:45:56    -1102.504295        1.8809
BFGS:  419 20:45:56    -1102.520277        0.7808
BFGS:  420 20:45:56    -1102.516283        1.4362
BFGS:  421 20:45:56    -1102.518952        1.3135
BFGS:  422 20:45:56    -1102.491790        2.1716
BFGS:  423 20:45:56    -1102.513562        1.2320
BFGS:  424 20:45:56    -1102.504301        1.8810
BFGS:  425 20:45:56    -1102.520276        0.7808
BFGS:  426 20:45:56    -1102.516284        1.4362
BFGS:  427 20:45:56    -1102.518953        1.3135
BFGS:  428 20:45:56    -1102.491786        2.1721
BFGS:  429 20:45:56    -1102.513562        1.2321
BFGS:  430 20:45:56    -1102.504307        1.8810
BFGS:  431 20:45:56    -1102.520275        0.7808
BFGS:  432 20:45:56    -1102.516286        1.4362
BFGS:  433 20:45:56    -1102.518954        1.3135
BFGS:  434 20:45:56    -1102.491783        2.1725
BFGS:  435 20:45:56    -1102.513562        1.2322
BFGS:  436 20:45:56    -1102.504313        1.8810
BFGS:  437 20:45:56    -1102.520275        0.7808
BFGS:  438 20:45:56    -1102.516287        1.4363
BFGS:  439 20:45:56    -1102.518955        1.3136
BFGS:  440 20:45:56    -1102.491779        2.1729
BFGS:  441 20:45:57    -1102.513561        1.2323
BFGS:  442 20:45:57    -1102.504319        1.8810
BFGS:  443 20:45:57    -1102.520274        0.7808
BFGS:  444 20:45:57    -1102.516288        1.4363
BFGS:  445 20:45:57    -1102.518956        1.3136
BFGS:  446 20:45:57    -1102.491776        2.1733
BFGS:  447 20:45:57    -1102.513561        1.2324
BFGS:  448 20:45:57    -1102.504324        1.8809
BFGS:  449 20:45:57    -1102.520274        0.7808
BFGS:  450 20:45:57    -1102.516289        1.4363
BFGS:  451 20:45:57    -1102.518957        1.3136
BFGS:  452 20:45:57    -1102.491774        2.1736
BFGS:  453 20:45:57    -1102.513561        1.2324
BFGS:  454 20:45:57    -1102.504329        1.8809
BFGS:  455 20:45:57    -1102.520273        0.7809
BFGS:  456 20:45:57    -1102.516291        1.4364
BFGS:  457 20:45:57    -1102.518957        1.3136
BFGS:  458 20:45:57    -1102.491771        2.1740
BFGS:  459 20:45:57    -1102.513560        1.2325
BFGS:  460 20:45:57    -1102.504334        1.8809
BFGS:  461 20:45:57    -1102.520273        0.7809
BFGS:  462 20:45:57    -1102.516292        1.4364
BFGS:  463 20:45:57    -1102.518958        1.3136
BFGS:  464 20:45:57    -1102.491769        2.1743
BFGS:  465 20:45:57    -1102.513560        1.2326
BFGS:  466 20:45:57    -1102.504339        1.8809
BFGS:  467 20:45:57    -1102.520272        0.7809
BFGS:  468 20:45:57    -1102.516293        1.4364
BFGS:  469 20:45:58    -1102.518959        1.3136
BFGS:  470 20:45:58    -1102.491767        2.1745
BFGS:  471 20:45:58    -1102.513560        1.2327
BFGS:  472 20:45:58    -1102.504343        1.8808
BFGS:  473 20:45:58    -1102.520272        0.7809
BFGS:  474 20:45:58    -1102.516294        1.4364
BFGS:  475 20:45:58    -1102.518960        1.3136
BFGS:  476 20:45:58    -1102.491765        2.1748
BFGS:  477 20:45:58    -1102.513560        1.2327
BFGS:  478 20:45:58    -1102.504347        1.8808
BFGS:  479 20:45:58    -1102.520271        0.7809
BFGS:  480 20:45:58    -1102.516295        1.4364
BFGS:  481 20:45:58    -1102.518960        1.3136
BFGS:  482 20:45:58    -1102.491763        2.1750
BFGS:  483 20:45:58    -1102.513560        1.2328
BFGS:  484 20:45:58    -1102.504351        1.8807
BFGS:  485 20:45:58    -1102.520271        0.7809
BFGS:  486 20:45:58    -1102.516296        1.4365
BFGS:  487 20:45:58    -1102.518961        1.3136
BFGS:  488 20:45:58    -1102.491762        2.1753
BFGS:  489 20:45:58    -1102.513560        1.2328
BFGS:  490 20:45:58    -1102.504355        1.8807
BFGS:  491 20:45:58    -1102.520271        0.7809
BFGS:  492 20:45:58    -1102.516296        1.4365
BFGS:  493 20:45:58    -1102.518961        1.3135
BFGS:  494 20:45:58    -1102.491760        2.1755
BFGS:  495 20:45:58    -1102.513559        1.2329
BFGS:  496 20:45:58    -1102.504359        1.8806
BFGS:  497 20:45:59    -1102.520270        0.7809
BFGS:  498 20:45:59    -1102.516297        1.4365
BFGS:  499 20:45:59    -1102.518962        1.3135
