      Step     Time          Energy         fmax
BFGS:    0 20:46:38     -766.513332      222.9401
BFGS:    1 20:46:38     -806.984181      184.2407
BFGS:    2 20:46:38     -828.009474      173.0957
BFGS:    3 20:46:38     -845.837321      164.2514
BFGS:    4 20:46:38     -860.371497      148.8121
BFGS:    5 20:46:38     -872.803948      137.2818
BFGS:    6 20:46:38     -882.878716      126.6908
BFGS:    7 20:46:38     -891.712923      118.1864
BFGS:    8 20:46:38     -902.134448      105.7681
BFGS:    9 20:46:38     -911.103770       95.9854
BFGS:   10 20:46:38     -919.032547       92.3663
BFGS:   11 20:46:38     -926.246845       81.3768
BFGS:   12 20:46:39     -932.323588       74.1220
BFGS:   13 20:46:39     -936.836868       68.3005
BFGS:   14 20:46:39     -940.821212       64.1364
BFGS:   15 20:46:39     -944.600175       60.0523
BFGS:   16 20:46:39     -948.511845       55.9548
BFGS:   17 20:46:39     -952.327964       50.5760
BFGS:   18 20:46:39     -955.460899       50.2845
BFGS:   19 20:46:39     -958.224593       45.4818
BFGS:   20 20:46:39     -960.927513       43.8513
BFGS:   21 20:46:39     -963.898945       40.5922
BFGS:   22 20:46:39     -966.844125       37.1229
BFGS:   23 20:46:39     -969.561558       34.7406
BFGS:   24 20:46:39     -972.108766       34.5932
BFGS:   25 20:46:39     -974.691529       33.8155
BFGS:   26 20:46:39     -977.264499       33.2133
BFGS:   27 20:46:39     -979.837913       32.5122
BFGS:   28 20:46:39     -982.419972       31.8617
BFGS:   29 20:46:39     -985.063702       31.4362
BFGS:   30 20:46:39     -987.643125       31.1765
BFGS:   31 20:46:39     -990.112025       31.2032
BFGS:   32 20:46:39     -992.496901       31.1300
BFGS:   33 20:46:39     -994.903012       31.4259
BFGS:   34 20:46:39     -997.462684       31.3686
BFGS:   35 20:46:39    -1000.016092       31.1362
BFGS:   36 20:46:39    -1002.482745       30.5525
BFGS:   37 20:46:39    -1004.943728       31.6895
BFGS:   38 20:46:39    -1007.452368       33.6050
BFGS:   39 20:46:40    -1010.068711       35.7346
BFGS:   40 20:46:40    -1012.764636       38.3421
BFGS:   41 20:46:40    -1015.350261       40.4347
BFGS:   42 20:46:40    -1018.053435       42.1100
BFGS:   43 20:46:40    -1020.708431       42.4756
BFGS:   44 20:46:40    -1023.127432       42.3506
BFGS:   45 20:46:40    -1025.318972       42.1072
BFGS:   46 20:46:40    -1027.313540       41.6798
BFGS:   47 20:46:40    -1029.113710       41.7473
BFGS:   48 20:46:40    -1030.847709       41.8716
BFGS:   49 20:46:40    -1032.510948       41.9036
BFGS:   50 20:46:40    -1034.162873       41.8817
BFGS:   51 20:46:40    -1035.800637       41.3572
BFGS:   52 20:46:40    -1037.440925       40.2048
BFGS:   53 20:46:40    -1039.088895       38.3795
BFGS:   54 20:46:40    -1040.684772       35.2885
BFGS:   55 20:46:40    -1042.281483       32.5626
BFGS:   56 20:46:40    -1043.811562       28.6613
BFGS:   57 20:46:40    -1045.207724       25.7329
BFGS:   58 20:46:40    -1046.556884       22.9933
BFGS:   59 20:46:40    -1047.889531       20.4425
BFGS:   60 20:46:40    -1049.285019       18.5556
BFGS:   61 20:46:40    -1050.739927       17.4250
BFGS:   62 20:46:40    -1052.273547       17.8892
BFGS:   63 20:46:40    -1053.825371       17.3952
BFGS:   64 20:46:40    -1055.408890       17.6201
BFGS:   65 20:46:40    -1056.949846       17.2968
BFGS:   66 20:46:41    -1058.459098       17.0573
BFGS:   67 20:46:41    -1059.965838       15.7182
BFGS:   68 20:46:41    -1061.313293       15.2355
BFGS:   69 20:46:41    -1062.542751       13.6695
BFGS:   70 20:46:41    -1063.695902       13.6106
BFGS:   71 20:46:41    -1064.855864       14.1991
BFGS:   72 20:46:41    -1066.050632       14.8647
BFGS:   73 20:46:41    -1067.137233       15.2214
BFGS:   74 20:46:41    -1068.100027       15.5740
BFGS:   75 20:46:41    -1068.963202       15.6305
BFGS:   76 20:46:41    -1069.793716       15.6798
BFGS:   77 20:46:41    -1070.625598       15.6133
BFGS:   78 20:46:41    -1071.459569       15.5730
BFGS:   79 20:46:41    -1072.301692       15.7785
BFGS:   80 20:46:41    -1073.164176       16.3221
BFGS:   81 20:46:41    -1074.049266       16.4332
BFGS:   82 20:46:41    -1074.922237       15.7524
BFGS:   83 20:46:41    -1075.795967       14.4314
BFGS:   84 20:46:41    -1076.674464       13.6045
BFGS:   85 20:46:41    -1077.555985       13.2127
BFGS:   86 20:46:41    -1078.444195       13.4662
BFGS:   87 20:46:41    -1079.317437       12.8906
BFGS:   88 20:46:41    -1080.118976       11.4275
BFGS:   89 20:46:41    -1080.861111       10.4435
BFGS:   90 20:46:41    -1081.565748        9.2397
BFGS:   91 20:46:41    -1082.246346        8.5750
BFGS:   92 20:46:41    -1082.927808        9.2243
BFGS:   93 20:46:41    -1083.628647       11.3394
BFGS:   94 20:46:41    -1084.375332       13.8198
BFGS:   95 20:46:41    -1085.060075       16.3286
BFGS:   96 20:46:41    -1085.666368       17.8012
BFGS:   97 20:46:42    -1086.270946       18.8425
BFGS:   98 20:46:42    -1086.836121       19.5153
BFGS:   99 20:46:42    -1087.477641       19.8287
BFGS:  100 20:46:42    -1088.243796       19.8867
BFGS:  101 20:46:42    -1088.947579       18.9095
BFGS:  102 20:46:42    -1089.770336       15.7912
BFGS:  103 20:46:42    -1090.543848       11.0478
BFGS:  104 20:46:42    -1091.290629       10.6612
BFGS:  105 20:46:42    -1091.781584        9.3993
BFGS:  106 20:46:42    -1092.121942       10.5819
BFGS:  107 20:46:42    -1092.487960       10.6778
BFGS:  108 20:46:42    -1092.860132       10.5797
BFGS:  109 20:46:42    -1093.256456        9.3148
BFGS:  110 20:46:42    -1093.720354        6.6521
BFGS:  111 20:46:42    -1094.089974        5.6634
BFGS:  112 20:46:42    -1094.446453        5.0336
BFGS:  113 20:46:42    -1094.730407        5.0921
BFGS:  114 20:46:42    -1095.008970        4.6946
BFGS:  115 20:46:42    -1095.297376        4.2803
BFGS:  116 20:46:42    -1095.524154        3.6410
BFGS:  117 20:46:42    -1095.729054        3.4560
BFGS:  118 20:46:42    -1095.889554        2.6541
BFGS:  119 20:46:42    -1096.049653        3.0271
BFGS:  120 20:46:42    -1096.206738        3.2084
BFGS:  121 20:46:42    -1096.350596        4.1048
BFGS:  122 20:46:42    -1096.479808        4.3435
BFGS:  123 20:46:42    -1096.622683        4.2744
BFGS:  124 20:46:42    -1096.772703        4.2638
BFGS:  125 20:46:42    -1096.971371        5.0872
BFGS:  126 20:46:42    -1097.193019        5.4231
BFGS:  127 20:46:42    -1097.391984        5.7584
BFGS:  128 20:46:42    -1097.609511        5.5264
BFGS:  129 20:46:43    -1097.856114        5.3295
BFGS:  130 20:46:43    -1098.178078        5.5468
BFGS:  131 20:46:43    -1098.540272        5.9065
BFGS:  132 20:46:43    -1098.877522        6.1104
BFGS:  133 20:46:43    -1099.151103        6.8453
BFGS:  134 20:46:43    -1099.505556        7.8983
BFGS:  135 20:46:43    -1099.774086        7.7291
BFGS:  136 20:46:43    -1100.160686        7.8562
BFGS:  137 20:46:43    -1100.504036        9.2013
BFGS:  138 20:46:43    -1100.896605       10.7832
BFGS:  139 20:46:43    -1101.248165       10.9117
BFGS:  140 20:46:43    -1101.658750        9.5307
BFGS:  141 20:46:43    -1101.954993        5.2552
BFGS:  142 20:46:43    -1102.159122        4.5569
BFGS:  143 20:46:43    -1102.307110        3.8499
BFGS:  144 20:46:43    -1102.420735        2.7491
BFGS:  145 20:46:43    -1102.521346        2.4040
BFGS:  146 20:46:43    -1102.576812        2.6425
BFGS:  147 20:46:43    -1102.620768        2.1589
BFGS:  148 20:46:43    -1102.658020        1.9847
BFGS:  149 20:46:43    -1102.686252        1.5967
BFGS:  150 20:46:43    -1102.722574        1.4458
BFGS:  151 20:46:43    -1102.756374        1.6452
BFGS:  152 20:46:43    -1102.787265        1.1548
BFGS:  153 20:46:43    -1102.810809        1.1205
BFGS:  154 20:46:43    -1102.830217        1.1595
BFGS:  155 20:46:43    -1102.843481        1.1046
BFGS:  156 20:46:43    -1102.851789        0.9812
BFGS:  157 20:46:43    -1102.858095        0.8022
BFGS:  158 20:46:43    -1102.862388        1.0779
BFGS:  159 20:46:43    -1102.859867        0.8734
BFGS:  160 20:46:44    -1102.865073        0.7007
BFGS:  161 20:46:44    -1102.866168        0.8422
BFGS:  162 20:46:44    -1102.865736        0.8826
BFGS:  163 20:46:44    -1102.867489        0.6066
BFGS:  164 20:46:44    -1102.868077        0.8283
BFGS:  165 20:46:44    -1102.853525        0.8420
BFGS:  166 20:46:44    -1102.868485        0.6351
BFGS:  167 20:46:44    -1102.869044        0.5443
BFGS:  168 20:46:44    -1102.869384        0.5056
BFGS:  169 20:46:44    -1102.870218        0.5024
BFGS:  170 20:46:44    -1102.870532        0.4264
BFGS:  171 20:46:44    -1102.870791        0.4011
BFGS:  172 20:46:44    -1102.871221        0.7199
BFGS:  173 20:46:44    -1102.871761        0.7078
BFGS:  174 20:46:44    -1102.872799        0.3892
BFGS:  175 20:46:44    -1102.873515        0.3173
BFGS:  176 20:46:44    -1102.874086        0.6325
BFGS:  177 20:46:44    -1102.874285        0.3025
BFGS:  178 20:46:44    -1102.874386        0.2932
BFGS:  179 20:46:44    -1102.874589        0.2577
BFGS:  180 20:46:44    -1102.874662        0.2544
BFGS:  181 20:46:44    -1102.874812        0.2368
BFGS:  182 20:46:44    -1102.874946        0.2388
BFGS:  183 20:46:44    -1102.875028        0.5914
BFGS:  184 20:46:44    -1102.875148        0.2400
BFGS:  185 20:46:44    -1102.875235        0.2344
BFGS:  186 20:46:44    -1102.875435        0.2314
BFGS:  187 20:46:44    -1102.875593        0.2437
BFGS:  188 20:46:44    -1102.875853        0.2402
BFGS:  189 20:46:44    -1102.876071        0.2244
BFGS:  190 20:46:44    -1102.876253        0.3681
BFGS:  191 20:46:44    -1102.876389        0.1969
BFGS:  192 20:46:45    -1102.876497        0.2929
BFGS:  193 20:46:45    -1102.876573        0.1851
BFGS:  194 20:46:45    -1102.876619        0.1993
BFGS:  195 20:46:45    -1102.876650        0.2568
BFGS:  196 20:46:45    -1102.876672        0.2236
BFGS:  197 20:46:45    -1102.876706        0.2215
BFGS:  198 20:46:45    -1102.876662        0.8007
BFGS:  199 20:46:45    -1102.876704        0.2871
BFGS:  200 20:46:45    -1102.876755        0.2546
BFGS:  201 20:46:45    -1102.876763        0.1988
BFGS:  202 20:46:45    -1102.876767        0.2557
BFGS:  203 20:46:45    -1102.876772        0.2035
BFGS:  204 20:46:45    -1102.876775        0.2074
BFGS:  205 20:46:45    -1102.876751        0.7895
BFGS:  206 20:46:45    -1102.876777        0.2437
BFGS:  207 20:46:45    -1102.876775        0.2051
BFGS:  208 20:46:45    -1102.876778        0.2055
BFGS:  209 20:46:45    -1102.876775        0.2464
BFGS:  210 20:46:45    -1102.876778        0.2464
BFGS:  211 20:46:45    -1102.876767        0.2066
BFGS:  212 20:46:45    -1102.876778        0.2051
BFGS:  213 20:46:45    -1102.876769        0.2502
BFGS:  214 20:46:45    -1102.876778        0.2476
BFGS:  215 20:46:45    -1102.876754        0.2108
BFGS:  216 20:46:45    -1102.876775        0.2060
BFGS:  217 20:46:45    -1102.876756        0.7962
BFGS:  218 20:46:45    -1102.876773        0.2512
BFGS:  219 20:46:45    -1102.876724        0.2184
BFGS:  220 20:46:45    -1102.876772        0.2061
BFGS:  221 20:46:45    -1102.876755        0.2581
BFGS:  222 20:46:45    -1102.876777        0.2496
BFGS:  223 20:46:45    -1102.876731        0.2191
BFGS:  224 20:46:46    -1102.876769        0.2077
BFGS:  225 20:46:46    -1102.876746        0.2624
BFGS:  226 20:46:46    -1102.876777        0.2501
BFGS:  227 20:46:46    -1102.876716        0.2253
BFGS:  228 20:46:46    -1102.876766        0.2096
BFGS:  229 20:46:46    -1102.876735        0.2669
BFGS:  230 20:46:46    -1102.876776        0.2504
BFGS:  231 20:46:46    -1102.876699        0.2317
BFGS:  232 20:46:46    -1102.876762        0.2117
BFGS:  233 20:46:46    -1102.876725        0.2713
BFGS:  234 20:46:46    -1102.876776        0.2508
BFGS:  235 20:46:46    -1102.876683        0.2381
BFGS:  236 20:46:46    -1102.876757        0.2139
BFGS:  237 20:46:46    -1102.876714        0.2758
BFGS:  238 20:46:46    -1102.876776        0.2510
BFGS:  239 20:46:46    -1102.876667        0.2446
BFGS:  240 20:46:46    -1102.876753        0.2160
BFGS:  241 20:46:46    -1102.876701        0.8016
BFGS:  242 20:46:46    -1102.876773        0.2529
BFGS:  243 20:46:46    -1102.876584        0.6587
BFGS:  244 20:46:46    -1102.876743        0.2201
BFGS:  245 20:46:46    -1102.876699        0.2822
BFGS:  246 20:46:46    -1102.876778        0.2504
BFGS:  247 20:46:46    -1102.876636        0.2562
BFGS:  248 20:46:46    -1102.876743        0.2205
BFGS:  249 20:46:46    -1102.876682        0.2884
BFGS:  250 20:46:46    -1102.876775        0.2518
BFGS:  251 20:46:46    -1102.876619        0.2625
BFGS:  252 20:46:46    -1102.876740        0.2221
BFGS:  253 20:46:46    -1102.876670        0.2929
BFGS:  254 20:46:46    -1102.876774        0.2523
BFGS:  255 20:46:46    -1102.876603        0.2688
BFGS:  256 20:46:47    -1102.876736        0.2242
BFGS:  257 20:46:47    -1102.876658        0.2974
BFGS:  258 20:46:47    -1102.876774        0.2527
BFGS:  259 20:46:47    -1102.876586        0.6631
BFGS:  260 20:46:47    -1102.876730        0.2267
BFGS:  261 20:46:47    -1102.876609        0.8076
BFGS:  262 20:46:47    -1102.876770        0.2549
BFGS:  263 20:46:47    -1102.876574        0.2793
BFGS:  264 20:46:47    -1102.876730        0.2269
BFGS:  265 20:46:47    -1102.876635        0.3058
BFGS:  266 20:46:47    -1102.876772        0.2540
BFGS:  267 20:46:47    -1102.876555        0.2859
BFGS:  268 20:46:47    -1102.876725        0.2296
BFGS:  269 20:46:47    -1102.876622        0.3102
BFGS:  270 20:46:47    -1102.876771        0.2541
BFGS:  271 20:46:47    -1102.876539        0.2918
BFGS:  272 20:46:47    -1102.876720        0.2317
BFGS:  273 20:46:47    -1102.876610        0.8056
BFGS:  274 20:46:47    -1102.876770        0.2551
BFGS:  275 20:46:47    -1102.876502        0.6654
BFGS:  276 20:46:47    -1102.876713        0.2346
BFGS:  277 20:46:47    -1102.876595        0.3198
BFGS:  278 20:46:47    -1102.876770        0.2548
BFGS:  279 20:46:47    -1102.876509        0.3026
BFGS:  280 20:46:47    -1102.876713        0.2353
BFGS:  281 20:46:47    -1102.876588        0.3226
BFGS:  282 20:46:47    -1102.876769        0.2554
BFGS:  283 20:46:47    -1102.876494        0.3081
BFGS:  284 20:46:47    -1102.876709        0.2370
BFGS:  285 20:46:47    -1102.876576        0.3267
BFGS:  286 20:46:47    -1102.876768        0.2559
BFGS:  287 20:46:47    -1102.876479        0.3134
BFGS:  288 20:46:48    -1102.876706        0.2387
BFGS:  289 20:46:48    -1102.876563        0.8069
BFGS:  290 20:46:48    -1102.876767        0.2568
BFGS:  291 20:46:48    -1102.876452        0.6644
BFGS:  292 20:46:48    -1102.876700        0.2411
BFGS:  293 20:46:48    -1102.876545        0.3371
BFGS:  294 20:46:48    -1102.876766        0.2572
BFGS:  295 20:46:48    -1102.876451        0.3233
BFGS:  296 20:46:48    -1102.876699        0.2418
BFGS:  297 20:46:48    -1102.876542        0.3385
BFGS:  298 20:46:48    -1102.876765        0.2575
BFGS:  299 20:46:48    -1102.876437        0.3283
BFGS:  300 20:46:48    -1102.876695        0.2434
BFGS:  301 20:46:48    -1102.876529        0.8075
BFGS:  302 20:46:48    -1102.876764        0.2582
BFGS:  303 20:46:48    -1102.876417        0.3351
BFGS:  304 20:46:48    -1102.876691        0.2453
BFGS:  305 20:46:48    -1102.876521        0.3458
BFGS:  306 20:46:48    -1102.876764        0.2582
BFGS:  307 20:46:48    -1102.876411        0.3377
BFGS:  308 20:46:48    -1102.876689        0.2465
BFGS:  309 20:46:48    -1102.876510        0.3494
BFGS:  310 20:46:48    -1102.876763        0.2589
BFGS:  311 20:46:48    -1102.876398        0.3422
BFGS:  312 20:46:48    -1102.876686        0.2478
BFGS:  313 20:46:48    -1102.876499        0.3530
BFGS:  314 20:46:48    -1102.876762        0.2594
BFGS:  315 20:46:48    -1102.876386        0.3465
BFGS:  316 20:46:48    -1102.876684        0.2492
BFGS:  317 20:46:48    -1102.876489        0.3565
BFGS:  318 20:46:48    -1102.876761        0.2599
BFGS:  319 20:46:48    -1102.876374        0.3508
BFGS:  320 20:46:49    -1102.876681        0.2505
BFGS:  321 20:46:49    -1102.876479        0.3599
BFGS:  322 20:46:49    -1102.876760        0.2605
BFGS:  323 20:46:49    -1102.876362        0.3548
BFGS:  324 20:46:49    -1102.876678        0.2517
BFGS:  325 20:46:49    -1102.876468        0.8078
BFGS:  326 20:46:49    -1102.876758        0.2614
BFGS:  327 20:46:49    -1102.876329        0.6766
BFGS:  328 20:46:49    -1102.876673        0.2538
BFGS:  329 20:46:49    -1102.876458        0.3667
BFGS:  330 20:46:49    -1102.876758        0.2612
BFGS:  331 20:46:49    -1102.876340        0.3624
BFGS:  332 20:46:49    -1102.876673        0.2541
BFGS:  333 20:46:49    -1102.876450        0.3694
BFGS:  334 20:46:49    -1102.876757        0.2620
BFGS:  335 20:46:49    -1102.876329        0.3661
BFGS:  336 20:46:49    -1102.876671        0.2551
BFGS:  337 20:46:49    -1102.876440        0.8078
BFGS:  338 20:46:49    -1102.876755        0.2628
BFGS:  339 20:46:49    -1102.876305        0.6788
BFGS:  340 20:46:49    -1102.876667        0.2569
BFGS:  341 20:46:49    -1102.876427        0.3768
BFGS:  342 20:46:49    -1102.876754        0.2630
BFGS:  343 20:46:49    -1102.876309        0.3729
BFGS:  344 20:46:49    -1102.876666        0.2571
BFGS:  345 20:46:49    -1102.876423        0.6334
BFGS:  346 20:46:49    -1102.876753        0.2636
BFGS:  347 20:46:49    -1102.876296        0.3773
BFGS:  348 20:46:49    -1102.876664        0.2583
BFGS:  349 20:46:49    -1102.876416        0.3807
BFGS:  350 20:46:49    -1102.876753        0.2638
BFGS:  351 20:46:49    -1102.876291        0.3794
BFGS:  352 20:46:49    -1102.876662        0.2590
BFGS:  353 20:46:50    -1102.876407        0.3834
BFGS:  354 20:46:50    -1102.876752        0.2644
BFGS:  355 20:46:50    -1102.876282        0.3825
BFGS:  356 20:46:50    -1102.876661        0.2599
BFGS:  357 20:46:50    -1102.876399        0.3859
BFGS:  358 20:46:50    -1102.876751        0.2649
BFGS:  359 20:46:50    -1102.876273        0.3854
BFGS:  360 20:46:50    -1102.876659        0.2607
BFGS:  361 20:46:50    -1102.876392        0.3885
BFGS:  362 20:46:50    -1102.876750        0.2654
BFGS:  363 20:46:50    -1102.876265        0.3883
BFGS:  364 20:46:50    -1102.876657        0.2615
BFGS:  365 20:46:50    -1102.876383        0.8073
BFGS:  366 20:46:50    -1102.876748        0.2661
BFGS:  367 20:46:50    -1102.876241        0.6842
BFGS:  368 20:46:50    -1102.876654        0.2631
BFGS:  369 20:46:50    -1102.876375        0.3940
BFGS:  370 20:46:50    -1102.876748        0.2661
BFGS:  371 20:46:50    -1102.876249        0.3935
BFGS:  372 20:46:50    -1102.876654        0.2631
BFGS:  373 20:46:50    -1102.876370        0.5193
BFGS:  374 20:46:50    -1102.876747        0.2667
BFGS:  375 20:46:50    -1102.876240        0.3966
BFGS:  376 20:46:50    -1102.876652        0.2639
BFGS:  377 20:46:50    -1102.876364        0.3975
BFGS:  378 20:46:50    -1102.876746        0.2670
BFGS:  379 20:46:50    -1102.876235        0.3984
BFGS:  380 20:46:50    -1102.876651        0.2644
BFGS:  381 20:46:50    -1102.876357        0.3996
BFGS:  382 20:46:50    -1102.876745        0.2675
BFGS:  383 20:46:50    -1102.876229        0.4008
BFGS:  384 20:46:50    -1102.876650        0.2650
BFGS:  385 20:46:51    -1102.876350        0.4016
BFGS:  386 20:46:51    -1102.876744        0.2679
BFGS:  387 20:46:51    -1102.876222        0.4030
BFGS:  388 20:46:51    -1102.876648        0.2657
BFGS:  389 20:46:51    -1102.876343        0.8063
BFGS:  390 20:46:51    -1102.876743        0.2686
BFGS:  391 20:46:51    -1102.876199        0.6881
BFGS:  392 20:46:51    -1102.876645        0.2670
BFGS:  393 20:46:51    -1102.876337        0.4062
BFGS:  394 20:46:51    -1102.876743        0.2685
BFGS:  395 20:46:51    -1102.876209        0.4071
BFGS:  396 20:46:51    -1102.876645        0.2669
BFGS:  397 20:46:51    -1102.876332        0.8044
BFGS:  398 20:46:51    -1102.876741        0.2692
BFGS:  399 20:46:51    -1102.876193        0.6889
BFGS:  400 20:46:51    -1102.876643        0.2680
BFGS:  401 20:46:51    -1102.876323        0.4105
BFGS:  402 20:46:51    -1102.876741        0.2695
BFGS:  403 20:46:51    -1102.876198        0.4109
BFGS:  404 20:46:51    -1102.876643        0.2678
BFGS:  405 20:46:51    -1102.876322        0.4108
BFGS:  406 20:46:51    -1102.876740        0.2698
BFGS:  407 20:46:51    -1102.876192        0.4128
BFGS:  408 20:46:51    -1102.876642        0.2683
BFGS:  409 20:46:51    -1102.876315        0.8053
BFGS:  410 20:46:51    -1102.876739        0.2702
BFGS:  411 20:46:51    -1102.876183        0.4156
BFGS:  412 20:46:51    -1102.876641        0.2690
BFGS:  413 20:46:51    -1102.876313        0.4136
BFGS:  414 20:46:51    -1102.876739        0.2702
BFGS:  415 20:46:51    -1102.876183        0.4160
BFGS:  416 20:46:51    -1102.876640        0.2693
BFGS:  417 20:46:52    -1102.876308        0.4152
BFGS:  418 20:46:52    -1102.876738        0.2707
BFGS:  419 20:46:52    -1102.876179        0.4177
BFGS:  420 20:46:52    -1102.876639        0.2696
BFGS:  421 20:46:52    -1102.876303        0.4166
BFGS:  422 20:46:52    -1102.876738        0.2710
BFGS:  423 20:46:52    -1102.876174        0.4193
BFGS:  424 20:46:52    -1102.876639        0.2700
BFGS:  425 20:46:52    -1102.876298        0.4181
BFGS:  426 20:46:52    -1102.876737        0.2713
BFGS:  427 20:46:52    -1102.876170        0.4207
BFGS:  428 20:46:52    -1102.876638        0.2704
BFGS:  429 20:46:52    -1102.876293        0.8041
BFGS:  430 20:46:52    -1102.876736        0.2718
BFGS:  431 20:46:52    -1102.876153        0.6933
BFGS:  432 20:46:52    -1102.876635        0.2715
BFGS:  433 20:46:52    -1102.876287        0.4217
BFGS:  434 20:46:52    -1102.876736        0.2718
BFGS:  435 20:46:52    -1102.876161        0.4233
BFGS:  436 20:46:52    -1102.876636        0.2712
BFGS:  437 20:46:52    -1102.876286        0.4803
BFGS:  438 20:46:52    -1102.876735        0.2721
BFGS:  439 20:46:52    -1102.876157        0.4248
BFGS:  440 20:46:52    -1102.876635        0.2715
BFGS:  441 20:46:52    -1102.876282        0.4230
BFGS:  442 20:46:52    -1102.876735        0.2723
BFGS:  443 20:46:52    -1102.876154        0.4259
BFGS:  444 20:46:52    -1102.876635        0.2718
BFGS:  445 20:46:52    -1102.876278        0.4241
BFGS:  446 20:46:52    -1102.876734        0.2726
BFGS:  447 20:46:52    -1102.876151        0.4271
BFGS:  448 20:46:52    -1102.876634        0.2721
BFGS:  449 20:46:53    -1102.876275        0.7966
BFGS:  450 20:46:53    -1102.876733        0.2731
BFGS:  451 20:46:53    -1102.876136        0.6955
BFGS:  452 20:46:53    -1102.876632        0.2730
BFGS:  453 20:46:53    -1102.876269        0.4274
BFGS:  454 20:46:53    -1102.876733        0.2731
BFGS:  455 20:46:53    -1102.876144        0.4292
BFGS:  456 20:46:53    -1102.876633        0.2727
BFGS:  457 20:46:53    -1102.876268        0.4274
BFGS:  458 20:46:53    -1102.876732        0.2733
BFGS:  459 20:46:53    -1102.876141        0.4303
BFGS:  460 20:46:53    -1102.876632        0.2729
BFGS:  461 20:46:53    -1102.876264        0.8026
BFGS:  462 20:46:53    -1102.876732        0.2736
BFGS:  463 20:46:53    -1102.876132        0.4325
BFGS:  464 20:46:53    -1102.876631        0.2735
BFGS:  465 20:46:53    -1102.876263        0.4290
BFGS:  466 20:46:53    -1102.876732        0.2736
BFGS:  467 20:46:53    -1102.876136        0.4321
BFGS:  468 20:46:53    -1102.876631        0.2735
BFGS:  469 20:46:53    -1102.876260        0.4299
BFGS:  470 20:46:53    -1102.876731        0.2739
BFGS:  471 20:46:53    -1102.876133        0.4331
BFGS:  472 20:46:53    -1102.876631        0.2736
BFGS:  473 20:46:53    -1102.876257        0.4308
BFGS:  474 20:46:53    -1102.876731        0.2741
BFGS:  475 20:46:53    -1102.876131        0.4340
BFGS:  476 20:46:53    -1102.876630        0.2739
BFGS:  477 20:46:53    -1102.876254        0.4316
BFGS:  478 20:46:53    -1102.876730        0.2743
BFGS:  479 20:46:53    -1102.876128        0.4348
BFGS:  480 20:46:53    -1102.876630        0.2741
BFGS:  481 20:46:54    -1102.876251        0.8017
BFGS:  482 20:46:54    -1102.876729        0.2747
BFGS:  483 20:46:54    -1102.876113        0.6985
BFGS:  484 20:46:54    -1102.876628        0.2749
BFGS:  485 20:46:54    -1102.876247        0.4340
BFGS:  486 20:46:54    -1102.876730        0.2745
BFGS:  487 20:46:54    -1102.876123        0.4362
BFGS:  488 20:46:54    -1102.876629        0.2745
BFGS:  489 20:46:54    -1102.876246        0.8010
BFGS:  490 20:46:54    -1102.876729        0.2749
BFGS:  491 20:46:54    -1102.876113        0.6990
BFGS:  492 20:46:54    -1102.876627        0.2752
BFGS:  493 20:46:54    -1102.876239        0.4362
BFGS:  494 20:46:54    -1102.876729        0.2751
BFGS:  495 20:46:54    -1102.876119        0.4376
BFGS:  496 20:46:54    -1102.876628        0.2748
BFGS:  497 20:46:54    -1102.876241        0.7981
BFGS:  498 20:46:54    -1102.876728        0.2752
BFGS:  499 20:46:54    -1102.876112        0.4392
