      Step     Time          Energy         fmax
BFGS:    0 20:43:33     -715.259037      170.6821
BFGS:    1 20:43:33     -758.200318      157.1257
BFGS:    2 20:43:33     -798.212451      147.0411
BFGS:    3 20:43:33     -832.372927      136.9349
BFGS:    4 20:43:33     -858.035890      129.3690
BFGS:    5 20:43:33     -877.246097      122.3039
BFGS:    6 20:43:33     -896.461329      114.8503
BFGS:    7 20:43:33     -910.183966      107.3595
BFGS:    8 20:43:33     -921.675706      101.0692
BFGS:    9 20:43:33     -932.295039       96.0464
BFGS:   10 20:43:33     -943.617409       88.9005
BFGS:   11 20:43:33     -955.210199       82.0611
BFGS:   12 20:43:33     -967.513958       74.2516
BFGS:   13 20:43:33     -977.324523       71.6397
BFGS:   14 20:43:33     -986.776600       68.1349
BFGS:   15 20:43:34     -996.880137       61.5658
BFGS:   16 20:43:34    -1005.215493       56.8747
BFGS:   17 20:43:34    -1013.197870       51.8894
BFGS:   18 20:43:34    -1020.697248       47.2624
BFGS:   19 20:43:34    -1027.291726       41.6359
BFGS:   20 20:43:34    -1033.974855       37.9234
BFGS:   21 20:43:34    -1041.671296       36.7421
BFGS:   22 20:43:34    -1046.563766       35.8441
BFGS:   23 20:43:34    -1049.835899       33.3918
BFGS:   24 20:43:34    -1052.784801       29.9179
BFGS:   25 20:43:34    -1055.986485       27.0541
BFGS:   26 20:43:34    -1058.539363       23.7454
BFGS:   27 20:43:34    -1061.217823       21.0633
BFGS:   28 20:43:34    -1063.665731       18.7978
BFGS:   29 20:43:34    -1065.684654       17.2619
BFGS:   30 20:43:34    -1067.117928       16.5522
BFGS:   31 20:43:34    -1068.205278       16.0873
BFGS:   32 20:43:34    -1069.272695       14.9334
BFGS:   33 20:43:34    -1070.306599       14.8054
BFGS:   34 20:43:34    -1071.357059       14.5637
BFGS:   35 20:43:34    -1072.422905       14.4249
BFGS:   36 20:43:34    -1073.648711       14.3226
BFGS:   37 20:43:34    -1074.847262       13.5370
BFGS:   38 20:43:34    -1076.010531       14.4081
BFGS:   39 20:43:34    -1077.203623       15.8813
BFGS:   40 20:43:34    -1078.442073       17.0960
BFGS:   41 20:43:35    -1079.573808       17.3848
BFGS:   42 20:43:35    -1080.665616       17.6972
BFGS:   43 20:43:35    -1081.626364       16.5972
BFGS:   44 20:43:35    -1082.588744       16.1811
BFGS:   45 20:43:35    -1083.469995       14.7940
BFGS:   46 20:43:35    -1084.302720       14.7414
BFGS:   47 20:43:35    -1085.144834       14.4998
BFGS:   48 20:43:35    -1085.946899       13.9264
BFGS:   49 20:43:35    -1086.705038       12.8837
BFGS:   50 20:43:35    -1087.484936       11.5019
BFGS:   51 20:43:35    -1088.253178        9.9288
BFGS:   52 20:43:35    -1089.011354        8.2442
BFGS:   53 20:43:35    -1089.774000        7.1261
BFGS:   54 20:43:35    -1090.546287        7.7229
BFGS:   55 20:43:35    -1091.290524        7.7251
BFGS:   56 20:43:35    -1091.884698        6.9135
BFGS:   57 20:43:35    -1092.409032        5.8811
BFGS:   58 20:43:35    -1092.872346        5.2464
BFGS:   59 20:43:35    -1093.295244        5.2402
BFGS:   60 20:43:35    -1093.691371        5.4154
BFGS:   61 20:43:35    -1094.066576        5.7433
BFGS:   62 20:43:35    -1094.438002        5.8531
BFGS:   63 20:43:35    -1094.825532        5.3228
BFGS:   64 20:43:35    -1095.218133        5.3699
BFGS:   65 20:43:35    -1095.532716        5.2272
BFGS:   66 20:43:35    -1095.835131        5.5946
BFGS:   67 20:43:35    -1096.153049        6.2819
BFGS:   68 20:43:35    -1096.472956        6.8272
BFGS:   69 20:43:35    -1096.787562        7.1624
BFGS:   70 20:43:35    -1097.084992        7.0840
BFGS:   71 20:43:36    -1097.375756        6.9225
BFGS:   72 20:43:36    -1097.674155        7.3359
BFGS:   73 20:43:36    -1097.992073        7.5423
BFGS:   74 20:43:36    -1098.295445        8.5569
BFGS:   75 20:43:36    -1098.661660        9.1349
BFGS:   76 20:43:36    -1099.044767        9.4044
BFGS:   77 20:43:36    -1099.457725        9.1288
BFGS:   78 20:43:36    -1099.839145        8.1035
BFGS:   79 20:43:36    -1100.211530        6.5130
BFGS:   80 20:43:36    -1100.550484        7.2150
BFGS:   81 20:43:36    -1100.850552        8.2615
BFGS:   82 20:43:36    -1101.231819        9.7019
BFGS:   83 20:43:36    -1101.659045       11.8065
BFGS:   84 20:43:36    -1102.119899       14.2265
BFGS:   85 20:43:36    -1102.562944       15.0721
BFGS:   86 20:43:36    -1102.940617       16.8041
BFGS:   87 20:43:36    -1103.347571       16.5060
BFGS:   88 20:43:36    -1103.655133       17.5830
BFGS:   89 20:43:36    -1104.097335       17.7336
BFGS:   90 20:43:36    -1104.507881       16.5738
BFGS:   91 20:43:36    -1104.888651       15.4229
BFGS:   92 20:43:36    -1105.238031       13.1737
BFGS:   93 20:43:36    -1105.576431       11.0959
BFGS:   94 20:43:36    -1105.923973       10.1847
BFGS:   95 20:43:36    -1106.237897        9.3854
BFGS:   96 20:43:36    -1106.541688        9.6871
BFGS:   97 20:43:36    -1106.937133        8.8745
BFGS:   98 20:43:36    -1107.561705        8.2885
BFGS:   99 20:43:36    -1108.080534        8.5324
BFGS:  100 20:43:36    -1108.603976        8.9343
BFGS:  101 20:43:36    -1109.008207       10.2112
BFGS:  102 20:43:37    -1109.276636       11.4228
BFGS:  103 20:43:37    -1109.501762       11.4582
BFGS:  104 20:43:37    -1109.659014       11.4245
BFGS:  105 20:43:37    -1109.812790       11.2489
BFGS:  106 20:43:37    -1110.032157       10.3142
BFGS:  107 20:43:37    -1110.197434       11.3096
BFGS:  108 20:43:37    -1110.387093       10.6810
BFGS:  109 20:43:37    -1110.564267       10.8594
BFGS:  110 20:43:37    -1110.816456       11.0332
BFGS:  111 20:43:37    -1111.110431       10.8567
BFGS:  112 20:43:37    -1111.281693        9.9926
BFGS:  113 20:43:37    -1111.430146        8.7976
BFGS:  114 20:43:37    -1111.640386        7.5546
BFGS:  115 20:43:37    -1111.941840        6.9413
BFGS:  116 20:43:37    -1112.217499        5.4723
BFGS:  117 20:43:37    -1112.440755        4.3464
BFGS:  118 20:43:37    -1112.619769        3.6462
BFGS:  119 20:43:37    -1112.747535        3.3869
BFGS:  120 20:43:37    -1112.847869        2.8401
BFGS:  121 20:43:37    -1112.966271        2.1053
BFGS:  122 20:43:37    -1113.047456        2.5449
BFGS:  123 20:43:37    -1113.116879        2.6752
BFGS:  124 20:43:37    -1113.172294        3.0353
BFGS:  125 20:43:37    -1113.211737        2.6747
BFGS:  126 20:43:37    -1113.239015        2.3712
BFGS:  127 20:43:37    -1113.261457        2.0796
BFGS:  128 20:43:37    -1113.294818        1.9079
BFGS:  129 20:43:37    -1113.330764        2.0374
BFGS:  130 20:43:37    -1113.367867        2.2115
BFGS:  131 20:43:37    -1113.407205        2.5545
BFGS:  132 20:43:37    -1113.444743        2.7191
BFGS:  133 20:43:38    -1113.491898        2.6065
BFGS:  134 20:43:38    -1113.533909        2.3291
BFGS:  135 20:43:38    -1113.613092        2.3634
BFGS:  136 20:43:38    -1113.692077        2.2585
BFGS:  137 20:43:38    -1113.771267        2.1869
BFGS:  138 20:43:38    -1113.814169        1.7006
BFGS:  139 20:43:38    -1113.841186        1.2495
BFGS:  140 20:43:38    -1113.857160        1.0644
BFGS:  141 20:43:38    -1113.866123        0.7893
BFGS:  142 20:43:38    -1113.872481        1.0920
BFGS:  143 20:43:38    -1113.877466        0.7710
BFGS:  144 20:43:38    -1113.880464        0.7836
BFGS:  145 20:43:38    -1113.876750        0.9802
BFGS:  146 20:43:38    -1113.884197        0.6220
BFGS:  147 20:43:38    -1113.886208        0.6390
BFGS:  148 20:43:38    -1113.886989        0.6722
BFGS:  149 20:43:38    -1113.889309        0.5179
BFGS:  150 20:43:38    -1113.889926        0.4673
BFGS:  151 20:43:38    -1113.890838        0.4437
BFGS:  152 20:43:38    -1113.886765        0.9078
BFGS:  153 20:43:38    -1113.892927        0.3976
BFGS:  154 20:43:38    -1113.893550        0.5028
BFGS:  155 20:43:38    -1113.891938        0.7515
BFGS:  156 20:43:38    -1113.894355        0.3788
BFGS:  157 20:43:38    -1113.894611        0.3738
BFGS:  158 20:43:38    -1113.895134        0.5492
BFGS:  159 20:43:38    -1113.893673        0.7110
BFGS:  160 20:43:38    -1113.896012        0.4159
BFGS:  161 20:43:38    -1113.896263        0.6382
BFGS:  162 20:43:38    -1113.896828        0.4028
BFGS:  163 20:43:39    -1113.897427        0.4307
BFGS:  164 20:43:39    -1113.898971        0.5016
BFGS:  165 20:43:39    -1113.900700        0.5460
BFGS:  166 20:43:39    -1113.906029        0.7502
BFGS:  167 20:43:39    -1113.899107        1.7603
BFGS:  168 20:43:39    -1113.910098        0.7055
BFGS:  169 20:43:39    -1113.911625        0.6912
BFGS:  170 20:43:39    -1113.914894        1.0822
BFGS:  171 20:43:39    -1113.917622        0.9385
BFGS:  172 20:43:39    -1113.922942        0.8584
BFGS:  173 20:43:39    -1113.926978        0.8862
BFGS:  174 20:43:39    -1113.936979        1.1511
BFGS:  175 20:43:39    -1113.941887        1.4142
BFGS:  176 20:43:39    -1113.948275        2.0979
BFGS:  177 20:43:39    -1113.951306        2.2426
BFGS:  178 20:43:39    -1113.955441        2.2677
BFGS:  179 20:43:39    -1113.958133        2.2512
BFGS:  180 20:43:39    -1113.961909        2.1967
BFGS:  181 20:43:39    -1113.967350        2.0909
BFGS:  182 20:43:39    -1113.977181        2.0023
BFGS:  183 20:43:39    -1113.995703        2.2853
BFGS:  184 20:43:39    -1114.023768        2.4259
BFGS:  185 20:43:39    -1114.047468        2.4273
BFGS:  186 20:43:39    -1114.032079        3.1299
BFGS:  187 20:43:39    -1114.114819        2.6539
BFGS:  188 20:43:39    -1114.139986        2.6923
BFGS:  189 20:43:39    -1114.167434        2.6029
BFGS:  190 20:43:39    -1114.185033        2.7696
BFGS:  191 20:43:39    -1114.196238        2.5476
BFGS:  192 20:43:39    -1114.211354        2.4983
BFGS:  193 20:43:39    -1114.223496        2.6813
BFGS:  194 20:43:40    -1114.232767        2.7832
BFGS:  195 20:43:40    -1114.244416        2.9060
BFGS:  196 20:43:40    -1114.254085        3.1149
BFGS:  197 20:43:40    -1114.266525        3.4221
BFGS:  198 20:43:40    -1114.284011        3.7985
BFGS:  199 20:43:40    -1114.308687        4.0989
BFGS:  200 20:43:40    -1114.344838        4.1703
BFGS:  201 20:43:40    -1114.390849        3.8569
BFGS:  202 20:43:40    -1114.433684        3.1429
BFGS:  203 20:43:40    -1114.461036        2.7961
BFGS:  204 20:43:40    -1114.478840        2.3484
BFGS:  205 20:43:40    -1114.486326        2.2862
BFGS:  206 20:43:40    -1114.491225        2.2845
BFGS:  207 20:43:40    -1114.494848        2.2553
BFGS:  208 20:43:40    -1114.500129        2.2233
BFGS:  209 20:43:40    -1114.508589        2.1439
BFGS:  210 20:43:40    -1114.521798        1.9824
BFGS:  211 20:43:40    -1114.538926        1.7554
BFGS:  212 20:43:40    -1114.560970        1.6912
BFGS:  213 20:43:40    -1114.577733        1.5129
BFGS:  214 20:43:40    -1114.600653        1.3759
BFGS:  215 20:43:40    -1114.615047        1.2712
BFGS:  216 20:43:40    -1114.619185        1.2244
BFGS:  217 20:43:40    -1114.620118        1.2255
BFGS:  218 20:43:40    -1114.620580        1.2351
BFGS:  219 20:43:40    -1114.620836        1.2425
BFGS:  220 20:43:40    -1114.621023        1.2435
BFGS:  221 20:43:40    -1114.621127        1.2461
BFGS:  222 20:43:40    -1114.621204        1.2407
BFGS:  223 20:43:40    -1114.621248        1.2367
BFGS:  224 20:43:40    -1114.621281        1.2273
BFGS:  225 20:43:40    -1114.621299        1.2202
BFGS:  226 20:43:41    -1114.621314        1.2113
BFGS:  227 20:43:41    -1114.621321        1.2068
BFGS:  228 20:43:41    -1114.621325        1.2038
BFGS:  229 20:43:41    -1114.621326        1.2035
BFGS:  230 20:43:41    -1114.621327        1.2039
BFGS:  231 20:43:41    -1114.621327        1.2045
BFGS:  232 20:43:41    -1114.621327        1.2055
BFGS:  233 20:43:41    -1114.621328        1.2057
BFGS:  234 20:43:41    -1114.621328        1.2056
BFGS:  235 20:43:41    -1114.621328        1.2055
BFGS:  236 20:43:41    -1114.621328        1.2051
BFGS:  237 20:43:41    -1114.621328        1.2050
