      Step     Time          Energy         fmax
BFGS:    0 20:48:24     -918.635413      100.7180
BFGS:    1 20:48:24     -936.895282       69.5874
BFGS:    2 20:48:24     -948.198788       67.3566
BFGS:    3 20:48:24     -956.507108       69.0049
BFGS:    4 20:48:24     -963.960147       70.0831
BFGS:    5 20:48:25     -972.663197       61.1727
BFGS:    6 20:48:25     -980.003466       61.9277
BFGS:    7 20:48:25     -986.576261       58.8996
BFGS:    8 20:48:25     -993.164973       56.2183
BFGS:    9 20:48:25    -1000.554182       52.6041
BFGS:   10 20:48:25    -1008.473341       48.8610
BFGS:   11 20:48:25    -1014.886351       42.2773
BFGS:   12 20:48:25    -1021.348449       40.9915
BFGS:   13 20:48:25    -1026.735803       37.9529
BFGS:   14 20:48:25    -1030.958929       37.0745
BFGS:   15 20:48:25    -1034.575274       36.5321
BFGS:   16 20:48:25    -1037.698764       34.6097
BFGS:   17 20:48:25    -1040.700908       33.8198
BFGS:   18 20:48:25    -1043.429879       31.3947
BFGS:   19 20:48:25    -1045.668268       29.2567
BFGS:   20 20:48:25    -1047.421703       26.9184
BFGS:   21 20:48:25    -1048.955337       25.3121
BFGS:   22 20:48:25    -1050.384899       23.9668
BFGS:   23 20:48:25    -1051.811134       22.9049
BFGS:   24 20:48:25    -1053.342064       21.9581
BFGS:   25 20:48:25    -1055.113229       20.9284
BFGS:   26 20:48:25    -1057.065966       20.1692
BFGS:   27 20:48:25    -1059.162753       18.6923
BFGS:   28 20:48:25    -1061.198478       17.9533
BFGS:   29 20:48:25    -1063.133699       16.2566
BFGS:   30 20:48:25    -1064.867575       14.9958
BFGS:   31 20:48:25    -1066.491375       14.2278
BFGS:   32 20:48:26    -1068.042170       12.6876
BFGS:   33 20:48:26    -1069.598273       11.9231
BFGS:   34 20:48:26    -1071.145365       12.1753
BFGS:   35 20:48:26    -1072.604131       12.3086
BFGS:   36 20:48:26    -1073.996178       12.1636
BFGS:   37 20:48:26    -1075.321133       12.0000
BFGS:   38 20:48:26    -1076.728396       11.4274
BFGS:   39 20:48:26    -1078.117590       11.0187
BFGS:   40 20:48:26    -1079.384908       10.1704
BFGS:   41 20:48:26    -1080.533895        9.2575
BFGS:   42 20:48:26    -1081.572572        7.6092
BFGS:   43 20:48:26    -1082.494829        5.9576
BFGS:   44 20:48:26    -1083.288973        7.2196
BFGS:   45 20:48:26    -1084.001209        4.2356
BFGS:   46 20:48:26    -1084.583366        4.0462
BFGS:   47 20:48:26    -1084.930140        3.0675
BFGS:   48 20:48:26    -1085.239699        2.1949
BFGS:   49 20:48:26    -1085.542371        2.0888
BFGS:   50 20:48:26    -1085.837205        2.6076
BFGS:   51 20:48:26    -1086.101751        2.7916
BFGS:   52 20:48:26    -1086.339853        3.0173
BFGS:   53 20:48:26    -1086.573977        3.3139
BFGS:   54 20:48:26    -1086.825356        3.5820
BFGS:   55 20:48:26    -1087.069148        3.4333
BFGS:   56 20:48:26    -1087.290181        3.3157
BFGS:   57 20:48:26    -1087.545496        3.5689
BFGS:   58 20:48:26    -1087.831251        3.3321
BFGS:   59 20:48:26    -1088.124660        3.3718
BFGS:   60 20:48:26    -1088.388690        3.3799
BFGS:   61 20:48:26    -1088.663115        3.2862
BFGS:   62 20:48:26    -1088.930523        3.2311
BFGS:   63 20:48:27    -1089.221744        3.9699
BFGS:   64 20:48:27    -1089.470011        4.8689
BFGS:   65 20:48:27    -1089.730886        5.0121
BFGS:   66 20:48:27    -1090.011496        3.9268
BFGS:   67 20:48:27    -1090.354839        4.3501
BFGS:   68 20:48:27    -1090.679851        4.9535
BFGS:   69 20:48:27    -1091.076839        4.8009
BFGS:   70 20:48:27    -1091.397756        5.1696
BFGS:   71 20:48:27    -1091.742311        4.4847
BFGS:   72 20:48:27    -1092.087027        3.4901
BFGS:   73 20:48:27    -1092.403338        2.9839
BFGS:   74 20:48:27    -1092.578538        2.6738
BFGS:   75 20:48:27    -1092.835346        2.2746
BFGS:   76 20:48:27    -1093.017130        2.0008
BFGS:   77 20:48:27    -1093.163901        1.6653
BFGS:   78 20:48:27    -1093.274898        2.0091
BFGS:   79 20:48:27    -1093.378242        2.3251
BFGS:   80 20:48:27    -1093.480421        2.6928
BFGS:   81 20:48:27    -1093.589046        3.2135
BFGS:   82 20:48:27    -1093.707457        3.5388
BFGS:   83 20:48:27    -1093.850323        3.6420
BFGS:   84 20:48:27    -1093.996697        3.7125
BFGS:   85 20:48:27    -1094.185713        3.3565
BFGS:   86 20:48:27    -1094.319613        3.4732
BFGS:   87 20:48:27    -1094.453138        3.2896
BFGS:   88 20:48:27    -1094.569065        2.3259
BFGS:   89 20:48:27    -1094.647284        2.4205
BFGS:   90 20:48:27    -1094.707240        2.1372
BFGS:   91 20:48:27    -1094.758008        1.7451
BFGS:   92 20:48:27    -1094.789874        1.5201
BFGS:   93 20:48:27    -1094.832921        1.0798
BFGS:   94 20:48:28    -1094.882713        1.1500
BFGS:   95 20:48:28    -1094.978726        1.8142
BFGS:   96 20:48:28    -1095.068828        3.1869
BFGS:   97 20:48:28    -1095.143627        4.0185
BFGS:   98 20:48:28    -1095.205086        3.9363
BFGS:   99 20:48:28    -1095.319296        3.6963
BFGS:  100 20:48:28    -1095.490698        3.9057
BFGS:  101 20:48:28    -1095.737441        3.7640
BFGS:  102 20:48:28    -1095.958671        4.4731
BFGS:  103 20:48:28    -1096.216882        5.0296
BFGS:  104 20:48:28    -1096.466750        5.6282
BFGS:  105 20:48:28    -1096.732391        6.0024
BFGS:  106 20:48:28    -1097.000911        6.2180
BFGS:  107 20:48:28    -1097.280941        7.4858
BFGS:  108 20:48:28    -1097.561131        8.3135
BFGS:  109 20:48:28    -1097.854258        7.9548
BFGS:  110 20:48:28    -1098.096416        8.1450
BFGS:  111 20:48:28    -1098.305173        5.6398
BFGS:  112 20:48:28    -1098.617900        4.6043
BFGS:  113 20:48:28    -1098.942889        3.2405
BFGS:  114 20:48:28    -1099.202982        3.2707
BFGS:  115 20:48:28    -1099.344269        3.5622
BFGS:  116 20:48:28    -1099.461875        3.0792
BFGS:  117 20:48:28    -1099.607271        3.1358
BFGS:  118 20:48:28    -1099.761318        3.9438
BFGS:  119 20:48:28    -1099.938144        3.4208
BFGS:  120 20:48:28    -1100.091883        4.1402
BFGS:  121 20:48:28    -1100.273825        4.2074
BFGS:  122 20:48:28    -1100.487483        4.5276
BFGS:  123 20:48:28    -1100.745567        3.8309
BFGS:  124 20:48:28    -1101.083929        2.8651
BFGS:  125 20:48:28    -1101.318940        2.5179
BFGS:  126 20:48:28    -1101.532409        2.1533
BFGS:  127 20:48:28    -1101.684024        2.7766
BFGS:  128 20:48:29    -1101.793638        2.8414
BFGS:  129 20:48:29    -1101.904462        3.4595
BFGS:  130 20:48:29    -1102.040014        6.3091
BFGS:  131 20:48:29    -1102.153596        8.2128
BFGS:  132 20:48:29    -1102.276851        7.8267
BFGS:  133 20:48:29    -1102.482334        8.3077
BFGS:  134 20:48:29    -1102.828572        7.8397
BFGS:  135 20:48:29    -1103.129651        5.7381
BFGS:  136 20:48:29    -1103.410593        4.2341
BFGS:  137 20:48:29    -1103.655403        2.9033
BFGS:  138 20:48:29    -1103.710546        1.7871
BFGS:  139 20:48:29    -1103.747440        0.8563
BFGS:  140 20:48:29    -1103.771098        0.7953
BFGS:  141 20:48:29    -1103.788492        0.7873
BFGS:  142 20:48:29    -1103.804679        0.9804
BFGS:  143 20:48:29    -1103.820349        0.7596
BFGS:  144 20:48:29    -1103.833380        0.8856
BFGS:  145 20:48:29    -1103.844920        1.0859
BFGS:  146 20:48:29    -1103.859941        1.3645
BFGS:  147 20:48:29    -1103.883126        1.6436
BFGS:  148 20:48:29    -1103.911230        1.7450
BFGS:  149 20:48:29    -1103.935308        1.3003
BFGS:  150 20:48:29    -1103.939134        1.3009
BFGS:  151 20:48:29    -1103.962981        1.0387
BFGS:  152 20:48:29    -1103.969568        1.0336
BFGS:  153 20:48:29    -1103.977123        0.8951
BFGS:  154 20:48:29    -1103.987758        0.5620
BFGS:  155 20:48:29    -1103.991941        0.4062
BFGS:  156 20:48:29    -1103.994049        0.5416
BFGS:  157 20:48:29    -1103.994596        0.4649
BFGS:  158 20:48:29    -1103.994971        0.4094
BFGS:  159 20:48:29    -1103.995476        0.3101
BFGS:  160 20:48:29    -1103.995677        0.2658
BFGS:  161 20:48:29    -1103.995970        0.1957
BFGS:  162 20:48:29    -1103.996244        0.1428
BFGS:  163 20:48:30    -1103.996575        0.1166
BFGS:  164 20:48:30    -1103.996839        0.0850
