      Step     Time          Energy         fmax
BFGS:    0 20:41:10     -891.435059      113.8282
BFGS:    1 20:41:10     -922.941840       89.2718
BFGS:    2 20:41:10     -938.128560       85.4154
BFGS:    3 20:41:10     -951.406998       82.0640
BFGS:    4 20:41:10     -963.371065       79.5446
BFGS:    5 20:41:10     -975.805518       77.3094
BFGS:    6 20:41:10     -989.870319       71.1543
BFGS:    7 20:41:10    -1001.781995       65.6207
BFGS:    8 20:41:10    -1010.749328       62.1543
BFGS:    9 20:41:10    -1018.270309       57.4303
BFGS:   10 20:41:11    -1024.899367       54.5516
BFGS:   11 20:41:11    -1031.142349       52.2955
BFGS:   12 20:41:11    -1036.386499       50.1042
BFGS:   13 20:41:11    -1043.188697       46.9595
BFGS:   14 20:41:11    -1049.243013       40.5527
BFGS:   15 20:41:11    -1054.390441       37.7718
BFGS:   16 20:41:11    -1059.214484       32.1475
BFGS:   17 20:41:11    -1063.533940       27.1326
BFGS:   18 20:41:11    -1067.073913       21.3251
BFGS:   19 20:41:11    -1069.794671       16.9455
BFGS:   20 20:41:11    -1071.899048       12.5756
BFGS:   21 20:41:11    -1073.542303       10.6676
BFGS:   22 20:41:11    -1075.088652        9.7161
BFGS:   23 20:41:11    -1076.515557        9.0097
BFGS:   24 20:41:11    -1077.860129        8.3596
BFGS:   25 20:41:11    -1079.139572        8.2512
BFGS:   26 20:41:11    -1080.370047        7.6564
BFGS:   27 20:41:11    -1081.540919        7.5148
BFGS:   28 20:41:11    -1082.589905        6.6744
BFGS:   29 20:41:11    -1083.650397        6.2761
BFGS:   30 20:41:11    -1084.702040        6.9576
BFGS:   31 20:41:11    -1085.745207        7.6647
BFGS:   32 20:41:11    -1086.760604        8.2717
BFGS:   33 20:41:11    -1087.737723        8.5954
BFGS:   34 20:41:11    -1088.660944        8.6460
BFGS:   35 20:41:11    -1089.511759        8.5863
BFGS:   36 20:41:11    -1090.287590        8.8123
BFGS:   37 20:41:11    -1091.031408        8.8662
BFGS:   38 20:41:11    -1091.768735        8.6715
BFGS:   39 20:41:11    -1092.521189        8.2746
BFGS:   40 20:41:11    -1093.305215        7.7111
BFGS:   41 20:41:11    -1094.096383        8.1199
BFGS:   42 20:41:11    -1094.771107        8.7247
BFGS:   43 20:41:12    -1095.592896        8.8471
BFGS:   44 20:41:12    -1096.399762        8.6508
BFGS:   45 20:41:12    -1097.192882        8.0676
BFGS:   46 20:41:12    -1097.975341        7.2553
BFGS:   47 20:41:12    -1098.747802        6.7089
BFGS:   48 20:41:12    -1099.511826        6.4367
BFGS:   49 20:41:12    -1100.264012        6.9097
BFGS:   50 20:41:12    -1101.001475        7.3907
BFGS:   51 20:41:12    -1101.715369        7.6687
BFGS:   52 20:41:12    -1102.390027        7.8074
BFGS:   53 20:41:12    -1103.006917        7.7805
BFGS:   54 20:41:12    -1103.605924        7.6125
BFGS:   55 20:41:12    -1104.166144        7.2595
BFGS:   56 20:41:12    -1104.686209        6.7337
BFGS:   57 20:41:12    -1105.180063        6.1393
BFGS:   58 20:41:12    -1105.645839        6.0143
BFGS:   59 20:41:12    -1106.121139        6.7396
BFGS:   60 20:41:12    -1106.596143        7.5301
BFGS:   61 20:41:12    -1107.093318        7.8365
BFGS:   62 20:41:12    -1107.569920        7.2800
BFGS:   63 20:41:12    -1107.959848        6.0812
BFGS:   64 20:41:12    -1108.268519        5.6271
BFGS:   65 20:41:12    -1108.549149        5.9555
BFGS:   66 20:41:12    -1108.806605        6.2932
BFGS:   67 20:41:12    -1109.061514        6.7015
BFGS:   68 20:41:12    -1109.330436        7.0572
BFGS:   69 20:41:12    -1109.609813        7.4401
BFGS:   70 20:41:12    -1109.881472        7.7271
BFGS:   71 20:41:12    -1110.168557        7.9920
BFGS:   72 20:41:12    -1110.471548        8.0187
BFGS:   73 20:41:12    -1110.811309        8.0416
BFGS:   74 20:41:12    -1111.204983        7.8717
BFGS:   75 20:41:12    -1111.676432        7.5718
BFGS:   76 20:41:12    -1112.222856        7.2398
BFGS:   77 20:41:12    -1112.818508        6.6668
BFGS:   78 20:41:12    -1113.410822        6.3048
BFGS:   79 20:41:12    -1113.984077        6.3092
BFGS:   80 20:41:12    -1114.497967        6.8440
BFGS:   81 20:41:12    -1114.957130        7.3668
BFGS:   82 20:41:12    -1115.367589        7.5513
BFGS:   83 20:41:13    -1115.738639        7.5198
BFGS:   84 20:41:13    -1116.091428        7.2095
BFGS:   85 20:41:13    -1116.434035        7.1079
BFGS:   86 20:41:13    -1116.771741        6.5540
BFGS:   87 20:41:13    -1117.121392        7.0266
BFGS:   88 20:41:13    -1117.477137        7.3384
BFGS:   89 20:41:13    -1117.827422        7.2404
BFGS:   90 20:41:13    -1118.161726        7.0758
BFGS:   91 20:41:13    -1118.493233        6.2071
BFGS:   92 20:41:13    -1118.794196        5.9340
BFGS:   93 20:41:13    -1119.088253        4.2822
BFGS:   94 20:41:13    -1119.342745        3.9566
BFGS:   95 20:41:13    -1119.578371        3.0640
BFGS:   96 20:41:13    -1119.807889        3.5350
BFGS:   97 20:41:13    -1120.033448        4.0781
BFGS:   98 20:41:13    -1120.219586        2.7932
BFGS:   99 20:41:13    -1120.371893        2.3444
BFGS:  100 20:41:13    -1120.499368        3.0577
BFGS:  101 20:41:13    -1120.606143        2.2953
BFGS:  102 20:41:13    -1120.715565        2.9425
BFGS:  103 20:41:13    -1120.824731        2.8879
BFGS:  104 20:41:13    -1120.978228        2.5093
BFGS:  105 20:41:13    -1121.067017        2.0648
BFGS:  106 20:41:13    -1121.121269        2.2630
BFGS:  107 20:41:13    -1121.164861        2.3283
BFGS:  108 20:41:13    -1121.201628        1.9547
BFGS:  109 20:41:13    -1121.228791        1.8338
BFGS:  110 20:41:13    -1121.249231        1.5391
BFGS:  111 20:41:13    -1121.272731        1.2890
BFGS:  112 20:41:13    -1121.292192        1.0644
BFGS:  113 20:41:13    -1121.310776        0.9521
BFGS:  114 20:41:13    -1121.323840        1.0837
BFGS:  115 20:41:13    -1121.333967        1.1531
BFGS:  116 20:41:13    -1121.344297        1.0742
BFGS:  117 20:41:13    -1121.354336        0.8877
BFGS:  118 20:41:13    -1121.363450        0.6136
BFGS:  119 20:41:13    -1121.368472        0.4671
BFGS:  120 20:41:13    -1121.371308        0.4275
BFGS:  121 20:41:13    -1121.373012        0.3970
BFGS:  122 20:41:13    -1121.374654        0.3341
BFGS:  123 20:41:13    -1121.375917        0.2949
BFGS:  124 20:41:14    -1121.376695        0.3042
BFGS:  125 20:41:14    -1121.377206        0.2858
BFGS:  126 20:41:14    -1121.377744        0.2768
BFGS:  127 20:41:14    -1121.378391        0.2509
BFGS:  128 20:41:14    -1121.379019        0.2309
BFGS:  129 20:41:14    -1121.379502        0.2096
BFGS:  130 20:41:14    -1121.379861        0.1954
BFGS:  131 20:41:14    -1121.380180        0.1742
BFGS:  132 20:41:14    -1121.380511        0.1775
BFGS:  133 20:41:14    -1121.380874        0.1435
BFGS:  134 20:41:14    -1121.381280        0.1268
BFGS:  135 20:41:14    -1121.381716        0.1355
BFGS:  136 20:41:14    -1121.382117        0.1275
BFGS:  137 20:41:14    -1121.382444        0.1131
BFGS:  138 20:41:14    -1121.382741        0.1045
BFGS:  139 20:41:14    -1121.383076        0.1073
BFGS:  140 20:41:14    -1121.383414        0.0808
