      Step     Time          Energy         fmax
BFGS:    0 20:51:25     -827.663942      202.1973
BFGS:    1 20:51:25     -870.427214      154.6742
BFGS:    2 20:51:25     -890.218447      141.9992
BFGS:    3 20:51:25     -911.943407      138.0557
BFGS:    4 20:51:25     -928.857512      124.7017
BFGS:    5 20:51:25     -944.543038      121.5182
BFGS:    6 20:51:25     -956.879300      107.8918
BFGS:    7 20:51:25     -965.255724      100.4795
BFGS:    8 20:51:25     -971.313462       94.6192
BFGS:    9 20:51:25     -976.085296       91.7554
BFGS:   10 20:51:25     -980.833829       82.6698
BFGS:   11 20:51:26     -985.216412       80.9655
BFGS:   12 20:51:26     -989.690617       74.5630
BFGS:   13 20:51:26     -993.176380       71.3438
BFGS:   14 20:51:26     -996.245586       67.6518
BFGS:   15 20:51:26     -999.044634       64.6316
BFGS:   16 20:51:26    -1001.709930       62.2504
BFGS:   17 20:51:26    -1004.441817       59.1915
BFGS:   18 20:51:26    -1007.610453       56.2298
BFGS:   19 20:51:26    -1010.683063       52.8075
BFGS:   20 20:51:26    -1014.180522       50.9292
BFGS:   21 20:51:26    -1017.402417       47.1478
BFGS:   22 20:51:26    -1020.446785       44.8639
BFGS:   23 20:51:26    -1023.463732       41.5016
BFGS:   24 20:51:26    -1026.558274       38.1330
BFGS:   25 20:51:26    -1029.637317       33.8945
BFGS:   26 20:51:26    -1032.590671       32.5245
BFGS:   27 20:51:26    -1035.432928       34.1420
BFGS:   28 20:51:26    -1038.085928       34.0503
BFGS:   29 20:51:26    -1040.378024       31.7761
BFGS:   30 20:51:26    -1042.305027       28.4344
BFGS:   31 20:51:26    -1044.157391       25.5279
BFGS:   32 20:51:26    -1045.969109       22.3321
BFGS:   33 20:51:26    -1047.922421       18.5837
BFGS:   34 20:51:26    -1049.934845       19.3486
BFGS:   35 20:51:26    -1051.698400       18.2418
BFGS:   36 20:51:26    -1053.357140       18.2177
BFGS:   37 20:51:26    -1054.924389       16.7588
BFGS:   38 20:51:27    -1056.460090       14.4514
BFGS:   39 20:51:27    -1057.956961       13.3004
BFGS:   40 20:51:27    -1059.433839       14.3153
BFGS:   41 20:51:27    -1060.923516       14.9177
BFGS:   42 20:51:27    -1062.522982       15.0751
BFGS:   43 20:51:27    -1064.182269       14.7849
BFGS:   44 20:51:27    -1065.858866       14.4829
BFGS:   45 20:51:27    -1067.502564       13.9626
BFGS:   46 20:51:27    -1069.109117       13.2845
BFGS:   47 20:51:27    -1070.690458       12.4636
BFGS:   48 20:51:27    -1072.318465       12.6651
BFGS:   49 20:51:27    -1073.709055       13.2948
BFGS:   50 20:51:27    -1074.925465       13.5109
BFGS:   51 20:51:27    -1076.128983       13.3443
BFGS:   52 20:51:27    -1077.404691       14.4795
BFGS:   53 20:51:27    -1078.820906       15.1211
BFGS:   54 20:51:27    -1080.272201       16.3627
BFGS:   55 20:51:27    -1081.452456       18.3246
BFGS:   56 20:51:27    -1082.610908       18.6970
BFGS:   57 20:51:27    -1083.616846       18.1072
BFGS:   58 20:51:27    -1084.637199       16.2968
BFGS:   59 20:51:27    -1085.637199       12.8666
BFGS:   60 20:51:27    -1086.487242       12.1280
BFGS:   61 20:51:27    -1087.304454        9.8472
BFGS:   62 20:51:27    -1087.995673        8.9695
BFGS:   63 20:51:27    -1088.729532        8.6748
BFGS:   64 20:51:27    -1089.532909        8.5514
BFGS:   65 20:51:27    -1090.280799        8.7430
BFGS:   66 20:51:27    -1090.897477        8.9480
BFGS:   67 20:51:27    -1091.432639        9.0970
BFGS:   68 20:51:27    -1091.954906        9.1868
BFGS:   69 20:51:28    -1092.503131        9.3458
BFGS:   70 20:51:28    -1093.109250        9.2200
BFGS:   71 20:51:28    -1093.640321        8.9206
BFGS:   72 20:51:28    -1094.108721        9.0423
BFGS:   73 20:51:28    -1094.666514        8.7021
BFGS:   74 20:51:28    -1095.225341        7.5147
BFGS:   75 20:51:28    -1095.765356        6.3490
BFGS:   76 20:51:28    -1096.282480        5.2182
BFGS:   77 20:51:28    -1096.683714        3.9773
BFGS:   78 20:51:28    -1096.988502        3.4701
BFGS:   79 20:51:28    -1097.215772        3.2653
BFGS:   80 20:51:28    -1097.342386        3.7078
BFGS:   81 20:51:28    -1097.440393        3.3146
BFGS:   82 20:51:28    -1097.518089        3.6380
BFGS:   83 20:51:28    -1097.625147        3.8115
BFGS:   84 20:51:28    -1097.770298        5.5802
BFGS:   85 20:51:28    -1097.907180        6.8476
BFGS:   86 20:51:28    -1098.068729        7.0785
BFGS:   87 20:51:28    -1098.248397        6.0107
BFGS:   88 20:51:28    -1098.464249        4.8909
BFGS:   89 20:51:28    -1098.692134        4.9206
BFGS:   90 20:51:28    -1098.822748        5.6484
BFGS:   91 20:51:28    -1099.022919        6.4407
BFGS:   92 20:51:28    -1099.174443        6.1886
BFGS:   93 20:51:28    -1099.368636        5.1860
BFGS:   94 20:51:28    -1099.543372        5.2058
BFGS:   95 20:51:28    -1099.662856        5.2618
BFGS:   96 20:51:28    -1099.752204        5.2043
BFGS:   97 20:51:28    -1099.828051        4.6579
BFGS:   98 20:51:28    -1099.890624        4.2708
BFGS:   99 20:51:28    -1099.932136        4.6985
BFGS:  100 20:51:28    -1099.966595        4.3514
BFGS:  101 20:51:29    -1099.992892        4.0867
BFGS:  102 20:51:29    -1100.017562        4.4534
BFGS:  103 20:51:29    -1100.038327        4.4617
BFGS:  104 20:51:29    -1100.061019        4.2189
BFGS:  105 20:51:29    -1100.083059        4.2564
BFGS:  106 20:51:29    -1100.105818        4.3886
BFGS:  107 20:51:29    -1100.126743        4.2974
BFGS:  108 20:51:29    -1100.145300        4.4183
BFGS:  109 20:51:29    -1100.164689        4.2541
BFGS:  110 20:51:29    -1100.186779        4.1092
BFGS:  111 20:51:29    -1100.210792        4.0027
BFGS:  112 20:51:29    -1100.240838        4.2138
BFGS:  113 20:51:29    -1100.278702        4.3608
BFGS:  114 20:51:29    -1100.311874        4.2546
BFGS:  115 20:51:29    -1100.357161        4.3825
BFGS:  116 20:51:29    -1100.434846        3.8087
BFGS:  117 20:51:29    -1100.474662        3.1819
BFGS:  118 20:51:29    -1100.527514        2.8100
BFGS:  119 20:51:29    -1100.557687        2.5357
BFGS:  120 20:51:29    -1100.587870        1.9817
BFGS:  121 20:51:29    -1100.601889        1.6234
BFGS:  122 20:51:29    -1100.620123        1.4376
BFGS:  123 20:51:29    -1100.623840        2.0308
BFGS:  124 20:51:29    -1100.631948        1.7946
BFGS:  125 20:51:29    -1100.642219        1.0786
BFGS:  126 20:51:29    -1100.647843        1.0185
BFGS:  127 20:51:29    -1100.651640        1.9646
BFGS:  128 20:51:29    -1100.658032        1.7165
BFGS:  129 20:51:29    -1100.658892        0.9244
BFGS:  130 20:51:29    -1100.666840        0.7599
BFGS:  131 20:51:29    -1100.666402        1.7236
BFGS:  132 20:51:29    -1100.672625        0.7149
BFGS:  133 20:51:29    -1100.673507        1.3935
BFGS:  134 20:51:30    -1100.676962        1.3138
BFGS:  135 20:51:30    -1100.677729        0.6477
BFGS:  136 20:51:30    -1100.679089        0.6205
BFGS:  137 20:51:30    -1100.681484        0.5848
BFGS:  138 20:51:30    -1100.682840        0.5582
BFGS:  139 20:51:30    -1100.684633        1.4702
BFGS:  140 20:51:30    -1100.686044        1.4111
BFGS:  141 20:51:30    -1100.687978        0.4527
BFGS:  142 20:51:30    -1100.688672        0.4270
BFGS:  143 20:51:30    -1100.690188        0.3589
BFGS:  144 20:51:30    -1100.691076        1.2648
BFGS:  145 20:51:30    -1100.691875        0.2500
BFGS:  146 20:51:30    -1100.692541        0.1989
BFGS:  147 20:51:30    -1100.693112        0.1113
BFGS:  148 20:51:30    -1100.693398        0.1055
BFGS:  149 20:51:30    -1100.693584        0.0975
