      Step     Time          Energy         fmax
BFGS:    0 20:48:44     -852.011425      162.0998
BFGS:    1 20:48:44     -884.481445      125.7539
BFGS:    2 20:48:44     -899.339660      118.6173
BFGS:    3 20:48:44     -912.486022      115.4954
BFGS:    4 20:48:44     -924.230425      110.0880
BFGS:    5 20:48:44     -936.228386      104.8071
BFGS:    6 20:48:44     -946.254963       98.6256
BFGS:    7 20:48:44     -955.421240       92.2226
BFGS:    8 20:48:44     -966.114096       86.2070
BFGS:    9 20:48:44     -973.970748       79.5296
BFGS:   10 20:48:44     -980.693858       76.7582
BFGS:   11 20:48:44     -986.999878       72.3064
BFGS:   12 20:48:44     -993.575738       73.4745
BFGS:   13 20:48:44    -1000.163973       68.4942
BFGS:   14 20:48:44    -1006.042354       68.0685
BFGS:   15 20:48:44    -1010.630023       65.0117
BFGS:   16 20:48:44    -1014.619177       64.7524
BFGS:   17 20:48:44    -1018.337550       61.4753
BFGS:   18 20:48:45    -1022.575018       60.4341
BFGS:   19 20:48:45    -1027.552612       56.2534
BFGS:   20 20:48:45    -1031.865371       51.1165
BFGS:   21 20:48:45    -1035.192435       48.4311
BFGS:   22 20:48:45    -1038.815990       46.4568
BFGS:   23 20:48:45    -1041.360320       43.7004
BFGS:   24 20:48:45    -1043.254913       42.1581
BFGS:   25 20:48:45    -1044.840513       40.5647
BFGS:   26 20:48:45    -1046.443624       38.3920
BFGS:   27 20:48:45    -1048.040478       35.4187
BFGS:   28 20:48:45    -1049.572202       34.8208
BFGS:   29 20:48:45    -1050.948128       32.6589
BFGS:   30 20:48:45    -1052.202284       31.4235
BFGS:   31 20:48:45    -1053.405467       28.7391
BFGS:   32 20:48:45    -1054.701007       26.9501
BFGS:   33 20:48:45    -1056.122759       24.9953
BFGS:   34 20:48:45    -1057.549178       21.3846
BFGS:   35 20:48:45    -1058.751225       18.9369
BFGS:   36 20:48:45    -1059.711566       18.7822
BFGS:   37 20:48:45    -1060.517414       19.1331
BFGS:   38 20:48:45    -1061.266382       19.2236
BFGS:   39 20:48:45    -1062.037047       19.9178
BFGS:   40 20:48:45    -1062.874409       20.6981
BFGS:   41 20:48:45    -1063.804823       21.4080
BFGS:   42 20:48:45    -1064.726679       21.2843
BFGS:   43 20:48:45    -1065.624544       20.5604
BFGS:   44 20:48:45    -1066.491037       19.4221
BFGS:   45 20:48:45    -1067.310303       17.4987
BFGS:   46 20:48:45    -1068.084404       15.5908
BFGS:   47 20:48:45    -1068.827822       14.3036
BFGS:   48 20:48:45    -1069.504663       13.0975
BFGS:   49 20:48:46    -1070.100225       11.8910
BFGS:   50 20:48:46    -1070.634127       10.6512
BFGS:   51 20:48:46    -1071.159251        9.5329
BFGS:   52 20:48:46    -1071.679242        8.5801
BFGS:   53 20:48:46    -1072.147839        8.1700
BFGS:   54 20:48:46    -1072.615140        7.7517
BFGS:   55 20:48:46    -1073.082045        7.4498
BFGS:   56 20:48:46    -1073.567253        6.6108
BFGS:   57 20:48:46    -1074.092412        5.4436
BFGS:   58 20:48:46    -1074.632435        4.4434
BFGS:   59 20:48:46    -1075.034392        4.7295
BFGS:   60 20:48:46    -1075.381498        5.5792
BFGS:   61 20:48:46    -1075.703392        6.1420
BFGS:   62 20:48:46    -1076.019056        6.3590
BFGS:   63 20:48:46    -1076.335086        6.3887
BFGS:   64 20:48:46    -1076.656235        6.2895
BFGS:   65 20:48:46    -1076.986520        5.7564
BFGS:   66 20:48:46    -1077.306906        5.2531
BFGS:   67 20:48:46    -1077.624567        5.4497
BFGS:   68 20:48:46    -1077.917690        5.7339
BFGS:   69 20:48:46    -1078.201706        6.0515
BFGS:   70 20:48:46    -1078.493857        6.0249
BFGS:   71 20:48:46    -1078.809555        5.7392
BFGS:   72 20:48:46    -1079.150743        5.1364
BFGS:   73 20:48:46    -1079.537173        4.2002
BFGS:   74 20:48:46    -1079.959421        6.2310
BFGS:   75 20:48:46    -1080.355743        7.6332
BFGS:   76 20:48:46    -1080.737345        9.5709
BFGS:   77 20:48:46    -1081.122175       10.9765
BFGS:   78 20:48:47    -1081.502556       11.1935
BFGS:   79 20:48:47    -1081.872202       10.6511
BFGS:   80 20:48:47    -1082.228346        9.4276
BFGS:   81 20:48:47    -1082.566553        8.7506
BFGS:   82 20:48:47    -1082.923979        7.6524
BFGS:   83 20:48:47    -1083.235134        6.7535
BFGS:   84 20:48:47    -1083.641031        6.6909
BFGS:   85 20:48:47    -1084.064998        6.3934
BFGS:   86 20:48:47    -1084.440271        5.7942
BFGS:   87 20:48:47    -1084.805065        4.6290
BFGS:   88 20:48:47    -1085.138308        5.1162
BFGS:   89 20:48:47    -1085.504508        5.3808
BFGS:   90 20:48:47    -1085.894189        4.9274
BFGS:   91 20:48:47    -1086.213654        4.7077
BFGS:   92 20:48:47    -1086.505180        4.3171
BFGS:   93 20:48:47    -1086.720337        4.3758
BFGS:   94 20:48:47    -1086.896763        3.9433
BFGS:   95 20:48:47    -1087.052104        3.5600
BFGS:   96 20:48:47    -1087.158524        2.6534
BFGS:   97 20:48:47    -1087.218958        1.9532
BFGS:   98 20:48:47    -1087.267687        1.4327
BFGS:   99 20:48:47    -1087.294727        1.9464
BFGS:  100 20:48:47    -1087.319274        1.4512
BFGS:  101 20:48:47    -1087.356976        1.2682
BFGS:  102 20:48:47    -1087.383349        1.2176
BFGS:  103 20:48:47    -1087.421457        1.2008
BFGS:  104 20:48:47    -1087.467697        1.1980
BFGS:  105 20:48:47    -1087.506010        1.9839
BFGS:  106 20:48:48    -1087.543440        2.6976
BFGS:  107 20:48:48    -1087.603486        2.8550
BFGS:  108 20:48:48    -1087.672468        3.1373
BFGS:  109 20:48:48    -1087.730221        2.8128
BFGS:  110 20:48:48    -1087.769575        2.4797
BFGS:  111 20:48:48    -1087.808302        1.5105
BFGS:  112 20:48:48    -1087.848360        1.9525
BFGS:  113 20:48:48    -1087.934896        3.1645
BFGS:  114 20:48:48    -1087.988427        3.2184
BFGS:  115 20:48:48    -1088.062686        3.0413
BFGS:  116 20:48:48    -1088.145016        2.9215
BFGS:  117 20:48:48    -1088.189867        2.5923
BFGS:  118 20:48:48    -1088.235191        2.3286
BFGS:  119 20:48:48    -1088.276133        1.8914
BFGS:  120 20:48:48    -1088.291744        1.7864
BFGS:  121 20:48:48    -1088.317034        1.7704
BFGS:  122 20:48:48    -1088.357509        1.5563
BFGS:  123 20:48:48    -1088.400601        1.8186
BFGS:  124 20:48:48    -1088.446841        2.6765
BFGS:  125 20:48:48    -1088.507274        3.7263
BFGS:  126 20:48:48    -1088.589066        4.6619
BFGS:  127 20:48:48    -1088.697276        4.8521
BFGS:  128 20:48:48    -1088.833221        4.5853
BFGS:  129 20:48:48    -1089.010020        3.1883
BFGS:  130 20:48:48    -1089.146134        2.5298
BFGS:  131 20:48:48    -1089.280183        2.4444
BFGS:  132 20:48:48    -1089.381420        4.3856
BFGS:  133 20:48:48    -1089.504936        4.1922
BFGS:  134 20:48:48    -1089.673934        3.7399
BFGS:  135 20:48:49    -1089.796348        2.6873
BFGS:  136 20:48:49    -1089.835636        3.2800
BFGS:  137 20:48:49    -1089.957527        3.0639
BFGS:  138 20:48:49    -1090.024505        3.4898
BFGS:  139 20:48:49    -1090.069634        3.5414
BFGS:  140 20:48:49    -1090.158543        3.3594
BFGS:  141 20:48:49    -1090.326753        3.5066
BFGS:  142 20:48:49    -1090.440861        3.7392
BFGS:  143 20:48:49    -1090.531888        3.4641
BFGS:  144 20:48:49    -1090.615057        3.1766
BFGS:  145 20:48:49    -1090.791716        2.8424
BFGS:  146 20:48:49    -1090.943550        2.8891
BFGS:  147 20:48:49    -1091.100397        2.8876
BFGS:  148 20:48:49    -1091.218709        2.1088
BFGS:  149 20:48:49    -1091.290671        1.7966
BFGS:  150 20:48:49    -1091.300849        1.9687
BFGS:  151 20:48:49    -1091.358390        1.4002
BFGS:  152 20:48:49    -1091.378272        1.0527
BFGS:  153 20:48:49    -1091.396604        0.8727
BFGS:  154 20:48:49    -1091.409586        0.7419
BFGS:  155 20:48:49    -1091.416997        0.4470
BFGS:  156 20:48:49    -1091.421157        0.4137
BFGS:  157 20:48:49    -1091.423242        0.4500
BFGS:  158 20:48:49    -1091.424566        0.3480
BFGS:  159 20:48:49    -1091.425402        0.2841
BFGS:  160 20:48:49    -1091.426324        0.1999
BFGS:  161 20:48:49    -1091.426785        0.1761
BFGS:  162 20:48:49    -1091.427278        0.1498
BFGS:  163 20:48:50    -1091.427480        0.1942
BFGS:  164 20:48:50    -1091.427707        0.1796
BFGS:  165 20:48:50    -1091.427829        0.1110
BFGS:  166 20:48:50    -1091.427942        0.1186
BFGS:  167 20:48:50    -1091.427994        0.1419
BFGS:  168 20:48:50    -1091.428009        0.1129
BFGS:  169 20:48:50    -1091.428023        0.1056
BFGS:  170 20:48:50    -1091.428001        0.1580
BFGS:  171 20:48:50    -1091.428024        0.1489
BFGS:  172 20:48:50    -1091.427931        0.1421
BFGS:  173 20:48:50    -1091.428001        0.1160
BFGS:  174 20:48:50    -1091.427920        0.1811
BFGS:  175 20:48:50    -1091.428027        0.1497
BFGS:  176 20:48:50    -1091.427802        0.1778
BFGS:  177 20:48:50    -1091.427965        0.1285
BFGS:  178 20:48:50    -1091.427831        0.2017
BFGS:  179 20:48:50    -1091.428030        0.1499
BFGS:  180 20:48:50    -1091.427678        0.2052
BFGS:  181 20:48:50    -1091.427932        0.1383
BFGS:  182 20:48:50    -1091.427747        0.2191
BFGS:  183 20:48:50    -1091.428032        0.1504
BFGS:  184 20:48:50    -1091.427575        0.2240
BFGS:  185 20:48:50    -1091.427905        0.1455
BFGS:  186 20:48:50    -1091.427659        0.2372
BFGS:  187 20:48:50    -1091.428028        0.1516
BFGS:  188 20:48:50    -1091.427455        0.2417
BFGS:  189 20:48:50    -1091.427882        0.1504
BFGS:  190 20:48:50    -1091.427633        0.2405
BFGS:  191 20:48:51    -1091.428033        0.1515
BFGS:  192 20:48:51    -1091.427448        0.2445
BFGS:  193 20:48:51    -1091.427871        0.1515
BFGS:  194 20:48:51    -1091.427605        0.2446
BFGS:  195 20:48:51    -1091.428033        0.1521
BFGS:  196 20:48:51    -1091.427398        0.2507
BFGS:  197 20:48:51    -1091.427859        0.1534
BFGS:  198 20:48:51    -1091.427577        0.2482
BFGS:  199 20:48:51    -1091.428033        0.1524
BFGS:  200 20:48:51    -1091.427356        0.2548
BFGS:  201 20:48:51    -1091.427848        0.1548
BFGS:  202 20:48:51    -1091.427541        0.2497
BFGS:  203 20:48:51    -1091.428029        0.1526
BFGS:  204 20:48:51    -1091.427314        0.2588
BFGS:  205 20:48:51    -1091.427840        0.1557
BFGS:  206 20:48:51    -1091.427534        0.2528
BFGS:  207 20:48:51    -1091.428034        0.1527
BFGS:  208 20:48:51    -1091.427287        0.2605
BFGS:  209 20:48:51    -1091.427830        0.1568
BFGS:  210 20:48:51    -1091.427499        0.2541
BFGS:  211 20:48:51    -1091.428030        0.1529
BFGS:  212 20:48:51    -1091.427255        0.2627
BFGS:  213 20:48:51    -1091.427824        0.1572
BFGS:  214 20:48:51    -1091.427481        0.2555
BFGS:  215 20:48:51    -1091.428029        0.1531
BFGS:  216 20:48:51    -1091.427230        0.2642
BFGS:  217 20:48:51    -1091.427818        0.1576
BFGS:  218 20:48:52    -1091.427467        0.2564
BFGS:  219 20:48:52    -1091.428030        0.1531
BFGS:  220 20:48:52    -1091.427208        0.2654
BFGS:  221 20:48:52    -1091.427812        0.1580
BFGS:  222 20:48:52    -1091.427455        0.2567
BFGS:  223 20:48:52    -1091.428030        0.1532
BFGS:  224 20:48:52    -1091.427190        0.2664
BFGS:  225 20:48:52    -1091.427807        0.1583
BFGS:  226 20:48:52    -1091.427446        0.2568
BFGS:  227 20:48:52    -1091.428031        0.1532
BFGS:  228 20:48:52    -1091.427173        0.2674
BFGS:  229 20:48:52    -1091.427802        0.1585
BFGS:  230 20:48:52    -1091.427437        0.2567
BFGS:  231 20:48:52    -1091.428032        0.1532
BFGS:  232 20:48:52    -1091.427158        0.2683
BFGS:  233 20:48:52    -1091.427797        0.1587
BFGS:  234 20:48:52    -1091.427428        0.2567
BFGS:  235 20:48:52    -1091.428033        0.1533
BFGS:  236 20:48:52    -1091.427142        0.2692
BFGS:  237 20:48:52    -1091.427793        0.1588
BFGS:  238 20:48:52    -1091.427420        0.2568
BFGS:  239 20:48:52    -1091.428034        0.1534
BFGS:  240 20:48:52    -1091.427128        0.2700
BFGS:  241 20:48:52    -1091.427788        0.1590
BFGS:  242 20:48:52    -1091.427411        0.2569
BFGS:  243 20:48:52    -1091.428034        0.0973
