      Step     Time          Energy         fmax
BFGS:    0 20:44:43     -770.144472      133.1821
BFGS:    1 20:44:43     -807.740010      129.6872
BFGS:    2 20:44:43     -843.251133      119.4069
BFGS:    3 20:44:43     -874.243787      111.7185
BFGS:    4 20:44:43     -904.281938      100.0796
BFGS:    5 20:44:44     -930.492480       84.5401
BFGS:    6 20:44:44     -948.700974       76.9026
BFGS:    7 20:44:44     -963.581456       70.1523
BFGS:    8 20:44:44     -976.281560       65.4144
BFGS:    9 20:44:44     -986.698454       60.6369
BFGS:   10 20:44:44     -993.862154       58.0220
BFGS:   11 20:44:44     -999.466213       53.3842
BFGS:   12 20:44:44    -1004.838110       52.3732
BFGS:   13 20:44:44    -1010.637623       49.0892
BFGS:   14 20:44:44    -1016.046185       47.2046
BFGS:   15 20:44:44    -1020.799150       41.4825
BFGS:   16 20:44:44    -1024.422224       40.1713
BFGS:   17 20:44:44    -1027.840209       35.8134
BFGS:   18 20:44:44    -1031.107510       33.9916
BFGS:   19 20:44:44    -1033.822450       32.6618
BFGS:   20 20:44:44    -1036.046550       31.4873
BFGS:   21 20:44:44    -1038.059050       29.4835
BFGS:   22 20:44:44    -1039.815994       28.3928
BFGS:   23 20:44:44    -1041.387765       26.6920
BFGS:   24 20:44:44    -1042.798999       25.3844
BFGS:   25 20:44:44    -1044.059291       24.0354
BFGS:   26 20:44:44    -1045.254618       22.8950
BFGS:   27 20:44:44    -1046.347351       21.8467
BFGS:   28 20:44:44    -1047.373834       20.8866
BFGS:   29 20:44:44    -1048.385790       20.0111
BFGS:   30 20:44:45    -1049.358728       19.0929
BFGS:   31 20:44:45    -1050.305614       18.1227
BFGS:   32 20:44:45    -1051.239869       17.3721
BFGS:   33 20:44:45    -1052.118628       16.4716
BFGS:   34 20:44:45    -1052.975378       15.5378
BFGS:   35 20:44:45    -1053.812313       14.6691
BFGS:   36 20:44:45    -1054.718381       13.7743
BFGS:   37 20:44:45    -1055.528673       12.5087
BFGS:   38 20:44:45    -1056.309706       10.9616
BFGS:   39 20:44:45    -1056.988697        8.4633
BFGS:   40 20:44:45    -1057.613093        6.6958
BFGS:   41 20:44:45    -1058.150931        5.5850
BFGS:   42 20:44:45    -1058.619399        5.0765
BFGS:   43 20:44:45    -1059.032519        4.8366
BFGS:   44 20:44:45    -1059.405336        4.8870
BFGS:   45 20:44:45    -1059.773574        5.1076
BFGS:   46 20:44:45    -1060.138916        5.8874
BFGS:   47 20:44:45    -1060.526283        5.5760
BFGS:   48 20:44:45    -1060.904182        5.9731
BFGS:   49 20:44:45    -1061.279277        6.5420
BFGS:   50 20:44:45    -1061.637335        7.1587
BFGS:   51 20:44:45    -1062.086925        7.8495
BFGS:   52 20:44:45    -1062.497545        8.3804
BFGS:   53 20:44:45    -1062.946477        8.4627
BFGS:   54 20:44:45    -1063.307785        8.0545
BFGS:   55 20:44:45    -1063.698504        7.6794
BFGS:   56 20:44:46    -1064.054259        7.9853
BFGS:   57 20:44:46    -1064.390648        7.2853
BFGS:   58 20:44:46    -1064.731848        6.8990
BFGS:   59 20:44:46    -1065.057251        7.2946
BFGS:   60 20:44:46    -1065.383107        7.7762
BFGS:   61 20:44:46    -1065.694544        8.2165
BFGS:   62 20:44:46    -1065.984223        8.3179
BFGS:   63 20:44:46    -1066.237620        8.2004
BFGS:   64 20:44:46    -1066.548268        7.7434
BFGS:   65 20:44:46    -1066.852997        7.2829
BFGS:   66 20:44:46    -1067.166781        8.5348
BFGS:   67 20:44:46    -1067.480613       10.0089
BFGS:   68 20:44:46    -1067.769933       11.4102
BFGS:   69 20:44:46    -1068.116994       12.6222
BFGS:   70 20:44:46    -1068.416728       13.8967
BFGS:   71 20:44:46    -1068.716164       14.9238
BFGS:   72 20:44:46    -1069.006781       15.9486
BFGS:   73 20:44:46    -1069.262171       18.3325
BFGS:   74 20:44:46    -1069.549340       18.3966
BFGS:   75 20:44:46    -1069.808916       18.9948
BFGS:   76 20:44:46    -1070.072924       18.9444
BFGS:   77 20:44:46    -1070.348847       19.2075
BFGS:   78 20:44:46    -1070.655454       18.7867
BFGS:   79 20:44:46    -1070.991374       18.5939
BFGS:   80 20:44:46    -1071.343775       18.1219
BFGS:   81 20:44:46    -1071.756210       17.1279
BFGS:   82 20:44:47    -1072.174426       16.2948
BFGS:   83 20:44:47    -1072.631676       15.1420
BFGS:   84 20:44:47    -1073.089707       13.8383
BFGS:   85 20:44:47    -1073.579155       12.8331
BFGS:   86 20:44:47    -1074.052356       12.3261
BFGS:   87 20:44:47    -1074.561678       11.0170
BFGS:   88 20:44:47    -1075.025460        9.8565
BFGS:   89 20:44:47    -1075.503345        8.1559
BFGS:   90 20:44:47    -1075.993557        7.4608
BFGS:   91 20:44:47    -1076.494151        7.9418
BFGS:   92 20:44:47    -1076.985199        8.3499
BFGS:   93 20:44:47    -1077.456142        8.4230
BFGS:   94 20:44:47    -1077.916416        8.5221
BFGS:   95 20:44:47    -1078.390627        9.0271
BFGS:   96 20:44:47    -1078.913592        9.5003
BFGS:   97 20:44:47    -1079.507164        9.9822
BFGS:   98 20:44:47    -1080.206358       11.1571
BFGS:   99 20:44:47    -1080.956491       13.0162
BFGS:  100 20:44:47    -1081.738773       14.8937
BFGS:  101 20:44:47    -1082.476478       16.5557
BFGS:  102 20:44:47    -1083.344456       17.3514
BFGS:  103 20:44:47    -1084.230037       16.9940
BFGS:  104 20:44:47    -1085.109288       15.5558
BFGS:  105 20:44:47    -1086.159642       13.6734
BFGS:  106 20:44:47    -1087.307214       10.4264
BFGS:  107 20:44:47    -1088.145357       11.7127
BFGS:  108 20:44:47    -1089.070516       11.3166
BFGS:  109 20:44:47    -1089.707385       10.2890
BFGS:  110 20:44:47    -1090.331748        8.8384
BFGS:  111 20:44:47    -1090.861546        7.2039
BFGS:  112 20:44:47    -1091.354358        6.5346
BFGS:  113 20:44:48    -1091.849027        6.3909
BFGS:  114 20:44:48    -1092.344315        6.8879
BFGS:  115 20:44:48    -1092.828351        6.9653
BFGS:  116 20:44:48    -1093.316849        7.7609
BFGS:  117 20:44:48    -1093.790827        8.3663
BFGS:  118 20:44:48    -1094.273200        8.3062
BFGS:  119 20:44:48    -1094.751954        8.6902
BFGS:  120 20:44:48    -1095.216929        8.3562
BFGS:  121 20:44:48    -1095.602941        6.9296
BFGS:  122 20:44:48    -1095.925502        5.1615
BFGS:  123 20:44:48    -1096.235352        5.2249
BFGS:  124 20:44:48    -1096.573600        5.3333
BFGS:  125 20:44:48    -1096.790931        5.2366
BFGS:  126 20:44:48    -1097.095151        4.5408
BFGS:  127 20:44:48    -1097.353383        4.8450
BFGS:  128 20:44:48    -1097.614568        5.3112
BFGS:  129 20:44:48    -1097.843790        6.0385
BFGS:  130 20:44:48    -1098.090446        5.4172
BFGS:  131 20:44:48    -1098.257552        6.0355
BFGS:  132 20:44:48    -1098.468996        5.3022
BFGS:  133 20:44:48    -1098.556165        5.3597
BFGS:  134 20:44:48    -1098.672491        4.8548
BFGS:  135 20:44:48    -1098.845735        4.7151
BFGS:  136 20:44:48    -1099.014506        5.1147
BFGS:  137 20:44:48    -1099.201280        6.1463
BFGS:  138 20:44:48    -1099.441471        7.5076
BFGS:  139 20:44:48    -1099.706111        8.0870
BFGS:  140 20:44:48    -1099.937506        7.7951
BFGS:  141 20:44:48    -1100.123885        7.1837
BFGS:  142 20:44:48    -1100.275333        6.5419
BFGS:  143 20:44:48    -1100.377264        6.3617
BFGS:  144 20:44:48    -1100.504593        5.5244
BFGS:  145 20:44:48    -1100.638839        4.9128
BFGS:  146 20:44:49    -1100.770618        4.9086
BFGS:  147 20:44:49    -1100.904892        4.2207
BFGS:  148 20:44:49    -1100.995814        3.6826
BFGS:  149 20:44:49    -1101.075829        2.9924
BFGS:  150 20:44:49    -1101.159480        2.6202
BFGS:  151 20:44:49    -1101.237445        2.6592
BFGS:  152 20:44:49    -1101.345218        2.7896
BFGS:  153 20:44:49    -1101.447214        2.6192
BFGS:  154 20:44:49    -1101.528512        1.8401
BFGS:  155 20:44:49    -1101.578704        1.8900
BFGS:  156 20:44:49    -1101.617387        1.9726
BFGS:  157 20:44:49    -1101.703714        3.8474
BFGS:  158 20:44:49    -1101.763748        5.9742
BFGS:  159 20:44:49    -1101.799177        6.2653
BFGS:  160 20:44:49    -1101.833253        5.8648
BFGS:  161 20:44:49    -1101.860030        5.9238
BFGS:  162 20:44:49    -1101.888002        5.8137
BFGS:  163 20:44:49    -1101.956767        5.6789
BFGS:  164 20:44:49    -1102.014246        5.6261
BFGS:  165 20:44:49    -1102.072784        5.4969
BFGS:  166 20:44:49    -1102.112642        5.7396
BFGS:  167 20:44:49    -1102.154763        5.3206
BFGS:  168 20:44:49    -1102.205189        5.7892
BFGS:  169 20:44:49    -1102.258782        5.4484
BFGS:  170 20:44:49    -1102.316893        6.0025
BFGS:  171 20:44:49    -1102.369516        6.0216
BFGS:  172 20:44:49    -1102.443204        6.0799
BFGS:  173 20:44:49    -1102.533666        5.8775
BFGS:  174 20:44:49    -1102.632298        5.6260
BFGS:  175 20:44:49    -1102.745517        5.1380
BFGS:  176 20:44:49    -1102.857446        4.6142
BFGS:  177 20:44:49    -1102.967721        4.5503
BFGS:  178 20:44:49    -1103.052276        3.8937
BFGS:  179 20:44:50    -1103.129958        3.5316
BFGS:  180 20:44:50    -1103.194673        3.8700
BFGS:  181 20:44:50    -1103.251782        3.5025
BFGS:  182 20:44:50    -1103.285476        3.1708
BFGS:  183 20:44:50    -1103.307931        2.8924
BFGS:  184 20:44:50    -1103.327783        2.6048
BFGS:  185 20:44:50    -1103.344269        2.2774
BFGS:  186 20:44:50    -1103.358144        1.9505
BFGS:  187 20:44:50    -1103.368796        1.7079
BFGS:  188 20:44:50    -1103.376197        1.5967
BFGS:  189 20:44:50    -1103.382314        1.5185
BFGS:  190 20:44:50    -1103.390223        1.4248
BFGS:  191 20:44:50    -1103.399150        1.2677
BFGS:  192 20:44:50    -1103.407462        1.0562
BFGS:  193 20:44:50    -1103.413795        0.8178
BFGS:  194 20:44:50    -1103.418648        0.5784
BFGS:  195 20:44:50    -1103.422567        0.3882
BFGS:  196 20:44:50    -1103.425414        0.3116
BFGS:  197 20:44:50    -1103.427127        0.2671
BFGS:  198 20:44:50    -1103.428054        0.2160
BFGS:  199 20:44:50    -1103.428462        0.1865
BFGS:  200 20:44:50    -1103.428629        0.1590
BFGS:  201 20:44:50    -1103.428711        0.1384
BFGS:  202 20:44:50    -1103.428791        0.1352
BFGS:  203 20:44:50    -1103.428894        0.1220
BFGS:  204 20:44:50    -1103.428998        0.0903
