      Step     Time          Energy         fmax
BFGS:    0 20:41:09     -840.478648      213.2389
BFGS:    1 20:41:09     -866.321049      198.9139
BFGS:    2 20:41:10     -892.597456      181.1034
BFGS:    3 20:41:10     -917.518851      156.0011
BFGS:    4 20:41:10     -937.264705      136.1600
BFGS:    5 20:41:10     -952.197860      111.9877
BFGS:    6 20:41:10     -966.641235       94.5836
BFGS:    7 20:41:10     -976.790031       82.2256
BFGS:    8 20:41:10     -985.874196       80.8658
BFGS:    9 20:41:10     -993.830595       79.0294
BFGS:   10 20:41:10    -1000.487463       77.9624
BFGS:   11 20:41:10    -1006.201875       74.3221
BFGS:   12 20:41:10    -1013.151584       70.3636
BFGS:   13 20:41:10    -1020.501878       64.8510
BFGS:   14 20:41:10    -1027.841376       56.4383
BFGS:   15 20:41:10    -1034.800643       49.6453
BFGS:   16 20:41:10    -1041.466507       44.6799
BFGS:   17 20:41:10    -1046.672330       39.6192
BFGS:   18 20:41:10    -1051.532930       37.9936
BFGS:   19 20:41:10    -1056.159908       36.9042
BFGS:   20 20:41:10    -1061.142808       34.4148
BFGS:   21 20:41:10    -1066.649098       33.1670
BFGS:   22 20:41:10    -1071.213572       29.5637
BFGS:   23 20:41:10    -1075.170863       27.4217
BFGS:   24 20:41:10    -1078.647236       24.8467
BFGS:   25 20:41:10    -1082.105343       22.0048
BFGS:   26 20:41:10    -1085.130586       19.7320
BFGS:   27 20:41:10    -1087.804370       17.2267
BFGS:   28 20:41:11    -1090.072880       14.9607
BFGS:   29 20:41:11    -1091.958273       13.3086
BFGS:   30 20:41:11    -1093.471212       11.5417
BFGS:   31 20:41:11    -1094.720393       10.5532
BFGS:   32 20:41:11    -1095.786835        9.3921
BFGS:   33 20:41:11    -1096.739148        8.7360
BFGS:   34 20:41:11    -1097.640142        8.1215
BFGS:   35 20:41:11    -1098.515655        7.6178
BFGS:   36 20:41:11    -1099.372629        7.1746
BFGS:   37 20:41:11    -1100.239156        6.6764
BFGS:   38 20:41:11    -1101.117807        6.4387
BFGS:   39 20:41:11    -1102.015386        6.2844
BFGS:   40 20:41:11    -1102.802447        6.3152
BFGS:   41 20:41:11    -1103.486873        6.9045
BFGS:   42 20:41:11    -1104.131101        7.8064
BFGS:   43 20:41:11    -1104.767868        8.9848
BFGS:   44 20:41:11    -1105.439511        9.5893
BFGS:   45 20:41:11    -1106.134074       10.3091
BFGS:   46 20:41:11    -1106.921174        9.7900
BFGS:   47 20:41:11    -1107.703903        8.7170
BFGS:   48 20:41:11    -1108.437438        8.4492
BFGS:   49 20:41:11    -1109.170478        9.4163
BFGS:   50 20:41:11    -1109.864115        9.8641
BFGS:   51 20:41:11    -1110.581346       10.0668
BFGS:   52 20:41:11    -1111.292008        9.6344
BFGS:   53 20:41:11    -1112.027832        9.2610
BFGS:   54 20:41:11    -1112.752742        8.4851
BFGS:   55 20:41:11    -1113.481417        8.8997
BFGS:   56 20:41:11    -1114.219113        9.0120
BFGS:   57 20:41:11    -1114.917435        8.2490
BFGS:   58 20:41:12    -1115.458049        6.5159
BFGS:   59 20:41:12    -1115.899155        6.3249
BFGS:   60 20:41:12    -1116.305228        5.0528
BFGS:   61 20:41:12    -1116.656253        4.4640
BFGS:   62 20:41:12    -1116.989821        3.8737
BFGS:   63 20:41:12    -1117.306319        3.9357
BFGS:   64 20:41:12    -1117.598505        4.3147
BFGS:   65 20:41:12    -1117.840249        4.8891
BFGS:   66 20:41:12    -1118.056041        5.0086
BFGS:   67 20:41:12    -1118.255400        4.9929
BFGS:   68 20:41:12    -1118.463199        4.6264
BFGS:   69 20:41:12    -1118.681600        3.8453
BFGS:   70 20:41:12    -1118.920057        3.8153
BFGS:   71 20:41:12    -1119.170511        3.7985
BFGS:   72 20:41:12    -1119.384844        3.6107
BFGS:   73 20:41:12    -1119.554889        3.2056
BFGS:   74 20:41:12    -1119.702349        3.0925
BFGS:   75 20:41:12    -1119.837807        3.0342
BFGS:   76 20:41:12    -1119.957546        2.5984
BFGS:   77 20:41:12    -1120.034840        2.0108
BFGS:   78 20:41:12    -1120.069179        1.7822
BFGS:   79 20:41:12    -1120.105914        1.4653
BFGS:   80 20:41:12    -1120.146428        1.1819
BFGS:   81 20:41:12    -1120.171974        1.2077
BFGS:   82 20:41:12    -1120.184822        0.8474
BFGS:   83 20:41:12    -1120.194904        0.6757
BFGS:   84 20:41:12    -1120.201449        0.5807
BFGS:   85 20:41:12    -1120.205466        0.6587
BFGS:   86 20:41:12    -1120.207785        0.5073
BFGS:   87 20:41:12    -1120.209806        0.4967
BFGS:   88 20:41:13    -1120.211300        0.4381
BFGS:   89 20:41:13    -1120.212154        0.4230
BFGS:   90 20:41:13    -1120.212754        0.3789
BFGS:   91 20:41:13    -1120.213292        0.3229
BFGS:   92 20:41:13    -1120.213854        0.2740
BFGS:   93 20:41:13    -1120.214361        0.2121
BFGS:   94 20:41:13    -1120.214877        0.2079
BFGS:   95 20:41:13    -1120.215448        0.2535
BFGS:   96 20:41:13    -1120.216102        0.2907
BFGS:   97 20:41:13    -1120.216690        0.2849
BFGS:   98 20:41:13    -1120.217267        0.2675
BFGS:   99 20:41:13    -1120.217872        0.2176
BFGS:  100 20:41:13    -1120.218544        0.2150
BFGS:  101 20:41:13    -1120.219304        0.2463
BFGS:  102 20:41:13    -1120.219959        0.2466
BFGS:  103 20:41:13    -1120.220423        0.2493
BFGS:  104 20:41:13    -1120.220726        0.2499
BFGS:  105 20:41:13    -1120.221157        0.2794
BFGS:  106 20:41:13    -1120.221681        0.3103
BFGS:  107 20:41:13    -1120.222384        0.4271
BFGS:  108 20:41:13    -1120.223045        0.4883
BFGS:  109 20:41:13    -1120.224503        0.6726
BFGS:  110 20:41:13    -1120.226198        0.9590
BFGS:  111 20:41:13    -1120.228171        1.3744
BFGS:  112 20:41:13    -1120.238890        1.4999
BFGS:  113 20:41:13    -1120.259857        2.0573
BFGS:  114 20:41:13    -1120.285890        2.8208
BFGS:  115 20:41:13    -1120.327630        3.1531
BFGS:  116 20:41:13    -1120.386592        3.5578
BFGS:  117 20:41:13    -1120.452931        3.8754
BFGS:  118 20:41:13    -1120.494116        2.6997
BFGS:  119 20:41:14    -1120.572010        2.4757
BFGS:  120 20:41:14    -1120.603867        1.7852
BFGS:  121 20:41:14    -1120.623162        1.0027
BFGS:  122 20:41:14    -1120.629542        0.7456
BFGS:  123 20:41:14    -1120.633396        0.5646
BFGS:  124 20:41:14    -1120.635978        0.4419
BFGS:  125 20:41:14    -1120.638519        0.2960
BFGS:  126 20:41:14    -1120.639663        0.2909
BFGS:  127 20:41:14    -1120.640247        0.2807
BFGS:  128 20:41:14    -1120.640768        0.2719
BFGS:  129 20:41:14    -1120.641390        0.2557
BFGS:  130 20:41:14    -1120.642044        0.2091
BFGS:  131 20:41:14    -1120.642525        0.1448
BFGS:  132 20:41:14    -1120.642820        0.1259
BFGS:  133 20:41:14    -1120.642959        0.1086
BFGS:  134 20:41:14    -1120.643017        0.0966
