      Step     Time          Energy         fmax
BFGS:    0 20:50:51     -728.737291      251.4387
BFGS:    1 20:50:52     -779.950557      186.6361
BFGS:    2 20:50:52     -792.939409      182.7397
BFGS:    3 20:50:52     -805.950967      171.7215
BFGS:    4 20:50:52     -819.275895      169.8680
BFGS:    5 20:50:52     -832.993572      157.3247
BFGS:    6 20:50:52     -846.600694      149.6045
BFGS:    7 20:50:52     -859.938642      143.6924
BFGS:    8 20:50:52     -875.312089      138.2797
BFGS:    9 20:50:52     -888.904054      133.2356
BFGS:   10 20:50:52     -900.038782      130.5859
BFGS:   11 20:50:52     -909.264643      125.5147
BFGS:   12 20:50:52     -916.934775      121.6892
BFGS:   13 20:50:52     -924.384431      114.4642
BFGS:   14 20:50:52     -931.768349      110.9270
BFGS:   15 20:50:52     -937.974031      103.4547
BFGS:   16 20:50:52     -943.819597       98.5607
BFGS:   17 20:50:52     -949.721535       93.6163
BFGS:   18 20:50:52     -955.621976       89.2299
BFGS:   19 20:50:52     -960.700127       86.5087
BFGS:   20 20:50:52     -965.807445       83.6701
BFGS:   21 20:50:52     -971.440385       81.3800
BFGS:   22 20:50:52     -976.788807       77.5835
BFGS:   23 20:50:52     -982.532409       73.3405
BFGS:   24 20:50:52     -988.334022       68.1716
BFGS:   25 20:50:52     -994.415272       61.9872
BFGS:   26 20:50:52    -1000.302946       54.8398
BFGS:   27 20:50:53    -1006.144421       47.6235
BFGS:   28 20:50:53    -1011.589547       45.0749
BFGS:   29 20:50:53    -1017.192168       41.1883
BFGS:   30 20:50:53    -1022.773793       38.1240
BFGS:   31 20:50:53    -1027.399058       37.4446
BFGS:   32 20:50:53    -1031.161814       37.6084
BFGS:   33 20:50:53    -1034.082577       37.2037
BFGS:   34 20:50:53    -1037.119414       35.9769
BFGS:   35 20:50:53    -1040.037246       35.7626
BFGS:   36 20:50:53    -1043.037756       33.1033
BFGS:   37 20:50:53    -1046.014561       30.5303
BFGS:   38 20:50:53    -1049.286587       27.3539
BFGS:   39 20:50:53    -1051.787459       26.1097
BFGS:   40 20:50:53    -1054.157332       26.2612
BFGS:   41 20:50:53    -1056.037702       27.2405
BFGS:   42 20:50:53    -1057.721741       27.9323
BFGS:   43 20:50:53    -1059.410681       28.6422
BFGS:   44 20:50:53    -1061.303155       28.3531
BFGS:   45 20:50:53    -1063.240982       29.0777
BFGS:   46 20:50:53    -1065.239588       28.6290
BFGS:   47 20:50:53    -1066.930761       27.0061
BFGS:   48 20:50:53    -1068.409664       25.3996
BFGS:   49 20:50:53    -1069.715843       21.9682
BFGS:   50 20:50:53    -1070.943407       20.3614
BFGS:   51 20:50:53    -1072.000459       15.8749
BFGS:   52 20:50:53    -1072.655280       14.1696
BFGS:   53 20:50:53    -1073.097435       11.5583
BFGS:   54 20:50:53    -1073.433752        9.4961
BFGS:   55 20:50:54    -1073.802597        9.3187
BFGS:   56 20:50:54    -1074.166240        9.2366
BFGS:   57 20:50:54    -1074.514016        9.4167
BFGS:   58 20:50:54    -1074.931979        8.3176
BFGS:   59 20:50:54    -1075.358260        8.5261
BFGS:   60 20:50:54    -1075.778518        7.9103
BFGS:   61 20:50:54    -1076.232634        7.0364
BFGS:   62 20:50:54    -1076.746348        5.9063
BFGS:   63 20:50:54    -1077.148441        6.2329
BFGS:   64 20:50:54    -1077.444049        7.0952
BFGS:   65 20:50:54    -1077.722076        7.7361
BFGS:   66 20:50:54    -1078.004732        7.7725
BFGS:   67 20:50:54    -1078.330900        8.7962
BFGS:   68 20:50:54    -1078.656748        9.6710
BFGS:   69 20:50:54    -1078.960630       10.2724
BFGS:   70 20:50:54    -1079.335334       11.7428
BFGS:   71 20:50:54    -1079.716844       12.1069
BFGS:   72 20:50:54    -1080.099531       12.2360
BFGS:   73 20:50:54    -1080.470213       12.4132
BFGS:   74 20:50:54    -1080.835144       12.4610
BFGS:   75 20:50:54    -1081.206666       12.4060
BFGS:   76 20:50:54    -1081.599808       12.2398
BFGS:   77 20:50:54    -1082.112833       11.8144
BFGS:   78 20:50:54    -1082.770019       10.8419
BFGS:   79 20:50:54    -1083.459637        8.8472
BFGS:   80 20:50:54    -1084.112391        9.7554
BFGS:   81 20:50:54    -1084.739671       10.2895
BFGS:   82 20:50:54    -1085.135188       10.2112
BFGS:   83 20:50:54    -1085.530830       10.7661
BFGS:   84 20:50:55    -1085.921669       10.3937
BFGS:   85 20:50:55    -1086.115545       10.6402
BFGS:   86 20:50:55    -1086.317140        8.4541
BFGS:   87 20:50:55    -1086.642996        7.3812
BFGS:   88 20:50:55    -1086.787851        5.9383
BFGS:   89 20:50:55    -1086.929632        6.3977
BFGS:   90 20:50:55    -1087.124097        8.2599
BFGS:   91 20:50:55    -1087.239763        6.6859
BFGS:   92 20:50:55    -1087.356987        6.0950
BFGS:   93 20:50:55    -1087.477198        4.0392
BFGS:   94 20:50:55    -1087.597867        5.0655
BFGS:   95 20:50:55    -1087.673657        4.4521
BFGS:   96 20:50:55    -1087.754835        3.3570
BFGS:   97 20:50:55    -1087.823280        3.1416
BFGS:   98 20:50:55    -1087.896552        3.3630
BFGS:   99 20:50:55    -1087.998839        3.8940
BFGS:  100 20:50:55    -1088.093310        4.3569
BFGS:  101 20:50:55    -1088.220380        4.6464
BFGS:  102 20:50:55    -1088.311606        4.7501
BFGS:  103 20:50:55    -1088.484120        4.3574
BFGS:  104 20:50:55    -1088.680714        5.5472
BFGS:  105 20:50:55    -1088.891766        6.2668
BFGS:  106 20:50:55    -1089.068452        6.6386
BFGS:  107 20:50:55    -1089.249418        6.6561
BFGS:  108 20:50:55    -1089.422143        6.7454
BFGS:  109 20:50:55    -1089.594705        8.5365
BFGS:  110 20:50:55    -1089.782982       10.0901
BFGS:  111 20:50:55    -1090.004711       11.2301
BFGS:  112 20:50:55    -1090.242954       12.2370
BFGS:  113 20:50:55    -1090.488995       13.0196
BFGS:  114 20:50:55    -1090.754393       13.4388
BFGS:  115 20:50:56    -1091.099838       13.1527
BFGS:  116 20:50:56    -1091.566248       11.8910
BFGS:  117 20:50:56    -1092.064730        9.3426
BFGS:  118 20:50:56    -1092.467949        6.5504
BFGS:  119 20:50:56    -1092.836547        6.3240
BFGS:  120 20:50:56    -1093.083818        3.8035
BFGS:  121 20:50:56    -1093.247811        4.1844
BFGS:  122 20:50:56    -1093.448947        4.4834
BFGS:  123 20:50:56    -1093.557824        4.9465
BFGS:  124 20:50:56    -1093.654841        3.9839
BFGS:  125 20:50:56    -1093.739235        4.1399
BFGS:  126 20:50:56    -1093.816236        3.6697
BFGS:  127 20:50:56    -1093.926315        3.2940
BFGS:  128 20:50:56    -1094.046013        3.9181
BFGS:  129 20:50:56    -1094.211370        4.8659
BFGS:  130 20:50:56    -1094.366182        5.6597
BFGS:  131 20:50:56    -1094.536646        6.5211
BFGS:  132 20:50:56    -1094.708716        7.2559
BFGS:  133 20:50:56    -1094.841560        7.2977
BFGS:  134 20:50:56    -1094.988266        7.0714
BFGS:  135 20:50:56    -1095.073504        6.1408
BFGS:  136 20:50:56    -1095.165659        5.9459
BFGS:  137 20:50:56    -1095.263242        5.7849
BFGS:  138 20:50:56    -1095.387572        4.7207
BFGS:  139 20:50:56    -1095.512096        4.2012
BFGS:  140 20:50:56    -1095.652481        5.5774
BFGS:  141 20:50:56    -1095.821972        4.9516
BFGS:  142 20:50:56    -1095.936837        3.5760
BFGS:  143 20:50:56    -1096.121739        3.7253
BFGS:  144 20:50:56    -1096.302559        4.5395
BFGS:  145 20:50:56    -1096.475358        5.5096
BFGS:  146 20:50:56    -1096.665170        6.2226
BFGS:  147 20:50:56    -1096.833770        6.8380
BFGS:  148 20:50:56    -1096.973174        6.9794
BFGS:  149 20:50:57    -1097.142670        6.4947
BFGS:  150 20:50:57    -1097.393780        6.3715
BFGS:  151 20:50:57    -1097.610303        6.0643
BFGS:  152 20:50:57    -1097.789107        6.0769
BFGS:  153 20:50:57    -1097.965865        5.6878
BFGS:  154 20:50:57    -1098.108110        5.7729
BFGS:  155 20:50:57    -1098.264740        6.4074
BFGS:  156 20:50:57    -1098.389684        7.6255
BFGS:  157 20:50:57    -1098.562674        7.6313
BFGS:  158 20:50:57    -1098.781858        5.2911
BFGS:  159 20:50:57    -1098.926296        5.3778
BFGS:  160 20:50:57    -1099.037585        5.6989
BFGS:  161 20:50:57    -1099.117059        6.2818
BFGS:  162 20:50:57    -1099.206092        5.8675
BFGS:  163 20:50:57    -1099.308230        6.2076
BFGS:  164 20:50:57    -1099.393102        5.7905
BFGS:  165 20:50:57    -1099.476273        6.0675
BFGS:  166 20:50:57    -1099.541301        5.4331
BFGS:  167 20:50:57    -1099.605053        5.9651
BFGS:  168 20:50:57    -1099.661114        5.6328
BFGS:  169 20:50:57    -1099.729730        5.4722
BFGS:  170 20:50:57    -1099.781365        6.1677
BFGS:  171 20:50:57    -1099.815265        5.7396
BFGS:  172 20:50:57    -1099.837457        5.7060
BFGS:  173 20:50:57    -1099.862991        5.6329
BFGS:  174 20:50:57    -1099.894848        5.4512
BFGS:  175 20:50:57    -1099.939749        5.3599
BFGS:  176 20:50:57    -1099.985311        5.2151
BFGS:  177 20:50:57    -1100.032456        5.2094
BFGS:  178 20:50:57    -1100.074938        5.1052
BFGS:  179 20:50:57    -1100.115166        5.0885
BFGS:  180 20:50:57    -1100.154162        4.9350
BFGS:  181 20:50:57    -1100.191120        4.9625
BFGS:  182 20:50:57    -1100.222145        4.8701
BFGS:  183 20:50:57    -1100.245703        4.9993
BFGS:  184 20:50:58    -1100.264809        4.9155
BFGS:  185 20:50:58    -1100.283959        4.9693
BFGS:  186 20:50:58    -1100.309438        4.8953
BFGS:  187 20:50:58    -1100.347248        4.8553
BFGS:  188 20:50:58    -1100.399580        4.7139
BFGS:  189 20:50:58    -1100.455480        4.5267
BFGS:  190 20:50:58    -1100.515631        4.3775
BFGS:  191 20:50:58    -1100.573825        4.2630
BFGS:  192 20:50:58    -1100.631696        4.2262
BFGS:  193 20:50:58    -1100.688594        4.1929
BFGS:  194 20:50:58    -1100.749031        4.1627
BFGS:  195 20:50:58    -1100.810882        4.1182
BFGS:  196 20:50:58    -1100.871335        4.1384
BFGS:  197 20:50:58    -1100.930299        4.1849
BFGS:  198 20:50:58    -1100.990891        4.3522
BFGS:  199 20:50:58    -1101.072066        4.2407
BFGS:  200 20:50:58    -1101.139995        4.3056
BFGS:  201 20:50:58    -1101.265057        3.4953
BFGS:  202 20:50:58    -1101.347467        3.1825
BFGS:  203 20:50:58    -1101.413583        3.6559
BFGS:  204 20:50:58    -1101.458521        3.5523
BFGS:  205 20:50:58    -1101.516981        3.8248
BFGS:  206 20:50:58    -1101.559720        3.7961
BFGS:  207 20:50:58    -1101.595242        4.1474
BFGS:  208 20:50:58    -1101.627827        4.1446
BFGS:  209 20:50:58    -1101.654969        4.1171
BFGS:  210 20:50:58    -1101.676142        4.1147
BFGS:  211 20:50:58    -1101.699712        4.0688
BFGS:  212 20:50:58    -1101.722333        4.0383
BFGS:  213 20:50:58    -1101.749972        3.9780
BFGS:  214 20:50:58    -1101.781846        3.9263
BFGS:  215 20:50:58    -1101.814972        3.8610
BFGS:  216 20:50:58    -1101.848678        3.7139
BFGS:  217 20:50:58    -1101.893165        3.2723
BFGS:  218 20:50:58    -1101.976292        3.0230
BFGS:  219 20:50:59    -1102.046086        2.9250
BFGS:  220 20:50:59    -1102.110963        2.3149
BFGS:  221 20:50:59    -1102.146803        1.9946
BFGS:  222 20:50:59    -1102.165168        2.0825
BFGS:  223 20:50:59    -1102.179745        2.0543
BFGS:  224 20:50:59    -1102.195184        1.9862
BFGS:  225 20:50:59    -1102.209555        2.1310
BFGS:  226 20:50:59    -1102.220376        2.1944
BFGS:  227 20:50:59    -1102.228706        2.1459
BFGS:  228 20:50:59    -1102.236852        2.0056
BFGS:  229 20:50:59    -1102.245584        1.8733
BFGS:  230 20:50:59    -1102.255465        1.8113
BFGS:  231 20:50:59    -1102.268258        1.6310
BFGS:  232 20:50:59    -1102.278865        1.3255
BFGS:  233 20:50:59    -1102.287737        1.1239
BFGS:  234 20:50:59    -1102.296086        1.2713
BFGS:  235 20:50:59    -1102.307327        1.4539
BFGS:  236 20:50:59    -1102.319651        1.6982
BFGS:  237 20:50:59    -1102.328369        1.6514
BFGS:  238 20:50:59    -1102.335346        1.5869
BFGS:  239 20:50:59    -1102.339873        1.4976
BFGS:  240 20:50:59    -1102.344806        1.4379
BFGS:  241 20:50:59    -1102.348397        1.5474
BFGS:  242 20:50:59    -1102.351303        1.5786
BFGS:  243 20:50:59    -1102.353383        1.5566
BFGS:  244 20:50:59    -1102.354981        1.5094
BFGS:  245 20:50:59    -1102.355923        1.4742
BFGS:  246 20:50:59    -1102.356419        1.4543
BFGS:  247 20:50:59    -1102.356668        1.4517
BFGS:  248 20:50:59    -1102.356795        1.4542
BFGS:  249 20:50:59    -1102.356862        1.4607
BFGS:  250 20:50:59    -1102.356903        1.4651
BFGS:  251 20:50:59    -1102.356930        1.4699
BFGS:  252 20:50:59    -1102.356953        1.4731
BFGS:  253 20:50:59    -1102.356970        1.4770
BFGS:  254 20:51:00    -1102.356983        1.4803
BFGS:  255 20:51:00    -1102.356992        1.4837
BFGS:  256 20:51:00    -1102.356999        1.4865
BFGS:  257 20:51:00    -1102.357003        1.4885
BFGS:  258 20:51:00    -1102.357007        1.4900
BFGS:  259 20:51:00    -1102.357009        1.4904
BFGS:  260 20:51:00    -1102.357012        1.4901
BFGS:  261 20:51:00    -1102.357013        1.4896
BFGS:  262 20:51:00    -1102.357013        1.4892
BFGS:  263 20:51:00    -1102.357014        1.4891
