      Step     Time          Energy         fmax
BFGS:    0 20:42:15     -764.885592      129.9151
BFGS:    1 20:42:15     -786.267939       91.7570
BFGS:    2 20:42:15     -802.593449       88.1548
BFGS:    3 20:42:15     -820.065284       83.8554
BFGS:    4 20:42:15     -834.967654       78.7084
BFGS:    5 20:42:15     -847.839944       67.9996
BFGS:    6 20:42:15     -862.597272       63.2902
BFGS:    7 20:42:15     -874.294390       54.3244
BFGS:    8 20:42:15     -882.963002       47.9977
BFGS:    9 20:42:15     -891.141201       45.5824
BFGS:   10 20:42:15     -900.151927       36.5287
BFGS:   11 20:42:15     -905.767372       34.7769
BFGS:   12 20:42:15     -909.644648       33.6576
BFGS:   13 20:42:15     -913.692604       27.6785
BFGS:   14 20:42:15     -917.119097       23.7844
BFGS:   15 20:42:15     -920.002992       25.3503
BFGS:   16 20:42:16     -922.386769       22.4740
BFGS:   17 20:42:16     -924.633659       21.1988
BFGS:   18 20:42:16     -926.747013       19.6278
BFGS:   19 20:42:16     -928.922819       18.6381
BFGS:   20 20:42:16     -931.180777       19.8743
BFGS:   21 20:42:16     -933.485604       26.7398
BFGS:   22 20:42:16     -935.739855       35.1063
BFGS:   23 20:42:16     -937.872945       41.3826
BFGS:   24 20:42:16     -939.907970       46.4728
BFGS:   25 20:42:16     -941.876386       50.0594
BFGS:   26 20:42:16     -943.701446       53.2415
BFGS:   27 20:42:16     -945.339467       54.5774
BFGS:   28 20:42:16     -946.992849       56.5924
BFGS:   29 20:42:16     -948.622844       58.3477
BFGS:   30 20:42:16     -950.093175       59.1029
BFGS:   31 20:42:16     -951.468116       59.8926
BFGS:   32 20:42:16     -952.893080       58.4495
BFGS:   33 20:42:16     -954.299049       57.0125
BFGS:   34 20:42:16     -955.513242       55.0850
BFGS:   35 20:42:16     -956.568232       54.5716
BFGS:   36 20:42:16     -957.601313       54.0883
BFGS:   37 20:42:16     -958.537315       53.0737
BFGS:   38 20:42:16     -959.531682       51.3368
BFGS:   39 20:42:16     -960.522965       49.9198
BFGS:   40 20:42:16     -961.548677       48.2584
BFGS:   41 20:42:16     -962.595478       46.5546
BFGS:   42 20:42:16     -963.650360       44.7618
BFGS:   43 20:42:16     -964.720657       43.0624
BFGS:   44 20:42:17     -965.766275       41.4410
BFGS:   45 20:42:17     -966.831395       39.1107
BFGS:   46 20:42:17     -967.849072       37.9233
BFGS:   47 20:42:17     -968.814690       35.7789
BFGS:   48 20:42:17     -969.763898       33.8620
BFGS:   49 20:42:17     -970.688186       32.4480
BFGS:   50 20:42:17     -971.551051       30.3158
BFGS:   51 20:42:17     -972.400320       28.8028
BFGS:   52 20:42:17     -973.193839       27.1390
BFGS:   53 20:42:17     -973.966931       25.3877
BFGS:   54 20:42:17     -974.735135       24.0142
BFGS:   55 20:42:17     -975.425409       22.4095
BFGS:   56 20:42:17     -976.102021       21.0961
BFGS:   57 20:42:17     -976.737466       20.0928
BFGS:   58 20:42:17     -977.344563       19.3760
BFGS:   59 20:42:17     -977.891420       18.8461
BFGS:   60 20:42:17     -978.443347       18.2300
BFGS:   61 20:42:17     -978.926938       17.7070
BFGS:   62 20:42:17     -979.402496       17.1650
BFGS:   63 20:42:17     -979.833185       16.6553
BFGS:   64 20:42:17     -980.250355       16.2190
BFGS:   65 20:42:17     -980.640538       15.8121
BFGS:   66 20:42:17     -981.027462       15.5029
BFGS:   67 20:42:17     -981.394301       15.6800
BFGS:   68 20:42:17     -981.760691       16.5075
BFGS:   69 20:42:17     -982.127884       17.4121
BFGS:   70 20:42:17     -982.497691       18.3726
BFGS:   71 20:42:17     -982.868185       19.2995
BFGS:   72 20:42:17     -983.238754       20.1866
BFGS:   73 20:42:17     -983.604054       20.8094
BFGS:   74 20:42:17     -983.967988       21.4932
BFGS:   75 20:42:17     -984.325270       22.0505
BFGS:   76 20:42:18     -984.675298       22.5298
BFGS:   77 20:42:18     -985.019885       22.8671
BFGS:   78 20:42:18     -985.357149       23.1228
BFGS:   79 20:42:18     -985.695036       23.1152
BFGS:   80 20:42:18     -986.038829       23.0628
BFGS:   81 20:42:18     -986.376521       22.9209
BFGS:   82 20:42:18     -986.731069       22.6792
BFGS:   83 20:42:18     -987.159378       22.1946
BFGS:   84 20:42:18     -987.619079       21.6341
BFGS:   85 20:42:18     -988.177809       20.5970
BFGS:   86 20:42:18     -988.968455       22.4439
BFGS:   87 20:42:18     -990.007526       26.3228
BFGS:   88 20:42:18     -991.223738       28.8503
BFGS:   89 20:42:18     -992.507143       29.3815
BFGS:   90 20:42:18     -993.695854       27.8550
BFGS:   91 20:42:18     -994.804011       23.6408
BFGS:   92 20:42:18     -995.652286       18.9597
BFGS:   93 20:42:18     -996.410925       14.2776
BFGS:   94 20:42:18     -996.995672       13.6360
BFGS:   95 20:42:18     -997.562580       13.2902
BFGS:   96 20:42:18     -998.027249       13.0439
BFGS:   97 20:42:18     -998.436157       12.4994
BFGS:   98 20:42:18     -998.740290       11.8947
BFGS:   99 20:42:18     -998.922284       11.6447
BFGS:  100 20:42:18     -999.029204       11.9834
BFGS:  101 20:42:18     -999.196402       12.3087
BFGS:  102 20:42:18     -999.405838       13.8800
BFGS:  103 20:42:18     -999.591470       13.6440
BFGS:  104 20:42:18     -999.750995       12.6740
BFGS:  105 20:42:18     -999.897931       11.2509
BFGS:  106 20:42:18    -1000.032451        9.3467
BFGS:  107 20:42:18    -1000.165270        7.2840
BFGS:  108 20:42:18    -1000.288653        6.1033
BFGS:  109 20:42:18    -1000.407033        5.4275
BFGS:  110 20:42:19    -1000.512660        5.1658
BFGS:  111 20:42:19    -1000.612086        5.4985
BFGS:  112 20:42:19    -1000.692859        5.1638
BFGS:  113 20:42:19    -1000.767371        4.2099
BFGS:  114 20:42:19    -1000.815179        3.3914
BFGS:  115 20:42:19    -1000.841191        2.0359
BFGS:  116 20:42:19    -1000.854550        2.4846
BFGS:  117 20:42:19    -1000.863017        1.8233
BFGS:  118 20:42:19    -1000.868572        2.2541
BFGS:  119 20:42:19    -1000.873222        1.6116
BFGS:  120 20:42:19    -1000.876843        1.2301
BFGS:  121 20:42:19    -1000.877986        1.1143
BFGS:  122 20:42:19    -1000.878760        1.3039
BFGS:  123 20:42:19    -1000.878617        0.8901
BFGS:  124 20:42:19    -1000.879663        0.8432
BFGS:  125 20:42:19    -1000.879597        1.3659
BFGS:  126 20:42:19    -1000.880851        0.7107
BFGS:  127 20:42:19    -1000.880316        0.7578
BFGS:  128 20:42:19    -1000.881622        0.5806
BFGS:  129 20:42:19    -1000.881988        0.6836
BFGS:  130 20:42:19    -1000.882836        0.4044
BFGS:  131 20:42:19    -1000.883296        0.8719
BFGS:  132 20:42:19    -1000.883705        0.8217
BFGS:  133 20:42:19    -1000.882582        0.9628
BFGS:  134 20:42:19    -1000.883708        0.3833
BFGS:  135 20:42:19    -1000.884001        0.5260
BFGS:  136 20:42:19    -1000.883934        0.5536
BFGS:  137 20:42:19    -1000.884144        0.6535
BFGS:  138 20:42:19    -1000.884249        0.6982
BFGS:  139 20:42:19    -1000.884399        0.3895
BFGS:  140 20:42:19    -1000.884507        0.2761
BFGS:  141 20:42:19    -1000.884687        0.4284
BFGS:  142 20:42:19    -1000.884832        0.8229
BFGS:  143 20:42:19    -1000.885133        0.7190
BFGS:  144 20:42:20    -1000.885671        0.4834
BFGS:  145 20:42:20    -1000.886422        0.4672
BFGS:  146 20:42:20    -1000.888894        0.5221
BFGS:  147 20:42:20    -1000.892032        0.7345
BFGS:  148 20:42:20    -1000.895099        1.0188
BFGS:  149 20:42:20    -1000.898109        1.3493
BFGS:  150 20:42:20    -1000.901247        1.3436
BFGS:  151 20:42:20    -1000.904424        1.3161
BFGS:  152 20:42:20    -1000.907545        1.2894
BFGS:  153 20:42:20    -1000.910563        1.2697
BFGS:  154 20:42:20    -1000.913601        1.2479
BFGS:  155 20:42:20    -1000.916617        1.2226
BFGS:  156 20:42:20    -1000.919609        1.1882
BFGS:  157 20:42:20    -1000.922501        1.1190
BFGS:  158 20:42:20    -1000.925059        1.0567
BFGS:  159 20:42:20    -1000.927310        0.9863
BFGS:  160 20:42:20    -1000.928992        0.9207
BFGS:  161 20:42:20    -1000.930366        0.9636
BFGS:  162 20:42:20    -1000.930844        0.7379
BFGS:  163 20:42:20    -1000.931044        0.7183
BFGS:  164 20:42:20    -1000.931237        0.4811
BFGS:  165 20:42:20    -1000.931371        0.2257
BFGS:  166 20:42:20    -1000.931233        0.6630
BFGS:  167 20:42:20    -1000.931428        0.5692
BFGS:  168 20:42:20    -1000.931411        0.2478
BFGS:  169 20:42:20    -1000.931512        0.2309
BFGS:  170 20:42:20    -1000.931488        0.5855
BFGS:  171 20:42:20    -1000.931618        0.2259
BFGS:  172 20:42:20    -1000.931641        0.5150
BFGS:  173 20:42:20    -1000.931580        0.5695
BFGS:  174 20:42:20    -1000.931679        0.5320
BFGS:  175 20:42:20    -1000.931048        0.6994
BFGS:  176 20:42:20    -1000.931634        0.5489
BFGS:  177 20:42:20    -1000.931541        0.6049
BFGS:  178 20:42:20    -1000.931737        0.6221
BFGS:  179 20:42:21    -1000.931633        0.5635
BFGS:  180 20:42:21    -1000.931734        0.4500
BFGS:  181 20:42:21    -1000.931742        0.7311
BFGS:  182 20:42:21    -1000.931763        0.1904
BFGS:  183 20:42:21    -1000.931778        0.7070
BFGS:  184 20:42:21    -1000.931775        0.5478
BFGS:  185 20:42:21    -1000.931775        0.6530
BFGS:  186 20:42:21    -1000.931767        0.1998
BFGS:  187 20:42:21    -1000.931786        0.1956
BFGS:  188 20:42:21    -1000.931656        0.5051
BFGS:  189 20:42:21    -1000.931791        0.4640
BFGS:  190 20:42:21    -1000.931632        0.4927
BFGS:  191 20:42:21    -1000.931735        0.4879
BFGS:  192 20:42:21    -1000.931744        0.3601
BFGS:  193 20:42:21    -1000.931784        0.2064
BFGS:  194 20:42:21    -1000.931800        0.4712
BFGS:  195 20:42:21    -1000.931751        0.8036
BFGS:  196 20:42:21    -1000.931812        0.4494
BFGS:  197 20:42:21    -1000.931695        0.5428
BFGS:  198 20:42:21    -1000.931763        0.2120
BFGS:  199 20:42:21    -1000.931737        0.5041
BFGS:  200 20:42:21    -1000.931801        0.2072
BFGS:  201 20:42:21    -1000.931818        0.4631
BFGS:  202 20:42:21    -1000.931686        0.8951
BFGS:  203 20:42:21    -1000.931793        0.3899
BFGS:  204 20:42:21    -1000.931708        0.2064
BFGS:  205 20:42:21    -1000.931777        0.4865
BFGS:  206 20:42:21    -1000.931728        0.3366
BFGS:  207 20:42:21    -1000.931809        0.4317
BFGS:  208 20:42:21    -1000.931818        0.7173
BFGS:  209 20:42:21    -1000.931815        0.1923
BFGS:  210 20:42:21    -1000.931817        0.6984
BFGS:  211 20:42:21    -1000.931817        0.5956
BFGS:  212 20:42:21    -1000.931823        0.1931
BFGS:  213 20:42:22    -1000.931822        0.4520
BFGS:  214 20:42:22    -1000.931825        0.6918
BFGS:  215 20:42:22    -1000.931823        0.4920
BFGS:  216 20:42:22    -1000.931825        0.6384
BFGS:  217 20:42:22    -1000.931824        0.6371
BFGS:  218 20:42:22    -1000.931824        0.4645
BFGS:  219 20:42:22    -1000.931826        0.1926
BFGS:  220 20:42:22    -1000.931824        0.4927
BFGS:  221 20:42:22    -1000.931828        0.1924
BFGS:  222 20:42:22    -1000.931829        0.4927
BFGS:  223 20:42:22    -1000.931820        0.8791
BFGS:  224 20:42:22    -1000.931827        0.5967
BFGS:  225 20:42:22    -1000.931822        0.5450
BFGS:  226 20:42:22    -1000.931829        0.1910
BFGS:  227 20:42:22    -1000.931824        0.5971
BFGS:  228 20:42:22    -1000.931829        0.4514
BFGS:  229 20:42:22    -1000.931831        0.1926
BFGS:  230 20:42:22    -1000.931832        0.4645
BFGS:  231 20:42:22    -1000.931824        0.8782
BFGS:  232 20:42:22    -1000.931833        0.3223
BFGS:  233 20:42:22    -1000.931832        0.4898
BFGS:  234 20:42:22    -1000.931834        0.4085
BFGS:  235 20:42:22    -1000.931829        0.8782
BFGS:  236 20:42:22    -1000.931834        0.7964
BFGS:  237 20:42:22    -1000.931822        0.4930
BFGS:  238 20:42:22    -1000.931831        0.4276
BFGS:  239 20:42:22    -1000.931835        0.3818
BFGS:  240 20:42:22    -1000.931834        0.1888
BFGS:  241 20:42:22    -1000.931835        0.1891
BFGS:  242 20:42:22    -1000.931821        0.8794
BFGS:  243 20:42:22    -1000.931836        0.8752
BFGS:  244 20:42:22    -1000.931824        0.1881
BFGS:  245 20:42:22    -1000.931831        0.1940
BFGS:  246 20:42:22    -1000.931836        0.4858
BFGS:  247 20:42:22    -1000.931837        0.3630
BFGS:  248 20:42:23    -1000.931823        0.8806
BFGS:  249 20:42:23    -1000.931836        0.8844
BFGS:  250 20:42:23    -1000.931828        0.4931
BFGS:  251 20:42:23    -1000.931833        0.4291
BFGS:  252 20:42:23    -1000.931832        0.8846
BFGS:  253 20:42:23    -1000.931835        0.1936
BFGS:  254 20:42:23    -1000.931836        0.1910
BFGS:  255 20:42:23    -1000.931827        0.8906
BFGS:  256 20:42:23    -1000.931837        0.4628
BFGS:  257 20:42:23    -1000.931838        0.5458
BFGS:  258 20:42:23    -1000.931828        0.8870
BFGS:  259 20:42:23    -1000.931838        0.5989
BFGS:  260 20:42:23    -1000.931837        0.4901
BFGS:  261 20:42:23    -1000.931838        0.1995
BFGS:  262 20:42:23    -1000.931835        0.8850
BFGS:  263 20:42:23    -1000.931838        0.4648
BFGS:  264 20:42:23    -1000.931838        0.5976
BFGS:  265 20:42:23    -1000.931838        0.6472
BFGS:  266 20:42:23    -1000.931839        0.1935
BFGS:  267 20:42:23    -1000.931839        0.4175
BFGS:  268 20:42:23    -1000.931839        0.6096
BFGS:  269 20:42:23    -1000.931839        0.5145
BFGS:  270 20:42:23    -1000.931839        0.6476
BFGS:  271 20:42:23    -1000.931839        0.3884
BFGS:  272 20:42:23    -1000.931839        0.5974
BFGS:  273 20:42:23    -1000.931840        0.6868
BFGS:  274 20:42:23    -1000.931835        0.6458
BFGS:  275 20:42:23    -1000.931839        0.6402
BFGS:  276 20:42:23    -1000.931836        0.7032
BFGS:  277 20:42:23    -1000.931840        0.1799
BFGS:  278 20:42:23    -1000.931841        0.1494
BFGS:  279 20:42:23    -1000.931841        0.6926
BFGS:  280 20:42:23    -1000.931841        0.5258
BFGS:  281 20:42:23    -1000.931841        0.4409
BFGS:  282 20:42:24    -1000.931841        0.4071
BFGS:  283 20:42:24    -1000.931841        0.5155
BFGS:  284 20:42:24    -1000.931842        0.5313
BFGS:  285 20:42:24    -1000.931842        0.5307
BFGS:  286 20:42:24    -1000.931842        0.5134
BFGS:  287 20:42:24    -1000.931838        0.6921
BFGS:  288 20:42:24    -1000.931842        0.1915
BFGS:  289 20:42:24    -1000.931842        0.4002
BFGS:  290 20:42:24    -1000.931843        0.6019
BFGS:  291 20:42:24    -1000.931843        0.7175
BFGS:  292 20:42:24    -1000.931843        0.3030
BFGS:  293 20:42:24    -1000.931843        0.6064
BFGS:  294 20:42:24    -1000.931843        0.3134
BFGS:  295 20:42:24    -1000.931843        0.5171
BFGS:  296 20:42:24    -1000.931844        0.5158
BFGS:  297 20:42:24    -1000.931844        0.3050
BFGS:  298 20:42:24    -1000.931844        0.3164
BFGS:  299 20:42:24    -1000.931844        0.5441
BFGS:  300 20:42:24    -1000.931844        0.4855
BFGS:  301 20:42:24    -1000.931845        0.1984
BFGS:  302 20:42:24    -1000.931845        0.4821
BFGS:  303 20:42:24    -1000.931842        0.6191
BFGS:  304 20:42:24    -1000.931845        0.3154
BFGS:  305 20:42:24    -1000.931844        0.5641
BFGS:  306 20:42:24    -1000.931845        0.1959
BFGS:  307 20:42:24    -1000.931845        0.2278
BFGS:  308 20:42:24    -1000.931844        0.8746
BFGS:  309 20:42:24    -1000.931845        0.5375
BFGS:  310 20:42:24    -1000.931845        0.1570
BFGS:  311 20:42:24    -1000.931845        0.2374
BFGS:  312 20:42:24    -1000.931845        0.8764
BFGS:  313 20:42:24    -1000.931845        0.1855
BFGS:  314 20:42:24    -1000.931845        0.1674
BFGS:  315 20:42:24    -1000.931845        0.8644
BFGS:  316 20:42:24    -1000.931845        0.3180
BFGS:  317 20:42:25    -1000.931845        0.5423
BFGS:  318 20:42:25    -1000.931846        0.6225
BFGS:  319 20:42:25    -1000.931846        0.4984
BFGS:  320 20:42:25    -1000.931846        0.4229
BFGS:  321 20:42:25    -1000.931846        0.4500
BFGS:  322 20:42:25    -1000.931846        0.5830
BFGS:  323 20:42:25    -1000.931846        0.5558
BFGS:  324 20:42:25    -1000.931846        0.1945
BFGS:  325 20:42:25    -1000.931846        0.3197
BFGS:  326 20:42:25    -1000.931846        0.1922
BFGS:  327 20:42:25    -1000.931846        0.5285
BFGS:  328 20:42:25    -1000.931846        0.3151
BFGS:  329 20:42:25    -1000.931846        0.1929
BFGS:  330 20:42:25    -1000.931846        0.2172
BFGS:  331 20:42:25    -1000.931846        0.4457
BFGS:  332 20:42:25    -1000.931846        0.7117
BFGS:  333 20:42:25    -1000.931846        0.1877
BFGS:  334 20:42:25    -1000.931846        0.3018
BFGS:  335 20:42:25    -1000.931846        0.4944
BFGS:  336 20:42:25    -1000.931846        0.8271
BFGS:  337 20:42:25    -1000.931846        0.4498
BFGS:  338 20:42:25    -1000.931846        0.2220
BFGS:  339 20:42:25    -1000.931846        0.2863
BFGS:  340 20:42:25    -1000.931846        0.4851
BFGS:  341 20:42:25    -1000.931846        0.4614
BFGS:  342 20:42:25    -1000.931846        0.4333
BFGS:  343 20:42:25    -1000.931846        0.2484
BFGS:  344 20:42:25    -1000.931846        0.3766
BFGS:  345 20:42:25    -1000.931846        0.2502
BFGS:  346 20:42:25    -1000.931846        0.1529
BFGS:  347 20:42:25    -1000.931847        0.4313
BFGS:  348 20:42:25    -1000.931847        0.3491
BFGS:  349 20:42:25    -1000.931847        0.0898
