      Step     Time          Energy         fmax
BFGS:    0 20:46:57     -791.249106      249.6550
BFGS:    1 20:46:57     -829.826194      198.9451
BFGS:    2 20:46:57     -847.516888      201.8381
BFGS:    3 20:46:57     -866.590724      188.6655
BFGS:    4 20:46:57     -884.648597      176.9282
BFGS:    5 20:46:57     -901.520880      160.2228
BFGS:    6 20:46:57     -917.022281      144.0307
BFGS:    7 20:46:57     -926.751267      137.3309
BFGS:    8 20:46:57     -934.560715      129.2088
BFGS:    9 20:46:57     -941.927766      124.0842
BFGS:   10 20:46:57     -949.873263      116.1326
BFGS:   11 20:46:57     -956.568638      110.8825
BFGS:   12 20:46:57     -962.465693      104.4174
BFGS:   13 20:46:57     -968.253791      100.7540
BFGS:   14 20:46:57     -973.886375       93.2881
BFGS:   15 20:46:57     -978.912545       91.7020
BFGS:   16 20:46:57     -983.525907       86.5179
BFGS:   17 20:46:57     -987.459958       82.7742
BFGS:   18 20:46:57     -991.320312       78.9252
BFGS:   19 20:46:57     -995.675818       74.8929
BFGS:   20 20:46:57    -1000.041773       69.3351
BFGS:   21 20:46:57    -1003.670500       64.1917
BFGS:   22 20:46:57    -1006.926764       59.8471
BFGS:   23 20:46:57    -1009.529650       55.3606
BFGS:   24 20:46:57    -1011.959838       51.5626
BFGS:   25 20:46:58    -1014.281666       47.7693
BFGS:   26 20:46:58    -1016.695352       44.0406
BFGS:   27 20:46:58    -1019.008011       39.3596
BFGS:   28 20:46:58    -1021.178445       35.8077
BFGS:   29 20:46:58    -1022.890289       33.0265
BFGS:   30 20:46:58    -1024.337594       30.8499
BFGS:   31 20:46:58    -1025.604801       29.7409
BFGS:   32 20:46:58    -1026.765336       28.6657
BFGS:   33 20:46:58    -1027.868405       27.5950
BFGS:   34 20:46:58    -1028.930210       26.7978
BFGS:   35 20:46:58    -1029.959050       25.3381
BFGS:   36 20:46:58    -1030.966954       24.4733
BFGS:   37 20:46:58    -1031.949705       23.1485
BFGS:   38 20:46:58    -1032.927064       21.9349
BFGS:   39 20:46:58    -1033.904371       20.9107
BFGS:   40 20:46:58    -1034.877108       19.4504
BFGS:   41 20:46:58    -1035.924831       18.1005
BFGS:   42 20:46:58    -1036.907375       16.6744
BFGS:   43 20:46:58    -1037.711898       15.3739
BFGS:   44 20:46:58    -1038.422610       14.8975
BFGS:   45 20:46:58    -1039.055410       14.6631
BFGS:   46 20:46:58    -1039.646297       14.5577
BFGS:   47 20:46:58    -1040.176796       14.3527
BFGS:   48 20:46:58    -1040.698517       14.1708
BFGS:   49 20:46:59    -1041.258123       12.8287
BFGS:   50 20:46:59    -1041.949252       12.6203
BFGS:   51 20:46:59    -1042.770474       15.3276
BFGS:   52 20:46:59    -1043.622231       18.5578
BFGS:   53 20:46:59    -1044.464460       21.2644
BFGS:   54 20:46:59    -1045.265637       23.0490
BFGS:   55 20:46:59    -1046.018368       23.8875
BFGS:   56 20:46:59    -1046.681332       23.7123
BFGS:   57 20:46:59    -1047.270627       22.6649
BFGS:   58 20:46:59    -1047.764077       20.9720
BFGS:   59 20:46:59    -1048.191987       18.7103
BFGS:   60 20:46:59    -1048.589888       15.9943
BFGS:   61 20:46:59    -1048.966597       13.6042
BFGS:   62 20:46:59    -1049.356991       11.2579
BFGS:   63 20:46:59    -1049.757293       11.4388
BFGS:   64 20:46:59    -1050.154081       11.8343
BFGS:   65 20:46:59    -1050.545038       12.3514
BFGS:   66 20:46:59    -1050.924430       12.7653
BFGS:   67 20:46:59    -1051.300177       13.2013
BFGS:   68 20:46:59    -1051.664434       13.8149
BFGS:   69 20:46:59    -1052.036144       14.3739
BFGS:   70 20:46:59    -1052.549667       16.2260
BFGS:   71 20:46:59    -1053.528266       18.7022
BFGS:   72 20:46:59    -1054.662548       21.5416
BFGS:   73 20:46:59    -1055.804799       23.3895
BFGS:   74 20:47:00    -1056.877177       24.8849
BFGS:   75 20:47:00    -1057.900975       25.5014
BFGS:   76 20:47:00    -1059.099562       26.4285
BFGS:   77 20:47:00    -1060.499241       29.8306
BFGS:   78 20:47:00    -1061.831529       31.7598
BFGS:   79 20:47:00    -1063.217033       31.0806
BFGS:   80 20:47:00    -1064.838185       27.0399
BFGS:   81 20:47:00    -1066.901088       25.9560
BFGS:   82 20:47:00    -1068.907821       25.8937
BFGS:   83 20:47:00    -1070.770380       25.7789
BFGS:   84 20:47:00    -1072.527020       25.3325
BFGS:   85 20:47:00    -1074.268365       25.3023
BFGS:   86 20:47:00    -1075.876469       24.2566
BFGS:   87 20:47:00    -1076.946194       23.7358
BFGS:   88 20:47:00    -1077.900342       21.7901
BFGS:   89 20:47:00    -1078.760147       19.3100
BFGS:   90 20:47:00    -1079.770232       15.6590
BFGS:   91 20:47:00    -1080.872401       11.9091
BFGS:   92 20:47:00    -1081.701786       10.4267
BFGS:   93 20:47:00    -1082.493091       10.4701
BFGS:   94 20:47:00    -1083.123678       10.2888
BFGS:   95 20:47:00    -1083.609428       10.2101
BFGS:   96 20:47:00    -1084.186388        8.1234
BFGS:   97 20:47:00    -1084.537521        9.9152
BFGS:   98 20:47:00    -1084.720454        9.0615
BFGS:   99 20:47:00    -1084.887695        7.9099
BFGS:  100 20:47:00    -1085.039011        7.7463
BFGS:  101 20:47:01    -1085.196619        7.1414
BFGS:  102 20:47:01    -1085.334960        7.6603
BFGS:  103 20:47:01    -1085.552872        8.2016
BFGS:  104 20:47:01    -1085.771549        8.5563
BFGS:  105 20:47:01    -1085.962740        9.0570
BFGS:  106 20:47:01    -1086.120122        9.6862
BFGS:  107 20:47:01    -1086.267091        9.6283
BFGS:  108 20:47:01    -1086.450396       10.3012
BFGS:  109 20:47:01    -1086.572747       10.4053
BFGS:  110 20:47:01    -1086.717053        9.4518
BFGS:  111 20:47:01    -1086.950175        9.3448
BFGS:  112 20:47:01    -1087.107626        7.0869
BFGS:  113 20:47:01    -1087.234591        5.4610
BFGS:  114 20:47:01    -1087.341296        4.7965
BFGS:  115 20:47:01    -1087.418055        4.6173
BFGS:  116 20:47:01    -1087.516163        3.9120
BFGS:  117 20:47:01    -1087.604515        3.2418
BFGS:  118 20:47:01    -1087.674530        2.8349
BFGS:  119 20:47:01    -1087.758874        4.3858
BFGS:  120 20:47:01    -1087.826161        6.3890
BFGS:  121 20:47:01    -1087.908333        6.8860
BFGS:  122 20:47:01    -1088.113881        5.6023
BFGS:  123 20:47:01    -1088.374007        3.7054
BFGS:  124 20:47:01    -1088.497434        3.3043
BFGS:  125 20:47:01    -1088.579828        2.5579
BFGS:  126 20:47:01    -1088.618439        2.3985
BFGS:  127 20:47:01    -1088.637874        2.2496
BFGS:  128 20:47:01    -1088.656188        2.1978
BFGS:  129 20:47:02    -1088.672932        1.8738
BFGS:  130 20:47:02    -1088.692814        1.7074
BFGS:  131 20:47:02    -1088.711491        1.7039
BFGS:  132 20:47:02    -1088.724783        1.6528
BFGS:  133 20:47:02    -1088.731151        1.3942
BFGS:  134 20:47:02    -1088.734708        1.1774
BFGS:  135 20:47:02    -1088.737763        0.9288
BFGS:  136 20:47:02    -1088.741657        0.8931
BFGS:  137 20:47:02    -1088.745924        0.9189
BFGS:  138 20:47:02    -1088.749479        0.8442
BFGS:  139 20:47:02    -1088.751635        0.7086
BFGS:  140 20:47:02    -1088.752831        0.6936
BFGS:  141 20:47:02    -1088.753767        0.7380
BFGS:  142 20:47:02    -1088.754774        0.7172
BFGS:  143 20:47:02    -1088.755897        0.7095
BFGS:  144 20:47:02    -1088.757201        0.6329
BFGS:  145 20:47:02    -1088.758864        0.5466
BFGS:  146 20:47:02    -1088.760730        0.4977
BFGS:  147 20:47:02    -1088.762361        0.4798
BFGS:  148 20:47:02    -1088.763481        0.4135
BFGS:  149 20:47:02    -1088.764310        0.3213
BFGS:  150 20:47:02    -1088.765024        0.2672
BFGS:  151 20:47:02    -1088.765541        0.2738
BFGS:  152 20:47:02    -1088.765810        0.2654
BFGS:  153 20:47:02    -1088.765954        0.2509
BFGS:  154 20:47:02    -1088.766087        0.2838
BFGS:  155 20:47:02    -1088.766265        0.3066
BFGS:  156 20:47:03    -1088.766497        0.2935
BFGS:  157 20:47:03    -1088.766742        0.2286
BFGS:  158 20:47:03    -1088.766916        0.1405
BFGS:  159 20:47:03    -1088.766989        0.0953
