      Step     Time          Energy         fmax
BFGS:    0 20:41:39     -659.963754      262.8819
BFGS:    1 20:41:39     -714.584836      258.9116
BFGS:    2 20:41:39     -766.322497      233.2359
BFGS:    3 20:41:39     -800.834800      211.9321
BFGS:    4 20:41:40     -828.689565      179.9359
BFGS:    5 20:41:40     -853.287798      178.7445
BFGS:    6 20:41:40     -870.605993      164.1676
BFGS:    7 20:41:40     -885.308207      150.2616
BFGS:    8 20:41:40     -897.619642      144.1226
BFGS:    9 20:41:40     -908.523979      140.1559
BFGS:   10 20:41:40     -918.859410      137.3010
BFGS:   11 20:41:40     -931.216136      135.4018
BFGS:   12 20:41:40     -943.268228      130.2907
BFGS:   13 20:41:40     -956.399047      125.3571
BFGS:   14 20:41:40     -966.904098      117.2963
BFGS:   15 20:41:40     -975.844847      111.7729
BFGS:   16 20:41:40     -983.778730      104.9398
BFGS:   17 20:41:40     -992.359284       97.4974
BFGS:   18 20:41:40    -1000.234658       88.0260
BFGS:   19 20:41:40    -1007.912079       85.0794
BFGS:   20 20:41:40    -1015.039743       69.8534
BFGS:   21 20:41:40    -1021.418049       68.5715
BFGS:   22 20:41:40    -1026.165855       60.5856
BFGS:   23 20:41:40    -1029.750726       58.7363
BFGS:   24 20:41:40    -1033.277653       55.0573
BFGS:   25 20:41:40    -1036.328561       51.0422
BFGS:   26 20:41:40    -1039.366073       46.4519
BFGS:   27 20:41:40    -1041.971216       41.7985
BFGS:   28 20:41:41    -1044.014281       37.6301
BFGS:   29 20:41:41    -1045.796195       34.0979
BFGS:   30 20:41:41    -1047.596478       30.3895
BFGS:   31 20:41:41    -1049.276605       27.2812
BFGS:   32 20:41:41    -1050.801328       24.5999
BFGS:   33 20:41:41    -1052.224525       22.2679
BFGS:   34 20:41:41    -1053.629949       20.2208
BFGS:   35 20:41:41    -1055.027339       18.3728
BFGS:   36 20:41:41    -1056.493624       16.6791
BFGS:   37 20:41:41    -1057.853193       15.2623
BFGS:   38 20:41:41    -1059.172129       14.1617
BFGS:   39 20:41:41    -1060.416445       13.1459
BFGS:   40 20:41:41    -1061.586857       12.4033
BFGS:   41 20:41:41    -1062.684033       11.7936
BFGS:   42 20:41:41    -1063.756351       11.6685
BFGS:   43 20:41:41    -1064.778737       10.6792
BFGS:   44 20:41:41    -1065.651699       10.1801
BFGS:   45 20:41:41    -1066.351366        9.0402
BFGS:   46 20:41:41    -1066.896625        8.1749
BFGS:   47 20:41:41    -1067.324967        6.4830
BFGS:   48 20:41:41    -1067.646824        5.3752
BFGS:   49 20:41:41    -1067.871974        5.2980
BFGS:   50 20:41:41    -1068.084951        5.5696
BFGS:   51 20:41:41    -1068.331261        5.8193
BFGS:   52 20:41:41    -1068.615536        5.9025
BFGS:   53 20:41:41    -1068.895648        5.0222
BFGS:   54 20:41:42    -1069.199047        5.3200
BFGS:   55 20:41:42    -1069.540793        4.7772
BFGS:   56 20:41:42    -1069.969769        5.1364
BFGS:   57 20:41:42    -1070.338305        6.3839
BFGS:   58 20:41:42    -1070.672701        6.8943
BFGS:   59 20:41:42    -1071.025642        6.9461
BFGS:   60 20:41:42    -1071.378208        7.6781
BFGS:   61 20:41:42    -1071.780464        8.1407
BFGS:   62 20:41:42    -1072.260353        8.5910
BFGS:   63 20:41:42    -1072.816206        8.5923
BFGS:   64 20:41:42    -1073.364376        8.6855
BFGS:   65 20:41:42    -1073.958304        8.0529
BFGS:   66 20:41:42    -1074.529771        7.2180
BFGS:   67 20:41:42    -1075.156485        5.7442
BFGS:   68 20:41:42    -1075.514014        5.8817
BFGS:   69 20:41:42    -1075.729249        5.5581
BFGS:   70 20:41:42    -1075.947060        4.4940
BFGS:   71 20:41:42    -1076.140114        5.7736
BFGS:   72 20:41:42    -1076.333046        6.7483
BFGS:   73 20:41:42    -1076.518760        7.0238
BFGS:   74 20:41:42    -1076.704514        6.6605
BFGS:   75 20:41:42    -1076.896183        5.8243
BFGS:   76 20:41:42    -1077.089107        4.8625
BFGS:   77 20:41:42    -1077.328224        4.3431
BFGS:   78 20:41:42    -1077.566624        4.1549
BFGS:   79 20:41:42    -1077.840780        4.2868
BFGS:   80 20:41:43    -1078.102558        4.0624
BFGS:   81 20:41:43    -1078.375224        4.2061
BFGS:   82 20:41:43    -1078.613977        3.9276
BFGS:   83 20:41:43    -1078.813182        5.4045
BFGS:   84 20:41:43    -1078.995635        6.4703
BFGS:   85 20:41:43    -1079.177569        7.2833
BFGS:   86 20:41:43    -1079.353323        7.8151
BFGS:   87 20:41:43    -1079.528902        8.1700
BFGS:   88 20:41:43    -1079.700638        8.4855
BFGS:   89 20:41:43    -1079.878922        8.6937
BFGS:   90 20:41:43    -1080.056246        8.8832
BFGS:   91 20:41:43    -1080.226507        9.4231
BFGS:   92 20:41:43    -1080.499185        7.9825
BFGS:   93 20:41:43    -1080.806264        6.5309
BFGS:   94 20:41:43    -1081.066576        5.8482
BFGS:   95 20:41:43    -1081.351650        5.5845
BFGS:   96 20:41:43    -1081.592447        6.7097
BFGS:   97 20:41:43    -1081.847718        7.5789
BFGS:   98 20:41:43    -1082.109202        7.0190
BFGS:   99 20:41:43    -1082.400286        7.3356
BFGS:  100 20:41:43    -1082.705068        7.9620
BFGS:  101 20:41:43    -1083.032879        8.6966
BFGS:  102 20:41:43    -1083.387182        9.7325
BFGS:  103 20:41:43    -1083.784285       10.4708
BFGS:  104 20:41:43    -1084.131758        9.9795
BFGS:  105 20:41:43    -1084.515914       10.3703
BFGS:  106 20:41:43    -1084.991657       10.3759
BFGS:  107 20:41:43    -1085.482436       10.0701
BFGS:  108 20:41:44    -1085.965987        9.5077
BFGS:  109 20:41:44    -1086.467337        9.0450
BFGS:  110 20:41:44    -1086.949364        8.4789
BFGS:  111 20:41:44    -1087.456786        7.4415
BFGS:  112 20:41:44    -1087.924153        6.4160
BFGS:  113 20:41:44    -1088.410854        5.5602
BFGS:  114 20:41:44    -1088.770067        5.7686
BFGS:  115 20:41:44    -1089.135390        5.6776
BFGS:  116 20:41:44    -1089.451483        5.5404
BFGS:  117 20:41:44    -1089.776136        5.9659
BFGS:  118 20:41:44    -1090.080962        6.0347
BFGS:  119 20:41:44    -1090.391740        5.5341
BFGS:  120 20:41:44    -1090.693702        4.7285
BFGS:  121 20:41:44    -1091.006148        4.6239
BFGS:  122 20:41:44    -1091.271271        4.6197
BFGS:  123 20:41:44    -1091.499034        4.6875
BFGS:  124 20:41:44    -1091.733008        4.8153
BFGS:  125 20:41:44    -1092.020508        4.7727
BFGS:  126 20:41:44    -1092.354411        5.0726
BFGS:  127 20:41:44    -1092.691688        4.9118
BFGS:  128 20:41:44    -1093.002970        4.7065
BFGS:  129 20:41:44    -1093.389042        5.1764
BFGS:  130 20:41:44    -1093.789688        4.7236
BFGS:  131 20:41:44    -1094.129773        4.2759
BFGS:  132 20:41:44    -1094.335228        4.2592
BFGS:  133 20:41:44    -1094.550166        4.5688
BFGS:  134 20:41:44    -1094.794996        4.4866
BFGS:  135 20:41:44    -1095.000787        3.0512
BFGS:  136 20:41:44    -1095.177309        3.1777
BFGS:  137 20:41:44    -1095.342326        3.5168
BFGS:  138 20:41:44    -1095.502735        3.3774
BFGS:  139 20:41:44    -1095.664503        2.9693
BFGS:  140 20:41:44    -1095.860938        2.7307
BFGS:  141 20:41:44    -1096.025984        2.5767
BFGS:  142 20:41:45    -1096.193079        2.5185
BFGS:  143 20:41:45    -1096.329652        3.4205
BFGS:  144 20:41:45    -1096.425784        3.6122
BFGS:  145 20:41:45    -1096.564987        4.3009
BFGS:  146 20:41:45    -1096.718034        3.2856
BFGS:  147 20:41:45    -1096.835327        2.8660
BFGS:  148 20:41:45    -1096.942180        2.0561
BFGS:  149 20:41:45    -1097.025904        1.5349
BFGS:  150 20:41:45    -1097.095352        1.8305
BFGS:  151 20:41:45    -1097.151506        1.9507
BFGS:  152 20:41:45    -1097.229972        2.2494
BFGS:  153 20:41:45    -1097.292671        2.4861
BFGS:  154 20:41:45    -1097.359544        2.7369
BFGS:  155 20:41:45    -1097.408082        2.7932
BFGS:  156 20:41:45    -1097.475220        2.6432
BFGS:  157 20:41:45    -1097.540889        2.0735
BFGS:  158 20:41:45    -1097.595781        1.7420
BFGS:  159 20:41:45    -1097.649177        1.6823
BFGS:  160 20:41:45    -1097.690898        1.9888
BFGS:  161 20:41:45    -1097.728850        1.3704
BFGS:  162 20:41:45    -1097.754467        1.2418
BFGS:  163 20:41:45    -1097.781739        1.0363
BFGS:  164 20:41:45    -1097.799040        0.8715
BFGS:  165 20:41:45    -1097.824555        0.8735
BFGS:  166 20:41:45    -1097.847263        0.7762
BFGS:  167 20:41:45    -1097.865333        0.8494
BFGS:  168 20:41:45    -1097.893145        1.1029
BFGS:  169 20:41:45    -1097.926288        1.3402
BFGS:  170 20:41:45    -1097.958282        2.2321
BFGS:  171 20:41:45    -1097.995157        2.0835
BFGS:  172 20:41:45    -1098.029944        1.9161
BFGS:  173 20:41:45    -1098.077430        1.7943
BFGS:  174 20:41:45    -1098.146761        1.8127
BFGS:  175 20:41:45    -1098.204136        1.2441
BFGS:  176 20:41:45    -1098.250915        1.3211
BFGS:  177 20:41:46    -1098.283185        0.9704
BFGS:  178 20:41:46    -1098.310184        0.8887
BFGS:  179 20:41:46    -1098.333377        1.2360
BFGS:  180 20:41:46    -1098.354649        1.4162
BFGS:  181 20:41:46    -1098.374873        1.4735
BFGS:  182 20:41:46    -1098.398860        1.1613
BFGS:  183 20:41:46    -1098.418981        1.0878
BFGS:  184 20:41:46    -1098.429668        1.0407
BFGS:  185 20:41:46    -1098.440448        1.1070
BFGS:  186 20:41:46    -1098.452062        1.2387
BFGS:  187 20:41:46    -1098.459558        1.1141
BFGS:  188 20:41:46    -1098.472389        1.0681
BFGS:  189 20:41:46    -1098.477074        1.1151
BFGS:  190 20:41:46    -1098.477421        1.6150
BFGS:  191 20:41:46    -1098.447611        1.7226
BFGS:  192 20:41:46    -1098.488399        1.0089
BFGS:  193 20:41:46    -1098.491980        0.8988
BFGS:  194 20:41:46    -1098.493935        1.5025
BFGS:  195 20:41:46    -1098.499567        1.0543
BFGS:  196 20:41:46    -1098.507409        0.7288
BFGS:  197 20:41:46    -1098.517535        0.8323
BFGS:  198 20:41:46    -1098.527828        0.9613
BFGS:  199 20:41:46    -1098.540087        1.3039
BFGS:  200 20:41:46    -1098.553255        1.6408
BFGS:  201 20:41:46    -1098.567545        1.9110
BFGS:  202 20:41:46    -1098.583360        2.1317
BFGS:  203 20:41:46    -1098.599097        2.3362
BFGS:  204 20:41:46    -1098.615740        2.4871
BFGS:  205 20:41:46    -1098.632998        2.6054
BFGS:  206 20:41:46    -1098.651055        2.6704
BFGS:  207 20:41:46    -1098.655664        2.6968
BFGS:  208 20:41:46    -1098.678417        2.1942
BFGS:  209 20:41:46    -1098.703351        1.9514
BFGS:  210 20:41:46    -1098.730872        1.8495
BFGS:  211 20:41:46    -1098.745259        1.8200
BFGS:  212 20:41:46    -1098.764764        1.3738
BFGS:  213 20:41:47    -1098.784026        1.2392
BFGS:  214 20:41:47    -1098.793607        1.1297
BFGS:  215 20:41:47    -1098.807121        1.0898
BFGS:  216 20:41:47    -1098.822672        0.9662
BFGS:  217 20:41:47    -1098.833630        0.7708
BFGS:  218 20:41:47    -1098.847923        0.8616
BFGS:  219 20:41:47    -1098.856520        0.6123
BFGS:  220 20:41:47    -1098.864304        1.0933
BFGS:  221 20:41:47    -1098.870346        1.5041
BFGS:  222 20:41:47    -1098.876710        0.6726
BFGS:  223 20:41:47    -1098.883218        0.5105
BFGS:  224 20:41:47    -1098.889094        1.0697
BFGS:  225 20:41:47    -1098.891337        0.4293
BFGS:  226 20:41:47    -1098.891662        0.4953
BFGS:  227 20:41:47    -1098.893659        0.4224
BFGS:  228 20:41:47    -1098.894226        0.4211
BFGS:  229 20:41:47    -1098.895903        0.3945
BFGS:  230 20:41:47    -1098.896045        1.2747
BFGS:  231 20:41:47    -1098.898544        0.4517
BFGS:  232 20:41:47    -1098.899423        0.4258
BFGS:  233 20:41:47    -1098.901598        0.3778
BFGS:  234 20:41:47    -1098.901651        0.6033
BFGS:  235 20:41:47    -1098.903445        0.4444
BFGS:  236 20:41:47    -1098.902676        1.2191
BFGS:  237 20:41:47    -1098.904591        0.3063
BFGS:  238 20:41:47    -1098.903266        1.3367
BFGS:  239 20:41:47    -1098.904826        0.3760
BFGS:  240 20:41:47    -1098.903038        1.2160
BFGS:  241 20:41:47    -1098.904875        0.2863
BFGS:  242 20:41:47    -1098.903870        0.5066
BFGS:  243 20:41:47    -1098.905198        0.3464
BFGS:  244 20:41:47    -1098.903719        0.3656
BFGS:  245 20:41:47    -1098.904993        0.2832
BFGS:  246 20:41:47    -1098.904057        1.3382
BFGS:  247 20:41:47    -1098.905270        0.3461
BFGS:  248 20:41:47    -1098.903015        1.2216
BFGS:  249 20:41:47    -1098.904931        0.2859
BFGS:  250 20:41:48    -1098.904094        0.4914
BFGS:  251 20:41:48    -1098.905365        0.3384
BFGS:  252 20:41:48    -1098.903710        1.2398
BFGS:  253 20:41:48    -1098.904987        0.2858
BFGS:  254 20:41:48    -1098.903549        1.3370
BFGS:  255 20:41:48    -1098.905309        0.3515
BFGS:  256 20:41:48    -1098.903752        0.3867
BFGS:  257 20:41:48    -1098.905033        1.2733
BFGS:  258 20:41:48    -1098.903223        0.5793
BFGS:  259 20:41:48    -1098.905201        0.3661
BFGS:  260 20:41:48    -1098.903622        1.2406
BFGS:  261 20:41:48    -1098.905057        0.2861
BFGS:  262 20:41:48    -1098.904244        0.4787
BFGS:  263 20:41:48    -1098.905371        0.3432
BFGS:  264 20:41:48    -1098.903675        1.2392
BFGS:  265 20:41:48    -1098.905006        0.2875
BFGS:  266 20:41:48    -1098.904065        0.4982
BFGS:  267 20:41:48    -1098.905372        0.3454
BFGS:  268 20:41:48    -1098.903682        0.3856
BFGS:  269 20:41:48    -1098.905023        0.2878
BFGS:  270 20:41:48    -1098.904085        1.3292
BFGS:  271 20:41:48    -1098.905375        0.3474
BFGS:  272 20:41:48    -1098.903365        1.2279
BFGS:  273 20:41:48    -1098.904991        0.2870
BFGS:  274 20:41:48    -1098.904109        0.4982
BFGS:  275 20:41:48    -1098.905402        1.2922
BFGS:  276 20:41:48    -1098.903128        0.4230
BFGS:  277 20:41:48    -1098.904926        0.2897
BFGS:  278 20:41:48    -1098.904066        1.3309
BFGS:  279 20:41:48    -1098.905416        0.3414
BFGS:  280 20:41:48    -1098.903801        0.3825
BFGS:  281 20:41:48    -1098.905023        0.2868
BFGS:  282 20:41:48    -1098.904091        0.5029
BFGS:  283 20:41:48    -1098.905384        0.3467
BFGS:  284 20:41:48    -1098.903705        0.3894
BFGS:  285 20:41:48    -1098.905032        0.2864
BFGS:  286 20:41:48    -1098.904071        1.3281
BFGS:  287 20:41:49    -1098.905388        0.3473
BFGS:  288 20:41:49    -1098.903607        1.2353
BFGS:  289 20:41:49    -1098.905015        0.2851
BFGS:  290 20:41:49    -1098.903984        1.3229
BFGS:  291 20:41:49    -1098.905382        0.3484
BFGS:  292 20:41:49    -1098.903594        1.2356
BFGS:  293 20:41:49    -1098.905018        0.2848
BFGS:  294 20:41:49    -1098.904005        1.3232
BFGS:  295 20:41:49    -1098.905387        0.3481
BFGS:  296 20:41:49    -1098.903594        1.2377
BFGS:  297 20:41:49    -1098.905020        0.3251
BFGS:  298 20:41:49    -1098.904011        1.3239
BFGS:  299 20:41:49    -1098.905387        1.2945
BFGS:  300 20:41:49    -1098.903600        0.3951
BFGS:  301 20:41:49    -1098.905008        0.2850
BFGS:  302 20:41:49    -1098.904089        1.3274
BFGS:  303 20:41:49    -1098.905396        0.3464
BFGS:  304 20:41:49    -1098.903697        0.3957
BFGS:  305 20:41:49    -1098.905024        0.2848
BFGS:  306 20:41:49    -1098.904084        0.5023
BFGS:  307 20:41:49    -1098.905395        0.3461
BFGS:  308 20:41:49    -1098.903689        0.3939
BFGS:  309 20:41:49    -1098.905029        0.2844
BFGS:  310 20:41:49    -1098.904084        1.3271
BFGS:  311 20:41:49    -1098.905392        0.3473
BFGS:  312 20:41:49    -1098.903528        1.2403
BFGS:  313 20:41:49    -1098.905011        1.2756
BFGS:  314 20:41:49    -1098.903973        0.5139
BFGS:  315 20:41:49    -1098.905370        0.3501
BFGS:  316 20:41:49    -1098.903653        1.2462
BFGS:  317 20:41:49    -1098.905028        0.2834
BFGS:  318 20:41:49    -1098.904146        0.4921
BFGS:  319 20:41:49    -1098.905400        0.3447
BFGS:  320 20:41:49    -1098.903669        1.2463
BFGS:  321 20:41:49    -1098.905019        0.2832
BFGS:  322 20:41:49    -1098.904069        0.4994
BFGS:  323 20:41:49    -1098.905392        0.3460
BFGS:  324 20:41:50    -1098.903675        0.3923
BFGS:  325 20:41:50    -1098.905029        0.2834
BFGS:  326 20:41:50    -1098.904082        1.3264
BFGS:  327 20:41:50    -1098.905393        0.3470
BFGS:  328 20:41:50    -1098.903564        1.2413
BFGS:  329 20:41:50    -1098.905015        0.2825
BFGS:  330 20:41:50    -1098.904058        1.3221
BFGS:  331 20:41:50    -1098.905395        0.3468
BFGS:  332 20:41:50    -1098.903539        1.2412
BFGS:  333 20:41:50    -1098.905010        1.2769
BFGS:  334 20:41:50    -1098.903982        0.5131
BFGS:  335 20:41:50    -1098.905375        0.3495
BFGS:  336 20:41:50    -1098.903650        1.2470
BFGS:  337 20:41:50    -1098.905027        0.2822
BFGS:  338 20:41:50    -1098.904121        0.4942
BFGS:  339 20:41:50    -1098.905398        0.3449
BFGS:  340 20:41:50    -1098.903662        1.2474
BFGS:  341 20:41:50    -1098.905021        0.2822
BFGS:  342 20:41:50    -1098.904060        0.4995
BFGS:  343 20:41:50    -1098.905391        0.3460
BFGS:  344 20:41:50    -1098.903668        0.3911
BFGS:  345 20:41:50    -1098.905030        0.2825
BFGS:  346 20:41:50    -1098.904074        1.3255
BFGS:  347 20:41:50    -1098.905393        0.3468
BFGS:  348 20:41:50    -1098.903586        1.2435
BFGS:  349 20:41:50    -1098.905016        1.2775
BFGS:  350 20:41:50    -1098.903997        0.5104
BFGS:  351 20:41:50    -1098.905377        0.3492
BFGS:  352 20:41:50    -1098.903660        1.2487
BFGS:  353 20:41:50    -1098.905026        0.2817
BFGS:  354 20:41:50    -1098.904105        0.4944
BFGS:  355 20:41:50    -1098.905394        0.3452
BFGS:  356 20:41:50    -1098.903663        0.3945
BFGS:  357 20:41:50    -1098.905023        0.2824
BFGS:  358 20:41:50    -1098.904079        0.4982
BFGS:  359 20:41:50    -1098.905397        0.3452
BFGS:  360 20:41:50    -1098.903656        1.2495
BFGS:  361 20:41:51    -1098.905024        0.2815
BFGS:  362 20:41:51    -1098.904032        1.3224
BFGS:  363 20:41:51    -1098.905388        0.3472
BFGS:  364 20:41:51    -1098.903606        1.2450
BFGS:  365 20:41:51    -1098.905020        0.2788
BFGS:  366 20:41:51    -1098.904030        1.3214
BFGS:  367 20:41:51    -1098.905390        1.3037
BFGS:  368 20:41:51    -1098.903608        0.3937
BFGS:  369 20:41:51    -1098.905013        0.2814
BFGS:  370 20:41:51    -1098.904081        0.4926
BFGS:  371 20:41:51    -1098.905394        0.3458
BFGS:  372 20:41:51    -1098.903673        0.3941
BFGS:  373 20:41:51    -1098.905027        0.2819
BFGS:  374 20:41:51    -1098.904058        1.3248
BFGS:  375 20:41:51    -1098.905391        0.3467
BFGS:  376 20:41:51    -1098.903668        0.3996
BFGS:  377 20:41:51    -1098.905026        0.2816
BFGS:  378 20:41:51    -1098.904066        0.5003
BFGS:  379 20:41:51    -1098.905390        1.2951
BFGS:  380 20:41:51    -1098.903464        0.4066
BFGS:  381 20:41:51    -1098.904992        0.2819
BFGS:  382 20:41:51    -1098.904068        1.3249
BFGS:  383 20:41:51    -1098.905403        0.3449
BFGS:  384 20:41:51    -1098.903703        0.3954
BFGS:  385 20:41:51    -1098.905024        0.2816
BFGS:  386 20:41:51    -1098.904063        0.4996
BFGS:  387 20:41:51    -1098.905391        0.3460
BFGS:  388 20:41:51    -1098.903675        0.3956
BFGS:  389 20:41:51    -1098.905029        0.2813
BFGS:  390 20:41:51    -1098.904057        1.3236
BFGS:  391 20:41:51    -1098.905391        0.3467
BFGS:  392 20:41:51    -1098.903626        1.2471
BFGS:  393 20:41:51    -1098.905021        0.2864
BFGS:  394 20:41:51    -1098.904022        1.3207
BFGS:  395 20:41:51    -1098.905388        1.2956
BFGS:  396 20:41:51    -1098.903614        0.3935
BFGS:  397 20:41:51    -1098.905015        0.2808
BFGS:  398 20:41:52    -1098.904075        1.3230
BFGS:  399 20:41:52    -1098.905393        0.3463
BFGS:  400 20:41:52    -1098.903668        0.3959
BFGS:  401 20:41:52    -1098.905023        0.2813
BFGS:  402 20:41:52    -1098.904062        0.4998
BFGS:  403 20:41:52    -1098.905392        0.3457
BFGS:  404 20:41:52    -1098.903673        0.3934
BFGS:  405 20:41:52    -1098.905027        0.2809
BFGS:  406 20:41:52    -1098.904068        1.3228
BFGS:  407 20:41:52    -1098.905390        0.3466
BFGS:  408 20:41:52    -1098.903583        1.2471
BFGS:  409 20:41:52    -1098.905016        1.2790
BFGS:  410 20:41:52    -1098.903997        0.5079
BFGS:  411 20:41:52    -1098.905378        0.3486
BFGS:  412 20:41:52    -1098.903657        1.2512
BFGS:  413 20:41:52    -1098.905026        0.2805
BFGS:  414 20:41:52    -1098.904100        0.4935
BFGS:  415 20:41:52    -1098.905394        0.3449
BFGS:  416 20:41:52    -1098.903658        1.2510
BFGS:  417 20:41:52    -1098.905021        0.2806
BFGS:  418 20:41:52    -1098.904060        0.4966
BFGS:  419 20:41:52    -1098.905390        0.3454
BFGS:  420 20:41:52    -1098.903660        0.3910
BFGS:  421 20:41:52    -1098.905027        0.2810
BFGS:  422 20:41:52    -1098.904071        1.3223
BFGS:  423 20:41:52    -1098.905391        0.3462
BFGS:  424 20:41:52    -1098.903601        1.2475
BFGS:  425 20:41:52    -1098.905018        1.2769
BFGS:  426 20:41:52    -1098.904007        0.5065
BFGS:  427 20:41:52    -1098.905380        0.3483
BFGS:  428 20:41:52    -1098.903660        1.2514
BFGS:  429 20:41:52    -1098.905025        0.2804
BFGS:  430 20:41:52    -1098.904088        0.4943
BFGS:  431 20:41:52    -1098.905392        0.3451
BFGS:  432 20:41:52    -1098.903659        0.3920
BFGS:  433 20:41:52    -1098.905023        0.2810
BFGS:  434 20:41:52    -1098.904074        0.4964
BFGS:  435 20:41:53    -1098.905395        0.3449
BFGS:  436 20:41:53    -1098.903657        1.2518
BFGS:  437 20:41:53    -1098.905024        0.2803
BFGS:  438 20:41:53    -1098.904042        1.3198
BFGS:  439 20:41:53    -1098.905388        0.3465
BFGS:  440 20:41:53    -1098.903614        1.2484
BFGS:  441 20:41:53    -1098.905020        0.2794
BFGS:  442 20:41:53    -1098.904038        1.3194
BFGS:  443 20:41:53    -1098.905390        0.3460
BFGS:  444 20:41:53    -1098.903608        1.2484
BFGS:  445 20:41:53    -1098.905018        1.2791
BFGS:  446 20:41:53    -1098.904016        0.5052
BFGS:  447 20:41:53    -1098.905382        0.3480
BFGS:  448 20:41:53    -1098.903660        1.2518
BFGS:  449 20:41:53    -1098.905025        0.2803
BFGS:  450 20:41:53    -1098.904079        0.4948
BFGS:  451 20:41:53    -1098.905392        0.3452
BFGS:  452 20:41:53    -1098.903659        0.3917
BFGS:  453 20:41:53    -1098.905025        0.2808
BFGS:  454 20:41:53    -1098.904074        0.4960
BFGS:  455 20:41:53    -1098.905394        0.3451
BFGS:  456 20:41:53    -1098.903659        1.2522
BFGS:  457 20:41:53    -1098.905024        0.2805
BFGS:  458 20:41:53    -1098.904033        1.3198
BFGS:  459 20:41:53    -1098.905387        1.2961
BFGS:  460 20:41:53    -1098.903613        0.3921
BFGS:  461 20:41:53    -1098.905015        0.2803
BFGS:  462 20:41:53    -1098.904077        1.3218
BFGS:  463 20:41:53    -1098.905393        0.3460
BFGS:  464 20:41:53    -1098.903670        0.3955
BFGS:  465 20:41:53    -1098.905023        0.2808
BFGS:  466 20:41:53    -1098.904061        0.4981
BFGS:  467 20:41:53    -1098.905392        0.3454
BFGS:  468 20:41:53    -1098.903672        0.3937
BFGS:  469 20:41:53    -1098.905027        0.2806
BFGS:  470 20:41:53    -1098.904065        1.3213
BFGS:  471 20:41:54    -1098.905390        0.3463
BFGS:  472 20:41:54    -1098.903609        1.2490
BFGS:  473 20:41:54    -1098.905019        1.2800
BFGS:  474 20:41:54    -1098.904009        0.5052
BFGS:  475 20:41:54    -1098.905380        0.3482
BFGS:  476 20:41:54    -1098.903663        1.2525
BFGS:  477 20:41:54    -1098.905026        0.2801
BFGS:  478 20:41:54    -1098.904086        0.4935
BFGS:  479 20:41:54    -1098.905392        0.3450
BFGS:  480 20:41:54    -1098.903660        0.3926
BFGS:  481 20:41:54    -1098.905023        0.2807
BFGS:  482 20:41:54    -1098.904073        0.4953
BFGS:  483 20:41:54    -1098.905394        0.3448
BFGS:  484 20:41:54    -1098.903657        1.2526
BFGS:  485 20:41:54    -1098.905024        0.2801
BFGS:  486 20:41:54    -1098.904050        1.3190
BFGS:  487 20:41:54    -1098.905389        0.3462
BFGS:  488 20:41:54    -1098.903617        1.2497
BFGS:  489 20:41:54    -1098.905020        0.2852
BFGS:  490 20:41:54    -1098.904046        1.3187
BFGS:  491 20:41:54    -1098.905391        0.3456
BFGS:  492 20:41:54    -1098.903612        1.2496
BFGS:  493 20:41:54    -1098.905018        1.2794
BFGS:  494 20:41:54    -1098.904020        0.5039
BFGS:  495 20:41:54    -1098.905383        0.3478
BFGS:  496 20:41:54    -1098.903661        1.2525
BFGS:  497 20:41:54    -1098.905025        0.2800
BFGS:  498 20:41:54    -1098.904079        0.4942
BFGS:  499 20:41:54    -1098.905392        0.3451
