      Step     Time          Energy         fmax
BFGS:    0 20:44:31     -815.664223      156.6401
BFGS:    1 20:44:31     -848.656299      142.4893
BFGS:    2 20:44:31     -882.948673      121.1194
BFGS:    3 20:44:31     -906.020443      118.1179
BFGS:    4 20:44:31     -925.188431      105.6516
BFGS:    5 20:44:31     -944.969445      108.0834
BFGS:    6 20:44:31     -963.379256      101.4723
BFGS:    7 20:44:31     -977.894549       98.3601
BFGS:    8 20:44:31     -988.625931       94.4512
BFGS:    9 20:44:31     -998.044364       88.1513
BFGS:   10 20:44:31    -1007.887553       85.4576
BFGS:   11 20:44:31    -1017.651665       76.1962
BFGS:   12 20:44:31    -1025.131063       71.4067
BFGS:   13 20:44:31    -1033.702662       61.8879
BFGS:   14 20:44:31    -1040.377973       56.4673
BFGS:   15 20:44:31    -1045.673914       51.8301
BFGS:   16 20:44:31    -1050.312485       46.0242
BFGS:   17 20:44:31    -1053.475194       42.6573
BFGS:   18 20:44:31    -1057.160177       37.7947
BFGS:   19 20:44:31    -1060.130739       34.5096
BFGS:   20 20:44:31    -1062.951536       31.2487
BFGS:   21 20:44:31    -1065.605700       25.7662
BFGS:   22 20:44:31    -1067.973546       25.9100
BFGS:   23 20:44:31    -1069.944911       20.9437
BFGS:   24 20:44:31    -1071.188990       18.8876
BFGS:   25 20:44:31    -1072.208071       17.5034
BFGS:   26 20:44:31    -1073.120243       16.2992
BFGS:   27 20:44:31    -1073.955174       15.2097
BFGS:   28 20:44:31    -1074.754196       14.2692
BFGS:   29 20:44:31    -1075.548601       13.1803
BFGS:   30 20:44:32    -1076.311175       12.0594
BFGS:   31 20:44:32    -1077.030871       10.8609
BFGS:   32 20:44:32    -1077.701943        9.7786
BFGS:   33 20:44:32    -1078.316433        9.2465
BFGS:   34 20:44:32    -1078.877864        9.0272
BFGS:   35 20:44:32    -1079.378045        7.7629
BFGS:   36 20:44:32    -1079.836910        8.3809
BFGS:   37 20:44:32    -1080.253721        8.1781
BFGS:   38 20:44:32    -1080.654871        6.8426
BFGS:   39 20:44:32    -1081.044632        6.4676
BFGS:   40 20:44:32    -1081.445208        6.0399
BFGS:   41 20:44:32    -1081.859145        5.4686
BFGS:   42 20:44:32    -1082.301569        4.6911
BFGS:   43 20:44:32    -1082.783772        4.2601
BFGS:   44 20:44:32    -1083.269911        5.2043
BFGS:   45 20:44:32    -1083.703851        6.1112
BFGS:   46 20:44:32    -1083.964196        6.9218
BFGS:   47 20:44:32    -1084.526048        7.0955
BFGS:   48 20:44:32    -1085.032608        7.8052
BFGS:   49 20:44:32    -1085.561188        8.4422
BFGS:   50 20:44:32    -1086.099201        8.9646
BFGS:   51 20:44:32    -1086.636284        9.3551
BFGS:   52 20:44:32    -1087.240021        9.7756
BFGS:   53 20:44:32    -1087.869758       10.2296
BFGS:   54 20:44:32    -1088.457196       10.1579
BFGS:   55 20:44:32    -1089.027239        9.2884
BFGS:   56 20:44:32    -1089.530085        7.3167
BFGS:   57 20:44:32    -1090.010318        7.3202
BFGS:   58 20:44:32    -1090.507898        7.1015
BFGS:   59 20:44:32    -1090.937365        5.9335
BFGS:   60 20:44:32    -1091.285411        4.1883
BFGS:   61 20:44:32    -1091.601253        5.0347
BFGS:   62 20:44:32    -1091.812568        5.0978
BFGS:   63 20:44:32    -1091.999743        4.5680
BFGS:   64 20:44:32    -1092.132012        3.7649
BFGS:   65 20:44:33    -1092.237650        3.6673
BFGS:   66 20:44:33    -1092.328514        3.9312
BFGS:   67 20:44:33    -1092.416866        3.0148
BFGS:   68 20:44:33    -1092.521280        3.0803
BFGS:   69 20:44:33    -1092.633930        3.4652
BFGS:   70 20:44:33    -1092.754777        3.8204
BFGS:   71 20:44:33    -1092.880425        4.1412
BFGS:   72 20:44:33    -1093.009331        4.8791
BFGS:   73 20:44:33    -1093.138242        5.6892
BFGS:   74 20:44:33    -1093.276233        6.2530
BFGS:   75 20:44:33    -1093.413487        6.4594
BFGS:   76 20:44:33    -1093.555492        6.3738
BFGS:   77 20:44:33    -1093.695666        6.5688
BFGS:   78 20:44:33    -1093.836105        7.0926
BFGS:   79 20:44:33    -1093.975937        7.7450
BFGS:   80 20:44:33    -1094.122601        8.4100
BFGS:   81 20:44:33    -1094.272126        9.1380
BFGS:   82 20:44:33    -1094.438316        9.7603
BFGS:   83 20:44:33    -1094.622177       10.2542
BFGS:   84 20:44:33    -1094.858710       10.0675
BFGS:   85 20:44:33    -1095.105395        8.9124
BFGS:   86 20:44:33    -1095.430905        6.7287
BFGS:   87 20:44:33    -1095.787585        6.1047
BFGS:   88 20:44:33    -1096.066757        6.0908
BFGS:   89 20:44:33    -1096.418317        6.1216
BFGS:   90 20:44:33    -1096.815687        6.9067
BFGS:   91 20:44:33    -1097.208813        7.4818
BFGS:   92 20:44:33    -1097.578650        7.4554
BFGS:   93 20:44:33    -1098.012351        7.1000
BFGS:   94 20:44:33    -1098.476040        6.4814
BFGS:   95 20:44:33    -1098.796051        5.8845
BFGS:   96 20:44:33    -1099.386771        5.9131
BFGS:   97 20:44:33    -1099.757113        6.1440
BFGS:   98 20:44:33    -1099.901954        5.5752
BFGS:   99 20:44:33    -1100.122512        4.8674
BFGS:  100 20:44:33    -1100.327138        4.9940
BFGS:  101 20:44:33    -1100.467235        4.7984
BFGS:  102 20:44:34    -1100.673455        4.9588
BFGS:  103 20:44:34    -1100.837561        4.7381
BFGS:  104 20:44:34    -1100.969938        4.5993
BFGS:  105 20:44:34    -1101.115972        4.7878
BFGS:  106 20:44:34    -1101.268084        4.3053
BFGS:  107 20:44:34    -1101.366595        4.3070
BFGS:  108 20:44:34    -1101.534363        3.5069
BFGS:  109 20:44:34    -1101.664522        4.4208
BFGS:  110 20:44:34    -1101.808141        5.0939
BFGS:  111 20:44:34    -1102.039549        4.8699
BFGS:  112 20:44:34    -1102.156149        6.5095
BFGS:  113 20:44:34    -1102.318203        3.7534
BFGS:  114 20:44:34    -1102.428491        6.3336
BFGS:  115 20:44:34    -1102.447627        3.1608
BFGS:  116 20:44:34    -1102.512562        3.1305
BFGS:  117 20:44:34    -1102.539816        2.6925
BFGS:  118 20:44:34    -1102.571115        2.4723
BFGS:  119 20:44:34    -1102.607135        2.3028
BFGS:  120 20:44:34    -1102.638653        2.2059
BFGS:  121 20:44:34    -1102.651156        5.8927
BFGS:  122 20:44:34    -1102.676481        2.0102
BFGS:  123 20:44:34    -1102.692706        5.8274
BFGS:  124 20:44:34    -1102.701411        2.3944
BFGS:  125 20:44:34    -1102.716829        2.2529
BFGS:  126 20:44:34    -1102.724139        2.1178
BFGS:  127 20:44:34    -1102.732212        2.0395
BFGS:  128 20:44:34    -1102.743099        6.0865
BFGS:  129 20:44:34    -1102.754232        2.0734
BFGS:  130 20:44:34    -1102.764663        2.0066
BFGS:  131 20:44:34    -1102.744037        3.9960
BFGS:  132 20:44:34    -1102.770855        1.8801
BFGS:  133 20:44:34    -1102.781571        1.8597
BFGS:  134 20:44:34    -1102.776831        6.1144
BFGS:  135 20:44:34    -1102.786508        3.9109
BFGS:  136 20:44:34    -1102.729507        5.8622
BFGS:  137 20:44:34    -1102.789642        6.0283
BFGS:  138 20:44:35    -1102.799534        1.7349
BFGS:  139 20:44:35    -1102.804413        1.7075
BFGS:  140 20:44:35    -1102.755895        4.1588
BFGS:  141 20:44:35    -1102.807926        4.0323
BFGS:  142 20:44:35    -1102.766289        5.9766
BFGS:  143 20:44:35    -1102.809867        1.4218
BFGS:  144 20:44:35    -1102.784398        4.1989
BFGS:  145 20:44:35    -1102.825618        1.3856
BFGS:  146 20:44:35    -1102.824836        4.0472
BFGS:  147 20:44:35    -1102.829249        1.4021
BFGS:  148 20:44:35    -1102.830934        1.3974
BFGS:  149 20:44:35    -1102.827229        4.3743
BFGS:  150 20:44:35    -1102.834804        4.2909
BFGS:  151 20:44:35    -1102.817332        1.4185
BFGS:  152 20:44:35    -1102.831779        1.2713
BFGS:  153 20:44:35    -1102.837777        1.2623
BFGS:  154 20:44:35    -1102.838362        1.1993
BFGS:  155 20:44:35    -1102.840015        6.2156
BFGS:  156 20:44:35    -1102.833937        4.6236
BFGS:  157 20:44:35    -1102.841199        1.1127
BFGS:  158 20:44:35    -1102.841760        1.1097
BFGS:  159 20:44:35    -1102.842461        1.1057
BFGS:  160 20:44:35    -1102.829753        6.3354
BFGS:  161 20:44:35    -1102.842453        6.2752
BFGS:  162 20:44:35    -1102.811701        1.3980
BFGS:  163 20:44:35    -1102.832067        1.2194
BFGS:  164 20:44:35    -1102.834252        6.4076
BFGS:  165 20:44:35    -1102.839747        1.1273
BFGS:  166 20:44:35    -1102.842200        1.0928
BFGS:  167 20:44:35    -1102.843657        6.3865
BFGS:  168 20:44:35    -1102.844992        1.0204
BFGS:  169 20:44:35    -1102.845648        1.0039
BFGS:  170 20:44:35    -1102.816739        6.4427
BFGS:  171 20:44:35    -1102.847248        0.9822
BFGS:  172 20:44:35    -1102.845814        6.3602
BFGS:  173 20:44:35    -1102.848310        0.9935
BFGS:  174 20:44:35    -1102.849017        1.0061
BFGS:  175 20:44:36    -1102.850838        6.2777
BFGS:  176 20:44:36    -1102.852001        1.0930
BFGS:  177 20:44:36    -1102.852961        6.2675
BFGS:  178 20:44:36    -1102.860135        0.9701
BFGS:  179 20:44:36    -1102.867923        0.9762
BFGS:  180 20:44:36    -1102.874663        0.9963
BFGS:  181 20:44:36    -1102.880582        1.0079
BFGS:  182 20:44:36    -1102.885968        6.3088
BFGS:  183 20:44:36    -1102.890282        1.0203
BFGS:  184 20:44:36    -1102.895273        1.0050
BFGS:  185 20:44:36    -1102.900014        6.3158
BFGS:  186 20:44:36    -1102.904269        0.9747
BFGS:  187 20:44:36    -1102.907834        6.3128
BFGS:  188 20:44:36    -1102.911435        6.3189
BFGS:  189 20:44:36    -1102.913916        6.2692
BFGS:  190 20:44:36    -1102.915512        0.9185
BFGS:  191 20:44:36    -1102.917352        1.0062
BFGS:  192 20:44:36    -1102.918913        1.0107
BFGS:  193 20:44:36    -1102.919884        6.2081
BFGS:  194 20:44:36    -1102.920901        6.2112
BFGS:  195 20:44:36    -1102.921930        1.0549
BFGS:  196 20:44:36    -1102.922531        1.0358
BFGS:  197 20:44:36    -1102.923946        1.0154
BFGS:  198 20:44:36    -1102.924721        0.9982
BFGS:  199 20:44:36    -1102.925640        6.2685
BFGS:  200 20:44:36    -1102.926051        1.0015
BFGS:  201 20:44:36    -1102.926364        1.0121
BFGS:  202 20:44:36    -1102.927403        1.0493
BFGS:  203 20:44:36    -1102.928170        6.2010
BFGS:  204 20:44:36    -1102.929509        6.1601
BFGS:  205 20:44:36    -1102.916146        6.4872
BFGS:  206 20:44:36    -1102.926708        6.3626
BFGS:  207 20:44:36    -1102.933218        6.2615
BFGS:  208 20:44:36    -1102.938985        6.1555
BFGS:  209 20:44:36    -1102.944618        6.0415
BFGS:  210 20:44:36    -1102.950681        5.9268
BFGS:  211 20:44:36    -1102.958939        5.8338
BFGS:  212 20:44:37    -1102.971491        5.7947
BFGS:  213 20:44:37    -1102.985916        5.8891
BFGS:  214 20:44:37    -1102.999316        1.4161
BFGS:  215 20:44:37    -1103.008736        1.4903
BFGS:  216 20:44:37    -1103.012457        1.5356
BFGS:  217 20:44:37    -1103.013923        1.6370
BFGS:  218 20:44:37    -1103.015333        1.6545
BFGS:  219 20:44:37    -1103.016543        1.5899
BFGS:  220 20:44:37    -1103.017844        1.5819
BFGS:  221 20:44:37    -1103.018366        5.9600
BFGS:  222 20:44:37    -1103.019695        5.9926
BFGS:  223 20:44:37    -1103.020451        1.7663
BFGS:  224 20:44:37    -1103.015640        1.9401
BFGS:  225 20:44:37    -1103.024836        1.7742
BFGS:  226 20:44:37    -1103.028478        1.6923
BFGS:  227 20:44:37    -1103.033009        1.6377
BFGS:  228 20:44:37    -1103.040250        1.6002
BFGS:  229 20:44:37    -1103.036779        1.5387
BFGS:  230 20:44:37    -1103.048071        1.5121
BFGS:  231 20:44:37    -1103.040778        1.7054
BFGS:  232 20:44:37    -1103.046078        1.7074
BFGS:  233 20:44:37    -1103.043709        1.5071
BFGS:  234 20:44:37    -1103.049876        1.4946
BFGS:  235 20:44:37    -1103.040450        1.7131
BFGS:  236 20:44:37    -1103.048193        1.7015
BFGS:  237 20:44:37    -1103.043610        1.5059
BFGS:  238 20:44:37    -1103.049180        1.4949
BFGS:  239 20:44:37    -1103.041379        1.6948
BFGS:  240 20:44:37    -1103.049891        1.6824
BFGS:  241 20:44:37    -1103.042575        1.5063
BFGS:  242 20:44:37    -1103.048092        1.4953
BFGS:  243 20:44:37    -1103.042537        1.6820
BFGS:  244 20:44:37    -1103.051489        1.6684
BFGS:  245 20:44:37    -1103.041302        1.5070
BFGS:  246 20:44:37    -1103.044872        1.4839
BFGS:  247 20:44:37    -1103.044818        1.6668
BFGS:  248 20:44:38    -1103.050605        1.4881
BFGS:  249 20:44:38    -1103.050621        1.6605
BFGS:  250 20:44:38    -1103.052016        1.4846
BFGS:  251 20:44:38    -1103.051976        1.6485
BFGS:  252 20:44:38    -1103.052433        1.4848
BFGS:  253 20:44:38    -1103.052367        1.6448
BFGS:  254 20:44:38    -1103.052521        1.6423
BFGS:  255 20:44:38    -1103.040591        1.5330
BFGS:  256 20:44:38    -1103.052442        1.4890
BFGS:  257 20:44:38    -1103.052637        1.4882
BFGS:  258 20:44:38    -1103.041660        1.7896
BFGS:  259 20:44:38    -1103.050064        1.6885
BFGS:  260 20:44:38    -1103.043114        1.5567
BFGS:  261 20:44:38    -1103.052305        1.4898
BFGS:  262 20:44:38    -1103.049585        1.7018
BFGS:  263 20:44:38    -1103.052265        1.6551
BFGS:  264 20:44:38    -1103.039246        1.6045
BFGS:  265 20:44:38    -1103.050089        1.5075
BFGS:  266 20:44:38    -1103.049003        1.7315
BFGS:  267 20:44:38    -1103.052713        1.4890
BFGS:  268 20:44:38    -1103.052061        1.6740
BFGS:  269 20:44:38    -1103.053149        1.6574
BFGS:  270 20:44:38    -1103.040847        1.5826
BFGS:  271 20:44:38    -1103.049580        1.4982
BFGS:  272 20:44:38    -1103.046630        1.6861
BFGS:  273 20:44:38    -1103.052206        1.6439
BFGS:  274 20:44:38    -1103.045388        1.5695
BFGS:  275 20:44:38    -1103.050116        1.5032
BFGS:  276 20:44:38    -1103.047622        1.7203
BFGS:  277 20:44:38    -1103.053035        1.4869
BFGS:  278 20:44:38    -1103.051318        1.6776
BFGS:  279 20:44:38    -1103.052641        1.6601
BFGS:  280 20:44:38    -1103.045515        1.5576
BFGS:  281 20:44:38    -1103.050189        1.4975
BFGS:  282 20:44:38    -1103.047324        1.7415
BFGS:  283 20:44:38    -1103.053273        1.4865
BFGS:  284 20:44:38    -1103.051351        1.6854
BFGS:  285 20:44:39    -1103.052794        1.6660
BFGS:  286 20:44:39    -1103.046411        1.5557
BFGS:  287 20:44:39    -1103.050497        1.4960
BFGS:  288 20:44:39    -1103.046583        1.7486
BFGS:  289 20:44:39    -1103.053500        1.6658
BFGS:  290 20:44:39    -1103.045766        1.5686
BFGS:  291 20:44:39    -1103.049472        1.4979
BFGS:  292 20:44:39    -1103.047088        1.7439
BFGS:  293 20:44:39    -1103.053233        1.4873
BFGS:  294 20:44:39    -1103.051776        1.6967
BFGS:  295 20:44:39    -1103.053497        1.6736
BFGS:  296 20:44:39    -1103.045917        1.5471
BFGS:  297 20:44:39    -1103.050348        1.4970
BFGS:  298 20:44:39    -1103.046604        1.7560
BFGS:  299 20:44:39    -1103.053998        1.6720
BFGS:  300 20:44:39    -1103.045756        1.5606
BFGS:  301 20:44:39    -1103.049564        1.4987
BFGS:  302 20:44:39    -1103.047726        1.7467
BFGS:  303 20:44:39    -1103.053418        1.4870
BFGS:  304 20:44:39    -1103.052251        1.6991
BFGS:  305 20:44:39    -1103.053959        1.6769
BFGS:  306 20:44:39    -1103.045913        1.5451
BFGS:  307 20:44:39    -1103.050409        1.4964
BFGS:  308 20:44:39    -1103.047007        1.7557
BFGS:  309 20:44:39    -1103.054215        1.4843
BFGS:  310 20:44:39    -1103.051568        1.7080
BFGS:  311 20:44:39    -1103.053281        1.6840
BFGS:  312 20:44:39    -1103.047313        1.5453
BFGS:  313 20:44:39    -1103.050880        1.4971
BFGS:  314 20:44:39    -1103.047999        1.7508
BFGS:  315 20:44:39    -1103.054328        1.4845
BFGS:  316 20:44:39    -1103.052126        1.7019
BFGS:  317 20:44:39    -1103.053686        1.6816
BFGS:  318 20:44:39    -1103.047681        1.5394
BFGS:  319 20:44:39    -1103.051527        1.4931
BFGS:  320 20:44:39    -1103.047224        1.7537
BFGS:  321 20:44:39    -1103.054173        1.6777
BFGS:  322 20:44:40    -1103.047278        1.5524
BFGS:  323 20:44:40    -1103.050832        1.4957
BFGS:  324 20:44:40    -1103.048311        1.7484
BFGS:  325 20:44:40    -1103.054483        1.4844
BFGS:  326 20:44:40    -1103.052496        1.7031
BFGS:  327 20:44:40    -1103.054101        1.6822
BFGS:  328 20:44:40    -1103.047736        1.5397
BFGS:  329 20:44:40    -1103.051628        1.4929
BFGS:  330 20:44:40    -1103.047821        1.7533
BFGS:  331 20:44:40    -1103.054638        1.6772
BFGS:  332 20:44:40    -1103.047283        1.5525
BFGS:  333 20:44:40    -1103.050917        1.4957
BFGS:  334 20:44:40    -1103.048885        1.7479
BFGS:  335 20:44:40    -1103.054609        1.4841
BFGS:  336 20:44:40    -1103.052968        1.7028
BFGS:  337 20:44:40    -1103.054555        1.6822
BFGS:  338 20:44:40    -1103.047793        1.5398
BFGS:  339 20:44:40    -1103.051703        1.4927
BFGS:  340 20:44:40    -1103.048404        1.7525
BFGS:  341 20:44:40    -1103.055113        1.6767
BFGS:  342 20:44:40    -1103.047318        1.5523
BFGS:  343 20:44:40    -1103.051309        1.4935
BFGS:  344 20:44:40    -1103.048700        1.7547
BFGS:  345 20:44:40    -1103.055111        1.4826
BFGS:  346 20:44:40    -1103.052829        1.7094
BFGS:  347 20:44:40    -1103.054438        1.6872
BFGS:  348 20:44:40    -1103.048310        1.5439
BFGS:  349 20:44:40    -1103.051856        1.4932
BFGS:  350 20:44:40    -1103.049137        1.7525
BFGS:  351 20:44:40    -1103.055371        1.4818
BFGS:  352 20:44:40    -1103.053015        1.7074
BFGS:  353 20:44:40    -1103.054527        1.6872
BFGS:  354 20:44:40    -1103.048900        1.5371
BFGS:  355 20:44:40    -1103.052239        1.4920
BFGS:  356 20:44:40    -1103.049454        1.7480
BFGS:  357 20:44:40    -1103.055580        1.4813
BFGS:  358 20:44:40    -1103.053200        1.7062
BFGS:  359 20:44:41    -1103.054657        1.6870
BFGS:  360 20:44:41    -1103.049440        1.5318
BFGS:  361 20:44:41    -1103.052590        1.4910
BFGS:  362 20:44:41    -1103.049797        1.7441
BFGS:  363 20:44:41    -1103.055765        1.4809
BFGS:  364 20:44:41    -1103.053414        1.7051
BFGS:  365 20:44:41    -1103.054817        1.6867
BFGS:  366 20:44:41    -1103.049935        1.5273
BFGS:  367 20:44:41    -1103.052910        1.4902
BFGS:  368 20:44:41    -1103.050156        1.7407
BFGS:  369 20:44:41    -1103.055921        1.6748
BFGS:  370 20:44:41    -1103.048813        1.5402
BFGS:  371 20:44:41    -1103.052466        1.4906
BFGS:  372 20:44:41    -1103.050334        1.7409
BFGS:  373 20:44:41    -1103.055761        1.4812
BFGS:  374 20:44:41    -1103.053967        1.7042
BFGS:  375 20:44:41    -1103.055387        1.6849
BFGS:  376 20:44:41    -1103.049653        5.8686
BFGS:  377 20:44:41    -1103.052684        1.4825
BFGS:  378 20:44:41    -1103.050995        1.7357
BFGS:  379 20:44:41    -1103.055738        1.4741
BFGS:  380 20:44:41    -1103.054352        1.7015
BFGS:  381 20:44:41    -1103.055663        1.6830
BFGS:  382 20:44:41    -1103.050071        1.5321
BFGS:  383 20:44:41    -1103.052966        1.4824
BFGS:  384 20:44:41    -1103.051209        1.7367
BFGS:  385 20:44:41    -1103.055871        1.4740
BFGS:  386 20:44:41    -1103.054540        1.7007
BFGS:  387 20:44:41    -1103.055834        1.6831
BFGS:  388 20:44:41    -1103.050461        1.5269
BFGS:  389 20:44:41    -1103.053457        1.4817
BFGS:  390 20:44:41    -1103.051119        1.7408
BFGS:  391 20:44:41    -1103.056243        1.4732
BFGS:  392 20:44:41    -1103.054396        1.7048
BFGS:  393 20:44:41    -1103.055658        1.6870
BFGS:  394 20:44:41    -1103.050769        5.8659
BFGS:  395 20:44:41    -1103.053514        1.4774
BFGS:  396 20:44:42    -1103.051861        1.7390
BFGS:  397 20:44:42    -1103.056082        1.4686
BFGS:  398 20:44:42    -1103.054941        1.7027
BFGS:  399 20:44:42    -1103.056123        1.6854
BFGS:  400 20:44:42    -1103.051128        1.5253
BFGS:  401 20:44:42    -1103.053616        1.4761
BFGS:  402 20:44:42    -1103.052166        1.7341
BFGS:  403 20:44:42    -1103.056115        1.4683
BFGS:  404 20:44:42    -1103.055215        1.7012
BFGS:  405 20:44:42    -1103.056382        1.6844
BFGS:  406 20:44:42    -1103.051078        5.8632
BFGS:  407 20:44:42    -1103.053978        1.4734
BFGS:  408 20:44:42    -1103.052208        1.7379
BFGS:  409 20:44:42    -1103.056371        1.4659
BFGS:  410 20:44:42    -1103.055146        1.7038
BFGS:  411 20:44:42    -1103.056269        1.6874
BFGS:  412 20:44:42    -1103.051724        1.5194
BFGS:  413 20:44:42    -1103.054045        1.4719
BFGS:  414 20:44:42    -1103.052543        1.7333
BFGS:  415 20:44:42    -1103.056376        1.4652
BFGS:  416 20:44:42    -1103.055432        1.7023
BFGS:  417 20:44:42    -1103.056535        1.6862
BFGS:  418 20:44:42    -1103.051648        5.8612
BFGS:  419 20:44:42    -1103.054348        1.4697
BFGS:  420 20:44:42    -1103.052618        1.7373
BFGS:  421 20:44:42    -1103.056589        1.4633
BFGS:  422 20:44:42    -1103.055404        1.7044
BFGS:  423 20:44:42    -1103.056466        1.6887
BFGS:  424 20:44:42    -1103.052143        5.8597
BFGS:  425 20:44:42    -1103.054371        1.4680
BFGS:  426 20:44:42    -1103.053125        1.7358
BFGS:  427 20:44:42    -1103.056507        1.4613
BFGS:  428 20:44:42    -1103.055786        1.7025
BFGS:  429 20:44:42    -1103.056801        1.6872
BFGS:  430 20:44:42    -1103.052138        1.5166
BFGS:  431 20:44:42    -1103.054532        1.4655
BFGS:  432 20:44:42    -1103.053021        1.7351
BFGS:  433 20:44:43    -1103.056673        1.4602
BFGS:  434 20:44:43    -1103.055729        1.7058
BFGS:  435 20:44:43    -1103.056756        1.6898
BFGS:  436 20:44:43    -1103.052441        5.8576
BFGS:  437 20:44:43    -1103.054611        1.4646
BFGS:  438 20:44:43    -1103.053509        1.7363
BFGS:  439 20:44:43    -1103.056634        1.4587
BFGS:  440 20:44:43    -1103.056053        1.7037
BFGS:  441 20:44:43    -1103.057022        1.6885
BFGS:  442 20:44:43    -1103.052474        1.5143
BFGS:  443 20:44:43    -1103.054742        1.4626
BFGS:  444 20:44:43    -1103.053473        1.7354
BFGS:  445 20:44:43    -1103.056760        1.4576
BFGS:  446 20:44:43    -1103.056038        1.7063
BFGS:  447 20:44:43    -1103.057011        1.6907
BFGS:  448 20:44:43    -1103.052688        5.8559
BFGS:  449 20:44:43    -1103.054797        1.4619
BFGS:  450 20:44:43    -1103.053909        1.7362
BFGS:  451 20:44:43    -1103.056719        1.4565
BFGS:  452 20:44:43    -1103.056332        1.7042
BFGS:  453 20:44:43    -1103.057170        1.4553
BFGS:  454 20:44:43    -1103.056905        1.6946
BFGS:  455 20:44:43    -1103.057122        1.6910
BFGS:  456 20:44:43    -1103.053977        5.8564
BFGS:  457 20:44:43    -1103.055490        1.4581
BFGS:  458 20:44:43    -1103.054754        1.7285
BFGS:  459 20:44:43    -1103.056856        1.4542
BFGS:  460 20:44:43    -1103.056755        1.6999
BFGS:  461 20:44:43    -1103.057173        1.4539
BFGS:  462 20:44:43    -1103.057220        1.6912
BFGS:  463 20:44:43    -1103.057266        1.4532
BFGS:  464 20:44:43    -1103.057316        1.4530
BFGS:  465 20:44:43    -1103.053504        1.6880
BFGS:  466 20:44:43    -1103.055534        1.6950
BFGS:  467 20:44:43    -1103.054586        1.4777
BFGS:  468 20:44:43    -1103.057308        1.4511
BFGS:  469 20:44:43    -1103.053399        5.8639
BFGS:  470 20:44:44    -1103.055581        1.6906
BFGS:  471 20:44:44    -1103.054692        1.4684
BFGS:  472 20:44:44    -1103.057321        1.4506
BFGS:  473 20:44:44    -1103.053278        1.6855
BFGS:  474 20:44:44    -1103.055591        1.6941
BFGS:  475 20:44:44    -1103.054388        1.4752
BFGS:  476 20:44:44    -1103.057199        1.4507
BFGS:  477 20:44:44    -1103.053206        5.8654
BFGS:  478 20:44:44    -1103.055678        1.6905
BFGS:  479 20:44:44    -1103.054437        1.4679
BFGS:  480 20:44:44    -1103.057169        1.4503
BFGS:  481 20:44:44    -1103.053164        1.6869
BFGS:  482 20:44:44    -1103.055745        1.6938
BFGS:  483 20:44:44    -1103.054086        1.4743
BFGS:  484 20:44:44    -1103.056995        1.4508
BFGS:  485 20:44:44    -1103.053156        5.8648
BFGS:  486 20:44:44    -1103.055865        1.6908
BFGS:  487 20:44:44    -1103.054079        1.4684
BFGS:  488 20:44:44    -1103.056927        1.4504
BFGS:  489 20:44:44    -1103.053168        1.6890
BFGS:  490 20:44:44    -1103.055978        1.6938
BFGS:  491 20:44:44    -1103.053695        1.4744
BFGS:  492 20:44:44    -1103.056714        1.4512
BFGS:  493 20:44:44    -1103.053207        1.6921
BFGS:  494 20:44:44    -1103.056143        5.8688
BFGS:  495 20:44:44    -1103.053346        1.4783
BFGS:  496 20:44:44    -1103.056455        1.4532
BFGS:  497 20:44:44    -1103.053317        1.6935
BFGS:  498 20:44:44    -1103.056358        1.6924
BFGS:  499 20:44:44    -1103.053092        1.4760
