      Step     Time          Energy         fmax
BFGS:    0 20:51:18     -765.836376      267.7033
BFGS:    1 20:51:18     -798.317990      223.6171
BFGS:    2 20:51:18     -828.415776      212.4153
BFGS:    3 20:51:18     -850.591103      192.8397
BFGS:    4 20:51:18     -872.079733      173.9460
BFGS:    5 20:51:18     -892.457037      151.8672
BFGS:    6 20:51:18     -910.040366      139.3114
BFGS:    7 20:51:18     -926.946872      119.1287
BFGS:    8 20:51:18     -942.135650      105.9769
BFGS:    9 20:51:18     -957.146195       95.9440
BFGS:   10 20:51:18     -967.431059       77.7282
BFGS:   11 20:51:18     -975.487249       77.5745
BFGS:   12 20:51:19     -982.597835       63.8876
BFGS:   13 20:51:19     -989.236053       57.8137
BFGS:   14 20:51:19     -994.367716       49.8233
BFGS:   15 20:51:19     -998.530102       47.4391
BFGS:   16 20:51:19    -1002.727028       39.0751
BFGS:   17 20:51:19    -1005.888588       34.3137
BFGS:   18 20:51:19    -1008.613775       33.6002
BFGS:   19 20:51:19    -1011.048167       28.9122
BFGS:   20 20:51:19    -1013.128211       28.6574
BFGS:   21 20:51:19    -1015.248426       26.3506
BFGS:   22 20:51:19    -1017.367345       24.3648
BFGS:   23 20:51:19    -1019.245637       22.9078
BFGS:   24 20:51:19    -1020.914824       21.6566
BFGS:   25 20:51:19    -1022.597662       22.2379
BFGS:   26 20:51:19    -1024.432288       21.5262
BFGS:   27 20:51:19    -1025.971183       23.8766
BFGS:   28 20:51:19    -1027.556672       23.4265
BFGS:   29 20:51:19    -1029.174365       23.6654
BFGS:   30 20:51:19    -1030.726458       23.3605
BFGS:   31 20:51:19    -1032.272174       22.1537
BFGS:   32 20:51:19    -1033.780325       21.8485
BFGS:   33 20:51:19    -1035.309460       21.3771
BFGS:   34 20:51:19    -1036.638437       20.9913
BFGS:   35 20:51:19    -1037.901154       19.3287
BFGS:   36 20:51:19    -1039.149414       18.3922
BFGS:   37 20:51:19    -1040.358807       17.3338
BFGS:   38 20:51:19    -1041.572781       16.2910
BFGS:   39 20:51:20    -1042.586725       15.1689
BFGS:   40 20:51:20    -1043.560952       13.4790
BFGS:   41 20:51:20    -1044.481779       11.7700
BFGS:   42 20:51:20    -1045.340797        9.9384
BFGS:   43 20:51:20    -1046.170552       10.3022
BFGS:   44 20:51:20    -1046.994210       11.1247
BFGS:   45 20:51:20    -1047.858835       11.2756
BFGS:   46 20:51:20    -1048.833640       11.4275
BFGS:   47 20:51:20    -1049.912831       13.5194
BFGS:   48 20:51:20    -1051.052523       15.7713
BFGS:   49 20:51:20    -1052.152508       15.4606
BFGS:   50 20:51:20    -1053.345548       14.2293
BFGS:   51 20:51:20    -1054.278335       12.4000
BFGS:   52 20:51:20    -1054.988129       11.0955
BFGS:   53 20:51:20    -1055.637503       10.6348
BFGS:   54 20:51:20    -1056.232964       10.0602
BFGS:   55 20:51:20    -1056.825975        9.6209
BFGS:   56 20:51:20    -1057.415281        8.9281
BFGS:   57 20:51:20    -1057.992353        8.3972
BFGS:   58 20:51:20    -1058.564270        8.4358
BFGS:   59 20:51:20    -1059.109476        8.3123
BFGS:   60 20:51:20    -1059.619218        8.2224
BFGS:   61 20:51:20    -1060.105351        8.0735
BFGS:   62 20:51:20    -1060.537327        7.6691
BFGS:   63 20:51:20    -1060.942520        7.3189
BFGS:   64 20:51:20    -1061.302370        6.8485
BFGS:   65 20:51:21    -1061.627447        6.2809
BFGS:   66 20:51:21    -1061.914358        6.0767
BFGS:   67 20:51:21    -1062.182406        5.7205
BFGS:   68 20:51:21    -1062.451050        5.4400
BFGS:   69 20:51:21    -1062.745993        5.8860
BFGS:   70 20:51:21    -1063.090478        6.5292
BFGS:   71 20:51:21    -1063.510187        6.8601
BFGS:   72 20:51:21    -1063.997049        7.0593
BFGS:   73 20:51:21    -1064.506877        7.3116
BFGS:   74 20:51:21    -1065.130386        7.3718
BFGS:   75 20:51:21    -1065.698725        6.8262
BFGS:   76 20:51:21    -1066.150915        5.7430
BFGS:   77 20:51:21    -1066.529795        5.5182
BFGS:   78 20:51:21    -1066.822416        5.2953
BFGS:   79 20:51:21    -1067.084874        6.0491
BFGS:   80 20:51:21    -1067.301678        4.9084
BFGS:   81 20:51:21    -1067.472059        3.6361
BFGS:   82 20:51:21    -1067.606005        3.8564
BFGS:   83 20:51:21    -1067.704331        4.7867
BFGS:   84 20:51:21    -1067.783452        4.4194
BFGS:   85 20:51:21    -1067.893883        4.3450
BFGS:   86 20:51:21    -1068.047862        3.9519
BFGS:   87 20:51:21    -1068.223778        5.5607
BFGS:   88 20:51:21    -1068.437705       10.0432
BFGS:   89 20:51:21    -1068.676896       13.4502
BFGS:   90 20:51:21    -1068.873772       13.3609
BFGS:   91 20:51:22    -1069.202728       10.0289
BFGS:   92 20:51:22    -1069.785812        8.2796
BFGS:   93 20:51:22    -1070.319999        6.5108
BFGS:   94 20:51:22    -1070.530391        5.1847
BFGS:   95 20:51:22    -1070.662172        4.0156
BFGS:   96 20:51:22    -1070.751866        3.4277
BFGS:   97 20:51:22    -1070.801129        2.7069
BFGS:   98 20:51:22    -1070.841256        4.1109
BFGS:   99 20:51:22    -1070.883967        2.1587
BFGS:  100 20:51:22    -1070.938058        2.1195
BFGS:  101 20:51:22    -1070.984750        2.6748
BFGS:  102 20:51:22    -1071.054145        3.5747
BFGS:  103 20:51:22    -1071.134821        4.5213
BFGS:  104 20:51:22    -1071.238495        3.9385
BFGS:  105 20:51:22    -1071.359160        5.4434
BFGS:  106 20:51:22    -1071.516075        2.9258
BFGS:  107 20:51:22    -1071.626455        1.4598
BFGS:  108 20:51:22    -1071.673507        1.3323
BFGS:  109 20:51:22    -1071.723493        1.5283
BFGS:  110 20:51:22    -1071.767076        1.6670
BFGS:  111 20:51:22    -1071.827356        2.6535
BFGS:  112 20:51:22    -1071.968916        3.7764
BFGS:  113 20:51:22    -1072.073754        4.4589
BFGS:  114 20:51:22    -1072.219505        6.7067
BFGS:  115 20:51:22    -1072.522483        5.4289
BFGS:  116 20:51:22    -1072.766192        4.7525
BFGS:  117 20:51:22    -1072.983124        3.0049
BFGS:  118 20:51:23    -1073.143148        2.6020
BFGS:  119 20:51:23    -1073.313976        2.9624
BFGS:  120 20:51:23    -1073.485420        4.0634
BFGS:  121 20:51:23    -1073.643051        5.0607
BFGS:  122 20:51:23    -1073.789686        5.8252
BFGS:  123 20:51:23    -1073.967262        6.5940
BFGS:  124 20:51:23    -1074.181813        6.9608
BFGS:  125 20:51:23    -1074.443163        6.5336
BFGS:  126 20:51:23    -1074.698342        5.3286
BFGS:  127 20:51:23    -1074.927923        5.3163
BFGS:  128 20:51:23    -1075.151704        5.9567
BFGS:  129 20:51:23    -1075.385157        6.3501
BFGS:  130 20:51:23    -1075.622411        5.3382
BFGS:  131 20:51:23    -1075.796357        6.6227
BFGS:  132 20:51:23    -1075.937634        4.7470
BFGS:  133 20:51:23    -1076.045700        3.3533
BFGS:  134 20:51:23    -1076.160875        2.8809
BFGS:  135 20:51:23    -1076.251047        3.4191
BFGS:  136 20:51:23    -1076.332588        3.1770
BFGS:  137 20:51:23    -1076.404013        3.2425
BFGS:  138 20:51:23    -1076.488413        3.1445
BFGS:  139 20:51:23    -1076.644876        4.0234
BFGS:  140 20:51:23    -1076.790342        4.2138
BFGS:  141 20:51:23    -1076.921728        5.5279
BFGS:  142 20:51:23    -1077.099524        5.2524
BFGS:  143 20:51:24    -1077.292571        2.7831
BFGS:  144 20:51:24    -1077.390752        2.7234
BFGS:  145 20:51:24    -1077.439301        1.6890
BFGS:  146 20:51:24    -1077.440850        1.8396
BFGS:  147 20:51:24    -1077.467847        1.2443
BFGS:  148 20:51:24    -1077.472949        1.2183
BFGS:  149 20:51:24    -1077.478313        1.1443
BFGS:  150 20:51:24    -1077.481178        1.0858
BFGS:  151 20:51:24    -1077.482948        1.0947
BFGS:  152 20:51:24    -1077.484629        1.0388
BFGS:  153 20:51:24    -1077.486228        1.0428
BFGS:  154 20:51:24    -1077.487500        0.9517
BFGS:  155 20:51:24    -1077.488944        0.8804
BFGS:  156 20:51:24    -1077.490615        0.7288
BFGS:  157 20:51:24    -1077.492781        0.6720
BFGS:  158 20:51:24    -1077.495384        0.6595
BFGS:  159 20:51:24    -1077.497986        0.5897
BFGS:  160 20:51:24    -1077.499974        0.5203
BFGS:  161 20:51:24    -1077.501196        0.3241
BFGS:  162 20:51:24    -1077.501921        0.2631
BFGS:  163 20:51:24    -1077.502325        0.1760
BFGS:  164 20:51:24    -1077.502515        0.0909
