      Step     Time          Energy         fmax
BFGS:    0 20:48:07     -689.008047      189.0971
BFGS:    1 20:48:07     -734.230095      161.5957
BFGS:    2 20:48:07     -764.526661      160.4050
BFGS:    3 20:48:07     -785.629369      140.9780
BFGS:    4 20:48:07     -806.271560      133.4051
BFGS:    5 20:48:07     -826.135469      107.3552
BFGS:    6 20:48:07     -838.827901      105.2353
BFGS:    7 20:48:07     -848.914630       95.6168
BFGS:    8 20:48:07     -859.617489       87.1482
BFGS:    9 20:48:07     -869.711535       81.4641
BFGS:   10 20:48:07     -879.270619       78.0474
BFGS:   11 20:48:07     -891.247238       74.2359
BFGS:   12 20:48:07     -902.154175       68.8587
BFGS:   13 20:48:07     -912.598265       62.1372
BFGS:   14 20:48:07     -922.631322       58.9252
BFGS:   15 20:48:07     -933.152853       50.6581
BFGS:   16 20:48:07     -943.683184       45.8227
BFGS:   17 20:48:07     -954.466784       43.4229
BFGS:   18 20:48:07     -965.120917       40.9786
BFGS:   19 20:48:07     -975.128400       39.1507
BFGS:   20 20:48:07     -982.831320       39.1309
BFGS:   21 20:48:07     -990.066463       36.7901
BFGS:   22 20:48:07     -995.050839       40.9983
BFGS:   23 20:48:08     -999.144757       34.5958
BFGS:   24 20:48:08    -1002.748108       36.1675
BFGS:   25 20:48:08    -1005.536073       34.6661
BFGS:   26 20:48:08    -1008.250237       34.1708
BFGS:   27 20:48:08    -1010.955741       33.2166
BFGS:   28 20:48:08    -1013.764091       31.9722
BFGS:   29 20:48:08    -1016.970580       30.1449
BFGS:   30 20:48:08    -1020.388470       26.6310
BFGS:   31 20:48:08    -1023.735983       24.5459
BFGS:   32 20:48:08    -1027.088213       26.6811
BFGS:   33 20:48:08    -1030.647493       28.3341
BFGS:   34 20:48:08    -1033.804637       31.1898
BFGS:   35 20:48:08    -1037.028994       29.4741
BFGS:   36 20:48:08    -1039.887408       29.1096
BFGS:   37 20:48:08    -1042.473273       27.6899
BFGS:   38 20:48:08    -1044.821722       26.2285
BFGS:   39 20:48:08    -1047.010595       23.8129
BFGS:   40 20:48:08    -1049.461621       22.5951
BFGS:   41 20:48:08    -1052.265284       20.5176
BFGS:   42 20:48:08    -1054.918395       18.6239
BFGS:   43 20:48:08    -1057.221813       15.9626
BFGS:   44 20:48:08    -1059.231959       15.2104
BFGS:   45 20:48:08    -1061.364183       14.7773
BFGS:   46 20:48:08    -1063.321484       14.3742
BFGS:   47 20:48:08    -1064.932210       14.4342
BFGS:   48 20:48:08    -1066.467086       13.4527
BFGS:   49 20:48:08    -1067.897336       12.0384
BFGS:   50 20:48:08    -1069.109225        9.4818
BFGS:   51 20:48:08    -1070.094397        8.7771
BFGS:   52 20:48:09    -1070.858983        9.4225
BFGS:   53 20:48:09    -1071.525989       10.2288
BFGS:   54 20:48:09    -1072.080807       10.8391
BFGS:   55 20:48:09    -1072.571115       11.2838
BFGS:   56 20:48:09    -1073.072419       11.5643
BFGS:   57 20:48:09    -1073.580275       11.8681
BFGS:   58 20:48:09    -1074.135113       12.4542
BFGS:   59 20:48:09    -1074.675487       14.6458
BFGS:   60 20:48:09    -1075.278049       15.8932
BFGS:   61 20:48:09    -1075.866994       17.3821
BFGS:   62 20:48:09    -1076.454057       17.4601
BFGS:   63 20:48:09    -1077.045793       17.6552
BFGS:   64 20:48:09    -1077.656736       17.2755
BFGS:   65 20:48:09    -1078.283768       17.1017
BFGS:   66 20:48:09    -1078.915920       16.6453
BFGS:   67 20:48:09    -1079.604277       16.3825
BFGS:   68 20:48:09    -1080.315257       16.0029
BFGS:   69 20:48:09    -1081.057033       15.3806
BFGS:   70 20:48:09    -1081.748694       15.7035
BFGS:   71 20:48:09    -1082.438242       15.9915
BFGS:   72 20:48:09    -1083.214849       16.5365
BFGS:   73 20:48:09    -1083.954283       16.9403
BFGS:   74 20:48:09    -1084.647775       16.4672
BFGS:   75 20:48:09    -1085.293298       14.7189
BFGS:   76 20:48:09    -1085.924176       12.6928
BFGS:   77 20:48:09    -1086.576187       10.6524
BFGS:   78 20:48:09    -1087.212375       10.4561
BFGS:   79 20:48:09    -1087.825556       10.7733
BFGS:   80 20:48:09    -1088.434471       10.7359
BFGS:   81 20:48:09    -1088.991540       10.5262
BFGS:   82 20:48:09    -1089.511493        9.3703
BFGS:   83 20:48:09    -1089.889570        9.4689
BFGS:   84 20:48:09    -1090.154281        7.1147
BFGS:   85 20:48:10    -1090.388011        6.8024
BFGS:   86 20:48:10    -1090.675403        5.6492
BFGS:   87 20:48:10    -1091.045148        6.0134
BFGS:   88 20:48:10    -1091.340360        7.1525
BFGS:   89 20:48:10    -1091.564619        7.9025
BFGS:   90 20:48:10    -1091.897578        7.6342
BFGS:   91 20:48:10    -1092.305137        6.9276
BFGS:   92 20:48:10    -1092.623950        6.2793
BFGS:   93 20:48:10    -1092.875824        5.5411
BFGS:   94 20:48:10    -1093.082960        4.7470
BFGS:   95 20:48:10    -1093.255830        4.6893
BFGS:   96 20:48:10    -1093.408263        4.5901
BFGS:   97 20:48:10    -1093.544570        4.4678
BFGS:   98 20:48:10    -1093.673989        4.2888
BFGS:   99 20:48:10    -1093.800267        4.0983
BFGS:  100 20:48:10    -1093.931721        4.0469
BFGS:  101 20:48:10    -1094.074493        4.2868
BFGS:  102 20:48:10    -1094.221762        4.5174
BFGS:  103 20:48:10    -1094.369578        4.6330
BFGS:  104 20:48:10    -1094.508008        4.7821
BFGS:  105 20:48:10    -1094.695950        5.0563
BFGS:  106 20:48:10    -1094.950966        4.7830
BFGS:  107 20:48:10    -1095.159348        5.2051
BFGS:  108 20:48:10    -1095.352820        5.3691
BFGS:  109 20:48:10    -1095.518784        5.0636
BFGS:  110 20:48:10    -1095.668784        5.3798
BFGS:  111 20:48:10    -1095.825747        5.4970
BFGS:  112 20:48:10    -1095.980003        6.7756
BFGS:  113 20:48:10    -1096.161688        6.2135
BFGS:  114 20:48:10    -1096.324415        4.8557
BFGS:  115 20:48:10    -1096.502877        4.8948
BFGS:  116 20:48:10    -1096.685037        4.7866
BFGS:  117 20:48:10    -1096.842553        4.3240
BFGS:  118 20:48:10    -1096.982359        4.0146
BFGS:  119 20:48:10    -1097.115153        3.8196
BFGS:  120 20:48:11    -1097.240767        4.0269
BFGS:  121 20:48:11    -1097.374537        4.1726
BFGS:  122 20:48:11    -1097.536993        4.2748
BFGS:  123 20:48:11    -1097.789230        5.0148
BFGS:  124 20:48:11    -1098.052635        6.0103
BFGS:  125 20:48:11    -1098.300919        6.8515
BFGS:  126 20:48:11    -1098.557316        7.5928
BFGS:  127 20:48:11    -1098.953966        7.0048
BFGS:  128 20:48:11    -1099.390643        5.6236
BFGS:  129 20:48:11    -1099.796845        4.8556
BFGS:  130 20:48:11    -1100.085636        5.4232
BFGS:  131 20:48:11    -1100.440449        4.7738
BFGS:  132 20:48:11    -1100.779551        5.3046
BFGS:  133 20:48:11    -1101.101705        5.7925
BFGS:  134 20:48:11    -1101.394995        5.9161
BFGS:  135 20:48:11    -1101.710252        5.6221
BFGS:  136 20:48:11    -1102.073404        5.5056
BFGS:  137 20:48:11    -1102.488458        5.2363
BFGS:  138 20:48:11    -1102.949120        5.0830
BFGS:  139 20:48:11    -1103.357024        4.0572
BFGS:  140 20:48:11    -1103.618253        4.6743
BFGS:  141 20:48:11    -1103.776696        3.7035
BFGS:  142 20:48:11    -1103.939309        4.1266
BFGS:  143 20:48:11    -1104.144748        3.6354
BFGS:  144 20:48:11    -1104.294194        4.1617
BFGS:  145 20:48:11    -1104.438036        5.7663
BFGS:  146 20:48:11    -1104.591553        8.0128
BFGS:  147 20:48:11    -1104.779068       10.3963
BFGS:  148 20:48:11    -1104.990482       12.0661
BFGS:  149 20:48:11    -1105.203490       12.1592
BFGS:  150 20:48:11    -1105.440355       11.2547
BFGS:  151 20:48:11    -1105.724537       10.0369
BFGS:  152 20:48:11    -1106.053986        8.7764
BFGS:  153 20:48:11    -1106.446184        8.1586
BFGS:  154 20:48:11    -1106.847310        8.7853
BFGS:  155 20:48:11    -1107.262935        9.4415
BFGS:  156 20:48:11    -1107.738194        8.4617
BFGS:  157 20:48:11    -1108.116994        7.8028
BFGS:  158 20:48:11    -1108.601319        6.7709
BFGS:  159 20:48:11    -1108.924217        6.0283
BFGS:  160 20:48:11    -1109.328074        4.9311
BFGS:  161 20:48:12    -1109.666198        5.7310
BFGS:  162 20:48:12    -1109.980713        5.2970
BFGS:  163 20:48:12    -1110.258693        5.3613
BFGS:  164 20:48:12    -1110.522870        5.7886
BFGS:  165 20:48:12    -1110.796633        5.8421
BFGS:  166 20:48:12    -1111.082029        5.0195
BFGS:  167 20:48:12    -1111.409481        3.9359
BFGS:  168 20:48:12    -1111.690523        3.9521
BFGS:  169 20:48:12    -1111.945097        4.1488
BFGS:  170 20:48:12    -1112.173410        3.7410
BFGS:  171 20:48:12    -1112.365844        3.5809
BFGS:  172 20:48:12    -1112.545519        4.2474
BFGS:  173 20:48:12    -1112.664167        5.1987
BFGS:  174 20:48:12    -1112.779291        3.5221
BFGS:  175 20:48:12    -1112.874651        3.9782
BFGS:  176 20:48:12    -1112.915674        3.1779
BFGS:  177 20:48:12    -1112.942796        2.9922
BFGS:  178 20:48:12    -1112.967526        2.5114
BFGS:  179 20:48:12    -1112.989103        2.5226
BFGS:  180 20:48:12    -1113.019931        2.4578
BFGS:  181 20:48:12    -1113.050172        2.2862
BFGS:  182 20:48:12    -1113.072795        2.0227
BFGS:  183 20:48:12    -1113.099809        1.9430
BFGS:  184 20:48:12    -1113.122414        1.8282
BFGS:  185 20:48:12    -1113.148671        1.7367
BFGS:  186 20:48:12    -1113.168225        1.7518
BFGS:  187 20:48:12    -1113.182912        1.8007
BFGS:  188 20:48:12    -1113.197123        2.0748
BFGS:  189 20:48:12    -1113.214231        2.1702
BFGS:  190 20:48:12    -1113.235118        2.3293
BFGS:  191 20:48:12    -1113.255563        2.0018
BFGS:  192 20:48:12    -1113.272779        1.7971
BFGS:  193 20:48:12    -1113.288961        1.6278
BFGS:  194 20:48:12    -1113.306092        1.6231
BFGS:  195 20:48:12    -1113.328332        1.5833
BFGS:  196 20:48:12    -1113.354559        1.3255
BFGS:  197 20:48:12    -1113.383548        1.2569
BFGS:  198 20:48:12    -1113.427593        1.2842
BFGS:  199 20:48:12    -1113.471540        2.3771
BFGS:  200 20:48:12    -1113.505800        4.0290
BFGS:  201 20:48:12    -1113.563047        5.0611
BFGS:  202 20:48:12    -1113.653675        5.9646
BFGS:  203 20:48:12    -1113.715084        4.2976
BFGS:  204 20:48:12    -1113.866787        4.0630
BFGS:  205 20:48:13    -1113.969778        3.2878
BFGS:  206 20:48:13    -1114.085410        3.3317
BFGS:  207 20:48:13    -1114.185511        3.5020
BFGS:  208 20:48:13    -1114.243612        3.2601
BFGS:  209 20:48:13    -1114.270720        2.0695
BFGS:  210 20:48:13    -1114.295657        1.8496
BFGS:  211 20:48:13    -1114.309001        1.3694
BFGS:  212 20:48:13    -1114.315381        1.1147
BFGS:  213 20:48:13    -1114.321510        3.4961
BFGS:  214 20:48:13    -1114.325139        1.1830
BFGS:  215 20:48:13    -1114.327920        1.1943
BFGS:  216 20:48:13    -1114.331219        3.2059
BFGS:  217 20:48:13    -1114.332131        1.1788
BFGS:  218 20:48:13    -1114.333693        1.0822
BFGS:  219 20:48:13    -1114.335924        0.9044
BFGS:  220 20:48:13    -1114.336635        0.8392
BFGS:  221 20:48:13    -1114.336995        3.5191
BFGS:  222 20:48:13    -1114.337384        0.7981
BFGS:  223 20:48:13    -1114.337530        0.7749
BFGS:  224 20:48:13    -1114.337609        3.5616
BFGS:  225 20:48:13    -1114.337805        0.7062
BFGS:  226 20:48:13    -1114.337861        0.6990
BFGS:  227 20:48:13    -1114.337839        3.5640
BFGS:  228 20:48:13    -1114.338074        3.5412
BFGS:  229 20:48:13    -1114.336415        1.0505
BFGS:  230 20:48:13    -1114.337573        0.9029
BFGS:  231 20:48:13    -1114.338024        0.7392
BFGS:  232 20:48:13    -1114.338112        0.7013
BFGS:  233 20:48:13    -1114.332845        3.9050
BFGS:  234 20:48:13    -1114.337782        3.5781
BFGS:  235 20:48:13    -1114.314956        3.1836
BFGS:  236 20:48:13    -1114.331325        1.8717
BFGS:  237 20:48:13    -1114.330924        4.0390
BFGS:  238 20:48:13    -1114.335523        1.2999
BFGS:  239 20:48:13    -1114.337025        1.0190
BFGS:  240 20:48:13    -1114.327347        4.2383
BFGS:  241 20:48:13    -1114.338040        0.8058
BFGS:  242 20:48:13    -1114.338369        3.5592
BFGS:  243 20:48:13    -1114.338213        0.7821
BFGS:  244 20:48:13    -1114.338332        0.7646
BFGS:  245 20:48:13    -1114.326716        4.1472
BFGS:  246 20:48:13    -1114.337220        3.6141
BFGS:  247 20:48:13    -1114.311449        2.7129
BFGS:  248 20:48:13    -1114.331118        1.6157
BFGS:  249 20:48:14    -1114.326007        4.1896
BFGS:  250 20:48:14    -1114.336620        1.0714
BFGS:  251 20:48:14    -1114.338456        0.8050
BFGS:  252 20:48:14    -1114.324088        4.2987
BFGS:  253 20:48:14    -1114.337233        3.6103
BFGS:  254 20:48:14    -1114.306616        3.1108
BFGS:  255 20:48:14    -1114.330060        1.7696
BFGS:  256 20:48:14    -1114.323856        4.3267
BFGS:  257 20:48:14    -1114.336532        1.1182
BFGS:  258 20:48:14    -1114.338644        0.8066
BFGS:  259 20:48:14    -1114.323124        4.3591
BFGS:  260 20:48:14    -1114.337235        3.6160
BFGS:  261 20:48:14    -1114.305013        3.2446
BFGS:  262 20:48:14    -1114.329769        1.8222
BFGS:  263 20:48:14    -1114.323040        4.3749
BFGS:  264 20:48:14    -1114.336588        1.1371
BFGS:  265 20:48:14    -1114.338799        0.8112
BFGS:  266 20:48:14    -1114.322825        4.3700
BFGS:  267 20:48:14    -1114.337341        3.6112
BFGS:  268 20:48:14    -1114.304420        3.2882
BFGS:  269 20:48:14    -1114.329675        1.8471
BFGS:  270 20:48:14    -1114.322635        4.3866
BFGS:  271 20:48:14    -1114.336660        1.1522
BFGS:  272 20:48:14    -1114.338918        0.8215
BFGS:  273 20:48:14    -1114.322736        4.3618
BFGS:  274 20:48:14    -1114.337492        3.5995
BFGS:  275 20:48:14    -1114.304161        3.3019
BFGS:  276 20:48:14    -1114.329637        1.8639
BFGS:  277 20:48:14    -1114.322377        4.3837
BFGS:  278 20:48:14    -1114.336724        1.1671
BFGS:  279 20:48:14    -1114.339015        0.8350
BFGS:  280 20:48:14    -1114.322741        4.3456
BFGS:  281 20:48:14    -1114.337655        3.5846
BFGS:  282 20:48:14    -1114.304039        3.3053
BFGS:  283 20:48:14    -1114.329623        1.8780
BFGS:  284 20:48:14    -1114.322220        4.3734
BFGS:  285 20:48:14    -1114.336777        1.1824
BFGS:  286 20:48:14    -1114.339091        0.8502
BFGS:  287 20:48:14    -1114.322803        4.3257
BFGS:  288 20:48:14    -1114.337825        3.5680
BFGS:  289 20:48:14    -1114.303979        3.3059
BFGS:  290 20:48:14    -1114.329619        1.8911
BFGS:  291 20:48:14    -1114.322152        4.3583
BFGS:  292 20:48:15    -1114.336818        1.1982
BFGS:  293 20:48:15    -1114.339147        0.8667
BFGS:  294 20:48:15    -1114.322903        4.3042
BFGS:  295 20:48:15    -1114.338001        3.5503
BFGS:  296 20:48:15    -1114.303938        3.3070
BFGS:  297 20:48:15    -1114.329616        1.9041
BFGS:  298 20:48:15    -1114.322161        4.3402
BFGS:  299 20:48:15    -1114.336845        1.2145
BFGS:  300 20:48:15    -1114.339185        0.8839
BFGS:  301 20:48:15    -1114.323024        4.2826
BFGS:  302 20:48:15    -1114.338182        3.5323
BFGS:  303 20:48:15    -1114.303893        3.3101
BFGS:  304 20:48:15    -1114.329608        1.9174
BFGS:  305 20:48:15    -1114.322227        4.3206
BFGS:  306 20:48:15    -1114.336858        1.2310
BFGS:  307 20:48:15    -1114.339207        0.9014
BFGS:  308 20:48:15    -1114.323155        4.2616
BFGS:  309 20:48:15    -1114.338363        3.5142
BFGS:  310 20:48:15    -1114.303832        3.3158
BFGS:  311 20:48:15    -1114.329594        1.9312
BFGS:  312 20:48:15    -1114.322332        4.3006
BFGS:  313 20:48:15    -1114.336861        1.2475
BFGS:  314 20:48:15    -1114.339217        0.9188
BFGS:  315 20:48:15    -1114.323287        4.2419
BFGS:  316 20:48:15    -1114.338542        3.4966
BFGS:  317 20:48:15    -1114.303750        3.3242
BFGS:  318 20:48:15    -1114.329571        1.9455
BFGS:  319 20:48:15    -1114.322461        4.2810
BFGS:  320 20:48:15    -1114.336854        1.2639
BFGS:  321 20:48:15    -1114.339216        0.9359
BFGS:  322 20:48:15    -1114.323412        4.2236
BFGS:  323 20:48:15    -1114.338715        3.4796
BFGS:  324 20:48:15    -1114.303647        3.3351
BFGS:  325 20:48:15    -1114.329541        1.9602
BFGS:  326 20:48:15    -1114.322599        4.2623
BFGS:  327 20:48:15    -1114.336839        1.2799
BFGS:  328 20:48:15    -1114.339208        0.9523
BFGS:  329 20:48:15    -1114.323527        4.2071
BFGS:  330 20:48:15    -1114.338880        3.4635
BFGS:  331 20:48:15    -1114.303523        3.3483
BFGS:  332 20:48:15    -1114.329503        1.9751
BFGS:  333 20:48:15    -1114.322736        4.2451
BFGS:  334 20:48:15    -1114.336818        1.2955
BFGS:  335 20:48:16    -1114.339193        0.9680
BFGS:  336 20:48:16    -1114.323630        4.1924
BFGS:  337 20:48:16    -1114.339035        3.4484
BFGS:  338 20:48:16    -1114.303381        3.3635
BFGS:  339 20:48:16    -1114.329459        1.9901
BFGS:  340 20:48:16    -1114.322866        4.2295
BFGS:  341 20:48:16    -1114.336793        1.3105
BFGS:  342 20:48:16    -1114.339175        0.9829
BFGS:  343 20:48:16    -1114.323718        4.1795
BFGS:  344 20:48:16    -1114.339179        3.4343
BFGS:  345 20:48:16    -1114.303223        3.3802
BFGS:  346 20:48:16    -1114.329410        2.0052
BFGS:  347 20:48:16    -1114.322982        4.2157
BFGS:  348 20:48:16    -1114.336765        1.3248
BFGS:  349 20:48:16    -1114.339155        0.9967
BFGS:  350 20:48:16    -1114.323792        4.1683
BFGS:  351 20:48:16    -1114.339312        3.4214
BFGS:  352 20:48:16    -1114.303054        3.3983
BFGS:  353 20:48:16    -1114.329357        2.0202
BFGS:  354 20:48:16    -1114.323083        4.2038
BFGS:  355 20:48:16    -1114.336735        1.3385
BFGS:  356 20:48:16    -1114.339133        1.0096
BFGS:  357 20:48:16    -1114.323850        4.1587
BFGS:  358 20:48:16    -1114.339432        3.4095
BFGS:  359 20:48:16    -1114.302874        3.4174
BFGS:  360 20:48:16    -1114.329300        2.0350
BFGS:  361 20:48:16    -1114.323166        4.1936
BFGS:  362 20:48:16    -1114.336704        1.3514
BFGS:  363 20:48:16    -1114.339110        1.0215
BFGS:  364 20:48:16    -1114.323895        4.1507
BFGS:  365 20:48:16    -1114.339541        3.3987
BFGS:  366 20:48:16    -1114.302688        3.4372
BFGS:  367 20:48:16    -1114.329240        2.0496
BFGS:  368 20:48:16    -1114.323232        4.1851
BFGS:  369 20:48:16    -1114.336672        1.3635
BFGS:  370 20:48:16    -1114.339087        1.0325
BFGS:  371 20:48:16    -1114.323926        4.1440
BFGS:  372 20:48:16    -1114.339639        3.3889
BFGS:  373 20:48:16    -1114.302496        3.4576
BFGS:  374 20:48:16    -1114.329179        2.0639
BFGS:  375 20:48:16    -1114.323280        4.1782
BFGS:  376 20:48:16    -1114.336641        1.3749
BFGS:  377 20:48:16    -1114.339065        1.0425
BFGS:  378 20:48:16    -1114.323946        4.1387
BFGS:  379 20:48:17    -1114.339725        3.3801
BFGS:  380 20:48:17    -1114.302302        3.4783
BFGS:  381 20:48:17    -1114.329117        2.0778
BFGS:  382 20:48:17    -1114.323311        4.1728
BFGS:  383 20:48:17    -1114.336610        1.3856
BFGS:  384 20:48:17    -1114.339044        1.0516
BFGS:  385 20:48:17    -1114.323954        4.1345
BFGS:  386 20:48:17    -1114.339801        3.3722
BFGS:  387 20:48:17    -1114.302107        3.4992
BFGS:  388 20:48:17    -1114.329055        2.0914
BFGS:  389 20:48:17    -1114.323326        4.1688
BFGS:  390 20:48:17    -1114.336580        1.3956
BFGS:  391 20:48:17    -1114.339023        1.0599
BFGS:  392 20:48:17    -1114.323952        4.1315
BFGS:  393 20:48:17    -1114.339868        3.3652
BFGS:  394 20:48:17    -1114.301912        3.5201
BFGS:  395 20:48:17    -1114.328993        2.1045
BFGS:  396 20:48:17    -1114.323327        4.1661
BFGS:  397 20:48:17    -1114.336551        1.4049
BFGS:  398 20:48:17    -1114.339005        1.0674
BFGS:  399 20:48:17    -1114.323941        4.1293
BFGS:  400 20:48:17    -1114.339925        3.3590
BFGS:  401 20:48:17    -1114.301719        3.5408
BFGS:  402 20:48:17    -1114.328932        2.1171
BFGS:  403 20:48:17    -1114.323314        4.1645
BFGS:  404 20:48:17    -1114.336523        1.4136
BFGS:  405 20:48:17    -1114.338987        1.0741
BFGS:  406 20:48:17    -1114.323922        4.1280
BFGS:  407 20:48:17    -1114.339974        3.3536
BFGS:  408 20:48:17    -1114.301529        3.5614
BFGS:  409 20:48:17    -1114.328871        2.1293
BFGS:  410 20:48:17    -1114.323289        4.1639
BFGS:  411 20:48:17    -1114.336497        1.4216
BFGS:  412 20:48:17    -1114.338972        1.0802
BFGS:  413 20:48:17    -1114.323897        4.1275
BFGS:  414 20:48:17    -1114.340016        3.3488
BFGS:  415 20:48:17    -1114.301344        3.5816
BFGS:  416 20:48:17    -1114.328811        2.1410
BFGS:  417 20:48:17    -1114.323254        4.1643
BFGS:  418 20:48:17    -1114.336472        1.4290
BFGS:  419 20:48:17    -1114.338957        1.0855
BFGS:  420 20:48:17    -1114.323866        4.1276
BFGS:  421 20:48:17    -1114.340037        0.8882
BFGS:  422 20:48:18    -1114.337561        3.4770
BFGS:  423 20:48:18    -1114.339561        3.3705
BFGS:  424 20:48:18    -1114.300568        3.6314
BFGS:  425 20:48:18    -1114.328784        2.1518
BFGS:  426 20:48:18    -1114.323384        4.1577
BFGS:  427 20:48:18    -1114.336447        1.4368
BFGS:  428 20:48:18    -1114.338936        1.0920
BFGS:  429 20:48:18    -1114.323808        4.1299
BFGS:  430 20:48:18    -1114.340026        0.8924
BFGS:  431 20:48:18    -1114.337583        3.4742
BFGS:  432 20:48:18    -1114.339597        3.3667
BFGS:  433 20:48:18    -1114.300279        3.6587
BFGS:  434 20:48:18    -1114.328715        2.1648
BFGS:  435 20:48:18    -1114.323403        4.1572
BFGS:  436 20:48:18    -1114.336417        1.4444
BFGS:  437 20:48:18    -1114.338919        1.0973
BFGS:  438 20:48:18    -1114.323747        4.1330
BFGS:  439 20:48:18    -1114.340017        0.8956
BFGS:  440 20:48:18    -1114.337597        3.4721
BFGS:  441 20:48:18    -1114.339624        3.3637
BFGS:  442 20:48:18    -1114.300030        3.6835
BFGS:  443 20:48:18    -1114.328652        2.1767
BFGS:  444 20:48:18    -1114.323386        4.1587
BFGS:  445 20:48:18    -1114.336392        1.4510
BFGS:  446 20:48:18    -1114.338905        1.1015
BFGS:  447 20:48:18    -1114.323685        4.1362
BFGS:  448 20:48:18    -1114.340011        0.8981
BFGS:  449 20:48:18    -1114.337604        3.4707
BFGS:  450 20:48:18    -1114.339641        3.3615
BFGS:  451 20:48:18    -1114.299809        3.7063
BFGS:  452 20:48:18    -1114.328594        2.1876
BFGS:  453 20:48:18    -1114.323348        4.1613
BFGS:  454 20:48:18    -1114.336370        1.4568
BFGS:  455 20:48:18    -1114.338894        1.1049
BFGS:  456 20:48:18    -1114.323624        4.1396
BFGS:  457 20:48:18    -1114.340006        0.9001
BFGS:  458 20:48:18    -1114.337605        3.4697
BFGS:  459 20:48:18    -1114.339653        3.3598
BFGS:  460 20:48:18    -1114.299611        3.7273
BFGS:  461 20:48:18    -1114.328539        2.1976
BFGS:  462 20:48:18    -1114.323296        4.1646
BFGS:  463 20:48:18    -1114.336351        1.4620
BFGS:  464 20:48:18    -1114.338886        1.1078
BFGS:  465 20:48:19    -1114.323563        4.1431
BFGS:  466 20:48:19    -1114.340002        0.9015
BFGS:  467 20:48:19    -1114.337602        3.4692
BFGS:  468 20:48:19    -1114.339659        3.3585
BFGS:  469 20:48:19    -1114.299431        3.7468
BFGS:  470 20:48:19    -1114.328489        2.2069
BFGS:  471 20:48:19    -1114.323235        4.1684
BFGS:  472 20:48:19    -1114.336334        1.4665
BFGS:  473 20:48:19    -1114.338879        1.1101
BFGS:  474 20:48:19    -1114.323504        4.1466
BFGS:  475 20:48:19    -1114.340000        0.9026
BFGS:  476 20:48:19    -1114.337596        3.4689
BFGS:  477 20:48:19    -1114.339661        3.3576
BFGS:  478 20:48:19    -1114.299267        3.7650
BFGS:  479 20:48:19    -1114.328442        2.2155
BFGS:  480 20:48:19    -1114.323167        4.1726
BFGS:  481 20:48:19    -1114.336320        1.4705
BFGS:  482 20:48:19    -1114.338875        1.1120
BFGS:  483 20:48:19    -1114.323446        4.1502
BFGS:  484 20:48:19    -1114.339999        0.9033
BFGS:  485 20:48:19    -1114.337588        3.4689
BFGS:  486 20:48:19    -1114.339660        3.3570
BFGS:  487 20:48:19    -1114.299118        3.7820
BFGS:  488 20:48:19    -1114.328399        2.2234
BFGS:  489 20:48:19    -1114.323096        4.1771
BFGS:  490 20:48:19    -1114.336307        1.4741
BFGS:  491 20:48:19    -1114.338871        1.1135
BFGS:  492 20:48:19    -1114.323391        4.1537
BFGS:  493 20:48:19    -1114.339999        0.9038
BFGS:  494 20:48:19    -1114.337578        3.4691
BFGS:  495 20:48:19    -1114.339657        3.3567
BFGS:  496 20:48:19    -1114.298981        3.7980
BFGS:  497 20:48:19    -1114.328359        2.2308
BFGS:  498 20:48:19    -1114.323021        4.1817
BFGS:  499 20:48:19    -1114.336296        1.4772
