      Step     Time          Energy         fmax
BFGS:    0 20:48:24     -708.028191      277.1365
BFGS:    1 20:48:24     -756.251499      232.4188
BFGS:    2 20:48:24     -785.675970      242.0874
BFGS:    3 20:48:25     -804.987381      240.1555
BFGS:    4 20:48:25     -823.798669      231.4555
BFGS:    5 20:48:25     -843.609401      220.7929
BFGS:    6 20:48:25     -865.858358      204.1655
BFGS:    7 20:48:25     -886.128364      188.8549
BFGS:    8 20:48:25     -905.900668      180.5589
BFGS:    9 20:48:25     -922.688603      173.1470
BFGS:   10 20:48:25     -937.507820      155.0404
BFGS:   11 20:48:25     -949.576487      147.2384
BFGS:   12 20:48:25     -959.732258      138.8763
BFGS:   13 20:48:25     -968.357891      127.4736
BFGS:   14 20:48:25     -975.036748      121.2080
BFGS:   15 20:48:25     -981.183541      115.0830
BFGS:   16 20:48:25     -986.495543      108.5254
BFGS:   17 20:48:25     -990.801342      103.2756
BFGS:   18 20:48:25     -994.541690       98.5650
BFGS:   19 20:48:25     -998.275281       93.8550
BFGS:   20 20:48:25    -1001.960049       88.7375
BFGS:   21 20:48:25    -1005.503730       84.4308
BFGS:   22 20:48:25    -1009.050952       79.6432
BFGS:   23 20:48:25    -1012.364215       75.4381
BFGS:   24 20:48:25    -1015.738878       71.2715
BFGS:   25 20:48:25    -1018.862341       66.8709
BFGS:   26 20:48:25    -1022.126273       62.4493
BFGS:   27 20:48:25    -1025.353151       57.7708
BFGS:   28 20:48:25    -1028.581253       53.5495
BFGS:   29 20:48:26    -1031.595110       49.5253
BFGS:   30 20:48:26    -1034.756494       46.4398
BFGS:   31 20:48:26    -1037.665795       43.7043
BFGS:   32 20:48:26    -1040.575928       41.0327
BFGS:   33 20:48:26    -1043.080450       39.0405
BFGS:   34 20:48:26    -1045.146421       36.4655
BFGS:   35 20:48:26    -1046.972815       33.9028
BFGS:   36 20:48:26    -1048.605923       31.9207
BFGS:   37 20:48:26    -1049.889127       29.2179
BFGS:   38 20:48:26    -1051.099964       27.2239
BFGS:   39 20:48:26    -1052.156061       24.8643
BFGS:   40 20:48:26    -1053.142889       22.6724
BFGS:   41 20:48:26    -1054.101383       20.5297
BFGS:   42 20:48:26    -1055.000081       18.3622
BFGS:   43 20:48:26    -1055.893521       16.2433
BFGS:   44 20:48:26    -1056.771907       14.2302
BFGS:   45 20:48:26    -1057.617584       12.3088
BFGS:   46 20:48:26    -1058.413679       11.3433
BFGS:   47 20:48:26    -1059.150829       12.1812
BFGS:   48 20:48:26    -1059.836727       12.9794
BFGS:   49 20:48:26    -1060.506082       13.9291
BFGS:   50 20:48:26    -1061.158191       14.7135
BFGS:   51 20:48:26    -1061.864933       15.7693
BFGS:   52 20:48:26    -1062.596989       17.8056
BFGS:   53 20:48:26    -1063.357428       19.5091
BFGS:   54 20:48:26    -1064.129245       20.6189
BFGS:   55 20:48:26    -1064.917228       21.3413
BFGS:   56 20:48:26    -1065.722350       21.8440
BFGS:   57 20:48:27    -1066.547089       22.1233
BFGS:   58 20:48:27    -1067.382988       21.8513
BFGS:   59 20:48:27    -1068.228618       21.3507
BFGS:   60 20:48:27    -1069.075002       21.0828
BFGS:   61 20:48:27    -1069.949215       21.0007
BFGS:   62 20:48:27    -1070.831892       21.1598
BFGS:   63 20:48:27    -1071.730700       21.6405
BFGS:   64 20:48:27    -1072.584467       22.1773
BFGS:   65 20:48:27    -1073.394263       22.8156
BFGS:   66 20:48:27    -1074.168775       23.2594
BFGS:   67 20:48:27    -1074.899346       23.5007
BFGS:   68 20:48:27    -1075.597101       23.6062
BFGS:   69 20:48:27    -1076.283433       23.5483
BFGS:   70 20:48:27    -1076.983439       23.3952
BFGS:   71 20:48:27    -1077.702581       22.9772
BFGS:   72 20:48:27    -1078.463095       22.5942
BFGS:   73 20:48:27    -1079.295095       21.5457
BFGS:   74 20:48:27    -1080.180223       20.9351
BFGS:   75 20:48:27    -1081.164698       19.4477
BFGS:   76 20:48:27    -1082.207633       18.2955
BFGS:   77 20:48:27    -1083.309996       17.1083
BFGS:   78 20:48:27    -1084.384004       16.8866
BFGS:   79 20:48:27    -1085.432824       16.1287
BFGS:   80 20:48:27    -1086.446698       15.1807
BFGS:   81 20:48:27    -1087.284145       13.6024
BFGS:   82 20:48:27    -1087.944710       11.6370
BFGS:   83 20:48:27    -1088.514844        7.3255
BFGS:   84 20:48:27    -1088.874626        5.1346
BFGS:   85 20:48:27    -1089.371158        5.3027
BFGS:   86 20:48:27    -1089.791144        5.6858
BFGS:   87 20:48:27    -1090.137411        5.8159
BFGS:   88 20:48:27    -1090.429492        5.0973
BFGS:   89 20:48:28    -1090.692710        3.9778
BFGS:   90 20:48:28    -1090.918593        3.5373
BFGS:   91 20:48:28    -1091.143961        3.6325
BFGS:   92 20:48:28    -1091.351801        3.2102
BFGS:   93 20:48:28    -1091.557963        3.8817
BFGS:   94 20:48:28    -1091.815355        4.2965
BFGS:   95 20:48:28    -1092.047787        4.2861
BFGS:   96 20:48:28    -1092.262310        3.4839
BFGS:   97 20:48:28    -1092.376399        3.3499
BFGS:   98 20:48:28    -1092.455217        3.2718
BFGS:   99 20:48:28    -1092.516311        3.1787
BFGS:  100 20:48:28    -1092.606527        3.4322
BFGS:  101 20:48:28    -1092.718366        3.2365
BFGS:  102 20:48:28    -1092.809732        3.4569
BFGS:  103 20:48:28    -1092.902685        3.9478
BFGS:  104 20:48:28    -1092.989140        4.3344
BFGS:  105 20:48:28    -1093.053757        4.1595
BFGS:  106 20:48:28    -1093.101917        4.1644
BFGS:  107 20:48:28    -1093.154299        3.9971
BFGS:  108 20:48:28    -1093.222519        4.0014
BFGS:  109 20:48:28    -1093.309900        3.6423
BFGS:  110 20:48:28    -1093.382316        3.7279
BFGS:  111 20:48:28    -1093.459821        3.5070
BFGS:  112 20:48:28    -1093.516636        3.4585
BFGS:  113 20:48:28    -1093.564120        3.3172
BFGS:  114 20:48:28    -1093.598274        3.2046
BFGS:  115 20:48:28    -1093.641137        2.9743
BFGS:  116 20:48:28    -1093.680056        2.7288
BFGS:  117 20:48:28    -1093.716751        2.3273
BFGS:  118 20:48:28    -1093.748088        2.0205
BFGS:  119 20:48:28    -1093.783743        1.8854
BFGS:  120 20:48:28    -1093.822010        2.0011
BFGS:  121 20:48:28    -1093.865628        2.1413
BFGS:  122 20:48:28    -1093.913726        2.2421
BFGS:  123 20:48:28    -1093.971147        2.2478
BFGS:  124 20:48:29    -1094.015028        2.2921
BFGS:  125 20:48:29    -1094.066842        1.6357
BFGS:  126 20:48:29    -1094.131667        1.5906
BFGS:  127 20:48:29    -1094.178814        1.7920
BFGS:  128 20:48:29    -1094.211588        2.0240
BFGS:  129 20:48:29    -1094.241323        2.1967
BFGS:  130 20:48:29    -1094.270174        2.3438
BFGS:  131 20:48:29    -1094.299421        2.4746
BFGS:  132 20:48:29    -1094.329850        2.5832
BFGS:  133 20:48:29    -1094.361888        2.5357
BFGS:  134 20:48:29    -1094.398524        2.6420
BFGS:  135 20:48:29    -1094.435827        2.6692
BFGS:  136 20:48:29    -1094.466900        2.6424
BFGS:  137 20:48:29    -1094.514452        2.3366
BFGS:  138 20:48:29    -1094.545772        2.2658
BFGS:  139 20:48:29    -1094.606509        2.8320
BFGS:  140 20:48:29    -1094.692004        2.9219
BFGS:  141 20:48:29    -1094.803836        1.9808
BFGS:  142 20:48:29    -1094.921340        2.3213
BFGS:  143 20:48:29    -1095.025900        2.2464
BFGS:  144 20:48:29    -1095.134018        2.1987
BFGS:  145 20:48:29    -1095.236660        2.0709
BFGS:  146 20:48:29    -1095.331319        2.1265
BFGS:  147 20:48:29    -1095.404165        2.2394
BFGS:  148 20:48:29    -1095.474350        2.7102
BFGS:  149 20:48:29    -1095.511077        2.8995
BFGS:  150 20:48:29    -1095.584558        3.2070
BFGS:  151 20:48:29    -1095.668999        3.1486
BFGS:  152 20:48:29    -1095.764120        3.2171
BFGS:  153 20:48:29    -1095.856274        3.3274
BFGS:  154 20:48:29    -1095.955867        3.3902
BFGS:  155 20:48:29    -1096.067249        3.3679
BFGS:  156 20:48:29    -1096.134047        3.0109
BFGS:  157 20:48:29    -1096.210210        2.5732
BFGS:  158 20:48:29    -1096.268755        2.6724
BFGS:  159 20:48:30    -1096.361754        3.1123
BFGS:  160 20:48:30    -1096.444535        2.8361
BFGS:  161 20:48:30    -1096.534940        2.8623
BFGS:  162 20:48:30    -1096.645564        2.9409
BFGS:  163 20:48:30    -1096.751273        2.8442
BFGS:  164 20:48:30    -1096.809137        2.6058
BFGS:  165 20:48:30    -1096.843505        2.3687
BFGS:  166 20:48:30    -1096.862387        2.1942
BFGS:  167 20:48:30    -1096.875833        1.9120
BFGS:  168 20:48:30    -1096.887605        1.7802
BFGS:  169 20:48:30    -1096.897934        1.8515
BFGS:  170 20:48:30    -1096.905414        1.8248
BFGS:  171 20:48:30    -1096.911804        1.8415
BFGS:  172 20:48:30    -1096.922473        1.6777
BFGS:  173 20:48:30    -1096.949708        1.8639
BFGS:  174 20:48:30    -1096.888287        1.7127
BFGS:  175 20:48:30    -1096.930941        1.6000
BFGS:  176 20:48:30    -1096.965073        1.4632
BFGS:  177 20:48:30    -1096.965438        1.6137
BFGS:  178 20:48:30    -1096.980580        1.7275
BFGS:  179 20:48:30    -1096.929638        1.3378
BFGS:  180 20:48:30    -1096.976724        1.2275
BFGS:  181 20:48:30    -1096.945551        1.5949
BFGS:  182 20:48:30    -1096.983437        1.6402
BFGS:  183 20:48:30    -1096.940098        1.1650
BFGS:  184 20:48:30    -1096.987348        1.3090
BFGS:  185 20:48:30    -1096.945425        1.5974
BFGS:  186 20:48:30    -1096.980313        1.5053
BFGS:  187 20:48:30    -1096.951794        1.1190
BFGS:  188 20:48:30    -1097.001837        1.4787
BFGS:  189 20:48:30    -1096.941785        1.6047
BFGS:  190 20:48:30    -1096.975034        1.3616
BFGS:  191 20:48:30    -1096.963335        1.1135
BFGS:  192 20:48:30    -1097.005941        1.6657
BFGS:  193 20:48:30    -1096.992813        1.3796
BFGS:  194 20:48:31    -1097.005587        1.5181
BFGS:  195 20:48:31    -1096.948714        1.5659
BFGS:  196 20:48:31    -1096.977228        1.2581
BFGS:  197 20:48:31    -1096.970354        1.1790
BFGS:  198 20:48:31    -1097.004190        1.5392
BFGS:  199 20:48:31    -1097.001610        1.4842
BFGS:  200 20:48:31    -1097.012077        1.6298
BFGS:  201 20:48:31    -1097.009926        1.5716
BFGS:  202 20:48:31    -1097.013696        1.6139
BFGS:  203 20:48:31    -1096.967445        1.5344
BFGS:  204 20:48:31    -1096.983221        1.1942
BFGS:  205 20:48:31    -1097.003070        1.2009
BFGS:  206 20:48:31    -1096.932579        1.2044
BFGS:  207 20:48:31    -1097.002732        1.6666
BFGS:  208 20:48:31    -1096.971842        1.5509
BFGS:  209 20:48:31    -1096.987961        1.0206
BFGS:  210 20:48:31    -1097.009297        1.2886
BFGS:  211 20:48:31    -1096.924674        1.0700
BFGS:  212 20:48:31    -1096.983486        1.4221
BFGS:  213 20:48:31    -1096.982251        1.3413
BFGS:  214 20:48:31    -1096.994001        1.0434
BFGS:  215 20:48:31    -1096.975845        1.4815
BFGS:  216 20:48:31    -1097.004701        1.1188
BFGS:  217 20:48:31    -1097.012894        1.2916
BFGS:  218 20:48:31    -1096.932374        1.0105
BFGS:  219 20:48:31    -1096.981892        1.3872
BFGS:  220 20:48:31    -1096.983570        1.2770
BFGS:  221 20:48:31    -1096.998652        1.0091
BFGS:  222 20:48:31    -1096.949783        1.0576
BFGS:  223 20:48:31    -1097.017685        1.3689
BFGS:  224 20:48:31    -1096.989091        1.4833
BFGS:  225 20:48:31    -1097.007896        1.7031
BFGS:  226 20:48:31    -1096.978204        1.3970
BFGS:  227 20:48:31    -1096.992225        1.0706
BFGS:  228 20:48:31    -1096.983158        1.4983
BFGS:  229 20:48:32    -1097.003846        1.0353
BFGS:  230 20:48:32    -1097.013152        1.1943
BFGS:  231 20:48:32    -1096.941769        1.0947
BFGS:  232 20:48:32    -1096.991774        1.5356
BFGS:  233 20:48:32    -1096.987282        1.2306
BFGS:  234 20:48:32    -1097.000259        0.9844
BFGS:  235 20:48:32    -1096.964603        1.2911
BFGS:  236 20:48:32    -1097.016580        1.2408
BFGS:  237 20:48:32    -1097.002528        1.6820
BFGS:  238 20:48:32    -1097.020049        1.8646
BFGS:  239 20:48:32    -1096.976269        1.4793
BFGS:  240 20:48:32    -1096.991631        1.1108
BFGS:  241 20:48:32    -1096.995432        1.6622
BFGS:  242 20:48:32    -1097.002373        0.9300
BFGS:  243 20:48:32    -1097.010299        1.0477
BFGS:  244 20:48:32    -1096.952354        1.2484
BFGS:  245 20:48:32    -1097.008091        1.7669
BFGS:  246 20:48:32    -1096.984430        1.2732
BFGS:  247 20:48:32    -1096.996673        0.9593
BFGS:  248 20:48:32    -1096.982182        1.5376
BFGS:  249 20:48:32    -1097.008772        0.9908
BFGS:  250 20:48:32    -1097.019632        1.1896
BFGS:  251 20:48:32    -1096.940118        1.2810
BFGS:  252 20:48:32    -1096.988682        1.5592
BFGS:  253 20:48:32    -1096.993834        1.0239
BFGS:  254 20:48:32    -1097.006401        0.9656
BFGS:  255 20:48:32    -1096.958912        1.4043
BFGS:  256 20:48:32    -1097.018858        1.8616
BFGS:  257 20:48:32    -1096.957407        1.3832
BFGS:  258 20:48:32    -1096.992072        0.9399
BFGS:  259 20:48:32    -1096.956153        1.5319
BFGS:  260 20:48:32    -1097.013071        1.1037
BFGS:  261 20:48:32    -1097.021001        1.9016
BFGS:  262 20:48:32    -1097.017386        1.1648
BFGS:  263 20:48:33    -1097.020109        1.2048
BFGS:  264 20:48:33    -1096.913498        1.7295
BFGS:  265 20:48:33    -1096.999384        1.7420
BFGS:  266 20:48:33    -1096.974659        1.1828
BFGS:  267 20:48:33    -1097.000608        0.9545
BFGS:  268 20:48:33    -1096.955136        1.5832
BFGS:  269 20:48:33    -1097.021305        1.2205
BFGS:  270 20:48:33    -1097.006784        1.7872
BFGS:  271 20:48:33    -1097.022532        1.9045
BFGS:  272 20:48:33    -1096.960295        1.4186
BFGS:  273 20:48:33    -1096.991245        0.9699
BFGS:  274 20:48:33    -1096.975785        1.6182
BFGS:  275 20:48:33    -1097.012784        1.0861
BFGS:  276 20:48:33    -1097.024801        1.9191
BFGS:  277 20:48:33    -1097.017611        1.1486
BFGS:  278 20:48:33    -1097.020586        1.1874
BFGS:  279 20:48:33    -1096.923083        1.7735
BFGS:  280 20:48:33    -1097.004646        1.7842
BFGS:  281 20:48:33    -1096.976636        1.1795
BFGS:  282 20:48:33    -1097.001671        0.9610
BFGS:  283 20:48:33    -1096.961646        1.6456
BFGS:  284 20:48:33    -1097.021834        1.1963
BFGS:  285 20:48:33    -1097.011607        1.8289
BFGS:  286 20:48:33    -1097.026414        1.9349
BFGS:  287 20:48:33    -1096.961651        1.3938
BFGS:  288 20:48:33    -1096.992079        0.9656
BFGS:  289 20:48:33    -1096.979060        1.6701
BFGS:  290 20:48:33    -1097.013263        1.0673
BFGS:  291 20:48:33    -1097.025584        1.2308
BFGS:  292 20:48:33    -1096.897834        1.8936
BFGS:  293 20:48:33    -1097.002636        1.7952
BFGS:  294 20:48:33    -1096.965090        1.2860
BFGS:  295 20:48:33    -1097.011286        1.0599
BFGS:  296 20:48:33    -1096.993376        1.7839
BFGS:  297 20:48:33    -1097.021827        1.1731
BFGS:  298 20:48:34    -1097.026863        1.2310
BFGS:  299 20:48:34    -1096.932382        1.8254
BFGS:  300 20:48:34    -1097.009237        1.8574
BFGS:  301 20:48:34    -1096.974427        1.1641
BFGS:  302 20:48:34    -1097.014586        1.1107
BFGS:  303 20:48:34    -1097.001495        1.8504
BFGS:  304 20:48:34    -1097.023033        1.1856
BFGS:  305 20:48:34    -1097.026992        1.9591
BFGS:  306 20:48:34    -1097.024688        1.1949
BFGS:  307 20:48:34    -1097.025993        1.1992
BFGS:  308 20:48:34    -1096.979156        1.8701
BFGS:  309 20:48:34    -1097.017132        1.9132
BFGS:  310 20:48:34    -1096.955163        1.7820
BFGS:  311 20:48:34    -1097.011739        1.0750
BFGS:  312 20:48:34    -1097.009834        1.9186
BFGS:  313 20:48:34    -1097.021466        1.1374
BFGS:  314 20:48:34    -1097.026241        1.1966
BFGS:  315 20:48:34    -1096.919662        1.8679
BFGS:  316 20:48:34    -1097.005880        1.8225
BFGS:  317 20:48:34    -1096.978694        1.2148
BFGS:  318 20:48:34    -1097.009643        1.0107
BFGS:  319 20:48:34    -1096.954643        1.6631
BFGS:  320 20:48:34    -1097.027770        1.2257
BFGS:  321 20:48:34    -1097.010387        1.8376
BFGS:  322 20:48:34    -1097.023407        1.9262
BFGS:  323 20:48:34    -1096.969356        1.2295
BFGS:  324 20:48:34    -1096.999630        0.9259
BFGS:  325 20:48:34    -1096.977723        1.6756
BFGS:  326 20:48:34    -1097.019545        1.1136
BFGS:  327 20:48:34    -1097.024326        1.9259
BFGS:  328 20:48:34    -1097.023670        1.1673
BFGS:  329 20:48:34    -1097.026501        1.2044
BFGS:  330 20:48:34    -1096.923461        1.9072
BFGS:  331 20:48:34    -1097.006390        1.8237
BFGS:  332 20:48:34    -1096.982773        1.0667
BFGS:  333 20:48:35    -1097.008533        1.0023
BFGS:  334 20:48:35    -1096.964558        1.7658
BFGS:  335 20:48:35    -1097.027744        1.2189
BFGS:  336 20:48:35    -1097.012230        1.8613
BFGS:  337 20:48:35    -1097.024832        1.9378
BFGS:  338 20:48:35    -1096.974603        1.2185
BFGS:  339 20:48:35    -1096.999756        0.9362
BFGS:  340 20:48:35    -1096.986979        1.7767
BFGS:  341 20:48:35    -1097.019650        1.1105
BFGS:  342 20:48:35    -1097.026693        1.9555
BFGS:  343 20:48:35    -1097.024121        1.1541
BFGS:  344 20:48:35    -1097.026834        1.1809
BFGS:  345 20:48:35    -1096.941201        1.8978
BFGS:  346 20:48:35    -1097.008578        1.8665
BFGS:  347 20:48:35    -1096.989895        1.0110
BFGS:  348 20:48:35    -1097.011086        1.0219
BFGS:  349 20:48:35    -1096.973256        1.7918
BFGS:  350 20:48:35    -1097.028896        1.1962
BFGS:  351 20:48:35    -1097.013065        1.8897
BFGS:  352 20:48:35    -1097.025211        1.9597
BFGS:  353 20:48:35    -1096.978559        1.1605
BFGS:  354 20:48:35    -1097.002378        0.9546
BFGS:  355 20:48:35    -1096.988747        1.7890
BFGS:  356 20:48:35    -1097.021239        1.1009
BFGS:  357 20:48:35    -1097.026440        1.9689
BFGS:  358 20:48:35    -1097.025438        1.1433
BFGS:  359 20:48:35    -1097.028029        1.1705
BFGS:  360 20:48:35    -1096.940526        1.9063
BFGS:  361 20:48:35    -1097.008188        1.8757
BFGS:  362 20:48:35    -1096.991573        0.9870
BFGS:  363 20:48:35    -1097.012242        1.0129
BFGS:  364 20:48:35    -1096.973401        1.8041
BFGS:  365 20:48:35    -1097.029814        1.1870
BFGS:  366 20:48:35    -1097.013060        1.9007
BFGS:  367 20:48:35    -1097.025147        1.9697
BFGS:  368 20:48:36    -1096.980715        1.1347
BFGS:  369 20:48:36    -1097.003535        0.9484
BFGS:  370 20:48:36    -1096.989846        1.8060
BFGS:  371 20:48:36    -1097.022086        1.0936
BFGS:  372 20:48:36    -1097.026649        1.9805
BFGS:  373 20:48:36    -1097.026240        1.1342
BFGS:  374 20:48:36    -1097.028796        1.1602
BFGS:  375 20:48:36    -1096.943081        1.9054
BFGS:  376 20:48:36    -1097.008534        1.8896
BFGS:  377 20:48:36    -1096.993418        0.9643
BFGS:  378 20:48:36    -1097.013471        1.0100
BFGS:  379 20:48:36    -1096.974573        1.8134
BFGS:  380 20:48:36    -1097.030637        1.1772
BFGS:  381 20:48:36    -1097.013264        1.9126
BFGS:  382 20:48:36    -1097.025173        1.9800
BFGS:  383 20:48:36    -1096.982544        1.1102
BFGS:  384 20:48:36    -1097.004813        0.9459
BFGS:  385 20:48:36    -1096.990475        1.8163
BFGS:  386 20:48:36    -1097.022975        1.0872
BFGS:  387 20:48:36    -1097.026709        1.9899
BFGS:  388 20:48:36    -1097.027020        1.1269
BFGS:  389 20:48:36    -1097.029524        1.1523
BFGS:  390 20:48:36    -1096.944511        1.9039
BFGS:  391 20:48:36    -1097.008676        1.8992
BFGS:  392 20:48:36    -1096.994905        0.9464
BFGS:  393 20:48:36    -1097.014481        1.0059
BFGS:  394 20:48:36    -1096.975356        1.8204
BFGS:  395 20:48:36    -1097.031334        1.1697
BFGS:  396 20:48:36    -1097.013421        1.9217
BFGS:  397 20:48:36    -1097.025198        1.9882
BFGS:  398 20:48:36    -1096.984173        1.0902
BFGS:  399 20:48:36    -1097.005860        0.9419
BFGS:  400 20:48:36    -1096.991163        1.8256
BFGS:  401 20:48:36    -1097.023684        1.0815
BFGS:  402 20:48:36    -1097.026854        1.9983
BFGS:  403 20:48:37    -1097.027649        1.1204
BFGS:  404 20:48:37    -1097.030110        1.1453
BFGS:  405 20:48:37    -1096.946095        1.9002
BFGS:  406 20:48:37    -1097.008926        1.9076
BFGS:  407 20:48:37    -1096.996228        0.9299
BFGS:  408 20:48:37    -1097.015349        1.0020
BFGS:  409 20:48:37    -1096.976227        1.8254
BFGS:  410 20:48:37    -1097.031642        2.0308
BFGS:  411 20:48:37    -1096.981547        1.1381
BFGS:  412 20:48:37    -1097.003293        0.9222
BFGS:  413 20:48:37    -1096.998207        1.8603
BFGS:  414 20:48:37    -1097.021228        1.0488
BFGS:  415 20:48:37    -1097.031830        1.1577
BFGS:  416 20:48:37    -1096.943645        1.8985
BFGS:  417 20:48:37    -1097.006779        1.8992
BFGS:  418 20:48:37    -1096.998359        0.9246
BFGS:  419 20:48:37    -1097.016904        1.0079
BFGS:  420 20:48:37    -1096.974430        1.8222
BFGS:  421 20:48:37    -1097.030124        2.0249
BFGS:  422 20:48:37    -1096.983492        1.1097
BFGS:  423 20:48:37    -1097.004613        0.9233
BFGS:  424 20:48:37    -1096.997005        1.8564
BFGS:  425 20:48:37    -1097.022152        1.0514
BFGS:  426 20:48:37    -1097.031211        2.0340
BFGS:  427 20:48:37    -1097.026057        1.0889
BFGS:  428 20:48:37    -1097.028476        1.1131
BFGS:  429 20:48:37    -1096.953450        1.8828
BFGS:  430 20:48:37    -1097.013241        1.9377
BFGS:  431 20:48:37    -1096.995743        0.9418
BFGS:  432 20:48:37    -1097.014440        0.9804
BFGS:  433 20:48:37    -1096.981439        1.8382
BFGS:  434 20:48:37    -1097.030699        1.1346
BFGS:  435 20:48:37    -1097.017445        1.9586
BFGS:  436 20:48:37    -1097.028855        2.0258
BFGS:  437 20:48:38    -1096.985477        1.0763
BFGS:  438 20:48:38    -1097.006201        0.9222
BFGS:  439 20:48:38    -1096.996100        1.8540
BFGS:  440 20:48:38    -1097.023330        1.0522
BFGS:  441 20:48:38    -1097.030420        2.0344
BFGS:  442 20:48:38    -1097.027109        1.0892
BFGS:  443 20:48:38    -1097.029472        1.1132
BFGS:  444 20:48:38    -1096.953017        1.8841
BFGS:  445 20:48:38    -1097.012635        1.9398
BFGS:  446 20:48:38    -1096.997168        0.9210
BFGS:  447 20:48:38    -1097.015452        0.9792
BFGS:  448 20:48:38    -1096.981246        1.8412
BFGS:  449 20:48:38    -1097.031403        1.1323
BFGS:  450 20:48:38    -1097.017175        1.9621
BFGS:  451 20:48:38    -1097.028519        2.0288
BFGS:  452 20:48:38    -1096.986872        1.0575
BFGS:  453 20:48:38    -1097.007104        0.9187
BFGS:  454 20:48:38    -1096.996253        1.8591
BFGS:  455 20:48:38    -1097.023934        1.0492
BFGS:  456 20:48:38    -1097.030376        2.0389
BFGS:  457 20:48:38    -1097.027644        1.0858
BFGS:  458 20:48:38    -1097.029970        1.1096
BFGS:  459 20:48:38    -1096.953813        1.8821
BFGS:  460 20:48:38    -1097.012749        1.9447
BFGS:  461 20:48:38    -1096.998157        0.9075
BFGS:  462 20:48:38    -1097.016084        0.9761
BFGS:  463 20:48:38    -1096.981785        1.8442
BFGS:  464 20:48:38    -1097.031777        1.1278
BFGS:  465 20:48:38    -1097.017414        1.9675
BFGS:  466 20:48:38    -1097.028670        2.0340
BFGS:  467 20:48:38    -1096.987871        1.0442
BFGS:  468 20:48:38    -1097.007711        0.9144
BFGS:  469 20:48:38    -1096.996827        1.8643
BFGS:  470 20:48:38    -1097.024283        1.0447
BFGS:  471 20:48:38    -1097.030688        2.0448
BFGS:  472 20:48:39    -1097.027930        1.0811
BFGS:  473 20:48:39    -1097.030224        1.1047
BFGS:  474 20:48:39    -1096.954984        1.8780
BFGS:  475 20:48:39    -1097.013169        1.9502
BFGS:  476 20:48:39    -1096.998873        0.9010
BFGS:  477 20:48:39    -1097.016498        0.9719
BFGS:  478 20:48:39    -1096.982605        1.8467
BFGS:  479 20:48:39    -1097.031975        1.1225
BFGS:  480 20:48:39    -1097.017886        1.9733
BFGS:  481 20:48:39    -1097.029055        2.0399
BFGS:  482 20:48:39    -1096.988642        1.0343
BFGS:  483 20:48:39    -1097.008141        0.9096
BFGS:  484 20:48:39    -1096.997610        1.8694
BFGS:  485 20:48:39    -1097.024486        1.0396
BFGS:  486 20:48:39    -1097.031181        2.0512
BFGS:  487 20:48:39    -1097.028079        1.0758
BFGS:  488 20:48:39    -1097.030344        1.0992
BFGS:  489 20:48:39    -1096.956339        1.8733
BFGS:  490 20:48:39    -1097.013750        1.9557
BFGS:  491 20:48:39    -1096.999427        0.8958
BFGS:  492 20:48:39    -1097.016786        0.9673
BFGS:  493 20:48:39    -1096.983564        1.8490
BFGS:  494 20:48:39    -1097.032072        1.1171
BFGS:  495 20:48:39    -1097.018481        1.9792
BFGS:  496 20:48:39    -1097.029564        2.0459
BFGS:  497 20:48:39    -1096.989268        1.0264
BFGS:  498 20:48:39    -1097.008463        0.9047
BFGS:  499 20:48:39    -1096.998488        1.8743
