      Step     Time          Energy         fmax
BFGS:    0 20:46:40     -800.397988      144.4069
BFGS:    1 20:46:40     -838.864494      127.3825
BFGS:    2 20:46:40     -861.338755      119.6124
BFGS:    3 20:46:40     -882.601476      111.9229
BFGS:    4 20:46:40     -900.614972      106.9869
BFGS:    5 20:46:40     -915.755228      102.3189
BFGS:    6 20:46:40     -929.566610       96.5821
BFGS:    7 20:46:40     -940.523163       92.0598
BFGS:    8 20:46:40     -951.167567       85.6357
BFGS:    9 20:46:40     -963.372737       80.0867
BFGS:   10 20:46:40     -974.801987       72.8043
BFGS:   11 20:46:40     -985.853678       67.4292
BFGS:   12 20:46:40     -995.549936       61.4064
BFGS:   13 20:46:40    -1003.605125       58.2013
BFGS:   14 20:46:40    -1011.224646       55.5661
BFGS:   15 20:46:40    -1017.713044       53.2934
BFGS:   16 20:46:40    -1023.065702       52.0949
BFGS:   17 20:46:41    -1027.440887       50.3647
BFGS:   18 20:46:41    -1031.525614       48.9600
BFGS:   19 20:46:41    -1035.270502       47.1817
BFGS:   20 20:46:41    -1038.932959       44.5237
BFGS:   21 20:46:41    -1043.010122       41.4156
BFGS:   22 20:46:41    -1047.344261       38.0892
BFGS:   23 20:46:41    -1050.879418       36.2284
BFGS:   24 20:46:41    -1053.928565       34.4762
BFGS:   25 20:46:41    -1057.005202       32.1913
BFGS:   26 20:46:41    -1060.118384       29.5867
BFGS:   27 20:46:41    -1063.045903       27.0125
BFGS:   28 20:46:41    -1065.524117       24.5145
BFGS:   29 20:46:41    -1068.472402       21.1758
BFGS:   30 20:46:41    -1070.792465       18.4203
BFGS:   31 20:46:41    -1072.705757       17.3476
BFGS:   32 20:46:41    -1074.502971       16.3846
BFGS:   33 20:46:41    -1076.189591       15.0074
BFGS:   34 20:46:41    -1077.892406       13.2672
BFGS:   35 20:46:41    -1079.273776       12.8012
BFGS:   36 20:46:41    -1080.413692       12.3159
BFGS:   37 20:46:41    -1081.398641       11.8000
BFGS:   38 20:46:41    -1082.270436       11.3823
BFGS:   39 20:46:41    -1083.057918       11.0481
BFGS:   40 20:46:41    -1083.777723       10.7851
BFGS:   41 20:46:41    -1084.459480       10.5375
BFGS:   42 20:46:41    -1085.101857       10.2538
BFGS:   43 20:46:41    -1085.732720        9.8701
BFGS:   44 20:46:41    -1086.322307        9.4051
BFGS:   45 20:46:41    -1086.888842        8.7853
BFGS:   46 20:46:42    -1087.398739        8.0679
BFGS:   47 20:46:42    -1087.861279        7.1707
BFGS:   48 20:46:42    -1088.258118        6.0586
BFGS:   49 20:46:42    -1088.586749        4.9003
BFGS:   50 20:46:42    -1088.852498        4.2441
BFGS:   51 20:46:42    -1089.074011        4.2844
BFGS:   52 20:46:42    -1089.279377        4.0211
BFGS:   53 20:46:42    -1089.483912        3.7475
BFGS:   54 20:46:42    -1089.693028        4.2545
BFGS:   55 20:46:42    -1089.899584        5.8204
BFGS:   56 20:46:42    -1090.135731        7.2513
BFGS:   57 20:46:42    -1090.450640        7.7722
BFGS:   58 20:46:42    -1090.786225        7.7573
BFGS:   59 20:46:42    -1091.108540        7.0570
BFGS:   60 20:46:42    -1091.431959        5.2173
BFGS:   61 20:46:42    -1091.803668        4.2673
BFGS:   62 20:46:42    -1092.048441        3.1802
BFGS:   63 20:46:42    -1092.161639        2.6793
BFGS:   64 20:46:42    -1092.257859        2.8294
BFGS:   65 20:46:42    -1092.359757        2.4560
BFGS:   66 20:46:42    -1092.475308        1.9792
BFGS:   67 20:46:42    -1092.556723        2.9744
BFGS:   68 20:46:42    -1092.626601        2.7545
BFGS:   69 20:46:42    -1092.730687        2.1216
BFGS:   70 20:46:42    -1092.812430        1.6062
BFGS:   71 20:46:42    -1092.886638        1.2330
BFGS:   72 20:46:42    -1092.921835        1.0562
BFGS:   73 20:46:42    -1092.938228        1.2215
BFGS:   74 20:46:42    -1092.949168        1.1832
BFGS:   75 20:46:42    -1092.959440        0.9805
BFGS:   76 20:46:43    -1092.978705        1.1386
BFGS:   77 20:46:43    -1092.999693        1.4763
BFGS:   78 20:46:43    -1093.022436        1.1167
BFGS:   79 20:46:43    -1093.049877        0.6693
BFGS:   80 20:46:43    -1093.060115        0.6292
BFGS:   81 20:46:43    -1093.074894        0.6199
BFGS:   82 20:46:43    -1093.094810        0.6925
BFGS:   83 20:46:43    -1093.113496        0.9142
BFGS:   84 20:46:43    -1093.137002        0.9328
BFGS:   85 20:46:43    -1093.162466        0.7302
BFGS:   86 20:46:43    -1093.172056        0.8016
BFGS:   87 20:46:43    -1093.182912        0.6342
BFGS:   88 20:46:43    -1093.192216        0.6433
BFGS:   89 20:46:43    -1093.203528        0.7199
BFGS:   90 20:46:43    -1093.214990        0.7636
BFGS:   91 20:46:43    -1093.226916        0.6118
BFGS:   92 20:46:43    -1093.249231        0.8866
BFGS:   93 20:46:43    -1093.282969        1.3025
BFGS:   94 20:46:43    -1093.363167        1.7978
BFGS:   95 20:46:43    -1093.418669        2.8596
BFGS:   96 20:46:43    -1093.505916        2.3132
BFGS:   97 20:46:43    -1093.647275        1.9297
BFGS:   98 20:46:43    -1093.738345        1.7570
BFGS:   99 20:46:43    -1093.805010        1.6916
BFGS:  100 20:46:43    -1093.885760        1.7486
BFGS:  101 20:46:43    -1093.973865        1.4632
BFGS:  102 20:46:43    -1094.072038        1.9107
BFGS:  103 20:46:43    -1094.189652        2.4942
BFGS:  104 20:46:43    -1094.334746        3.1835
BFGS:  105 20:46:43    -1094.422928        2.5759
BFGS:  106 20:46:44    -1094.596161        1.6647
BFGS:  107 20:46:44    -1094.795644        2.3681
BFGS:  108 20:46:44    -1094.989496        2.1987
BFGS:  109 20:46:44    -1095.134199        2.0204
BFGS:  110 20:46:44    -1095.239766        2.5329
BFGS:  111 20:46:44    -1095.292090        1.9016
BFGS:  112 20:46:44    -1095.358976        1.2054
BFGS:  113 20:46:44    -1095.395134        0.9019
BFGS:  114 20:46:44    -1095.416009        0.8447
BFGS:  115 20:46:44    -1095.432021        0.7193
BFGS:  116 20:46:44    -1095.438794        0.8317
BFGS:  117 20:46:44    -1095.445056        0.8618
BFGS:  118 20:46:44    -1095.452370        0.7711
BFGS:  119 20:46:44    -1095.459474        0.7103
BFGS:  120 20:46:44    -1095.465603        0.5885
BFGS:  121 20:46:44    -1095.470459        0.4026
BFGS:  122 20:46:44    -1095.472276        0.3285
BFGS:  123 20:46:44    -1095.473609        0.3534
BFGS:  124 20:46:44    -1095.474881        0.3653
BFGS:  125 20:46:44    -1095.477368        0.3179
BFGS:  126 20:46:44    -1095.480180        0.3384
BFGS:  127 20:46:44    -1095.482046        0.3180
BFGS:  128 20:46:44    -1095.483066        0.2596
BFGS:  129 20:46:44    -1095.483734        0.2072
BFGS:  130 20:46:44    -1095.484426        0.2467
BFGS:  131 20:46:44    -1095.485311        0.2172
BFGS:  132 20:46:44    -1095.486135        0.2144
BFGS:  133 20:46:44    -1095.486954        0.2998
BFGS:  134 20:46:44    -1095.487968        0.3615
BFGS:  135 20:46:44    -1095.489640        0.4062
BFGS:  136 20:46:45    -1095.492834        0.4550
BFGS:  137 20:46:45    -1095.496310        0.7125
BFGS:  138 20:46:45    -1095.501804        0.7633
BFGS:  139 20:46:45    -1095.510575        0.4618
BFGS:  140 20:46:45    -1095.514930        0.8830
BFGS:  141 20:46:45    -1095.526742        0.7391
BFGS:  142 20:46:45    -1095.557001        1.1266
BFGS:  143 20:46:45    -1095.578754        1.7191
BFGS:  144 20:46:45    -1095.533985        2.6014
BFGS:  145 20:46:45    -1095.612524        1.6214
BFGS:  146 20:46:45    -1095.625498        2.1595
BFGS:  147 20:46:45    -1095.668936        1.8052
BFGS:  148 20:46:45    -1095.748144        1.5279
BFGS:  149 20:46:45    -1095.783339        1.5664
BFGS:  150 20:46:45    -1095.804730        1.9029
BFGS:  151 20:46:45    -1095.827241        1.0927
BFGS:  152 20:46:45    -1095.841624        0.8884
BFGS:  153 20:46:45    -1095.857125        0.7257
BFGS:  154 20:46:45    -1095.862885        0.4443
BFGS:  155 20:46:45    -1095.866674        0.2346
BFGS:  156 20:46:45    -1095.868331        0.1362
BFGS:  157 20:46:45    -1095.868799        0.1019
BFGS:  158 20:46:45    -1095.869143        0.0826
