      Step     Time          Energy         fmax
BFGS:    0 20:48:07     -826.678110      152.1162
BFGS:    1 20:48:07     -860.481598      123.6123
BFGS:    2 20:48:07     -876.018038      121.3972
BFGS:    3 20:48:07     -894.120348      114.4673
BFGS:    4 20:48:07     -907.858077      108.3113
BFGS:    5 20:48:07     -918.811631      102.5788
BFGS:    6 20:48:07     -928.762215       96.1621
BFGS:    7 20:48:07     -938.161845       89.5936
BFGS:    8 20:48:07     -948.474857       80.3121
BFGS:    9 20:48:07     -958.197214       76.1002
BFGS:   10 20:48:08     -965.816844       72.7292
BFGS:   11 20:48:08     -972.675279       69.5387
BFGS:   12 20:48:08     -979.912902       66.4629
BFGS:   13 20:48:08     -987.909387       60.3416
BFGS:   14 20:48:08     -994.862541       57.2708
BFGS:   15 20:48:08    -1000.339266       53.4136
BFGS:   16 20:48:08    -1005.929829       47.6177
BFGS:   17 20:48:08    -1010.539193       48.7202
BFGS:   18 20:48:08    -1014.887811       46.8209
BFGS:   19 20:48:08    -1018.191821       40.7247
BFGS:   20 20:48:08    -1021.293832       38.3961
BFGS:   21 20:48:08    -1023.854107       37.4438
BFGS:   22 20:48:08    -1026.093186       35.5263
BFGS:   23 20:48:08    -1028.076004       36.7802
BFGS:   24 20:48:08    -1029.996361       34.9852
BFGS:   25 20:48:08    -1032.027261       36.0928
BFGS:   26 20:48:08    -1034.243671       34.9877
BFGS:   27 20:48:08    -1036.332568       34.2463
BFGS:   28 20:48:08    -1038.368095       33.4581
BFGS:   29 20:48:08    -1040.401594       32.5722
BFGS:   30 20:48:08    -1042.427037       31.6085
BFGS:   31 20:48:08    -1044.408597       30.5569
BFGS:   32 20:48:08    -1046.347520       29.4632
BFGS:   33 20:48:08    -1048.208602       28.1327
BFGS:   34 20:48:09    -1050.048564       26.9177
BFGS:   35 20:48:09    -1051.756634       25.2912
BFGS:   36 20:48:09    -1053.441438       24.2263
BFGS:   37 20:48:09    -1054.972625       22.2063
BFGS:   38 20:48:09    -1056.457582       21.7540
BFGS:   39 20:48:09    -1057.852795       20.8381
BFGS:   40 20:48:09    -1059.191180       18.3582
BFGS:   41 20:48:09    -1060.247819       16.2650
BFGS:   42 20:48:09    -1061.225535       13.3717
BFGS:   43 20:48:09    -1062.171153       11.2008
BFGS:   44 20:48:09    -1063.105937       10.6220
BFGS:   45 20:48:09    -1064.020217       12.3754
BFGS:   46 20:48:09    -1064.907695       14.2767
BFGS:   47 20:48:09    -1065.759137       16.2445
BFGS:   48 20:48:09    -1066.583976       17.7778
BFGS:   49 20:48:09    -1067.376794       18.9490
BFGS:   50 20:48:09    -1068.162872       19.7549
BFGS:   51 20:48:09    -1068.946692       20.2116
BFGS:   52 20:48:09    -1069.770460       20.3856
BFGS:   53 20:48:09    -1070.638833       20.4329
BFGS:   54 20:48:09    -1071.562398       20.3352
BFGS:   55 20:48:09    -1072.493963       20.2279
BFGS:   56 20:48:09    -1073.408021       21.5021
BFGS:   57 20:48:09    -1074.292138       22.5672
BFGS:   58 20:48:09    -1075.145941       23.2202
BFGS:   59 20:48:09    -1076.005107       23.5535
BFGS:   60 20:48:09    -1076.923566       23.5753
BFGS:   61 20:48:10    -1077.935838       23.4133
BFGS:   62 20:48:10    -1078.953872       23.2004
BFGS:   63 20:48:10    -1079.926740       23.0817
BFGS:   64 20:48:10    -1080.943911       23.2147
BFGS:   65 20:48:10    -1081.947372       23.1096
BFGS:   66 20:48:10    -1082.960107       23.1634
BFGS:   67 20:48:10    -1083.953051       23.0489
BFGS:   68 20:48:10    -1084.916812       22.8897
BFGS:   69 20:48:10    -1085.878215       22.4529
BFGS:   70 20:48:10    -1086.853616       21.6870
BFGS:   71 20:48:10    -1087.853874       20.3984
BFGS:   72 20:48:10    -1088.858300       18.7126
BFGS:   73 20:48:10    -1089.874397       16.8740
BFGS:   74 20:48:10    -1090.869906       15.0253
BFGS:   75 20:48:10    -1091.885654       13.2677
BFGS:   76 20:48:10    -1092.896379       11.7000
BFGS:   77 20:48:10    -1093.937419       10.4576
BFGS:   78 20:48:10    -1095.012379        9.5856
BFGS:   79 20:48:10    -1096.002586        9.1382
BFGS:   80 20:48:10    -1096.968164        8.9536
BFGS:   81 20:48:10    -1097.884497        8.8587
BFGS:   82 20:48:10    -1098.644262        8.6077
BFGS:   83 20:48:10    -1099.308127        7.8255
BFGS:   84 20:48:10    -1099.828255        6.7021
BFGS:   85 20:48:10    -1100.215229        6.6599
BFGS:   86 20:48:10    -1100.613773        8.8528
BFGS:   87 20:48:10    -1101.076445       11.7198
BFGS:   88 20:48:10    -1101.588414       14.1630
BFGS:   89 20:48:10    -1102.071420       14.9208
BFGS:   90 20:48:10    -1102.494111       13.9205
BFGS:   91 20:48:10    -1103.020222       12.9221
BFGS:   92 20:48:10    -1103.670810       14.3167
BFGS:   93 20:48:10    -1104.182350       13.9181
BFGS:   94 20:48:10    -1104.623015       14.8890
BFGS:   95 20:48:11    -1105.073278       14.0145
BFGS:   96 20:48:11    -1105.590067       12.4670
BFGS:   97 20:48:11    -1105.967223       10.3858
BFGS:   98 20:48:11    -1106.236542        8.7437
BFGS:   99 20:48:11    -1106.513645        7.5354
BFGS:  100 20:48:11    -1106.777137        6.0170
BFGS:  101 20:48:11    -1106.863383        3.9450
BFGS:  102 20:48:11    -1106.936791        3.3916
BFGS:  103 20:48:11    -1106.975951        3.3545
BFGS:  104 20:48:11    -1107.006656        3.1866
BFGS:  105 20:48:11    -1107.033395        3.0654
BFGS:  106 20:48:11    -1107.056485        3.5851
BFGS:  107 20:48:11    -1107.088380        3.4752
BFGS:  108 20:48:11    -1107.142935        4.2413
BFGS:  109 20:48:11    -1107.214232        4.8072
BFGS:  110 20:48:11    -1107.287133        4.9154
BFGS:  111 20:48:11    -1107.367716        4.7213
BFGS:  112 20:48:11    -1107.447015        4.1319
BFGS:  113 20:48:11    -1107.527847        4.3474
BFGS:  114 20:48:11    -1107.585589        4.0751
BFGS:  115 20:48:11    -1107.653098        3.1700
BFGS:  116 20:48:11    -1107.742744        2.4941
BFGS:  117 20:48:11    -1107.843218        2.0539
BFGS:  118 20:48:11    -1107.932187        1.7960
BFGS:  119 20:48:11    -1108.024811        1.8102
BFGS:  120 20:48:11    -1108.123897        3.0607
BFGS:  121 20:48:11    -1108.311360        4.2587
BFGS:  122 20:48:11    -1108.499727        4.8498
BFGS:  123 20:48:11    -1108.681071        5.3607
BFGS:  124 20:48:11    -1108.863642        7.1584
BFGS:  125 20:48:11    -1109.035873        7.6676
BFGS:  126 20:48:11    -1109.225645        7.3797
BFGS:  127 20:48:11    -1109.406928        6.8972
BFGS:  128 20:48:11    -1109.594282        5.8173
BFGS:  129 20:48:11    -1109.742643        4.7701
BFGS:  130 20:48:11    -1109.888126        3.1584
BFGS:  131 20:48:11    -1109.994401        2.1494
BFGS:  132 20:48:12    -1110.055580        2.2675
BFGS:  133 20:48:12    -1110.129816        2.7913
BFGS:  134 20:48:12    -1110.213996        3.4189
BFGS:  135 20:48:12    -1110.310533        3.6504
BFGS:  136 20:48:12    -1110.406903        2.5922
BFGS:  137 20:48:12    -1110.505461        2.5156
BFGS:  138 20:48:12    -1110.553068        2.1649
BFGS:  139 20:48:12    -1110.578474        2.0168
BFGS:  140 20:48:12    -1110.605945        1.9395
BFGS:  141 20:48:12    -1110.623995        1.9421
BFGS:  142 20:48:12    -1110.639731        1.6981
BFGS:  143 20:48:12    -1110.659172        1.2902
BFGS:  144 20:48:12    -1110.681604        1.2621
BFGS:  145 20:48:12    -1110.694531        0.8676
BFGS:  146 20:48:12    -1110.700443        0.5392
BFGS:  147 20:48:12    -1110.703160        0.2790
BFGS:  148 20:48:12    -1110.704747        0.2959
BFGS:  149 20:48:12    -1110.705735        0.2641
BFGS:  150 20:48:12    -1110.706210        0.1787
BFGS:  151 20:48:12    -1110.706422        0.1265
BFGS:  152 20:48:12    -1110.706563        0.0907
