      Step     Time          Energy         fmax
BFGS:    0 20:47:36     -812.090901      144.7383
BFGS:    1 20:47:36     -863.874323      120.4151
BFGS:    2 20:47:36     -884.561175      111.0945
BFGS:    3 20:47:36     -899.533096      103.9386
BFGS:    4 20:47:36     -911.106223       98.3741
BFGS:    5 20:47:36     -921.480287       93.7571
BFGS:    6 20:47:36     -931.427461       87.8676
BFGS:    7 20:47:36     -940.635704       82.1790
BFGS:    8 20:47:36     -950.588313       75.9680
BFGS:    9 20:47:36     -958.664701       71.0965
BFGS:   10 20:47:36     -965.339022       65.3131
BFGS:   11 20:47:36     -971.955271       61.7136
BFGS:   12 20:47:36     -979.549104       57.9315
BFGS:   13 20:47:36     -985.368677       52.9348
BFGS:   14 20:47:36     -990.251954       48.0041
BFGS:   15 20:47:36     -995.152028       45.8717
BFGS:   16 20:47:36     -999.491340       41.8496
BFGS:   17 20:47:36    -1002.822452       39.9583
BFGS:   18 20:47:36    -1005.863062       38.7430
BFGS:   19 20:47:36    -1008.826653       37.9312
BFGS:   20 20:47:36    -1012.023050       36.1389
BFGS:   21 20:47:36    -1015.269106       35.6312
BFGS:   22 20:47:36    -1019.115734       33.9159
BFGS:   23 20:47:37    -1022.688142       33.2274
BFGS:   24 20:47:37    -1025.777352       32.7671
BFGS:   25 20:47:37    -1028.589841       31.7566
BFGS:   26 20:47:37    -1030.619028       30.5052
BFGS:   27 20:47:37    -1032.120597       31.0896
BFGS:   28 20:47:37    -1033.346850       28.6294
BFGS:   29 20:47:37    -1034.454558       27.8755
BFGS:   30 20:47:37    -1035.557828       25.9046
BFGS:   31 20:47:37    -1036.611863       24.6296
BFGS:   32 20:47:37    -1037.629699       22.7037
BFGS:   33 20:47:37    -1038.669329       21.7546
BFGS:   34 20:47:37    -1039.834763       20.2516
BFGS:   35 20:47:37    -1041.027358       18.3762
BFGS:   36 20:47:37    -1042.074878       17.9324
BFGS:   37 20:47:37    -1043.121489       17.7689
BFGS:   38 20:47:37    -1044.167089       17.5625
BFGS:   39 20:47:37    -1045.190956       19.7404
BFGS:   40 20:47:37    -1046.167035       21.1865
BFGS:   41 20:47:37    -1047.078263       21.8305
BFGS:   42 20:47:37    -1047.984421       22.0438
BFGS:   43 20:47:37    -1048.894800       21.7653
BFGS:   44 20:47:37    -1049.790037       21.2074
BFGS:   45 20:47:37    -1050.652719       20.2627
BFGS:   46 20:47:37    -1051.471653       19.1903
BFGS:   47 20:47:37    -1052.270627       17.6550
BFGS:   48 20:47:38    -1053.036713       16.3188
BFGS:   49 20:47:38    -1053.795552       14.7500
BFGS:   50 20:47:38    -1054.565621       13.4702
BFGS:   51 20:47:38    -1055.370621       12.0737
BFGS:   52 20:47:38    -1056.163293       11.0119
BFGS:   53 20:47:38    -1057.023001       11.5789
BFGS:   54 20:47:38    -1057.897958       12.6910
BFGS:   55 20:47:38    -1058.720391       13.8928
BFGS:   56 20:47:38    -1059.432192       14.7103
BFGS:   57 20:47:38    -1060.065127       14.8410
BFGS:   58 20:47:38    -1060.676245       14.0524
BFGS:   59 20:47:38    -1061.277917       12.6111
BFGS:   60 20:47:38    -1061.882103       10.8803
BFGS:   61 20:47:38    -1062.497452        9.6449
BFGS:   62 20:47:38    -1063.103291        9.5654
BFGS:   63 20:47:38    -1063.694028       10.7443
BFGS:   64 20:47:38    -1064.284646       11.5784
BFGS:   65 20:47:38    -1064.850082       11.7786
BFGS:   66 20:47:38    -1065.383775       12.3303
BFGS:   67 20:47:38    -1065.917722       11.9007
BFGS:   68 20:47:38    -1066.501279       10.5039
BFGS:   69 20:47:38    -1067.172291       10.5281
BFGS:   70 20:47:38    -1067.844939       11.6988
BFGS:   71 20:47:38    -1068.529322       12.4928
BFGS:   72 20:47:38    -1069.123135       13.1167
BFGS:   73 20:47:38    -1069.703079       13.1598
BFGS:   74 20:47:38    -1070.244062       12.9512
BFGS:   75 20:47:38    -1070.810037       12.2684
BFGS:   76 20:47:38    -1071.385458       11.4056
BFGS:   77 20:47:39    -1071.996135       10.0361
BFGS:   78 20:47:39    -1072.630846        9.2206
BFGS:   79 20:47:39    -1073.263795       10.1408
BFGS:   80 20:47:39    -1073.909277       11.8280
BFGS:   81 20:47:39    -1074.584309       13.8270
BFGS:   82 20:47:39    -1075.293352       15.2960
BFGS:   83 20:47:39    -1076.038599       15.4197
BFGS:   84 20:47:39    -1076.881147       14.0994
BFGS:   85 20:47:39    -1077.719868       12.3916
BFGS:   86 20:47:39    -1078.511520       10.2990
BFGS:   87 20:47:39    -1079.243202        8.2929
BFGS:   88 20:47:39    -1079.844239        6.4696
BFGS:   89 20:47:39    -1080.381998        5.7243
BFGS:   90 20:47:39    -1080.809566        7.1429
BFGS:   91 20:47:39    -1081.221794        7.1163
BFGS:   92 20:47:39    -1081.599700        6.9671
BFGS:   93 20:47:39    -1081.972995        6.4181
BFGS:   94 20:47:39    -1082.344003        5.6816
BFGS:   95 20:47:39    -1082.704092        5.3638
BFGS:   96 20:47:39    -1083.164568        5.7075
BFGS:   97 20:47:39    -1083.747503        6.0529
BFGS:   98 20:47:39    -1084.275505        6.5053
BFGS:   99 20:47:39    -1084.741022        6.5001
BFGS:  100 20:47:39    -1085.199578        6.5737
BFGS:  101 20:47:39    -1085.674766        5.7403
BFGS:  102 20:47:39    -1086.136625        5.7748
BFGS:  103 20:47:39    -1086.540562        6.0427
BFGS:  104 20:47:39    -1086.969595        5.4877
BFGS:  105 20:47:39    -1087.405288        5.1887
BFGS:  106 20:47:39    -1087.817526        5.9968
BFGS:  107 20:47:39    -1088.235111        6.9420
BFGS:  108 20:47:39    -1088.647830        7.4992
BFGS:  109 20:47:40    -1089.072895        7.3279
BFGS:  110 20:47:40    -1089.516392        6.5743
BFGS:  111 20:47:40    -1089.957043        5.9108
BFGS:  112 20:47:40    -1090.381250        5.6488
BFGS:  113 20:47:40    -1090.801613        5.8241
BFGS:  114 20:47:40    -1091.203227        6.1434
BFGS:  115 20:47:40    -1091.631727        6.1283
BFGS:  116 20:47:40    -1092.102485        5.9904
BFGS:  117 20:47:40    -1092.593490        5.5912
BFGS:  118 20:47:40    -1093.068325        5.4179
BFGS:  119 20:47:40    -1093.521078        5.0810
BFGS:  120 20:47:40    -1093.962181        4.6891
BFGS:  121 20:47:40    -1094.388701        4.1763
BFGS:  122 20:47:40    -1094.791115        4.7830
BFGS:  123 20:47:40    -1095.171018        5.5786
BFGS:  124 20:47:40    -1095.532337        6.6317
BFGS:  125 20:47:40    -1095.904318        7.6573
BFGS:  126 20:47:40    -1096.267813        8.3429
BFGS:  127 20:47:40    -1096.661682        8.3425
BFGS:  128 20:47:40    -1097.047282        6.5500
BFGS:  129 20:47:40    -1097.386079        5.8934
BFGS:  130 20:47:40    -1097.659623        5.0165
BFGS:  131 20:47:40    -1097.889185        4.5135
BFGS:  132 20:47:40    -1098.102237        4.0156
BFGS:  133 20:47:40    -1098.308745        4.1664
BFGS:  134 20:47:40    -1098.517437        4.6502
BFGS:  135 20:47:40    -1098.712617        5.2027
BFGS:  136 20:47:40    -1098.940785        5.6224
BFGS:  137 20:47:40    -1099.157237        5.9631
BFGS:  138 20:47:40    -1099.419371        6.0862
BFGS:  139 20:47:40    -1099.687158        5.9830
BFGS:  140 20:47:40    -1100.021728        5.1386
BFGS:  141 20:47:40    -1100.312118        5.6718
BFGS:  142 20:47:40    -1100.597106        5.9567
BFGS:  143 20:47:41    -1100.863518        5.9027
BFGS:  144 20:47:41    -1101.136229        6.3260
BFGS:  145 20:47:41    -1101.397409        6.7971
BFGS:  146 20:47:41    -1101.690786        7.3102
BFGS:  147 20:47:41    -1102.003466        6.8333
BFGS:  148 20:47:41    -1102.295915        5.8337
BFGS:  149 20:47:41    -1102.672898        5.7858
BFGS:  150 20:47:41    -1102.986487        4.6880
BFGS:  151 20:47:41    -1103.256141        3.7824
BFGS:  152 20:47:41    -1103.426557        3.2799
BFGS:  153 20:47:41    -1103.587637        2.8392
BFGS:  154 20:47:41    -1103.718232        2.2693
BFGS:  155 20:47:41    -1103.843559        1.8635
BFGS:  156 20:47:41    -1103.940075        1.7617
BFGS:  157 20:47:41    -1104.050983        1.9296
BFGS:  158 20:47:41    -1104.168175        2.1361
BFGS:  159 20:47:41    -1104.270734        2.1519
BFGS:  160 20:47:41    -1104.335385        2.2090
BFGS:  161 20:47:41    -1104.397075        2.7525
BFGS:  162 20:47:41    -1104.490239        3.5893
BFGS:  163 20:47:41    -1104.577052        4.2878
BFGS:  164 20:47:41    -1104.662480        4.1197
BFGS:  165 20:47:41    -1104.768393        3.7321
BFGS:  166 20:47:41    -1104.890513        3.2500
BFGS:  167 20:47:41    -1104.983584        2.8234
BFGS:  168 20:47:41    -1105.082171        2.1874
BFGS:  169 20:47:41    -1105.157901        1.9536
BFGS:  170 20:47:41    -1105.232458        1.5037
BFGS:  171 20:47:41    -1105.290973        1.4152
BFGS:  172 20:47:41    -1105.341881        1.4052
BFGS:  173 20:47:41    -1105.381897        1.3496
BFGS:  174 20:47:41    -1105.416669        1.2809
BFGS:  175 20:47:41    -1105.439741        1.0117
BFGS:  176 20:47:41    -1105.457856        0.7853
BFGS:  177 20:47:42    -1105.468316        0.5795
BFGS:  178 20:47:42    -1105.474587        0.3436
BFGS:  179 20:47:42    -1105.477909        0.3016
BFGS:  180 20:47:42    -1105.480380        0.2783
BFGS:  181 20:47:42    -1105.482170        0.2245
BFGS:  182 20:47:42    -1105.483420        0.2055
BFGS:  183 20:47:42    -1105.484033        0.1779
BFGS:  184 20:47:42    -1105.484452        0.1567
BFGS:  185 20:47:42    -1105.484758        0.1528
BFGS:  186 20:47:42    -1105.484947        0.1560
BFGS:  187 20:47:42    -1105.485057        0.1574
BFGS:  188 20:47:42    -1105.485154        0.1557
BFGS:  189 20:47:42    -1105.485264        0.1496
BFGS:  190 20:47:42    -1105.485378        0.1329
BFGS:  191 20:47:42    -1105.485476        0.1182
BFGS:  192 20:47:42    -1105.485563        0.1098
BFGS:  193 20:47:42    -1105.485652        0.1081
BFGS:  194 20:47:42    -1105.485744        0.1058
BFGS:  195 20:47:42    -1105.485830        0.1206
BFGS:  196 20:47:42    -1105.485907        0.1298
BFGS:  197 20:47:42    -1105.485990        0.1338
BFGS:  198 20:47:42    -1105.486082        0.1316
BFGS:  199 20:47:42    -1105.486169        0.1235
BFGS:  200 20:47:42    -1105.486230        0.1202
BFGS:  201 20:47:42    -1105.486270        0.1201
BFGS:  202 20:47:42    -1105.486304        0.1194
BFGS:  203 20:47:42    -1105.486343        0.1190
BFGS:  204 20:47:42    -1105.486392        0.1137
