      Step     Time          Energy         fmax
BFGS:    0 20:39:22     -988.424774       53.9916
BFGS:    1 20:39:22    -1001.506534       38.8581
BFGS:    2 20:39:22    -1008.798550       39.1900
BFGS:    3 20:39:22    -1016.296128       30.5429
BFGS:    4 20:39:22    -1021.948735       29.2930
BFGS:    5 20:39:22    -1026.733240       26.5850
BFGS:    6 20:39:22    -1031.412572       24.3659
BFGS:    7 20:39:22    -1035.385086       22.5805
BFGS:    8 20:39:22    -1038.952817       21.1424
BFGS:    9 20:39:22    -1041.901251       19.7740
BFGS:   10 20:39:22    -1044.707404       18.5876
BFGS:   11 20:39:22    -1047.395367       17.6500
BFGS:   12 20:39:22    -1049.956021       16.4192
BFGS:   13 20:39:22    -1052.226844       15.8109
BFGS:   14 20:39:22    -1054.285584       14.7296
BFGS:   15 20:39:22    -1056.324272       14.1578
BFGS:   16 20:39:22    -1058.343933       12.9919
BFGS:   17 20:39:22    -1060.037852       12.4424
BFGS:   18 20:39:22    -1061.566800       11.6855
BFGS:   19 20:39:22    -1062.957255       11.4551
BFGS:   20 20:39:22    -1064.451991       13.9830
BFGS:   21 20:39:22    -1065.750068       13.8951
BFGS:   22 20:39:22    -1066.954520       13.4048
BFGS:   23 20:39:22    -1068.106117       13.1128
BFGS:   24 20:39:22    -1069.242293       12.3640
BFGS:   25 20:39:22    -1070.402994       11.8944
BFGS:   26 20:39:22    -1071.513098       12.0532
BFGS:   27 20:39:22    -1072.623293       12.1695
BFGS:   28 20:39:22    -1073.860283       12.7622
BFGS:   29 20:39:22    -1075.105897       13.1539
BFGS:   30 20:39:22    -1076.466636       13.3879
BFGS:   31 20:39:22    -1077.747212       13.0697
BFGS:   32 20:39:22    -1078.699884       12.4009
BFGS:   33 20:39:22    -1079.527712       12.3034
BFGS:   34 20:39:22    -1080.283223       11.9296
BFGS:   35 20:39:22    -1081.029529       11.4623
BFGS:   36 20:39:22    -1081.737754       10.7459
BFGS:   37 20:39:22    -1082.456223       10.1013
BFGS:   38 20:39:22    -1083.134285        9.2351
BFGS:   39 20:39:22    -1083.815072        8.5743
BFGS:   40 20:39:22    -1084.440274        7.7773
BFGS:   41 20:39:22    -1085.037684        7.1953
BFGS:   42 20:39:22    -1085.592679       11.5849
BFGS:   43 20:39:23    -1086.118732       11.2769
BFGS:   44 20:39:23    -1086.588443       10.8864
BFGS:   45 20:39:23    -1087.019592       10.4712
BFGS:   46 20:39:23    -1087.401438       10.0146
BFGS:   47 20:39:23    -1087.748118        9.5078
BFGS:   48 20:39:23    -1088.055369        8.9645
BFGS:   49 20:39:23    -1088.332888        8.3634
BFGS:   50 20:39:23    -1088.581562        7.7289
BFGS:   51 20:39:23    -1088.809804        7.0316
BFGS:   52 20:39:23    -1089.005681        6.3665
BFGS:   53 20:39:23    -1089.170142        5.7712
BFGS:   54 20:39:23    -1089.319267        5.2492
BFGS:   55 20:39:23    -1089.459575        4.8144
BFGS:   56 20:39:23    -1089.594934        4.7756
BFGS:   57 20:39:23    -1089.726020        4.7698
BFGS:   58 20:39:23    -1089.853433        4.7955
BFGS:   59 20:39:23    -1089.977001        4.8468
BFGS:   60 20:39:23    -1090.096889        4.9256
BFGS:   61 20:39:23    -1090.212725        5.0298
BFGS:   62 20:39:23    -1090.323697        5.1589
BFGS:   63 20:39:23    -1090.427847        5.3059
BFGS:   64 20:39:23    -1090.522452        5.4550
BFGS:   65 20:39:23    -1090.598962        5.5308
BFGS:   66 20:39:23    -1090.659663        5.4558
BFGS:   67 20:39:23    -1090.747240        5.1893
BFGS:   68 20:39:23    -1090.839311        4.8528
BFGS:   69 20:39:23    -1090.939180        4.5047
BFGS:   70 20:39:23    -1091.042772        4.1476
BFGS:   71 20:39:23    -1091.142122        3.7395
BFGS:   72 20:39:23    -1091.235311        3.4438
BFGS:   73 20:39:23    -1091.309184        3.3870
BFGS:   74 20:39:23    -1091.383715        3.5206
BFGS:   75 20:39:23    -1091.464882        3.8838
BFGS:   76 20:39:23    -1091.531100        4.3691
BFGS:   77 20:39:23    -1091.592720        4.6652
BFGS:   78 20:39:23    -1091.650242        4.8489
BFGS:   79 20:39:23    -1091.706420        4.6363
BFGS:   80 20:39:23    -1091.780212        4.2336
BFGS:   81 20:39:23    -1091.862272        3.6964
BFGS:   82 20:39:23    -1091.943501        3.1728
BFGS:   83 20:39:23    -1092.008131        2.8228
BFGS:   84 20:39:23    -1092.064379        2.6674
BFGS:   85 20:39:24    -1092.145639        2.5615
BFGS:   86 20:39:24    -1092.229990        2.4516
BFGS:   87 20:39:24    -1092.317201        2.3642
BFGS:   88 20:39:24    -1092.410112        2.2795
BFGS:   89 20:39:24    -1092.505403        2.2218
BFGS:   90 20:39:24    -1092.601663        2.1951
BFGS:   91 20:39:24    -1092.698404        2.2241
BFGS:   92 20:39:24    -1092.776314        2.1457
BFGS:   93 20:39:24    -1092.848848        2.0382
BFGS:   94 20:39:24    -1092.929091        1.9089
BFGS:   95 20:39:24    -1093.003057        1.7928
BFGS:   96 20:39:24    -1093.068351        1.6439
BFGS:   97 20:39:24    -1093.129107        1.3232
BFGS:   98 20:39:24    -1093.187557        1.0491
BFGS:   99 20:39:24    -1093.232429        1.2135
BFGS:  100 20:39:24    -1093.268118        1.3865
BFGS:  101 20:39:24    -1093.294243        1.4497
BFGS:  102 20:39:24    -1093.311918        1.4152
BFGS:  103 20:39:24    -1093.333855        1.2749
BFGS:  104 20:39:24    -1093.350942        1.1689
BFGS:  105 20:39:24    -1093.366149        1.2038
BFGS:  106 20:39:24    -1093.379593        1.1483
BFGS:  107 20:39:24    -1093.393620        1.0792
BFGS:  108 20:39:24    -1093.411236        1.0456
BFGS:  109 20:39:24    -1093.433522        0.9748
BFGS:  110 20:39:24    -1093.456013        0.8332
BFGS:  111 20:39:24    -1093.474874        0.6622
BFGS:  112 20:39:24    -1093.488070        0.6561
BFGS:  113 20:39:24    -1093.494552        0.6761
BFGS:  114 20:39:24    -1093.501526        0.6233
BFGS:  115 20:39:24    -1093.507504        0.5695
BFGS:  116 20:39:24    -1093.512310        0.4984
BFGS:  117 20:39:24    -1093.515777        0.4773
BFGS:  118 20:39:24    -1093.519058        0.4929
BFGS:  119 20:39:24    -1093.523144        0.5118
BFGS:  120 20:39:24    -1093.528587        0.5182
BFGS:  121 20:39:24    -1093.535104        0.5086
BFGS:  122 20:39:24    -1093.542153        0.5147
BFGS:  123 20:39:24    -1093.548981        0.5047
BFGS:  124 20:39:24    -1093.554855        0.4613
BFGS:  125 20:39:24    -1093.560388        0.4073
BFGS:  126 20:39:24    -1093.566774        0.3686
BFGS:  127 20:39:25    -1093.574138        0.5521
BFGS:  128 20:39:25    -1093.579593        0.6651
BFGS:  129 20:39:25    -1093.587661        0.7869
BFGS:  130 20:39:25    -1093.595642        0.8340
BFGS:  131 20:39:25    -1093.600222        0.8682
BFGS:  132 20:39:25    -1093.598480        0.9068
BFGS:  133 20:39:25    -1093.602728        0.8464
BFGS:  134 20:39:25    -1093.603474        0.8523
BFGS:  135 20:39:25    -1093.605650        0.8889
BFGS:  136 20:39:25    -1093.606928        0.9059
BFGS:  137 20:39:25    -1093.608266        0.9324
BFGS:  138 20:39:25    -1093.609517        0.9340
BFGS:  139 20:39:25    -1093.610897        0.9529
BFGS:  140 20:39:25    -1093.612251        0.9308
BFGS:  141 20:39:25    -1093.613380        0.9580
BFGS:  142 20:39:25    -1093.614221        0.9181
BFGS:  143 20:39:25    -1093.614954        0.9436
BFGS:  144 20:39:25    -1093.615615        0.9264
BFGS:  145 20:39:25    -1093.616292        0.9419
BFGS:  146 20:39:25    -1093.617031        0.9393
BFGS:  147 20:39:25    -1093.617830        0.9467
BFGS:  148 20:39:25    -1093.618575        0.9376
BFGS:  149 20:39:25    -1093.619112        0.9339
BFGS:  150 20:39:25    -1093.619409        0.9206
BFGS:  151 20:39:25    -1093.619614        0.9139
BFGS:  152 20:39:25    -1093.619818        0.9013
BFGS:  153 20:39:25    -1093.620020        0.8914
BFGS:  154 20:39:25    -1093.620179        0.8821
BFGS:  155 20:39:25    -1093.620267        0.8793
BFGS:  156 20:39:25    -1093.620313        0.8782
BFGS:  157 20:39:25    -1093.620338        0.8784
BFGS:  158 20:39:25    -1093.620353        0.8785
BFGS:  159 20:39:25    -1093.620365        0.8790
BFGS:  160 20:39:25    -1093.620374        0.8796
BFGS:  161 20:39:25    -1093.620382        0.8806
BFGS:  162 20:39:25    -1093.620388        0.8815
BFGS:  163 20:39:25    -1093.620391        0.8821
BFGS:  164 20:39:25    -1093.620394        0.8821
BFGS:  165 20:39:25    -1093.620396        0.8817
      Step     Time          Energy         fmax
BFGS:    0 20:39:25    -1093.620396        0.8817
BFGS:    1 20:39:25    -1093.651178        0.7878
BFGS:    2 20:39:25    -1093.694345        1.0031
BFGS:    3 20:39:25    -1093.758338        1.2731
BFGS:    4 20:39:26    -1093.824366        1.5744
BFGS:    5 20:39:26    -1093.887753        1.9334
BFGS:    6 20:39:26    -1093.942346        2.2653
BFGS:    7 20:39:26    -1093.988127        2.6923
BFGS:    8 20:39:26    -1094.031678        3.0322
BFGS:    9 20:39:26    -1094.077832        3.2129
BFGS:   10 20:39:26    -1094.128481        3.2047
BFGS:   11 20:39:26    -1094.179107        2.8227
BFGS:   12 20:39:26    -1094.222255        2.5738
BFGS:   13 20:39:26    -1094.274156        2.5275
BFGS:   14 20:39:26    -1094.323014        2.5880
BFGS:   15 20:39:26    -1094.357797        2.6170
BFGS:   16 20:39:26    -1094.394567        2.6299
BFGS:   17 20:39:26    -1094.424202        2.6359
BFGS:   18 20:39:26    -1094.456380        2.6133
BFGS:   19 20:39:26    -1094.484125        2.4416
BFGS:   20 20:39:26    -1094.510048        2.2595
BFGS:   21 20:39:26    -1094.530477        2.0428
BFGS:   22 20:39:26    -1094.550917        1.7854
BFGS:   23 20:39:26    -1094.564824        1.6665
BFGS:   24 20:39:26    -1094.581340        1.6104
BFGS:   25 20:39:26    -1094.594426        1.6324
BFGS:   26 20:39:26    -1094.606043        1.6919
BFGS:   27 20:39:26    -1094.616695        1.6507
BFGS:   28 20:39:26    -1094.628631        1.5470
BFGS:   29 20:39:26    -1094.640532        1.4974
BFGS:   30 20:39:26    -1094.652207        1.4090
BFGS:   31 20:39:26    -1094.660519        1.4977
BFGS:   32 20:39:26    -1094.664433        1.5295
BFGS:   33 20:39:26    -1094.666928        1.5421
BFGS:   34 20:39:26    -1094.670687        1.5590
BFGS:   35 20:39:26    -1094.677420        1.4912
BFGS:   36 20:39:26    -1094.689649        1.3550
BFGS:   37 20:39:26    -1094.707680        1.0774
BFGS:   38 20:39:26    -1094.725133        0.8889
BFGS:   39 20:39:26    -1094.742045        0.8099
BFGS:   40 20:39:26    -1094.757342        0.7486
BFGS:   41 20:39:26    -1094.771421        0.6626
BFGS:   42 20:39:26    -1094.783655        0.6166
BFGS:   43 20:39:26    -1094.796291        0.4977
BFGS:   44 20:39:26    -1094.805562        0.6894
BFGS:   45 20:39:26    -1094.817321        0.6472
BFGS:   46 20:39:26    -1094.828420        0.7210
BFGS:   47 20:39:27    -1094.840790        0.8041
BFGS:   48 20:39:27    -1094.853892        0.9617
BFGS:   49 20:39:27    -1094.868284        1.0665
BFGS:   50 20:39:27    -1094.883747        1.1432
BFGS:   51 20:39:27    -1094.901092        1.1415
BFGS:   52 20:39:27    -1094.919578        1.1340
BFGS:   53 20:39:27    -1094.942724        0.9209
BFGS:   54 20:39:27    -1094.959301        1.0950
BFGS:   55 20:39:27    -1094.989249        0.8572
BFGS:   56 20:39:27    -1095.018523        0.7824
BFGS:   57 20:39:27    -1095.063911        0.6056
BFGS:   58 20:39:27    -1095.099130        0.9057
BFGS:   59 20:39:27    -1095.127217        0.9560
BFGS:   60 20:39:27    -1095.153282        1.0104
BFGS:   61 20:39:27    -1095.177245        0.7890
BFGS:   62 20:39:27    -1095.195574        0.5891
BFGS:   63 20:39:27    -1095.217216        0.4174
BFGS:   64 20:39:27    -1095.230438        0.2732
BFGS:   65 20:39:27    -1095.239996        0.2114
BFGS:   66 20:39:27    -1095.247276        0.2345
BFGS:   67 20:39:27    -1095.254340        0.2244
BFGS:   68 20:39:27    -1095.262882        0.2368
BFGS:   69 20:39:27    -1095.270508        0.2409
BFGS:   70 20:39:27    -1095.277399        0.2312
BFGS:   71 20:39:27    -1095.283451        0.2199
BFGS:   72 20:39:27    -1095.288665        0.1883
BFGS:   73 20:39:27    -1095.293093        0.1681
BFGS:   74 20:39:27    -1095.295341        0.1495
BFGS:   75 20:39:27    -1095.297207        0.1550
BFGS:   76 20:39:27    -1095.298943        0.1443
BFGS:   77 20:39:27    -1095.300506        0.1315
BFGS:   78 20:39:27    -1095.301832        0.1057
BFGS:   79 20:39:27    -1095.302610        0.0616
