      Step     Time          Energy         fmax
BFGS:    0 20:46:57     -922.457294      134.6583
BFGS:    1 20:46:57     -941.609277      110.0415
BFGS:    2 20:46:57     -958.638246       97.9907
BFGS:    3 20:46:57     -974.977051       87.8432
BFGS:    4 20:46:57     -988.210631       76.4152
BFGS:    5 20:46:57     -999.020105       65.3317
BFGS:    6 20:46:57    -1006.560432       59.4897
BFGS:    7 20:46:57    -1015.890756       47.5972
BFGS:    8 20:46:57    -1023.354012       46.5834
BFGS:    9 20:46:57    -1028.893103       42.6805
BFGS:   10 20:46:57    -1033.723193       41.7486
BFGS:   11 20:46:57    -1037.611500       42.8426
BFGS:   12 20:46:57    -1041.210444       38.5153
BFGS:   13 20:46:57    -1043.919121       37.1217
BFGS:   14 20:46:57    -1046.216416       35.5851
BFGS:   15 20:46:57    -1048.620955       30.1534
BFGS:   16 20:46:57    -1050.763626       26.2825
BFGS:   17 20:46:57    -1052.405502       23.5504
BFGS:   18 20:46:57    -1053.756570       20.4685
BFGS:   19 20:46:57    -1055.289815       15.6097
BFGS:   20 20:46:57    -1056.817835       13.2634
BFGS:   21 20:46:57    -1058.279466        9.2904
BFGS:   22 20:46:57    -1059.608656        8.1790
BFGS:   23 20:46:58    -1060.748023        7.9705
BFGS:   24 20:46:58    -1061.782709        8.8017
BFGS:   25 20:46:58    -1062.708587        7.9039
BFGS:   26 20:46:58    -1063.587666        7.9331
BFGS:   27 20:46:58    -1064.507673        8.0689
BFGS:   28 20:46:58    -1065.389140        8.6236
BFGS:   29 20:46:58    -1066.179867        9.4079
BFGS:   30 20:46:58    -1066.872416       10.0944
BFGS:   31 20:46:58    -1067.541690       11.5663
BFGS:   32 20:46:58    -1068.211522       12.1159
BFGS:   33 20:46:58    -1068.937964       12.9477
BFGS:   34 20:46:58    -1069.698307       14.1189
BFGS:   35 20:46:58    -1070.452402       15.4116
BFGS:   36 20:46:58    -1071.161247       16.3464
BFGS:   37 20:46:58    -1071.834855       17.6422
BFGS:   38 20:46:58    -1072.500872       17.9904
BFGS:   39 20:46:58    -1073.204979       19.1202
BFGS:   40 20:46:58    -1073.952267       19.7390
BFGS:   41 20:46:58    -1074.726092       20.3698
BFGS:   42 20:46:58    -1075.478422       20.5741
BFGS:   43 20:46:58    -1076.223554       20.7415
BFGS:   44 20:46:58    -1076.960162       20.2212
BFGS:   45 20:46:58    -1077.696067       19.8953
BFGS:   46 20:46:58    -1078.420386       19.0882
BFGS:   47 20:46:58    -1079.138464       19.1399
BFGS:   48 20:46:58    -1079.850972       19.3808
BFGS:   49 20:46:58    -1080.544422       19.5190
BFGS:   50 20:46:58    -1081.208794       19.7093
BFGS:   51 20:46:58    -1081.842156       19.6931
BFGS:   52 20:46:58    -1082.445243       19.7769
BFGS:   53 20:46:58    -1083.033043       19.6517
BFGS:   54 20:46:58    -1083.608868       19.5628
BFGS:   55 20:46:58    -1084.192459       19.4403
BFGS:   56 20:46:58    -1084.791977       19.2986
BFGS:   57 20:46:58    -1085.406566       19.1784
BFGS:   58 20:46:59    -1086.029179       19.0970
BFGS:   59 20:46:59    -1086.654603       19.0497
BFGS:   60 20:46:59    -1087.283705       19.0424
BFGS:   61 20:46:59    -1087.919976       19.0136
BFGS:   62 20:46:59    -1088.571884       19.0319
BFGS:   63 20:46:59    -1089.248837       18.9245
BFGS:   64 20:46:59    -1089.960371       18.9868
BFGS:   65 20:46:59    -1090.718409       18.6691
BFGS:   66 20:46:59    -1091.521052       18.8176
BFGS:   67 20:46:59    -1092.404044       18.4410
BFGS:   68 20:46:59    -1093.337209       18.2409
BFGS:   69 20:46:59    -1094.230493       17.9953
BFGS:   70 20:46:59    -1095.125152       17.3695
BFGS:   71 20:46:59    -1096.026932       16.6828
BFGS:   72 20:46:59    -1096.927808       16.9510
BFGS:   73 20:46:59    -1097.694606       17.4796
BFGS:   74 20:46:59    -1098.402349       17.6944
BFGS:   75 20:46:59    -1099.062369       17.8058
BFGS:   76 20:46:59    -1099.716155       17.9238
BFGS:   77 20:46:59    -1100.372527       17.8036
BFGS:   78 20:46:59    -1101.047761       17.7805
BFGS:   79 20:46:59    -1101.780774       17.4944
BFGS:   80 20:46:59    -1102.498464       17.1570
BFGS:   81 20:46:59    -1103.187251       16.8302
BFGS:   82 20:46:59    -1103.849505       15.9932
BFGS:   83 20:46:59    -1104.545521       15.5709
BFGS:   84 20:46:59    -1105.276774       13.5552
BFGS:   85 20:46:59    -1105.902699       12.1978
BFGS:   86 20:46:59    -1106.408466       10.2105
BFGS:   87 20:46:59    -1106.852386        8.5462
BFGS:   88 20:46:59    -1107.212370        7.0442
BFGS:   89 20:46:59    -1107.516048        5.6315
BFGS:   90 20:46:59    -1107.773814        5.0147
BFGS:   91 20:46:59    -1108.004901        4.6217
BFGS:   92 20:46:59    -1108.224310        4.2853
BFGS:   93 20:46:59    -1108.448833        4.3549
BFGS:   94 20:46:59    -1108.641812        3.9674
BFGS:   95 20:46:59    -1108.794250        4.3915
BFGS:   96 20:46:59    -1108.922313        4.6591
BFGS:   97 20:46:59    -1109.071085        5.4133
BFGS:   98 20:47:00    -1109.239735        5.5783
BFGS:   99 20:47:00    -1109.406925        5.9061
BFGS:  100 20:47:00    -1109.566567        6.2848
BFGS:  101 20:47:00    -1109.720172        6.4160
BFGS:  102 20:47:00    -1109.875268        5.9430
BFGS:  103 20:47:00    -1110.021178        5.2463
BFGS:  104 20:47:00    -1110.132543        5.3294
BFGS:  105 20:47:00    -1110.260650        5.7777
BFGS:  106 20:47:00    -1110.388262        6.1768
BFGS:  107 20:47:00    -1110.630994        6.2703
BFGS:  108 20:47:00    -1110.882505        6.5130
BFGS:  109 20:47:00    -1111.247918        6.6526
BFGS:  110 20:47:00    -1111.688223        6.7894
BFGS:  111 20:47:00    -1112.182275        6.9207
BFGS:  112 20:47:00    -1112.699042        6.9508
BFGS:  113 20:47:00    -1113.204527        7.0057
BFGS:  114 20:47:00    -1113.686861        6.9459
BFGS:  115 20:47:00    -1114.125237        6.7832
BFGS:  116 20:47:00    -1114.509498        6.4461
BFGS:  117 20:47:00    -1114.813943        5.9478
BFGS:  118 20:47:00    -1115.014291        5.1813
BFGS:  119 20:47:00    -1115.171165        5.2318
BFGS:  120 20:47:00    -1115.309598        4.5779
BFGS:  121 20:47:00    -1115.440894        4.3957
BFGS:  122 20:47:00    -1115.563481        4.1572
BFGS:  123 20:47:00    -1115.698878        3.9750
BFGS:  124 20:47:00    -1115.833532        3.7051
BFGS:  125 20:47:00    -1116.000353        3.5041
BFGS:  126 20:47:00    -1116.152717        3.5311
BFGS:  127 20:47:00    -1116.310473        3.7817
BFGS:  128 20:47:00    -1116.442291        2.9229
BFGS:  129 20:47:00    -1116.568863        3.2388
BFGS:  130 20:47:00    -1116.701543        3.0155
BFGS:  131 20:47:00    -1116.815999        2.9278
BFGS:  132 20:47:00    -1116.912061        2.7573
BFGS:  133 20:47:00    -1116.983110        2.5602
BFGS:  134 20:47:00    -1117.017063        2.3164
BFGS:  135 20:47:00    -1117.048662        2.3587
BFGS:  136 20:47:01    -1117.072483        2.2421
BFGS:  137 20:47:01    -1117.095068        2.3213
BFGS:  138 20:47:01    -1117.110842        2.2533
BFGS:  139 20:47:01    -1117.124901        1.9846
BFGS:  140 20:47:01    -1117.143987        2.0414
BFGS:  141 20:47:01    -1117.174402        2.2649
BFGS:  142 20:47:01    -1117.217558        2.2985
BFGS:  143 20:47:01    -1117.263422        2.0350
BFGS:  144 20:47:01    -1117.297037        1.4617
BFGS:  145 20:47:01    -1117.315857        1.0554
BFGS:  146 20:47:01    -1117.327539        0.8292
BFGS:  147 20:47:01    -1117.341195        0.9487
BFGS:  148 20:47:01    -1117.356878        0.8758
BFGS:  149 20:47:01    -1117.369158        0.9634
BFGS:  150 20:47:01    -1117.377447        1.1216
BFGS:  151 20:47:01    -1117.383046        1.1044
BFGS:  152 20:47:01    -1117.387431        0.9792
BFGS:  153 20:47:01    -1117.390898        0.8129
BFGS:  154 20:47:01    -1117.393640        0.6291
BFGS:  155 20:47:01    -1117.396079        0.4811
BFGS:  156 20:47:01    -1117.398051        0.4221
BFGS:  157 20:47:01    -1117.399299        0.3551
BFGS:  158 20:47:01    -1117.399932        0.3526
BFGS:  159 20:47:01    -1117.400355        0.3333
BFGS:  160 20:47:01    -1117.400746        0.3421
BFGS:  161 20:47:01    -1117.401199        0.3377
BFGS:  162 20:47:01    -1117.401630        0.3092
BFGS:  163 20:47:01    -1117.401942        0.2806
BFGS:  164 20:47:01    -1117.402109        0.2664
BFGS:  165 20:47:01    -1117.402205        0.2663
BFGS:  166 20:47:01    -1117.402287        0.2700
BFGS:  167 20:47:01    -1117.402384        0.2720
BFGS:  168 20:47:01    -1117.402505        0.2669
BFGS:  169 20:47:01    -1117.402638        0.2483
BFGS:  170 20:47:01    -1117.402759        0.2203
BFGS:  171 20:47:01    -1117.402864        0.1883
BFGS:  172 20:47:01    -1117.402958        0.1707
BFGS:  173 20:47:01    -1117.403035        0.1613
BFGS:  174 20:47:01    -1117.403083        0.1520
BFGS:  175 20:47:02    -1117.403109        0.1485
BFGS:  176 20:47:02    -1117.403127        0.1441
BFGS:  177 20:47:02    -1117.403141        0.1431
BFGS:  178 20:47:02    -1117.403151        0.1402
BFGS:  179 20:47:02    -1117.403160        0.1404
BFGS:  180 20:47:02    -1117.403171        0.1468
BFGS:  181 20:47:02    -1117.403193        0.1509
BFGS:  182 20:47:02    -1117.403246        0.1514
BFGS:  183 20:47:02    -1117.403365        0.1609
BFGS:  184 20:47:02    -1117.403577        0.1496
BFGS:  185 20:47:02    -1117.403822        0.0969
