      Step     Time          Energy         fmax
BFGS:    0 20:51:59     -798.079487       66.1962
BFGS:    1 20:51:59     -815.174214       48.7859
BFGS:    2 20:51:59     -826.325178       48.9029
BFGS:    3 20:51:59     -837.506020       49.1728
BFGS:    4 20:51:59     -847.730867       47.6577
BFGS:    5 20:51:59     -858.064809       49.7852
BFGS:    6 20:51:59     -867.752835       53.8060
BFGS:    7 20:51:59     -876.821185       57.1582
BFGS:    8 20:51:59     -887.138627       59.9484
BFGS:    9 20:51:59     -897.736055       63.0338
BFGS:   10 20:51:59     -908.707495       66.9916
BFGS:   11 20:51:59     -919.083145       71.8883
BFGS:   12 20:51:59     -928.571438       76.9600
BFGS:   13 20:51:59     -937.333379       80.5306
BFGS:   14 20:51:59     -946.125132       82.0692
BFGS:   15 20:52:00     -954.221400       81.4823
BFGS:   16 20:52:00     -961.449357       80.4182
BFGS:   17 20:52:00     -967.384910       77.8507
BFGS:   18 20:52:00     -972.754612       76.0922
BFGS:   19 20:52:00     -977.784922       73.6932
BFGS:   20 20:52:00     -983.240464       71.0036
BFGS:   21 20:52:00     -989.427541       68.8259
BFGS:   22 20:52:00     -995.082941       64.9389
BFGS:   23 20:52:00    -1000.253483       63.4494
BFGS:   24 20:52:00    -1004.635380       60.6102
BFGS:   25 20:52:00    -1009.990384       57.7702
BFGS:   26 20:52:00    -1014.644860       53.9454
BFGS:   27 20:52:00    -1018.931847       50.7728
BFGS:   28 20:52:00    -1022.596883       47.1268
BFGS:   29 20:52:00    -1025.613298       44.0790
BFGS:   30 20:52:00    -1028.566508       42.3826
BFGS:   31 20:52:00    -1031.382191       39.8431
BFGS:   32 20:52:00    -1034.111812       37.3043
BFGS:   33 20:52:00    -1037.097304       35.1782
BFGS:   34 20:52:00    -1040.357873       33.3901
BFGS:   35 20:52:00    -1043.889900       32.6824
BFGS:   36 20:52:00    -1047.622657       30.9361
BFGS:   37 20:52:00    -1050.751550       28.1270
BFGS:   38 20:52:01    -1053.216600       24.0016
BFGS:   39 20:52:01    -1054.726315       21.5808
BFGS:   40 20:52:01    -1055.757625       19.3722
BFGS:   41 20:52:01    -1056.653367       18.0490
BFGS:   42 20:52:01    -1057.539734       16.7705
BFGS:   43 20:52:01    -1058.400206       15.3201
BFGS:   44 20:52:01    -1059.217639       13.9510
BFGS:   45 20:52:01    -1060.013387       13.2996
BFGS:   46 20:52:01    -1060.835050       13.9604
BFGS:   47 20:52:01    -1061.696608       15.2382
BFGS:   48 20:52:01    -1062.428890       18.0369
BFGS:   49 20:52:01    -1062.930032       12.7439
BFGS:   50 20:52:01    -1063.415425       14.7819
BFGS:   51 20:52:01    -1063.975735       13.3807
BFGS:   52 20:52:01    -1064.484279       13.6949
BFGS:   53 20:52:01    -1065.042962       14.1247
BFGS:   54 20:52:01    -1065.646782       14.5138
BFGS:   55 20:52:01    -1066.286260       14.9254
BFGS:   56 20:52:01    -1066.889643       15.2346
BFGS:   57 20:52:01    -1067.372271       14.2164
BFGS:   58 20:52:01    -1067.726066       13.3077
BFGS:   59 20:52:01    -1068.047469        9.2405
BFGS:   60 20:52:01    -1068.171292       11.4878
BFGS:   61 20:52:01    -1068.393806        8.1430
BFGS:   62 20:52:01    -1068.523739        9.3177
BFGS:   63 20:52:02    -1068.647112        8.7414
BFGS:   64 20:52:02    -1068.736670        7.1436
BFGS:   65 20:52:02    -1068.733483        6.3649
BFGS:   66 20:52:02    -1068.868653        6.0741
BFGS:   67 20:52:02    -1068.939769        9.8040
BFGS:   68 20:52:02    -1069.049604        6.1547
BFGS:   69 20:52:02    -1069.195163        5.9300
BFGS:   70 20:52:02    -1069.290905        6.2585
BFGS:   71 20:52:02    -1069.388472        6.5182
BFGS:   72 20:52:02    -1069.453005        6.0911
BFGS:   73 20:52:02    -1069.518914        4.7929
BFGS:   74 20:52:02    -1069.564338        3.3760
BFGS:   75 20:52:02    -1069.603193        4.7711
BFGS:   76 20:52:02    -1069.669094        3.7328
BFGS:   77 20:52:02    -1069.642738        5.3541
BFGS:   78 20:52:02    -1069.722094        4.8368
BFGS:   79 20:52:02    -1069.685349        4.2628
BFGS:   80 20:52:02    -1069.765130        3.6450
BFGS:   81 20:52:02    -1069.785558        4.6090
BFGS:   82 20:52:02    -1069.831853        2.3042
BFGS:   83 20:52:02    -1069.868637        3.7905
BFGS:   84 20:52:02    -1069.931526        3.9655
BFGS:   85 20:52:02    -1069.986289        4.1907
BFGS:   86 20:52:02    -1070.044588        4.0715
BFGS:   87 20:52:02    -1070.114096        3.6098
BFGS:   88 20:52:02    -1070.161722        3.3905
BFGS:   89 20:52:03    -1070.228023        3.1576
BFGS:   90 20:52:03    -1070.295313        3.3884
BFGS:   91 20:52:03    -1070.427333        4.0375
BFGS:   92 20:52:03    -1070.573528        4.2937
BFGS:   93 20:52:03    -1070.773209        4.3642
BFGS:   94 20:52:03    -1071.039548        5.1659
BFGS:   95 20:52:03    -1071.367571        5.7090
BFGS:   96 20:52:03    -1071.622743        5.9783
BFGS:   97 20:52:03    -1071.720901        9.7901
BFGS:   98 20:52:03    -1071.843194        7.9064
BFGS:   99 20:52:03    -1071.960815        7.4294
BFGS:  100 20:52:03    -1072.114045        8.6975
BFGS:  101 20:52:03    -1072.286178        8.4147
BFGS:  102 20:52:03    -1072.569793        9.3174
BFGS:  103 20:52:03    -1072.870664       11.1345
BFGS:  104 20:52:03    -1073.200150       11.7667
BFGS:  105 20:52:03    -1073.605185       12.2151
BFGS:  106 20:52:03    -1074.077063       11.4417
BFGS:  107 20:52:03    -1074.489606       11.3922
BFGS:  108 20:52:03    -1074.966385       10.7928
BFGS:  109 20:52:03    -1075.421854       10.6119
BFGS:  110 20:52:03    -1075.902424        9.8743
BFGS:  111 20:52:03    -1076.367971        9.6612
BFGS:  112 20:52:03    -1076.786847        9.4052
BFGS:  113 20:52:03    -1077.264399       10.3921
BFGS:  114 20:52:03    -1077.848233       12.4293
BFGS:  115 20:52:03    -1078.521550       14.0764
BFGS:  116 20:52:04    -1079.134248       15.7146
BFGS:  117 20:52:04    -1079.766926       17.1751
BFGS:  118 20:52:04    -1080.419434       17.7570
BFGS:  119 20:52:04    -1081.004212       16.7300
BFGS:  120 20:52:04    -1081.589780       14.9619
BFGS:  121 20:52:04    -1082.260732       10.4021
BFGS:  122 20:52:04    -1082.786750       13.2466
BFGS:  123 20:52:04    -1083.220347       11.8053
BFGS:  124 20:52:04    -1083.615156       11.7629
BFGS:  125 20:52:04    -1083.963346       10.6063
BFGS:  126 20:52:04    -1084.305327       10.7706
BFGS:  127 20:52:04    -1084.577755       10.8740
BFGS:  128 20:52:04    -1084.819526        9.3313
BFGS:  129 20:52:04    -1085.098518        8.8794
BFGS:  130 20:52:04    -1085.345223        9.7495
BFGS:  131 20:52:04    -1085.638705        8.2849
BFGS:  132 20:52:04    -1085.883434        8.4818
BFGS:  133 20:52:04    -1086.074187        8.0687
BFGS:  134 20:52:04    -1086.234782        7.5959
BFGS:  135 20:52:04    -1086.408244        6.9954
BFGS:  136 20:52:04    -1086.498981        6.4092
BFGS:  137 20:52:04    -1086.710936       10.3334
BFGS:  138 20:52:04    -1086.847371        6.9955
BFGS:  139 20:52:04    -1086.915967        6.6181
BFGS:  140 20:52:04    -1087.002091        7.2299
BFGS:  141 20:52:04    -1087.122520        7.2606
BFGS:  142 20:52:04    -1087.214026        7.4559
BFGS:  143 20:52:04    -1087.339217        9.0265
BFGS:  144 20:52:05    -1087.537337        7.6714
BFGS:  145 20:52:05    -1087.770046        6.2903
BFGS:  146 20:52:05    -1088.030626        4.9821
BFGS:  147 20:52:05    -1088.258063        4.5613
BFGS:  148 20:52:05    -1088.397784        6.2564
BFGS:  149 20:52:05    -1088.553728        3.7056
BFGS:  150 20:52:05    -1088.660467        5.1336
BFGS:  151 20:52:05    -1088.876840        4.9833
BFGS:  152 20:52:05    -1088.844829        4.5985
BFGS:  153 20:52:05    -1089.066694        3.1194
BFGS:  154 20:52:05    -1089.124077        4.0254
BFGS:  155 20:52:05    -1089.183652        2.6381
BFGS:  156 20:52:05    -1089.237841        3.5761
BFGS:  157 20:52:05    -1089.283681        4.6445
BFGS:  158 20:52:05    -1089.343202        3.6661
BFGS:  159 20:52:05    -1089.466871        3.3749
BFGS:  160 20:52:05    -1089.512294        2.9617
BFGS:  161 20:52:05    -1089.588300        3.8228
BFGS:  162 20:52:05    -1089.644011        3.2552
BFGS:  163 20:52:05    -1089.686797        2.8394
BFGS:  164 20:52:05    -1089.737010        5.4405
BFGS:  165 20:52:05    -1089.827759        4.1306
BFGS:  166 20:52:05    -1089.948325        2.7483
BFGS:  167 20:52:05    -1090.028833        3.0892
BFGS:  168 20:52:05    -1090.097531        2.9263
BFGS:  169 20:52:05    -1090.101948        3.8770
BFGS:  170 20:52:05    -1090.149917        3.4513
BFGS:  171 20:52:05    -1090.191328        3.1595
BFGS:  172 20:52:05    -1090.203519        3.6024
BFGS:  173 20:52:06    -1090.224391        2.5248
BFGS:  174 20:52:06    -1090.224261        3.5090
BFGS:  175 20:52:06    -1090.239186        2.0697
BFGS:  176 20:52:06    -1090.238861        2.4937
BFGS:  177 20:52:06    -1090.247149        2.2838
BFGS:  178 20:52:06    -1090.218392        3.7146
BFGS:  179 20:52:06    -1090.245426        3.4955
BFGS:  180 20:52:06    -1090.204040        5.2882
BFGS:  181 20:52:06    -1090.235122        2.5629
BFGS:  182 20:52:06    -1090.160291        4.1138
BFGS:  183 20:52:06    -1090.250866        2.5312
BFGS:  184 20:52:06    -1090.240047        2.6852
BFGS:  185 20:52:06    -1090.259180        2.1396
BFGS:  186 20:52:06    -1090.197521        3.7813
BFGS:  187 20:52:06    -1090.251700        3.4624
BFGS:  188 20:52:06    -1090.165039        3.9668
BFGS:  189 20:52:06    -1090.239762        2.6755
BFGS:  190 20:52:06    -1090.162429        4.3596
BFGS:  191 20:52:06    -1090.257402        2.5151
BFGS:  192 20:52:06    -1090.230732        2.9681
BFGS:  193 20:52:06    -1090.258244        2.2380
BFGS:  194 20:52:06    -1090.167943        4.2297
BFGS:  195 20:52:06    -1090.254248        2.7307
BFGS:  196 20:52:06    -1090.227420        3.1245
BFGS:  197 20:52:06    -1090.261425        2.2244
BFGS:  198 20:52:06    -1090.162115        4.3679
BFGS:  199 20:52:06    -1090.253010        3.4242
BFGS:  200 20:52:06    -1090.139290        4.3794
BFGS:  201 20:52:06    -1090.238213        2.8133
BFGS:  202 20:52:07    -1090.149617        4.7136
BFGS:  203 20:52:07    -1090.263150        2.5336
BFGS:  204 20:52:07    -1090.216791        3.2715
BFGS:  205 20:52:07    -1090.256821        2.3719
BFGS:  206 20:52:07    -1090.156339        4.6086
BFGS:  207 20:52:07    -1090.258899        2.7206
BFGS:  208 20:52:07    -1090.215948        3.3373
BFGS:  209 20:52:07    -1090.259936        2.3420
BFGS:  210 20:52:07    -1090.157133        4.6217
BFGS:  211 20:52:07    -1090.259365        2.7437
BFGS:  212 20:52:07    -1090.210031        3.4757
BFGS:  213 20:52:07    -1090.259766        2.3964
BFGS:  214 20:52:07    -1090.156868        4.6566
BFGS:  215 20:52:07    -1090.259279        3.3666
BFGS:  216 20:52:07    -1090.158554        4.1339
BFGS:  217 20:52:07    -1090.246158        2.7163
BFGS:  218 20:52:07    -1090.164329        4.6285
BFGS:  219 20:52:07    -1090.267754        2.5472
BFGS:  220 20:52:07    -1090.205571        3.5146
BFGS:  221 20:52:07    -1090.256272        2.4874
BFGS:  222 20:52:07    -1090.160511        4.6578
BFGS:  223 20:52:07    -1090.264481        2.6721
BFGS:  224 20:52:07    -1090.201082        3.6183
BFGS:  225 20:52:07    -1090.257602        2.4904
BFGS:  226 20:52:07    -1090.162981        4.6500
BFGS:  227 20:52:07    -1090.265357        2.6738
BFGS:  228 20:52:07    -1090.195139        3.7284
BFGS:  229 20:52:07    -1090.256335        2.5510
BFGS:  230 20:52:07    -1090.158669        4.6849
BFGS:  231 20:52:07    -1090.266101        2.6832
BFGS:  232 20:52:08    -1090.183160        3.8852
BFGS:  233 20:52:08    -1090.255145        2.5942
BFGS:  234 20:52:08    -1090.162990        4.5823
BFGS:  235 20:52:08    -1090.268802        2.6204
BFGS:  236 20:52:08    -1090.187589        3.8245
BFGS:  237 20:52:08    -1090.255431        2.5916
BFGS:  238 20:52:08    -1090.162403        4.5916
BFGS:  239 20:52:08    -1090.269483        3.3141
BFGS:  240 20:52:08    -1090.178181        3.8972
BFGS:  241 20:52:08    -1090.253364        2.6299
BFGS:  242 20:52:08    -1090.172586        4.5584
BFGS:  243 20:52:08    -1090.271834        2.5775
BFGS:  244 20:52:08    -1090.194061        3.7249
BFGS:  245 20:52:08    -1090.256493        2.5733
BFGS:  246 20:52:08    -1090.170710        4.6034
BFGS:  247 20:52:08    -1090.271270        2.6107
BFGS:  248 20:52:08    -1090.192393        3.7633
BFGS:  249 20:52:08    -1090.257086        2.5817
BFGS:  250 20:52:08    -1090.170762        4.6079
BFGS:  251 20:52:08    -1090.272227        2.5942
BFGS:  252 20:52:08    -1090.193653        3.7369
BFGS:  253 20:52:08    -1090.257831        2.5753
BFGS:  254 20:52:08    -1090.164852        4.5543
BFGS:  255 20:52:08    -1090.272117        3.3069
BFGS:  256 20:52:08    -1090.180304        3.8853
BFGS:  257 20:52:08    -1090.255532        2.6276
BFGS:  258 20:52:08    -1090.175672        4.4932
BFGS:  259 20:52:08    -1090.274564        2.5615
BFGS:  260 20:52:08    -1090.196272        3.7259
BFGS:  261 20:52:09    -1090.258541        2.5798
BFGS:  262 20:52:09    -1090.172660        4.5623
BFGS:  263 20:52:09    -1090.273870        2.5932
BFGS:  264 20:52:09    -1090.195553        3.7499
BFGS:  265 20:52:09    -1090.259276        2.5830
BFGS:  266 20:52:09    -1090.172971        4.5712
BFGS:  267 20:52:09    -1090.274576        2.5797
BFGS:  268 20:52:09    -1090.195726        5.5201
BFGS:  269 20:52:09    -1090.260073        3.4297
BFGS:  270 20:52:09    -1090.194687        4.2086
BFGS:  271 20:52:09    -1090.276967        2.5520
BFGS:  272 20:52:09    -1090.198168        3.6924
BFGS:  273 20:52:09    -1090.260850        2.5802
BFGS:  274 20:52:09    -1090.180073        4.3855
BFGS:  275 20:52:09    -1090.275239        2.5806
BFGS:  276 20:52:09    -1090.190453        3.8077
BFGS:  277 20:52:09    -1090.261123        2.6157
BFGS:  278 20:52:09    -1090.178250        4.4635
BFGS:  279 20:52:09    -1090.276386        2.5662
BFGS:  280 20:52:09    -1090.193354        3.8120
BFGS:  281 20:52:09    -1090.261962        2.6053
BFGS:  282 20:52:09    -1090.177936        4.4271
BFGS:  283 20:52:09    -1090.276813        2.5650
BFGS:  284 20:52:09    -1090.194659        3.8107
BFGS:  285 20:52:09    -1090.262475        2.6056
BFGS:  286 20:52:09    -1090.177104        4.4388
BFGS:  287 20:52:09    -1090.277205        3.3055
BFGS:  288 20:52:09    -1090.192067        3.8152
BFGS:  289 20:52:09    -1090.262181        2.6139
BFGS:  290 20:52:10    -1090.186798        4.3712
BFGS:  291 20:52:10    -1090.278480        2.5401
BFGS:  292 20:52:10    -1090.199203        3.7812
BFGS:  293 20:52:10    -1090.263357        2.6139
BFGS:  294 20:52:10    -1090.181991        4.4645
BFGS:  295 20:52:10    -1090.278341        2.5438
BFGS:  296 20:52:10    -1090.200576        3.7549
BFGS:  297 20:52:10    -1090.264535        2.6039
BFGS:  298 20:52:10    -1090.182834        4.4402
BFGS:  299 20:52:10    -1090.278628        2.5552
BFGS:  300 20:52:10    -1090.197684        3.8063
BFGS:  301 20:52:10    -1090.264460        2.6115
BFGS:  302 20:52:10    -1090.176964        4.4710
BFGS:  303 20:52:10    -1090.278514        3.3028
BFGS:  304 20:52:10    -1090.195921        3.8086
BFGS:  305 20:52:10    -1090.264441        2.6136
BFGS:  306 20:52:10    -1090.186576        4.3849
BFGS:  307 20:52:10    -1090.279716        2.5388
BFGS:  308 20:52:10    -1090.201234        3.7893
BFGS:  309 20:52:10    -1090.265334        2.6190
BFGS:  310 20:52:10    -1090.182340        4.4672
BFGS:  311 20:52:10    -1090.279701        2.5383
BFGS:  312 20:52:10    -1090.202574        3.7642
BFGS:  313 20:52:10    -1090.266326        3.4359
BFGS:  314 20:52:10    -1090.174645        4.6476
BFGS:  315 20:52:10    -1090.278812        2.5876
BFGS:  316 20:52:10    -1090.205897        3.7307
BFGS:  317 20:52:10    -1090.267539        2.5796
BFGS:  318 20:52:10    -1090.186817        4.3578
BFGS:  319 20:52:10    -1090.279727        2.5539
BFGS:  320 20:52:11    -1090.198654        3.8347
BFGS:  321 20:52:11    -1090.266368        2.6358
BFGS:  322 20:52:11    -1090.182801        4.4539
BFGS:  323 20:52:11    -1090.281125        2.5208
BFGS:  324 20:52:11    -1090.203479        5.4889
BFGS:  325 20:52:11    -1090.268686        2.5694
BFGS:  326 20:52:11    -1090.220367        3.7409
BFGS:  327 20:52:11    -1090.285223        2.4290
BFGS:  328 20:52:11    -1090.199010        3.8214
BFGS:  329 20:52:11    -1090.265955        2.6697
BFGS:  330 20:52:11    -1090.180280        4.4450
BFGS:  331 20:52:11    -1090.281845        2.5245
BFGS:  332 20:52:11    -1090.205207        3.7566
BFGS:  333 20:52:11    -1090.268868        2.6108
BFGS:  334 20:52:11    -1090.181310        4.4359
BFGS:  335 20:52:11    -1090.281126        2.5486
BFGS:  336 20:52:11    -1090.206373        3.7566
BFGS:  337 20:52:11    -1090.269788        3.4353
BFGS:  338 20:52:11    -1090.172325        4.6837
BFGS:  339 20:52:11    -1090.280026        2.5922
BFGS:  340 20:52:11    -1090.210517        3.7078
BFGS:  341 20:52:11    -1090.271591        2.5689
BFGS:  342 20:52:11    -1090.192512        4.3089
BFGS:  343 20:52:11    -1090.281776        2.5350
BFGS:  344 20:52:11    -1090.206131        3.7827
BFGS:  345 20:52:11    -1090.270502        2.6187
BFGS:  346 20:52:11    -1090.189967        4.3654
BFGS:  347 20:52:11    -1090.282548        2.5213
BFGS:  348 20:52:11    -1090.206408        3.7855
BFGS:  349 20:52:12    -1090.270735        2.6213
BFGS:  350 20:52:12    -1090.184475        4.4106
BFGS:  351 20:52:12    -1090.282152        3.2982
BFGS:  352 20:52:12    -1090.202811        3.8311
BFGS:  353 20:52:12    -1090.270528        2.6314
BFGS:  354 20:52:12    -1090.191283        4.3383
BFGS:  355 20:52:12    -1090.283209        2.5184
BFGS:  356 20:52:12    -1090.208229        3.7847
BFGS:  357 20:52:12    -1090.271548        2.6233
BFGS:  358 20:52:12    -1090.188969        4.3945
BFGS:  359 20:52:12    -1090.282987        2.5253
BFGS:  360 20:52:12    -1090.208323        3.7870
BFGS:  361 20:52:12    -1090.272119        2.6226
BFGS:  362 20:52:12    -1090.187987        4.4002
BFGS:  363 20:52:12    -1090.283192        2.5308
BFGS:  364 20:52:12    -1090.208196        3.7946
BFGS:  365 20:52:12    -1090.272341        2.6221
BFGS:  366 20:52:12    -1090.182082        4.4706
BFGS:  367 20:52:12    -1090.282649        3.2958
BFGS:  368 20:52:12    -1090.205907        3.8187
BFGS:  369 20:52:12    -1090.272364        2.6257
BFGS:  370 20:52:12    -1090.189453        4.3825
BFGS:  371 20:52:12    -1090.283676        2.5272
BFGS:  372 20:52:12    -1090.210362        3.7802
BFGS:  373 20:52:12    -1090.273258        2.6196
BFGS:  374 20:52:12    -1090.187419        4.4312
BFGS:  375 20:52:12    -1090.283451        2.5373
BFGS:  376 20:52:12    -1090.210033        5.4781
BFGS:  377 20:52:12    -1090.275742        2.5639
BFGS:  378 20:52:12    -1090.232773        3.6354
BFGS:  379 20:52:13    -1090.288965        3.3068
BFGS:  380 20:52:13    -1090.196163        3.9350
BFGS:  381 20:52:13    -1090.269581        2.7275
BFGS:  382 20:52:13    -1090.187715        4.4085
BFGS:  383 20:52:13    -1090.285822        2.4905
BFGS:  384 20:52:13    -1090.212964        3.7451
BFGS:  385 20:52:13    -1090.274573        2.6192
BFGS:  386 20:52:13    -1090.190021        4.3991
BFGS:  387 20:52:13    -1090.284318        2.5348
BFGS:  388 20:52:13    -1090.213329        3.7537
BFGS:  389 20:52:13    -1090.275564        2.6077
BFGS:  390 20:52:13    -1090.189538        4.4255
BFGS:  391 20:52:13    -1090.284144        2.5435
BFGS:  392 20:52:13    -1090.212819        3.7643
BFGS:  393 20:52:13    -1090.275945        2.6058
BFGS:  394 20:52:13    -1090.186795        4.4469
BFGS:  395 20:52:13    -1090.283929        2.5505
BFGS:  396 20:52:13    -1090.213273        3.7659
BFGS:  397 20:52:13    -1090.276431        2.6038
BFGS:  398 20:52:13    -1090.186044        4.4511
BFGS:  399 20:52:13    -1090.283854        3.2886
BFGS:  400 20:52:13    -1090.210894        3.7953
BFGS:  401 20:52:13    -1090.276300        2.6131
BFGS:  402 20:52:13    -1090.191990        4.3794
BFGS:  403 20:52:13    -1090.284680        2.5358
BFGS:  404 20:52:13    -1090.214593        3.7681
BFGS:  405 20:52:13    -1090.277032        2.6111
BFGS:  406 20:52:13    -1090.190166        4.4231
BFGS:  407 20:52:13    -1090.284511        2.5394
BFGS:  408 20:52:14    -1090.214518        3.7721
BFGS:  409 20:52:14    -1090.277458        2.6119
BFGS:  410 20:52:14    -1090.189363        4.4250
BFGS:  411 20:52:14    -1090.284677        2.5431
BFGS:  412 20:52:14    -1090.214464        3.7777
BFGS:  413 20:52:14    -1090.277654        2.6116
BFGS:  414 20:52:14    -1090.184323        4.4858
BFGS:  415 20:52:14    -1090.284138        3.2877
BFGS:  416 20:52:14    -1090.212316        3.8033
BFGS:  417 20:52:14    -1090.277668        2.6157
BFGS:  418 20:52:14    -1090.190755        4.4053
BFGS:  419 20:52:14    -1090.285051        2.5396
BFGS:  420 20:52:14    -1090.216030        3.7712
BFGS:  421 20:52:14    -1090.278408        2.6114
BFGS:  422 20:52:14    -1090.189047        4.4458
BFGS:  423 20:52:14    -1090.284853        2.5474
BFGS:  424 20:52:14    -1090.216058        3.7774
BFGS:  425 20:52:14    -1090.278716        2.6132
BFGS:  426 20:52:14    -1090.187707        4.4754
BFGS:  427 20:52:14    -1090.284892        3.2850
BFGS:  428 20:52:14    -1090.211905        3.8233
BFGS:  429 20:52:14    -1090.278171        2.6278
BFGS:  430 20:52:14    -1090.189039        4.4405
BFGS:  431 20:52:14    -1090.285436        2.5405
BFGS:  432 20:52:14    -1090.216694        3.7753
BFGS:  433 20:52:14    -1090.279221        2.6134
BFGS:  434 20:52:14    -1090.187838        4.4725
BFGS:  435 20:52:14    -1090.285132        2.5516
BFGS:  436 20:52:14    -1090.215621        5.4676
BFGS:  437 20:52:14    -1090.282246        2.5406
BFGS:  438 20:52:15    -1090.239787        3.5484
BFGS:  439 20:52:15    -1090.291230        2.3921
BFGS:  440 20:52:15    -1090.209633        3.8599
BFGS:  441 20:52:15    -1090.276403        2.6993
BFGS:  442 20:52:15    -1090.183471        4.5303
BFGS:  443 20:52:15    -1090.286422        2.5288
BFGS:  444 20:52:15    -1090.217971        3.7527
BFGS:  445 20:52:15    -1090.280293        2.6093
BFGS:  446 20:52:15    -1090.187009        4.4730
BFGS:  447 20:52:15    -1090.285307        2.5588
BFGS:  448 20:52:15    -1090.218557        3.7549
BFGS:  449 20:52:15    -1090.281132        2.5975
BFGS:  450 20:52:15    -1090.186687        4.4757
BFGS:  451 20:52:15    -1090.285003        3.2821
BFGS:  452 20:52:15    -1090.215974        3.7911
BFGS:  453 20:52:15    -1090.281042        2.6070
BFGS:  454 20:52:15    -1090.192848        4.3974
BFGS:  455 20:52:15    -1090.285891        2.5460
BFGS:  456 20:52:15    -1090.219783        3.7579
BFGS:  457 20:52:15    -1090.281768        2.6024
BFGS:  458 20:52:15    -1090.191319        4.4352
BFGS:  459 20:52:15    -1090.285665        2.5533
BFGS:  460 20:52:15    -1090.219979        3.7631
BFGS:  461 20:52:15    -1090.282092        2.6038
BFGS:  462 20:52:15    -1090.190122        4.4635
BFGS:  463 20:52:15    -1090.285699        3.2792
BFGS:  464 20:52:15    -1090.215639        3.8174
BFGS:  465 20:52:15    -1090.281477        2.6218
BFGS:  466 20:52:15    -1090.191219        4.4336
BFGS:  467 20:52:15    -1090.286196        2.5458
BFGS:  468 20:52:16    -1090.220538        3.7651
BFGS:  469 20:52:16    -1090.282535        2.6058
BFGS:  470 20:52:16    -1090.190224        4.4615
BFGS:  471 20:52:16    -1090.285855        2.5569
BFGS:  472 20:52:16    -1090.220656        3.7691
BFGS:  473 20:52:16    -1090.282874        2.6054
BFGS:  474 20:52:16    -1090.189021        4.4878
BFGS:  475 20:52:16    -1090.285897        3.2770
BFGS:  476 20:52:16    -1090.216887        3.8144
BFGS:  477 20:52:16    -1090.282366        2.6198
BFGS:  478 20:52:16    -1090.190118        4.4589
BFGS:  479 20:52:16    -1090.286304        2.5519
BFGS:  480 20:52:16    -1090.221145        3.7692
BFGS:  481 20:52:16    -1090.283310        2.6059
BFGS:  482 20:52:16    -1090.189134        4.4854
BFGS:  483 20:52:16    -1090.286006        2.5618
BFGS:  484 20:52:16    -1090.221240        3.7726
BFGS:  485 20:52:16    -1090.283619        2.6057
BFGS:  486 20:52:16    -1090.187896        4.5106
BFGS:  487 20:52:16    -1090.286069        3.2753
BFGS:  488 20:52:16    -1090.217419        5.4748
BFGS:  489 20:52:16    -1090.286234        2.5411
BFGS:  490 20:52:16    -1090.244110        3.5097
BFGS:  491 20:52:16    -1090.292905        2.3808
BFGS:  492 20:52:16    -1090.214628        3.8550
BFGS:  493 20:52:16    -1090.280317        2.7028
BFGS:  494 20:52:16    -1090.185955        4.5275
BFGS:  495 20:52:16    -1090.287341        2.5461
BFGS:  496 20:52:16    -1090.218080        3.7999
BFGS:  497 20:52:17    -1090.283689        2.6278
BFGS:  498 20:52:17    -1090.185304        4.5514
BFGS:  499 20:52:17    -1090.286485        3.2812
