      Step     Time          Energy         fmax
BFGS:    0 20:51:43     -829.184984      164.7585
BFGS:    1 20:51:43     -861.834642      135.1061
BFGS:    2 20:51:43     -876.143036      145.6998
BFGS:    3 20:51:43     -889.531297      141.3748
BFGS:    4 20:51:43     -900.267853      139.3057
BFGS:    5 20:51:43     -910.098226      130.4061
BFGS:    6 20:51:43     -920.842932      121.0033
BFGS:    7 20:51:43     -930.510546      101.1697
BFGS:    8 20:51:43     -939.349900       96.7803
BFGS:    9 20:51:43     -948.538601       86.5920
BFGS:   10 20:51:43     -959.324812       75.6007
BFGS:   11 20:51:43     -969.021547       69.5544
BFGS:   12 20:51:43     -976.612416       64.0829
BFGS:   13 20:51:43     -982.606035       63.7413
BFGS:   14 20:51:43     -988.084753       58.6030
BFGS:   15 20:51:43     -992.749116       56.7736
BFGS:   16 20:51:43     -997.444277       53.7953
BFGS:   17 20:51:43    -1003.232926       49.4291
BFGS:   18 20:51:43    -1007.397463       45.7092
BFGS:   19 20:51:43    -1011.044066       42.9548
BFGS:   20 20:51:43    -1014.501218       40.3187
BFGS:   21 20:51:43    -1017.639662       38.0495
BFGS:   22 20:51:44    -1020.098815       36.1902
BFGS:   23 20:51:44    -1022.366019       34.4665
BFGS:   24 20:51:44    -1024.516519       32.7291
BFGS:   25 20:51:44    -1026.804653       31.1672
BFGS:   26 20:51:44    -1028.990893       30.0792
BFGS:   27 20:51:44    -1031.079036       28.8729
BFGS:   28 20:51:44    -1033.262300       27.7108
BFGS:   29 20:51:44    -1035.236149       26.0149
BFGS:   30 20:51:44    -1036.740232       24.2744
BFGS:   31 20:51:44    -1037.974370       22.7734
BFGS:   32 20:51:44    -1039.144562       20.9422
BFGS:   33 20:51:44    -1040.319984       19.4422
BFGS:   34 20:51:44    -1041.574408       18.9927
BFGS:   35 20:51:44    -1042.869137       19.2354
BFGS:   36 20:51:44    -1044.310884       18.7252
BFGS:   37 20:51:44    -1045.660805       17.9173
BFGS:   38 20:51:44    -1046.911122       17.0045
BFGS:   39 20:51:44    -1048.133990       15.7633
BFGS:   40 20:51:44    -1049.334668       15.1923
BFGS:   41 20:51:44    -1050.474295       14.5718
BFGS:   42 20:51:44    -1051.547464       14.2189
BFGS:   43 20:51:44    -1052.573288       13.4414
BFGS:   44 20:51:44    -1053.568457       13.5526
BFGS:   45 20:51:44    -1054.635772       11.0190
BFGS:   46 20:51:44    -1055.647611       10.2672
BFGS:   47 20:51:45    -1056.421641        9.1642
BFGS:   48 20:51:45    -1057.077102        8.6054
BFGS:   49 20:51:45    -1057.808244        7.8695
BFGS:   50 20:51:45    -1058.413263        7.7760
BFGS:   51 20:51:45    -1058.948100        8.1743
BFGS:   52 20:51:45    -1059.455773        6.8897
BFGS:   53 20:51:45    -1059.983292        7.1793
BFGS:   54 20:51:45    -1060.500776        8.0672
BFGS:   55 20:51:45    -1060.966783        8.4700
BFGS:   56 20:51:45    -1061.411473        8.6129
BFGS:   57 20:51:45    -1061.817379        8.1742
BFGS:   58 20:51:45    -1062.206613        7.9923
BFGS:   59 20:51:45    -1062.567061        6.7306
BFGS:   60 20:51:45    -1062.895166        7.2921
BFGS:   61 20:51:45    -1063.215594        7.6211
BFGS:   62 20:51:45    -1063.528767        7.8119
BFGS:   63 20:51:45    -1063.835498        7.8788
BFGS:   64 20:51:45    -1064.128711        7.8166
BFGS:   65 20:51:45    -1064.434039        7.9088
BFGS:   66 20:51:45    -1064.750386        8.4213
BFGS:   67 20:51:45    -1065.079929        8.8692
BFGS:   68 20:51:45    -1065.473491        9.9704
BFGS:   69 20:51:45    -1066.049456       10.8833
BFGS:   70 20:51:45    -1066.658979       12.0213
BFGS:   71 20:51:45    -1067.368700       10.1931
BFGS:   72 20:51:45    -1068.001302        9.7034
BFGS:   73 20:51:45    -1068.672669        8.5031
BFGS:   74 20:51:46    -1069.379689        7.8962
BFGS:   75 20:51:46    -1070.183084        7.6199
BFGS:   76 20:51:46    -1070.895342        7.2072
BFGS:   77 20:51:46    -1071.424271        6.6622
BFGS:   78 20:51:46    -1071.874466        6.0462
BFGS:   79 20:51:46    -1072.272580        6.1200
BFGS:   80 20:51:46    -1072.679117        5.9760
BFGS:   81 20:51:46    -1073.124370        5.9445
BFGS:   82 20:51:46    -1073.620870        5.2420
BFGS:   83 20:51:46    -1074.114469        5.9676
BFGS:   84 20:51:46    -1074.643730        7.0973
BFGS:   85 20:51:46    -1075.219903        8.0311
BFGS:   86 20:51:46    -1075.839494        9.0701
BFGS:   87 20:51:46    -1076.501263        9.9824
BFGS:   88 20:51:46    -1077.172482       10.9599
BFGS:   89 20:51:46    -1077.867144       11.7053
BFGS:   90 20:51:46    -1078.572924       12.4656
BFGS:   91 20:51:46    -1079.288124       12.8796
BFGS:   92 20:51:46    -1080.009764       13.2682
BFGS:   93 20:51:46    -1080.772354       12.6481
BFGS:   94 20:51:46    -1081.491584       10.6813
BFGS:   95 20:51:46    -1082.181445        9.6114
BFGS:   96 20:51:46    -1082.823895        6.7588
BFGS:   97 20:51:46    -1083.243163        3.8307
BFGS:   98 20:51:46    -1083.530730        4.7209
BFGS:   99 20:51:46    -1083.762044        3.5205
BFGS:  100 20:51:46    -1083.966424        3.4062
BFGS:  101 20:51:46    -1084.211767        3.5577
BFGS:  102 20:51:46    -1084.463098        4.2088
BFGS:  103 20:51:46    -1084.720481        5.7492
BFGS:  104 20:51:46    -1084.981909        7.3815
BFGS:  105 20:51:47    -1085.244952        8.8398
BFGS:  106 20:51:47    -1085.498092       10.1325
BFGS:  107 20:51:47    -1085.773423       11.0002
BFGS:  108 20:51:47    -1086.075614       11.0987
BFGS:  109 20:51:47    -1086.404695       10.9677
BFGS:  110 20:51:47    -1086.701492       10.0424
BFGS:  111 20:51:47    -1087.125117        9.1063
BFGS:  112 20:51:47    -1087.572425        6.9849
BFGS:  113 20:51:47    -1088.141331        4.9890
BFGS:  114 20:51:47    -1088.681334        4.8471
BFGS:  115 20:51:47    -1089.152649        4.2780
BFGS:  116 20:51:47    -1089.545666        4.9337
BFGS:  117 20:51:47    -1089.952990        5.1135
BFGS:  118 20:51:47    -1090.383415        5.6046
BFGS:  119 20:51:47    -1090.859768        5.0877
BFGS:  120 20:51:47    -1091.279281        5.8543
BFGS:  121 20:51:47    -1091.738304        5.4194
BFGS:  122 20:51:47    -1092.016747        5.7168
BFGS:  123 20:51:47    -1092.244821        6.0427
BFGS:  124 20:51:47    -1092.519684        6.8397
BFGS:  125 20:51:47    -1092.884873        8.0315
BFGS:  126 20:51:47    -1093.335398        9.1205
BFGS:  127 20:51:47    -1093.758410        9.2459
BFGS:  128 20:51:47    -1094.139727        7.0342
BFGS:  129 20:51:47    -1094.700260        7.4474
BFGS:  130 20:51:47    -1095.406216        7.7625
BFGS:  131 20:51:47    -1095.831804        6.5459
BFGS:  132 20:51:47    -1096.224863        4.1735
BFGS:  133 20:51:47    -1096.522695        4.9368
BFGS:  134 20:51:47    -1096.825726        4.1768
BFGS:  135 20:51:47    -1097.109749        4.5827
BFGS:  136 20:51:48    -1097.398186        4.7799
BFGS:  137 20:51:48    -1097.639888        5.4013
BFGS:  138 20:51:48    -1097.889265        5.3502
BFGS:  139 20:51:48    -1098.131556        5.3056
BFGS:  140 20:51:48    -1098.446002        6.0255
BFGS:  141 20:51:48    -1098.666805        6.5869
BFGS:  142 20:51:48    -1098.914886        6.7048
BFGS:  143 20:51:48    -1099.160430        6.6645
BFGS:  144 20:51:48    -1099.422455        6.0784
BFGS:  145 20:51:48    -1099.720883        5.2470
BFGS:  146 20:51:48    -1100.083340        4.8093
BFGS:  147 20:51:48    -1100.408177        5.0242
BFGS:  148 20:51:48    -1100.681122        5.7698
BFGS:  149 20:51:48    -1100.929683        6.2334
BFGS:  150 20:51:48    -1101.214320        5.6518
BFGS:  151 20:51:48    -1101.564874        5.4919
BFGS:  152 20:51:48    -1101.997938        4.9654
BFGS:  153 20:51:48    -1102.342707        4.2629
BFGS:  154 20:51:48    -1102.690651        3.7704
BFGS:  155 20:51:48    -1102.852184        3.6935
BFGS:  156 20:51:48    -1102.945405        2.4079
BFGS:  157 20:51:48    -1103.026873        2.2977
BFGS:  158 20:51:48    -1103.110560        2.2221
BFGS:  159 20:51:48    -1103.184526        2.5623
BFGS:  160 20:51:48    -1103.315964        4.3439
BFGS:  161 20:51:48    -1103.448463        6.0244
BFGS:  162 20:51:48    -1103.589249        6.4091
BFGS:  163 20:51:48    -1103.731905        7.1978
BFGS:  164 20:51:48    -1103.904397        5.6098
BFGS:  165 20:51:48    -1104.074731        5.8487
BFGS:  166 20:51:48    -1104.228637        4.7523
BFGS:  167 20:51:48    -1104.302245        4.0143
BFGS:  168 20:51:49    -1104.278194        3.0741
BFGS:  169 20:51:49    -1104.383983        2.9058
BFGS:  170 20:51:49    -1104.406510        2.8011
BFGS:  171 20:51:49    -1104.430376        2.6307
BFGS:  172 20:51:49    -1104.451375        2.1031
BFGS:  173 20:51:49    -1104.457728        2.0673
BFGS:  174 20:51:49    -1104.465722        1.7294
BFGS:  175 20:51:49    -1104.479641        1.3315
BFGS:  176 20:51:49    -1104.490235        0.9935
BFGS:  177 20:51:49    -1104.499183        0.8144
BFGS:  178 20:51:49    -1104.507163        0.7514
BFGS:  179 20:51:49    -1104.514590        1.2804
BFGS:  180 20:51:49    -1104.519149        0.9865
BFGS:  181 20:51:49    -1104.523817        0.8048
BFGS:  182 20:51:49    -1104.527586        0.8843
BFGS:  183 20:51:49    -1104.529442        0.4215
BFGS:  184 20:51:49    -1104.531487        0.2614
BFGS:  185 20:51:49    -1104.532281        0.2597
BFGS:  186 20:51:49    -1104.532248        0.6126
BFGS:  187 20:51:49    -1104.532521        0.5892
BFGS:  188 20:51:49    -1104.531997        0.3996
BFGS:  189 20:51:49    -1104.532430        0.3483
BFGS:  190 20:51:49    -1104.532554        0.5861
BFGS:  191 20:51:49    -1104.532629        0.3080
BFGS:  192 20:51:49    -1104.532713        0.2845
BFGS:  193 20:51:49    -1104.531546        0.7752
BFGS:  194 20:51:49    -1104.532660        0.6019
BFGS:  195 20:51:49    -1104.530585        0.7040
BFGS:  196 20:51:49    -1104.532273        0.4240
BFGS:  197 20:51:49    -1104.531424        0.7962
BFGS:  198 20:51:49    -1104.532802        0.2745
BFGS:  199 20:51:49    -1104.532651        0.6051
BFGS:  200 20:51:49    -1104.532863        0.2511
BFGS:  201 20:51:50    -1104.532821        0.5727
BFGS:  202 20:51:50    -1104.532869        0.5629
BFGS:  203 20:51:50    -1104.530179        0.8135
BFGS:  204 20:51:50    -1104.532123        0.4812
BFGS:  205 20:51:50    -1104.531174        0.8371
BFGS:  206 20:51:50    -1104.532764        0.2943
BFGS:  207 20:51:50    -1104.532682        0.6004
BFGS:  208 20:51:50    -1104.532836        0.2660
BFGS:  209 20:51:50    -1104.532876        0.2492
BFGS:  210 20:51:50    -1104.531235        0.8229
BFGS:  211 20:51:50    -1104.532542        0.6222
BFGS:  212 20:51:50    -1104.530068        0.8165
BFGS:  213 20:51:50    -1104.532191        0.4581
BFGS:  214 20:51:50    -1104.531264        0.8146
BFGS:  215 20:51:50    -1104.532778        0.2903
BFGS:  216 20:51:50    -1104.532670        0.5983
BFGS:  217 20:51:50    -1104.532845        0.2643
BFGS:  218 20:51:50    -1104.532863        0.5622
BFGS:  219 20:51:50    -1104.532857        0.2592
BFGS:  220 20:51:50    -1104.532866        0.2559
BFGS:  221 20:51:50    -1104.531389        0.7803
BFGS:  222 20:51:50    -1104.532585        0.6094
BFGS:  223 20:51:50    -1104.530371        0.7363
BFGS:  224 20:51:50    -1104.532250        0.4334
BFGS:  225 20:51:50    -1104.531363        0.7801
BFGS:  226 20:51:50    -1104.532785        0.2878
BFGS:  227 20:51:50    -1104.532683        0.5916
BFGS:  228 20:51:50    -1104.532846        0.2649
BFGS:  229 20:51:50    -1104.532865        0.5601
BFGS:  230 20:51:50    -1104.532858        0.2601
BFGS:  231 20:51:50    -1104.532866        0.2570
BFGS:  232 20:51:50    -1104.531393        0.7802
BFGS:  233 20:51:51    -1104.532587        0.6082
BFGS:  234 20:51:51    -1104.530341        0.7438
BFGS:  235 20:51:51    -1104.532240        0.4372
BFGS:  236 20:51:51    -1104.531369        0.7802
BFGS:  237 20:51:51    -1104.532780        0.2902
BFGS:  238 20:51:51    -1104.532691        0.5900
BFGS:  239 20:51:51    -1104.532843        0.2669
BFGS:  240 20:51:51    -1104.532873        0.5583
BFGS:  241 20:51:51    -1104.532854        0.2620
BFGS:  242 20:51:51    -1104.532862        0.2588
BFGS:  243 20:51:51    -1104.531344        0.7909
BFGS:  244 20:51:51    -1104.532584        0.6093
BFGS:  245 20:51:51    -1104.530224        0.7709
BFGS:  246 20:51:51    -1104.532211        0.4471
BFGS:  247 20:51:51    -1104.531326        0.7901
BFGS:  248 20:51:51    -1104.532775        0.2925
BFGS:  249 20:51:51    -1104.532689        0.5910
BFGS:  250 20:51:51    -1104.532840        0.2681
BFGS:  251 20:51:51    -1104.532876        0.5578
BFGS:  252 20:51:51    -1104.532852        0.2630
BFGS:  253 20:51:51    -1104.532860        0.2596
BFGS:  254 20:51:51    -1104.531289        0.8011
BFGS:  255 20:51:51    -1104.532576        0.6112
BFGS:  256 20:51:51    -1104.530114        0.7949
BFGS:  257 20:51:51    -1104.532190        0.4564
BFGS:  258 20:51:51    -1104.531230        0.8058
BFGS:  259 20:51:51    -1104.532775        0.2928
BFGS:  260 20:51:51    -1104.532676        0.5946
BFGS:  261 20:51:51    -1104.532841        0.2673
BFGS:  262 20:51:51    -1104.532871        0.5592
BFGS:  263 20:51:51    -1104.532854        0.2621
BFGS:  264 20:51:51    -1104.532863        0.2587
BFGS:  265 20:51:51    -1104.531244        0.8072
BFGS:  266 20:51:52    -1104.532564        0.6134
BFGS:  267 20:51:52    -1104.530029        0.8097
BFGS:  268 20:51:52    -1104.532173        0.4609
BFGS:  269 20:51:52    -1104.531214        0.8087
BFGS:  270 20:51:52    -1104.532771        0.2939
BFGS:  271 20:51:52    -1104.532674        0.5950
BFGS:  272 20:51:52    -1104.532840        0.2678
BFGS:  273 20:51:52    -1104.532872        0.5590
BFGS:  274 20:51:52    -1104.532853        0.2625
BFGS:  275 20:51:52    -1104.532862        0.2590
BFGS:  276 20:51:52    -1104.531221        0.8100
BFGS:  277 20:51:52    -1104.532560        0.6139
BFGS:  278 20:51:52    -1104.529988        0.8162
BFGS:  279 20:51:52    -1104.532160        0.4620
BFGS:  280 20:51:52    -1104.531219        0.8072
BFGS:  281 20:51:52    -1104.532769        0.2947
BFGS:  282 20:51:52    -1104.532674        0.5942
BFGS:  283 20:51:52    -1104.532838        0.2684
BFGS:  284 20:51:52    -1104.532874        0.5586
BFGS:  285 20:51:52    -1104.532852        0.2629
BFGS:  286 20:51:52    -1104.532861        0.2594
BFGS:  287 20:51:52    -1104.531213        0.8112
BFGS:  288 20:51:52    -1104.532560        0.6139
BFGS:  289 20:51:52    -1104.529974        0.8183
BFGS:  290 20:51:52    -1104.532158        0.4625
BFGS:  291 20:51:52    -1104.531213        0.8078
BFGS:  292 20:51:52    -1104.532769        0.2947
BFGS:  293 20:51:52    -1104.532672        0.5944
BFGS:  294 20:51:52    -1104.532839        0.2684
BFGS:  295 20:51:52    -1104.532873        0.5586
BFGS:  296 20:51:52    -1104.532852        0.2629
BFGS:  297 20:51:52    -1104.532861        0.2593
BFGS:  298 20:51:52    -1104.531211        0.8107
BFGS:  299 20:51:53    -1104.532559        0.6138
BFGS:  300 20:51:53    -1104.529969        0.8178
BFGS:  301 20:51:53    -1104.532157        0.4623
BFGS:  302 20:51:53    -1104.531213        0.8071
BFGS:  303 20:51:53    -1104.532769        0.2947
BFGS:  304 20:51:53    -1104.532672        0.5942
BFGS:  305 20:51:53    -1104.532839        0.2684
BFGS:  306 20:51:53    -1104.532873        0.5586
BFGS:  307 20:51:53    -1104.532852        0.2629
BFGS:  308 20:51:53    -1104.532861        0.2594
BFGS:  309 20:51:53    -1104.531211        0.8103
BFGS:  310 20:51:53    -1104.532559        0.6137
BFGS:  311 20:51:53    -1104.529968        0.8174
BFGS:  312 20:51:53    -1104.532157        0.4621
BFGS:  313 20:51:53    -1104.531213        0.8067
BFGS:  314 20:51:53    -1104.532769        0.2947
BFGS:  315 20:51:53    -1104.532672        0.5941
BFGS:  316 20:51:53    -1104.532839        0.2684
BFGS:  317 20:51:53    -1104.532873        0.5585
BFGS:  318 20:51:53    -1104.532852        0.2629
BFGS:  319 20:51:53    -1104.532861        0.2594
BFGS:  320 20:51:53    -1104.531212        0.8101
BFGS:  321 20:51:53    -1104.532559        0.6136
BFGS:  322 20:51:53    -1104.529968        0.8173
BFGS:  323 20:51:53    -1104.532157        0.4621
BFGS:  324 20:51:53    -1104.531214        0.8065
BFGS:  325 20:51:53    -1104.532769        0.2947
BFGS:  326 20:51:53    -1104.532672        0.5941
BFGS:  327 20:51:53    -1104.532839        0.2685
BFGS:  328 20:51:53    -1104.532873        0.5585
BFGS:  329 20:51:53    -1104.532852        0.2630
BFGS:  330 20:51:53    -1104.532861        0.2594
BFGS:  331 20:51:54    -1104.531211        0.8101
BFGS:  332 20:51:54    -1104.532559        0.6136
BFGS:  333 20:51:54    -1104.529968        0.8174
BFGS:  334 20:51:54    -1104.532157        0.4621
BFGS:  335 20:51:54    -1104.531213        0.8065
BFGS:  336 20:51:54    -1104.532769        0.2948
BFGS:  337 20:51:54    -1104.532672        0.5941
BFGS:  338 20:51:54    -1104.532839        0.2685
BFGS:  339 20:51:54    -1104.532873        0.5585
BFGS:  340 20:51:54    -1104.532852        0.2630
BFGS:  341 20:51:54    -1104.532861        0.2594
BFGS:  342 20:51:54    -1104.531211        0.8103
BFGS:  343 20:51:54    -1104.532559        0.6136
BFGS:  344 20:51:54    -1104.529969        0.8175
BFGS:  345 20:51:54    -1104.532157        0.4622
BFGS:  346 20:51:54    -1104.531213        0.8066
BFGS:  347 20:51:54    -1104.532769        0.2948
BFGS:  348 20:51:54    -1104.532672        0.5941
BFGS:  349 20:51:54    -1104.532839        0.2685
BFGS:  350 20:51:54    -1104.532873        0.5585
BFGS:  351 20:51:54    -1104.532852        0.2630
BFGS:  352 20:51:54    -1104.532861        0.2594
BFGS:  353 20:51:54    -1104.531211        0.8104
BFGS:  354 20:51:54    -1104.532559        0.6137
BFGS:  355 20:51:54    -1104.529969        0.8176
BFGS:  356 20:51:54    -1104.532157        0.4622
BFGS:  357 20:51:54    -1104.531213        0.8068
BFGS:  358 20:51:54    -1104.532769        0.2948
BFGS:  359 20:51:54    -1104.532672        0.5941
BFGS:  360 20:51:54    -1104.532839        0.2685
BFGS:  361 20:51:54    -1104.532873        0.5585
BFGS:  362 20:51:54    -1104.532852        0.2630
BFGS:  363 20:51:54    -1104.532861        0.2594
BFGS:  364 20:51:55    -1104.531211        0.8104
BFGS:  365 20:51:55    -1104.532559        0.6137
BFGS:  366 20:51:55    -1104.529970        0.8177
BFGS:  367 20:51:55    -1104.532157        0.4623
BFGS:  368 20:51:55    -1104.531213        0.8068
BFGS:  369 20:51:55    -1104.532769        0.2948
BFGS:  370 20:51:55    -1104.532672        0.5941
BFGS:  371 20:51:55    -1104.532839        0.2685
BFGS:  372 20:51:55    -1104.532873        0.5585
BFGS:  373 20:51:55    -1104.532852        0.2630
BFGS:  374 20:51:55    -1104.532861        0.2594
BFGS:  375 20:51:55    -1104.531211        0.8105
BFGS:  376 20:51:55    -1104.532559        0.6137
BFGS:  377 20:51:55    -1104.529970        0.8178
BFGS:  378 20:51:55    -1104.532157        0.4623
BFGS:  379 20:51:55    -1104.531213        0.8069
BFGS:  380 20:51:55    -1104.532769        0.2948
BFGS:  381 20:51:55    -1104.532672        0.5941
BFGS:  382 20:51:55    -1104.532839        0.2685
BFGS:  383 20:51:55    -1104.532873        0.5585
BFGS:  384 20:51:55    -1104.532852        0.2630
BFGS:  385 20:51:55    -1104.532861        0.2594
BFGS:  386 20:51:55    -1104.531211        0.8105
BFGS:  387 20:51:55    -1104.532559        0.6137
BFGS:  388 20:51:55    -1104.529971        0.8178
BFGS:  389 20:51:55    -1104.532157        0.4623
BFGS:  390 20:51:55    -1104.531213        0.8069
BFGS:  391 20:51:55    -1104.532769        0.2948
BFGS:  392 20:51:55    -1104.532672        0.5941
BFGS:  393 20:51:55    -1104.532839        0.2685
BFGS:  394 20:51:55    -1104.532873        0.5585
BFGS:  395 20:51:55    -1104.532852        0.2630
BFGS:  396 20:51:56    -1104.532861        0.2594
BFGS:  397 20:51:56    -1104.531211        0.8106
BFGS:  398 20:51:56    -1104.532559        0.6137
BFGS:  399 20:51:56    -1104.529971        0.8178
BFGS:  400 20:51:56    -1104.532157        0.4623
BFGS:  401 20:51:56    -1104.531213        0.8070
BFGS:  402 20:51:56    -1104.532769        0.2948
BFGS:  403 20:51:56    -1104.532672        0.5941
BFGS:  404 20:51:56    -1104.532839        0.2685
BFGS:  405 20:51:56    -1104.532873        0.5585
BFGS:  406 20:51:56    -1104.532852        0.2630
BFGS:  407 20:51:56    -1104.532861        0.2594
BFGS:  408 20:51:56    -1104.531211        0.8106
BFGS:  409 20:51:56    -1104.532559        0.6137
BFGS:  410 20:51:56    -1104.529971        0.8178
BFGS:  411 20:51:56    -1104.532157        0.4623
BFGS:  412 20:51:56    -1104.531213        0.8069
BFGS:  413 20:51:56    -1104.532769        0.2948
BFGS:  414 20:51:56    -1104.532672        0.5941
BFGS:  415 20:51:56    -1104.532839        0.2685
BFGS:  416 20:51:56    -1104.532873        0.5585
BFGS:  417 20:51:56    -1104.532852        0.2630
BFGS:  418 20:51:56    -1104.532861        0.2594
BFGS:  419 20:51:56    -1104.531211        0.8106
BFGS:  420 20:51:56    -1104.532559        0.6137
BFGS:  421 20:51:56    -1104.529971        0.8178
BFGS:  422 20:51:56    -1104.532157        0.4623
BFGS:  423 20:51:56    -1104.531213        0.8069
BFGS:  424 20:51:56    -1104.532769        0.2948
BFGS:  425 20:51:56    -1104.532672        0.5942
BFGS:  426 20:51:56    -1104.532839        0.2685
BFGS:  427 20:51:56    -1104.532873        0.5585
BFGS:  428 20:51:56    -1104.532852        0.2630
BFGS:  429 20:51:57    -1104.532861        0.2594
BFGS:  430 20:51:57    -1104.531211        0.8106
BFGS:  431 20:51:57    -1104.532559        0.6137
BFGS:  432 20:51:57    -1104.529971        0.8178
BFGS:  433 20:51:57    -1104.532157        0.4623
BFGS:  434 20:51:57    -1104.531213        0.8069
BFGS:  435 20:51:57    -1104.532769        0.2948
BFGS:  436 20:51:57    -1104.532672        0.5941
BFGS:  437 20:51:57    -1104.532839        0.2685
BFGS:  438 20:51:57    -1104.532873        0.5585
BFGS:  439 20:51:57    -1104.532852        0.2630
BFGS:  440 20:51:57    -1104.532861        0.2594
BFGS:  441 20:51:57    -1104.531212        0.8106
BFGS:  442 20:51:57    -1104.532559        0.6137
BFGS:  443 20:51:57    -1104.529972        0.8178
BFGS:  444 20:51:57    -1104.532157        0.4623
BFGS:  445 20:51:57    -1104.531213        0.8069
BFGS:  446 20:51:57    -1104.532769        0.2948
BFGS:  447 20:51:57    -1104.532672        0.5941
BFGS:  448 20:51:57    -1104.532839        0.2685
BFGS:  449 20:51:57    -1104.532873        0.5585
BFGS:  450 20:51:57    -1104.532852        0.2630
BFGS:  451 20:51:57    -1104.532861        0.2594
BFGS:  452 20:51:57    -1104.531212        0.8106
BFGS:  453 20:51:57    -1104.532559        0.6137
BFGS:  454 20:51:57    -1104.529972        0.8178
BFGS:  455 20:51:57    -1104.532157        0.4623
BFGS:  456 20:51:57    -1104.531213        0.8069
BFGS:  457 20:51:57    -1104.532769        0.2948
BFGS:  458 20:51:57    -1104.532672        0.5941
BFGS:  459 20:51:57    -1104.532839        0.2685
BFGS:  460 20:51:57    -1104.532873        0.5585
BFGS:  461 20:51:58    -1104.532852        0.2630
BFGS:  462 20:51:58    -1104.532861        0.2594
BFGS:  463 20:51:58    -1104.531211        0.8106
BFGS:  464 20:51:58    -1104.532559        0.6137
BFGS:  465 20:51:58    -1104.529972        0.8179
BFGS:  466 20:51:58    -1104.532157        0.4623
BFGS:  467 20:51:58    -1104.531214        0.8069
BFGS:  468 20:51:58    -1104.532769        0.2948
BFGS:  469 20:51:58    -1104.532672        0.5941
BFGS:  470 20:51:58    -1104.532839        0.2685
BFGS:  471 20:51:58    -1104.532873        0.5585
BFGS:  472 20:51:58    -1104.532852        0.2630
BFGS:  473 20:51:58    -1104.532861        0.2594
BFGS:  474 20:51:58    -1104.531212        0.8106
BFGS:  475 20:51:58    -1104.532559        0.6137
BFGS:  476 20:51:58    -1104.529972        0.8179
BFGS:  477 20:51:58    -1104.532157        0.4623
BFGS:  478 20:51:58    -1104.531214        0.8069
BFGS:  479 20:51:58    -1104.532769        0.2948
BFGS:  480 20:51:58    -1104.532672        0.5941
BFGS:  481 20:51:58    -1104.532839        0.2685
BFGS:  482 20:51:58    -1104.532873        0.5585
BFGS:  483 20:51:58    -1104.532852        0.2630
BFGS:  484 20:51:58    -1104.532861        0.2594
BFGS:  485 20:51:58    -1104.531211        0.8106
BFGS:  486 20:51:58    -1104.532559        0.6137
BFGS:  487 20:51:58    -1104.529972        0.8179
BFGS:  488 20:51:58    -1104.532157        0.4623
BFGS:  489 20:51:58    -1104.531214        0.8069
BFGS:  490 20:51:58    -1104.532769        0.2948
BFGS:  491 20:51:58    -1104.532672        0.5941
BFGS:  492 20:51:58    -1104.532839        0.2685
BFGS:  493 20:51:58    -1104.532873        0.5585
BFGS:  494 20:51:59    -1104.532852        0.2630
BFGS:  495 20:51:59    -1104.532861        0.2594
BFGS:  496 20:51:59    -1104.531212        0.8106
BFGS:  497 20:51:59    -1104.532559        0.6137
BFGS:  498 20:51:59    -1104.529972        0.8179
BFGS:  499 20:51:59    -1104.532157        0.4623
