      Step     Time          Energy         fmax
BFGS:    0 20:40:52     -767.681006      116.4284
BFGS:    1 20:40:53     -797.488742      115.5359
BFGS:    2 20:40:53     -817.610295      108.4249
BFGS:    3 20:40:53     -830.529426      114.4996
BFGS:    4 20:40:53     -841.461896      109.3391
BFGS:    5 20:40:53     -852.083915      104.2088
BFGS:    6 20:40:53     -863.163801       97.2740
BFGS:    7 20:40:53     -873.869209       89.8186
BFGS:    8 20:40:53     -882.782923       85.0400
BFGS:    9 20:40:53     -890.810844       85.7690
BFGS:   10 20:40:53     -899.066421       86.9692
BFGS:   11 20:40:53     -907.725935       86.7924
BFGS:   12 20:40:53     -916.651995       82.6057
BFGS:   13 20:40:53     -926.913599       77.5475
BFGS:   14 20:40:53     -937.264925       72.7253
BFGS:   15 20:40:53     -946.901617       67.4732
BFGS:   16 20:40:53     -955.828796       64.1019
BFGS:   17 20:40:53     -962.696580       61.1518
BFGS:   18 20:40:53     -968.160785       58.8330
BFGS:   19 20:40:53     -973.552279       56.2670
BFGS:   20 20:40:53     -978.872755       53.5757
BFGS:   21 20:40:53     -983.889586       54.2724
BFGS:   22 20:40:53     -990.258537       45.8064
BFGS:   23 20:40:53     -996.676831       44.1336
BFGS:   24 20:40:53    -1001.278043       39.2187
BFGS:   25 20:40:53    -1005.394081       34.8100
BFGS:   26 20:40:54    -1009.400085       34.2765
BFGS:   27 20:40:54    -1012.571708       33.1369
BFGS:   28 20:40:54    -1015.449772       32.4284
BFGS:   29 20:40:54    -1018.261857       30.0108
BFGS:   30 20:40:54    -1021.033897       28.6021
BFGS:   31 20:40:54    -1023.285081       27.6463
BFGS:   32 20:40:54    -1025.393869       26.6596
BFGS:   33 20:40:54    -1027.473990       25.5962
BFGS:   34 20:40:54    -1029.731558       24.4427
BFGS:   35 20:40:54    -1032.141161       22.3301
BFGS:   36 20:40:54    -1034.718203       19.8414
BFGS:   37 20:40:54    -1036.821265       17.6121
BFGS:   38 20:40:54    -1037.994435       15.6204
BFGS:   39 20:40:54    -1038.759520       14.3648
BFGS:   40 20:40:54    -1039.356024       13.3253
BFGS:   41 20:40:54    -1039.852095       12.4284
BFGS:   42 20:40:54    -1040.292404       11.7145
BFGS:   43 20:40:54    -1040.691223       11.0266
BFGS:   44 20:40:54    -1041.055265       10.5171
BFGS:   45 20:40:54    -1041.397174        9.9734
BFGS:   46 20:40:54    -1041.716624        9.6061
BFGS:   47 20:40:54    -1042.021061        9.2487
BFGS:   48 20:40:54    -1042.312782        8.9794
BFGS:   49 20:40:54    -1042.591493        8.8231
BFGS:   50 20:40:54    -1042.854498        8.4439
BFGS:   51 20:40:54    -1043.112724        8.5337
BFGS:   52 20:40:55    -1043.367722        8.6460
BFGS:   53 20:40:55    -1043.621623        8.8441
BFGS:   54 20:40:55    -1043.869103        9.0610
BFGS:   55 20:40:55    -1044.108226        9.2914
BFGS:   56 20:40:55    -1044.324918        9.6539
BFGS:   57 20:40:55    -1044.510434        9.7518
BFGS:   58 20:40:55    -1044.695945        9.4992
BFGS:   59 20:40:55    -1044.920866        9.0884
BFGS:   60 20:40:55    -1045.166891        9.9903
BFGS:   61 20:40:55    -1045.546937       11.1285
BFGS:   62 20:40:55    -1046.200524       12.5289
BFGS:   63 20:40:55    -1047.380340       14.0469
BFGS:   64 20:40:55    -1049.301150       15.5534
BFGS:   65 20:40:55    -1051.703024       16.9608
BFGS:   66 20:40:55    -1054.484473       18.2536
BFGS:   67 20:40:55    -1057.612814       18.7036
BFGS:   68 20:40:55    -1060.610370       18.3493
BFGS:   69 20:40:55    -1063.666143       17.0630
BFGS:   70 20:40:55    -1066.393982       14.6899
BFGS:   71 20:40:55    -1068.779059       13.2394
BFGS:   72 20:40:55    -1070.846297       13.1877
BFGS:   73 20:40:55    -1072.500454       12.6350
BFGS:   74 20:40:55    -1073.862474       11.7425
BFGS:   75 20:40:55    -1075.016095       10.6934
BFGS:   76 20:40:55    -1076.042217        9.9240
BFGS:   77 20:40:55    -1076.996496        9.4735
BFGS:   78 20:40:55    -1077.873601        8.8012
BFGS:   79 20:40:55    -1078.719277        7.9788
BFGS:   80 20:40:56    -1079.510864        7.2522
BFGS:   81 20:40:56    -1080.235326        7.7509
BFGS:   82 20:40:56    -1080.857192        8.0588
BFGS:   83 20:40:56    -1081.372979        8.0225
BFGS:   84 20:40:56    -1081.801895        7.5103
BFGS:   85 20:40:56    -1082.152546        6.2062
BFGS:   86 20:40:56    -1082.512148        5.2710
BFGS:   87 20:40:56    -1082.837297        4.4785
BFGS:   88 20:40:56    -1083.095238        4.3515
BFGS:   89 20:40:56    -1083.298585        3.9166
BFGS:   90 20:40:56    -1083.474636        3.6712
BFGS:   91 20:40:56    -1083.642580        3.7281
BFGS:   92 20:40:56    -1083.803168        4.2636
BFGS:   93 20:40:56    -1083.958984        4.5748
BFGS:   94 20:40:56    -1084.122642        4.9491
BFGS:   95 20:40:56    -1084.338187        6.3050
BFGS:   96 20:40:56    -1084.571795        7.1628
BFGS:   97 20:40:56    -1084.791126        6.9720
BFGS:   98 20:40:56    -1084.987086        5.5273
BFGS:   99 20:40:56    -1085.137853        3.9409
BFGS:  100 20:40:56    -1085.232611        3.8311
BFGS:  101 20:40:56    -1085.315093        3.6808
BFGS:  102 20:40:56    -1085.378533        3.4525
BFGS:  103 20:40:56    -1085.435321        3.1592
BFGS:  104 20:40:56    -1085.493630        2.7794
BFGS:  105 20:40:56    -1085.551361        2.8607
BFGS:  106 20:40:56    -1085.601999        3.0715
BFGS:  107 20:40:56    -1085.643914        3.3470
BFGS:  108 20:40:56    -1085.680535        3.0148
BFGS:  109 20:40:56    -1085.706423        3.1616
BFGS:  110 20:40:57    -1085.736717        3.1749
BFGS:  111 20:40:57    -1085.780832        3.1682
BFGS:  112 20:40:57    -1085.827463        3.2462
BFGS:  113 20:40:57    -1085.885075        3.2103
BFGS:  114 20:40:57    -1085.932983        3.3572
BFGS:  115 20:40:57    -1085.967583        3.0880
BFGS:  116 20:40:57    -1086.018269        3.2538
BFGS:  117 20:40:57    -1086.070635        3.1174
BFGS:  118 20:40:57    -1086.120631        3.0472
BFGS:  119 20:40:57    -1086.175994        2.7875
BFGS:  120 20:40:57    -1086.223137        2.7023
BFGS:  121 20:40:57    -1086.257501        2.8602
BFGS:  122 20:40:57    -1086.305740        2.8606
BFGS:  123 20:40:57    -1086.348941        2.7293
BFGS:  124 20:40:57    -1086.394749        2.6783
BFGS:  125 20:40:57    -1086.461877        2.9731
BFGS:  126 20:40:57    -1086.556891        3.3953
BFGS:  127 20:40:57    -1086.678347        4.0172
BFGS:  128 20:40:57    -1086.769218        4.9701
BFGS:  129 20:40:57    -1086.905634        6.0138
BFGS:  130 20:40:57    -1087.061534        6.2685
BFGS:  131 20:40:57    -1087.247172        5.5839
BFGS:  132 20:40:57    -1087.416305        5.3886
BFGS:  133 20:40:57    -1087.602050        5.0192
BFGS:  134 20:40:57    -1087.722997        5.5540
BFGS:  135 20:40:57    -1087.789219        4.3081
BFGS:  136 20:40:57    -1087.856901        3.8849
BFGS:  137 20:40:57    -1087.919522        3.5648
BFGS:  138 20:40:57    -1087.962942        3.2033
BFGS:  139 20:40:57    -1088.008037        2.8700
BFGS:  140 20:40:58    -1088.040334        2.8066
BFGS:  141 20:40:58    -1088.072970        2.8762
BFGS:  142 20:40:58    -1088.106771        3.1085
BFGS:  143 20:40:58    -1088.144565        3.4386
BFGS:  144 20:40:58    -1088.179885        3.7825
BFGS:  145 20:40:58    -1088.216557        3.9052
BFGS:  146 20:40:58    -1088.254832        3.9051
BFGS:  147 20:40:58    -1088.292161        3.6634
BFGS:  148 20:40:58    -1088.331888        3.4580
BFGS:  149 20:40:58    -1088.376587        3.1477
BFGS:  150 20:40:58    -1088.421597        2.9083
BFGS:  151 20:40:58    -1088.460856        2.6695
BFGS:  152 20:40:58    -1088.490328        2.4860
BFGS:  153 20:40:58    -1088.513985        2.3026
BFGS:  154 20:40:58    -1088.542512        1.9725
BFGS:  155 20:40:58    -1088.577556        1.5932
BFGS:  156 20:40:58    -1088.602531        1.5872
BFGS:  157 20:40:58    -1088.614887        1.9273
BFGS:  158 20:40:58    -1088.620893        1.9894
BFGS:  159 20:40:58    -1088.624915        1.9429
BFGS:  160 20:40:58    -1088.628781        1.8336
BFGS:  161 20:40:58    -1088.631694        1.7552
BFGS:  162 20:40:58    -1088.634462        1.7141
BFGS:  163 20:40:58    -1088.638006        1.6882
BFGS:  164 20:40:58    -1088.643172        1.6513
BFGS:  165 20:40:58    -1088.650436        1.5650
BFGS:  166 20:40:58    -1088.659046        1.4118
BFGS:  167 20:40:58    -1088.668014        1.2272
BFGS:  168 20:40:58    -1088.677242        1.0345
BFGS:  169 20:40:58    -1088.687629        0.8479
BFGS:  170 20:40:59    -1088.698349        0.7326
BFGS:  171 20:40:59    -1088.706284        0.7775
BFGS:  172 20:40:59    -1088.711876        0.7571
BFGS:  173 20:40:59    -1088.715037        0.7420
BFGS:  174 20:40:59    -1088.717817        0.6850
BFGS:  175 20:40:59    -1088.719686        0.6360
BFGS:  176 20:40:59    -1088.721227        0.5397
BFGS:  177 20:40:59    -1088.722266        0.5604
BFGS:  178 20:40:59    -1088.723093        0.5674
BFGS:  179 20:40:59    -1088.723642        0.5745
BFGS:  180 20:40:59    -1088.724127        0.5705
BFGS:  181 20:40:59    -1088.724458        0.5758
BFGS:  182 20:40:59    -1088.724751        0.5773
BFGS:  183 20:40:59    -1088.725008        0.5859
BFGS:  184 20:40:59    -1088.725342        0.5866
BFGS:  185 20:40:59    -1088.725783        0.5802
BFGS:  186 20:40:59    -1088.726400        0.5411
BFGS:  187 20:40:59    -1088.727040        0.4739
BFGS:  188 20:40:59    -1088.727545        0.4357
BFGS:  189 20:40:59    -1088.727908        0.4766
BFGS:  190 20:40:59    -1088.728319        0.5041
BFGS:  191 20:40:59    -1088.729061        0.5253
BFGS:  192 20:40:59    -1088.730545        0.5157
BFGS:  193 20:40:59    -1088.733060        0.4396
BFGS:  194 20:40:59    -1088.735945        0.2697
BFGS:  195 20:40:59    -1088.737731        0.1683
BFGS:  196 20:40:59    -1088.738354        0.1513
BFGS:  197 20:40:59    -1088.738601        0.1581
BFGS:  198 20:40:59    -1088.738779        0.1531
BFGS:  199 20:40:59    -1088.738895        0.1641
BFGS:  200 20:41:00    -1088.739007        0.1704
BFGS:  201 20:41:00    -1088.739075        0.1657
BFGS:  202 20:41:00    -1088.739144        0.1569
BFGS:  203 20:41:00    -1088.739179        0.1517
BFGS:  204 20:41:00    -1088.739205        0.1533
BFGS:  205 20:41:00    -1088.739219        0.1521
BFGS:  206 20:41:00    -1088.739229        0.1465
BFGS:  207 20:41:00    -1088.739235        0.1408
BFGS:  208 20:41:00    -1088.739239        0.1379
BFGS:  209 20:41:00    -1088.739241        0.1411
