      Step     Time          Energy         fmax
BFGS:    0 20:39:39     -995.008002       63.9074
BFGS:    1 20:39:39    -1006.402548       48.3917
BFGS:    2 20:39:39    -1015.008414       49.7703
BFGS:    3 20:39:40    -1023.805918       40.7591
BFGS:    4 20:39:40    -1030.206324       35.5921
BFGS:    5 20:39:40    -1035.682155       32.0025
BFGS:    6 20:39:40    -1039.960398       29.0786
BFGS:    7 20:39:40    -1043.543139       26.6079
BFGS:    8 20:39:40    -1046.832766       24.8700
BFGS:    9 20:39:40    -1049.842810       22.9531
BFGS:   10 20:39:40    -1052.607620       21.4680
BFGS:   11 20:39:40    -1055.298353       19.9380
BFGS:   12 20:39:40    -1057.927759       18.4094
BFGS:   13 20:39:40    -1060.536150       16.7063
BFGS:   14 20:39:40    -1063.127710       14.7953
BFGS:   15 20:39:40    -1065.452432       14.0060
BFGS:   16 20:39:40    -1067.355065       12.8897
BFGS:   17 20:39:40    -1069.045829       11.9002
BFGS:   18 20:39:40    -1070.527427       10.6905
BFGS:   19 20:39:40    -1071.913830        9.6846
BFGS:   20 20:39:40    -1073.181360        8.5492
BFGS:   21 20:39:40    -1074.376220        7.5324
BFGS:   22 20:39:40    -1075.461324        6.5233
BFGS:   23 20:39:40    -1076.415703        5.6319
BFGS:   24 20:39:40    -1077.265041        4.8835
BFGS:   25 20:39:40    -1078.063266        4.2237
BFGS:   26 20:39:40    -1078.741164        3.5648
BFGS:   27 20:39:40    -1079.316094        3.2441
BFGS:   28 20:39:40    -1079.800915        2.9870
BFGS:   29 20:39:40    -1080.216251        2.7933
BFGS:   30 20:39:40    -1080.536373        2.6555
BFGS:   31 20:39:40    -1080.798950        2.6329
BFGS:   32 20:39:40    -1081.009706        2.7144
BFGS:   33 20:39:40    -1081.192519        2.8689
BFGS:   34 20:39:40    -1081.363938        3.0400
BFGS:   35 20:39:40    -1081.529313        3.1907
BFGS:   36 20:39:40    -1081.691294        3.5011
BFGS:   37 20:39:40    -1081.851053        3.8159
BFGS:   38 20:39:40    -1082.021120        6.1134
BFGS:   39 20:39:40    -1082.178449        6.2110
BFGS:   40 20:39:40    -1082.340588        6.1409
BFGS:   41 20:39:40    -1082.513698        5.9433
BFGS:   42 20:39:40    -1082.702028        5.6552
BFGS:   43 20:39:40    -1082.910149        5.2459
BFGS:   44 20:39:40    -1083.141243        4.6936
BFGS:   45 20:39:41    -1083.395258        3.9704
BFGS:   46 20:39:41    -1083.668294        3.6633
BFGS:   47 20:39:41    -1083.952529        3.9643
BFGS:   48 20:39:41    -1084.240403        4.3763
BFGS:   49 20:39:41    -1084.527509        4.7527
BFGS:   50 20:39:41    -1084.814819        4.9666
BFGS:   51 20:39:41    -1085.107213        4.9905
BFGS:   52 20:39:41    -1085.526809        8.6008
BFGS:   53 20:39:41    -1085.836579        8.6150
BFGS:   54 20:39:41    -1086.203802        8.7631
BFGS:   55 20:39:41    -1086.588832        8.6959
BFGS:   56 20:39:41    -1086.967554        8.5351
BFGS:   57 20:39:41    -1087.348772        8.3682
BFGS:   58 20:39:41    -1087.737074        8.1127
BFGS:   59 20:39:41    -1088.132706        7.7153
BFGS:   60 20:39:41    -1088.521506        7.2370
BFGS:   61 20:39:41    -1088.894262        6.6525
BFGS:   62 20:39:41    -1089.261084        5.9865
BFGS:   63 20:39:41    -1089.621463        5.1844
BFGS:   64 20:39:41    -1089.930874        4.3702
BFGS:   65 20:39:41    -1090.193585        3.5636
BFGS:   66 20:39:41    -1090.416544        2.9782
BFGS:   67 20:39:41    -1090.618025        2.8734
BFGS:   68 20:39:41    -1090.820068        2.7059
BFGS:   69 20:39:41    -1091.014517        2.4287
BFGS:   70 20:39:41    -1091.194006        2.0687
BFGS:   71 20:39:41    -1091.350925        1.9938
BFGS:   72 20:39:41    -1091.479762        1.9402
BFGS:   73 20:39:41    -1091.580968        2.0746
BFGS:   74 20:39:41    -1091.661197        2.2748
BFGS:   75 20:39:41    -1091.733743        2.5170
BFGS:   76 20:39:41    -1091.810261        2.6024
BFGS:   77 20:39:41    -1091.890008        2.4700
BFGS:   78 20:39:41    -1091.936881        2.1797
BFGS:   79 20:39:41    -1091.970964        1.9436
BFGS:   80 20:39:41    -1091.994950        1.8494
BFGS:   81 20:39:41    -1092.019062        1.8785
BFGS:   82 20:39:41    -1092.037264        2.0502
BFGS:   83 20:39:41    -1092.051309        2.2965
BFGS:   84 20:39:41    -1092.064680        2.5417
BFGS:   85 20:39:41    -1092.080011        2.7597
BFGS:   86 20:39:41    -1092.096772        2.8689
BFGS:   87 20:39:42    -1092.113185        2.8554
BFGS:   88 20:39:42    -1092.129106        2.7481
BFGS:   89 20:39:42    -1092.146946        2.6023
BFGS:   90 20:39:42    -1092.166053        2.4473
BFGS:   91 20:39:42    -1092.183173        2.3389
BFGS:   92 20:39:42    -1092.196219        2.2751
BFGS:   93 20:39:42    -1092.205679        2.2434
BFGS:   94 20:39:42    -1092.214104        2.2024
BFGS:   95 20:39:42    -1092.222918        2.1355
BFGS:   96 20:39:42    -1092.232602        2.0267
BFGS:   97 20:39:42    -1092.243700        1.8772
BFGS:   98 20:39:42    -1092.256056        1.6918
BFGS:   99 20:39:42    -1092.268796        1.4932
BFGS:  100 20:39:42    -1092.281222        1.2885
BFGS:  101 20:39:42    -1092.294528        1.0689
BFGS:  102 20:39:42    -1092.309893        0.9519
BFGS:  103 20:39:42    -1092.326809        0.9012
BFGS:  104 20:39:42    -1092.343239        0.7519
BFGS:  105 20:39:42    -1092.355972        0.5397
BFGS:  106 20:39:42    -1092.363809        0.4644
BFGS:  107 20:39:42    -1092.368429        0.4595
BFGS:  108 20:39:42    -1092.371862        0.4291
BFGS:  109 20:39:42    -1092.374888        0.3518
BFGS:  110 20:39:42    -1092.377349        0.2421
BFGS:  111 20:39:42    -1092.378947        0.2821
BFGS:  112 20:39:42    -1092.379913        0.2827
BFGS:  113 20:39:42    -1092.380542        0.2483
BFGS:  114 20:39:42    -1092.380969        0.1961
BFGS:  115 20:39:42    -1092.381279        0.1441
BFGS:  116 20:39:42    -1092.381547        0.1058
BFGS:  117 20:39:42    -1092.381831        0.1017
BFGS:  118 20:39:42    -1092.382144        0.0950
