      Step     Time          Energy         fmax
BFGS:    0 20:40:19     -682.926756      123.9167
BFGS:    1 20:40:19     -713.573727      141.3295
BFGS:    2 20:40:19     -727.610631      133.4644
BFGS:    3 20:40:19     -743.915767      129.6011
BFGS:    4 20:40:19     -759.755534      122.3368
BFGS:    5 20:40:19     -777.063239      115.2830
BFGS:    6 20:40:19     -792.687798      107.7884
BFGS:    7 20:40:19     -803.416310      103.2678
BFGS:    8 20:40:19     -816.876640      100.4138
BFGS:    9 20:40:19     -831.656963       97.3246
BFGS:   10 20:40:19     -845.391903       95.4012
BFGS:   11 20:40:19     -859.010573       93.9079
BFGS:   12 20:40:19     -874.465537       90.4622
BFGS:   13 20:40:19     -886.610135       87.7175
BFGS:   14 20:40:19     -898.586317       84.6119
BFGS:   15 20:40:19     -910.379998       82.6615
BFGS:   16 20:40:19     -921.880028       80.3956
BFGS:   17 20:40:19     -932.601446       74.8415
BFGS:   18 20:40:19     -941.568989       73.3672
BFGS:   19 20:40:19     -951.889082       72.1444
BFGS:   20 20:40:19     -962.736968       71.1793
BFGS:   21 20:40:19     -972.680945       69.5405
BFGS:   22 20:40:19     -982.404161       67.3485
BFGS:   23 20:40:19     -990.961536       64.1890
BFGS:   24 20:40:20    -1000.345379       62.0501
BFGS:   25 20:40:20    -1009.924758       57.7742
BFGS:   26 20:40:20    -1017.898230       53.5374
BFGS:   27 20:40:20    -1024.113060       49.3698
BFGS:   28 20:40:20    -1029.871409       43.6457
BFGS:   29 20:40:20    -1034.713834       38.8223
BFGS:   30 20:40:20    -1038.918755       33.2541
BFGS:   31 20:40:20    -1043.000933       28.4194
BFGS:   32 20:40:20    -1046.073331       24.2957
BFGS:   33 20:40:20    -1048.619859       23.5844
BFGS:   34 20:40:20    -1050.753925       23.4153
BFGS:   35 20:40:20    -1052.612603       22.9767
BFGS:   36 20:40:20    -1054.242516       22.7412
BFGS:   37 20:40:20    -1055.727408       22.5600
BFGS:   38 20:40:20    -1057.105564       22.4529
BFGS:   39 20:40:20    -1058.407489       23.4006
BFGS:   40 20:40:20    -1059.640387       24.8316
BFGS:   41 20:40:20    -1060.817990       26.6003
BFGS:   42 20:40:20    -1061.958329       28.5726
BFGS:   43 20:40:20    -1063.089981       30.9142
BFGS:   44 20:40:20    -1064.239576       33.5415
BFGS:   45 20:40:20    -1065.429769       36.3253
BFGS:   46 20:40:20    -1066.672590       38.8415
BFGS:   47 20:40:20    -1067.967660       40.7694
BFGS:   48 20:40:20    -1069.298575       41.6711
BFGS:   49 20:40:20    -1070.617989       41.3626
BFGS:   50 20:40:20    -1071.854222       40.1311
BFGS:   51 20:40:20    -1073.099123       38.3980
BFGS:   52 20:40:20    -1074.280857       36.4445
BFGS:   53 20:40:20    -1075.375733       34.0646
BFGS:   54 20:40:21    -1076.332081       31.7908
BFGS:   55 20:40:21    -1077.201240       29.5600
BFGS:   56 20:40:21    -1078.009657       27.5273
BFGS:   57 20:40:21    -1078.778773       25.6278
BFGS:   58 20:40:21    -1079.520987       23.8782
BFGS:   59 20:40:21    -1080.241875       22.2219
BFGS:   60 20:40:21    -1080.935860       20.7055
BFGS:   61 20:40:21    -1081.598549       19.3258
BFGS:   62 20:40:21    -1082.217083       18.0326
BFGS:   63 20:40:21    -1082.815435       16.7999
BFGS:   64 20:40:21    -1083.404789       15.5723
BFGS:   65 20:40:21    -1084.008647       14.3585
BFGS:   66 20:40:21    -1084.638105       13.0517
BFGS:   67 20:40:21    -1085.297880       11.6555
BFGS:   68 20:40:21    -1085.986672       10.2714
BFGS:   69 20:40:21    -1086.698102        9.6368
BFGS:   70 20:40:21    -1087.389869        8.3984
BFGS:   71 20:40:21    -1088.004334        7.0503
BFGS:   72 20:40:21    -1088.572367        6.4115
BFGS:   73 20:40:21    -1089.099274        6.8128
BFGS:   74 20:40:21    -1089.578898        7.1751
BFGS:   75 20:40:21    -1090.010071        7.4338
BFGS:   76 20:40:21    -1090.393599        7.5680
BFGS:   77 20:40:21    -1090.732583        7.5486
BFGS:   78 20:40:21    -1091.037628        7.3636
BFGS:   79 20:40:21    -1091.319444        7.0170
BFGS:   80 20:40:21    -1091.586345        6.5374
BFGS:   81 20:40:21    -1091.843592        6.1070
BFGS:   82 20:40:21    -1092.094868        5.7230
BFGS:   83 20:40:21    -1092.341677        5.3800
BFGS:   84 20:40:22    -1092.606767        5.0569
BFGS:   85 20:40:22    -1092.864226        4.8109
BFGS:   86 20:40:22    -1093.118281        4.6655
BFGS:   87 20:40:22    -1093.360194        4.6237
BFGS:   88 20:40:22    -1093.581051        4.6283
BFGS:   89 20:40:22    -1093.774957        4.5821
BFGS:   90 20:40:22    -1093.940803        4.3289
BFGS:   91 20:40:22    -1094.080205        3.8452
BFGS:   92 20:40:22    -1094.212979        3.3584
BFGS:   93 20:40:22    -1094.317073        3.0612
BFGS:   94 20:40:22    -1094.407419        2.8634
BFGS:   95 20:40:22    -1094.494519        2.7567
BFGS:   96 20:40:22    -1094.581088        2.7080
BFGS:   97 20:40:22    -1094.659790        2.6195
BFGS:   98 20:40:22    -1094.727032        2.6008
BFGS:   99 20:40:22    -1094.785992        2.4918
BFGS:  100 20:40:22    -1094.840227        2.4823
BFGS:  101 20:40:22    -1094.891165        2.5019
BFGS:  102 20:40:22    -1094.936879        2.6255
BFGS:  103 20:40:22    -1094.978276        2.8303
BFGS:  104 20:40:22    -1095.013922        3.0490
BFGS:  105 20:40:22    -1095.040378        3.2033
BFGS:  106 20:40:22    -1095.068410        3.1946
BFGS:  107 20:40:22    -1095.099001        3.0944
BFGS:  108 20:40:22    -1095.137183        3.4569
BFGS:  109 20:40:22    -1095.185405        4.0524
BFGS:  110 20:40:22    -1095.237388        4.5812
BFGS:  111 20:40:22    -1095.290754        5.1089
BFGS:  112 20:40:22    -1095.349265        5.4389
BFGS:  113 20:40:22    -1095.433308        5.3797
BFGS:  114 20:40:22    -1095.518561        5.2170
BFGS:  115 20:40:23    -1095.624196        4.9024
BFGS:  116 20:40:23    -1095.748264        4.3428
BFGS:  117 20:40:23    -1095.928360        3.3456
BFGS:  118 20:40:23    -1096.090659        3.4616
BFGS:  119 20:40:23    -1096.204255        3.5450
BFGS:  120 20:40:23    -1096.326499        3.4552
BFGS:  121 20:40:23    -1096.380754        2.9892
BFGS:  122 20:40:23    -1096.434405        2.8623
BFGS:  123 20:40:23    -1096.493702        2.7504
BFGS:  124 20:40:23    -1096.537775        2.7468
BFGS:  125 20:40:23    -1096.585273        2.6367
BFGS:  126 20:40:23    -1096.647455        2.7766
BFGS:  127 20:40:23    -1096.677283        2.8117
BFGS:  128 20:40:23    -1096.713273        2.5096
BFGS:  129 20:40:23    -1096.740881        2.4470
BFGS:  130 20:40:23    -1096.766112        2.3510
BFGS:  131 20:40:23    -1096.783628        2.4415
BFGS:  132 20:40:23    -1096.794357        2.5412
BFGS:  133 20:40:23    -1096.803370        2.4490
BFGS:  134 20:40:23    -1096.809032        2.4533
BFGS:  135 20:40:23    -1096.814247        2.3793
BFGS:  136 20:40:23    -1096.819649        2.3573
BFGS:  137 20:40:23    -1096.824685        2.3041
BFGS:  138 20:40:23    -1096.829867        2.2792
BFGS:  139 20:40:23    -1096.838116        2.1781
BFGS:  140 20:40:23    -1096.851652        2.0096
BFGS:  141 20:40:23    -1096.869504        1.7934
BFGS:  142 20:40:23    -1096.886424        1.9003
BFGS:  143 20:40:23    -1096.896161        1.9352
BFGS:  144 20:40:23    -1096.903205        1.9607
BFGS:  145 20:40:24    -1096.909798        1.8675
BFGS:  146 20:40:24    -1096.917051        1.8477
BFGS:  147 20:40:24    -1096.923806        1.7856
BFGS:  148 20:40:24    -1096.930949        1.8432
BFGS:  149 20:40:24    -1096.939075        1.7764
BFGS:  150 20:40:24    -1096.946636        1.5949
BFGS:  151 20:40:24    -1096.956021        1.2225
BFGS:  152 20:40:24    -1096.963309        1.1275
BFGS:  153 20:40:24    -1096.974493        1.0999
BFGS:  154 20:40:24    -1097.001726        1.1447
BFGS:  155 20:40:24    -1097.023721        1.1307
BFGS:  156 20:40:24    -1097.044162        1.2349
BFGS:  157 20:40:24    -1097.064503        1.4242
BFGS:  158 20:40:24    -1097.084666        1.6018
BFGS:  159 20:40:24    -1097.104606        1.7627
BFGS:  160 20:40:24    -1097.124605        1.9119
BFGS:  161 20:40:24    -1097.144514        2.0450
BFGS:  162 20:40:24    -1097.164725        2.3020
BFGS:  163 20:40:24    -1097.185988        2.6934
BFGS:  164 20:40:24    -1097.208208        3.0540
BFGS:  165 20:40:24    -1097.233018        3.3852
BFGS:  166 20:40:24    -1097.259322        3.6353
BFGS:  167 20:40:24    -1097.288858        3.8279
BFGS:  168 20:40:24    -1097.314174        3.9783
BFGS:  169 20:40:24    -1097.349784        3.7295
BFGS:  170 20:40:24    -1097.367181        3.8395
BFGS:  171 20:40:24    -1097.389214        3.2858
BFGS:  172 20:40:24    -1097.415158        2.7162
BFGS:  173 20:40:24    -1097.440260        2.3470
BFGS:  174 20:40:24    -1097.460189        1.7743
BFGS:  175 20:40:25    -1097.477390        1.3484
BFGS:  176 20:40:25    -1097.492758        1.2099
BFGS:  177 20:40:25    -1097.515789        1.4471
BFGS:  178 20:40:25    -1097.542940        1.7631
BFGS:  179 20:40:25    -1097.569008        2.0528
BFGS:  180 20:40:25    -1097.590906        2.2766
BFGS:  181 20:40:25    -1097.607169        2.3964
BFGS:  182 20:40:25    -1097.627148        2.5803
BFGS:  183 20:40:25    -1097.663400        3.2051
BFGS:  184 20:40:25    -1097.707500        4.1410
BFGS:  185 20:40:25    -1097.746605        5.0352
BFGS:  186 20:40:25    -1097.781974        5.5953
BFGS:  187 20:40:25    -1097.842690        5.7456
BFGS:  188 20:40:25    -1097.907588        5.8076
BFGS:  189 20:40:25    -1097.987975        6.1698
BFGS:  190 20:40:25    -1098.106208        6.1318
BFGS:  191 20:40:25    -1098.178992        5.8719
BFGS:  192 20:40:25    -1098.303841        5.6476
BFGS:  193 20:40:25    -1098.464733        5.0387
BFGS:  194 20:40:25    -1098.577222        4.6885
BFGS:  195 20:40:25    -1098.696831        4.4321
BFGS:  196 20:40:25    -1098.802803        4.0112
BFGS:  197 20:40:25    -1098.918797        3.9513
BFGS:  198 20:40:25    -1099.002901        3.4463
BFGS:  199 20:40:25    -1099.105925        3.0223
BFGS:  200 20:40:25    -1099.165610        2.2766
BFGS:  201 20:40:25    -1099.263831        2.0065
BFGS:  202 20:40:25    -1099.324732        2.5382
BFGS:  203 20:40:25    -1099.361819        2.3626
BFGS:  204 20:40:26    -1099.389581        2.3774
BFGS:  205 20:40:26    -1099.411254        1.8965
BFGS:  206 20:40:26    -1099.419369        1.7418
BFGS:  207 20:40:26    -1099.426313        1.7393
BFGS:  208 20:40:26    -1099.434890        1.8006
BFGS:  209 20:40:26    -1099.443729        1.8552
BFGS:  210 20:40:26    -1099.456608        1.8740
BFGS:  211 20:40:26    -1099.461824        1.7696
BFGS:  212 20:40:26    -1099.466353        1.6436
BFGS:  213 20:40:26    -1099.468484        1.6861
BFGS:  214 20:40:26    -1099.469744        1.6814
BFGS:  215 20:40:26    -1099.471457        1.7143
BFGS:  216 20:40:26    -1099.472509        1.7267
BFGS:  217 20:40:26    -1099.473777        1.7667
BFGS:  218 20:40:26    -1099.474561        1.7770
BFGS:  219 20:40:26    -1099.475066        1.7860
BFGS:  220 20:40:26    -1099.475380        1.7829
BFGS:  221 20:40:26    -1099.475640        1.7808
BFGS:  222 20:40:26    -1099.475811        1.7839
BFGS:  223 20:40:26    -1099.475920        1.7850
BFGS:  224 20:40:26    -1099.475970        1.7916
BFGS:  225 20:40:26    -1099.475998        1.7927
BFGS:  226 20:40:26    -1099.476011        1.7965
BFGS:  227 20:40:26    -1099.476021        1.7971
BFGS:  228 20:40:26    -1099.476027        1.7982
BFGS:  229 20:40:26    -1099.476032        1.7972
BFGS:  230 20:40:26    -1099.476034        1.7970
BFGS:  231 20:40:26    -1099.476035        1.7965
