      Step     Time          Energy         fmax
BFGS:    0 20:46:30     -787.078110      192.3284
BFGS:    1 20:46:30     -830.319452      149.8220
BFGS:    2 20:46:30     -843.967266      137.2277
BFGS:    3 20:46:30     -858.439588      131.7436
BFGS:    4 20:46:30     -874.911606      132.3020
BFGS:    5 20:46:30     -891.003274      131.4428
BFGS:    6 20:46:30     -906.148483      125.3689
BFGS:    7 20:46:30     -920.201563      118.0910
BFGS:    8 20:46:30     -934.084807      111.9481
BFGS:    9 20:46:30     -948.229283      104.0581
BFGS:   10 20:46:30     -961.484566       98.3034
BFGS:   11 20:46:30     -974.731911       89.7364
BFGS:   12 20:46:30     -985.912755       87.7196
BFGS:   13 20:46:30     -997.500796       76.1542
BFGS:   14 20:46:30    -1005.765993       71.4874
BFGS:   15 20:46:30    -1013.841326       68.0286
BFGS:   16 20:46:30    -1020.999015       59.5648
BFGS:   17 20:46:30    -1027.557618       55.8284
BFGS:   18 20:46:30    -1032.851705       50.3589
BFGS:   19 20:46:30    -1036.811880       47.5580
BFGS:   20 20:46:30    -1039.958419       43.6295
BFGS:   21 20:46:30    -1042.815319       42.4663
BFGS:   22 20:46:30    -1045.684674       40.0299
BFGS:   23 20:46:31    -1048.655720       37.7201
BFGS:   24 20:46:31    -1051.864851       35.5161
BFGS:   25 20:46:31    -1055.389359       32.8893
BFGS:   26 20:46:31    -1058.545233       30.0832
BFGS:   27 20:46:31    -1061.523930       27.2488
BFGS:   28 20:46:31    -1063.827118       24.1070
BFGS:   29 20:46:31    -1066.167806       21.7261
BFGS:   30 20:46:31    -1067.994445       17.5914
BFGS:   31 20:46:31    -1069.396194       15.6148
BFGS:   32 20:46:31    -1070.344808       12.6517
BFGS:   33 20:46:31    -1071.136639       11.3070
BFGS:   34 20:46:31    -1071.766425       10.9925
BFGS:   35 20:46:31    -1072.284874       10.9782
BFGS:   36 20:46:31    -1072.790735       10.7346
BFGS:   37 20:46:31    -1073.307790       10.4385
BFGS:   38 20:46:31    -1073.792377        9.3528
BFGS:   39 20:46:31    -1074.296623        9.3461
BFGS:   40 20:46:31    -1074.793462        9.2221
BFGS:   41 20:46:31    -1075.259647        8.9727
BFGS:   42 20:46:31    -1075.737151        7.9773
BFGS:   43 20:46:31    -1076.257237        6.2573
BFGS:   44 20:46:31    -1076.726456        6.4588
BFGS:   45 20:46:31    -1077.160210        6.0205
BFGS:   46 20:46:31    -1077.529621        5.2865
BFGS:   47 20:46:31    -1077.854219        3.8286
BFGS:   48 20:46:31    -1078.114736        3.0575
BFGS:   49 20:46:31    -1078.308362        3.2141
BFGS:   50 20:46:31    -1078.452807        3.2599
BFGS:   51 20:46:32    -1078.564424        2.6157
BFGS:   52 20:46:32    -1078.657375        2.0925
BFGS:   53 20:46:32    -1078.726866        2.1093
BFGS:   54 20:46:32    -1078.857874        2.5758
BFGS:   55 20:46:32    -1078.981882        3.3275
BFGS:   56 20:46:32    -1079.123807        4.3471
BFGS:   57 20:46:32    -1079.335337        4.4646
BFGS:   58 20:46:32    -1079.617334        3.9405
BFGS:   59 20:46:32    -1079.867745        4.3345
BFGS:   60 20:46:32    -1080.074406        4.6767
BFGS:   61 20:46:32    -1080.329699        2.3825
BFGS:   62 20:46:32    -1080.446569        3.2076
BFGS:   63 20:46:32    -1080.623087        2.8880
BFGS:   64 20:46:32    -1080.780032        3.0603
BFGS:   65 20:46:32    -1080.955434        4.1408
BFGS:   66 20:46:32    -1081.124409        5.4808
BFGS:   67 20:46:32    -1081.297997        6.5964
BFGS:   68 20:46:32    -1081.468561        7.4609
BFGS:   69 20:46:32    -1081.635983        8.0968
BFGS:   70 20:46:32    -1081.806691        8.5019
BFGS:   71 20:46:32    -1081.997135        8.6264
BFGS:   72 20:46:32    -1082.256688        8.5908
BFGS:   73 20:46:32    -1082.566504        9.8589
BFGS:   74 20:46:32    -1082.815122       11.1318
BFGS:   75 20:46:32    -1083.123793       10.4897
BFGS:   76 20:46:32    -1083.381832        8.8765
BFGS:   77 20:46:32    -1083.568437        9.1217
BFGS:   78 20:46:32    -1083.796874        8.8461
BFGS:   79 20:46:32    -1083.957381        8.2294
BFGS:   80 20:46:33    -1084.007840        8.1364
BFGS:   81 20:46:33    -1084.092299        6.9785
BFGS:   82 20:46:33    -1084.144171        7.4442
BFGS:   83 20:46:33    -1084.215660        7.1378
BFGS:   84 20:46:33    -1084.328548        6.7647
BFGS:   85 20:46:33    -1084.393889        6.1325
BFGS:   86 20:46:33    -1084.448733        6.0906
BFGS:   87 20:46:33    -1084.498130        6.5931
BFGS:   88 20:46:33    -1084.513731        6.3472
BFGS:   89 20:46:33    -1084.528071        6.0465
BFGS:   90 20:46:33    -1084.540546        5.9243
BFGS:   91 20:46:33    -1084.552511        5.7569
BFGS:   92 20:46:33    -1084.572664        5.5993
BFGS:   93 20:46:33    -1084.596212        5.4874
BFGS:   94 20:46:33    -1084.619819        5.1978
BFGS:   95 20:46:33    -1084.650090        4.7769
BFGS:   96 20:46:33    -1084.681053        4.7279
BFGS:   97 20:46:33    -1084.718821        4.4703
BFGS:   98 20:46:33    -1084.770482        4.1647
BFGS:   99 20:46:33    -1084.820002        3.6329
BFGS:  100 20:46:33    -1084.870451        3.6732
BFGS:  101 20:46:33    -1084.922974        3.6264
BFGS:  102 20:46:33    -1084.977962        3.5361
BFGS:  103 20:46:33    -1085.035501        3.4003
BFGS:  104 20:46:33    -1085.095358        3.3172
BFGS:  105 20:46:33    -1085.158067        3.3806
BFGS:  106 20:46:33    -1085.223390        3.4398
BFGS:  107 20:46:34    -1085.292152        3.5010
BFGS:  108 20:46:34    -1085.365786        3.5400
BFGS:  109 20:46:34    -1085.441565        3.5870
BFGS:  110 20:46:34    -1085.522758        3.5884
BFGS:  111 20:46:34    -1085.603138        3.5549
BFGS:  112 20:46:34    -1085.682288        3.4563
BFGS:  113 20:46:34    -1085.752338        3.3453
BFGS:  114 20:46:34    -1085.827419        3.1794
BFGS:  115 20:46:34    -1085.890584        3.0792
BFGS:  116 20:46:34    -1085.966856        2.7877
BFGS:  117 20:46:34    -1086.030371        2.5134
BFGS:  118 20:46:34    -1086.113107        1.7190
BFGS:  119 20:46:34    -1086.173399        1.0376
BFGS:  120 20:46:34    -1086.209713        0.9334
BFGS:  121 20:46:34    -1086.228181        0.7271
BFGS:  122 20:46:34    -1086.237119        0.5201
BFGS:  123 20:46:34    -1086.241194        0.3485
BFGS:  124 20:46:34    -1086.243243        0.2612
BFGS:  125 20:46:34    -1086.244926        0.1881
BFGS:  126 20:46:34    -1086.245461        0.1448
BFGS:  127 20:46:34    -1086.245864        0.0907
