      Step     Time          Energy         fmax
BFGS:    0 20:48:32     -692.278992      237.5911
BFGS:    1 20:48:32     -759.888737      175.2177
BFGS:    2 20:48:32     -790.402893      187.1398
BFGS:    3 20:48:32     -810.752973      164.3683
BFGS:    4 20:48:33     -835.912046      158.3522
BFGS:    5 20:48:33     -858.184129      147.0197
BFGS:    6 20:48:33     -878.592958      134.4523
BFGS:    7 20:48:33     -893.650772      128.8982
BFGS:    8 20:48:33     -907.037255      115.2657
BFGS:    9 20:48:33     -917.192054      108.3182
BFGS:   10 20:48:33     -927.253051      102.7604
BFGS:   11 20:48:33     -938.591288       95.2005
BFGS:   12 20:48:33     -948.635137       87.8330
BFGS:   13 20:48:33     -957.118916       81.6712
BFGS:   14 20:48:33     -965.706800       76.4328
BFGS:   15 20:48:33     -973.701955       73.0013
BFGS:   16 20:48:33     -981.290671       65.1879
BFGS:   17 20:48:33     -987.623351       62.6755
BFGS:   18 20:48:33     -993.945770       60.1618
BFGS:   19 20:48:33    -1000.162425       57.2634
BFGS:   20 20:48:33    -1007.113248       54.2020
BFGS:   21 20:48:33    -1015.173512       49.3780
BFGS:   22 20:48:33    -1023.678645       44.9324
BFGS:   23 20:48:33    -1029.809827       40.7445
BFGS:   24 20:48:33    -1034.445322       36.5306
BFGS:   25 20:48:33    -1038.622368       32.7758
BFGS:   26 20:48:33    -1042.416423       28.6899
BFGS:   27 20:48:33    -1046.026810       24.6141
BFGS:   28 20:48:33    -1048.541945       21.8840
BFGS:   29 20:48:33    -1050.467679       20.0610
BFGS:   30 20:48:33    -1052.029076       18.2536
BFGS:   31 20:48:34    -1053.524141       16.7206
BFGS:   32 20:48:34    -1055.137185       14.4432
BFGS:   33 20:48:34    -1056.712815       12.1651
BFGS:   34 20:48:34    -1058.021581       11.1934
BFGS:   35 20:48:34    -1059.259590       10.8228
BFGS:   36 20:48:34    -1060.641136        8.9823
BFGS:   37 20:48:34    -1061.844022       10.3498
BFGS:   38 20:48:34    -1063.225709       11.4937
BFGS:   39 20:48:34    -1064.577335       12.4211
BFGS:   40 20:48:34    -1065.927730       14.3722
BFGS:   41 20:48:34    -1067.079620       15.0743
BFGS:   42 20:48:34    -1068.200288       16.3642
BFGS:   43 20:48:34    -1069.307892       17.4232
BFGS:   44 20:48:34    -1070.343526       16.9071
BFGS:   45 20:48:34    -1071.433045       16.9484
BFGS:   46 20:48:34    -1072.477241       15.4682
BFGS:   47 20:48:34    -1073.510150       14.5240
BFGS:   48 20:48:34    -1074.517614       15.5331
BFGS:   49 20:48:34    -1075.530140       14.3476
BFGS:   50 20:48:34    -1076.475586       14.0784
BFGS:   51 20:48:34    -1077.314229       12.7468
BFGS:   52 20:48:34    -1078.111644       12.3637
BFGS:   53 20:48:34    -1078.962122       10.0884
BFGS:   54 20:48:34    -1079.646412        9.9013
BFGS:   55 20:48:34    -1080.288244        8.9409
BFGS:   56 20:48:34    -1080.905033        8.6480
BFGS:   57 20:48:34    -1081.594124        8.6715
BFGS:   58 20:48:34    -1082.094029        8.4932
BFGS:   59 20:48:34    -1082.496658        7.7872
BFGS:   60 20:48:34    -1082.878220        7.8355
BFGS:   61 20:48:34    -1083.386919        6.7157
BFGS:   62 20:48:34    -1083.701429        6.3625
BFGS:   63 20:48:35    -1083.976557        6.7598
BFGS:   64 20:48:35    -1084.355909        6.9633
BFGS:   65 20:48:35    -1084.700116        9.0800
BFGS:   66 20:48:35    -1085.070941        8.5750
BFGS:   67 20:48:35    -1085.574076        5.5366
BFGS:   68 20:48:35    -1086.049249        5.0447
BFGS:   69 20:48:35    -1086.282219        3.7484
BFGS:   70 20:48:35    -1086.433244        4.5610
BFGS:   71 20:48:35    -1086.507457        3.8406
BFGS:   72 20:48:35    -1086.569883        3.7559
BFGS:   73 20:48:35    -1086.664699        3.5553
BFGS:   74 20:48:35    -1086.722346        3.8937
BFGS:   75 20:48:35    -1086.777473        3.4964
BFGS:   76 20:48:35    -1086.850475        3.7366
BFGS:   77 20:48:35    -1086.933342        3.4201
BFGS:   78 20:48:35    -1087.029699        3.0583
BFGS:   79 20:48:35    -1087.212701        5.2887
BFGS:   80 20:48:35    -1087.411302        7.1887
BFGS:   81 20:48:35    -1087.619093        8.3272
BFGS:   82 20:48:35    -1087.840761        8.2774
BFGS:   83 20:48:35    -1088.086921        9.0548
BFGS:   84 20:48:35    -1088.397318        9.5381
BFGS:   85 20:48:35    -1088.725504        8.6139
BFGS:   86 20:48:35    -1088.985460        7.8075
BFGS:   87 20:48:35    -1089.305614        6.0413
BFGS:   88 20:48:35    -1089.627134        4.3904
BFGS:   89 20:48:35    -1089.887857        4.0211
BFGS:   90 20:48:35    -1090.012837        3.5596
BFGS:   91 20:48:35    -1090.124544        3.1175
BFGS:   92 20:48:35    -1090.254658        2.8119
BFGS:   93 20:48:35    -1090.371110        3.7433
BFGS:   94 20:48:35    -1090.507067        4.2476
BFGS:   95 20:48:35    -1090.690660        5.8292
BFGS:   96 20:48:36    -1090.893493        7.0837
BFGS:   97 20:48:36    -1091.192810        8.4004
BFGS:   98 20:48:36    -1091.610675        7.4630
BFGS:   99 20:48:36    -1091.997437        6.4722
BFGS:  100 20:48:36    -1092.115521        6.7391
BFGS:  101 20:48:36    -1092.140773        7.3388
BFGS:  102 20:48:36    -1092.235106        5.8441
BFGS:  103 20:48:36    -1092.315306        5.7874
BFGS:  104 20:48:36    -1092.345992        5.4722
BFGS:  105 20:48:36    -1092.401742        5.5500
BFGS:  106 20:48:36    -1092.449655        5.2560
BFGS:  107 20:48:36    -1092.505767        5.4418
BFGS:  108 20:48:36    -1092.608952        5.6096
BFGS:  109 20:48:36    -1092.697938        5.6172
BFGS:  110 20:48:36    -1092.808981        6.1626
BFGS:  111 20:48:36    -1092.960011        6.8388
BFGS:  112 20:48:36    -1093.089498        8.7635
BFGS:  113 20:48:36    -1093.269457        9.7291
BFGS:  114 20:48:36    -1093.463298       11.2501
BFGS:  115 20:48:36    -1093.762086       10.2751
BFGS:  116 20:48:36    -1094.165109       10.4205
BFGS:  117 20:48:36    -1094.891683        7.4864
BFGS:  118 20:48:36    -1095.325798        7.0698
BFGS:  119 20:48:36    -1095.739439        5.8125
BFGS:  120 20:48:36    -1096.047608        5.3111
BFGS:  121 20:48:36    -1096.283766        4.2416
BFGS:  122 20:48:36    -1096.467847        4.1562
BFGS:  123 20:48:36    -1096.626758        4.0767
BFGS:  124 20:48:36    -1096.720242        4.4890
BFGS:  125 20:48:36    -1096.787206        4.2496
BFGS:  126 20:48:36    -1096.822530        4.3122
BFGS:  127 20:48:36    -1096.841685        3.6498
BFGS:  128 20:48:36    -1096.859767        3.2140
BFGS:  129 20:48:36    -1096.876314        2.4243
BFGS:  130 20:48:36    -1096.887117        2.1926
BFGS:  131 20:48:37    -1096.895864        1.9686
BFGS:  132 20:48:37    -1096.900881        1.8541
BFGS:  133 20:48:37    -1096.905279        2.0114
BFGS:  134 20:48:37    -1096.910837        1.6375
BFGS:  135 20:48:37    -1096.919890        1.6813
BFGS:  136 20:48:37    -1096.927861        1.7235
BFGS:  137 20:48:37    -1096.934136        1.6823
BFGS:  138 20:48:37    -1096.943444        1.5414
BFGS:  139 20:48:37    -1096.948183        1.4436
BFGS:  140 20:48:37    -1096.953727        1.3343
BFGS:  141 20:48:37    -1096.956706        1.1933
BFGS:  142 20:48:37    -1096.959762        1.2383
BFGS:  143 20:48:37    -1096.961857        1.2409
BFGS:  144 20:48:37    -1096.964294        1.2276
BFGS:  145 20:48:37    -1096.967000        1.3176
BFGS:  146 20:48:37    -1096.969912        1.4165
BFGS:  147 20:48:37    -1096.973114        1.4774
BFGS:  148 20:48:37    -1096.976891        1.4510
BFGS:  149 20:48:37    -1096.981898        1.3423
BFGS:  150 20:48:37    -1096.987035        1.1232
BFGS:  151 20:48:37    -1096.990182        0.9731
BFGS:  152 20:48:37    -1096.991261        0.9559
BFGS:  153 20:48:37    -1096.991753        0.9429
BFGS:  154 20:48:37    -1096.992180        0.9468
BFGS:  155 20:48:37    -1096.992623        0.9895
BFGS:  156 20:48:37    -1096.993098        1.0159
BFGS:  157 20:48:37    -1096.993560        1.0500
BFGS:  158 20:48:37    -1096.993979        1.0623
BFGS:  159 20:48:37    -1096.994321        1.0929
BFGS:  160 20:48:37    -1096.994609        1.1202
BFGS:  161 20:48:37    -1096.994868        1.1615
BFGS:  162 20:48:37    -1096.995170        1.2030
BFGS:  163 20:48:37    -1096.995602        1.2488
BFGS:  164 20:48:37    -1096.996416        1.2864
BFGS:  165 20:48:38    -1096.997960        1.2932
BFGS:  166 20:48:38    -1097.000796        1.2039
BFGS:  167 20:48:38    -1097.005142        0.9525
BFGS:  168 20:48:38    -1097.010215        0.7028
BFGS:  169 20:48:38    -1097.014292        0.5452
BFGS:  170 20:48:38    -1097.016391        0.2542
BFGS:  171 20:48:38    -1097.017068        0.1415
BFGS:  172 20:48:38    -1097.017251        0.1023
BFGS:  173 20:48:38    -1097.017310        0.0770
