 KPT            1  SPIN            1  KWEIGHT    1.00000000000000     
   -21.42856     2.00000
   -21.00399     2.00000
   -19.19242     2.00000
   -18.61493     2.00000
   -18.48501     2.00000
   -17.43112     2.00000
   -17.07749     2.00000
   -16.64450     2.00000
   -15.64555     2.00000
   -14.06826     2.00000
   -13.75597     2.00000
   -13.73905     2.00000
   -12.68088     2.00000
   -11.76371     2.00000
    -9.75819     2.00000
    -9.33510     2.00000
    -9.20613     2.00000
    -8.37176     2.00000
    -8.13218     2.00000
    -7.93734     2.00000
    -7.61056     2.00000
    -5.65044     2.00000
    -5.37576     2.00000
    -5.29830     2.00000
    -5.28871     2.00000
    -5.28866     2.00000
    -5.28467     0.00000
    -5.22417     0.00000
    -4.02899     0.00000
    -3.69189     0.00000
    -3.27456     0.00000
    -1.35453     0.00000
     5.08812     0.00000
     5.36680     0.00000
     5.70047     0.00000
    18.81702     0.00000
    20.20654     0.00000
    25.32298     0.00000
    28.57554     0.00000
    37.23615     0.00000
    53.30344     0.00000
    58.89607     0.00000
    72.76750     0.00000
    93.62481     0.00000
   114.26279     0.00000
   131.27703     0.00000
   153.89932     0.00000
   159.65062     0.00000
   197.24277     0.00000
   202.06733     0.00000
   408.53855     0.00000
   410.82855     0.00000
 
