      Step     Time          Energy         fmax
BFGS:    0 20:53:20     -902.045816      205.1422
BFGS:    1 20:53:20     -934.510652      128.2189
BFGS:    2 20:53:20     -944.538816      147.7546
BFGS:    3 20:53:20     -956.036473      131.4176
BFGS:    4 20:53:20     -967.282554      119.7245
BFGS:    5 20:53:21     -976.069756      105.3786
BFGS:    6 20:53:21     -983.673941       84.4443
BFGS:    7 20:53:21     -991.771666       78.5969
BFGS:    8 20:53:21    -1000.209621       75.1745
BFGS:    9 20:53:21    -1008.434924       68.0211
BFGS:   10 20:53:21    -1016.290747       57.9276
BFGS:   11 20:53:21    -1022.360148       46.5690
BFGS:   12 20:53:21    -1027.652572       41.6001
BFGS:   13 20:53:21    -1031.895134       39.3300
BFGS:   14 20:53:21    -1035.813970       38.1945
BFGS:   15 20:53:21    -1039.044176       36.8690
BFGS:   16 20:53:21    -1042.135123       34.9944
BFGS:   17 20:53:21    -1045.119251       32.7185
BFGS:   18 20:53:21    -1048.025287       29.9589
BFGS:   19 20:53:21    -1050.799163       27.0781
BFGS:   20 20:53:21    -1053.777713       25.5535
BFGS:   21 20:53:21    -1056.589640       23.4444
BFGS:   22 20:53:21    -1059.026308       20.9890
BFGS:   23 20:53:21    -1061.467265       18.7553
BFGS:   24 20:53:21    -1063.853907       17.0290
BFGS:   25 20:53:21    -1066.229081       14.9459
BFGS:   26 20:53:21    -1068.646266       14.7287
BFGS:   27 20:53:21    -1071.034913       14.8662
BFGS:   28 20:53:21    -1073.058049       14.9020
BFGS:   29 20:53:21    -1074.982421       14.7350
BFGS:   30 20:53:21    -1076.504533       14.6046
BFGS:   31 20:53:21    -1078.128402       13.9952
BFGS:   32 20:53:21    -1079.607226       13.4701
BFGS:   33 20:53:21    -1080.982327       12.4450
BFGS:   34 20:53:21    -1082.216030       11.5525
BFGS:   35 20:53:21    -1083.200940        9.9649
BFGS:   36 20:53:21    -1084.027055        8.6188
BFGS:   37 20:53:21    -1084.735820        7.6263
BFGS:   38 20:53:22    -1085.355999        6.8952
BFGS:   39 20:53:22    -1085.876954        5.7087
BFGS:   40 20:53:22    -1086.398429        5.8211
BFGS:   41 20:53:22    -1086.888696        5.8975
BFGS:   42 20:53:22    -1087.327922        6.4301
BFGS:   43 20:53:22    -1087.695800        6.7943
BFGS:   44 20:53:22    -1088.094906        6.5948
BFGS:   45 20:53:22    -1088.456257        5.9983
BFGS:   46 20:53:22    -1088.813057        4.9900
BFGS:   47 20:53:22    -1089.177297        4.2929
BFGS:   48 20:53:22    -1089.540129        4.0546
BFGS:   49 20:53:22    -1089.893165        4.0341
BFGS:   50 20:53:22    -1090.198389        3.6605
BFGS:   51 20:53:22    -1090.521041        3.9619
BFGS:   52 20:53:22    -1090.790040        3.5691
BFGS:   53 20:53:22    -1091.033152        3.5469
BFGS:   54 20:53:22    -1091.212051        3.3286
BFGS:   55 20:53:22    -1091.361254        2.8302
BFGS:   56 20:53:22    -1091.532958        2.9313
BFGS:   57 20:53:22    -1091.711249        2.2836
BFGS:   58 20:53:22    -1091.854493        3.0298
BFGS:   59 20:53:22    -1091.956788        4.0641
BFGS:   60 20:53:22    -1092.075701        4.8627
BFGS:   61 20:53:22    -1092.191796        6.3352
BFGS:   62 20:53:22    -1092.316390        7.1743
BFGS:   63 20:53:22    -1092.470676        8.5606
BFGS:   64 20:53:22    -1092.630571        9.5180
BFGS:   65 20:53:22    -1092.808330        9.6356
BFGS:   66 20:53:22    -1093.020385        8.7378
BFGS:   67 20:53:22    -1093.293102        7.0720
BFGS:   68 20:53:22    -1093.636685        5.3779
BFGS:   69 20:53:22    -1094.047285        5.5770
BFGS:   70 20:53:22    -1094.494497        5.5358
BFGS:   71 20:53:22    -1094.908640        5.0440
BFGS:   72 20:53:22    -1095.189897        3.8800
BFGS:   73 20:53:22    -1095.347884        3.4788
BFGS:   74 20:53:22    -1095.520993        2.4756
BFGS:   75 20:53:23    -1095.613606        2.1290
BFGS:   76 20:53:23    -1095.692339        1.7035
BFGS:   77 20:53:23    -1095.736528        1.3177
BFGS:   78 20:53:23    -1095.771727        1.7125
BFGS:   79 20:53:23    -1095.822030        1.2433
BFGS:   80 20:53:23    -1095.879227        1.2671
BFGS:   81 20:53:23    -1095.959705        2.1602
BFGS:   82 20:53:23    -1096.045726        2.5861
BFGS:   83 20:53:23    -1096.161573        2.4400
BFGS:   84 20:53:23    -1096.256483        2.0696
BFGS:   85 20:53:23    -1096.300126        2.7559
BFGS:   86 20:53:23    -1096.351526        1.7550
BFGS:   87 20:53:23    -1096.407501        1.5505
BFGS:   88 20:53:23    -1096.456050        1.4842
BFGS:   89 20:53:23    -1096.476439        1.1941
BFGS:   90 20:53:23    -1096.497411        1.0693
BFGS:   91 20:53:23    -1096.513382        0.9132
BFGS:   92 20:53:23    -1096.524489        0.8093
BFGS:   93 20:53:23    -1096.535008        0.6209
BFGS:   94 20:53:23    -1096.548319        0.6132
BFGS:   95 20:53:23    -1096.566294        0.7021
BFGS:   96 20:53:23    -1096.588640        1.0670
BFGS:   97 20:53:23    -1096.608278        1.3846
BFGS:   98 20:53:23    -1096.640353        1.5869
BFGS:   99 20:53:23    -1096.674244        1.6346
BFGS:  100 20:53:23    -1096.703788        1.5319
BFGS:  101 20:53:23    -1096.724215        1.7409
BFGS:  102 20:53:23    -1096.756197        1.6759
BFGS:  103 20:53:23    -1096.800707        1.6124
BFGS:  104 20:53:23    -1096.832248        1.1921
BFGS:  105 20:53:23    -1096.866258        1.4810
BFGS:  106 20:53:23    -1096.888632        1.5182
BFGS:  107 20:53:23    -1096.900100        1.5426
BFGS:  108 20:53:23    -1096.915622        1.4200
BFGS:  109 20:53:23    -1096.925816        1.1492
BFGS:  110 20:53:23    -1096.933648        0.8613
BFGS:  111 20:53:23    -1096.946530        0.8900
BFGS:  112 20:53:24    -1096.950285        0.9709
BFGS:  113 20:53:24    -1096.956663        1.0151
BFGS:  114 20:53:24    -1096.961129        1.0317
BFGS:  115 20:53:24    -1096.968203        1.0138
BFGS:  116 20:53:24    -1096.990980        1.5694
BFGS:  117 20:53:24    -1097.022012        2.4690
BFGS:  118 20:53:24    -1097.029324        3.1102
BFGS:  119 20:53:24    -1097.089863        2.1398
BFGS:  120 20:53:24    -1097.225997        1.3289
BFGS:  121 20:53:24    -1097.294205        1.1888
BFGS:  122 20:53:24    -1097.328064        1.0125
BFGS:  123 20:53:24    -1097.359451        0.7626
BFGS:  124 20:53:24    -1097.376170        0.8324
BFGS:  125 20:53:24    -1097.397158        1.0079
BFGS:  126 20:53:24    -1097.413978        1.2238
BFGS:  127 20:53:24    -1097.429673        1.4248
BFGS:  128 20:53:24    -1097.444827        1.4047
BFGS:  129 20:53:24    -1097.462816        1.3408
BFGS:  130 20:53:24    -1097.477261        1.0992
BFGS:  131 20:53:24    -1097.491602        1.0740
BFGS:  132 20:53:24    -1097.503579        0.8696
BFGS:  133 20:53:24    -1097.514448        0.8414
BFGS:  134 20:53:24    -1097.523507        0.7342
BFGS:  135 20:53:24    -1097.530794        0.7223
BFGS:  136 20:53:24    -1097.536676        0.7846
BFGS:  137 20:53:24    -1097.540697        0.8045
BFGS:  138 20:53:24    -1097.543904        0.7703
BFGS:  139 20:53:24    -1097.546060        0.6923
BFGS:  140 20:53:24    -1097.548421        0.6473
BFGS:  141 20:53:24    -1097.546167        0.5631
BFGS:  142 20:53:24    -1097.551878        0.5300
BFGS:  143 20:53:24    -1097.553792        0.5483
BFGS:  144 20:53:24    -1097.552690        0.5144
BFGS:  145 20:53:24    -1097.555984        0.5258
BFGS:  146 20:53:24    -1097.557105        0.5386
BFGS:  147 20:53:24    -1097.558062        0.5157
BFGS:  148 20:53:24    -1097.559935        0.5046
BFGS:  149 20:53:25    -1097.563137        0.5239
BFGS:  150 20:53:25    -1097.567793        0.7207
BFGS:  151 20:53:25    -1097.573491        0.5584
BFGS:  152 20:53:25    -1097.584881        0.5777
BFGS:  153 20:53:25    -1097.593399        0.4816
BFGS:  154 20:53:25    -1097.594048        0.4949
BFGS:  155 20:53:25    -1097.602604        0.2585
BFGS:  156 20:53:25    -1097.605829        0.2939
BFGS:  157 20:53:25    -1097.608767        0.3092
BFGS:  158 20:53:25    -1097.611548        0.3360
BFGS:  159 20:53:25    -1097.614512        0.3761
BFGS:  160 20:53:25    -1097.616159        0.3157
BFGS:  161 20:53:25    -1097.619532        0.3722
BFGS:  162 20:53:25    -1097.630263        0.8454
BFGS:  163 20:53:25    -1097.635330        1.4492
BFGS:  164 20:53:25    -1097.647874        1.7407
BFGS:  165 20:53:25    -1097.669744        1.3635
BFGS:  166 20:53:25    -1097.687958        1.2271
BFGS:  167 20:53:25    -1097.677449        0.7998
BFGS:  168 20:53:25    -1097.706274        1.0471
BFGS:  169 20:53:25    -1097.712928        1.2130
BFGS:  170 20:53:25    -1097.722339        1.0121
BFGS:  171 20:53:25    -1097.737303        0.7980
BFGS:  172 20:53:25    -1097.746708        0.7464
BFGS:  173 20:53:25    -1097.757711        0.7403
BFGS:  174 20:53:25    -1097.765082        0.7000
BFGS:  175 20:53:25    -1097.770750        0.7816
BFGS:  176 20:53:25    -1097.775217        0.7998
BFGS:  177 20:53:25    -1097.779569        0.7566
BFGS:  178 20:53:25    -1097.783895        0.6998
BFGS:  179 20:53:25    -1097.790683        0.6877
BFGS:  180 20:53:25    -1097.801483        0.7629
BFGS:  181 20:53:25    -1097.830868        1.0321
BFGS:  182 20:53:25    -1097.881875        1.2753
BFGS:  183 20:53:25    -1097.906168        2.9972
BFGS:  184 20:53:25    -1097.999148        1.2721
BFGS:  185 20:53:25    -1098.041423        1.2432
BFGS:  186 20:53:25    -1098.070014        1.3020
BFGS:  187 20:53:26    -1098.083790        1.0950
BFGS:  188 20:53:26    -1098.094359        0.9637
BFGS:  189 20:53:26    -1098.102506        0.8978
BFGS:  190 20:53:26    -1098.106190        0.8348
BFGS:  191 20:53:26    -1098.108914        0.8057
BFGS:  192 20:53:26    -1098.111529        0.7270
BFGS:  193 20:53:26    -1098.114220        0.6324
BFGS:  194 20:53:26    -1098.117566        0.5004
BFGS:  195 20:53:26    -1098.121264        0.4531
BFGS:  196 20:53:26    -1098.124542        0.4526
BFGS:  197 20:53:26    -1098.127510        0.3872
BFGS:  198 20:53:26    -1098.130147        0.3675
BFGS:  199 20:53:26    -1098.132994        0.3640
BFGS:  200 20:53:26    -1098.136684        0.3386
BFGS:  201 20:53:26    -1098.141129        0.3225
BFGS:  202 20:53:26    -1098.144776        0.3021
BFGS:  203 20:53:26    -1098.147469        0.2938
BFGS:  204 20:53:26    -1098.149133        0.2641
BFGS:  205 20:53:26    -1098.150424        0.2011
BFGS:  206 20:53:26    -1098.151453        0.1436
BFGS:  207 20:53:26    -1098.151972        0.0927
