      Step     Time          Energy         fmax
BFGS:    0 20:41:06     -759.039093      183.0721
BFGS:    1 20:41:06     -815.755083      141.8311
BFGS:    2 20:41:06     -844.635580      139.9977
BFGS:    3 20:41:06     -875.876768      135.9094
BFGS:    4 20:41:06     -904.331043      128.4043
BFGS:    5 20:41:06     -923.585839      127.0005
BFGS:    6 20:41:06     -938.946980      116.6586
BFGS:    7 20:41:06     -952.186673      115.0779
BFGS:    8 20:41:06     -965.958117       99.1292
BFGS:    9 20:41:06     -981.554044       86.1264
BFGS:   10 20:41:06     -993.331558       83.7200
BFGS:   11 20:41:06    -1003.718401       74.6300
BFGS:   12 20:41:06    -1013.214094       68.5803
BFGS:   13 20:41:06    -1020.573899       62.7120
BFGS:   14 20:41:06    -1025.981838       58.3725
BFGS:   15 20:41:06    -1031.444638       52.1214
BFGS:   16 20:41:06    -1035.788220       48.1040
BFGS:   17 20:41:06    -1039.386622       44.6768
BFGS:   18 20:41:06    -1042.512551       42.7097
BFGS:   19 20:41:06    -1045.532269       39.5758
BFGS:   20 20:41:06    -1048.196152       37.7607
BFGS:   21 20:41:06    -1050.827292       35.4973
BFGS:   22 20:41:06    -1053.471282       33.0020
BFGS:   23 20:41:06    -1056.092898       30.5432
BFGS:   24 20:41:06    -1058.648397       28.5435
BFGS:   25 20:41:06    -1061.144732       26.7591
BFGS:   26 20:41:06    -1063.504193       25.1467
BFGS:   27 20:41:06    -1065.668890       23.5350
BFGS:   28 20:41:06    -1067.652297       22.0140
BFGS:   29 20:41:06    -1069.461565       20.3071
BFGS:   30 20:41:06    -1071.217251       18.5020
BFGS:   31 20:41:07    -1073.000596       16.4861
BFGS:   32 20:41:07    -1074.614091       14.7409
BFGS:   33 20:41:07    -1076.105810       13.2472
BFGS:   34 20:41:07    -1077.569114       11.9968
BFGS:   35 20:41:07    -1078.988364       10.8673
BFGS:   36 20:41:07    -1080.386920        9.9524
BFGS:   37 20:41:07    -1081.781990        9.5317
BFGS:   38 20:41:07    -1082.996886        8.7413
BFGS:   39 20:41:07    -1084.068289        6.9778
BFGS:   40 20:41:07    -1084.976702        6.9284
BFGS:   41 20:41:07    -1085.660847        6.1806
BFGS:   42 20:41:07    -1086.235801        5.6600
BFGS:   43 20:41:07    -1086.739465        5.4440
BFGS:   44 20:41:07    -1087.256637        5.6703
BFGS:   45 20:41:07    -1087.750585        6.9379
BFGS:   46 20:41:07    -1088.214900        7.9755
BFGS:   47 20:41:07    -1088.652847        8.5737
BFGS:   48 20:41:07    -1089.041110        8.3907
BFGS:   49 20:41:07    -1089.388592        8.2205
BFGS:   50 20:41:07    -1089.722227        7.8020
BFGS:   51 20:41:07    -1090.049876        7.1667
BFGS:   52 20:41:07    -1090.378455        6.3394
BFGS:   53 20:41:07    -1090.701583        5.3840
BFGS:   54 20:41:07    -1091.040447        4.9053
BFGS:   55 20:41:07    -1091.420145        4.6182
BFGS:   56 20:41:07    -1091.847575        5.1418
BFGS:   57 20:41:07    -1092.258709        5.1964
BFGS:   58 20:41:07    -1092.646981        4.4846
BFGS:   59 20:41:07    -1092.985805        3.8008
BFGS:   60 20:41:07    -1093.272657        3.2150
BFGS:   61 20:41:07    -1093.480678        2.2318
BFGS:   62 20:41:07    -1093.561664        1.4971
BFGS:   63 20:41:07    -1093.609435        1.4388
BFGS:   64 20:41:07    -1093.654320        1.4562
BFGS:   65 20:41:08    -1093.682302        1.3122
BFGS:   66 20:41:08    -1093.704100        1.3241
BFGS:   67 20:41:08    -1093.722832        1.3229
BFGS:   68 20:41:08    -1093.743863        1.3498
BFGS:   69 20:41:08    -1093.772969        1.3789
BFGS:   70 20:41:08    -1093.805319        1.4311
BFGS:   71 20:41:08    -1093.842175        1.5757
BFGS:   72 20:41:08    -1093.886948        1.9240
BFGS:   73 20:41:08    -1093.938741        2.2684
BFGS:   74 20:41:08    -1093.995495        2.6392
BFGS:   75 20:41:08    -1094.054497        3.0353
BFGS:   76 20:41:08    -1094.109056        3.4865
BFGS:   77 20:41:08    -1094.186986        3.7544
BFGS:   78 20:41:08    -1094.280612        3.8869
BFGS:   79 20:41:08    -1094.430887        3.5643
BFGS:   80 20:41:08    -1094.592623        3.0168
BFGS:   81 20:41:08    -1094.771905        2.4072
BFGS:   82 20:41:08    -1094.875050        2.8486
BFGS:   83 20:41:08    -1095.033386        3.5412
BFGS:   84 20:41:08    -1095.140816        3.7632
BFGS:   85 20:41:08    -1095.261380        3.4965
BFGS:   86 20:41:08    -1095.371499        2.5453
BFGS:   87 20:41:08    -1095.434062        1.5660
BFGS:   88 20:41:08    -1095.481468        1.6008
BFGS:   89 20:41:08    -1095.505097        1.5224
BFGS:   90 20:41:08    -1095.527611        1.3769
BFGS:   91 20:41:08    -1095.548364        1.1067
BFGS:   92 20:41:08    -1095.565688        0.8810
BFGS:   93 20:41:08    -1095.575091        0.9320
BFGS:   94 20:41:08    -1095.577716        0.5998
BFGS:   95 20:41:08    -1095.580402        0.5878
BFGS:   96 20:41:08    -1095.583926        0.9340
BFGS:   97 20:41:08    -1095.586293        0.8473
BFGS:   98 20:41:08    -1095.587348        0.5831
BFGS:   99 20:41:08    -1095.589056        0.4335
BFGS:  100 20:41:09    -1095.591324        0.3178
BFGS:  101 20:41:09    -1095.592115        0.8374
BFGS:  102 20:41:09    -1095.594388        0.3893
BFGS:  103 20:41:09    -1095.595486        0.3209
BFGS:  104 20:41:09    -1095.597135        0.3512
BFGS:  105 20:41:09    -1095.598016        0.4004
BFGS:  106 20:41:09    -1095.598862        0.4151
BFGS:  107 20:41:09    -1095.599873        0.4083
BFGS:  108 20:41:09    -1095.601247        0.3923
BFGS:  109 20:41:09    -1095.602810        0.3898
BFGS:  110 20:41:09    -1095.604532        0.4334
BFGS:  111 20:41:09    -1095.606612        0.4734
BFGS:  112 20:41:09    -1095.609195        0.5276
BFGS:  113 20:41:09    -1095.611596        0.5471
BFGS:  114 20:41:09    -1095.613876        0.5578
BFGS:  115 20:41:09    -1095.615277        0.5273
BFGS:  116 20:41:09    -1095.616413        0.4842
BFGS:  117 20:41:09    -1095.617294        0.4293
BFGS:  118 20:41:09    -1095.618044        0.3701
BFGS:  119 20:41:09    -1095.618697        0.2988
BFGS:  120 20:41:09    -1095.619306        0.2366
BFGS:  121 20:41:09    -1095.619792        0.1642
BFGS:  122 20:41:09    -1095.620171        0.1251
BFGS:  123 20:41:09    -1095.620455        0.0901
