      Step     Time          Energy         fmax
BFGS:    0 20:41:46     -845.356813      174.1982
BFGS:    1 20:41:46     -874.552013      134.1296
BFGS:    2 20:41:46     -891.414102      132.8540
BFGS:    3 20:41:46     -905.406936      128.3172
BFGS:    4 20:41:46     -919.811330      121.6567
BFGS:    5 20:41:46     -931.784873      120.2600
BFGS:    6 20:41:46     -945.036781      107.8248
BFGS:    7 20:41:46     -956.159083       98.3892
BFGS:    8 20:41:46     -964.873182       87.1249
BFGS:    9 20:41:46     -974.116953       80.8775
BFGS:   10 20:41:46     -984.852317       69.9171
BFGS:   11 20:41:46     -994.033675       58.0048
BFGS:   12 20:41:46    -1000.507144       54.3462
BFGS:   13 20:41:46    -1005.127390       49.4463
BFGS:   14 20:41:46    -1009.036647       45.2329
BFGS:   15 20:41:46    -1012.613471       42.0243
BFGS:   16 20:41:46    -1016.054677       39.3285
BFGS:   17 20:41:46    -1019.614266       36.2820
BFGS:   18 20:41:46    -1023.106439       34.3274
BFGS:   19 20:41:46    -1026.839268       31.7050
BFGS:   20 20:41:46    -1030.760060       29.3876
BFGS:   21 20:41:46    -1034.113131       27.8310
BFGS:   22 20:41:46    -1037.203054       26.8199
BFGS:   23 20:41:47    -1039.949396       25.3274
BFGS:   24 20:41:47    -1042.600093       24.9836
BFGS:   25 20:41:47    -1045.261903       23.3432
BFGS:   26 20:41:47    -1047.820319       22.2538
BFGS:   27 20:41:47    -1050.124223       21.5965
BFGS:   28 20:41:47    -1052.381297       20.5895
BFGS:   29 20:41:47    -1054.683163       19.8584
BFGS:   30 20:41:47    -1056.864728       19.4405
BFGS:   31 20:41:47    -1059.078610       19.3023
BFGS:   32 20:41:47    -1061.509930       20.6317
BFGS:   33 20:41:47    -1063.775979       21.7067
BFGS:   34 20:41:47    -1065.899395       22.3042
BFGS:   35 20:41:47    -1067.623053       18.6930
BFGS:   36 20:41:47    -1069.189268       18.1467
BFGS:   37 20:41:47    -1070.565745       16.6491
BFGS:   38 20:41:47    -1071.742731       15.0658
BFGS:   39 20:41:47    -1072.754257       13.0460
BFGS:   40 20:41:47    -1073.636615       12.3942
BFGS:   41 20:41:47    -1074.427768       11.9743
BFGS:   42 20:41:47    -1075.127386       11.4174
BFGS:   43 20:41:47    -1075.727501       11.1911
BFGS:   44 20:41:47    -1076.261902       10.9928
BFGS:   45 20:41:47    -1076.768347       10.8491
BFGS:   46 20:41:47    -1077.265858       10.7256
BFGS:   47 20:41:47    -1077.752389       10.6869
BFGS:   48 20:41:47    -1078.254006       11.4472
BFGS:   49 20:41:47    -1078.764973       12.2255
BFGS:   50 20:41:48    -1079.402292       12.7676
BFGS:   51 20:41:48    -1080.241170       13.7813
BFGS:   52 20:41:48    -1081.187145       13.4905
BFGS:   53 20:41:48    -1082.288440       14.5602
BFGS:   54 20:41:48    -1083.201336       18.3055
BFGS:   55 20:41:48    -1084.609008       17.0261
BFGS:   56 20:41:48    -1085.984729       15.6808
BFGS:   57 20:41:48    -1087.282525       13.0396
BFGS:   58 20:41:48    -1088.551808       12.3000
BFGS:   59 20:41:48    -1089.771741       11.9063
BFGS:   60 20:41:48    -1090.909754       11.5087
BFGS:   61 20:41:48    -1091.977538       11.4192
BFGS:   62 20:41:48    -1093.114996       11.2184
BFGS:   63 20:41:48    -1094.309919       11.3792
BFGS:   64 20:41:48    -1095.564384       11.6352
BFGS:   65 20:41:48    -1096.850418       12.1225
BFGS:   66 20:41:48    -1098.106360       12.7193
BFGS:   67 20:41:48    -1099.255099       13.0033
BFGS:   68 20:41:48    -1100.396870       13.2854
BFGS:   69 20:41:48    -1101.486950       14.2139
BFGS:   70 20:41:48    -1102.545230       15.5981
BFGS:   71 20:41:48    -1103.574318       16.6061
BFGS:   72 20:41:48    -1104.586261       17.3804
BFGS:   73 20:41:48    -1105.573643       17.8363
BFGS:   74 20:41:48    -1106.583679       18.1186
BFGS:   75 20:41:48    -1107.587298       18.0012
BFGS:   76 20:41:48    -1108.646491       17.7419
BFGS:   77 20:41:48    -1109.686287       17.3088
BFGS:   78 20:41:48    -1110.712621       16.8342
BFGS:   79 20:41:48    -1111.745693       16.5971
BFGS:   80 20:41:48    -1112.830150       16.4404
BFGS:   81 20:41:48    -1113.897523       16.2001
BFGS:   82 20:41:49    -1114.956731       15.9260
BFGS:   83 20:41:49    -1116.010721       15.3320
BFGS:   84 20:41:49    -1117.050885       14.5182
BFGS:   85 20:41:49    -1118.070635       13.0172
BFGS:   86 20:41:49    -1119.026060       10.9770
BFGS:   87 20:41:49    -1119.930546        9.0716
BFGS:   88 20:41:49    -1120.866436        7.6701
BFGS:   89 20:41:49    -1121.798597        7.7018
BFGS:   90 20:41:49    -1122.645439        7.4068
BFGS:   91 20:41:49    -1123.395064        7.3879
BFGS:   92 20:41:49    -1124.101780        6.8916
BFGS:   93 20:41:49    -1124.749310        6.7659
BFGS:   94 20:41:49    -1125.342630        6.6564
BFGS:   95 20:41:49    -1125.890589        6.2269
BFGS:   96 20:41:49    -1126.422163        5.3901
BFGS:   97 20:41:49    -1126.960960        5.8784
BFGS:   98 20:41:49    -1127.325995        4.2035
BFGS:   99 20:41:49    -1127.573570        4.7613
BFGS:  100 20:41:49    -1127.836035        4.4884
BFGS:  101 20:41:49    -1128.108233        3.7922
BFGS:  102 20:41:49    -1128.223648        3.1168
BFGS:  103 20:41:49    -1128.279835        2.6693
BFGS:  104 20:41:49    -1128.311375        2.1401
BFGS:  105 20:41:49    -1128.343223        1.9700
BFGS:  106 20:41:49    -1128.373011        1.9034
BFGS:  107 20:41:49    -1128.395059        1.9202
BFGS:  108 20:41:49    -1128.412583        2.0704
BFGS:  109 20:41:49    -1128.428750        2.1473
BFGS:  110 20:41:49    -1128.452405        2.1179
BFGS:  111 20:41:49    -1128.469221        1.9325
BFGS:  112 20:41:49    -1128.489819        1.5265
BFGS:  113 20:41:49    -1128.503157        1.3452
BFGS:  114 20:41:49    -1128.516077        0.9797
BFGS:  115 20:41:49    -1128.527824        0.9388
BFGS:  116 20:41:49    -1128.537647        0.9540
BFGS:  117 20:41:49    -1128.544509        0.9215
BFGS:  118 20:41:50    -1128.551285        0.8323
BFGS:  119 20:41:50    -1128.558896        0.7558
BFGS:  120 20:41:50    -1128.566803        0.8052
BFGS:  121 20:41:50    -1128.572191        0.9417
BFGS:  122 20:41:50    -1128.575490        1.0243
BFGS:  123 20:41:50    -1128.578353        0.9840
BFGS:  124 20:41:50    -1128.581626        0.8481
BFGS:  125 20:41:50    -1128.585177        0.5757
BFGS:  126 20:41:50    -1128.588163        0.5817
BFGS:  127 20:41:50    -1128.590382        0.5936
BFGS:  128 20:41:50    -1128.591995        0.5504
BFGS:  129 20:41:50    -1128.593681        0.4981
BFGS:  130 20:41:50    -1128.595573        0.5229
BFGS:  131 20:41:50    -1128.597556        0.4805
BFGS:  132 20:41:50    -1128.599068        0.3676
BFGS:  133 20:41:50    -1128.599915        0.2661
BFGS:  134 20:41:50    -1128.600269        0.2425
BFGS:  135 20:41:50    -1128.600535        0.2372
BFGS:  136 20:41:50    -1128.600801        0.2219
BFGS:  137 20:41:50    -1128.601048        0.2003
BFGS:  138 20:41:50    -1128.601271        0.1839
BFGS:  139 20:41:50    -1128.601473        0.1753
BFGS:  140 20:41:50    -1128.601668        0.1725
BFGS:  141 20:41:50    -1128.601849        0.1698
BFGS:  142 20:41:50    -1128.602019        0.1610
BFGS:  143 20:41:50    -1128.602179        0.1433
BFGS:  144 20:41:50    -1128.602322        0.1227
BFGS:  145 20:41:50    -1128.602437        0.1339
BFGS:  146 20:41:50    -1128.602525        0.1244
BFGS:  147 20:41:50    -1128.602609        0.0989
