      Step     Time          Energy         fmax
BFGS:    0 20:42:56     -783.747256      231.4465
BFGS:    1 20:42:56     -838.889943      175.4923
BFGS:    2 20:42:56     -859.366298      185.2228
BFGS:    3 20:42:56     -876.459649      169.2555
BFGS:    4 20:42:56     -898.368698      152.3895
BFGS:    5 20:42:56     -916.385371      137.3734
BFGS:    6 20:42:56     -931.692578      120.7845
BFGS:    7 20:42:56     -945.265121      105.4579
BFGS:    8 20:42:56     -958.673451       85.2707
BFGS:    9 20:42:56     -967.933579       80.4792
BFGS:   10 20:42:56     -973.848155       69.0467
BFGS:   11 20:42:56     -978.538470       62.6394
BFGS:   12 20:42:56     -982.630953       55.7658
BFGS:   13 20:42:56     -986.326094       49.2453
BFGS:   14 20:42:56     -989.793800       42.6446
BFGS:   15 20:42:56     -992.999542       36.7712
BFGS:   16 20:42:56     -995.310199       34.9760
BFGS:   17 20:42:56     -997.377836       33.6616
BFGS:   18 20:42:56     -999.474663       30.8121
BFGS:   19 20:42:57    -1001.473186       30.0426
BFGS:   20 20:42:57    -1003.604093       28.4939
BFGS:   21 20:42:57    -1005.833382       27.0797
BFGS:   22 20:42:57    -1008.074181       25.8727
BFGS:   23 20:42:57    -1010.332596       24.7120
BFGS:   24 20:42:57    -1012.534575       26.5473
BFGS:   25 20:42:57    -1014.600868       28.1607
BFGS:   26 20:42:57    -1016.855121       26.7870
BFGS:   27 20:42:57    -1019.074745       27.4086
BFGS:   28 20:42:57    -1021.290613       27.1453
BFGS:   29 20:42:57    -1023.484712       27.6763
BFGS:   30 20:42:57    -1025.664894       28.5517
BFGS:   31 20:42:57    -1027.790858       29.1543
BFGS:   32 20:42:57    -1029.865877       29.8305
BFGS:   33 20:42:57    -1031.885564       30.3063
BFGS:   34 20:42:57    -1033.882418       30.8419
BFGS:   35 20:42:57    -1035.821141       31.2233
BFGS:   36 20:42:57    -1037.755567       31.4361
BFGS:   37 20:42:57    -1039.650682       31.6097
BFGS:   38 20:42:57    -1041.498614       32.8217
BFGS:   39 20:42:57    -1043.453805       34.8123
BFGS:   40 20:42:57    -1045.503610       35.5136
BFGS:   41 20:42:57    -1047.601823       36.6531
BFGS:   42 20:42:57    -1049.747113       35.8767
BFGS:   43 20:42:57    -1051.581503       36.1387
BFGS:   44 20:42:57    -1053.363039       35.9089
BFGS:   45 20:42:58    -1055.090303       35.8422
BFGS:   46 20:42:58    -1056.322447       36.0566
BFGS:   47 20:42:58    -1057.620128       35.1648
BFGS:   48 20:42:58    -1058.803580       34.7738
BFGS:   49 20:42:58    -1059.977858       33.9209
BFGS:   50 20:42:58    -1061.213701       33.4465
BFGS:   51 20:42:58    -1062.537577       32.7581
BFGS:   52 20:42:58    -1063.832379       29.5438
BFGS:   53 20:42:58    -1065.205006       29.4833
BFGS:   54 20:42:58    -1066.458974       28.1323
BFGS:   55 20:42:58    -1067.616476       26.1235
BFGS:   56 20:42:58    -1068.763527       24.9173
BFGS:   57 20:42:58    -1069.862159       21.6789
BFGS:   58 20:42:58    -1070.927161       20.0579
BFGS:   59 20:42:58    -1071.984254       17.1153
BFGS:   60 20:42:58    -1073.068297       14.6001
BFGS:   61 20:42:58    -1074.048868       11.6152
BFGS:   62 20:42:58    -1074.877918        9.3462
BFGS:   63 20:42:58    -1075.656083        9.6385
BFGS:   64 20:42:58    -1076.447188       10.1730
BFGS:   65 20:42:58    -1077.251193       10.7516
BFGS:   66 20:42:58    -1078.063619       10.5667
BFGS:   67 20:42:58    -1078.942021        9.6060
BFGS:   68 20:42:58    -1079.825104        9.7259
BFGS:   69 20:42:58    -1080.594181       10.3701
BFGS:   70 20:42:58    -1081.313169       10.7721
BFGS:   71 20:42:58    -1082.012173       11.1788
BFGS:   72 20:42:59    -1082.712915       11.1150
BFGS:   73 20:42:59    -1083.410158       10.5475
BFGS:   74 20:42:59    -1084.150829        9.2988
BFGS:   75 20:42:59    -1084.855436        6.9241
BFGS:   76 20:42:59    -1085.449476        6.1055
BFGS:   77 20:42:59    -1085.893275        6.1409
BFGS:   78 20:42:59    -1086.178019        6.1881
BFGS:   79 20:42:59    -1086.430080        5.8739
BFGS:   80 20:42:59    -1086.679049        6.0312
BFGS:   81 20:42:59    -1086.913156        6.0714
BFGS:   82 20:42:59    -1087.077260        5.5550
BFGS:   83 20:42:59    -1087.193659        5.2591
BFGS:   84 20:42:59    -1087.284343        4.8481
BFGS:   85 20:42:59    -1087.412565        4.3064
BFGS:   86 20:42:59    -1087.520851        4.4052
BFGS:   87 20:42:59    -1087.652465        4.5914
BFGS:   88 20:42:59    -1087.771782        5.2365
BFGS:   89 20:42:59    -1087.881776        5.9538
BFGS:   90 20:42:59    -1087.987597        6.6163
BFGS:   91 20:42:59    -1088.083595        7.0922
BFGS:   92 20:42:59    -1088.197395        7.3506
BFGS:   93 20:42:59    -1088.430391        7.3833
BFGS:   94 20:42:59    -1088.699095        7.8994
BFGS:   95 20:42:59    -1089.005620        8.8703
BFGS:   96 20:42:59    -1089.342029        9.4065
BFGS:   97 20:42:59    -1089.665372        9.4026
BFGS:   98 20:42:59    -1090.055987        7.9607
BFGS:   99 20:42:59    -1090.388741        6.4303
BFGS:  100 20:43:00    -1090.603416        5.0617
BFGS:  101 20:43:00    -1090.828890        5.1083
BFGS:  102 20:43:00    -1091.040483        5.9043
BFGS:  103 20:43:00    -1091.254435        6.5662
BFGS:  104 20:43:00    -1091.471527        7.1627
BFGS:  105 20:43:00    -1091.689922        7.4910
BFGS:  106 20:43:00    -1091.948910        7.3468
BFGS:  107 20:43:00    -1092.249371        6.8007
BFGS:  108 20:43:00    -1092.557303        7.5598
BFGS:  109 20:43:00    -1092.938711        7.5150
BFGS:  110 20:43:00    -1093.231609        7.0631
BFGS:  111 20:43:00    -1093.626864        5.3867
BFGS:  112 20:43:00    -1093.921875        4.1357
BFGS:  113 20:43:00    -1094.095449        2.9019
BFGS:  114 20:43:00    -1094.246780        2.0116
BFGS:  115 20:43:00    -1094.338553        1.4547
BFGS:  116 20:43:00    -1094.391682        1.5692
BFGS:  117 20:43:00    -1094.425558        1.4415
BFGS:  118 20:43:00    -1094.444625        0.8356
BFGS:  119 20:43:00    -1094.454923        0.8856
BFGS:  120 20:43:00    -1094.461334        0.7145
BFGS:  121 20:43:00    -1094.466191        0.7331
BFGS:  122 20:43:00    -1094.470413        0.4797
BFGS:  123 20:43:00    -1094.473585        0.4784
BFGS:  124 20:43:00    -1094.475873        0.4849
BFGS:  125 20:43:00    -1094.477430        0.5941
BFGS:  126 20:43:00    -1094.478699        0.6771
BFGS:  127 20:43:01    -1094.479637        0.7085
BFGS:  128 20:43:01    -1094.480237        0.6836
BFGS:  129 20:43:01    -1094.480660        0.6265
BFGS:  130 20:43:01    -1094.481144        0.5673
BFGS:  131 20:43:01    -1094.481642        0.5239
BFGS:  132 20:43:01    -1094.482245        0.4973
BFGS:  133 20:43:01    -1094.482499        0.4974
BFGS:  134 20:43:01    -1094.482919        0.5024
BFGS:  135 20:43:01    -1094.483178        0.4934
BFGS:  136 20:43:01    -1094.483539        0.4662
BFGS:  137 20:43:01    -1094.483866        0.4325
BFGS:  138 20:43:01    -1094.484266        0.3897
BFGS:  139 20:43:01    -1094.484703        0.3446
BFGS:  140 20:43:01    -1094.485264        0.2857
BFGS:  141 20:43:01    -1094.485911        0.2219
BFGS:  142 20:43:01    -1094.486513        0.1415
BFGS:  143 20:43:01    -1094.486868        0.1334
BFGS:  144 20:43:01    -1094.487028        0.1340
BFGS:  145 20:43:01    -1094.487110        0.1327
BFGS:  146 20:43:01    -1094.487168        0.1265
BFGS:  147 20:43:01    -1094.487215        0.1178
BFGS:  148 20:43:01    -1094.487256        0.1096
BFGS:  149 20:43:01    -1094.487298        0.1005
BFGS:  150 20:43:01    -1094.487344        0.0855
