      Step     Time          Energy         fmax
BFGS:    0 20:52:08     -782.999505      213.4809
BFGS:    1 20:52:08     -836.995808      174.6457
BFGS:    2 20:52:08     -861.965863      178.4980
BFGS:    3 20:52:08     -882.778885      172.7529
BFGS:    4 20:52:08     -902.745784      161.9601
BFGS:    5 20:52:08     -918.947874      151.2420
BFGS:    6 20:52:08     -935.800843      135.1245
BFGS:    7 20:52:08     -951.254427      127.2761
BFGS:    8 20:52:08     -964.378662      110.4054
BFGS:    9 20:52:08     -975.350292      106.0293
BFGS:   10 20:52:08     -983.538528       93.9109
BFGS:   11 20:52:08     -990.197437       89.7858
BFGS:   12 20:52:08     -995.975174       81.7895
BFGS:   13 20:52:09    -1001.308018       75.8907
BFGS:   14 20:52:09    -1007.385900       65.2687
BFGS:   15 20:52:09    -1011.263810       56.9787
BFGS:   16 20:52:09    -1014.847504       52.2057
BFGS:   17 20:52:09    -1017.871873       45.0570
BFGS:   18 20:52:09    -1021.072192       37.4570
BFGS:   19 20:52:09    -1023.972926       32.1707
BFGS:   20 20:52:09    -1026.273327       28.6088
BFGS:   21 20:52:09    -1028.382771       26.3686
BFGS:   22 20:52:09    -1030.347794       24.2765
BFGS:   23 20:52:09    -1032.190867       24.4933
BFGS:   24 20:52:09    -1034.255122       23.5001
BFGS:   25 20:52:09    -1036.199221       23.1575
BFGS:   26 20:52:09    -1037.883701       22.1331
BFGS:   27 20:52:09    -1039.241280       18.6221
BFGS:   28 20:52:09    -1040.582983       17.4387
BFGS:   29 20:52:09    -1041.986542       18.1206
BFGS:   30 20:52:09    -1043.175580       15.1260
BFGS:   31 20:52:09    -1044.217834       13.2445
BFGS:   32 20:52:09    -1045.184960       12.5353
BFGS:   33 20:52:09    -1046.071135       12.5239
BFGS:   34 20:52:09    -1046.987304       13.5709
BFGS:   35 20:52:09    -1047.811053       12.2022
BFGS:   36 20:52:10    -1048.547549        9.5492
BFGS:   37 20:52:10    -1049.215608        9.3830
BFGS:   38 20:52:10    -1049.828669        5.7995
BFGS:   39 20:52:10    -1050.467096        6.6143
BFGS:   40 20:52:10    -1051.044678        7.5528
BFGS:   41 20:52:10    -1051.507734        8.2944
BFGS:   42 20:52:10    -1051.986053        6.9496
BFGS:   43 20:52:10    -1052.271160        6.0616
BFGS:   44 20:52:10    -1052.349905        6.2420
BFGS:   45 20:52:10    -1052.583476        4.1608
BFGS:   46 20:52:10    -1052.646071        3.6313
BFGS:   47 20:52:10    -1052.724455        3.0722
BFGS:   48 20:52:10    -1052.775742        3.2276
BFGS:   49 20:52:10    -1052.792683        3.6494
BFGS:   50 20:52:10    -1052.844076        3.6008
BFGS:   51 20:52:10    -1052.901525        4.6527
BFGS:   52 20:52:10    -1052.937385        5.6708
BFGS:   53 20:52:10    -1053.053090        4.5415
BFGS:   54 20:52:10    -1053.174517        4.0242
BFGS:   55 20:52:10    -1053.302921        3.8617
BFGS:   56 20:52:10    -1053.451189        5.8399
BFGS:   57 20:52:10    -1053.598995        6.6055
BFGS:   58 20:52:10    -1053.744801        5.9008
BFGS:   59 20:52:11    -1053.970662        6.6476
BFGS:   60 20:52:11    -1054.146447        5.0900
BFGS:   61 20:52:11    -1054.269764        5.1142
BFGS:   62 20:52:11    -1054.355107        5.2354
BFGS:   63 20:52:11    -1054.466093        5.7973
BFGS:   64 20:52:11    -1054.587574        6.3263
BFGS:   65 20:52:11    -1054.919341        6.4136
BFGS:   66 20:52:11    -1055.396286        7.0379
BFGS:   67 20:52:11    -1055.807081        7.3935
BFGS:   68 20:52:11    -1056.136360        8.6115
BFGS:   69 20:52:11    -1056.520909        9.5960
BFGS:   70 20:52:11    -1056.906079       10.5485
BFGS:   71 20:52:11    -1057.315057       11.1183
BFGS:   72 20:52:11    -1057.665259       11.1211
BFGS:   73 20:52:11    -1058.030474       11.5289
BFGS:   74 20:52:11    -1058.361268       11.3334
BFGS:   75 20:52:11    -1058.664919       11.0045
BFGS:   76 20:52:11    -1058.942284       10.5166
BFGS:   77 20:52:11    -1059.197402        9.7318
BFGS:   78 20:52:11    -1059.427826        8.9522
BFGS:   79 20:52:11    -1059.649530        7.9051
BFGS:   80 20:52:11    -1059.845819        6.9011
BFGS:   81 20:52:11    -1060.053801        6.0329
BFGS:   82 20:52:12    -1060.259066        4.7365
BFGS:   83 20:52:12    -1060.457770        3.9333
BFGS:   84 20:52:12    -1060.568648        2.8325
BFGS:   85 20:52:12    -1060.645800        2.7667
BFGS:   86 20:52:12    -1060.687426        2.6820
BFGS:   87 20:52:12    -1060.704215        2.5625
BFGS:   88 20:52:12    -1060.718551        2.1577
BFGS:   89 20:52:12    -1060.727959        3.5234
BFGS:   90 20:52:12    -1060.731424        1.9143
BFGS:   91 20:52:12    -1060.739041        2.0391
BFGS:   92 20:52:12    -1060.746433        1.9472
BFGS:   93 20:52:12    -1060.752368        2.4925
BFGS:   94 20:52:12    -1060.758179        2.9919
BFGS:   95 20:52:12    -1060.756540        2.5324
BFGS:   96 20:52:12    -1060.772151        1.8488
BFGS:   97 20:52:12    -1060.779571        1.5680
BFGS:   98 20:52:12    -1060.785625        1.2425
BFGS:   99 20:52:12    -1060.789898        0.9713
BFGS:  100 20:52:12    -1060.792008        0.9625
BFGS:  101 20:52:12    -1060.794059        0.8771
BFGS:  102 20:52:12    -1060.796359        0.6959
BFGS:  103 20:52:12    -1060.797988        0.6261
BFGS:  104 20:52:13    -1060.799897        0.5826
BFGS:  105 20:52:13    -1060.801622        0.5941
BFGS:  106 20:52:13    -1060.803091        0.5142
BFGS:  107 20:52:13    -1060.803939        0.5434
BFGS:  108 20:52:13    -1060.804615        0.5087
BFGS:  109 20:52:13    -1060.805225        0.4644
BFGS:  110 20:52:13    -1060.805785        0.4875
BFGS:  111 20:52:13    -1060.806252        0.5264
BFGS:  112 20:52:13    -1060.806708        0.5599
BFGS:  113 20:52:13    -1060.807339        0.5858
BFGS:  114 20:52:13    -1060.808571        0.6299
BFGS:  115 20:52:13    -1060.804888        2.0871
BFGS:  116 20:52:13    -1060.810913        0.6331
BFGS:  117 20:52:13    -1060.812562        0.6447
BFGS:  118 20:52:13    -1060.810211        1.9557
BFGS:  119 20:52:13    -1060.814290        1.7303
BFGS:  120 20:52:13    -1060.825426        0.7854
BFGS:  121 20:52:13    -1060.836975        0.7630
BFGS:  122 20:52:13    -1060.827974        4.3517
BFGS:  123 20:52:13    -1060.894245        1.6377
BFGS:  124 20:52:13    -1060.922204        4.3325
BFGS:  125 20:52:13    -1060.944779        1.9468
BFGS:  126 20:52:13    -1060.969036        2.1372
BFGS:  127 20:52:14    -1060.941742        2.6939
BFGS:  128 20:52:14    -1060.962219        2.7228
BFGS:  129 20:52:14    -1060.949582        2.1259
BFGS:  130 20:52:14    -1060.980021        2.2722
BFGS:  131 20:52:14    -1060.944431        2.7359
BFGS:  132 20:52:14    -1060.975440        2.4623
BFGS:  133 20:52:14    -1060.947405        2.7626
BFGS:  134 20:52:14    -1060.980685        2.5114
BFGS:  135 20:52:14    -1060.947114        2.7327
BFGS:  136 20:52:14    -1060.980331        2.4004
BFGS:  137 20:52:14    -1060.941786        2.8670
BFGS:  138 20:52:14    -1060.978391        2.5932
BFGS:  139 20:52:14    -1060.947142        2.8270
BFGS:  140 20:52:14    -1060.984098        2.3525
BFGS:  141 20:52:14    -1060.940076        3.0796
BFGS:  142 20:52:14    -1060.978216        2.6788
BFGS:  143 20:52:14    -1060.949261        2.8587
BFGS:  144 20:52:14    -1060.986233        2.3174
BFGS:  145 20:52:14    -1060.939753        3.1356
BFGS:  146 20:52:14    -1060.978353        2.7182
BFGS:  147 20:52:14    -1060.950463        2.8898
BFGS:  148 20:52:14    -1060.987482        2.3103
BFGS:  149 20:52:15    -1060.939982        3.1576
BFGS:  150 20:52:15    -1060.978666        2.7296
BFGS:  151 20:52:15    -1060.951228        2.9291
BFGS:  152 20:52:15    -1060.988207        2.3181
BFGS:  153 20:52:15    -1060.940531        3.1646
BFGS:  154 20:52:15    -1060.979076        2.7276
BFGS:  155 20:52:15    -1060.951185        2.9690
BFGS:  156 20:52:15    -1060.989887        2.3468
BFGS:  157 20:52:15    -1060.936061        3.1577
BFGS:  158 20:52:15    -1060.976282        2.7188
BFGS:  159 20:52:15    -1060.951860        3.0303
BFGS:  160 20:52:15    -1060.990605        2.3641
BFGS:  161 20:52:15    -1060.936733        3.2070
BFGS:  162 20:52:15    -1060.976554        2.7271
BFGS:  163 20:52:15    -1060.952798        3.0653
BFGS:  164 20:52:15    -1060.990908        2.3729
BFGS:  165 20:52:15    -1060.937184        3.2113
BFGS:  166 20:52:15    -1060.976977        2.7771
BFGS:  167 20:52:15    -1060.951124        3.1550
BFGS:  168 20:52:15    -1060.989862        2.3923
BFGS:  169 20:52:15    -1060.939545        3.2242
BFGS:  170 20:52:15    -1060.978185        2.7141
BFGS:  171 20:52:15    -1060.952808        3.1239
BFGS:  172 20:52:16    -1060.990182        2.4044
BFGS:  173 20:52:16    -1060.940684        3.1904
BFGS:  174 20:52:16    -1060.978525        2.6999
BFGS:  175 20:52:16    -1060.953772        3.1024
BFGS:  176 20:52:16    -1060.990482        2.4066
BFGS:  177 20:52:16    -1060.941475        3.1559
BFGS:  178 20:52:16    -1060.979557        2.7009
BFGS:  179 20:52:16    -1060.952699        3.1423
BFGS:  180 20:52:16    -1060.989443        2.4233
BFGS:  181 20:52:16    -1060.943140        3.1426
BFGS:  182 20:52:16    -1060.979985        2.6714
BFGS:  183 20:52:16    -1060.953548        3.1079
BFGS:  184 20:52:16    -1060.989640        2.4247
BFGS:  185 20:52:16    -1060.943774        3.1048
BFGS:  186 20:52:16    -1060.980108        2.6581
BFGS:  187 20:52:16    -1060.954049        3.0835
BFGS:  188 20:52:16    -1060.989814        2.4237
BFGS:  189 20:52:16    -1060.944200        3.0727
BFGS:  190 20:52:16    -1060.980169        2.6473
BFGS:  191 20:52:16    -1060.954213        3.0657
BFGS:  192 20:52:16    -1060.991685        2.4081
BFGS:  193 20:52:16    -1060.940077        3.0614
BFGS:  194 20:52:17    -1060.978218        2.6604
BFGS:  195 20:52:17    -1060.954268        3.0708
BFGS:  196 20:52:17    -1060.990896        2.4222
BFGS:  197 20:52:17    -1060.941675        3.0606
BFGS:  198 20:52:17    -1060.978318        2.6484
BFGS:  199 20:52:17    -1060.954755        3.0560
BFGS:  200 20:52:17    -1060.991002        2.4211
BFGS:  201 20:52:17    -1060.942078        3.0453
BFGS:  202 20:52:17    -1060.978411        2.6425
BFGS:  203 20:52:17    -1060.955060        3.0484
BFGS:  204 20:52:17    -1060.991065        2.4214
BFGS:  205 20:52:17    -1060.942433        3.0315
BFGS:  206 20:52:17    -1060.978502        2.6365
BFGS:  207 20:52:17    -1060.955301        3.0437
BFGS:  208 20:52:17    -1060.991113        2.4228
BFGS:  209 20:52:17    -1060.942427        3.0187
BFGS:  210 20:52:17    -1060.979433        2.6303
BFGS:  211 20:52:17    -1060.954430        3.0748
BFGS:  212 20:52:17    -1060.990220        2.4379
BFGS:  213 20:52:17    -1060.943790        3.0159
BFGS:  214 20:52:17    -1060.979541        2.6214
BFGS:  215 20:52:17    -1060.954737        3.0642
BFGS:  216 20:52:17    -1060.990291        2.4385
BFGS:  217 20:52:18    -1060.944074        3.0029
BFGS:  218 20:52:18    -1060.979587        2.6159
BFGS:  219 20:52:18    -1060.955001        3.0552
BFGS:  220 20:52:18    -1060.990371        2.4385
BFGS:  221 20:52:18    -1060.944309        2.9902
BFGS:  222 20:52:18    -1060.979612        2.6109
BFGS:  223 20:52:18    -1060.955235        3.0472
BFGS:  224 20:52:18    -1060.990449        2.4384
BFGS:  225 20:52:18    -1060.944363        2.9782
BFGS:  226 20:52:18    -1060.980435        2.6034
BFGS:  227 20:52:18    -1060.954498        3.0685
BFGS:  228 20:52:18    -1060.989669        2.4507
BFGS:  229 20:52:18    -1060.945401        2.9726
BFGS:  230 20:52:18    -1060.980462        2.5974
BFGS:  231 20:52:18    -1060.954753        3.0573
BFGS:  232 20:52:18    -1060.989749        2.4497
BFGS:  233 20:52:18    -1060.945565        2.9614
BFGS:  234 20:52:18    -1060.980457        2.5934
BFGS:  235 20:52:18    -1060.954965        3.0476
BFGS:  236 20:52:18    -1060.989826        2.4485
BFGS:  237 20:52:18    -1060.945695        2.9508
BFGS:  238 20:52:18    -1060.980445        2.5896
BFGS:  239 20:52:19    -1060.955149        3.0394
BFGS:  240 20:52:19    -1060.989895        2.4476
BFGS:  241 20:52:19    -1060.945800        2.9410
BFGS:  242 20:52:19    -1060.980427        2.5861
BFGS:  243 20:52:19    -1060.955314        3.0324
BFGS:  244 20:52:19    -1060.989957        2.4470
BFGS:  245 20:52:19    -1060.945737        2.9321
BFGS:  246 20:52:19    -1060.981175        2.5790
BFGS:  247 20:52:19    -1060.954454        3.0505
BFGS:  248 20:52:19    -1060.991191        2.4369
BFGS:  249 20:52:19    -1060.943184        2.9402
BFGS:  250 20:52:19    -1060.978456        2.5943
BFGS:  251 20:52:19    -1060.956250        3.0064
BFGS:  252 20:52:19    -1060.991348        2.4344
BFGS:  253 20:52:19    -1060.943372        2.9390
BFGS:  254 20:52:19    -1060.978456        2.5951
BFGS:  255 20:52:19    -1060.956443        3.0038
BFGS:  256 20:52:19    -1060.991390        2.4326
BFGS:  257 20:52:19    -1060.943603        2.9366
BFGS:  258 20:52:19    -1060.978928        2.5915
BFGS:  259 20:52:19    -1060.956179        3.0142
BFGS:  260 20:52:19    -1060.990997        2.4385
BFGS:  261 20:52:19    -1060.944224        2.9338
BFGS:  262 20:52:20    -1060.979023        2.5892
BFGS:  263 20:52:20    -1060.956357        3.0108
BFGS:  264 20:52:20    -1060.991005        2.4389
BFGS:  265 20:52:20    -1060.944486        2.9281
BFGS:  266 20:52:20    -1060.979119        2.5862
BFGS:  267 20:52:20    -1060.956517        3.0070
BFGS:  268 20:52:20    -1060.991009        2.4393
BFGS:  269 20:52:20    -1060.944698        2.9213
BFGS:  270 20:52:20    -1060.979893        2.5785
BFGS:  271 20:52:20    -1060.955936        3.0218
BFGS:  272 20:52:20    -1060.990326        2.4494
BFGS:  273 20:52:20    -1060.945582        2.9161
BFGS:  274 20:52:20    -1060.979983        2.5750
BFGS:  275 20:52:20    -1060.956082        3.0156
BFGS:  276 20:52:20    -1060.990327        2.4492
BFGS:  277 20:52:20    -1060.945807        2.9083
BFGS:  278 20:52:20    -1060.980067        2.5717
BFGS:  279 20:52:20    -1060.956192        3.0093
BFGS:  280 20:52:20    -1060.990316        2.4488
BFGS:  281 20:52:20    -1060.946000        2.9002
BFGS:  282 20:52:20    -1060.980144        2.5683
BFGS:  283 20:52:20    -1060.956269        3.0034
BFGS:  284 20:52:21    -1060.990294        2.4486
BFGS:  285 20:52:21    -1060.946162        2.8922
BFGS:  286 20:52:21    -1060.980214        2.5649
BFGS:  287 20:52:21    -1060.956320        2.9982
BFGS:  288 20:52:21    -1060.990264        2.4485
BFGS:  289 20:52:21    -1060.946298        2.8847
BFGS:  290 20:52:21    -1060.980278        2.5618
BFGS:  291 20:52:21    -1060.956351        2.9939
BFGS:  292 20:52:21    -1060.990229        2.4485
BFGS:  293 20:52:21    -1060.946371        2.8780
BFGS:  294 20:52:21    -1060.980983        2.5544
BFGS:  295 20:52:21    -1060.955691        3.0073
BFGS:  296 20:52:21    -1060.989543        2.4577
BFGS:  297 20:52:21    -1060.947137        2.8727
BFGS:  298 20:52:21    -1060.981046        2.5517
BFGS:  299 20:52:21    -1060.955715        3.0030
BFGS:  300 20:52:21    -1060.989504        2.4576
BFGS:  301 20:52:21    -1060.947250        2.8673
BFGS:  302 20:52:21    -1060.981104        2.5494
BFGS:  303 20:52:21    -1060.955721        2.9997
BFGS:  304 20:52:21    -1060.989460        2.4576
BFGS:  305 20:52:21    -1060.947354        2.8623
BFGS:  306 20:52:21    -1060.981162        2.5471
BFGS:  307 20:52:22    -1060.955716        2.9970
BFGS:  308 20:52:22    -1060.989410        2.4578
BFGS:  309 20:52:22    -1060.947452        2.8577
BFGS:  310 20:52:22    -1060.981221        2.5449
BFGS:  311 20:52:22    -1060.955706        2.9949
BFGS:  312 20:52:22    -1060.989359        2.4582
BFGS:  313 20:52:22    -1060.947549        2.8536
BFGS:  314 20:52:22    -1060.981281        2.5428
BFGS:  315 20:52:22    -1060.955695        2.9933
BFGS:  316 20:52:22    -1060.989307        2.4587
BFGS:  317 20:52:22    -1060.947624        2.8498
BFGS:  318 20:52:22    -1060.981960        2.5364
BFGS:  319 20:52:22    -1060.955038        3.0074
BFGS:  320 20:52:22    -1060.988634        2.4677
BFGS:  321 20:52:22    -1060.948345        2.8462
BFGS:  322 20:52:22    -1060.982033        2.5344
BFGS:  323 20:52:22    -1060.955050        3.0049
BFGS:  324 20:52:22    -1060.988586        2.4679
BFGS:  325 20:52:22    -1060.948463        2.8428
BFGS:  326 20:52:22    -1060.982103        2.5327
BFGS:  327 20:52:22    -1060.955048        3.0028
BFGS:  328 20:52:22    -1060.988532        2.4682
BFGS:  329 20:52:23    -1060.948580        2.8392
BFGS:  330 20:52:23    -1060.982176        2.5309
BFGS:  331 20:52:23    -1060.955039        3.0009
BFGS:  332 20:52:23    -1060.988474        2.4685
BFGS:  333 20:52:23    -1060.948696        2.8357
BFGS:  334 20:52:23    -1060.982252        2.5291
BFGS:  335 20:52:23    -1060.955024        2.9992
BFGS:  336 20:52:23    -1060.988412        2.4690
BFGS:  337 20:52:23    -1060.948812        2.8322
BFGS:  338 20:52:23    -1060.982330        2.5273
BFGS:  339 20:52:23    -1060.955004        2.9977
BFGS:  340 20:52:23    -1060.988347        2.4694
BFGS:  341 20:52:23    -1060.948928        2.8288
BFGS:  342 20:52:23    -1060.982411        2.5255
BFGS:  343 20:52:23    -1060.954960        2.9963
BFGS:  344 20:52:23    -1060.990380        2.4483
BFGS:  345 20:52:23    -1060.945715        2.8341
BFGS:  346 20:52:23    -1060.980461        2.5369
BFGS:  347 20:52:23    -1060.956036        2.9699
BFGS:  348 20:52:23    -1060.989760        2.4548
BFGS:  349 20:52:23    -1060.946579        2.8359
BFGS:  350 20:52:23    -1060.980542        2.5382
BFGS:  351 20:52:23    -1060.956003        2.9702
BFGS:  352 20:52:24    -1060.989678        2.4538
BFGS:  353 20:52:24    -1060.946767        2.8375
BFGS:  354 20:52:24    -1060.980670        2.5387
BFGS:  355 20:52:24    -1060.955976        2.9717
BFGS:  356 20:52:24    -1060.989580        2.4542
BFGS:  357 20:52:24    -1060.946985        2.8375
BFGS:  358 20:52:24    -1060.980821        2.5379
BFGS:  359 20:52:24    -1060.955955        2.9734
BFGS:  360 20:52:24    -1060.989476        2.4554
BFGS:  361 20:52:24    -1060.947222        2.8364
BFGS:  362 20:52:24    -1060.980982        2.5365
BFGS:  363 20:52:24    -1060.955936        2.9744
BFGS:  364 20:52:24    -1060.989370        2.4567
BFGS:  365 20:52:24    -1060.947428        2.8341
BFGS:  366 20:52:24    -1060.981711        2.5301
BFGS:  367 20:52:24    -1060.955333        2.9885
BFGS:  368 20:52:24    -1060.988699        2.4659
BFGS:  369 20:52:24    -1060.948263        2.8301
BFGS:  370 20:52:24    -1060.981885        2.5278
BFGS:  371 20:52:24    -1060.955327        2.9870
BFGS:  372 20:52:24    -1060.988593        2.4668
BFGS:  373 20:52:24    -1060.948511        2.8263
BFGS:  374 20:52:24    -1060.982053        2.5255
BFGS:  375 20:52:25    -1060.955295        2.9853
BFGS:  376 20:52:25    -1060.988479        2.4676
BFGS:  377 20:52:25    -1060.948747        2.8219
BFGS:  378 20:52:25    -1060.982219        2.5230
BFGS:  379 20:52:25    -1060.955239        2.9836
BFGS:  380 20:52:25    -1060.988355        2.4685
BFGS:  381 20:52:25    -1060.948967        2.8172
BFGS:  382 20:52:25    -1060.982384        2.5204
BFGS:  383 20:52:25    -1060.955160        2.9823
BFGS:  384 20:52:25    -1060.988221        2.4695
BFGS:  385 20:52:25    -1060.949172        2.8125
BFGS:  386 20:52:25    -1060.982547        2.5178
BFGS:  387 20:52:25    -1060.955060        2.9813
BFGS:  388 20:52:25    -1060.988078        2.4706
BFGS:  389 20:52:25    -1060.949364        2.8080
BFGS:  390 20:52:25    -1060.982708        2.5152
BFGS:  391 20:52:25    -1060.954943        2.9808
BFGS:  392 20:52:25    -1060.987927        2.4718
BFGS:  393 20:52:25    -1060.949547        2.8040
BFGS:  394 20:52:25    -1060.982869        2.5128
BFGS:  395 20:52:25    -1060.954812        2.9809
BFGS:  396 20:52:25    -1060.987771        2.4732
BFGS:  397 20:52:26    -1060.949717        2.8003
BFGS:  398 20:52:26    -1060.983568        2.5061
BFGS:  399 20:52:26    -1060.954123        2.9940
BFGS:  400 20:52:26    -1060.987073        2.4820
BFGS:  401 20:52:26    -1060.950433        2.7957
BFGS:  402 20:52:26    -1060.983739        2.5037
BFGS:  403 20:52:26    -1060.953993        2.9940
BFGS:  404 20:52:26    -1060.986912        2.4833
BFGS:  405 20:52:26    -1060.950615        2.7926
BFGS:  406 20:52:26    -1060.983906        2.5016
BFGS:  407 20:52:26    -1060.953848        2.9946
BFGS:  408 20:52:26    -1060.986746        2.4848
BFGS:  409 20:52:26    -1060.950796        2.7898
BFGS:  410 20:52:26    -1060.984075        2.4995
BFGS:  411 20:52:26    -1060.953695        2.9958
BFGS:  412 20:52:26    -1060.986575        2.4864
BFGS:  413 20:52:26    -1060.950979        2.7872
BFGS:  414 20:52:26    -1060.984247        2.4974
BFGS:  415 20:52:26    -1060.953538        2.9974
BFGS:  416 20:52:26    -1060.986400        2.4882
BFGS:  417 20:52:26    -1060.951165        2.7848
BFGS:  418 20:52:26    -1060.984423        2.4954
BFGS:  419 20:52:26    -1060.953379        2.9993
BFGS:  420 20:52:27    -1060.986223        2.4901
BFGS:  421 20:52:27    -1060.951355        2.7825
BFGS:  422 20:52:27    -1060.984603        2.4933
BFGS:  423 20:52:27    -1060.953220        3.0012
BFGS:  424 20:52:27    -1060.986044        2.4920
BFGS:  425 20:52:27    -1060.951550        2.7803
BFGS:  426 20:52:27    -1060.984786        2.4913
BFGS:  427 20:52:27    -1060.953014        3.0033
BFGS:  428 20:52:27    -1060.988019        2.4711
BFGS:  429 20:52:27    -1060.948695        2.7866
BFGS:  430 20:52:27    -1060.982929        2.5027
BFGS:  431 20:52:27    -1060.954196        2.9756
BFGS:  432 20:52:27    -1060.987349        2.4777
BFGS:  433 20:52:27    -1060.949467        2.7875
BFGS:  434 20:52:27    -1060.983104        2.5032
BFGS:  435 20:52:27    -1060.954016        2.9787
BFGS:  436 20:52:27    -1060.987158        2.4783
BFGS:  437 20:52:27    -1060.949702        2.7891
BFGS:  438 20:52:27    -1060.983315        2.5030
BFGS:  439 20:52:27    -1060.953853        2.9829
BFGS:  440 20:52:27    -1060.986960        2.4801
BFGS:  441 20:52:27    -1060.949967        2.7899
BFGS:  442 20:52:28    -1060.983543        2.5020
BFGS:  443 20:52:28    -1060.953705        2.9872
BFGS:  444 20:52:28    -1060.986761        2.4825
BFGS:  445 20:52:28    -1060.950252        2.7896
BFGS:  446 20:52:28    -1060.983782        2.5003
BFGS:  447 20:52:28    -1060.953565        2.9910
BFGS:  448 20:52:28    -1060.986562        2.4850
BFGS:  449 20:52:28    -1060.950548        2.7884
BFGS:  450 20:52:28    -1060.984025        2.4983
BFGS:  451 20:52:28    -1060.953429        2.9941
BFGS:  452 20:52:28    -1060.986364        2.4875
BFGS:  453 20:52:28    -1060.950849        2.7863
BFGS:  454 20:52:28    -1060.984271        2.4960
BFGS:  455 20:52:28    -1060.953290        2.9964
BFGS:  456 20:52:28    -1060.986163        2.4899
BFGS:  457 20:52:28    -1060.951148        2.7836
BFGS:  458 20:52:28    -1060.984517        2.4935
BFGS:  459 20:52:28    -1060.953143        2.9983
BFGS:  460 20:52:28    -1060.985958        2.4922
BFGS:  461 20:52:28    -1060.951439        2.7803
BFGS:  462 20:52:28    -1060.984762        2.4908
BFGS:  463 20:52:28    -1060.952983        2.9998
BFGS:  464 20:52:28    -1060.985748        2.4944
BFGS:  465 20:52:29    -1060.951722        2.7768
BFGS:  466 20:52:29    -1060.985005        2.4881
BFGS:  467 20:52:29    -1060.952809        3.0012
BFGS:  468 20:52:29    -1060.985532        2.4966
BFGS:  469 20:52:29    -1060.951982        2.7731
BFGS:  470 20:52:29    -1060.985746        2.4811
BFGS:  471 20:52:29    -1060.952117        3.0141
BFGS:  472 20:52:29    -1060.984811        2.5060
BFGS:  473 20:52:29    -1060.952761        2.7677
BFGS:  474 20:52:29    -1060.985996        2.4782
BFGS:  475 20:52:29    -1060.951928        3.0150
BFGS:  476 20:52:29    -1060.984585        2.5080
BFGS:  477 20:52:29    -1060.953021        2.7640
BFGS:  478 20:52:29    -1060.986237        2.4755
BFGS:  479 20:52:29    -1060.951719        3.0164
BFGS:  480 20:52:29    -1060.984353        2.5101
BFGS:  481 20:52:29    -1060.953274        2.7605
BFGS:  482 20:52:29    -1060.986478        2.4728
BFGS:  483 20:52:29    -1060.951495        3.0185
BFGS:  484 20:52:29    -1060.984113        2.5125
BFGS:  485 20:52:29    -1060.953521        2.7573
BFGS:  486 20:52:29    -1060.986720        2.4702
BFGS:  487 20:52:30    -1060.951259        3.0212
BFGS:  488 20:52:30    -1060.983867        2.5150
BFGS:  489 20:52:30    -1060.953767        2.7544
BFGS:  490 20:52:30    -1060.986965        2.4676
BFGS:  491 20:52:30    -1060.951011        3.0244
BFGS:  492 20:52:30    -1060.985769        2.4936
BFGS:  493 20:52:30    -1060.951193        2.7609
BFGS:  494 20:52:30    -1060.984738        2.4830
BFGS:  495 20:52:30    -1060.952640        2.9856
BFGS:  496 20:52:30    -1060.985536        2.4941
BFGS:  497 20:52:30    -1060.951424        2.7619
BFGS:  498 20:52:30    -1060.984967        2.4826
BFGS:  499 20:52:30    -1060.952354        2.9909
