      Step     Time          Energy         fmax
BFGS:    0 20:51:50     -804.954203      246.3374
BFGS:    1 20:51:50     -847.942383      173.6641
BFGS:    2 20:51:50     -869.852132      192.5131
BFGS:    3 20:51:50     -887.348658      174.1456
BFGS:    4 20:51:50     -898.573090      165.8485
BFGS:    5 20:51:50     -906.948069      159.1702
BFGS:    6 20:51:50     -914.568673      148.9774
BFGS:    7 20:51:50     -923.433706      137.6231
BFGS:    8 20:51:50     -932.941668      126.9253
BFGS:    9 20:51:50     -942.075333      115.4148
BFGS:   10 20:51:50     -950.194355      104.3479
BFGS:   11 20:51:50     -957.396516       95.8397
BFGS:   12 20:51:50     -964.317991       86.1846
BFGS:   13 20:51:50     -970.174626       78.2113
BFGS:   14 20:51:50     -975.898645       66.5673
BFGS:   15 20:51:50     -981.442291       61.8605
BFGS:   16 20:51:50     -985.708600       51.3387
BFGS:   17 20:51:50     -988.779810       51.0233
BFGS:   18 20:51:50     -991.226867       45.5226
BFGS:   19 20:51:50     -993.577620       43.8244
BFGS:   20 20:51:50     -995.958274       42.1912
BFGS:   21 20:51:51     -998.361025       40.7785
BFGS:   22 20:51:51    -1000.935378       39.5458
BFGS:   23 20:51:51    -1003.669386       38.4282
BFGS:   24 20:51:51    -1006.330112       37.4110
BFGS:   25 20:51:51    -1008.823214       36.4382
BFGS:   26 20:51:51    -1011.278254       31.0383
BFGS:   27 20:51:51    -1013.715594       29.9732
BFGS:   28 20:51:51    -1016.372702       28.4208
BFGS:   29 20:51:51    -1018.778386       26.9907
BFGS:   30 20:51:51    -1020.922774       24.6449
BFGS:   31 20:51:51    -1022.837267       22.9142
BFGS:   32 20:51:51    -1024.547150       22.2361
BFGS:   33 20:51:51    -1025.943073       21.8896
BFGS:   34 20:51:51    -1027.133717       21.6807
BFGS:   35 20:51:51    -1028.182262       20.6885
BFGS:   36 20:51:51    -1029.033537       20.4588
BFGS:   37 20:51:51    -1029.952501       19.5976
BFGS:   38 20:51:51    -1030.758264       20.1836
BFGS:   39 20:51:51    -1031.228923       14.5871
BFGS:   40 20:51:51    -1031.429106       11.9171
BFGS:   41 20:51:51    -1031.630884        9.1189
BFGS:   42 20:51:51    -1031.864559       10.6870
BFGS:   43 20:51:51    -1031.880199        9.9394
BFGS:   44 20:51:52    -1032.051787        8.8510
BFGS:   45 20:51:52    -1032.138404        8.9230
BFGS:   46 20:51:52    -1032.241538        9.1626
BFGS:   47 20:51:52    -1032.305791        6.5464
BFGS:   48 20:51:52    -1032.385911        6.9078
BFGS:   49 20:51:52    -1032.412360        7.3533
BFGS:   50 20:51:52    -1032.473457        6.9691
BFGS:   51 20:51:52    -1032.505373        6.8425
BFGS:   52 20:51:52    -1032.543963        7.2839
BFGS:   53 20:51:52    -1032.593182        8.9888
BFGS:   54 20:51:52    -1032.646923        6.9952
BFGS:   55 20:51:52    -1032.721237        6.4521
BFGS:   56 20:51:52    -1032.807447        8.9563
BFGS:   57 20:51:52    -1032.885977        8.7120
BFGS:   58 20:51:52    -1033.005606        8.5396
BFGS:   59 20:51:52    -1033.226304        9.3145
BFGS:   60 20:51:52    -1033.654256       11.8879
BFGS:   61 20:51:52    -1033.853219       19.3464
BFGS:   62 20:51:52    -1034.381651       15.4026
BFGS:   63 20:51:52    -1035.225955       14.3252
BFGS:   64 20:51:52    -1036.039192       15.4646
BFGS:   65 20:51:52    -1036.787974       17.1492
BFGS:   66 20:51:52    -1037.534789       18.2193
BFGS:   67 20:51:53    -1038.359244       18.6298
BFGS:   68 20:51:53    -1039.260798       20.2401
BFGS:   69 20:51:53    -1040.365752       19.6821
BFGS:   70 20:51:53    -1041.657557       24.4868
BFGS:   71 20:51:53    -1042.965794       22.6126
BFGS:   72 20:51:53    -1044.323730       21.2675
BFGS:   73 20:51:53    -1045.555441       20.4991
BFGS:   74 20:51:53    -1046.768365       15.2208
BFGS:   75 20:51:53    -1047.778365       14.9808
BFGS:   76 20:51:53    -1048.819762       15.0723
BFGS:   77 20:51:53    -1049.790114       14.5835
BFGS:   78 20:51:53    -1050.711279       13.6698
BFGS:   79 20:51:53    -1051.500671       14.7866
BFGS:   80 20:51:53    -1052.172450       13.8134
BFGS:   81 20:51:53    -1052.807777       13.7422
BFGS:   82 20:51:53    -1053.393628       14.2172
BFGS:   83 20:51:53    -1053.964287       14.5409
BFGS:   84 20:51:53    -1054.556814       14.6371
BFGS:   85 20:51:53    -1055.208362       14.5044
BFGS:   86 20:51:53    -1055.898115       14.0981
BFGS:   87 20:51:53    -1056.693128       13.5270
BFGS:   88 20:51:53    -1057.533104       12.6509
BFGS:   89 20:51:53    -1058.375781       13.9133
BFGS:   90 20:51:53    -1059.299108       15.5381
BFGS:   91 20:51:53    -1060.222697       16.8554
BFGS:   92 20:51:53    -1061.115529       16.9488
BFGS:   93 20:51:53    -1061.971311       15.7301
BFGS:   94 20:51:54    -1062.811866       14.5505
BFGS:   95 20:51:54    -1063.675250       14.1654
BFGS:   96 20:51:54    -1064.554302       13.2023
BFGS:   97 20:51:54    -1065.482167       11.9362
BFGS:   98 20:51:54    -1066.358086       10.7990
BFGS:   99 20:51:54    -1067.188336       10.5076
BFGS:  100 20:51:54    -1067.872827        8.8055
BFGS:  101 20:51:54    -1068.440791        6.8931
BFGS:  102 20:51:54    -1068.950833        5.4482
BFGS:  103 20:51:54    -1069.386371        4.4633
BFGS:  104 20:51:54    -1069.689991        3.7372
BFGS:  105 20:51:54    -1069.862369        4.1104
BFGS:  106 20:51:54    -1069.959235        3.3667
BFGS:  107 20:51:54    -1070.093705        3.3028
BFGS:  108 20:51:54    -1070.226291        3.1042
BFGS:  109 20:51:54    -1070.347111        3.3110
BFGS:  110 20:51:54    -1070.469610        3.5447
BFGS:  111 20:51:54    -1070.614563        4.2544
BFGS:  112 20:51:54    -1070.744599        4.9749
BFGS:  113 20:51:54    -1070.900401        5.2809
BFGS:  114 20:51:54    -1071.046384        4.7028
BFGS:  115 20:51:54    -1071.181956        3.7184
BFGS:  116 20:51:54    -1071.338936        3.8493
BFGS:  117 20:51:54    -1071.496005        4.8414
BFGS:  118 20:51:54    -1071.565632        2.0893
BFGS:  119 20:51:54    -1071.616065        1.8704
BFGS:  120 20:51:54    -1071.656326        2.1044
BFGS:  121 20:51:54    -1071.694782        2.5674
BFGS:  122 20:51:55    -1071.737695        3.3458
BFGS:  123 20:51:55    -1071.773259        4.0945
BFGS:  124 20:51:55    -1071.816778        4.1066
BFGS:  125 20:51:55    -1071.863973        4.2889
BFGS:  126 20:51:55    -1071.912342        4.6382
BFGS:  127 20:51:55    -1071.964786        4.6580
BFGS:  128 20:51:55    -1072.024482        4.4566
BFGS:  129 20:51:55    -1072.096720        4.1843
BFGS:  130 20:51:55    -1072.189428        4.0033
BFGS:  131 20:51:55    -1072.323852        4.6687
BFGS:  132 20:51:55    -1072.431340        5.3344
BFGS:  133 20:51:55    -1072.630347        5.9171
BFGS:  134 20:51:55    -1072.774206        6.2085
BFGS:  135 20:51:55    -1072.969554        6.1009
BFGS:  136 20:51:55    -1073.167487        6.5233
BFGS:  137 20:51:55    -1073.360633        6.9276
BFGS:  138 20:51:55    -1073.558080        6.8720
BFGS:  139 20:51:55    -1073.802423        6.6191
BFGS:  140 20:51:55    -1074.021916        7.3686
BFGS:  141 20:51:55    -1074.438646        6.0196
BFGS:  142 20:51:55    -1074.751930        4.3848
BFGS:  143 20:51:55    -1075.053494        4.5900
BFGS:  144 20:51:55    -1075.316984        5.9468
BFGS:  145 20:51:55    -1075.482030        5.8551
BFGS:  146 20:51:55    -1075.655483        5.7864
BFGS:  147 20:51:55    -1075.876214        6.5297
BFGS:  148 20:51:55    -1076.111184        7.9649
BFGS:  149 20:51:55    -1076.362234        9.6233
BFGS:  150 20:51:56    -1076.818207       10.2853
BFGS:  151 20:51:56    -1077.119838        8.8399
BFGS:  152 20:51:56    -1077.661476        7.8107
BFGS:  153 20:51:56    -1078.030784        7.2230
BFGS:  154 20:51:56    -1078.363270        6.3911
BFGS:  155 20:51:56    -1078.663402        6.2601
BFGS:  156 20:51:56    -1078.971186        6.4294
BFGS:  157 20:51:56    -1079.237117        5.9547
BFGS:  158 20:51:56    -1079.498378        5.5961
BFGS:  159 20:51:56    -1079.737334        4.9777
BFGS:  160 20:51:56    -1079.983545        4.1343
BFGS:  161 20:51:56    -1080.165644        4.2939
BFGS:  162 20:51:56    -1080.302044        4.7708
BFGS:  163 20:51:56    -1080.492350        3.5992
BFGS:  164 20:51:56    -1080.572842        2.6772
BFGS:  165 20:51:56    -1080.625791        2.2987
BFGS:  166 20:51:56    -1080.679049        1.9332
BFGS:  167 20:51:56    -1080.710979        1.3097
BFGS:  168 20:51:56    -1080.729433        0.9832
BFGS:  169 20:51:56    -1080.736758        0.9997
BFGS:  170 20:51:56    -1080.740106        1.2046
BFGS:  171 20:51:56    -1080.741277        0.4738
BFGS:  172 20:51:56    -1080.745402        1.0159
BFGS:  173 20:51:56    -1080.747257        0.3461
BFGS:  174 20:51:56    -1080.749011        0.8882
BFGS:  175 20:51:56    -1080.750068        0.3615
BFGS:  176 20:51:56    -1080.751124        0.3864
BFGS:  177 20:51:56    -1080.751916        1.0090
BFGS:  178 20:51:56    -1080.752726        0.9550
BFGS:  179 20:51:57    -1080.750228        0.6043
BFGS:  180 20:51:57    -1080.752594        0.8354
BFGS:  181 20:51:57    -1080.753197        0.4135
BFGS:  182 20:51:57    -1080.753405        0.3778
BFGS:  183 20:51:57    -1080.752307        1.0401
BFGS:  184 20:51:57    -1080.753515        0.8548
BFGS:  185 20:51:57    -1080.753727        0.3761
BFGS:  186 20:51:57    -1080.753743        0.9691
BFGS:  187 20:51:57    -1080.753787        0.8378
BFGS:  188 20:51:57    -1080.753944        0.3640
BFGS:  189 20:51:57    -1080.754098        0.3625
BFGS:  190 20:51:57    -1080.754674        0.3393
BFGS:  191 20:51:57    -1080.754842        0.3154
BFGS:  192 20:51:57    -1080.754981        1.0202
BFGS:  193 20:51:57    -1080.755199        0.8613
BFGS:  194 20:51:57    -1080.755447        0.8523
BFGS:  195 20:51:57    -1080.755876        0.3653
BFGS:  196 20:51:57    -1080.756035        0.3313
BFGS:  197 20:51:57    -1080.756349        0.2498
BFGS:  198 20:51:57    -1080.756451        0.2258
BFGS:  199 20:51:57    -1080.756536        0.2185
BFGS:  200 20:51:57    -1080.756550        0.9100
BFGS:  201 20:51:57    -1080.756557        0.2353
BFGS:  202 20:51:57    -1080.756571        0.2351
BFGS:  203 20:51:57    -1080.756583        0.2329
BFGS:  204 20:51:57    -1080.756463        0.8941
BFGS:  205 20:51:57    -1080.756561        0.8897
BFGS:  206 20:51:57    -1080.756347        0.2660
BFGS:  207 20:51:58    -1080.756529        0.2505
BFGS:  208 20:51:58    -1080.756220        1.0544
BFGS:  209 20:51:58    -1080.756567        0.2452
BFGS:  210 20:51:58    -1080.756589        0.2422
BFGS:  211 20:51:58    -1080.755867        1.0671
BFGS:  212 20:51:58    -1080.756588        0.8855
BFGS:  213 20:51:58    -1080.756497        0.2690
BFGS:  214 20:51:58    -1080.756551        0.2567
BFGS:  215 20:51:58    -1080.756100        1.0623
BFGS:  216 20:51:58    -1080.756585        0.2493
BFGS:  217 20:51:58    -1080.756607        0.2445
BFGS:  218 20:51:58    -1080.755356        1.0803
BFGS:  219 20:51:58    -1080.756534        0.8875
BFGS:  220 20:51:58    -1080.756393        0.2939
BFGS:  221 20:51:58    -1080.756504        0.2722
BFGS:  222 20:51:58    -1080.755435        1.0789
BFGS:  223 20:51:58    -1080.756578        0.2555
BFGS:  224 20:51:58    -1080.756618        0.8795
BFGS:  225 20:51:58    -1080.756594        0.2535
BFGS:  226 20:51:58    -1080.756603        0.2520
BFGS:  227 20:51:58    -1080.754207        1.1305
BFGS:  228 20:51:58    -1080.756414        1.0502
BFGS:  229 20:51:58    -1080.748279        0.6771
BFGS:  230 20:51:58    -1080.754336        0.4401
BFGS:  231 20:51:58    -1080.754152        1.1266
BFGS:  232 20:51:58    -1080.755760        0.3577
BFGS:  233 20:51:58    -1080.756220        0.3152
BFGS:  234 20:51:58    -1080.754223        1.1268
BFGS:  235 20:51:58    -1080.756425        0.2889
BFGS:  236 20:51:59    -1080.756537        0.2701
BFGS:  237 20:51:59    -1080.753846        1.1405
BFGS:  238 20:51:59    -1080.756570        0.8721
BFGS:  239 20:51:59    -1080.756292        0.3173
BFGS:  240 20:51:59    -1080.756438        0.2925
BFGS:  241 20:51:59    -1080.753691        1.1474
BFGS:  242 20:51:59    -1080.756568        0.2651
BFGS:  243 20:51:59    -1080.756479        1.0457
BFGS:  244 20:51:59    -1080.756583        0.2601
BFGS:  245 20:51:59    -1080.756595        0.2565
BFGS:  246 20:51:59    -1080.752641        1.1595
BFGS:  247 20:51:59    -1080.756210        1.0527
BFGS:  248 20:51:59    -1080.744169        1.3171
BFGS:  249 20:51:59    -1080.753257        0.7298
BFGS:  250 20:51:59    -1080.752365        1.1624
BFGS:  251 20:51:59    -1080.755454        0.4763
BFGS:  252 20:51:59    -1080.756164        0.3543
BFGS:  253 20:51:59    -1080.752614        1.1545
BFGS:  254 20:51:59    -1080.756470        0.2837
BFGS:  255 20:51:59    -1080.756537        0.8868
BFGS:  256 20:51:59    -1080.756529        0.2695
BFGS:  257 20:51:59    -1080.756565        0.2602
BFGS:  258 20:51:59    -1080.752477        1.1674
BFGS:  259 20:51:59    -1080.756334        1.0467
BFGS:  260 20:51:59    -1080.743328        1.3169
BFGS:  261 20:51:59    -1080.753029        0.7307
BFGS:  262 20:51:59    -1080.752270        1.1697
BFGS:  263 20:51:59    -1080.755362        0.4793
BFGS:  264 20:52:00    -1080.756117        0.3572
BFGS:  265 20:52:00    -1080.752442        1.1667
BFGS:  266 20:52:00    -1080.756447        0.2852
BFGS:  267 20:52:00    -1080.756556        0.8862
BFGS:  268 20:52:00    -1080.756514        0.2696
BFGS:  269 20:52:00    -1080.756553        0.2598
BFGS:  270 20:52:00    -1080.752330        1.1814
BFGS:  271 20:52:00    -1080.756382        1.0444
BFGS:  272 20:52:00    -1080.742667        1.3101
BFGS:  273 20:52:00    -1080.752850        0.7260
BFGS:  274 20:52:00    -1080.752124        1.1845
BFGS:  275 20:52:00    -1080.755296        0.4762
BFGS:  276 20:52:00    -1080.756087        0.3552
BFGS:  277 20:52:00    -1080.752308        1.1804
BFGS:  278 20:52:00    -1080.756431        0.2843
BFGS:  279 20:52:00    -1080.756566        0.8864
BFGS:  280 20:52:00    -1080.756505        0.2683
BFGS:  281 20:52:00    -1080.756547        0.2585
BFGS:  282 20:52:00    -1080.752283        1.1923
BFGS:  283 20:52:00    -1080.756419        1.0427
BFGS:  284 20:52:00    -1080.742278        1.2669
BFGS:  285 20:52:00    -1080.752749        0.7066
BFGS:  286 20:52:00    -1080.752096        1.1957
BFGS:  287 20:52:00    -1080.755252        0.4681
BFGS:  288 20:52:00    -1080.756062        0.3525
BFGS:  289 20:52:00    -1080.752262        1.1918
BFGS:  290 20:52:00    -1080.756416        0.2846
BFGS:  291 20:52:00    -1080.756583        0.8842
BFGS:  292 20:52:00    -1080.756496        0.2683
BFGS:  293 20:52:01    -1080.756540        0.2589
BFGS:  294 20:52:01    -1080.752295        1.2019
BFGS:  295 20:52:01    -1080.756462        1.0413
BFGS:  296 20:52:01    -1080.742051        1.2130
BFGS:  297 20:52:01    -1080.752700        0.6826
BFGS:  298 20:52:01    -1080.752217        1.2023
BFGS:  299 20:52:01    -1080.755218        0.4589
BFGS:  300 20:52:01    -1080.756036        0.3504
BFGS:  301 20:52:01    -1080.752275        1.2019
BFGS:  302 20:52:01    -1080.756398        0.2859
BFGS:  303 20:52:01    -1080.756589        0.2434
BFGS:  304 20:52:01    -1080.752281        1.2007
BFGS:  305 20:52:01    -1080.756298        1.0459
BFGS:  306 20:52:01    -1080.742046        1.2308
BFGS:  307 20:52:01    -1080.752730        0.6845
BFGS:  308 20:52:01    -1080.752191        1.2016
BFGS:  309 20:52:01    -1080.755232        0.4565
BFGS:  310 20:52:01    -1080.756045        0.3465
BFGS:  311 20:52:01    -1080.752275        1.1984
BFGS:  312 20:52:01    -1080.756405        0.2816
BFGS:  313 20:52:01    -1080.756569        0.8851
BFGS:  314 20:52:01    -1080.756491        0.2654
BFGS:  315 20:52:01    -1080.756535        0.2564
BFGS:  316 20:52:01    -1080.752350        1.2065
BFGS:  317 20:52:01    -1080.756469        0.8987
BFGS:  318 20:52:01    -1080.756338        0.3014
BFGS:  319 20:52:01    -1080.756491        0.2702
BFGS:  320 20:52:01    -1080.752314        1.2104
BFGS:  321 20:52:02    -1080.756544        0.8901
BFGS:  322 20:52:02    -1080.756270        0.3194
BFGS:  323 20:52:02    -1080.756446        0.2832
BFGS:  324 20:52:02    -1080.752324        1.2100
BFGS:  325 20:52:02    -1080.756614        0.2424
BFGS:  326 20:52:02    -1080.756179        1.0562
BFGS:  327 20:52:02    -1080.756579        0.8869
BFGS:  328 20:52:02    -1080.756555        0.2646
BFGS:  329 20:52:02    -1080.756582        0.2550
BFGS:  330 20:52:02    -1080.753699        1.1511
BFGS:  331 20:52:02    -1080.756427        1.0461
BFGS:  332 20:52:02    -1080.745663        1.3043
BFGS:  333 20:52:02    -1080.753474        0.7195
BFGS:  334 20:52:02    -1080.752979        1.1768
BFGS:  335 20:52:02    -1080.755439        0.4721
BFGS:  336 20:52:02    -1080.756101        0.3539
BFGS:  337 20:52:02    -1080.752599        1.1772
BFGS:  338 20:52:02    -1080.756429        0.2829
BFGS:  339 20:52:02    -1080.756605        0.2362
BFGS:  340 20:52:02    -1080.752352        1.1750
BFGS:  341 20:52:02    -1080.756195        1.0513
BFGS:  342 20:52:02    -1080.743006        1.3551
BFGS:  343 20:52:02    -1080.752954        0.7365
BFGS:  344 20:52:02    -1080.752063        1.1812
BFGS:  345 20:52:02    -1080.755344        0.4763
BFGS:  346 20:52:02    -1080.756117        0.3508
BFGS:  347 20:52:02    -1080.752332        1.1713
BFGS:  348 20:52:02    -1080.756450        0.2791
BFGS:  349 20:52:03    -1080.756538        0.8924
BFGS:  350 20:52:03    -1080.756518        0.2635
BFGS:  351 20:52:03    -1080.756558        0.2539
BFGS:  352 20:52:03    -1080.752300        1.1816
BFGS:  353 20:52:03    -1080.756372        1.0430
BFGS:  354 20:52:03    -1080.742569        1.2932
BFGS:  355 20:52:03    -1080.752829        0.7158
BFGS:  356 20:52:03    -1080.752118        1.1859
BFGS:  357 20:52:03    -1080.755288        0.4719
BFGS:  358 20:52:03    -1080.756084        0.3534
BFGS:  359 20:52:03    -1080.752282        1.1811
BFGS:  360 20:52:03    -1080.756431        0.2836
BFGS:  361 20:52:03    -1080.756561        0.8866
BFGS:  362 20:52:03    -1080.756505        0.2669
BFGS:  363 20:52:03    -1080.756547        0.2571
BFGS:  364 20:52:03    -1080.752272        1.1926
BFGS:  365 20:52:03    -1080.756421        1.0416
BFGS:  366 20:52:03    -1080.742251        1.2748
BFGS:  367 20:52:03    -1080.752746        0.7070
BFGS:  368 20:52:03    -1080.752119        1.1967
BFGS:  369 20:52:03    -1080.755252        0.4675
BFGS:  370 20:52:03    -1080.756063        0.3517
BFGS:  371 20:52:03    -1080.752263        1.1918
BFGS:  372 20:52:03    -1080.756417        0.2838
BFGS:  373 20:52:03    -1080.756580        0.8850
BFGS:  374 20:52:03    -1080.756497        0.2670
BFGS:  375 20:52:03    -1080.756540        0.2574
BFGS:  376 20:52:03    -1080.752286        1.2005
BFGS:  377 20:52:03    -1080.756463        1.0406
BFGS:  378 20:52:04    -1080.742068        1.2283
BFGS:  379 20:52:04    -1080.752706        0.6867
BFGS:  380 20:52:04    -1080.752228        1.2014
BFGS:  381 20:52:04    -1080.755223        0.4600
BFGS:  382 20:52:04    -1080.756040        0.3502
BFGS:  383 20:52:04    -1080.752274        1.2000
BFGS:  384 20:52:04    -1080.756401        0.2852
BFGS:  385 20:52:04    -1080.756592        0.2423
BFGS:  386 20:52:04    -1080.752280        1.1991
BFGS:  387 20:52:04    -1080.756287        1.0461
BFGS:  388 20:52:04    -1080.742087        1.2410
BFGS:  389 20:52:04    -1080.752742        0.6872
BFGS:  390 20:52:04    -1080.752204        1.2007
BFGS:  391 20:52:04    -1080.755237        0.4577
BFGS:  392 20:52:04    -1080.756049        0.3469
BFGS:  393 20:52:04    -1080.752273        1.1972
BFGS:  394 20:52:04    -1080.756408        0.2817
BFGS:  395 20:52:04    -1080.756569        0.8854
BFGS:  396 20:52:04    -1080.756492        0.2650
BFGS:  397 20:52:04    -1080.756536        0.2557
BFGS:  398 20:52:04    -1080.752321        1.2040
BFGS:  399 20:52:04    -1080.756459        0.8997
BFGS:  400 20:52:04    -1080.756320        0.3032
BFGS:  401 20:52:04    -1080.756482        0.2712
BFGS:  402 20:52:04    -1080.752286        1.2065
BFGS:  403 20:52:04    -1080.756541        0.8900
BFGS:  404 20:52:04    -1080.756246        0.3211
BFGS:  405 20:52:04    -1080.756432        0.2847
BFGS:  406 20:52:05    -1080.752278        1.2067
BFGS:  407 20:52:05    -1080.756608        0.2428
BFGS:  408 20:52:05    -1080.756203        1.0537
BFGS:  409 20:52:05    -1080.756576        0.8865
BFGS:  410 20:52:05    -1080.756552        0.2619
BFGS:  411 20:52:05    -1080.756578        0.2541
BFGS:  412 20:52:05    -1080.752710        1.1782
BFGS:  413 20:52:05    -1080.756332        1.0481
BFGS:  414 20:52:05    -1080.743678        1.3590
BFGS:  415 20:52:05    -1080.753056        0.7406
BFGS:  416 20:52:05    -1080.752279        1.1928
BFGS:  417 20:52:05    -1080.755355        0.4776
BFGS:  418 20:52:05    -1080.756105        0.3524
BFGS:  419 20:52:05    -1080.752390        1.1819
BFGS:  420 20:52:05    -1080.756439        0.2813
BFGS:  421 20:52:05    -1080.756586        0.8897
BFGS:  422 20:52:05    -1080.756509        0.2661
BFGS:  423 20:52:05    -1080.756549        0.2568
BFGS:  424 20:52:05    -1080.752333        1.1819
BFGS:  425 20:52:05    -1080.756402        1.0441
BFGS:  426 20:52:05    -1080.742598        1.2713
BFGS:  427 20:52:05    -1080.752826        0.7099
BFGS:  428 20:52:05    -1080.752138        1.1868
BFGS:  429 20:52:05    -1080.755281        0.4723
BFGS:  430 20:52:05    -1080.756076        0.3563
BFGS:  431 20:52:05    -1080.752267        1.1838
BFGS:  432 20:52:05    -1080.756425        0.2872
BFGS:  433 20:52:05    -1080.756594        0.8825
BFGS:  434 20:52:05    -1080.756500        0.2702
BFGS:  435 20:52:06    -1080.756542        0.2603
BFGS:  436 20:52:06    -1080.752256        1.1961
BFGS:  437 20:52:06    -1080.756425        1.0432
BFGS:  438 20:52:06    -1080.742255        1.2771
BFGS:  439 20:52:06    -1080.752738        0.7092
BFGS:  440 20:52:06    -1080.752092        1.2013
BFGS:  441 20:52:06    -1080.755248        0.4697
BFGS:  442 20:52:06    -1080.756060        0.3539
BFGS:  443 20:52:06    -1080.752248        1.1950
BFGS:  444 20:52:06    -1080.756415        0.2864
BFGS:  445 20:52:06    -1080.756602        0.2418
BFGS:  446 20:52:06    -1080.752264        1.1935
BFGS:  447 20:52:06    -1080.756225        1.0495
BFGS:  448 20:52:06    -1080.742265        1.2847
BFGS:  449 20:52:06    -1080.752780        0.7073
BFGS:  450 20:52:06    -1080.752089        1.1989
BFGS:  451 20:52:06    -1080.755263        0.4668
BFGS:  452 20:52:06    -1080.756069        0.3505
BFGS:  453 20:52:06    -1080.752256        1.1917
BFGS:  454 20:52:06    -1080.756420        0.2829
BFGS:  455 20:52:06    -1080.756576        0.8858
BFGS:  456 20:52:06    -1080.756499        0.2662
BFGS:  457 20:52:06    -1080.756542        0.2566
BFGS:  458 20:52:06    -1080.752279        1.1983
BFGS:  459 20:52:06    -1080.756455        1.0399
BFGS:  460 20:52:06    -1080.742161        1.2344
BFGS:  461 20:52:06    -1080.752721        0.6896
BFGS:  462 20:52:06    -1080.752213        1.2002
BFGS:  463 20:52:07    -1080.755229        0.4613
BFGS:  464 20:52:07    -1080.756044        0.3507
BFGS:  465 20:52:07    -1080.752266        1.1980
BFGS:  466 20:52:07    -1080.756404        0.2852
BFGS:  467 20:52:07    -1080.756594        0.2420
BFGS:  468 20:52:07    -1080.752276        1.1974
BFGS:  469 20:52:07    -1080.756276        1.0462
BFGS:  470 20:52:07    -1080.742124        1.2494
BFGS:  471 20:52:07    -1080.752750        0.6909
BFGS:  472 20:52:07    -1080.752194        1.2000
BFGS:  473 20:52:07    -1080.755241        0.4596
BFGS:  474 20:52:07    -1080.756051        0.3478
BFGS:  475 20:52:07    -1080.752268        1.1959
BFGS:  476 20:52:07    -1080.756409        0.2821
BFGS:  477 20:52:07    -1080.756569        0.8854
BFGS:  478 20:52:07    -1080.756493        0.2652
BFGS:  479 20:52:07    -1080.756536        0.2558
BFGS:  480 20:52:07    -1080.752303        1.2020
BFGS:  481 20:52:07    -1080.756453        0.9005
BFGS:  482 20:52:07    -1080.756307        0.3058
BFGS:  483 20:52:07    -1080.756475        0.2723
BFGS:  484 20:52:07    -1080.752280        1.2041
BFGS:  485 20:52:07    -1080.756542        0.8899
BFGS:  486 20:52:07    -1080.756229        0.3239
BFGS:  487 20:52:07    -1080.756422        0.2861
BFGS:  488 20:52:07    -1080.752271        1.2043
BFGS:  489 20:52:07    -1080.756603        0.2433
BFGS:  490 20:52:07    -1080.756223        1.0520
BFGS:  491 20:52:08    -1080.756578        0.8861
BFGS:  492 20:52:08    -1080.756549        0.2613
BFGS:  493 20:52:08    -1080.756574        0.2537
BFGS:  494 20:52:08    -1080.752524        1.1833
BFGS:  495 20:52:08    -1080.756330        1.0473
BFGS:  496 20:52:08    -1080.743233        1.3622
BFGS:  497 20:52:08    -1080.752961        0.7409
BFGS:  498 20:52:08    -1080.752171        1.1956
BFGS:  499 20:52:08    -1080.755331        0.4778
