      Step     Time          Energy         fmax
BFGS:    0 20:49:27     -900.763285      158.3801
BFGS:    1 20:49:27     -934.333566      116.8500
BFGS:    2 20:49:27     -950.422823      112.4738
BFGS:    3 20:49:27     -963.548149      106.3293
BFGS:    4 20:49:27     -975.711277       98.5612
BFGS:    5 20:49:27     -985.995916       93.2455
BFGS:    6 20:49:27     -995.935571       81.6248
BFGS:    7 20:49:27    -1004.634237       71.4081
BFGS:    8 20:49:27    -1011.444997       66.0151
BFGS:    9 20:49:27    -1017.573120       57.0774
BFGS:   10 20:49:27    -1023.237346       50.2949
BFGS:   11 20:49:27    -1028.797857       46.0749
BFGS:   12 20:49:27    -1034.139448       41.9365
BFGS:   13 20:49:27    -1039.314923       38.1580
BFGS:   14 20:49:27    -1043.075293       34.6537
BFGS:   15 20:49:27    -1046.280790       33.4322
BFGS:   16 20:49:28    -1049.947503       30.7090
BFGS:   17 20:49:28    -1053.154490       30.2420
BFGS:   18 20:49:28    -1056.028772       26.8596
BFGS:   19 20:49:28    -1058.538609       26.8767
BFGS:   20 20:49:28    -1060.692986       22.4657
BFGS:   21 20:49:28    -1062.472718       20.0942
BFGS:   22 20:49:28    -1064.146075       17.2814
BFGS:   23 20:49:28    -1065.654336       18.4063
BFGS:   24 20:49:28    -1067.073801       18.2129
BFGS:   25 20:49:28    -1068.387823       15.3686
BFGS:   26 20:49:28    -1069.803126       15.1633
BFGS:   27 20:49:28    -1070.919392       13.9133
BFGS:   28 20:49:28    -1071.863345       12.8378
BFGS:   29 20:49:28    -1072.642245       11.8501
BFGS:   30 20:49:28    -1073.400068        9.9726
BFGS:   31 20:49:28    -1073.923155        9.3550
BFGS:   32 20:49:28    -1074.301081        7.6019
BFGS:   33 20:49:28    -1074.638899        6.1531
BFGS:   34 20:49:28    -1074.954502        6.3837
BFGS:   35 20:49:28    -1075.219012        6.5909
BFGS:   36 20:49:28    -1075.499356        5.8943
BFGS:   37 20:49:28    -1075.715456        5.1620
BFGS:   38 20:49:28    -1075.901887        5.1844
BFGS:   39 20:49:28    -1076.146126        4.6159
BFGS:   40 20:49:28    -1076.363135        5.0148
BFGS:   41 20:49:28    -1076.572549        5.5609
BFGS:   42 20:49:29    -1076.778899        5.2820
BFGS:   43 20:49:29    -1077.009976        4.4326
BFGS:   44 20:49:29    -1077.191422        2.5516
BFGS:   45 20:49:29    -1077.243983        1.9745
BFGS:   46 20:49:29    -1077.270437        2.0759
BFGS:   47 20:49:29    -1077.293033        1.5463
BFGS:   48 20:49:29    -1077.316824        1.3664
BFGS:   49 20:49:29    -1077.331624        1.2104
BFGS:   50 20:49:29    -1077.347470        1.2402
BFGS:   51 20:49:29    -1077.364559        0.8815
BFGS:   52 20:49:29    -1077.366853        1.0285
BFGS:   53 20:49:29    -1077.382035        0.9599
BFGS:   54 20:49:29    -1077.385773        1.2697
BFGS:   55 20:49:29    -1077.394057        1.2153
BFGS:   56 20:49:29    -1077.414307        1.3880
BFGS:   57 20:49:29    -1077.463534        2.2621
BFGS:   58 20:49:29    -1077.565090        4.4957
BFGS:   59 20:49:29    -1077.750414        3.3604
BFGS:   60 20:49:29    -1077.806504        4.2336
BFGS:   61 20:49:29    -1078.021690        2.7839
BFGS:   62 20:49:29    -1078.132422        3.3398
BFGS:   63 20:49:29    -1078.227005        3.0872
BFGS:   64 20:49:29    -1078.365850        3.1579
BFGS:   65 20:49:29    -1078.498865        4.3081
BFGS:   66 20:49:29    -1078.599367        7.5070
BFGS:   67 20:49:29    -1078.742058        8.7888
BFGS:   68 20:49:30    -1078.949750       11.2557
BFGS:   69 20:49:30    -1079.242847       12.8080
BFGS:   70 20:49:30    -1079.556608       13.8368
BFGS:   71 20:49:30    -1079.873091       14.4289
BFGS:   72 20:49:30    -1080.154364       14.4755
BFGS:   73 20:49:30    -1080.674975       14.0735
BFGS:   74 20:49:30    -1081.287229       13.9623
BFGS:   75 20:49:30    -1081.787999       12.0509
BFGS:   76 20:49:30    -1082.156843        9.9919
BFGS:   77 20:49:30    -1082.368144        6.8226
BFGS:   78 20:49:30    -1082.543552        7.9801
BFGS:   79 20:49:30    -1082.818125        6.9028
BFGS:   80 20:49:30    -1082.983696        7.0832
BFGS:   81 20:49:30    -1083.026248        6.4316
BFGS:   82 20:49:30    -1083.107006        6.8471
BFGS:   83 20:49:30    -1083.143730        6.6768
BFGS:   84 20:49:30    -1083.184263        6.6339
BFGS:   85 20:49:30    -1083.215381        7.0963
BFGS:   86 20:49:30    -1083.249801        7.8285
BFGS:   87 20:49:30    -1083.275473        7.3358
BFGS:   88 20:49:30    -1083.282451        7.0629
BFGS:   89 20:49:30    -1083.286552        6.9749
BFGS:   90 20:49:30    -1083.288998        6.9391
BFGS:   91 20:49:30    -1083.290135        7.0640
BFGS:   92 20:49:30    -1083.290916        7.0316
BFGS:   93 20:49:30    -1083.291900        6.8906
BFGS:   94 20:49:30    -1083.292711        6.8608
BFGS:   95 20:49:31    -1083.293813        6.8010
BFGS:   96 20:49:31    -1083.295247        6.8010
BFGS:   97 20:49:31    -1083.296737        6.7833
BFGS:   98 20:49:31    -1083.299340        6.7915
BFGS:   99 20:49:31    -1083.304173        6.8303
BFGS:  100 20:49:31    -1083.307253        6.7460
BFGS:  101 20:49:31    -1083.322340        6.4410
BFGS:  102 20:49:31    -1083.333109        6.1834
BFGS:  103 20:49:31    -1083.355464        5.6912
BFGS:  104 20:49:31    -1083.379557        5.4380
BFGS:  105 20:49:31    -1083.408774        5.1073
BFGS:  106 20:49:31    -1083.433015        5.4436
BFGS:  107 20:49:31    -1083.449851        5.4956
BFGS:  108 20:49:31    -1083.462561        5.6496
BFGS:  109 20:49:31    -1083.474120        5.6832
BFGS:  110 20:49:31    -1083.479395        5.6220
BFGS:  111 20:49:31    -1083.498077        5.1792
BFGS:  112 20:49:31    -1083.510939        4.7356
BFGS:  113 20:49:31    -1083.530346        4.3786
BFGS:  114 20:49:31    -1083.549981        3.8223
BFGS:  115 20:49:31    -1083.564420        3.6820
BFGS:  116 20:49:31    -1083.574524        3.9319
BFGS:  117 20:49:31    -1083.592163        4.0902
BFGS:  118 20:49:31    -1083.613733        4.4176
BFGS:  119 20:49:31    -1083.651010        4.4478
BFGS:  120 20:49:31    -1083.711588        4.2981
BFGS:  121 20:49:31    -1083.766592        3.7915
BFGS:  122 20:49:32    -1083.844130        3.5685
BFGS:  123 20:49:32    -1083.922162        2.8256
BFGS:  124 20:49:32    -1083.959500        2.8618
BFGS:  125 20:49:32    -1083.995911        2.0004
BFGS:  126 20:49:32    -1084.020102        1.7046
BFGS:  127 20:49:32    -1084.020575        1.7670
BFGS:  128 20:49:32    -1084.047794        0.8452
BFGS:  129 20:49:32    -1084.053817        0.7351
BFGS:  130 20:49:32    -1084.056377        0.5769
BFGS:  131 20:49:32    -1084.057723        0.4474
BFGS:  132 20:49:32    -1084.058541        0.3774
BFGS:  133 20:49:32    -1084.059010        0.2619
BFGS:  134 20:49:32    -1084.059283        0.1631
BFGS:  135 20:49:32    -1084.059370        0.1246
BFGS:  136 20:49:32    -1084.059423        0.1243
BFGS:  137 20:49:32    -1084.059447        0.1376
BFGS:  138 20:49:32    -1084.059466        0.1521
BFGS:  139 20:49:32    -1084.059473        0.1578
BFGS:  140 20:49:32    -1084.059484        0.1670
BFGS:  141 20:49:32    -1084.059485        0.1674
BFGS:  142 20:49:32    -1084.059490        0.1677
BFGS:  143 20:49:32    -1084.059495        0.1659
BFGS:  144 20:49:32    -1084.059508        0.1613
BFGS:  145 20:49:32    -1084.059534        0.1524
BFGS:  146 20:49:32    -1084.059598        0.1352
BFGS:  147 20:49:32    -1084.059740        0.1440
BFGS:  148 20:49:32    -1084.060013        0.1464
BFGS:  149 20:49:33    -1084.060380        0.1193
BFGS:  150 20:49:33    -1084.060635        0.0600
