      Step     Time          Energy         fmax
BFGS:    0 20:49:37     -866.164642      150.9961
BFGS:    1 20:49:37     -891.362889      119.7693
BFGS:    2 20:49:37     -911.892084      118.0399
BFGS:    3 20:49:37     -927.178965      115.6487
BFGS:    4 20:49:37     -941.439727      111.8985
BFGS:    5 20:49:37     -953.392621      101.1520
BFGS:    6 20:49:37     -962.847780       96.2951
BFGS:    7 20:49:37     -972.196918       92.1872
BFGS:    8 20:49:37     -980.812189       82.3218
BFGS:    9 20:49:37     -988.803197       72.0237
BFGS:   10 20:49:37     -994.766579       64.0977
BFGS:   11 20:49:37     -999.106399       60.2926
BFGS:   12 20:49:37    -1002.378414       55.1258
BFGS:   13 20:49:37    -1005.274877       52.2664
BFGS:   14 20:49:37    -1008.080360       48.6498
BFGS:   15 20:49:37    -1010.996096       45.5989
BFGS:   16 20:49:37    -1014.161247       40.8710
BFGS:   17 20:49:37    -1017.470276       36.4362
BFGS:   18 20:49:38    -1020.730397       32.6038
BFGS:   19 20:49:38    -1023.850112       28.6978
BFGS:   20 20:49:38    -1026.035860       26.7062
BFGS:   21 20:49:38    -1027.700348       22.8722
BFGS:   22 20:49:38    -1029.041218       22.3731
BFGS:   23 20:49:38    -1030.189080       20.5806
BFGS:   24 20:49:38    -1031.236718       19.6474
BFGS:   25 20:49:38    -1032.288564       18.5095
BFGS:   26 20:49:38    -1033.349898       17.4017
BFGS:   27 20:49:38    -1034.390583       16.3192
BFGS:   28 20:49:38    -1035.532316       16.6282
BFGS:   29 20:49:38    -1036.650393       18.9164
BFGS:   30 20:49:38    -1037.628362       20.1686
BFGS:   31 20:49:38    -1038.574718       21.1374
BFGS:   32 20:49:38    -1039.454524       21.4763
BFGS:   33 20:49:38    -1040.295508       20.3320
BFGS:   34 20:49:38    -1041.079620       19.4838
BFGS:   35 20:49:38    -1041.779164       18.5501
BFGS:   36 20:49:38    -1042.424229       15.6926
BFGS:   37 20:49:38    -1043.028283       16.6577
BFGS:   38 20:49:38    -1043.578308       13.0662
BFGS:   39 20:49:38    -1044.062752       11.7428
BFGS:   40 20:49:38    -1044.527833       10.1606
BFGS:   41 20:49:38    -1044.976087        8.8797
BFGS:   42 20:49:39    -1045.424527        7.4951
BFGS:   43 20:49:39    -1045.868929        7.5396
BFGS:   44 20:49:39    -1046.305689        7.5202
BFGS:   45 20:49:39    -1046.734221        7.5125
BFGS:   46 20:49:39    -1047.158293        7.4974
BFGS:   47 20:49:39    -1047.600022        7.5211
BFGS:   48 20:49:39    -1048.063782        7.5415
BFGS:   49 20:49:39    -1048.560159        7.6695
BFGS:   50 20:49:39    -1049.072501        8.1010
BFGS:   51 20:49:39    -1049.600559        8.3378
BFGS:   52 20:49:39    -1050.128885        8.8905
BFGS:   53 20:49:39    -1050.728562       10.7724
BFGS:   54 20:49:39    -1051.293233       11.1733
BFGS:   55 20:49:39    -1051.834571       10.5549
BFGS:   56 20:49:39    -1052.447454       10.7018
BFGS:   57 20:49:39    -1053.143088       11.7439
BFGS:   58 20:49:39    -1053.858274       13.8237
BFGS:   59 20:49:39    -1054.607292       13.1232
BFGS:   60 20:49:39    -1055.349730       14.2962
BFGS:   61 20:49:39    -1056.153355       17.8114
BFGS:   62 20:49:39    -1057.072312       20.5029
BFGS:   63 20:49:39    -1057.936219       23.0556
BFGS:   64 20:49:39    -1058.778867       24.7163
BFGS:   65 20:49:39    -1059.642004       25.4488
BFGS:   66 20:49:39    -1060.520902       26.5518
BFGS:   67 20:49:39    -1061.361523       29.4196
BFGS:   68 20:49:40    -1062.472322       28.1326
BFGS:   69 20:49:40    -1063.510471       25.7249
BFGS:   70 20:49:40    -1064.611353       23.5042
BFGS:   71 20:49:40    -1065.754676       22.7537
BFGS:   72 20:49:40    -1066.830955       21.6914
BFGS:   73 20:49:40    -1067.924056       19.5077
BFGS:   74 20:49:40    -1069.142242       17.0778
BFGS:   75 20:49:40    -1070.227470       16.9541
BFGS:   76 20:49:40    -1071.373941       16.1538
BFGS:   77 20:49:40    -1072.457057       15.5894
BFGS:   78 20:49:40    -1073.625370       15.1275
BFGS:   79 20:49:40    -1074.784077       14.4858
BFGS:   80 20:49:40    -1076.021877       12.1609
BFGS:   81 20:49:40    -1076.926021       10.2694
BFGS:   82 20:49:40    -1077.629906        8.6532
BFGS:   83 20:49:40    -1078.193297        7.6943
BFGS:   84 20:49:40    -1078.753656        7.1393
BFGS:   85 20:49:40    -1079.270884        7.0821
BFGS:   86 20:49:40    -1079.728412        7.4618
BFGS:   87 20:49:40    -1080.184695        7.6812
BFGS:   88 20:49:40    -1080.630607        7.9442
BFGS:   89 20:49:40    -1081.047666        7.8177
BFGS:   90 20:49:40    -1081.422887        7.1530
BFGS:   91 20:49:40    -1081.752281        6.1811
BFGS:   92 20:49:40    -1082.066117        5.9616
BFGS:   93 20:49:40    -1082.359023        5.5948
BFGS:   94 20:49:40    -1082.679901        6.0790
BFGS:   95 20:49:40    -1083.013188        6.0171
BFGS:   96 20:49:40    -1083.367448        5.7790
BFGS:   97 20:49:40    -1083.749495        5.3480
BFGS:   98 20:49:40    -1084.129929        7.7771
BFGS:   99 20:49:41    -1084.495384        9.7033
BFGS:  100 20:49:41    -1084.868243       11.3695
BFGS:  101 20:49:41    -1085.263597       12.8450
BFGS:  102 20:49:41    -1085.643683       14.3188
BFGS:  103 20:49:41    -1086.010400       15.1777
BFGS:  104 20:49:41    -1086.423314       15.5318
BFGS:  105 20:49:41    -1086.953818       15.7670
BFGS:  106 20:49:41    -1087.736972       15.5199
BFGS:  107 20:49:41    -1088.511397       15.2709
BFGS:  108 20:49:41    -1089.388856       16.2418
BFGS:  109 20:49:41    -1090.400196       16.3854
BFGS:  110 20:49:41    -1091.320744       13.2488
BFGS:  111 20:49:41    -1092.460446       12.5048
BFGS:  112 20:49:41    -1093.568341       11.0050
BFGS:  113 20:49:41    -1094.552584        9.6610
BFGS:  114 20:49:41    -1095.475395       10.2722
BFGS:  115 20:49:41    -1096.273882       10.0814
BFGS:  116 20:49:41    -1097.010653        8.4915
BFGS:  117 20:49:41    -1097.770177        6.8820
BFGS:  118 20:49:41    -1098.474073        9.1440
BFGS:  119 20:49:41    -1099.130966       10.3013
BFGS:  120 20:49:41    -1099.844395       11.6306
BFGS:  121 20:49:41    -1100.492092       11.5025
BFGS:  122 20:49:41    -1101.173781       11.4662
BFGS:  123 20:49:41    -1101.812596       11.0363
BFGS:  124 20:49:41    -1102.429047       10.9331
BFGS:  125 20:49:41    -1103.022472       10.3092
BFGS:  126 20:49:41    -1103.636284        9.7039
BFGS:  127 20:49:41    -1104.248255       10.0678
BFGS:  128 20:49:41    -1104.838205       11.0877
BFGS:  129 20:49:41    -1105.414441       12.3884
BFGS:  130 20:49:41    -1105.956840       13.5875
BFGS:  131 20:49:41    -1106.777891       12.3483
BFGS:  132 20:49:41    -1107.382709       10.7764
BFGS:  133 20:49:41    -1107.971159        8.8866
BFGS:  134 20:49:42    -1108.398382        8.1728
BFGS:  135 20:49:42    -1108.940566        7.4123
BFGS:  136 20:49:42    -1109.510286        7.2871
BFGS:  137 20:49:42    -1109.964585        5.9307
BFGS:  138 20:49:42    -1110.224484        5.4075
BFGS:  139 20:49:42    -1110.415403        4.3098
BFGS:  140 20:49:42    -1110.539820        4.9797
BFGS:  141 20:49:42    -1110.649707        4.1190
BFGS:  142 20:49:42    -1110.719676        4.4492
BFGS:  143 20:49:42    -1110.786510        3.0816
BFGS:  144 20:49:42    -1110.846800        4.3621
BFGS:  145 20:49:42    -1110.932572        4.8489
BFGS:  146 20:49:42    -1111.052153        4.4996
BFGS:  147 20:49:42    -1111.180752        4.9288
BFGS:  148 20:49:42    -1111.313673        4.2407
BFGS:  149 20:49:42    -1111.430390        4.6419
BFGS:  150 20:49:42    -1111.504417        3.6266
BFGS:  151 20:49:42    -1111.550031        3.0059
BFGS:  152 20:49:42    -1111.578254        2.5418
BFGS:  153 20:49:42    -1111.616844        2.8747
BFGS:  154 20:49:42    -1111.640313        2.5964
BFGS:  155 20:49:42    -1111.663856        2.7557
BFGS:  156 20:49:42    -1111.679789        1.9960
BFGS:  157 20:49:42    -1111.693405        1.6028
BFGS:  158 20:49:42    -1111.702634        1.2581
BFGS:  159 20:49:42    -1111.707980        1.0349
BFGS:  160 20:49:42    -1111.714250        2.5067
BFGS:  161 20:49:42    -1111.717299        1.1287
BFGS:  162 20:49:42    -1111.724145        0.9773
BFGS:  163 20:49:42    -1111.731646        0.7343
BFGS:  164 20:49:42    -1111.737259        0.6855
BFGS:  165 20:49:42    -1111.742482        0.6976
BFGS:  166 20:49:42    -1111.746600        0.5196
BFGS:  167 20:49:42    -1111.749935        0.5949
BFGS:  168 20:49:42    -1111.752179        0.5169
BFGS:  169 20:49:42    -1111.753868        0.4120
BFGS:  170 20:49:42    -1111.755285        0.3857
BFGS:  171 20:49:43    -1111.756725        0.3334
BFGS:  172 20:49:43    -1111.758199        0.3048
BFGS:  173 20:49:43    -1111.759420        0.3190
BFGS:  174 20:49:43    -1111.760275        0.3034
BFGS:  175 20:49:43    -1111.759716        1.0450
BFGS:  176 20:49:43    -1111.760734        3.0127
BFGS:  177 20:49:43    -1111.722559        1.9539
BFGS:  178 20:49:43    -1111.759935        0.6299
BFGS:  179 20:49:43    -1111.761747        0.3200
BFGS:  180 20:49:43    -1111.761747        0.8975
BFGS:  181 20:49:43    -1111.762438        0.3062
BFGS:  182 20:49:43    -1111.762922        0.3447
BFGS:  183 20:49:43    -1111.763252        0.7415
BFGS:  184 20:49:43    -1111.763619        0.7039
BFGS:  185 20:49:43    -1111.763109        0.6142
BFGS:  186 20:49:43    -1111.763666        0.5495
BFGS:  187 20:49:43    -1111.763813        0.6928
BFGS:  188 20:49:43    -1111.764031        0.5146
BFGS:  189 20:49:43    -1111.764194        0.5028
BFGS:  190 20:49:43    -1111.757338        2.8176
BFGS:  191 20:49:43    -1111.762785        2.7774
BFGS:  192 20:49:43    -1111.757205        0.9568
BFGS:  193 20:49:43    -1111.763088        0.6517
BFGS:  194 20:49:43    -1111.757342        2.8086
BFGS:  195 20:49:43    -1111.763483        0.6774
BFGS:  196 20:49:43    -1111.761977        0.7547
BFGS:  197 20:49:43    -1111.764138        0.5790
BFGS:  198 20:49:43    -1111.757227        2.7310
BFGS:  199 20:49:43    -1111.762952        0.7267
BFGS:  200 20:49:43    -1111.761398        0.8248
BFGS:  201 20:49:43    -1111.764220        0.5885
BFGS:  202 20:49:43    -1111.757427        2.6816
BFGS:  203 20:49:43    -1111.762835        0.7316
BFGS:  204 20:49:43    -1111.760546        0.9031
BFGS:  205 20:49:43    -1111.764090        0.6163
BFGS:  206 20:49:43    -1111.757592        1.1472
BFGS:  207 20:49:43    -1111.762834        0.7286
BFGS:  208 20:49:44    -1111.759394        0.9910
BFGS:  209 20:49:44    -1111.763935        0.6481
BFGS:  210 20:49:44    -1111.757275        2.6852
BFGS:  211 20:49:44    -1111.762923        0.7147
BFGS:  212 20:49:44    -1111.759667        0.9927
BFGS:  213 20:49:44    -1111.763923        0.6554
BFGS:  214 20:49:44    -1111.757344        1.1726
BFGS:  215 20:49:44    -1111.762919        0.7137
BFGS:  216 20:49:44    -1111.759260        1.0250
BFGS:  217 20:49:44    -1111.763897        0.6674
BFGS:  218 20:49:44    -1111.757300        1.1826
BFGS:  219 20:49:44    -1111.762939        0.7096
BFGS:  220 20:49:44    -1111.759240        1.0343
BFGS:  221 20:49:44    -1111.763912        0.6727
BFGS:  222 20:49:44    -1111.757220        2.6666
BFGS:  223 20:49:44    -1111.762918        0.7100
BFGS:  224 20:49:44    -1111.758936        1.0715
BFGS:  225 20:49:44    -1111.763853        0.6829
BFGS:  226 20:49:44    -1111.757239        1.1824
BFGS:  227 20:49:44    -1111.762981        0.7024
BFGS:  228 20:49:44    -1111.759278        1.0511
BFGS:  229 20:49:44    -1111.763918        0.6807
BFGS:  230 20:49:44    -1111.757297        1.1807
BFGS:  231 20:49:44    -1111.762967        0.7024
BFGS:  232 20:49:44    -1111.759283        1.0536
BFGS:  233 20:49:44    -1111.763949        0.6822
BFGS:  234 20:49:44    -1111.757297        1.1799
BFGS:  235 20:49:44    -1111.762949        2.6697
BFGS:  236 20:49:44    -1111.756024        1.2286
BFGS:  237 20:49:44    -1111.763400        0.7393
BFGS:  238 20:49:44    -1111.757316        2.6586
BFGS:  239 20:49:44    -1111.763184        0.6755
BFGS:  240 20:49:44    -1111.759730        1.0331
BFGS:  241 20:49:44    -1111.763914        0.6853
BFGS:  242 20:49:44    -1111.757178        1.1860
BFGS:  243 20:49:44    -1111.762920        0.7032
BFGS:  244 20:49:44    -1111.759293        1.0642
BFGS:  245 20:49:45    -1111.763966        0.6840
BFGS:  246 20:49:45    -1111.757237        1.1819
BFGS:  247 20:49:45    -1111.762911        0.7028
BFGS:  248 20:49:45    -1111.759305        1.0651
BFGS:  249 20:49:45    -1111.763994        0.6846
BFGS:  250 20:49:45    -1111.757226        2.6298
BFGS:  251 20:49:45    -1111.762905        0.7026
BFGS:  252 20:49:45    -1111.759256        1.0775
BFGS:  253 20:49:45    -1111.763980        0.6887
BFGS:  254 20:49:45    -1111.757212        1.1828
BFGS:  255 20:49:45    -1111.762923        0.7003
BFGS:  256 20:49:45    -1111.759356        1.0711
BFGS:  257 20:49:45    -1111.764015        0.6875
BFGS:  258 20:49:45    -1111.757267        1.1784
BFGS:  259 20:49:45    -1111.762918        0.6996
BFGS:  260 20:49:45    -1111.759360        1.0704
BFGS:  261 20:49:45    -1111.764037        0.6879
BFGS:  262 20:49:45    -1111.757273        1.1769
BFGS:  263 20:49:45    -1111.762914        0.6992
BFGS:  264 20:49:45    -1111.759381        1.0708
BFGS:  265 20:49:45    -1111.764059        0.6881
BFGS:  266 20:49:45    -1111.757212        2.6198
BFGS:  267 20:49:45    -1111.762872        0.7035
BFGS:  268 20:49:45    -1111.758605        2.9820
BFGS:  269 20:49:45    -1111.763963        0.6984
BFGS:  270 20:49:45    -1111.757128        1.1832
BFGS:  271 20:49:45    -1111.762925        0.6957
BFGS:  272 20:49:45    -1111.759372        1.0699
BFGS:  273 20:49:45    -1111.764062        0.6897
BFGS:  274 20:49:45    -1111.757244        2.6151
BFGS:  275 20:49:45    -1111.762882        0.7017
BFGS:  276 20:49:45    -1111.758767        2.9764
BFGS:  277 20:49:45    -1111.763988        0.6972
BFGS:  278 20:49:45    -1111.757120        1.1819
BFGS:  279 20:49:45    -1111.762913        0.6958
BFGS:  280 20:49:45    -1111.759385        1.0707
BFGS:  281 20:49:46    -1111.764077        0.6901
BFGS:  282 20:49:46    -1111.757240        2.6128
BFGS:  283 20:49:46    -1111.762880        0.7012
BFGS:  284 20:49:46    -1111.758901        2.9717
BFGS:  285 20:49:46    -1111.764016        0.6960
BFGS:  286 20:49:46    -1111.757086        2.5876
BFGS:  287 20:49:46    -1111.762877        0.7004
BFGS:  288 20:49:46    -1111.759021        2.9652
BFGS:  289 20:49:46    -1111.764024        0.6946
BFGS:  290 20:49:46    -1111.757106        1.1790
BFGS:  291 20:49:46    -1111.762891        0.6961
BFGS:  292 20:49:46    -1111.759394        1.0709
BFGS:  293 20:49:46    -1111.764094        0.6904
BFGS:  294 20:49:46    -1111.757271        2.6065
BFGS:  295 20:49:46    -1111.762875        0.7004
BFGS:  296 20:49:46    -1111.759128        2.9618
BFGS:  297 20:49:46    -1111.764049        0.6941
BFGS:  298 20:49:46    -1111.757052        1.1830
BFGS:  299 20:49:46    -1111.762871        0.6973
BFGS:  300 20:49:46    -1111.759409        1.0726
BFGS:  301 20:49:46    -1111.764113        0.6902
BFGS:  302 20:49:46    -1111.757243        2.6047
BFGS:  303 20:49:46    -1111.762865        0.7003
BFGS:  304 20:49:46    -1111.759215        2.9584
BFGS:  305 20:49:46    -1111.764073        0.6934
BFGS:  306 20:49:46    -1111.756998        2.5829
BFGS:  307 20:49:46    -1111.762843        0.7015
BFGS:  308 20:49:46    -1111.759284        1.0929
BFGS:  309 20:49:46    -1111.764101        0.6939
BFGS:  310 20:49:46    -1111.757212        1.1770
BFGS:  311 20:49:46    -1111.762877        0.6962
BFGS:  312 20:49:46    -1111.759458        2.9556
BFGS:  313 20:49:46    -1111.764115        0.6900
BFGS:  314 20:49:46    -1111.756949        2.5781
BFGS:  315 20:49:46    -1111.762820        0.7020
BFGS:  316 20:49:46    -1111.759342        1.0869
BFGS:  317 20:49:46    -1111.764129        0.6924
BFGS:  318 20:49:47    -1111.757212        1.1748
BFGS:  319 20:49:47    -1111.762861        0.6965
BFGS:  320 20:49:47    -1111.759473        1.0798
BFGS:  321 20:49:47    -1111.764147        0.6920
BFGS:  322 20:49:47    -1111.757226        1.1730
BFGS:  323 20:49:47    -1111.762853        0.6964
BFGS:  324 20:49:47    -1111.759449        2.9552
BFGS:  325 20:49:47    -1111.764140        0.6904
BFGS:  326 20:49:47    -1111.756802        2.5782
BFGS:  327 20:49:47    -1111.762799        0.7023
BFGS:  328 20:49:47    -1111.759436        1.0823
BFGS:  329 20:49:47    -1111.764169        0.6909
BFGS:  330 20:49:47    -1111.757196        1.1740
BFGS:  331 20:49:47    -1111.762829        2.6436
BFGS:  332 20:49:47    -1111.758594        1.1139
BFGS:  333 20:49:47    -1111.764000        0.7018
BFGS:  334 20:49:47    -1111.757263        2.5943
BFGS:  335 20:49:47    -1111.762911        0.6916
BFGS:  336 20:49:47    -1111.759628        1.0741
BFGS:  337 20:49:47    -1111.764154        0.6920
BFGS:  338 20:49:47    -1111.757159        1.1775
BFGS:  339 20:49:47    -1111.762821        0.6979
BFGS:  340 20:49:47    -1111.759481        1.0823
BFGS:  341 20:49:47    -1111.764173        0.6919
BFGS:  342 20:49:47    -1111.757176        1.1745
BFGS:  343 20:49:47    -1111.762814        0.6974
BFGS:  344 20:49:47    -1111.759475        1.0816
BFGS:  345 20:49:47    -1111.764182        0.6920
BFGS:  346 20:49:47    -1111.757160        2.5906
BFGS:  347 20:49:47    -1111.762810        0.6997
BFGS:  348 20:49:47    -1111.759472        1.0918
BFGS:  349 20:49:47    -1111.764179        0.6935
BFGS:  350 20:49:47    -1111.757129        1.1792
BFGS:  351 20:49:47    -1111.762810        0.6976
BFGS:  352 20:49:47    -1111.759510        1.0843
BFGS:  353 20:49:47    -1111.764195        0.6926
BFGS:  354 20:49:47    -1111.757160        1.1745
BFGS:  355 20:49:48    -1111.762806        0.6969
BFGS:  356 20:49:48    -1111.759499        1.0826
BFGS:  357 20:49:48    -1111.764202        0.6927
BFGS:  358 20:49:48    -1111.757166        2.6682
BFGS:  359 20:49:48    -1111.762789        0.7006
BFGS:  360 20:49:48    -1111.759208        2.9550
BFGS:  361 20:49:48    -1111.764167        0.6948
BFGS:  362 20:49:48    -1111.757121        1.1723
BFGS:  363 20:49:48    -1111.762808        0.6952
BFGS:  364 20:49:48    -1111.759486        1.0789
BFGS:  365 20:49:48    -1111.764205        0.6929
BFGS:  366 20:49:48    -1111.757169        2.5844
BFGS:  367 20:49:48    -1111.762790        0.6994
BFGS:  368 20:49:48    -1111.759258        2.9532
BFGS:  369 20:49:48    -1111.764178        0.6945
BFGS:  370 20:49:48    -1111.757094        1.1730
BFGS:  371 20:49:48    -1111.762797        0.6955
BFGS:  372 20:49:48    -1111.759491        1.0785
BFGS:  373 20:49:48    -1111.764215        0.6928
BFGS:  374 20:49:48    -1111.757151        2.5841
BFGS:  375 20:49:48    -1111.762785        0.6991
BFGS:  376 20:49:48    -1111.759303        2.9515
BFGS:  377 20:49:48    -1111.764189        0.6942
BFGS:  378 20:49:48    -1111.757046        2.5701
BFGS:  379 20:49:48    -1111.762777        0.6993
BFGS:  380 20:49:48    -1111.759342        2.9492
BFGS:  381 20:49:48    -1111.764194        0.6933
BFGS:  382 20:49:48    -1111.757050        2.5680
BFGS:  383 20:49:48    -1111.762773        0.6992
BFGS:  384 20:49:48    -1111.759384        2.9468
BFGS:  385 20:49:48    -1111.764198        0.6929
BFGS:  386 20:49:48    -1111.757041        1.1736
BFGS:  387 20:49:48    -1111.762774        0.6962
BFGS:  388 20:49:48    -1111.759494        1.0775
BFGS:  389 20:49:48    -1111.764228        0.6925
BFGS:  390 20:49:48    -1111.757155        2.5810
BFGS:  391 20:49:48    -1111.762776        0.6985
BFGS:  392 20:49:49    -1111.759431        2.9449
BFGS:  393 20:49:49    -1111.764206        0.6933
BFGS:  394 20:49:49    -1111.756985        2.5678
BFGS:  395 20:49:49    -1111.762758        0.6999
BFGS:  396 20:49:49    -1111.759455        1.0913
BFGS:  397 20:49:49    -1111.764223        0.6943
BFGS:  398 20:49:49    -1111.757112        1.1747
BFGS:  399 20:49:49    -1111.762778        0.6962
BFGS:  400 20:49:49    -1111.759543        2.9451
BFGS:  401 20:49:49    -1111.764227        0.6916
BFGS:  402 20:49:49    -1111.756957        2.5640
BFGS:  403 20:49:49    -1111.762746        0.6999
BFGS:  404 20:49:49    -1111.759474        1.0876
BFGS:  405 20:49:49    -1111.764235        0.6935
BFGS:  406 20:49:49    -1111.757117        1.1728
BFGS:  407 20:49:49    -1111.762770        0.6961
BFGS:  408 20:49:49    -1111.759543        1.0840
BFGS:  409 20:49:49    -1111.764243        0.6936
BFGS:  410 20:49:49    -1111.757127        1.1715
BFGS:  411 20:49:49    -1111.762764        2.6318
BFGS:  412 20:49:49    -1111.759022        1.0967
BFGS:  413 20:49:49    -1111.764147        0.6961
BFGS:  414 20:49:49    -1111.757200        2.5759
BFGS:  415 20:49:49    -1111.762809        0.6943
BFGS:  416 20:49:49    -1111.759598        1.0814
BFGS:  417 20:49:49    -1111.764230        0.6935
BFGS:  418 20:49:49    -1111.757097        1.1743
BFGS:  419 20:49:49    -1111.762759        0.6967
BFGS:  420 20:49:49    -1111.759538        1.0851
BFGS:  421 20:49:49    -1111.764244        0.6935
BFGS:  422 20:49:49    -1111.757108        1.1723
BFGS:  423 20:49:49    -1111.762753        0.6963
BFGS:  424 20:49:49    -1111.759531        1.0846
BFGS:  425 20:49:49    -1111.764249        0.6936
BFGS:  426 20:49:49    -1111.757108        2.5773
BFGS:  427 20:49:49    -1111.762749        0.6987
BFGS:  428 20:49:50    -1111.759507        1.0946
BFGS:  429 20:49:50    -1111.764243        0.6951
BFGS:  430 20:49:50    -1111.757068        1.1771
BFGS:  431 20:49:50    -1111.762753        0.6967
BFGS:  432 20:49:50    -1111.759561        1.0869
BFGS:  433 20:49:50    -1111.764256        0.6939
BFGS:  434 20:49:50    -1111.757094        1.1731
BFGS:  435 20:49:50    -1111.762749        0.6962
BFGS:  436 20:49:50    -1111.759547        1.0854
BFGS:  437 20:49:50    -1111.764259        0.6939
BFGS:  438 20:49:50    -1111.757103        1.1713
BFGS:  439 20:49:50    -1111.762746        2.6299
BFGS:  440 20:49:50    -1111.759065        1.0972
BFGS:  441 20:49:50    -1111.764169        0.6963
BFGS:  442 20:49:50    -1111.757169        2.5722
BFGS:  443 20:49:50    -1111.762789        0.6944
BFGS:  444 20:49:50    -1111.759606        1.0817
BFGS:  445 20:49:50    -1111.764247        0.6936
BFGS:  446 20:49:50    -1111.757081        1.1735
BFGS:  447 20:49:50    -1111.762742        0.6967
BFGS:  448 20:49:50    -1111.759548        1.0855
BFGS:  449 20:49:50    -1111.764259        0.6937
BFGS:  450 20:49:50    -1111.757090        1.1719
BFGS:  451 20:49:50    -1111.762737        0.6963
BFGS:  452 20:49:50    -1111.759542        1.0851
BFGS:  453 20:49:50    -1111.764263        0.6938
BFGS:  454 20:49:50    -1111.757089        2.5730
BFGS:  455 20:49:50    -1111.762734        0.6984
BFGS:  456 20:49:50    -1111.759520        1.0943
BFGS:  457 20:49:50    -1111.764258        0.6951
BFGS:  458 20:49:50    -1111.757055        1.1763
BFGS:  459 20:49:50    -1111.762738        0.6966
BFGS:  460 20:49:50    -1111.759570        1.0874
BFGS:  461 20:49:50    -1111.764269        0.6942
BFGS:  462 20:49:50    -1111.757078        1.1728
BFGS:  463 20:49:50    -1111.762735        0.6962
BFGS:  464 20:49:50    -1111.759557        1.0859
BFGS:  465 20:49:51    -1111.764272        0.6941
BFGS:  466 20:49:51    -1111.757086        1.1711
BFGS:  467 20:49:51    -1111.762732        2.6279
BFGS:  468 20:49:51    -1111.759105        1.0974
BFGS:  469 20:49:51    -1111.764186        0.6965
BFGS:  470 20:49:51    -1111.757146        2.5697
BFGS:  471 20:49:51    -1111.762773        0.6944
BFGS:  472 20:49:51    -1111.759613        1.0819
BFGS:  473 20:49:51    -1111.764260        0.6936
BFGS:  474 20:49:51    -1111.757070        1.1727
BFGS:  475 20:49:51    -1111.762729        0.6966
BFGS:  476 20:49:51    -1111.759556        1.0859
BFGS:  477 20:49:51    -1111.764270        0.6939
BFGS:  478 20:49:51    -1111.757077        1.1714
BFGS:  479 20:49:51    -1111.762726        0.6962
BFGS:  480 20:49:51    -1111.759551        1.0855
BFGS:  481 20:49:51    -1111.764274        0.6940
BFGS:  482 20:49:51    -1111.757074        2.5710
BFGS:  483 20:49:51    -1111.762723        0.6982
BFGS:  484 20:49:51    -1111.759531        1.0939
BFGS:  485 20:49:51    -1111.764268        0.6952
BFGS:  486 20:49:51    -1111.757046        1.1754
BFGS:  487 20:49:51    -1111.762727        0.6966
BFGS:  488 20:49:51    -1111.759577        1.0877
BFGS:  489 20:49:51    -1111.764279        0.6943
BFGS:  490 20:49:51    -1111.757066        1.1724
BFGS:  491 20:49:51    -1111.762724        0.6961
BFGS:  492 20:49:51    -1111.759566        1.0863
BFGS:  493 20:49:51    -1111.764281        0.6943
BFGS:  494 20:49:51    -1111.757074        1.1708
BFGS:  495 20:49:51    -1111.762720        2.6267
BFGS:  496 20:49:51    -1111.759138        1.0974
BFGS:  497 20:49:51    -1111.764199        0.6965
BFGS:  498 20:49:51    -1111.757127        2.5680
BFGS:  499 20:49:51    -1111.762761        0.6945
