      Step     Time          Energy         fmax
BFGS:    0 20:48:58     -711.452147      251.9388
BFGS:    1 20:48:58     -773.035296      195.2883
BFGS:    2 20:48:58     -792.457477      185.9024
BFGS:    3 20:48:58     -805.532527      180.6973
BFGS:    4 20:48:58     -818.070730      172.8126
BFGS:    5 20:48:58     -836.899899      157.9454
BFGS:    6 20:48:58     -854.469823      144.4237
BFGS:    7 20:48:58     -870.974633      127.8799
BFGS:    8 20:48:58     -882.612425      119.6958
BFGS:    9 20:48:58     -896.549315      100.3380
BFGS:   10 20:48:58     -907.528450       95.0986
BFGS:   11 20:48:58     -916.561983       88.1923
BFGS:   12 20:48:58     -925.888288       80.4523
BFGS:   13 20:48:58     -935.491837       73.9727
BFGS:   14 20:48:58     -945.014913       68.1341
BFGS:   15 20:48:58     -954.126925       63.0566
BFGS:   16 20:48:58     -962.194543       59.7630
BFGS:   17 20:48:58     -970.778037       54.7389
BFGS:   18 20:48:58     -976.742516       51.1209
BFGS:   19 20:48:58     -980.853799       49.2665
BFGS:   20 20:48:58     -984.341669       47.3440
BFGS:   21 20:48:58     -987.406994       45.6919
BFGS:   22 20:48:58     -990.292149       44.0405
BFGS:   23 20:48:58     -993.037558       44.2555
BFGS:   24 20:48:59     -995.639216       42.8663
BFGS:   25 20:48:59     -998.261441       42.7982
BFGS:   26 20:48:59    -1000.948889       41.7629
BFGS:   27 20:48:59    -1003.775833       40.4887
BFGS:   28 20:48:59    -1006.688506       37.5193
BFGS:   29 20:48:59    -1009.946203       35.0307
BFGS:   30 20:48:59    -1013.405958       34.4289
BFGS:   31 20:48:59    -1016.778580       31.9841
BFGS:   32 20:48:59    -1019.846314       30.1710
BFGS:   33 20:48:59    -1022.892848       27.5496
BFGS:   34 20:48:59    -1025.510162       27.0933
BFGS:   35 20:48:59    -1027.626017       26.1714
BFGS:   36 20:48:59    -1029.474571       25.4105
BFGS:   37 20:48:59    -1031.114095       24.7097
BFGS:   38 20:48:59    -1032.627288       24.1029
BFGS:   39 20:48:59    -1034.058321       23.6287
BFGS:   40 20:48:59    -1035.396418       23.0384
BFGS:   41 20:48:59    -1036.660802       22.3974
BFGS:   42 20:48:59    -1037.857619       21.8334
BFGS:   43 20:48:59    -1039.000831       20.9729
BFGS:   44 20:48:59    -1040.118505       20.4638
BFGS:   45 20:48:59    -1041.206364       19.3909
BFGS:   46 20:48:59    -1042.270594       18.7930
BFGS:   47 20:48:59    -1043.301387       17.7599
BFGS:   48 20:48:59    -1044.299258       17.2001
BFGS:   49 20:49:00    -1045.264314       16.5424
BFGS:   50 20:49:00    -1046.176815       16.0831
BFGS:   51 20:49:00    -1047.207855       15.3809
BFGS:   52 20:49:00    -1048.259024       14.6983
BFGS:   53 20:49:00    -1049.382233       14.2087
BFGS:   54 20:49:00    -1050.559531       15.6443
BFGS:   55 20:49:00    -1051.760848       16.4274
BFGS:   56 20:49:00    -1052.919414       15.7038
BFGS:   57 20:49:00    -1054.185700       15.0860
BFGS:   58 20:49:00    -1055.425538       13.7466
BFGS:   59 20:49:00    -1056.678513       13.0278
BFGS:   60 20:49:00    -1057.970451       12.7236
BFGS:   61 20:49:00    -1059.341126       12.4844
BFGS:   62 20:49:00    -1060.683314       11.6330
BFGS:   63 20:49:00    -1061.989151       10.6971
BFGS:   64 20:49:00    -1063.059554        9.8264
BFGS:   65 20:49:00    -1063.970714        8.1853
BFGS:   66 20:49:00    -1064.731391        7.1650
BFGS:   67 20:49:00    -1065.366097        7.3947
BFGS:   68 20:49:00    -1065.939192        8.0149
BFGS:   69 20:49:00    -1066.490327        8.2089
BFGS:   70 20:49:00    -1066.851063        8.5581
BFGS:   71 20:49:00    -1067.287070        7.8326
BFGS:   72 20:49:00    -1067.645843        7.7190
BFGS:   73 20:49:00    -1068.111300        8.8046
BFGS:   74 20:49:00    -1068.588695       10.3634
BFGS:   75 20:49:00    -1069.118230       11.1341
BFGS:   76 20:49:01    -1069.629252       12.7769
BFGS:   77 20:49:01    -1070.274953       15.2058
BFGS:   78 20:49:01    -1070.964958       16.1823
BFGS:   79 20:49:01    -1071.709235       16.0520
BFGS:   80 20:49:01    -1072.489970       15.3545
BFGS:   81 20:49:01    -1073.301682       14.3503
BFGS:   82 20:49:01    -1074.122641       12.8986
BFGS:   83 20:49:01    -1074.868767       11.7282
BFGS:   84 20:49:01    -1075.509218       10.0089
BFGS:   85 20:49:01    -1076.036187        8.8908
BFGS:   86 20:49:01    -1076.566499        8.4056
BFGS:   87 20:49:01    -1077.115135        8.6487
BFGS:   88 20:49:01    -1077.670880        8.7821
BFGS:   89 20:49:01    -1078.189659        8.7946
BFGS:   90 20:49:01    -1078.613909        8.6844
BFGS:   91 20:49:01    -1078.942510        7.8992
BFGS:   92 20:49:01    -1079.195870        6.8774
BFGS:   93 20:49:01    -1079.436925        6.6686
BFGS:   94 20:49:01    -1079.675076        6.4254
BFGS:   95 20:49:01    -1079.929627        7.0416
BFGS:   96 20:49:01    -1080.139353        7.8466
BFGS:   97 20:49:01    -1080.382791        8.5460
BFGS:   98 20:49:01    -1080.681788        9.5518
BFGS:   99 20:49:01    -1080.989938        9.6696
BFGS:  100 20:49:01    -1081.320844       11.0001
BFGS:  101 20:49:01    -1081.564207       11.8051
BFGS:  102 20:49:01    -1081.889359       10.6746
BFGS:  103 20:49:02    -1082.289544       10.0272
BFGS:  104 20:49:02    -1082.550082        8.5376
BFGS:  105 20:49:02    -1082.874510        7.8157
BFGS:  106 20:49:02    -1083.229272        6.0515
BFGS:  107 20:49:02    -1083.486910        7.2653
BFGS:  108 20:49:02    -1083.790498        5.4801
BFGS:  109 20:49:02    -1084.103860        6.1219
BFGS:  110 20:49:02    -1084.439118        5.2206
BFGS:  111 20:49:02    -1084.780244        4.4762
BFGS:  112 20:49:02    -1085.054302        3.7049
BFGS:  113 20:49:02    -1085.313997        3.4612
BFGS:  114 20:49:02    -1085.466052        3.4187
BFGS:  115 20:49:02    -1085.554979        3.4958
BFGS:  116 20:49:02    -1085.656011        3.8960
BFGS:  117 20:49:02    -1085.746227        3.3669
BFGS:  118 20:49:02    -1085.837478        2.6894
BFGS:  119 20:49:02    -1085.950177        2.6460
BFGS:  120 20:49:02    -1085.996993        3.1779
BFGS:  121 20:49:02    -1086.047127        2.5628
BFGS:  122 20:49:02    -1086.055966        2.9954
BFGS:  123 20:49:02    -1086.092121        2.5425
BFGS:  124 20:49:02    -1086.092092        2.8673
BFGS:  125 20:49:02    -1086.125735        2.4600
BFGS:  126 20:49:02    -1086.147317        2.2245
BFGS:  127 20:49:02    -1086.161972        1.7887
BFGS:  128 20:49:02    -1086.150677        3.4419
BFGS:  129 20:49:02    -1086.184982        1.5728
BFGS:  130 20:49:03    -1086.191542        2.8464
BFGS:  131 20:49:03    -1086.198064        1.5386
BFGS:  132 20:49:03    -1086.205648        1.3784
BFGS:  133 20:49:03    -1086.215747        1.4838
BFGS:  134 20:49:03    -1086.224198        2.2214
BFGS:  135 20:49:03    -1086.245384        2.5025
BFGS:  136 20:49:03    -1086.273025        2.6227
BFGS:  137 20:49:03    -1086.298423        2.4897
BFGS:  138 20:49:03    -1086.316915        2.2110
BFGS:  139 20:49:03    -1086.328963        2.2303
BFGS:  140 20:49:03    -1086.340170        2.1240
BFGS:  141 20:49:03    -1086.355724        1.9777
BFGS:  142 20:49:03    -1086.363730        2.0488
BFGS:  143 20:49:03    -1086.387596        2.3776
BFGS:  144 20:49:03    -1086.412248        3.4472
BFGS:  145 20:49:03    -1086.409492        2.8795
BFGS:  146 20:49:03    -1086.473418        2.6240
BFGS:  147 20:49:03    -1086.491256        2.0829
BFGS:  148 20:49:03    -1086.502046        1.8258
BFGS:  149 20:49:03    -1086.524619        1.7498
BFGS:  150 20:49:03    -1086.551380        2.0664
BFGS:  151 20:49:03    -1086.574263        1.9205
BFGS:  152 20:49:03    -1086.599099        1.9095
BFGS:  153 20:49:03    -1086.627893        1.6040
BFGS:  154 20:49:03    -1086.646262        1.4256
BFGS:  155 20:49:03    -1086.651502        1.4280
BFGS:  156 20:49:03    -1086.651040        1.8184
BFGS:  157 20:49:03    -1086.656131        1.8628
BFGS:  158 20:49:04    -1086.654634        1.2549
BFGS:  159 20:49:04    -1086.659089        1.2909
BFGS:  160 20:49:04    -1086.657439        2.0801
BFGS:  161 20:49:04    -1086.663590        1.9603
BFGS:  162 20:49:04    -1086.653531        1.5306
BFGS:  163 20:49:04    -1086.662767        1.2929
BFGS:  164 20:49:04    -1086.662055        2.1683
BFGS:  165 20:49:04    -1086.669795        1.1241
BFGS:  166 20:49:04    -1086.672305        1.9562
BFGS:  167 20:49:04    -1086.679304        0.9930
BFGS:  168 20:49:04    -1086.688674        2.1770
BFGS:  169 20:49:04    -1086.692984        2.0106
BFGS:  170 20:49:04    -1086.699112        1.2788
BFGS:  171 20:49:04    -1086.701706        1.6173
BFGS:  172 20:49:04    -1086.699778        1.7838
BFGS:  173 20:49:04    -1086.704936        1.5064
BFGS:  174 20:49:04    -1086.706602        1.4045
BFGS:  175 20:49:04    -1086.709421        1.7634
BFGS:  176 20:49:04    -1086.713326        1.7662
BFGS:  177 20:49:04    -1086.722497        1.7599
BFGS:  178 20:49:04    -1086.725289        1.6912
BFGS:  179 20:49:04    -1086.727979        1.6959
BFGS:  180 20:49:04    -1086.728328        1.2621
BFGS:  181 20:49:04    -1086.729132        1.1603
BFGS:  182 20:49:04    -1086.729566        1.9069
BFGS:  183 20:49:04    -1086.729633        1.1022
BFGS:  184 20:49:04    -1086.729749        1.1063
BFGS:  185 20:49:05    -1086.729715        1.8625
BFGS:  186 20:49:05    -1086.729996        1.8599
BFGS:  187 20:49:05    -1086.729422        1.1378
BFGS:  188 20:49:05    -1086.729935        1.1310
BFGS:  189 20:49:05    -1086.729534        1.8717
BFGS:  190 20:49:05    -1086.730249        1.8596
BFGS:  191 20:49:05    -1086.728659        1.1715
BFGS:  192 20:49:05    -1086.729768        1.1442
BFGS:  193 20:49:05    -1086.729172        1.8867
BFGS:  194 20:49:05    -1086.730281        1.1215
BFGS:  195 20:49:05    -1086.730215        1.8672
BFGS:  196 20:49:05    -1086.730406        1.1153
BFGS:  197 20:49:05    -1086.730417        1.8641
BFGS:  198 20:49:05    -1086.730530        1.8660
BFGS:  199 20:49:05    -1086.730480        1.1049
BFGS:  200 20:49:05    -1086.730776        1.0940
BFGS:  201 20:49:05    -1086.730856        1.1151
BFGS:  202 20:49:05    -1086.730952        1.7851
BFGS:  203 20:49:05    -1086.731044        1.8150
BFGS:  204 20:49:05    -1086.731084        1.1499
BFGS:  205 20:49:05    -1086.731192        1.1702
BFGS:  206 20:49:05    -1086.730934        1.7183
BFGS:  207 20:49:05    -1086.731308        1.7573
BFGS:  208 20:49:05    -1086.730223        1.0890
BFGS:  209 20:49:05    -1086.731009        1.1684
BFGS:  210 20:49:05    -1086.730735        1.6820
BFGS:  211 20:49:05    -1086.731284        1.2122
BFGS:  212 20:49:05    -1086.731329        1.7378
BFGS:  213 20:49:06    -1086.731034        1.7085
BFGS:  214 20:49:06    -1086.731382        1.7322
BFGS:  215 20:49:06    -1086.729041        1.0574
BFGS:  216 20:49:06    -1086.730737        1.1648
BFGS:  217 20:49:06    -1086.730155        1.6526
BFGS:  218 20:49:06    -1086.731255        1.2164
BFGS:  219 20:49:06    -1086.731403        1.7286
BFGS:  220 20:49:06    -1086.730689        1.6872
BFGS:  221 20:49:06    -1086.731335        1.2455
BFGS:  222 20:49:06    -1086.728738        1.9137
BFGS:  223 20:49:06    -1086.730739        1.8015
BFGS:  224 20:49:06    -1086.730080        1.2991
BFGS:  225 20:49:06    -1086.731285        1.2170
BFGS:  226 20:49:06    -1086.731449        1.2383
BFGS:  227 20:49:06    -1086.730439        1.6798
BFGS:  228 20:49:06    -1086.731327        1.7203
BFGS:  229 20:49:06    -1086.728916        1.0831
BFGS:  230 20:49:06    -1086.730790        1.1794
BFGS:  231 20:49:06    -1086.730147        1.6707
BFGS:  232 20:49:06    -1086.731320        1.2186
BFGS:  233 20:49:06    -1086.731481        1.2369
BFGS:  234 20:49:06    -1086.730495        1.6880
BFGS:  235 20:49:06    -1086.731364        1.7234
BFGS:  236 20:49:06    -1086.728931        1.0959
BFGS:  237 20:49:06    -1086.730817        1.1821
BFGS:  238 20:49:06    -1086.730242        1.6807
BFGS:  239 20:49:06    -1086.731341        1.2171
BFGS:  240 20:49:07    -1086.731496        1.7344
BFGS:  241 20:49:07    -1086.730705        1.2671
BFGS:  242 20:49:07    -1086.731460        1.2395
BFGS:  243 20:49:07    -1086.729206        1.8713
BFGS:  244 20:49:07    -1086.730907        1.1823
BFGS:  245 20:49:07    -1086.730469        1.6865
BFGS:  246 20:49:07    -1086.731369        1.7553
BFGS:  247 20:49:07    -1086.731504        1.2297
BFGS:  248 20:49:07    -1086.730619        1.6935
BFGS:  249 20:49:07    -1086.731525        1.7291
BFGS:  250 20:49:07    -1086.729277        1.1074
BFGS:  251 20:49:07    -1086.730943        1.1838
BFGS:  252 20:49:07    -1086.730666        1.6964
BFGS:  253 20:49:07    -1086.731383        1.2137
BFGS:  254 20:49:07    -1086.731517        1.2279
BFGS:  255 20:49:07    -1086.730886        1.7047
BFGS:  256 20:49:07    -1086.731563        1.7336
BFGS:  257 20:49:07    -1086.731532        1.7298
BFGS:  258 20:49:07    -1086.731573        1.2349
BFGS:  259 20:49:07    -1086.731579        1.2350
BFGS:  260 20:49:07    -1086.731061        1.7140
BFGS:  261 20:49:07    -1086.731477        1.7285
BFGS:  262 20:49:07    -1086.730374        1.1965
BFGS:  263 20:49:07    -1086.731285        1.2232
BFGS:  264 20:49:07    -1086.730916        1.7161
BFGS:  265 20:49:07    -1086.731561        1.2332
BFGS:  266 20:49:07    -1086.731537        1.7313
BFGS:  267 20:49:08    -1086.731582        1.7345
BFGS:  268 20:49:08    -1086.731588        1.2332
BFGS:  269 20:49:08    -1086.731605        1.7360
BFGS:  270 20:49:08    -1086.731596        1.7319
BFGS:  271 20:49:08    -1086.731616        1.2333
BFGS:  272 20:49:08    -1086.731625        1.2339
BFGS:  273 20:49:08    -1086.731474        1.7258
BFGS:  274 20:49:08    -1086.731601        1.7308
BFGS:  275 20:49:08    -1086.731414        1.2238
BFGS:  276 20:49:08    -1086.731593        1.2317
BFGS:  277 20:49:08    -1086.731510        1.7281
BFGS:  278 20:49:08    -1086.731641        1.7334
BFGS:  279 20:49:08    -1086.731649        1.7335
BFGS:  280 20:49:08    -1086.731587        1.2341
BFGS:  281 20:49:08    -1086.731659        1.2335
BFGS:  282 20:49:08    -1086.731661        1.7317
BFGS:  283 20:49:08    -1086.731661        1.7318
BFGS:  284 20:49:08    -1086.731661        1.2335
BFGS:  285 20:49:08    -1086.731666        1.2346
BFGS:  286 20:49:08    -1086.731576        1.7268
BFGS:  287 20:49:08    -1086.731646        1.7317
BFGS:  288 20:49:08    -1086.731517        1.2236
BFGS:  289 20:49:08    -1086.731633        1.2318
BFGS:  290 20:49:08    -1086.731534        1.7265
BFGS:  291 20:49:08    -1086.731660        1.7325
BFGS:  292 20:49:08    -1086.731407        1.2243
BFGS:  293 20:49:08    -1086.731594        1.2320
BFGS:  294 20:49:08    -1086.731437        1.7263
BFGS:  295 20:49:09    -1086.731664        1.7320
BFGS:  296 20:49:09    -1086.731270        1.2267
BFGS:  297 20:49:09    -1086.731552        1.2332
BFGS:  298 20:49:09    -1086.731345        1.7273
BFGS:  299 20:49:09    -1086.731671        1.7314
BFGS:  300 20:49:09    -1086.731109        1.2305
BFGS:  301 20:49:09    -1086.731508        1.2346
BFGS:  302 20:49:09    -1086.731298        1.7283
BFGS:  303 20:49:09    -1086.731661        1.2367
BFGS:  304 20:49:09    -1086.731589        1.7311
BFGS:  305 20:49:09    -1086.731653        1.7315
BFGS:  306 20:49:09    -1086.730909        1.2355
BFGS:  307 20:49:09    -1086.731455        1.2364
BFGS:  308 20:49:09    -1086.731131        1.7312
BFGS:  309 20:49:09    -1086.731664        1.2368
BFGS:  310 20:49:09    -1086.731547        1.7319
BFGS:  311 20:49:09    -1086.731635        1.7318
BFGS:  312 20:49:09    -1086.730676        1.2420
BFGS:  313 20:49:09    -1086.731391        1.2390
BFGS:  314 20:49:09    -1086.730904        1.7364
BFGS:  315 20:49:09    -1086.731670        1.7350
BFGS:  316 20:49:09    -1086.730432        1.2498
BFGS:  317 20:49:09    -1086.731315        1.2421
BFGS:  318 20:49:09    -1086.730827        1.7384
BFGS:  319 20:49:09    -1086.731653        1.2380
BFGS:  320 20:49:09    -1086.731485        1.7330
BFGS:  321 20:49:09    -1086.731624        1.7315
BFGS:  322 20:49:10    -1086.730167        1.2587
BFGS:  323 20:49:10    -1086.731255        1.2450
BFGS:  324 20:49:10    -1086.730608        1.7439
BFGS:  325 20:49:10    -1086.731660        1.2379
BFGS:  326 20:49:10    -1086.731426        1.7346
BFGS:  327 20:49:10    -1086.731597        1.7321
BFGS:  328 20:49:10    -1086.729862        1.2690
BFGS:  329 20:49:10    -1086.731174        1.2490
BFGS:  330 20:49:10    -1086.730308        1.7521
BFGS:  331 20:49:10    -1086.731668        1.7302
BFGS:  332 20:49:10    -1086.729560        1.2801
BFGS:  333 20:49:10    -1086.731071        1.2537
BFGS:  334 20:49:10    -1086.730223        1.7551
BFGS:  335 20:49:10    -1086.731646        1.2392
BFGS:  336 20:49:10    -1086.731348        1.7366
BFGS:  337 20:49:10    -1086.731583        1.7321
BFGS:  338 20:49:10    -1086.729218        1.2926
BFGS:  339 20:49:10    -1086.731005        1.2574
BFGS:  340 20:49:10    -1086.729959        1.7625
BFGS:  341 20:49:10    -1086.731657        1.2389
BFGS:  342 20:49:10    -1086.731274        1.7390
BFGS:  343 20:49:10    -1086.731547        1.7332
BFGS:  344 20:49:10    -1086.728848        1.3062
BFGS:  345 20:49:10    -1086.730915        1.2619
BFGS:  346 20:49:10    -1086.729683        1.7711
BFGS:  347 20:49:10    -1086.731664        1.2386
BFGS:  348 20:49:10    -1086.731202        1.7416
BFGS:  349 20:49:10    -1086.731516        1.7343
BFGS:  350 20:49:11    -1086.728455        1.3210
BFGS:  351 20:49:11    -1086.730818        1.2668
BFGS:  352 20:49:11    -1086.729392        1.7803
BFGS:  353 20:49:11    -1086.731665        1.7294
BFGS:  354 20:49:11    -1086.728104        1.3350
BFGS:  355 20:49:11    -1086.730665        1.2742
BFGS:  356 20:49:11    -1086.729186        1.7869
BFGS:  357 20:49:11    -1086.731642        1.2403
BFGS:  358 20:49:11    -1086.731105        1.7446
BFGS:  359 20:49:11    -1086.731502        1.7343
BFGS:  360 20:49:11    -1086.727685        1.3515
BFGS:  361 20:49:11    -1086.730607        1.2782
BFGS:  362 20:49:11    -1086.728867        1.7967
BFGS:  363 20:49:11    -1086.731662        1.2394
BFGS:  364 20:49:11    -1086.731009        1.7481
BFGS:  365 20:49:11    -1086.731450        1.7362
BFGS:  366 20:49:11    -1086.727239        1.3688
BFGS:  367 20:49:11    -1086.730504        1.2838
BFGS:  368 20:49:11    -1086.728542        1.8077
BFGS:  369 20:49:11    -1086.731657        1.7289
BFGS:  370 20:49:11    -1086.726839        1.3852
BFGS:  371 20:49:11    -1086.730318        1.2931
BFGS:  372 20:49:11    -1086.728314        1.8155
BFGS:  373 20:49:11    -1086.731638        1.2413
BFGS:  374 20:49:11    -1086.730901        1.7519
BFGS:  375 20:49:11    -1086.731436        1.7363
BFGS:  376 20:49:11    -1086.726379        1.4040
BFGS:  377 20:49:12    -1086.730271        1.2968
BFGS:  378 20:49:12    -1086.727964        1.8267
BFGS:  379 20:49:12    -1086.731664        1.7264
BFGS:  380 20:49:12    -1086.725971        1.4211
BFGS:  381 20:49:12    -1086.730075        1.3069
BFGS:  382 20:49:12    -1086.727725        1.8353
BFGS:  383 20:49:12    -1086.731629        1.2425
BFGS:  384 20:49:12    -1086.730769        1.7566
BFGS:  385 20:49:12    -1086.731398        1.7373
BFGS:  386 20:49:12    -1086.725478        1.4412
BFGS:  387 20:49:12    -1086.730037        1.3103
BFGS:  388 20:49:12    -1086.727360        1.8471
BFGS:  389 20:49:12    -1086.731661        1.2408
BFGS:  390 20:49:12    -1086.730650        1.7613
BFGS:  391 20:49:12    -1086.731327        1.7401
BFGS:  392 20:49:12    -1086.724972        1.4615
BFGS:  393 20:49:12    -1086.729926        1.3166
BFGS:  394 20:49:12    -1086.726994        1.8602
BFGS:  395 20:49:12    -1086.731643        1.7281
BFGS:  396 20:49:12    -1086.724506        1.4811
BFGS:  397 20:49:12    -1086.729686        1.3290
BFGS:  398 20:49:12    -1086.726740        1.8698
BFGS:  399 20:49:12    -1086.731630        1.2429
BFGS:  400 20:49:12    -1086.730531        1.7659
BFGS:  401 20:49:12    -1086.731314        1.7404
BFGS:  402 20:49:12    -1086.724011        1.5021
BFGS:  403 20:49:12    -1086.729669        1.3315
BFGS:  404 20:49:12    -1086.726355        1.8824
BFGS:  405 20:49:13    -1086.731647        1.7274
BFGS:  406 20:49:13    -1086.723527        1.5224
BFGS:  407 20:49:13    -1086.729419        1.3446
BFGS:  408 20:49:13    -1086.726094        1.8925
BFGS:  409 20:49:13    -1086.731623        1.2438
BFGS:  410 20:49:13    -1086.730382        1.7718
BFGS:  411 20:49:13    -1086.731268        1.7420
BFGS:  412 20:49:13    -1086.723027        1.5437
BFGS:  413 20:49:13    -1086.729419        1.3464
BFGS:  414 20:49:13    -1086.725700        1.9056
BFGS:  415 20:49:13    -1086.731643        1.7270
BFGS:  416 20:49:13    -1086.722528        1.5647
BFGS:  417 20:49:13    -1086.729150        1.3604
BFGS:  418 20:49:13    -1086.725434        1.9162
BFGS:  419 20:49:13    -1086.731620        1.2444
BFGS:  420 20:49:13    -1086.730226        1.7780
BFGS:  421 20:49:13    -1086.731217        1.7438
BFGS:  422 20:49:13    -1086.722027        1.5862
BFGS:  423 20:49:13    -1086.729167        1.3614
BFGS:  424 20:49:13    -1086.725032        1.9295
BFGS:  425 20:49:13    -1086.731635        1.7268
BFGS:  426 20:49:13    -1086.721515        1.6079
BFGS:  427 20:49:13    -1086.728880        1.3764
BFGS:  428 20:49:13    -1086.724762        1.9405
BFGS:  429 20:49:13    -1086.731618        1.2448
BFGS:  430 20:49:13    -1086.730065        1.7847
BFGS:  431 20:49:13    -1086.731162        1.7459
BFGS:  432 20:49:14    -1086.721018        1.6293
BFGS:  433 20:49:14    -1086.728915        1.3765
BFGS:  434 20:49:14    -1086.724356        1.9541
BFGS:  435 20:49:14    -1086.731624        1.7269
BFGS:  436 20:49:14    -1086.720495        1.6515
BFGS:  437 20:49:14    -1086.728610        1.3925
BFGS:  438 20:49:14    -1086.724083        1.9654
BFGS:  439 20:49:14    -1086.731619        1.2450
BFGS:  440 20:49:14    -1086.729899        1.7917
BFGS:  441 20:49:14    -1086.731103        1.7483
BFGS:  442 20:49:14    -1086.720004        1.6728
BFGS:  443 20:49:14    -1086.728664        1.3916
BFGS:  444 20:49:14    -1086.723675        1.9791
BFGS:  445 20:49:14    -1086.731609        1.7273
BFGS:  446 20:49:14    -1086.719475        1.6954
BFGS:  447 20:49:14    -1086.728343        1.4085
BFGS:  448 20:49:14    -1086.723400        1.9906
BFGS:  449 20:49:14    -1086.731623        1.2449
BFGS:  450 20:49:14    -1086.729730        1.7991
BFGS:  451 20:49:14    -1086.731040        1.7510
BFGS:  452 20:49:14    -1086.718993        1.7163
BFGS:  453 20:49:14    -1086.728417        1.4066
BFGS:  454 20:49:14    -1086.722992        2.0045
BFGS:  455 20:49:14    -1086.731590        1.7279
BFGS:  456 20:49:14    -1086.718460        1.7392
BFGS:  457 20:49:14    -1086.728079        1.4243
BFGS:  458 20:49:14    -1086.722716        2.0162
BFGS:  459 20:49:14    -1086.731630        1.2445
BFGS:  460 20:49:15    -1086.729557        1.8067
BFGS:  461 20:49:15    -1086.730974        1.7539
BFGS:  462 20:49:15    -1086.717988        1.7598
BFGS:  463 20:49:15    -1086.728173        1.4214
BFGS:  464 20:49:15    -1086.722308        2.0302
BFGS:  465 20:49:15    -1086.731568        1.7287
BFGS:  466 20:49:15    -1086.717454        1.7828
BFGS:  467 20:49:15    -1086.727820        1.4399
BFGS:  468 20:49:15    -1086.722032        2.0419
BFGS:  469 20:49:15    -1086.731639        1.2439
BFGS:  470 20:49:15    -1086.729381        1.8145
BFGS:  471 20:49:15    -1086.730904        1.7570
BFGS:  472 20:49:15    -1086.716995        1.8029
BFGS:  473 20:49:15    -1086.727935        1.4359
BFGS:  474 20:49:15    -1086.721628        2.0559
BFGS:  475 20:49:15    -1086.731542        1.7298
BFGS:  476 20:49:15    -1086.716462        1.8259
BFGS:  477 20:49:15    -1086.727566        1.4552
BFGS:  478 20:49:15    -1086.721352        2.0678
BFGS:  479 20:49:15    -1086.731649        1.7252
BFGS:  480 20:49:15    -1086.715995        1.8469
BFGS:  481 20:49:15    -1086.727397        1.4651
BFGS:  482 20:49:15    -1086.721065        2.0785
BFGS:  483 20:49:15    -1086.731632        1.2446
BFGS:  484 20:49:15    -1086.729153        1.8247
BFGS:  485 20:49:15    -1086.730830        1.7602
BFGS:  486 20:49:15    -1086.715570        1.8654
BFGS:  487 20:49:16    -1086.727580        1.4577
BFGS:  488 20:49:16    -1086.720670        2.0921
BFGS:  489 20:49:16    -1086.731520        1.7304
BFGS:  490 20:49:16    -1086.715048        1.8881
BFGS:  491 20:49:16    -1086.727195        1.4779
BFGS:  492 20:49:16    -1086.720397        2.1038
BFGS:  493 20:49:16    -1086.731631        1.7252
BFGS:  494 20:49:16    -1086.714610        1.9082
BFGS:  495 20:49:16    -1086.727032        1.4875
BFGS:  496 20:49:16    -1086.720112        2.1145
BFGS:  497 20:49:16    -1086.731642        1.2440
BFGS:  498 20:49:16    -1086.728912        1.8356
BFGS:  499 20:49:16    -1086.730736        1.7644
