      Step     Time          Energy         fmax
BFGS:    0 20:43:15     -817.566092      188.0604
BFGS:    1 20:43:15     -845.267858      159.6833
BFGS:    2 20:43:15     -867.904892      150.8876
BFGS:    3 20:43:15     -888.775281      134.5992
BFGS:    4 20:43:15     -904.468963      126.8012
BFGS:    5 20:43:15     -917.184815      114.9444
BFGS:    6 20:43:15     -926.905164      109.0092
BFGS:    7 20:43:15     -937.896584       99.1471
BFGS:    8 20:43:16     -948.419736       93.0425
BFGS:    9 20:43:16     -956.082366       85.8066
BFGS:   10 20:43:16     -961.851759       81.5234
BFGS:   11 20:43:16     -967.691947       75.8000
BFGS:   12 20:43:16     -974.033640       69.5772
BFGS:   13 20:43:16     -978.882325       65.1517
BFGS:   14 20:43:16     -983.475949       61.8615
BFGS:   15 20:43:16     -987.321821       58.4333
BFGS:   16 20:43:16     -990.393055       56.1241
BFGS:   17 20:43:16     -994.159039       54.8886
BFGS:   18 20:43:16     -997.247225       50.4130
BFGS:   19 20:43:16    -1000.603161       48.6143
BFGS:   20 20:43:16    -1003.350683       47.0116
BFGS:   21 20:43:16    -1005.922279       46.1965
BFGS:   22 20:43:16    -1008.396538       45.8410
BFGS:   23 20:43:16    -1010.830529       45.7310
BFGS:   24 20:43:16    -1013.533852       45.6137
BFGS:   25 20:43:16    -1016.471645       44.7453
BFGS:   26 20:43:16    -1019.482272       44.7818
BFGS:   27 20:43:16    -1022.033376       43.9735
BFGS:   28 20:43:16    -1024.531418       43.8061
BFGS:   29 20:43:16    -1026.812313       44.8153
BFGS:   30 20:43:16    -1029.047314       46.1571
BFGS:   31 20:43:16    -1031.129779       45.5516
BFGS:   32 20:43:16    -1033.163694       44.9558
BFGS:   33 20:43:17    -1035.179451       44.2760
BFGS:   34 20:43:17    -1037.183281       43.4929
BFGS:   35 20:43:17    -1039.194824       42.5442
BFGS:   36 20:43:17    -1041.222337       41.3573
BFGS:   37 20:43:17    -1043.229614       39.9260
BFGS:   38 20:43:17    -1045.254793       38.2555
BFGS:   39 20:43:17    -1047.310030       37.3365
BFGS:   40 20:43:17    -1049.417255       36.1585
BFGS:   41 20:43:17    -1051.574171       34.5055
BFGS:   42 20:43:17    -1053.727095       32.1658
BFGS:   43 20:43:17    -1055.898111       29.3491
BFGS:   44 20:43:17    -1057.863040       26.7148
BFGS:   45 20:43:17    -1059.833713       24.8332
BFGS:   46 20:43:17    -1061.839471       22.8925
BFGS:   47 20:43:17    -1063.607554       21.7210
BFGS:   48 20:43:17    -1065.154648       19.9262
BFGS:   49 20:43:17    -1066.463741       18.8152
BFGS:   50 20:43:17    -1067.621915       17.9606
BFGS:   51 20:43:17    -1068.648345       16.5028
BFGS:   52 20:43:17    -1069.588381       16.2010
BFGS:   53 20:43:17    -1070.469534       14.8550
BFGS:   54 20:43:17    -1071.287231       14.3917
BFGS:   55 20:43:17    -1072.079128       14.1406
BFGS:   56 20:43:17    -1072.836449       14.0667
BFGS:   57 20:43:17    -1073.577058       13.8364
BFGS:   58 20:43:17    -1074.286495       13.7040
BFGS:   59 20:43:17    -1074.970634       13.3417
BFGS:   60 20:43:18    -1075.612216       13.0433
BFGS:   61 20:43:18    -1076.219479       12.5852
BFGS:   62 20:43:18    -1076.780349       12.0293
BFGS:   63 20:43:18    -1077.312571       11.5861
BFGS:   64 20:43:18    -1077.773026       10.8745
BFGS:   65 20:43:18    -1078.183324       10.6119
BFGS:   66 20:43:18    -1078.568310       10.0368
BFGS:   67 20:43:18    -1078.936414        9.7989
BFGS:   68 20:43:18    -1079.296036        9.3454
BFGS:   69 20:43:18    -1079.646946        8.9816
BFGS:   70 20:43:18    -1079.987210        8.4498
BFGS:   71 20:43:18    -1080.317181        7.7965
BFGS:   72 20:43:18    -1080.635888        6.8722
BFGS:   73 20:43:18    -1080.942338        6.0721
BFGS:   74 20:43:18    -1081.215046        4.7805
BFGS:   75 20:43:18    -1081.413272        4.4421
BFGS:   76 20:43:18    -1081.621803        3.8314
BFGS:   77 20:43:18    -1081.821172        3.6051
BFGS:   78 20:43:18    -1082.041479        3.8003
BFGS:   79 20:43:18    -1082.278120        4.7318
BFGS:   80 20:43:18    -1082.504540        5.9586
BFGS:   81 20:43:18    -1082.726040        6.7646
BFGS:   82 20:43:18    -1082.937978        8.1694
BFGS:   83 20:43:18    -1083.157558        9.2818
BFGS:   84 20:43:18    -1083.393755       10.2750
BFGS:   85 20:43:18    -1083.656212       10.8894
BFGS:   86 20:43:18    -1083.967180       10.9566
BFGS:   87 20:43:18    -1084.303901       11.2012
BFGS:   88 20:43:18    -1084.695617       11.5643
BFGS:   89 20:43:19    -1085.095169       11.4846
BFGS:   90 20:43:19    -1085.604057       10.7761
BFGS:   91 20:43:19    -1085.992532        9.8138
BFGS:   92 20:43:19    -1086.548561        7.7464
BFGS:   93 20:43:19    -1087.021260        5.8127
BFGS:   94 20:43:19    -1087.498348        4.3877
BFGS:   95 20:43:19    -1087.779869        5.8726
BFGS:   96 20:43:19    -1088.011880        4.0226
BFGS:   97 20:43:19    -1088.169622        4.1030
BFGS:   98 20:43:19    -1088.346207        4.8634
BFGS:   99 20:43:19    -1088.543804        6.0748
BFGS:  100 20:43:19    -1088.888747        7.4474
BFGS:  101 20:43:19    -1089.221759        7.5473
BFGS:  102 20:43:19    -1089.583226        6.9675
BFGS:  103 20:43:19    -1089.968596        7.7183
BFGS:  104 20:43:19    -1090.411039        8.4131
BFGS:  105 20:43:19    -1091.055347        8.7959
BFGS:  106 20:43:19    -1091.638972        7.5146
BFGS:  107 20:43:19    -1092.098568        6.3833
BFGS:  108 20:43:19    -1092.526206        5.7927
BFGS:  109 20:43:19    -1092.923484        5.8746
BFGS:  110 20:43:19    -1093.296146        5.8636
BFGS:  111 20:43:19    -1093.639407        4.3928
BFGS:  112 20:43:19    -1093.973904        4.2142
BFGS:  113 20:43:19    -1094.135100        3.3936
BFGS:  114 20:43:19    -1094.263822        2.2779
BFGS:  115 20:43:19    -1094.317432        1.3918
BFGS:  116 20:43:19    -1094.349844        1.0976
BFGS:  117 20:43:19    -1094.368238        1.0493
BFGS:  118 20:43:19    -1094.381327        1.0060
BFGS:  119 20:43:20    -1094.395490        1.3422
BFGS:  120 20:43:20    -1094.404665        1.3023
BFGS:  121 20:43:20    -1094.428358        1.7038
BFGS:  122 20:43:20    -1094.461355        2.2106
BFGS:  123 20:43:20    -1094.497924        1.6518
BFGS:  124 20:43:20    -1094.548426        1.2801
BFGS:  125 20:43:20    -1094.584807        1.9397
BFGS:  126 20:43:20    -1094.600932        1.3017
BFGS:  127 20:43:20    -1094.613811        1.3122
BFGS:  128 20:43:20    -1094.624102        0.8823
BFGS:  129 20:43:20    -1094.628850        0.8417
BFGS:  130 20:43:20    -1094.634623        0.7531
BFGS:  131 20:43:20    -1094.639471        0.7875
BFGS:  132 20:43:20    -1094.645399        0.7023
BFGS:  133 20:43:20    -1094.649084        0.3835
BFGS:  134 20:43:20    -1094.651137        0.2593
BFGS:  135 20:43:20    -1094.652448        0.2496
BFGS:  136 20:43:20    -1094.653375        0.2149
BFGS:  137 20:43:20    -1094.654071        0.2061
BFGS:  138 20:43:20    -1094.654548        0.1937
BFGS:  139 20:43:20    -1094.655147        0.2442
BFGS:  140 20:43:20    -1094.655513        0.2189
BFGS:  141 20:43:20    -1094.656031        0.2380
BFGS:  142 20:43:20    -1094.656332        0.2504
BFGS:  143 20:43:20    -1094.657165        0.2485
BFGS:  144 20:43:20    -1094.657662        0.2117
BFGS:  145 20:43:20    -1094.658034        0.1468
BFGS:  146 20:43:20    -1094.658202        0.1201
BFGS:  147 20:43:20    -1094.658373        0.1132
BFGS:  148 20:43:21    -1094.658555        0.1012
BFGS:  149 20:43:21    -1094.658744        0.0997
