      Step     Time          Energy         fmax
BFGS:    0 20:47:50     -684.798895      229.4024
BFGS:    1 20:47:50     -740.576965      201.1062
BFGS:    2 20:47:50     -775.516936      197.8804
BFGS:    3 20:47:50     -797.940388      175.1934
BFGS:    4 20:47:50     -816.270282      167.7224
BFGS:    5 20:47:50     -831.688986      152.3404
BFGS:    6 20:47:50     -846.396096      140.4221
BFGS:    7 20:47:50     -859.327155      124.0691
BFGS:    8 20:47:50     -870.046580      117.3597
BFGS:    9 20:47:50     -879.387520      107.6051
BFGS:   10 20:47:50     -888.791514       98.9417
BFGS:   11 20:47:50     -899.056317       91.7554
BFGS:   12 20:47:50     -907.387611       84.8625
BFGS:   13 20:47:50     -913.967151       78.3207
BFGS:   14 20:47:50     -919.292919       74.1924
BFGS:   15 20:47:50     -924.673499       69.6712
BFGS:   16 20:47:50     -929.021409       66.7444
BFGS:   17 20:47:50     -934.189863       63.1525
BFGS:   18 20:47:50     -939.235713       60.6547
BFGS:   19 20:47:50     -943.131829       59.8475
BFGS:   20 20:47:50     -946.043517       60.0004
BFGS:   21 20:47:50     -948.838083       59.9894
BFGS:   22 20:47:51     -951.468005       58.5786
BFGS:   23 20:47:51     -954.254872       58.1486
BFGS:   24 20:47:51     -956.796404       54.3375
BFGS:   25 20:47:51     -959.253233       53.2492
BFGS:   26 20:47:51     -961.603737       51.1239
BFGS:   27 20:47:51     -963.809136       49.4263
BFGS:   28 20:47:51     -966.027116       47.6836
BFGS:   29 20:47:51     -968.236115       46.0906
BFGS:   30 20:47:51     -970.382749       44.2893
BFGS:   31 20:47:51     -972.437174       42.8880
BFGS:   32 20:47:51     -974.360390       41.6580
BFGS:   33 20:47:51     -976.263210       40.4729
BFGS:   34 20:47:51     -978.197684       39.2311
BFGS:   35 20:47:51     -980.065109       37.9029
BFGS:   36 20:47:51     -981.700094       37.3194
BFGS:   37 20:47:51     -983.694577       37.6747
BFGS:   38 20:47:51     -985.359131       37.6977
BFGS:   39 20:47:51     -987.080690       38.0318
BFGS:   40 20:47:51     -988.594876       38.1426
BFGS:   41 20:47:51     -990.013109       38.4969
BFGS:   42 20:47:51     -991.469267       38.2668
BFGS:   43 20:47:51     -992.973711       37.9687
BFGS:   44 20:47:51     -994.553705       37.7370
BFGS:   45 20:47:52     -996.216807       37.3465
BFGS:   46 20:47:52     -997.953508       37.0326
BFGS:   47 20:47:52     -999.734223       36.4565
BFGS:   48 20:47:52    -1001.544810       35.8392
BFGS:   49 20:47:52    -1003.375062       35.2147
BFGS:   50 20:47:52    -1005.226322       34.3993
BFGS:   51 20:47:52    -1007.108506       33.4893
BFGS:   52 20:47:52    -1009.036972       32.4451
BFGS:   53 20:47:52    -1010.997167       30.9893
BFGS:   54 20:47:52    -1012.992111       30.5044
BFGS:   55 20:47:52    -1014.986072       31.2301
BFGS:   56 20:47:52    -1016.985515       31.9353
BFGS:   57 20:47:52    -1018.911511       32.4464
BFGS:   58 20:47:52    -1020.747091       33.1818
BFGS:   59 20:47:52    -1022.588542       34.3594
BFGS:   60 20:47:52    -1024.424177       35.4076
BFGS:   61 20:47:52    -1026.262356       36.5377
BFGS:   62 20:47:52    -1028.114257       37.4715
BFGS:   63 20:47:52    -1029.971628       38.3522
BFGS:   64 20:47:52    -1031.875979       39.0553
BFGS:   65 20:47:52    -1033.788832       39.4250
BFGS:   66 20:47:52    -1035.744422       39.5824
BFGS:   67 20:47:52    -1037.792150       39.4173
BFGS:   68 20:47:52    -1039.790792       39.0840
BFGS:   69 20:47:52    -1041.529902       38.5579
BFGS:   70 20:47:52    -1043.126823       38.0465
BFGS:   71 20:47:53    -1044.662325       37.4484
BFGS:   72 20:47:53    -1046.215067       36.8993
BFGS:   73 20:47:53    -1047.801166       36.3013
BFGS:   74 20:47:53    -1049.468352       35.5747
BFGS:   75 20:47:53    -1051.177843       34.8004
BFGS:   76 20:47:53    -1052.960495       33.7920
BFGS:   77 20:47:53    -1054.681270       32.6196
BFGS:   78 20:47:53    -1056.369636       31.1744
BFGS:   79 20:47:53    -1058.027204       29.4523
BFGS:   80 20:47:53    -1059.716803       27.3693
BFGS:   81 20:47:53    -1061.529352       24.5902
BFGS:   82 20:47:53    -1063.160584       21.5219
BFGS:   83 20:47:53    -1064.688850       18.1583
BFGS:   84 20:47:53    -1066.043192       15.4581
BFGS:   85 20:47:53    -1067.214491       12.9405
BFGS:   86 20:47:53    -1068.281686       11.4270
BFGS:   87 20:47:53    -1069.301890       12.6651
BFGS:   88 20:47:53    -1070.264504       13.5701
BFGS:   89 20:47:53    -1071.212453       13.7098
BFGS:   90 20:47:53    -1072.192986       13.2376
BFGS:   91 20:47:53    -1073.211918       13.0253
BFGS:   92 20:47:53    -1074.280729       12.4909
BFGS:   93 20:47:53    -1075.398531       12.5249
BFGS:   94 20:47:53    -1076.599907       11.9226
BFGS:   95 20:47:53    -1077.724492       11.9358
BFGS:   96 20:47:53    -1078.656811       12.1127
BFGS:   97 20:47:53    -1079.472494       12.4264
BFGS:   98 20:47:54    -1080.183462       11.9685
BFGS:   99 20:47:54    -1080.893012       11.7774
BFGS:  100 20:47:54    -1081.571685       13.2897
BFGS:  101 20:47:54    -1082.190473       15.1340
BFGS:  102 20:47:54    -1082.792391       16.5781
BFGS:  103 20:47:54    -1083.493324       15.8151
BFGS:  104 20:47:54    -1084.193543       14.5639
BFGS:  105 20:47:54    -1084.751154       12.7605
BFGS:  106 20:47:54    -1085.167513       11.8449
BFGS:  107 20:47:54    -1085.596014       10.3567
BFGS:  108 20:47:54    -1086.134821        9.4021
BFGS:  109 20:47:54    -1086.600819        8.8158
BFGS:  110 20:47:54    -1086.998679       10.4124
BFGS:  111 20:47:54    -1087.380533       12.0966
BFGS:  112 20:47:54    -1087.637136       12.1105
BFGS:  113 20:47:54    -1087.905932       11.2227
BFGS:  114 20:47:54    -1088.119135       10.3226
BFGS:  115 20:47:54    -1088.314725        9.2497
BFGS:  116 20:47:54    -1088.507997        8.6088
BFGS:  117 20:47:54    -1088.735871        7.7708
BFGS:  118 20:47:54    -1088.949119        6.9497
BFGS:  119 20:47:54    -1089.166778        6.4010
BFGS:  120 20:47:54    -1089.368643        6.0921
BFGS:  121 20:47:54    -1089.604696        5.2920
BFGS:  122 20:47:54    -1089.833527        5.1721
BFGS:  123 20:47:54    -1090.135492        5.4433
BFGS:  124 20:47:54    -1090.441295        4.8062
BFGS:  125 20:47:54    -1090.803431        4.1423
BFGS:  126 20:47:54    -1091.048533        3.2587
BFGS:  127 20:47:54    -1091.159788        3.4420
BFGS:  128 20:47:54    -1091.331556        3.2937
BFGS:  129 20:47:55    -1091.449704        2.7465
BFGS:  130 20:47:55    -1091.566181        2.5237
BFGS:  131 20:47:55    -1091.682298        2.5391
BFGS:  132 20:47:55    -1091.767183        2.3720
BFGS:  133 20:47:55    -1091.827905        2.2823
BFGS:  134 20:47:55    -1091.865436        3.0466
BFGS:  135 20:47:55    -1091.900961        1.8381
BFGS:  136 20:47:55    -1091.923427        2.1937
BFGS:  137 20:47:55    -1091.943453        1.8631
BFGS:  138 20:47:55    -1091.956923        1.8742
BFGS:  139 20:47:55    -1091.972374        1.7323
BFGS:  140 20:47:55    -1091.986828        1.6909
BFGS:  141 20:47:55    -1092.007526        1.5606
BFGS:  142 20:47:55    -1092.027737        1.3513
BFGS:  143 20:47:55    -1092.061196        1.4184
BFGS:  144 20:47:55    -1092.089566        1.3549
BFGS:  145 20:47:55    -1092.149935        1.6624
BFGS:  146 20:47:55    -1092.251048        3.1958
BFGS:  147 20:47:55    -1092.330060        4.5318
BFGS:  148 20:47:55    -1092.456185        4.5267
BFGS:  149 20:47:55    -1092.652848        3.9860
BFGS:  150 20:47:55    -1092.787871        3.0845
BFGS:  151 20:47:55    -1092.873278        3.7569
BFGS:  152 20:47:55    -1092.953833        3.0304
BFGS:  153 20:47:55    -1093.115493        3.1645
BFGS:  154 20:47:55    -1093.226891        3.5065
BFGS:  155 20:47:55    -1093.274434        3.4472
BFGS:  156 20:47:55    -1093.372692        3.0329
BFGS:  157 20:47:55    -1093.412701        2.8898
BFGS:  158 20:47:55    -1093.462385        2.4511
BFGS:  159 20:47:55    -1093.491186        2.2468
BFGS:  160 20:47:55    -1093.524695        1.7360
BFGS:  161 20:47:55    -1093.547921        1.6679
BFGS:  162 20:47:56    -1093.570274        1.6309
BFGS:  163 20:47:56    -1093.588088        1.6577
BFGS:  164 20:47:56    -1093.608349        1.6811
BFGS:  165 20:47:56    -1093.632981        1.6112
BFGS:  166 20:47:56    -1093.675890        1.5370
BFGS:  167 20:47:56    -1093.726409        1.5506
BFGS:  168 20:47:56    -1093.776674        1.7262
BFGS:  169 20:47:56    -1093.832067        1.6837
BFGS:  170 20:47:56    -1093.902861        1.4790
BFGS:  171 20:47:56    -1093.940418        1.8710
BFGS:  172 20:47:56    -1093.977912        2.1713
BFGS:  173 20:47:56    -1094.002135        2.1853
BFGS:  174 20:47:56    -1094.038727        2.1926
BFGS:  175 20:47:56    -1094.079557        2.1814
BFGS:  176 20:47:56    -1094.113032        1.8919
BFGS:  177 20:47:56    -1094.183320        2.4647
BFGS:  178 20:47:56    -1094.251028        2.3647
BFGS:  179 20:47:56    -1094.317228        2.8494
BFGS:  180 20:47:56    -1094.406954        2.7062
BFGS:  181 20:47:56    -1094.497471        2.3529
BFGS:  182 20:47:56    -1094.604425        2.0336
BFGS:  183 20:47:56    -1094.669135        2.5945
BFGS:  184 20:47:56    -1094.751388        2.0791
BFGS:  185 20:47:56    -1094.805985        1.8462
BFGS:  186 20:47:56    -1094.844437        2.3212
BFGS:  187 20:47:56    -1094.866196        2.2414
BFGS:  188 20:47:56    -1094.908410        2.1996
BFGS:  189 20:47:56    -1094.936325        2.2639
BFGS:  190 20:47:56    -1094.965845        2.0539
BFGS:  191 20:47:56    -1094.983917        2.2312
BFGS:  192 20:47:56    -1095.004178        2.0152
BFGS:  193 20:47:56    -1094.999499        1.9031
BFGS:  194 20:47:56    -1095.026344        1.7131
BFGS:  195 20:47:56    -1095.033755        1.5658
BFGS:  196 20:47:56    -1095.050108        1.4096
BFGS:  197 20:47:57    -1095.055815        1.3656
BFGS:  198 20:47:57    -1095.058598        2.0193
BFGS:  199 20:47:57    -1095.066224        0.8502
BFGS:  200 20:47:57    -1095.068903        0.7962
BFGS:  201 20:47:57    -1095.073015        0.7044
BFGS:  202 20:47:57    -1095.078905        0.7254
BFGS:  203 20:47:57    -1095.081539        1.9868
BFGS:  204 20:47:57    -1095.081800        0.6966
BFGS:  205 20:47:57    -1095.086985        0.5368
BFGS:  206 20:47:57    -1095.088496        0.4683
BFGS:  207 20:47:57    -1095.089736        0.4545
BFGS:  208 20:47:57    -1095.090976        0.4926
BFGS:  209 20:47:57    -1095.091833        0.5033
BFGS:  210 20:47:57    -1095.092595        0.4627
BFGS:  211 20:47:57    -1095.093178        0.4502
BFGS:  212 20:47:57    -1095.093766        0.4659
BFGS:  213 20:47:57    -1095.094412        0.4913
BFGS:  214 20:47:57    -1095.095166        0.5170
BFGS:  215 20:47:57    -1095.095854        0.5355
BFGS:  216 20:47:57    -1095.096422        0.5303
BFGS:  217 20:47:57    -1095.096891        0.5071
BFGS:  218 20:47:57    -1095.097291        0.4658
BFGS:  219 20:47:57    -1095.097642        0.4221
BFGS:  220 20:47:57    -1095.097994        0.4175
BFGS:  221 20:47:57    -1095.098488        0.4159
BFGS:  222 20:47:57    -1095.096766        1.7790
BFGS:  223 20:47:57    -1095.099345        0.3990
BFGS:  224 20:47:57    -1095.099612        1.8075
BFGS:  225 20:47:57    -1095.100470        0.4890
BFGS:  226 20:47:57    -1095.101443        0.3824
BFGS:  227 20:47:57    -1095.102171        1.8695
BFGS:  228 20:47:57    -1095.103397        0.3946
BFGS:  229 20:47:57    -1095.104290        1.8491
BFGS:  230 20:47:57    -1095.104886        0.3425
BFGS:  231 20:47:57    -1095.105466        0.3602
BFGS:  232 20:47:57    -1095.107018        0.3665
BFGS:  233 20:47:58    -1095.107694        0.3612
BFGS:  234 20:47:58    -1095.108735        0.3368
BFGS:  235 20:47:58    -1095.109478        0.5127
BFGS:  236 20:47:58    -1095.109481        0.5009
BFGS:  237 20:47:58    -1095.111917        0.4072
BFGS:  238 20:47:58    -1095.115368        0.4224
BFGS:  239 20:47:58    -1095.121902        0.5176
BFGS:  240 20:47:58    -1095.127602        0.8583
BFGS:  241 20:47:58    -1095.135332        0.8083
BFGS:  242 20:47:58    -1095.140355        1.1298
BFGS:  243 20:47:58    -1095.146570        1.0489
BFGS:  244 20:47:58    -1095.149666        1.0575
BFGS:  245 20:47:58    -1095.162012        1.0069
BFGS:  246 20:47:58    -1095.168694        1.0105
BFGS:  247 20:47:58    -1095.175301        1.0650
BFGS:  248 20:47:58    -1095.178180        1.1104
BFGS:  249 20:47:58    -1095.179304        0.7802
BFGS:  250 20:47:58    -1095.179703        0.7572
BFGS:  251 20:47:58    -1095.179962        1.2292
BFGS:  252 20:47:58    -1095.180076        0.7383
BFGS:  253 20:47:58    -1095.180200        0.7307
BFGS:  254 20:47:58    -1095.180289        1.2395
BFGS:  255 20:47:58    -1095.180307        0.7405
BFGS:  256 20:47:58    -1095.180338        0.7420
BFGS:  257 20:47:58    -1095.180313        1.2205
BFGS:  258 20:47:58    -1095.180361        1.2212
BFGS:  259 20:47:58    -1095.180252        0.7553
BFGS:  260 20:47:58    -1095.180343        0.7585
BFGS:  261 20:47:58    -1095.180242        1.2137
BFGS:  262 20:47:58    -1095.180387        1.2155
BFGS:  263 20:47:58    -1095.180041        0.7575
BFGS:  264 20:47:58    -1095.180278        0.7614
BFGS:  265 20:47:58    -1095.180135        1.2119
BFGS:  266 20:47:58    -1095.180378        0.7640
BFGS:  267 20:47:58    -1095.180360        1.2131
BFGS:  268 20:47:58    -1095.180396        0.7646
BFGS:  269 20:47:58    -1095.180395        1.2131
BFGS:  270 20:47:59    -1095.180401        0.7649
BFGS:  271 20:47:59    -1095.180404        1.2129
BFGS:  272 20:47:59    -1095.180403        0.7650
BFGS:  273 20:47:59    -1095.180405        0.7648
BFGS:  274 20:47:59    -1095.180382        1.2147
BFGS:  275 20:47:59    -1095.180401        1.2137
BFGS:  276 20:47:59    -1095.180371        0.7664
BFGS:  277 20:47:59    -1095.180397        0.7651
BFGS:  278 20:47:59    -1095.180366        1.2155
BFGS:  279 20:47:59    -1095.180404        1.2136
BFGS:  280 20:47:59    -1095.180339        0.7675
BFGS:  281 20:47:59    -1095.180386        0.7655
BFGS:  282 20:47:59    -1095.180348        1.2161
BFGS:  283 20:47:59    -1095.180405        0.7643
BFGS:  284 20:47:59    -1095.180395        1.2143
BFGS:  285 20:47:59    -1095.180405        1.2138
BFGS:  286 20:47:59    -1095.180280        0.7692
BFGS:  287 20:47:59    -1095.180369        0.7662
BFGS:  288 20:47:59    -1095.180313        1.2170
BFGS:  289 20:47:59    -1095.180401        0.7644
BFGS:  290 20:47:59    -1095.180393        1.2144
BFGS:  291 20:47:59    -1095.180406        0.7643
BFGS:  292 20:47:59    -1095.180404        1.2140
BFGS:  293 20:47:59    -1095.180407        0.7642
BFGS:  294 20:47:59    -1095.180407        1.2134
BFGS:  295 20:47:59    -1095.180408        0.7760
BFGS:  296 20:47:59    -1095.180408        1.2126
BFGS:  297 20:47:59    -1095.180408        0.8552
BFGS:  298 20:47:59    -1095.180409        0.7622
BFGS:  299 20:47:59    -1095.180409        0.7652
BFGS:  300 20:47:59    -1095.180355        1.2152
BFGS:  301 20:47:59    -1095.180398        1.2139
BFGS:  302 20:47:59    -1095.180353        0.7668
BFGS:  303 20:47:59    -1095.180395        0.7652
BFGS:  304 20:47:59    -1095.180351        1.2154
BFGS:  305 20:47:59    -1095.180404        1.2136
BFGS:  306 20:48:00    -1095.180309        0.7680
BFGS:  307 20:48:00    -1095.180380        0.7657
BFGS:  308 20:48:00    -1095.180322        1.2161
BFGS:  309 20:48:00    -1095.180407        1.2137
BFGS:  310 20:48:00    -1095.180260        0.7693
BFGS:  311 20:48:00    -1095.180364        0.7662
BFGS:  312 20:48:00    -1095.180291        1.2169
BFGS:  313 20:48:00    -1095.180408        0.7641
BFGS:  314 20:48:00    -1095.180381        1.2144
BFGS:  315 20:48:00    -1095.180400        1.2138
BFGS:  316 20:48:00    -1095.180189        0.7711
BFGS:  317 20:48:00    -1095.180346        0.7668
BFGS:  318 20:48:00    -1095.180237        1.2181
BFGS:  319 20:48:00    -1095.180409        0.8907
BFGS:  320 20:48:00    -1095.180363        1.2149
BFGS:  321 20:48:00    -1095.180392        1.2141
BFGS:  322 20:48:00    -1095.180111        0.7730
BFGS:  323 20:48:00    -1095.180327        0.7673
BFGS:  324 20:48:00    -1095.180179        1.2192
BFGS:  325 20:48:00    -1095.180407        1.2136
BFGS:  326 20:48:00    -1095.180036        0.7745
BFGS:  327 20:48:00    -1095.180300        0.7681
BFGS:  328 20:48:00    -1095.180132        1.2200
BFGS:  329 20:48:00    -1095.180405        0.7643
BFGS:  330 20:48:00    -1095.180347        1.2153
BFGS:  331 20:48:00    -1095.180391        1.2141
BFGS:  332 20:48:00    -1095.179934        0.7768
BFGS:  333 20:48:00    -1095.180276        0.7687
BFGS:  334 20:48:00    -1095.180058        1.2214
BFGS:  335 20:48:00    -1095.180406        0.7643
BFGS:  336 20:48:00    -1095.180328        1.2157
BFGS:  337 20:48:00    -1095.180383        1.2143
BFGS:  338 20:48:00    -1095.179819        0.7792
BFGS:  339 20:48:00    -1095.180247        0.7694
BFGS:  340 20:48:00    -1095.179975        1.2227
BFGS:  341 20:48:00    -1095.180406        0.7642
BFGS:  342 20:48:00    -1095.180308        1.2161
BFGS:  343 20:48:01    -1095.180376        1.2144
BFGS:  344 20:48:01    -1095.179693        0.7818
BFGS:  345 20:48:01    -1095.180213        0.7703
BFGS:  346 20:48:01    -1095.179884        1.2242
BFGS:  347 20:48:01    -1095.180407        0.7641
BFGS:  348 20:48:01    -1095.180287        1.2165
BFGS:  349 20:48:01    -1095.180369        1.2146
BFGS:  350 20:48:01    -1095.179554        0.7845
BFGS:  351 20:48:01    -1095.180177        0.7711
BFGS:  352 20:48:01    -1095.179784        1.2258
BFGS:  353 20:48:01    -1095.180407        0.7641
BFGS:  354 20:48:01    -1095.180263        1.2170
BFGS:  355 20:48:01    -1095.180361        1.2148
BFGS:  356 20:48:01    -1095.179403        0.7874
BFGS:  357 20:48:01    -1095.180137        0.7721
BFGS:  358 20:48:01    -1095.179677        1.2275
BFGS:  359 20:48:01    -1095.180407        0.7640
BFGS:  360 20:48:01    -1095.180238        1.2175
BFGS:  361 20:48:01    -1095.180352        1.2150
BFGS:  362 20:48:01    -1095.179239        0.7905
BFGS:  363 20:48:01    -1095.180094        0.7731
BFGS:  364 20:48:01    -1095.179561        1.2293
BFGS:  365 20:48:01    -1095.180407        0.7636
BFGS:  366 20:48:01    -1095.180211        1.2180
BFGS:  367 20:48:01    -1095.180343        1.2151
BFGS:  368 20:48:01    -1095.179064        0.7938
BFGS:  369 20:48:01    -1095.180048        0.7741
BFGS:  370 20:48:01    -1095.179436        1.2311
BFGS:  371 20:48:01    -1095.180407        0.7636
BFGS:  372 20:48:01    -1095.180182        1.2185
BFGS:  373 20:48:01    -1095.180333        1.2154
BFGS:  374 20:48:01    -1095.178876        0.7973
BFGS:  375 20:48:01    -1095.179999        0.7752
BFGS:  376 20:48:01    -1095.179304        1.2331
BFGS:  377 20:48:01    -1095.180407        0.7617
BFGS:  378 20:48:01    -1095.180151        1.2190
BFGS:  379 20:48:01    -1095.180323        1.2156
BFGS:  380 20:48:02    -1095.178676        0.8010
BFGS:  381 20:48:02    -1095.179947        0.7764
BFGS:  382 20:48:02    -1095.179163        1.2352
BFGS:  383 20:48:02    -1095.180407        0.7140
BFGS:  384 20:48:02    -1095.180133        1.2194
BFGS:  385 20:48:02    -1095.180320        1.2156
BFGS:  386 20:48:02    -1095.178459        0.8050
BFGS:  387 20:48:02    -1095.179887        0.7777
BFGS:  388 20:48:02    -1095.179011        1.2374
BFGS:  389 20:48:02    -1095.180406        0.7637
BFGS:  390 20:48:02    -1095.180084        1.2203
BFGS:  391 20:48:02    -1095.180301        1.2160
BFGS:  392 20:48:02    -1095.178234        0.8090
BFGS:  393 20:48:02    -1095.179831        0.7790
BFGS:  394 20:48:02    -1095.178854        1.2397
BFGS:  395 20:48:02    -1095.180406        0.7624
BFGS:  396 20:48:02    -1095.180047        1.2209
BFGS:  397 20:48:02    -1095.180288        1.2163
BFGS:  398 20:48:02    -1095.177999        0.8133
BFGS:  399 20:48:02    -1095.179770        0.7803
BFGS:  400 20:48:02    -1095.178690        1.2421
BFGS:  401 20:48:02    -1095.180406        1.2088
BFGS:  402 20:48:02    -1095.177839        0.8155
BFGS:  403 20:48:02    -1095.179678        0.7821
BFGS:  404 20:48:02    -1095.178573        1.2436
BFGS:  405 20:48:02    -1095.180388        0.7641
BFGS:  406 20:48:02    -1095.179999        1.2218
BFGS:  407 20:48:02    -1095.180288        1.2163
BFGS:  408 20:48:02    -1095.177548        0.8211
BFGS:  409 20:48:02    -1095.179642        0.7830
BFGS:  410 20:48:02    -1095.178396        1.2463
BFGS:  411 20:48:02    -1095.180395        0.7639
BFGS:  412 20:48:02    -1095.179950        1.2227
BFGS:  413 20:48:02    -1095.180265        1.2168
BFGS:  414 20:48:02    -1095.177285        0.8260
BFGS:  415 20:48:02    -1095.179577        0.7844
BFGS:  416 20:48:03    -1095.178213        1.2489
BFGS:  417 20:48:03    -1095.180396        0.7637
BFGS:  418 20:48:03    -1095.179907        1.2234
BFGS:  419 20:48:03    -1095.180250        1.2171
BFGS:  420 20:48:03    -1095.177010        0.8308
BFGS:  421 20:48:03    -1095.179506        0.7859
BFGS:  422 20:48:03    -1095.178022        1.2516
BFGS:  423 20:48:03    -1095.180396        0.7637
BFGS:  424 20:48:03    -1095.179862        1.2242
BFGS:  425 20:48:03    -1095.180235        1.2175
BFGS:  426 20:48:03    -1095.176725        0.8358
BFGS:  427 20:48:03    -1095.179432        0.7875
BFGS:  428 20:48:03    -1095.177825        1.2544
BFGS:  429 20:48:03    -1095.180396        0.7636
BFGS:  430 20:48:03    -1095.179816        1.2251
BFGS:  431 20:48:03    -1095.180219        1.2178
BFGS:  432 20:48:03    -1095.176430        0.8410
BFGS:  433 20:48:03    -1095.179355        0.7891
BFGS:  434 20:48:03    -1095.177621        1.2573
BFGS:  435 20:48:03    -1095.180396        0.7635
BFGS:  436 20:48:03    -1095.179768        1.2259
BFGS:  437 20:48:03    -1095.180203        1.2181
BFGS:  438 20:48:03    -1095.176124        0.8464
BFGS:  439 20:48:03    -1095.179276        0.7908
BFGS:  440 20:48:03    -1095.177410        1.2602
BFGS:  441 20:48:03    -1095.180396        0.7634
BFGS:  442 20:48:03    -1095.179719        1.2268
BFGS:  443 20:48:03    -1095.180186        1.2185
BFGS:  444 20:48:03    -1095.175808        0.8519
BFGS:  445 20:48:03    -1095.179194        0.7925
BFGS:  446 20:48:03    -1095.177193        1.2633
BFGS:  447 20:48:03    -1095.180396        0.7633
BFGS:  448 20:48:03    -1095.179668        1.2277
BFGS:  449 20:48:03    -1095.180169        1.2189
BFGS:  450 20:48:03    -1095.175482        0.8576
BFGS:  451 20:48:03    -1095.179110        0.7943
BFGS:  452 20:48:03    -1095.176969        1.2664
BFGS:  453 20:48:04    -1095.180396        0.7631
BFGS:  454 20:48:04    -1095.179616        1.2286
BFGS:  455 20:48:04    -1095.180152        1.2193
BFGS:  456 20:48:04    -1095.175146        0.8635
BFGS:  457 20:48:04    -1095.179023        0.7961
BFGS:  458 20:48:04    -1095.176739        1.2696
BFGS:  459 20:48:04    -1095.180395        0.7630
BFGS:  460 20:48:04    -1095.179562        1.2296
BFGS:  461 20:48:04    -1095.180134        1.2197
BFGS:  462 20:48:04    -1095.174801        0.8695
BFGS:  463 20:48:04    -1095.178934        0.7979
BFGS:  464 20:48:04    -1095.176503        1.2729
BFGS:  465 20:48:04    -1095.180395        0.7629
BFGS:  466 20:48:04    -1095.179507        1.2306
BFGS:  467 20:48:04    -1095.180115        1.2201
BFGS:  468 20:48:04    -1095.174446        0.8757
BFGS:  469 20:48:04    -1095.178843        0.7998
BFGS:  470 20:48:04    -1095.176262        1.2763
BFGS:  471 20:48:04    -1095.180395        0.7628
BFGS:  472 20:48:04    -1095.179450        1.2316
BFGS:  473 20:48:04    -1095.180096        1.2205
BFGS:  474 20:48:04    -1095.174082        0.8820
BFGS:  475 20:48:04    -1095.178749        0.8017
BFGS:  476 20:48:04    -1095.176015        1.2798
BFGS:  477 20:48:04    -1095.180395        0.7627
BFGS:  478 20:48:04    -1095.179392        1.2326
BFGS:  479 20:48:04    -1095.180077        1.2210
BFGS:  480 20:48:04    -1095.173708        0.8885
BFGS:  481 20:48:04    -1095.178653        0.8037
BFGS:  482 20:48:04    -1095.175763        1.2833
BFGS:  483 20:48:04    -1095.180394        0.7625
BFGS:  484 20:48:04    -1095.179333        1.2337
BFGS:  485 20:48:04    -1095.180057        1.2214
BFGS:  486 20:48:04    -1095.173326        0.8951
BFGS:  487 20:48:04    -1095.178555        0.8057
BFGS:  488 20:48:04    -1095.175505        1.2869
BFGS:  489 20:48:04    -1095.180394        0.7624
BFGS:  490 20:48:05    -1095.179273        1.2347
BFGS:  491 20:48:05    -1095.180037        1.2219
BFGS:  492 20:48:05    -1095.172935        0.9019
BFGS:  493 20:48:05    -1095.178454        0.8078
BFGS:  494 20:48:05    -1095.175243        1.2905
BFGS:  495 20:48:05    -1095.180393        0.7622
BFGS:  496 20:48:05    -1095.179211        1.2359
BFGS:  497 20:48:05    -1095.180017        1.2223
BFGS:  498 20:48:05    -1095.172536        0.9088
BFGS:  499 20:48:05    -1095.178352        0.8099
