      Step     Time          Energy         fmax
BFGS:    0 20:39:55    -1000.006580       35.3272
BFGS:    1 20:39:55    -1008.201122       34.2755
BFGS:    2 20:39:55    -1016.485283       31.7484
BFGS:    3 20:39:55    -1025.909022       27.5880
BFGS:    4 20:39:55    -1034.988006       25.4498
BFGS:    5 20:39:55    -1041.858153       24.3592
BFGS:    6 20:39:55    -1047.172368       24.3450
BFGS:    7 20:39:55    -1051.734303       26.7281
BFGS:    8 20:39:55    -1055.890632       27.9764
BFGS:    9 20:39:55    -1059.819078       27.7604
BFGS:   10 20:39:55    -1063.718433       26.2940
BFGS:   11 20:39:55    -1067.506721       24.0363
BFGS:   12 20:39:55    -1070.730997       21.6579
BFGS:   13 20:39:55    -1073.578948       19.2386
BFGS:   14 20:39:56    -1076.141679       18.2001
BFGS:   15 20:39:56    -1078.501136       18.6860
BFGS:   16 20:39:56    -1080.696123       17.9979
BFGS:   17 20:39:56    -1082.892754       17.2306
BFGS:   18 20:39:56    -1085.064171       14.7451
BFGS:   19 20:39:56    -1086.904864       12.5370
BFGS:   20 20:39:56    -1088.346582       10.5642
BFGS:   21 20:39:56    -1089.557526       10.3503
BFGS:   22 20:39:56    -1090.656433        9.9331
BFGS:   23 20:39:56    -1091.663728        8.8569
BFGS:   24 20:39:56    -1092.686204        8.0267
BFGS:   25 20:39:56    -1093.662761        6.4307
BFGS:   26 20:39:56    -1094.860394        6.6020
BFGS:   27 20:39:56    -1096.134348        6.4854
BFGS:   28 20:39:56    -1097.336573        6.7980
BFGS:   29 20:39:56    -1098.542580        7.3805
BFGS:   30 20:39:56    -1099.774681        8.0785
BFGS:   31 20:39:56    -1101.057402        8.6943
BFGS:   32 20:39:56    -1102.409971        9.3170
BFGS:   33 20:39:56    -1103.775450       10.0939
BFGS:   34 20:39:56    -1105.046166       10.8488
BFGS:   35 20:39:56    -1106.259006       11.8069
BFGS:   36 20:39:56    -1107.486257       12.8055
BFGS:   37 20:39:56    -1108.703392       14.2868
BFGS:   38 20:39:56    -1109.896504       15.7808
BFGS:   39 20:39:56    -1111.077006       17.0765
BFGS:   40 20:39:56    -1112.241017       17.7496
BFGS:   41 20:39:56    -1113.425665       17.6828
BFGS:   42 20:39:56    -1114.567844       16.4322
BFGS:   43 20:39:56    -1115.692427       14.0496
BFGS:   44 20:39:56    -1116.866746       15.1674
BFGS:   45 20:39:56    -1118.061616       15.5822
BFGS:   46 20:39:56    -1119.073344       15.7559
BFGS:   47 20:39:56    -1120.026378       15.3133
BFGS:   48 20:39:57    -1120.958760       14.5498
BFGS:   49 20:39:57    -1121.905429       13.2819
BFGS:   50 20:39:57    -1122.819561       11.8392
BFGS:   51 20:39:57    -1123.704159       11.4111
BFGS:   52 20:39:57    -1124.591040       11.0554
BFGS:   53 20:39:57    -1125.511704       10.5286
BFGS:   54 20:39:57    -1126.467098       10.3656
BFGS:   55 20:39:57    -1127.435465       10.2487
BFGS:   56 20:39:57    -1128.391292        9.7556
BFGS:   57 20:39:57    -1129.366998        9.0697
BFGS:   58 20:39:57    -1130.402774        8.9604
BFGS:   59 20:39:57    -1131.489004        9.8701
BFGS:   60 20:39:57    -1132.458017       10.3805
BFGS:   61 20:39:57    -1133.304843       10.3238
BFGS:   62 20:39:57    -1134.102509        9.7624
BFGS:   63 20:39:57    -1134.776174        9.6450
BFGS:   64 20:39:57    -1135.358634       10.8004
BFGS:   65 20:39:57    -1135.940254       11.5101
BFGS:   66 20:39:57    -1136.555295       11.8114
BFGS:   67 20:39:57    -1137.234124       11.7747
BFGS:   68 20:39:57    -1137.933969       11.3447
BFGS:   69 20:39:57    -1138.677452       10.5810
BFGS:   70 20:39:57    -1139.413120        9.4696
BFGS:   71 20:39:57    -1140.143556        8.1771
BFGS:   72 20:39:57    -1140.847823        6.8470
BFGS:   73 20:39:57    -1141.526686        6.3255
BFGS:   74 20:39:57    -1142.059455        5.2819
BFGS:   75 20:39:57    -1142.459059        4.9775
BFGS:   76 20:39:57    -1142.780225        5.0407
BFGS:   77 20:39:57    -1143.035834        4.7707
BFGS:   78 20:39:57    -1143.265389        4.7608
BFGS:   79 20:39:57    -1143.483580        4.3640
BFGS:   80 20:39:57    -1143.709637        4.1228
BFGS:   81 20:39:57    -1143.943421        3.7815
BFGS:   82 20:39:57    -1144.164579        3.3444
BFGS:   83 20:39:57    -1144.370332        2.8379
BFGS:   84 20:39:57    -1144.569545        4.1209
BFGS:   85 20:39:57    -1144.780686        2.6516
BFGS:   86 20:39:57    -1144.995236        2.2513
BFGS:   87 20:39:57    -1145.249290        2.8358
BFGS:   88 20:39:57    -1145.501785        3.3485
BFGS:   89 20:39:57    -1145.744290        4.0573
BFGS:   90 20:39:57    -1145.988355        4.6154
BFGS:   91 20:39:57    -1146.235156        5.0748
BFGS:   92 20:39:57    -1146.489993        5.3276
BFGS:   93 20:39:57    -1146.758318        5.2363
BFGS:   94 20:39:57    -1147.070387        6.0368
BFGS:   95 20:39:57    -1147.385658        6.2041
BFGS:   96 20:39:57    -1147.737162        5.2201
BFGS:   97 20:39:58    -1148.013817        4.2463
BFGS:   98 20:39:58    -1148.275605        3.1218
BFGS:   99 20:39:58    -1148.419966        3.2739
BFGS:  100 20:39:58    -1148.575067        3.7407
BFGS:  101 20:39:58    -1148.766101        3.8714
BFGS:  102 20:39:58    -1148.934301        4.0657
BFGS:  103 20:39:58    -1149.106122        4.2681
BFGS:  104 20:39:58    -1149.334642        4.7903
BFGS:  105 20:39:58    -1149.623310        5.9991
BFGS:  106 20:39:58    -1149.968963        6.8519
BFGS:  107 20:39:58    -1150.334547        7.0535
BFGS:  108 20:39:58    -1150.665503        6.4209
BFGS:  109 20:39:58    -1150.971391        5.1606
BFGS:  110 20:39:58    -1151.212950        4.9673
BFGS:  111 20:39:58    -1151.431861        4.8388
BFGS:  112 20:39:58    -1151.610142        4.1048
BFGS:  113 20:39:58    -1151.812024        2.6731
BFGS:  114 20:39:58    -1151.957626        2.1397
BFGS:  115 20:39:58    -1152.076320        2.1234
BFGS:  116 20:39:58    -1152.182129        2.1991
BFGS:  117 20:39:58    -1152.283566        2.5577
BFGS:  118 20:39:58    -1152.386062        2.8496
BFGS:  119 20:39:58    -1152.491483        1.9295
BFGS:  120 20:39:58    -1152.538482        1.4736
BFGS:  121 20:39:58    -1152.563448        0.9827
BFGS:  122 20:39:58    -1152.572147        0.6011
BFGS:  123 20:39:58    -1152.578678        0.5427
BFGS:  124 20:39:58    -1152.585788        0.5234
BFGS:  125 20:39:58    -1152.593270        0.6031
BFGS:  126 20:39:58    -1152.614895        0.8214
BFGS:  127 20:39:58    -1152.630000        1.0917
BFGS:  128 20:39:58    -1152.644974        1.0927
BFGS:  129 20:39:58    -1152.673127        1.6906
BFGS:  130 20:39:58    -1152.691751        1.8015
BFGS:  131 20:39:58    -1152.720891        1.6892
BFGS:  132 20:39:58    -1152.735409        1.1850
BFGS:  133 20:39:58    -1152.745037        1.0929
BFGS:  134 20:39:58    -1152.752212        0.9814
BFGS:  135 20:39:58    -1152.760676        1.0966
BFGS:  136 20:39:58    -1152.772169        1.1937
BFGS:  137 20:39:58    -1152.783022        1.2338
BFGS:  138 20:39:58    -1152.799174        1.1419
BFGS:  139 20:39:58    -1152.811186        0.9259
BFGS:  140 20:39:58    -1152.819443        0.5601
BFGS:  141 20:39:58    -1152.823849        0.3560
BFGS:  142 20:39:58    -1152.827798        0.2874
BFGS:  143 20:39:58    -1152.829791        0.3156
BFGS:  144 20:39:58    -1152.830850        0.3048
BFGS:  145 20:39:58    -1152.831598        0.2942
BFGS:  146 20:39:58    -1152.832700        0.3063
BFGS:  147 20:39:58    -1152.834296        0.4203
BFGS:  148 20:39:58    -1152.836547        0.5211
BFGS:  149 20:39:59    -1152.839086        0.5852
BFGS:  150 20:39:59    -1152.842132        0.7767
BFGS:  151 20:39:59    -1152.846175        0.9164
BFGS:  152 20:39:59    -1152.854343        1.1400
BFGS:  153 20:39:59    -1152.863424        1.2915
BFGS:  154 20:39:59    -1152.873986        1.5996
BFGS:  155 20:39:59    -1152.887555        1.8616
BFGS:  156 20:39:59    -1152.903702        2.0620
BFGS:  157 20:39:59    -1152.921291        2.1898
BFGS:  158 20:39:59    -1152.938657        2.2484
BFGS:  159 20:39:59    -1152.959250        2.2063
BFGS:  160 20:39:59    -1152.973367        2.2266
BFGS:  161 20:39:59    -1153.005186        1.9983
BFGS:  162 20:39:59    -1153.025903        1.9121
BFGS:  163 20:39:59    -1153.050663        1.8296
BFGS:  164 20:39:59    -1153.078263        1.6933
BFGS:  165 20:39:59    -1153.103774        1.5399
BFGS:  166 20:39:59    -1153.116770        1.4037
BFGS:  167 20:39:59    -1153.127193        1.1969
BFGS:  168 20:39:59    -1153.135303        1.0351
BFGS:  169 20:39:59    -1153.143978        0.8362
BFGS:  170 20:39:59    -1153.150730        0.7154
BFGS:  171 20:39:59    -1153.155336        0.6235
BFGS:  172 20:39:59    -1153.157515        0.6176
BFGS:  173 20:39:59    -1153.158626        0.6235
BFGS:  174 20:39:59    -1153.159335        0.6431
BFGS:  175 20:39:59    -1153.159913        0.6391
BFGS:  176 20:39:59    -1153.160398        0.6507
BFGS:  177 20:39:59    -1153.160792        0.6475
BFGS:  178 20:39:59    -1153.161079        0.6558
BFGS:  179 20:39:59    -1153.161316        0.6565
BFGS:  180 20:39:59    -1153.161551        0.6622
BFGS:  181 20:39:59    -1153.161853        0.6662
BFGS:  182 20:39:59    -1153.162187        0.6747
BFGS:  183 20:39:59    -1153.162453        0.6829
BFGS:  184 20:39:59    -1153.162600        0.7132
BFGS:  185 20:39:59    -1153.162690        0.7222
BFGS:  186 20:39:59    -1153.162777        0.7236
BFGS:  187 20:39:59    -1153.162911        0.7213
BFGS:  188 20:39:59    -1153.163181        0.7156
BFGS:  189 20:39:59    -1153.163703        0.7054
BFGS:  190 20:39:59    -1153.164669        0.6874
BFGS:  191 20:39:59    -1153.166251        0.6560
BFGS:  192 20:39:59    -1153.168364        0.6043
BFGS:  193 20:39:59    -1153.170392        0.5344
BFGS:  194 20:39:59    -1153.171729        0.4703
BFGS:  195 20:39:59    -1153.172372        0.4659
BFGS:  196 20:39:59    -1153.172675        0.4526
BFGS:  197 20:39:59    -1153.172886        0.4462
BFGS:  198 20:39:59    -1153.173063        0.4356
BFGS:  199 20:39:59    -1153.173220        0.4201
BFGS:  200 20:39:59    -1153.173340        0.4077
BFGS:  201 20:39:59    -1153.173427        0.4007
BFGS:  202 20:40:00    -1153.173478        0.4000
BFGS:  203 20:40:00    -1153.173516        0.4040
BFGS:  204 20:40:00    -1153.173537        0.4065
BFGS:  205 20:40:00    -1153.173556        0.4108
BFGS:  206 20:40:00    -1153.173566        0.4105
BFGS:  207 20:40:00    -1153.173574        0.4093
BFGS:  208 20:40:00    -1153.173579        0.4082
BFGS:  209 20:40:00    -1153.173585        0.4057
BFGS:  210 20:40:00    -1153.173587        0.4060
BFGS:  211 20:40:00    -1153.173596        0.4066
BFGS:  212 20:40:00    -1153.173612        0.4090
