      Step     Time          Energy         fmax
BFGS:    0 20:44:33     -823.517794      137.9501
BFGS:    1 20:44:33     -851.213378      103.1693
BFGS:    2 20:44:33     -874.655897      106.0780
BFGS:    3 20:44:33     -897.488283      107.4808
BFGS:    4 20:44:33     -917.240157      105.1978
BFGS:    5 20:44:33     -934.345667      101.6109
BFGS:    6 20:44:34     -948.219827       92.5832
BFGS:    7 20:44:34     -959.754292       85.3469
BFGS:    8 20:44:34     -968.870879       78.1177
BFGS:    9 20:44:34     -976.744278       73.0234
BFGS:   10 20:44:34     -984.800323       70.9203
BFGS:   11 20:44:34     -993.214038       59.1013
BFGS:   12 20:44:34    -1001.302327       62.6604
BFGS:   13 20:44:34    -1006.938040       50.4390
BFGS:   14 20:44:34    -1010.343601       46.8342
BFGS:   15 20:44:34    -1013.088152       41.8970
BFGS:   16 20:44:34    -1015.674345       38.9299
BFGS:   17 20:44:34    -1018.238574       37.3169
BFGS:   18 20:44:34    -1021.007108       34.7145
BFGS:   19 20:44:34    -1023.286018       35.3200
BFGS:   20 20:44:34    -1025.238557       36.4776
BFGS:   21 20:44:34    -1027.170078       35.4676
BFGS:   22 20:44:34    -1029.135300       33.0952
BFGS:   23 20:44:34    -1031.660534       29.4264
BFGS:   24 20:44:34    -1034.062259       26.6249
BFGS:   25 20:44:34    -1035.878791       24.3434
BFGS:   26 20:44:34    -1037.814939       23.6639
BFGS:   27 20:44:34    -1039.845147       22.9523
BFGS:   28 20:44:34    -1041.572851       23.3386
BFGS:   29 20:44:34    -1043.092688       22.6924
BFGS:   30 20:44:34    -1044.523222       23.3527
BFGS:   31 20:44:35    -1045.831303       23.4552
BFGS:   32 20:44:35    -1047.160519       23.7237
BFGS:   33 20:44:35    -1048.505603       23.3123
BFGS:   34 20:44:35    -1049.915251       21.3683
BFGS:   35 20:44:35    -1051.162252       19.8669
BFGS:   36 20:44:35    -1052.283596       18.2598
BFGS:   37 20:44:35    -1053.333195       17.1864
BFGS:   38 20:44:35    -1054.419864       17.9382
BFGS:   39 20:44:35    -1055.524927       18.2513
BFGS:   40 20:44:35    -1056.490472       18.1221
BFGS:   41 20:44:35    -1057.410792       17.3230
BFGS:   42 20:44:35    -1058.298822       15.9573
BFGS:   43 20:44:35    -1059.293446       14.0145
BFGS:   44 20:44:35    -1060.487022       12.2569
BFGS:   45 20:44:35    -1061.598589       10.7658
BFGS:   46 20:44:35    -1062.501395        9.7893
BFGS:   47 20:44:35    -1063.294081        9.8324
BFGS:   48 20:44:35    -1064.030373        9.9217
BFGS:   49 20:44:35    -1064.922585       10.2616
BFGS:   50 20:44:35    -1065.805892       11.4980
BFGS:   51 20:44:35    -1066.707709       11.4591
BFGS:   52 20:44:35    -1067.538810       11.9641
BFGS:   53 20:44:35    -1068.394390       11.0177
BFGS:   54 20:44:35    -1069.131197       10.4972
BFGS:   55 20:44:35    -1069.845550        8.5617
BFGS:   56 20:44:35    -1070.507234        9.5354
BFGS:   57 20:44:35    -1071.096412        9.1227
BFGS:   58 20:44:36    -1071.663745       10.3237
BFGS:   59 20:44:36    -1072.203634       10.0226
BFGS:   60 20:44:36    -1072.728232        9.8668
BFGS:   61 20:44:36    -1073.097249       10.0776
BFGS:   62 20:44:36    -1073.296351        8.3616
BFGS:   63 20:44:36    -1073.393181        7.1904
BFGS:   64 20:44:36    -1073.496217        6.9519
BFGS:   65 20:44:36    -1073.597564        6.0929
BFGS:   66 20:44:36    -1073.685679        5.4554
BFGS:   67 20:44:36    -1073.818656        5.0856
BFGS:   68 20:44:36    -1073.980840        5.3745
BFGS:   69 20:44:36    -1074.135908        6.3912
BFGS:   70 20:44:36    -1074.265281        6.4301
BFGS:   71 20:44:36    -1074.376013        6.4780
BFGS:   72 20:44:36    -1074.470126        6.1070
BFGS:   73 20:44:36    -1074.554975        5.4660
BFGS:   74 20:44:36    -1074.625725        4.9590
BFGS:   75 20:44:36    -1074.680683        4.5628
BFGS:   76 20:44:36    -1074.726241        4.1149
BFGS:   77 20:44:36    -1074.798140        3.6399
BFGS:   78 20:44:36    -1074.849981        3.5869
BFGS:   79 20:44:36    -1074.894139        3.5047
BFGS:   80 20:44:36    -1074.932892        3.2819
BFGS:   81 20:44:36    -1074.952023        2.7264
BFGS:   82 20:44:36    -1074.955235        1.9935
BFGS:   83 20:44:36    -1074.983008        1.9818
BFGS:   84 20:44:37    -1075.003629        1.9619
BFGS:   85 20:44:37    -1075.053667        1.8117
BFGS:   86 20:44:37    -1075.110153        2.3670
BFGS:   87 20:44:37    -1075.186716        3.7195
BFGS:   88 20:44:37    -1075.339358        4.6605
BFGS:   89 20:44:37    -1075.444143        5.0177
BFGS:   90 20:44:37    -1075.547684        4.2510
BFGS:   91 20:44:37    -1075.687804        3.0909
BFGS:   92 20:44:37    -1075.957392        2.9526
BFGS:   93 20:44:37    -1076.087017        3.1331
BFGS:   94 20:44:37    -1076.144143        3.5371
BFGS:   95 20:44:37    -1076.212688        2.9016
BFGS:   96 20:44:37    -1076.256036        2.6485
BFGS:   97 20:44:37    -1076.294029        2.4597
BFGS:   98 20:44:37    -1076.313404        2.5681
BFGS:   99 20:44:37    -1076.336537        2.6313
BFGS:  100 20:44:37    -1076.366173        2.6043
BFGS:  101 20:44:37    -1076.413186        2.5766
BFGS:  102 20:44:37    -1076.467066        2.7145
BFGS:  103 20:44:37    -1076.548099        4.1564
BFGS:  104 20:44:37    -1076.646962        3.2796
BFGS:  105 20:44:37    -1076.696998        3.8813
BFGS:  106 20:44:37    -1076.757513        4.1845
BFGS:  107 20:44:37    -1076.894224        3.0513
BFGS:  108 20:44:37    -1076.994993        3.4016
BFGS:  109 20:44:37    -1077.077979        3.4588
BFGS:  110 20:44:37    -1077.139697        2.0604
BFGS:  111 20:44:38    -1077.173487        1.8011
BFGS:  112 20:44:38    -1077.216185        1.5810
BFGS:  113 20:44:38    -1077.263924        1.3330
BFGS:  114 20:44:38    -1077.311053        2.1981
BFGS:  115 20:44:38    -1077.350250        2.3114
BFGS:  116 20:44:38    -1077.403797        2.0262
BFGS:  117 20:44:38    -1077.472589        3.4310
BFGS:  118 20:44:38    -1077.502111        3.1393
BFGS:  119 20:44:38    -1077.579344        2.7787
BFGS:  120 20:44:38    -1077.675232        2.7231
BFGS:  121 20:44:38    -1077.768505        3.2835
BFGS:  122 20:44:38    -1077.864225        4.8460
BFGS:  123 20:44:38    -1077.947309        6.4582
BFGS:  124 20:44:38    -1078.065639        5.9313
BFGS:  125 20:44:38    -1078.278593        4.7368
BFGS:  126 20:44:38    -1078.493672        4.1010
BFGS:  127 20:44:38    -1078.719960        3.9908
BFGS:  128 20:44:38    -1078.952348        3.8631
BFGS:  129 20:44:38    -1079.201674        3.7837
BFGS:  130 20:44:38    -1079.333198        3.8597
BFGS:  131 20:44:38    -1079.512738        3.4848
BFGS:  132 20:44:38    -1079.677391        3.7584
BFGS:  133 20:44:38    -1079.862207        3.1798
BFGS:  134 20:44:38    -1080.110314        2.8159
BFGS:  135 20:44:38    -1080.231177        2.6148
BFGS:  136 20:44:38    -1080.303772        2.7036
BFGS:  137 20:44:38    -1080.355233        2.2962
BFGS:  138 20:44:39    -1080.406124        2.1487
BFGS:  139 20:44:39    -1080.445945        1.7492
BFGS:  140 20:44:39    -1080.476553        2.2629
BFGS:  141 20:44:39    -1080.493045        2.0874
BFGS:  142 20:44:39    -1080.502725        2.2265
BFGS:  143 20:44:39    -1080.509106        2.2431
BFGS:  144 20:44:39    -1080.515608        2.3007
BFGS:  145 20:44:39    -1080.524570        2.3534
BFGS:  146 20:44:39    -1080.529425        2.4503
BFGS:  147 20:44:39    -1080.534457        2.4112
BFGS:  148 20:44:39    -1080.539476        2.4137
BFGS:  149 20:44:39    -1080.551941        2.7212
BFGS:  150 20:44:39    -1080.575539        2.7134
BFGS:  151 20:44:39    -1080.597698        2.8721
BFGS:  152 20:44:39    -1080.667812        3.0686
BFGS:  153 20:44:39    -1080.807981        3.1481
BFGS:  154 20:44:39    -1080.927352        2.3920
BFGS:  155 20:44:39    -1081.027896        2.5937
BFGS:  156 20:44:39    -1081.061973        2.1248
BFGS:  157 20:44:39    -1081.134980        1.6040
BFGS:  158 20:44:39    -1081.185405        2.0030
BFGS:  159 20:44:39    -1081.220064        1.4889
BFGS:  160 20:44:39    -1081.243746        1.2688
BFGS:  161 20:44:39    -1081.276506        1.0544
BFGS:  162 20:44:39    -1081.304983        1.2112
BFGS:  163 20:44:39    -1081.334055        0.9271
BFGS:  164 20:44:39    -1081.357602        0.9892
BFGS:  165 20:44:39    -1081.377909        1.1994
BFGS:  166 20:44:40    -1081.415996        1.5664
BFGS:  167 20:44:40    -1081.445549        2.2824
BFGS:  168 20:44:40    -1081.450917        2.3946
BFGS:  169 20:44:40    -1081.506486        2.2495
BFGS:  170 20:44:40    -1081.568046        1.5444
BFGS:  171 20:44:40    -1081.626760        2.0020
BFGS:  172 20:44:40    -1081.703824        1.4747
BFGS:  173 20:44:40    -1081.765842        1.5542
BFGS:  174 20:44:40    -1081.835917        2.1277
BFGS:  175 20:44:40    -1081.910615        2.8194
BFGS:  176 20:44:40    -1082.012025        3.8113
BFGS:  177 20:44:40    -1082.150892        5.2406
BFGS:  178 20:44:40    -1082.457223        5.7217
BFGS:  179 20:44:40    -1082.743109        6.2629
BFGS:  180 20:44:40    -1083.118781        5.6398
BFGS:  181 20:44:40    -1083.459738        5.2969
BFGS:  182 20:44:40    -1083.891431        5.4724
BFGS:  183 20:44:40    -1084.301797        5.1202
BFGS:  184 20:44:40    -1084.659891        4.7003
BFGS:  185 20:44:40    -1084.960944        4.6858
BFGS:  186 20:44:40    -1085.262114        5.1467
BFGS:  187 20:44:40    -1085.524667        5.4506
BFGS:  188 20:44:40    -1085.817224        5.4898
BFGS:  189 20:44:40    -1086.104672        5.2979
BFGS:  190 20:44:40    -1086.418227        5.6965
BFGS:  191 20:44:40    -1086.739887        6.2215
BFGS:  192 20:44:40    -1087.060799        6.6716
BFGS:  193 20:44:40    -1087.384605        6.8165
BFGS:  194 20:44:40    -1087.702536        6.6069
BFGS:  195 20:44:41    -1088.032329        6.1566
BFGS:  196 20:44:41    -1088.346912        6.0000
BFGS:  197 20:44:41    -1088.697386        6.3153
BFGS:  198 20:44:41    -1089.061333        6.5009
BFGS:  199 20:44:41    -1089.393311        6.8074
BFGS:  200 20:44:41    -1089.707176        6.6107
BFGS:  201 20:44:41    -1090.034093        5.7278
BFGS:  202 20:44:41    -1090.406547        6.0265
BFGS:  203 20:44:41    -1090.868291        5.7029
BFGS:  204 20:44:41    -1091.269507        5.6446
BFGS:  205 20:44:41    -1091.739161        5.5750
BFGS:  206 20:44:41    -1092.135158        4.9296
BFGS:  207 20:44:41    -1092.438203        3.8287
BFGS:  208 20:44:41    -1092.637168        3.0996
BFGS:  209 20:44:41    -1092.760082        2.8554
BFGS:  210 20:44:41    -1092.867673        2.6096
BFGS:  211 20:44:41    -1093.034720        3.0825
BFGS:  212 20:44:41    -1093.186292        3.7860
BFGS:  213 20:44:41    -1093.332006        3.8218
BFGS:  214 20:44:41    -1093.461806        4.6010
BFGS:  215 20:44:41    -1093.588353        5.2319
BFGS:  216 20:44:41    -1093.785991        5.7753
BFGS:  217 20:44:41    -1094.103401        4.5858
BFGS:  218 20:44:41    -1094.289718        3.7440
BFGS:  219 20:44:41    -1094.567446        2.7287
BFGS:  220 20:44:41    -1094.801988        2.6456
BFGS:  221 20:44:41    -1095.018811        2.6733
BFGS:  222 20:44:41    -1095.162274        2.5882
BFGS:  223 20:44:41    -1095.255317        1.8532
BFGS:  224 20:44:41    -1095.323881        1.8289
BFGS:  225 20:44:41    -1095.422902        1.7114
BFGS:  226 20:44:41    -1095.544567        3.2014
BFGS:  227 20:44:41    -1095.610398        5.0312
BFGS:  228 20:44:42    -1095.739893        2.2969
BFGS:  229 20:44:42    -1095.895243        2.0478
BFGS:  230 20:44:42    -1096.023306        2.3881
BFGS:  231 20:44:42    -1096.134777        3.7084
BFGS:  232 20:44:42    -1096.253459        4.2044
BFGS:  233 20:44:42    -1096.398335        5.0173
BFGS:  234 20:44:42    -1096.567036        6.2898
BFGS:  235 20:44:42    -1096.810911        7.2263
BFGS:  236 20:44:42    -1097.090027        8.1250
BFGS:  237 20:44:42    -1097.488226        8.0444
BFGS:  238 20:44:42    -1097.925981        6.1041
BFGS:  239 20:44:42    -1098.417582        5.2700
BFGS:  240 20:44:42    -1098.910487        6.0932
BFGS:  241 20:44:42    -1099.282421        5.0138
BFGS:  242 20:44:42    -1099.703778        5.5827
BFGS:  243 20:44:42    -1099.992937        5.6994
BFGS:  244 20:44:42    -1100.379359        4.2552
BFGS:  245 20:44:42    -1100.590579        3.7319
BFGS:  246 20:44:42    -1100.776796        2.6380
BFGS:  247 20:44:42    -1100.905700        2.6526
BFGS:  248 20:44:42    -1101.039538        2.8677
BFGS:  249 20:44:42    -1101.160594        3.2125
BFGS:  250 20:44:42    -1101.285632        3.5040
BFGS:  251 20:44:42    -1101.449464        4.0589
BFGS:  252 20:44:42    -1101.604265        2.9970
BFGS:  253 20:44:42    -1101.752496        2.4551
BFGS:  254 20:44:42    -1101.849621        1.7790
BFGS:  255 20:44:42    -1101.927802        1.2989
BFGS:  256 20:44:42    -1101.960633        0.7361
BFGS:  257 20:44:42    -1101.973903        0.7436
BFGS:  258 20:44:42    -1101.982681        0.4899
BFGS:  259 20:44:42    -1101.988250        0.4372
BFGS:  260 20:44:42    -1101.991169        0.4266
BFGS:  261 20:44:42    -1101.994178        0.4620
BFGS:  262 20:44:42    -1101.997196        0.5119
BFGS:  263 20:44:42    -1101.999577        0.4912
BFGS:  264 20:44:43    -1102.002481        0.4009
BFGS:  265 20:44:43    -1102.004225        0.3301
BFGS:  266 20:44:43    -1102.005685        0.2370
BFGS:  267 20:44:43    -1102.006460        0.2051
BFGS:  268 20:44:43    -1102.007263        0.2123
BFGS:  269 20:44:43    -1102.007799        0.2171
BFGS:  270 20:44:43    -1102.008437        0.1870
BFGS:  271 20:44:43    -1102.008985        0.1552
BFGS:  272 20:44:43    -1102.009560        0.1503
BFGS:  273 20:44:43    -1102.009842        0.1301
BFGS:  274 20:44:43    -1102.009963        0.1006
BFGS:  275 20:44:43    -1102.010026        0.0906
