      Step     Time          Energy         fmax
BFGS:    0 20:40:28     -902.373491       40.1003
BFGS:    1 20:40:28     -917.875790       48.6169
BFGS:    2 20:40:28     -929.868648       46.5940
BFGS:    3 20:40:28     -941.313738       44.6421
BFGS:    4 20:40:28     -953.304543       43.3324
BFGS:    5 20:40:28     -963.153862       42.0673
BFGS:    6 20:40:28     -972.272373       40.6176
BFGS:    7 20:40:28     -981.122696       38.6728
BFGS:    8 20:40:28     -990.599435       35.7361
BFGS:    9 20:40:28     -999.429390       31.7133
BFGS:   10 20:40:28    -1007.249879       26.5755
BFGS:   11 20:40:28    -1012.324399       22.0709
BFGS:   12 20:40:28    -1015.686111       18.5744
BFGS:   13 20:40:28    -1018.237032       15.5320
BFGS:   14 20:40:28    -1020.480732       13.5359
BFGS:   15 20:40:28    -1022.390134       12.2180
BFGS:   16 20:40:28    -1024.005486       11.2002
BFGS:   17 20:40:28    -1025.130763       10.5734
BFGS:   18 20:40:28    -1026.034688        9.9651
BFGS:   19 20:40:28    -1026.836206        9.1133
BFGS:   20 20:40:28    -1027.554676        7.4232
BFGS:   21 20:40:29    -1028.247100        5.1297
BFGS:   22 20:40:29    -1028.844465        3.7185
BFGS:   23 20:40:29    -1029.352400        4.3173
BFGS:   24 20:40:29    -1029.794164        5.3653
BFGS:   25 20:40:29    -1030.160409        6.3700
BFGS:   26 20:40:29    -1030.491933        6.7906
BFGS:   27 20:40:29    -1030.811385        6.5512
BFGS:   28 20:40:29    -1031.117850        6.7552
BFGS:   29 20:40:29    -1031.416172        7.1245
BFGS:   30 20:40:29    -1031.706212        7.3897
BFGS:   31 20:40:29    -1031.992724        7.3212
BFGS:   32 20:40:29    -1032.282020        7.8236
BFGS:   33 20:40:29    -1032.600739        7.9849
BFGS:   34 20:40:29    -1033.003063        9.1245
BFGS:   35 20:40:29    -1033.392896        7.7840
BFGS:   36 20:40:29    -1033.754243        7.6435
BFGS:   37 20:40:29    -1034.101364        7.1517
BFGS:   38 20:40:29    -1034.440345        6.7546
BFGS:   39 20:40:29    -1034.760803        6.3680
BFGS:   40 20:40:29    -1035.062384        5.9519
BFGS:   41 20:40:29    -1035.351474        5.6066
BFGS:   42 20:40:29    -1035.629514        5.2532
BFGS:   43 20:40:29    -1035.898229        4.9128
BFGS:   44 20:40:30    -1036.154308        4.5385
BFGS:   45 20:40:30    -1036.400760        4.0704
BFGS:   46 20:40:30    -1036.637408        3.6831
BFGS:   47 20:40:30    -1036.873497        3.4085
BFGS:   48 20:40:30    -1037.110316        3.5143
BFGS:   49 20:40:30    -1037.357743        3.4959
BFGS:   50 20:40:30    -1037.611104        3.5206
BFGS:   51 20:40:30    -1037.875728        3.4573
BFGS:   52 20:40:30    -1038.120528        3.3798
BFGS:   53 20:40:30    -1038.356471        3.3208
BFGS:   54 20:40:30    -1038.590262        3.1239
BFGS:   55 20:40:30    -1038.832991        3.5012
BFGS:   56 20:40:30    -1039.092907        4.1677
BFGS:   57 20:40:30    -1039.314551        4.6562
BFGS:   58 20:40:30    -1039.647342        4.8899
BFGS:   59 20:40:30    -1039.954035        4.7110
BFGS:   60 20:40:30    -1040.238317        4.0546
BFGS:   61 20:40:30    -1040.504744        2.9448
BFGS:   62 20:40:30    -1040.767129        2.6326
BFGS:   63 20:40:30    -1041.052295        2.8892
BFGS:   64 20:40:30    -1041.381793        2.9264
BFGS:   65 20:40:30    -1041.681972        2.6377
BFGS:   66 20:40:30    -1041.946365        2.6085
BFGS:   67 20:40:30    -1042.213461        3.0209
BFGS:   68 20:40:31    -1042.487721        3.4922
BFGS:   69 20:40:31    -1042.758916        3.9256
BFGS:   70 20:40:31    -1042.990881        4.1049
BFGS:   71 20:40:31    -1043.214449        3.8906
BFGS:   72 20:40:31    -1043.459586        3.3395
BFGS:   73 20:40:31    -1043.731557        2.8017
BFGS:   74 20:40:31    -1043.985116        2.0049
BFGS:   75 20:40:31    -1044.153993        1.7311
BFGS:   76 20:40:31    -1044.283526        1.8713
BFGS:   77 20:40:31    -1044.390828        1.8068
BFGS:   78 20:40:31    -1044.481074        1.6361
BFGS:   79 20:40:31    -1044.561339        1.4700
BFGS:   80 20:40:31    -1044.632612        1.5407
BFGS:   81 20:40:31    -1044.696081        1.5383
BFGS:   82 20:40:31    -1044.752101        1.5055
BFGS:   83 20:40:31    -1044.798805        1.4793
BFGS:   84 20:40:31    -1044.842870        1.4524
BFGS:   85 20:40:31    -1044.884871        1.3979
BFGS:   86 20:40:31    -1044.923945        1.3926
BFGS:   87 20:40:31    -1044.962693        1.4573
BFGS:   88 20:40:31    -1045.000868        1.4918
BFGS:   89 20:40:31    -1045.039175        1.4967
BFGS:   90 20:40:31    -1045.077656        1.4911
BFGS:   91 20:40:31    -1045.115967        1.4838
BFGS:   92 20:40:31    -1045.155431        1.4692
BFGS:   93 20:40:31    -1045.194897        1.4595
BFGS:   94 20:40:31    -1045.235666        1.4456
BFGS:   95 20:40:32    -1045.277770        1.4475
BFGS:   96 20:40:32    -1045.321434        1.5005
BFGS:   97 20:40:32    -1045.366639        1.6158
BFGS:   98 20:40:32    -1045.413943        1.7638
BFGS:   99 20:40:32    -1045.462765        1.8829
BFGS:  100 20:40:32    -1045.513733        1.9701
BFGS:  101 20:40:32    -1045.565457        2.0307
BFGS:  102 20:40:32    -1045.619464        2.0570
BFGS:  103 20:40:32    -1045.672515        2.0657
BFGS:  104 20:40:32    -1045.728534        2.0396
BFGS:  105 20:40:32    -1045.780035        2.0209
BFGS:  106 20:40:32    -1045.837169        1.9461
BFGS:  107 20:40:32    -1045.885875        1.9109
BFGS:  108 20:40:32    -1045.940922        1.8072
BFGS:  109 20:40:32    -1045.988781        1.7406
BFGS:  110 20:40:32    -1046.039972        1.6237
BFGS:  111 20:40:32    -1046.087385        1.5234
BFGS:  112 20:40:32    -1046.135760        1.4430
BFGS:  113 20:40:32    -1046.182218        1.4409
BFGS:  114 20:40:32    -1046.228538        1.4331
BFGS:  115 20:40:32    -1046.273474        1.4219
BFGS:  116 20:40:32    -1046.317550        1.4025
BFGS:  117 20:40:32    -1046.360398        1.3756
BFGS:  118 20:40:32    -1046.402097        1.3396
BFGS:  119 20:40:32    -1046.442112        1.2942
BFGS:  120 20:40:32    -1046.480546        1.2379
BFGS:  121 20:40:32    -1046.517697        1.1679
BFGS:  122 20:40:32    -1046.552272        1.0848
BFGS:  123 20:40:32    -1046.584752        0.9893
BFGS:  124 20:40:32    -1046.615148        0.9305
BFGS:  125 20:40:32    -1046.643810        0.8907
BFGS:  126 20:40:32    -1046.670442        0.8252
BFGS:  127 20:40:32    -1046.695300        0.7333
BFGS:  128 20:40:32    -1046.718325        0.6988
BFGS:  129 20:40:33    -1046.740021        0.6874
BFGS:  130 20:40:33    -1046.760822        0.6306
BFGS:  131 20:40:33    -1046.783617        0.5805
BFGS:  132 20:40:33    -1046.809779        0.6722
BFGS:  133 20:40:33    -1046.836099        0.6376
BFGS:  134 20:40:33    -1046.862248        0.5888
BFGS:  135 20:40:33    -1046.889438        0.8401
BFGS:  136 20:40:33    -1046.933597        1.1851
BFGS:  137 20:40:33    -1047.000835        1.6004
BFGS:  138 20:40:33    -1047.093353        2.0018
BFGS:  139 20:40:33    -1047.205752        2.2968
BFGS:  140 20:40:33    -1047.327303        2.3870
BFGS:  141 20:40:33    -1047.443043        2.2059
BFGS:  142 20:40:33    -1047.543603        1.7443
BFGS:  143 20:40:33    -1047.622885        1.0928
BFGS:  144 20:40:33    -1047.685956        0.8608
BFGS:  145 20:40:33    -1047.738862        0.8616
BFGS:  146 20:40:33    -1047.770889        0.6474
BFGS:  147 20:40:33    -1047.792061        0.5515
BFGS:  148 20:40:33    -1047.800430        0.3880
BFGS:  149 20:40:33    -1047.806523        0.3063
BFGS:  150 20:40:33    -1047.811864        0.1940
BFGS:  151 20:40:33    -1047.814415        0.1908
BFGS:  152 20:40:33    -1047.817330        0.2153
BFGS:  153 20:40:33    -1047.819249        0.1865
BFGS:  154 20:40:33    -1047.820972        0.1156
BFGS:  155 20:40:33    -1047.822107        0.0988
