      Step     Time          Energy         fmax
BFGS:    0 20:44:55     -723.555900      166.4878
BFGS:    1 20:44:55     -767.797259      146.3270
BFGS:    2 20:44:55     -798.954358      138.8771
BFGS:    3 20:44:55     -822.275713      135.0568
BFGS:    4 20:44:55     -838.968579      126.3701
BFGS:    5 20:44:55     -856.099406      120.0906
BFGS:    6 20:44:55     -873.634776      108.5107
BFGS:    7 20:44:55     -890.136547       99.8098
BFGS:    8 20:44:56     -905.280912       89.7175
BFGS:    9 20:44:56     -918.907489       82.7313
BFGS:   10 20:44:56     -931.309319       98.9663
BFGS:   11 20:44:56     -942.251332       94.8660
BFGS:   12 20:44:56     -952.408497       83.0886
BFGS:   13 20:44:56     -959.699840       61.5308
BFGS:   14 20:44:56     -965.792459       50.1242
BFGS:   15 20:44:56     -972.097970       42.4415
BFGS:   16 20:44:56     -976.671773       39.3431
BFGS:   17 20:44:56     -980.189587       35.8344
BFGS:   18 20:44:56     -983.179063       34.6589
BFGS:   19 20:44:56     -985.959356       34.0521
BFGS:   20 20:44:56     -988.845853       31.2512
BFGS:   21 20:44:56     -991.440237       30.0144
BFGS:   22 20:44:56     -993.820335       28.8081
BFGS:   23 20:44:56     -996.198428       28.4474
BFGS:   24 20:44:56     -998.631348       28.4560
BFGS:   25 20:44:56    -1000.706918       27.6525
BFGS:   26 20:44:56    -1002.465433       27.1943
BFGS:   27 20:44:56    -1004.069153       26.5243
BFGS:   28 20:44:56    -1005.629765       25.2192
BFGS:   29 20:44:56    -1007.183751       25.4762
BFGS:   30 20:44:56    -1008.836592       24.6841
BFGS:   31 20:44:57    -1010.537930       24.2815
BFGS:   32 20:44:57    -1012.267409       23.2270
BFGS:   33 20:44:57    -1014.078856       22.3818
BFGS:   34 20:44:57    -1015.886526       20.3951
BFGS:   35 20:44:57    -1017.526326       19.6595
BFGS:   36 20:44:57    -1018.804418       19.3230
BFGS:   37 20:44:57    -1019.817094       20.4049
BFGS:   38 20:44:57    -1020.573108       20.8822
BFGS:   39 20:44:57    -1021.199588       20.7469
BFGS:   40 20:44:57    -1021.740098       21.2147
BFGS:   41 20:44:57    -1022.214641       20.4374
BFGS:   42 20:44:57    -1022.601158       20.3765
BFGS:   43 20:44:57    -1022.933313       20.0392
BFGS:   44 20:44:57    -1023.185091       19.0509
BFGS:   45 20:44:57    -1023.570924       18.5315
BFGS:   46 20:44:57    -1023.996574       17.8130
BFGS:   47 20:44:57    -1024.383041       17.2989
BFGS:   48 20:44:57    -1024.751108       16.6238
BFGS:   49 20:44:57    -1025.107758       15.9303
BFGS:   50 20:44:57    -1025.434366       15.0980
BFGS:   51 20:44:57    -1025.747547       14.2342
BFGS:   52 20:44:57    -1026.052410       13.3416
BFGS:   53 20:44:57    -1026.353929       12.4464
BFGS:   54 20:44:58    -1026.655908       11.5583
BFGS:   55 20:44:58    -1026.964507       10.9430
BFGS:   56 20:44:58    -1027.287571       12.5957
BFGS:   57 20:44:58    -1027.634852       14.2730
BFGS:   58 20:44:58    -1028.015274       15.8938
BFGS:   59 20:44:58    -1028.432810       17.3766
BFGS:   60 20:44:58    -1028.884321       18.7136
BFGS:   61 20:44:58    -1029.358449       19.8662
BFGS:   62 20:44:58    -1029.869084       20.6072
BFGS:   63 20:44:58    -1030.392957       21.1573
BFGS:   64 20:44:58    -1030.915571       21.5407
BFGS:   65 20:44:58    -1031.431428       21.7066
BFGS:   66 20:44:58    -1031.941759       21.7640
BFGS:   67 20:44:58    -1032.453299       21.7474
BFGS:   68 20:44:58    -1033.025628       21.5304
BFGS:   69 20:44:58    -1033.731264       20.7848
BFGS:   70 20:44:58    -1034.614207       20.3499
BFGS:   71 20:44:58    -1035.499381       20.5762
BFGS:   72 20:44:58    -1036.426640       23.1111
BFGS:   73 20:44:58    -1037.363175       25.3757
BFGS:   74 20:44:58    -1038.319571       27.3658
BFGS:   75 20:44:58    -1039.287949       29.1138
BFGS:   76 20:44:58    -1040.280053       30.7032
BFGS:   77 20:44:58    -1041.283774       32.2040
BFGS:   78 20:44:58    -1042.304940       33.6383
BFGS:   79 20:44:58    -1043.339228       35.0149
BFGS:   80 20:44:58    -1044.396466       36.3363
BFGS:   81 20:44:59    -1045.468913       37.6013
BFGS:   82 20:44:59    -1046.543400       38.7934
BFGS:   83 20:44:59    -1047.619294       39.8112
BFGS:   84 20:44:59    -1048.657142       40.7257
BFGS:   85 20:44:59    -1049.668547       41.3441
BFGS:   86 20:44:59    -1050.586172       41.5406
BFGS:   87 20:44:59    -1051.583589       41.3618
BFGS:   88 20:44:59    -1052.525114       40.8771
BFGS:   89 20:44:59    -1053.505141       39.9596
BFGS:   90 20:44:59    -1054.459306       38.7945
BFGS:   91 20:44:59    -1055.334132       37.3970
BFGS:   92 20:44:59    -1056.279275       35.7044
BFGS:   93 20:44:59    -1057.208617       33.8885
BFGS:   94 20:44:59    -1058.129599       31.8774
BFGS:   95 20:44:59    -1059.060046       29.6861
BFGS:   96 20:44:59    -1060.024295       27.2769
BFGS:   97 20:44:59    -1061.027396       24.6223
BFGS:   98 20:44:59    -1062.002872       21.9651
BFGS:   99 20:44:59    -1062.940642       19.3430
BFGS:  100 20:44:59    -1063.874886       17.9817
BFGS:  101 20:44:59    -1064.848537       16.9582
BFGS:  102 20:44:59    -1065.757696       15.9452
BFGS:  103 20:44:59    -1066.601952       15.2906
BFGS:  104 20:44:59    -1067.375883       15.3283
BFGS:  105 20:44:59    -1068.063469       15.2412
BFGS:  106 20:44:59    -1068.703668       15.2274
BFGS:  107 20:44:59    -1069.311618       15.1531
BFGS:  108 20:44:59    -1069.898594       15.0598
BFGS:  109 20:44:59    -1070.479990       14.7504
BFGS:  110 20:45:00    -1071.073327       14.2136
BFGS:  111 20:45:00    -1071.693972       13.3215
BFGS:  112 20:45:00    -1072.357683       12.3080
BFGS:  113 20:45:00    -1073.077957       12.4854
BFGS:  114 20:45:00    -1073.864566       12.6041
BFGS:  115 20:45:00    -1074.697574       12.5306
BFGS:  116 20:45:00    -1075.476446       12.2873
BFGS:  117 20:45:00    -1076.221235       12.0278
BFGS:  118 20:45:00    -1076.972052       11.6823
BFGS:  119 20:45:00    -1077.697993       10.8259
BFGS:  120 20:45:00    -1078.408584       10.4910
BFGS:  121 20:45:00    -1079.058474        9.9338
BFGS:  122 20:45:00    -1079.665850        8.8737
BFGS:  123 20:45:00    -1080.139739        8.5633
BFGS:  124 20:45:00    -1080.630085        7.9347
BFGS:  125 20:45:00    -1081.231568        7.1972
BFGS:  126 20:45:00    -1081.530994        6.3011
BFGS:  127 20:45:00    -1081.808189        5.6314
BFGS:  128 20:45:00    -1082.061943        5.7422
BFGS:  129 20:45:00    -1082.248469        5.3782
BFGS:  130 20:45:00    -1082.419549        4.3485
BFGS:  131 20:45:00    -1082.607126        3.8467
BFGS:  132 20:45:00    -1082.715880        3.9028
BFGS:  133 20:45:00    -1082.786969        3.6460
BFGS:  134 20:45:00    -1082.902536        3.5888
BFGS:  135 20:45:00    -1083.027954        3.5233
BFGS:  136 20:45:00    -1083.195304        3.1429
BFGS:  137 20:45:00    -1083.361415        2.6307
BFGS:  138 20:45:00    -1083.516987        3.3234
BFGS:  139 20:45:00    -1083.669236        3.4813
BFGS:  140 20:45:01    -1083.808955        2.7171
BFGS:  141 20:45:01    -1083.949993        2.4722
BFGS:  142 20:45:01    -1084.031611        2.8644
BFGS:  143 20:45:01    -1084.086555        1.9817
BFGS:  144 20:45:01    -1084.118864        2.1948
BFGS:  145 20:45:01    -1084.149270        2.2523
BFGS:  146 20:45:01    -1084.173458        2.3063
BFGS:  147 20:45:01    -1084.199406        2.2894
BFGS:  148 20:45:01    -1084.228882        2.5821
BFGS:  149 20:45:01    -1084.265941        3.0018
BFGS:  150 20:45:01    -1084.315745        3.2864
BFGS:  151 20:45:01    -1084.361807        2.5601
BFGS:  152 20:45:01    -1084.393841        3.6140
BFGS:  153 20:45:01    -1084.418892        3.4759
BFGS:  154 20:45:01    -1084.426808        2.4372
BFGS:  155 20:45:01    -1084.444668        2.5004
BFGS:  156 20:45:01    -1084.447198        3.1205
BFGS:  157 20:45:01    -1084.472200        3.0470
BFGS:  158 20:45:01    -1084.463900        1.9743
BFGS:  159 20:45:01    -1084.497275        1.8990
BFGS:  160 20:45:01    -1084.497106        2.5698
BFGS:  161 20:45:01    -1084.520018        2.3723
BFGS:  162 20:45:01    -1084.501850        1.8865
BFGS:  163 20:45:01    -1084.531805        1.7041
BFGS:  164 20:45:01    -1084.537695        1.9576
BFGS:  165 20:45:01    -1084.556819        1.5974
BFGS:  166 20:45:01    -1084.563384        1.5936
BFGS:  167 20:45:01    -1084.512951        1.8068
BFGS:  168 20:45:01    -1084.569065        1.8428
BFGS:  169 20:45:01    -1084.556770        1.9208
BFGS:  170 20:45:01    -1084.571482        1.7354
BFGS:  171 20:45:02    -1084.550568        1.8030
BFGS:  172 20:45:02    -1084.585414        1.3394
BFGS:  173 20:45:02    -1084.591141        1.4014
BFGS:  174 20:45:02    -1084.526086        1.7567
BFGS:  175 20:45:02    -1084.578765        1.8036
BFGS:  176 20:45:02    -1084.565555        1.2851
BFGS:  177 20:45:02    -1084.591916        1.5657
BFGS:  178 20:45:02    -1084.556323        1.7630
BFGS:  179 20:45:02    -1084.600695        1.7988
BFGS:  180 20:45:02    -1084.560946        2.0104
BFGS:  181 20:45:02    -1084.593119        1.6682
BFGS:  182 20:45:02    -1084.573447        1.7911
BFGS:  183 20:45:02    -1084.610243        1.3639
BFGS:  184 20:45:02    -1084.607896        1.8096
BFGS:  185 20:45:02    -1084.614602        0.9881
BFGS:  186 20:45:02    -1084.616009        1.8087
BFGS:  187 20:45:02    -1084.621953        1.1819
BFGS:  188 20:45:02    -1084.623596        1.1586
BFGS:  189 20:45:02    -1084.626718        1.7787
BFGS:  190 20:45:02    -1084.628568        1.7847
BFGS:  191 20:45:02    -1084.631911        0.8164
BFGS:  192 20:45:02    -1084.634241        0.8132
BFGS:  193 20:45:02    -1084.635224        0.9105
BFGS:  194 20:45:02    -1084.635369        0.8334
BFGS:  195 20:45:02    -1084.636146        0.8243
BFGS:  196 20:45:02    -1084.637923        0.7858
BFGS:  197 20:45:02    -1084.638730        0.9575
BFGS:  198 20:45:02    -1084.637162        1.7905
BFGS:  199 20:45:02    -1084.639336        1.7886
BFGS:  200 20:45:02    -1084.628687        0.8881
BFGS:  201 20:45:03    -1084.636608        0.8063
BFGS:  202 20:45:03    -1084.634317        1.8061
BFGS:  203 20:45:03    -1084.639147        0.9549
BFGS:  204 20:45:03    -1084.639984        0.9564
BFGS:  205 20:45:03    -1084.630509        1.8250
BFGS:  206 20:45:03    -1084.639801        1.7963
BFGS:  207 20:45:03    -1084.618312        1.1666
BFGS:  208 20:45:03    -1084.634707        0.9700
BFGS:  209 20:45:03    -1084.631634        1.8331
BFGS:  210 20:45:03    -1084.639537        0.9670
BFGS:  211 20:45:03    -1084.640870        0.7370
BFGS:  212 20:45:03    -1084.636394        1.8277
BFGS:  213 20:45:03    -1084.641559        0.9813
BFGS:  214 20:45:03    -1084.641421        1.8041
BFGS:  215 20:45:03    -1084.641604        0.7224
BFGS:  216 20:45:03    -1084.641881        0.7084
BFGS:  217 20:45:03    -1084.637984        1.8187
BFGS:  218 20:45:03    -1084.641330        1.8026
BFGS:  219 20:45:03    -1084.637467        0.8827
BFGS:  220 20:45:03    -1084.641829        0.7259
BFGS:  221 20:45:03    -1084.637196        1.8060
BFGS:  222 20:45:03    -1084.641854        1.0915
BFGS:  223 20:45:03    -1084.642612        1.0103
BFGS:  224 20:45:03    -1084.640277        0.8279
BFGS:  225 20:45:03    -1084.642464        0.7249
BFGS:  226 20:45:03    -1084.635874        1.7943
BFGS:  227 20:45:03    -1084.641977        1.1130
BFGS:  228 20:45:03    -1084.642191        0.7590
BFGS:  229 20:45:03    -1084.643066        1.0349
BFGS:  230 20:45:03    -1084.643529        1.0017
BFGS:  231 20:45:03    -1084.633932        1.2173
BFGS:  232 20:45:04    -1084.641045        0.8848
BFGS:  233 20:45:04    -1084.633437        1.7936
BFGS:  234 20:45:04    -1084.643304        1.0539
BFGS:  235 20:45:04    -1084.636549        1.1441
BFGS:  236 20:45:04    -1084.641983        0.8554
BFGS:  237 20:45:04    -1084.633442        1.7867
BFGS:  238 20:45:04    -1084.643323        1.0739
BFGS:  239 20:45:04    -1084.635027        1.2409
BFGS:  240 20:45:04    -1084.641921        0.8860
BFGS:  241 20:45:04    -1084.633014        1.7768
BFGS:  242 20:45:04    -1084.643543        1.0707
BFGS:  243 20:45:04    -1084.632713        1.3494
BFGS:  244 20:45:04    -1084.641604        0.9244
BFGS:  245 20:45:04    -1084.632941        1.5845
BFGS:  246 20:45:04    -1084.643793        1.0654
BFGS:  247 20:45:04    -1084.629538        1.4878
BFGS:  248 20:45:04    -1084.641171        0.9661
BFGS:  249 20:45:04    -1084.632782        1.5925
BFGS:  250 20:45:04    -1084.644188        1.0520
BFGS:  251 20:45:04    -1084.629543        1.5165
BFGS:  252 20:45:04    -1084.641131        0.9804
BFGS:  253 20:45:04    -1084.632337        1.7691
BFGS:  254 20:45:04    -1084.644398        1.0453
BFGS:  255 20:45:04    -1084.629911        1.5170
BFGS:  256 20:45:04    -1084.641188        0.9866
BFGS:  257 20:45:04    -1084.632132        1.6223
BFGS:  258 20:45:04    -1084.644375        1.0503
BFGS:  259 20:45:04    -1084.627918        1.5936
BFGS:  260 20:45:04    -1084.641006        1.0059
BFGS:  261 20:45:04    -1084.631749        1.6261
BFGS:  262 20:45:05    -1084.644482        1.0456
BFGS:  263 20:45:05    -1084.627929        1.6070
BFGS:  264 20:45:05    -1084.641062        1.0110
BFGS:  265 20:45:05    -1084.631398        1.7696
BFGS:  266 20:45:05    -1084.644501        1.0495
BFGS:  267 20:45:05    -1084.627530        1.6388
BFGS:  268 20:45:05    -1084.641058        1.0178
BFGS:  269 20:45:05    -1084.631240        1.6497
BFGS:  270 20:45:05    -1084.644535        1.0481
BFGS:  271 20:45:05    -1084.627214        1.6474
BFGS:  272 20:45:05    -1084.641086        1.0221
BFGS:  273 20:45:05    -1084.631007        1.6586
BFGS:  274 20:45:05    -1084.644544        1.0499
BFGS:  275 20:45:05    -1084.626926        1.6621
BFGS:  276 20:45:05    -1084.641126        1.0253
BFGS:  277 20:45:05    -1084.630818        1.6660
BFGS:  278 20:45:05    -1084.644547        1.0517
BFGS:  279 20:45:05    -1084.626690        1.6748
BFGS:  280 20:45:05    -1084.641173        1.0279
BFGS:  281 20:45:05    -1084.630627        1.7604
BFGS:  282 20:45:05    -1084.644479        1.0591
BFGS:  283 20:45:05    -1084.624852        1.8152
BFGS:  284 20:45:05    -1084.641024        1.0383
BFGS:  285 20:45:05    -1084.630367        1.6731
BFGS:  286 20:45:05    -1084.644569        1.0523
BFGS:  287 20:45:05    -1084.626314        1.6955
BFGS:  288 20:45:05    -1084.641237        1.0326
BFGS:  289 20:45:05    -1084.630393        1.6796
BFGS:  290 20:45:05    -1084.644527        1.0556
BFGS:  291 20:45:05    -1084.626180        1.7028
BFGS:  292 20:45:05    -1084.641307        1.0330
BFGS:  293 20:45:06    -1084.630171        1.7556
BFGS:  294 20:45:06    -1084.644453        1.0624
BFGS:  295 20:45:06    -1084.624483        1.8201
BFGS:  296 20:45:06    -1084.641188        1.0413
BFGS:  297 20:45:06    -1084.630081        1.6817
BFGS:  298 20:45:06    -1084.644529        1.0560
BFGS:  299 20:45:06    -1084.625959        1.7154
BFGS:  300 20:45:06    -1084.641386        1.7806
BFGS:  301 20:45:06    -1084.627253        1.7943
BFGS:  302 20:45:06    -1084.643913        1.0928
BFGS:  303 20:45:06    -1084.625773        1.8355
BFGS:  304 20:45:06    -1084.641665        1.0240
BFGS:  305 20:45:06    -1084.630618        1.6635
BFGS:  306 20:45:06    -1084.644435        1.0596
BFGS:  307 20:45:06    -1084.625779        1.7255
BFGS:  308 20:45:06    -1084.641448        1.0368
BFGS:  309 20:45:06    -1084.629984        1.6889
BFGS:  310 20:45:06    -1084.644443        1.0597
BFGS:  311 20:45:06    -1084.625762        1.7397
BFGS:  312 20:45:06    -1084.641511        1.0390
BFGS:  313 20:45:06    -1084.629555        1.6973
BFGS:  314 20:45:06    -1084.644377        1.0630
BFGS:  315 20:45:06    -1084.625668        1.7303
BFGS:  316 20:45:06    -1084.641560        1.0363
BFGS:  317 20:45:06    -1084.629901        1.6900
BFGS:  318 20:45:06    -1084.644421        1.0610
BFGS:  319 20:45:06    -1084.625717        1.7436
BFGS:  320 20:45:06    -1084.641626        1.0400
BFGS:  321 20:45:06    -1084.629941        1.6897
BFGS:  322 20:45:06    -1084.644417        1.0610
BFGS:  323 20:45:07    -1084.625616        1.8386
BFGS:  324 20:45:07    -1084.641623        1.0392
BFGS:  325 20:45:07    -1084.629053        1.7426
BFGS:  326 20:45:07    -1084.644249        1.0708
BFGS:  327 20:45:07    -1084.625067        1.7716
BFGS:  328 20:45:07    -1084.641669        1.0419
BFGS:  329 20:45:07    -1084.629861        1.6898
BFGS:  330 20:45:07    -1084.644394        1.0612
BFGS:  331 20:45:07    -1084.625607        1.8388
BFGS:  332 20:45:07    -1084.641690        1.0401
BFGS:  333 20:45:07    -1084.629118        1.7043
BFGS:  334 20:45:07    -1084.644262        1.0679
BFGS:  335 20:45:07    -1084.625524        1.7523
BFGS:  336 20:45:07    -1084.641803        1.0383
BFGS:  337 20:45:07    -1084.629751        1.7424
BFGS:  338 20:45:07    -1084.644320        1.0653
BFGS:  339 20:45:07    -1084.625150        1.7704
BFGS:  340 20:45:07    -1084.641735        1.0426
BFGS:  341 20:45:07    -1084.629553        1.6917
BFGS:  342 20:45:07    -1084.644342        1.0625
BFGS:  343 20:45:07    -1084.625546        1.8380
BFGS:  344 20:45:07    -1084.641803        1.0411
BFGS:  345 20:45:07    -1084.629202        1.7354
BFGS:  346 20:45:07    -1084.644242        1.0669
BFGS:  347 20:45:07    -1084.625219        1.7638
BFGS:  348 20:45:07    -1084.641831        1.0418
BFGS:  349 20:45:07    -1084.629722        1.6874
BFGS:  350 20:45:07    -1084.644331        1.0618
BFGS:  351 20:45:07    -1084.625524        1.8406
BFGS:  352 20:45:07    -1084.641840        1.0406
BFGS:  353 20:45:07    -1084.629055        1.7356
BFGS:  354 20:45:08    -1084.644210        1.0685
BFGS:  355 20:45:08    -1084.625211        1.7675
BFGS:  356 20:45:08    -1084.641884        1.0418
BFGS:  357 20:45:08    -1084.629709        1.6864
BFGS:  358 20:45:08    -1084.644318        1.0599
BFGS:  359 20:45:08    -1084.625652        1.8398
BFGS:  360 20:45:08    -1084.641904        1.0411
BFGS:  361 20:45:08    -1084.629112        1.7352
BFGS:  362 20:45:08    -1084.644205        1.0662
BFGS:  363 20:45:08    -1084.625304        1.7604
BFGS:  364 20:45:08    -1084.641934        1.0412
BFGS:  365 20:45:08    -1084.629663        1.6840
BFGS:  366 20:45:08    -1084.644295        1.0598
BFGS:  367 20:45:08    -1084.625658        1.8402
BFGS:  368 20:45:08    -1084.641945        1.0411
BFGS:  369 20:45:08    -1084.629087        1.7347
BFGS:  370 20:45:08    -1084.644193        1.0656
BFGS:  371 20:45:08    -1084.625356        1.7583
BFGS:  372 20:45:08    -1084.641977        1.0410
BFGS:  373 20:45:08    -1084.629640        1.6822
BFGS:  374 20:45:08    -1084.644280        1.0596
BFGS:  375 20:45:08    -1084.625671        1.7448
BFGS:  376 20:45:08    -1084.642007        1.0404
BFGS:  377 20:45:08    -1084.629647        1.6810
BFGS:  378 20:45:08    -1084.644278        1.0595
BFGS:  379 20:45:08    -1084.625616        1.8416
BFGS:  380 20:45:08    -1084.641997        1.0411
BFGS:  381 20:45:08    -1084.628983        1.7338
BFGS:  382 20:45:08    -1084.644185        1.0649
BFGS:  383 20:45:08    -1084.625432        1.7555
BFGS:  384 20:45:09    -1084.642035        1.0406
BFGS:  385 20:45:09    -1084.629620        1.6797
BFGS:  386 20:45:09    -1084.644268        1.0591
BFGS:  387 20:45:09    -1084.625640        1.8414
BFGS:  388 20:45:09    -1084.642025        1.0413
BFGS:  389 20:45:09    -1084.628958        1.7337
BFGS:  390 20:45:09    -1084.644177        1.0643
BFGS:  391 20:45:09    -1084.625478        1.7537
BFGS:  392 20:45:09    -1084.642065        1.0405
BFGS:  393 20:45:09    -1084.629599        1.6783
BFGS:  394 20:45:09    -1084.644257        1.0588
BFGS:  395 20:45:09    -1084.625651        1.8416
BFGS:  396 20:45:09    -1084.642049        1.0414
BFGS:  397 20:45:09    -1084.628936        1.7335
BFGS:  398 20:45:09    -1084.644171        1.0638
BFGS:  399 20:45:09    -1084.625518        1.7521
BFGS:  400 20:45:09    -1084.642091        1.0404
BFGS:  401 20:45:09    -1084.629581        1.6771
BFGS:  402 20:45:09    -1084.644248        1.0584
BFGS:  403 20:45:09    -1084.625659        1.8419
BFGS:  404 20:45:09    -1084.642069        1.0416
BFGS:  405 20:45:09    -1084.628914        1.7333
BFGS:  406 20:45:09    -1084.644166        1.0632
BFGS:  407 20:45:09    -1084.625551        1.7507
BFGS:  408 20:45:09    -1084.642113        1.0404
BFGS:  409 20:45:09    -1084.629562        1.6759
BFGS:  410 20:45:09    -1084.644237        1.7623
BFGS:  411 20:45:09    -1084.623709        1.8089
BFGS:  412 20:45:09    -1084.641773        1.0582
BFGS:  413 20:45:09    -1084.629650        1.7394
BFGS:  414 20:45:09    -1084.644382        1.0501
BFGS:  415 20:45:10    -1084.626078        1.7310
BFGS:  416 20:45:10    -1084.642096        1.0415
BFGS:  417 20:45:10    -1084.629518        1.6757
BFGS:  418 20:45:10    -1084.644228        1.0578
BFGS:  419 20:45:10    -1084.625660        1.7437
BFGS:  420 20:45:10    -1084.642113        1.0410
BFGS:  421 20:45:10    -1084.629544        1.6738
BFGS:  422 20:45:10    -1084.644232        1.0575
BFGS:  423 20:45:10    -1084.625648        1.7440
BFGS:  424 20:45:10    -1084.642119        1.0411
BFGS:  425 20:45:10    -1084.629546        1.6731
BFGS:  426 20:45:10    -1084.644237        1.0572
BFGS:  427 20:45:10    -1084.625645        1.7440
BFGS:  428 20:45:10    -1084.642126        1.0412
BFGS:  429 20:45:10    -1084.629525        1.7403
BFGS:  430 20:45:10    -1084.644238        1.0577
BFGS:  431 20:45:10    -1084.625544        1.7491
BFGS:  432 20:45:10    -1084.642108        1.0426
BFGS:  433 20:45:10    -1084.629513        1.6728
BFGS:  434 20:45:10    -1084.644256        1.0559
BFGS:  435 20:45:10    -1084.625694        1.7421
BFGS:  436 20:45:10    -1084.642133        1.0417
BFGS:  437 20:45:10    -1084.629536        1.6711
BFGS:  438 20:45:10    -1084.644256        1.0559
BFGS:  439 20:45:10    -1084.625666        1.7430
BFGS:  440 20:45:10    -1084.642138        1.0419
BFGS:  441 20:45:10    -1084.629544        1.6702
BFGS:  442 20:45:10    -1084.644262        1.0556
BFGS:  443 20:45:10    -1084.625640        1.8428
BFGS:  444 20:45:10    -1084.642117        1.0428
BFGS:  445 20:45:11    -1084.628995        1.7336
BFGS:  446 20:45:11    -1084.644191        1.0598
BFGS:  447 20:45:11    -1084.625500        1.7505
BFGS:  448 20:45:11    -1084.642145        1.0422
BFGS:  449 20:45:11    -1084.629517        1.6701
BFGS:  450 20:45:11    -1084.644259        1.0552
BFGS:  451 20:45:11    -1084.625639        1.8425
BFGS:  452 20:45:11    -1084.642124        1.0431
BFGS:  453 20:45:11    -1084.628973        1.7339
BFGS:  454 20:45:11    -1084.644191        1.0593
BFGS:  455 20:45:11    -1084.625510        1.7497
BFGS:  456 20:45:11    -1084.642152        1.0424
BFGS:  457 20:45:11    -1084.629498        1.6693
BFGS:  458 20:45:11    -1084.644258        1.0549
BFGS:  459 20:45:11    -1084.625629        1.8426
BFGS:  460 20:45:11    -1084.642127        1.0434
BFGS:  461 20:45:11    -1084.628954        1.7340
BFGS:  462 20:45:11    -1084.644192        1.0588
BFGS:  463 20:45:11    -1084.625516        1.7489
BFGS:  464 20:45:11    -1084.642157        1.0426
BFGS:  465 20:45:11    -1084.629481        1.6686
BFGS:  466 20:45:11    -1084.644258        1.0545
BFGS:  467 20:45:11    -1084.625617        1.8427
BFGS:  468 20:45:11    -1084.642130        1.0437
BFGS:  469 20:45:11    -1084.628937        1.7340
BFGS:  470 20:45:11    -1084.644195        1.0583
BFGS:  471 20:45:11    -1084.625521        1.7483
BFGS:  472 20:45:11    -1084.642160        1.0428
BFGS:  473 20:45:11    -1084.629465        1.6679
BFGS:  474 20:45:11    -1084.644254        1.7631
BFGS:  475 20:45:12    -1084.624012        1.7956
BFGS:  476 20:45:12    -1084.641878        1.0571
BFGS:  477 20:45:12    -1084.629555        1.7391
BFGS:  478 20:45:12    -1084.644378        1.0476
BFGS:  479 20:45:12    -1084.625924        1.7333
BFGS:  480 20:45:12    -1084.642132        1.0441
BFGS:  481 20:45:12    -1084.629430        1.6679
BFGS:  482 20:45:12    -1084.644254        1.0537
BFGS:  483 20:45:12    -1084.625585        1.7432
BFGS:  484 20:45:12    -1084.642142        1.0435
BFGS:  485 20:45:12    -1084.629452        1.6663
BFGS:  486 20:45:12    -1084.644259        1.0535
BFGS:  487 20:45:12    -1084.625568        1.7435
BFGS:  488 20:45:12    -1084.642142        1.0436
BFGS:  489 20:45:12    -1084.629454        1.6657
BFGS:  490 20:45:12    -1084.644266        1.0533
BFGS:  491 20:45:12    -1084.625560        1.7435
BFGS:  492 20:45:12    -1084.642143        1.0437
BFGS:  493 20:45:12    -1084.629436        1.7404
BFGS:  494 20:45:12    -1084.644269        1.0537
BFGS:  495 20:45:12    -1084.625479        1.7474
BFGS:  496 20:45:12    -1084.642124        1.0449
BFGS:  497 20:45:12    -1084.629418        1.6662
BFGS:  498 20:45:12    -1084.644285        1.0523
BFGS:  499 20:45:12    -1084.625601        1.7415
