      Step     Time          Energy         fmax
BFGS:    0 20:42:42     -671.949147      266.9304
BFGS:    1 20:42:42     -728.122582      232.0579
BFGS:    2 20:42:42     -767.735430      231.9817
BFGS:    3 20:42:42     -805.066550      218.3000
BFGS:    4 20:42:42     -838.926999      207.7946
BFGS:    5 20:42:42     -866.255262      196.0717
BFGS:    6 20:42:42     -885.242506      178.6861
BFGS:    7 20:42:42     -904.135216      170.0745
BFGS:    8 20:42:42     -919.757824      160.3421
BFGS:    9 20:42:42     -932.990045      147.5657
BFGS:   10 20:42:42     -945.770112      135.0329
BFGS:   11 20:42:42     -960.393761      119.0018
BFGS:   12 20:42:42     -972.756949      111.4917
BFGS:   13 20:42:42     -981.081103      103.5549
BFGS:   14 20:42:42     -987.802342       98.8044
BFGS:   15 20:42:43     -993.110718       96.0109
BFGS:   16 20:42:43     -998.513329       91.1007
BFGS:   17 20:42:43    -1004.573690       86.9743
BFGS:   18 20:42:43    -1010.146327       86.7171
BFGS:   19 20:42:43    -1014.417293       82.2616
BFGS:   20 20:42:43    -1018.042518       78.1382
BFGS:   21 20:42:43    -1021.409601       75.9203
BFGS:   22 20:42:43    -1024.579320       72.4562
BFGS:   23 20:42:43    -1027.639002       68.2139
BFGS:   24 20:42:43    -1030.723166       64.4218
BFGS:   25 20:42:43    -1033.529148       61.1046
BFGS:   26 20:42:43    -1036.146026       57.9894
BFGS:   27 20:42:43    -1038.682358       55.3240
BFGS:   28 20:42:43    -1041.086921       53.0463
BFGS:   29 20:42:43    -1043.491237       50.5323
BFGS:   30 20:42:43    -1045.902891       48.2158
BFGS:   31 20:42:43    -1048.198290       45.9845
BFGS:   32 20:42:43    -1050.454761       43.4105
BFGS:   33 20:42:43    -1052.528394       41.1360
BFGS:   34 20:42:43    -1054.357752       38.9912
BFGS:   35 20:42:43    -1056.066564       36.1428
BFGS:   36 20:42:43    -1057.481245       34.3633
BFGS:   37 20:42:43    -1058.845278       31.5670
BFGS:   38 20:42:43    -1059.996589       29.6041
BFGS:   39 20:42:44    -1060.994260       27.4967
BFGS:   40 20:42:44    -1061.798042       26.2411
BFGS:   41 20:42:44    -1062.506266       26.2229
BFGS:   42 20:42:44    -1063.125821       26.2689
BFGS:   43 20:42:44    -1063.699424       25.9067
BFGS:   44 20:42:44    -1064.242382       25.5120
BFGS:   45 20:42:44    -1064.776370       24.9213
BFGS:   46 20:42:44    -1065.303319       24.2587
BFGS:   47 20:42:44    -1065.828952       25.2568
BFGS:   48 20:42:44    -1066.357267       24.2184
BFGS:   49 20:42:44    -1066.880043       23.2125
BFGS:   50 20:42:44    -1067.392942       22.1503
BFGS:   51 20:42:44    -1067.885049       21.0635
BFGS:   52 20:42:44    -1068.378689       20.1228
BFGS:   53 20:42:44    -1068.837482       19.0359
BFGS:   54 20:42:44    -1069.250346       18.7564
BFGS:   55 20:42:44    -1069.646662       17.6740
BFGS:   56 20:42:44    -1069.994724       16.9969
BFGS:   57 20:42:44    -1070.322670       15.9247
BFGS:   58 20:42:44    -1070.626085       14.9850
BFGS:   59 20:42:44    -1070.908514       14.1775
BFGS:   60 20:42:44    -1071.170937       13.4926
BFGS:   61 20:42:44    -1071.413619       12.8798
BFGS:   62 20:42:44    -1071.637990       12.3500
BFGS:   63 20:42:44    -1071.846662       11.8529
BFGS:   64 20:42:44    -1072.045001       11.3257
BFGS:   65 20:42:45    -1072.236566       10.7219
BFGS:   66 20:42:45    -1072.427064       10.0576
BFGS:   67 20:42:45    -1072.620184        9.2327
BFGS:   68 20:42:45    -1072.820768        8.4099
BFGS:   69 20:42:45    -1073.029539        7.5294
BFGS:   70 20:42:45    -1073.243479        6.6924
BFGS:   71 20:42:45    -1073.456018        5.8134
BFGS:   72 20:42:45    -1073.662261        5.7884
BFGS:   73 20:42:45    -1073.857801        6.0177
BFGS:   74 20:42:45    -1074.039299        6.1547
BFGS:   75 20:42:45    -1074.211870        6.1975
BFGS:   76 20:42:45    -1074.390094        6.1474
BFGS:   77 20:42:45    -1074.581180        5.8971
BFGS:   78 20:42:45    -1074.781878        5.7898
BFGS:   79 20:42:45    -1074.988414        5.5778
BFGS:   80 20:42:45    -1075.201114        5.4796
BFGS:   81 20:42:45    -1075.419841        5.4450
BFGS:   82 20:42:45    -1075.643681        5.5197
BFGS:   83 20:42:45    -1075.872168        5.6757
BFGS:   84 20:42:45    -1076.103166        5.9100
BFGS:   85 20:42:45    -1076.332678        6.2175
BFGS:   86 20:42:45    -1076.556451        6.5316
BFGS:   87 20:42:45    -1076.776668        6.8383
BFGS:   88 20:42:45    -1076.990067        7.1369
BFGS:   89 20:42:45    -1077.199109        7.4136
BFGS:   90 20:42:45    -1077.400764        7.6879
BFGS:   91 20:42:45    -1077.598985        7.9647
BFGS:   92 20:42:45    -1077.823531        8.2295
BFGS:   93 20:42:45    -1078.099833        8.4732
BFGS:   94 20:42:45    -1078.447318        8.6899
BFGS:   95 20:42:45    -1078.885773        9.0230
BFGS:   96 20:42:46    -1079.435441        9.4112
BFGS:   97 20:42:46    -1080.116838        9.6999
BFGS:   98 20:42:46    -1080.977264       10.1453
BFGS:   99 20:42:46    -1082.027664       10.6268
BFGS:  100 20:42:46    -1082.980308       10.1776
BFGS:  101 20:42:46    -1083.906765       10.0280
BFGS:  102 20:42:46    -1084.804444        9.6424
BFGS:  103 20:42:46    -1085.654374        9.1132
BFGS:  104 20:42:46    -1086.461444        9.0146
BFGS:  105 20:42:46    -1087.227686        9.1735
BFGS:  106 20:42:46    -1087.973000        9.3348
BFGS:  107 20:42:46    -1088.694034        9.4664
BFGS:  108 20:42:46    -1089.412174        9.6658
BFGS:  109 20:42:46    -1090.127151       10.0075
BFGS:  110 20:42:46    -1090.850240       10.5665
BFGS:  111 20:42:46    -1091.571477       11.0470
BFGS:  112 20:42:46    -1092.258125       10.9233
BFGS:  113 20:42:46    -1092.875509        9.9439
BFGS:  114 20:42:46    -1093.409343        8.4489
BFGS:  115 20:42:46    -1093.867101        8.1658
BFGS:  116 20:42:46    -1094.271248        7.4014
BFGS:  117 20:42:46    -1094.654243        6.9007
BFGS:  118 20:42:46    -1095.072120        6.7475
BFGS:  119 20:42:46    -1095.476361        6.8774
BFGS:  120 20:42:46    -1095.900820        6.8766
BFGS:  121 20:42:46    -1096.338358        7.3143
BFGS:  122 20:42:46    -1096.927557        7.7953
BFGS:  123 20:42:46    -1097.735503        8.6810
BFGS:  124 20:42:46    -1098.669205        8.9998
BFGS:  125 20:42:46    -1099.636969        9.2211
BFGS:  126 20:42:46    -1100.557067        9.6640
BFGS:  127 20:42:46    -1101.370517        9.9507
BFGS:  128 20:42:46    -1101.995929       10.3134
BFGS:  129 20:42:46    -1102.459262        9.9246
BFGS:  130 20:42:46    -1102.862748        9.6775
BFGS:  131 20:42:46    -1103.230537        8.9878
BFGS:  132 20:42:46    -1103.668516        8.9298
BFGS:  133 20:42:47    -1104.129809        9.1891
BFGS:  134 20:42:47    -1104.608210        9.3876
BFGS:  135 20:42:47    -1105.078801        9.6499
BFGS:  136 20:42:47    -1105.506622        9.7429
BFGS:  137 20:42:47    -1105.892520        9.5810
BFGS:  138 20:42:47    -1106.277132        8.8830
BFGS:  139 20:42:47    -1106.667605        7.5353
BFGS:  140 20:42:47    -1107.031802        5.8083
BFGS:  141 20:42:47    -1107.362544        4.7833
BFGS:  142 20:42:47    -1107.709725        4.5374
BFGS:  143 20:42:47    -1108.056484        5.0476
BFGS:  144 20:42:47    -1108.350139        6.0539
BFGS:  145 20:42:47    -1108.628164        6.7922
BFGS:  146 20:42:47    -1108.891246        7.1760
BFGS:  147 20:42:47    -1109.154338        7.0293
BFGS:  148 20:42:47    -1109.422782        6.3701
BFGS:  149 20:42:47    -1109.697415        5.2768
BFGS:  150 20:42:47    -1109.971266        4.2995
BFGS:  151 20:42:47    -1110.209130        3.7746
BFGS:  152 20:42:47    -1110.405958        4.3164
BFGS:  153 20:42:47    -1110.551309        3.9522
BFGS:  154 20:42:47    -1110.670064        3.3621
BFGS:  155 20:42:47    -1110.777724        3.3710
BFGS:  156 20:42:47    -1110.873841        3.0774
BFGS:  157 20:42:47    -1111.008481        3.2699
BFGS:  158 20:42:47    -1111.081198        3.2505
BFGS:  159 20:42:47    -1111.206056        3.6344
BFGS:  160 20:42:47    -1111.318129        4.3287
BFGS:  161 20:42:47    -1111.427243        4.6302
BFGS:  162 20:42:47    -1111.549984        4.7629
BFGS:  163 20:42:47    -1111.699398        4.6443
BFGS:  164 20:42:47    -1111.813022        4.2640
BFGS:  165 20:42:47    -1111.888014        3.9677
BFGS:  166 20:42:47    -1111.994583        3.7565
BFGS:  167 20:42:47    -1112.075561        3.6444
BFGS:  168 20:42:47    -1112.136151        3.9521
BFGS:  169 20:42:47    -1112.204267        4.0122
BFGS:  170 20:42:47    -1112.279333        3.9787
BFGS:  171 20:42:47    -1112.355659        4.4804
BFGS:  172 20:42:48    -1112.437312        4.5378
BFGS:  173 20:42:48    -1112.517773        4.0879
BFGS:  174 20:42:48    -1112.567309        3.3946
BFGS:  175 20:42:48    -1112.590793        3.3735
BFGS:  176 20:42:48    -1112.610675        2.8448
BFGS:  177 20:42:48    -1112.628248        2.5960
BFGS:  178 20:42:48    -1112.645400        3.0440
BFGS:  179 20:42:48    -1112.663935        3.0324
BFGS:  180 20:42:48    -1112.684832        3.2235
BFGS:  181 20:42:48    -1112.716710        3.0519
BFGS:  182 20:42:48    -1112.752670        2.6122
BFGS:  183 20:42:48    -1112.791763        2.3663
BFGS:  184 20:42:48    -1112.841662        1.9106
BFGS:  185 20:42:48    -1112.880632        1.5329
BFGS:  186 20:42:48    -1112.914978        0.9959
BFGS:  187 20:42:48    -1112.933175        0.8425
BFGS:  188 20:42:48    -1112.942233        0.8433
BFGS:  189 20:42:48    -1112.947562        0.7195
BFGS:  190 20:42:48    -1112.951447        0.7420
BFGS:  191 20:42:48    -1112.953372        0.6818
BFGS:  192 20:42:48    -1112.955808        0.6431
BFGS:  193 20:42:48    -1112.958267        0.4999
BFGS:  194 20:42:48    -1112.960546        0.3716
BFGS:  195 20:42:48    -1112.961845        0.3713
BFGS:  196 20:42:48    -1112.962598        0.3298
BFGS:  197 20:42:48    -1112.963142        0.2810
BFGS:  198 20:42:48    -1112.963595        0.2739
BFGS:  199 20:42:48    -1112.963954        0.2649
BFGS:  200 20:42:48    -1112.964270        0.2760
BFGS:  201 20:42:48    -1112.964616        0.2893
BFGS:  202 20:42:48    -1112.965031        0.2881
BFGS:  203 20:42:48    -1112.965488        0.3110
BFGS:  204 20:42:48    -1112.965895        0.3259
BFGS:  205 20:42:48    -1112.966191        0.3285
BFGS:  206 20:42:48    -1112.966386        0.3197
BFGS:  207 20:42:48    -1112.966523        0.3112
BFGS:  208 20:42:48    -1112.966633        0.3059
BFGS:  209 20:42:48    -1112.966744        0.3069
BFGS:  210 20:42:48    -1112.966886        0.3118
BFGS:  211 20:42:48    -1112.967092        0.3684
BFGS:  212 20:42:49    -1112.967378        0.4211
BFGS:  213 20:42:49    -1112.967716        0.4154
BFGS:  214 20:42:49    -1112.968030        0.3656
BFGS:  215 20:42:49    -1112.968267        0.3128
BFGS:  216 20:42:49    -1112.968448        0.2828
BFGS:  217 20:42:49    -1112.968639        0.2769
BFGS:  218 20:42:49    -1112.968869        0.2828
BFGS:  219 20:42:49    -1112.969129        0.3128
BFGS:  220 20:42:49    -1112.969362        0.3395
BFGS:  221 20:42:49    -1112.969515        0.3236
BFGS:  222 20:42:49    -1112.969597        0.2807
BFGS:  223 20:42:49    -1112.969650        0.2390
BFGS:  224 20:42:49    -1112.969695        0.2368
BFGS:  225 20:42:49    -1112.969736        0.2338
BFGS:  226 20:42:49    -1112.969773        0.2276
BFGS:  227 20:42:49    -1112.969814        0.2177
BFGS:  228 20:42:49    -1112.969879        0.2288
BFGS:  229 20:42:49    -1112.970000        0.2597
BFGS:  230 20:42:49    -1112.970228        0.2877
BFGS:  231 20:42:49    -1112.970598        0.2863
BFGS:  232 20:42:49    -1112.971053        0.2275
BFGS:  233 20:42:49    -1112.971439        0.1278
BFGS:  234 20:42:49    -1112.971675        0.0773
