      Step     Time          Energy         fmax
BFGS:    0 20:40:11     -962.584858       36.3151
BFGS:    1 20:40:11     -969.492636       37.1433
BFGS:    2 20:40:11     -976.110574       38.1786
BFGS:    3 20:40:11     -981.809100       36.5260
BFGS:    4 20:40:11     -987.983033       32.7061
BFGS:    5 20:40:11     -993.134751       31.5781
BFGS:    6 20:40:11     -997.948822       29.8034
BFGS:    7 20:40:11    -1002.784761       28.5659
BFGS:    8 20:40:11    -1007.591560       27.9914
BFGS:    9 20:40:11    -1012.518631       27.0392
BFGS:   10 20:40:11    -1017.363724       26.3530
BFGS:   11 20:40:11    -1021.906493       26.3035
BFGS:   12 20:40:11    -1026.263574       26.7112
BFGS:   13 20:40:11    -1030.158482       27.4024
BFGS:   14 20:40:11    -1034.357682       27.6414
BFGS:   15 20:40:11    -1038.259298       27.8055
BFGS:   16 20:40:11    -1042.185167       28.1663
BFGS:   17 20:40:11    -1045.829085       28.3141
BFGS:   18 20:40:11    -1050.794092       28.3493
BFGS:   19 20:40:11    -1054.981578       27.8142
BFGS:   20 20:40:11    -1058.619381       26.6815
BFGS:   21 20:40:11    -1061.821169       24.6679
BFGS:   22 20:40:11    -1064.875797       21.9904
BFGS:   23 20:40:12    -1067.840467       18.7428
BFGS:   24 20:40:12    -1070.620368       14.6697
BFGS:   25 20:40:12    -1072.810699       12.4246
BFGS:   26 20:40:12    -1074.478796        9.5340
BFGS:   27 20:40:12    -1075.849585        8.3911
BFGS:   28 20:40:12    -1077.019214        7.2076
BFGS:   29 20:40:12    -1078.049769        6.3954
BFGS:   30 20:40:12    -1079.004501        5.6500
BFGS:   31 20:40:12    -1079.924114        5.2851
BFGS:   32 20:40:12    -1080.831079        4.7752
BFGS:   33 20:40:12    -1081.773324        4.2371
BFGS:   34 20:40:12    -1082.637773        4.1669
BFGS:   35 20:40:12    -1083.495524        4.6212
BFGS:   36 20:40:12    -1084.325832        5.1116
BFGS:   37 20:40:12    -1085.055565        5.0476
BFGS:   38 20:40:12    -1085.651614        4.9797
BFGS:   39 20:40:12    -1086.189986        4.5294
BFGS:   40 20:40:12    -1086.694722        4.3552
BFGS:   41 20:40:12    -1087.186930        4.0283
BFGS:   42 20:40:12    -1087.683234        3.5754
BFGS:   43 20:40:12    -1088.186605        3.8271
BFGS:   44 20:40:12    -1088.702174        4.2732
BFGS:   45 20:40:12    -1089.220468        4.6755
BFGS:   46 20:40:12    -1089.727763        4.9103
BFGS:   47 20:40:12    -1090.209392        4.9093
BFGS:   48 20:40:12    -1090.637330        4.5991
BFGS:   49 20:40:12    -1091.011836        3.9696
BFGS:   50 20:40:12    -1091.308220        3.1981
BFGS:   51 20:40:12    -1091.560007        2.8165
BFGS:   52 20:40:12    -1091.788141        1.9834
BFGS:   53 20:40:12    -1092.016176        2.2948
BFGS:   54 20:40:12    -1092.262676        2.1053
BFGS:   55 20:40:12    -1092.484988        1.7212
BFGS:   56 20:40:12    -1092.639368        1.4005
BFGS:   57 20:40:12    -1092.731391        0.9181
BFGS:   58 20:40:13    -1092.789467        0.8619
BFGS:   59 20:40:13    -1092.849421        0.8589
BFGS:   60 20:40:13    -1092.881266        0.8871
BFGS:   61 20:40:13    -1092.910108        0.8365
BFGS:   62 20:40:13    -1092.938671        0.8558
BFGS:   63 20:40:13    -1092.973547        0.9228
BFGS:   64 20:40:13    -1093.026924        1.1061
BFGS:   65 20:40:13    -1093.085709        1.3778
BFGS:   66 20:40:13    -1093.145068        1.5028
BFGS:   67 20:40:13    -1093.210927        1.3804
BFGS:   68 20:40:13    -1093.318949        1.3795
BFGS:   69 20:40:13    -1093.446644        1.3248
BFGS:   70 20:40:13    -1093.585071        1.2078
BFGS:   71 20:40:13    -1093.699395        1.5831
BFGS:   72 20:40:13    -1093.794381        1.5737
BFGS:   73 20:40:13    -1093.904554        1.5613
BFGS:   74 20:40:13    -1094.002272        1.7488
BFGS:   75 20:40:13    -1094.078609        1.8540
BFGS:   76 20:40:13    -1094.158266        1.7260
BFGS:   77 20:40:13    -1094.236807        1.3180
BFGS:   78 20:40:13    -1094.284827        0.9968
BFGS:   79 20:40:13    -1094.322158        0.8497
BFGS:   80 20:40:13    -1094.370968        0.7611
BFGS:   81 20:40:13    -1094.396759        0.6394
BFGS:   82 20:40:13    -1094.408123        0.8556
BFGS:   83 20:40:13    -1094.434366        0.7111
BFGS:   84 20:40:13    -1094.451092        0.9650
BFGS:   85 20:40:13    -1094.480645        0.9390
BFGS:   86 20:40:13    -1094.535581        1.0053
BFGS:   87 20:40:13    -1094.570619        1.1495
BFGS:   88 20:40:13    -1094.609068        0.9450
BFGS:   89 20:40:13    -1094.641356        0.9284
BFGS:   90 20:40:13    -1094.681340        1.1348
BFGS:   91 20:40:13    -1094.717019        1.3547
BFGS:   92 20:40:13    -1094.782279        2.2621
BFGS:   93 20:40:13    -1094.850502        3.4437
BFGS:   94 20:40:13    -1094.911571        4.5620
BFGS:   95 20:40:14    -1094.981658        5.1762
BFGS:   96 20:40:14    -1095.096132        5.3226
BFGS:   97 20:40:14    -1095.272500        5.1433
BFGS:   98 20:40:14    -1095.473325        4.7125
BFGS:   99 20:40:14    -1095.652675        4.1891
BFGS:  100 20:40:14    -1095.838550        3.6069
BFGS:  101 20:40:14    -1095.996657        3.2444
BFGS:  102 20:40:14    -1096.158314        2.9177
BFGS:  103 20:40:14    -1096.300635        2.5766
BFGS:  104 20:40:14    -1096.450702        2.3667
BFGS:  105 20:40:14    -1096.555716        2.2271
BFGS:  106 20:40:14    -1096.603473        2.0954
BFGS:  107 20:40:14    -1096.632370        1.6892
BFGS:  108 20:40:14    -1096.666250        1.6519
BFGS:  109 20:40:14    -1096.700305        1.6143
BFGS:  110 20:40:14    -1096.740402        1.3755
BFGS:  111 20:40:14    -1096.779810        1.4410
BFGS:  112 20:40:14    -1096.817145        1.2170
BFGS:  113 20:40:14    -1096.853641        1.2857
BFGS:  114 20:40:14    -1096.886960        1.2962
BFGS:  115 20:40:14    -1096.912243        1.3786
BFGS:  116 20:40:14    -1096.948422        1.4027
BFGS:  117 20:40:14    -1096.990243        1.3139
BFGS:  118 20:40:14    -1097.030991        1.2256
BFGS:  119 20:40:14    -1097.076217        1.1471
BFGS:  120 20:40:14    -1097.104018        0.7577
BFGS:  121 20:40:14    -1097.113700        0.4950
BFGS:  122 20:40:14    -1097.124025        0.5740
BFGS:  123 20:40:14    -1097.129907        0.5409
BFGS:  124 20:40:14    -1097.135332        0.4983
BFGS:  125 20:40:14    -1097.137646        0.4726
BFGS:  126 20:40:14    -1097.139955        0.4284
BFGS:  127 20:40:14    -1097.141679        0.4053
BFGS:  128 20:40:14    -1097.143630        0.3436
BFGS:  129 20:40:14    -1097.145775        0.3214
BFGS:  130 20:40:14    -1097.148764        0.3189
BFGS:  131 20:40:14    -1097.152949        0.3258
BFGS:  132 20:40:14    -1097.157252        0.3503
BFGS:  133 20:40:15    -1097.161113        0.3024
BFGS:  134 20:40:15    -1097.163054        0.3118
BFGS:  135 20:40:15    -1097.164016        0.3175
BFGS:  136 20:40:15    -1097.164856        0.3195
BFGS:  137 20:40:15    -1097.165468        0.2814
BFGS:  138 20:40:15    -1097.165898        0.2320
BFGS:  139 20:40:15    -1097.166165        0.1797
BFGS:  140 20:40:15    -1097.166419        0.1303
BFGS:  141 20:40:15    -1097.166747        0.1120
BFGS:  142 20:40:15    -1097.167126        0.1022
BFGS:  143 20:40:15    -1097.167471        0.0812
