      Step     Time          Energy         fmax
BFGS:    0 20:42:13     -622.500244      263.4041
BFGS:    1 20:42:13     -659.297715      257.2909
BFGS:    2 20:42:13     -695.925180      248.0302
BFGS:    3 20:42:13     -726.105804      232.9932
BFGS:    4 20:42:13     -757.177631      220.0010
BFGS:    5 20:42:13     -787.121692      198.9882
BFGS:    6 20:42:13     -811.823460      182.4556
BFGS:    7 20:42:13     -831.547494      165.4618
BFGS:    8 20:42:13     -851.614716      148.8202
BFGS:    9 20:42:13     -867.649311      140.0378
BFGS:   10 20:42:13     -881.549233      131.2209
BFGS:   11 20:42:13     -893.385564      122.3686
BFGS:   12 20:42:13     -904.754700      114.0376
BFGS:   13 20:42:13     -915.071904      107.1050
BFGS:   14 20:42:13     -924.587509       99.4293
BFGS:   15 20:42:13     -934.464153       91.6748
BFGS:   16 20:42:13     -943.074057       84.8149
BFGS:   17 20:42:13     -949.396823       80.4376
BFGS:   18 20:42:13     -955.287877       76.6320
BFGS:   19 20:42:13     -961.044257       73.3755
BFGS:   20 20:42:13     -967.409154       70.2365
BFGS:   21 20:42:14     -974.467195       66.7236
BFGS:   22 20:42:14     -980.202106       64.2419
BFGS:   23 20:42:14     -986.152789       61.2589
BFGS:   24 20:42:14     -991.562579       58.6665
BFGS:   25 20:42:14     -995.830484       56.8039
BFGS:   26 20:42:14     -999.690126       54.0158
BFGS:   27 20:42:14    -1003.072641       51.6594
BFGS:   28 20:42:14    -1006.621334       48.9680
BFGS:   29 20:42:14    -1009.905881       46.0417
BFGS:   30 20:42:14    -1013.064700       43.6525
BFGS:   31 20:42:14    -1016.187554       41.2407
BFGS:   32 20:42:14    -1019.399561       38.7516
BFGS:   33 20:42:14    -1022.740896       36.6239
BFGS:   34 20:42:14    -1026.074118       33.6069
BFGS:   35 20:42:14    -1028.803208       31.7412
BFGS:   36 20:42:14    -1031.330640       29.3789
BFGS:   37 20:42:14    -1033.650938       27.3428
BFGS:   38 20:42:14    -1035.944829       25.2077
BFGS:   39 20:42:14    -1038.074710       23.8551
BFGS:   40 20:42:14    -1040.092673       23.5629
BFGS:   41 20:42:14    -1042.136872       22.9632
BFGS:   42 20:42:14    -1044.052701       22.4334
BFGS:   43 20:42:14    -1045.746167       21.8866
BFGS:   44 20:42:14    -1047.360371       21.3726
BFGS:   45 20:42:15    -1048.936646       20.8566
BFGS:   46 20:42:15    -1050.483052       20.2699
BFGS:   47 20:42:15    -1051.993941       19.5370
BFGS:   48 20:42:15    -1053.474909       18.6760
BFGS:   49 20:42:15    -1054.871872       17.4829
BFGS:   50 20:42:15    -1056.166779       16.2497
BFGS:   51 20:42:15    -1057.324634       14.8244
BFGS:   52 20:42:15    -1058.388022       13.3345
BFGS:   53 20:42:15    -1059.382455       11.7615
BFGS:   54 20:42:15    -1060.171895       10.5515
BFGS:   55 20:42:15    -1060.822051        9.4434
BFGS:   56 20:42:15    -1061.380597        8.9215
BFGS:   57 20:42:15    -1061.871585        8.0993
BFGS:   58 20:42:15    -1062.304871        7.7089
BFGS:   59 20:42:15    -1062.698599        7.2608
BFGS:   60 20:42:15    -1063.061251        6.8477
BFGS:   61 20:42:15    -1063.404265        6.4521
BFGS:   62 20:42:15    -1063.735713        5.9207
BFGS:   63 20:42:15    -1064.062634        5.3185
BFGS:   64 20:42:15    -1064.392775        4.7413
BFGS:   65 20:42:15    -1064.744391        4.5491
BFGS:   66 20:42:15    -1065.049838        4.3075
BFGS:   67 20:42:15    -1065.343680        4.4911
BFGS:   68 20:42:15    -1065.622785        4.3142
BFGS:   69 20:42:15    -1065.921493        4.1812
BFGS:   70 20:42:15    -1066.205653        4.2989
BFGS:   71 20:42:15    -1066.458952        5.3313
BFGS:   72 20:42:16    -1066.689234        6.1689
BFGS:   73 20:42:16    -1066.910466        6.9303
BFGS:   74 20:42:16    -1067.123948        7.4636
BFGS:   75 20:42:16    -1067.343876        7.9795
BFGS:   76 20:42:16    -1067.570838        8.2408
BFGS:   77 20:42:16    -1067.814630        8.4208
BFGS:   78 20:42:16    -1068.075984        8.3220
BFGS:   79 20:42:16    -1068.376595        8.2158
BFGS:   80 20:42:16    -1068.660727        7.6412
BFGS:   81 20:42:16    -1068.934107        7.2981
BFGS:   82 20:42:16    -1069.212589        6.8756
BFGS:   83 20:42:16    -1069.493261        6.4718
BFGS:   84 20:42:16    -1069.772823        6.0699
BFGS:   85 20:42:16    -1070.045166        6.1722
BFGS:   86 20:42:16    -1070.309414        6.9546
BFGS:   87 20:42:16    -1070.555750        7.7612
BFGS:   88 20:42:16    -1070.788697        8.5876
BFGS:   89 20:42:16    -1071.004537        9.2378
BFGS:   90 20:42:16    -1071.206507        9.7188
BFGS:   91 20:42:16    -1071.397897        9.6762
BFGS:   92 20:42:16    -1071.619093        9.4718
BFGS:   93 20:42:16    -1071.884531        9.9904
BFGS:   94 20:42:16    -1072.180813       10.3055
BFGS:   95 20:42:16    -1072.486234       10.3160
BFGS:   96 20:42:16    -1072.806034       10.9946
BFGS:   97 20:42:16    -1073.183844        9.7378
BFGS:   98 20:42:16    -1073.508686        8.3850
BFGS:   99 20:42:16    -1073.768300        6.8053
BFGS:  100 20:42:16    -1074.091156        6.3158
BFGS:  101 20:42:17    -1074.411926        5.5702
BFGS:  102 20:42:17    -1074.713863        4.6412
BFGS:  103 20:42:17    -1074.960343        3.8819
BFGS:  104 20:42:17    -1075.110325        3.0562
BFGS:  105 20:42:17    -1075.243923        2.5712
BFGS:  106 20:42:17    -1075.369132        2.5527
BFGS:  107 20:42:17    -1075.480795        2.5659
BFGS:  108 20:42:17    -1075.564502        2.5326
BFGS:  109 20:42:17    -1075.670399        3.1013
BFGS:  110 20:42:17    -1075.790090        2.9477
BFGS:  111 20:42:17    -1075.963773        2.4780
BFGS:  112 20:42:17    -1076.102743        3.1698
BFGS:  113 20:42:17    -1076.240204        3.3263
BFGS:  114 20:42:17    -1076.390480        2.6733
BFGS:  115 20:42:17    -1076.468334        1.8229
BFGS:  116 20:42:17    -1076.488170        1.5914
BFGS:  117 20:42:17    -1076.536833        1.6089
BFGS:  118 20:42:17    -1076.566758        1.4282
BFGS:  119 20:42:17    -1076.588909        1.7198
BFGS:  120 20:42:17    -1076.608157        1.5811
BFGS:  121 20:42:17    -1076.619321        1.5878
BFGS:  122 20:42:17    -1076.626720        1.5952
BFGS:  123 20:42:17    -1076.612670        2.1418
BFGS:  124 20:42:17    -1076.637421        1.3664
BFGS:  125 20:42:17    -1076.642713        1.2628
BFGS:  126 20:42:17    -1076.647022        1.2635
BFGS:  127 20:42:17    -1076.655729        1.3260
BFGS:  128 20:42:17    -1076.661708        1.2430
BFGS:  129 20:42:17    -1076.667099        1.2109
BFGS:  130 20:42:17    -1076.671014        0.8662
BFGS:  131 20:42:18    -1076.677745        1.0176
BFGS:  132 20:42:18    -1076.683196        1.0945
BFGS:  133 20:42:18    -1076.687798        1.1087
BFGS:  134 20:42:18    -1076.689818        1.0804
BFGS:  135 20:42:18    -1076.692805        1.1317
BFGS:  136 20:42:18    -1076.696437        0.7782
BFGS:  137 20:42:18    -1076.698850        0.7740
BFGS:  138 20:42:18    -1076.697559        1.6576
BFGS:  139 20:42:18    -1076.702249        1.1629
BFGS:  140 20:42:18    -1076.705297        0.8050
BFGS:  141 20:42:18    -1076.707565        0.8788
BFGS:  142 20:42:18    -1076.713564        0.9552
BFGS:  143 20:42:18    -1076.716443        0.9686
BFGS:  144 20:42:18    -1076.718903        1.0674
BFGS:  145 20:42:18    -1076.721502        1.0181
BFGS:  146 20:42:18    -1076.725126        1.0738
BFGS:  147 20:42:18    -1076.728419        1.0731
BFGS:  148 20:42:18    -1076.728590        0.9033
BFGS:  149 20:42:18    -1076.733638        0.8310
BFGS:  150 20:42:18    -1076.730610        1.2475
BFGS:  151 20:42:18    -1076.737071        1.1960
BFGS:  152 20:42:18    -1076.734923        0.8720
BFGS:  153 20:42:18    -1076.740862        0.7620
BFGS:  154 20:42:18    -1076.743641        0.7243
BFGS:  155 20:42:18    -1076.740783        1.4419
BFGS:  156 20:42:18    -1076.746326        1.3421
BFGS:  157 20:42:18    -1076.746383        0.9774
BFGS:  158 20:42:18    -1076.753955        1.3064
BFGS:  159 20:42:18    -1076.756416        0.6822
BFGS:  160 20:42:18    -1076.741486        2.6343
BFGS:  161 20:42:18    -1076.758663        1.3283
BFGS:  162 20:42:19    -1076.760823        0.6145
BFGS:  163 20:42:19    -1076.762563        1.3996
BFGS:  164 20:42:19    -1076.749228        1.6883
BFGS:  165 20:42:19    -1076.764432        1.4873
BFGS:  166 20:42:19    -1076.747902        1.3889
BFGS:  167 20:42:19    -1076.759691        0.5667
BFGS:  168 20:42:19    -1076.760497        1.5974
BFGS:  169 20:42:19    -1076.764569        1.5512
BFGS:  170 20:42:19    -1076.766450        0.3882
BFGS:  171 20:42:19    -1076.736741        2.4367
BFGS:  172 20:42:19    -1076.768671        1.5656
BFGS:  173 20:42:19    -1076.753466        1.1025
BFGS:  174 20:42:19    -1076.764962        0.3548
BFGS:  175 20:42:19    -1076.764047        1.7583
BFGS:  176 20:42:19    -1076.770246        0.2760
BFGS:  177 20:42:19    -1076.772427        0.2936
BFGS:  178 20:42:19    -1076.741787        2.4992
BFGS:  179 20:42:19    -1076.772164        1.5851
BFGS:  180 20:42:19    -1076.768353        0.4023
BFGS:  181 20:42:19    -1076.774397        0.2645
BFGS:  182 20:42:19    -1076.759448        2.5520
BFGS:  183 20:42:19    -1076.779132        1.5579
BFGS:  184 20:42:19    -1076.771627        0.4379
BFGS:  185 20:42:19    -1076.778164        0.2691
BFGS:  186 20:42:19    -1076.773001        1.8270
BFGS:  187 20:42:19    -1076.784966        0.5755
BFGS:  188 20:42:19    -1076.785792        1.5783
BFGS:  189 20:42:19    -1076.790001        1.5262
BFGS:  190 20:42:19    -1076.785070        2.2114
BFGS:  191 20:42:19    -1076.795947        1.5945
BFGS:  192 20:42:20    -1076.796826        1.6420
BFGS:  193 20:42:20    -1076.797721        2.2932
BFGS:  194 20:42:20    -1076.803538        2.1671
BFGS:  195 20:42:20    -1076.798664        1.8213
BFGS:  196 20:42:20    -1076.808977        2.1692
BFGS:  197 20:42:20    -1076.804061        2.9237
BFGS:  198 20:42:20    -1076.817435        2.4660
BFGS:  199 20:42:20    -1076.823635        2.6484
BFGS:  200 20:42:20    -1076.834967        2.9200
BFGS:  201 20:42:20    -1076.856508        2.9537
BFGS:  202 20:42:20    -1076.844971        3.0134
BFGS:  203 20:42:20    -1076.877699        2.6640
BFGS:  204 20:42:20    -1076.891773        2.5643
BFGS:  205 20:42:20    -1076.923836        2.5438
BFGS:  206 20:42:20    -1076.943414        2.3362
BFGS:  207 20:42:20    -1076.955402        2.1878
BFGS:  208 20:42:20    -1076.971504        2.2950
BFGS:  209 20:42:20    -1076.997933        2.2910
BFGS:  210 20:42:20    -1077.020000        2.1081
BFGS:  211 20:42:20    -1077.063712        1.8469
BFGS:  212 20:42:20    -1077.099233        1.9040
BFGS:  213 20:42:20    -1077.141769        2.0662
BFGS:  214 20:42:20    -1077.176728        1.9133
BFGS:  215 20:42:20    -1077.213676        1.8112
BFGS:  216 20:42:20    -1077.253026        1.5514
BFGS:  217 20:42:20    -1077.279694        1.7202
BFGS:  218 20:42:20    -1077.308360        1.6358
BFGS:  219 20:42:20    -1077.342051        1.1854
BFGS:  220 20:42:20    -1077.355114        0.8833
BFGS:  221 20:42:20    -1077.367992        0.7111
BFGS:  222 20:42:21    -1077.375650        0.7428
BFGS:  223 20:42:21    -1077.386403        0.9104
BFGS:  224 20:42:21    -1077.401169        1.1555
BFGS:  225 20:42:21    -1077.461960        1.5227
BFGS:  226 20:42:21    -1077.555868        2.0668
BFGS:  227 20:42:21    -1077.667875        2.8022
BFGS:  228 20:42:21    -1077.800450        4.6438
BFGS:  229 20:42:21    -1078.000182        4.9761
BFGS:  230 20:42:21    -1078.200120        5.3787
BFGS:  231 20:42:21    -1078.403548        5.3089
BFGS:  232 20:42:21    -1078.598307        5.0737
BFGS:  233 20:42:21    -1078.771847        4.5160
BFGS:  234 20:42:21    -1078.915764        4.1284
BFGS:  235 20:42:21    -1079.034204        5.2080
BFGS:  236 20:42:21    -1079.177378        5.1200
BFGS:  237 20:42:21    -1079.315743        4.6783
BFGS:  238 20:42:21    -1079.415620        3.5132
BFGS:  239 20:42:21    -1079.483955        3.4217
BFGS:  240 20:42:21    -1079.540256        3.4514
BFGS:  241 20:42:21    -1079.600369        3.4043
BFGS:  242 20:42:21    -1079.660779        3.4654
BFGS:  243 20:42:21    -1079.707032        4.0303
BFGS:  244 20:42:21    -1079.758451        3.8759
BFGS:  245 20:42:21    -1079.803886        4.3334
BFGS:  246 20:42:21    -1079.854261        3.5166
BFGS:  247 20:42:21    -1079.933692        4.2293
BFGS:  248 20:42:21    -1080.026125        4.9237
BFGS:  249 20:42:21    -1080.116087        5.4187
BFGS:  250 20:42:21    -1080.204112        5.6573
BFGS:  251 20:42:21    -1080.288453        5.6202
BFGS:  252 20:42:21    -1080.368580        6.0623
BFGS:  253 20:42:22    -1080.418859        6.3897
BFGS:  254 20:42:22    -1080.465046        6.5831
BFGS:  255 20:42:22    -1080.527406        6.6517
BFGS:  256 20:42:22    -1080.597157        6.8009
BFGS:  257 20:42:22    -1080.657896        6.2991
BFGS:  258 20:42:22    -1080.711216        5.6155
BFGS:  259 20:42:22    -1080.762361        5.7524
BFGS:  260 20:42:22    -1080.805379        5.7083
BFGS:  261 20:42:22    -1080.863771        5.6321
BFGS:  262 20:42:22    -1080.928721        5.4719
BFGS:  263 20:42:22    -1080.988440        5.3086
BFGS:  264 20:42:22    -1081.082292        5.2825
BFGS:  265 20:42:22    -1081.166572        5.7254
BFGS:  266 20:42:22    -1081.311139        6.0376
BFGS:  267 20:42:22    -1081.411053        6.3492
BFGS:  268 20:42:22    -1081.512327        6.5625
BFGS:  269 20:42:22    -1081.609134        6.5523
BFGS:  270 20:42:22    -1081.714845        6.3593
BFGS:  271 20:42:22    -1081.851723        6.1128
BFGS:  272 20:42:22    -1082.025035        6.8359
BFGS:  273 20:42:22    -1082.155544        7.0405
BFGS:  274 20:42:22    -1082.335187        7.3190
BFGS:  275 20:42:22    -1082.428175        6.6650
BFGS:  276 20:42:22    -1082.579268        5.8178
BFGS:  277 20:42:22    -1082.726604        5.4878
BFGS:  278 20:42:22    -1082.917431        5.1015
BFGS:  279 20:42:22    -1083.090689        5.1248
BFGS:  280 20:42:22    -1083.289708        4.9599
BFGS:  281 20:42:22    -1083.491865        5.0842
BFGS:  282 20:42:22    -1083.725819        5.1247
BFGS:  283 20:42:22    -1083.963339        5.2727
BFGS:  284 20:42:22    -1084.193760        5.4589
BFGS:  285 20:42:22    -1084.405134        5.7391
BFGS:  286 20:42:23    -1084.603163        6.1252
BFGS:  287 20:42:23    -1084.829065        6.4616
BFGS:  288 20:42:23    -1085.086182        6.6870
BFGS:  289 20:42:23    -1085.376633        6.9556
BFGS:  290 20:42:23    -1085.750366        7.4208
BFGS:  291 20:42:23    -1086.124582        7.7988
BFGS:  292 20:42:23    -1086.524489        7.9893
BFGS:  293 20:42:23    -1086.928723        8.7251
BFGS:  294 20:42:23    -1087.316424        8.6390
BFGS:  295 20:42:23    -1087.854182        7.5970
BFGS:  296 20:42:23    -1088.457729        6.6404
BFGS:  297 20:42:23    -1089.076347        6.6977
BFGS:  298 20:42:23    -1089.624933        6.3886
BFGS:  299 20:42:23    -1090.209429        6.1159
BFGS:  300 20:42:23    -1090.772548        5.9048
BFGS:  301 20:42:23    -1091.338513        5.6268
BFGS:  302 20:42:23    -1091.874722        5.3641
BFGS:  303 20:42:23    -1092.425052        5.8139
BFGS:  304 20:42:23    -1092.901640        5.7834
BFGS:  305 20:42:23    -1093.425247        5.2089
BFGS:  306 20:42:23    -1093.928058        4.8473
BFGS:  307 20:42:23    -1094.363307        5.0171
BFGS:  308 20:42:23    -1094.784335        4.8877
BFGS:  309 20:42:23    -1095.146271        4.6893
BFGS:  310 20:42:23    -1095.481266        4.0609
BFGS:  311 20:42:23    -1095.778734        3.6698
BFGS:  312 20:42:23    -1096.009029        3.3467
BFGS:  313 20:42:23    -1096.172392        2.7921
BFGS:  314 20:42:23    -1096.284435        2.6230
BFGS:  315 20:42:23    -1096.378887        2.4502
BFGS:  316 20:42:23    -1096.459769        2.0693
BFGS:  317 20:42:23    -1096.567640        2.0037
BFGS:  318 20:42:23    -1096.624042        1.8935
BFGS:  319 20:42:23    -1096.689167        1.5413
BFGS:  320 20:42:24    -1096.734326        1.1690
BFGS:  321 20:42:24    -1096.794224        1.7861
BFGS:  322 20:42:24    -1096.866380        2.4334
BFGS:  323 20:42:24    -1096.934346        2.8363
BFGS:  324 20:42:24    -1096.997260        2.8495
BFGS:  325 20:42:24    -1097.098963        2.8154
BFGS:  326 20:42:24    -1097.211776        2.4754
BFGS:  327 20:42:24    -1097.288157        2.5507
BFGS:  328 20:42:24    -1097.339549        2.4874
BFGS:  329 20:42:24    -1097.382919        2.6305
BFGS:  330 20:42:24    -1097.451594        2.4080
BFGS:  331 20:42:24    -1097.534670        1.8548
BFGS:  332 20:42:24    -1097.572479        1.6318
BFGS:  333 20:42:24    -1097.613913        1.6340
BFGS:  334 20:42:24    -1097.652456        1.6468
BFGS:  335 20:42:24    -1097.688149        1.5689
BFGS:  336 20:42:24    -1097.719853        1.2052
BFGS:  337 20:42:24    -1097.745536        1.1217
BFGS:  338 20:42:24    -1097.755761        1.1011
BFGS:  339 20:42:24    -1097.769489        1.2370
BFGS:  340 20:42:24    -1097.779576        1.3263
BFGS:  341 20:42:24    -1097.803750        1.6811
BFGS:  342 20:42:24    -1097.826235        2.0923
BFGS:  343 20:42:24    -1097.857106        2.2282
BFGS:  344 20:42:24    -1097.911725        2.1892
BFGS:  345 20:42:24    -1097.978606        2.0691
BFGS:  346 20:42:24    -1098.022369        2.3740
BFGS:  347 20:42:24    -1098.059246        3.2819
BFGS:  348 20:42:24    -1098.098591        2.7124
BFGS:  349 20:42:24    -1098.134055        2.8704
BFGS:  350 20:42:24    -1098.165300        2.9404
BFGS:  351 20:42:24    -1098.192452        2.8505
BFGS:  352 20:42:24    -1098.210712        2.6905
BFGS:  353 20:42:24    -1098.223630        2.5418
BFGS:  354 20:42:24    -1098.237357        2.6494
BFGS:  355 20:42:25    -1098.246552        2.6339
BFGS:  356 20:42:25    -1098.259468        2.7410
BFGS:  357 20:42:25    -1098.268488        2.7351
BFGS:  358 20:42:25    -1098.273528        2.6338
BFGS:  359 20:42:25    -1098.276913        2.5968
BFGS:  360 20:42:25    -1098.279732        2.5328
BFGS:  361 20:42:25    -1098.283051        2.5275
BFGS:  362 20:42:25    -1098.287669        2.4729
BFGS:  363 20:42:25    -1098.295000        2.4975
BFGS:  364 20:42:25    -1098.305660        2.3816
BFGS:  365 20:42:25    -1098.318865        2.4550
BFGS:  366 20:42:25    -1098.332690        2.2788
BFGS:  367 20:42:25    -1098.345670        2.2606
BFGS:  368 20:42:25    -1098.355341        2.1370
BFGS:  369 20:42:25    -1098.362829        2.2264
BFGS:  370 20:42:25    -1098.369905        2.2953
BFGS:  371 20:42:25    -1098.375739        2.3519
BFGS:  372 20:42:25    -1098.382719        2.3193
BFGS:  373 20:42:25    -1098.390639        2.3503
BFGS:  374 20:42:25    -1098.400323        2.3438
BFGS:  375 20:42:25    -1098.408113        2.3200
BFGS:  376 20:42:25    -1098.415207        2.2139
BFGS:  377 20:42:25    -1098.421864        2.0323
BFGS:  378 20:42:25    -1098.429286        2.0415
BFGS:  379 20:42:25    -1098.435119        1.9651
BFGS:  380 20:42:25    -1098.439245        1.9845
BFGS:  381 20:42:25    -1098.441275        1.9908
BFGS:  382 20:42:25    -1098.443223        2.0186
BFGS:  383 20:42:25    -1098.445639        2.0422
BFGS:  384 20:42:25    -1098.448932        2.0382
BFGS:  385 20:42:25    -1098.452927        2.0807
BFGS:  386 20:42:25    -1098.456945        2.0985
BFGS:  387 20:42:25    -1098.460898        2.0846
BFGS:  388 20:42:25    -1098.465027        2.1375
BFGS:  389 20:42:25    -1098.469548        2.2129
BFGS:  390 20:42:26    -1098.473023        2.1950
BFGS:  391 20:42:26    -1098.476543        2.1405
BFGS:  392 20:42:26    -1098.477582        2.1508
BFGS:  393 20:42:26    -1098.478323        2.1403
BFGS:  394 20:42:26    -1098.478724        2.1552
BFGS:  395 20:42:26    -1098.479066        2.1714
BFGS:  396 20:42:26    -1098.479340        2.1933
BFGS:  397 20:42:26    -1098.479658        2.2214
BFGS:  398 20:42:26    -1098.480024        2.2673
BFGS:  399 20:42:26    -1098.480470        2.2563
BFGS:  400 20:42:26    -1098.481820        2.2206
BFGS:  401 20:42:26    -1098.482290        2.2041
BFGS:  402 20:42:26    -1098.483054        2.1949
BFGS:  403 20:42:26    -1098.483423        2.1982
BFGS:  404 20:42:26    -1098.483756        2.2163
BFGS:  405 20:42:26    -1098.484005        2.2358
BFGS:  406 20:42:26    -1098.484201        2.2377
BFGS:  407 20:42:26    -1098.484543        2.2440
BFGS:  408 20:42:26    -1098.484809        2.2449
BFGS:  409 20:42:26    -1098.486036        2.2486
BFGS:  410 20:42:26    -1098.487396        2.2495
BFGS:  411 20:42:26    -1098.490938        2.2745
BFGS:  412 20:42:26    -1098.494666        2.3102
BFGS:  413 20:42:26    -1098.501212        2.3992
BFGS:  414 20:42:26    -1098.509707        2.5342
BFGS:  415 20:42:26    -1098.521663        2.7403
BFGS:  416 20:42:26    -1098.528106        3.0077
BFGS:  417 20:42:26    -1098.539464        2.8786
BFGS:  418 20:42:26    -1098.550427        2.8467
BFGS:  419 20:42:26    -1098.560116        2.8789
BFGS:  420 20:42:26    -1098.564319        2.7725
BFGS:  421 20:42:26    -1098.570511        2.8841
BFGS:  422 20:42:26    -1098.573830        2.8899
BFGS:  423 20:42:26    -1098.576537        2.9229
BFGS:  424 20:42:26    -1098.578547        2.9431
BFGS:  425 20:42:26    -1098.580865        2.9899
BFGS:  426 20:42:27    -1098.582879        2.9909
BFGS:  427 20:42:27    -1098.584540        2.9655
BFGS:  428 20:42:27    -1098.585891        2.9203
BFGS:  429 20:42:27    -1098.586966        2.8683
BFGS:  430 20:42:27    -1098.588010        2.8299
BFGS:  431 20:42:27    -1098.588720        2.8078
BFGS:  432 20:42:27    -1098.589163        2.8186
BFGS:  433 20:42:27    -1098.589486        2.8194
BFGS:  434 20:42:27    -1098.589760        2.8206
BFGS:  435 20:42:27    -1098.589953        2.8082
BFGS:  436 20:42:27    -1098.590099        2.7947
BFGS:  437 20:42:27    -1098.590208        2.7818
BFGS:  438 20:42:27    -1098.590290        2.7765
BFGS:  439 20:42:27    -1098.590355        2.7775
BFGS:  440 20:42:27    -1098.590417        2.7829
BFGS:  441 20:42:27    -1098.590485        2.7897
BFGS:  442 20:42:27    -1098.590554        2.7940
BFGS:  443 20:42:27    -1098.590614        2.7928
BFGS:  444 20:42:27    -1098.590660        2.7876
BFGS:  445 20:42:27    -1098.590704        2.7814
BFGS:  446 20:42:27    -1098.590770        2.7749
BFGS:  447 20:42:27    -1098.595189        2.7415
BFGS:  448 20:42:27    -1098.623550        2.7527
BFGS:  449 20:42:27    -1098.704170        2.7027
BFGS:  450 20:42:27    -1098.827737        2.8438
BFGS:  451 20:42:27    -1099.013136        3.0404
BFGS:  452 20:42:27    -1099.236797        3.2609
BFGS:  453 20:42:27    -1099.424601        3.7117
BFGS:  454 20:42:27    -1099.577182        4.7800
BFGS:  455 20:42:27    -1099.726827        5.8355
BFGS:  456 20:42:27    -1099.891392        6.8277
BFGS:  457 20:42:27    -1100.070842        7.4739
BFGS:  458 20:42:27    -1100.252876        7.6749
BFGS:  459 20:42:27    -1100.413264        7.4491
BFGS:  460 20:42:28    -1100.562983        6.7976
BFGS:  461 20:42:28    -1100.687189        5.9417
BFGS:  462 20:42:28    -1100.804368        4.9630
BFGS:  463 20:42:28    -1100.898498        4.7059
BFGS:  464 20:42:28    -1100.982899        4.5715
BFGS:  465 20:42:28    -1101.065804        5.0576
BFGS:  466 20:42:28    -1101.132450        4.8569
BFGS:  467 20:42:28    -1101.193291        4.8719
BFGS:  468 20:42:28    -1101.238114        5.1428
BFGS:  469 20:42:28    -1101.304541        4.5826
BFGS:  470 20:42:28    -1101.373644        4.7825
BFGS:  471 20:42:28    -1101.425311        4.9262
BFGS:  472 20:42:28    -1101.472937        4.9445
BFGS:  473 20:42:28    -1101.506727        4.9407
BFGS:  474 20:42:28    -1101.524788        4.6619
BFGS:  475 20:42:28    -1101.534098        4.7569
BFGS:  476 20:42:28    -1101.538403        4.7292
BFGS:  477 20:42:28    -1101.540420        4.7003
BFGS:  478 20:42:28    -1101.541474        4.6850
BFGS:  479 20:42:28    -1101.541933        4.6746
BFGS:  480 20:42:28    -1101.542138        4.6852
BFGS:  481 20:42:28    -1101.542266        4.6791
BFGS:  482 20:42:28    -1101.542367        4.6647
BFGS:  483 20:42:28    -1101.542422        4.6567
BFGS:  484 20:42:28    -1101.542463        4.6446
BFGS:  485 20:42:28    -1101.542484        4.6431
BFGS:  486 20:42:28    -1101.542494        4.6430
BFGS:  487 20:42:28    -1101.542499        4.6448
BFGS:  488 20:42:28    -1101.542501        4.6465
BFGS:  489 20:42:28    -1101.542501        4.6470
BFGS:  490 20:42:28    -1101.542502        4.6473
BFGS:  491 20:42:28    -1101.542500        4.6467
BFGS:  492 20:42:28    -1101.542499        4.6468
BFGS:  493 20:42:28    -1101.542497        4.6469
BFGS:  494 20:42:29    -1101.542496        4.6482
BFGS:  495 20:42:29    -1101.542496        4.6488
