      Step     Time          Energy         fmax
BFGS:    0 20:50:16     -763.098047      106.1435
BFGS:    1 20:50:16     -781.711821       83.5688
BFGS:    2 20:50:16     -792.515276       73.0425
BFGS:    3 20:50:16     -803.441091       66.4732
BFGS:    4 20:50:16     -814.292147       59.1596
BFGS:    5 20:50:16     -825.527289       51.6813
BFGS:    6 20:50:16     -836.622332       46.4207
BFGS:    7 20:50:16     -847.668068       43.9993
BFGS:    8 20:50:16     -859.095141       49.2160
BFGS:    9 20:50:16     -871.206246       54.6174
BFGS:   10 20:50:16     -882.925546       58.5376
BFGS:   11 20:50:17     -895.024795       65.6573
BFGS:   12 20:50:17     -907.067871       68.5993
BFGS:   13 20:50:17     -918.661276       69.7914
BFGS:   14 20:50:17     -929.251050       69.4845
BFGS:   15 20:50:17     -939.264542       67.1613
BFGS:   16 20:50:17     -948.909957       63.7179
BFGS:   17 20:50:17     -958.108747       59.6215
BFGS:   18 20:50:17     -967.504408       58.4910
BFGS:   19 20:50:17     -975.766838       61.5910
BFGS:   20 20:50:17     -984.169855       60.7348
BFGS:   21 20:50:17     -991.400572       58.7870
BFGS:   22 20:50:17     -998.526244       54.8518
BFGS:   23 20:50:17    -1006.078631       49.5875
BFGS:   24 20:50:17    -1013.702676       45.9259
BFGS:   25 20:50:17    -1020.003826       40.5777
BFGS:   26 20:50:17    -1025.544769       35.7146
BFGS:   27 20:50:17    -1029.844541       34.6413
BFGS:   28 20:50:17    -1033.450621       34.9854
BFGS:   29 20:50:17    -1036.939327       33.5107
BFGS:   30 20:50:17    -1039.973492       30.3172
BFGS:   31 20:50:17    -1043.070550       27.7580
BFGS:   32 20:50:17    -1046.032275       24.8642
BFGS:   33 20:50:17    -1048.907840       24.6004
BFGS:   34 20:50:17    -1051.931033       23.5075
BFGS:   35 20:50:17    -1054.789273       24.8500
BFGS:   36 20:50:17    -1057.532037       26.2148
BFGS:   37 20:50:17    -1060.169916       29.5653
BFGS:   38 20:50:17    -1062.756217       33.5918
BFGS:   39 20:50:17    -1065.369668       37.6798
BFGS:   40 20:50:17    -1067.992544       40.6840
BFGS:   41 20:50:17    -1070.424771       41.6911
BFGS:   42 20:50:17    -1072.491608       40.9672
BFGS:   43 20:50:17    -1074.192100       39.5922
BFGS:   44 20:50:18    -1075.607083       38.1434
BFGS:   45 20:50:18    -1076.922447       36.2994
BFGS:   46 20:50:18    -1078.273090       33.4313
BFGS:   47 20:50:18    -1079.506750       29.7234
BFGS:   48 20:50:18    -1080.701196       25.3645
BFGS:   49 20:50:18    -1081.909050       20.3355
BFGS:   50 20:50:18    -1083.048318       15.3889
BFGS:   51 20:50:18    -1084.022750       11.8750
BFGS:   52 20:50:18    -1084.889141        9.7963
BFGS:   53 20:50:18    -1085.572401        7.7305
BFGS:   54 20:50:18    -1086.057672        6.3336
BFGS:   55 20:50:18    -1086.442799        5.4010
BFGS:   56 20:50:18    -1086.761799        5.2622
BFGS:   57 20:50:18    -1087.056948        5.1397
BFGS:   58 20:50:18    -1087.314375        5.9805
BFGS:   59 20:50:18    -1087.575852        5.0606
BFGS:   60 20:50:18    -1087.839213        4.5157
BFGS:   61 20:50:18    -1088.122826        4.8249
BFGS:   62 20:50:18    -1088.420201        5.4625
BFGS:   63 20:50:18    -1088.710751        6.0787
BFGS:   64 20:50:18    -1088.980112        6.6298
BFGS:   65 20:50:18    -1089.223721        6.8457
BFGS:   66 20:50:18    -1089.439056        6.9431
BFGS:   67 20:50:18    -1089.663505        6.8142
BFGS:   68 20:50:18    -1089.899423        6.6281
BFGS:   69 20:50:18    -1090.187227        6.5848
BFGS:   70 20:50:18    -1090.511699        6.2104
BFGS:   71 20:50:18    -1090.922817        5.0979
BFGS:   72 20:50:18    -1091.269106        4.3621
BFGS:   73 20:50:18    -1091.457296        3.2235
BFGS:   74 20:50:18    -1091.630137        2.9051
BFGS:   75 20:50:18    -1091.760481        2.6845
BFGS:   76 20:50:18    -1091.891086        2.3626
BFGS:   77 20:50:18    -1091.977087        2.1366
BFGS:   78 20:50:19    -1092.016928        1.9020
BFGS:   79 20:50:19    -1092.038152        1.2917
BFGS:   80 20:50:19    -1092.052140        1.2587
BFGS:   81 20:50:19    -1092.066606        1.1176
BFGS:   82 20:50:19    -1092.078591        1.0037
BFGS:   83 20:50:19    -1092.089335        0.9142
BFGS:   84 20:50:19    -1092.096300        0.9220
BFGS:   85 20:50:19    -1092.100992        0.9286
BFGS:   86 20:50:19    -1092.105962        0.9888
BFGS:   87 20:50:19    -1092.112555        1.1078
BFGS:   88 20:50:19    -1092.119084        1.1656
BFGS:   89 20:50:19    -1092.124849        1.2199
BFGS:   90 20:50:19    -1092.129622        1.1972
BFGS:   91 20:50:19    -1092.133888        1.1916
BFGS:   92 20:50:19    -1092.138061        1.1643
BFGS:   93 20:50:19    -1092.142668        1.1517
BFGS:   94 20:50:19    -1092.148159        1.1061
BFGS:   95 20:50:19    -1092.154937        1.0130
BFGS:   96 20:50:19    -1092.163200        0.9205
BFGS:   97 20:50:19    -1092.172948        1.1322
BFGS:   98 20:50:19    -1092.185365        1.3075
BFGS:   99 20:50:19    -1092.202509        1.3414
BFGS:  100 20:50:19    -1092.223501        1.1683
BFGS:  101 20:50:19    -1092.241960        1.2366
BFGS:  102 20:50:19    -1092.241534        1.3469
BFGS:  103 20:50:19    -1092.261587        1.0966
BFGS:  104 20:50:19    -1092.266140        1.0929
BFGS:  105 20:50:19    -1092.271931        1.0478
BFGS:  106 20:50:19    -1092.282585        0.9509
BFGS:  107 20:50:19    -1092.289195        1.0537
BFGS:  108 20:50:19    -1092.301364        1.2384
BFGS:  109 20:50:19    -1092.307949        1.3531
BFGS:  110 20:50:19    -1092.311842        1.3613
BFGS:  111 20:50:19    -1092.313510        1.3809
BFGS:  112 20:50:19    -1092.315270        1.3206
BFGS:  113 20:50:20    -1092.317712        1.2259
BFGS:  114 20:50:20    -1092.318995        1.2102
BFGS:  115 20:50:20    -1092.320162        1.2135
BFGS:  116 20:50:20    -1092.321241        1.2443
BFGS:  117 20:50:20    -1092.322558        1.2764
BFGS:  118 20:50:20    -1092.324315        1.3026
BFGS:  119 20:50:20    -1092.326808        1.2912
BFGS:  120 20:50:20    -1092.330040        1.2248
BFGS:  121 20:50:20    -1092.333600        1.1188
BFGS:  122 20:50:20    -1092.336688        1.0526
BFGS:  123 20:50:20    -1092.339128        1.0454
BFGS:  124 20:50:20    -1092.341355        1.0540
BFGS:  125 20:50:20    -1092.343040        1.0748
BFGS:  126 20:50:20    -1092.344122        1.1109
BFGS:  127 20:50:20    -1092.345297        1.1473
BFGS:  128 20:50:20    -1092.347121        1.2112
BFGS:  129 20:50:20    -1092.350266        1.3347
BFGS:  130 20:50:20    -1092.371197        2.4970
BFGS:  131 20:50:20    -1092.315968        2.1914
BFGS:  132 20:50:20    -1092.475740        2.6061
BFGS:  133 20:50:20    -1092.527202        2.8934
BFGS:  134 20:50:20    -1092.569619        2.6951
BFGS:  135 20:50:20    -1092.597255        2.2690
BFGS:  136 20:50:20    -1092.603857        2.2626
BFGS:  137 20:50:20    -1092.615493        2.3596
BFGS:  138 20:50:20    -1092.624931        2.2043
BFGS:  139 20:50:20    -1092.635916        2.2502
BFGS:  140 20:50:20    -1092.647594        2.0884
BFGS:  141 20:50:20    -1092.660060        1.8412
BFGS:  142 20:50:20    -1092.670469        1.6007
BFGS:  143 20:50:20    -1092.682830        1.4420
BFGS:  144 20:50:20    -1092.694713        1.3276
BFGS:  145 20:50:20    -1092.703725        1.5230
BFGS:  146 20:50:20    -1092.711385        1.7549
BFGS:  147 20:50:21    -1092.723196        1.6855
BFGS:  148 20:50:21    -1092.744209        1.6646
BFGS:  149 20:50:21    -1092.764631        1.3857
BFGS:  150 20:50:21    -1092.781683        1.2950
BFGS:  151 20:50:21    -1092.799586        1.3450
BFGS:  152 20:50:21    -1092.805965        1.3156
BFGS:  153 20:50:21    -1092.812391        1.2641
BFGS:  154 20:50:21    -1092.817197        1.2146
BFGS:  155 20:50:21    -1092.819355        1.1741
BFGS:  156 20:50:21    -1092.820676        1.1497
BFGS:  157 20:50:21    -1092.821532        1.1630
BFGS:  158 20:50:21    -1092.822265        1.1512
BFGS:  159 20:50:21    -1092.823066        1.1980
BFGS:  160 20:50:21    -1092.824115        1.2392
BFGS:  161 20:50:21    -1092.825538        1.2715
BFGS:  162 20:50:21    -1092.827397        1.2533
BFGS:  163 20:50:21    -1092.829767        1.1988
BFGS:  164 20:50:21    -1092.832838        1.0768
BFGS:  165 20:50:21    -1092.836601        1.0564
BFGS:  166 20:50:21    -1092.841034        1.0457
BFGS:  167 20:50:21    -1092.845910        1.0125
BFGS:  168 20:50:21    -1092.851531        0.9227
BFGS:  169 20:50:21    -1092.858494        0.7927
BFGS:  170 20:50:21    -1092.867395        0.7055
BFGS:  171 20:50:21    -1092.876022        0.6245
BFGS:  172 20:50:21    -1092.880912        0.4289
BFGS:  173 20:50:21    -1092.882717        0.3658
BFGS:  174 20:50:21    -1092.883607        0.3242
BFGS:  175 20:50:21    -1092.884411        0.2645
BFGS:  176 20:50:21    -1092.885234        0.1909
BFGS:  177 20:50:21    -1092.885860        0.1133
BFGS:  178 20:50:21    -1092.886170        0.0587
