      Step     Time          Energy         fmax
BFGS:    0 20:42:50     -859.805958       91.2345
BFGS:    1 20:42:50     -878.050163       72.5279
BFGS:    2 20:42:50     -890.357775       77.7113
BFGS:    3 20:42:50     -901.144171       77.4999
BFGS:    4 20:42:50     -913.318372       72.2981
BFGS:    5 20:42:50     -927.503022       62.8014
BFGS:    6 20:42:50     -940.272668       58.3506
BFGS:    7 20:42:50     -951.204436       58.0963
BFGS:    8 20:42:50     -961.175531       60.0345
BFGS:    9 20:42:50     -970.465587       61.0570
BFGS:   10 20:42:50     -979.318519       57.7557
BFGS:   11 20:42:50     -986.748779       56.1027
BFGS:   12 20:42:50     -993.413564       55.8139
BFGS:   13 20:42:50    -1000.159387       54.4211
BFGS:   14 20:42:50    -1006.736446       50.5043
BFGS:   15 20:42:50    -1011.675178       48.3036
BFGS:   16 20:42:50    -1015.706250       44.2736
BFGS:   17 20:42:50    -1019.892660       38.3759
BFGS:   18 20:42:50    -1024.799391       33.2357
BFGS:   19 20:42:50    -1029.099596       28.0478
BFGS:   20 20:42:50    -1032.850533       23.0672
BFGS:   21 20:42:50    -1035.757751       20.2365
BFGS:   22 20:42:50    -1038.390306       17.9895
BFGS:   23 20:42:50    -1041.216748       16.8040
BFGS:   24 20:42:50    -1043.559398       15.9094
BFGS:   25 20:42:50    -1045.742492       17.7459
BFGS:   26 20:42:50    -1047.742667       19.6621
BFGS:   27 20:42:50    -1049.480411       19.9984
BFGS:   28 20:42:50    -1050.929461       19.8219
BFGS:   29 20:42:50    -1052.127404       19.0362
BFGS:   30 20:42:50    -1053.176052       18.2387
BFGS:   31 20:42:51    -1054.256228       17.4985
BFGS:   32 20:42:51    -1055.203274       16.9288
BFGS:   33 20:42:51    -1056.046181       16.9758
BFGS:   34 20:42:51    -1056.859777       17.1478
BFGS:   35 20:42:51    -1057.679998       16.7155
BFGS:   36 20:42:51    -1058.535226       16.5402
BFGS:   37 20:42:51    -1059.438499       14.6419
BFGS:   38 20:42:51    -1060.322730       13.3957
BFGS:   39 20:42:51    -1061.145544       13.6853
BFGS:   40 20:42:51    -1061.911512       13.0924
BFGS:   41 20:42:51    -1062.662223       11.2600
BFGS:   42 20:42:51    -1063.481222        8.8584
BFGS:   43 20:42:51    -1064.266457        9.6752
BFGS:   44 20:42:51    -1065.049276       13.0954
BFGS:   45 20:42:51    -1065.847771       16.7560
BFGS:   46 20:42:51    -1066.584175       20.4016
BFGS:   47 20:42:51    -1067.523384       23.4709
BFGS:   48 20:42:51    -1068.624335       27.5580
BFGS:   49 20:42:51    -1069.764279       29.8096
BFGS:   50 20:42:51    -1070.836135       30.7431
BFGS:   51 20:42:51    -1071.870099       29.7252
BFGS:   52 20:42:51    -1072.891133       26.3130
BFGS:   53 20:42:51    -1073.902372       20.7166
BFGS:   54 20:42:51    -1074.857015       21.3784
BFGS:   55 20:42:51    -1075.776736       21.8714
BFGS:   56 20:42:51    -1076.678862       21.0455
BFGS:   57 20:42:51    -1077.491169       19.8749
BFGS:   58 20:42:51    -1078.294954       18.0772
BFGS:   59 20:42:51    -1079.105089       15.6576
BFGS:   60 20:42:51    -1079.767666       13.2454
BFGS:   61 20:42:52    -1080.272992        9.4335
BFGS:   62 20:42:52    -1080.718958        5.3453
BFGS:   63 20:42:52    -1081.090697        5.4729
BFGS:   64 20:42:52    -1081.367283        7.7687
BFGS:   65 20:42:52    -1081.606992        9.8983
BFGS:   66 20:42:52    -1081.848097       11.3014
BFGS:   67 20:42:52    -1082.095695       12.3484
BFGS:   68 20:42:52    -1082.326718       12.5596
BFGS:   69 20:42:52    -1082.576025       11.4965
BFGS:   70 20:42:52    -1082.835346        8.9770
BFGS:   71 20:42:52    -1083.079435        4.7399
BFGS:   72 20:42:52    -1083.287869        5.0407
BFGS:   73 20:42:52    -1083.535109        5.2889
BFGS:   74 20:42:52    -1083.807863        5.7686
BFGS:   75 20:42:52    -1084.072624        6.4386
BFGS:   76 20:42:52    -1084.302610        6.9255
BFGS:   77 20:42:52    -1084.606895        6.1364
BFGS:   78 20:42:52    -1085.056230        7.0224
BFGS:   79 20:42:52    -1085.527961        6.9898
BFGS:   80 20:42:52    -1085.925523        6.8794
BFGS:   81 20:42:52    -1086.300604        6.7348
BFGS:   82 20:42:52    -1086.664186        6.6944
BFGS:   83 20:42:52    -1086.983778        6.3056
BFGS:   84 20:42:52    -1087.182746        5.9508
BFGS:   85 20:42:52    -1087.390956        4.9736
BFGS:   86 20:42:52    -1087.590470        4.6792
BFGS:   87 20:42:52    -1087.718854        3.7908
BFGS:   88 20:42:52    -1087.846729        3.5659
BFGS:   89 20:42:52    -1087.986492        3.7887
BFGS:   90 20:42:52    -1088.255211        4.0177
BFGS:   91 20:42:52    -1088.498210        4.6220
BFGS:   92 20:42:52    -1088.657473        5.9311
BFGS:   93 20:42:53    -1088.855515        5.4799
BFGS:   94 20:42:53    -1089.290535        6.2370
BFGS:   95 20:42:53    -1089.656188        7.1513
BFGS:   96 20:42:53    -1089.930784        7.0261
BFGS:   97 20:42:53    -1090.117714        5.6665
BFGS:   98 20:42:53    -1090.244047        4.0379
BFGS:   99 20:42:53    -1090.340067        4.0557
BFGS:  100 20:42:53    -1090.421578        3.2419
BFGS:  101 20:42:53    -1090.500429        2.8577
BFGS:  102 20:42:53    -1090.631672        4.3430
BFGS:  103 20:42:53    -1090.767263        5.9928
BFGS:  104 20:42:53    -1090.911523        7.1999
BFGS:  105 20:42:53    -1091.054224        7.4936
BFGS:  106 20:42:53    -1091.187295        6.7386
BFGS:  107 20:42:53    -1091.327840        6.8889
BFGS:  108 20:42:53    -1091.525854        7.6833
BFGS:  109 20:42:53    -1091.825697        7.7853
BFGS:  110 20:42:53    -1092.148339        7.1570
BFGS:  111 20:42:53    -1092.553542        7.1885
BFGS:  112 20:42:53    -1093.022464        6.9911
BFGS:  113 20:42:53    -1093.523494        7.9609
BFGS:  114 20:42:53    -1094.034284       10.9938
BFGS:  115 20:42:53    -1094.533678       12.5490
BFGS:  116 20:42:53    -1095.026571       12.2304
BFGS:  117 20:42:53    -1095.504461       10.9666
BFGS:  118 20:42:53    -1095.888126       10.5499
BFGS:  119 20:42:53    -1096.216215        9.8195
BFGS:  120 20:42:53    -1096.555489        9.9778
BFGS:  121 20:42:53    -1096.984607        8.5267
BFGS:  122 20:42:53    -1097.504032        8.5555
BFGS:  123 20:42:53    -1098.044638        9.4607
BFGS:  124 20:42:53    -1098.546422       10.7209
BFGS:  125 20:42:54    -1099.083049       10.4557
BFGS:  126 20:42:54    -1099.620226        9.4747
BFGS:  127 20:42:54    -1100.048452        7.9524
BFGS:  128 20:42:54    -1100.440226        7.2111
BFGS:  129 20:42:54    -1100.780561        6.2728
BFGS:  130 20:42:54    -1101.119178        5.9124
BFGS:  131 20:42:54    -1101.439238        5.9162
BFGS:  132 20:42:54    -1101.766223        6.4015
BFGS:  133 20:42:54    -1102.088533        7.4288
BFGS:  134 20:42:54    -1102.415527        8.4624
BFGS:  135 20:42:54    -1102.737899        9.3587
BFGS:  136 20:42:54    -1103.058218        9.9541
BFGS:  137 20:42:54    -1103.364715       10.0984
BFGS:  138 20:42:54    -1103.659838        9.7224
BFGS:  139 20:42:54    -1103.949827        8.4072
BFGS:  140 20:42:54    -1104.285923        7.3403
BFGS:  141 20:42:54    -1104.619028        6.6974
BFGS:  142 20:42:54    -1105.200019        8.1986
BFGS:  143 20:42:54    -1105.623037        6.2546
BFGS:  144 20:42:54    -1105.956935        5.4485
BFGS:  145 20:42:54    -1106.117697        5.1675
BFGS:  146 20:42:54    -1106.226097        4.0010
BFGS:  147 20:42:54    -1106.313614        3.5326
BFGS:  148 20:42:54    -1106.399087        2.8590
BFGS:  149 20:42:54    -1106.481010        2.4830
BFGS:  150 20:42:54    -1106.561600        2.3815
BFGS:  151 20:42:54    -1106.635560        2.6436
BFGS:  152 20:42:54    -1106.698783        2.3669
BFGS:  153 20:42:54    -1106.777385        2.4604
BFGS:  154 20:42:54    -1106.825113        2.7485
BFGS:  155 20:42:54    -1106.883849        3.1158
BFGS:  156 20:42:54    -1106.942252        3.7686
BFGS:  157 20:42:54    -1107.016660        4.1498
BFGS:  158 20:42:55    -1107.091153        4.0398
BFGS:  159 20:42:55    -1107.168340        3.5642
BFGS:  160 20:42:55    -1107.248722        2.9013
BFGS:  161 20:42:55    -1107.331910        2.6853
BFGS:  162 20:42:55    -1107.454586        2.6027
BFGS:  163 20:42:55    -1107.519274        1.9751
BFGS:  164 20:42:55    -1107.595506        2.6162
BFGS:  165 20:42:55    -1107.623389        2.3346
BFGS:  166 20:42:55    -1107.644137        1.6426
BFGS:  167 20:42:55    -1107.657326        1.4002
BFGS:  168 20:42:55    -1107.669045        1.1924
BFGS:  169 20:42:55    -1107.674175        0.9874
BFGS:  170 20:42:55    -1107.677896        1.0028
BFGS:  171 20:42:55    -1107.680699        1.0136
BFGS:  172 20:42:55    -1107.684797        0.9350
BFGS:  173 20:42:55    -1107.689834        0.8447
BFGS:  174 20:42:55    -1107.694736        0.7651
BFGS:  175 20:42:55    -1107.699433        0.7151
BFGS:  176 20:42:55    -1107.704465        0.6384
BFGS:  177 20:42:55    -1107.711109        0.6791
BFGS:  178 20:42:55    -1107.718512        0.6827
BFGS:  179 20:42:55    -1107.724136        0.6967
BFGS:  180 20:42:55    -1107.728002        0.5839
BFGS:  181 20:42:55    -1107.731115        0.5498
BFGS:  182 20:42:55    -1107.734802        0.5361
BFGS:  183 20:42:55    -1107.739020        0.5070
BFGS:  184 20:42:55    -1107.742065        0.3576
BFGS:  185 20:42:55    -1107.743531        0.2739
BFGS:  186 20:42:55    -1107.744178        0.2294
BFGS:  187 20:42:55    -1107.744565        0.1942
BFGS:  188 20:42:55    -1107.744878        0.1616
BFGS:  189 20:42:55    -1107.745116        0.1738
BFGS:  190 20:42:55    -1107.745311        0.1770
BFGS:  191 20:42:56    -1107.745487        0.1555
BFGS:  192 20:42:56    -1107.745672        0.1685
BFGS:  193 20:42:56    -1107.745915        0.1847
BFGS:  194 20:42:56    -1107.746195        0.1700
BFGS:  195 20:42:56    -1107.746445        0.1358
BFGS:  196 20:42:56    -1107.746597        0.1008
BFGS:  197 20:42:56    -1107.746685        0.0908
