      Step     Time          Energy         fmax
BFGS:    0 20:51:31     -695.758305       66.9803
BFGS:    1 20:51:31     -722.763324       74.0252
BFGS:    2 20:51:31     -743.352434       78.1601
BFGS:    3 20:51:32     -755.520579       74.6038
BFGS:    4 20:51:32     -765.213893       72.4927
BFGS:    5 20:51:32     -774.443668       68.8075
BFGS:    6 20:51:32     -783.565658       68.1606
BFGS:    7 20:51:32     -791.627734       73.1753
BFGS:    8 20:51:32     -799.572334       84.5673
BFGS:    9 20:51:32     -806.801985       96.6890
BFGS:   10 20:51:32     -813.582646      109.7513
BFGS:   11 20:51:32     -820.003970      118.5573
BFGS:   12 20:51:32     -826.130802      123.5662
BFGS:   13 20:51:32     -832.346505      123.8545
BFGS:   14 20:51:32     -838.211735      117.8174
BFGS:   15 20:51:32     -842.940586      113.1223
BFGS:   16 20:51:32     -847.086637      108.0641
BFGS:   17 20:51:32     -851.029700      103.2045
BFGS:   18 20:51:32     -854.823187       97.0626
BFGS:   19 20:51:32     -858.865885       92.7715
BFGS:   20 20:51:32     -862.852434       87.6105
BFGS:   21 20:51:32     -866.204140       82.0825
BFGS:   22 20:51:32     -869.192628       79.8216
BFGS:   23 20:51:32     -873.063531       78.1171
BFGS:   24 20:51:32     -876.772837       75.7962
BFGS:   25 20:51:32     -880.256428       73.9521
BFGS:   26 20:51:32     -883.691205       73.1644
BFGS:   27 20:51:32     -887.283168       70.5616
BFGS:   28 20:51:33     -890.819110       66.8754
BFGS:   29 20:51:33     -894.299301       64.7568
BFGS:   30 20:51:33     -897.785434       63.1060
BFGS:   31 20:51:33     -901.075166       59.4867
BFGS:   32 20:51:33     -904.397029       55.5520
BFGS:   33 20:51:33     -907.403043       55.7426
BFGS:   34 20:51:33     -910.260833       56.2861
BFGS:   35 20:51:33     -913.026670       52.0059
BFGS:   36 20:51:33     -915.606180       52.7442
BFGS:   37 20:51:33     -918.257678       52.2603
BFGS:   38 20:51:33     -920.476919       51.6409
BFGS:   39 20:51:33     -922.415772       50.7380
BFGS:   40 20:51:33     -924.198535       49.7580
BFGS:   41 20:51:33     -925.891725       49.0718
BFGS:   42 20:51:33     -927.602131       48.0108
BFGS:   43 20:51:33     -929.443752       46.9367
BFGS:   44 20:51:33     -931.474292       45.2356
BFGS:   45 20:51:33     -933.752930       43.4181
BFGS:   46 20:51:33     -936.200724       40.6970
BFGS:   47 20:51:33     -938.518812       38.0848
BFGS:   48 20:51:33     -940.801907       35.3778
BFGS:   49 20:51:33     -942.874020       32.7273
BFGS:   50 20:51:33     -945.051455       30.3564
BFGS:   51 20:51:33     -947.230701       28.1736
BFGS:   52 20:51:34     -949.505999       26.6991
BFGS:   53 20:51:34     -951.824048       25.5336
BFGS:   54 20:51:34     -953.875689       24.0965
BFGS:   55 20:51:34     -957.172686       24.5331
BFGS:   56 20:51:34     -959.323864       24.8521
BFGS:   57 20:51:34     -963.185473       24.5057
BFGS:   58 20:51:34     -966.973204       24.9821
BFGS:   59 20:51:34     -969.977734       25.1842
BFGS:   60 20:51:34     -973.309063       24.6912
BFGS:   61 20:51:34     -976.572323       24.1854
BFGS:   62 20:51:34     -979.816337       24.6029
BFGS:   63 20:51:34     -983.077055       26.1727
BFGS:   64 20:51:34     -986.006453       27.7264
BFGS:   65 20:51:34     -988.854200       29.2340
BFGS:   66 20:51:34     -992.092194       34.6700
BFGS:   67 20:51:34     -995.112545       32.3058
BFGS:   68 20:51:34     -998.173552       33.1384
BFGS:   69 20:51:34    -1000.870914       33.6737
BFGS:   70 20:51:34    -1003.531328       33.9570
BFGS:   71 20:51:34    -1006.135336       34.0658
BFGS:   72 20:51:34    -1008.641361       34.0119
BFGS:   73 20:51:34    -1011.157608       35.2229
BFGS:   74 20:51:34    -1013.600199       37.0766
BFGS:   75 20:51:34    -1016.162833       38.7290
BFGS:   76 20:51:35    -1018.858220       39.9923
BFGS:   77 20:51:35    -1021.567881       40.8953
BFGS:   78 20:51:35    -1024.176946       39.8237
BFGS:   79 20:51:35    -1026.568162       39.6734
BFGS:   80 20:51:35    -1028.846275       39.2946
BFGS:   81 20:51:35    -1030.958256       38.5553
BFGS:   82 20:51:35    -1033.034035       37.3212
BFGS:   83 20:51:35    -1035.041853       35.6329
BFGS:   84 20:51:35    -1037.069015       33.6873
BFGS:   85 20:51:35    -1039.185866       31.3406
BFGS:   86 20:51:35    -1041.428666       31.3095
BFGS:   87 20:51:35    -1044.214637       30.9383
BFGS:   88 20:51:35    -1047.212679       30.7762
BFGS:   89 20:51:35    -1049.814546       30.3298
BFGS:   90 20:51:35    -1052.115820       29.7753
BFGS:   91 20:51:35    -1054.166522       29.0621
BFGS:   92 20:51:35    -1055.978424       28.3765
BFGS:   93 20:51:35    -1057.543828       27.6127
BFGS:   94 20:51:35    -1058.872185       26.5137
BFGS:   95 20:51:35    -1060.037315       25.1631
BFGS:   96 20:51:35    -1061.069937       23.5422
BFGS:   97 20:51:35    -1062.002091       21.8629
BFGS:   98 20:51:35    -1062.871063       20.0532
BFGS:   99 20:51:35    -1063.690505       18.2583
BFGS:  100 20:51:35    -1064.476141       16.4094
BFGS:  101 20:51:35    -1065.232777       14.4651
BFGS:  102 20:51:35    -1065.972975       13.0477
BFGS:  103 20:51:36    -1066.681156       12.4813
BFGS:  104 20:51:36    -1067.346913       11.9323
BFGS:  105 20:51:36    -1067.968192       11.3782
BFGS:  106 20:51:36    -1068.551368       11.3448
BFGS:  107 20:51:36    -1069.115690       12.3649
BFGS:  108 20:51:36    -1069.684037       13.2208
BFGS:  109 20:51:36    -1070.259362       13.9606
BFGS:  110 20:51:36    -1070.834337       14.5372
BFGS:  111 20:51:36    -1071.394752       14.9256
BFGS:  112 20:51:36    -1071.936838       14.9543
BFGS:  113 20:51:36    -1072.432142       14.6368
BFGS:  114 20:51:36    -1072.867603       13.8464
BFGS:  115 20:51:36    -1073.228607       13.1389
BFGS:  116 20:51:36    -1073.593031       11.8851
BFGS:  117 20:51:36    -1073.944322       10.9666
BFGS:  118 20:51:36    -1074.353178       11.0800
BFGS:  119 20:51:36    -1074.828482       11.5587
BFGS:  120 20:51:36    -1075.359376       12.2056
BFGS:  121 20:51:36    -1075.865706       12.5691
BFGS:  122 20:51:36    -1076.355909       12.7812
BFGS:  123 20:51:36    -1076.824139       12.8429
BFGS:  124 20:51:36    -1077.269315       12.7639
BFGS:  125 20:51:36    -1077.702804       12.5238
BFGS:  126 20:51:36    -1078.139519       12.1169
BFGS:  127 20:51:36    -1078.610629       11.5575
BFGS:  128 20:51:36    -1079.224413       11.1147
BFGS:  129 20:51:36    -1079.798622       11.4400
BFGS:  130 20:51:36    -1080.280358       11.7562
BFGS:  131 20:51:36    -1080.705974       12.0787
BFGS:  132 20:51:36    -1081.105935       12.2391
BFGS:  133 20:51:36    -1081.491832       12.0583
BFGS:  134 20:51:37    -1081.863935       11.4502
BFGS:  135 20:51:37    -1082.228243       10.4874
BFGS:  136 20:51:37    -1082.585134        9.3233
BFGS:  137 20:51:37    -1082.919336        8.0800
BFGS:  138 20:51:37    -1083.249859        6.9229
BFGS:  139 20:51:37    -1083.545089        5.9105
BFGS:  140 20:51:37    -1083.836065        5.5384
BFGS:  141 20:51:37    -1084.066889        5.0569
BFGS:  142 20:51:37    -1084.310791        5.5492
BFGS:  143 20:51:37    -1084.533632        5.9395
BFGS:  144 20:51:37    -1084.816041        5.3360
BFGS:  145 20:51:37    -1085.106656        4.3983
BFGS:  146 20:51:37    -1085.378556        3.5093
BFGS:  147 20:51:37    -1085.632110        3.4212
BFGS:  148 20:51:37    -1085.875957        3.3137
BFGS:  149 20:51:37    -1086.110930        3.7965
BFGS:  150 20:51:37    -1086.351710        4.5450
BFGS:  151 20:51:37    -1086.673078        5.2484
BFGS:  152 20:51:37    -1087.102793        5.8336
BFGS:  153 20:51:37    -1087.522359        6.1689
BFGS:  154 20:51:37    -1087.909797        6.3319
BFGS:  155 20:51:37    -1088.291240        6.4134
BFGS:  156 20:51:37    -1088.724013        6.5680
BFGS:  157 20:51:37    -1089.152926        6.2013
BFGS:  158 20:51:37    -1089.662277        5.7258
BFGS:  159 20:51:37    -1090.237626        5.1920
BFGS:  160 20:51:37    -1090.760189        6.1789
BFGS:  161 20:51:37    -1091.174204        6.9223
BFGS:  162 20:51:37    -1091.515360        7.5120
BFGS:  163 20:51:37    -1091.836694        7.8347
BFGS:  164 20:51:37    -1092.130420        8.2172
BFGS:  165 20:51:37    -1092.420788        8.4430
BFGS:  166 20:51:37    -1092.693748        8.7464
BFGS:  167 20:51:37    -1092.969243        8.6954
BFGS:  168 20:51:37    -1093.244242        8.5310
BFGS:  169 20:51:37    -1093.537907        7.9172
BFGS:  170 20:51:37    -1093.862761        7.7004
BFGS:  171 20:51:38    -1094.250141        8.2075
BFGS:  172 20:51:38    -1094.639932        8.3422
BFGS:  173 20:51:38    -1095.045048        8.2043
BFGS:  174 20:51:38    -1095.470179        7.8579
BFGS:  175 20:51:38    -1095.902651        9.4142
BFGS:  176 20:51:38    -1096.325273       11.2026
BFGS:  177 20:51:38    -1096.756854       12.8298
BFGS:  178 20:51:38    -1097.225735       13.2545
BFGS:  179 20:51:38    -1097.751781       12.8126
BFGS:  180 20:51:38    -1098.340661       12.6590
BFGS:  181 20:51:38    -1098.976057       12.2421
BFGS:  182 20:51:38    -1099.665474       12.3300
BFGS:  183 20:51:38    -1100.446102       11.9154
BFGS:  184 20:51:38    -1101.425247       10.9552
BFGS:  185 20:51:38    -1102.561119       13.9713
BFGS:  186 20:51:38    -1103.632321       16.0069
BFGS:  187 20:51:38    -1104.692763       17.3351
BFGS:  188 20:51:38    -1105.916791       18.8832
BFGS:  189 20:51:38    -1107.158979       19.9823
BFGS:  190 20:51:38    -1108.525152       20.6813
BFGS:  191 20:51:38    -1109.901506       20.6417
BFGS:  192 20:51:38    -1111.367565       20.3632
BFGS:  193 20:51:38    -1112.932781       18.7873
BFGS:  194 20:51:38    -1114.261604       16.4477
BFGS:  195 20:51:38    -1115.857530       14.9836
BFGS:  196 20:51:38    -1117.243794       14.4166
BFGS:  197 20:51:38    -1118.545994       12.4460
BFGS:  198 20:51:38    -1119.697323       11.6160
BFGS:  199 20:51:38    -1120.846641       10.8956
BFGS:  200 20:51:38    -1121.941352       10.5588
BFGS:  201 20:51:38    -1122.880822       10.6225
BFGS:  202 20:51:38    -1123.652111       10.8862
BFGS:  203 20:51:38    -1124.173081       11.3232
BFGS:  204 20:51:38    -1124.819724       10.8954
BFGS:  205 20:51:38    -1125.357119       11.5656
BFGS:  206 20:51:38    -1125.871287       11.9196
BFGS:  207 20:51:38    -1126.337606       12.3099
BFGS:  208 20:51:38    -1126.828364       12.7792
BFGS:  209 20:51:38    -1127.267668       13.0562
BFGS:  210 20:51:38    -1127.771092       12.7523
BFGS:  211 20:51:38    -1128.298479       11.6960
BFGS:  212 20:51:38    -1128.799401       12.0295
BFGS:  213 20:51:38    -1129.169806       12.8046
BFGS:  214 20:51:38    -1129.418847       13.6413
BFGS:  215 20:51:38    -1129.770123       15.1473
BFGS:  216 20:51:39    -1130.129757       16.8174
BFGS:  217 20:51:39    -1130.495330       17.7171
BFGS:  218 20:51:39    -1130.885413       17.8118
BFGS:  219 20:51:39    -1131.240419       17.0899
BFGS:  220 20:51:39    -1131.579960       16.4021
BFGS:  221 20:51:39    -1131.927419       15.1528
BFGS:  222 20:51:39    -1132.295428       14.0156
BFGS:  223 20:51:39    -1132.677039       12.1693
BFGS:  224 20:51:39    -1132.961346       11.6111
BFGS:  225 20:51:39    -1133.344391       10.3516
BFGS:  226 20:51:39    -1133.618366        9.5094
BFGS:  227 20:51:39    -1133.890634        8.7025
BFGS:  228 20:51:39    -1134.192469        6.7992
BFGS:  229 20:51:39    -1134.445216        5.6407
BFGS:  230 20:51:39    -1134.666494        5.5126
BFGS:  231 20:51:39    -1134.807404        6.0236
BFGS:  232 20:51:39    -1134.910640        6.2341
BFGS:  233 20:51:39    -1135.012742        6.0393
BFGS:  234 20:51:39    -1135.105312        6.8783
BFGS:  235 20:51:39    -1135.209874        7.3751
BFGS:  236 20:51:39    -1135.312917        7.4464
BFGS:  237 20:51:39    -1135.450266        7.2541
BFGS:  238 20:51:39    -1135.555608        6.6502
BFGS:  239 20:51:39    -1135.649178        6.6244
BFGS:  240 20:51:39    -1135.720855        5.9958
BFGS:  241 20:51:39    -1135.807227        5.1883
BFGS:  242 20:51:39    -1135.893602        5.0814
BFGS:  243 20:51:39    -1135.978491        4.6351
BFGS:  244 20:51:39    -1136.053798        4.7135
BFGS:  245 20:51:39    -1136.120747        4.5994
BFGS:  246 20:51:39    -1136.194608        4.2968
BFGS:  247 20:51:39    -1136.262334        4.5497
BFGS:  248 20:51:39    -1136.326192        4.3488
BFGS:  249 20:51:39    -1136.393717        4.2362
BFGS:  250 20:51:39    -1136.478230        4.3933
BFGS:  251 20:51:39    -1136.576991        3.8399
BFGS:  252 20:51:39    -1136.680539        4.0837
BFGS:  253 20:51:39    -1136.793618        4.5253
BFGS:  254 20:51:39    -1136.903615        4.8011
BFGS:  255 20:51:39    -1136.986378        4.6836
BFGS:  256 20:51:39    -1137.045058        4.1316
BFGS:  257 20:51:39    -1137.080814        3.5073
BFGS:  258 20:51:39    -1137.106308        3.5231
BFGS:  259 20:51:39    -1137.132567        3.2347
BFGS:  260 20:51:39    -1137.155099        3.0112
BFGS:  261 20:51:39    -1137.176489        2.8426
BFGS:  262 20:51:39    -1137.198937        2.7657
BFGS:  263 20:51:40    -1137.226133        2.8467
BFGS:  264 20:51:40    -1137.256445        2.9332
BFGS:  265 20:51:40    -1137.284887        2.9515
BFGS:  266 20:51:40    -1137.304902        2.5923
BFGS:  267 20:51:40    -1137.318519        2.1643
BFGS:  268 20:51:40    -1137.329260        1.6934
BFGS:  269 20:51:40    -1137.338355        1.4314
BFGS:  270 20:51:40    -1137.348726        1.4753
BFGS:  271 20:51:40    -1137.365234        1.4316
BFGS:  272 20:51:40    -1137.385319        1.7344
BFGS:  273 20:51:40    -1137.396205        2.5495
BFGS:  274 20:51:40    -1137.391009        2.7342
BFGS:  275 20:51:40    -1137.457542        1.8614
BFGS:  276 20:51:40    -1137.502776        2.4463
BFGS:  277 20:51:40    -1137.557670        3.1595
BFGS:  278 20:51:40    -1137.628462        3.1645
BFGS:  279 20:51:40    -1137.707804        2.6923
BFGS:  280 20:51:40    -1137.792083        2.6201
BFGS:  281 20:51:40    -1137.845103        2.6813
BFGS:  282 20:51:40    -1137.887430        2.5771
BFGS:  283 20:51:40    -1137.909516        2.7710
BFGS:  284 20:51:40    -1137.924612        2.6740
BFGS:  285 20:51:40    -1137.936390        2.5860
BFGS:  286 20:51:40    -1137.949420        2.4613
BFGS:  287 20:51:40    -1137.960252        2.4679
BFGS:  288 20:51:40    -1137.978568        2.7917
BFGS:  289 20:51:40    -1137.997391        2.8740
BFGS:  290 20:51:40    -1138.014763        2.7232
BFGS:  291 20:51:40    -1138.027448        2.3812
BFGS:  292 20:51:40    -1138.038230        2.4028
BFGS:  293 20:51:40    -1138.048061        2.4797
BFGS:  294 20:51:40    -1138.055766        2.4642
BFGS:  295 20:51:40    -1138.061217        2.4169
BFGS:  296 20:51:40    -1138.066102        2.3583
BFGS:  297 20:51:40    -1138.071749        2.4306
BFGS:  298 20:51:40    -1138.077795        2.4041
BFGS:  299 20:51:40    -1138.083507        2.1888
BFGS:  300 20:51:40    -1138.088606        2.0629
BFGS:  301 20:51:40    -1138.093894        1.8844
BFGS:  302 20:51:40    -1138.100402        1.6738
BFGS:  303 20:51:40    -1138.108762        1.6015
BFGS:  304 20:51:40    -1138.118497        1.4233
BFGS:  305 20:51:40    -1138.127203        1.4482
BFGS:  306 20:51:40    -1138.132806        1.4078
BFGS:  307 20:51:40    -1138.135493        1.2688
BFGS:  308 20:51:40    -1138.137225        1.1066
BFGS:  309 20:51:40    -1138.139074        1.0628
BFGS:  310 20:51:41    -1138.141792        1.0646
BFGS:  311 20:51:41    -1138.145360        1.0077
BFGS:  312 20:51:41    -1138.148335        0.8684
BFGS:  313 20:51:41    -1138.149596        0.9461
BFGS:  314 20:51:41    -1138.150037        1.0470
BFGS:  315 20:51:41    -1138.150341        1.1120
BFGS:  316 20:51:41    -1138.150660        1.1389
BFGS:  317 20:51:41    -1138.151021        1.1282
BFGS:  318 20:51:41    -1138.151311        1.0837
BFGS:  319 20:51:41    -1138.151547        1.0393
BFGS:  320 20:51:41    -1138.151794        1.0072
BFGS:  321 20:51:41    -1138.152160        0.9883
BFGS:  322 20:51:41    -1138.152728        0.9846
BFGS:  323 20:51:41    -1138.153520        0.9915
BFGS:  324 20:51:41    -1138.154282        0.9912
BFGS:  325 20:51:41    -1138.154673        0.9839
BFGS:  326 20:51:41    -1138.154806        0.9717
BFGS:  327 20:51:41    -1138.154871        0.9669
BFGS:  328 20:51:41    -1138.154920        0.9705
BFGS:  329 20:51:41    -1138.154966        0.9815
BFGS:  330 20:51:41    -1138.155014        0.9974
BFGS:  331 20:51:41    -1138.155072        1.0130
BFGS:  332 20:51:41    -1138.155146        1.0222
BFGS:  333 20:51:41    -1138.155225        1.0155
BFGS:  334 20:51:41    -1138.155282        0.9928
BFGS:  335 20:51:41    -1138.155306        0.9701
BFGS:  336 20:51:41    -1138.155314        0.9558
BFGS:  337 20:51:41    -1138.155317        0.9450
BFGS:  338 20:51:41    -1138.155317        0.9397
BFGS:  339 20:51:41    -1138.155316        0.9340
BFGS:  340 20:51:41    -1138.155316        0.9341
BFGS:  341 20:51:41    -1138.155318        0.9341
BFGS:  342 20:51:41    -1138.155322        0.9342
BFGS:  343 20:51:41    -1138.155329        0.9327
BFGS:  344 20:51:41    -1138.155336        0.9301
BFGS:  345 20:51:41    -1138.155340        0.9278
BFGS:  346 20:51:41    -1138.155342        0.9270
BFGS:  347 20:51:41    -1138.155343        0.9264
BFGS:  348 20:51:41    -1138.155344        0.9261
BFGS:  349 20:51:41    -1138.155344        0.9258
BFGS:  350 20:51:41    -1138.155344        0.9257
