      Step     Time          Energy         fmax
BFGS:    0 20:39:47     -971.736127       54.0297
BFGS:    1 20:39:47     -990.407261       39.6812
BFGS:    2 20:39:47     -999.215784       37.8409
BFGS:    3 20:39:47    -1008.143265       33.1531
BFGS:    4 20:39:48    -1016.286797       29.9100
BFGS:    5 20:39:48    -1022.773016       26.4718
BFGS:    6 20:39:48    -1027.931800       25.1045
BFGS:    7 20:39:48    -1032.208655       22.9381
BFGS:    8 20:39:48    -1036.293762       21.2787
BFGS:    9 20:39:48    -1039.849068       20.3466
BFGS:   10 20:39:48    -1043.100005       18.8109
BFGS:   11 20:39:48    -1045.979140       17.5934
BFGS:   12 20:39:48    -1048.694952       16.9209
BFGS:   13 20:39:48    -1051.146880       15.8388
BFGS:   14 20:39:48    -1053.411372       14.9508
BFGS:   15 20:39:48    -1055.551675       14.3028
BFGS:   16 20:39:48    -1057.492040       13.3638
BFGS:   17 20:39:48    -1059.508922       12.5816
BFGS:   18 20:39:48    -1061.296167       12.0382
BFGS:   19 20:39:48    -1062.979373       11.9607
BFGS:   20 20:39:48    -1064.585487       11.4759
BFGS:   21 20:39:48    -1066.178062       10.8033
BFGS:   22 20:39:48    -1067.712212        9.9938
BFGS:   23 20:39:48    -1069.203684        9.3625
BFGS:   24 20:39:48    -1070.644370        9.2005
BFGS:   25 20:39:48    -1072.004353        8.8556
BFGS:   26 20:39:48    -1073.294912        8.1817
BFGS:   27 20:39:48    -1074.463588        7.6024
BFGS:   28 20:39:48    -1075.526260        7.1092
BFGS:   29 20:39:48    -1076.513508        6.7476
BFGS:   30 20:39:48    -1077.440857        6.4742
BFGS:   31 20:39:48    -1078.317167        6.3037
BFGS:   32 20:39:48    -1079.152187        6.0836
BFGS:   33 20:39:48    -1079.953192        5.8264
BFGS:   34 20:39:48    -1080.729056        5.6715
BFGS:   35 20:39:48    -1081.477341        5.5709
BFGS:   36 20:39:48    -1082.190438        5.4397
BFGS:   37 20:39:48    -1082.826843        5.3612
BFGS:   38 20:39:48    -1083.404076        5.2208
BFGS:   39 20:39:48    -1083.932905        5.1231
BFGS:   40 20:39:48    -1084.427128        4.9447
BFGS:   41 20:39:48    -1084.892841        4.8095
BFGS:   42 20:39:48    -1085.340187        4.5922
BFGS:   43 20:39:48    -1085.773790        4.4003
BFGS:   44 20:39:48    -1086.202178        4.1365
BFGS:   45 20:39:48    -1086.633298        3.8695
BFGS:   46 20:39:49    -1087.054767        3.5674
BFGS:   47 20:39:49    -1087.485259        3.8168
BFGS:   48 20:39:49    -1087.930591        4.4743
BFGS:   49 20:39:49    -1088.459485        5.2909
BFGS:   50 20:39:49    -1089.072029        6.0243
BFGS:   51 20:39:49    -1089.718928        6.0957
BFGS:   52 20:39:49    -1090.252417        5.3813
BFGS:   53 20:39:49    -1091.049040        5.5820
BFGS:   54 20:39:49    -1091.729778        5.3693
BFGS:   55 20:39:49    -1092.250664        5.1988
BFGS:   56 20:39:49    -1092.615445        5.1674
BFGS:   57 20:39:49    -1092.904832        5.1489
BFGS:   58 20:39:49    -1093.168186        5.0342
BFGS:   59 20:39:49    -1093.423072        4.6765
BFGS:   60 20:39:49    -1093.671553        4.1132
BFGS:   61 20:39:49    -1093.912202        3.9207
BFGS:   62 20:39:49    -1094.145433        3.7537
BFGS:   63 20:39:49    -1094.373461        3.5283
BFGS:   64 20:39:49    -1094.599488        3.2770
BFGS:   65 20:39:49    -1094.826523        3.0124
BFGS:   66 20:39:49    -1095.056620        2.8506
BFGS:   67 20:39:49    -1095.289066        2.8568
BFGS:   68 20:39:49    -1095.518432        2.8866
BFGS:   69 20:39:49    -1095.737083        2.8316
BFGS:   70 20:39:49    -1095.942952        2.6586
BFGS:   71 20:39:49    -1096.138317        2.3362
BFGS:   72 20:39:49    -1096.316596        1.7869
BFGS:   73 20:39:49    -1096.445178        1.5955
BFGS:   74 20:39:49    -1096.553722        1.5240
BFGS:   75 20:39:49    -1096.656806        1.3248
BFGS:   76 20:39:49    -1096.707759        1.2272
BFGS:   77 20:39:49    -1096.747663        1.2175
BFGS:   78 20:39:49    -1096.784063        1.1934
BFGS:   79 20:39:49    -1096.815576        1.1368
BFGS:   80 20:39:49    -1096.839527        1.1044
BFGS:   81 20:39:49    -1096.860774        1.1271
BFGS:   82 20:39:49    -1096.881433        1.1906
BFGS:   83 20:39:49    -1096.897129        1.1636
BFGS:   84 20:39:49    -1096.907777        1.1371
BFGS:   85 20:39:49    -1096.916535        1.1162
BFGS:   86 20:39:49    -1096.924196        1.1370
BFGS:   87 20:39:50    -1096.930565        1.1453
BFGS:   88 20:39:50    -1096.935424        1.1550
BFGS:   89 20:39:50    -1096.938968        1.0955
BFGS:   90 20:39:50    -1096.941662        1.0336
BFGS:   91 20:39:51    -1096.943492        0.9391
BFGS:   92 20:39:51    -1096.944764        0.9123
BFGS:   93 20:39:51    -1096.945942        0.8743
BFGS:   94 20:39:51    -1096.947455        0.8935
BFGS:   95 20:39:51    -1096.949419        0.9002
BFGS:   96 20:39:51    -1096.951451        0.9290
BFGS:   97 20:39:51    -1096.953029        0.9225
BFGS:   98 20:39:51    -1096.954420        0.8984
BFGS:   99 20:39:51    -1096.956125        0.8474
BFGS:  100 20:39:51    -1096.958484        0.7692
BFGS:  101 20:39:51    -1096.961544        0.6834
BFGS:  102 20:39:51    -1096.965303        0.6093
BFGS:  103 20:39:51    -1096.969945        0.5692
BFGS:  104 20:39:51    -1096.975720        0.5407
BFGS:  105 20:39:51    -1096.982375        0.5099
BFGS:  106 20:39:51    -1096.989014        0.4419
BFGS:  107 20:39:51    -1096.994899        0.3503
BFGS:  108 20:39:51    -1096.999939        0.2327
BFGS:  109 20:39:51    -1097.004295        0.2246
BFGS:  110 20:39:51    -1097.007630        0.2312
BFGS:  111 20:39:51    -1097.009861        0.2358
BFGS:  112 20:39:51    -1097.011429        0.2053
BFGS:  113 20:39:51    -1097.012631        0.1426
BFGS:  114 20:39:51    -1097.013455        0.1208
BFGS:  115 20:39:51    -1097.014045        0.1308
BFGS:  116 20:39:51    -1097.014628        0.1421
BFGS:  117 20:39:51    -1097.015355        0.1511
BFGS:  118 20:39:51    -1097.016147        0.1348
BFGS:  119 20:39:51    -1097.016737        0.1027
BFGS:  120 20:39:51    -1097.017046        0.1149
BFGS:  121 20:39:51    -1097.017225        0.1099
BFGS:  122 20:39:51    -1097.017354        0.0997
