      Step     Time          Energy         fmax
BFGS:    0 20:48:15     -732.674274      258.9704
BFGS:    1 20:48:15     -770.192805      198.2647
BFGS:    2 20:48:15     -786.829285      196.8673
BFGS:    3 20:48:15     -801.050593      184.2706
BFGS:    4 20:48:15     -814.983743      179.6463
BFGS:    5 20:48:15     -828.396845      171.6268
BFGS:    6 20:48:15     -840.849236      165.9217
BFGS:    7 20:48:15     -852.379155      161.1663
BFGS:    8 20:48:15     -864.185531      155.7653
BFGS:    9 20:48:15     -875.995938      150.4766
BFGS:   10 20:48:15     -891.734568      138.0491
BFGS:   11 20:48:15     -904.370877      131.6501
BFGS:   12 20:48:15     -915.049606      121.5357
BFGS:   13 20:48:15     -922.942027      116.4495
BFGS:   14 20:48:15     -930.847431      111.2214
BFGS:   15 20:48:15     -940.713489      101.6313
BFGS:   16 20:48:15     -948.129156       96.1363
BFGS:   17 20:48:16     -955.389104       90.7194
BFGS:   18 20:48:16     -962.898001       86.5261
BFGS:   19 20:48:16     -971.389824       77.4794
BFGS:   20 20:48:16     -979.025812       72.5661
BFGS:   21 20:48:16     -986.937975       67.4704
BFGS:   22 20:48:16     -993.463685       64.7992
BFGS:   23 20:48:16     -999.805318       61.6456
BFGS:   24 20:48:16    -1006.046748       58.3200
BFGS:   25 20:48:16    -1012.011043       55.2000
BFGS:   26 20:48:16    -1017.729402       51.7493
BFGS:   27 20:48:16    -1022.705578       47.5108
BFGS:   28 20:48:16    -1027.217739       44.7584
BFGS:   29 20:48:16    -1030.992613       40.7227
BFGS:   30 20:48:16    -1034.260063       37.8401
BFGS:   31 20:48:16    -1037.035953       32.5533
BFGS:   32 20:48:16    -1039.533616       28.9996
BFGS:   33 20:48:16    -1042.278568       23.0851
BFGS:   34 20:48:16    -1044.359077       19.4509
BFGS:   35 20:48:16    -1046.103413       15.8388
BFGS:   36 20:48:16    -1047.445110       12.8319
BFGS:   37 20:48:16    -1048.541944       11.6840
BFGS:   38 20:48:16    -1049.610815       11.0013
BFGS:   39 20:48:16    -1050.777909       10.6639
BFGS:   40 20:48:16    -1051.909684       11.9899
BFGS:   41 20:48:16    -1052.975282       13.0977
BFGS:   42 20:48:16    -1054.507766       13.6122
BFGS:   43 20:48:17    -1055.830395       13.8963
BFGS:   44 20:48:17    -1057.088038       14.7299
BFGS:   45 20:48:17    -1058.279771       15.1503
BFGS:   46 20:48:17    -1059.509337       13.8343
BFGS:   47 20:48:17    -1060.770259       13.5817
BFGS:   48 20:48:17    -1062.099101       14.9798
BFGS:   49 20:48:17    -1063.408808       16.5818
BFGS:   50 20:48:17    -1064.648546       17.3286
BFGS:   51 20:48:17    -1065.952566       17.0503
BFGS:   52 20:48:17    -1067.162438       16.4436
BFGS:   53 20:48:17    -1068.313503       15.5412
BFGS:   54 20:48:17    -1069.383578       14.6670
BFGS:   55 20:48:17    -1070.427418       13.9669
BFGS:   56 20:48:17    -1071.377535       13.4272
BFGS:   57 20:48:17    -1072.384572       13.7191
BFGS:   58 20:48:17    -1073.438796       13.3209
BFGS:   59 20:48:17    -1074.329749       14.0143
BFGS:   60 20:48:17    -1075.117444       14.3478
BFGS:   61 20:48:17    -1075.939380       14.2057
BFGS:   62 20:48:17    -1076.652230       11.9412
BFGS:   63 20:48:17    -1077.235529       13.4730
BFGS:   64 20:48:17    -1077.839700       14.2192
BFGS:   65 20:48:17    -1078.498919       13.1315
BFGS:   66 20:48:17    -1079.063198        9.6081
BFGS:   67 20:48:17    -1079.562946        7.2711
BFGS:   68 20:48:17    -1080.040700        6.5251
BFGS:   69 20:48:17    -1080.574750        6.5513
BFGS:   70 20:48:17    -1081.068549        7.1036
BFGS:   71 20:48:18    -1081.581553        7.1798
BFGS:   72 20:48:18    -1082.021556        6.1134
BFGS:   73 20:48:18    -1082.404610        5.3846
BFGS:   74 20:48:18    -1082.735718        6.2086
BFGS:   75 20:48:18    -1082.984161        5.7680
BFGS:   76 20:48:18    -1083.219377        4.6034
BFGS:   77 20:48:18    -1083.419951        3.6651
BFGS:   78 20:48:18    -1083.602831        3.6792
BFGS:   79 20:48:18    -1083.782733        3.3836
BFGS:   80 20:48:18    -1083.947324        2.9855
BFGS:   81 20:48:18    -1084.107782        2.7920
BFGS:   82 20:48:18    -1084.250474        3.1628
BFGS:   83 20:48:18    -1084.352567        3.1982
BFGS:   84 20:48:18    -1084.434790        2.7414
BFGS:   85 20:48:18    -1084.514460        1.5535
BFGS:   86 20:48:18    -1084.552251        1.0749
BFGS:   87 20:48:18    -1084.572972        1.4107
BFGS:   88 20:48:18    -1084.581606        1.3175
BFGS:   89 20:48:18    -1084.584857        1.0715
BFGS:   90 20:48:18    -1084.588047        1.3924
BFGS:   91 20:48:18    -1084.595879        1.2174
BFGS:   92 20:48:18    -1084.600145        1.1412
BFGS:   93 20:48:18    -1084.605310        1.1826
BFGS:   94 20:48:18    -1084.619587        1.3361
BFGS:   95 20:48:18    -1084.602718        2.8673
BFGS:   96 20:48:18    -1084.642487        2.1596
BFGS:   97 20:48:18    -1084.594441        2.0500
BFGS:   98 20:48:18    -1084.632281        1.7072
BFGS:   99 20:48:19    -1084.642742        2.8027
BFGS:  100 20:48:19    -1084.667931        2.3470
BFGS:  101 20:48:19    -1084.682543        2.8179
BFGS:  102 20:48:19    -1084.745531        3.1648
BFGS:  103 20:48:19    -1084.796589        3.1323
BFGS:  104 20:48:19    -1084.842276        3.3753
BFGS:  105 20:48:19    -1084.904984        2.5075
BFGS:  106 20:48:19    -1084.944763        1.8973
BFGS:  107 20:48:19    -1084.969819        2.0578
BFGS:  108 20:48:19    -1084.999549        2.1872
BFGS:  109 20:48:19    -1085.029778        2.2619
BFGS:  110 20:48:19    -1085.066411        2.6096
BFGS:  111 20:48:19    -1085.100929        2.8411
BFGS:  112 20:48:19    -1085.135618        3.3654
BFGS:  113 20:48:19    -1085.196497        4.8693
BFGS:  114 20:48:19    -1085.271812        6.4429
BFGS:  115 20:48:19    -1085.380569        7.6205
BFGS:  116 20:48:19    -1085.485554        8.0378
BFGS:  117 20:48:19    -1085.602593        8.2551
BFGS:  118 20:48:19    -1085.709590        8.2255
BFGS:  119 20:48:19    -1085.847344        8.3899
BFGS:  120 20:48:19    -1085.986639        8.6473
BFGS:  121 20:48:19    -1086.147673        9.0020
BFGS:  122 20:48:19    -1086.327933        9.3481
BFGS:  123 20:48:19    -1086.547444        9.6039
BFGS:  124 20:48:19    -1086.823915        9.7406
BFGS:  125 20:48:19    -1087.184605        9.9003
BFGS:  126 20:48:19    -1087.593317        9.8656
BFGS:  127 20:48:19    -1088.031815       10.2221
BFGS:  128 20:48:20    -1088.463264       10.9585
BFGS:  129 20:48:20    -1088.935238       11.1324
BFGS:  130 20:48:20    -1089.347323       10.9505
BFGS:  131 20:48:20    -1089.758532       10.5850
BFGS:  132 20:48:20    -1090.102382       10.2408
BFGS:  133 20:48:20    -1090.488982        9.7064
BFGS:  134 20:48:20    -1090.828535        9.3780
BFGS:  135 20:48:20    -1091.149613        9.5538
BFGS:  136 20:48:20    -1091.454985       10.0061
BFGS:  137 20:48:20    -1091.797204       10.1351
BFGS:  138 20:48:20    -1092.212838        9.8159
BFGS:  139 20:48:20    -1092.788449        9.7633
BFGS:  140 20:48:20    -1093.228652       10.4286
BFGS:  141 20:48:20    -1093.647235       10.2022
BFGS:  142 20:48:20    -1093.965820        9.6221
BFGS:  143 20:48:20    -1094.344942        8.0928
BFGS:  144 20:48:20    -1094.695366        6.7246
BFGS:  145 20:48:20    -1095.078300        6.3269
BFGS:  146 20:48:20    -1095.405567        6.4054
BFGS:  147 20:48:20    -1095.734165        6.3929
BFGS:  148 20:48:20    -1096.069317        5.2337
BFGS:  149 20:48:20    -1096.394312        4.6084
BFGS:  150 20:48:20    -1096.614325        4.2816
BFGS:  151 20:48:20    -1096.765204        3.2026
BFGS:  152 20:48:20    -1096.859417        2.5457
BFGS:  153 20:48:20    -1096.919563        2.6799
BFGS:  154 20:48:20    -1096.989264        3.1260
BFGS:  155 20:48:20    -1097.039272        2.8529
BFGS:  156 20:48:20    -1097.102052        3.0540
BFGS:  157 20:48:20    -1097.189172        3.7106
BFGS:  158 20:48:20    -1097.259487        3.3769
BFGS:  159 20:48:21    -1097.330668        3.2539
BFGS:  160 20:48:21    -1097.405805        4.0750
BFGS:  161 20:48:21    -1097.481816        4.9203
BFGS:  162 20:48:21    -1097.557813        5.7067
BFGS:  163 20:48:21    -1097.631827        6.2963
BFGS:  164 20:48:21    -1097.732348        7.3588
BFGS:  165 20:48:21    -1097.806667        6.9105
BFGS:  166 20:48:21    -1097.960820        7.7885
BFGS:  167 20:48:21    -1098.216299        6.2544
BFGS:  168 20:48:21    -1098.582528        5.4168
BFGS:  169 20:48:21    -1098.914802        4.0558
BFGS:  170 20:48:21    -1099.155438        4.7905
BFGS:  171 20:48:21    -1099.325879        4.0026
BFGS:  172 20:48:21    -1099.455888        2.3733
BFGS:  173 20:48:21    -1099.530071        2.0963
BFGS:  174 20:48:21    -1099.584234        1.5486
BFGS:  175 20:48:21    -1099.617213        1.3133
BFGS:  176 20:48:21    -1099.640427        1.3060
BFGS:  177 20:48:21    -1099.654642        1.2169
BFGS:  178 20:48:21    -1099.668276        1.0278
BFGS:  179 20:48:21    -1099.677767        1.0944
BFGS:  180 20:48:21    -1099.686616        0.9621
BFGS:  181 20:48:21    -1099.695359        0.6624
BFGS:  182 20:48:21    -1099.703366        0.7099
BFGS:  183 20:48:21    -1099.708020        0.5412
BFGS:  184 20:48:21    -1099.710877        0.4201
BFGS:  185 20:48:21    -1099.712934        0.4106
BFGS:  186 20:48:21    -1099.714743        0.3298
BFGS:  187 20:48:21    -1099.715710        0.2525
BFGS:  188 20:48:21    -1099.716342        0.2454
BFGS:  189 20:48:21    -1099.716782        0.2884
BFGS:  190 20:48:22    -1099.717231        0.2644
BFGS:  191 20:48:22    -1099.717550        0.2619
BFGS:  192 20:48:22    -1099.717875        0.2576
BFGS:  193 20:48:22    -1099.718162        0.2488
BFGS:  194 20:48:22    -1099.718595        0.2231
BFGS:  195 20:48:22    -1099.718920        0.2043
BFGS:  196 20:48:22    -1099.719225        0.2274
BFGS:  197 20:48:22    -1099.719351        0.2385
BFGS:  198 20:48:22    -1099.719448        0.2375
BFGS:  199 20:48:22    -1099.719533        0.2304
BFGS:  200 20:48:22    -1099.719659        0.2217
BFGS:  201 20:48:22    -1099.719831        0.2155
BFGS:  202 20:48:22    -1099.720061        0.2468
BFGS:  203 20:48:22    -1099.720291        0.2558
BFGS:  204 20:48:22    -1099.720467        0.2244
BFGS:  205 20:48:22    -1099.720577        0.2118
BFGS:  206 20:48:22    -1099.720651        0.2166
BFGS:  207 20:48:22    -1099.720711        0.2184
BFGS:  208 20:48:22    -1099.720762        0.2180
BFGS:  209 20:48:22    -1099.720808        0.2161
BFGS:  210 20:48:22    -1099.720849        0.2135
BFGS:  211 20:48:22    -1099.720887        0.2118
BFGS:  212 20:48:22    -1099.720923        0.2114
BFGS:  213 20:48:22    -1099.720956        0.2129
BFGS:  214 20:48:22    -1099.720992        0.2160
BFGS:  215 20:48:22    -1099.721021        0.2183
BFGS:  216 20:48:22    -1099.721047        0.2180
BFGS:  217 20:48:22    -1099.721069        0.2155
BFGS:  218 20:48:22    -1099.721096        0.2172
