      Step     Time          Energy         fmax
BFGS:    0 20:47:31     -805.529536      173.2398
BFGS:    1 20:47:31     -834.666847      154.3133
BFGS:    2 20:47:31     -861.800222      149.0830
BFGS:    3 20:47:31     -887.303360      136.2212
BFGS:    4 20:47:31     -905.210077      134.9066
BFGS:    5 20:47:31     -921.069089      126.3351
BFGS:    6 20:47:31     -937.406708      117.4617
BFGS:    7 20:47:31     -951.238164      108.2496
BFGS:    8 20:47:31     -961.859265      107.9314
BFGS:    9 20:47:31     -972.688723      104.0198
BFGS:   10 20:47:31     -984.056341       91.4845
BFGS:   11 20:47:32     -992.624378       82.1760
BFGS:   12 20:47:32    -1001.264815       76.4381
BFGS:   13 20:47:32    -1008.665899       67.8425
BFGS:   14 20:47:32    -1014.601932       58.6943
BFGS:   15 20:47:32    -1019.908803       52.0570
BFGS:   16 20:47:32    -1024.242864       51.6650
BFGS:   17 20:47:32    -1028.048291       46.1290
BFGS:   18 20:47:32    -1032.091926       43.2820
BFGS:   19 20:47:32    -1036.073933       40.5448
BFGS:   20 20:47:32    -1040.028597       37.3834
BFGS:   21 20:47:32    -1043.456040       33.7048
BFGS:   22 20:47:32    -1047.227737       31.2383
BFGS:   23 20:47:32    -1050.203130       27.9494
BFGS:   24 20:47:32    -1052.835252       24.1226
BFGS:   25 20:47:32    -1055.170984       20.9217
BFGS:   26 20:47:32    -1057.473541       18.7359
BFGS:   27 20:47:32    -1059.743618       15.6747
BFGS:   28 20:47:32    -1061.901998       13.6812
BFGS:   29 20:47:32    -1063.936052       13.0416
BFGS:   30 20:47:32    -1065.510641       13.0608
BFGS:   31 20:47:32    -1066.568465       11.6698
BFGS:   32 20:47:32    -1067.328631       11.8783
BFGS:   33 20:47:32    -1067.983786       11.8173
BFGS:   34 20:47:32    -1068.574325       11.7547
BFGS:   35 20:47:32    -1069.178162       11.5558
BFGS:   36 20:47:32    -1069.755193       11.5075
BFGS:   37 20:47:32    -1070.340691       11.4613
BFGS:   38 20:47:33    -1070.965364       11.4410
BFGS:   39 20:47:33    -1071.622596       11.3772
BFGS:   40 20:47:33    -1072.296517       11.3325
BFGS:   41 20:47:33    -1072.948992       11.2544
BFGS:   42 20:47:33    -1073.565056       12.0219
BFGS:   43 20:47:33    -1074.137231       12.7223
BFGS:   44 20:47:33    -1074.674176       13.3121
BFGS:   45 20:47:33    -1075.181075       13.8158
BFGS:   46 20:47:33    -1075.667953       14.1992
BFGS:   47 20:47:33    -1076.143321       14.4725
BFGS:   48 20:47:33    -1076.617718       14.5941
BFGS:   49 20:47:33    -1077.101101       14.5284
BFGS:   50 20:47:33    -1077.600736       14.3226
BFGS:   51 20:47:33    -1078.112118       14.0187
BFGS:   52 20:47:33    -1078.632070       13.6304
BFGS:   53 20:47:33    -1079.145841       13.0837
BFGS:   54 20:47:33    -1079.660111       12.3749
BFGS:   55 20:47:33    -1080.157563       11.4339
BFGS:   56 20:47:33    -1080.657806       10.4806
BFGS:   57 20:47:33    -1081.140181       10.5111
BFGS:   58 20:47:33    -1081.609951       10.2326
BFGS:   59 20:47:33    -1082.121328        9.8032
BFGS:   60 20:47:33    -1082.686605        9.2114
BFGS:   61 20:47:33    -1083.254761        8.9985
BFGS:   62 20:47:33    -1083.802696        9.3242
BFGS:   63 20:47:33    -1084.375125       10.3329
BFGS:   64 20:47:33    -1084.959179       11.0610
BFGS:   65 20:47:33    -1085.541349       11.4949
BFGS:   66 20:47:33    -1086.116224       11.3158
BFGS:   67 20:47:33    -1086.671912       11.5781
BFGS:   68 20:47:34    -1087.195302       11.6304
BFGS:   69 20:47:34    -1087.674769       12.2539
BFGS:   70 20:47:34    -1088.172601       12.3305
BFGS:   71 20:47:34    -1088.733875       12.0328
BFGS:   72 20:47:34    -1089.283380       11.4583
BFGS:   73 20:47:34    -1089.860620       10.6446
BFGS:   74 20:47:34    -1090.432817        9.6896
BFGS:   75 20:47:34    -1091.038350       10.3045
BFGS:   76 20:47:34    -1091.624276        9.2129
BFGS:   77 20:47:34    -1092.190614        9.8498
BFGS:   78 20:47:34    -1092.678505        9.2137
BFGS:   79 20:47:34    -1093.192281        7.1693
BFGS:   80 20:47:34    -1093.726120        4.9650
BFGS:   81 20:47:34    -1094.203276        4.5657
BFGS:   82 20:47:34    -1094.637598        4.4503
BFGS:   83 20:47:34    -1095.033625        4.2480
BFGS:   84 20:47:34    -1095.409096        4.7423
BFGS:   85 20:47:34    -1095.784526        5.1135
BFGS:   86 20:47:34    -1096.118195        5.5748
BFGS:   87 20:47:34    -1096.494535        5.6873
BFGS:   88 20:47:34    -1096.893726        6.1821
BFGS:   89 20:47:34    -1097.338947        6.5919
BFGS:   90 20:47:34    -1097.762529        6.0219
BFGS:   91 20:47:34    -1098.079577        4.9654
BFGS:   92 20:47:34    -1098.375456        4.6304
BFGS:   93 20:47:34    -1098.639307        4.5802
BFGS:   94 20:47:34    -1098.903267        5.0282
BFGS:   95 20:47:34    -1099.202332        5.8878
BFGS:   96 20:47:34    -1099.555695        5.2781
BFGS:   97 20:47:34    -1099.834510        3.6747
BFGS:   98 20:47:34    -1100.018448        4.0428
BFGS:   99 20:47:34    -1100.189070        4.5673
BFGS:  100 20:47:34    -1100.450096        4.8147
BFGS:  101 20:47:34    -1100.678442        4.6180
BFGS:  102 20:47:35    -1100.925790        3.8872
BFGS:  103 20:47:35    -1101.185072        3.6415
BFGS:  104 20:47:35    -1101.419799        3.5048
BFGS:  105 20:47:35    -1101.655532        3.4285
BFGS:  106 20:47:35    -1101.931365        4.0418
BFGS:  107 20:47:35    -1102.192310        4.1878
BFGS:  108 20:47:35    -1102.425118        2.4533
BFGS:  109 20:47:35    -1102.556790        2.5941
BFGS:  110 20:47:35    -1102.678471        3.0218
BFGS:  111 20:47:35    -1102.866926        5.1496
BFGS:  112 20:47:35    -1103.105705        7.4605
BFGS:  113 20:47:35    -1103.324450        7.0313
BFGS:  114 20:47:35    -1103.585668        5.0259
BFGS:  115 20:47:35    -1103.830739        4.2453
BFGS:  116 20:47:35    -1104.119102        3.9868
BFGS:  117 20:47:35    -1104.392620        3.9122
BFGS:  118 20:47:35    -1104.647450        3.5869
BFGS:  119 20:47:35    -1104.811884        3.7486
BFGS:  120 20:47:35    -1104.982810        3.3254
BFGS:  121 20:47:35    -1105.117019        3.6422
BFGS:  122 20:47:35    -1105.243617        3.6445
BFGS:  123 20:47:35    -1105.404827        3.6330
BFGS:  124 20:47:35    -1105.537729        2.3979
BFGS:  125 20:47:35    -1105.621851        1.6406
BFGS:  126 20:47:35    -1105.686121        1.5021
BFGS:  127 20:47:35    -1105.747433        1.7743
BFGS:  128 20:47:35    -1105.806490        1.8053
BFGS:  129 20:47:35    -1105.859789        1.6359
BFGS:  130 20:47:35    -1105.901690        1.2931
BFGS:  131 20:47:35    -1105.938338        1.3501
BFGS:  132 20:47:35    -1105.973639        1.4051
BFGS:  133 20:47:35    -1106.033390        1.7064
BFGS:  134 20:47:35    -1106.079054        2.8327
BFGS:  135 20:47:35    -1106.118168        3.1293
BFGS:  136 20:47:35    -1106.169333        2.0912
BFGS:  137 20:47:35    -1106.205917        1.2622
BFGS:  138 20:47:36    -1106.228666        1.2243
BFGS:  139 20:47:36    -1106.249905        1.1346
BFGS:  140 20:47:36    -1106.270299        0.9689
BFGS:  141 20:47:36    -1106.281657        0.7836
BFGS:  142 20:47:36    -1106.293000        0.6914
BFGS:  143 20:47:36    -1106.301744        0.7163
BFGS:  144 20:47:36    -1106.310674        0.5626
BFGS:  145 20:47:36    -1106.319508        0.6201
BFGS:  146 20:47:36    -1106.331683        0.6612
BFGS:  147 20:47:36    -1106.343805        0.6631
BFGS:  148 20:47:36    -1106.355525        0.9310
BFGS:  149 20:47:36    -1106.366706        0.8988
BFGS:  150 20:47:36    -1106.386463        1.3282
BFGS:  151 20:47:36    -1106.413221        1.5197
BFGS:  152 20:47:36    -1106.444468        1.4174
BFGS:  153 20:47:36    -1106.468870        1.5728
BFGS:  154 20:47:36    -1106.485174        1.5097
BFGS:  155 20:47:36    -1106.496939        1.2018
BFGS:  156 20:47:36    -1106.519263        1.2457
BFGS:  157 20:47:36    -1106.542530        1.5373
BFGS:  158 20:47:36    -1106.557660        1.3216
BFGS:  159 20:47:36    -1106.566304        1.3877
BFGS:  160 20:47:36    -1106.575565        1.2657
BFGS:  161 20:47:36    -1106.583119        1.0034
BFGS:  162 20:47:36    -1106.591446        0.8259
BFGS:  163 20:47:36    -1106.599249        0.7231
BFGS:  164 20:47:36    -1106.605689        0.5456
BFGS:  165 20:47:36    -1106.610553        0.4240
BFGS:  166 20:47:36    -1106.614540        0.3896
BFGS:  167 20:47:36    -1106.617729        0.3935
BFGS:  168 20:47:36    -1106.619961        0.3162
BFGS:  169 20:47:36    -1106.621228        0.1729
BFGS:  170 20:47:36    -1106.621950        0.1351
BFGS:  171 20:47:36    -1106.622445        0.0984
