      Step     Time          Energy         fmax
BFGS:    0 20:39:50     -956.902614       61.5385
BFGS:    1 20:39:50     -967.394267       38.4098
BFGS:    2 20:39:50     -971.799691       35.3357
BFGS:    3 20:39:50     -976.150842       30.1828
BFGS:    4 20:39:50     -981.184348       27.9154
BFGS:    5 20:39:50     -985.763049       26.6071
BFGS:    6 20:39:50     -990.197102       26.1282
BFGS:    7 20:39:50     -994.113451       30.3262
BFGS:    8 20:39:50     -997.693712       32.1053
BFGS:    9 20:39:50    -1001.081666       32.9566
BFGS:   10 20:39:50    -1004.374870       32.2399
BFGS:   11 20:39:50    -1007.897385       31.6344
BFGS:   12 20:39:50    -1011.566181       34.3277
BFGS:   13 20:39:50    -1015.429777       35.6704
BFGS:   14 20:39:50    -1019.243101       36.8807
BFGS:   15 20:39:50    -1022.943186       37.1230
BFGS:   16 20:39:50    -1026.646972       37.1945
BFGS:   17 20:39:50    -1030.419454       36.5349
BFGS:   18 20:39:50    -1034.235953       35.4633
BFGS:   19 20:39:50    -1037.719379       34.2969
BFGS:   20 20:39:50    -1040.953810       31.8566
BFGS:   21 20:39:50    -1044.060682       31.4351
BFGS:   22 20:39:50    -1046.788275       28.1819
BFGS:   23 20:39:50    -1049.769814       26.4423
BFGS:   24 20:39:50    -1052.607993       24.9484
BFGS:   25 20:39:50    -1055.114710       23.3288
BFGS:   26 20:39:50    -1057.563153       21.0166
BFGS:   27 20:39:50    -1059.575412       19.3156
BFGS:   28 20:39:50    -1061.392881       17.3390
BFGS:   29 20:39:50    -1063.154751       15.6080
BFGS:   30 20:39:50    -1064.918063       13.2182
BFGS:   31 20:39:51    -1066.660195       11.5640
BFGS:   32 20:39:51    -1068.403846       10.9876
BFGS:   33 20:39:51    -1069.771108       10.1037
BFGS:   34 20:39:51    -1071.014074        9.6069
BFGS:   35 20:39:51    -1072.080987        8.4921
BFGS:   36 20:39:51    -1073.080763        7.9867
BFGS:   37 20:39:51    -1073.981301        6.2949
BFGS:   38 20:39:51    -1074.580808        6.3567
BFGS:   39 20:39:51    -1075.047740        6.4539
BFGS:   40 20:39:51    -1075.446501        6.5543
BFGS:   41 20:39:51    -1075.854835        6.6457
BFGS:   42 20:39:51    -1076.240397        6.7729
BFGS:   43 20:39:51    -1076.627452        6.7239
BFGS:   44 20:39:51    -1077.014453        6.4931
BFGS:   45 20:39:51    -1077.405925        5.9348
BFGS:   46 20:39:51    -1077.761523        5.6148
BFGS:   47 20:39:51    -1078.050027        5.4761
BFGS:   48 20:39:51    -1078.320797        6.3667
BFGS:   49 20:39:51    -1078.590615        7.1609
BFGS:   50 20:39:51    -1078.856785        7.6428
BFGS:   51 20:39:51    -1079.125063        7.5766
BFGS:   52 20:39:51    -1079.418417        6.6768
BFGS:   53 20:39:51    -1079.808770        7.1114
BFGS:   54 20:39:51    -1080.243966        7.6968
BFGS:   55 20:39:51    -1080.727392        8.3091
BFGS:   56 20:39:51    -1081.233744        8.8364
BFGS:   57 20:39:51    -1081.645901        9.0002
BFGS:   58 20:39:51    -1082.570995        9.4228
BFGS:   59 20:39:51    -1083.643441        9.0523
BFGS:   60 20:39:51    -1084.588150        8.0122
BFGS:   61 20:39:51    -1085.515303        7.4469
BFGS:   62 20:39:51    -1086.211911        7.0159
BFGS:   63 20:39:51    -1086.852662        7.0563
BFGS:   64 20:39:51    -1087.483539        7.9143
BFGS:   65 20:39:52    -1088.102106        8.7737
BFGS:   66 20:39:52    -1088.707543        9.5429
BFGS:   67 20:39:52    -1089.300094       10.1840
BFGS:   68 20:39:52    -1089.881978       10.6590
BFGS:   69 20:39:52    -1090.458670       10.9871
BFGS:   70 20:39:52    -1091.029014       11.2333
BFGS:   71 20:39:52    -1091.598863       11.3514
BFGS:   72 20:39:52    -1092.177014       11.3791
BFGS:   73 20:39:52    -1092.757366       11.3204
BFGS:   74 20:39:52    -1093.333909       11.1650
BFGS:   75 20:39:52    -1093.893768       10.9043
BFGS:   76 20:39:52    -1094.438920       10.5339
BFGS:   77 20:39:52    -1094.978606       10.0237
BFGS:   78 20:39:52    -1095.519474        9.8470
BFGS:   79 20:39:52    -1096.059546        9.7135
BFGS:   80 20:39:52    -1096.594448        9.6011
BFGS:   81 20:39:52    -1097.118677        9.4536
BFGS:   82 20:39:52    -1097.630230        9.3916
BFGS:   83 20:39:52    -1098.131723        9.4455
BFGS:   84 20:39:52    -1098.626686        9.5782
BFGS:   85 20:39:52    -1099.123625        9.7590
BFGS:   86 20:39:52    -1099.619376        9.9340
BFGS:   87 20:39:52    -1100.116024       10.0291
BFGS:   88 20:39:52    -1100.610756        9.9455
BFGS:   89 20:39:52    -1101.093741        9.6385
BFGS:   90 20:39:52    -1101.555149        9.0260
BFGS:   91 20:39:52    -1101.985489        8.0630
BFGS:   92 20:39:52    -1102.380910        6.7178
BFGS:   93 20:39:52    -1102.751486        5.0464
BFGS:   94 20:39:52    -1103.114106        5.0834
BFGS:   95 20:39:52    -1103.487177        5.4604
BFGS:   96 20:39:52    -1103.863835        5.7605
BFGS:   97 20:39:52    -1104.242021        5.9867
BFGS:   98 20:39:52    -1104.607052        6.0697
BFGS:   99 20:39:52    -1104.973283        6.1119
BFGS:  100 20:39:52    -1105.330904        6.1536
BFGS:  101 20:39:52    -1105.685868        6.3741
BFGS:  102 20:39:52    -1106.040838        6.5657
BFGS:  103 20:39:52    -1106.391424        6.4275
BFGS:  104 20:39:52    -1106.735683        6.3799
BFGS:  105 20:39:52    -1107.080655        6.2022
BFGS:  106 20:39:53    -1107.448811        5.8863
BFGS:  107 20:39:53    -1107.874649        6.0219
BFGS:  108 20:39:53    -1108.229397        5.6295
BFGS:  109 20:39:53    -1108.527082        4.7049
BFGS:  110 20:39:53    -1108.776406        4.3805
BFGS:  111 20:39:53    -1108.965438        4.1093
BFGS:  112 20:39:53    -1109.148144        4.1015
BFGS:  113 20:39:53    -1109.308137        4.1581
BFGS:  114 20:39:53    -1109.440681        4.2713
BFGS:  115 20:39:53    -1109.593828        4.0956
BFGS:  116 20:39:53    -1109.746611        3.9219
BFGS:  117 20:39:53    -1109.891745        4.4416
BFGS:  118 20:39:53    -1110.046471        5.1453
BFGS:  119 20:39:53    -1110.220521        5.6638
BFGS:  120 20:39:53    -1110.365998        5.1696
BFGS:  121 20:39:53    -1110.541327        5.5208
BFGS:  122 20:39:53    -1110.736970        4.1115
BFGS:  123 20:39:53    -1110.951155        3.2878
BFGS:  124 20:39:53    -1111.160989        3.3830
BFGS:  125 20:39:53    -1111.328104        2.9106
BFGS:  126 20:39:53    -1111.469052        2.9573
BFGS:  127 20:39:53    -1111.598052        3.1087
BFGS:  128 20:39:53    -1111.718931        3.1983
BFGS:  129 20:39:53    -1111.834269        3.3402
BFGS:  130 20:39:53    -1111.957256        3.4463
BFGS:  131 20:39:53    -1112.125560        3.2670
BFGS:  132 20:39:53    -1112.292993        3.2298
BFGS:  133 20:39:53    -1112.443544        3.0386
BFGS:  134 20:39:53    -1112.569922        2.7663
BFGS:  135 20:39:53    -1112.706482        2.4618
BFGS:  136 20:39:53    -1112.843240        2.3099
BFGS:  137 20:39:53    -1112.968456        2.6994
BFGS:  138 20:39:53    -1113.078763        3.0374
BFGS:  139 20:39:53    -1113.177641        3.0294
BFGS:  140 20:39:53    -1113.264282        2.6969
BFGS:  141 20:39:53    -1113.349616        2.3924
BFGS:  142 20:39:53    -1113.456879        2.5229
BFGS:  143 20:39:53    -1113.548383        2.4973
BFGS:  144 20:39:53    -1113.657817        2.9143
BFGS:  145 20:39:53    -1113.730242        2.8404
BFGS:  146 20:39:53    -1113.786734        2.4137
BFGS:  147 20:39:53    -1113.828307        2.3591
BFGS:  148 20:39:53    -1113.874715        2.3385
BFGS:  149 20:39:53    -1113.929124        2.4036
BFGS:  150 20:39:53    -1114.010124        2.4731
BFGS:  151 20:39:54    -1114.092773        2.9595
BFGS:  152 20:39:54    -1114.181464        3.0719
BFGS:  153 20:39:54    -1114.280112        3.4508
BFGS:  154 20:39:54    -1114.374060        2.7762
BFGS:  155 20:39:54    -1114.455190        2.7149
BFGS:  156 20:39:54    -1114.535930        2.1959
BFGS:  157 20:39:54    -1114.607295        2.9174
BFGS:  158 20:39:54    -1114.653432        2.7304
BFGS:  159 20:39:54    -1114.687615        3.1943
BFGS:  160 20:39:54    -1114.720149        2.6339
BFGS:  161 20:39:54    -1114.773828        2.1535
BFGS:  162 20:39:54    -1114.813072        2.0279
BFGS:  163 20:39:54    -1114.851222        2.1002
BFGS:  164 20:39:54    -1114.893636        2.0939
BFGS:  165 20:39:54    -1114.937912        2.1777
BFGS:  166 20:39:54    -1114.974039        1.7318
BFGS:  167 20:39:54    -1114.999298        1.4922
BFGS:  168 20:39:54    -1115.027350        1.5285
BFGS:  169 20:39:54    -1115.061039        1.5255
BFGS:  170 20:39:54    -1115.094032        1.4372
BFGS:  171 20:39:54    -1115.121478        1.2497
BFGS:  172 20:39:54    -1115.138166        1.1076
BFGS:  173 20:39:54    -1115.147702        1.1027
BFGS:  174 20:39:54    -1115.153336        1.0886
BFGS:  175 20:39:54    -1115.158506        1.0009
BFGS:  176 20:39:54    -1115.165274        0.9149
BFGS:  177 20:39:54    -1115.172518        0.8548
BFGS:  178 20:39:54    -1115.178320        0.7326
BFGS:  179 20:39:54    -1115.183848        0.6729
BFGS:  180 20:39:54    -1115.187776        0.6600
BFGS:  181 20:39:54    -1115.191358        0.6932
BFGS:  182 20:39:54    -1115.194331        0.7612
BFGS:  183 20:39:54    -1115.197173        0.8348
BFGS:  184 20:39:54    -1115.199799        0.8816
BFGS:  185 20:39:54    -1115.202247        0.8851
BFGS:  186 20:39:54    -1115.204309        0.8455
BFGS:  187 20:39:54    -1115.206670        0.7696
BFGS:  188 20:39:54    -1115.209638        0.6620
BFGS:  189 20:39:54    -1115.213373        0.5968
BFGS:  190 20:39:54    -1115.217254        0.6416
BFGS:  191 20:39:54    -1115.220886        0.6956
BFGS:  192 20:39:54    -1115.224126        0.7215
BFGS:  193 20:39:54    -1115.227149        0.7129
BFGS:  194 20:39:54    -1115.229896        0.6882
BFGS:  195 20:39:54    -1115.232250        0.6626
BFGS:  196 20:39:54    -1115.234590        0.6509
BFGS:  197 20:39:55    -1115.237449        0.6599
BFGS:  198 20:39:55    -1115.240837        0.6763
BFGS:  199 20:39:55    -1115.245385        0.7244
BFGS:  200 20:39:55    -1115.250520        0.7865
BFGS:  201 20:39:55    -1115.257387        0.8592
BFGS:  202 20:39:55    -1115.265942        0.8685
BFGS:  203 20:39:55    -1115.275986        1.0031
BFGS:  204 20:39:55    -1115.284249        0.8526
BFGS:  205 20:39:55    -1115.291819        0.9537
BFGS:  206 20:39:55    -1115.298814        0.8307
BFGS:  207 20:39:55    -1115.305412        0.7027
BFGS:  208 20:39:55    -1115.312127        0.6660
BFGS:  209 20:39:55    -1115.320402        0.6902
BFGS:  210 20:39:55    -1115.325181        0.6829
BFGS:  211 20:39:55    -1115.328921        0.6404
BFGS:  212 20:39:55    -1115.331044        0.5844
BFGS:  213 20:39:55    -1115.332410        0.5307
BFGS:  214 20:39:55    -1115.333303        0.5080
BFGS:  215 20:39:55    -1115.334178        0.4758
BFGS:  216 20:39:55    -1115.335157        0.4955
BFGS:  217 20:39:55    -1115.336060        0.5371
BFGS:  218 20:39:55    -1115.336791        0.5760
BFGS:  219 20:39:55    -1115.337569        0.6128
BFGS:  220 20:39:55    -1115.338856        0.6679
BFGS:  221 20:39:55    -1115.341306        0.7691
BFGS:  222 20:39:55    -1115.346138        0.9787
BFGS:  223 20:39:55    -1115.354975        1.3986
BFGS:  224 20:39:55    -1115.369147        2.1071
BFGS:  225 20:39:55    -1115.383358        2.6576
BFGS:  226 20:39:55    -1115.393223        2.9465
BFGS:  227 20:39:55    -1115.416119        3.2643
BFGS:  228 20:39:55    -1115.459610        3.1852
BFGS:  229 20:39:55    -1115.515489        3.3683
BFGS:  230 20:39:55    -1115.569578        3.8594
BFGS:  231 20:39:55    -1115.611102        4.1090
BFGS:  232 20:39:55    -1115.658849        4.3143
BFGS:  233 20:39:55    -1115.735319        4.0106
BFGS:  234 20:39:55    -1115.824888        3.7999
BFGS:  235 20:39:55    -1115.924023        3.4631
BFGS:  236 20:39:55    -1116.018273        3.1476
BFGS:  237 20:39:55    -1116.135890        3.6438
BFGS:  238 20:39:55    -1116.268030        4.2542
BFGS:  239 20:39:55    -1116.401528        4.2197
BFGS:  240 20:39:55    -1116.514011        3.8807
BFGS:  241 20:39:55    -1116.659804        3.5415
BFGS:  242 20:39:56    -1116.789730        3.6810
BFGS:  243 20:39:56    -1116.970202        3.6468
BFGS:  244 20:39:56    -1117.077040        3.9471
BFGS:  245 20:39:56    -1117.249272        3.7013
BFGS:  246 20:39:56    -1117.365475        2.9800
BFGS:  247 20:39:56    -1117.432192        3.0367
BFGS:  248 20:39:56    -1117.477088        2.9666
BFGS:  249 20:39:56    -1117.512236        2.6239
BFGS:  250 20:39:56    -1117.568309        3.1391
BFGS:  251 20:39:56    -1117.648086        2.9241
BFGS:  252 20:39:56    -1117.715431        3.1593
BFGS:  253 20:39:56    -1117.784171        3.1715
BFGS:  254 20:39:56    -1117.859608        2.8595
BFGS:  255 20:39:56    -1117.920792        2.7656
BFGS:  256 20:39:56    -1117.983889        2.5858
BFGS:  257 20:39:56    -1118.060747        2.0782
BFGS:  258 20:39:56    -1118.126569        1.7367
BFGS:  259 20:39:56    -1118.186461        1.5136
BFGS:  260 20:39:56    -1118.226366        1.3257
BFGS:  261 20:39:56    -1118.244032        1.3791
BFGS:  262 20:39:56    -1118.272174        1.0455
BFGS:  263 20:39:56    -1118.293139        0.9440
BFGS:  264 20:39:56    -1118.310378        0.9317
BFGS:  265 20:39:56    -1118.322986        0.9475
BFGS:  266 20:39:56    -1118.331437        0.8634
BFGS:  267 20:39:56    -1118.338227        0.8605
BFGS:  268 20:39:56    -1118.343537        0.7912
BFGS:  269 20:39:56    -1118.350023        0.8233
BFGS:  270 20:39:56    -1118.357804        1.0456
BFGS:  271 20:39:56    -1118.364582        1.1067
BFGS:  272 20:39:56    -1118.371393        1.0938
BFGS:  273 20:39:56    -1118.379635        1.1482
BFGS:  274 20:39:56    -1118.390332        1.3080
BFGS:  275 20:39:56    -1118.392858        1.3687
BFGS:  276 20:39:56    -1118.406737        1.0849
BFGS:  277 20:39:56    -1118.412033        1.0558
BFGS:  278 20:39:56    -1118.416657        1.0565
BFGS:  279 20:39:56    -1118.419944        1.1025
BFGS:  280 20:39:56    -1118.422612        1.1370
BFGS:  281 20:39:56    -1118.427803        1.1674
BFGS:  282 20:39:56    -1118.432786        1.1799
BFGS:  283 20:39:56    -1118.437673        1.1623
BFGS:  284 20:39:56    -1118.440501        1.1366
BFGS:  285 20:39:56    -1118.441984        1.0963
BFGS:  286 20:39:57    -1118.442744        1.0755
BFGS:  287 20:39:57    -1118.443301        1.0608
BFGS:  288 20:39:57    -1118.443920        1.0547
BFGS:  289 20:39:57    -1118.444815        1.0403
BFGS:  290 20:39:57    -1118.446145        1.0126
BFGS:  291 20:39:57    -1118.447915        0.9557
BFGS:  292 20:39:57    -1118.449828        0.8863
BFGS:  293 20:39:57    -1118.451371        0.8352
BFGS:  294 20:39:57    -1118.452232        0.8232
BFGS:  295 20:39:57    -1118.452578        0.8289
BFGS:  296 20:39:57    -1118.452721        0.8380
BFGS:  297 20:39:57    -1118.452797        0.8434
BFGS:  298 20:39:57    -1118.452840        0.8458
BFGS:  299 20:39:57    -1118.452867        0.8445
BFGS:  300 20:39:57    -1118.452887        0.8410
BFGS:  301 20:39:57    -1118.452899        0.8366
BFGS:  302 20:39:57    -1118.452906        0.8330
BFGS:  303 20:39:57    -1118.452910        0.8311
BFGS:  304 20:39:57    -1118.452913        0.8304
BFGS:  305 20:39:57    -1118.452914        0.8306
BFGS:  306 20:39:57    -1118.452915        0.8314
BFGS:  307 20:39:57    -1118.452916        0.8322
