      Step     Time          Energy         fmax
BFGS:    0 20:47:54     -724.519218      193.4610
BFGS:    1 20:47:54     -772.850028      163.4666
BFGS:    2 20:47:54     -796.190536      134.3813
BFGS:    3 20:47:54     -823.065556      129.6498
BFGS:    4 20:47:54     -846.653472      112.7700
BFGS:    5 20:47:54     -863.539866      104.8855
BFGS:    6 20:47:54     -877.174766       98.5803
BFGS:    7 20:47:54     -890.845537       97.0992
BFGS:    8 20:47:55     -904.811591       93.9467
BFGS:    9 20:47:55     -915.936347       92.1777
BFGS:   10 20:47:55     -926.866718       84.9325
BFGS:   11 20:47:55     -937.035087       77.5045
BFGS:   12 20:47:55     -943.850106       75.2929
BFGS:   13 20:47:55     -950.703967       73.5888
BFGS:   14 20:47:55     -957.475693       67.2337
BFGS:   15 20:47:55     -963.944451       63.7858
BFGS:   16 20:47:55     -970.486545       59.4803
BFGS:   17 20:47:55     -976.375932       56.9567
BFGS:   18 20:47:55     -981.860257       55.1674
BFGS:   19 20:47:55     -987.997161       53.9548
BFGS:   20 20:47:55     -993.139860       53.8363
BFGS:   21 20:47:55     -997.786710       52.8205
BFGS:   22 20:47:55    -1002.424767       50.4121
BFGS:   23 20:47:55    -1007.456675       42.6156
BFGS:   24 20:47:55    -1013.538123       37.9503
BFGS:   25 20:47:55    -1019.028977       35.0327
BFGS:   26 20:47:55    -1023.488668       36.1194
BFGS:   27 20:47:55    -1027.493655       37.0920
BFGS:   28 20:47:55    -1031.002151       36.7904
BFGS:   29 20:47:55    -1034.077506       36.2621
BFGS:   30 20:47:55    -1036.916609       35.1944
BFGS:   31 20:47:55    -1039.564823       33.5567
BFGS:   32 20:47:55    -1042.171318       32.0561
BFGS:   33 20:47:56    -1044.545683       29.8981
BFGS:   34 20:47:56    -1046.600500       27.9884
BFGS:   35 20:47:56    -1048.421527       26.0887
BFGS:   36 20:47:56    -1050.161631       23.9206
BFGS:   37 20:47:56    -1051.832025       22.0373
BFGS:   38 20:47:56    -1053.529699       20.3472
BFGS:   39 20:47:56    -1055.394448       18.6901
BFGS:   40 20:47:56    -1057.308634       17.3569
BFGS:   41 20:47:56    -1059.271849       16.3407
BFGS:   42 20:47:56    -1061.258826       15.4877
BFGS:   43 20:47:56    -1062.850476       15.1767
BFGS:   44 20:47:56    -1064.245682       14.0869
BFGS:   45 20:47:56    -1065.487793       13.4644
BFGS:   46 20:47:56    -1066.684368       11.8112
BFGS:   47 20:47:56    -1067.834228       10.4272
BFGS:   48 20:47:56    -1068.873784        8.1864
BFGS:   49 20:47:56    -1069.600878        8.4102
BFGS:   50 20:47:56    -1070.126117        8.0216
BFGS:   51 20:47:56    -1070.657869        8.2662
BFGS:   52 20:47:56    -1071.114494        8.5877
BFGS:   53 20:47:56    -1071.556396       10.0445
BFGS:   54 20:47:56    -1072.009595       10.2670
BFGS:   55 20:47:56    -1072.401445        8.9431
BFGS:   56 20:47:56    -1072.832429        8.9982
BFGS:   57 20:47:56    -1073.180231        9.4047
BFGS:   58 20:47:56    -1073.493346        9.8124
BFGS:   59 20:47:56    -1073.806288       10.3718
BFGS:   60 20:47:57    -1074.127966       10.6008
BFGS:   61 20:47:57    -1074.439646       13.3567
BFGS:   62 20:47:57    -1074.675970       10.9009
BFGS:   63 20:47:57    -1074.890210       10.9273
BFGS:   64 20:47:57    -1075.083403       11.0206
BFGS:   65 20:47:57    -1075.304884        7.7545
BFGS:   66 20:47:57    -1075.411837        6.6589
BFGS:   67 20:47:57    -1075.587234        6.1552
BFGS:   68 20:47:57    -1075.736627        5.1143
BFGS:   69 20:47:57    -1075.968433        5.4403
BFGS:   70 20:47:57    -1076.291447        6.6856
BFGS:   71 20:47:57    -1076.547367        6.5513
BFGS:   72 20:47:57    -1076.891538        6.8871
BFGS:   73 20:47:57    -1077.212471        9.1606
BFGS:   74 20:47:57    -1077.528912        9.7694
BFGS:   75 20:47:57    -1077.868453       10.3950
BFGS:   76 20:47:57    -1078.259777       10.6149
BFGS:   77 20:47:57    -1078.697558        9.7918
BFGS:   78 20:47:57    -1079.169896       10.0116
BFGS:   79 20:47:57    -1079.752110        9.6497
BFGS:   80 20:47:57    -1080.444029        8.8256
BFGS:   81 20:47:57    -1081.078790       11.0327
BFGS:   82 20:47:57    -1081.546760        8.1998
BFGS:   83 20:47:57    -1081.905158        6.1230
BFGS:   84 20:47:57    -1082.070830        5.1136
BFGS:   85 20:47:57    -1082.231481        4.0808
BFGS:   86 20:47:57    -1082.391279        3.1266
BFGS:   87 20:47:57    -1082.523239        3.5811
BFGS:   88 20:47:58    -1082.677427        4.3498
BFGS:   89 20:47:58    -1082.784801        5.3196
BFGS:   90 20:47:58    -1083.115660        4.0385
BFGS:   91 20:47:58    -1083.494559        4.5764
BFGS:   92 20:47:58    -1083.819785        5.6010
BFGS:   93 20:47:58    -1084.074651        5.9227
BFGS:   94 20:47:58    -1084.321082        6.0649
BFGS:   95 20:47:58    -1084.590399        6.4084
BFGS:   96 20:47:58    -1084.877034        6.2268
BFGS:   97 20:47:58    -1085.120904        4.9435
BFGS:   98 20:47:58    -1085.335825        3.7841
BFGS:   99 20:47:58    -1085.513869        3.1705
BFGS:  100 20:47:58    -1085.677377        4.0010
BFGS:  101 20:47:58    -1085.863057        3.0968
BFGS:  102 20:47:58    -1086.083080        4.0051
BFGS:  103 20:47:58    -1086.311474        4.3385
BFGS:  104 20:47:58    -1086.498773        5.2209
BFGS:  105 20:47:58    -1086.665436        7.2569
BFGS:  106 20:47:58    -1086.832761        9.4382
BFGS:  107 20:47:58    -1086.952572       10.0909
BFGS:  108 20:47:58    -1087.039397        9.7245
BFGS:  109 20:47:58    -1087.230888        8.4287
BFGS:  110 20:47:58    -1087.357188        7.7817
BFGS:  111 20:47:58    -1087.527669        7.2096
BFGS:  112 20:47:58    -1087.709137        6.8452
BFGS:  113 20:47:58    -1087.892967        7.0650
BFGS:  114 20:47:58    -1088.116085        5.4386
BFGS:  115 20:47:58    -1088.311265        4.3013
BFGS:  116 20:47:59    -1088.413399        5.7187
BFGS:  117 20:47:59    -1088.493779        8.0091
BFGS:  118 20:47:59    -1088.609757        5.6575
BFGS:  119 20:47:59    -1088.714709        4.0574
BFGS:  120 20:47:59    -1088.846560        2.9016
BFGS:  121 20:47:59    -1088.918986        3.1803
BFGS:  122 20:47:59    -1088.977420        2.5867
BFGS:  123 20:47:59    -1089.060690        3.3033
BFGS:  124 20:47:59    -1089.151761        3.1815
BFGS:  125 20:47:59    -1089.230702        3.8457
BFGS:  126 20:47:59    -1089.292740        2.7055
BFGS:  127 20:47:59    -1089.358955        2.1124
BFGS:  128 20:47:59    -1089.387640        2.0215
BFGS:  129 20:47:59    -1089.427923        1.8932
BFGS:  130 20:47:59    -1089.450759        1.7994
BFGS:  131 20:47:59    -1089.476665        1.7207
BFGS:  132 20:47:59    -1089.518006        1.8849
BFGS:  133 20:47:59    -1089.546985        2.4070
BFGS:  134 20:47:59    -1089.609932        5.1774
BFGS:  135 20:47:59    -1089.683467        8.6667
BFGS:  136 20:47:59    -1089.791050       10.9981
BFGS:  137 20:47:59    -1089.952032       12.8574
BFGS:  138 20:47:59    -1090.186489       13.6221
BFGS:  139 20:47:59    -1090.479023       13.6119
BFGS:  140 20:47:59    -1090.857392       12.3999
BFGS:  141 20:47:59    -1091.343410        9.7478
BFGS:  142 20:47:59    -1091.787345       10.6891
BFGS:  143 20:47:59    -1092.504102        7.9396
BFGS:  144 20:47:59    -1093.091808        6.5326
BFGS:  145 20:48:00    -1093.668223        5.3463
BFGS:  146 20:48:00    -1094.003725        5.4794
BFGS:  147 20:48:00    -1094.157177        4.2244
BFGS:  148 20:48:00    -1094.331704        3.8440
BFGS:  149 20:48:00    -1094.433944        3.6700
BFGS:  150 20:48:00    -1094.530584        3.0170
BFGS:  151 20:48:00    -1094.613326        2.6500
BFGS:  152 20:48:00    -1094.660493        2.6497
BFGS:  153 20:48:00    -1094.696478        2.3632
BFGS:  154 20:48:00    -1094.726867        1.9848
BFGS:  155 20:48:00    -1094.758710        1.6994
BFGS:  156 20:48:00    -1094.777642        0.9935
BFGS:  157 20:48:00    -1094.791089        0.9100
BFGS:  158 20:48:00    -1094.800485        0.7336
BFGS:  159 20:48:00    -1094.803331        0.6075
BFGS:  160 20:48:00    -1094.805179        0.4374
BFGS:  161 20:48:00    -1094.806554        0.4361
BFGS:  162 20:48:00    -1094.807762        0.3026
BFGS:  163 20:48:00    -1094.808830        0.2767
BFGS:  164 20:48:00    -1094.809738        0.2613
BFGS:  165 20:48:00    -1094.810269        0.1874
BFGS:  166 20:48:00    -1094.810527        0.1249
BFGS:  167 20:48:00    -1094.810711        0.1100
BFGS:  168 20:48:00    -1094.810889        0.1051
BFGS:  169 20:48:00    -1094.811040        0.0963
