      Step     Time          Energy         fmax
BFGS:    0 20:40:22     -926.840928       80.4812
BFGS:    1 20:40:22     -942.701106       70.0441
BFGS:    2 20:40:22     -956.110224       61.7723
BFGS:    3 20:40:22     -967.968265       57.3461
BFGS:    4 20:40:22     -979.125282       52.7861
BFGS:    5 20:40:22     -987.398166       50.4398
BFGS:    6 20:40:22     -995.500892       48.1895
BFGS:    7 20:40:22    -1003.473464       46.5952
BFGS:    8 20:40:22    -1012.147968       45.1593
BFGS:    9 20:40:22    -1020.589608       43.4891
BFGS:   10 20:40:22    -1028.496877       41.3487
BFGS:   11 20:40:22    -1035.844390       39.6177
BFGS:   12 20:40:22    -1042.673122       36.3003
BFGS:   13 20:40:22    -1049.082603       34.8603
BFGS:   14 20:40:22    -1054.934296       28.0502
BFGS:   15 20:40:22    -1060.115458       25.1822
BFGS:   16 20:40:23    -1064.541675       18.1558
BFGS:   17 20:40:23    -1067.334336       14.6424
BFGS:   18 20:40:23    -1069.228546       12.3146
BFGS:   19 20:40:23    -1070.672070       10.4891
BFGS:   20 20:40:23    -1071.881430       10.3932
BFGS:   21 20:40:23    -1072.970777       10.9199
BFGS:   22 20:40:23    -1074.023499       12.0448
BFGS:   23 20:40:23    -1075.068221       13.4122
BFGS:   24 20:40:23    -1076.108039       14.6618
BFGS:   25 20:40:23    -1077.152852       16.1892
BFGS:   26 20:40:23    -1078.205806       16.7910
BFGS:   27 20:40:23    -1079.180617       16.5780
BFGS:   28 20:40:23    -1080.031575       15.6320
BFGS:   29 20:40:23    -1080.799766       14.3071
BFGS:   30 20:40:23    -1081.495338       12.9623
BFGS:   31 20:40:23    -1082.162407       11.7267
BFGS:   32 20:40:23    -1082.830880       10.5565
BFGS:   33 20:40:23    -1083.507216        9.4413
BFGS:   34 20:40:23    -1084.160321        8.4012
BFGS:   35 20:40:23    -1084.751489        7.4420
BFGS:   36 20:40:23    -1085.294323        6.5732
BFGS:   37 20:40:23    -1085.821255        5.7108
BFGS:   38 20:40:23    -1086.336719        4.9045
BFGS:   39 20:40:23    -1086.851199        4.6699
BFGS:   40 20:40:23    -1087.334495        4.7494
BFGS:   41 20:40:23    -1087.770361        4.8609
BFGS:   42 20:40:23    -1088.157489        4.7134
BFGS:   43 20:40:23    -1088.515710        4.8903
BFGS:   44 20:40:23    -1088.835611        4.9683
BFGS:   45 20:40:23    -1089.099556        4.4519
BFGS:   46 20:40:23    -1089.338773        3.5297
BFGS:   47 20:40:23    -1089.575860        3.6594
BFGS:   48 20:40:23    -1089.814358        3.9818
BFGS:   49 20:40:24    -1090.081068        4.3443
BFGS:   50 20:40:24    -1090.333028        4.4155
BFGS:   51 20:40:24    -1090.568734        4.7770
BFGS:   52 20:40:24    -1090.804843        5.0648
BFGS:   53 20:40:24    -1091.042523        4.8852
BFGS:   54 20:40:24    -1091.353435        4.3112
BFGS:   55 20:40:24    -1091.572820        3.8830
BFGS:   56 20:40:24    -1091.779852        3.4000
BFGS:   57 20:40:24    -1091.972927        2.9860
BFGS:   58 20:40:24    -1092.158827        2.7416
BFGS:   59 20:40:24    -1092.338650        2.6178
BFGS:   60 20:40:24    -1092.520664        2.4060
BFGS:   61 20:40:24    -1092.664422        1.9941
BFGS:   62 20:40:24    -1092.758503        1.7311
BFGS:   63 20:40:24    -1092.866076        1.7104
BFGS:   64 20:40:24    -1092.937665        1.6757
BFGS:   65 20:40:24    -1093.013695        1.6900
BFGS:   66 20:40:24    -1093.099494        1.9150
BFGS:   67 20:40:24    -1093.210557        2.6050
BFGS:   68 20:40:24    -1093.442568        3.3602
BFGS:   69 20:40:24    -1093.672709        4.0802
BFGS:   70 20:40:24    -1093.884528        4.4129
BFGS:   71 20:40:24    -1094.047427        4.2744
BFGS:   72 20:40:24    -1094.179803        4.0480
BFGS:   73 20:40:24    -1094.302019        3.9653
BFGS:   74 20:40:24    -1094.424448        4.0296
BFGS:   75 20:40:24    -1094.548331        4.1454
BFGS:   76 20:40:24    -1094.670130        4.1881
BFGS:   77 20:40:24    -1094.786863        4.0776
BFGS:   78 20:40:24    -1094.898676        4.2535
BFGS:   79 20:40:24    -1095.009269        4.6764
BFGS:   80 20:40:24    -1095.122720        4.8753
BFGS:   81 20:40:24    -1095.249825        4.7112
BFGS:   82 20:40:24    -1095.422958        4.0387
BFGS:   83 20:40:24    -1095.623984        3.1191
BFGS:   84 20:40:24    -1095.807230        3.1182
BFGS:   85 20:40:25    -1096.002130        2.8377
BFGS:   86 20:40:25    -1096.198658        2.8447
BFGS:   87 20:40:25    -1096.366346        3.4269
BFGS:   88 20:40:25    -1096.523199        3.5947
BFGS:   89 20:40:25    -1096.690723        3.2556
BFGS:   90 20:40:25    -1096.887697        2.6630
BFGS:   91 20:40:25    -1097.100601        2.9553
BFGS:   92 20:40:25    -1097.245146        2.9870
BFGS:   93 20:40:25    -1097.356798        2.4362
BFGS:   94 20:40:25    -1097.433072        2.1805
BFGS:   95 20:40:25    -1097.503490        1.8676
BFGS:   96 20:40:25    -1097.593352        1.4810
BFGS:   97 20:40:25    -1097.658406        1.3215
BFGS:   98 20:40:25    -1097.708506        0.8881
BFGS:   99 20:40:25    -1097.737113        0.7036
BFGS:  100 20:40:25    -1097.757460        0.7644
BFGS:  101 20:40:25    -1097.797454        0.7233
BFGS:  102 20:40:25    -1097.815679        0.7488
BFGS:  103 20:40:25    -1097.833887        0.5462
BFGS:  104 20:40:25    -1097.846641        0.4063
BFGS:  105 20:40:25    -1097.853026        0.3531
BFGS:  106 20:40:25    -1097.857442        0.3717
BFGS:  107 20:40:25    -1097.861549        0.3630
BFGS:  108 20:40:25    -1097.864556        0.3888
BFGS:  109 20:40:25    -1097.866704        0.3820
BFGS:  110 20:40:25    -1097.868069        0.3033
BFGS:  111 20:40:25    -1097.868945        0.2610
BFGS:  112 20:40:25    -1097.869799        0.2852
BFGS:  113 20:40:25    -1097.870673        0.2777
BFGS:  114 20:40:25    -1097.871533        0.2533
BFGS:  115 20:40:25    -1097.872291        0.2122
BFGS:  116 20:40:25    -1097.872971        0.2080
BFGS:  117 20:40:25    -1097.873613        0.1864
BFGS:  118 20:40:25    -1097.874064        0.1710
BFGS:  119 20:40:25    -1097.874745        0.1528
BFGS:  120 20:40:25    -1097.874926        0.1458
BFGS:  121 20:40:26    -1097.875164        0.1333
BFGS:  122 20:40:26    -1097.875313        0.1230
BFGS:  123 20:40:26    -1097.875468        0.1225
BFGS:  124 20:40:26    -1097.875567        0.1222
BFGS:  125 20:40:26    -1097.875655        0.1285
BFGS:  126 20:40:26    -1097.875757        0.1324
BFGS:  127 20:40:26    -1097.875897        0.1304
BFGS:  128 20:40:26    -1097.876048        0.1205
BFGS:  129 20:40:26    -1097.876173        0.1056
BFGS:  130 20:40:26    -1097.876264        0.0900
