      Step     Time          Energy         fmax
BFGS:    0 20:44:35     -733.132712      117.2695
BFGS:    1 20:44:35     -774.053902      126.9676
BFGS:    2 20:44:35     -790.039946      118.4752
BFGS:    3 20:44:35     -807.910669      112.3918
BFGS:    4 20:44:35     -825.863998      105.7714
BFGS:    5 20:44:36     -844.895050      107.1025
BFGS:    6 20:44:36     -863.290841      112.7035
BFGS:    7 20:44:36     -878.553092      112.3477
BFGS:    8 20:44:36     -891.685678      108.2688
BFGS:    9 20:44:36     -905.360445      103.8527
BFGS:   10 20:44:36     -920.040938       95.1214
BFGS:   11 20:44:36     -934.885440       84.6774
BFGS:   12 20:44:36     -948.155286       81.8688
BFGS:   13 20:44:36     -956.539547       78.5695
BFGS:   14 20:44:36     -963.204484       76.5815
BFGS:   15 20:44:36     -968.865529       73.7516
BFGS:   16 20:44:36     -974.582953       71.9013
BFGS:   17 20:44:36     -981.024390       70.3766
BFGS:   18 20:44:36     -987.142638       69.6674
BFGS:   19 20:44:36     -993.361930       65.5908
BFGS:   20 20:44:36     -998.054926       65.1454
BFGS:   21 20:44:36    -1002.484876       63.6835
BFGS:   22 20:44:36    -1006.363665       62.1769
BFGS:   23 20:44:36    -1009.835525       61.5595
BFGS:   24 20:44:36    -1013.314014       60.4155
BFGS:   25 20:44:36    -1016.733712       59.9072
BFGS:   26 20:44:36    -1020.146572       58.7843
BFGS:   27 20:44:36    -1023.761149       57.8186
BFGS:   28 20:44:36    -1027.189888       54.9495
BFGS:   29 20:44:36    -1031.077601       51.1751
BFGS:   30 20:44:36    -1034.798636       48.6458
BFGS:   31 20:44:36    -1038.012358       43.6046
BFGS:   32 20:44:37    -1040.792400       41.2703
BFGS:   33 20:44:37    -1043.451504       37.7923
BFGS:   34 20:44:37    -1046.117211       35.7008
BFGS:   35 20:44:37    -1048.799402       38.3403
BFGS:   36 20:44:37    -1051.630464       39.8671
BFGS:   37 20:44:37    -1054.696962       39.3947
BFGS:   38 20:44:37    -1058.132700       36.9374
BFGS:   39 20:44:37    -1061.622563       32.6584
BFGS:   40 20:44:37    -1065.058181       28.3676
BFGS:   41 20:44:37    -1068.346871       28.5766
BFGS:   42 20:44:37    -1071.160993       27.7340
BFGS:   43 20:44:37    -1073.613076       26.8112
BFGS:   44 20:44:37    -1076.206006       23.9949
BFGS:   45 20:44:37    -1078.605831       21.4978
BFGS:   46 20:44:37    -1080.588761       19.4546
BFGS:   47 20:44:37    -1082.065372       17.0969
BFGS:   48 20:44:37    -1083.492028       15.3520
BFGS:   49 20:44:37    -1084.750244       14.6653
BFGS:   50 20:44:37    -1085.770190       14.8783
BFGS:   51 20:44:37    -1086.565353       15.7201
BFGS:   52 20:44:37    -1087.250459       14.6613
BFGS:   53 20:44:37    -1087.903381       15.5027
BFGS:   54 20:44:37    -1088.549818       16.7264
BFGS:   55 20:44:37    -1089.195402       17.4743
BFGS:   56 20:44:37    -1089.854168       18.2288
BFGS:   57 20:44:37    -1090.480889       18.5402
BFGS:   58 20:44:37    -1091.150185       18.6677
BFGS:   59 20:44:37    -1092.005699       18.1268
BFGS:   60 20:44:37    -1092.884123       17.2207
BFGS:   61 20:44:37    -1093.850492       16.0124
BFGS:   62 20:44:37    -1094.900658       16.1073
BFGS:   63 20:44:38    -1095.897279       16.1448
BFGS:   64 20:44:38    -1096.865689       15.2039
BFGS:   65 20:44:38    -1097.834414       14.2958
BFGS:   66 20:44:38    -1098.760496       12.7137
BFGS:   67 20:44:38    -1099.600914       11.3330
BFGS:   68 20:44:38    -1100.412104       10.2071
BFGS:   69 20:44:38    -1101.084494        9.6223
BFGS:   70 20:44:38    -1101.645771        8.3411
BFGS:   71 20:44:38    -1102.099381        7.4815
BFGS:   72 20:44:38    -1102.530052        6.5249
BFGS:   73 20:44:38    -1102.980266        9.1240
BFGS:   74 20:44:38    -1103.455567       11.5900
BFGS:   75 20:44:38    -1103.950120       12.1966
BFGS:   76 20:44:38    -1104.478633       11.0754
BFGS:   77 20:44:38    -1105.074074       10.9137
BFGS:   78 20:44:38    -1105.618276       11.7451
BFGS:   79 20:44:38    -1106.285311       13.1191
BFGS:   80 20:44:38    -1106.706894       11.9125
BFGS:   81 20:44:38    -1107.078351        9.7436
BFGS:   82 20:44:38    -1107.290872        6.6016
BFGS:   83 20:44:38    -1107.436380        6.1136
BFGS:   84 20:44:38    -1107.567980        7.3219
BFGS:   85 20:44:38    -1107.784951        8.2221
BFGS:   86 20:44:38    -1107.939710        7.1691
BFGS:   87 20:44:38    -1108.146019        7.1412
BFGS:   88 20:44:38    -1108.293404        5.7921
BFGS:   89 20:44:38    -1108.473343        4.9474
BFGS:   90 20:44:38    -1108.674482        6.3566
BFGS:   91 20:44:38    -1108.896595        5.1024
BFGS:   92 20:44:38    -1109.122661        4.7931
BFGS:   93 20:44:38    -1109.328024        4.5785
BFGS:   94 20:44:38    -1109.552661        6.1289
BFGS:   95 20:44:39    -1109.963205        6.8617
BFGS:   96 20:44:39    -1110.245634        8.0256
BFGS:   97 20:44:39    -1110.650479        5.9688
BFGS:   98 20:44:39    -1110.953717        8.0328
BFGS:   99 20:44:39    -1111.309513        9.2899
BFGS:  100 20:44:39    -1111.574693        8.3514
BFGS:  101 20:44:39    -1111.876202        5.4142
BFGS:  102 20:44:39    -1112.094217        3.8479
BFGS:  103 20:44:39    -1112.297030        4.8088
BFGS:  104 20:44:39    -1112.476320        5.6677
BFGS:  105 20:44:39    -1112.651384        6.8325
BFGS:  106 20:44:39    -1113.116285        8.7510
BFGS:  107 20:44:39    -1113.484122       10.4158
BFGS:  108 20:44:39    -1113.834864       11.9615
BFGS:  109 20:44:39    -1114.179913       13.2850
BFGS:  110 20:44:39    -1114.519008       14.0489
BFGS:  111 20:44:39    -1114.846205       15.4978
BFGS:  112 20:44:39    -1115.155470       16.1843
BFGS:  113 20:44:39    -1115.458657       15.5858
BFGS:  114 20:44:39    -1115.793363       15.6347
BFGS:  115 20:44:39    -1116.213109       13.2764
BFGS:  116 20:44:39    -1116.594385        9.1267
BFGS:  117 20:44:39    -1116.917710        6.7108
BFGS:  118 20:44:39    -1117.160315        5.1166
BFGS:  119 20:44:39    -1117.311912        4.9378
BFGS:  120 20:44:39    -1117.402396        4.2364
BFGS:  121 20:44:39    -1117.512854        3.3787
BFGS:  122 20:44:39    -1117.611551        3.8487
BFGS:  123 20:44:39    -1117.667873        3.8002
BFGS:  124 20:44:39    -1117.724779        3.5226
BFGS:  125 20:44:39    -1117.793002        2.8884
BFGS:  126 20:44:39    -1117.838038        3.3210
BFGS:  127 20:44:39    -1117.906065        2.3196
BFGS:  128 20:44:40    -1117.986771        1.8691
BFGS:  129 20:44:40    -1118.040264        2.3184
BFGS:  130 20:44:40    -1118.097201        2.0549
BFGS:  131 20:44:40    -1118.132459        1.9369
BFGS:  132 20:44:40    -1118.155934        1.0338
BFGS:  133 20:44:40    -1118.166692        0.8695
BFGS:  134 20:44:40    -1118.171597        0.8184
BFGS:  135 20:44:40    -1118.174538        0.7855
BFGS:  136 20:44:40    -1118.177551        0.7170
BFGS:  137 20:44:40    -1118.180649        0.5988
BFGS:  138 20:44:40    -1118.184599        0.5287
BFGS:  139 20:44:40    -1118.187405        0.4038
BFGS:  140 20:44:40    -1118.188792        0.3633
BFGS:  141 20:44:40    -1118.189314        0.3689
BFGS:  142 20:44:40    -1118.189598        0.3603
BFGS:  143 20:44:40    -1118.189826        0.3372
BFGS:  144 20:44:40    -1118.190055        0.2787
BFGS:  145 20:44:40    -1118.190293        0.2055
BFGS:  146 20:44:40    -1118.190488        0.1330
BFGS:  147 20:44:40    -1118.190593        0.0920
