      Step     Time          Energy         fmax
BFGS:    0 20:46:07     -655.615014      115.1630
BFGS:    1 20:46:08     -669.459291      120.7530
BFGS:    2 20:46:08     -682.503724      104.6809
BFGS:    3 20:46:08     -693.073843      122.5704
BFGS:    4 20:46:08     -707.465562      117.7729
BFGS:    5 20:46:08     -721.416074      109.6105
BFGS:    6 20:46:08     -731.677762      105.6881
BFGS:    7 20:46:08     -742.471563      100.9450
BFGS:    8 20:46:08     -752.619385       97.8532
BFGS:    9 20:46:08     -762.496841       93.0868
BFGS:   10 20:46:08     -773.024356       86.6018
BFGS:   11 20:46:08     -781.534508       79.6254
BFGS:   12 20:46:08     -790.910081       73.3284
BFGS:   13 20:46:08     -799.721873       76.0907
BFGS:   14 20:46:08     -807.123168       80.2258
BFGS:   15 20:46:08     -814.008546       86.7561
BFGS:   16 20:46:08     -821.630589       87.6005
BFGS:   17 20:46:08     -827.790614       94.3240
BFGS:   18 20:46:08     -833.796847       97.1258
BFGS:   19 20:46:08     -840.493302      100.6826
BFGS:   20 20:46:08     -847.049496      103.2995
BFGS:   21 20:46:08     -853.013503      104.1422
BFGS:   22 20:46:08     -858.946592      103.8241
BFGS:   23 20:46:09     -865.712248      103.3207
BFGS:   24 20:46:09     -872.327502      102.4691
BFGS:   25 20:46:09     -879.525936      100.8710
BFGS:   26 20:46:09     -886.881421       98.8603
BFGS:   27 20:46:09     -892.123749       99.4448
BFGS:   28 20:46:09     -900.850561      162.2694
BFGS:   29 20:46:09     -906.799627      180.9691
BFGS:   30 20:46:09     -914.131586      218.4015
BFGS:   31 20:46:09     -922.170695      281.4548
BFGS:   32 20:46:09     -928.741724      328.8030
BFGS:   33 20:46:09     -935.655065      389.3874
BFGS:   34 20:46:09     -942.918325      465.5065
BFGS:   35 20:46:09     -949.927599      553.6430
BFGS:   36 20:46:09     -956.170346      608.9584
BFGS:   37 20:46:09     -962.515569      665.9164
BFGS:   38 20:46:09     -968.300635      721.8917
BFGS:   39 20:46:09     -974.503105      783.5118
BFGS:   40 20:46:09     -980.095960      822.0757
BFGS:   41 20:46:09     -986.570597      875.5981
BFGS:   42 20:46:09     -991.924930      902.5883
BFGS:   43 20:46:09     -998.450897      905.0791
BFGS:   44 20:46:09    -1006.820696      815.3455
BFGS:   45 20:46:09    -1014.404293       81.1731
BFGS:   46 20:46:10    -1017.154481      206.2621
BFGS:   47 20:46:10    -1019.502839      169.6263
BFGS:   48 20:46:10    -1021.254803      139.6599
BFGS:   49 20:46:10    -1022.658210      117.7885
BFGS:   50 20:46:10    -1023.881321      102.2439
BFGS:   51 20:46:10    -1025.014740       89.7996
BFGS:   52 20:46:10    -1026.122842       79.1045
BFGS:   53 20:46:10    -1027.235314       69.9051
BFGS:   54 20:46:10    -1028.285807       62.6754
BFGS:   55 20:46:10    -1029.251638       57.0575
BFGS:   56 20:46:10    -1030.150292       52.7100
BFGS:   57 20:46:10    -1030.988098       49.4597
BFGS:   58 20:46:10    -1031.766881       47.3760
BFGS:   59 20:46:10    -1032.503975       46.1901
BFGS:   60 20:46:10    -1033.227291       46.6182
BFGS:   61 20:46:10    -1033.958461       48.6627
BFGS:   62 20:46:10    -1034.705463       52.1346
BFGS:   63 20:46:10    -1035.469263       56.4637
BFGS:   64 20:46:10    -1036.258750       59.1659
BFGS:   65 20:46:10    -1037.086147       60.1700
BFGS:   66 20:46:10    -1037.947861       60.3775
BFGS:   67 20:46:10    -1038.826571       60.4253
BFGS:   68 20:46:10    -1039.693389       60.4951
BFGS:   69 20:46:10    -1040.530438       60.4450
BFGS:   70 20:46:11    -1041.324560       58.9414
BFGS:   71 20:46:11    -1042.064398       55.4693
BFGS:   72 20:46:11    -1042.737607       49.4922
BFGS:   73 20:46:11    -1043.330440       40.0475
BFGS:   74 20:46:11    -1043.825185       25.1273
BFGS:   75 20:46:11    -1044.196724        2.9466
BFGS:   76 20:46:11    -1044.427992       31.7164
BFGS:   77 20:46:11    -1044.585994       35.1161
BFGS:   78 20:46:11    -1044.709816        7.5024
BFGS:   79 20:46:11    -1044.750435       12.2411
BFGS:   80 20:46:11    -1044.818038        8.6621
BFGS:   81 20:46:11    -1044.874882        4.6619
BFGS:   82 20:46:11    -1044.926491        2.4959
BFGS:   83 20:46:11    -1044.970846        1.5326
BFGS:   84 20:46:11    -1045.003524        1.1530
BFGS:   85 20:46:11    -1045.021724        0.5771
BFGS:   86 20:46:11    -1045.035734        0.5915
BFGS:   87 20:46:11    -1045.057231        0.9437
BFGS:   88 20:46:11    -1045.079827        0.6067
BFGS:   89 20:46:11    -1045.102663        0.7458
BFGS:   90 20:46:11    -1045.125100        1.9224
BFGS:   91 20:46:11    -1045.146736        2.8828
BFGS:   92 20:46:12    -1045.167369        3.3171
BFGS:   93 20:46:12    -1045.186836        2.9450
BFGS:   94 20:46:12    -1045.204823        1.6292
BFGS:   95 20:46:12    -1045.220740        0.7387
BFGS:   96 20:46:12    -1045.233542        2.5895
BFGS:   97 20:46:12    -1045.238693        1.1407
BFGS:   98 20:46:12    -1045.245687        2.3609
BFGS:   99 20:46:12    -1045.251968        4.5020
BFGS:  100 20:46:12    -1045.274122        8.2675
BFGS:  101 20:46:12    -1045.299302        9.2043
BFGS:  102 20:46:12    -1045.316818        7.6968
BFGS:  103 20:46:12    -1045.329878        5.1825
BFGS:  104 20:46:12    -1045.339670        2.4470
BFGS:  105 20:46:12    -1045.346589        0.5721
BFGS:  106 20:46:12    -1045.350519        1.1570
BFGS:  107 20:46:12    -1045.354809        2.7810
BFGS:  108 20:46:12    -1045.359350        1.9982
BFGS:  109 20:46:12    -1045.364527        5.3166
BFGS:  110 20:46:12    -1045.372542        1.2362
BFGS:  111 20:46:12    -1045.392257        3.7922
BFGS:  112 20:46:12    -1045.412118        5.2809
BFGS:  113 20:46:12    -1045.425140        3.6648
BFGS:  114 20:46:13    -1045.431055        0.7131
BFGS:  115 20:46:13    -1045.433104        0.2625
BFGS:  116 20:46:13    -1045.436671        1.0595
BFGS:  117 20:46:13    -1045.442927        1.8488
BFGS:  118 20:46:13    -1045.454264        2.3765
BFGS:  119 20:46:13    -1045.466374        2.2874
BFGS:  120 20:46:13    -1045.478976        1.8655
BFGS:  121 20:46:13    -1045.489902        0.7684
BFGS:  122 20:46:13    -1045.494316        0.3334
BFGS:  123 20:46:13    -1045.495845        0.4139
BFGS:  124 20:46:13    -1045.498402        0.4360
BFGS:  125 20:46:13    -1045.503646        0.4377
BFGS:  126 20:46:13    -1045.513951        0.3447
BFGS:  127 20:46:13    -1045.523038        0.2562
BFGS:  128 20:46:13    -1045.530891        0.2581
BFGS:  129 20:46:13    -1045.535042        0.5768
BFGS:  130 20:46:13    -1045.535578        0.4613
BFGS:  131 20:46:13    -1045.536664        0.4089
BFGS:  132 20:46:13    -1045.538063        0.3198
BFGS:  133 20:46:13    -1045.541721        0.3068
BFGS:  134 20:46:13    -1045.546688        2.2307
BFGS:  135 20:46:14    -1045.550718        2.7894
BFGS:  136 20:46:14    -1045.553370        1.9367
BFGS:  137 20:46:14    -1045.553698        0.7823
BFGS:  138 20:46:14    -1045.553930        0.2594
BFGS:  139 20:46:14    -1045.554992        1.6352
BFGS:  140 20:46:14    -1045.556525        2.9224
BFGS:  141 20:46:14    -1045.559419        3.9973
BFGS:  142 20:46:14    -1045.562075        2.8897
BFGS:  143 20:46:14    -1045.563551        1.9639
BFGS:  144 20:46:14    -1045.564108        0.3572
BFGS:  145 20:46:14    -1045.564645        1.0891
BFGS:  146 20:46:14    -1045.565543        0.7152
BFGS:  147 20:46:14    -1045.567776        0.4461
BFGS:  148 20:46:14    -1045.570668        1.7939
BFGS:  149 20:46:14    -1045.574632        0.3822
BFGS:  150 20:46:14    -1045.577385        3.2244
BFGS:  151 20:46:14    -1045.578638        7.5801
BFGS:  152 20:46:14    -1045.580396        3.5318
BFGS:  153 20:46:14    -1045.581400        0.5115
BFGS:  154 20:46:14    -1045.582099        0.9986
BFGS:  155 20:46:14    -1045.585850        1.9495
BFGS:  156 20:46:14    -1045.589158        2.0093
BFGS:  157 20:46:15    -1045.592740        2.0098
BFGS:  158 20:46:15    -1045.596850        2.3436
BFGS:  159 20:46:15    -1045.601720        2.8949
BFGS:  160 20:46:15    -1045.607652        3.2567
BFGS:  161 20:46:15    -1045.615248        2.7141
BFGS:  162 20:46:15    -1045.621575        0.1174
BFGS:  163 20:46:15    -1045.624130        0.9029
BFGS:  164 20:46:15    -1045.625217        0.6290
BFGS:  165 20:46:15    -1045.625880        0.3685
BFGS:  166 20:46:15    -1045.627548        0.6273
BFGS:  167 20:46:15    -1045.631120        1.1075
BFGS:  168 20:46:15    -1045.637428        1.2360
BFGS:  169 20:46:15    -1045.642950        0.3619
BFGS:  170 20:46:15    -1045.646216        0.4187
BFGS:  171 20:46:15    -1045.647195        0.6917
BFGS:  172 20:46:15    -1045.648010        1.1864
BFGS:  173 20:46:15    -1045.649220        1.6270
BFGS:  174 20:46:15    -1045.651509        1.4236
BFGS:  175 20:46:15    -1045.654462        1.1707
BFGS:  176 20:46:15    -1045.656711        1.7980
BFGS:  177 20:46:15    -1045.658198        0.1458
BFGS:  178 20:46:16    -1045.658836        4.9880
BFGS:  179 20:46:16    -1045.661003        0.5687
BFGS:  180 20:46:16    -1045.663160        3.4402
BFGS:  181 20:46:16    -1045.665286        6.7675
BFGS:  182 20:46:16    -1045.667316        7.8131
BFGS:  183 20:46:16    -1045.669952        7.1367
BFGS:  184 20:46:16    -1045.673288        4.9363
BFGS:  185 20:46:16    -1045.677693        1.3243
BFGS:  186 20:46:16    -1045.680985        1.2052
BFGS:  187 20:46:16    -1045.682611        1.7565
BFGS:  188 20:46:16    -1045.683297        1.3669
BFGS:  189 20:46:16    -1045.683732        0.6464
BFGS:  190 20:46:16    -1045.684116        0.1443
BFGS:  191 20:46:16    -1045.685034        1.0602
BFGS:  192 20:46:16    -1045.687213        2.4072
BFGS:  193 20:46:16    -1045.692202        3.0732
BFGS:  194 20:46:16    -1045.698084        0.6981
BFGS:  195 20:46:16    -1045.701096        0.7562
BFGS:  196 20:46:16    -1045.702097        0.9880
BFGS:  197 20:46:16    -1045.702596        0.5465
BFGS:  198 20:46:16    -1045.703009        0.2218
BFGS:  199 20:46:17    -1045.703802        1.3576
BFGS:  200 20:46:17    -1045.705344        2.6288
BFGS:  201 20:46:17    -1045.708964        4.1053
BFGS:  202 20:46:17    -1045.713642        4.8039
BFGS:  203 20:46:17    -1045.718667        4.2551
BFGS:  204 20:46:17    -1045.722641        1.9030
BFGS:  205 20:46:17    -1045.723854        0.8091
BFGS:  206 20:46:17    -1045.724454        0.3665
BFGS:  207 20:46:17    -1045.724999        0.1655
BFGS:  208 20:46:17    -1045.725822        1.2933
BFGS:  209 20:46:17    -1045.727150        0.3197
BFGS:  210 20:46:17    -1045.728383        4.3077
BFGS:  211 20:46:17    -1045.729705        3.4040
BFGS:  212 20:46:17    -1045.733509        2.8895
BFGS:  213 20:46:17    -1045.739268        0.1775
BFGS:  214 20:46:17    -1045.741422        4.3101
BFGS:  215 20:46:17    -1045.742858        1.1745
BFGS:  216 20:46:17    -1045.743472        0.5460
BFGS:  217 20:46:17    -1045.743789        0.3486
BFGS:  218 20:46:17    -1045.744545        0.3641
BFGS:  219 20:46:17    -1045.745848        0.7865
BFGS:  220 20:46:18    -1045.748300        4.8706
BFGS:  221 20:46:18    -1045.752131        4.8081
BFGS:  222 20:46:18    -1045.756425        6.2639
BFGS:  223 20:46:18    -1045.765251        0.7269
BFGS:  224 20:46:18    -1045.769731        2.8360
BFGS:  225 20:46:18    -1045.773968        0.4948
BFGS:  226 20:46:18    -1045.775959        1.5639
BFGS:  227 20:46:18    -1045.776439        3.9856
BFGS:  228 20:46:18    -1045.777292        1.1753
BFGS:  229 20:46:18    -1045.778170        0.6191
BFGS:  230 20:46:18    -1045.780593        3.5626
BFGS:  231 20:46:18    -1045.783948        5.5482
BFGS:  232 20:46:18    -1045.786673        5.5108
BFGS:  233 20:46:18    -1045.788106        3.8821
BFGS:  234 20:46:18    -1045.789041        2.0071
BFGS:  235 20:46:18    -1045.790160        0.4730
BFGS:  236 20:46:18    -1045.792843        2.4088
BFGS:  237 20:46:18    -1045.798271        4.5488
BFGS:  238 20:46:18    -1045.804585        3.2055
BFGS:  239 20:46:18    -1045.809554        1.3338
BFGS:  240 20:46:19    -1045.811968        0.8040
BFGS:  241 20:46:19    -1045.813289        0.3690
BFGS:  242 20:46:19    -1045.814170        0.9491
BFGS:  243 20:46:19    -1045.815117        1.0695
BFGS:  244 20:46:19    -1045.817120        1.4950
BFGS:  245 20:46:19    -1045.820974        2.0935
BFGS:  246 20:46:19    -1045.827559        2.6201
BFGS:  247 20:46:19    -1045.834349        2.9995
BFGS:  248 20:46:19    -1045.839339        1.6585
BFGS:  249 20:46:19    -1045.840743        0.3057
BFGS:  250 20:46:19    -1045.841022        0.5622
BFGS:  251 20:46:19    -1045.841269        0.9728
BFGS:  252 20:46:19    -1045.841890        1.7840
BFGS:  253 20:46:19    -1045.842840        2.5983
BFGS:  254 20:46:19    -1045.844865        3.5813
BFGS:  255 20:46:19    -1045.848029        4.1607
BFGS:  256 20:46:19    -1045.851396        3.3073
BFGS:  257 20:46:19    -1045.853715        1.9488
BFGS:  258 20:46:19    -1045.854532        0.2834
BFGS:  259 20:46:19    -1045.854760        0.3255
BFGS:  260 20:46:19    -1045.854960        1.0923
BFGS:  261 20:46:20    -1045.855299        1.4614
BFGS:  262 20:46:20    -1045.856236        2.1202
BFGS:  263 20:46:20    -1045.857623        2.5076
BFGS:  264 20:46:20    -1045.860500        2.6915
BFGS:  265 20:46:20    -1045.864219        1.9600
BFGS:  266 20:46:20    -1045.866849        0.2525
BFGS:  267 20:46:20    -1045.867597        0.5142
BFGS:  268 20:46:20    -1045.867848        0.5221
BFGS:  269 20:46:20    -1045.868080        0.5135
BFGS:  270 20:46:20    -1045.868841        0.5345
BFGS:  271 20:46:20    -1045.870494        0.5601
BFGS:  272 20:46:20    -1045.874444        0.7674
BFGS:  273 20:46:20    -1045.878832        0.7271
BFGS:  274 20:46:20    -1045.882998        0.4995
BFGS:  275 20:46:20    -1045.886264        0.4050
BFGS:  276 20:46:20    -1045.887474        0.5307
BFGS:  277 20:46:20    -1045.887724        0.4026
BFGS:  278 20:46:20    -1045.888044        0.2487
BFGS:  279 20:46:20    -1045.888705        0.4693
BFGS:  280 20:46:20    -1045.890422        1.2295
BFGS:  281 20:46:20    -1045.893929        1.9485
BFGS:  282 20:46:20    -1045.899029        2.3566
BFGS:  283 20:46:21    -1045.903545        1.7262
BFGS:  284 20:46:21    -1045.906457        0.8785
BFGS:  285 20:46:21    -1045.906910        0.2507
BFGS:  286 20:46:21    -1045.907057        0.1753
BFGS:  287 20:46:21    -1045.907147        0.1752
BFGS:  288 20:46:21    -1045.907432        0.4047
BFGS:  289 20:46:21    -1045.908153        0.6615
BFGS:  290 20:46:21    -1045.909761        1.3335
BFGS:  291 20:46:21    -1045.912417        1.4023
BFGS:  292 20:46:21    -1045.914667        1.4814
BFGS:  293 20:46:21    -1045.916544        1.0612
BFGS:  294 20:46:21    -1045.917312        0.4069
BFGS:  295 20:46:21    -1045.917435        0.1818
BFGS:  296 20:46:21    -1045.917556        0.2317
BFGS:  297 20:46:21    -1045.917757        0.4133
BFGS:  298 20:46:21    -1045.918290        0.6886
BFGS:  299 20:46:21    -1045.919458        0.9714
BFGS:  300 20:46:21    -1045.921701        1.2379
BFGS:  301 20:46:21    -1045.923752        1.0219
BFGS:  302 20:46:21    -1045.925821        0.6997
BFGS:  303 20:46:21    -1045.927491        0.2073
BFGS:  304 20:46:21    -1045.928019        0.0926
