      Step     Time          Energy         fmax
BFGS:    0 20:41:24     -662.151882      144.2028
BFGS:    1 20:41:24     -698.741830      141.8167
BFGS:    2 20:41:24     -728.061575      127.5720
BFGS:    3 20:41:24     -745.902860      121.8276
BFGS:    4 20:41:24     -763.946067      117.0714
BFGS:    5 20:41:24     -781.574595      107.6188
BFGS:    6 20:41:24     -797.465134      100.3419
BFGS:    7 20:41:24     -812.462730       90.2695
BFGS:    8 20:41:24     -825.666797       80.7907
BFGS:    9 20:41:24     -836.540829       77.5267
BFGS:   10 20:41:24     -844.964061       75.3183
BFGS:   11 20:41:24     -852.875656       74.2762
BFGS:   12 20:41:24     -861.539735       71.4525
BFGS:   13 20:41:24     -871.094186       69.5627
BFGS:   14 20:41:24     -880.891267       65.6523
BFGS:   15 20:41:24     -889.080022       62.7909
BFGS:   16 20:41:24     -896.976642       60.5424
BFGS:   17 20:41:24     -904.439736       55.5000
BFGS:   18 20:41:24     -912.637988       51.5107
BFGS:   19 20:41:24     -919.078480       48.3135
BFGS:   20 20:41:24     -923.742374       42.6136
BFGS:   21 20:41:25     -927.632692       42.0887
BFGS:   22 20:41:25     -931.878719       30.9760
BFGS:   23 20:41:25     -934.951151       28.0147
BFGS:   24 20:41:25     -937.534469       23.5994
BFGS:   25 20:41:25     -939.565393       23.6494
BFGS:   26 20:41:25     -941.200851       21.4395
BFGS:   27 20:41:25     -942.575320       19.7412
BFGS:   28 20:41:25     -943.656169       19.6088
BFGS:   29 20:41:25     -944.717904       17.1555
BFGS:   30 20:41:25     -945.884986       17.8520
BFGS:   31 20:41:25     -946.928806       20.6431
BFGS:   32 20:41:25     -947.925629       22.1718
BFGS:   33 20:41:25     -948.982728       25.5384
BFGS:   34 20:41:25     -950.057502       28.6921
BFGS:   35 20:41:25     -950.836661       30.2431
BFGS:   36 20:41:25     -952.227462       33.9176
BFGS:   37 20:41:25     -954.080729       37.7311
BFGS:   38 20:41:25     -956.569024       41.6429
BFGS:   39 20:41:25     -960.175238       45.1581
BFGS:   40 20:41:25     -964.667004       47.6422
BFGS:   41 20:41:25     -970.104071       48.7930
BFGS:   42 20:41:25     -976.357679       48.4270
BFGS:   43 20:41:25     -983.105377       46.5605
BFGS:   44 20:41:26     -991.123779       43.2978
BFGS:   45 20:41:26     -997.154504       40.6914
BFGS:   46 20:41:26    -1003.409363       39.4566
BFGS:   47 20:41:26    -1008.936288       38.4615
BFGS:   48 20:41:26    -1013.923349       37.5990
BFGS:   49 20:41:26    -1018.663083       36.9613
BFGS:   50 20:41:26    -1022.965303       35.1345
BFGS:   51 20:41:26    -1027.307715       32.8821
BFGS:   52 20:41:26    -1031.439023       29.9325
BFGS:   53 20:41:26    -1035.183901       27.7487
BFGS:   54 20:41:26    -1038.343101       26.1046
BFGS:   55 20:41:26    -1040.954983       23.1920
BFGS:   56 20:41:26    -1043.333598       21.3412
BFGS:   57 20:41:26    -1045.518733       19.0389
BFGS:   58 20:41:26    -1047.763670       16.9078
BFGS:   59 20:41:26    -1049.811611       15.3142
BFGS:   60 20:41:26    -1051.483699       14.7111
BFGS:   61 20:41:26    -1053.031489       14.1283
BFGS:   62 20:41:26    -1054.553958       13.4235
BFGS:   63 20:41:26    -1056.120811       12.5710
BFGS:   64 20:41:26    -1057.572913       14.7174
BFGS:   65 20:41:26    -1058.946504       16.8874
BFGS:   66 20:41:26    -1060.285954       17.6721
BFGS:   67 20:41:26    -1061.555064       17.6440
BFGS:   68 20:41:26    -1062.802107       17.0040
BFGS:   69 20:41:27    -1063.924668       16.0109
BFGS:   70 20:41:27    -1065.019237       15.0869
BFGS:   71 20:41:27    -1066.043346       13.1946
BFGS:   72 20:41:27    -1067.025088       11.9448
BFGS:   73 20:41:27    -1067.915154       11.1098
BFGS:   74 20:41:27    -1068.746087       10.5284
BFGS:   75 20:41:27    -1069.480674       10.1159
BFGS:   76 20:41:27    -1070.108953        9.2149
BFGS:   77 20:41:27    -1070.712943        8.7616
BFGS:   78 20:41:27    -1071.267205        7.5403
BFGS:   79 20:41:27    -1071.732972        6.6929
BFGS:   80 20:41:27    -1072.154739        5.7400
BFGS:   81 20:41:27    -1072.529765        4.9577
BFGS:   82 20:41:27    -1072.857041        4.5949
BFGS:   83 20:41:27    -1073.129490        4.6439
BFGS:   84 20:41:27    -1073.353394        4.4929
BFGS:   85 20:41:27    -1073.545264        4.0704
BFGS:   86 20:41:27    -1073.719650        3.8186
BFGS:   87 20:41:27    -1073.885610        4.1801
BFGS:   88 20:41:27    -1074.047383        4.7578
BFGS:   89 20:41:27    -1074.208943        5.3115
BFGS:   90 20:41:27    -1074.368954        5.5849
BFGS:   91 20:41:27    -1074.523491        5.5845
BFGS:   92 20:41:27    -1074.672837        5.3883
BFGS:   93 20:41:27    -1074.818685        5.1293
BFGS:   94 20:41:27    -1074.963678        5.1617
BFGS:   95 20:41:27    -1075.111018        5.5701
BFGS:   96 20:41:27    -1075.265983        5.8755
BFGS:   97 20:41:27    -1075.436369        6.0577
BFGS:   98 20:41:27    -1075.638829        5.9021
BFGS:   99 20:41:28    -1075.849089        6.0946
BFGS:  100 20:41:28    -1076.121067        6.3133
BFGS:  101 20:41:28    -1076.413578        6.4410
BFGS:  102 20:41:28    -1076.887340        6.7599
BFGS:  103 20:41:28    -1077.430076        5.4050
BFGS:  104 20:41:28    -1077.907323        5.3869
BFGS:  105 20:41:28    -1078.297018        5.1789
BFGS:  106 20:41:28    -1078.624330        5.0585
BFGS:  107 20:41:28    -1078.926094        4.7818
BFGS:  108 20:41:28    -1079.218485        4.3219
BFGS:  109 20:41:28    -1079.500100        4.7373
BFGS:  110 20:41:28    -1079.789937        5.0296
BFGS:  111 20:41:28    -1080.137954        4.7350
BFGS:  112 20:41:28    -1080.505553        4.6283
BFGS:  113 20:41:28    -1080.923683        4.4928
BFGS:  114 20:41:28    -1081.347538        3.8690
BFGS:  115 20:41:28    -1081.696732        3.8030
BFGS:  116 20:41:28    -1081.948143        4.1981
BFGS:  117 20:41:28    -1082.114346        4.0684
BFGS:  118 20:41:28    -1082.324373        3.6281
BFGS:  119 20:41:28    -1082.527535        4.1747
BFGS:  120 20:41:28    -1082.707308        5.6307
BFGS:  121 20:41:28    -1082.897865        6.8262
BFGS:  122 20:41:28    -1083.181673        7.7834
BFGS:  123 20:41:28    -1083.551053        8.3911
BFGS:  124 20:41:28    -1083.947791        8.5290
BFGS:  125 20:41:28    -1084.340933        8.1482
BFGS:  126 20:41:28    -1084.706381        8.2571
BFGS:  127 20:41:28    -1085.162782        9.6819
BFGS:  128 20:41:28    -1085.585397       11.1574
BFGS:  129 20:41:28    -1086.022197       10.7425
BFGS:  130 20:41:28    -1086.415512        9.3712
BFGS:  131 20:41:28    -1086.855088        7.2868
BFGS:  132 20:41:29    -1087.278544        6.2435
BFGS:  133 20:41:29    -1087.760403        6.5612
BFGS:  134 20:41:29    -1088.234686        6.4880
BFGS:  135 20:41:29    -1088.657429        6.2611
BFGS:  136 20:41:29    -1089.129480        5.5455
BFGS:  137 20:41:29    -1089.527644        4.5559
BFGS:  138 20:41:29    -1089.886029        3.4186
BFGS:  139 20:41:29    -1090.150439        3.2752
BFGS:  140 20:41:29    -1090.318000        3.7737
BFGS:  141 20:41:29    -1090.581522        3.7104
BFGS:  142 20:41:29    -1090.793005        3.7031
BFGS:  143 20:41:29    -1090.990715        3.7022
BFGS:  144 20:41:29    -1091.238706        3.0097
BFGS:  145 20:41:29    -1091.502890        2.6928
BFGS:  146 20:41:29    -1091.682076        2.8551
BFGS:  147 20:41:29    -1091.818027        2.3101
BFGS:  148 20:41:29    -1091.886121        2.5998
BFGS:  149 20:41:29    -1091.960495        1.9568
BFGS:  150 20:41:29    -1092.040193        1.5659
BFGS:  151 20:41:29    -1092.078826        1.2874
BFGS:  152 20:41:29    -1092.129822        1.6021
BFGS:  153 20:41:29    -1092.165711        1.5339
BFGS:  154 20:41:29    -1092.204257        1.0311
BFGS:  155 20:41:29    -1092.222387        0.8702
BFGS:  156 20:41:29    -1092.235807        0.7598
BFGS:  157 20:41:29    -1092.244509        0.8171
BFGS:  158 20:41:29    -1092.252376        0.6518
BFGS:  159 20:41:29    -1092.258561        0.5939
BFGS:  160 20:41:29    -1092.263329        0.5545
BFGS:  161 20:41:29    -1092.268511        0.5914
BFGS:  162 20:41:29    -1092.276144        0.5699
BFGS:  163 20:41:29    -1092.287901        0.7949
BFGS:  164 20:41:29    -1092.304090        1.1362
BFGS:  165 20:41:29    -1092.321509        1.2537
BFGS:  166 20:41:29    -1092.361480        1.3360
BFGS:  167 20:41:29    -1092.400580        2.3110
BFGS:  168 20:41:30    -1092.448820        3.3540
BFGS:  169 20:41:30    -1092.497963        4.2350
BFGS:  170 20:41:30    -1092.567429        4.6508
BFGS:  171 20:41:30    -1092.658106        4.9712
BFGS:  172 20:41:30    -1092.925741        3.2879
BFGS:  173 20:41:30    -1093.098967        3.2445
BFGS:  174 20:41:30    -1093.338467        2.7360
BFGS:  175 20:41:30    -1093.435271        1.9926
BFGS:  176 20:41:30    -1093.522050        1.2446
BFGS:  177 20:41:30    -1093.576588        1.1116
BFGS:  178 20:41:30    -1093.630599        1.1706
BFGS:  179 20:41:30    -1093.673406        1.0096
BFGS:  180 20:41:30    -1093.704340        1.0707
BFGS:  181 20:41:30    -1093.728434        1.1270
BFGS:  182 20:41:30    -1093.758251        1.3374
BFGS:  183 20:41:30    -1093.802749        1.5311
BFGS:  184 20:41:30    -1093.846832        2.6539
BFGS:  185 20:41:30    -1093.900907        3.1119
BFGS:  186 20:41:30    -1093.954125        3.2026
BFGS:  187 20:41:30    -1094.028205        2.4101
BFGS:  188 20:41:30    -1094.087494        2.9660
BFGS:  189 20:41:30    -1094.191400        2.9851
BFGS:  190 20:41:30    -1094.278624        3.3268
BFGS:  191 20:41:30    -1094.388047        3.7226
BFGS:  192 20:41:30    -1094.521596        4.0023
BFGS:  193 20:41:30    -1094.656427        3.4898
BFGS:  194 20:41:30    -1094.796260        2.7175
BFGS:  195 20:41:30    -1094.849435        2.0475
BFGS:  196 20:41:30    -1094.928216        1.8862
BFGS:  197 20:41:30    -1094.988339        1.5079
BFGS:  198 20:41:30    -1095.048558        1.1407
BFGS:  199 20:41:30    -1095.074848        1.0588
BFGS:  200 20:41:30    -1095.098917        0.7528
BFGS:  201 20:41:30    -1095.113707        0.6965
BFGS:  202 20:41:30    -1095.123347        0.6040
BFGS:  203 20:41:30    -1095.130609        0.5145
BFGS:  204 20:41:30    -1095.136608        0.4477
BFGS:  205 20:41:30    -1095.140567        0.3924
BFGS:  206 20:41:31    -1095.143883        0.3264
BFGS:  207 20:41:31    -1095.147141        0.3150
BFGS:  208 20:41:31    -1095.150862        0.3407
BFGS:  209 20:41:31    -1095.154792        0.3689
BFGS:  210 20:41:31    -1095.158124        0.5247
BFGS:  211 20:41:31    -1095.160657        0.5864
BFGS:  212 20:41:31    -1095.163030        0.5652
BFGS:  213 20:41:31    -1095.165424        0.4899
BFGS:  214 20:41:31    -1095.167445        0.4233
BFGS:  215 20:41:31    -1095.168921        0.4146
BFGS:  216 20:41:31    -1095.169990        0.3719
BFGS:  217 20:41:31    -1095.170794        0.3766
BFGS:  218 20:41:31    -1095.171359        0.3998
BFGS:  219 20:41:31    -1095.171748        0.4066
BFGS:  220 20:41:31    -1095.172143        0.3785
BFGS:  221 20:41:31    -1095.172671        0.3867
BFGS:  222 20:41:31    -1095.173416        0.3913
BFGS:  223 20:41:31    -1095.174223        0.3771
BFGS:  224 20:41:31    -1095.174890        0.3823
BFGS:  225 20:41:31    -1095.175444        0.4419
BFGS:  226 20:41:31    -1095.176119        0.5049
BFGS:  227 20:41:31    -1095.177143        0.5555
BFGS:  228 20:41:31    -1095.178752        0.5345
BFGS:  229 20:41:31    -1095.180981        0.4908
BFGS:  230 20:41:31    -1095.184046        0.5229
BFGS:  231 20:41:31    -1095.172264        0.7695
BFGS:  232 20:41:31    -1095.188166        0.5487
BFGS:  233 20:41:31    -1095.189907        0.4978
BFGS:  234 20:41:31    -1095.193137        0.4392
BFGS:  235 20:41:31    -1095.197895        0.4977
BFGS:  236 20:41:31    -1095.200979        0.4565
BFGS:  237 20:41:31    -1095.206293        0.4388
BFGS:  238 20:41:31    -1095.208024        0.4821
BFGS:  239 20:41:31    -1095.210796        0.4095
BFGS:  240 20:41:31    -1095.211921        0.3260
BFGS:  241 20:41:31    -1095.213427        0.2879
BFGS:  242 20:41:31    -1095.214416        0.3160
BFGS:  243 20:41:32    -1095.215448        0.3524
BFGS:  244 20:41:32    -1095.216227        0.3388
BFGS:  245 20:41:32    -1095.216959        0.3257
BFGS:  246 20:41:32    -1095.217676        0.2520
BFGS:  247 20:41:32    -1095.218176        0.2213
BFGS:  248 20:41:32    -1095.218471        0.2434
BFGS:  249 20:41:32    -1095.218798        0.2585
BFGS:  250 20:41:32    -1095.219073        0.2613
BFGS:  251 20:41:32    -1095.219325        0.2486
BFGS:  252 20:41:32    -1095.219500        0.2527
BFGS:  253 20:41:32    -1095.219658        0.2438
BFGS:  254 20:41:32    -1095.219823        0.2296
BFGS:  255 20:41:32    -1095.220038        0.2146
BFGS:  256 20:41:32    -1095.220327        0.2176
BFGS:  257 20:41:32    -1095.220715        0.2157
BFGS:  258 20:41:32    -1095.221168        0.2080
BFGS:  259 20:41:32    -1095.221585        0.2100
BFGS:  260 20:41:32    -1095.221857        0.2304
BFGS:  261 20:41:32    -1095.221988        0.2310
BFGS:  262 20:41:32    -1095.222050        0.2213
BFGS:  263 20:41:32    -1095.222083        0.2097
BFGS:  264 20:41:32    -1095.222109        0.2031
BFGS:  265 20:41:32    -1095.222122        0.1963
BFGS:  266 20:41:32    -1095.222140        0.1949
BFGS:  267 20:41:32    -1095.222149        0.1904
BFGS:  268 20:41:32    -1095.222162        0.1881
BFGS:  269 20:41:32    -1095.222166        0.1833
BFGS:  270 20:41:32    -1095.222170        0.1805
BFGS:  271 20:41:32    -1095.222171        0.1776
BFGS:  272 20:41:32    -1095.222172        0.1759
BFGS:  273 20:41:32    -1095.222172        0.1743
BFGS:  274 20:41:32    -1095.222173        0.1736
BFGS:  275 20:41:32    -1095.222174        0.1731
BFGS:  276 20:41:32    -1095.222175        0.1730
BFGS:  277 20:41:32    -1095.222175        0.1728
BFGS:  278 20:41:32    -1095.222176        0.1726
