      Step     Time          Energy         fmax
BFGS:    0 20:40:53     -749.571717      108.2526
BFGS:    1 20:40:53     -771.935329      118.5394
BFGS:    2 20:40:53     -790.759326      114.0073
BFGS:    3 20:40:53     -811.893157      104.4870
BFGS:    4 20:40:53     -829.587319       94.8956
BFGS:    5 20:40:53     -847.689514       85.3934
BFGS:    6 20:40:53     -863.178528       77.2731
BFGS:    7 20:40:53     -876.925953       79.5754
BFGS:    8 20:40:53     -890.336710       81.1891
BFGS:    9 20:40:53     -902.919555       81.5094
BFGS:   10 20:40:53     -915.379984       80.4109
BFGS:   11 20:40:54     -927.716496       76.9753
BFGS:   12 20:40:54     -939.731759       71.2346
BFGS:   13 20:40:54     -950.716038       62.2643
BFGS:   14 20:40:54     -960.743561       61.8696
BFGS:   15 20:40:54     -967.098663       52.4628
BFGS:   16 20:40:54     -971.151324       46.8555
BFGS:   17 20:40:54     -974.455827       42.5345
BFGS:   18 20:40:54     -977.350443       37.1181
BFGS:   19 20:40:54     -980.352385       33.2906
BFGS:   20 20:40:54     -982.873826       29.1302
BFGS:   21 20:40:54     -985.049243       24.1177
BFGS:   22 20:40:54     -986.949377       17.6919
BFGS:   23 20:40:54     -988.790598       10.3518
BFGS:   24 20:40:54     -990.098513        7.7145
BFGS:   25 20:40:54     -991.036867        5.1345
BFGS:   26 20:40:54     -991.763637        4.4589
BFGS:   27 20:40:54     -992.333120        5.9400
BFGS:   28 20:40:54     -992.867415        6.9593
BFGS:   29 20:40:54     -993.315205        6.9358
BFGS:   30 20:40:54     -993.728442        7.2965
BFGS:   31 20:40:54     -994.120779        8.4000
BFGS:   32 20:40:54     -994.516532        8.4580
BFGS:   33 20:40:55     -994.890127        8.8258
BFGS:   34 20:40:55     -995.146037        8.3652
BFGS:   35 20:40:55     -995.373359        4.9570
BFGS:   36 20:40:55     -995.627825        4.6075
BFGS:   37 20:40:55     -995.886889        4.4252
BFGS:   38 20:40:55     -996.112561        4.0896
BFGS:   39 20:40:55     -996.337626        4.8445
BFGS:   40 20:40:55     -996.569825        6.7233
BFGS:   41 20:40:55     -996.808118        8.6742
BFGS:   42 20:40:55     -997.053188       10.8436
BFGS:   43 20:40:55     -997.305184       13.1502
BFGS:   44 20:40:55     -997.565830       15.6210
BFGS:   45 20:40:55     -997.835701       18.0817
BFGS:   46 20:40:55     -998.117811       20.6304
BFGS:   47 20:40:55     -998.380717       22.7076
BFGS:   48 20:40:55     -998.625422       24.2851
BFGS:   49 20:40:55     -998.851070       24.9718
BFGS:   50 20:40:55     -999.093268       24.7875
BFGS:   51 20:40:55     -999.347431       24.0073
BFGS:   52 20:40:55     -999.649093       22.1852
BFGS:   53 20:40:55     -999.960378       20.7055
BFGS:   54 20:40:55    -1000.286328       18.4102
BFGS:   55 20:40:56    -1000.582647       16.9165
BFGS:   56 20:40:56    -1000.914043       14.8467
BFGS:   57 20:40:56    -1001.216611       13.3095
BFGS:   58 20:40:56    -1001.532179       11.6360
BFGS:   59 20:40:56    -1001.826516       10.2075
BFGS:   60 20:40:56    -1002.097974        8.8466
BFGS:   61 20:40:56    -1002.350033        7.5867
BFGS:   62 20:40:56    -1002.595032        6.2442
BFGS:   63 20:40:56    -1002.845072        4.8555
BFGS:   64 20:40:56    -1003.107545        4.8636
BFGS:   65 20:40:56    -1003.381628        5.3567
BFGS:   66 20:40:56    -1003.667634        5.9442
BFGS:   67 20:40:56    -1003.942076        6.6098
BFGS:   68 20:40:56    -1004.221222        7.4003
BFGS:   69 20:40:56    -1004.519018        8.1185
BFGS:   70 20:40:56    -1004.818124        9.1533
BFGS:   71 20:40:56    -1005.126372        9.0191
BFGS:   72 20:40:56    -1005.414064        8.1047
BFGS:   73 20:40:56    -1005.702498        8.3621
BFGS:   74 20:40:56    -1006.024943       10.2630
BFGS:   75 20:40:56    -1006.355868       11.9865
BFGS:   76 20:40:56    -1006.673765       12.4969
BFGS:   77 20:40:56    -1006.969583       13.2568
BFGS:   78 20:40:56    -1007.262731       12.0821
BFGS:   79 20:40:56    -1007.571874       10.0416
BFGS:   80 20:40:56    -1007.890653        7.7661
BFGS:   81 20:40:57    -1008.210520        6.8235
BFGS:   82 20:40:57    -1008.520748        7.1542
BFGS:   83 20:40:57    -1008.829336        6.5079
BFGS:   84 20:40:57    -1009.083949        5.9536
BFGS:   85 20:40:57    -1009.291614        4.4131
BFGS:   86 20:40:57    -1009.424444        2.9087
BFGS:   87 20:40:57    -1009.493375        1.7903
BFGS:   88 20:40:57    -1009.518210        2.0294
BFGS:   89 20:40:57    -1009.565396        1.9636
BFGS:   90 20:40:57    -1009.606473        2.4606
BFGS:   91 20:40:57    -1009.651450        2.4259
BFGS:   92 20:40:57    -1009.699937        2.5470
BFGS:   93 20:40:57    -1009.752708        2.5153
BFGS:   94 20:40:57    -1009.807371        2.7533
BFGS:   95 20:40:57    -1009.863477        3.0952
BFGS:   96 20:40:57    -1009.920732        3.3741
BFGS:   97 20:40:57    -1009.979588        3.5957
BFGS:   98 20:40:57    -1010.040670        3.7571
BFGS:   99 20:40:57    -1010.096775        3.8354
BFGS:  100 20:40:57    -1010.150482        3.9490
BFGS:  101 20:40:57    -1010.204390        4.1336
BFGS:  102 20:40:57    -1010.259568        4.2839
BFGS:  103 20:40:57    -1010.316350        4.4575
BFGS:  104 20:40:57    -1010.374420        4.6032
BFGS:  105 20:40:57    -1010.433395        4.7230
BFGS:  106 20:40:57    -1010.495662        4.8265
BFGS:  107 20:40:57    -1010.565244        4.8817
BFGS:  108 20:40:58    -1010.641404        4.9449
BFGS:  109 20:40:58    -1010.726582        4.9322
BFGS:  110 20:40:58    -1010.809517        5.0442
BFGS:  111 20:40:58    -1010.892593        5.1038
BFGS:  112 20:40:58    -1010.975549        5.1378
BFGS:  113 20:40:58    -1011.060654        5.1471
BFGS:  114 20:40:58    -1011.149800        5.4200
BFGS:  115 20:40:58    -1011.262212        5.7501
BFGS:  116 20:40:58    -1011.419872        6.2079
BFGS:  117 20:40:58    -1011.635938        6.8670
BFGS:  118 20:40:58    -1011.916250        7.8122
BFGS:  119 20:40:58    -1012.244909        9.0111
BFGS:  120 20:40:58    -1012.556509       10.5435
BFGS:  121 20:40:58    -1012.870101       12.1452
BFGS:  122 20:40:58    -1013.191420       12.6033
BFGS:  123 20:40:58    -1013.522684       10.8609
BFGS:  124 20:40:58    -1013.787397        7.0428
BFGS:  125 20:40:58    -1014.019605        4.7406
BFGS:  126 20:40:58    -1014.111463        5.3519
BFGS:  127 20:40:58    -1014.247163        4.7038
BFGS:  128 20:40:58    -1014.371280        3.9833
BFGS:  129 20:40:58    -1014.501663        3.3383
BFGS:  130 20:40:58    -1014.635865        3.1662
BFGS:  131 20:40:58    -1014.770905        2.9912
BFGS:  132 20:40:58    -1014.910092        2.7777
BFGS:  133 20:40:58    -1015.050565        2.8120
BFGS:  134 20:40:58    -1015.192893        3.0466
BFGS:  135 20:40:58    -1015.336410        3.2566
BFGS:  136 20:40:58    -1015.480654        3.4613
BFGS:  137 20:40:59    -1015.625717        3.6616
BFGS:  138 20:40:59    -1015.771335        3.8564
BFGS:  139 20:40:59    -1015.917240        4.0279
BFGS:  140 20:40:59    -1016.063382        4.1644
BFGS:  141 20:40:59    -1016.209555        4.2714
BFGS:  142 20:40:59    -1016.356103        4.3620
BFGS:  143 20:40:59    -1016.502826        4.4508
BFGS:  144 20:40:59    -1016.649605        4.5391
BFGS:  145 20:40:59    -1016.796211        4.6238
BFGS:  146 20:40:59    -1016.941938        4.7053
BFGS:  147 20:40:59    -1017.087415        4.8679
BFGS:  148 20:40:59    -1017.231656        4.9986
BFGS:  149 20:40:59    -1017.374999        5.0915
BFGS:  150 20:40:59    -1017.518417        5.2993
BFGS:  151 20:40:59    -1017.664420        5.4383
BFGS:  152 20:40:59    -1017.813334        5.4965
BFGS:  153 20:40:59    -1017.966494        5.4648
BFGS:  154 20:40:59    -1018.123923        5.3519
BFGS:  155 20:40:59    -1018.284274        5.2530
BFGS:  156 20:40:59    -1018.443728        5.1565
BFGS:  157 20:40:59    -1018.599103        5.0206
BFGS:  158 20:40:59    -1018.747659        4.8528
BFGS:  159 20:40:59    -1018.886959        4.6567
BFGS:  160 20:40:59    -1019.014931        4.4274
BFGS:  161 20:40:59    -1019.129996        4.1554
BFGS:  162 20:40:59    -1019.232488        3.8359
BFGS:  163 20:40:59    -1019.322680        3.5537
BFGS:  164 20:40:59    -1019.405668        3.3608
BFGS:  165 20:40:59    -1019.479951        3.2462
BFGS:  166 20:40:59    -1019.551163        3.0510
BFGS:  167 20:40:59    -1019.616500        2.9880
BFGS:  168 20:40:59    -1019.680423        2.7579
BFGS:  169 20:40:59    -1019.736717        2.7527
BFGS:  170 20:40:59    -1019.793371        2.4628
BFGS:  171 20:40:59    -1019.843082        2.4268
BFGS:  172 20:41:00    -1019.891414        2.3001
BFGS:  173 20:41:00    -1019.934564        2.3486
BFGS:  174 20:41:00    -1019.975758        2.3881
BFGS:  175 20:41:00    -1020.013429        2.3782
BFGS:  176 20:41:00    -1020.048919        2.3530
BFGS:  177 20:41:00    -1020.081375        2.2965
BFGS:  178 20:41:00    -1020.111375        2.2293
BFGS:  179 20:41:00    -1020.138504        2.1445
BFGS:  180 20:41:00    -1020.163505        2.0553
BFGS:  181 20:41:00    -1020.187305        1.9527
BFGS:  182 20:41:00    -1020.210559        1.8464
BFGS:  183 20:41:00    -1020.234048        1.7317
BFGS:  184 20:41:00    -1020.258925        1.6129
BFGS:  185 20:41:00    -1020.285901        1.4859
BFGS:  186 20:41:00    -1020.315776        1.3564
BFGS:  187 20:41:00    -1020.348411        1.3171
BFGS:  188 20:41:00    -1020.383948        1.3953
BFGS:  189 20:41:00    -1020.421644        1.4334
BFGS:  190 20:41:00    -1020.460890        1.4537
BFGS:  191 20:41:00    -1020.500274        1.4539
BFGS:  192 20:41:00    -1020.540185        1.4258
BFGS:  193 20:41:00    -1020.579286        1.3603
BFGS:  194 20:41:00    -1020.618382        1.2794
BFGS:  195 20:41:00    -1020.655478        1.3272
BFGS:  196 20:41:00    -1020.692945        1.5191
BFGS:  197 20:41:00    -1020.727991        1.6528
BFGS:  198 20:41:00    -1020.762594        1.7909
BFGS:  199 20:41:00    -1020.796096        1.8723
BFGS:  200 20:41:00    -1020.829870        1.9587
BFGS:  201 20:41:00    -1020.862484        1.9905
BFGS:  202 20:41:00    -1020.894357        2.0155
BFGS:  203 20:41:00    -1020.925187        2.0150
BFGS:  204 20:41:00    -1020.955532        2.0170
BFGS:  205 20:41:00    -1020.984523        1.9561
BFGS:  206 20:41:00    -1021.012783        1.9226
BFGS:  207 20:41:00    -1021.039448        1.8657
BFGS:  208 20:41:00    -1021.065164        1.7916
BFGS:  209 20:41:00    -1021.090239        1.7101
BFGS:  210 20:41:00    -1021.114172        1.6177
BFGS:  211 20:41:00    -1021.137526        1.5133
BFGS:  212 20:41:00    -1021.160518        1.3991
BFGS:  213 20:41:00    -1021.183094        1.2732
BFGS:  214 20:41:00    -1021.205620        1.1476
BFGS:  215 20:41:00    -1021.228003        1.1659
BFGS:  216 20:41:01    -1021.250688        1.1845
BFGS:  217 20:41:01    -1021.273838        1.2016
BFGS:  218 20:41:01    -1021.297464        1.2137
BFGS:  219 20:41:01    -1021.321646        1.2172
BFGS:  220 20:41:01    -1021.346807        1.4020
BFGS:  221 20:41:01    -1021.372090        1.6271
BFGS:  222 20:41:01    -1021.397905        1.7961
BFGS:  223 20:41:01    -1021.423761        1.8885
BFGS:  224 20:41:01    -1021.453992        1.7642
BFGS:  225 20:41:01    -1021.485528        1.6497
BFGS:  226 20:41:01    -1021.515542        1.3913
BFGS:  227 20:41:01    -1021.536866        1.3829
BFGS:  228 20:41:01    -1021.556008        1.0915
BFGS:  229 20:41:01    -1021.579167        0.8590
BFGS:  230 20:41:01    -1021.601800        0.8200
BFGS:  231 20:41:01    -1021.617327        0.8419
BFGS:  232 20:41:01    -1021.632538        0.7447
BFGS:  233 20:41:01    -1021.647994        0.8273
BFGS:  234 20:41:01    -1021.664507        1.0349
BFGS:  235 20:41:01    -1021.682374        1.3009
BFGS:  236 20:41:01    -1021.700812        1.5881
BFGS:  237 20:41:01    -1021.719535        1.8671
BFGS:  238 20:41:01    -1021.738316        2.1079
BFGS:  239 20:41:01    -1021.756941        2.3590
BFGS:  240 20:41:01    -1021.775494        2.5985
BFGS:  241 20:41:01    -1021.795087        2.7827
BFGS:  242 20:41:01    -1021.818319        2.9029
BFGS:  243 20:41:01    -1021.846980        2.9561
BFGS:  244 20:41:01    -1021.882355        3.1913
BFGS:  245 20:41:01    -1021.926047        3.3880
BFGS:  246 20:41:01    -1021.980541        3.4257
BFGS:  247 20:41:01    -1022.051901        3.5312
BFGS:  248 20:41:01    -1022.144197        3.6223
BFGS:  249 20:41:01    -1022.250111        3.3828
BFGS:  250 20:41:01    -1022.374664        2.6941
BFGS:  251 20:41:01    -1022.425516        2.5646
BFGS:  252 20:41:01    -1022.508129        1.9786
BFGS:  253 20:41:01    -1022.592699        1.6475
BFGS:  254 20:41:01    -1022.650249        1.7779
BFGS:  255 20:41:01    -1022.697608        1.6056
BFGS:  256 20:41:01    -1022.740724        1.4064
BFGS:  257 20:41:01    -1022.774819        1.0177
BFGS:  258 20:41:01    -1022.793097        0.6575
BFGS:  259 20:41:01    -1022.803303        0.7676
BFGS:  260 20:41:01    -1022.812746        0.7771
BFGS:  261 20:41:01    -1022.818900        0.6155
BFGS:  262 20:41:01    -1022.824615        0.3944
BFGS:  263 20:41:01    -1022.829038        0.4647
BFGS:  264 20:41:02    -1022.832418        0.6190
BFGS:  265 20:41:02    -1022.836246        0.6397
BFGS:  266 20:41:02    -1022.839467        0.6291
BFGS:  267 20:41:02    -1022.842969        0.4578
BFGS:  268 20:41:02    -1022.845403        0.3287
BFGS:  269 20:41:02    -1022.847143        0.2751
BFGS:  270 20:41:02    -1022.848481        0.2599
BFGS:  271 20:41:02    -1022.849789        0.2225
BFGS:  272 20:41:02    -1022.850918        0.1842
BFGS:  273 20:41:02    -1022.851916        0.1658
BFGS:  274 20:41:02    -1022.853045        0.1725
BFGS:  275 20:41:02    -1022.854286        0.1630
BFGS:  276 20:41:02    -1022.855513        0.1957
BFGS:  277 20:41:02    -1022.856702        0.1839
BFGS:  278 20:41:02    -1022.857514        0.1933
BFGS:  279 20:41:02    -1022.858001        0.1984
BFGS:  280 20:41:02    -1022.858308        0.1906
BFGS:  281 20:41:02    -1022.858553        0.2025
BFGS:  282 20:41:02    -1022.858876        0.2014
BFGS:  283 20:41:02    -1022.859368        0.1954
BFGS:  284 20:41:02    -1022.860090        0.2297
BFGS:  285 20:41:02    -1022.860755        0.2712
BFGS:  286 20:41:02    -1022.861501        0.2973
BFGS:  287 20:41:02    -1022.862276        0.2970
BFGS:  288 20:41:02    -1022.863400        0.2783
BFGS:  289 20:41:02    -1022.865206        0.2965
BFGS:  290 20:41:02    -1022.867522        0.3477
BFGS:  291 20:41:02    -1022.869826        0.3440
BFGS:  292 20:41:02    -1022.871949        0.3608
BFGS:  293 20:41:02    -1022.873811        0.3761
BFGS:  294 20:41:02    -1022.875496        0.3898
BFGS:  295 20:41:02    -1022.876952        0.4035
BFGS:  296 20:41:02    -1022.878300        0.4165
BFGS:  297 20:41:02    -1022.879591        0.4284
BFGS:  298 20:41:02    -1022.880859        0.4386
BFGS:  299 20:41:02    -1022.882117        0.4470
BFGS:  300 20:41:02    -1022.883421        0.4515
BFGS:  301 20:41:02    -1022.884784        0.4526
BFGS:  302 20:41:02    -1022.886195        0.4506
BFGS:  303 20:41:02    -1022.887651        0.4456
BFGS:  304 20:41:02    -1022.889151        0.4379
BFGS:  305 20:41:02    -1022.890691        0.4275
BFGS:  306 20:41:02    -1022.892270        0.4147
BFGS:  307 20:41:02    -1022.893885        0.3995
BFGS:  308 20:41:02    -1022.895530        0.3820
BFGS:  309 20:41:02    -1022.897193        0.3720
BFGS:  310 20:41:02    -1022.898859        0.3689
BFGS:  311 20:41:02    -1022.900519        0.3604
BFGS:  312 20:41:02    -1022.902157        0.3430
BFGS:  313 20:41:03    -1022.903722        0.3189
BFGS:  314 20:41:03    -1022.905242        0.2833
BFGS:  315 20:41:03    -1022.906616        0.2445
BFGS:  316 20:41:03    -1022.908055        0.2629
BFGS:  317 20:41:03    -1022.909208        0.2395
BFGS:  318 20:41:03    -1022.910464        0.2977
BFGS:  319 20:41:03    -1022.911551        0.2601
BFGS:  320 20:41:03    -1022.912454        0.2272
BFGS:  321 20:41:03    -1022.913050        0.1584
BFGS:  322 20:41:03    -1022.913688        0.1173
BFGS:  323 20:41:03    -1022.914049        0.1129
BFGS:  324 20:41:03    -1022.914308        0.1152
BFGS:  325 20:41:03    -1022.914491        0.1098
BFGS:  326 20:41:03    -1022.914651        0.1064
BFGS:  327 20:41:03    -1022.914879        0.1219
BFGS:  328 20:41:03    -1022.915091        0.1243
BFGS:  329 20:41:03    -1022.915349        0.1036
BFGS:  330 20:41:03    -1022.915661        0.1050
BFGS:  331 20:41:03    -1022.916008        0.1579
BFGS:  332 20:41:03    -1022.916327        0.1747
BFGS:  333 20:41:03    -1022.916656        0.1861
BFGS:  334 20:41:03    -1022.916978        0.1803
BFGS:  335 20:41:03    -1022.917367        0.1566
BFGS:  336 20:41:03    -1022.917806        0.1872
BFGS:  337 20:41:03    -1022.918342        0.2133
BFGS:  338 20:41:03    -1022.918899        0.2312
BFGS:  339 20:41:03    -1022.919738        0.2520
BFGS:  340 20:41:03    -1022.920196        0.2908
BFGS:  341 20:41:03    -1022.921019        0.2942
BFGS:  342 20:41:03    -1022.921656        0.2862
BFGS:  343 20:41:03    -1022.922470        0.2337
BFGS:  344 20:41:03    -1022.923420        0.2264
BFGS:  345 20:41:03    -1022.924499        0.2123
BFGS:  346 20:41:03    -1022.925252        0.2294
BFGS:  347 20:41:03    -1022.926023        0.2417
BFGS:  348 20:41:03    -1022.926716        0.2466
BFGS:  349 20:41:03    -1022.927409        0.2407
BFGS:  350 20:41:03    -1022.928002        0.2298
BFGS:  351 20:41:03    -1022.928646        0.2280
BFGS:  352 20:41:03    -1022.929241        0.2139
BFGS:  353 20:41:03    -1022.929812        0.1956
BFGS:  354 20:41:03    -1022.930340        0.1779
BFGS:  355 20:41:03    -1022.930943        0.1585
BFGS:  356 20:41:03    -1022.931332        0.1478
BFGS:  357 20:41:03    -1022.931894        0.1430
BFGS:  358 20:41:03    -1022.932285        0.1519
BFGS:  359 20:41:03    -1022.932712        0.1534
BFGS:  360 20:41:03    -1022.933076        0.1574
BFGS:  361 20:41:03    -1022.933449        0.1562
BFGS:  362 20:41:04    -1022.933791        0.1555
BFGS:  363 20:41:04    -1022.934143        0.1502
BFGS:  364 20:41:04    -1022.934468        0.1462
BFGS:  365 20:41:04    -1022.934830        0.1354
BFGS:  366 20:41:04    -1022.935138        0.1310
BFGS:  367 20:41:04    -1022.935531        0.1296
BFGS:  368 20:41:04    -1022.935835        0.1342
BFGS:  369 20:41:04    -1022.936220        0.1380
