      Step     Time          Energy         fmax
BFGS:    0 20:43:45     -952.222739      159.2030
BFGS:    1 20:43:45     -976.951887      100.2157
BFGS:    2 20:43:45     -985.626386       89.4291
BFGS:    3 20:43:45     -991.900754       69.4622
BFGS:    4 20:43:45     -995.647723       58.3365
BFGS:    5 20:43:45     -998.613437       50.0937
BFGS:    6 20:43:45    -1001.499038       42.1904
BFGS:    7 20:43:45    -1004.521592       35.4485
BFGS:    8 20:43:45    -1007.838751       29.7061
BFGS:    9 20:43:45    -1011.254592       26.2534
BFGS:   10 20:43:45    -1014.623631       24.7910
BFGS:   11 20:43:45    -1017.899030       24.6360
BFGS:   12 20:43:45    -1021.129902       25.2138
BFGS:   13 20:43:45    -1024.302241       26.1775
BFGS:   14 20:43:45    -1027.396305       27.9832
BFGS:   15 20:43:45    -1030.353439       29.3412
BFGS:   16 20:43:45    -1033.305112       30.1778
BFGS:   17 20:43:45    -1036.343130       32.7975
BFGS:   18 20:43:45    -1038.710721       35.9880
BFGS:   19 20:43:45    -1040.982206       38.1863
BFGS:   20 20:43:45    -1043.228286       39.4025
BFGS:   21 20:43:45    -1045.584535       39.9453
BFGS:   22 20:43:45    -1047.838345       39.6547
BFGS:   23 20:43:45    -1050.297632       38.4337
BFGS:   24 20:43:45    -1052.698859       36.5483
BFGS:   25 20:43:45    -1054.779042       33.6833
BFGS:   26 20:43:45    -1056.543380       31.3525
BFGS:   27 20:43:45    -1058.415841       28.4288
BFGS:   28 20:43:45    -1060.390857       26.5840
BFGS:   29 20:43:45    -1062.013050       29.6976
BFGS:   30 20:43:45    -1063.520772       30.8832
BFGS:   31 20:43:46    -1065.070878       31.3606
BFGS:   32 20:43:46    -1066.692056       30.4657
BFGS:   33 20:43:46    -1068.124332       28.6667
BFGS:   34 20:43:46    -1069.468157       26.5320
BFGS:   35 20:43:46    -1070.719197       24.4755
BFGS:   36 20:43:46    -1071.902605       22.5420
BFGS:   37 20:43:46    -1073.118977       20.8069
BFGS:   38 20:43:46    -1074.432682       18.7546
BFGS:   39 20:43:46    -1075.655328       17.0832
BFGS:   40 20:43:46    -1076.814354       15.0886
BFGS:   41 20:43:46    -1077.802936       13.7401
BFGS:   42 20:43:46    -1078.735006       12.6192
BFGS:   43 20:43:46    -1079.624911       11.4483
BFGS:   44 20:43:46    -1080.509350       10.2697
BFGS:   45 20:43:46    -1081.392505        8.8566
BFGS:   46 20:43:46    -1082.285252        7.3733
BFGS:   47 20:43:46    -1083.195089        7.4093
BFGS:   48 20:43:46    -1084.107305        7.1662
BFGS:   49 20:43:46    -1084.914895        6.7810
BFGS:   50 20:43:46    -1085.651797        6.3274
BFGS:   51 20:43:46    -1086.343289        6.4829
BFGS:   52 20:43:46    -1087.005389        6.8029
BFGS:   53 20:43:46    -1087.646820        7.0318
BFGS:   54 20:43:46    -1088.274364        7.2832
BFGS:   55 20:43:46    -1088.893844        7.3555
BFGS:   56 20:43:46    -1089.517084        7.4287
BFGS:   57 20:43:46    -1090.175997        7.5219
BFGS:   58 20:43:46    -1090.816769        7.1553
BFGS:   59 20:43:46    -1091.420147        6.6592
BFGS:   60 20:43:46    -1091.984744        6.5357
BFGS:   61 20:43:46    -1092.438084        6.3248
BFGS:   62 20:43:46    -1092.815313        6.2345
BFGS:   63 20:43:46    -1093.149132        5.8087
BFGS:   64 20:43:46    -1093.462994        5.5573
BFGS:   65 20:43:46    -1093.763510        4.4324
BFGS:   66 20:43:47    -1094.069842        4.0539
BFGS:   67 20:43:47    -1094.341861        2.7575
BFGS:   68 20:43:47    -1094.546868        3.7081
BFGS:   69 20:43:47    -1094.738444        4.1128
BFGS:   70 20:43:47    -1094.919363        3.8167
BFGS:   71 20:43:47    -1095.068199        3.3276
BFGS:   72 20:43:47    -1095.175776        2.9427
BFGS:   73 20:43:47    -1095.306284        2.9246
BFGS:   74 20:43:47    -1095.410624        2.8032
BFGS:   75 20:43:47    -1095.515695        2.4876
BFGS:   76 20:43:47    -1095.642824        2.3726
BFGS:   77 20:43:47    -1095.750251        2.4179
BFGS:   78 20:43:47    -1095.857595        2.3285
BFGS:   79 20:43:47    -1095.968603        2.1759
BFGS:   80 20:43:47    -1096.085680        1.9972
BFGS:   81 20:43:47    -1096.211609        2.2681
BFGS:   82 20:43:47    -1096.349783        2.5345
BFGS:   83 20:43:47    -1096.495751        2.7061
BFGS:   84 20:43:47    -1096.648842        2.6448
BFGS:   85 20:43:47    -1096.808674        3.0295
BFGS:   86 20:43:47    -1096.947477        2.4341
BFGS:   87 20:43:47    -1097.104798        2.2727
BFGS:   88 20:43:47    -1097.241809        2.4000
BFGS:   89 20:43:47    -1097.376743        2.3844
BFGS:   90 20:43:47    -1097.505686        2.6484
BFGS:   91 20:43:47    -1097.637750        2.8201
BFGS:   92 20:43:47    -1097.748218        2.7799
BFGS:   93 20:43:47    -1097.816338        3.4343
BFGS:   94 20:43:47    -1097.917731        3.0940
BFGS:   95 20:43:47    -1098.065286        2.8610
BFGS:   96 20:43:47    -1098.213600        2.7290
BFGS:   97 20:43:47    -1098.368517        2.5621
BFGS:   98 20:43:47    -1098.522377        2.5553
BFGS:   99 20:43:47    -1098.652078        2.9597
BFGS:  100 20:43:47    -1098.755218        3.1993
BFGS:  101 20:43:47    -1098.863307        3.3895
BFGS:  102 20:43:48    -1098.965019        3.0950
BFGS:  103 20:43:48    -1099.074099        2.7979
BFGS:  104 20:43:48    -1099.191676        2.2342
BFGS:  105 20:43:48    -1099.295802        1.8199
BFGS:  106 20:43:48    -1099.368721        1.5507
BFGS:  107 20:43:48    -1099.456418        1.5604
BFGS:  108 20:43:48    -1099.535955        1.6888
BFGS:  109 20:43:48    -1099.618315        1.7548
BFGS:  110 20:43:48    -1099.700950        2.1564
BFGS:  111 20:43:48    -1099.782641        2.5938
BFGS:  112 20:43:48    -1099.859965        2.8531
BFGS:  113 20:43:48    -1099.936873        2.9213
BFGS:  114 20:43:48    -1100.018407        2.8799
BFGS:  115 20:43:48    -1100.107636        2.7549
BFGS:  116 20:43:48    -1100.207119        2.7309
BFGS:  117 20:43:48    -1100.319561        2.6231
BFGS:  118 20:43:48    -1100.445437        2.7317
BFGS:  119 20:43:48    -1100.586363        2.8667
BFGS:  120 20:43:48    -1100.734545        2.8386
BFGS:  121 20:43:48    -1100.897130        2.5759
BFGS:  122 20:43:48    -1101.034427        2.1684
BFGS:  123 20:43:48    -1101.145833        1.9985
BFGS:  124 20:43:48    -1101.260034        1.9607
BFGS:  125 20:43:48    -1101.359185        1.7210
BFGS:  126 20:43:48    -1101.452583        1.4170
BFGS:  127 20:43:48    -1101.528068        1.4149
BFGS:  128 20:43:48    -1101.595671        1.4016
BFGS:  129 20:43:48    -1101.657744        1.4625
BFGS:  130 20:43:48    -1101.716075        1.5453
BFGS:  131 20:43:48    -1101.773151        1.6025
BFGS:  132 20:43:48    -1101.832872        1.6132
BFGS:  133 20:43:48    -1101.909317        1.5107
BFGS:  134 20:43:48    -1101.981916        1.3446
BFGS:  135 20:43:48    -1102.055936        1.1430
BFGS:  136 20:43:48    -1102.129247        0.9999
BFGS:  137 20:43:48    -1102.190155        1.1203
BFGS:  138 20:43:48    -1102.239063        1.1612
BFGS:  139 20:43:48    -1102.275899        1.0821
BFGS:  140 20:43:49    -1102.300407        1.0257
BFGS:  141 20:43:49    -1102.328745        0.8905
BFGS:  142 20:43:49    -1102.353890        0.9441
BFGS:  143 20:43:49    -1102.378092        0.8981
BFGS:  144 20:43:49    -1102.393758        0.8519
BFGS:  145 20:43:49    -1102.411295        0.7085
BFGS:  146 20:43:49    -1102.424521        0.5502
BFGS:  147 20:43:49    -1102.434564        0.5094
BFGS:  148 20:43:49    -1102.442144        0.5562
BFGS:  149 20:43:49    -1102.446221        0.6214
BFGS:  150 20:43:49    -1102.449291        0.6598
BFGS:  151 20:43:49    -1102.451641        0.6182
BFGS:  152 20:43:49    -1102.454432        0.5728
BFGS:  153 20:43:49    -1102.457636        0.5082
BFGS:  154 20:43:49    -1102.461275        0.5348
BFGS:  155 20:43:49    -1102.464602        0.5869
BFGS:  156 20:43:49    -1102.467383        0.5613
BFGS:  157 20:43:49    -1102.469616        0.5402
BFGS:  158 20:43:49    -1102.471169        0.4944
BFGS:  159 20:43:49    -1102.472256        0.5120
BFGS:  160 20:43:49    -1102.473135        0.4956
BFGS:  161 20:43:49    -1102.474293        0.4912
BFGS:  162 20:43:49    -1102.475759        0.4902
BFGS:  163 20:43:49    -1102.477495        0.4998
BFGS:  164 20:43:49    -1102.479013        0.4814
BFGS:  165 20:43:49    -1102.480137        0.4700
BFGS:  166 20:43:49    -1102.480928        0.4598
BFGS:  167 20:43:49    -1102.481664        0.4512
BFGS:  168 20:43:49    -1102.482492        0.4390
BFGS:  169 20:43:49    -1102.483468        0.4177
BFGS:  170 20:43:49    -1102.484666        0.4165
BFGS:  171 20:43:49    -1102.486144        0.4425
BFGS:  172 20:43:49    -1102.487957        0.4642
BFGS:  173 20:43:49    -1102.490113        0.4567
BFGS:  174 20:43:49    -1102.492705        0.4223
BFGS:  175 20:43:49    -1102.495583        0.4535
BFGS:  176 20:43:49    -1102.497956        0.4992
BFGS:  177 20:43:49    -1102.499507        0.5262
BFGS:  178 20:43:49    -1102.500415        0.5356
BFGS:  179 20:43:50    -1102.501056        0.5377
BFGS:  180 20:43:50    -1102.501598        0.5353
BFGS:  181 20:43:50    -1102.502123        0.5326
BFGS:  182 20:43:50    -1102.502681        0.5301
BFGS:  183 20:43:50    -1102.503215        0.5291
BFGS:  184 20:43:50    -1102.503647        0.5275
BFGS:  185 20:43:50    -1102.503973        0.5264
BFGS:  186 20:43:50    -1102.504250        0.5244
BFGS:  187 20:43:50    -1102.504531        0.5203
BFGS:  188 20:43:50    -1102.504820        0.5116
BFGS:  189 20:43:50    -1102.505116        0.4981
BFGS:  190 20:43:50    -1102.505428        0.4801
BFGS:  191 20:43:50    -1102.505802        0.4559
BFGS:  192 20:43:50    -1102.506261        0.4247
BFGS:  193 20:43:50    -1102.506805        0.3862
BFGS:  194 20:43:50    -1102.507458        0.3406
BFGS:  195 20:43:50    -1102.508302        0.2812
BFGS:  196 20:43:50    -1102.509382        0.2060
BFGS:  197 20:43:50    -1102.510516        0.1418
BFGS:  198 20:43:50    -1102.511367        0.1332
BFGS:  199 20:43:50    -1102.511879        0.1263
BFGS:  200 20:43:50    -1102.512224        0.1271
BFGS:  201 20:43:50    -1102.512507        0.1209
BFGS:  202 20:43:50    -1102.512707        0.1040
BFGS:  203 20:43:50    -1102.512840        0.0937
