      Step     Time          Energy         fmax
BFGS:    0 20:45:31     -732.751163       90.1441
BFGS:    1 20:45:31     -759.501071      100.4948
BFGS:    2 20:45:31     -772.479703      106.6087
BFGS:    3 20:45:32     -782.358073       99.3647
BFGS:    4 20:45:32     -793.309121       96.2676
BFGS:    5 20:45:32     -804.732386       94.4606
BFGS:    6 20:45:32     -814.735473       93.8833
BFGS:    7 20:45:32     -824.439973       95.4221
BFGS:    8 20:45:32     -834.050502       95.7389
BFGS:    9 20:45:32     -844.861356       98.0772
BFGS:   10 20:45:32     -852.080116       96.6228
BFGS:   11 20:45:32     -858.469334       96.1759
BFGS:   12 20:45:32     -864.813332       94.7190
BFGS:   13 20:45:32     -871.894811       94.7274
BFGS:   14 20:45:32     -879.401432       92.0039
BFGS:   15 20:45:32     -886.747705       86.6183
BFGS:   16 20:45:32     -893.863856       83.2059
BFGS:   17 20:45:32     -901.638894       86.1411
BFGS:   18 20:45:32     -909.383730       87.4669
BFGS:   19 20:45:32     -916.897186       88.0831
BFGS:   20 20:45:32     -924.461480       88.7628
BFGS:   21 20:45:32     -932.376354       89.3884
BFGS:   22 20:45:32     -938.829459       89.8876
BFGS:   23 20:45:32     -944.772230       89.9350
BFGS:   24 20:45:32     -951.645550       88.4955
BFGS:   25 20:45:32     -958.612135       86.7696
BFGS:   26 20:45:32     -965.701299       83.2348
BFGS:   27 20:45:33     -972.543633       82.0860
BFGS:   28 20:45:33     -979.497010       84.4196
BFGS:   29 20:45:33     -986.085409       84.8810
BFGS:   30 20:45:33     -992.202452       84.7283
BFGS:   31 20:45:33     -997.175158       74.7355
BFGS:   32 20:45:33    -1001.582501       72.1885
BFGS:   33 20:45:33    -1005.252739       67.2773
BFGS:   34 20:45:33    -1008.526982       64.2218
BFGS:   35 20:45:33    -1011.474710       61.5531
BFGS:   36 20:45:33    -1014.208043       57.6501
BFGS:   37 20:45:33    -1016.637111       54.6143
BFGS:   38 20:45:33    -1018.978246       52.6911
BFGS:   39 20:45:33    -1021.110893       50.2666
BFGS:   40 20:45:33    -1023.094216       48.1965
BFGS:   41 20:45:33    -1024.918792       46.7923
BFGS:   42 20:45:33    -1026.685397       44.8661
BFGS:   43 20:45:33    -1028.367175       43.7339
BFGS:   44 20:45:33    -1029.949580       41.8803
BFGS:   45 20:45:33    -1031.436224       40.6287
BFGS:   46 20:45:33    -1032.850036       39.6311
BFGS:   47 20:45:33    -1034.204395       38.1204
BFGS:   48 20:45:33    -1035.518278       37.3061
BFGS:   49 20:45:33    -1036.805374       36.0039
BFGS:   50 20:45:33    -1038.076000       35.0954
BFGS:   51 20:45:34    -1039.351337       34.1944
BFGS:   52 20:45:34    -1040.612317       33.2634
BFGS:   53 20:45:34    -1041.907221       32.6791
BFGS:   54 20:45:34    -1043.187485       31.8963
BFGS:   55 20:45:34    -1044.488216       31.4298
BFGS:   56 20:45:34    -1045.766292       30.8720
BFGS:   57 20:45:34    -1047.090587       30.3105
BFGS:   58 20:45:34    -1048.367244       30.0270
BFGS:   59 20:45:34    -1049.605572       29.5139
BFGS:   60 20:45:34    -1050.811470       28.4355
BFGS:   61 20:45:34    -1051.891110       27.9679
BFGS:   62 20:45:34    -1052.881556       27.3870
BFGS:   63 20:45:34    -1053.810565       26.8561
BFGS:   64 20:45:34    -1054.713905       26.2593
BFGS:   65 20:45:34    -1055.595496       25.6347
BFGS:   66 20:45:34    -1056.457064       24.6854
BFGS:   67 20:45:34    -1057.305341       23.7124
BFGS:   68 20:45:34    -1058.120762       22.0802
BFGS:   69 20:45:34    -1058.940277       20.1546
BFGS:   70 20:45:34    -1059.715136       17.1352
BFGS:   71 20:45:34    -1060.501839       12.5877
BFGS:   72 20:45:34    -1061.031914       10.3024
BFGS:   73 20:45:34    -1061.491825        8.6983
BFGS:   74 20:45:34    -1061.907590        7.9054
BFGS:   75 20:45:34    -1062.338240        8.1022
BFGS:   76 20:45:35    -1062.753184       10.2524
BFGS:   77 20:45:35    -1063.250282       11.3060
BFGS:   78 20:45:35    -1063.708344       12.0065
BFGS:   79 20:45:35    -1064.195034       11.6295
BFGS:   80 20:45:35    -1064.866042       11.8876
BFGS:   81 20:45:35    -1065.615019       13.1466
BFGS:   82 20:45:35    -1066.412172       15.0598
BFGS:   83 20:45:35    -1067.098901       14.2402
BFGS:   84 20:45:35    -1067.737432       10.7736
BFGS:   85 20:45:35    -1068.341008        8.4534
BFGS:   86 20:45:35    -1068.930843        8.5866
BFGS:   87 20:45:35    -1069.506640        8.9447
BFGS:   88 20:45:35    -1070.092523        9.0054
BFGS:   89 20:45:35    -1070.725936        8.6651
BFGS:   90 20:45:35    -1071.427169        7.9983
BFGS:   91 20:45:35    -1072.218144        9.5197
BFGS:   92 20:45:35    -1072.929838        9.7999
BFGS:   93 20:45:35    -1073.509626        8.6206
BFGS:   94 20:45:35    -1073.993488        6.9708
BFGS:   95 20:45:35    -1074.463282        5.6239
BFGS:   96 20:45:35    -1074.897441        5.0372
BFGS:   97 20:45:35    -1075.314984        4.9015
BFGS:   98 20:45:35    -1075.707689        5.5270
BFGS:   99 20:45:35    -1076.033816        6.2777
BFGS:  100 20:45:35    -1076.293649        6.2562
BFGS:  101 20:45:35    -1076.469600        4.6323
BFGS:  102 20:45:36    -1076.555624        2.8872
BFGS:  103 20:45:36    -1076.632630        2.9492
BFGS:  104 20:45:36    -1076.670326        1.6369
BFGS:  105 20:45:36    -1076.693851        1.4105
BFGS:  106 20:45:36    -1076.711098        1.4607
BFGS:  107 20:45:36    -1076.726919        1.3138
BFGS:  108 20:45:36    -1076.748202        1.1368
BFGS:  109 20:45:36    -1076.768458        1.5205
BFGS:  110 20:45:36    -1076.799220        2.0588
BFGS:  111 20:45:36    -1076.844566        3.0637
BFGS:  112 20:45:36    -1076.874514        3.8945
BFGS:  113 20:45:36    -1076.913597        3.3611
BFGS:  114 20:45:36    -1076.973533        3.3521
BFGS:  115 20:45:36    -1077.044696        3.0768
BFGS:  116 20:45:36    -1077.113066        2.9670
BFGS:  117 20:45:36    -1077.177530        2.1797
BFGS:  118 20:45:36    -1077.217589        2.4176
BFGS:  119 20:45:36    -1077.246040        2.4847
BFGS:  120 20:45:36    -1077.282929        2.6623
BFGS:  121 20:45:36    -1077.313687        2.4541
BFGS:  122 20:45:36    -1077.348881        2.2419
BFGS:  123 20:45:36    -1077.376110        1.7963
BFGS:  124 20:45:36    -1077.408246        2.5835
BFGS:  125 20:45:36    -1077.438677        1.9607
BFGS:  126 20:45:36    -1077.462997        1.8110
BFGS:  127 20:45:37    -1077.474397        1.3811
BFGS:  128 20:45:37    -1077.478597        1.2274
BFGS:  129 20:45:37    -1077.482599        0.9707
BFGS:  130 20:45:37    -1077.484480        0.9168
BFGS:  131 20:45:37    -1077.485138        1.5341
BFGS:  132 20:45:37    -1077.486967        1.0102
BFGS:  133 20:45:37    -1077.487921        1.0526
BFGS:  134 20:45:37    -1077.489234        1.0534
BFGS:  135 20:45:37    -1077.489748        1.0181
BFGS:  136 20:45:37    -1077.490705        0.9027
BFGS:  137 20:45:37    -1077.491882        0.7494
BFGS:  138 20:45:37    -1077.493680        0.6807
BFGS:  139 20:45:37    -1077.495282        0.4707
BFGS:  140 20:45:37    -1077.496246        0.3693
BFGS:  141 20:45:37    -1077.496792        0.2898
BFGS:  142 20:45:37    -1077.497254        0.2661
BFGS:  143 20:45:37    -1077.497674        0.2846
BFGS:  144 20:45:37    -1077.497912        0.1762
BFGS:  145 20:45:37    -1077.498004        0.0685
