      Step     Time          Energy         fmax
BFGS:    0 20:51:23     -842.141491      108.5735
BFGS:    1 20:51:23     -868.404915      103.2326
BFGS:    2 20:51:23     -892.935780       91.6230
BFGS:    3 20:51:23     -920.490992       72.6332
BFGS:    4 20:51:23     -939.792870       71.5913
BFGS:    5 20:51:23     -957.589420       73.6464
BFGS:    6 20:51:23     -973.161137       74.3701
BFGS:    7 20:51:23     -985.575046       74.8766
BFGS:    8 20:51:23     -997.962236       69.9076
BFGS:    9 20:51:23    -1008.851679       62.7630
BFGS:   10 20:51:23    -1016.757364       55.1524
BFGS:   11 20:51:23    -1022.874359       50.7086
BFGS:   12 20:51:23    -1030.077064       40.7560
BFGS:   13 20:51:23    -1035.698906       38.1050
BFGS:   14 20:51:23    -1039.569672       34.3592
BFGS:   15 20:51:23    -1043.637781       32.5183
BFGS:   16 20:51:23    -1046.434610       27.9063
BFGS:   17 20:51:23    -1049.204126       27.3852
BFGS:   18 20:51:23    -1051.367914       24.8215
BFGS:   19 20:51:23    -1053.121707       23.7728
BFGS:   20 20:51:23    -1054.791137       22.8068
BFGS:   21 20:51:23    -1056.496863       21.4092
BFGS:   22 20:51:23    -1057.998374       20.5058
BFGS:   23 20:51:23    -1059.328563       19.5349
BFGS:   24 20:51:24    -1060.625651       18.2542
BFGS:   25 20:51:24    -1061.873857       17.6064
BFGS:   26 20:51:24    -1063.070197       18.1393
BFGS:   27 20:51:24    -1064.154333       17.8939
BFGS:   28 20:51:24    -1065.171208       18.4033
BFGS:   29 20:51:24    -1066.204905       21.0334
BFGS:   30 20:51:24    -1067.239808       25.0555
BFGS:   31 20:51:24    -1068.298966       28.4874
BFGS:   32 20:51:24    -1069.352198       30.5844
BFGS:   33 20:51:24    -1070.420795       31.2808
BFGS:   34 20:51:24    -1071.444956       31.1045
BFGS:   35 20:51:24    -1072.437265       29.8033
BFGS:   36 20:51:24    -1073.389414       28.0894
BFGS:   37 20:51:24    -1074.289446       25.9774
BFGS:   38 20:51:24    -1075.184022       24.0852
BFGS:   39 20:51:24    -1076.095457       21.6038
BFGS:   40 20:51:24    -1077.024938       19.8310
BFGS:   41 20:51:24    -1078.027166       18.5864
BFGS:   42 20:51:24    -1079.057342       17.2206
BFGS:   43 20:51:24    -1080.103329       17.0550
BFGS:   44 20:51:24    -1081.096688       15.6198
BFGS:   45 20:51:24    -1082.003012       14.8362
BFGS:   46 20:51:24    -1082.722150       11.9441
BFGS:   47 20:51:24    -1083.319809       11.0970
BFGS:   48 20:51:24    -1083.911430       11.5754
BFGS:   49 20:51:24    -1084.577930       11.6787
BFGS:   50 20:51:24    -1085.236316       10.4052
BFGS:   51 20:51:24    -1085.948623        9.9719
BFGS:   52 20:51:24    -1086.637675        9.4560
BFGS:   53 20:51:24    -1087.333492       10.5702
BFGS:   54 20:51:25    -1088.006192       11.4222
BFGS:   55 20:51:25    -1088.509117       11.6280
BFGS:   56 20:51:25    -1088.955664       11.5817
BFGS:   57 20:51:25    -1089.281154        9.8395
BFGS:   58 20:51:25    -1089.432378        7.9843
BFGS:   59 20:51:25    -1089.593898        7.7251
BFGS:   60 20:51:25    -1089.750099        5.9745
BFGS:   61 20:51:25    -1089.942785        5.6383
BFGS:   62 20:51:25    -1090.146130        5.5247
BFGS:   63 20:51:25    -1090.296056        6.9931
BFGS:   64 20:51:25    -1090.499927        7.2461
BFGS:   65 20:51:25    -1090.728886        6.8947
BFGS:   66 20:51:25    -1090.930867        6.8677
BFGS:   67 20:51:25    -1091.105411        6.1080
BFGS:   68 20:51:25    -1091.268568        4.6050
BFGS:   69 20:51:25    -1091.440128        4.0396
BFGS:   70 20:51:25    -1091.592011        4.0183
BFGS:   71 20:51:25    -1091.790044        3.7266
BFGS:   72 20:51:25    -1091.983032        3.0410
BFGS:   73 20:51:25    -1092.144068        2.6225
BFGS:   74 20:51:25    -1092.290637        2.7040
BFGS:   75 20:51:25    -1092.418860        3.0482
BFGS:   76 20:51:25    -1092.556467        3.5637
BFGS:   77 20:51:25    -1092.710763        3.8497
BFGS:   78 20:51:25    -1092.867772        5.5689
BFGS:   79 20:51:25    -1093.003741        6.8279
BFGS:   80 20:51:25    -1093.116719        6.5896
BFGS:   81 20:51:25    -1093.229290        6.7279
BFGS:   82 20:51:25    -1093.386782        6.6751
BFGS:   83 20:51:25    -1093.503990        7.1988
BFGS:   84 20:51:25    -1093.583083        6.4649
BFGS:   85 20:51:26    -1093.697043        6.2661
BFGS:   86 20:51:26    -1093.816641        6.6656
BFGS:   87 20:51:26    -1093.893589        5.6174
BFGS:   88 20:51:26    -1093.991016        5.1301
BFGS:   89 20:51:26    -1094.089300        5.1760
BFGS:   90 20:51:26    -1094.153107        4.3000
BFGS:   91 20:51:26    -1094.219132        3.6272
BFGS:   92 20:51:26    -1094.257110        3.6366
BFGS:   93 20:51:26    -1094.296225        3.4347
BFGS:   94 20:51:26    -1094.335549        3.1699
BFGS:   95 20:51:26    -1094.374208        2.8324
BFGS:   96 20:51:26    -1094.414171        2.6545
BFGS:   97 20:51:26    -1094.452092        2.4664
BFGS:   98 20:51:26    -1094.488665        2.3631
BFGS:   99 20:51:26    -1094.517674        2.4214
BFGS:  100 20:51:26    -1094.538583        2.4401
BFGS:  101 20:51:26    -1094.554198        2.5035
BFGS:  102 20:51:26    -1094.567938        2.4196
BFGS:  103 20:51:26    -1094.586090        2.2647
BFGS:  104 20:51:26    -1094.603901        2.4471
BFGS:  105 20:51:26    -1094.619325        2.2369
BFGS:  106 20:51:26    -1094.632731        1.7781
BFGS:  107 20:51:26    -1094.644964        1.6050
BFGS:  108 20:51:26    -1094.654756        1.6037
BFGS:  109 20:51:26    -1094.659917        1.6181
BFGS:  110 20:51:26    -1094.661602        1.6471
BFGS:  111 20:51:26    -1094.662277        1.6313
BFGS:  112 20:51:26    -1094.662877        1.5978
BFGS:  113 20:51:26    -1094.663454        1.5533
BFGS:  114 20:51:26    -1094.664081        1.5015
BFGS:  115 20:51:26    -1094.664685        1.4630
BFGS:  116 20:51:26    -1094.665191        1.4438
BFGS:  117 20:51:27    -1094.665590        1.4456
BFGS:  118 20:51:27    -1094.665940        1.4528
BFGS:  119 20:51:27    -1094.666249        1.4590
BFGS:  120 20:51:27    -1094.666540        1.4559
BFGS:  121 20:51:27    -1094.666859        1.4465
BFGS:  122 20:51:27    -1094.667320        1.4268
BFGS:  123 20:51:27    -1094.668125        1.3928
BFGS:  124 20:51:27    -1094.669567        1.3293
BFGS:  125 20:51:27    -1094.671744        1.2177
BFGS:  126 20:51:27    -1094.674849        1.0271
BFGS:  127 20:51:27    -1094.678707        0.9314
BFGS:  128 20:51:27    -1094.701052        2.1190
BFGS:  129 20:51:27    -1094.724015        2.1121
BFGS:  130 20:51:27    -1094.729929        2.1208
BFGS:  131 20:51:27    -1094.759681        2.2328
BFGS:  132 20:51:27    -1094.774143        2.2082
BFGS:  133 20:51:27    -1094.797958        2.1292
BFGS:  134 20:51:27    -1094.811102        2.0722
BFGS:  135 20:51:27    -1094.838010        2.5405
BFGS:  136 20:51:27    -1094.875688        2.9507
BFGS:  137 20:51:27    -1095.000542        3.2913
BFGS:  138 20:51:27    -1095.205689        3.4004
BFGS:  139 20:51:27    -1095.340799        3.3162
BFGS:  140 20:51:27    -1095.440930        3.4859
BFGS:  141 20:51:27    -1095.506042        3.2953
BFGS:  142 20:51:27    -1095.551631        3.1470
BFGS:  143 20:51:27    -1095.609672        3.0130
BFGS:  144 20:51:27    -1095.679438        2.9888
BFGS:  145 20:51:27    -1095.740387        2.9904
BFGS:  146 20:51:27    -1095.805578        3.1365
BFGS:  147 20:51:27    -1095.875495        3.0062
BFGS:  148 20:51:27    -1095.950150        2.9615
BFGS:  149 20:51:27    -1096.036128        2.9029
BFGS:  150 20:51:28    -1096.111119        3.0876
BFGS:  151 20:51:28    -1096.193923        2.9372
BFGS:  152 20:51:28    -1096.269821        3.0691
BFGS:  153 20:51:28    -1096.350731        3.1678
BFGS:  154 20:51:28    -1096.431689        3.2577
BFGS:  155 20:51:28    -1096.613269        3.9631
BFGS:  156 20:51:28    -1096.784662        4.8921
BFGS:  157 20:51:28    -1096.966974        4.5098
BFGS:  158 20:51:28    -1097.077547        4.4454
BFGS:  159 20:51:28    -1097.156230        4.1904
BFGS:  160 20:51:28    -1097.220853        3.7291
BFGS:  161 20:51:28    -1097.306238        3.6757
BFGS:  162 20:51:28    -1097.354334        3.9225
BFGS:  163 20:51:28    -1097.445609        4.2497
BFGS:  164 20:51:28    -1097.530345        4.3063
BFGS:  165 20:51:28    -1097.616043        4.5982
BFGS:  166 20:51:28    -1097.714851        4.8357
BFGS:  167 20:51:28    -1097.828262        4.5835
BFGS:  168 20:51:28    -1097.951658        4.7332
BFGS:  169 20:51:28    -1098.085035        4.7307
BFGS:  170 20:51:28    -1098.235132        4.5910
BFGS:  171 20:51:28    -1098.411345        4.3168
BFGS:  172 20:51:28    -1098.588100        3.8272
BFGS:  173 20:51:28    -1098.784152        3.9372
BFGS:  174 20:51:28    -1098.991663        4.1552
BFGS:  175 20:51:28    -1099.122455        3.9634
BFGS:  176 20:51:28    -1099.296683        3.5544
BFGS:  177 20:51:28    -1099.466456        3.7296
BFGS:  178 20:51:28    -1099.633767        3.7654
BFGS:  179 20:51:28    -1099.789492        4.3834
BFGS:  180 20:51:28    -1099.937809        4.7871
BFGS:  181 20:51:28    -1100.081829        5.0028
BFGS:  182 20:51:28    -1100.236340        5.5807
BFGS:  183 20:51:28    -1100.400095        6.1524
BFGS:  184 20:51:29    -1100.585931        6.4948
BFGS:  185 20:51:29    -1100.777474        6.7901
BFGS:  186 20:51:29    -1100.991902        6.8628
BFGS:  187 20:51:29    -1101.200707        6.9538
BFGS:  188 20:51:29    -1101.430520        6.7749
BFGS:  189 20:51:29    -1101.639421        6.6466
BFGS:  190 20:51:29    -1101.884067        6.6051
BFGS:  191 20:51:29    -1102.111381        6.5999
BFGS:  192 20:51:29    -1102.414200        6.0361
BFGS:  193 20:51:29    -1102.661857        5.6261
BFGS:  194 20:51:29    -1103.036902        5.7765
BFGS:  195 20:51:29    -1103.335945        5.3180
BFGS:  196 20:51:29    -1103.771313        5.9637
BFGS:  197 20:51:29    -1104.099253        5.6798
BFGS:  198 20:51:29    -1104.402326        5.7508
BFGS:  199 20:51:29    -1104.658959        6.3721
BFGS:  200 20:51:29    -1104.948615        6.4232
BFGS:  201 20:51:29    -1105.269541        5.9178
BFGS:  202 20:51:29    -1105.654507        5.3371
BFGS:  203 20:51:29    -1106.042535        4.1762
BFGS:  204 20:51:29    -1106.379402        4.5941
BFGS:  205 20:51:29    -1106.677793        5.6823
BFGS:  206 20:51:29    -1106.910512        6.0611
BFGS:  207 20:51:29    -1107.151325        4.9345
BFGS:  208 20:51:29    -1107.387299        4.1914
BFGS:  209 20:51:29    -1107.706507        3.7431
BFGS:  210 20:51:29    -1107.895926        3.3503
BFGS:  211 20:51:29    -1108.037067        3.9718
BFGS:  212 20:51:29    -1108.151188        4.4261
BFGS:  213 20:51:29    -1108.253881        2.6822
BFGS:  214 20:51:29    -1108.320076        2.7085
BFGS:  215 20:51:29    -1108.369860        2.5956
BFGS:  216 20:51:29    -1108.416803        2.8986
BFGS:  217 20:51:29    -1108.461152        2.9867
BFGS:  218 20:51:30    -1108.504744        2.9404
BFGS:  219 20:51:30    -1108.547162        2.7889
BFGS:  220 20:51:30    -1108.589229        2.6458
BFGS:  221 20:51:30    -1108.630634        2.6234
BFGS:  222 20:51:30    -1108.670670        2.5852
BFGS:  223 20:51:30    -1108.709473        2.4341
BFGS:  224 20:51:30    -1108.747771        2.5585
BFGS:  225 20:51:30    -1108.795732        2.7003
BFGS:  226 20:51:30    -1108.842578        2.7592
BFGS:  227 20:51:30    -1108.906963        2.6428
BFGS:  228 20:51:30    -1108.964654        2.8816
BFGS:  229 20:51:30    -1109.026135        2.8973
BFGS:  230 20:51:30    -1109.089639        2.5627
BFGS:  231 20:51:30    -1109.163981        2.7901
BFGS:  232 20:51:30    -1109.247608        2.6378
BFGS:  233 20:51:30    -1109.302606        2.0097
BFGS:  234 20:51:30    -1109.338727        2.3975
BFGS:  235 20:51:30    -1109.375733        1.6672
BFGS:  236 20:51:30    -1109.385484        1.5422
BFGS:  237 20:51:30    -1109.390340        1.5792
BFGS:  238 20:51:30    -1109.394125        1.6268
BFGS:  239 20:51:30    -1109.396296        1.5950
BFGS:  240 20:51:30    -1109.398378        1.6144
BFGS:  241 20:51:30    -1109.399780        1.5798
BFGS:  242 20:51:30    -1109.400810        1.5891
BFGS:  243 20:51:30    -1109.401600        1.5606
BFGS:  244 20:51:30    -1109.402480        1.5386
BFGS:  245 20:51:30    -1109.403425        1.4943
BFGS:  246 20:51:30    -1109.404356        1.4389
BFGS:  247 20:51:30    -1109.404969        1.4614
BFGS:  248 20:51:30    -1109.405481        1.4935
BFGS:  249 20:51:30    -1109.405945        1.5337
BFGS:  250 20:51:30    -1109.406436        1.5562
BFGS:  251 20:51:30    -1109.406891        1.5926
BFGS:  252 20:51:31    -1109.407284        1.5930
BFGS:  253 20:51:31    -1109.407583        1.5993
BFGS:  254 20:51:31    -1109.407815        1.5741
BFGS:  255 20:51:31    -1109.407987        1.5586
BFGS:  256 20:51:31    -1109.408123        1.5279
BFGS:  257 20:51:31    -1109.408231        1.5103
BFGS:  258 20:51:31    -1109.408329        1.4915
BFGS:  259 20:51:31    -1109.408413        1.4864
BFGS:  260 20:51:31    -1109.408478        1.4910
BFGS:  261 20:51:31    -1109.408524        1.5049
BFGS:  262 20:51:31    -1109.408562        1.5209
BFGS:  263 20:51:31    -1109.408600        1.5362
BFGS:  264 20:51:31    -1109.408643        1.5487
BFGS:  265 20:51:31    -1109.408691        1.5544
BFGS:  266 20:51:31    -1109.408734        1.5498
BFGS:  267 20:51:31    -1109.408759        1.5378
BFGS:  268 20:51:31    -1109.408770        1.5271
BFGS:  269 20:51:31    -1109.408775        1.5199
BFGS:  270 20:51:31    -1109.408778        1.5161
BFGS:  271 20:51:31    -1109.408781        1.5148
BFGS:  272 20:51:31    -1109.408784        1.5152
BFGS:  273 20:51:31    -1109.408787        1.5160
BFGS:  274 20:51:31    -1109.408790        1.5170
BFGS:  275 20:51:31    -1109.408791        1.5174
BFGS:  276 20:51:31    -1109.408793        1.5177
BFGS:  277 20:51:31    -1109.408794        1.5177
BFGS:  278 20:51:31    -1109.408794        1.5175
BFGS:  279 20:51:31    -1109.408794        1.5174
BFGS:  280 20:51:31    -1109.408794        1.5174
