      Step     Time          Energy         fmax
BFGS:    0 20:49:05     -757.922089      115.2450
BFGS:    1 20:49:05     -782.408536       81.1277
BFGS:    2 20:49:05     -802.597289       79.8353
BFGS:    3 20:49:05     -818.025428       80.3834
BFGS:    4 20:49:05     -830.225332       78.1018
BFGS:    5 20:49:05     -844.104943       78.6990
BFGS:    6 20:49:05     -856.243857       75.1434
BFGS:    7 20:49:06     -866.278045       74.1738
BFGS:    8 20:49:06     -877.150714       72.7595
BFGS:    9 20:49:06     -887.479581       70.3413
BFGS:   10 20:49:06     -897.015133       68.9064
BFGS:   11 20:49:06     -905.101057       65.9832
BFGS:   12 20:49:06     -913.484122       62.7375
BFGS:   13 20:49:06     -922.334115       58.8021
BFGS:   14 20:49:06     -929.568568       55.3128
BFGS:   15 20:49:06     -936.714410       52.6309
BFGS:   16 20:49:06     -942.833020       50.6988
BFGS:   17 20:49:06     -949.833188       48.0146
BFGS:   18 20:49:06     -956.273286       45.0914
BFGS:   19 20:49:06     -961.833942       41.7426
BFGS:   20 20:49:06     -967.193684       35.7829
BFGS:   21 20:49:06     -971.402426       34.5342
BFGS:   22 20:49:06     -975.495407       31.8573
BFGS:   23 20:49:06     -980.486556       30.4839
BFGS:   24 20:49:06     -985.518489       29.1064
BFGS:   25 20:49:06     -990.453438       30.8027
BFGS:   26 20:49:06     -994.716488       32.4356
BFGS:   27 20:49:06     -999.055189       35.1094
BFGS:   28 20:49:06    -1004.350912       39.4055
BFGS:   29 20:49:06    -1009.477330       41.3584
BFGS:   30 20:49:06    -1014.612182       41.7971
BFGS:   31 20:49:06    -1019.100997       40.2376
BFGS:   32 20:49:06    -1023.111873       39.7082
BFGS:   33 20:49:07    -1028.023986       39.8214
BFGS:   34 20:49:07    -1032.412354       38.0169
BFGS:   35 20:49:07    -1036.079449       35.8266
BFGS:   36 20:49:07    -1039.219981       32.7886
BFGS:   37 20:49:07    -1041.919226       30.8020
BFGS:   38 20:49:07    -1044.622770       27.6045
BFGS:   39 20:49:07    -1047.593548       25.8939
BFGS:   40 20:49:07    -1051.211133       22.5128
BFGS:   41 20:49:07    -1053.986576       21.7959
BFGS:   42 20:49:07    -1056.422588       21.0142
BFGS:   43 20:49:07    -1058.575519       20.2172
BFGS:   44 20:49:07    -1060.541735       19.1173
BFGS:   45 20:49:07    -1062.567358       17.6395
BFGS:   46 20:49:07    -1064.464339       15.7911
BFGS:   47 20:49:07    -1066.005322       13.9023
BFGS:   48 20:49:07    -1067.255759       13.4370
BFGS:   49 20:49:07    -1068.490081       12.7556
BFGS:   50 20:49:07    -1069.698295       12.1699
BFGS:   51 20:49:07    -1070.990330       11.0908
BFGS:   52 20:49:07    -1071.916421       10.3245
BFGS:   53 20:49:07    -1072.686676        8.7863
BFGS:   54 20:49:07    -1073.402713        9.0738
BFGS:   55 20:49:07    -1074.155369        8.7367
BFGS:   56 20:49:07    -1074.875581        9.2023
BFGS:   57 20:49:07    -1075.568103       10.2839
BFGS:   58 20:49:07    -1076.172925        9.7609
BFGS:   59 20:49:07    -1076.830308        9.1955
BFGS:   60 20:49:08    -1077.477475        9.1488
BFGS:   61 20:49:08    -1078.133246        8.6909
BFGS:   62 20:49:08    -1078.683741        8.5551
BFGS:   63 20:49:08    -1079.242181        7.8928
BFGS:   64 20:49:08    -1079.741921        6.5960
BFGS:   65 20:49:08    -1080.231630        6.3082
BFGS:   66 20:49:08    -1080.675216        7.8735
BFGS:   67 20:49:08    -1081.079096        8.2608
BFGS:   68 20:49:08    -1081.469823        7.2524
BFGS:   69 20:49:08    -1081.923742        6.5028
BFGS:   70 20:49:08    -1082.436610        6.1580
BFGS:   71 20:49:08    -1082.912902        5.0591
BFGS:   72 20:49:08    -1083.146252        6.4323
BFGS:   73 20:49:08    -1083.403772        5.6771
BFGS:   74 20:49:08    -1083.735815        4.6429
BFGS:   75 20:49:08    -1084.046980        4.0043
BFGS:   76 20:49:08    -1084.301096        4.0417
BFGS:   77 20:49:08    -1084.528344        5.1557
BFGS:   78 20:49:08    -1084.740863        5.4879
BFGS:   79 20:49:08    -1084.944694        4.8669
BFGS:   80 20:49:08    -1085.146664        4.4300
BFGS:   81 20:49:08    -1085.344950        2.8178
BFGS:   82 20:49:08    -1085.436409        2.6907
BFGS:   83 20:49:08    -1085.532833        2.6636
BFGS:   84 20:49:08    -1085.604126        2.5058
BFGS:   85 20:49:08    -1085.718755        3.3696
BFGS:   86 20:49:08    -1085.827141        4.4637
BFGS:   87 20:49:08    -1086.091158        6.9097
BFGS:   88 20:49:09    -1086.338619        9.0176
BFGS:   89 20:49:09    -1086.617822       10.0446
BFGS:   90 20:49:09    -1087.027502       10.3556
BFGS:   91 20:49:09    -1087.453583        9.2194
BFGS:   92 20:49:09    -1087.825716        7.3692
BFGS:   93 20:49:09    -1088.212049        4.7704
BFGS:   94 20:49:09    -1088.431005        3.1954
BFGS:   95 20:49:09    -1088.605932        3.0546
BFGS:   96 20:49:09    -1088.739903        2.8666
BFGS:   97 20:49:09    -1088.922867        3.0503
BFGS:   98 20:49:09    -1089.083437        3.6933
BFGS:   99 20:49:09    -1089.254942        4.6328
BFGS:  100 20:49:09    -1089.451573        7.0904
BFGS:  101 20:49:09    -1089.729725        8.1490
BFGS:  102 20:49:09    -1090.091416        7.3507
BFGS:  103 20:49:09    -1090.512973        5.2600
BFGS:  104 20:49:09    -1090.831847        4.7294
BFGS:  105 20:49:09    -1090.959153        5.4247
BFGS:  106 20:49:09    -1091.249889        4.6432
BFGS:  107 20:49:09    -1091.522149        2.9481
BFGS:  108 20:49:09    -1091.705554        3.1634
BFGS:  109 20:49:09    -1091.883887        3.5505
BFGS:  110 20:49:09    -1092.061827        5.0673
BFGS:  111 20:49:09    -1092.419197        6.6195
BFGS:  112 20:49:09    -1092.772282        7.5458
BFGS:  113 20:49:09    -1093.047374        7.7179
BFGS:  114 20:49:09    -1093.371366        6.9500
BFGS:  115 20:49:10    -1093.663761        5.2749
BFGS:  116 20:49:10    -1093.950378        3.1691
BFGS:  117 20:49:10    -1094.140511        2.3813
BFGS:  118 20:49:10    -1094.217163        2.6060
BFGS:  119 20:49:10    -1094.291986        2.2429
BFGS:  120 20:49:10    -1094.341469        1.7039
BFGS:  121 20:49:10    -1094.372060        1.5701
BFGS:  122 20:49:10    -1094.396289        1.3928
BFGS:  123 20:49:10    -1094.429039        1.3535
BFGS:  124 20:49:10    -1094.464735        1.4569
BFGS:  125 20:49:10    -1094.500024        1.7773
BFGS:  126 20:49:10    -1094.532624        2.1049
BFGS:  127 20:49:10    -1094.561778        2.3447
BFGS:  128 20:49:10    -1094.602748        3.0427
BFGS:  129 20:49:10    -1094.654688        2.9587
BFGS:  130 20:49:10    -1094.722223        1.8485
BFGS:  131 20:49:10    -1094.777566        1.8603
BFGS:  132 20:49:10    -1094.817077        1.6395
BFGS:  133 20:49:10    -1094.846481        1.1303
BFGS:  134 20:49:10    -1094.863079        0.9312
BFGS:  135 20:49:10    -1094.878316        0.6926
BFGS:  136 20:49:10    -1094.889061        0.7335
BFGS:  137 20:49:10    -1094.893208        0.6697
BFGS:  138 20:49:10    -1094.896296        0.6096
BFGS:  139 20:49:10    -1094.899213        0.5326
BFGS:  140 20:49:10    -1094.902035        0.4622
BFGS:  141 20:49:10    -1094.904413        0.3568
BFGS:  142 20:49:11    -1094.905943        0.2703
BFGS:  143 20:49:11    -1094.907052        0.3162
BFGS:  144 20:49:11    -1094.907811        0.2970
BFGS:  145 20:49:11    -1094.908449        0.2989
BFGS:  146 20:49:11    -1094.908902        0.2668
BFGS:  147 20:49:11    -1094.909266        0.2524
BFGS:  148 20:49:11    -1094.909565        0.2305
BFGS:  149 20:49:11    -1094.909820        0.2176
BFGS:  150 20:49:11    -1094.909998        0.1959
BFGS:  151 20:49:11    -1094.910107        0.2108
BFGS:  152 20:49:11    -1094.910179        0.2165
BFGS:  153 20:49:11    -1094.910239        0.2151
BFGS:  154 20:49:11    -1094.910291        0.2069
BFGS:  155 20:49:11    -1094.910341        0.2001
BFGS:  156 20:49:11    -1094.910385        0.1911
BFGS:  157 20:49:11    -1094.910430        0.1822
BFGS:  158 20:49:11    -1094.910470        0.1804
BFGS:  159 20:49:11    -1094.910506        0.1746
BFGS:  160 20:49:11    -1094.910540        0.1637
BFGS:  161 20:49:11    -1094.910582        0.1561
BFGS:  162 20:49:11    -1094.910635        0.1503
BFGS:  163 20:49:11    -1094.910687        0.1398
BFGS:  164 20:49:11    -1094.910722        0.1397
BFGS:  165 20:49:11    -1094.910744        0.1506
BFGS:  166 20:49:11    -1094.910767        0.1616
BFGS:  167 20:49:11    -1094.910800        0.1719
BFGS:  168 20:49:11    -1094.910846        0.1762
BFGS:  169 20:49:12    -1094.910898        0.1669
BFGS:  170 20:49:12    -1094.910938        0.1448
BFGS:  171 20:49:12    -1094.910961        0.1386
BFGS:  172 20:49:12    -1094.910973        0.1400
BFGS:  173 20:49:12    -1094.910985        0.1399
BFGS:  174 20:49:12    -1094.911002        0.1383
BFGS:  175 20:49:12    -1094.911031        0.1343
BFGS:  176 20:49:12    -1094.911080        0.1251
BFGS:  177 20:49:12    -1094.911156        0.1079
BFGS:  178 20:49:12    -1094.911229        0.0856
