      Step     Time          Energy         fmax
BFGS:    0 20:46:13     -778.171162      219.9556
BFGS:    1 20:46:13     -820.409710      163.7011
BFGS:    2 20:46:13     -844.587491      156.6069
BFGS:    3 20:46:13     -865.390763      153.8369
BFGS:    4 20:46:13     -881.806690      137.3819
BFGS:    5 20:46:13     -896.696274      130.7798
BFGS:    6 20:46:13     -913.842598      116.8762
BFGS:    7 20:46:13     -926.015853      107.9153
BFGS:    8 20:46:13     -937.581131       98.0946
BFGS:    9 20:46:13     -947.463489       89.6326
BFGS:   10 20:46:13     -956.283895       82.6953
BFGS:   11 20:46:13     -963.223762       76.1316
BFGS:   12 20:46:13     -968.671944       75.3922
BFGS:   13 20:46:13     -973.286510       71.5043
BFGS:   14 20:46:13     -977.650143       69.1942
BFGS:   15 20:46:13     -982.061713       66.8090
BFGS:   16 20:46:13     -986.517832       63.6433
BFGS:   17 20:46:13     -990.917149       60.5946
BFGS:   18 20:46:13     -995.354978       55.2688
BFGS:   19 20:46:13     -999.948361       50.3269
BFGS:   20 20:46:13    -1004.491227       48.9902
BFGS:   21 20:46:13    -1008.205536       49.4180
BFGS:   22 20:46:14    -1014.038282       46.5566
BFGS:   23 20:46:14    -1020.379552       44.7206
BFGS:   24 20:46:14    -1025.640367       44.1322
BFGS:   25 20:46:14    -1029.733128       44.0007
BFGS:   26 20:46:14    -1033.698948       41.7077
BFGS:   27 20:46:14    -1037.597794       37.3992
BFGS:   28 20:46:14    -1041.488306       34.9444
BFGS:   29 20:46:14    -1045.680195       32.7190
BFGS:   30 20:46:14    -1049.344456       32.8395
BFGS:   31 20:46:14    -1052.990746       32.2288
BFGS:   32 20:46:14    -1056.206523       32.5372
BFGS:   33 20:46:14    -1058.886308       29.9839
BFGS:   34 20:46:14    -1061.212975       27.9198
BFGS:   35 20:46:14    -1063.619485       24.9524
BFGS:   36 20:46:14    -1065.621011       22.9754
BFGS:   37 20:46:14    -1067.103898       22.0227
BFGS:   38 20:46:14    -1068.393047       18.3364
BFGS:   39 20:46:14    -1069.448333       16.0961
BFGS:   40 20:46:14    -1070.320886       12.9507
BFGS:   41 20:46:14    -1071.087909       11.4369
BFGS:   42 20:46:14    -1071.699468        8.8749
BFGS:   43 20:46:14    -1072.211924        7.6462
BFGS:   44 20:46:14    -1072.694511        6.3962
BFGS:   45 20:46:14    -1073.163417        6.7043
BFGS:   46 20:46:14    -1073.624828        7.5233
BFGS:   47 20:46:14    -1074.077634        7.8185
BFGS:   48 20:46:15    -1074.517349        7.5606
BFGS:   49 20:46:15    -1074.913835        6.9345
BFGS:   50 20:46:15    -1075.290721        7.3145
BFGS:   51 20:46:15    -1075.654416        7.6912
BFGS:   52 20:46:15    -1076.007793        7.9422
BFGS:   53 20:46:15    -1076.329694        8.2422
BFGS:   54 20:46:15    -1076.759021        8.4451
BFGS:   55 20:46:15    -1077.234773        9.5186
BFGS:   56 20:46:15    -1077.716339        9.6213
BFGS:   57 20:46:15    -1078.218219        9.7032
BFGS:   58 20:46:15    -1078.695502        9.6702
BFGS:   59 20:46:15    -1079.168812        9.3567
BFGS:   60 20:46:15    -1079.608658        8.6958
BFGS:   61 20:46:15    -1080.028894        8.1477
BFGS:   62 20:46:15    -1080.448934        7.5819
BFGS:   63 20:46:15    -1080.856220        7.1110
BFGS:   64 20:46:15    -1081.330309        6.3947
BFGS:   65 20:46:15    -1081.810501        6.1898
BFGS:   66 20:46:15    -1082.244302        4.9429
BFGS:   67 20:46:15    -1082.540392        5.1519
BFGS:   68 20:46:15    -1082.754435        5.8157
BFGS:   69 20:46:15    -1082.947186        5.6157
BFGS:   70 20:46:15    -1083.143796        4.0883
BFGS:   71 20:46:15    -1083.297984        4.7344
BFGS:   72 20:46:15    -1083.506648        5.2090
BFGS:   73 20:46:15    -1083.727576        5.0170
BFGS:   74 20:46:16    -1083.902832        3.6205
BFGS:   75 20:46:16    -1084.013575        3.3099
BFGS:   76 20:46:16    -1084.133615        3.8806
BFGS:   77 20:46:16    -1084.263603        2.8739
BFGS:   78 20:46:16    -1084.345767        2.7923
BFGS:   79 20:46:16    -1084.380260        3.6013
BFGS:   80 20:46:16    -1084.438257        2.3936
BFGS:   81 20:46:16    -1084.470726        2.5396
BFGS:   82 20:46:16    -1084.504496        2.0110
BFGS:   83 20:46:16    -1084.553986        1.6808
BFGS:   84 20:46:16    -1084.602585        1.8992
BFGS:   85 20:46:16    -1084.618195        2.1407
BFGS:   86 20:46:16    -1084.666565        1.9970
BFGS:   87 20:46:16    -1084.787974        3.1685
BFGS:   88 20:46:16    -1084.853963        4.3733
BFGS:   89 20:46:16    -1084.934421        3.0848
BFGS:   90 20:46:16    -1085.028308        2.5009
BFGS:   91 20:46:16    -1085.107991        2.0131
BFGS:   92 20:46:16    -1085.139481        1.7988
BFGS:   93 20:46:16    -1085.175815        1.6272
BFGS:   94 20:46:16    -1085.195234        1.3855
BFGS:   95 20:46:16    -1085.211326        1.0984
BFGS:   96 20:46:16    -1085.223971        0.7101
BFGS:   97 20:46:16    -1085.228076        0.5886
BFGS:   98 20:46:16    -1085.230604        0.5831
BFGS:   99 20:46:16    -1085.232398        0.5185
BFGS:  100 20:46:17    -1085.233869        0.4610
BFGS:  101 20:46:17    -1085.235033        0.3529
BFGS:  102 20:46:17    -1085.236013        0.2558
BFGS:  103 20:46:17    -1085.236654        0.2456
BFGS:  104 20:46:17    -1085.236945        0.2821
BFGS:  105 20:46:17    -1085.237064        0.2745
BFGS:  106 20:46:17    -1085.237151        0.2656
BFGS:  107 20:46:17    -1085.237247        0.2491
BFGS:  108 20:46:17    -1085.237349        0.2317
BFGS:  109 20:46:17    -1085.237465        0.2049
BFGS:  110 20:46:17    -1085.237634        0.1670
BFGS:  111 20:46:17    -1085.237946        0.1937
BFGS:  112 20:46:17    -1085.238519        0.2443
BFGS:  113 20:46:17    -1085.239466        0.2798
BFGS:  114 20:46:17    -1085.240808        0.3196
BFGS:  115 20:46:17    -1085.242638        0.5084
BFGS:  116 20:46:17    -1085.245245        0.8004
BFGS:  117 20:46:17    -1085.248645        0.9195
BFGS:  118 20:46:17    -1085.257496        1.0674
BFGS:  119 20:46:17    -1085.262410        1.0332
BFGS:  120 20:46:17    -1085.265005        0.7500
BFGS:  121 20:46:17    -1085.271838        0.8520
BFGS:  122 20:46:17    -1085.274199        0.8759
BFGS:  123 20:46:17    -1085.277701        0.9752
BFGS:  124 20:46:17    -1085.279519        0.8956
BFGS:  125 20:46:17    -1085.281174        0.8922
BFGS:  126 20:46:18    -1085.281647        2.5209
BFGS:  127 20:46:18    -1085.282966        0.8464
BFGS:  128 20:46:18    -1085.283837        0.8529
BFGS:  129 20:46:18    -1085.284885        0.8484
BFGS:  130 20:46:18    -1085.286729        0.8411
BFGS:  131 20:46:18    -1085.287506        0.8548
BFGS:  132 20:46:18    -1085.287423        2.3425
BFGS:  133 20:46:18    -1085.289193        0.8254
BFGS:  134 20:46:18    -1085.290184        0.8188
BFGS:  135 20:46:18    -1085.293838        0.6782
BFGS:  136 20:46:18    -1085.294892        0.6575
BFGS:  137 20:46:18    -1085.297340        0.5263
BFGS:  138 20:46:18    -1085.298732        0.4180
BFGS:  139 20:46:18    -1085.300432        0.2929
BFGS:  140 20:46:18    -1085.301636        0.2109
BFGS:  141 20:46:18    -1085.302535        0.2235
BFGS:  142 20:46:18    -1085.303073        0.2202
BFGS:  143 20:46:18    -1085.303414        0.1728
BFGS:  144 20:46:18    -1085.303644        0.0999
