      Step     Time          Energy         fmax
BFGS:    0 20:44:00     -793.825173      126.7278
BFGS:    1 20:44:00     -828.932431      100.5627
BFGS:    2 20:44:00     -856.911639       98.6348
BFGS:    3 20:44:01     -885.490379       91.9306
BFGS:    4 20:44:01     -913.199749       84.4678
BFGS:    5 20:44:01     -933.215476       79.0111
BFGS:    6 20:44:01     -952.103733       75.0220
BFGS:    7 20:44:01     -968.702185       70.2194
BFGS:    8 20:44:01     -981.856263       67.9922
BFGS:    9 20:44:01     -995.771844       68.1077
BFGS:   10 20:44:01    -1007.658381       66.8220
BFGS:   11 20:44:01    -1019.943997       67.9411
BFGS:   12 20:44:01    -1029.197486       64.3188
BFGS:   13 20:44:01    -1037.200725       61.2577
BFGS:   14 20:44:01    -1044.178219       55.7094
BFGS:   15 20:44:01    -1050.362145       50.5848
BFGS:   16 20:44:01    -1056.495534       42.9390
BFGS:   17 20:44:01    -1061.721153       36.2873
BFGS:   18 20:44:01    -1065.839048       30.0728
BFGS:   19 20:44:01    -1069.785646       26.4511
BFGS:   20 20:44:01    -1072.981171       21.2616
BFGS:   21 20:44:01    -1075.472141       19.7218
BFGS:   22 20:44:01    -1077.765004       13.9155
BFGS:   23 20:44:01    -1079.667511       11.4391
BFGS:   24 20:44:01    -1081.387467        9.9807
BFGS:   25 20:44:01    -1082.605627        7.4336
BFGS:   26 20:44:01    -1083.606984        6.9693
BFGS:   27 20:44:01    -1084.426693        6.9831
BFGS:   28 20:44:01    -1085.103150        6.6815
BFGS:   29 20:44:01    -1085.727151        7.0483
BFGS:   30 20:44:01    -1086.314722        6.8638
BFGS:   31 20:44:01    -1086.892238        7.4500
BFGS:   32 20:44:01    -1087.480142        8.1281
BFGS:   33 20:44:01    -1088.052844        8.6402
BFGS:   34 20:44:01    -1088.617300        8.9530
BFGS:   35 20:44:02    -1089.159218        8.9400
BFGS:   36 20:44:02    -1089.675035        8.6091
BFGS:   37 20:44:02    -1090.165701        8.8677
BFGS:   38 20:44:02    -1090.636949        9.8863
BFGS:   39 20:44:02    -1091.103743       10.9686
BFGS:   40 20:44:02    -1091.610490       11.7454
BFGS:   41 20:44:02    -1092.111217       12.1331
BFGS:   42 20:44:02    -1092.637676       11.9190
BFGS:   43 20:44:02    -1093.151889       11.3116
BFGS:   44 20:44:02    -1093.696867       11.7702
BFGS:   45 20:44:02    -1094.197323       12.6003
BFGS:   46 20:44:02    -1094.684366       12.9588
BFGS:   47 20:44:02    -1095.169961       14.3677
BFGS:   48 20:44:02    -1095.651303       15.6300
BFGS:   49 20:44:02    -1096.216577       16.2309
BFGS:   50 20:44:02    -1096.798425       16.6070
BFGS:   51 20:44:02    -1097.452993       16.5238
BFGS:   52 20:44:02    -1098.063705       16.5028
BFGS:   53 20:44:02    -1098.716692       16.2105
BFGS:   54 20:44:02    -1099.338989       15.9364
BFGS:   55 20:44:02    -1099.987345       15.6602
BFGS:   56 20:44:02    -1100.749190       15.0234
BFGS:   57 20:44:02    -1101.651356       13.7133
BFGS:   58 20:44:02    -1102.607123       11.6045
BFGS:   59 20:44:02    -1103.449995       10.7788
BFGS:   60 20:44:02    -1104.182747       11.0799
BFGS:   61 20:44:02    -1104.900057       10.9934
BFGS:   62 20:44:02    -1105.645236       10.4379
BFGS:   63 20:44:02    -1106.418437       10.1855
BFGS:   64 20:44:02    -1107.179602        9.3810
BFGS:   65 20:44:02    -1107.884176        8.7960
BFGS:   66 20:44:02    -1108.383147        8.4628
BFGS:   67 20:44:02    -1108.750499        6.6777
BFGS:   68 20:44:02    -1109.055909        8.0342
BFGS:   69 20:44:02    -1109.405064        5.0300
BFGS:   70 20:44:02    -1109.753026        5.8076
BFGS:   71 20:44:02    -1109.996095        7.4820
BFGS:   72 20:44:03    -1110.164472        6.3689
BFGS:   73 20:44:03    -1110.362185        3.9201
BFGS:   74 20:44:03    -1110.483836        2.3096
BFGS:   75 20:44:03    -1110.576749        1.9009
BFGS:   76 20:44:03    -1110.674949        2.5931
BFGS:   77 20:44:03    -1110.779837        2.4162
BFGS:   78 20:44:03    -1110.940056        3.2118
BFGS:   79 20:44:03    -1111.045988        3.8732
BFGS:   80 20:44:03    -1111.221323        4.4046
BFGS:   81 20:44:03    -1111.406782        4.0006
BFGS:   82 20:44:03    -1111.618455        3.8544
BFGS:   83 20:44:03    -1111.789682        4.4069
BFGS:   84 20:44:03    -1111.875461        4.2208
BFGS:   85 20:44:03    -1111.932959        3.9461
BFGS:   86 20:44:03    -1112.001148        2.8689
BFGS:   87 20:44:03    -1112.052006        2.6416
BFGS:   88 20:44:03    -1112.099066        2.5162
BFGS:   89 20:44:03    -1112.129713        1.6267
BFGS:   90 20:44:03    -1112.160876        1.3380
BFGS:   91 20:44:03    -1112.190318        1.1301
BFGS:   92 20:44:03    -1112.212852        1.2661
BFGS:   93 20:44:03    -1112.228530        1.2198
BFGS:   94 20:44:03    -1112.238870        0.9470
BFGS:   95 20:44:03    -1112.245705        0.7819
BFGS:   96 20:44:03    -1112.253636        0.7796
BFGS:   97 20:44:03    -1112.264808        0.8405
BFGS:   98 20:44:03    -1112.279885        0.9439
BFGS:   99 20:44:03    -1112.296208        1.0112
BFGS:  100 20:44:03    -1112.313196        1.0099
BFGS:  101 20:44:03    -1112.331018        1.3186
BFGS:  102 20:44:03    -1112.354499        1.6922
BFGS:  103 20:44:03    -1112.378312        2.1963
BFGS:  104 20:44:03    -1112.401072        2.7425
BFGS:  105 20:44:03    -1112.421101        3.3314
BFGS:  106 20:44:03    -1112.435481        4.0409
BFGS:  107 20:44:03    -1112.448421        3.7719
BFGS:  108 20:44:03    -1112.464722        3.6797
BFGS:  109 20:44:03    -1112.493270        3.1230
BFGS:  110 20:44:03    -1112.530455        3.2396
BFGS:  111 20:44:03    -1112.586016        3.8759
BFGS:  112 20:44:04    -1112.636908        3.8673
BFGS:  113 20:44:04    -1112.711325        3.8422
BFGS:  114 20:44:04    -1112.820955        4.7794
BFGS:  115 20:44:04    -1112.927508        4.9922
BFGS:  116 20:44:04    -1113.029900        5.5386
BFGS:  117 20:44:04    -1113.142853        2.6725
BFGS:  118 20:44:04    -1113.224524        3.9833
BFGS:  119 20:44:04    -1113.273295        3.2649
BFGS:  120 20:44:04    -1113.338350        2.6833
BFGS:  121 20:44:04    -1113.378847        2.6730
BFGS:  122 20:44:04    -1113.416987        2.6131
BFGS:  123 20:44:04    -1113.448323        2.4613
BFGS:  124 20:44:04    -1113.488869        2.5475
BFGS:  125 20:44:04    -1113.523847        2.5617
BFGS:  126 20:44:04    -1113.562949        2.3616
BFGS:  127 20:44:04    -1113.607667        2.1881
BFGS:  128 20:44:04    -1113.652609        2.1012
BFGS:  129 20:44:04    -1113.685716        2.1506
BFGS:  130 20:44:04    -1113.718772        1.7948
BFGS:  131 20:44:04    -1113.756152        1.1879
BFGS:  132 20:44:04    -1113.790935        1.3501
BFGS:  133 20:44:04    -1113.816541        1.8165
BFGS:  134 20:44:04    -1113.850012        1.8455
BFGS:  135 20:44:04    -1113.908167        2.1022
BFGS:  136 20:44:04    -1113.970847        2.1999
BFGS:  137 20:44:04    -1114.031338        2.5109
BFGS:  138 20:44:04    -1114.084923        2.3146
BFGS:  139 20:44:04    -1114.113741        1.9987
BFGS:  140 20:44:04    -1114.146462        2.1693
BFGS:  141 20:44:04    -1114.177210        2.2493
BFGS:  142 20:44:04    -1114.239963        2.3133
BFGS:  143 20:44:04    -1114.293458        2.4271
BFGS:  144 20:44:04    -1114.351945        2.9972
BFGS:  145 20:44:04    -1114.412711        3.8947
BFGS:  146 20:44:04    -1114.482750        4.7896
BFGS:  147 20:44:04    -1114.560441        5.6310
BFGS:  148 20:44:04    -1114.640999        6.4074
BFGS:  149 20:44:04    -1114.719329        7.0255
BFGS:  150 20:44:04    -1114.794309        7.2721
BFGS:  151 20:44:04    -1114.875402        7.9909
BFGS:  152 20:44:04    -1114.925338        9.0947
BFGS:  153 20:44:05    -1114.922484        7.8182
BFGS:  154 20:44:05    -1115.019219        7.8555
BFGS:  155 20:44:05    -1115.073954        8.5234
BFGS:  156 20:44:05    -1115.152925        8.2933
BFGS:  157 20:44:05    -1115.292259        7.3553
BFGS:  158 20:44:05    -1115.318538        7.5498
BFGS:  159 20:44:05    -1115.335532        7.3572
BFGS:  160 20:44:05    -1115.357137        7.3531
BFGS:  161 20:44:05    -1115.375342        7.7227
BFGS:  162 20:44:05    -1115.386473        7.8890
BFGS:  163 20:44:05    -1115.393014        7.9780
BFGS:  164 20:44:05    -1115.397872        8.0232
BFGS:  165 20:44:05    -1115.401650        7.7660
BFGS:  166 20:44:05    -1115.404642        7.6740
BFGS:  167 20:44:05    -1115.407219        7.4475
BFGS:  168 20:44:05    -1115.409339        7.4316
BFGS:  169 20:44:05    -1115.411136        7.3338
BFGS:  170 20:44:05    -1115.412591        7.4681
BFGS:  171 20:44:05    -1115.413671        7.4678
BFGS:  172 20:44:05    -1115.414591        7.5503
BFGS:  173 20:44:05    -1115.415743        7.5725
BFGS:  174 20:44:05    -1115.417843        7.6204
BFGS:  175 20:44:05    -1115.422132        7.6431
BFGS:  176 20:44:05    -1115.431092        7.6921
BFGS:  177 20:44:05    -1115.445580        7.7033
BFGS:  178 20:44:05    -1115.461051        7.7105
BFGS:  179 20:44:05    -1115.477577        7.7692
BFGS:  180 20:44:05    -1115.493927        7.9387
BFGS:  181 20:44:05    -1115.509581        8.1443
BFGS:  182 20:44:05    -1115.524515        8.3693
BFGS:  183 20:44:05    -1115.539625        8.5574
BFGS:  184 20:44:05    -1115.555379        8.7093
BFGS:  185 20:44:05    -1115.571488        8.8040
BFGS:  186 20:44:05    -1115.586500        8.8565
BFGS:  187 20:44:05    -1115.599666        8.8874
BFGS:  188 20:44:05    -1115.611157        8.9173
BFGS:  189 20:44:05    -1115.621722        8.9473
BFGS:  190 20:44:05    -1115.631891        8.9849
BFGS:  191 20:44:05    -1115.642190        9.0191
BFGS:  192 20:44:05    -1115.652460        9.0702
BFGS:  193 20:44:05    -1115.663648        9.0969
BFGS:  194 20:44:05    -1115.673527        9.2035
BFGS:  195 20:44:05    -1115.686847        9.2005
BFGS:  196 20:44:05    -1115.697903        9.3386
BFGS:  197 20:44:06    -1115.710126        9.4884
BFGS:  198 20:44:06    -1115.771643        9.2155
BFGS:  199 20:44:06    -1115.828809        8.8878
BFGS:  200 20:44:06    -1115.865756        8.3664
BFGS:  201 20:44:06    -1115.917335        8.3182
BFGS:  202 20:44:06    -1115.989968        8.1623
BFGS:  203 20:44:06    -1116.062293        7.8322
BFGS:  204 20:44:06    -1116.131973        6.9509
BFGS:  205 20:44:06    -1116.157240        6.7669
BFGS:  206 20:44:06    -1116.171451        6.8345
BFGS:  207 20:44:06    -1116.188240        6.9518
BFGS:  208 20:44:06    -1116.199277        7.0117
BFGS:  209 20:44:06    -1116.211992        6.9630
BFGS:  210 20:44:06    -1116.218391        7.0876
BFGS:  211 20:44:06    -1116.230913        7.1671
BFGS:  212 20:44:06    -1116.243497        6.9289
BFGS:  213 20:44:06    -1116.255998        6.9460
BFGS:  214 20:44:06    -1116.267650        6.9705
BFGS:  215 20:44:06    -1116.278105        7.0339
BFGS:  216 20:44:06    -1116.285562        7.3804
BFGS:  217 20:44:06    -1116.289785        7.4415
BFGS:  218 20:44:06    -1116.294580        7.7231
BFGS:  219 20:44:06    -1116.297402        7.8819
BFGS:  220 20:44:06    -1116.299834        7.9221
BFGS:  221 20:44:06    -1116.302380        7.9430
BFGS:  222 20:44:06    -1116.304255        8.0154
BFGS:  223 20:44:06    -1116.306043        7.9485
BFGS:  224 20:44:06    -1116.306930        7.9394
BFGS:  225 20:44:06    -1116.308028        8.0224
BFGS:  226 20:44:06    -1116.308483        8.0081
BFGS:  227 20:44:06    -1116.310116        7.9905
BFGS:  228 20:44:06    -1116.313074        8.0166
BFGS:  229 20:44:06    -1116.319879        8.0120
BFGS:  230 20:44:06    -1116.335866        8.0991
BFGS:  231 20:44:06    -1116.373767        8.1118
BFGS:  232 20:44:06    -1116.461509        8.2521
BFGS:  233 20:44:06    -1116.582346        8.2079
BFGS:  234 20:44:06    -1116.743982        8.0971
BFGS:  235 20:44:06    -1116.926068        7.8966
BFGS:  236 20:44:06    -1117.155918        7.5470
BFGS:  237 20:44:06    -1117.373318        7.8846
BFGS:  238 20:44:06    -1117.667097        8.5985
BFGS:  239 20:44:06    -1117.881376        8.8945
BFGS:  240 20:44:07    -1118.153635        9.3203
BFGS:  241 20:44:07    -1118.421181        9.6962
BFGS:  242 20:44:07    -1118.690055       10.1439
BFGS:  243 20:44:07    -1118.969637       10.5699
BFGS:  244 20:44:07    -1119.266902       11.0020
BFGS:  245 20:44:07    -1119.574321       11.3259
BFGS:  246 20:44:07    -1119.859748       11.6881
BFGS:  247 20:44:07    -1120.145528       11.4796
BFGS:  248 20:44:07    -1120.374526       11.2491
BFGS:  249 20:44:07    -1120.637068       10.7126
BFGS:  250 20:44:07    -1120.857243        9.7402
BFGS:  251 20:44:07    -1121.101400        8.6652
BFGS:  252 20:44:07    -1121.338580        6.7905
BFGS:  253 20:44:07    -1121.537747        4.2392
BFGS:  254 20:44:07    -1121.619135        3.5463
BFGS:  255 20:44:07    -1121.662611        4.0991
BFGS:  256 20:44:07    -1121.698291        3.2083
BFGS:  257 20:44:07    -1121.718418        2.8078
BFGS:  258 20:44:07    -1121.729424        2.4165
BFGS:  259 20:44:07    -1121.745964        2.1649
BFGS:  260 20:44:07    -1121.757108        2.1994
BFGS:  261 20:44:07    -1121.761606        2.2011
BFGS:  262 20:44:07    -1121.764446        2.2062
BFGS:  263 20:44:07    -1121.765816        2.2125
BFGS:  264 20:44:07    -1121.766611        2.2261
BFGS:  265 20:44:07    -1121.766901        2.2286
BFGS:  266 20:44:07    -1121.767108        2.2468
BFGS:  267 20:44:07    -1121.767126        2.2457
BFGS:  268 20:44:07    -1121.767134        2.2503
BFGS:  269 20:44:07    -1121.767139        2.2518
BFGS:  270 20:44:07    -1121.767147        2.2529
BFGS:  271 20:44:07    -1121.767158        2.2544
BFGS:  272 20:44:07    -1121.767182        2.2533
BFGS:  273 20:44:07    -1121.767237        2.2544
BFGS:  274 20:44:07    -1121.767374        2.2494
BFGS:  275 20:44:07    -1121.767717        2.2487
BFGS:  276 20:44:07    -1121.768598        2.2341
BFGS:  277 20:44:07    -1121.770858        2.2250
BFGS:  278 20:44:07    -1121.776630        2.2141
BFGS:  279 20:44:07    -1121.790915        2.4157
BFGS:  280 20:44:07    -1121.824031        2.7189
BFGS:  281 20:44:07    -1121.874491        2.6067
BFGS:  282 20:44:07    -1121.933120        2.3010
BFGS:  283 20:44:07    -1121.992469        1.8279
BFGS:  284 20:44:07    -1122.045041        1.2508
BFGS:  285 20:44:07    -1122.083048        0.9441
BFGS:  286 20:44:07    -1122.099613        0.9131
BFGS:  287 20:44:08    -1122.100169        0.9107
BFGS:  288 20:44:08    -1122.100419        0.9128
BFGS:  289 20:44:08    -1122.100552        0.9083
BFGS:  290 20:44:08    -1122.100631        0.9156
BFGS:  291 20:44:08    -1122.100670        0.9163
BFGS:  292 20:44:08    -1122.100694        0.9234
BFGS:  293 20:44:08    -1122.100702        0.9257
BFGS:  294 20:44:08    -1122.100706        0.9287
BFGS:  295 20:44:08    -1122.100707        0.9293
BFGS:  296 20:44:08    -1122.100710        0.9300
BFGS:  297 20:44:08    -1122.100715        0.9302
BFGS:  298 20:44:08    -1122.100732        0.9296
BFGS:  299 20:44:08    -1122.100773        0.9275
