      Step     Time          Energy         fmax
BFGS:    0 20:46:57     -758.286550       60.7500
BFGS:    1 20:46:57     -785.143903       78.4599
BFGS:    2 20:46:57     -796.770961       80.0851
BFGS:    3 20:46:57     -808.213473       80.4657
BFGS:    4 20:46:58     -818.954971       77.2483
BFGS:    5 20:46:58     -830.455706       77.6933
BFGS:    6 20:46:58     -842.247432       80.1731
BFGS:    7 20:46:58     -853.022408       81.5012
BFGS:    8 20:46:58     -863.518172       82.1454
BFGS:    9 20:46:58     -873.550633       84.7467
BFGS:   10 20:46:58     -884.126067       86.1386
BFGS:   11 20:46:58     -895.202205       89.3405
BFGS:   12 20:46:58     -906.929465       92.2521
BFGS:   13 20:46:58     -918.260208       92.9141
BFGS:   14 20:46:58     -930.056684       93.8840
BFGS:   15 20:46:58     -940.209131       92.0384
BFGS:   16 20:46:58     -950.880883       84.9874
BFGS:   17 20:46:58     -959.884705       76.4534
BFGS:   18 20:46:58     -967.864805       68.6206
BFGS:   19 20:46:58     -973.537971       61.2864
BFGS:   20 20:46:58     -978.410217       56.6882
BFGS:   21 20:46:58     -984.025806       52.6861
BFGS:   22 20:46:58     -989.438381       45.2267
BFGS:   23 20:46:58     -994.650000       44.4140
BFGS:   24 20:46:58     -999.929114       40.9272
BFGS:   25 20:46:58    -1004.620955       37.7679
BFGS:   26 20:46:58    -1008.965172       32.7443
BFGS:   27 20:46:59    -1012.905579       27.1486
BFGS:   28 20:46:59    -1016.677004       23.1216
BFGS:   29 20:46:59    -1019.766408       20.2227
BFGS:   30 20:46:59    -1022.671072       21.9682
BFGS:   31 20:46:59    -1025.768840       24.4868
BFGS:   32 20:46:59    -1028.787340       27.7993
BFGS:   33 20:46:59    -1031.760355       30.6776
BFGS:   34 20:46:59    -1034.450295       31.6369
BFGS:   35 20:46:59    -1036.958023       32.4446
BFGS:   36 20:46:59    -1039.366579       31.9305
BFGS:   37 20:46:59    -1041.774787       32.2109
BFGS:   38 20:46:59    -1044.389437       29.8983
BFGS:   39 20:46:59    -1047.152416       29.9901
BFGS:   40 20:46:59    -1050.011067       27.8180
BFGS:   41 20:46:59    -1052.626265       26.4494
BFGS:   42 20:46:59    -1054.938358       25.5559
BFGS:   43 20:46:59    -1057.192321       23.4710
BFGS:   44 20:46:59    -1059.090403       23.7019
BFGS:   45 20:46:59    -1060.819991       23.5800
BFGS:   46 20:46:59    -1062.504806       23.9971
BFGS:   47 20:46:59    -1064.233457       23.7733
BFGS:   48 20:46:59    -1066.005225       23.7445
BFGS:   49 20:46:59    -1067.739580       23.2162
BFGS:   50 20:46:59    -1069.524144       22.6480
BFGS:   51 20:46:59    -1071.139855       22.1576
BFGS:   52 20:46:59    -1072.563964       21.4395
BFGS:   53 20:47:00    -1073.987448       21.0873
BFGS:   54 20:47:00    -1075.190337       19.7205
BFGS:   55 20:47:00    -1076.437541       18.5903
BFGS:   56 20:47:00    -1077.454539       16.8099
BFGS:   57 20:47:00    -1078.361424       15.3372
BFGS:   58 20:47:00    -1079.192000       13.5432
BFGS:   59 20:47:00    -1079.935232       10.9875
BFGS:   60 20:47:00    -1080.513839        8.4796
BFGS:   61 20:47:00    -1080.997265        8.3608
BFGS:   62 20:47:00    -1081.484763        7.9308
BFGS:   63 20:47:00    -1081.961816        6.9527
BFGS:   64 20:47:00    -1082.300019        6.7707
BFGS:   65 20:47:00    -1082.567292        4.4740
BFGS:   66 20:47:00    -1082.801521        5.5021
BFGS:   67 20:47:00    -1083.023428        5.6204
BFGS:   68 20:47:00    -1083.276853        5.4694
BFGS:   69 20:47:00    -1083.495193        4.7115
BFGS:   70 20:47:00    -1083.680588        4.3096
BFGS:   71 20:47:00    -1083.841225        4.3501
BFGS:   72 20:47:00    -1083.955748        3.7340
BFGS:   73 20:47:00    -1084.031507        3.3954
BFGS:   74 20:47:00    -1084.116378        3.8996
BFGS:   75 20:47:00    -1084.196044        4.2001
BFGS:   76 20:47:00    -1084.306225        3.6448
BFGS:   77 20:47:00    -1084.363712        2.8799
BFGS:   78 20:47:00    -1084.405980        2.5615
BFGS:   79 20:47:00    -1084.438738        2.3402
BFGS:   80 20:47:00    -1084.469881        2.1207
BFGS:   81 20:47:01    -1084.502182        2.0844
BFGS:   82 20:47:01    -1084.524155        2.1388
BFGS:   83 20:47:01    -1084.551449        2.2065
BFGS:   84 20:47:01    -1084.567586        1.9998
BFGS:   85 20:47:01    -1084.589397        1.7450
BFGS:   86 20:47:01    -1084.605397        1.8664
BFGS:   87 20:47:01    -1084.620401        1.9672
BFGS:   88 20:47:01    -1084.637292        2.0442
BFGS:   89 20:47:01    -1084.657151        2.1949
BFGS:   90 20:47:01    -1084.687538        1.9974
BFGS:   91 20:47:01    -1084.688010        2.9431
BFGS:   92 20:47:01    -1084.766123        1.5683
BFGS:   93 20:47:01    -1084.811386        1.6541
BFGS:   94 20:47:01    -1084.899036        3.5211
BFGS:   95 20:47:01    -1085.107641        5.7879
BFGS:   96 20:47:01    -1085.319975        7.7435
BFGS:   97 20:47:01    -1085.508649        8.3839
BFGS:   98 20:47:01    -1085.650944        7.4990
BFGS:   99 20:47:01    -1085.753319        6.5407
BFGS:  100 20:47:01    -1085.876750        6.4030
BFGS:  101 20:47:01    -1085.996968        6.1850
BFGS:  102 20:47:01    -1086.122352        6.1007
BFGS:  103 20:47:01    -1086.244187        5.7812
BFGS:  104 20:47:01    -1086.367051        5.6768
BFGS:  105 20:47:01    -1086.488259        5.4354
BFGS:  106 20:47:01    -1086.614436        5.2513
BFGS:  107 20:47:01    -1086.744480        4.8208
BFGS:  108 20:47:01    -1086.887614        4.0686
BFGS:  109 20:47:01    -1087.044538        2.7527
BFGS:  110 20:47:02    -1087.198518        1.9346
BFGS:  111 20:47:02    -1087.271194        2.1488
BFGS:  112 20:47:02    -1087.366527        3.0473
BFGS:  113 20:47:02    -1087.444697        4.0198
BFGS:  114 20:47:02    -1087.516567        3.6853
BFGS:  115 20:47:02    -1087.600626        3.7221
BFGS:  116 20:47:02    -1087.712735        4.3080
BFGS:  117 20:47:02    -1087.841798        4.4324
BFGS:  118 20:47:02    -1087.962194        3.4331
BFGS:  119 20:47:02    -1088.074060        2.0488
BFGS:  120 20:47:02    -1088.131337        1.5802
BFGS:  121 20:47:02    -1088.173255        1.8891
BFGS:  122 20:47:02    -1088.214361        2.0099
BFGS:  123 20:47:02    -1088.273543        2.1541
BFGS:  124 20:47:02    -1088.325787        2.1546
BFGS:  125 20:47:02    -1088.370982        2.3217
BFGS:  126 20:47:02    -1088.415842        2.0443
BFGS:  127 20:47:02    -1088.450602        1.7356
BFGS:  128 20:47:02    -1088.469654        1.6867
BFGS:  129 20:47:02    -1088.492201        1.8629
BFGS:  130 20:47:02    -1088.520250        2.4374
BFGS:  131 20:47:02    -1088.565980        2.7140
BFGS:  132 20:47:02    -1088.642688        2.9440
BFGS:  133 20:47:02    -1088.737845        2.8764
BFGS:  134 20:47:02    -1088.780168        2.9260
BFGS:  135 20:47:02    -1088.828509        2.7383
BFGS:  136 20:47:02    -1088.876451        2.8673
BFGS:  137 20:47:02    -1088.927558        2.8772
BFGS:  138 20:47:02    -1088.967159        2.9402
BFGS:  139 20:47:02    -1089.029703        2.9407
BFGS:  140 20:47:03    -1089.082694        3.1038
BFGS:  141 20:47:03    -1089.143232        3.4084
BFGS:  142 20:47:03    -1089.195915        3.1850
BFGS:  143 20:47:03    -1089.265488        3.1253
BFGS:  144 20:47:03    -1089.364424        3.1185
BFGS:  145 20:47:03    -1089.478203        3.0421
BFGS:  146 20:47:03    -1089.649411        2.7657
BFGS:  147 20:47:03    -1089.782246        2.4540
BFGS:  148 20:47:03    -1089.907150        3.9634
BFGS:  149 20:47:03    -1090.018757        3.3401
BFGS:  150 20:47:03    -1090.109948        2.1162
BFGS:  151 20:47:03    -1090.168677        2.2008
BFGS:  152 20:47:03    -1090.242789        2.4803
BFGS:  153 20:47:03    -1090.288430        2.5749
BFGS:  154 20:47:03    -1090.328540        2.0150
BFGS:  155 20:47:03    -1090.354450        1.4521
BFGS:  156 20:47:03    -1090.377620        1.1302
BFGS:  157 20:47:03    -1090.402438        1.2649
BFGS:  158 20:47:03    -1090.432712        1.3543
BFGS:  159 20:47:03    -1090.461215        1.2165
BFGS:  160 20:47:03    -1090.505372        1.4330
BFGS:  161 20:47:03    -1090.531340        1.7060
BFGS:  162 20:47:03    -1090.572721        2.1523
BFGS:  163 20:47:03    -1090.616234        2.8757
BFGS:  164 20:47:03    -1090.674828        3.7957
BFGS:  165 20:47:03    -1090.755056        4.3824
BFGS:  166 20:47:03    -1090.873034        4.6164
BFGS:  167 20:47:03    -1091.012805        4.4354
BFGS:  168 20:47:03    -1091.177351        3.6888
BFGS:  169 20:47:03    -1091.325976        2.7288
BFGS:  170 20:47:04    -1091.363848        3.0458
BFGS:  171 20:47:04    -1091.441212        2.3934
BFGS:  172 20:47:04    -1091.495340        1.9576
BFGS:  173 20:47:04    -1091.538512        1.6145
BFGS:  174 20:47:04    -1091.581325        1.2200
BFGS:  175 20:47:04    -1091.601229        1.2531
BFGS:  176 20:47:04    -1091.611634        1.1197
BFGS:  177 20:47:04    -1091.619680        1.2516
BFGS:  178 20:47:04    -1091.626758        1.2468
BFGS:  179 20:47:04    -1091.633284        1.3668
BFGS:  180 20:47:04    -1091.639539        1.5181
BFGS:  181 20:47:04    -1091.645532        1.6345
BFGS:  182 20:47:04    -1091.651567        1.6365
BFGS:  183 20:47:04    -1091.658361        1.9313
BFGS:  184 20:47:04    -1091.668729        2.2094
BFGS:  185 20:47:04    -1091.690600        2.5997
BFGS:  186 20:47:04    -1091.676149        2.3831
BFGS:  187 20:47:04    -1091.718328        2.4056
BFGS:  188 20:47:04    -1091.730235        2.4386
BFGS:  189 20:47:04    -1091.738866        2.3891
BFGS:  190 20:47:04    -1091.746927        2.2953
BFGS:  191 20:47:04    -1091.752725        2.2144
BFGS:  192 20:47:04    -1091.765185        2.0208
BFGS:  193 20:47:04    -1091.772375        1.8696
BFGS:  194 20:47:04    -1091.777594        1.8140
BFGS:  195 20:47:04    -1091.780596        1.7323
BFGS:  196 20:47:04    -1091.783764        1.7252
BFGS:  197 20:47:04    -1091.785812        1.7015
BFGS:  198 20:47:04    -1091.787231        1.7170
BFGS:  199 20:47:04    -1091.788065        1.7208
BFGS:  200 20:47:05    -1091.788718        1.7304
BFGS:  201 20:47:05    -1091.789154        1.7318
BFGS:  202 20:47:05    -1091.789556        1.7302
BFGS:  203 20:47:05    -1091.789924        1.7227
BFGS:  204 20:47:05    -1091.790331        1.7131
BFGS:  205 20:47:05    -1091.790651        1.7053
BFGS:  206 20:47:05    -1091.790879        1.7018
BFGS:  207 20:47:05    -1091.791047        1.6988
BFGS:  208 20:47:05    -1091.791202        1.6937
BFGS:  209 20:47:05    -1091.791330        1.6849
BFGS:  210 20:47:05    -1091.791414        1.6755
BFGS:  211 20:47:05    -1091.791463        1.6681
BFGS:  212 20:47:05    -1091.791493        1.6634
BFGS:  213 20:47:05    -1091.791516        1.6607
BFGS:  214 20:47:05    -1091.791536        1.6602
BFGS:  215 20:47:05    -1091.791556        1.6616
BFGS:  216 20:47:05    -1091.791575        1.6651
BFGS:  217 20:47:05    -1091.791589        1.6686
BFGS:  218 20:47:05    -1091.791599        1.6722
BFGS:  219 20:47:05    -1091.791604        1.6741
BFGS:  220 20:47:05    -1091.791608        1.6765
BFGS:  221 20:47:05    -1091.791609        1.6768
BFGS:  222 20:47:05    -1091.791610        1.6782
