      Step     Time          Energy         fmax
BFGS:    0 20:40:23     -861.828026       71.5313
BFGS:    1 20:40:23     -881.305150       59.8850
BFGS:    2 20:40:23     -894.566287       60.0058
BFGS:    3 20:40:23     -907.217141       53.7000
BFGS:    4 20:40:23     -918.456230       50.0071
BFGS:    5 20:40:23     -927.458061       46.4300
BFGS:    6 20:40:23     -935.948900       44.9980
BFGS:    7 20:40:23     -944.425495       43.5148
BFGS:    8 20:40:23     -952.081092       41.0031
BFGS:    9 20:40:23     -958.886986       37.0429
BFGS:   10 20:40:23     -965.765422       34.9610
BFGS:   11 20:40:23     -970.864716       31.8875
BFGS:   12 20:40:24     -975.462416       30.8435
BFGS:   13 20:40:24     -979.614625       30.6785
BFGS:   14 20:40:24     -983.377143       30.9889
BFGS:   15 20:40:24     -986.959863       30.0320
BFGS:   16 20:40:24     -990.112744       27.4742
BFGS:   17 20:40:24     -992.945686       26.8514
BFGS:   18 20:40:24     -995.637740       25.2271
BFGS:   19 20:40:24     -998.225029       24.9262
BFGS:   20 20:40:24    -1000.801386       24.7792
BFGS:   21 20:40:24    -1003.461204       24.2680
BFGS:   22 20:40:24    -1006.407235       23.3447
BFGS:   23 20:40:24    -1009.520388       22.2586
BFGS:   24 20:40:24    -1012.801902       22.0060
BFGS:   25 20:40:24    -1016.087013       22.0033
BFGS:   26 20:40:24    -1019.442967       21.6403
BFGS:   27 20:40:24    -1022.664610       21.3015
BFGS:   28 20:40:24    -1025.809464       21.9599
BFGS:   29 20:40:24    -1028.771604       22.0778
BFGS:   30 20:40:24    -1031.549734       22.9055
BFGS:   31 20:40:24    -1034.230745       23.2674
BFGS:   32 20:40:24    -1036.688373       23.3955
BFGS:   33 20:40:25    -1039.048673       23.2004
BFGS:   34 20:40:25    -1041.274705       22.9473
BFGS:   35 20:40:25    -1043.426314       22.5038
BFGS:   36 20:40:25    -1045.550543       21.7733
BFGS:   37 20:40:25    -1047.635067       21.0297
BFGS:   38 20:40:25    -1049.733345       19.8396
BFGS:   39 20:40:25    -1051.716774       18.6413
BFGS:   40 20:40:25    -1053.576581       17.2521
BFGS:   41 20:40:25    -1055.368713       15.9789
BFGS:   42 20:40:25    -1057.106866       14.8514
BFGS:   43 20:40:25    -1058.795708       14.5485
BFGS:   44 20:40:25    -1060.460985       14.3286
BFGS:   45 20:40:25    -1062.119394       14.1943
BFGS:   46 20:40:25    -1063.756830       13.7077
BFGS:   47 20:40:25    -1065.303797       12.7198
BFGS:   48 20:40:25    -1066.744766       11.3934
BFGS:   49 20:40:25    -1068.064011       10.0363
BFGS:   50 20:40:25    -1069.257145        9.4305
BFGS:   51 20:40:25    -1070.312496        8.8007
BFGS:   52 20:40:25    -1071.270349        8.0466
BFGS:   53 20:40:25    -1072.020278        7.6215
BFGS:   54 20:40:25    -1072.659179        7.5280
BFGS:   55 20:40:25    -1073.243781        8.1465
BFGS:   56 20:40:25    -1073.824916        8.6845
BFGS:   57 20:40:25    -1074.378125        9.3963
BFGS:   58 20:40:26    -1074.898593        9.7224
BFGS:   59 20:40:26    -1075.367392        9.9360
BFGS:   60 20:40:26    -1075.818915        9.4861
BFGS:   61 20:40:26    -1076.246285        8.9028
BFGS:   62 20:40:26    -1076.661226        8.2102
BFGS:   63 20:40:26    -1077.063811        8.0850
BFGS:   64 20:40:26    -1077.444352        9.1667
BFGS:   65 20:40:26    -1077.840080        9.4716
BFGS:   66 20:40:26    -1078.300969        8.9011
BFGS:   67 20:40:26    -1078.749800        8.2694
BFGS:   68 20:40:26    -1079.167096        7.6969
BFGS:   69 20:40:26    -1079.579118        6.6432
BFGS:   70 20:40:26    -1080.036559        5.1694
BFGS:   71 20:40:26    -1080.484219        5.8666
BFGS:   72 20:40:26    -1080.934290        6.5217
BFGS:   73 20:40:26    -1081.384157        7.5687
BFGS:   74 20:40:26    -1081.879780        7.8513
BFGS:   75 20:40:26    -1082.466410        7.8754
BFGS:   76 20:40:26    -1083.080190        9.1761
BFGS:   77 20:40:26    -1083.742253        9.6361
BFGS:   78 20:40:26    -1084.312220        9.3767
BFGS:   79 20:40:26    -1084.840764        8.8872
BFGS:   80 20:40:26    -1085.356616        7.6193
BFGS:   81 20:40:26    -1085.909733        6.5271
BFGS:   82 20:40:26    -1086.426820        6.4356
BFGS:   83 20:40:26    -1086.710187        7.1547
BFGS:   84 20:40:27    -1086.921317        6.6133
BFGS:   85 20:40:27    -1087.151745        7.0194
BFGS:   86 20:40:27    -1087.362552        6.1481
BFGS:   87 20:40:27    -1087.551872        4.8399
BFGS:   88 20:40:27    -1087.767245        4.5855
BFGS:   89 20:40:27    -1088.006663        5.3772
BFGS:   90 20:40:27    -1088.201742        5.0788
BFGS:   91 20:40:27    -1088.389419        5.0107
BFGS:   92 20:40:27    -1088.531704        4.3626
BFGS:   93 20:40:27    -1088.645331        4.2862
BFGS:   94 20:40:27    -1088.738408        4.7396
BFGS:   95 20:40:27    -1088.845458        5.6012
BFGS:   96 20:40:27    -1088.961886        6.1147
BFGS:   97 20:40:27    -1089.108256        6.4152
BFGS:   98 20:40:27    -1089.262682        6.3964
BFGS:   99 20:40:27    -1089.424568        6.4317
BFGS:  100 20:40:27    -1089.560757        7.0604
BFGS:  101 20:40:27    -1089.719757        6.4918
BFGS:  102 20:40:27    -1089.888318        6.3938
BFGS:  103 20:40:27    -1089.992887        5.0075
BFGS:  104 20:40:27    -1090.074218        4.9041
BFGS:  105 20:40:27    -1090.182930        5.2684
BFGS:  106 20:40:27    -1090.273447        5.2522
BFGS:  107 20:40:27    -1090.355727        4.9422
BFGS:  108 20:40:27    -1090.454040        4.5641
BFGS:  109 20:40:27    -1090.558834        4.2814
BFGS:  110 20:40:27    -1090.659032        4.2783
BFGS:  111 20:40:27    -1090.760124        4.3213
BFGS:  112 20:40:28    -1090.851058        4.2534
BFGS:  113 20:40:28    -1090.938548        4.1139
BFGS:  114 20:40:28    -1091.019160        3.8547
BFGS:  115 20:40:28    -1091.102419        3.5388
BFGS:  116 20:40:28    -1091.185318        3.8744
BFGS:  117 20:40:28    -1091.283111        4.2357
BFGS:  118 20:40:28    -1091.383086        4.2731
BFGS:  119 20:40:28    -1091.498775        4.3688
BFGS:  120 20:40:28    -1091.634804        4.6564
BFGS:  121 20:40:28    -1091.797874        4.0066
BFGS:  122 20:40:28    -1092.019743        4.0440
BFGS:  123 20:40:28    -1092.243486        3.3331
BFGS:  124 20:40:28    -1092.458366        3.0892
BFGS:  125 20:40:28    -1092.588141        2.2778
BFGS:  126 20:40:28    -1092.655522        2.2956
BFGS:  127 20:40:28    -1092.700982        1.8566
BFGS:  128 20:40:28    -1092.738093        1.6729
BFGS:  129 20:40:28    -1092.755718        1.5839
BFGS:  130 20:40:28    -1092.776225        1.5237
BFGS:  131 20:40:28    -1092.810841        1.4985
BFGS:  132 20:40:28    -1092.842653        1.7092
BFGS:  133 20:40:28    -1092.886849        2.1934
BFGS:  134 20:40:28    -1092.959778        2.5419
BFGS:  135 20:40:28    -1093.034220        2.8939
BFGS:  136 20:40:28    -1093.095244        3.6112
BFGS:  137 20:40:28    -1093.204121        4.2524
BFGS:  138 20:40:28    -1093.302807        4.3858
BFGS:  139 20:40:28    -1093.344284        4.2730
BFGS:  140 20:40:29    -1093.441347        4.2976
BFGS:  141 20:40:29    -1093.507750        4.5081
BFGS:  142 20:40:29    -1093.566874        4.4780
BFGS:  143 20:40:29    -1093.659863        3.8599
BFGS:  144 20:40:29    -1093.733026        3.7278
BFGS:  145 20:40:29    -1093.781837        3.3558
BFGS:  146 20:40:29    -1093.835128        3.2720
BFGS:  147 20:40:29    -1093.893155        2.4905
BFGS:  148 20:40:29    -1093.932330        1.8286
BFGS:  149 20:40:29    -1093.960675        1.5055
BFGS:  150 20:40:29    -1093.980726        1.3899
BFGS:  151 20:40:29    -1093.997849        1.1373
BFGS:  152 20:40:29    -1094.010554        1.1046
BFGS:  153 20:40:29    -1094.021724        1.1026
BFGS:  154 20:40:29    -1094.028511        1.2657
BFGS:  155 20:40:29    -1094.032146        1.2488
BFGS:  156 20:40:29    -1094.034954        1.2345
BFGS:  157 20:40:29    -1094.037529        1.1696
BFGS:  158 20:40:29    -1094.039725        1.1369
BFGS:  159 20:40:29    -1094.041907        1.1149
BFGS:  160 20:40:29    -1094.044145        1.1118
BFGS:  161 20:40:29    -1094.046450        1.0986
BFGS:  162 20:40:29    -1094.048812        1.0670
BFGS:  163 20:40:29    -1094.051614        0.9953
BFGS:  164 20:40:29    -1094.055636        0.8640
BFGS:  165 20:40:29    -1094.061595        0.6832
BFGS:  166 20:40:29    -1094.068858        0.6395
BFGS:  167 20:40:29    -1094.074671        0.5177
BFGS:  168 20:40:30    -1094.077403        0.3647
BFGS:  169 20:40:30    -1094.078313        0.3596
BFGS:  170 20:40:30    -1094.078750        0.3538
BFGS:  171 20:40:30    -1094.079106        0.3569
BFGS:  172 20:40:30    -1094.079428        0.3672
BFGS:  173 20:40:30    -1094.079747        0.3695
BFGS:  174 20:40:30    -1094.080090        0.3928
BFGS:  175 20:40:30    -1094.080451        0.4008
BFGS:  176 20:40:30    -1094.080961        0.4013
BFGS:  177 20:40:30    -1094.081762        0.3748
BFGS:  178 20:40:30    -1094.082961        0.3188
BFGS:  179 20:40:30    -1094.084437        0.2475
BFGS:  180 20:40:30    -1094.085785        0.2020
BFGS:  181 20:40:30    -1094.086694        0.1807
BFGS:  182 20:40:30    -1094.087217        0.1403
BFGS:  183 20:40:30    -1094.087516        0.1085
BFGS:  184 20:40:30    -1094.087715        0.0969
