      Step     Time          Energy         fmax
BFGS:    0 20:48:33     -814.255074      149.4167
BFGS:    1 20:48:33     -841.168218      120.3237
BFGS:    2 20:48:33     -866.338039      120.5370
BFGS:    3 20:48:33     -891.306161      110.8394
BFGS:    4 20:48:33     -908.920246      109.7117
BFGS:    5 20:48:33     -921.856346       97.3963
BFGS:    6 20:48:33     -931.951299       91.9383
BFGS:    7 20:48:33     -941.341673       89.1997
BFGS:    8 20:48:33     -949.823275       86.0330
BFGS:    9 20:48:33     -956.882359       77.1735
BFGS:   10 20:48:34     -962.315692       73.7072
BFGS:   11 20:48:34     -966.793385       68.7999
BFGS:   12 20:48:34     -970.584778       66.3491
BFGS:   13 20:48:34     -974.069226       62.2251
BFGS:   14 20:48:34     -977.550981       60.0514
BFGS:   15 20:48:34     -981.126535       56.3749
BFGS:   16 20:48:34     -984.945164       52.4149
BFGS:   17 20:48:34     -988.742565       50.2564
BFGS:   18 20:48:34     -992.515485       47.5364
BFGS:   19 20:48:34     -996.295943       43.7644
BFGS:   20 20:48:34     -999.605352       39.1086
BFGS:   21 20:48:34    -1002.452522       38.4351
BFGS:   22 20:48:34    -1005.340925       32.5722
BFGS:   23 20:48:34    -1007.627419       28.4049
BFGS:   24 20:48:34    -1009.816567       26.9321
BFGS:   25 20:48:34    -1011.606010       23.5035
BFGS:   26 20:48:34    -1013.127356       20.4327
BFGS:   27 20:48:34    -1014.618852       17.1355
BFGS:   28 20:48:34    -1015.901402       16.6022
BFGS:   29 20:48:34    -1017.139352       15.9246
BFGS:   30 20:48:34    -1018.369248       14.9946
BFGS:   31 20:48:34    -1019.536082       14.1094
BFGS:   32 20:48:34    -1020.792050       12.8693
BFGS:   33 20:48:34    -1022.023849       11.5759
BFGS:   34 20:48:34    -1023.318955       10.3904
BFGS:   35 20:48:35    -1024.675120        9.3601
BFGS:   36 20:48:35    -1026.116711        9.0227
BFGS:   37 20:48:35    -1027.418734        8.9716
BFGS:   38 20:48:35    -1029.030956        9.8074
BFGS:   39 20:48:35    -1030.730102       11.2649
BFGS:   40 20:48:35    -1032.222391       11.1101
BFGS:   41 20:48:35    -1033.419705       10.9660
BFGS:   42 20:48:35    -1034.346151       10.3814
BFGS:   43 20:48:35    -1035.194094        9.5528
BFGS:   44 20:48:35    -1035.991046        8.3641
BFGS:   45 20:48:35    -1036.658858        7.9230
BFGS:   46 20:48:35    -1037.227950        6.9917
BFGS:   47 20:48:35    -1037.754327        7.6690
BFGS:   48 20:48:35    -1038.218736        7.8259
BFGS:   49 20:48:35    -1038.644052        8.3047
BFGS:   50 20:48:35    -1039.032229        9.1247
BFGS:   51 20:48:35    -1039.424377       10.4043
BFGS:   52 20:48:35    -1039.815056       12.2054
BFGS:   53 20:48:35    -1040.385796       13.7375
BFGS:   54 20:48:35    -1041.296366       14.7836
BFGS:   55 20:48:35    -1042.352393       14.7445
BFGS:   56 20:48:35    -1043.478021       14.8828
BFGS:   57 20:48:35    -1044.689702       14.8590
BFGS:   58 20:48:35    -1045.884684       14.5852
BFGS:   59 20:48:35    -1047.050565       14.1764
BFGS:   60 20:48:35    -1048.263287       13.0379
BFGS:   61 20:48:36    -1049.597628       11.4000
BFGS:   62 20:48:36    -1050.946099        9.3890
BFGS:   63 20:48:36    -1052.287142        7.7645
BFGS:   64 20:48:36    -1053.616440        7.9793
BFGS:   65 20:48:36    -1054.862254        8.0011
BFGS:   66 20:48:36    -1056.053504        8.3810
BFGS:   67 20:48:36    -1057.183312        8.8927
BFGS:   68 20:48:36    -1058.280004        9.3647
BFGS:   69 20:48:36    -1059.404701       10.0274
BFGS:   70 20:48:36    -1060.462748       10.5612
BFGS:   71 20:48:36    -1061.448497       10.9633
BFGS:   72 20:48:36    -1062.356546       10.7990
BFGS:   73 20:48:36    -1063.179414       11.8896
BFGS:   74 20:48:36    -1064.020228       12.8420
BFGS:   75 20:48:36    -1064.803582       12.9023
BFGS:   76 20:48:36    -1065.481736       11.4146
BFGS:   77 20:48:36    -1066.245245       11.2374
BFGS:   78 20:48:36    -1066.927063       10.9524
BFGS:   79 20:48:36    -1067.657668       10.3477
BFGS:   80 20:48:36    -1068.302916       10.3922
BFGS:   81 20:48:36    -1068.931134       11.2872
BFGS:   82 20:48:36    -1069.540409       11.8284
BFGS:   83 20:48:36    -1070.130510       12.1215
BFGS:   84 20:48:36    -1070.745000       12.0189
BFGS:   85 20:48:36    -1071.429361       11.6748
BFGS:   86 20:48:36    -1072.104999       11.4686
BFGS:   87 20:48:36    -1072.762305       11.4681
BFGS:   88 20:48:36    -1073.464708       11.6029
BFGS:   89 20:48:36    -1074.263585       12.4812
BFGS:   90 20:48:37    -1075.164947       13.0984
BFGS:   91 20:48:37    -1076.067847       12.4549
BFGS:   92 20:48:37    -1077.004027       11.3143
BFGS:   93 20:48:37    -1077.969272       10.9106
BFGS:   94 20:48:37    -1078.847164       11.1525
BFGS:   95 20:48:37    -1079.736566       12.0401
BFGS:   96 20:48:37    -1080.514253       12.2559
BFGS:   97 20:48:37    -1081.200727       11.1328
BFGS:   98 20:48:37    -1081.856877        9.4642
BFGS:   99 20:48:37    -1082.374021        7.3896
BFGS:  100 20:48:37    -1082.847428        6.1345
BFGS:  101 20:48:37    -1083.279990        6.6832
BFGS:  102 20:48:37    -1083.707633        7.1958
BFGS:  103 20:48:37    -1084.118110        7.4867
BFGS:  104 20:48:37    -1084.518540        7.5143
BFGS:  105 20:48:37    -1084.893510        7.4418
BFGS:  106 20:48:37    -1085.256390        7.1767
BFGS:  107 20:48:37    -1085.593386        6.8908
BFGS:  108 20:48:37    -1085.919709        6.5978
BFGS:  109 20:48:37    -1086.214779        6.1461
BFGS:  110 20:48:37    -1086.500522        6.5292
BFGS:  111 20:48:37    -1086.725318        7.0053
BFGS:  112 20:48:37    -1086.936531        7.1824
BFGS:  113 20:48:37    -1087.118866        7.1934
BFGS:  114 20:48:37    -1087.328591        6.4878
BFGS:  115 20:48:37    -1087.446695        5.3090
BFGS:  116 20:48:37    -1087.520023        5.2196
BFGS:  117 20:48:37    -1087.619442        5.3736
BFGS:  118 20:48:37    -1087.694416        5.1719
BFGS:  119 20:48:38    -1087.778783        4.9042
BFGS:  120 20:48:38    -1087.871050        4.4174
BFGS:  121 20:48:38    -1087.964764        3.5820
BFGS:  122 20:48:38    -1088.053487        2.8421
BFGS:  123 20:48:38    -1088.122383        2.4014
BFGS:  124 20:48:38    -1088.179905        2.5187
BFGS:  125 20:48:38    -1088.225216        2.5203
BFGS:  126 20:48:38    -1088.275907        2.2456
BFGS:  127 20:48:38    -1088.348645        2.0913
BFGS:  128 20:48:38    -1088.429772        2.5303
BFGS:  129 20:48:38    -1088.512417        2.6450
BFGS:  130 20:48:38    -1088.593671        2.6123
BFGS:  131 20:48:38    -1088.678365        2.7273
BFGS:  132 20:48:38    -1088.759659        2.9931
BFGS:  133 20:48:38    -1088.843107        3.2178
BFGS:  134 20:48:38    -1088.921838        3.4715
BFGS:  135 20:48:38    -1089.004398        3.7094
BFGS:  136 20:48:38    -1089.092361        3.8576
BFGS:  137 20:48:38    -1089.174401        3.8881
BFGS:  138 20:48:38    -1089.277375        4.1752
BFGS:  139 20:48:38    -1089.363569        4.4992
BFGS:  140 20:48:38    -1089.491708        4.5313
BFGS:  141 20:48:38    -1089.606245        4.0257
BFGS:  142 20:48:38    -1089.763732        4.7068
BFGS:  143 20:48:38    -1089.906866        4.9502
BFGS:  144 20:48:38    -1090.073237        5.0487
BFGS:  145 20:48:38    -1090.230961        5.9801
BFGS:  146 20:48:38    -1090.435956        7.1173
BFGS:  147 20:48:38    -1090.659668        4.9698
BFGS:  148 20:48:38    -1090.902383        4.2352
BFGS:  149 20:48:38    -1091.003282        3.4568
BFGS:  150 20:48:39    -1091.132010        3.1285
BFGS:  151 20:48:39    -1091.285997        2.5325
BFGS:  152 20:48:39    -1091.373252        2.5783
BFGS:  153 20:48:39    -1091.494651        2.1987
BFGS:  154 20:48:39    -1091.593530        1.8279
BFGS:  155 20:48:39    -1091.659618        1.5479
BFGS:  156 20:48:39    -1091.701951        1.5931
BFGS:  157 20:48:39    -1091.728040        1.4755
BFGS:  158 20:48:39    -1091.749895        1.3459
BFGS:  159 20:48:39    -1091.778003        1.6615
BFGS:  160 20:48:39    -1091.823871        1.8689
BFGS:  161 20:48:39    -1091.870112        2.1894
BFGS:  162 20:48:39    -1091.914019        2.9041
BFGS:  163 20:48:39    -1091.957529        3.6835
BFGS:  164 20:48:39    -1092.037083        4.6717
BFGS:  165 20:48:39    -1092.129280        4.0944
BFGS:  166 20:48:39    -1092.234738        4.0600
BFGS:  167 20:48:39    -1092.388740        2.9587
BFGS:  168 20:48:39    -1092.527841        1.8598
BFGS:  169 20:48:39    -1092.589313        1.6595
BFGS:  170 20:48:39    -1092.627482        1.7789
BFGS:  171 20:48:39    -1092.659436        1.5496
BFGS:  172 20:48:39    -1092.688656        1.1515
BFGS:  173 20:48:39    -1092.705880        1.0118
BFGS:  174 20:48:39    -1092.718516        0.9430
BFGS:  175 20:48:39    -1092.727252        0.9723
BFGS:  176 20:48:39    -1092.735660        1.0034
BFGS:  177 20:48:39    -1092.742365        1.0052
BFGS:  178 20:48:39    -1092.747589        0.8614
BFGS:  179 20:48:39    -1092.752252        0.6698
BFGS:  180 20:48:39    -1092.757442        0.4501
BFGS:  181 20:48:40    -1092.762594        0.4224
BFGS:  182 20:48:40    -1092.767008        0.4349
BFGS:  183 20:48:40    -1092.770139        0.4229
BFGS:  184 20:48:40    -1092.772269        0.3925
BFGS:  185 20:48:40    -1092.773710        0.3286
BFGS:  186 20:48:40    -1092.774754        0.2547
BFGS:  187 20:48:40    -1092.775733        0.2656
BFGS:  188 20:48:40    -1092.776733        0.2309
BFGS:  189 20:48:40    -1092.777535        0.2166
BFGS:  190 20:48:40    -1092.777990        0.2138
BFGS:  191 20:48:40    -1092.778212        0.2140
BFGS:  192 20:48:40    -1092.778366        0.1969
BFGS:  193 20:48:40    -1092.778533        0.1706
BFGS:  194 20:48:40    -1092.778704        0.1419
BFGS:  195 20:48:40    -1092.778850        0.1346
BFGS:  196 20:48:40    -1092.778974        0.1328
BFGS:  197 20:48:40    -1092.779104        0.1174
BFGS:  198 20:48:40    -1092.779252        0.0883
