      Step     Time          Energy         fmax
BFGS:    0 20:43:00     -728.562424      185.3477
BFGS:    1 20:43:00     -773.481969      177.5294
BFGS:    2 20:43:00     -815.145102      168.6504
BFGS:    3 20:43:00     -852.838695      156.5002
BFGS:    4 20:43:00     -884.545462      143.2591
BFGS:    5 20:43:00     -913.695080      128.4162
BFGS:    6 20:43:00     -936.175170      111.0334
BFGS:    7 20:43:00     -950.727283      100.5171
BFGS:    8 20:43:01     -961.802121       89.2776
BFGS:    9 20:43:01     -970.338850       87.2944
BFGS:   10 20:43:01     -977.827841       77.8567
BFGS:   11 20:43:01     -983.857178       78.2027
BFGS:   12 20:43:01     -989.108670       72.9879
BFGS:   13 20:43:01     -993.725345       71.3395
BFGS:   14 20:43:01     -997.985992       66.2305
BFGS:   15 20:43:01    -1002.282599       64.5059
BFGS:   16 20:43:01    -1006.620285       62.0101
BFGS:   17 20:43:01    -1010.502656       58.4947
BFGS:   18 20:43:01    -1014.075796       56.1455
BFGS:   19 20:43:01    -1017.535378       54.2875
BFGS:   20 20:43:01    -1021.015748       51.2078
BFGS:   21 20:43:01    -1024.520767       50.3133
BFGS:   22 20:43:01    -1028.068258       46.4346
BFGS:   23 20:43:01    -1031.081205       45.4266
BFGS:   24 20:43:01    -1033.528895       43.8576
BFGS:   25 20:43:01    -1035.602067       42.1240
BFGS:   26 20:43:01    -1037.619356       39.9375
BFGS:   27 20:43:01    -1039.636560       39.7165
BFGS:   28 20:43:01    -1041.638268       38.8268
BFGS:   29 20:43:01    -1043.629016       38.0519
BFGS:   30 20:43:01    -1045.528157       37.4458
BFGS:   31 20:43:01    -1047.325658       35.0139
BFGS:   32 20:43:01    -1049.019234       34.2386
BFGS:   33 20:43:01    -1050.621826       32.6797
BFGS:   34 20:43:01    -1052.165233       32.2215
BFGS:   35 20:43:01    -1053.776811       30.0363
BFGS:   36 20:43:02    -1055.380030       28.8451
BFGS:   37 20:43:02    -1056.890010       27.6843
BFGS:   38 20:43:02    -1058.322528       26.5334
BFGS:   39 20:43:02    -1059.758042       25.3116
BFGS:   40 20:43:02    -1061.266193       23.8906
BFGS:   41 20:43:02    -1062.816124       22.5680
BFGS:   42 20:43:02    -1064.564067       20.4543
BFGS:   43 20:43:02    -1066.418245       19.3527
BFGS:   44 20:43:02    -1068.215431       18.1617
BFGS:   45 20:43:02    -1069.936440       18.1780
BFGS:   46 20:43:02    -1071.679540       15.9660
BFGS:   47 20:43:02    -1073.276098       16.5699
BFGS:   48 20:43:02    -1075.009896       16.5755
BFGS:   49 20:43:02    -1076.669018       13.8281
BFGS:   50 20:43:02    -1077.959963       10.7384
BFGS:   51 20:43:02    -1079.015101       10.6026
BFGS:   52 20:43:02    -1079.863779       10.5162
BFGS:   53 20:43:02    -1080.486990        9.7786
BFGS:   54 20:43:02    -1080.999058        9.1824
BFGS:   55 20:43:02    -1081.431914        8.1726
BFGS:   56 20:43:02    -1081.815886        7.5560
BFGS:   57 20:43:02    -1082.193425        7.6352
BFGS:   58 20:43:02    -1082.558037        7.7313
BFGS:   59 20:43:02    -1082.950101        7.9422
BFGS:   60 20:43:02    -1083.385030        8.5724
BFGS:   61 20:43:02    -1083.812725        9.1764
BFGS:   62 20:43:02    -1084.210125        8.9197
BFGS:   63 20:43:02    -1084.561788        8.7381
BFGS:   64 20:43:02    -1084.916008        8.7910
BFGS:   65 20:43:03    -1085.265927        8.8793
BFGS:   66 20:43:03    -1085.637064        8.9080
BFGS:   67 20:43:03    -1086.018068        8.8660
BFGS:   68 20:43:03    -1086.433485        8.6227
BFGS:   69 20:43:03    -1086.868773        8.1307
BFGS:   70 20:43:03    -1087.350195        7.6036
BFGS:   71 20:43:03    -1087.864954        7.0045
BFGS:   72 20:43:03    -1088.362548        7.7603
BFGS:   73 20:43:03    -1088.842047        9.1132
BFGS:   74 20:43:03    -1089.238137        8.9352
BFGS:   75 20:43:03    -1089.581052        6.7415
BFGS:   76 20:43:03    -1089.845478        5.4151
BFGS:   77 20:43:03    -1090.077321        5.0388
BFGS:   78 20:43:03    -1090.421163        5.2001
BFGS:   79 20:43:03    -1090.687853        5.3336
BFGS:   80 20:43:03    -1090.966657        7.4405
BFGS:   81 20:43:03    -1091.180586        7.4577
BFGS:   82 20:43:03    -1091.457646        7.1175
BFGS:   83 20:43:03    -1091.628138        6.4604
BFGS:   84 20:43:03    -1091.826758        6.4457
BFGS:   85 20:43:03    -1092.030189        6.3966
BFGS:   86 20:43:03    -1092.181115        4.7351
BFGS:   87 20:43:03    -1092.323102        4.7644
BFGS:   88 20:43:03    -1092.478461        4.6695
BFGS:   89 20:43:03    -1092.581271        4.9704
BFGS:   90 20:43:03    -1092.706545        4.8616
BFGS:   91 20:43:03    -1092.875922        3.5898
BFGS:   92 20:43:03    -1092.939307        3.4237
BFGS:   93 20:43:03    -1092.983930        3.0190
BFGS:   94 20:43:03    -1093.013368        2.6870
BFGS:   95 20:43:04    -1093.041264        2.5257
BFGS:   96 20:43:04    -1093.077128        2.6687
BFGS:   97 20:43:04    -1093.107752        3.1018
BFGS:   98 20:43:04    -1093.116626        2.9048
BFGS:   99 20:43:04    -1093.133781        2.3264
BFGS:  100 20:43:04    -1093.141135        2.1574
BFGS:  101 20:43:04    -1093.148373        2.2037
BFGS:  102 20:43:04    -1093.139625        2.1811
BFGS:  103 20:43:04    -1093.159822        1.9702
BFGS:  104 20:43:04    -1093.167552        1.8526
BFGS:  105 20:43:04    -1093.179492        1.7410
BFGS:  106 20:43:04    -1093.199910        1.3151
BFGS:  107 20:43:04    -1093.216361        1.2578
BFGS:  108 20:43:04    -1093.231474        1.4086
BFGS:  109 20:43:04    -1093.242176        1.1452
BFGS:  110 20:43:04    -1093.255013        1.0944
BFGS:  111 20:43:04    -1093.264193        0.5635
BFGS:  112 20:43:04    -1093.268288        0.7803
BFGS:  113 20:43:04    -1093.270150        0.7188
BFGS:  114 20:43:04    -1093.272735        0.5406
BFGS:  115 20:43:04    -1093.273696        0.6129
BFGS:  116 20:43:04    -1093.275207        0.4172
BFGS:  117 20:43:04    -1093.275931        0.9204
BFGS:  118 20:43:04    -1093.276768        0.7920
BFGS:  119 20:43:04    -1093.277446        0.7992
BFGS:  120 20:43:04    -1093.277600        0.3660
BFGS:  121 20:43:04    -1093.277825        0.5525
BFGS:  122 20:43:04    -1093.276178        0.9566
BFGS:  123 20:43:04    -1093.278120        0.3002
BFGS:  124 20:43:04    -1093.278216        0.3034
BFGS:  125 20:43:05    -1093.278251        0.8670
BFGS:  126 20:43:05    -1093.278322        0.8830
BFGS:  127 20:43:05    -1093.278180        0.2972
BFGS:  128 20:43:05    -1093.278310        0.3001
BFGS:  129 20:43:05    -1093.277831        0.9219
BFGS:  130 20:43:05    -1093.278392        0.2933
BFGS:  131 20:43:05    -1093.278437        0.2923
BFGS:  132 20:43:05    -1093.275952        1.0539
BFGS:  133 20:43:05    -1093.278364        0.9083
BFGS:  134 20:43:05    -1093.278167        0.3030
BFGS:  135 20:43:05    -1093.278380        0.2916
BFGS:  136 20:43:05    -1093.275885        1.0693
BFGS:  137 20:43:05    -1093.278573        0.2815
BFGS:  138 20:43:05    -1093.278227        0.9161
BFGS:  139 20:43:05    -1093.278552        0.8937
BFGS:  140 20:43:05    -1093.278407        0.2813
BFGS:  141 20:43:05    -1093.278483        0.2820
BFGS:  142 20:43:05    -1093.276753        1.0311
BFGS:  143 20:43:05    -1093.278602        0.5637
BFGS:  144 20:43:05    -1093.278567        0.8897
BFGS:  145 20:43:05    -1093.278475        0.2635
BFGS:  146 20:43:05    -1093.278551        0.2734
BFGS:  147 20:43:05    -1093.278164        0.9134
BFGS:  148 20:43:05    -1093.278602        0.2739
BFGS:  149 20:43:05    -1093.278631        0.2748
BFGS:  150 20:43:05    -1093.276926        0.9843
BFGS:  151 20:43:05    -1093.278577        0.8986
BFGS:  152 20:43:05    -1093.278430        0.2747
BFGS:  153 20:43:05    -1093.278550        0.2742
BFGS:  154 20:43:05    -1093.276645        1.0120
BFGS:  155 20:43:06    -1093.278663        0.8741
BFGS:  156 20:43:06    -1093.278619        0.8955
BFGS:  157 20:43:06    -1093.278663        0.2711
BFGS:  158 20:43:06    -1093.278684        0.2706
BFGS:  159 20:43:06    -1093.275605        1.0231
BFGS:  160 20:43:06    -1093.278460        0.9027
BFGS:  161 20:43:06    -1093.267716        0.9077
BFGS:  162 20:43:06    -1093.275756        0.4980
BFGS:  163 20:43:06    -1093.275772        1.0177
BFGS:  164 20:43:06    -1093.277595        0.3361
BFGS:  165 20:43:06    -1093.278201        0.2778
BFGS:  166 20:43:06    -1093.275628        1.0273
BFGS:  167 20:43:06    -1093.278493        0.2721
BFGS:  168 20:43:06    -1093.278648        0.2689
BFGS:  169 20:43:06    -1093.275359        1.0425
BFGS:  170 20:43:06    -1093.278549        0.8993
BFGS:  171 20:43:06    -1093.277131        0.3828
BFGS:  172 20:43:06    -1093.277956        0.2959
BFGS:  173 20:43:06    -1093.275455        1.0437
BFGS:  174 20:43:06    -1093.278408        0.2710
BFGS:  175 20:43:06    -1093.278626        0.2677
BFGS:  176 20:43:06    -1093.275391        1.0464
BFGS:  177 20:43:06    -1093.278677        0.8936
BFGS:  178 20:43:06    -1093.278458        0.2707
BFGS:  179 20:43:06    -1093.278602        0.2681
BFGS:  180 20:43:06    -1093.275320        1.0544
BFGS:  181 20:43:06    -1093.278753        0.2644
BFGS:  182 20:43:06    -1093.278422        0.9090
BFGS:  183 20:43:06    -1093.278713        0.8907
BFGS:  184 20:43:06    -1093.271489        0.8136
BFGS:  185 20:43:07    -1093.276780        0.4461
BFGS:  186 20:43:07    -1093.275769        1.0343
BFGS:  187 20:43:07    -1093.277977        0.3115
BFGS:  188 20:43:07    -1093.278423        0.2673
BFGS:  189 20:43:07    -1093.275710        1.0401
BFGS:  190 20:43:07    -1093.278648        0.2644
BFGS:  191 20:43:07    -1093.278771        0.2628
BFGS:  192 20:43:07    -1093.275607        1.0485
BFGS:  193 20:43:07    -1093.278506        0.9084
BFGS:  194 20:43:07    -1093.276363        0.4834
BFGS:  195 20:43:07    -1093.277748        0.3438
BFGS:  196 20:43:07    -1093.275767        1.0445
BFGS:  197 20:43:07    -1093.278361        0.2653
BFGS:  198 20:43:07    -1093.278630        0.2630
BFGS:  199 20:43:07    -1093.275749        1.0475
BFGS:  200 20:43:07    -1093.278781        0.2607
BFGS:  201 20:43:07    -1093.278595        0.9066
BFGS:  202 20:43:07    -1093.278765        0.8875
BFGS:  203 20:43:07    -1093.278655        0.2622
BFGS:  204 20:43:07    -1093.278707        0.2615
BFGS:  205 20:43:07    -1093.275543        1.0932
BFGS:  206 20:43:07    -1093.278744        0.8930
BFGS:  207 20:43:07    -1093.278069        0.3405
BFGS:  208 20:43:07    -1093.278436        0.2686
BFGS:  209 20:43:07    -1093.275480        1.0971
BFGS:  210 20:43:07    -1093.278702        0.2600
BFGS:  211 20:43:07    -1093.278803        0.8888
BFGS:  212 20:43:07    -1093.278753        0.2592
BFGS:  213 20:43:07    -1093.278783        0.2587
BFGS:  214 20:43:07    -1093.275019        1.0952
BFGS:  215 20:43:08    -1093.278576        0.9030
BFGS:  216 20:43:08    -1093.266610        1.2079
BFGS:  217 20:43:08    -1093.275587        0.6230
BFGS:  218 20:43:08    -1093.275188        1.0920
BFGS:  219 20:43:08    -1093.277686        0.3859
BFGS:  220 20:43:08    -1093.278369        0.2758
BFGS:  221 20:43:08    -1093.275121        1.0947
BFGS:  222 20:43:08    -1093.278684        0.2594
BFGS:  223 20:43:08    -1093.278833        0.8855
BFGS:  224 20:43:08    -1093.278749        0.2583
BFGS:  225 20:43:08    -1093.278786        0.2576
BFGS:  226 20:43:08    -1093.274901        1.0843
BFGS:  227 20:43:08    -1093.278663        0.8997
BFGS:  228 20:43:08    -1093.265808        1.1845
BFGS:  229 20:43:08    -1093.275388        0.6143
BFGS:  230 20:43:08    -1093.275119        1.0786
BFGS:  231 20:43:08    -1093.277614        0.3849
BFGS:  232 20:43:08    -1093.278339        0.2777
BFGS:  233 20:43:08    -1093.274993        1.0848
BFGS:  234 20:43:08    -1093.278675        0.2586
BFGS:  235 20:43:08    -1093.278851        0.2557
BFGS:  236 20:43:08    -1093.274964        1.0903
BFGS:  237 20:43:08    -1093.278543        0.9123
BFGS:  238 20:43:08    -1093.265795        1.1993
BFGS:  239 20:43:08    -1093.275431        0.6155
BFGS:  240 20:43:08    -1093.275186        1.0845
BFGS:  241 20:43:08    -1093.277633        0.3838
BFGS:  242 20:43:08    -1093.278353        0.2757
BFGS:  243 20:43:08    -1093.275060        1.0900
BFGS:  244 20:43:08    -1093.278687        0.2578
BFGS:  245 20:43:08    -1093.278840        0.8837
BFGS:  246 20:43:09    -1093.278762        0.2565
BFGS:  247 20:43:09    -1093.278801        0.2558
BFGS:  248 20:43:09    -1093.274870        1.0782
BFGS:  249 20:43:09    -1093.278707        0.8985
BFGS:  250 20:43:09    -1093.277357        0.4056
BFGS:  251 20:43:09    -1093.278139        0.3077
BFGS:  252 20:43:09    -1093.274984        1.0768
BFGS:  253 20:43:09    -1093.278592        0.2576
BFGS:  254 20:43:09    -1093.278817        0.2541
BFGS:  255 20:43:09    -1093.274958        1.0801
BFGS:  256 20:43:09    -1093.278753        0.8991
BFGS:  257 20:43:09    -1093.277223        0.4261
BFGS:  258 20:43:09    -1093.278095        0.3178
BFGS:  259 20:43:09    -1093.275075        1.0778
BFGS:  260 20:43:09    -1093.278581        0.2562
BFGS:  261 20:43:09    -1093.278817        0.2529
BFGS:  262 20:43:09    -1093.275055        1.0806
BFGS:  263 20:43:09    -1093.278786        0.8973
BFGS:  264 20:43:09    -1093.278488        0.2620
BFGS:  265 20:43:09    -1093.278705        0.2541
BFGS:  266 20:43:09    -1093.275082        1.0828
BFGS:  267 20:43:09    -1093.278893        0.2505
BFGS:  268 20:43:09    -1093.278621        0.9066
BFGS:  269 20:43:09    -1093.278916        0.2499
BFGS:  270 20:43:09    -1093.278901        0.8856
BFGS:  271 20:43:09    -1093.278927        0.2494
BFGS:  272 20:43:09    -1093.278933        0.8830
BFGS:  273 20:43:09    -1093.278803        0.8854
BFGS:  274 20:43:09    -1093.278942        0.2488
BFGS:  275 20:43:09    -1093.278939        0.8810
BFGS:  276 20:43:10    -1093.278947        0.5633
BFGS:  277 20:43:10    -1093.278943        0.2484
BFGS:  278 20:43:10    -1093.278947        0.2484
BFGS:  279 20:43:10    -1093.276224        0.9351
BFGS:  280 20:43:10    -1093.278604        0.8901
BFGS:  281 20:43:10    -1093.270607        0.9399
BFGS:  282 20:43:10    -1093.276722        0.4608
BFGS:  283 20:43:10    -1093.276289        0.9307
BFGS:  284 20:43:10    -1093.278162        0.2737
BFGS:  285 20:43:10    -1093.278636        0.2603
BFGS:  286 20:43:10    -1093.276224        0.9330
BFGS:  287 20:43:10    -1093.278854        0.2524
BFGS:  288 20:43:10    -1093.278905        0.8860
BFGS:  289 20:43:10    -1093.278880        0.2511
BFGS:  290 20:43:10    -1093.278899        0.2502
BFGS:  291 20:43:10    -1093.276214        0.9353
BFGS:  292 20:43:10    -1093.278782        0.8875
BFGS:  293 20:43:10    -1093.270544        0.9769
BFGS:  294 20:43:10    -1093.276681        0.4777
BFGS:  295 20:43:10    -1093.276288        0.9311
BFGS:  296 20:43:10    -1093.278156        0.2783
BFGS:  297 20:43:10    -1093.278640        0.2584
BFGS:  298 20:43:10    -1093.276242        0.9335
BFGS:  299 20:43:10    -1093.278860        0.2508
BFGS:  300 20:43:10    -1093.278917        0.5695
BFGS:  301 20:43:10    -1093.278907        0.2491
BFGS:  302 20:43:10    -1093.278933        0.2481
BFGS:  303 20:43:10    -1093.276118        0.9372
BFGS:  304 20:43:10    -1093.278694        0.8886
BFGS:  305 20:43:10    -1093.270172        0.9840
BFGS:  306 20:43:11    -1093.276607        0.4790
BFGS:  307 20:43:11    -1093.276208        0.9320
BFGS:  308 20:43:11    -1093.278130        0.2797
BFGS:  309 20:43:11    -1093.278631        0.2590
BFGS:  310 20:43:11    -1093.276150        0.9355
BFGS:  311 20:43:11    -1093.278860        0.2512
BFGS:  312 20:43:11    -1093.278922        0.5692
BFGS:  313 20:43:11    -1093.278909        0.2493
BFGS:  314 20:43:11    -1093.278937        0.2481
BFGS:  315 20:43:11    -1093.276023        0.9403
BFGS:  316 20:43:11    -1093.278697        0.8885
BFGS:  317 20:43:11    -1093.269821        0.9957
BFGS:  318 20:43:11    -1093.276517        0.4840
BFGS:  319 20:43:11    -1093.276120        0.9348
BFGS:  320 20:43:11    -1093.278100        0.2821
BFGS:  321 20:43:11    -1093.278620        0.2591
BFGS:  322 20:43:11    -1093.276054        0.9386
BFGS:  323 20:43:11    -1093.278858        0.2509
BFGS:  324 20:43:11    -1093.278927        0.5690
BFGS:  325 20:43:11    -1093.278911        0.2489
BFGS:  326 20:43:11    -1093.278939        0.2476
BFGS:  327 20:43:11    -1093.275927        0.9433
BFGS:  328 20:43:11    -1093.278702        0.8886
BFGS:  329 20:43:11    -1093.269461        1.0048
BFGS:  330 20:43:11    -1093.276425        0.4880
BFGS:  331 20:43:11    -1093.276033        0.9372
BFGS:  332 20:43:11    -1093.278068        0.2844
BFGS:  333 20:43:11    -1093.278608        0.2593
BFGS:  334 20:43:11    -1093.275958        0.9415
BFGS:  335 20:43:11    -1093.278855        0.2507
BFGS:  336 20:43:12    -1093.278933        0.5686
BFGS:  337 20:43:12    -1093.278912        0.2485
BFGS:  338 20:43:12    -1093.278942        0.2473
BFGS:  339 20:43:12    -1093.275829        0.9465
BFGS:  340 20:43:12    -1093.278705        0.8887
BFGS:  341 20:43:12    -1093.269095        1.0144
BFGS:  342 20:43:12    -1093.276331        0.4922
BFGS:  343 20:43:12    -1093.275945        0.9398
BFGS:  344 20:43:12    -1093.278036        0.2866
BFGS:  345 20:43:12    -1093.278596        0.2594
BFGS:  346 20:43:12    -1093.275861        0.9446
BFGS:  347 20:43:12    -1093.278853        0.2505
BFGS:  348 20:43:12    -1093.278939        0.5682
BFGS:  349 20:43:12    -1093.278913        0.2482
BFGS:  350 20:43:12    -1093.278945        0.2469
BFGS:  351 20:43:12    -1093.275730        0.9497
BFGS:  352 20:43:12    -1093.278708        0.8888
BFGS:  353 20:43:12    -1093.268723        1.0230
BFGS:  354 20:43:12    -1093.276237        0.4959
BFGS:  355 20:43:12    -1093.275856        0.9424
BFGS:  356 20:43:12    -1093.278004        0.2887
BFGS:  357 20:43:12    -1093.278584        0.2596
BFGS:  358 20:43:12    -1093.275762        0.9478
BFGS:  359 20:43:12    -1093.278850        0.2504
BFGS:  360 20:43:12    -1093.278945        0.5679
BFGS:  361 20:43:12    -1093.278915        0.2479
BFGS:  362 20:43:12    -1093.278947        0.2465
BFGS:  363 20:43:12    -1093.275628        0.9530
BFGS:  364 20:43:12    -1093.278709        0.8889
BFGS:  365 20:43:12    -1093.268348        1.0306
BFGS:  366 20:43:13    -1093.276142        0.4991
BFGS:  367 20:43:13    -1093.275765        0.9451
BFGS:  368 20:43:13    -1093.277971        0.2905
BFGS:  369 20:43:13    -1093.278572        0.2598
BFGS:  370 20:43:13    -1093.275661        0.9510
BFGS:  371 20:43:13    -1093.278848        0.2503
BFGS:  372 20:43:13    -1093.278951        0.5675
BFGS:  373 20:43:13    -1093.278916        0.2476
BFGS:  374 20:43:13    -1093.278950        0.2461
BFGS:  375 20:43:13    -1093.275525        0.9565
BFGS:  376 20:43:13    -1093.278709        0.8890
BFGS:  377 20:43:13    -1093.267968        1.0371
BFGS:  378 20:43:13    -1093.276045        0.5019
BFGS:  379 20:43:13    -1093.275674        0.9479
BFGS:  380 20:43:13    -1093.277938        0.2921
BFGS:  381 20:43:13    -1093.278559        0.2600
BFGS:  382 20:43:13    -1093.275558        0.9544
BFGS:  383 20:43:13    -1093.278845        0.2501
BFGS:  384 20:43:13    -1093.278957        0.5671
BFGS:  385 20:43:13    -1093.278918        0.2473
BFGS:  386 20:43:13    -1093.278953        0.2458
BFGS:  387 20:43:13    -1093.275420        0.9600
BFGS:  388 20:43:13    -1093.278708        0.8892
BFGS:  389 20:43:13    -1093.267582        1.0425
BFGS:  390 20:43:13    -1093.275949        0.5041
BFGS:  391 20:43:13    -1093.275581        0.9508
BFGS:  392 20:43:13    -1093.277904        0.2934
BFGS:  393 20:43:13    -1093.278547        0.2602
BFGS:  394 20:43:13    -1093.275453        0.9579
BFGS:  395 20:43:13    -1093.278842        0.2500
BFGS:  396 20:43:14    -1093.278963        0.5667
BFGS:  397 20:43:14    -1093.278920        0.2470
BFGS:  398 20:43:14    -1093.278956        0.2454
BFGS:  399 20:43:14    -1093.275312        0.9638
BFGS:  400 20:43:14    -1093.278705        0.8894
BFGS:  401 20:43:14    -1093.267192        1.0468
BFGS:  402 20:43:14    -1093.275851        0.5058
BFGS:  403 20:43:14    -1093.275487        0.9537
BFGS:  404 20:43:14    -1093.277870        0.2945
BFGS:  405 20:43:14    -1093.278534        0.2605
BFGS:  406 20:43:14    -1093.275345        0.9615
BFGS:  407 20:43:14    -1093.278840        0.2499
BFGS:  408 20:43:14    -1093.278969        0.5663
BFGS:  409 20:43:14    -1093.278922        0.2466
BFGS:  410 20:43:14    -1093.278960        0.2450
BFGS:  411 20:43:14    -1093.275201        0.9676
BFGS:  412 20:43:14    -1093.278699        0.8897
BFGS:  413 20:43:14    -1093.266796        1.0497
BFGS:  414 20:43:14    -1093.275753        0.5069
BFGS:  415 20:43:14    -1093.275392        0.9568
BFGS:  416 20:43:14    -1093.277836        0.2953
BFGS:  417 20:43:14    -1093.278522        0.2607
BFGS:  418 20:43:14    -1093.275235        0.9652
BFGS:  419 20:43:14    -1093.278837        0.2497
BFGS:  420 20:43:14    -1093.278976        0.5659
BFGS:  421 20:43:14    -1093.278925        0.2463
BFGS:  422 20:43:14    -1093.278964        0.2446
BFGS:  423 20:43:14    -1093.275087        0.9716
BFGS:  424 20:43:14    -1093.278692        0.8900
BFGS:  425 20:43:14    -1093.266394        1.0512
BFGS:  426 20:43:15    -1093.275654        0.5074
BFGS:  427 20:43:15    -1093.275295        0.9599
BFGS:  428 20:43:15    -1093.277802        0.2958
BFGS:  429 20:43:15    -1093.278509        0.2610
BFGS:  430 20:43:15    -1093.275122        0.9692
BFGS:  431 20:43:15    -1093.278835        0.2496
BFGS:  432 20:43:15    -1093.278983        0.5655
BFGS:  433 20:43:15    -1093.278928        0.2459
BFGS:  434 20:43:15    -1093.278968        0.2442
BFGS:  435 20:43:15    -1093.274970        0.9759
BFGS:  436 20:43:15    -1093.278682        0.8904
BFGS:  437 20:43:15    -1093.265984        1.0511
BFGS:  438 20:43:15    -1093.275554        0.5070
BFGS:  439 20:43:15    -1093.275196        0.9633
BFGS:  440 20:43:15    -1093.277768        0.2959
BFGS:  441 20:43:15    -1093.278496        0.2613
BFGS:  442 20:43:15    -1093.275006        0.9733
BFGS:  443 20:43:15    -1093.278832        0.2495
BFGS:  444 20:43:15    -1093.278989        0.5651
BFGS:  445 20:43:15    -1093.278932        0.2455
BFGS:  446 20:43:15    -1093.278973        0.2437
BFGS:  447 20:43:15    -1093.274849        0.9804
BFGS:  448 20:43:15    -1093.278669        0.8908
BFGS:  449 20:43:15    -1093.265565        1.0491
BFGS:  450 20:43:15    -1093.275452        0.5059
BFGS:  451 20:43:15    -1093.275095        0.9667
BFGS:  452 20:43:15    -1093.277733        0.2956
BFGS:  453 20:43:15    -1093.278483        0.2616
BFGS:  454 20:43:15    -1093.274885        0.9776
BFGS:  455 20:43:15    -1093.278830        0.2494
BFGS:  456 20:43:16    -1093.278997        0.5647
BFGS:  457 20:43:16    -1093.278936        0.2451
BFGS:  458 20:43:16    -1093.278979        0.2432
BFGS:  459 20:43:16    -1093.274722        0.9851
BFGS:  460 20:43:16    -1093.278652        0.8916
BFGS:  461 20:43:16    -1093.265135        1.0450
BFGS:  462 20:43:16    -1093.275349        0.5038
BFGS:  463 20:43:16    -1093.274991        0.9704
BFGS:  464 20:43:16    -1093.277697        0.2948
BFGS:  465 20:43:16    -1093.278470        0.2619
BFGS:  466 20:43:16    -1093.274759        0.9822
BFGS:  467 20:43:16    -1093.278829        0.2492
BFGS:  468 20:43:16    -1093.279004        0.5644
BFGS:  469 20:43:16    -1093.278942        0.2446
BFGS:  470 20:43:16    -1093.278985        0.2427
BFGS:  471 20:43:16    -1093.274588        0.9903
BFGS:  472 20:43:16    -1093.278631        0.8927
BFGS:  473 20:43:16    -1093.264689        1.0382
BFGS:  474 20:43:16    -1093.275243        0.5004
BFGS:  475 20:43:16    -1093.274883        0.9743
BFGS:  476 20:43:16    -1093.277661        0.2935
BFGS:  477 20:43:16    -1093.278458        0.2623
BFGS:  478 20:43:16    -1093.274627        0.9872
BFGS:  479 20:43:16    -1093.278827        0.2491
BFGS:  480 20:43:16    -1093.279013        0.5640
BFGS:  481 20:43:16    -1093.278949        0.2441
BFGS:  482 20:43:16    -1093.278992        0.2421
BFGS:  483 20:43:16    -1093.274444        0.9959
BFGS:  484 20:43:16    -1093.278605        0.8940
BFGS:  485 20:43:16    -1093.264222        1.0278
BFGS:  486 20:43:17    -1093.275134        0.4954
BFGS:  487 20:43:17    -1093.274769        0.9787
BFGS:  488 20:43:17    -1093.277624        0.2914
BFGS:  489 20:43:17    -1093.278445        0.2627
BFGS:  490 20:43:17    -1093.274485        0.9927
BFGS:  491 20:43:17    -1093.278826        0.2489
BFGS:  492 20:43:17    -1093.279022        0.5636
BFGS:  493 20:43:17    -1093.278957        0.2435
BFGS:  494 20:43:17    -1093.279001        0.2415
BFGS:  495 20:43:17    -1093.274287        1.0024
BFGS:  496 20:43:17    -1093.278571        0.8956
BFGS:  497 20:43:17    -1093.263723        1.0123
BFGS:  498 20:43:17    -1093.275019        0.4882
BFGS:  499 20:43:17    -1093.274646        0.9835
