      Step     Time          Energy         fmax
BFGS:    0 20:41:28     -801.223635       83.5767
BFGS:    1 20:41:28     -819.963101       84.1229
BFGS:    2 20:41:28     -837.586069       75.3857
BFGS:    3 20:41:28     -854.222031       68.8243
BFGS:    4 20:41:28     -866.381100       62.3188
BFGS:    5 20:41:28     -878.034213       55.7547
BFGS:    6 20:41:28     -887.954704       53.0229
BFGS:    7 20:41:28     -896.573929       50.6864
BFGS:    8 20:41:28     -904.762509       49.6889
BFGS:    9 20:41:28     -912.101017       49.3630
BFGS:   10 20:41:28     -918.735525       62.9444
BFGS:   11 20:41:28     -923.436163       74.5280
BFGS:   12 20:41:28     -929.657663      101.1958
BFGS:   13 20:41:29     -937.906305      173.4774
BFGS:   14 20:41:29     -942.301417      215.2223
BFGS:   15 20:41:29     -947.341050      270.6520
BFGS:   16 20:41:29     -953.526501      323.3920
BFGS:   17 20:41:29     -959.724059      379.8427
BFGS:   18 20:41:29     -965.296983      423.1528
BFGS:   19 20:41:29     -970.271140      451.2307
BFGS:   20 20:41:29     -975.161691      449.5967
BFGS:   21 20:41:29     -980.789907      313.0252
BFGS:   22 20:41:29     -984.051610      294.6551
BFGS:   23 20:41:29     -986.781455      140.4194
BFGS:   24 20:41:29     -988.428702       76.1147
BFGS:   25 20:41:29     -989.560123       36.2505
BFGS:   26 20:41:29     -990.515260       15.9380
BFGS:   27 20:41:29     -991.401952        6.9538
BFGS:   28 20:41:29     -992.171508       14.8025
BFGS:   29 20:41:29     -992.753370       17.2827
BFGS:   30 20:41:29     -993.183954       13.4138
BFGS:   31 20:41:29     -993.469387        7.4331
BFGS:   32 20:41:29     -993.736551        7.3824
BFGS:   33 20:41:29     -993.972700       10.9548
BFGS:   34 20:41:29     -994.196698       13.8813
BFGS:   35 20:41:29     -994.424572       16.3906
BFGS:   36 20:41:30     -994.660461       13.0928
BFGS:   37 20:41:30     -994.905307       10.6950
BFGS:   38 20:41:30     -995.132004       31.7330
BFGS:   39 20:41:30     -995.333205       51.5518
BFGS:   40 20:41:30     -995.572098       52.4137
BFGS:   41 20:41:30     -995.816528       24.9008
BFGS:   42 20:41:30     -995.991329       13.2950
BFGS:   43 20:41:30     -996.161399        5.7298
BFGS:   44 20:41:30     -996.284601        5.3185
BFGS:   45 20:41:30     -996.369733        9.3197
BFGS:   46 20:41:30     -996.417171        4.8052
BFGS:   47 20:41:30     -996.464441        4.9662
BFGS:   48 20:41:30     -996.497356        4.9527
BFGS:   49 20:41:30     -996.526228       10.0532
BFGS:   50 20:41:30     -996.556581        8.3775
BFGS:   51 20:41:30     -996.595503        6.9905
BFGS:   52 20:41:30     -996.626800        5.1545
BFGS:   53 20:41:30     -996.665220        2.4844
BFGS:   54 20:41:30     -996.688201        1.9839
BFGS:   55 20:41:30     -996.706283        3.3391
BFGS:   56 20:41:30     -996.720570        3.5542
BFGS:   57 20:41:30     -996.735241        3.2574
BFGS:   58 20:41:30     -996.752795        2.3694
BFGS:   59 20:41:31     -996.769822        1.4442
BFGS:   60 20:41:31     -996.782845        1.6262
BFGS:   61 20:41:31     -996.795039        1.3411
BFGS:   62 20:41:31     -996.809471        1.7896
BFGS:   63 20:41:31     -996.827883        2.1815
BFGS:   64 20:41:31     -996.844012        3.5397
BFGS:   65 20:41:31     -996.857398        6.0893
BFGS:   66 20:41:31     -996.874787        9.2529
BFGS:   67 20:41:31     -996.891710       10.9473
BFGS:   68 20:41:31     -996.909303       11.7972
BFGS:   69 20:41:31     -996.927798       12.3770
BFGS:   70 20:41:31     -996.954176       12.5326
BFGS:   71 20:41:31     -996.993255       12.2241
BFGS:   72 20:41:31     -997.057542       11.1513
BFGS:   73 20:41:31     -997.176615        9.8720
BFGS:   74 20:41:31     -997.326353        8.3263
BFGS:   75 20:41:31     -997.496915        7.5139
BFGS:   76 20:41:31     -997.682608        6.5488
BFGS:   77 20:41:31     -997.875523        5.5031
BFGS:   78 20:41:31     -998.059646        4.2455
BFGS:   79 20:41:31     -998.223631        2.9928
BFGS:   80 20:41:31     -998.362223        2.7701
BFGS:   81 20:41:31     -998.475507        4.9220
BFGS:   82 20:41:32     -998.574801        8.2048
BFGS:   83 20:41:32     -998.675057       10.7574
BFGS:   84 20:41:32     -998.775898       13.9116
BFGS:   85 20:41:32     -998.879712       17.4436
BFGS:   86 20:41:32     -998.981897       21.2348
BFGS:   87 20:41:32     -999.077647       25.1337
BFGS:   88 20:41:32     -999.162386       27.7237
BFGS:   89 20:41:32     -999.225623       24.3926
BFGS:   90 20:41:32     -999.256192       18.1051
BFGS:   91 20:41:32     -999.307882        9.7557
BFGS:   92 20:41:32     -999.361437        3.1225
BFGS:   93 20:41:32     -999.423940        2.5914
BFGS:   94 20:41:32     -999.483172        2.7140
BFGS:   95 20:41:32     -999.539958        2.2696
BFGS:   96 20:41:32     -999.603500        4.3949
BFGS:   97 20:41:32     -999.656814        8.7446
BFGS:   98 20:41:32     -999.709653       11.5500
BFGS:   99 20:41:32     -999.765295       12.8209
BFGS:  100 20:41:32     -999.820091       11.1762
BFGS:  101 20:41:32     -999.855806        7.4782
BFGS:  102 20:41:32     -999.875818        3.4796
BFGS:  103 20:41:32     -999.887668        1.2581
BFGS:  104 20:41:33     -999.896240        1.4283
BFGS:  105 20:41:33     -999.904273        1.2794
BFGS:  106 20:41:33     -999.912145        1.6813
BFGS:  107 20:41:33     -999.921393        2.1083
BFGS:  108 20:41:33     -999.927162        2.5451
BFGS:  109 20:41:33     -999.932470        2.6944
BFGS:  110 20:41:33     -999.935834        3.0788
BFGS:  111 20:41:33     -999.938603        3.3307
BFGS:  112 20:41:33     -999.941984        2.6677
BFGS:  113 20:41:33     -999.948170        0.9747
BFGS:  114 20:41:33     -999.952734        1.3399
BFGS:  115 20:41:33     -999.958480        3.4173
BFGS:  116 20:41:33     -999.961536        4.0420
BFGS:  117 20:41:33     -999.965451        4.2294
BFGS:  118 20:41:33     -999.968533        3.9178
BFGS:  119 20:41:33     -999.971671        2.9953
BFGS:  120 20:41:33     -999.973779        2.1598
BFGS:  121 20:41:33     -999.975640        1.4500
BFGS:  122 20:41:33     -999.977621        0.9848
BFGS:  123 20:41:33     -999.980106        0.9599
BFGS:  124 20:41:33     -999.982471        1.4875
BFGS:  125 20:41:33     -999.984433        1.5792
BFGS:  126 20:41:34     -999.986254        1.1471
BFGS:  127 20:41:34     -999.988569        0.9693
BFGS:  128 20:41:34     -999.991455        0.9916
BFGS:  129 20:41:34     -999.994722        1.4175
BFGS:  130 20:41:34     -999.997875        1.4260
BFGS:  131 20:41:34    -1000.000448        1.1661
BFGS:  132 20:41:34    -1000.002345        0.8441
BFGS:  133 20:41:34    -1000.003911        0.7934
BFGS:  134 20:41:34    -1000.005269        0.8594
BFGS:  135 20:41:34    -1000.006588        0.9538
BFGS:  136 20:41:34    -1000.007754        0.8223
BFGS:  137 20:41:34    -1000.008882        0.8876
BFGS:  138 20:41:34    -1000.010076        0.9767
BFGS:  139 20:41:34    -1000.010141        1.1309
BFGS:  140 20:41:34    -1000.012821        1.0131
BFGS:  141 20:41:34    -1000.015372        0.8504
BFGS:  142 20:41:34    -1000.017788        0.7049
BFGS:  143 20:41:34    -1000.020155        0.6924
BFGS:  144 20:41:34    -1000.022406        0.6789
BFGS:  145 20:41:34    -1000.024495        0.6632
BFGS:  146 20:41:34    -1000.026344        0.6453
BFGS:  147 20:41:34    -1000.027905        0.6236
BFGS:  148 20:41:34    -1000.029167        0.7613
BFGS:  149 20:41:35    -1000.030275        0.9988
BFGS:  150 20:41:35    -1000.031504        1.3072
BFGS:  151 20:41:35    -1000.033300        1.6939
BFGS:  152 20:41:35    -1000.035793        2.1676
BFGS:  153 20:41:35    -1000.037709        2.1943
BFGS:  154 20:41:35    -1000.039007        1.7670
BFGS:  155 20:41:35    -1000.039943        1.1139
BFGS:  156 20:41:35    -1000.040795        0.4859
BFGS:  157 20:41:35    -1000.041606        0.8662
BFGS:  158 20:41:35    -1000.042270        1.1651
BFGS:  159 20:41:35    -1000.042859        1.1736
BFGS:  160 20:41:35    -1000.043486        0.9673
BFGS:  161 20:41:35    -1000.044061        0.6927
BFGS:  162 20:41:35    -1000.044638        0.4387
BFGS:  163 20:41:35    -1000.045118        0.3005
BFGS:  164 20:41:35    -1000.045674        0.2838
BFGS:  165 20:41:35    -1000.046045        0.2734
BFGS:  166 20:41:35    -1000.046474        0.2588
BFGS:  167 20:41:35    -1000.046826        0.4033
BFGS:  168 20:41:35    -1000.047200        1.1533
BFGS:  169 20:41:35    -1000.047499        1.2353
BFGS:  170 20:41:35    -1000.047753        0.8892
BFGS:  171 20:41:36    -1000.048056        0.8397
BFGS:  172 20:41:36    -1000.048415        0.6095
BFGS:  173 20:41:36    -1000.048620        0.4313
BFGS:  174 20:41:36    -1000.048884        0.2327
BFGS:  175 20:41:36    -1000.049040        0.1807
BFGS:  176 20:41:36    -1000.049126        0.1803
BFGS:  177 20:41:36    -1000.049163        0.1841
BFGS:  178 20:41:36    -1000.049190        0.1747
BFGS:  179 20:41:36    -1000.049209        0.1783
BFGS:  180 20:41:36    -1000.049227        0.1835
BFGS:  181 20:41:36    -1000.049239        0.1867
BFGS:  182 20:41:36    -1000.049249        0.1881
BFGS:  183 20:41:36    -1000.049255        0.1873
BFGS:  184 20:41:36    -1000.049262        0.1852
BFGS:  185 20:41:36    -1000.049268        0.1916
BFGS:  186 20:41:36    -1000.049275        0.2455
BFGS:  187 20:41:36    -1000.049281        0.2978
BFGS:  188 20:41:36    -1000.049289        0.3523
BFGS:  189 20:41:36    -1000.049297        0.3923
BFGS:  190 20:41:36    -1000.049308        0.4105
BFGS:  191 20:41:36    -1000.049318        0.3914
BFGS:  192 20:41:36    -1000.049326        0.3519
BFGS:  193 20:41:37    -1000.049331        0.3229
BFGS:  194 20:41:37    -1000.049334        0.3112
BFGS:  195 20:41:37    -1000.049335        0.3096
BFGS:  196 20:41:37    -1000.049336        0.3119
BFGS:  197 20:41:37    -1000.049336        0.3148
BFGS:  198 20:41:37    -1000.049336        0.3172
BFGS:  199 20:41:37    -1000.049336        0.3187
BFGS:  200 20:41:37    -1000.049336        0.3198
BFGS:  201 20:41:37    -1000.049336        0.3202
BFGS:  202 20:41:37    -1000.049336        0.3204
BFGS:  203 20:41:37    -1000.049336        0.3203
BFGS:  204 20:41:37    -1000.049336        0.3201
BFGS:  205 20:41:37    -1000.049336        0.3201
BFGS:  206 20:41:37    -1000.049336        0.3199
