      Step     Time          Energy         fmax
BFGS:    0 20:50:49     -840.071908      130.9556
BFGS:    1 20:50:49     -867.942966       89.8256
BFGS:    2 20:50:49     -884.840822       96.5209
BFGS:    3 20:50:49     -898.796181       90.0754
BFGS:    4 20:50:49     -911.978714       79.4184
BFGS:    5 20:50:49     -921.758050       78.4973
BFGS:    6 20:50:49     -930.126214       68.2581
BFGS:    7 20:50:49     -938.244958       65.1620
BFGS:    8 20:50:50     -945.851688       58.1639
BFGS:    9 20:50:50     -953.287691       53.7175
BFGS:   10 20:50:50     -960.477946       48.2632
BFGS:   11 20:50:50     -967.437496       42.4847
BFGS:   12 20:50:50     -973.796444       39.8830
BFGS:   13 20:50:50     -979.969832       38.2769
BFGS:   14 20:50:50     -985.928271       36.0645
BFGS:   15 20:50:50     -991.849819       34.4947
BFGS:   16 20:50:50     -997.446621       32.3614
BFGS:   17 20:50:50    -1002.872378       32.0048
BFGS:   18 20:50:50    -1008.085264       33.4326
BFGS:   19 20:50:50    -1012.793780       35.0601
BFGS:   20 20:50:50    -1017.524390       36.1634
BFGS:   21 20:50:50    -1022.223048       34.8875
BFGS:   22 20:50:50    -1027.492634       31.9420
BFGS:   23 20:50:50    -1031.562075       28.8830
BFGS:   24 20:50:50    -1035.229871       27.4307
BFGS:   25 20:50:50    -1038.934932       26.3741
BFGS:   26 20:50:50    -1043.642359       24.6405
BFGS:   27 20:50:50    -1048.212657       22.5483
BFGS:   28 20:50:50    -1052.166422       21.7596
BFGS:   29 20:50:50    -1055.423169       21.2039
BFGS:   30 20:50:50    -1058.535909       20.3435
BFGS:   31 20:50:50    -1061.502543       19.3056
BFGS:   32 20:50:50    -1064.184368       18.5008
BFGS:   33 20:50:50    -1066.466930       17.7055
BFGS:   34 20:50:50    -1068.706435       16.3839
BFGS:   35 20:50:50    -1070.709076       13.9438
BFGS:   36 20:50:50    -1072.545582       12.0755
BFGS:   37 20:50:51    -1073.929007       10.7593
BFGS:   38 20:50:51    -1075.111422       11.4849
BFGS:   39 20:50:51    -1076.181976       11.2811
BFGS:   40 20:50:51    -1077.261915        9.8731
BFGS:   41 20:50:51    -1078.291820        8.6543
BFGS:   42 20:50:51    -1079.176563        8.4871
BFGS:   43 20:50:51    -1079.856754        9.1652
BFGS:   44 20:50:51    -1080.570733        9.5793
BFGS:   45 20:50:51    -1081.184630       11.1068
BFGS:   46 20:50:51    -1081.732435       11.6381
BFGS:   47 20:50:51    -1082.259874        9.6584
BFGS:   48 20:50:51    -1082.885853        8.8538
BFGS:   49 20:50:51    -1083.569308        8.1798
BFGS:   50 20:50:51    -1084.128989        7.2416
BFGS:   51 20:50:51    -1084.649232        6.4402
BFGS:   52 20:50:51    -1085.267168        5.6877
BFGS:   53 20:50:51    -1085.766484        4.9868
BFGS:   54 20:50:51    -1086.131858        4.3200
BFGS:   55 20:50:51    -1086.408364        3.7033
BFGS:   56 20:50:51    -1086.641211        3.4497
BFGS:   57 20:50:51    -1086.828239        3.9881
BFGS:   58 20:50:51    -1087.113690        6.5748
BFGS:   59 20:50:51    -1087.596347        6.8867
BFGS:   60 20:50:51    -1088.011502        5.3529
BFGS:   61 20:50:51    -1088.322692        3.0227
BFGS:   62 20:50:51    -1088.535115        2.5753
BFGS:   63 20:50:51    -1088.693120        3.2674
BFGS:   64 20:50:51    -1088.903542        3.2613
BFGS:   65 20:50:51    -1089.072039        3.5884
BFGS:   66 20:50:51    -1089.216009        4.6884
BFGS:   67 20:50:51    -1089.324715        4.8553
BFGS:   68 20:50:51    -1089.525482        4.4466
BFGS:   69 20:50:52    -1089.730745        4.1937
BFGS:   70 20:50:52    -1090.066787        3.9539
BFGS:   71 20:50:52    -1090.432088        3.4342
BFGS:   72 20:50:52    -1090.735790        3.0419
BFGS:   73 20:50:52    -1090.938342        3.2727
BFGS:   74 20:50:52    -1091.104104        3.8573
BFGS:   75 20:50:52    -1091.256191        4.4914
BFGS:   76 20:50:52    -1091.413257        5.0533
BFGS:   77 20:50:52    -1091.588230        5.2468
BFGS:   78 20:50:52    -1091.788265        5.1898
BFGS:   79 20:50:52    -1092.013102        4.7131
BFGS:   80 20:50:52    -1092.240751        4.3388
BFGS:   81 20:50:52    -1092.520837        4.9684
BFGS:   82 20:50:52    -1092.904002        5.9189
BFGS:   83 20:50:52    -1093.406383        5.9404
BFGS:   84 20:50:52    -1093.896664        5.5956
BFGS:   85 20:50:52    -1094.342090        5.8955
BFGS:   86 20:50:52    -1094.843119        6.0767
BFGS:   87 20:50:52    -1095.296664        7.1960
BFGS:   88 20:50:52    -1095.693361        8.0583
BFGS:   89 20:50:52    -1095.976680        6.8308
BFGS:   90 20:50:52    -1096.288157        6.1204
BFGS:   91 20:50:52    -1096.618219        4.9375
BFGS:   92 20:50:52    -1096.781456        3.3496
BFGS:   93 20:50:52    -1096.907334        3.3104
BFGS:   94 20:50:52    -1097.032512        3.0302
BFGS:   95 20:50:52    -1097.139241        3.3705
BFGS:   96 20:50:52    -1097.214190        3.8511
BFGS:   97 20:50:52    -1097.263607        3.8267
BFGS:   98 20:50:52    -1097.310901        3.0244
BFGS:   99 20:50:52    -1097.343816        2.1942
BFGS:  100 20:50:52    -1097.368130        1.7820
BFGS:  101 20:50:52    -1097.388939        1.6868
BFGS:  102 20:50:52    -1097.415112        1.5177
BFGS:  103 20:50:53    -1097.440101        1.5341
BFGS:  104 20:50:53    -1097.469030        1.4721
BFGS:  105 20:50:53    -1097.506383        1.5961
BFGS:  106 20:50:53    -1097.544834        1.9936
BFGS:  107 20:50:53    -1097.588581        2.6852
BFGS:  108 20:50:53    -1097.629980        3.5880
BFGS:  109 20:50:53    -1097.673510        4.6475
BFGS:  110 20:50:53    -1097.751530        4.5299
BFGS:  111 20:50:53    -1097.876246        4.1990
BFGS:  112 20:50:53    -1097.993222        3.7621
BFGS:  113 20:50:53    -1098.108970        4.0192
BFGS:  114 20:50:53    -1098.212673        3.7136
BFGS:  115 20:50:53    -1098.317146        3.8125
BFGS:  116 20:50:53    -1098.458554        3.7922
BFGS:  117 20:50:53    -1098.641115        3.9680
BFGS:  118 20:50:53    -1098.839663        4.9060
BFGS:  119 20:50:53    -1099.026204        6.0287
BFGS:  120 20:50:53    -1099.206224        6.8885
BFGS:  121 20:50:53    -1099.369329        7.1427
BFGS:  122 20:50:53    -1099.548408        7.7154
BFGS:  123 20:50:53    -1099.663781        6.7420
BFGS:  124 20:50:53    -1099.782619        6.9860
BFGS:  125 20:50:53    -1099.923504        6.9228
BFGS:  126 20:50:53    -1100.069974        7.1479
BFGS:  127 20:50:53    -1100.236904        7.2384
BFGS:  128 20:50:53    -1100.406593        7.5647
BFGS:  129 20:50:53    -1100.582824        7.5101
BFGS:  130 20:50:53    -1100.710315        7.2902
BFGS:  131 20:50:53    -1100.813181        6.9640
BFGS:  132 20:50:53    -1100.899534        6.4666
BFGS:  133 20:50:53    -1100.970555        5.7453
BFGS:  134 20:50:53    -1101.049385        5.5720
BFGS:  135 20:50:53    -1101.144612        5.1895
BFGS:  136 20:50:53    -1101.233127        6.2384
BFGS:  137 20:50:53    -1101.331081        6.6061
BFGS:  138 20:50:54    -1101.490129        7.2085
BFGS:  139 20:50:54    -1101.597993        7.0143
BFGS:  140 20:50:54    -1101.707723        6.8200
BFGS:  141 20:50:54    -1101.796647        7.0252
BFGS:  142 20:50:54    -1101.907834        7.0681
BFGS:  143 20:50:54    -1102.037150        7.1300
BFGS:  144 20:50:54    -1102.175664        7.1216
BFGS:  145 20:50:54    -1102.327159        7.0508
BFGS:  146 20:50:54    -1102.494032        7.0339
BFGS:  147 20:50:54    -1102.707685        6.9976
BFGS:  148 20:50:54    -1103.013575        6.9256
BFGS:  149 20:50:54    -1103.354254        7.0280
BFGS:  150 20:50:54    -1103.696586        7.2157
BFGS:  151 20:50:54    -1104.059159        7.2143
BFGS:  152 20:50:54    -1104.275151        7.1969
BFGS:  153 20:50:54    -1104.493186        6.4257
BFGS:  154 20:50:54    -1104.589587        5.4147
BFGS:  155 20:50:54    -1104.655193        5.1649
BFGS:  156 20:50:54    -1104.703470        5.1875
BFGS:  157 20:50:54    -1104.765851        5.4754
BFGS:  158 20:50:54    -1104.837638        5.8966
BFGS:  159 20:50:54    -1104.900619        6.3659
BFGS:  160 20:50:54    -1104.939938        6.8856
BFGS:  161 20:50:54    -1105.004457        6.6503
BFGS:  162 20:50:54    -1105.040895        6.6321
BFGS:  163 20:50:54    -1105.065341        6.4569
BFGS:  164 20:50:54    -1105.102576        6.3846
BFGS:  165 20:50:54    -1105.155054        6.3721
BFGS:  166 20:50:54    -1105.243646        6.0340
BFGS:  167 20:50:54    -1105.356496        5.7071
BFGS:  168 20:50:54    -1105.489892        4.6359
BFGS:  169 20:50:54    -1105.610413        3.8151
BFGS:  170 20:50:54    -1105.678590        3.3762
BFGS:  171 20:50:54    -1105.721887        3.6983
BFGS:  172 20:50:54    -1105.747110        3.6467
BFGS:  173 20:50:55    -1105.767782        3.4463
BFGS:  174 20:50:55    -1105.778040        3.5319
BFGS:  175 20:50:55    -1105.785878        3.5854
BFGS:  176 20:50:55    -1105.790998        3.6022
BFGS:  177 20:50:55    -1105.795524        3.6724
BFGS:  178 20:50:55    -1105.800654        3.5946
BFGS:  179 20:50:55    -1105.807257        3.4379
BFGS:  180 20:50:55    -1105.815034        3.3992
BFGS:  181 20:50:55    -1105.823633        3.3805
BFGS:  182 20:50:55    -1105.831475        3.3535
BFGS:  183 20:50:55    -1105.838134        3.2439
BFGS:  184 20:50:55    -1105.843740        3.1660
BFGS:  185 20:50:55    -1105.848780        3.0893
BFGS:  186 20:50:55    -1105.853702        3.0481
BFGS:  187 20:50:55    -1105.858502        3.0217
BFGS:  188 20:50:55    -1105.862731        3.0059
BFGS:  189 20:50:55    -1105.867066        2.9818
BFGS:  190 20:50:55    -1105.873006        3.0107
BFGS:  191 20:50:55    -1105.882723        3.2630
BFGS:  192 20:50:55    -1105.899330        3.3662
BFGS:  193 20:50:55    -1105.923934        3.3443
BFGS:  194 20:50:55    -1105.949990        3.3403
BFGS:  195 20:50:55    -1105.978444        3.2541
BFGS:  196 20:50:55    -1106.005900        3.1191
BFGS:  197 20:50:55    -1106.033175        2.9537
BFGS:  198 20:50:55    -1106.057669        2.7808
BFGS:  199 20:50:55    -1106.082093        2.5839
BFGS:  200 20:50:55    -1106.102360        2.4133
BFGS:  201 20:50:55    -1106.124658        2.1758
BFGS:  202 20:50:55    -1106.140430        2.0278
BFGS:  203 20:50:55    -1106.158139        1.7997
BFGS:  204 20:50:55    -1106.172169        1.6148
BFGS:  205 20:50:55    -1106.185865        1.3876
BFGS:  206 20:50:55    -1106.196743        1.1877
BFGS:  207 20:50:56    -1106.206819        0.9452
BFGS:  208 20:50:56    -1106.213613        0.7597
BFGS:  209 20:50:56    -1106.219973        0.5821
BFGS:  210 20:50:56    -1106.222829        0.4590
BFGS:  211 20:50:56    -1106.225515        0.3730
BFGS:  212 20:50:56    -1106.226861        0.3243
BFGS:  213 20:50:56    -1106.228892        0.3199
BFGS:  214 20:50:56    -1106.229813        0.3119
BFGS:  215 20:50:56    -1106.230620        0.2135
BFGS:  216 20:50:56    -1106.231096        0.1687
BFGS:  217 20:50:56    -1106.231398        0.1158
BFGS:  218 20:50:56    -1106.231535        0.0680
