      Step     Time          Energy         fmax
BFGS:    0 20:51:24     -763.959392      284.3184
BFGS:    1 20:51:24     -806.630760      212.2744
BFGS:    2 20:51:24     -830.512314      216.3397
BFGS:    3 20:51:24     -850.402295      191.1546
BFGS:    4 20:51:24     -866.231354      188.0978
BFGS:    5 20:51:24     -881.494723      176.6577
BFGS:    6 20:51:24     -897.321704      165.0852
BFGS:    7 20:51:24     -910.267015      152.6747
BFGS:    8 20:51:24     -921.044103      140.3605
BFGS:    9 20:51:24     -932.761374      126.2582
BFGS:   10 20:51:24     -941.627842      115.1680
BFGS:   11 20:51:24     -948.860331      105.6873
BFGS:   12 20:51:25     -956.731044       93.5741
BFGS:   13 20:51:25     -963.859521       85.4345
BFGS:   14 20:51:25     -970.170884       74.8809
BFGS:   15 20:51:25     -976.564712       73.4289
BFGS:   16 20:51:25     -980.540383       69.0976
BFGS:   17 20:51:25     -984.561776       66.2074
BFGS:   18 20:51:25     -988.593470       59.2968
BFGS:   19 20:51:25     -992.130375       54.4132
BFGS:   20 20:51:25     -995.367980       50.4653
BFGS:   21 20:51:25     -998.576301       46.3484
BFGS:   22 20:51:25    -1001.222573       42.5691
BFGS:   23 20:51:25    -1003.528563       38.9792
BFGS:   24 20:51:25    -1005.751055       34.7096
BFGS:   25 20:51:25    -1008.128725       30.7340
BFGS:   26 20:51:25    -1010.363100       28.0402
BFGS:   27 20:51:25    -1012.512730       26.9020
BFGS:   28 20:51:25    -1014.709633       25.6030
BFGS:   29 20:51:25    -1016.532024       27.2752
BFGS:   30 20:51:25    -1018.364583       28.2886
BFGS:   31 20:51:25    -1020.290954       29.2525
BFGS:   32 20:51:25    -1022.186828       29.6272
BFGS:   33 20:51:25    -1023.719842       28.9153
BFGS:   34 20:51:25    -1025.217471       27.9800
BFGS:   35 20:51:25    -1026.730070       26.9429
BFGS:   36 20:51:25    -1028.212701       25.9273
BFGS:   37 20:51:25    -1029.601022       24.9154
BFGS:   38 20:51:25    -1030.797326       23.5645
BFGS:   39 20:51:25    -1031.820965       22.5187
BFGS:   40 20:51:26    -1032.729192       22.0492
BFGS:   41 20:51:26    -1033.569772       25.2358
BFGS:   42 20:51:26    -1034.449485       26.7173
BFGS:   43 20:51:26    -1035.331363       28.8502
BFGS:   44 20:51:26    -1036.132268       32.3402
BFGS:   45 20:51:26    -1037.275689       30.5356
BFGS:   46 20:51:26    -1038.348604       30.7786
BFGS:   47 20:51:26    -1039.475250       29.3997
BFGS:   48 20:51:26    -1040.681378       28.3932
BFGS:   49 20:51:26    -1041.860988       26.5901
BFGS:   50 20:51:26    -1043.062393       24.3680
BFGS:   51 20:51:26    -1044.294594       21.7381
BFGS:   52 20:51:26    -1045.701151       19.9205
BFGS:   53 20:51:26    -1047.098840       18.0273
BFGS:   54 20:51:26    -1048.350856       17.9499
BFGS:   55 20:51:26    -1049.600508       18.5538
BFGS:   56 20:51:26    -1051.013598       20.2560
BFGS:   57 20:51:26    -1052.390520       21.0822
BFGS:   58 20:51:26    -1053.919624       23.6749
BFGS:   59 20:51:26    -1055.200516       24.8006
BFGS:   60 20:51:26    -1056.505571       24.8624
BFGS:   61 20:51:26    -1057.584306       22.9408
BFGS:   62 20:51:26    -1058.635645       19.6546
BFGS:   63 20:51:26    -1059.613203       15.4906
BFGS:   64 20:51:26    -1060.656060       14.5381
BFGS:   65 20:51:26    -1061.545532       13.9497
BFGS:   66 20:51:26    -1062.212551       11.8765
BFGS:   67 20:51:26    -1062.818577       11.3017
BFGS:   68 20:51:27    -1063.358959       10.2208
BFGS:   69 20:51:27    -1063.883974        9.9589
BFGS:   70 20:51:27    -1064.387650       10.1598
BFGS:   71 20:51:27    -1064.896579        9.7414
BFGS:   72 20:51:27    -1065.437946        9.2281
BFGS:   73 20:51:27    -1066.068112        9.0313
BFGS:   74 20:51:27    -1066.851577        9.0971
BFGS:   75 20:51:27    -1067.604170        8.8757
BFGS:   76 20:51:27    -1068.466039       10.8863
BFGS:   77 20:51:27    -1069.319629       13.6414
BFGS:   78 20:51:27    -1070.238857       14.9349
BFGS:   79 20:51:27    -1071.088513       16.6776
BFGS:   80 20:51:27    -1071.960077       17.2787
BFGS:   81 20:51:27    -1072.785128       17.8382
BFGS:   82 20:51:27    -1073.622624       17.4215
BFGS:   83 20:51:27    -1074.454435       16.7153
BFGS:   84 20:51:27    -1075.324753       15.2328
BFGS:   85 20:51:27    -1076.171032       15.9833
BFGS:   86 20:51:27    -1077.060880       15.9013
BFGS:   87 20:51:27    -1077.943558       15.5272
BFGS:   88 20:51:27    -1078.943533       13.1592
BFGS:   89 20:51:27    -1079.623525       15.0916
BFGS:   90 20:51:27    -1080.357188       13.2980
BFGS:   91 20:51:27    -1081.132677       12.8984
BFGS:   92 20:51:27    -1082.107946       10.2922
BFGS:   93 20:51:27    -1083.128397        8.1553
BFGS:   94 20:51:27    -1084.018486        8.5181
BFGS:   95 20:51:27    -1084.755689       10.2734
BFGS:   96 20:51:28    -1085.445706       10.4820
BFGS:   97 20:51:28    -1086.097119        9.8483
BFGS:   98 20:51:28    -1086.710370        8.3756
BFGS:   99 20:51:28    -1087.364026        7.1274
BFGS:  100 20:51:28    -1088.021294        6.9896
BFGS:  101 20:51:28    -1088.538849        7.0198
BFGS:  102 20:51:28    -1088.912041        5.5293
BFGS:  103 20:51:28    -1089.236251        5.9798
BFGS:  104 20:51:28    -1089.519654        5.6708
BFGS:  105 20:51:28    -1089.679268        4.0869
BFGS:  106 20:51:28    -1089.800652        4.1188
BFGS:  107 20:51:28    -1089.928113        4.4277
BFGS:  108 20:51:28    -1090.041509        4.6272
BFGS:  109 20:51:28    -1090.156170        5.3502
BFGS:  110 20:51:28    -1090.239569        4.4216
BFGS:  111 20:51:28    -1090.329276        4.0673
BFGS:  112 20:51:28    -1090.413388        3.5543
BFGS:  113 20:51:28    -1090.463769        3.9673
BFGS:  114 20:51:28    -1090.517342        4.6590
BFGS:  115 20:51:28    -1090.579205        5.1163
BFGS:  116 20:51:28    -1090.641073        5.5176
BFGS:  117 20:51:28    -1090.730177        5.0505
BFGS:  118 20:51:28    -1090.834918        4.1518
BFGS:  119 20:51:28    -1090.933812        3.8090
BFGS:  120 20:51:28    -1091.055639        3.1521
BFGS:  121 20:51:28    -1091.142415        3.6548
BFGS:  122 20:51:28    -1091.186424        3.6512
BFGS:  123 20:51:28    -1091.251451        3.5983
BFGS:  124 20:51:29    -1091.292120        3.4230
BFGS:  125 20:51:29    -1091.328978        2.8430
BFGS:  126 20:51:29    -1091.341860        1.9461
BFGS:  127 20:51:29    -1091.352073        2.7633
BFGS:  128 20:51:29    -1091.366127        1.5666
BFGS:  129 20:51:29    -1091.378364        1.3402
BFGS:  130 20:51:29    -1091.389491        1.1571
BFGS:  131 20:51:29    -1091.395947        0.8650
BFGS:  132 20:51:29    -1091.400140        0.7106
BFGS:  133 20:51:29    -1091.402678        0.7797
BFGS:  134 20:51:29    -1091.404694        0.7819
BFGS:  135 20:51:29    -1091.407042        0.6475
BFGS:  136 20:51:29    -1091.408867        0.4774
BFGS:  137 20:51:29    -1091.410228        0.3163
BFGS:  138 20:51:29    -1091.411162        0.2238
BFGS:  139 20:51:29    -1091.411784        0.1704
BFGS:  140 20:51:29    -1091.412160        0.1742
BFGS:  141 20:51:29    -1091.412406        0.2176
BFGS:  142 20:51:29    -1091.412603        0.2482
BFGS:  143 20:51:29    -1091.412790        0.2473
BFGS:  144 20:51:29    -1091.412957        0.2108
BFGS:  145 20:51:29    -1091.413078        0.1571
BFGS:  146 20:51:29    -1091.413157        0.1547
BFGS:  147 20:51:29    -1091.413222        0.1684
BFGS:  148 20:51:29    -1091.413297        0.1834
BFGS:  149 20:51:29    -1091.413386        0.2199
BFGS:  150 20:51:29    -1091.413487        0.2693
BFGS:  151 20:51:30    -1091.413596        0.3178
BFGS:  152 20:51:30    -1091.413741        0.3684
BFGS:  153 20:51:30    -1091.413960        0.4165
BFGS:  154 20:51:30    -1091.414232        0.4006
BFGS:  155 20:51:30    -1091.414572        0.3397
BFGS:  156 20:51:30    -1091.414808        0.3243
BFGS:  157 20:51:30    -1091.414950        0.2733
BFGS:  158 20:51:30    -1091.415095        0.3175
BFGS:  159 20:51:30    -1091.415260        0.3884
BFGS:  160 20:51:30    -1091.415372        0.4114
BFGS:  161 20:51:30    -1091.415542        0.4172
BFGS:  162 20:51:30    -1091.415653        0.3886
BFGS:  163 20:51:30    -1091.415782        0.3266
BFGS:  164 20:51:30    -1091.415861        0.2922
BFGS:  165 20:51:30    -1091.415969        0.2449
BFGS:  166 20:51:30    -1091.416053        0.2267
BFGS:  167 20:51:30    -1091.416126        0.2157
BFGS:  168 20:51:30    -1091.416161        0.2223
BFGS:  169 20:51:30    -1091.416182        0.2232
BFGS:  170 20:51:30    -1091.416198        0.2237
BFGS:  171 20:51:30    -1091.416216        0.2221
BFGS:  172 20:51:30    -1091.416232        0.2253
BFGS:  173 20:51:30    -1091.416247        0.2318
BFGS:  174 20:51:30    -1091.416253        0.2360
BFGS:  175 20:51:30    -1091.416258        0.2412
BFGS:  176 20:51:30    -1091.416259        0.2419
BFGS:  177 20:51:30    -1091.416262        0.2433
BFGS:  178 20:51:31    -1091.416263        0.2421
BFGS:  179 20:51:31    -1091.416268        0.2379
