      Step     Time          Energy         fmax
BFGS:    0 20:50:32     -785.387987      182.3648
BFGS:    1 20:50:32     -838.741730      137.7316
BFGS:    2 20:50:32     -855.362984      128.4305
BFGS:    3 20:50:32     -873.966587      126.9000
BFGS:    4 20:50:32     -888.060246      115.2454
BFGS:    5 20:50:32     -899.901463      113.7968
BFGS:    6 20:50:32     -908.940607      100.7198
BFGS:    7 20:50:32     -918.777720       98.0958
BFGS:    8 20:50:32     -927.237102       89.5443
BFGS:    9 20:50:32     -935.618254       81.1971
BFGS:   10 20:50:32     -942.964418       70.9830
BFGS:   11 20:50:32     -949.855892       64.8618
BFGS:   12 20:50:32     -955.258036       57.3444
BFGS:   13 20:50:32     -959.867030       53.7318
BFGS:   14 20:50:32     -964.377693       48.9939
BFGS:   15 20:50:32     -969.408633       45.2167
BFGS:   16 20:50:32     -974.710828       40.9813
BFGS:   17 20:50:32     -979.795026       37.8372
BFGS:   18 20:50:32     -984.660347       35.1791
BFGS:   19 20:50:32     -989.194673       33.9560
BFGS:   20 20:50:32     -993.565879       34.8108
BFGS:   21 20:50:32     -998.162448       35.9153
BFGS:   22 20:50:32    -1002.567461       35.4551
BFGS:   23 20:50:32    -1006.584478       35.3017
BFGS:   24 20:50:32    -1010.475671       33.9656
BFGS:   25 20:50:33    -1014.733223       33.9045
BFGS:   26 20:50:33    -1018.788603       34.5280
BFGS:   27 20:50:33    -1022.683077       34.8990
BFGS:   28 20:50:33    -1026.544240       34.9648
BFGS:   29 20:50:33    -1030.460175       34.4474
BFGS:   30 20:50:33    -1034.263351       33.2076
BFGS:   31 20:50:33    -1038.152745       31.4517
BFGS:   32 20:50:33    -1041.691711       29.1414
BFGS:   33 20:50:33    -1044.993074       26.7470
BFGS:   34 20:50:33    -1047.874949       25.0565
BFGS:   35 20:50:33    -1050.268441       21.8750
BFGS:   36 20:50:33    -1052.367403       20.3866
BFGS:   37 20:50:33    -1054.071649       20.2432
BFGS:   38 20:50:33    -1055.418704       18.2309
BFGS:   39 20:50:33    -1056.514790       18.0385
BFGS:   40 20:50:33    -1057.534190       17.8169
BFGS:   41 20:50:33    -1058.541989       17.4634
BFGS:   42 20:50:33    -1059.608251       17.6844
BFGS:   43 20:50:33    -1060.831708       17.7990
BFGS:   44 20:50:33    -1062.189040       17.4316
BFGS:   45 20:50:33    -1063.449301       17.8044
BFGS:   46 20:50:33    -1064.725423       16.9754
BFGS:   47 20:50:33    -1065.975658       17.3432
BFGS:   48 20:50:33    -1067.258498       17.8255
BFGS:   49 20:50:33    -1068.370236       18.8666
BFGS:   50 20:50:33    -1069.530548       17.7280
BFGS:   51 20:50:33    -1070.683764       14.7896
BFGS:   52 20:50:33    -1071.475235       11.3066
BFGS:   53 20:50:34    -1072.284113        9.0417
BFGS:   54 20:50:34    -1073.052714        9.2421
BFGS:   55 20:50:34    -1073.847971        9.7267
BFGS:   56 20:50:34    -1074.611834       10.0808
BFGS:   57 20:50:34    -1075.358379       10.8065
BFGS:   58 20:50:34    -1076.119761       11.2413
BFGS:   59 20:50:34    -1076.968779       11.2128
BFGS:   60 20:50:34    -1077.916675       10.4478
BFGS:   61 20:50:34    -1078.838218        8.9124
BFGS:   62 20:50:34    -1079.552080        8.4975
BFGS:   63 20:50:34    -1080.277810        7.9827
BFGS:   64 20:50:34    -1080.880316        7.6100
BFGS:   65 20:50:34    -1081.440455        5.8886
BFGS:   66 20:50:34    -1081.892822        5.6899
BFGS:   67 20:50:34    -1082.229670        5.1382
BFGS:   68 20:50:34    -1082.523606        5.3775
BFGS:   69 20:50:34    -1082.797509        5.1844
BFGS:   70 20:50:34    -1083.033768        5.8561
BFGS:   71 20:50:34    -1083.233200        6.0242
BFGS:   72 20:50:34    -1083.400442        5.6001
BFGS:   73 20:50:34    -1083.515135        4.9733
BFGS:   74 20:50:34    -1083.664553        4.0302
BFGS:   75 20:50:34    -1083.902356        4.2088
BFGS:   76 20:50:34    -1084.127234        5.0144
BFGS:   77 20:50:34    -1084.341140        5.8467
BFGS:   78 20:50:34    -1084.581368        6.1644
BFGS:   79 20:50:34    -1084.875570        5.9354
BFGS:   80 20:50:34    -1085.180091        4.9840
BFGS:   81 20:50:35    -1085.432309        4.2766
BFGS:   82 20:50:35    -1085.655521        4.0582
BFGS:   83 20:50:35    -1085.833255        4.2335
BFGS:   84 20:50:35    -1085.995682        3.9491
BFGS:   85 20:50:35    -1086.121173        4.1045
BFGS:   86 20:50:35    -1086.220645        3.5461
BFGS:   87 20:50:35    -1086.347349        2.2166
BFGS:   88 20:50:35    -1086.444567        2.1869
BFGS:   89 20:50:35    -1086.520581        2.7745
BFGS:   90 20:50:35    -1086.567484        2.0216
BFGS:   91 20:50:35    -1086.588679        1.8512
BFGS:   92 20:50:35    -1086.596345        1.7514
BFGS:   93 20:50:35    -1086.602548        1.4467
BFGS:   94 20:50:35    -1086.612937        1.0492
BFGS:   95 20:50:35    -1086.628211        1.2823
BFGS:   96 20:50:35    -1086.645633        2.0166
BFGS:   97 20:50:35    -1086.667562        2.5254
BFGS:   98 20:50:35    -1086.651564        4.4637
BFGS:   99 20:50:35    -1086.713584        2.6135
BFGS:  100 20:50:35    -1086.759055        2.3356
BFGS:  101 20:50:35    -1086.887404        3.4301
BFGS:  102 20:50:35    -1086.982251        4.6681
BFGS:  103 20:50:35    -1087.108146        5.4977
BFGS:  104 20:50:35    -1087.227698        5.9082
BFGS:  105 20:50:35    -1087.313646        6.4404
BFGS:  106 20:50:35    -1087.388188        5.7655
BFGS:  107 20:50:35    -1087.464709        6.9968
BFGS:  108 20:50:35    -1087.532563        6.6157
BFGS:  109 20:50:36    -1087.633058        5.2881
BFGS:  110 20:50:36    -1087.671866        4.9916
BFGS:  111 20:50:36    -1087.716086        4.6825
BFGS:  112 20:50:36    -1087.740179        4.5823
BFGS:  113 20:50:36    -1087.776851        4.5637
BFGS:  114 20:50:36    -1087.815325        4.4142
BFGS:  115 20:50:36    -1087.852233        4.4372
BFGS:  116 20:50:36    -1087.876051        4.2460
BFGS:  117 20:50:36    -1087.898146        4.0359
BFGS:  118 20:50:36    -1087.918666        4.0002
BFGS:  119 20:50:36    -1087.949389        3.2915
BFGS:  120 20:50:36    -1087.972909        3.0046
BFGS:  121 20:50:36    -1087.997609        3.4636
BFGS:  122 20:50:36    -1088.009735        4.0214
BFGS:  123 20:50:36    -1088.049192        3.3220
BFGS:  124 20:50:36    -1088.115395        2.6597
BFGS:  125 20:50:36    -1088.227483        3.4757
BFGS:  126 20:50:36    -1088.314197        4.8095
BFGS:  127 20:50:36    -1088.376604        6.3217
BFGS:  128 20:50:36    -1088.472673        7.4661
BFGS:  129 20:50:36    -1088.547014        8.5839
BFGS:  130 20:50:36    -1088.713878        8.5820
BFGS:  131 20:50:36    -1088.904301        8.6075
BFGS:  132 20:50:36    -1089.125265        7.2915
BFGS:  133 20:50:36    -1089.274733        7.4780
BFGS:  134 20:50:36    -1089.417617        8.0901
BFGS:  135 20:50:36    -1089.756845        8.8917
BFGS:  136 20:50:36    -1090.181225        8.3645
BFGS:  137 20:50:36    -1090.677382        8.6362
BFGS:  138 20:50:36    -1091.094081        8.9329
BFGS:  139 20:50:37    -1091.501068        8.7312
BFGS:  140 20:50:37    -1091.879769        8.1275
BFGS:  141 20:50:37    -1092.320312        7.1250
BFGS:  142 20:50:37    -1092.753922        6.5432
BFGS:  143 20:50:37    -1093.232612        6.9640
BFGS:  144 20:50:37    -1093.729248        8.3257
BFGS:  145 20:50:37    -1094.212850        9.1765
BFGS:  146 20:50:37    -1094.738293        9.7117
BFGS:  147 20:50:37    -1095.230836        9.0830
BFGS:  148 20:50:37    -1095.711917        7.9034
BFGS:  149 20:50:37    -1096.166003        6.9431
BFGS:  150 20:50:37    -1096.565596        6.4135
BFGS:  151 20:50:37    -1096.895762        5.8990
BFGS:  152 20:50:37    -1097.245080        4.9832
BFGS:  153 20:50:37    -1097.548818        5.3548
BFGS:  154 20:50:37    -1097.886959        5.7782
BFGS:  155 20:50:37    -1098.227808        7.5021
BFGS:  156 20:50:37    -1098.545461        7.7542
BFGS:  157 20:50:37    -1098.823557        7.0870
BFGS:  158 20:50:37    -1099.114406        5.5519
BFGS:  159 20:50:37    -1099.414405        4.3440
BFGS:  160 20:50:37    -1099.732359        3.4224
BFGS:  161 20:50:37    -1099.922842        4.1268
BFGS:  162 20:50:37    -1100.046203        3.1725
BFGS:  163 20:50:37    -1100.130219        2.9537
BFGS:  164 20:50:37    -1100.177523        2.5372
BFGS:  165 20:50:37    -1100.238633        2.3085
BFGS:  166 20:50:37    -1100.310973        2.4896
BFGS:  167 20:50:37    -1100.429979        3.1407
BFGS:  168 20:50:37    -1100.566125        4.4070
BFGS:  169 20:50:37    -1100.695398        5.8688
BFGS:  170 20:50:37    -1100.797510        7.1667
BFGS:  171 20:50:37    -1100.854199        7.4242
BFGS:  172 20:50:38    -1100.888270        7.0707
BFGS:  173 20:50:38    -1100.910919        7.2160
BFGS:  174 20:50:38    -1100.957967        7.9376
BFGS:  175 20:50:38    -1100.992018        8.2451
BFGS:  176 20:50:38    -1101.050056        8.3622
BFGS:  177 20:50:38    -1101.092486        8.3991
BFGS:  178 20:50:38    -1101.123372        8.4929
BFGS:  179 20:50:38    -1101.155491        7.9034
BFGS:  180 20:50:38    -1101.238200        7.1409
BFGS:  181 20:50:38    -1101.324657        7.1195
BFGS:  182 20:50:38    -1101.408726        8.8851
BFGS:  183 20:50:38    -1101.561415        9.5216
BFGS:  184 20:50:38    -1101.759537       10.3281
BFGS:  185 20:50:38    -1102.076164       10.3288
BFGS:  186 20:50:38    -1102.538205        9.9902
BFGS:  187 20:50:38    -1103.259951        9.1376
BFGS:  188 20:50:38    -1103.719083        8.9484
BFGS:  189 20:50:38    -1104.345577        7.5819
BFGS:  190 20:50:38    -1104.673521        6.1305
BFGS:  191 20:50:38    -1104.933079        6.3795
BFGS:  192 20:50:38    -1105.138144        6.0545
BFGS:  193 20:50:38    -1105.251656        5.0604
BFGS:  194 20:50:38    -1105.295709        4.9903
BFGS:  195 20:50:38    -1105.336740        4.7549
BFGS:  196 20:50:38    -1105.354954        4.6483
BFGS:  197 20:50:38    -1105.369374        4.5678
BFGS:  198 20:50:38    -1105.380778        4.6201
BFGS:  199 20:50:38    -1105.389811        4.4765
BFGS:  200 20:50:38    -1105.397014        4.5047
BFGS:  201 20:50:38    -1105.403594        4.5314
BFGS:  202 20:50:38    -1105.411243        4.5328
BFGS:  203 20:50:38    -1105.419065        4.5652
BFGS:  204 20:50:38    -1105.425991        4.5635
BFGS:  205 20:50:38    -1105.431234        4.5230
BFGS:  206 20:50:39    -1105.434971        4.4520
BFGS:  207 20:50:39    -1105.437984        4.3901
BFGS:  208 20:50:39    -1105.441166        4.3350
BFGS:  209 20:50:39    -1105.444903        4.2980
BFGS:  210 20:50:39    -1105.448469        4.2773
BFGS:  211 20:50:39    -1105.451076        4.2742
BFGS:  212 20:50:39    -1105.452835        4.2624
BFGS:  213 20:50:39    -1105.454370        4.2353
BFGS:  214 20:50:39    -1105.455825        4.1840
BFGS:  215 20:50:39    -1105.457006        4.1328
BFGS:  216 20:50:39    -1105.457769        4.1133
BFGS:  217 20:50:39    -1105.458245        4.1463
BFGS:  218 20:50:39    -1105.458571        4.1725
BFGS:  219 20:50:39    -1105.458825        4.1882
BFGS:  220 20:50:39    -1105.459049        4.1929
BFGS:  221 20:50:39    -1105.459285        4.2134
BFGS:  222 20:50:39    -1105.459543        4.2162
BFGS:  223 20:50:39    -1105.459778        4.1953
BFGS:  224 20:50:39    -1105.459937        4.1588
BFGS:  225 20:50:39    -1105.460028        4.1270
BFGS:  226 20:50:39    -1105.460086        4.1047
BFGS:  227 20:50:39    -1105.460129        4.0985
BFGS:  228 20:50:39    -1105.460166        4.0987
BFGS:  229 20:50:39    -1105.460201        4.0966
BFGS:  230 20:50:39    -1105.460228        4.0917
BFGS:  231 20:50:39    -1105.460244        4.0862
BFGS:  232 20:50:39    -1105.460252        4.0864
BFGS:  233 20:50:39    -1105.460256        4.0897
BFGS:  234 20:50:39    -1105.460260        4.0917
BFGS:  235 20:50:39    -1105.460263        4.0932
BFGS:  236 20:50:39    -1105.460267        4.0942
BFGS:  237 20:50:39    -1105.460271        4.0951
BFGS:  238 20:50:39    -1105.460274        4.0960
BFGS:  239 20:50:39    -1105.460277        4.0970
