      Step     Time          Energy         fmax
BFGS:    0 20:44:03     -890.929574      177.7624
BFGS:    1 20:44:03     -929.386410      132.1968
BFGS:    2 20:44:03     -944.000380      136.1697
BFGS:    3 20:44:03     -955.173922      125.8462
BFGS:    4 20:44:03     -965.514657      108.7017
BFGS:    5 20:44:03     -974.075068      105.6709
BFGS:    6 20:44:03     -981.414871       96.1608
BFGS:    7 20:44:03     -989.125166       93.5096
BFGS:    8 20:44:03     -995.982313       85.4668
BFGS:    9 20:44:03    -1001.792663       82.9127
BFGS:   10 20:44:03    -1006.922829       77.9026
BFGS:   11 20:44:03    -1011.932928       70.8848
BFGS:   12 20:44:03    -1016.508061       67.5376
BFGS:   13 20:44:03    -1019.919737       64.7249
BFGS:   14 20:44:03    -1022.661816       61.9909
BFGS:   15 20:44:03    -1025.496263       58.9926
BFGS:   16 20:44:03    -1029.174728       56.5496
BFGS:   17 20:44:04    -1032.725882       53.3759
BFGS:   18 20:44:04    -1035.902088       51.3953
BFGS:   19 20:44:04    -1038.871795       49.6903
BFGS:   20 20:44:04    -1041.726746       47.7039
BFGS:   21 20:44:04    -1044.932884       43.9810
BFGS:   22 20:44:04    -1047.946199       40.7995
BFGS:   23 20:44:04    -1050.628314       36.5461
BFGS:   24 20:44:04    -1053.162980       32.9368
BFGS:   25 20:44:04    -1055.772626       30.0832
BFGS:   26 20:44:04    -1058.131940       25.6133
BFGS:   27 20:44:04    -1060.146686       21.7739
BFGS:   28 20:44:04    -1061.668995       19.8985
BFGS:   29 20:44:04    -1063.035755       17.3329
BFGS:   30 20:44:04    -1064.330391       15.5967
BFGS:   31 20:44:04    -1065.616224       14.5535
BFGS:   32 20:44:04    -1067.062563       13.3493
BFGS:   33 20:44:04    -1068.349570       13.5724
BFGS:   34 20:44:04    -1069.576175       14.4318
BFGS:   35 20:44:04    -1070.662034       15.1797
BFGS:   36 20:44:04    -1071.671778       15.3423
BFGS:   37 20:44:04    -1072.603902       14.3944
BFGS:   38 20:44:04    -1073.367948       13.0050
BFGS:   39 20:44:04    -1074.047355       11.8863
BFGS:   40 20:44:04    -1074.734668       11.1136
BFGS:   41 20:44:04    -1075.391030       10.4044
BFGS:   42 20:44:04    -1076.041285        9.4892
BFGS:   43 20:44:04    -1076.713375        9.3394
BFGS:   44 20:44:04    -1077.399467       11.0702
BFGS:   45 20:44:04    -1078.123124       11.8651
BFGS:   46 20:44:05    -1078.725743       12.0735
BFGS:   47 20:44:05    -1079.379797       13.1978
BFGS:   48 20:44:05    -1080.054971       14.3255
BFGS:   49 20:44:05    -1080.768653       15.2223
BFGS:   50 20:44:05    -1081.597847       15.6164
BFGS:   51 20:44:05    -1082.448930       14.4426
BFGS:   52 20:44:05    -1083.066295       10.4744
BFGS:   53 20:44:05    -1083.777509        8.3921
BFGS:   54 20:44:05    -1084.434388        8.1421
BFGS:   55 20:44:05    -1085.026102        7.4507
BFGS:   56 20:44:05    -1085.519297        6.1830
BFGS:   57 20:44:05    -1085.909523        5.3395
BFGS:   58 20:44:05    -1086.231410        5.7777
BFGS:   59 20:44:05    -1086.536959        6.5040
BFGS:   60 20:44:05    -1086.832633        7.2472
BFGS:   61 20:44:05    -1087.123228        7.7780
BFGS:   62 20:44:05    -1087.405408        7.9189
BFGS:   63 20:44:05    -1087.685154        7.6996
BFGS:   64 20:44:05    -1087.978026        7.7208
BFGS:   65 20:44:05    -1088.299344        7.7309
BFGS:   66 20:44:05    -1088.664167        7.3066
BFGS:   67 20:44:05    -1089.160680        7.2249
BFGS:   68 20:44:05    -1089.647041        7.4183
BFGS:   69 20:44:05    -1090.041483        7.4973
BFGS:   70 20:44:05    -1090.424311        7.4456
BFGS:   71 20:44:05    -1090.801000        7.3597
BFGS:   72 20:44:05    -1091.258165        7.1969
BFGS:   73 20:44:05    -1091.773353        6.8730
BFGS:   74 20:44:05    -1092.206115        6.3736
BFGS:   75 20:44:05    -1092.619355        5.7229
BFGS:   76 20:44:06    -1093.037233        5.5145
BFGS:   77 20:44:06    -1093.465142        5.0262
BFGS:   78 20:44:06    -1093.884400        4.7136
BFGS:   79 20:44:06    -1094.288720        4.4449
BFGS:   80 20:44:06    -1094.692369        4.2171
BFGS:   81 20:44:06    -1095.111642        4.1418
BFGS:   82 20:44:06    -1095.540889        3.9914
BFGS:   83 20:44:06    -1095.885504        3.8086
BFGS:   84 20:44:06    -1096.243305        4.3529
BFGS:   85 20:44:06    -1096.482288        4.4102
BFGS:   86 20:44:06    -1096.721416        4.3224
BFGS:   87 20:44:06    -1096.939510        3.9451
BFGS:   88 20:44:06    -1097.160364        3.9122
BFGS:   89 20:44:06    -1097.407697        3.7595
BFGS:   90 20:44:06    -1097.707253        4.4451
BFGS:   91 20:44:06    -1097.969626        5.5715
BFGS:   92 20:44:06    -1098.334225        6.2788
BFGS:   93 20:44:06    -1098.638036        5.5686
BFGS:   94 20:44:06    -1098.912847        3.9718
BFGS:   95 20:44:06    -1099.201112        2.7359
BFGS:   96 20:44:06    -1099.370247        2.5234
BFGS:   97 20:44:06    -1099.548081        2.6352
BFGS:   98 20:44:06    -1099.696648        2.9087
BFGS:   99 20:44:06    -1099.792700        2.5943
BFGS:  100 20:44:06    -1099.892107        2.2752
BFGS:  101 20:44:06    -1099.965122        2.0200
BFGS:  102 20:44:06    -1100.045661        1.3386
BFGS:  103 20:44:06    -1100.087912        1.2076
BFGS:  104 20:44:06    -1100.146526        1.3292
BFGS:  105 20:44:06    -1100.232852        1.5349
BFGS:  106 20:44:06    -1100.313987        1.8982
BFGS:  107 20:44:06    -1100.427295        1.9063
BFGS:  108 20:44:06    -1100.540624        2.1490
BFGS:  109 20:44:07    -1100.599960        2.3512
BFGS:  110 20:44:07    -1100.655855        1.5462
BFGS:  111 20:44:07    -1100.704469        1.9680
BFGS:  112 20:44:07    -1100.749728        1.4400
BFGS:  113 20:44:07    -1100.785283        1.7406
BFGS:  114 20:44:07    -1100.805276        1.4046
BFGS:  115 20:44:07    -1100.834599        1.1325
BFGS:  116 20:44:07    -1100.852033        1.0423
BFGS:  117 20:44:07    -1100.864698        1.6249
BFGS:  118 20:44:07    -1100.889430        1.5937
BFGS:  119 20:44:07    -1100.922298        1.2251
BFGS:  120 20:44:07    -1100.950975        1.2335
BFGS:  121 20:44:07    -1100.980646        0.9455
BFGS:  122 20:44:07    -1101.000513        1.0405
BFGS:  123 20:44:07    -1101.013511        1.2296
BFGS:  124 20:44:07    -1101.041749        0.9843
BFGS:  125 20:44:07    -1101.056200        1.7858
BFGS:  126 20:44:07    -1101.078489        1.1269
BFGS:  127 20:44:07    -1101.099227        0.9827
BFGS:  128 20:44:07    -1101.118366        0.7301
BFGS:  129 20:44:07    -1101.125691        0.6348
BFGS:  130 20:44:07    -1101.129702        1.2372
BFGS:  131 20:44:07    -1101.040249        1.3069
BFGS:  132 20:44:07    -1101.131062        0.5297
BFGS:  133 20:44:07    -1101.133913        0.4749
BFGS:  134 20:44:07    -1101.134817        0.4817
BFGS:  135 20:44:07    -1101.124989        1.1917
BFGS:  136 20:44:07    -1101.136633        1.0930
BFGS:  137 20:44:07    -1101.099491        0.8887
BFGS:  138 20:44:07    -1101.126392        0.5350
BFGS:  139 20:44:07    -1101.127845        1.1556
BFGS:  140 20:44:07    -1101.133566        0.4300
BFGS:  141 20:44:08    -1101.135995        0.4093
BFGS:  142 20:44:08    -1101.124224        1.1932
BFGS:  143 20:44:08    -1101.138012        0.3913
BFGS:  144 20:44:08    -1101.139054        0.3857
BFGS:  145 20:44:08    -1101.118504        1.2446
BFGS:  146 20:44:08    -1101.137177        1.0943
BFGS:  147 20:44:08    -1101.095532        1.0183
BFGS:  148 20:44:08    -1101.128468        0.5584
BFGS:  149 20:44:08    -1101.130723        1.1710
BFGS:  150 20:44:08    -1101.135611        0.4348
BFGS:  151 20:44:08    -1101.138242        0.3818
BFGS:  152 20:44:08    -1101.121527        1.2350
BFGS:  153 20:44:08    -1101.140273        0.3602
BFGS:  154 20:44:08    -1101.140101        1.0736
BFGS:  155 20:44:08    -1101.140671        0.3646
BFGS:  156 20:44:08    -1101.140942        0.3656
BFGS:  157 20:44:08    -1101.127316        1.1886
BFGS:  158 20:44:08    -1101.139117        1.0930
BFGS:  159 20:44:08    -1101.117970        0.6030
BFGS:  160 20:44:08    -1101.136509        0.4200
BFGS:  161 20:44:08    -1101.133843        1.1832
BFGS:  162 20:44:08    -1101.140899        0.3728
BFGS:  163 20:44:08    -1101.142471        0.3927
BFGS:  164 20:44:08    -1101.126313        1.2191
BFGS:  165 20:44:08    -1101.139332        1.1002
BFGS:  166 20:44:08    -1101.114749        0.6697
BFGS:  167 20:44:08    -1101.136447        0.4397
BFGS:  168 20:44:08    -1101.133884        1.1862
BFGS:  169 20:44:08    -1101.141412        0.3918
BFGS:  170 20:44:08    -1101.143283        0.4230
BFGS:  171 20:44:08    -1101.123036        1.2618
BFGS:  172 20:44:08    -1101.139729        1.1083
BFGS:  173 20:44:08    -1101.112615        0.7419
BFGS:  174 20:44:09    -1101.136576        0.4538
BFGS:  175 20:44:09    -1101.132890        1.2058
BFGS:  176 20:44:09    -1101.142380        0.4243
BFGS:  177 20:44:09    -1101.144531        1.0618
BFGS:  178 20:44:09    -1101.143549        0.4523
BFGS:  179 20:44:09    -1101.144187        0.4676
BFGS:  180 20:44:09    -1101.093391        1.3380
BFGS:  181 20:44:09    -1101.143107        1.1007
BFGS:  182 20:44:09    -1101.142417        0.4514
BFGS:  183 20:44:09    -1101.145849        0.5126
BFGS:  184 20:44:09    -1101.091630        1.3272
BFGS:  185 20:44:09    -1101.143881        1.1047
BFGS:  186 20:44:09    -1101.143829        0.4930
BFGS:  187 20:44:09    -1101.147433        0.5492
BFGS:  188 20:44:09    -1101.088559        1.3269
BFGS:  189 20:44:09    -1101.140678        1.4255
BFGS:  190 20:44:09    -1101.125701        0.6700
BFGS:  191 20:44:09    -1101.136178        0.4650
BFGS:  192 20:44:09    -1101.123471        1.3567
BFGS:  193 20:44:09    -1101.142904        0.4352
BFGS:  194 20:44:09    -1101.146743        0.5142
BFGS:  195 20:44:09    -1101.094154        1.3175
BFGS:  196 20:44:09    -1101.144760        1.0951
BFGS:  197 20:44:09    -1101.144188        0.4778
BFGS:  198 20:44:09    -1101.147844        0.5430
BFGS:  199 20:44:09    -1101.093059        1.3085
BFGS:  200 20:44:09    -1101.142914        1.4152
BFGS:  201 20:44:09    -1101.127959        0.6296
BFGS:  202 20:44:09    -1101.136965        0.4869
BFGS:  203 20:44:09    -1101.126482        1.3482
BFGS:  204 20:44:09    -1101.143474        0.4523
BFGS:  205 20:44:09    -1101.147347        0.5269
BFGS:  206 20:44:09    -1101.097118        1.2991
BFGS:  207 20:44:10    -1101.146087        1.4224
BFGS:  208 20:44:10    -1101.128876        0.6210
BFGS:  209 20:44:10    -1101.136684        0.4887
BFGS:  210 20:44:10    -1101.130391        1.3509
BFGS:  211 20:44:10    -1101.142765        0.4287
BFGS:  212 20:44:10    -1101.146551        0.5063
BFGS:  213 20:44:10    -1101.102334        1.2872
BFGS:  214 20:44:10    -1101.146202        1.0824
BFGS:  215 20:44:10    -1101.143945        0.4674
BFGS:  216 20:44:10    -1101.147669        0.5330
BFGS:  217 20:44:10    -1101.100511        1.2844
BFGS:  218 20:44:10    -1101.146598        1.4182
BFGS:  219 20:44:10    -1101.129757        0.6186
BFGS:  220 20:44:10    -1101.137437        0.4906
BFGS:  221 20:44:10    -1101.130979        1.3452
BFGS:  222 20:44:10    -1101.143607        0.4569
BFGS:  223 20:44:10    -1101.147474        0.5269
BFGS:  224 20:44:10    -1101.102788        1.2902
BFGS:  225 20:44:10    -1101.147196        1.0807
BFGS:  226 20:44:10    -1101.144649        0.4853
BFGS:  227 20:44:10    -1101.148569        0.5492
BFGS:  228 20:44:10    -1101.100777        1.2935
BFGS:  229 20:44:10    -1101.145359        1.4064
BFGS:  230 20:44:10    -1101.130751        0.6080
BFGS:  231 20:44:10    -1101.138581        0.4909
BFGS:  232 20:44:10    -1101.129449        1.3423
BFGS:  233 20:44:10    -1101.144889        0.4894
BFGS:  234 20:44:10    -1101.148829        0.5523
BFGS:  235 20:44:10    -1101.101005        1.2940
BFGS:  236 20:44:10    -1101.145485        1.4050
BFGS:  237 20:44:10    -1101.131436        0.6096
BFGS:  238 20:44:10    -1101.138902        0.4855
BFGS:  239 20:44:11    -1101.129538        1.3413
BFGS:  240 20:44:11    -1101.145064        0.4884
BFGS:  241 20:44:11    -1101.148983        0.5506
BFGS:  242 20:44:11    -1101.101583        1.2944
BFGS:  243 20:44:11    -1101.145613        1.4060
BFGS:  244 20:44:11    -1101.131950        0.6036
BFGS:  245 20:44:11    -1101.139140        0.4818
BFGS:  246 20:44:11    -1101.129822        1.3435
BFGS:  247 20:44:11    -1101.145184        0.4869
BFGS:  248 20:44:11    -1101.149086        0.5486
BFGS:  249 20:44:11    -1101.102248        1.2950
BFGS:  250 20:44:11    -1101.145802        1.4079
BFGS:  251 20:44:11    -1101.132351        0.5968
BFGS:  252 20:44:11    -1101.139318        0.4788
BFGS:  253 20:44:11    -1101.130190        1.3465
BFGS:  254 20:44:11    -1101.145265        0.4850
BFGS:  255 20:44:11    -1101.149149        0.5462
BFGS:  256 20:44:11    -1101.102915        1.2959
BFGS:  257 20:44:11    -1101.146041        1.4102
BFGS:  258 20:44:11    -1101.132661        0.5906
BFGS:  259 20:44:11    -1101.139449        0.4762
BFGS:  260 20:44:11    -1101.130582        1.3496
BFGS:  261 20:44:11    -1101.145312        0.4828
BFGS:  262 20:44:11    -1101.149179        0.5435
BFGS:  263 20:44:11    -1101.103542        1.2971
BFGS:  264 20:44:11    -1101.146322        1.4128
BFGS:  265 20:44:11    -1101.132896        0.5854
BFGS:  266 20:44:11    -1101.139538        0.4741
BFGS:  267 20:44:11    -1101.130982        1.3528
BFGS:  268 20:44:11    -1101.145329        0.4801
BFGS:  269 20:44:11    -1101.149177        0.5406
BFGS:  270 20:44:11    -1101.104131        1.2986
BFGS:  271 20:44:11    -1101.146514        1.0951
BFGS:  272 20:44:12    -1101.146913        0.5109
BFGS:  273 20:44:12    -1101.150646        0.5637
BFGS:  274 20:44:12    -1101.100058        1.2963
BFGS:  275 20:44:12    -1101.142877        1.3991
BFGS:  276 20:44:12    -1101.134204        0.5536
BFGS:  277 20:44:12    -1101.141009        0.4560
BFGS:  278 20:44:12    -1101.127392        1.3429
BFGS:  279 20:44:12    -1101.146885        0.5127
BFGS:  280 20:44:12    -1101.150755        0.5670
BFGS:  281 20:44:12    -1101.099880        1.3000
BFGS:  282 20:44:12    -1101.142917        1.3979
BFGS:  283 20:44:12    -1101.134334        0.5621
BFGS:  284 20:44:12    -1101.141083        0.4585
BFGS:  285 20:44:12    -1101.127208        1.3451
BFGS:  286 20:44:12    -1101.146952        0.5125
BFGS:  287 20:44:12    -1101.150585        1.0396
BFGS:  288 20:44:12    -1101.149581        0.5496
BFGS:  289 20:44:12    -1101.150703        0.5653
BFGS:  290 20:44:12    -1101.100428        1.3445
BFGS:  291 20:44:12    -1101.142640        1.3964
BFGS:  292 20:44:12    -1101.135129        0.5516
BFGS:  293 20:44:12    -1101.141092        0.4467
BFGS:  294 20:44:12    -1101.127902        1.3599
BFGS:  295 20:44:12    -1101.146597        0.4988
BFGS:  296 20:44:12    -1101.150493        0.5591
BFGS:  297 20:44:12    -1101.102106        1.3390
BFGS:  298 20:44:12    -1101.143413        1.4014
BFGS:  299 20:44:12    -1101.135326        0.5334
BFGS:  300 20:44:12    -1101.140958        0.4512
BFGS:  301 20:44:12    -1101.129314        1.3593
BFGS:  302 20:44:12    -1101.146340        0.4918
BFGS:  303 20:44:12    -1101.150220        0.5536
BFGS:  304 20:44:13    -1101.103741        1.3353
BFGS:  305 20:44:13    -1101.144403        1.4058
BFGS:  306 20:44:13    -1101.135247        0.5310
BFGS:  307 20:44:13    -1101.140753        0.4509
BFGS:  308 20:44:13    -1101.130509        1.3603
BFGS:  309 20:44:13    -1101.146079        0.4859
BFGS:  310 20:44:13    -1101.149935        0.5480
BFGS:  311 20:44:13    -1101.105080        1.3329
BFGS:  312 20:44:13    -1101.145388        1.4104
BFGS:  313 20:44:13    -1101.135057        0.5322
BFGS:  314 20:44:13    -1101.140528        0.4534
BFGS:  315 20:44:13    -1101.131518        1.3624
BFGS:  316 20:44:13    -1101.145829        0.4806
BFGS:  317 20:44:13    -1101.149668        0.5431
BFGS:  318 20:44:13    -1101.106144        1.3323
BFGS:  319 20:44:13    -1101.146284        1.4144
BFGS:  320 20:44:13    -1101.134825        0.5348
BFGS:  321 20:44:13    -1101.140299        0.4567
BFGS:  322 20:44:13    -1101.132367        1.3649
BFGS:  323 20:44:13    -1101.145594        0.4758
BFGS:  324 20:44:13    -1101.149422        0.5386
BFGS:  325 20:44:13    -1101.106970        1.3328
BFGS:  326 20:44:13    -1101.147076        1.4181
BFGS:  327 20:44:13    -1101.134575        0.5379
BFGS:  328 20:44:13    -1101.140070        0.4601
BFGS:  329 20:44:13    -1101.133075        1.3677
BFGS:  330 20:44:13    -1101.145371        0.4712
BFGS:  331 20:44:13    -1101.149193        0.5343
BFGS:  332 20:44:13    -1101.107602        1.3341
BFGS:  333 20:44:13    -1101.147781        1.4216
BFGS:  334 20:44:13    -1101.134313        0.5412
BFGS:  335 20:44:13    -1101.139840        0.4634
BFGS:  336 20:44:13    -1101.133674        1.3707
BFGS:  337 20:44:14    -1101.145155        0.4669
BFGS:  338 20:44:14    -1101.148977        0.5302
BFGS:  339 20:44:14    -1101.108095        1.3359
BFGS:  340 20:44:14    -1101.148422        1.4249
BFGS:  341 20:44:14    -1101.134042        0.5445
BFGS:  342 20:44:14    -1101.139610        0.4667
BFGS:  343 20:44:14    -1101.134195        1.3735
BFGS:  344 20:44:14    -1101.144945        0.4626
BFGS:  345 20:44:14    -1101.148769        0.5263
BFGS:  346 20:44:14    -1101.108487        1.3379
BFGS:  347 20:44:14    -1101.149017        1.4281
BFGS:  348 20:44:14    -1101.133762        0.5479
BFGS:  349 20:44:14    -1101.139377        0.4699
BFGS:  350 20:44:14    -1101.134660        1.3763
BFGS:  351 20:44:14    -1101.144738        0.4584
BFGS:  352 20:44:14    -1101.148567        0.5225
BFGS:  353 20:44:14    -1101.108806        1.3400
BFGS:  354 20:44:14    -1101.149581        1.4312
BFGS:  355 20:44:14    -1101.133474        0.5513
BFGS:  356 20:44:14    -1101.139142        0.4730
BFGS:  357 20:44:14    -1101.135087        1.3790
BFGS:  358 20:44:14    -1101.144531        0.4541
BFGS:  359 20:44:14    -1101.148369        0.5187
BFGS:  360 20:44:14    -1101.109073        1.3422
BFGS:  361 20:44:14    -1101.149955        1.0597
BFGS:  362 20:44:14    -1101.151105        0.5635
BFGS:  363 20:44:14    -1101.150147        1.4332
BFGS:  364 20:44:14    -1101.151657        0.5677
BFGS:  365 20:44:14    -1101.152057        0.5741
BFGS:  366 20:44:14    -1101.099559        1.3535
BFGS:  367 20:44:14    -1101.141131        1.3963
BFGS:  368 20:44:14    -1101.137155        0.4599
BFGS:  369 20:44:14    -1101.142643        0.4175
BFGS:  370 20:44:15    -1101.126960        1.3519
BFGS:  371 20:44:15    -1101.147760        0.5102
BFGS:  372 20:44:15    -1101.151391        0.5663
BFGS:  373 20:44:15    -1101.101067        1.3511
BFGS:  374 20:44:15    -1101.142797        1.4020
BFGS:  375 20:44:15    -1101.136432        0.4805
BFGS:  376 20:44:15    -1101.141928        0.4249
BFGS:  377 20:44:15    -1101.128503        1.3590
BFGS:  378 20:44:15    -1101.147109        0.4996
BFGS:  379 20:44:15    -1101.150796        0.5574
BFGS:  380 20:44:15    -1101.102474        1.3522
BFGS:  381 20:44:15    -1101.144299        1.4079
BFGS:  382 20:44:15    -1101.135730        0.4938
BFGS:  383 20:44:15    -1101.141291        0.4336
BFGS:  384 20:44:15    -1101.129859        1.3640
BFGS:  385 20:44:15    -1101.146537        0.4899
BFGS:  386 20:44:15    -1101.150264        0.5494
BFGS:  387 20:44:15    -1101.103623        1.3529
BFGS:  388 20:44:15    -1101.145630        1.4134
BFGS:  389 20:44:15    -1101.135068        0.5042
BFGS:  390 20:44:15    -1101.140711        0.4410
BFGS:  391 20:44:15    -1101.131011        1.3682
BFGS:  392 20:44:15    -1101.146025        0.4809
BFGS:  393 20:44:15    -1101.149788        0.5419
BFGS:  394 20:44:15    -1101.104537        1.3542
BFGS:  395 20:44:15    -1101.146806        1.4186
BFGS:  396 20:44:15    -1101.134443        0.5130
BFGS:  397 20:44:15    -1101.140179        0.4475
BFGS:  398 20:44:15    -1101.131996        1.3720
BFGS:  399 20:44:15    -1101.145561        0.4726
BFGS:  400 20:44:15    -1101.149359        0.5349
BFGS:  401 20:44:15    -1101.105266        1.3560
BFGS:  402 20:44:16    -1101.147856        1.4235
BFGS:  403 20:44:16    -1101.133855        0.5207
BFGS:  404 20:44:16    -1101.139687        0.4534
BFGS:  405 20:44:16    -1101.132848        1.3755
BFGS:  406 20:44:16    -1101.145140        0.4648
BFGS:  407 20:44:16    -1101.148972        0.5285
BFGS:  408 20:44:16    -1101.105854        1.3579
BFGS:  409 20:44:16    -1101.148801        1.4281
BFGS:  410 20:44:16    -1101.133301        0.5276
BFGS:  411 20:44:16    -1101.139233        0.4586
BFGS:  412 20:44:16    -1101.133593        1.3786
BFGS:  413 20:44:16    -1101.144754        0.4574
BFGS:  414 20:44:16    -1101.148620        0.5225
BFGS:  415 20:44:16    -1101.106332        1.3600
BFGS:  416 20:44:16    -1101.149661        1.4324
BFGS:  417 20:44:16    -1101.132778        0.5337
BFGS:  418 20:44:16    -1101.138811        0.4635
BFGS:  419 20:44:16    -1101.134251        1.3814
BFGS:  420 20:44:16    -1101.144400        0.4505
BFGS:  421 20:44:16    -1101.148297        0.5168
BFGS:  422 20:44:16    -1101.106720        1.3620
BFGS:  423 20:44:16    -1101.150450        1.4364
BFGS:  424 20:44:16    -1101.132283        0.5393
BFGS:  425 20:44:16    -1101.138417        0.4679
BFGS:  426 20:44:16    -1101.134837        1.3840
BFGS:  427 20:44:16    -1101.144071        0.4440
BFGS:  428 20:44:16    -1101.147999        0.5115
BFGS:  429 20:44:16    -1101.107035        1.3639
BFGS:  430 20:44:16    -1101.150652        1.0448
BFGS:  431 20:44:16    -1101.151070        0.5677
BFGS:  432 20:44:16    -1101.149184        1.4283
BFGS:  433 20:44:16    -1101.152182        0.5717
BFGS:  434 20:44:16    -1101.150919        1.4421
BFGS:  435 20:44:17    -1101.152122        1.0372
BFGS:  436 20:44:17    -1101.149274        0.5720
BFGS:  437 20:44:17    -1101.150529        0.5634
BFGS:  438 20:44:17    -1101.131815        1.4225
BFGS:  439 20:44:17    -1101.151251        1.4411
BFGS:  440 20:44:17    -1101.116546        0.6674
BFGS:  441 20:44:17    -1101.140520        0.5102
BFGS:  442 20:44:17    -1101.127551        1.3867
BFGS:  443 20:44:17    -1101.149035        0.5558
BFGS:  444 20:44:17    -1101.152135        0.5795
BFGS:  445 20:44:17    -1101.123323        1.3672
BFGS:  446 20:44:17    -1101.147732        1.4238
BFGS:  447 20:44:17    -1101.117152        0.6668
BFGS:  448 20:44:17    -1101.140950        0.5095
BFGS:  449 20:44:17    -1101.127891        1.3759
BFGS:  450 20:44:17    -1101.148951        0.5577
BFGS:  451 20:44:17    -1101.151998        0.5817
BFGS:  452 20:44:17    -1101.121472        1.3656
BFGS:  453 20:44:17    -1101.147807        1.4230
BFGS:  454 20:44:17    -1101.116661        0.6563
BFGS:  455 20:44:17    -1101.140448        0.5080
BFGS:  456 20:44:17    -1101.127594        1.3780
BFGS:  457 20:44:17    -1101.148603        0.5564
BFGS:  458 20:44:17    -1101.151762        0.5804
BFGS:  459 20:44:17    -1101.119736        1.3666
BFGS:  460 20:44:17    -1101.148065        1.4240
BFGS:  461 20:44:17    -1101.115952        0.6486
BFGS:  462 20:44:17    -1101.139896        0.5058
BFGS:  463 20:44:17    -1101.127337        1.3806
BFGS:  464 20:44:17    -1101.148245        0.5544
BFGS:  465 20:44:17    -1101.151524        0.5784
BFGS:  466 20:44:17    -1101.117989        1.3679
BFGS:  467 20:44:17    -1101.148084        1.0430
BFGS:  468 20:44:18    -1101.132045        0.5132
BFGS:  469 20:44:18    -1101.144693        0.5349
BFGS:  470 20:44:18    -1101.122443        1.3741
BFGS:  471 20:44:18    -1101.150386        0.5709
BFGS:  472 20:44:18    -1101.150538        1.0305
BFGS:  473 20:44:18    -1101.151296        0.5765
BFGS:  474 20:44:18    -1101.151847        0.5803
BFGS:  475 20:44:18    -1101.105374        1.3596
BFGS:  476 20:44:18    -1101.145520        1.4184
BFGS:  477 20:44:18    -1101.117223        0.6648
BFGS:  478 20:44:18    -1101.139038        0.5002
BFGS:  479 20:44:18    -1101.118799        1.3721
BFGS:  480 20:44:18    -1101.148169        0.5560
BFGS:  481 20:44:18    -1101.152031        0.5830
BFGS:  482 20:44:18    -1101.102699        1.3593
BFGS:  483 20:44:18    -1101.144776        1.4175
BFGS:  484 20:44:18    -1101.117305        0.6830
BFGS:  485 20:44:18    -1101.138925        0.4985
BFGS:  486 20:44:18    -1101.118466        1.3738
BFGS:  487 20:44:18    -1101.148031        0.5542
BFGS:  488 20:44:18    -1101.151937        0.5815
BFGS:  489 20:44:18    -1101.100268        1.3596
BFGS:  490 20:44:18    -1101.144596        1.4180
BFGS:  491 20:44:18    -1101.116822        0.7028
BFGS:  492 20:44:18    -1101.138587        0.4951
BFGS:  493 20:44:18    -1101.118212        1.3745
BFGS:  494 20:44:18    -1101.147806        0.5518
BFGS:  495 20:44:18    -1101.151800        0.5797
BFGS:  496 20:44:18    -1101.097738        1.3596
BFGS:  497 20:44:18    -1101.144491        1.4188
BFGS:  498 20:44:18    -1101.116267        0.7217
BFGS:  499 20:44:18    -1101.138224        0.4997
