      Step     Time          Energy         fmax
BFGS:    0 20:43:11     -775.425840      257.7759
BFGS:    1 20:43:11     -833.811851      175.1610
BFGS:    2 20:43:11     -849.847445      176.3938
BFGS:    3 20:43:11     -862.585497      167.8563
BFGS:    4 20:43:11     -874.514924      162.1623
BFGS:    5 20:43:11     -884.698006      158.3765
BFGS:    6 20:43:11     -897.953413      147.3081
BFGS:    7 20:43:11     -909.421461      130.2055
BFGS:    8 20:43:11     -920.202182      113.8842
BFGS:    9 20:43:11     -927.979068      106.6676
BFGS:   10 20:43:11     -935.380460       98.0736
BFGS:   11 20:43:11     -942.313209       90.6268
BFGS:   12 20:43:11     -948.767187       78.7968
BFGS:   13 20:43:11     -954.264462       69.8912
BFGS:   14 20:43:11     -958.409955       58.2185
BFGS:   15 20:43:11     -962.556384       47.0876
BFGS:   16 20:43:11     -965.619261       40.2335
BFGS:   17 20:43:11     -968.732740       36.7201
BFGS:   18 20:43:12     -972.017407       34.2085
BFGS:   19 20:43:12     -974.817543       32.2330
BFGS:   20 20:43:12     -977.383831       29.3092
BFGS:   21 20:43:12     -979.667200       28.9695
BFGS:   22 20:43:12     -982.067764       29.7708
BFGS:   23 20:43:12     -983.990691       30.2134
BFGS:   24 20:43:12     -986.818779       30.5762
BFGS:   25 20:43:12     -988.944922       30.1811
BFGS:   26 20:43:12     -992.020759       30.8292
BFGS:   27 20:43:12     -995.735333       30.8075
BFGS:   28 20:43:12     -999.282633       30.2710
BFGS:   29 20:43:12    -1002.684508       29.1998
BFGS:   30 20:43:12    -1005.553072       27.2848
BFGS:   31 20:43:12    -1008.309640       26.0161
BFGS:   32 20:43:12    -1010.864594       25.1027
BFGS:   33 20:43:12    -1013.416850       25.6855
BFGS:   34 20:43:12    -1015.697212       26.2251
BFGS:   35 20:43:12    -1017.864306       26.2551
BFGS:   36 20:43:12    -1020.159458       26.3006
BFGS:   37 20:43:12    -1022.708871       26.9765
BFGS:   38 20:43:12    -1025.405741       28.1376
BFGS:   39 20:43:12    -1028.095934       29.4099
BFGS:   40 20:43:12    -1030.730312       30.7387
BFGS:   41 20:43:12    -1033.422690       31.4590
BFGS:   42 20:43:12    -1036.337122       33.0410
BFGS:   43 20:43:12    -1039.285438       32.5217
BFGS:   44 20:43:12    -1042.559572       31.3146
BFGS:   45 20:43:13    -1045.760245       27.9906
BFGS:   46 20:43:13    -1048.958099       24.4295
BFGS:   47 20:43:13    -1052.270797       21.0433
BFGS:   48 20:43:13    -1055.105610       17.3691
BFGS:   49 20:43:13    -1057.382707       16.2959
BFGS:   50 20:43:13    -1059.304160       16.9720
BFGS:   51 20:43:13    -1061.070662       16.8361
BFGS:   52 20:43:13    -1062.776621       16.8647
BFGS:   53 20:43:13    -1064.461640       16.6653
BFGS:   54 20:43:13    -1066.295789       17.0957
BFGS:   55 20:43:13    -1067.947758       16.8725
BFGS:   56 20:43:13    -1069.470792       16.0460
BFGS:   57 20:43:13    -1070.805609       14.8187
BFGS:   58 20:43:13    -1071.995479       13.2011
BFGS:   59 20:43:13    -1073.010374       11.2582
BFGS:   60 20:43:13    -1073.940603       11.0874
BFGS:   61 20:43:13    -1074.782669       11.3240
BFGS:   62 20:43:13    -1075.514249       11.5382
BFGS:   63 20:43:13    -1076.204013       11.3918
BFGS:   64 20:43:13    -1076.855550       10.7128
BFGS:   65 20:43:13    -1077.508619       10.8253
BFGS:   66 20:43:13    -1078.122336       10.7319
BFGS:   67 20:43:13    -1078.744803       10.6379
BFGS:   68 20:43:13    -1079.358644       10.3489
BFGS:   69 20:43:13    -1080.018965       10.0810
BFGS:   70 20:43:13    -1080.695545       10.5954
BFGS:   71 20:43:13    -1081.444138       12.0473
BFGS:   72 20:43:13    -1082.253160       12.7393
BFGS:   73 20:43:13    -1083.302996       13.7429
BFGS:   74 20:43:14    -1084.521159       12.6062
BFGS:   75 20:43:14    -1085.682204       12.6418
BFGS:   76 20:43:14    -1086.596486       10.7031
BFGS:   77 20:43:14    -1087.317222        9.1708
BFGS:   78 20:43:14    -1087.835790        7.8749
BFGS:   79 20:43:14    -1088.270696        7.0853
BFGS:   80 20:43:14    -1088.656271        6.7000
BFGS:   81 20:43:14    -1089.017962        6.2112
BFGS:   82 20:43:14    -1089.358568        5.9567
BFGS:   83 20:43:14    -1089.686247        5.6994
BFGS:   84 20:43:14    -1089.999644        5.4121
BFGS:   85 20:43:14    -1090.306812        5.0286
BFGS:   86 20:43:14    -1090.607997        4.5991
BFGS:   87 20:43:14    -1090.921808        4.2892
BFGS:   88 20:43:14    -1091.249661        4.4718
BFGS:   89 20:43:14    -1091.574126        4.4800
BFGS:   90 20:43:14    -1091.948437        4.7014
BFGS:   91 20:43:14    -1092.362203        5.8034
BFGS:   92 20:43:14    -1092.718266        6.8531
BFGS:   93 20:43:14    -1093.037459        7.7358
BFGS:   94 20:43:14    -1093.334228        8.4744
BFGS:   95 20:43:14    -1093.629838        9.1118
BFGS:   96 20:43:14    -1093.965492        9.6793
BFGS:   97 20:43:14    -1094.320508       10.0747
BFGS:   98 20:43:14    -1094.667949       10.3393
BFGS:   99 20:43:14    -1095.032161       10.3152
BFGS:  100 20:43:14    -1095.486267       10.5093
BFGS:  101 20:43:14    -1096.056215       10.3763
BFGS:  102 20:43:14    -1096.515944        9.5230
BFGS:  103 20:43:14    -1096.934051        8.6499
BFGS:  104 20:43:14    -1097.372894        6.8795
BFGS:  105 20:43:15    -1097.679399        5.3796
BFGS:  106 20:43:15    -1097.908823        3.6181
BFGS:  107 20:43:15    -1098.064681        3.6321
BFGS:  108 20:43:15    -1098.222515        2.8110
BFGS:  109 20:43:15    -1098.473008        2.8974
BFGS:  110 20:43:15    -1098.750849        3.1388
BFGS:  111 20:43:15    -1099.021950        3.2355
BFGS:  112 20:43:15    -1099.247017        3.2659
BFGS:  113 20:43:15    -1099.455591        3.4504
BFGS:  114 20:43:15    -1099.693484        3.6476
BFGS:  115 20:43:15    -1099.903344        3.5287
BFGS:  116 20:43:15    -1100.091114        3.3910
BFGS:  117 20:43:15    -1100.232481        2.8613
BFGS:  118 20:43:15    -1100.433094        2.5679
BFGS:  119 20:43:15    -1100.622454        2.3650
BFGS:  120 20:43:15    -1100.795439        1.8859
BFGS:  121 20:43:15    -1100.864677        1.6818
BFGS:  122 20:43:15    -1100.903062        1.5064
BFGS:  123 20:43:15    -1100.928911        1.0859
BFGS:  124 20:43:15    -1100.947944        0.7722
BFGS:  125 20:43:15    -1100.963033        0.7488
BFGS:  126 20:43:15    -1100.977196        0.8426
BFGS:  127 20:43:15    -1100.988956        0.7878
BFGS:  128 20:43:15    -1101.002628        1.0707
BFGS:  129 20:43:15    -1101.018893        1.0392
BFGS:  130 20:43:15    -1101.034546        0.9622
BFGS:  131 20:43:15    -1101.053248        1.0355
BFGS:  132 20:43:15    -1101.069475        0.9757
BFGS:  133 20:43:15    -1101.090283        0.8894
BFGS:  134 20:43:15    -1101.109017        1.1952
BFGS:  135 20:43:15    -1101.126928        1.0796
BFGS:  136 20:43:15    -1101.142605        1.1387
BFGS:  137 20:43:15    -1101.152617        1.1276
BFGS:  138 20:43:15    -1101.171234        1.1245
BFGS:  139 20:43:15    -1101.180842        1.1618
BFGS:  140 20:43:16    -1101.190735        1.0428
BFGS:  141 20:43:16    -1101.198029        0.8874
BFGS:  142 20:43:16    -1101.204599        0.8012
BFGS:  143 20:43:16    -1101.209265        0.5796
BFGS:  144 20:43:16    -1101.212844        0.5228
BFGS:  145 20:43:16    -1101.215933        0.4558
BFGS:  146 20:43:16    -1101.218107        0.4144
BFGS:  147 20:43:16    -1101.219468        0.4050
BFGS:  148 20:43:16    -1101.220402        0.4158
BFGS:  149 20:43:16    -1101.221389        0.4309
BFGS:  150 20:43:16    -1101.222653        0.4418
BFGS:  151 20:43:16    -1101.224398        0.4335
BFGS:  152 20:43:16    -1101.226845        0.4106
BFGS:  153 20:43:16    -1101.230662        0.5453
BFGS:  154 20:43:16    -1101.238141        0.7800
BFGS:  155 20:43:16    -1101.244937        1.1305
BFGS:  156 20:43:16    -1101.254221        0.7952
BFGS:  157 20:43:16    -1101.266153        0.7639
BFGS:  158 20:43:16    -1101.274516        0.7851
BFGS:  159 20:43:16    -1101.280134        0.6689
BFGS:  160 20:43:16    -1101.286353        0.6076
BFGS:  161 20:43:16    -1101.291725        0.5466
BFGS:  162 20:43:16    -1101.296036        0.4574
BFGS:  163 20:43:16    -1101.300736        0.3621
BFGS:  164 20:43:16    -1101.303216        0.3775
BFGS:  165 20:43:16    -1101.304922        0.3540
BFGS:  166 20:43:16    -1101.305950        0.2925
BFGS:  167 20:43:16    -1101.306598        0.2301
BFGS:  168 20:43:16    -1101.307125        0.2273
BFGS:  169 20:43:16    -1101.307569        0.2021
BFGS:  170 20:43:16    -1101.307920        0.1797
BFGS:  171 20:43:16    -1101.308350        0.1770
BFGS:  172 20:43:16    -1101.308854        0.1554
BFGS:  173 20:43:16    -1101.309472        0.1331
BFGS:  174 20:43:16    -1101.309901        0.1464
BFGS:  175 20:43:17    -1101.310119        0.1297
BFGS:  176 20:43:17    -1101.310209        0.1123
BFGS:  177 20:43:17    -1101.310270        0.0995
