      Step     Time          Energy         fmax
BFGS:    0 20:47:52     -770.763826      213.3233
BFGS:    1 20:47:52     -817.619281      162.9035
BFGS:    2 20:47:52     -842.015981      159.4912
BFGS:    3 20:47:52     -861.912676      152.4948
BFGS:    4 20:47:52     -876.432967      140.7991
BFGS:    5 20:47:52     -891.150871      136.8720
BFGS:    6 20:47:52     -903.555878      132.9170
BFGS:    7 20:47:53     -913.537967      124.2400
BFGS:    8 20:47:53     -922.793680      121.0839
BFGS:    9 20:47:53     -931.883842      117.7642
BFGS:   10 20:47:53     -941.699620      115.4412
BFGS:   11 20:47:53     -952.431137      110.7127
BFGS:   12 20:47:53     -962.688720      105.3570
BFGS:   13 20:47:53     -974.027104      101.4434
BFGS:   14 20:47:53     -983.934096       95.8318
BFGS:   15 20:47:53     -993.500202       90.4234
BFGS:   16 20:47:53    -1003.190853       85.2013
BFGS:   17 20:47:53    -1011.845224       78.8647
BFGS:   18 20:47:53    -1018.900999       70.3855
BFGS:   19 20:47:53    -1025.032737       66.4442
BFGS:   20 20:47:53    -1030.473328       57.3253
BFGS:   21 20:47:53    -1035.422120       53.0290
BFGS:   22 20:47:53    -1040.270018       47.4525
BFGS:   23 20:47:53    -1044.916715       43.0152
BFGS:   24 20:47:53    -1049.197538       40.4954
BFGS:   25 20:47:53    -1053.092689       36.7742
BFGS:   26 20:47:53    -1056.490007       36.2377
BFGS:   27 20:47:53    -1059.661974       31.8138
BFGS:   28 20:47:53    -1062.657742       29.5483
BFGS:   29 20:47:53    -1065.507860       24.0138
BFGS:   30 20:47:53    -1068.179222       22.1374
BFGS:   31 20:47:53    -1069.989644       14.8757
BFGS:   32 20:47:54    -1071.378108        9.9312
BFGS:   33 20:47:54    -1072.333108        7.7251
BFGS:   34 20:47:54    -1073.029718        7.2564
BFGS:   35 20:47:54    -1073.578831        6.8930
BFGS:   36 20:47:54    -1074.021106        6.7874
BFGS:   37 20:47:54    -1074.421492        5.8597
BFGS:   38 20:47:54    -1074.805845        6.2000
BFGS:   39 20:47:54    -1075.183888        6.6114
BFGS:   40 20:47:54    -1075.543593        6.9660
BFGS:   41 20:47:54    -1075.851235        6.5722
BFGS:   42 20:47:54    -1076.147458        5.9926
BFGS:   43 20:47:54    -1076.380619        5.4316
BFGS:   44 20:47:54    -1076.720320        5.1534
BFGS:   45 20:47:54    -1076.954365        4.5569
BFGS:   46 20:47:54    -1077.134473        5.3149
BFGS:   47 20:47:54    -1077.293623        4.9300
BFGS:   48 20:47:54    -1077.396117        3.7879
BFGS:   49 20:47:54    -1077.482999        3.7646
BFGS:   50 20:47:54    -1077.595504        4.4029
BFGS:   51 20:47:54    -1077.732245        6.5587
BFGS:   52 20:47:54    -1077.864926        7.0370
BFGS:   53 20:47:54    -1077.991336        8.8814
BFGS:   54 20:47:54    -1078.158748       11.2513
BFGS:   55 20:47:54    -1078.476610       13.2701
BFGS:   56 20:47:54    -1078.893792       14.9890
BFGS:   57 20:47:54    -1079.434725       15.9378
BFGS:   58 20:47:54    -1080.103902       15.4285
BFGS:   59 20:47:54    -1080.755096       13.3542
BFGS:   60 20:47:55    -1081.228097        9.5015
BFGS:   61 20:47:55    -1081.747562        9.6285
BFGS:   62 20:47:55    -1082.140945        7.3098
BFGS:   63 20:47:55    -1082.445574        4.8558
BFGS:   64 20:47:55    -1082.540831        5.1349
BFGS:   65 20:47:55    -1082.603105        4.4618
BFGS:   66 20:47:55    -1082.638179        4.0329
BFGS:   67 20:47:55    -1082.677418        3.4088
BFGS:   68 20:47:55    -1082.757422        2.9175
BFGS:   69 20:47:55    -1082.812408        3.4602
BFGS:   70 20:47:55    -1082.896350        3.6025
BFGS:   71 20:47:55    -1082.985275        3.6088
BFGS:   72 20:47:55    -1083.104536        3.2043
BFGS:   73 20:47:55    -1083.219768        3.5693
BFGS:   74 20:47:55    -1083.290021        4.1122
BFGS:   75 20:47:55    -1083.449198        3.7767
BFGS:   76 20:47:55    -1083.597453        3.6881
BFGS:   77 20:47:55    -1083.734846        3.5617
BFGS:   78 20:47:55    -1083.865285        2.8959
BFGS:   79 20:47:55    -1083.981694        2.3674
BFGS:   80 20:47:55    -1084.062971        2.7267
BFGS:   81 20:47:55    -1084.131720        2.2258
BFGS:   82 20:47:55    -1084.179415        1.8032
BFGS:   83 20:47:55    -1084.226023        2.0080
BFGS:   84 20:47:55    -1084.256106        1.5439
BFGS:   85 20:47:55    -1084.289085        1.4191
BFGS:   86 20:47:55    -1084.319975        1.2444
BFGS:   87 20:47:55    -1084.346772        1.7469
BFGS:   88 20:47:55    -1084.367963        1.7504
BFGS:   89 20:47:56    -1084.389485        1.4263
BFGS:   90 20:47:56    -1084.408602        1.5005
BFGS:   91 20:47:56    -1084.429421        1.5938
BFGS:   92 20:47:56    -1084.459989        1.9963
BFGS:   93 20:47:56    -1084.494469        2.1416
BFGS:   94 20:47:56    -1084.548999        2.2217
BFGS:   95 20:47:56    -1084.632623        2.3100
BFGS:   96 20:47:56    -1084.711663        2.4249
BFGS:   97 20:47:56    -1084.807031        2.7549
BFGS:   98 20:47:56    -1084.919707        3.4669
BFGS:   99 20:47:56    -1085.155170        3.8569
BFGS:  100 20:47:56    -1085.412027        3.7771
BFGS:  101 20:47:56    -1085.598097        2.9210
BFGS:  102 20:47:56    -1085.748492        2.1695
BFGS:  103 20:47:56    -1085.859952        1.7462
BFGS:  104 20:47:56    -1085.915900        2.5673
BFGS:  105 20:47:56    -1085.973796        2.2856
BFGS:  106 20:47:56    -1086.083069        1.8610
BFGS:  107 20:47:56    -1086.179604        1.9431
BFGS:  108 20:47:56    -1086.276321        2.0521
BFGS:  109 20:47:56    -1086.387292        2.8236
BFGS:  110 20:47:56    -1086.475508        2.2043
BFGS:  111 20:47:56    -1086.525605        1.7724
BFGS:  112 20:47:56    -1086.555585        1.3151
BFGS:  113 20:47:56    -1086.594685        1.6766
BFGS:  114 20:47:56    -1086.621194        1.4780
BFGS:  115 20:47:56    -1086.676580        1.3947
BFGS:  116 20:47:56    -1086.728063        2.5653
BFGS:  117 20:47:56    -1086.837837        4.4484
BFGS:  118 20:47:56    -1086.892227        6.2730
BFGS:  119 20:47:57    -1087.054371        6.4583
BFGS:  120 20:47:57    -1087.497501        5.6042
BFGS:  121 20:47:57    -1087.813376        5.6081
BFGS:  122 20:47:57    -1088.216612        6.4542
BFGS:  123 20:47:57    -1088.536039        6.7481
BFGS:  124 20:47:57    -1088.762171        6.1777
BFGS:  125 20:47:57    -1088.894513        6.3322
BFGS:  126 20:47:57    -1089.059638        5.2210
BFGS:  127 20:47:57    -1089.195320        3.4573
BFGS:  128 20:47:57    -1089.337414        3.7074
BFGS:  129 20:47:57    -1089.485820        3.8437
BFGS:  130 20:47:57    -1089.628974        3.4250
BFGS:  131 20:47:57    -1089.777812        3.4353
BFGS:  132 20:47:57    -1089.930125        3.5213
BFGS:  133 20:47:57    -1090.072325        3.5162
BFGS:  134 20:47:57    -1090.140887        3.9280
BFGS:  135 20:47:57    -1090.180611        3.9752
BFGS:  136 20:47:57    -1090.252734        3.4906
BFGS:  137 20:47:57    -1090.311022        3.5584
BFGS:  138 20:47:57    -1090.351196        2.3724
BFGS:  139 20:47:57    -1090.377469        3.0109
BFGS:  140 20:47:57    -1090.388226        3.0110
BFGS:  141 20:47:57    -1090.386247        1.1829
BFGS:  142 20:47:57    -1090.392906        1.1569
BFGS:  143 20:47:57    -1090.390795        3.0856
BFGS:  144 20:47:57    -1090.396880        1.1181
BFGS:  145 20:47:57    -1090.397532        2.9562
BFGS:  146 20:47:57    -1090.397850        1.1150
BFGS:  147 20:47:57    -1090.398349        1.1120
BFGS:  148 20:47:58    -1090.395710        3.1982
BFGS:  149 20:47:58    -1090.398775        3.0672
BFGS:  150 20:47:58    -1090.398454        1.1076
BFGS:  151 20:47:58    -1090.401716        2.9554
BFGS:  152 20:47:58    -1090.402588        1.0716
BFGS:  153 20:47:58    -1090.406712        1.0341
BFGS:  154 20:47:58    -1090.413630        0.9238
BFGS:  155 20:47:58    -1090.416938        0.8639
BFGS:  156 20:47:58    -1090.427591        0.6292
BFGS:  157 20:47:58    -1090.434347        0.5953
BFGS:  158 20:47:58    -1090.441199        0.5688
BFGS:  159 20:47:58    -1090.446540        0.5703
BFGS:  160 20:47:58    -1090.452253        0.5265
BFGS:  161 20:47:58    -1090.456996        0.5564
BFGS:  162 20:47:58    -1090.459737        0.5937
BFGS:  163 20:47:58    -1090.460872        0.6016
BFGS:  164 20:47:58    -1090.461788        0.5891
BFGS:  165 20:47:58    -1090.462656        0.5794
BFGS:  166 20:47:58    -1090.463413        0.5506
BFGS:  167 20:47:58    -1090.463992        0.5333
BFGS:  168 20:47:58    -1090.464407        0.5030
BFGS:  169 20:47:58    -1090.464722        0.4810
BFGS:  170 20:47:58    -1090.464988        0.4462
BFGS:  171 20:47:58    -1090.465279        0.4012
BFGS:  172 20:47:58    -1090.465653        0.3285
BFGS:  173 20:47:58    -1090.466112        0.2348
BFGS:  174 20:47:58    -1090.466345        1.8065
BFGS:  175 20:47:58    -1090.408914        1.6146
BFGS:  176 20:47:58    -1090.466804        0.1281
BFGS:  177 20:47:59    -1090.467037        0.0826
