      Step     Time          Energy         fmax
BFGS:    0 20:49:40     -777.459590      235.7026
BFGS:    1 20:49:40     -823.856500      152.4249
BFGS:    2 20:49:40     -836.383817      157.5607
BFGS:    3 20:49:40     -848.214243      148.3948
BFGS:    4 20:49:41     -861.860368      140.7263
BFGS:    5 20:49:41     -872.673344      128.4016
BFGS:    6 20:49:41     -883.341054      117.8782
BFGS:    7 20:49:41     -893.306424      112.4298
BFGS:    8 20:49:41     -901.056294       96.6332
BFGS:    9 20:49:41     -909.197839       98.5396
BFGS:   10 20:49:41     -917.824035       89.1460
BFGS:   11 20:49:41     -925.683975       84.9304
BFGS:   12 20:49:41     -933.043681       80.0984
BFGS:   13 20:49:41     -941.279314       77.6546
BFGS:   14 20:49:41     -948.462950       75.1499
BFGS:   15 20:49:41     -954.893668       67.5049
BFGS:   16 20:49:41     -960.639928       65.5941
BFGS:   17 20:49:41     -966.077818       61.5415
BFGS:   18 20:49:41     -971.339695       60.2487
BFGS:   19 20:49:41     -976.765502       59.8330
BFGS:   20 20:49:41     -981.870311       59.8616
BFGS:   21 20:49:41     -986.744157       60.2531
BFGS:   22 20:49:41     -991.003715       59.8302
BFGS:   23 20:49:41     -995.381886       60.0499
BFGS:   24 20:49:41     -998.857169       59.8116
BFGS:   25 20:49:41    -1001.900159       59.3684
BFGS:   26 20:49:41    -1004.744775       60.6181
BFGS:   27 20:49:41    -1007.967295       57.3820
BFGS:   28 20:49:41    -1011.588403       53.5496
BFGS:   29 20:49:41    -1014.679439       48.3464
BFGS:   30 20:49:42    -1017.653155       43.3313
BFGS:   31 20:49:42    -1020.585268       38.3441
BFGS:   32 20:49:42    -1023.549552       32.9117
BFGS:   33 20:49:42    -1026.550539       27.6585
BFGS:   34 20:49:42    -1029.452931       27.7118
BFGS:   35 20:49:42    -1032.280134       28.6628
BFGS:   36 20:49:42    -1034.931416       27.9676
BFGS:   37 20:49:42    -1037.401408       27.3658
BFGS:   38 20:49:42    -1039.823001       26.2545
BFGS:   39 20:49:42    -1042.191875       24.4839
BFGS:   40 20:49:42    -1044.522656       23.8920
BFGS:   41 20:49:42    -1046.690157       22.6940
BFGS:   42 20:49:42    -1048.477816       20.8789
BFGS:   43 20:49:42    -1050.147240       20.4681
BFGS:   44 20:49:42    -1051.837071       22.2735
BFGS:   45 20:49:42    -1053.590983       24.2564
BFGS:   46 20:49:42    -1055.371349       25.6805
BFGS:   47 20:49:42    -1057.097132       26.4831
BFGS:   48 20:49:42    -1058.736676       26.7109
BFGS:   49 20:49:42    -1060.244320       27.5801
BFGS:   50 20:49:42    -1061.632683       27.9881
BFGS:   51 20:49:42    -1062.930567       28.5629
BFGS:   52 20:49:42    -1064.194093       28.8539
BFGS:   53 20:49:42    -1065.539028       29.0123
BFGS:   54 20:49:42    -1067.124769       28.7645
BFGS:   55 20:49:42    -1068.728349       28.0724
BFGS:   56 20:49:42    -1070.345370       27.6499
BFGS:   57 20:49:42    -1071.779853       26.6362
BFGS:   58 20:49:43    -1073.198675       25.7680
BFGS:   59 20:49:43    -1074.621138       24.4375
BFGS:   60 20:49:43    -1076.291228       22.5504
BFGS:   61 20:49:43    -1078.025346       19.6331
BFGS:   62 20:49:43    -1079.601189       17.6212
BFGS:   63 20:49:43    -1080.947906       15.7239
BFGS:   64 20:49:43    -1082.288597       14.3825
BFGS:   65 20:49:43    -1083.674602       13.5859
BFGS:   66 20:49:43    -1085.093914       13.5135
BFGS:   67 20:49:43    -1086.510256       14.1342
BFGS:   68 20:49:43    -1087.952163       15.1705
BFGS:   69 20:49:43    -1089.412483       16.2232
BFGS:   70 20:49:43    -1090.836935       16.8971
BFGS:   71 20:49:43    -1092.283560       16.5656
BFGS:   72 20:49:43    -1093.719514       15.1766
BFGS:   73 20:49:43    -1094.911173       12.9172
BFGS:   74 20:49:43    -1096.007102       13.1009
BFGS:   75 20:49:43    -1097.077475       12.6556
BFGS:   76 20:49:43    -1097.888759       10.6488
BFGS:   77 20:49:43    -1098.573474        8.1375
BFGS:   78 20:49:43    -1099.135623        5.2114
BFGS:   79 20:49:43    -1099.516728        5.8841
BFGS:   80 20:49:43    -1099.832022        6.4956
BFGS:   81 20:49:43    -1100.115866        6.7576
BFGS:   82 20:49:43    -1100.399495        7.6317
BFGS:   83 20:49:43    -1100.684911        8.4768
BFGS:   84 20:49:43    -1100.879952        9.2054
BFGS:   85 20:49:43    -1101.191588        9.4161
BFGS:   86 20:49:43    -1101.494365        9.3623
BFGS:   87 20:49:43    -1101.825262        9.3417
BFGS:   88 20:49:43    -1102.283340        9.2775
BFGS:   89 20:49:44    -1102.908279        9.2861
BFGS:   90 20:49:44    -1103.626011        8.6511
BFGS:   91 20:49:44    -1104.304655        7.2921
BFGS:   92 20:49:44    -1104.935450        7.4426
BFGS:   93 20:49:44    -1105.418143        8.7924
BFGS:   94 20:49:44    -1105.823099        8.9220
BFGS:   95 20:49:44    -1106.178214        8.1603
BFGS:   96 20:49:44    -1106.519201        7.7174
BFGS:   97 20:49:44    -1106.848200        7.0852
BFGS:   98 20:49:44    -1107.214704        6.8366
BFGS:   99 20:49:44    -1107.576474        6.7236
BFGS:  100 20:49:44    -1108.041999        5.6299
BFGS:  101 20:49:44    -1108.424120        5.7984
BFGS:  102 20:49:44    -1108.819591        4.9394
BFGS:  103 20:49:44    -1109.111108        5.3713
BFGS:  104 20:49:44    -1109.376889        3.1982
BFGS:  105 20:49:44    -1109.622381        6.6196
BFGS:  106 20:49:44    -1109.811514        5.0220
BFGS:  107 20:49:44    -1109.981327        4.5513
BFGS:  108 20:49:44    -1110.155844        4.0507
BFGS:  109 20:49:44    -1110.247533        2.8046
BFGS:  110 20:49:44    -1110.339204        2.5100
BFGS:  111 20:49:44    -1110.399904        2.1833
BFGS:  112 20:49:44    -1110.464986        2.4174
BFGS:  113 20:49:44    -1110.511404        2.1677
BFGS:  114 20:49:44    -1110.544523        1.8625
BFGS:  115 20:49:44    -1110.565745        2.0577
BFGS:  116 20:49:44    -1110.591055        1.8805
BFGS:  117 20:49:44    -1110.610536        1.6520
BFGS:  118 20:49:44    -1110.626689        1.1854
BFGS:  119 20:49:44    -1110.638048        0.9706
BFGS:  120 20:49:44    -1110.649315        0.9548
BFGS:  121 20:49:44    -1110.659003        0.9714
BFGS:  122 20:49:45    -1110.665728        0.8654
BFGS:  123 20:49:45    -1110.670466        0.8104
BFGS:  124 20:49:45    -1110.675856        0.7439
BFGS:  125 20:49:45    -1110.683127        0.7424
BFGS:  126 20:49:45    -1110.692021        0.8087
BFGS:  127 20:49:45    -1110.700405        0.9397
BFGS:  128 20:49:45    -1110.707412        1.1097
BFGS:  129 20:49:45    -1110.714483        1.3440
BFGS:  130 20:49:45    -1110.723425        1.6770
BFGS:  131 20:49:45    -1110.732885        1.9452
BFGS:  132 20:49:45    -1110.744001        2.0215
BFGS:  133 20:49:45    -1110.755829        1.9326
BFGS:  134 20:49:45    -1110.770610        1.7194
BFGS:  135 20:49:45    -1110.789767        1.5794
BFGS:  136 20:49:45    -1110.810665        1.3984
BFGS:  137 20:49:45    -1110.823523        1.7574
BFGS:  138 20:49:45    -1110.843549        1.2359
BFGS:  139 20:49:45    -1110.856563        1.1393
BFGS:  140 20:49:45    -1110.869712        1.0141
BFGS:  141 20:49:45    -1110.877008        0.9080
BFGS:  142 20:49:45    -1110.882686        0.9948
BFGS:  143 20:49:45    -1110.886947        1.1100
BFGS:  144 20:49:45    -1110.890180        1.1162
BFGS:  145 20:49:45    -1110.893298        1.0290
BFGS:  146 20:49:45    -1110.896784        0.9520
BFGS:  147 20:49:45    -1110.900824        0.8996
BFGS:  148 20:49:45    -1110.904960        0.8695
BFGS:  149 20:49:45    -1110.908608        0.8309
BFGS:  150 20:49:45    -1110.911450        0.8267
BFGS:  151 20:49:45    -1110.913899        0.7692
BFGS:  152 20:49:45    -1110.916105        0.7046
BFGS:  153 20:49:45    -1110.918110        0.5665
BFGS:  154 20:49:46    -1110.919842        0.5436
BFGS:  155 20:49:46    -1110.921196        0.5954
BFGS:  156 20:49:46    -1110.922217        0.6319
BFGS:  157 20:49:46    -1110.923032        0.6475
BFGS:  158 20:49:46    -1110.923634        0.6622
BFGS:  159 20:49:46    -1110.924054        0.6685
BFGS:  160 20:49:46    -1110.924361        0.6726
BFGS:  161 20:49:46    -1110.924629        0.6718
BFGS:  162 20:49:46    -1110.924932        0.6677
BFGS:  163 20:49:46    -1110.925307        0.6562
BFGS:  164 20:49:46    -1110.925747        0.6363
BFGS:  165 20:49:46    -1110.926239        0.6074
BFGS:  166 20:49:46    -1110.926797        0.5697
BFGS:  167 20:49:46    -1110.927449        0.5342
BFGS:  168 20:49:46    -1110.928133        0.4710
BFGS:  169 20:49:46    -1110.928700        0.4097
BFGS:  170 20:49:46    -1110.929085        0.3707
BFGS:  171 20:49:46    -1110.929354        0.3426
BFGS:  172 20:49:46    -1110.929583        0.3262
BFGS:  173 20:49:46    -1110.929788        0.3197
BFGS:  174 20:49:46    -1110.929963        0.3062
BFGS:  175 20:49:46    -1110.930131        0.2831
BFGS:  176 20:49:46    -1110.930359        0.2564
BFGS:  177 20:49:46    -1110.930744        0.2333
BFGS:  178 20:49:46    -1110.931362        0.2263
BFGS:  179 20:49:46    -1110.932089        0.2095
BFGS:  180 20:49:46    -1110.932689        0.1930
BFGS:  181 20:49:46    -1110.933064        0.1730
BFGS:  182 20:49:46    -1110.933354        0.1518
BFGS:  183 20:49:46    -1110.933680        0.1261
BFGS:  184 20:49:46    -1110.934003        0.1028
BFGS:  185 20:49:46    -1110.934218        0.0811
