      Step     Time          Energy         fmax
BFGS:    0 20:43:37     -672.675936      270.2867
BFGS:    1 20:43:38     -726.918598      208.4969
BFGS:    2 20:43:38     -760.723335      192.3577
BFGS:    3 20:43:38     -795.874936      182.7584
BFGS:    4 20:43:38     -827.735679      160.5804
BFGS:    5 20:43:38     -849.136086      158.6980
BFGS:    6 20:43:38     -870.137552      147.5543
BFGS:    7 20:43:38     -885.554467      133.9705
BFGS:    8 20:43:38     -899.620798      120.0732
BFGS:    9 20:43:38     -909.579758      115.8018
BFGS:   10 20:43:38     -918.723172      101.5326
BFGS:   11 20:43:38     -927.161637       93.2006
BFGS:   12 20:43:38     -934.107079       88.0307
BFGS:   13 20:43:38     -940.709612       85.7993
BFGS:   14 20:43:38     -947.383012       81.8359
BFGS:   15 20:43:38     -954.977050       80.0105
BFGS:   16 20:43:38     -962.365248       67.9129
BFGS:   17 20:43:38     -968.486963       64.9964
BFGS:   18 20:43:38     -973.448971       63.8759
BFGS:   19 20:43:38     -978.609405       57.8274
BFGS:   20 20:43:38     -983.677652       52.0928
BFGS:   21 20:43:38     -987.893146       46.9583
BFGS:   22 20:43:38     -991.774019       41.3341
BFGS:   23 20:43:38     -995.324047       37.5435
BFGS:   24 20:43:38     -998.550433       38.1314
BFGS:   25 20:43:38    -1001.614759       38.3983
BFGS:   26 20:43:38    -1004.646360       38.4171
BFGS:   27 20:43:39    -1008.175205       38.7666
BFGS:   28 20:43:39    -1011.897639       38.5133
BFGS:   29 20:43:39    -1015.530202       37.8628
BFGS:   30 20:43:39    -1019.324718       35.6208
BFGS:   31 20:43:39    -1023.063195       34.8779
BFGS:   32 20:43:39    -1026.371910       32.3782
BFGS:   33 20:43:39    -1029.478788       30.0228
BFGS:   34 20:43:39    -1032.344695       26.8413
BFGS:   35 20:43:39    -1035.086475       24.7928
BFGS:   36 20:43:39    -1037.799477       25.3546
BFGS:   37 20:43:39    -1040.573026       25.3775
BFGS:   38 20:43:39    -1043.299968       23.8045
BFGS:   39 20:43:39    -1045.930717       21.2263
BFGS:   40 20:43:39    -1048.013133       18.5648
BFGS:   41 20:43:39    -1049.946836       16.3276
BFGS:   42 20:43:39    -1051.566161       15.2067
BFGS:   43 20:43:39    -1052.887444       13.1400
BFGS:   44 20:43:39    -1053.970489       11.2173
BFGS:   45 20:43:39    -1054.819241       10.8557
BFGS:   46 20:43:39    -1055.510504       10.7700
BFGS:   47 20:43:39    -1056.157522       10.4123
BFGS:   48 20:43:39    -1056.783088       10.3029
BFGS:   49 20:43:39    -1057.387071       10.0932
BFGS:   50 20:43:39    -1057.954900        9.9410
BFGS:   51 20:43:39    -1058.492880        9.7559
BFGS:   52 20:43:39    -1059.012055        9.5677
BFGS:   53 20:43:39    -1059.512902        9.3268
BFGS:   54 20:43:40    -1059.994742        8.9710
BFGS:   55 20:43:40    -1060.462477        8.6936
BFGS:   56 20:43:40    -1060.932611        7.8264
BFGS:   57 20:43:40    -1061.452421        7.1298
BFGS:   58 20:43:40    -1061.889098        6.8833
BFGS:   59 20:43:40    -1062.291455        7.2812
BFGS:   60 20:43:40    -1062.674688        8.7080
BFGS:   61 20:43:40    -1063.054418        9.5410
BFGS:   62 20:43:40    -1063.468795        9.5115
BFGS:   63 20:43:40    -1063.980213        9.1440
BFGS:   64 20:43:40    -1064.601684        9.9080
BFGS:   65 20:43:40    -1065.328391       10.5271
BFGS:   66 20:43:40    -1066.116501       11.8142
BFGS:   67 20:43:40    -1066.972274       13.5596
BFGS:   68 20:43:40    -1067.804165       15.1850
BFGS:   69 20:43:40    -1068.698415       16.1360
BFGS:   70 20:43:40    -1069.726018       17.1429
BFGS:   71 20:43:40    -1070.775027       17.6362
BFGS:   72 20:43:40    -1071.820969       18.9271
BFGS:   73 20:43:40    -1072.692879       19.4770
BFGS:   74 20:43:40    -1073.650764       18.4866
BFGS:   75 20:43:40    -1074.562952       17.2379
BFGS:   76 20:43:40    -1075.773351       15.8817
BFGS:   77 20:43:40    -1076.605600       14.7786
BFGS:   78 20:43:40    -1077.238588       12.9386
BFGS:   79 20:43:40    -1077.727605       10.6319
BFGS:   80 20:43:40    -1078.122735        9.2221
BFGS:   81 20:43:40    -1078.532593        7.7899
BFGS:   82 20:43:40    -1078.939503        8.5176
BFGS:   83 20:43:41    -1079.353349        9.5945
BFGS:   84 20:43:41    -1079.810266       10.1088
BFGS:   85 20:43:41    -1080.259869       10.4131
BFGS:   86 20:43:41    -1080.647243       10.6493
BFGS:   87 20:43:41    -1081.006548       10.8617
BFGS:   88 20:43:41    -1081.367247       11.1146
BFGS:   89 20:43:41    -1081.747472       11.3004
BFGS:   90 20:43:41    -1082.138714       11.3864
BFGS:   91 20:43:41    -1082.597613       10.9076
BFGS:   92 20:43:41    -1083.079479       10.7455
BFGS:   93 20:43:41    -1083.626916       11.4673
BFGS:   94 20:43:41    -1084.199462       11.9415
BFGS:   95 20:43:41    -1084.844151       11.8214
BFGS:   96 20:43:41    -1085.453789       11.7708
BFGS:   97 20:43:41    -1086.248098       11.7197
BFGS:   98 20:43:41    -1086.831890       12.3496
BFGS:   99 20:43:41    -1087.584564        9.7650
BFGS:  100 20:43:41    -1088.109503       10.1191
BFGS:  101 20:43:41    -1088.694602        8.1316
BFGS:  102 20:43:41    -1089.175922        7.5582
BFGS:  103 20:43:41    -1089.653945        7.3986
BFGS:  104 20:43:41    -1090.042910        7.5459
BFGS:  105 20:43:41    -1090.336837        7.3261
BFGS:  106 20:43:41    -1090.583350        6.9965
BFGS:  107 20:43:41    -1090.777784        6.5241
BFGS:  108 20:43:41    -1090.946735        5.8827
BFGS:  109 20:43:41    -1091.076803        5.1999
BFGS:  110 20:43:41    -1091.197454        4.3098
BFGS:  111 20:43:41    -1091.296447        3.9544
BFGS:  112 20:43:42    -1091.402918        3.3164
BFGS:  113 20:43:42    -1091.472036        3.0466
BFGS:  114 20:43:42    -1091.526117        3.0134
BFGS:  115 20:43:42    -1091.575918        2.8685
BFGS:  116 20:43:42    -1091.635831        2.8072
BFGS:  117 20:43:42    -1091.682245        3.2262
BFGS:  118 20:43:42    -1091.714146        3.4126
BFGS:  119 20:43:42    -1091.742481        3.2678
BFGS:  120 20:43:42    -1091.776478        3.0960
BFGS:  121 20:43:42    -1091.812412        2.9132
BFGS:  122 20:43:42    -1091.847774        2.7945
BFGS:  123 20:43:42    -1091.883311        2.7283
BFGS:  124 20:43:42    -1091.925685        2.7385
BFGS:  125 20:43:42    -1091.978399        2.5953
BFGS:  126 20:43:42    -1092.037865        2.4024
BFGS:  127 20:43:42    -1092.088529        1.9754
BFGS:  128 20:43:42    -1092.141273        2.5396
BFGS:  129 20:43:42    -1092.249219        4.2315
BFGS:  130 20:43:42    -1092.286078        6.7197
BFGS:  131 20:43:42    -1092.414363        6.0430
BFGS:  132 20:43:42    -1092.866772        7.7461
BFGS:  133 20:43:42    -1093.269492        9.2026
BFGS:  134 20:43:42    -1093.645322        9.1707
BFGS:  135 20:43:42    -1093.944127        7.9845
BFGS:  136 20:43:42    -1094.245472        5.4032
BFGS:  137 20:43:42    -1094.495464        5.2050
BFGS:  138 20:43:42    -1094.611128        4.4561
BFGS:  139 20:43:42    -1094.734694        5.0933
BFGS:  140 20:43:42    -1094.832991        4.6049
BFGS:  141 20:43:43    -1094.932193        2.5683
BFGS:  142 20:43:43    -1094.970185        1.8475
BFGS:  143 20:43:43    -1094.991810        2.0150
BFGS:  144 20:43:43    -1095.014373        1.8040
BFGS:  145 20:43:43    -1095.033001        1.6002
BFGS:  146 20:43:43    -1095.048837        1.7655
BFGS:  147 20:43:43    -1095.059494        1.6768
BFGS:  148 20:43:43    -1095.067253        1.3496
BFGS:  149 20:43:43    -1095.074332        1.0523
BFGS:  150 20:43:43    -1095.083763        0.9014
BFGS:  151 20:43:43    -1095.094375        0.8478
BFGS:  152 20:43:43    -1095.103743        0.8605
BFGS:  153 20:43:43    -1095.109969        0.8406
BFGS:  154 20:43:43    -1095.114344        0.7907
BFGS:  155 20:43:43    -1095.118265        0.7331
BFGS:  156 20:43:43    -1095.121998        0.7006
BFGS:  157 20:43:43    -1095.125324        0.6437
BFGS:  158 20:43:43    -1095.128145        0.4185
BFGS:  159 20:43:43    -1095.130380        0.3659
BFGS:  160 20:43:43    -1095.131798        0.3488
BFGS:  161 20:43:43    -1095.132617        0.2893
BFGS:  162 20:43:43    -1095.133265        0.2514
BFGS:  163 20:43:43    -1095.134056        0.2606
BFGS:  164 20:43:43    -1095.134973        0.2865
BFGS:  165 20:43:43    -1095.135826        0.2977
BFGS:  166 20:43:43    -1095.136365        0.2793
BFGS:  167 20:43:43    -1095.136796        0.2783
BFGS:  168 20:43:43    -1095.137340        0.2962
BFGS:  169 20:43:44    -1095.138009        0.2846
BFGS:  170 20:43:44    -1095.138816        0.2659
BFGS:  171 20:43:44    -1095.139502        0.2628
BFGS:  172 20:43:44    -1095.139957        0.2043
BFGS:  173 20:43:44    -1095.140214        0.1477
BFGS:  174 20:43:44    -1095.140365        0.1825
BFGS:  175 20:43:44    -1095.140498        0.2090
BFGS:  176 20:43:44    -1095.140645        0.2169
BFGS:  177 20:43:44    -1095.140844        0.1927
BFGS:  178 20:43:44    -1095.141093        0.1271
BFGS:  179 20:43:44    -1095.141342        0.0909
