      Step     Time          Energy         fmax
BFGS:    0 20:40:37     -792.180848      132.7136
BFGS:    1 20:40:37     -833.003640      105.0070
BFGS:    2 20:40:37     -859.110051       99.3301
BFGS:    3 20:40:37     -884.052665       87.8923
BFGS:    4 20:40:37     -904.665018       83.0075
BFGS:    5 20:40:37     -919.168987       67.8844
BFGS:    6 20:40:37     -930.259102       62.1030
BFGS:    7 20:40:37     -941.213402       56.9188
BFGS:    8 20:40:38     -950.416435       52.9680
BFGS:    9 20:40:38     -958.118445       48.2977
BFGS:   10 20:40:38     -964.630154       47.1914
BFGS:   11 20:40:38     -969.649063       43.4331
BFGS:   12 20:40:38     -974.851870       40.9249
BFGS:   13 20:40:38     -979.674509       39.6481
BFGS:   14 20:40:38     -984.490449       36.0934
BFGS:   15 20:40:38     -989.705382       34.0018
BFGS:   16 20:40:38     -994.460505       31.9135
BFGS:   17 20:40:38     -998.986657       29.1845
BFGS:   18 20:40:38    -1003.297957       27.7761
BFGS:   19 20:40:38    -1006.872557       26.1984
BFGS:   20 20:40:38    -1010.142970       25.9034
BFGS:   21 20:40:38    -1013.292694       26.1843
BFGS:   22 20:40:38    -1016.222995       25.5546
BFGS:   23 20:40:38    -1019.129962       25.6811
BFGS:   24 20:40:38    -1021.620776       24.3244
BFGS:   25 20:40:38    -1023.741099       24.7667
BFGS:   26 20:40:38    -1025.684742       24.3271
BFGS:   27 20:40:38    -1027.503357       24.1412
BFGS:   28 20:40:38    -1029.336379       23.9350
BFGS:   29 20:40:38    -1031.302800       24.1154
BFGS:   30 20:40:38    -1033.472218       24.0093
BFGS:   31 20:40:38    -1035.920387       24.7339
BFGS:   32 20:40:38    -1038.432088       24.8967
BFGS:   33 20:40:39    -1040.824883       25.5434
BFGS:   34 20:40:39    -1043.077095       26.2871
BFGS:   35 20:40:39    -1045.183067       26.4150
BFGS:   36 20:40:39    -1047.269040       26.0966
BFGS:   37 20:40:39    -1049.317962       24.0680
BFGS:   38 20:40:39    -1051.614915       21.8719
BFGS:   39 20:40:39    -1053.697213       18.4467
BFGS:   40 20:40:39    -1055.462372       17.8580
BFGS:   41 20:40:39    -1056.986533       15.8514
BFGS:   42 20:40:39    -1058.439439       14.3610
BFGS:   43 20:40:39    -1059.891281       12.1995
BFGS:   44 20:40:39    -1061.394911       11.3566
BFGS:   45 20:40:39    -1062.784322       11.2490
BFGS:   46 20:40:39    -1064.133242       11.1388
BFGS:   47 20:40:39    -1065.606510       11.1497
BFGS:   48 20:40:39    -1067.062992       10.9960
BFGS:   49 20:40:39    -1068.445653       10.6203
BFGS:   50 20:40:39    -1069.820047       10.3682
BFGS:   51 20:40:39    -1071.192876       10.7068
BFGS:   52 20:40:39    -1072.337286       10.8838
BFGS:   53 20:40:39    -1073.348836       10.8525
BFGS:   54 20:40:39    -1074.275737       10.6132
BFGS:   55 20:40:39    -1075.147757       10.2601
BFGS:   56 20:40:39    -1075.981467        9.8323
BFGS:   57 20:40:39    -1076.800179        9.8163
BFGS:   58 20:40:39    -1077.596482        9.7113
BFGS:   59 20:40:39    -1078.367791        9.5223
BFGS:   60 20:40:39    -1079.117659        9.1423
BFGS:   61 20:40:40    -1079.844220        8.5901
BFGS:   62 20:40:40    -1080.525232        7.4616
BFGS:   63 20:40:40    -1081.151588        5.9538
BFGS:   64 20:40:40    -1081.594078        5.2322
BFGS:   65 20:40:40    -1081.920694        5.2255
BFGS:   66 20:40:40    -1082.189603        5.6525
BFGS:   67 20:40:40    -1082.415085        5.5250
BFGS:   68 20:40:40    -1082.688029        4.9537
BFGS:   69 20:40:40    -1082.956950        4.6589
BFGS:   70 20:40:40    -1083.205917        5.9957
BFGS:   71 20:40:40    -1083.454127        6.9743
BFGS:   72 20:40:40    -1083.701307        7.7591
BFGS:   73 20:40:40    -1083.952839        8.4628
BFGS:   74 20:40:40    -1084.223012        9.0601
BFGS:   75 20:40:40    -1084.521334        9.7022
BFGS:   76 20:40:40    -1084.867384       10.2696
BFGS:   77 20:40:40    -1085.258940       10.7887
BFGS:   78 20:40:40    -1085.690624       10.8223
BFGS:   79 20:40:40    -1086.166350       10.3377
BFGS:   80 20:40:40    -1086.659588        9.5244
BFGS:   81 20:40:40    -1087.182305        8.5792
BFGS:   82 20:40:40    -1087.759528        7.6790
BFGS:   83 20:40:40    -1088.292655        6.6771
BFGS:   84 20:40:40    -1088.830807        5.7107
BFGS:   85 20:40:40    -1089.340153        5.2114
BFGS:   86 20:40:40    -1089.848439        4.8433
BFGS:   87 20:40:40    -1090.268365        4.5005
BFGS:   88 20:40:40    -1090.614110        5.1743
BFGS:   89 20:40:40    -1090.913682        4.5781
BFGS:   90 20:40:40    -1091.166804        4.5791
BFGS:   91 20:40:41    -1091.403644        5.3085
BFGS:   92 20:40:41    -1091.632201        5.8473
BFGS:   93 20:40:41    -1091.887558        6.1802
BFGS:   94 20:40:41    -1092.172448        5.9927
BFGS:   95 20:40:41    -1092.453388        5.0719
BFGS:   96 20:40:41    -1092.727627        5.0756
BFGS:   97 20:40:41    -1093.002133        4.8179
BFGS:   98 20:40:41    -1093.243812        4.3801
BFGS:   99 20:40:41    -1093.429095        2.6053
BFGS:  100 20:40:41    -1093.543082        3.2794
BFGS:  101 20:40:41    -1093.635266        3.2449
BFGS:  102 20:40:41    -1093.744336        2.5818
BFGS:  103 20:40:41    -1093.872760        2.9848
BFGS:  104 20:40:41    -1093.988899        3.5547
BFGS:  105 20:40:41    -1094.100965        3.8465
BFGS:  106 20:40:41    -1094.214028        3.8357
BFGS:  107 20:40:41    -1094.337517        4.4178
BFGS:  108 20:40:41    -1094.526839        4.9084
BFGS:  109 20:40:41    -1094.750161        4.8227
BFGS:  110 20:40:41    -1094.970537        2.5447
BFGS:  111 20:40:41    -1095.099695        2.7906
BFGS:  112 20:40:41    -1095.217620        2.0557
BFGS:  113 20:40:41    -1095.336025        1.9441
BFGS:  114 20:40:41    -1095.438334        2.1178
BFGS:  115 20:40:41    -1095.502504        1.5026
BFGS:  116 20:40:41    -1095.529739        0.9877
BFGS:  117 20:40:41    -1095.550214        0.9605
BFGS:  118 20:40:41    -1095.559268        0.8111
BFGS:  119 20:40:41    -1095.566350        0.8194
BFGS:  120 20:40:41    -1095.569475        0.5536
BFGS:  121 20:40:42    -1095.572327        0.5325
BFGS:  122 20:40:42    -1095.575459        0.4542
BFGS:  123 20:40:42    -1095.577518        0.3416
BFGS:  124 20:40:42    -1095.579711        0.3897
BFGS:  125 20:40:42    -1095.582324        0.4408
BFGS:  126 20:40:42    -1095.584387        0.4180
BFGS:  127 20:40:42    -1095.585654        0.3551
BFGS:  128 20:40:42    -1095.586383        0.2952
BFGS:  129 20:40:42    -1095.586904        0.2379
BFGS:  130 20:40:42    -1095.587367        0.2591
BFGS:  131 20:40:42    -1095.587629        0.2839
BFGS:  132 20:40:42    -1095.587771        0.3123
BFGS:  133 20:40:42    -1095.587897        0.3084
BFGS:  134 20:40:42    -1095.588070        0.3004
BFGS:  135 20:40:42    -1095.588315        0.2603
BFGS:  136 20:40:42    -1095.588562        0.2127
BFGS:  137 20:40:42    -1095.588757        0.1947
BFGS:  138 20:40:42    -1095.588879        0.1906
BFGS:  139 20:40:42    -1095.588982        0.1859
BFGS:  140 20:40:42    -1095.589108        0.1731
BFGS:  141 20:40:42    -1095.589296        0.1763
BFGS:  142 20:40:42    -1095.589548        0.1834
BFGS:  143 20:40:42    -1095.589815        0.1787
BFGS:  144 20:40:42    -1095.590018        0.1778
BFGS:  145 20:40:42    -1095.590137        0.1787
BFGS:  146 20:40:42    -1095.590225        0.1737
BFGS:  147 20:40:42    -1095.590319        0.1633
BFGS:  148 20:40:42    -1095.590415        0.1528
BFGS:  149 20:40:42    -1095.590528        0.1383
BFGS:  150 20:40:42    -1095.590671        0.1190
BFGS:  151 20:40:42    -1095.590861        0.0999
