      Step     Time          Energy         fmax
BFGS:    0 20:49:39     -756.919159      243.3224
BFGS:    1 20:49:39     -791.269413      168.7512
BFGS:    2 20:49:39     -808.705923      179.1760
BFGS:    3 20:49:39     -823.603495      173.8437
BFGS:    4 20:49:39     -838.053660      168.1133
BFGS:    5 20:49:39     -854.294227      160.8181
BFGS:    6 20:49:39     -868.723044      153.3591
BFGS:    7 20:49:39     -882.204153      146.6452
BFGS:    8 20:49:39     -893.742537      141.3284
BFGS:    9 20:49:39     -906.102127      133.1898
BFGS:   10 20:49:39     -918.274201      125.3698
BFGS:   11 20:49:39     -930.305165      120.0188
BFGS:   12 20:49:39     -943.196831      113.2036
BFGS:   13 20:49:39     -955.805128      104.4129
BFGS:   14 20:49:39     -966.730970      101.7715
BFGS:   15 20:49:39     -976.286440       94.4059
BFGS:   16 20:49:39     -985.770881       89.2521
BFGS:   17 20:49:39     -994.399220       83.7917
BFGS:   18 20:49:39    -1002.533672       81.1343
BFGS:   19 20:49:39    -1010.093882       77.6574
BFGS:   20 20:49:39    -1016.753893       71.7129
BFGS:   21 20:49:39    -1023.242617       64.1496
BFGS:   22 20:49:39    -1029.508632       56.1512
BFGS:   23 20:49:39    -1034.982498       48.3523
BFGS:   24 20:49:39    -1040.240938       41.6671
BFGS:   25 20:49:40    -1044.542967       35.5129
BFGS:   26 20:49:40    -1047.639700       31.2959
BFGS:   27 20:49:40    -1050.380375       29.5194
BFGS:   28 20:49:40    -1053.040405       30.1432
BFGS:   29 20:49:40    -1055.863926       29.4651
BFGS:   30 20:49:40    -1057.916318       29.5008
BFGS:   31 20:49:40    -1060.161516       29.7474
BFGS:   32 20:49:40    -1062.263930       29.5640
BFGS:   33 20:49:40    -1064.412870       29.4705
BFGS:   34 20:49:40    -1066.619407       29.4517
BFGS:   35 20:49:40    -1068.977852       32.4260
BFGS:   36 20:49:40    -1070.915889       30.4893
BFGS:   37 20:49:40    -1072.549942       30.4343
BFGS:   38 20:49:40    -1074.153891       30.3168
BFGS:   39 20:49:40    -1075.686687       30.4549
BFGS:   40 20:49:40    -1077.237746       30.1238
BFGS:   41 20:49:40    -1078.827244       29.6682
BFGS:   42 20:49:40    -1080.463636       28.1628
BFGS:   43 20:49:40    -1082.192238       26.7795
BFGS:   44 20:49:40    -1083.794474       24.5612
BFGS:   45 20:49:40    -1085.354906       24.0395
BFGS:   46 20:49:40    -1086.964311       23.2138
BFGS:   47 20:49:40    -1088.460921       22.7034
BFGS:   48 20:49:40    -1089.806017       20.9747
BFGS:   49 20:49:40    -1091.160531       17.8498
BFGS:   50 20:49:40    -1092.474616       18.5072
BFGS:   51 20:49:40    -1093.741505       20.1663
BFGS:   52 20:49:41    -1094.953077       21.8820
BFGS:   53 20:49:41    -1096.049815       23.3153
BFGS:   54 20:49:41    -1097.130156       24.1431
BFGS:   55 20:49:41    -1098.229693       25.2936
BFGS:   56 20:49:41    -1099.506124       24.0759
BFGS:   57 20:49:41    -1100.748660       24.1460
BFGS:   58 20:49:41    -1101.943981       22.0492
BFGS:   59 20:49:41    -1102.965481       20.1577
BFGS:   60 20:49:41    -1103.954765       17.6596
BFGS:   61 20:49:41    -1104.884969       14.3387
BFGS:   62 20:49:41    -1105.846122       12.0341
BFGS:   63 20:49:41    -1106.730304        8.9683
BFGS:   64 20:49:41    -1107.469594       10.0190
BFGS:   65 20:49:41    -1108.025692        8.5822
BFGS:   66 20:49:41    -1108.603795        8.0316
BFGS:   67 20:49:41    -1109.167000        7.8531
BFGS:   68 20:49:41    -1109.529525        7.5949
BFGS:   69 20:49:41    -1109.860134        6.9498
BFGS:   70 20:49:41    -1110.175238        7.3477
BFGS:   71 20:49:41    -1110.522006        7.7161
BFGS:   72 20:49:41    -1110.916653        7.4033
BFGS:   73 20:49:41    -1111.294990        8.4797
BFGS:   74 20:49:41    -1111.721712        9.1812
BFGS:   75 20:49:41    -1112.316751        9.8710
BFGS:   76 20:49:41    -1112.668929        9.3536
BFGS:   77 20:49:41    -1112.966323        6.3754
BFGS:   78 20:49:41    -1113.128632        6.5525
BFGS:   79 20:49:41    -1113.342819        6.0954
BFGS:   80 20:49:41    -1113.532784        5.2814
BFGS:   81 20:49:41    -1113.666549        5.2191
BFGS:   82 20:49:41    -1113.755240        4.9266
BFGS:   83 20:49:42    -1113.842176        4.2201
BFGS:   84 20:49:42    -1113.895014        3.5733
BFGS:   85 20:49:42    -1113.950236        3.5501
BFGS:   86 20:49:42    -1114.029246        4.2566
BFGS:   87 20:49:42    -1114.061710        4.9363
BFGS:   88 20:49:42    -1114.098204        6.0182
BFGS:   89 20:49:42    -1114.170249        3.7931
BFGS:   90 20:49:42    -1114.210994        3.2604
BFGS:   91 20:49:42    -1114.260863        2.9188
BFGS:   92 20:49:42    -1114.321577        2.2259
BFGS:   93 20:49:42    -1114.322272        3.9530
BFGS:   94 20:49:42    -1114.351049        1.4893
BFGS:   95 20:49:42    -1114.342846        3.1769
BFGS:   96 20:49:42    -1114.368101        2.2522
BFGS:   97 20:49:42    -1114.379023        1.5765
BFGS:   98 20:49:42    -1114.389466        1.8332
BFGS:   99 20:49:42    -1114.398734        1.2708
BFGS:  100 20:49:42    -1114.403016        1.8698
BFGS:  101 20:49:42    -1114.409068        1.7120
BFGS:  102 20:49:42    -1114.415235        1.7859
BFGS:  103 20:49:42    -1114.419779        1.7829
BFGS:  104 20:49:42    -1114.420054        4.1074
BFGS:  105 20:49:42    -1114.428310        1.3324
BFGS:  106 20:49:42    -1114.432028        1.1381
BFGS:  107 20:49:42    -1114.433402        2.1787
BFGS:  108 20:49:42    -1114.439782        2.1282
BFGS:  109 20:49:42    -1114.436068        4.0976
BFGS:  110 20:49:42    -1114.443033        0.9819
BFGS:  111 20:49:42    -1114.446884        0.6986
BFGS:  112 20:49:42    -1114.445936        2.4122
BFGS:  113 20:49:42    -1114.449924        0.6831
BFGS:  114 20:49:43    -1114.451465        0.7043
BFGS:  115 20:49:43    -1114.453153        2.4281
BFGS:  116 20:49:43    -1114.455409        3.6755
BFGS:  117 20:49:43    -1114.456414        0.7302
BFGS:  118 20:49:43    -1114.458122        0.7161
BFGS:  119 20:49:43    -1114.461286        2.3625
BFGS:  120 20:49:43    -1114.463423        0.9122
BFGS:  121 20:49:43    -1114.465937        0.8613
BFGS:  122 20:49:43    -1114.477657        2.9647
BFGS:  123 20:49:43    -1114.484097        2.9641
BFGS:  124 20:49:43    -1114.502047        2.6051
BFGS:  125 20:49:43    -1114.514518        1.7212
BFGS:  126 20:49:43    -1114.522812        1.7830
BFGS:  127 20:49:43    -1114.533986        1.9607
BFGS:  128 20:49:43    -1114.535691        2.1014
BFGS:  129 20:49:43    -1114.549925        1.8992
BFGS:  130 20:49:43    -1114.565777        2.5008
BFGS:  131 20:49:43    -1114.575674        2.5623
BFGS:  132 20:49:43    -1114.594966        1.6132
BFGS:  133 20:49:43    -1114.618700        1.8070
BFGS:  134 20:49:43    -1114.640981        2.8476
BFGS:  135 20:49:43    -1114.668659        2.1598
BFGS:  136 20:49:43    -1114.673811        2.2695
BFGS:  137 20:49:43    -1114.743790        2.6711
BFGS:  138 20:49:43    -1114.843252        4.4914
BFGS:  139 20:49:43    -1114.937073        5.8045
BFGS:  140 20:49:43    -1115.134932        5.5654
BFGS:  141 20:49:43    -1115.433973        6.8957
BFGS:  142 20:49:43    -1115.746229        8.0577
BFGS:  143 20:49:43    -1116.020331        8.4774
BFGS:  144 20:49:43    -1116.325690        9.3727
BFGS:  145 20:49:44    -1116.684748        9.1072
BFGS:  146 20:49:44    -1116.991674        9.5390
BFGS:  147 20:49:44    -1117.316139       10.4262
BFGS:  148 20:49:44    -1117.618624        9.5133
BFGS:  149 20:49:44    -1117.969353       10.8016
BFGS:  150 20:49:44    -1118.273215       10.2976
BFGS:  151 20:49:44    -1118.596116        9.0471
BFGS:  152 20:49:44    -1118.934159        7.8821
BFGS:  153 20:49:44    -1119.240676        6.6964
BFGS:  154 20:49:44    -1119.537371        5.6384
BFGS:  155 20:49:44    -1119.823221        4.7729
BFGS:  156 20:49:44    -1120.103205        4.9956
BFGS:  157 20:49:44    -1120.379618        5.3332
BFGS:  158 20:49:44    -1120.648137        5.7660
BFGS:  159 20:49:44    -1120.913436        6.1593
BFGS:  160 20:49:44    -1121.169694        6.4976
BFGS:  161 20:49:44    -1121.404260        6.8459
BFGS:  162 20:49:44    -1121.605528        7.2146
BFGS:  163 20:49:44    -1121.753354        8.6384
BFGS:  164 20:49:44    -1121.898244        9.1705
BFGS:  165 20:49:44    -1122.106686        9.4613
BFGS:  166 20:49:44    -1122.279084        6.7791
BFGS:  167 20:49:44    -1122.408625        6.6905
BFGS:  168 20:49:44    -1122.526574        5.7834
BFGS:  169 20:49:44    -1122.616355        5.1434
BFGS:  170 20:49:44    -1122.661412        5.2453
BFGS:  171 20:49:44    -1122.688086        5.1455
BFGS:  172 20:49:44    -1122.709029        4.9283
BFGS:  173 20:49:44    -1122.725844        4.4030
BFGS:  174 20:49:44    -1122.742176        4.0846
BFGS:  175 20:49:45    -1122.759348        3.6035
BFGS:  176 20:49:45    -1122.769741        2.9512
BFGS:  177 20:49:45    -1122.788842        2.6575
BFGS:  178 20:49:45    -1122.840125        1.9546
BFGS:  179 20:49:45    -1122.863510        1.4586
BFGS:  180 20:49:45    -1122.904742        2.3701
BFGS:  181 20:49:45    -1122.913480        3.0613
BFGS:  182 20:49:45    -1122.915565        1.9832
BFGS:  183 20:49:45    -1122.950515        1.9789
BFGS:  184 20:49:45    -1122.965102        2.3822
BFGS:  185 20:49:45    -1122.945542        3.3236
BFGS:  186 20:49:45    -1122.979551        2.7860
BFGS:  187 20:49:45    -1122.973002        2.5131
BFGS:  188 20:49:45    -1122.989746        2.6638
BFGS:  189 20:49:45    -1122.985555        3.9497
BFGS:  190 20:49:45    -1123.017686        3.4850
BFGS:  191 20:49:45    -1123.039029        3.4907
BFGS:  192 20:49:45    -1123.112976        3.6180
BFGS:  193 20:49:45    -1123.171746        3.9079
BFGS:  194 20:49:45    -1123.229846        3.8362
BFGS:  195 20:49:45    -1123.303910        4.1663
BFGS:  196 20:49:45    -1123.399262        4.5251
BFGS:  197 20:49:45    -1123.525312        4.7355
BFGS:  198 20:49:45    -1123.646062        4.7069
BFGS:  199 20:49:45    -1123.772568        4.4098
BFGS:  200 20:49:45    -1123.896962        4.5407
BFGS:  201 20:49:45    -1124.025831        5.3258
BFGS:  202 20:49:45    -1124.137311        5.7369
BFGS:  203 20:49:45    -1124.118914        6.9112
BFGS:  204 20:49:46    -1124.360781        4.5696
BFGS:  205 20:49:46    -1124.496342        3.5567
BFGS:  206 20:49:46    -1124.628331        3.2256
BFGS:  207 20:49:46    -1124.758343        3.6878
BFGS:  208 20:49:46    -1124.774369        3.8603
BFGS:  209 20:49:46    -1124.852099        3.3720
BFGS:  210 20:49:46    -1124.943280        3.1020
BFGS:  211 20:49:46    -1125.004208        4.2221
BFGS:  212 20:49:46    -1125.204560        4.6969
BFGS:  213 20:49:46    -1125.400939        7.0054
BFGS:  214 20:49:46    -1125.699248        5.1104
BFGS:  215 20:49:46    -1125.897781        4.9714
BFGS:  216 20:49:46    -1126.017570        5.6753
BFGS:  217 20:49:46    -1126.088638        5.2410
BFGS:  218 20:49:46    -1126.127159        5.2311
BFGS:  219 20:49:46    -1126.176379        5.1815
BFGS:  220 20:49:46    -1126.236726        4.4496
BFGS:  221 20:49:46    -1126.266945        3.8092
BFGS:  222 20:49:46    -1126.276902        3.4855
BFGS:  223 20:49:46    -1126.294549        2.6924
BFGS:  224 20:49:46    -1126.309603        3.0140
BFGS:  225 20:49:46    -1126.319973        3.0555
BFGS:  226 20:49:46    -1126.325481        2.8363
BFGS:  227 20:49:46    -1126.331790        2.8296
BFGS:  228 20:49:46    -1126.341292        2.5974
BFGS:  229 20:49:46    -1126.348376        2.3825
BFGS:  230 20:49:46    -1126.348092        2.0323
BFGS:  231 20:49:46    -1126.362493        1.6396
BFGS:  232 20:49:46    -1126.363512        1.6304
BFGS:  233 20:49:46    -1126.355874        2.0400
BFGS:  234 20:49:47    -1126.367452        1.8113
BFGS:  235 20:49:47    -1126.364596        1.7947
BFGS:  236 20:49:47    -1126.368833        1.3010
BFGS:  237 20:49:47    -1126.370918        1.7625
BFGS:  238 20:49:47    -1126.371496        1.1741
BFGS:  239 20:49:47    -1126.372880        1.1152
BFGS:  240 20:49:47    -1126.374180        2.4000
BFGS:  241 20:49:47    -1126.378319        2.3177
BFGS:  242 20:49:47    -1126.370461        1.3822
BFGS:  243 20:49:47    -1126.379274        1.0260
BFGS:  244 20:49:47    -1126.383917        1.7808
BFGS:  245 20:49:47    -1126.384163        0.8034
BFGS:  246 20:49:47    -1126.385501        0.7477
BFGS:  247 20:49:47    -1126.387956        1.7842
BFGS:  248 20:49:47    -1126.389011        0.5892
BFGS:  249 20:49:47    -1126.389295        0.5645
BFGS:  250 20:49:47    -1126.388443        1.7707
BFGS:  251 20:49:47    -1126.389818        0.5349
BFGS:  252 20:49:47    -1126.389708        1.6828
BFGS:  253 20:49:47    -1126.390128        1.6610
BFGS:  254 20:49:47    -1126.390897        0.7755
BFGS:  255 20:49:47    -1126.391416        0.7318
BFGS:  256 20:49:47    -1126.392293        0.6712
BFGS:  257 20:49:47    -1126.393503        0.6432
BFGS:  258 20:49:47    -1126.396638        1.6248
BFGS:  259 20:49:47    -1126.397838        1.1056
BFGS:  260 20:49:47    -1126.398991        1.2017
BFGS:  261 20:49:47    -1126.400121        1.6750
BFGS:  262 20:49:47    -1126.401215        1.4629
BFGS:  263 20:49:47    -1126.402756        1.5546
BFGS:  264 20:49:47    -1126.405616        1.5090
BFGS:  265 20:49:48    -1126.408279        1.6140
BFGS:  266 20:49:48    -1126.409875        1.5256
BFGS:  267 20:49:48    -1126.412755        1.5650
BFGS:  268 20:49:48    -1126.418638        1.8144
BFGS:  269 20:49:48    -1126.426810        1.8780
BFGS:  270 20:49:48    -1126.437235        1.6111
BFGS:  271 20:49:48    -1126.446295        1.2731
BFGS:  272 20:49:48    -1126.444817        1.3346
BFGS:  273 20:49:48    -1126.460627        1.1183
BFGS:  274 20:49:48    -1126.464454        1.1102
BFGS:  275 20:49:48    -1126.467831        1.0594
BFGS:  276 20:49:48    -1126.468802        1.0109
BFGS:  277 20:49:48    -1126.469268        0.9539
BFGS:  278 20:49:48    -1126.469470        0.9235
BFGS:  279 20:49:48    -1126.469681        0.8877
BFGS:  280 20:49:48    -1126.469833        1.4755
BFGS:  281 20:49:48    -1126.469931        0.8915
BFGS:  282 20:49:48    -1126.470058        0.9010
BFGS:  283 20:49:48    -1126.470082        1.4054
BFGS:  284 20:49:48    -1126.470297        1.4113
BFGS:  285 20:49:48    -1126.470349        0.9179
BFGS:  286 20:49:48    -1126.470694        0.9215
BFGS:  287 20:49:48    -1126.470205        1.4209
BFGS:  288 20:49:48    -1126.470940        1.4205
BFGS:  289 20:49:48    -1126.471337        0.9245
BFGS:  290 20:49:48    -1126.472078        1.4063
BFGS:  291 20:49:48    -1126.472487        0.9281
BFGS:  292 20:49:48    -1126.469960        1.3146
BFGS:  293 20:49:48    -1126.472988        1.3660
BFGS:  294 20:49:48    -1126.473054        1.3631
BFGS:  295 20:49:49    -1126.472849        0.9856
BFGS:  296 20:49:49    -1126.473051        0.9803
BFGS:  297 20:49:49    -1126.472652        1.3735
BFGS:  298 20:49:49    -1126.473037        1.3561
BFGS:  299 20:49:49    -1126.472351        1.0260
BFGS:  300 20:49:49    -1126.472905        0.9992
BFGS:  301 20:49:49    -1126.472259        1.3927
BFGS:  302 20:49:49    -1126.473048        1.3523
BFGS:  303 20:49:49    -1126.471750        1.0741
BFGS:  304 20:49:49    -1126.472726        1.0200
BFGS:  305 20:49:49    -1126.471826        1.4173
BFGS:  306 20:49:49    -1126.473070        1.3488
BFGS:  307 20:49:49    -1126.471096        1.1274
BFGS:  308 20:49:49    -1126.472531        1.0425
BFGS:  309 20:49:49    -1126.471360        1.4453
BFGS:  310 20:49:49    -1126.473092        1.3457
BFGS:  311 20:49:49    -1126.470407        1.1844
BFGS:  312 20:49:49    -1126.472328        1.0660
BFGS:  313 20:49:49    -1126.470869        1.4759
BFGS:  314 20:49:49    -1126.473106        0.9843
BFGS:  315 20:49:49    -1126.472573        1.3837
BFGS:  316 20:49:49    -1126.472923        1.3591
BFGS:  317 20:49:49    -1126.469566        1.2539
BFGS:  318 20:49:49    -1126.472153        1.0868
BFGS:  319 20:49:49    -1126.470158        1.5251
BFGS:  320 20:49:49    -1126.473043        1.3486
BFGS:  321 20:49:49    -1126.468795        1.3176
BFGS:  322 20:49:49    -1126.471902        1.1153
BFGS:  323 20:49:49    -1126.469621        1.5609
BFGS:  324 20:49:49    -1126.473070        1.3452
BFGS:  325 20:49:50    -1126.468043        1.3810
BFGS:  326 20:49:50    -1126.471686        1.1406
BFGS:  327 20:49:50    -1126.469083        1.5971
BFGS:  328 20:49:50    -1126.473077        1.3437
BFGS:  329 20:49:50    -1126.467310        1.4431
BFGS:  330 20:49:50    -1126.471483        1.1645
BFGS:  331 20:49:50    -1126.468554        1.6332
BFGS:  332 20:49:50    -1126.473074        1.3432
BFGS:  333 20:49:50    -1126.466606        1.5032
BFGS:  334 20:49:50    -1126.471293        1.1871
BFGS:  335 20:49:50    -1126.468041        1.6692
BFGS:  336 20:49:50    -1126.473064        1.3434
BFGS:  337 20:49:50    -1126.465936        1.5607
BFGS:  338 20:49:50    -1126.471114        1.2082
BFGS:  339 20:49:50    -1126.467544        1.7047
BFGS:  340 20:49:50    -1126.473048        1.3443
BFGS:  341 20:49:50    -1126.465298        1.6153
BFGS:  342 20:49:50    -1126.470948        1.2279
BFGS:  343 20:49:50    -1126.467063        1.7398
BFGS:  344 20:49:50    -1126.473026        1.3458
BFGS:  345 20:49:50    -1126.464693        1.6672
BFGS:  346 20:49:50    -1126.470793        1.2463
BFGS:  347 20:49:50    -1126.466600        1.7741
BFGS:  348 20:49:50    -1126.473000        1.3478
BFGS:  349 20:49:50    -1126.464120        1.7163
BFGS:  350 20:49:50    -1126.470649        1.2632
BFGS:  351 20:49:50    -1126.466154        1.8075
BFGS:  352 20:49:50    -1126.472970        1.3504
BFGS:  353 20:49:50    -1126.463579        1.7626
BFGS:  354 20:49:50    -1126.470517        1.2788
BFGS:  355 20:49:51    -1126.465729        1.8399
BFGS:  356 20:49:51    -1126.472938        1.3533
BFGS:  357 20:49:51    -1126.463071        1.8062
BFGS:  358 20:49:51    -1126.470396        1.2931
BFGS:  359 20:49:51    -1126.465324        1.8709
BFGS:  360 20:49:51    -1126.472903        1.3565
BFGS:  361 20:49:51    -1126.462595        1.8470
BFGS:  362 20:49:51    -1126.470285        1.3062
BFGS:  363 20:49:51    -1126.464940        1.9007
BFGS:  364 20:49:51    -1126.472867        1.3599
BFGS:  365 20:49:51    -1126.462151        1.8852
BFGS:  366 20:49:51    -1126.470183        1.3182
BFGS:  367 20:49:51    -1126.464579        1.9290
BFGS:  368 20:49:51    -1126.472830        1.3635
BFGS:  369 20:49:51    -1126.461737        1.9209
BFGS:  370 20:49:51    -1126.470091        1.3291
BFGS:  371 20:49:51    -1126.464238        1.9559
BFGS:  372 20:49:51    -1126.472794        1.3672
BFGS:  373 20:49:51    -1126.461352        1.9541
BFGS:  374 20:49:51    -1126.470006        1.3391
BFGS:  375 20:49:51    -1126.463919        1.9814
BFGS:  376 20:49:51    -1126.472757        1.3710
BFGS:  377 20:49:51    -1126.460996        1.9849
BFGS:  378 20:49:51    -1126.469929        1.3482
BFGS:  379 20:49:51    -1126.463620        2.0054
BFGS:  380 20:49:51    -1126.472722        1.3747
BFGS:  381 20:49:51    -1126.460666        2.0136
BFGS:  382 20:49:51    -1126.469860        1.3564
BFGS:  383 20:49:51    -1126.463341        2.0280
BFGS:  384 20:49:51    -1126.472687        1.3784
BFGS:  385 20:49:52    -1126.460361        2.0401
BFGS:  386 20:49:52    -1126.469796        1.3639
BFGS:  387 20:49:52    -1126.463082        2.0493
BFGS:  388 20:49:52    -1126.472653        1.3819
BFGS:  389 20:49:52    -1126.460080        2.0647
BFGS:  390 20:49:52    -1126.469739        1.3707
BFGS:  391 20:49:52    -1126.462841        2.0692
BFGS:  392 20:49:52    -1126.472621        1.3854
BFGS:  393 20:49:52    -1126.459821        2.0874
BFGS:  394 20:49:52    -1126.469687        1.3769
BFGS:  395 20:49:52    -1126.462618        2.0878
BFGS:  396 20:49:52    -1126.472591        1.3888
BFGS:  397 20:49:52    -1126.459583        2.1084
BFGS:  398 20:49:52    -1126.469639        1.3826
BFGS:  399 20:49:52    -1126.462412        2.1051
BFGS:  400 20:49:52    -1126.472562        1.3920
BFGS:  401 20:49:52    -1126.459364        2.1277
BFGS:  402 20:49:52    -1126.469597        1.3877
BFGS:  403 20:49:52    -1126.462221        2.1213
BFGS:  404 20:49:52    -1126.472534        1.3951
BFGS:  405 20:49:52    -1126.459164        2.1455
BFGS:  406 20:49:52    -1126.469558        1.3923
BFGS:  407 20:49:52    -1126.462046        2.1364
BFGS:  408 20:49:52    -1126.472509        1.3981
BFGS:  409 20:49:52    -1126.458981        2.1618
BFGS:  410 20:49:52    -1126.469523        1.3966
BFGS:  411 20:49:52    -1126.461884        2.1503
BFGS:  412 20:49:52    -1126.472485        1.4008
BFGS:  413 20:49:52    -1126.458813        2.1769
BFGS:  414 20:49:52    -1126.469491        1.4004
BFGS:  415 20:49:53    -1126.461735        2.1633
BFGS:  416 20:49:53    -1126.472462        1.4034
BFGS:  417 20:49:53    -1126.458659        2.1907
BFGS:  418 20:49:53    -1126.469462        1.4039
BFGS:  419 20:49:53    -1126.461599        2.1753
BFGS:  420 20:49:53    -1126.472441        1.4059
BFGS:  421 20:49:53    -1126.458519        2.2034
BFGS:  422 20:49:53    -1126.469436        1.4071
BFGS:  423 20:49:53    -1126.461474        2.1864
BFGS:  424 20:49:53    -1126.472422        1.4082
BFGS:  425 20:49:53    -1126.458392        2.2151
BFGS:  426 20:49:53    -1126.469413        1.4099
BFGS:  427 20:49:53    -1126.461360        2.1967
BFGS:  428 20:49:53    -1126.472404        1.4104
BFGS:  429 20:49:53    -1126.458276        2.2258
BFGS:  430 20:49:53    -1126.469392        1.4126
BFGS:  431 20:49:53    -1126.461256        2.2062
BFGS:  432 20:49:53    -1126.472388        1.4124
BFGS:  433 20:49:53    -1126.458170        2.2355
BFGS:  434 20:49:53    -1126.469372        1.4150
BFGS:  435 20:49:53    -1126.461160        2.2150
BFGS:  436 20:49:53    -1126.472373        1.4142
BFGS:  437 20:49:53    -1126.458074        2.2445
BFGS:  438 20:49:53    -1126.469355        1.4171
BFGS:  439 20:49:53    -1126.461074        2.2230
BFGS:  440 20:49:53    -1126.472359        1.4160
BFGS:  441 20:49:53    -1126.457986        2.2527
BFGS:  442 20:49:53    -1126.469339        1.4191
BFGS:  443 20:49:53    -1126.460994        2.2305
BFGS:  444 20:49:53    -1126.472346        1.4176
BFGS:  445 20:49:53    -1126.457907        2.2602
BFGS:  446 20:49:54    -1126.469325        1.4209
BFGS:  447 20:49:54    -1126.460922        2.2373
BFGS:  448 20:49:54    -1126.472334        1.4191
BFGS:  449 20:49:54    -1126.457835        2.2671
BFGS:  450 20:49:54    -1126.469312        1.4225
BFGS:  451 20:49:54    -1126.460857        2.2437
BFGS:  452 20:49:54    -1126.472324        1.4205
BFGS:  453 20:49:54    -1126.457770        2.2734
BFGS:  454 20:49:54    -1126.469301        1.4240
BFGS:  455 20:49:54    -1126.460798        2.2495
BFGS:  456 20:49:54    -1126.472314        1.4218
BFGS:  457 20:49:54    -1126.457712        2.2791
BFGS:  458 20:49:54    -1126.469291        1.4254
BFGS:  459 20:49:54    -1126.460744        2.2548
BFGS:  460 20:49:54    -1126.472305        1.4229
BFGS:  461 20:49:54    -1126.457658        2.2843
BFGS:  462 20:49:54    -1126.469281        1.4266
BFGS:  463 20:49:54    -1126.460695        2.2597
BFGS:  464 20:49:54    -1126.472297        1.4240
BFGS:  465 20:49:54    -1126.457610        2.2891
BFGS:  466 20:49:54    -1126.469273        1.4277
BFGS:  467 20:49:54    -1126.460650        2.2642
BFGS:  468 20:49:54    -1126.472290        1.4250
BFGS:  469 20:49:54    -1126.457567        2.2935
BFGS:  470 20:49:54    -1126.469265        1.4288
BFGS:  471 20:49:54    -1126.460610        2.2683
BFGS:  472 20:49:54    -1126.472283        1.4260
BFGS:  473 20:49:54    -1126.457528        2.2975
BFGS:  474 20:49:54    -1126.469258        1.4297
BFGS:  475 20:49:54    -1126.460574        2.2721
BFGS:  476 20:49:55    -1126.472277        1.4268
BFGS:  477 20:49:55    -1126.457492        2.3011
BFGS:  478 20:49:55    -1126.469252        1.4305
BFGS:  479 20:49:55    -1126.460541        2.2756
BFGS:  480 20:49:55    -1126.472271        1.4276
BFGS:  481 20:49:55    -1126.457461        2.3044
BFGS:  482 20:49:55    -1126.469247        1.4313
BFGS:  483 20:49:55    -1126.460511        2.2788
BFGS:  484 20:49:55    -1126.472266        1.4283
BFGS:  485 20:49:55    -1126.457432        2.3075
BFGS:  486 20:49:55    -1126.469242        1.4320
BFGS:  487 20:49:55    -1126.460485        2.2818
BFGS:  488 20:49:55    -1126.472262        1.4290
BFGS:  489 20:49:55    -1126.457406        2.3102
BFGS:  490 20:49:55    -1126.469237        1.4327
BFGS:  491 20:49:55    -1126.460461        2.2845
BFGS:  492 20:49:55    -1126.472258        1.4296
BFGS:  493 20:49:55    -1126.457383        2.3128
BFGS:  494 20:49:55    -1126.469233        1.4332
BFGS:  495 20:49:55    -1126.460439        2.2870
BFGS:  496 20:49:55    -1126.472254        1.4302
BFGS:  497 20:49:55    -1126.457362        2.3151
BFGS:  498 20:49:55    -1126.469229        1.4338
BFGS:  499 20:49:55    -1126.460419        2.2892
