      Step     Time          Energy         fmax
BFGS:    0 20:55:12     -705.179605      153.1572
BFGS:    1 20:55:12     -733.493062      134.4302
BFGS:    2 20:55:12     -765.131477      115.1818
BFGS:    3 20:55:12     -797.919499      114.7275
BFGS:    4 20:55:12     -822.732163      110.1093
BFGS:    5 20:55:12     -840.145306      110.3781
BFGS:    6 20:55:12     -855.679969      107.7850
BFGS:    7 20:55:13     -873.868133      106.6674
BFGS:    8 20:55:13     -890.661735       99.6024
BFGS:    9 20:55:13     -907.556067       98.1849
BFGS:   10 20:55:13     -922.705035       93.7132
BFGS:   11 20:55:13     -935.263912       89.3892
BFGS:   12 20:55:13     -946.008299       82.6418
BFGS:   13 20:55:13     -954.172997       79.4451
BFGS:   14 20:55:13     -960.143257       71.5519
BFGS:   15 20:55:13     -964.792681       68.3341
BFGS:   16 20:55:13     -969.202869       63.9795
BFGS:   17 20:55:13     -974.373176       59.5516
BFGS:   18 20:55:13     -979.833267       56.1972
BFGS:   19 20:55:13     -984.514338       51.0300
BFGS:   20 20:55:13     -989.465014       48.7667
BFGS:   21 20:55:13     -994.331652       43.3716
BFGS:   22 20:55:13     -999.100089       39.2570
BFGS:   23 20:55:13    -1003.380071       35.3262
BFGS:   24 20:55:13    -1007.556075       31.6149
BFGS:   25 20:55:13    -1011.380656       29.9164
BFGS:   26 20:55:13    -1014.587262       28.8364
BFGS:   27 20:55:13    -1017.527780       31.1460
BFGS:   28 20:55:13    -1020.210635       31.5515
BFGS:   29 20:55:13    -1022.498292       31.7633
BFGS:   30 20:55:13    -1025.056105       25.6597
BFGS:   31 20:55:13    -1027.233397       22.4937
BFGS:   32 20:55:13    -1028.827018       20.3332
BFGS:   33 20:55:13    -1030.122340       19.8902
BFGS:   34 20:55:14    -1031.312629       19.9921
BFGS:   35 20:55:14    -1032.419973       18.4097
BFGS:   36 20:55:14    -1033.360343       18.1176
BFGS:   37 20:55:14    -1034.362145       16.4154
BFGS:   38 20:55:14    -1035.354524       14.2999
BFGS:   39 20:55:14    -1036.270586       12.1241
BFGS:   40 20:55:14    -1037.121575        9.3492
BFGS:   41 20:55:14    -1037.934653        7.8655
BFGS:   42 20:55:14    -1038.910263        7.5654
BFGS:   43 20:55:14    -1039.854755        7.1916
BFGS:   44 20:55:14    -1040.748530        8.4230
BFGS:   45 20:55:14    -1041.629057       10.1618
BFGS:   46 20:55:14    -1042.493948       11.4828
BFGS:   47 20:55:14    -1043.336474       11.4364
BFGS:   48 20:55:14    -1044.001060        9.1475
BFGS:   49 20:55:14    -1044.501732        9.2592
BFGS:   50 20:55:14    -1045.049695       12.4449
BFGS:   51 20:55:14    -1045.658482       15.6765
BFGS:   52 20:55:14    -1046.248206       16.6371
BFGS:   53 20:55:14    -1046.732411       15.8086
BFGS:   54 20:55:14    -1047.242143       15.9637
BFGS:   55 20:55:14    -1047.801427       16.4519
BFGS:   56 20:55:14    -1048.366626       15.6943
BFGS:   57 20:55:14    -1048.989313       15.5773
BFGS:   58 20:55:14    -1049.565684       15.4345
BFGS:   59 20:55:14    -1050.106975       14.9325
BFGS:   60 20:55:14    -1050.644640       14.1061
BFGS:   61 20:55:14    -1051.231646       12.7745
BFGS:   62 20:55:14    -1051.984534       11.0313
BFGS:   63 20:55:14    -1052.648634       12.1975
BFGS:   64 20:55:15    -1053.205509       16.2079
BFGS:   65 20:55:15    -1053.806187       17.9585
BFGS:   66 20:55:15    -1054.311900       15.0559
BFGS:   67 20:55:15    -1055.061550       13.1825
BFGS:   68 20:55:15    -1055.868919        6.9727
BFGS:   69 20:55:15    -1056.461626        6.5094
BFGS:   70 20:55:15    -1056.848377        6.3102
BFGS:   71 20:55:15    -1057.242047        7.4698
BFGS:   72 20:55:15    -1057.559505       10.2471
BFGS:   73 20:55:15    -1057.957537       11.8179
BFGS:   74 20:55:15    -1058.303839       15.6828
BFGS:   75 20:55:15    -1058.619268       12.8171
BFGS:   76 20:55:15    -1059.077133       16.6712
BFGS:   77 20:55:15    -1059.772717       15.0780
BFGS:   78 20:55:15    -1060.301636       14.3387
BFGS:   79 20:55:15    -1060.884687       13.8051
BFGS:   80 20:55:15    -1061.369652       12.9250
BFGS:   81 20:55:15    -1061.888374       12.5325
BFGS:   82 20:55:15    -1062.541542       11.4690
BFGS:   83 20:55:15    -1063.211971       11.3176
BFGS:   84 20:55:15    -1063.770603       11.5564
BFGS:   85 20:55:15    -1064.577091       12.0789
BFGS:   86 20:55:15    -1065.430265       13.0337
BFGS:   87 20:55:15    -1066.245996       15.0480
BFGS:   88 20:55:15    -1067.077167       16.0483
BFGS:   89 20:55:15    -1067.924015       15.6499
BFGS:   90 20:55:15    -1068.598967       13.9005
BFGS:   91 20:55:15    -1069.131227       11.5118
BFGS:   92 20:55:15    -1069.484527        9.7391
BFGS:   93 20:55:15    -1069.823756        5.7257
BFGS:   94 20:55:16    -1070.125275        8.5154
BFGS:   95 20:55:16    -1070.440970        9.1055
BFGS:   96 20:55:16    -1070.755343       11.1485
BFGS:   97 20:55:16    -1071.231470       13.1892
BFGS:   98 20:55:16    -1071.739783       14.7434
BFGS:   99 20:55:16    -1072.242414       15.4710
BFGS:  100 20:55:16    -1072.732383       15.0527
BFGS:  101 20:55:16    -1073.267042       13.4607
BFGS:  102 20:55:16    -1073.713867       13.7133
BFGS:  103 20:55:16    -1074.147958       14.5474
BFGS:  104 20:55:16    -1074.522719       15.2087
BFGS:  105 20:55:16    -1074.704808       13.6267
BFGS:  106 20:55:16    -1074.880223       12.7715
BFGS:  107 20:55:16    -1075.071653       11.9902
BFGS:  108 20:55:16    -1075.356166       10.3453
BFGS:  109 20:55:16    -1075.574393        9.1973
BFGS:  110 20:55:16    -1075.938872        7.2639
BFGS:  111 20:55:16    -1076.240520        7.9109
BFGS:  112 20:55:16    -1076.351353        6.8493
BFGS:  113 20:55:16    -1076.505461        6.8354
BFGS:  114 20:55:16    -1076.598714        3.2827
BFGS:  115 20:55:16    -1076.603745        4.2231
BFGS:  116 20:55:16    -1076.664618        5.0202
BFGS:  117 20:55:16    -1076.670023        7.0960
BFGS:  118 20:55:16    -1076.709783        4.2887
BFGS:  119 20:55:16    -1076.734227        3.7294
BFGS:  120 20:55:16    -1076.782342        4.3086
BFGS:  121 20:55:16    -1076.845514        5.5572
BFGS:  122 20:55:16    -1076.963371        5.8345
BFGS:  123 20:55:16    -1077.073543        6.0047
BFGS:  124 20:55:17    -1077.194178        5.4316
BFGS:  125 20:55:17    -1077.237698        5.7215
BFGS:  126 20:55:17    -1077.469227        6.3207
BFGS:  127 20:55:17    -1077.611157        4.5276
BFGS:  128 20:55:17    -1077.686652        3.3340
BFGS:  129 20:55:17    -1077.752593        4.0921
BFGS:  130 20:55:17    -1077.817120        4.4862
BFGS:  131 20:55:17    -1077.879908        7.7828
BFGS:  132 20:55:17    -1077.932625        4.0086
BFGS:  133 20:55:17    -1078.023160        4.7853
BFGS:  134 20:55:17    -1078.123375        5.3838
BFGS:  135 20:55:17    -1078.222490        6.6089
BFGS:  136 20:55:17    -1078.320740        7.9080
BFGS:  137 20:55:17    -1078.426757        8.9354
BFGS:  138 20:55:17    -1078.571244        9.0822
BFGS:  139 20:55:17    -1078.780975        8.2435
BFGS:  140 20:55:17    -1079.070271        6.2444
BFGS:  141 20:55:17    -1079.308128        5.9752
BFGS:  142 20:55:17    -1079.596662        5.4566
BFGS:  143 20:55:17    -1079.802875        5.3733
BFGS:  144 20:55:17    -1080.018018        7.9290
BFGS:  145 20:55:17    -1080.213275       10.9440
BFGS:  146 20:55:17    -1080.443371       14.2438
BFGS:  147 20:55:17    -1080.671698       16.7808
BFGS:  148 20:55:17    -1080.787775       17.8294
BFGS:  149 20:55:17    -1081.029672       15.6092
BFGS:  150 20:55:17    -1081.290803       15.2330
BFGS:  151 20:55:17    -1081.715548       12.6959
BFGS:  152 20:55:17    -1082.159755        9.5638
BFGS:  153 20:55:17    -1082.397084        8.9221
BFGS:  154 20:55:18    -1082.610780        7.7355
BFGS:  155 20:55:18    -1082.764616        6.8834
BFGS:  156 20:55:18    -1082.955095        5.4182
BFGS:  157 20:55:18    -1083.022240        4.0477
BFGS:  158 20:55:18    -1083.043685        2.0454
BFGS:  159 20:55:18    -1083.077792        1.3835
BFGS:  160 20:55:18    -1083.088926        1.1548
BFGS:  161 20:55:18    -1083.088461        3.3158
BFGS:  162 20:55:18    -1083.100155        3.1264
BFGS:  163 20:55:18    -1083.084868        1.3007
BFGS:  164 20:55:18    -1083.097194        1.0008
BFGS:  165 20:55:18    -1083.100681        3.1957
BFGS:  166 20:55:18    -1083.102999        0.8409
BFGS:  167 20:55:18    -1083.104967        0.7740
BFGS:  168 20:55:18    -1083.080592        3.5091
BFGS:  169 20:55:18    -1083.109113        0.7567
BFGS:  170 20:55:18    -1083.106826        3.1829
BFGS:  171 20:55:18    -1083.110241        3.0726
BFGS:  172 20:55:18    -1083.072515        4.0018
BFGS:  173 20:55:18    -1083.102736        3.5486
BFGS:  174 20:55:18    -1083.082959        3.6987
BFGS:  175 20:55:18    -1083.104354        0.9590
BFGS:  176 20:55:18    -1083.107887        0.8139
BFGS:  177 20:55:18    -1083.100801        3.5969
BFGS:  178 20:55:18    -1083.111304        0.7263
BFGS:  179 20:55:18    -1083.109410        3.3053
BFGS:  180 20:55:18    -1083.111939        0.7417
BFGS:  181 20:55:18    -1083.112288        0.7398
BFGS:  182 20:55:18    -1083.088963        3.3555
BFGS:  183 20:55:18    -1083.109581        3.3050
BFGS:  184 20:55:19    -1083.041783        1.8908
BFGS:  185 20:55:19    -1083.092836        0.9396
BFGS:  186 20:55:19    -1083.095303        3.2517
BFGS:  187 20:55:19    -1083.104404        0.8791
BFGS:  188 20:55:19    -1083.108225        0.8339
BFGS:  189 20:55:19    -1083.078151        3.4535
BFGS:  190 20:55:19    -1083.111330        0.8482
BFGS:  191 20:55:19    -1083.112743        3.3129
BFGS:  192 20:55:19    -1083.103703        3.0236
BFGS:  193 20:55:19    -1083.112834        2.9435
BFGS:  194 20:55:19    -1083.006245        2.2949
BFGS:  195 20:55:19    -1083.084715        1.3402
BFGS:  196 20:55:19    -1083.082372        3.1973
BFGS:  197 20:55:19    -1083.100909        0.9804
BFGS:  198 20:55:19    -1083.106555        0.8648
BFGS:  199 20:55:19    -1083.068542        3.3632
BFGS:  200 20:55:19    -1083.110266        0.7740
BFGS:  201 20:55:19    -1083.112506        0.7243
BFGS:  202 20:55:19    -1082.996676        7.9243
BFGS:  203 20:55:19    -1083.107036        3.3158
BFGS:  204 20:55:19    -1083.079976        1.5715
BFGS:  205 20:55:19    -1083.098982        1.1635
BFGS:  206 20:55:19    -1083.109201        3.1887
BFGS:  207 20:55:19    -1083.104833        0.9221
BFGS:  208 20:55:19    -1083.107597        0.8299
BFGS:  209 20:55:19    -1083.053828        3.5880
BFGS:  210 20:55:19    -1083.111640        0.7025
BFGS:  211 20:55:19    -1083.110992        3.3466
BFGS:  212 20:55:19    -1083.112243        0.7074
BFGS:  213 20:55:20    -1083.112668        0.7071
BFGS:  214 20:55:20    -1082.780551        6.0381
BFGS:  215 20:55:20    -1083.103200        3.3009
BFGS:  216 20:55:20    -1083.079844        1.3038
BFGS:  217 20:55:20    -1083.094873        0.9743
BFGS:  218 20:55:20    -1083.067284        3.3231
BFGS:  219 20:55:20    -1083.103565        0.8267
BFGS:  220 20:55:20    -1083.108892        0.7792
BFGS:  221 20:55:20    -1082.932192        5.8949
BFGS:  222 20:55:20    -1083.112809        0.7632
BFGS:  223 20:55:20    -1083.107014        3.2833
BFGS:  224 20:55:20    -1083.113493        0.7514
BFGS:  225 20:55:20    -1083.113893        3.2804
BFGS:  226 20:55:20    -1083.103838        3.2193
BFGS:  227 20:55:20    -1083.112716        3.0514
BFGS:  228 20:55:20    -1083.019137        2.2741
BFGS:  229 20:55:20    -1083.080561        1.3021
BFGS:  230 20:55:20    -1083.099776        3.2331
BFGS:  231 20:55:20    -1083.096102        0.9756
BFGS:  232 20:55:20    -1083.103155        0.8763
BFGS:  233 20:55:20    -1083.061653        5.7840
BFGS:  234 20:55:20    -1083.106739        0.8063
BFGS:  235 20:55:20    -1083.109137        0.7482
BFGS:  236 20:55:20    -1083.008529        5.9193
BFGS:  237 20:55:20    -1083.111427        0.6841
BFGS:  238 20:55:20    -1083.113138        0.7139
BFGS:  239 20:55:20    -1082.978738        6.1461
BFGS:  240 20:55:20    -1083.106421        3.2810
BFGS:  241 20:55:20    -1083.085764        1.5083
BFGS:  242 20:55:20    -1083.098624        1.0875
BFGS:  243 20:55:21    -1083.070509        3.5355
BFGS:  244 20:55:21    -1083.106126        0.8362
BFGS:  245 20:55:21    -1083.109753        0.7118
BFGS:  246 20:55:21    -1083.044452        3.7469
BFGS:  247 20:55:21    -1083.112924        0.7236
BFGS:  248 20:55:21    -1083.107234        3.2644
BFGS:  249 20:55:21    -1083.113403        0.7368
BFGS:  250 20:55:21    -1083.113772        0.7457
BFGS:  251 20:55:21    -1082.853151        5.8794
BFGS:  252 20:55:21    -1083.104921        3.2172
BFGS:  253 20:55:21    -1083.098633        0.7331
BFGS:  254 20:55:21    -1083.104019        0.7196
BFGS:  255 20:55:21    -1083.017481        5.6230
BFGS:  256 20:55:21    -1083.107090        0.6689
BFGS:  257 20:55:21    -1083.109729        0.7113
BFGS:  258 20:55:21    -1082.942857        5.8064
BFGS:  259 20:55:21    -1083.112499        0.7737
BFGS:  260 20:55:21    -1083.111383        3.2157
BFGS:  261 20:55:21    -1083.113123        0.7734
BFGS:  262 20:55:21    -1083.113549        0.7797
BFGS:  263 20:55:21    -1082.867370        5.4328
BFGS:  264 20:55:21    -1083.109042        3.2040
BFGS:  265 20:55:21    -1083.101169        0.6752
BFGS:  266 20:55:21    -1083.106647        0.7097
BFGS:  267 20:55:21    -1083.082892        5.4399
BFGS:  268 20:55:21    -1083.109150        0.7353
BFGS:  269 20:55:21    -1083.110954        0.7503
BFGS:  270 20:55:21    -1083.017320        5.4553
BFGS:  271 20:55:21    -1083.112864        0.7616
BFGS:  272 20:55:21    -1083.114361        0.7820
BFGS:  273 20:55:22    -1082.891236        5.9296
BFGS:  274 20:55:22    -1083.106047        3.2187
BFGS:  275 20:55:22    -1083.098070        0.9110
BFGS:  276 20:55:22    -1083.104540        0.8307
BFGS:  277 20:55:22    -1083.059240        5.6620
BFGS:  278 20:55:22    -1083.108052        0.8162
BFGS:  279 20:55:22    -1083.110506        0.7734
BFGS:  280 20:55:22    -1082.955534        5.8857
BFGS:  281 20:55:22    -1083.113139        0.7532
BFGS:  282 20:55:22    -1083.110894        3.2475
BFGS:  283 20:55:22    -1083.113586        0.7625
BFGS:  284 20:55:22    -1083.113938        0.7680
BFGS:  285 20:55:22    -1082.902826        6.1729
BFGS:  286 20:55:22    -1083.108231        3.2230
BFGS:  287 20:55:22    -1083.100412        0.9491
BFGS:  288 20:55:22    -1083.105236        0.8328
BFGS:  289 20:55:22    -1083.052287        5.8897
BFGS:  290 20:55:22    -1083.108088        0.7823
BFGS:  291 20:55:22    -1083.110364        0.7428
BFGS:  292 20:55:22    -1082.803944        6.5219
BFGS:  293 20:55:22    -1083.114049        0.7746
BFGS:  294 20:55:22    -1083.104151        3.2180
BFGS:  295 20:55:22    -1083.114121        3.0893
BFGS:  296 20:55:22    -1083.047702        1.9758
BFGS:  297 20:55:22    -1083.085161        1.2874
BFGS:  298 20:55:22    -1083.086508        3.3310
BFGS:  299 20:55:22    -1083.098992        0.9678
BFGS:  300 20:55:22    -1083.105602        0.8458
BFGS:  301 20:55:22    -1083.028436        5.9331
BFGS:  302 20:55:23    -1083.108646        0.7627
BFGS:  303 20:55:23    -1083.110884        0.7526
BFGS:  304 20:55:23    -1082.952969        6.2742
BFGS:  305 20:55:23    -1083.113273        0.7745
BFGS:  306 20:55:23    -1083.109905        3.2321
BFGS:  307 20:55:23    -1083.113616        3.2568
BFGS:  308 20:55:23    -1083.113899        0.7877
BFGS:  309 20:55:23    -1083.109884        3.1485
BFGS:  310 20:55:23    -1083.114283        0.7898
BFGS:  311 20:55:23    -1083.114223        3.1012
BFGS:  312 20:55:23    -1083.114410        0.7895
BFGS:  313 20:55:23    -1083.114496        0.7901
BFGS:  314 20:55:23    -1083.108163        3.2127
BFGS:  315 20:55:23    -1083.113506        3.2300
BFGS:  316 20:55:23    -1083.103592        0.8567
BFGS:  317 20:55:23    -1083.112586        0.7802
BFGS:  318 20:55:23    -1083.111801        3.2244
BFGS:  319 20:55:23    -1083.114246        0.7944
BFGS:  320 20:55:23    -1083.114831        0.7992
BFGS:  321 20:55:23    -1083.109447        3.2235
BFGS:  322 20:55:23    -1083.114246        3.2308
BFGS:  323 20:55:23    -1083.100899        1.0699
BFGS:  324 20:55:23    -1083.112037        0.7840
BFGS:  325 20:55:23    -1083.113948        3.2301
BFGS:  326 20:55:23    -1083.113616        0.7934
BFGS:  327 20:55:23    -1083.114184        0.7973
BFGS:  328 20:55:23    -1083.111100        3.2301
BFGS:  329 20:55:23    -1083.114671        0.8035
BFGS:  330 20:55:23    -1083.114909        3.2342
BFGS:  331 20:55:23    -1083.113159        3.2286
BFGS:  332 20:55:24    -1083.115051        2.9027
BFGS:  333 20:55:24    -1083.103984        0.7750
BFGS:  334 20:55:24    -1083.111759        0.7729
BFGS:  335 20:55:24    -1083.114891        0.8776
BFGS:  336 20:55:24    -1083.109233        3.2220
BFGS:  337 20:55:24    -1083.114268        3.2314
BFGS:  338 20:55:24    -1083.084404        1.7047
BFGS:  339 20:55:24    -1083.110508        0.7697
BFGS:  340 20:55:24    -1083.113999        0.8020
BFGS:  341 20:55:24    -1083.110650        3.2292
BFGS:  342 20:55:24    -1083.114321        0.8367
BFGS:  343 20:55:24    -1083.114538        0.8558
BFGS:  344 20:55:24    -1083.060077        5.2276
BFGS:  345 20:55:24    -1083.114939        0.8592
BFGS:  346 20:55:24    -1083.113986        3.2280
BFGS:  347 20:55:24    -1083.115005        3.2323
BFGS:  348 20:55:24    -1083.046093        2.3779
BFGS:  349 20:55:24    -1083.103579        0.7461
BFGS:  350 20:55:24    -1083.112735        0.8387
BFGS:  351 20:55:24    -1083.097045        5.3513
BFGS:  352 20:55:24    -1083.113249        0.8764
BFGS:  353 20:55:24    -1083.113677        0.8656
BFGS:  354 20:55:24    -1082.999779        5.6357
BFGS:  355 20:55:24    -1083.114919        2.9333
BFGS:  356 20:55:24    -1083.107096        0.9889
BFGS:  357 20:55:24    -1083.109429        0.8974
BFGS:  358 20:55:24    -1083.044508        5.8427
BFGS:  359 20:55:24    -1083.111388        0.8197
BFGS:  360 20:55:24    -1083.112825        0.7899
BFGS:  361 20:55:25    -1083.015141        5.9604
BFGS:  362 20:55:25    -1083.114363        0.7866
BFGS:  363 20:55:25    -1083.112092        3.2500
BFGS:  364 20:55:25    -1083.114568        3.2505
BFGS:  365 20:55:25    -1083.114738        3.2483
BFGS:  366 20:55:25    -1082.954356        5.6115
BFGS:  367 20:55:25    -1083.109556        3.0441
BFGS:  368 20:55:25    -1083.104811        3.4051
BFGS:  369 20:55:25    -1083.108513        3.3519
BFGS:  370 20:55:25    -1083.028157        5.6527
BFGS:  371 20:55:25    -1083.111117        3.2915
BFGS:  372 20:55:25    -1083.113004        0.7923
BFGS:  373 20:55:25    -1083.093916        3.1372
BFGS:  374 20:55:25    -1083.114268        0.8167
BFGS:  375 20:55:25    -1083.113995        3.0284
BFGS:  376 20:55:25    -1083.114473        0.8179
BFGS:  377 20:55:25    -1083.114633        0.8192
BFGS:  378 20:55:25    -1082.781885        6.2162
BFGS:  379 20:55:25    -1083.106312        3.0679
BFGS:  380 20:55:25    -1083.099253        3.3486
BFGS:  381 20:55:25    -1083.105332        3.3267
BFGS:  382 20:55:25    -1083.058239        5.7218
BFGS:  383 20:55:25    -1083.107657        0.7935
BFGS:  384 20:55:25    -1083.109455        0.7651
BFGS:  385 20:55:25    -1082.834523        6.4098
BFGS:  386 20:55:25    -1083.112739        0.7948
BFGS:  387 20:55:25    -1083.112865        3.1104
BFGS:  388 20:55:25    -1083.113323        0.8010
BFGS:  389 20:55:25    -1083.113780        0.8048
BFGS:  390 20:55:25    -1082.821936        6.0411
BFGS:  391 20:55:26    -1083.109626        3.0808
BFGS:  392 20:55:26    -1083.099086        0.8251
BFGS:  393 20:55:26    -1083.104305        0.8000
BFGS:  394 20:55:26    -1083.008969        5.7504
BFGS:  395 20:55:26    -1083.107234        0.7601
BFGS:  396 20:55:26    -1083.109676        0.7635
BFGS:  397 20:55:26    -1082.851315        6.2505
BFGS:  398 20:55:26    -1083.112971        0.8016
BFGS:  399 20:55:26    -1083.112293        3.0940
BFGS:  400 20:55:26    -1083.113573        0.8084
BFGS:  401 20:55:26    -1083.114036        0.8136
BFGS:  402 20:55:26    -1082.816504        6.0904
BFGS:  403 20:55:26    -1083.108727        3.1912
BFGS:  404 20:55:26    -1083.098819        0.8227
BFGS:  405 20:55:26    -1083.104342        0.7945
BFGS:  406 20:55:26    -1083.010421        5.7467
BFGS:  407 20:55:26    -1083.107399        0.7566
BFGS:  408 20:55:26    -1083.109881        0.7751
BFGS:  409 20:55:26    -1082.848631        6.2309
BFGS:  410 20:55:26    -1083.113214        0.8111
BFGS:  411 20:55:26    -1083.111455        3.1932
BFGS:  412 20:55:26    -1083.113804        3.2234
BFGS:  413 20:55:26    -1083.114241        0.8229
BFGS:  414 20:55:26    -1083.068378        5.5928
BFGS:  415 20:55:26    -1083.114080        3.0410
BFGS:  416 20:55:26    -1083.105630        3.2730
BFGS:  417 20:55:26    -1083.108566        3.2522
BFGS:  418 20:55:26    -1083.095342        2.8808
BFGS:  419 20:55:26    -1083.111164        0.7914
BFGS:  420 20:55:27    -1083.112826        0.7950
BFGS:  421 20:55:27    -1082.825912        5.5589
BFGS:  422 20:55:27    -1083.113279        3.0018
BFGS:  423 20:55:27    -1083.096401        3.3216
BFGS:  424 20:55:27    -1083.102775        3.3177
BFGS:  425 20:55:27    -1082.907720        5.5369
BFGS:  426 20:55:27    -1083.107698        3.2944
BFGS:  427 20:55:27    -1083.111092        0.7785
BFGS:  428 20:55:27    -1082.900981        5.7957
BFGS:  429 20:55:27    -1083.113868        0.8020
BFGS:  430 20:55:27    -1083.110502        3.0444
BFGS:  431 20:55:27    -1083.114350        0.8095
BFGS:  432 20:55:27    -1083.114726        0.8150
BFGS:  433 20:55:27    -1082.805778        6.5702
BFGS:  434 20:55:27    -1083.105746        3.0912
BFGS:  435 20:55:27    -1083.098700        3.4115
BFGS:  436 20:55:27    -1083.104203        0.9017
BFGS:  437 20:55:27    -1082.922644        6.2995
BFGS:  438 20:55:27    -1083.108228        0.7962
BFGS:  439 20:55:27    -1083.111369        0.7829
BFGS:  440 20:55:27    -1082.835878        6.6201
BFGS:  441 20:55:27    -1083.114536        0.8268
BFGS:  442 20:55:27    -1083.106451        3.1440
BFGS:  443 20:55:27    -1083.114951        3.0792
BFGS:  444 20:55:27    -1083.051374        3.5903
BFGS:  445 20:55:27    -1083.086098        3.5047
BFGS:  446 20:55:27    -1083.100816        3.2360
BFGS:  447 20:55:27    -1083.098161        3.4166
BFGS:  448 20:55:27    -1083.104207        0.8709
BFGS:  449 20:55:27    -1082.995481        6.0489
BFGS:  450 20:55:28    -1083.107647        0.7923
BFGS:  451 20:55:28    -1083.110333        0.7843
BFGS:  452 20:55:28    -1082.850138        6.5662
BFGS:  453 20:55:28    -1083.113615        0.8209
BFGS:  454 20:55:28    -1083.109182        3.1420
BFGS:  455 20:55:28    -1083.114146        0.8267
BFGS:  456 20:55:28    -1083.114569        0.8311
BFGS:  457 20:55:28    -1082.824147        6.0820
BFGS:  458 20:55:28    -1083.105623        3.1202
BFGS:  459 20:55:28    -1083.097474        0.8690
BFGS:  460 20:55:28    -1083.103466        0.8146
BFGS:  461 20:55:28    -1083.003821        5.7410
BFGS:  462 20:55:28    -1083.106860        0.7696
BFGS:  463 20:55:28    -1083.109575        0.7709
BFGS:  464 20:55:28    -1082.875220        6.1175
BFGS:  465 20:55:28    -1083.112874        0.7993
BFGS:  466 20:55:28    -1083.112006        3.1007
BFGS:  467 20:55:28    -1083.113430        0.8064
BFGS:  468 20:55:28    -1083.113867        0.8116
BFGS:  469 20:55:28    -1082.840590        6.0753
BFGS:  470 20:55:28    -1083.108321        3.1033
BFGS:  471 20:55:28    -1083.096987        0.8843
BFGS:  472 20:55:28    -1083.102873        0.8260
BFGS:  473 20:55:28    -1082.994644        5.7903
BFGS:  474 20:55:28    -1083.106441        0.7729
BFGS:  475 20:55:28    -1083.109308        0.7639
BFGS:  476 20:55:28    -1082.882469        6.1482
BFGS:  477 20:55:28    -1083.112596        0.7977
BFGS:  478 20:55:28    -1083.113082        3.1026
BFGS:  479 20:55:28    -1083.113160        0.8049
BFGS:  480 20:55:29    -1083.113601        0.8103
BFGS:  481 20:55:29    -1082.845459        6.0690
BFGS:  482 20:55:29    -1083.109383        3.1899
BFGS:  483 20:55:29    -1083.096919        0.8629
BFGS:  484 20:55:29    -1083.102727        0.8115
BFGS:  485 20:55:29    -1082.991381        5.8006
BFGS:  486 20:55:29    -1083.106333        0.7634
BFGS:  487 20:55:29    -1083.109238        0.7644
BFGS:  488 20:55:29    -1082.885345        6.1340
BFGS:  489 20:55:29    -1083.112493        0.7989
BFGS:  490 20:55:29    -1083.113568        3.2005
BFGS:  491 20:55:29    -1083.113052        0.8060
BFGS:  492 20:55:29    -1083.113489        0.8115
BFGS:  493 20:55:29    -1082.848668        6.0410
BFGS:  494 20:55:29    -1083.109905        3.1884
BFGS:  495 20:55:29    -1083.097175        0.8405
BFGS:  496 20:55:29    -1083.102863        0.7959
BFGS:  497 20:55:29    -1082.993056        5.7841
BFGS:  498 20:55:29    -1083.106403        0.7540
BFGS:  499 20:55:29    -1083.109258        0.7663
