      Step     Time          Energy         fmax
BFGS:    0 20:51:13     -746.553448      310.8662
BFGS:    1 20:51:13     -806.255345      222.6734
BFGS:    2 20:51:13     -824.311946      228.3174
BFGS:    3 20:51:13     -845.439828      196.4639
BFGS:    4 20:51:13     -866.875624      168.6199
BFGS:    5 20:51:13     -882.859859      142.8502
BFGS:    6 20:51:13     -895.920663      138.5066
BFGS:    7 20:51:13     -907.878261      120.6563
BFGS:    8 20:51:13     -920.286672      117.9163
BFGS:    9 20:51:13     -933.115943      102.6605
BFGS:   10 20:51:14     -943.641375       93.8212
BFGS:   11 20:51:14     -953.970674       91.8702
BFGS:   12 20:51:14     -962.189149       87.2643
BFGS:   13 20:51:14     -970.507881       86.5037
BFGS:   14 20:51:14     -978.812338       86.1608
BFGS:   15 20:51:14     -987.074320       84.7491
BFGS:   16 20:51:14     -994.840367       82.1610
BFGS:   17 20:51:14    -1002.184123       78.2461
BFGS:   18 20:51:14    -1009.267054       72.4726
BFGS:   19 20:51:14    -1016.132328       65.1900
BFGS:   20 20:51:14    -1022.318060       59.1674
BFGS:   21 20:51:14    -1027.029237       56.2786
BFGS:   22 20:51:14    -1031.408540       52.0229
BFGS:   23 20:51:14    -1035.417253       51.6547
BFGS:   24 20:51:14    -1039.476710       45.6820
BFGS:   25 20:51:14    -1043.816710       44.5053
BFGS:   26 20:51:14    -1048.234129       42.2180
BFGS:   27 20:51:14    -1052.227728       39.0638
BFGS:   28 20:51:14    -1055.598056       36.0630
BFGS:   29 20:51:14    -1059.001283       33.2832
BFGS:   30 20:51:14    -1062.497487       31.3864
BFGS:   31 20:51:14    -1065.849723       32.1230
BFGS:   32 20:51:14    -1069.065946       31.9722
BFGS:   33 20:51:14    -1072.049386       32.0903
BFGS:   34 20:51:14    -1074.615630       30.7231
BFGS:   35 20:51:14    -1077.087858       29.3548
BFGS:   36 20:51:14    -1079.336671       28.4447
BFGS:   37 20:51:14    -1081.252462       26.3899
BFGS:   38 20:51:15    -1083.077203       26.9800
BFGS:   39 20:51:15    -1084.813258       26.6350
BFGS:   40 20:51:15    -1086.337411       26.0552
BFGS:   41 20:51:15    -1087.755323       23.6404
BFGS:   42 20:51:15    -1088.998147       19.9643
BFGS:   43 20:51:15    -1090.343357       17.4765
BFGS:   44 20:51:15    -1091.380736       14.2656
BFGS:   45 20:51:15    -1092.257068       15.8688
BFGS:   46 20:51:15    -1093.169467       16.0151
BFGS:   47 20:51:15    -1093.999422       15.5228
BFGS:   48 20:51:15    -1094.755842       17.6297
BFGS:   49 20:51:15    -1095.457535       16.2407
BFGS:   50 20:51:15    -1096.181607       16.5204
BFGS:   51 20:51:15    -1096.705902       16.3068
BFGS:   52 20:51:15    -1097.177223       15.8102
BFGS:   53 20:51:15    -1097.668609       14.6462
BFGS:   54 20:51:15    -1098.117938       13.6406
BFGS:   55 20:51:15    -1098.545563       11.9794
BFGS:   56 20:51:15    -1098.914209       11.2250
BFGS:   57 20:51:15    -1099.202240       10.7417
BFGS:   58 20:51:15    -1099.536112       10.1422
BFGS:   59 20:51:15    -1099.838140        9.4654
BFGS:   60 20:51:15    -1100.157860        9.5888
BFGS:   61 20:51:15    -1100.493610        9.6466
BFGS:   62 20:51:15    -1100.809468        9.2515
BFGS:   63 20:51:15    -1101.106443        9.2953
BFGS:   64 20:51:15    -1101.434059        9.0813
BFGS:   65 20:51:15    -1101.733053        8.3989
BFGS:   66 20:51:15    -1102.013400        6.8743
BFGS:   67 20:51:16    -1102.376398       12.7670
BFGS:   68 20:51:16    -1102.856140        8.0000
BFGS:   69 20:51:16    -1103.248106        8.3586
BFGS:   70 20:51:16    -1103.725877        9.6777
BFGS:   71 20:51:16    -1104.201750       11.1878
BFGS:   72 20:51:16    -1104.625778       12.5643
BFGS:   73 20:51:16    -1105.045949       14.1851
BFGS:   74 20:51:16    -1105.437682       16.5415
BFGS:   75 20:51:16    -1105.815215       18.7229
BFGS:   76 20:51:16    -1106.229678       21.1225
BFGS:   77 20:51:16    -1106.702294       22.3224
BFGS:   78 20:51:16    -1107.290125       23.4927
BFGS:   79 20:51:16    -1108.104311       22.8110
BFGS:   80 20:51:16    -1108.853584       21.6697
BFGS:   81 20:51:16    -1109.665535       20.2659
BFGS:   82 20:51:16    -1110.479706       19.0218
BFGS:   83 20:51:16    -1111.330651       18.9755
BFGS:   84 20:51:16    -1112.264384       18.6023
BFGS:   85 20:51:16    -1113.246379       15.7657
BFGS:   86 20:51:16    -1114.495724       14.0112
BFGS:   87 20:51:16    -1115.634090       14.3460
BFGS:   88 20:51:16    -1116.673866       15.3412
BFGS:   89 20:51:16    -1117.652497       17.5931
BFGS:   90 20:51:16    -1118.535010       19.4310
BFGS:   91 20:51:16    -1119.348221       20.6170
BFGS:   92 20:51:16    -1120.164212       19.5437
BFGS:   93 20:51:16    -1120.928243       15.8611
BFGS:   94 20:51:16    -1121.767419       14.6012
BFGS:   95 20:51:16    -1122.818840       12.2326
BFGS:   96 20:51:16    -1124.057050       14.0094
BFGS:   97 20:51:17    -1125.515117       10.9750
BFGS:   98 20:51:17    -1126.555324        8.6011
BFGS:   99 20:51:17    -1127.034422        6.0842
BFGS:  100 20:51:17    -1127.371136        6.0998
BFGS:  101 20:51:17    -1127.698386        5.0012
BFGS:  102 20:51:17    -1127.943573        4.3210
BFGS:  103 20:51:17    -1128.056939        3.4748
BFGS:  104 20:51:17    -1128.130017        2.7322
BFGS:  105 20:51:17    -1128.176516        3.1169
BFGS:  106 20:51:17    -1128.195871        3.4387
BFGS:  107 20:51:17    -1128.224861        2.4307
BFGS:  108 20:51:17    -1128.245851        2.8304
BFGS:  109 20:51:17    -1128.257409        1.9487
BFGS:  110 20:51:17    -1128.272499        1.8579
BFGS:  111 20:51:17    -1128.283422        1.8053
BFGS:  112 20:51:17    -1128.294687        1.7082
BFGS:  113 20:51:17    -1128.306314        1.3436
BFGS:  114 20:51:17    -1128.313459        1.0651
BFGS:  115 20:51:17    -1128.318422        1.1041
BFGS:  116 20:51:17    -1128.322087        0.9643
BFGS:  117 20:51:17    -1128.325237        0.8279
BFGS:  118 20:51:17    -1128.327356        0.8608
BFGS:  119 20:51:17    -1128.328862        0.8998
BFGS:  120 20:51:17    -1128.329914        0.8247
BFGS:  121 20:51:17    -1128.330470        0.7487
BFGS:  122 20:51:17    -1128.331071        0.7204
BFGS:  123 20:51:17    -1128.331578        0.7663
BFGS:  124 20:51:17    -1128.331974        0.7619
BFGS:  125 20:51:17    -1128.332932        0.8635
BFGS:  126 20:51:18    -1128.333131        0.8714
BFGS:  127 20:51:18    -1128.333628        0.8455
BFGS:  128 20:51:18    -1128.334326        0.7968
BFGS:  129 20:51:18    -1128.334793        0.7381
BFGS:  130 20:51:18    -1128.335412        0.6975
BFGS:  131 20:51:18    -1128.335916        0.6416
BFGS:  132 20:51:18    -1128.336153        0.6147
BFGS:  133 20:51:18    -1128.336301        0.5771
BFGS:  134 20:51:18    -1128.336481        0.5543
BFGS:  135 20:51:18    -1128.336756        0.4420
BFGS:  136 20:51:18    -1128.336929        0.4372
BFGS:  137 20:51:18    -1128.337744        0.3457
BFGS:  138 20:51:18    -1128.338037        0.3886
BFGS:  139 20:51:18    -1128.338494        0.3732
BFGS:  140 20:51:18    -1128.338691        0.3219
BFGS:  141 20:51:18    -1128.338892        0.2825
BFGS:  142 20:51:18    -1128.338972        0.4009
BFGS:  143 20:51:18    -1128.339041        0.3799
BFGS:  144 20:51:18    -1128.339029        0.3370
BFGS:  145 20:51:18    -1128.339074        0.3111
BFGS:  146 20:51:18    -1128.339080        0.4004
BFGS:  147 20:51:18    -1128.339113        0.2912
BFGS:  148 20:51:18    -1128.339129        0.2844
BFGS:  149 20:51:18    -1128.338851        0.4677
BFGS:  150 20:51:18    -1128.339059        0.4070
BFGS:  151 20:51:18    -1128.338748        0.4162
BFGS:  152 20:51:18    -1128.339060        0.3232
BFGS:  153 20:51:18    -1128.338708        0.5012
BFGS:  154 20:51:18    -1128.339078        0.3988
BFGS:  155 20:51:18    -1128.338548        0.4789
BFGS:  156 20:51:19    -1128.339001        0.3495
BFGS:  157 20:51:19    -1128.338576        0.5342
BFGS:  158 20:51:19    -1128.339084        0.3962
BFGS:  159 20:51:19    -1128.338386        0.5278
BFGS:  160 20:51:19    -1128.338957        0.3681
BFGS:  161 20:51:19    -1128.338463        0.5628
BFGS:  162 20:51:19    -1128.339083        0.3963
BFGS:  163 20:51:19    -1128.338261        0.5649
BFGS:  164 20:51:19    -1128.338926        0.3809
BFGS:  165 20:51:19    -1128.338372        0.5863
BFGS:  166 20:51:19    -1128.339080        0.3976
BFGS:  167 20:51:19    -1128.338167        0.5924
BFGS:  168 20:51:19    -1128.338904        0.3897
BFGS:  169 20:51:19    -1128.338300        0.6049
BFGS:  170 20:51:19    -1128.339075        0.3994
BFGS:  171 20:51:19    -1128.338098        0.6125
BFGS:  172 20:51:19    -1128.338889        0.3957
BFGS:  173 20:51:19    -1128.338245        0.6192
BFGS:  174 20:51:19    -1128.339070        0.4012
BFGS:  175 20:51:19    -1128.338047        0.6270
BFGS:  176 20:51:19    -1128.338878        0.3997
BFGS:  177 20:51:19    -1128.338203        0.6299
BFGS:  178 20:51:19    -1128.339065        0.4028
BFGS:  179 20:51:19    -1128.338010        0.6374
BFGS:  180 20:51:19    -1128.338871        0.4024
BFGS:  181 20:51:19    -1128.338172        0.6380
BFGS:  182 20:51:19    -1128.339061        0.4041
BFGS:  183 20:51:19    -1128.337984        0.6449
BFGS:  184 20:51:19    -1128.338866        0.4043
BFGS:  185 20:51:19    -1128.338148        0.6439
BFGS:  186 20:51:20    -1128.339058        0.4051
BFGS:  187 20:51:20    -1128.337964        0.6502
BFGS:  188 20:51:20    -1128.338863        0.4056
BFGS:  189 20:51:20    -1128.338131        0.6482
BFGS:  190 20:51:20    -1128.339056        0.4059
BFGS:  191 20:51:20    -1128.337951        0.6539
BFGS:  192 20:51:20    -1128.338861        0.4064
BFGS:  193 20:51:20    -1128.338119        0.6514
BFGS:  194 20:51:20    -1128.339054        0.4066
BFGS:  195 20:51:20    -1128.337941        0.6566
BFGS:  196 20:51:20    -1128.338859        0.4070
BFGS:  197 20:51:20    -1128.338109        0.6536
BFGS:  198 20:51:20    -1128.339053        0.4070
BFGS:  199 20:51:20    -1128.337934        0.6584
BFGS:  200 20:51:20    -1128.338858        0.4075
BFGS:  201 20:51:20    -1128.338103        0.6553
BFGS:  202 20:51:20    -1128.339052        0.4073
BFGS:  203 20:51:20    -1128.337929        0.6597
BFGS:  204 20:51:20    -1128.338857        0.4078
BFGS:  205 20:51:20    -1128.338098        0.6564
BFGS:  206 20:51:20    -1128.339051        0.4076
BFGS:  207 20:51:20    -1128.337926        0.6606
BFGS:  208 20:51:20    -1128.338857        0.4080
BFGS:  209 20:51:20    -1128.338094        0.6573
BFGS:  210 20:51:20    -1128.339051        0.4077
BFGS:  211 20:51:20    -1128.337923        0.6612
BFGS:  212 20:51:20    -1128.338856        0.4081
BFGS:  213 20:51:20    -1128.338091        0.6579
BFGS:  214 20:51:20    -1128.339050        0.4078
BFGS:  215 20:51:21    -1128.337921        0.6617
BFGS:  216 20:51:21    -1128.338856        0.4082
BFGS:  217 20:51:21    -1128.338089        0.6583
BFGS:  218 20:51:21    -1128.339050        0.4079
BFGS:  219 20:51:21    -1128.337920        0.6619
BFGS:  220 20:51:21    -1128.338856        0.4082
BFGS:  221 20:51:21    -1128.338088        0.6586
BFGS:  222 20:51:21    -1128.339050        0.4080
BFGS:  223 20:51:21    -1128.337919        0.6621
BFGS:  224 20:51:21    -1128.338856        0.4083
BFGS:  225 20:51:21    -1128.338087        0.6588
BFGS:  226 20:51:21    -1128.339049        0.4080
BFGS:  227 20:51:21    -1128.337919        0.6622
BFGS:  228 20:51:21    -1128.338855        0.4083
BFGS:  229 20:51:21    -1128.338086        0.6589
BFGS:  230 20:51:21    -1128.339049        0.4081
BFGS:  231 20:51:21    -1128.337918        0.6623
BFGS:  232 20:51:21    -1128.338855        0.4083
BFGS:  233 20:51:21    -1128.338085        0.6590
BFGS:  234 20:51:21    -1128.339049        0.4081
BFGS:  235 20:51:21    -1128.337918        0.6623
BFGS:  236 20:51:21    -1128.338855        0.4083
BFGS:  237 20:51:21    -1128.338085        0.6591
BFGS:  238 20:51:21    -1128.339049        0.4081
BFGS:  239 20:51:21    -1128.337918        0.6623
BFGS:  240 20:51:21    -1128.338855        0.4083
BFGS:  241 20:51:21    -1128.338085        0.6592
BFGS:  242 20:51:21    -1128.339049        0.4081
BFGS:  243 20:51:21    -1128.337918        0.6623
BFGS:  244 20:51:21    -1128.338855        0.4083
BFGS:  245 20:51:22    -1128.338084        0.6592
BFGS:  246 20:51:22    -1128.339049        0.4081
BFGS:  247 20:51:22    -1128.337918        0.6623
BFGS:  248 20:51:22    -1128.338855        0.4083
BFGS:  249 20:51:22    -1128.338084        0.6592
BFGS:  250 20:51:22    -1128.339049        0.4081
BFGS:  251 20:51:22    -1128.337918        0.6622
BFGS:  252 20:51:22    -1128.338855        0.4083
BFGS:  253 20:51:22    -1128.338084        0.6592
BFGS:  254 20:51:22    -1128.339049        0.4081
BFGS:  255 20:51:22    -1128.337918        0.6622
BFGS:  256 20:51:22    -1128.338855        0.4083
BFGS:  257 20:51:22    -1128.338084        0.6592
BFGS:  258 20:51:22    -1128.339049        0.4081
BFGS:  259 20:51:22    -1128.337918        0.6622
BFGS:  260 20:51:22    -1128.338855        0.4083
BFGS:  261 20:51:22    -1128.338084        0.6592
BFGS:  262 20:51:22    -1128.339049        0.4081
BFGS:  263 20:51:22    -1128.337918        0.6622
BFGS:  264 20:51:22    -1128.338855        0.4083
BFGS:  265 20:51:22    -1128.338084        0.6592
BFGS:  266 20:51:22    -1128.339049        0.4081
BFGS:  267 20:51:22    -1128.337918        0.6621
BFGS:  268 20:51:22    -1128.338855        0.4083
BFGS:  269 20:51:22    -1128.338084        0.6592
BFGS:  270 20:51:22    -1128.339049        0.4081
BFGS:  271 20:51:22    -1128.337918        0.6621
BFGS:  272 20:51:22    -1128.338855        0.4083
BFGS:  273 20:51:22    -1128.338084        0.6592
BFGS:  274 20:51:22    -1128.339049        0.4081
BFGS:  275 20:51:23    -1128.337918        0.6621
BFGS:  276 20:51:23    -1128.338855        0.4083
BFGS:  277 20:51:23    -1128.338084        0.6592
BFGS:  278 20:51:23    -1128.339049        0.4081
BFGS:  279 20:51:23    -1128.337918        0.6621
BFGS:  280 20:51:23    -1128.338855        0.4083
BFGS:  281 20:51:23    -1128.338084        0.6592
BFGS:  282 20:51:23    -1128.339049        0.4081
BFGS:  283 20:51:23    -1128.337918        0.6621
BFGS:  284 20:51:23    -1128.338855        0.4083
BFGS:  285 20:51:23    -1128.338084        0.6592
BFGS:  286 20:51:23    -1128.339049        0.4081
BFGS:  287 20:51:23    -1128.337918        0.6620
BFGS:  288 20:51:23    -1128.338855        0.4083
BFGS:  289 20:51:23    -1128.338084        0.6593
BFGS:  290 20:51:23    -1128.339049        0.4081
BFGS:  291 20:51:23    -1128.337918        0.6620
BFGS:  292 20:51:23    -1128.338855        0.4083
BFGS:  293 20:51:23    -1128.338084        0.6593
BFGS:  294 20:51:23    -1128.339049        0.4081
BFGS:  295 20:51:23    -1128.337918        0.6620
BFGS:  296 20:51:23    -1128.338855        0.4083
BFGS:  297 20:51:23    -1128.338084        0.6593
BFGS:  298 20:51:23    -1128.339049        0.4081
BFGS:  299 20:51:23    -1128.337918        0.6620
BFGS:  300 20:51:23    -1128.338855        0.4083
BFGS:  301 20:51:23    -1128.338084        0.6593
BFGS:  302 20:51:23    -1128.339049        0.4081
BFGS:  303 20:51:23    -1128.337918        0.6620
BFGS:  304 20:51:24    -1128.338855        0.4083
BFGS:  305 20:51:24    -1128.338084        0.6593
BFGS:  306 20:51:24    -1128.339049        0.4081
BFGS:  307 20:51:24    -1128.337918        0.6620
BFGS:  308 20:51:24    -1128.338855        0.4083
BFGS:  309 20:51:24    -1128.338084        0.6593
BFGS:  310 20:51:24    -1128.339049        0.4081
BFGS:  311 20:51:24    -1128.337918        0.6620
BFGS:  312 20:51:24    -1128.338855        0.4083
BFGS:  313 20:51:24    -1128.338084        0.6593
BFGS:  314 20:51:24    -1128.339049        0.4081
BFGS:  315 20:51:24    -1128.337918        0.6619
BFGS:  316 20:51:24    -1128.338855        0.4083
BFGS:  317 20:51:24    -1128.338084        0.6593
BFGS:  318 20:51:24    -1128.339049        0.4081
BFGS:  319 20:51:24    -1128.337918        0.6619
BFGS:  320 20:51:24    -1128.338855        0.4083
BFGS:  321 20:51:24    -1128.338084        0.6593
BFGS:  322 20:51:24    -1128.339049        0.4081
BFGS:  323 20:51:24    -1128.337918        0.6619
BFGS:  324 20:51:24    -1128.338855        0.4083
BFGS:  325 20:51:24    -1128.338084        0.6593
BFGS:  326 20:51:24    -1128.339049        0.4081
BFGS:  327 20:51:24    -1128.337918        0.6619
BFGS:  328 20:51:24    -1128.338855        0.4083
BFGS:  329 20:51:24    -1128.338084        0.6593
BFGS:  330 20:51:24    -1128.339049        0.4081
BFGS:  331 20:51:24    -1128.337918        0.6619
BFGS:  332 20:51:24    -1128.338855        0.4083
BFGS:  333 20:51:24    -1128.338084        0.6593
BFGS:  334 20:51:25    -1128.339049        0.4081
BFGS:  335 20:51:25    -1128.337918        0.6619
BFGS:  336 20:51:25    -1128.338855        0.4083
BFGS:  337 20:51:25    -1128.338084        0.6593
BFGS:  338 20:51:25    -1128.339049        0.4081
BFGS:  339 20:51:25    -1128.337918        0.6619
BFGS:  340 20:51:25    -1128.338855        0.4083
BFGS:  341 20:51:25    -1128.338084        0.6593
BFGS:  342 20:51:25    -1128.339049        0.4081
BFGS:  343 20:51:25    -1128.337918        0.6619
BFGS:  344 20:51:25    -1128.338855        0.4083
BFGS:  345 20:51:25    -1128.338084        0.6593
BFGS:  346 20:51:25    -1128.339049        0.4081
BFGS:  347 20:51:25    -1128.337918        0.6619
BFGS:  348 20:51:25    -1128.338855        0.4083
BFGS:  349 20:51:25    -1128.338084        0.6593
BFGS:  350 20:51:25    -1128.339049        0.4081
BFGS:  351 20:51:25    -1128.337918        0.6619
BFGS:  352 20:51:25    -1128.338855        0.4083
BFGS:  353 20:51:25    -1128.338084        0.6593
BFGS:  354 20:51:25    -1128.339049        0.4081
BFGS:  355 20:51:25    -1128.337918        0.6619
BFGS:  356 20:51:25    -1128.338855        0.4083
BFGS:  357 20:51:25    -1128.338084        0.6593
BFGS:  358 20:51:25    -1128.339049        0.4081
BFGS:  359 20:51:25    -1128.337918        0.6619
BFGS:  360 20:51:25    -1128.338855        0.4083
BFGS:  361 20:51:25    -1128.338084        0.6593
BFGS:  362 20:51:25    -1128.339049        0.4081
BFGS:  363 20:51:25    -1128.337918        0.6618
BFGS:  364 20:51:26    -1128.338855        0.4083
BFGS:  365 20:51:26    -1128.338084        0.6593
BFGS:  366 20:51:26    -1128.339049        0.4081
BFGS:  367 20:51:26    -1128.337918        0.6618
BFGS:  368 20:51:26    -1128.338855        0.4083
BFGS:  369 20:51:26    -1128.338084        0.6593
BFGS:  370 20:51:26    -1128.339049        0.4081
BFGS:  371 20:51:26    -1128.337918        0.6618
BFGS:  372 20:51:26    -1128.338855        0.4083
BFGS:  373 20:51:26    -1128.338084        0.6593
BFGS:  374 20:51:26    -1128.339049        0.4081
BFGS:  375 20:51:26    -1128.337918        0.6618
BFGS:  376 20:51:26    -1128.338855        0.4083
BFGS:  377 20:51:26    -1128.338084        0.6593
BFGS:  378 20:51:26    -1128.339049        0.4081
BFGS:  379 20:51:26    -1128.337918        0.6618
BFGS:  380 20:51:26    -1128.338855        0.4083
BFGS:  381 20:51:26    -1128.338084        0.6593
BFGS:  382 20:51:26    -1128.339049        0.4080
BFGS:  383 20:51:26    -1128.337918        0.6618
BFGS:  384 20:51:26    -1128.338855        0.4083
BFGS:  385 20:51:26    -1128.338084        0.6593
BFGS:  386 20:51:26    -1128.339049        0.4080
BFGS:  387 20:51:26    -1128.337918        0.6618
BFGS:  388 20:51:26    -1128.338855        0.4083
BFGS:  389 20:51:26    -1128.338084        0.6593
BFGS:  390 20:51:26    -1128.339049        0.4080
BFGS:  391 20:51:26    -1128.337918        0.6618
BFGS:  392 20:51:26    -1128.338855        0.4083
BFGS:  393 20:51:27    -1128.338084        0.6593
BFGS:  394 20:51:27    -1128.339049        0.4080
BFGS:  395 20:51:27    -1128.337918        0.6618
BFGS:  396 20:51:27    -1128.338855        0.4083
BFGS:  397 20:51:27    -1128.338084        0.6593
BFGS:  398 20:51:27    -1128.339049        0.4080
BFGS:  399 20:51:27    -1128.337918        0.6618
BFGS:  400 20:51:27    -1128.338855        0.4083
BFGS:  401 20:51:27    -1128.338084        0.6593
BFGS:  402 20:51:27    -1128.339049        0.4080
BFGS:  403 20:51:27    -1128.337918        0.6618
BFGS:  404 20:51:27    -1128.338855        0.4083
BFGS:  405 20:51:27    -1128.338084        0.6593
BFGS:  406 20:51:27    -1128.339049        0.4080
BFGS:  407 20:51:27    -1128.337918        0.6618
BFGS:  408 20:51:27    -1128.338855        0.4083
BFGS:  409 20:51:27    -1128.338084        0.6593
BFGS:  410 20:51:27    -1128.339049        0.4080
BFGS:  411 20:51:27    -1128.337918        0.6618
BFGS:  412 20:51:27    -1128.338855        0.4083
BFGS:  413 20:51:27    -1128.338084        0.6593
BFGS:  414 20:51:27    -1128.339049        0.4080
BFGS:  415 20:51:27    -1128.337918        0.6618
BFGS:  416 20:51:27    -1128.338855        0.4083
BFGS:  417 20:51:27    -1128.338084        0.6593
BFGS:  418 20:51:27    -1128.339049        0.4080
BFGS:  419 20:51:27    -1128.337918        0.6618
BFGS:  420 20:51:27    -1128.338855        0.4083
BFGS:  421 20:51:27    -1128.338084        0.6593
BFGS:  422 20:51:27    -1128.339049        0.4080
BFGS:  423 20:51:28    -1128.337918        0.6618
BFGS:  424 20:51:28    -1128.338855        0.4083
BFGS:  425 20:51:28    -1128.338084        0.6593
BFGS:  426 20:51:28    -1128.339049        0.4080
BFGS:  427 20:51:28    -1128.337918        0.6618
BFGS:  428 20:51:28    -1128.338855        0.4083
BFGS:  429 20:51:28    -1128.338084        0.6593
BFGS:  430 20:51:28    -1128.339049        0.4080
BFGS:  431 20:51:28    -1128.337918        0.6618
BFGS:  432 20:51:28    -1128.338855        0.4083
BFGS:  433 20:51:28    -1128.338084        0.6593
BFGS:  434 20:51:28    -1128.339049        0.4080
BFGS:  435 20:51:28    -1128.337918        0.6618
BFGS:  436 20:51:28    -1128.338855        0.4083
BFGS:  437 20:51:28    -1128.338084        0.6593
BFGS:  438 20:51:28    -1128.339049        0.4080
BFGS:  439 20:51:28    -1128.337918        0.6618
BFGS:  440 20:51:28    -1128.338855        0.4083
BFGS:  441 20:51:28    -1128.338084        0.6593
BFGS:  442 20:51:28    -1128.339049        0.4080
BFGS:  443 20:51:28    -1128.337918        0.6618
BFGS:  444 20:51:28    -1128.338855        0.4083
BFGS:  445 20:51:28    -1128.338084        0.6593
BFGS:  446 20:51:28    -1128.339049        0.4080
BFGS:  447 20:51:28    -1128.337918        0.6618
BFGS:  448 20:51:28    -1128.338855        0.4083
BFGS:  449 20:51:28    -1128.338084        0.6593
BFGS:  450 20:51:28    -1128.339049        0.4080
BFGS:  451 20:51:28    -1128.337918        0.6617
BFGS:  452 20:51:28    -1128.338855        0.4083
BFGS:  453 20:51:29    -1128.338084        0.6593
BFGS:  454 20:51:29    -1128.339049        0.4080
BFGS:  455 20:51:29    -1128.337918        0.6617
BFGS:  456 20:51:29    -1128.338855        0.4083
BFGS:  457 20:51:29    -1128.338084        0.6593
BFGS:  458 20:51:29    -1128.339049        0.4080
BFGS:  459 20:51:29    -1128.337918        0.6617
BFGS:  460 20:51:29    -1128.338855        0.4083
BFGS:  461 20:51:29    -1128.338084        0.6594
BFGS:  462 20:51:29    -1128.339049        0.4080
BFGS:  463 20:51:29    -1128.337918        0.6617
BFGS:  464 20:51:29    -1128.338855        0.4083
BFGS:  465 20:51:29    -1128.338084        0.6594
BFGS:  466 20:51:29    -1128.339049        0.4080
BFGS:  467 20:51:29    -1128.337918        0.6617
BFGS:  468 20:51:29    -1128.338855        0.4083
BFGS:  469 20:51:29    -1128.338084        0.6594
BFGS:  470 20:51:29    -1128.339049        0.4080
BFGS:  471 20:51:29    -1128.337918        0.6617
BFGS:  472 20:51:29    -1128.338855        0.4083
BFGS:  473 20:51:29    -1128.338084        0.6594
BFGS:  474 20:51:29    -1128.339049        0.4080
BFGS:  475 20:51:29    -1128.337918        0.6617
BFGS:  476 20:51:29    -1128.338855        0.4083
BFGS:  477 20:51:29    -1128.338084        0.6594
BFGS:  478 20:51:29    -1128.339049        0.4080
BFGS:  479 20:51:29    -1128.337918        0.6617
BFGS:  480 20:51:29    -1128.338855        0.4083
BFGS:  481 20:51:29    -1128.338084        0.6594
BFGS:  482 20:51:30    -1128.339049        0.4080
BFGS:  483 20:51:30    -1128.337918        0.6617
BFGS:  484 20:51:30    -1128.338855        0.4083
BFGS:  485 20:51:30    -1128.338084        0.6594
BFGS:  486 20:51:30    -1128.339049        0.4080
BFGS:  487 20:51:30    -1128.337918        0.6617
BFGS:  488 20:51:30    -1128.338855        0.4083
BFGS:  489 20:51:30    -1128.338084        0.6594
BFGS:  490 20:51:30    -1128.339049        0.4080
BFGS:  491 20:51:30    -1128.337918        0.6617
BFGS:  492 20:51:30    -1128.338855        0.4083
BFGS:  493 20:51:30    -1128.338084        0.6594
BFGS:  494 20:51:30    -1128.339049        0.4080
BFGS:  495 20:51:30    -1128.337918        0.6617
BFGS:  496 20:51:30    -1128.338855        0.4083
BFGS:  497 20:51:30    -1128.338084        0.6594
BFGS:  498 20:51:30    -1128.339049        0.4080
BFGS:  499 20:51:30    -1128.337918        0.6617
