      Step     Time          Energy         fmax
BFGS:    0 20:52:01     -865.511570      112.1781
BFGS:    1 20:52:01     -881.158599       87.7352
BFGS:    2 20:52:01     -893.991876       81.9253
BFGS:    3 20:52:01     -907.848741       76.7867
BFGS:    4 20:52:01     -919.646320       70.4457
BFGS:    5 20:52:01     -928.889012       64.9460
BFGS:    6 20:52:01     -938.663088       65.6824
BFGS:    7 20:52:01     -947.154363       67.5779
BFGS:    8 20:52:01     -956.001563       69.2891
BFGS:    9 20:52:01     -965.196429       65.0327
BFGS:   10 20:52:01     -973.101757       62.4624
BFGS:   11 20:52:01     -980.423109       60.2858
BFGS:   12 20:52:01     -987.597562       58.7181
BFGS:   13 20:52:01     -994.903494       58.0342
BFGS:   14 20:52:02    -1001.247274       54.9715
BFGS:   15 20:52:02    -1006.992017       53.8036
BFGS:   16 20:52:02    -1012.982156       53.3712
BFGS:   17 20:52:02    -1019.348973       52.9363
BFGS:   18 20:52:02    -1025.906353       51.8975
BFGS:   19 20:52:02    -1033.138980       50.8026
BFGS:   20 20:52:02    -1039.274563       47.7837
BFGS:   21 20:52:02    -1043.998248       43.3845
BFGS:   22 20:52:02    -1048.138532       39.7254
BFGS:   23 20:52:02    -1051.996133       33.6730
BFGS:   24 20:52:02    -1055.205204       29.4839
BFGS:   25 20:52:02    -1058.861396       23.4391
BFGS:   26 20:52:02    -1061.171599       20.6366
BFGS:   27 20:52:02    -1063.083335       19.0719
BFGS:   28 20:52:02    -1064.982746       18.0546
BFGS:   29 20:52:02    -1066.994914       17.2811
BFGS:   30 20:52:02    -1069.015131       16.8276
BFGS:   31 20:52:02    -1070.877329       16.4535
BFGS:   32 20:52:02    -1072.298610       16.2011
BFGS:   33 20:52:02    -1073.658894       15.8891
BFGS:   34 20:52:02    -1074.888165       15.5029
BFGS:   35 20:52:02    -1076.141229       15.0617
BFGS:   36 20:52:02    -1077.374760       14.6131
BFGS:   37 20:52:02    -1078.548524       14.1625
BFGS:   38 20:52:02    -1079.707903       13.6002
BFGS:   39 20:52:02    -1080.909060       12.8795
BFGS:   40 20:52:02    -1081.899085       11.9936
BFGS:   41 20:52:02    -1082.734597       11.2069
BFGS:   42 20:52:02    -1083.475477       11.1996
BFGS:   43 20:52:02    -1084.167709       11.2899
BFGS:   44 20:52:02    -1084.835039       11.2693
BFGS:   45 20:52:02    -1085.468473       10.8513
BFGS:   46 20:52:02    -1086.090477       10.5275
BFGS:   47 20:52:02    -1086.784440        9.5251
BFGS:   48 20:52:02    -1087.483125        8.6741
BFGS:   49 20:52:02    -1088.099617        7.0295
BFGS:   50 20:52:02    -1088.581833        7.3722
BFGS:   51 20:52:02    -1089.062315        6.5463
BFGS:   52 20:52:03    -1089.555824        5.7588
BFGS:   53 20:52:03    -1090.011792        4.6593
BFGS:   54 20:52:03    -1090.425771        5.1930
BFGS:   55 20:52:03    -1090.819579        5.8824
BFGS:   56 20:52:03    -1091.205240        6.8004
BFGS:   57 20:52:03    -1091.586535        8.1697
BFGS:   58 20:52:03    -1091.951105       11.9594
BFGS:   59 20:52:03    -1092.339913       15.0493
BFGS:   60 20:52:03    -1092.790548       17.3493
BFGS:   61 20:52:03    -1093.228877       19.3518
BFGS:   62 20:52:03    -1093.656904       20.0601
BFGS:   63 20:52:03    -1094.077975       19.7574
BFGS:   64 20:52:03    -1094.496933       18.6678
BFGS:   65 20:52:03    -1094.911126       17.4769
BFGS:   66 20:52:03    -1095.386905       17.3820
BFGS:   67 20:52:03    -1096.421990       15.6430
BFGS:   68 20:52:03    -1098.208271       16.6949
BFGS:   69 20:52:03    -1099.620729       17.7107
BFGS:   70 20:52:03    -1101.163172       18.6506
BFGS:   71 20:52:03    -1102.755858       25.2861
BFGS:   72 20:52:03    -1104.235483       34.3291
BFGS:   73 20:52:03    -1105.466224       41.1089
BFGS:   74 20:52:03    -1106.824697       45.8600
BFGS:   75 20:52:03    -1108.362493       49.0858
BFGS:   76 20:52:03    -1110.006263       50.5925
BFGS:   77 20:52:03    -1111.550879       49.7140
BFGS:   78 20:52:03    -1114.013765       46.4086
BFGS:   79 20:52:03    -1115.809325       40.5243
BFGS:   80 20:52:03    -1117.680444       33.9418
BFGS:   81 20:52:03    -1119.528748       32.8685
BFGS:   82 20:52:03    -1121.614201       36.7559
BFGS:   83 20:52:03    -1123.728631       39.4046
BFGS:   84 20:52:03    -1125.782974       42.0070
BFGS:   85 20:52:03    -1127.744158       43.4758
BFGS:   86 20:52:03    -1129.536335       44.8771
BFGS:   87 20:52:03    -1131.344041       45.9394
BFGS:   88 20:52:03    -1133.267660       46.6975
BFGS:   89 20:52:03    -1135.394300       47.0619
BFGS:   90 20:52:03    -1137.644633       46.8380
BFGS:   91 20:52:03    -1139.634716       45.8620
BFGS:   92 20:52:03    -1141.442394       44.2586
BFGS:   93 20:52:03    -1143.489814       41.8737
BFGS:   94 20:52:03    -1145.626050       39.1755
BFGS:   95 20:52:03    -1147.747147       36.1129
BFGS:   96 20:52:03    -1149.869154       32.8964
BFGS:   97 20:52:03    -1152.061537       29.7437
BFGS:   98 20:52:03    -1154.156188       29.1438
BFGS:   99 20:52:03    -1156.286001       29.7799
BFGS:  100 20:52:03    -1158.260268       30.3881
BFGS:  101 20:52:04    -1160.715081       32.2969
BFGS:  102 20:52:04    -1163.191650       33.9571
BFGS:  103 20:52:04    -1165.461132       35.0312
BFGS:  104 20:52:04    -1169.296821       36.7802
BFGS:  105 20:52:04    -1173.916300       38.6369
BFGS:  106 20:52:04    -1178.756883       36.0631
BFGS:  107 20:52:04    -1183.272867       28.5148
BFGS:  108 20:52:04    -1186.947774       23.2923
BFGS:  109 20:52:04    -1190.302258       23.8516
BFGS:  110 20:52:04    -1193.763478       23.2706
BFGS:  111 20:52:04    -1197.412119       21.7200
BFGS:  112 20:52:04    -1201.438877       30.5058
BFGS:  113 20:52:04    -1204.879897       39.1658
BFGS:  114 20:52:04    -1208.244184       46.5825
BFGS:  115 20:52:04    -1211.784003       53.8868
BFGS:  116 20:52:04    -1215.431827       60.9994
BFGS:  117 20:52:04    -1218.975952       66.7868
BFGS:  118 20:52:04    -1222.048399       69.5635
BFGS:  119 20:52:04    -1225.000774       67.3824
BFGS:  120 20:52:04    -1227.440202       63.7217
BFGS:  121 20:52:04    -1229.673598       59.6814
BFGS:  122 20:52:04    -1231.805251       55.8725
BFGS:  123 20:52:04    -1233.861640       52.6162
BFGS:  124 20:52:04    -1235.899854       49.3858
BFGS:  125 20:52:04    -1237.959636       46.0400
BFGS:  126 20:52:04    -1239.902337       42.6099
BFGS:  127 20:52:04    -1241.773973       38.8959
BFGS:  128 20:52:04    -1243.652836       34.5599
BFGS:  129 20:52:04    -1245.581900       29.2833
BFGS:  130 20:52:04    -1247.400142       23.2274
BFGS:  131 20:52:04    -1249.103847       19.6844
BFGS:  132 20:52:04    -1250.687015       19.8939
BFGS:  133 20:52:04    -1252.067865       18.8980
BFGS:  134 20:52:04    -1253.183546       18.4669
BFGS:  135 20:52:04    -1254.228848       19.5631
BFGS:  136 20:52:04    -1255.229527       22.5428
BFGS:  137 20:52:04    -1256.170558       25.2812
BFGS:  138 20:52:04    -1257.010036       28.7723
BFGS:  139 20:52:04    -1257.897168       33.3910
BFGS:  140 20:52:04    -1258.812659       38.1188
BFGS:  141 20:52:04    -1259.693794       42.0502
BFGS:  142 20:52:04    -1260.541800       45.3564
BFGS:  143 20:52:04    -1261.375470       47.4388
BFGS:  144 20:52:04    -1262.223810       48.6213
BFGS:  145 20:52:04    -1263.101326       49.0232
BFGS:  146 20:52:04    -1264.031027       48.5924
BFGS:  147 20:52:04    -1265.050623       47.1318
BFGS:  148 20:52:04    -1266.203709       44.7016
BFGS:  149 20:52:04    -1267.532478       41.6058
BFGS:  150 20:52:04    -1268.818692       39.1174
BFGS:  151 20:52:04    -1270.074469       36.5828
BFGS:  152 20:52:04    -1271.307240       34.4596
BFGS:  153 20:52:04    -1272.528554       32.2633
BFGS:  154 20:52:04    -1273.749556       29.9627
BFGS:  155 20:52:04    -1274.965594       27.3100
BFGS:  156 20:52:04    -1276.163768       24.1695
BFGS:  157 20:52:04    -1277.289713       20.4309
BFGS:  158 20:52:04    -1278.318877       16.4937
BFGS:  159 20:52:04    -1279.268249       15.6751
BFGS:  160 20:52:04    -1280.199389       15.6112
BFGS:  161 20:52:04    -1281.081080       17.6739
BFGS:  162 20:52:05    -1282.144819       20.6742
BFGS:  163 20:52:05    -1283.146057       22.4919
BFGS:  164 20:52:05    -1284.084051       22.8055
BFGS:  165 20:52:05    -1284.967904       21.6495
BFGS:  166 20:52:05    -1285.747418       22.3290
BFGS:  167 20:52:05    -1286.606951       22.2466
BFGS:  168 20:52:05    -1287.452888       21.3180
BFGS:  169 20:52:05    -1288.332182       19.6029
BFGS:  170 20:52:05    -1289.203716       17.3064
BFGS:  171 20:52:05    -1290.076746       14.6597
BFGS:  172 20:52:05    -1290.938995       14.4804
BFGS:  173 20:52:05    -1291.737456       14.9912
BFGS:  174 20:52:05    -1292.526451       14.8717
BFGS:  175 20:52:05    -1293.267275       14.0438
BFGS:  176 20:52:05    -1294.001059       14.0319
BFGS:  177 20:52:05    -1294.759776       13.8153
BFGS:  178 20:52:05    -1295.517535       14.1325
BFGS:  179 20:52:05    -1296.295364       13.7739
BFGS:  180 20:52:05    -1297.078584       14.9749
BFGS:  181 20:52:05    -1297.869844       15.5606
BFGS:  182 20:52:05    -1298.629931       16.1940
BFGS:  183 20:52:05    -1299.335220       15.9170
BFGS:  184 20:52:05    -1299.975641       15.6518
BFGS:  185 20:52:05    -1300.566487       16.4720
BFGS:  186 20:52:05    -1301.064253       17.7125
BFGS:  187 20:52:05    -1301.562063       18.8170
BFGS:  188 20:52:05    -1302.014627       19.8783
BFGS:  189 20:52:05    -1302.598169       20.5861
BFGS:  190 20:52:05    -1303.205538       21.1868
BFGS:  191 20:52:05    -1303.861356       21.1453
BFGS:  192 20:52:05    -1304.644850       20.4217
BFGS:  193 20:52:05    -1305.405810       17.9275
BFGS:  194 20:52:05    -1305.995958       14.4463
BFGS:  195 20:52:05    -1306.485474       11.2147
BFGS:  196 20:52:05    -1306.897739        8.2543
BFGS:  197 20:52:05    -1307.229980        7.1439
BFGS:  198 20:52:05    -1307.469268        5.7110
BFGS:  199 20:52:05    -1307.634876        4.4671
BFGS:  200 20:52:05    -1307.742471        4.6775
BFGS:  201 20:52:05    -1307.818001        4.8063
BFGS:  202 20:52:05    -1307.885811        4.6037
BFGS:  203 20:52:05    -1307.972094        5.0753
BFGS:  204 20:52:05    -1308.051539        4.8051
BFGS:  205 20:52:05    -1308.111778        4.4381
BFGS:  206 20:52:05    -1308.151550        4.2591
BFGS:  207 20:52:05    -1308.188669        4.1027
BFGS:  208 20:52:05    -1308.234864        4.1890
BFGS:  209 20:52:05    -1308.295320        4.2188
BFGS:  210 20:52:05    -1308.365889        4.5833
BFGS:  211 20:52:05    -1308.417071        4.3849
BFGS:  212 20:52:05    -1308.458837        4.1391
BFGS:  213 20:52:05    -1308.492499        3.9874
BFGS:  214 20:52:05    -1308.530096        4.0268
BFGS:  215 20:52:05    -1308.564648        4.0162
BFGS:  216 20:52:05    -1308.595579        4.1568
BFGS:  217 20:52:05    -1308.627273        4.2291
BFGS:  218 20:52:05    -1308.667850        4.4102
BFGS:  219 20:52:05    -1308.711415        4.4497
BFGS:  220 20:52:05    -1308.759430        4.4707
BFGS:  221 20:52:05    -1308.799628        4.8943
BFGS:  222 20:52:05    -1308.836692        5.6172
BFGS:  223 20:52:05    -1308.874846        6.2091
BFGS:  224 20:52:05    -1308.929910        6.5467
BFGS:  225 20:52:05    -1308.999458        6.6478
BFGS:  226 20:52:05    -1309.103797        5.9523
BFGS:  227 20:52:05    -1309.210944        6.1495
BFGS:  228 20:52:05    -1309.316756        5.4391
BFGS:  229 20:52:05    -1309.370946        6.2133
BFGS:  230 20:52:05    -1309.427693        6.2423
BFGS:  231 20:52:06    -1309.475295        6.5916
BFGS:  232 20:52:06    -1309.541690        6.7285
BFGS:  233 20:52:06    -1309.614843        6.0673
BFGS:  234 20:52:06    -1309.685787        4.5401
BFGS:  235 20:52:06    -1309.725632        4.6505
BFGS:  236 20:52:06    -1309.761417        4.6018
BFGS:  237 20:52:06    -1309.810571        4.7974
BFGS:  238 20:52:06    -1309.867858        4.8136
BFGS:  239 20:52:06    -1309.931591        4.8616
BFGS:  240 20:52:06    -1310.002497        4.8324
BFGS:  241 20:52:06    -1310.082628        4.7316
BFGS:  242 20:52:06    -1310.175598        4.4997
BFGS:  243 20:52:06    -1310.287174        4.4625
BFGS:  244 20:52:06    -1310.420269        4.2473
BFGS:  245 20:52:06    -1310.541267        4.6418
BFGS:  246 20:52:06    -1310.604725        4.8682
BFGS:  247 20:52:06    -1310.667727        5.2590
BFGS:  248 20:52:06    -1310.714239        4.7796
BFGS:  249 20:52:06    -1310.779184        4.9524
BFGS:  250 20:52:06    -1310.927223        4.7911
BFGS:  251 20:52:06    -1311.004121        4.7790
BFGS:  252 20:52:06    -1311.114783        4.3783
BFGS:  253 20:52:06    -1311.238054        4.6003
BFGS:  254 20:52:06    -1311.360466        4.8960
BFGS:  255 20:52:06    -1311.505478        5.6751
BFGS:  256 20:52:06    -1311.647236        6.4617
BFGS:  257 20:52:06    -1311.782541        7.0586
BFGS:  258 20:52:06    -1311.918219        7.5495
BFGS:  259 20:52:06    -1312.052500        7.7013
BFGS:  260 20:52:06    -1312.188338        8.5575
BFGS:  261 20:52:06    -1312.334498        9.5771
BFGS:  262 20:52:06    -1312.492453       10.4950
BFGS:  263 20:52:06    -1312.654276       11.0027
BFGS:  264 20:52:06    -1312.822654       11.0733
BFGS:  265 20:52:06    -1313.002488       10.6663
BFGS:  266 20:52:06    -1313.194286        9.6417
BFGS:  267 20:52:06    -1313.384934        8.2146
BFGS:  268 20:52:06    -1313.559498        6.6308
BFGS:  269 20:52:06    -1313.662895        5.5329
BFGS:  270 20:52:06    -1313.706805        4.8080
BFGS:  271 20:52:06    -1313.764313        4.2416
BFGS:  272 20:52:06    -1313.813429        4.4496
BFGS:  273 20:52:06    -1313.846907        4.8108
BFGS:  274 20:52:06    -1313.899282        5.0839
BFGS:  275 20:52:06    -1313.957164        4.7339
BFGS:  276 20:52:06    -1314.046565        5.0220
BFGS:  277 20:52:06    -1314.136032        5.5236
BFGS:  278 20:52:06    -1314.222098        6.4337
BFGS:  279 20:52:06    -1314.306929        6.5242
BFGS:  280 20:52:06    -1314.379038        6.0246
BFGS:  281 20:52:06    -1314.436926        5.6190
BFGS:  282 20:52:06    -1314.499126        5.2701
BFGS:  283 20:52:06    -1314.568114        5.0204
BFGS:  284 20:52:06    -1314.651419        4.7277
BFGS:  285 20:52:06    -1314.757743        4.8711
BFGS:  286 20:52:06    -1314.889801        5.6743
BFGS:  287 20:52:06    -1314.990854        5.9355
BFGS:  288 20:52:06    -1315.132910        5.3157
BFGS:  289 20:52:06    -1315.253244        5.4008
BFGS:  290 20:52:06    -1315.428517        5.0293
BFGS:  291 20:52:06    -1315.519656        4.9673
BFGS:  292 20:52:06    -1315.640573        5.8053
BFGS:  293 20:52:06    -1315.724492        5.6828
BFGS:  294 20:52:06    -1315.795512        4.8158
BFGS:  295 20:52:06    -1315.850831        4.0643
BFGS:  296 20:52:06    -1315.908364        3.5817
BFGS:  297 20:52:06    -1315.971437        2.9062
BFGS:  298 20:52:06    -1316.007284        2.7165
BFGS:  299 20:52:06    -1316.042090        2.5950
BFGS:  300 20:52:06    -1316.061850        2.9639
BFGS:  301 20:52:07    -1316.089758        3.1603
BFGS:  302 20:52:07    -1316.104252        2.9505
BFGS:  303 20:52:07    -1316.116196        2.9932
BFGS:  304 20:52:07    -1316.124975        3.0419
BFGS:  305 20:52:07    -1316.142529        3.3624
BFGS:  306 20:52:07    -1316.164929        3.5886
BFGS:  307 20:52:07    -1316.211216        4.0316
BFGS:  308 20:52:07    -1316.256812        3.9982
BFGS:  309 20:52:07    -1316.284951        3.7700
BFGS:  310 20:52:07    -1316.296998        3.1723
BFGS:  311 20:52:07    -1316.306864        2.9913
BFGS:  312 20:52:07    -1316.317367        2.7943
BFGS:  313 20:52:07    -1316.335959        2.2881
BFGS:  314 20:52:07    -1316.355792        2.2651
BFGS:  315 20:52:07    -1316.391991        2.7080
BFGS:  316 20:52:07    -1316.443118        2.8306
BFGS:  317 20:52:07    -1316.512394        2.6310
BFGS:  318 20:52:07    -1316.557694        2.5234
BFGS:  319 20:52:07    -1316.574829        2.1972
BFGS:  320 20:52:07    -1316.582624        1.8993
BFGS:  321 20:52:07    -1316.592171        1.6677
BFGS:  322 20:52:07    -1316.605761        1.7796
BFGS:  323 20:52:07    -1316.647045        1.8104
BFGS:  324 20:52:07    -1316.684408        1.6997
BFGS:  325 20:52:07    -1316.720504        1.9259
BFGS:  326 20:52:07    -1316.732467        2.3164
BFGS:  327 20:52:07    -1316.740591        2.6131
BFGS:  328 20:52:07    -1316.751298        2.9542
BFGS:  329 20:52:07    -1316.772080        3.2586
BFGS:  330 20:52:07    -1316.810141        3.2890
BFGS:  331 20:52:07    -1316.861067        2.4474
BFGS:  332 20:52:07    -1316.897274        1.6832
BFGS:  333 20:52:07    -1316.911060        1.9217
BFGS:  334 20:52:07    -1316.915060        2.0571
BFGS:  335 20:52:07    -1316.918782        2.1686
BFGS:  336 20:52:07    -1316.923056        2.2031
BFGS:  337 20:52:07    -1316.932099        2.1450
BFGS:  338 20:52:07    -1316.946215        1.8975
BFGS:  339 20:52:07    -1316.968713        1.6919
BFGS:  340 20:52:07    -1316.989010        1.0311
BFGS:  341 20:52:07    -1316.997587        0.7379
BFGS:  342 20:52:07    -1317.000023        0.5532
BFGS:  343 20:52:07    -1317.001439        0.5884
BFGS:  344 20:52:07    -1317.002427        0.5939
BFGS:  345 20:52:07    -1317.003932        0.6299
BFGS:  346 20:52:07    -1317.006195        0.6564
BFGS:  347 20:52:07    -1317.012958        0.8484
BFGS:  348 20:52:07    -1317.031431        1.1814
BFGS:  349 20:52:07    -1317.057361        1.5639
BFGS:  350 20:52:07    -1317.107745        2.1219
BFGS:  351 20:52:07    -1317.177480        2.6836
BFGS:  352 20:52:07    -1317.264938        3.3252
BFGS:  353 20:52:07    -1317.365737        3.9466
BFGS:  354 20:52:07    -1317.485273        4.4917
BFGS:  355 20:52:07    -1317.633526        4.9925
BFGS:  356 20:52:07    -1317.815810        5.6359
BFGS:  357 20:52:07    -1318.028793        5.5442
BFGS:  358 20:52:07    -1318.225989        4.4148
BFGS:  359 20:52:07    -1318.399935        4.8052
BFGS:  360 20:52:07    -1318.528749        4.1458
BFGS:  361 20:52:07    -1318.695166        3.9483
BFGS:  362 20:52:07    -1318.838737        2.1694
BFGS:  363 20:52:07    -1318.908680        2.0496
BFGS:  364 20:52:07    -1318.959225        2.3047
BFGS:  365 20:52:07    -1319.009602        2.7080
BFGS:  366 20:52:07    -1319.059161        2.9857
BFGS:  367 20:52:07    -1319.109496        3.2174
BFGS:  368 20:52:07    -1319.199568        3.4073
BFGS:  369 20:52:07    -1319.286957        3.6125
BFGS:  370 20:52:07    -1319.369294        4.7141
BFGS:  371 20:52:07    -1319.438216        6.5807
BFGS:  372 20:52:07    -1319.489182        8.7730
BFGS:  373 20:52:08    -1319.530325        9.0884
BFGS:  374 20:52:08    -1319.587926        8.2711
BFGS:  375 20:52:08    -1319.624629        7.5519
BFGS:  376 20:52:08    -1319.688519        6.4642
BFGS:  377 20:52:08    -1319.750840        5.4347
BFGS:  378 20:52:08    -1319.793054        5.3635
BFGS:  379 20:52:08    -1319.822283        5.3509
BFGS:  380 20:52:08    -1319.837707        5.5645
BFGS:  381 20:52:08    -1319.849561        5.8368
BFGS:  382 20:52:08    -1319.858295        6.0545
BFGS:  383 20:52:08    -1319.860848        6.6235
BFGS:  384 20:52:08    -1319.875639        6.1592
BFGS:  385 20:52:08    -1319.882364        5.9422
BFGS:  386 20:52:08    -1319.892272        5.6520
BFGS:  387 20:52:08    -1319.896415        5.9765
BFGS:  388 20:52:08    -1319.900491        6.4002
BFGS:  389 20:52:08    -1319.902240        6.5948
BFGS:  390 20:52:08    -1319.904361        6.7291
BFGS:  391 20:52:08    -1319.905010        6.7035
BFGS:  392 20:52:08    -1319.905674        6.6015
BFGS:  393 20:52:08    -1319.905854        6.5715
BFGS:  394 20:52:08    -1319.906069        6.4811
BFGS:  395 20:52:08    -1319.906113        6.4845
BFGS:  396 20:52:08    -1319.906213        6.4943
BFGS:  397 20:52:08    -1319.906295        6.5044
BFGS:  398 20:52:08    -1319.906509        6.5404
BFGS:  399 20:52:08    -1319.906902        6.5686
BFGS:  400 20:52:08    -1319.908017        6.6478
BFGS:  401 20:52:08    -1319.910575        6.7296
BFGS:  402 20:52:08    -1319.917569        6.9041
BFGS:  403 20:52:08    -1319.935543        7.0893
BFGS:  404 20:52:08    -1319.920012        8.0880
BFGS:  405 20:52:08    -1319.997306        7.0569
BFGS:  406 20:52:08    -1320.048133        6.7632
BFGS:  407 20:52:08    -1320.271634        5.0860
BFGS:  408 20:52:08    -1320.457249        3.5893
BFGS:  409 20:52:08    -1320.586374        1.9924
BFGS:  410 20:52:08    -1320.650425        1.9545
BFGS:  411 20:52:08    -1320.657526        2.0026
BFGS:  412 20:52:08    -1320.663838        1.7626
BFGS:  413 20:52:08    -1320.666249        1.7136
BFGS:  414 20:52:08    -1320.668048        1.7004
BFGS:  415 20:52:08    -1320.668765        1.7132
BFGS:  416 20:52:08    -1320.669309        1.7268
BFGS:  417 20:52:08    -1320.669548        1.7519
BFGS:  418 20:52:08    -1320.669701        1.7674
BFGS:  419 20:52:08    -1320.669772        1.7747
BFGS:  420 20:52:08    -1320.669839        1.7774
BFGS:  421 20:52:08    -1320.669863        1.7774
BFGS:  422 20:52:08    -1320.669883        1.7747
BFGS:  423 20:52:08    -1320.669888        1.7747
BFGS:  424 20:52:08    -1320.669894        1.7738
BFGS:  425 20:52:08    -1320.669896        1.7752
BFGS:  426 20:52:08    -1320.669909        1.7792
BFGS:  427 20:52:08    -1320.669929        1.7833
BFGS:  428 20:52:08    -1320.669991        1.7900
BFGS:  429 20:52:08    -1320.670139        1.7981
BFGS:  430 20:52:08    -1320.670515        1.8059
BFGS:  431 20:52:08    -1320.671353        1.8053
BFGS:  432 20:52:08    -1320.672627        1.8232
BFGS:  433 20:52:08    -1320.673943        1.8099
BFGS:  434 20:52:08    -1320.675167        1.7639
BFGS:  435 20:52:08    -1320.675795        1.6920
BFGS:  436 20:52:08    -1320.675921        1.6748
BFGS:  437 20:52:08    -1320.676023        1.6583
BFGS:  438 20:52:08    -1320.676037        1.6641
BFGS:  439 20:52:08    -1320.676183        1.6807
BFGS:  440 20:52:08    -1320.676523        1.7129
BFGS:  441 20:52:08    -1320.677233        1.7509
BFGS:  442 20:52:08    -1320.678971        1.8069
BFGS:  443 20:52:08    -1320.680634        1.8243
BFGS:  444 20:52:09    -1320.682384        1.8232
BFGS:  445 20:52:09    -1320.684199        1.8111
BFGS:  446 20:52:09    -1320.686040        1.7919
BFGS:  447 20:52:09    -1320.687872        1.7679
BFGS:  448 20:52:09    -1320.689665        1.7409
BFGS:  449 20:52:09    -1320.691391        1.7121
BFGS:  450 20:52:09    -1320.693026        1.6826
BFGS:  451 20:52:09    -1320.694553        1.6532
BFGS:  452 20:52:09    -1320.695960        1.6247
BFGS:  453 20:52:09    -1320.697238        1.5975
BFGS:  454 20:52:09    -1320.698385        1.5723
BFGS:  455 20:52:09    -1320.699401        1.5493
BFGS:  456 20:52:09    -1320.700294        1.5287
BFGS:  457 20:52:09    -1320.701073        1.5108
BFGS:  458 20:52:09    -1320.701752        1.4955
BFGS:  459 20:52:09    -1320.702346        1.4825
BFGS:  460 20:52:09    -1320.702870        1.4715
BFGS:  461 20:52:09    -1320.703336        1.4621
BFGS:  462 20:52:09    -1320.703755        1.4540
BFGS:  463 20:52:09    -1320.704133        1.4473
BFGS:  464 20:52:09    -1320.704474        1.4417
BFGS:  465 20:52:09    -1320.704781        1.4374
BFGS:  466 20:52:09    -1320.705057        1.4343
BFGS:  467 20:52:09    -1320.705302        1.4326
BFGS:  468 20:52:09    -1320.705518        1.4323
BFGS:  469 20:52:09    -1320.705704        1.4336
BFGS:  470 20:52:09    -1320.705862        1.4367
BFGS:  471 20:52:09    -1320.705990        1.4421
BFGS:  472 20:52:09    -1320.706088        1.4504
BFGS:  473 20:52:09    -1320.706144        1.4598
BFGS:  474 20:52:09    -1320.706171        1.4702
BFGS:  475 20:52:09    -1320.706184        1.4785
BFGS:  476 20:52:09    -1320.706194        1.4914
BFGS:  477 20:52:09    -1320.706197        1.4954
BFGS:  478 20:52:09    -1320.706204        1.5040
BFGS:  479 20:52:09    -1320.706208        1.5057
BFGS:  480 20:52:09    -1320.706225        1.5087
BFGS:  481 20:52:09    -1320.706259        1.5112
BFGS:  482 20:52:09    -1320.706358        1.5145
BFGS:  483 20:52:09    -1320.706589        1.5179
BFGS:  484 20:52:09    -1320.706989        1.5200
BFGS:  485 20:52:09    -1320.707631        1.5207
BFGS:  486 20:52:09    -1320.708574        1.5198
BFGS:  487 20:52:09    -1320.709862        1.5171
BFGS:  488 20:52:09    -1320.711536        1.5125
BFGS:  489 20:52:09    -1320.713634        1.5058
BFGS:  490 20:52:09    -1320.716193        1.4969
