      Step     Time          Energy         fmax
BFGS:    0 20:48:20     -802.681763      156.6414
BFGS:    1 20:48:20     -832.573739      135.4857
BFGS:    2 20:48:20     -855.115932      129.8614
BFGS:    3 20:48:20     -875.461497      123.7697
BFGS:    4 20:48:20     -896.704139      112.9284
BFGS:    5 20:48:20     -912.622588      110.1241
BFGS:    6 20:48:20     -929.518880      101.0490
BFGS:    7 20:48:20     -943.282723       96.2036
BFGS:    8 20:48:20     -955.290690       92.4287
BFGS:    9 20:48:20     -966.162260       87.5375
BFGS:   10 20:48:20     -976.483196       84.5844
BFGS:   11 20:48:20     -985.151722       76.0016
BFGS:   12 20:48:20     -995.141353       76.2565
BFGS:   13 20:48:20    -1003.271260       63.4159
BFGS:   14 20:48:20    -1010.742056       55.1492
BFGS:   15 20:48:20    -1016.058540       51.0342
BFGS:   16 20:48:20    -1021.292964       43.4410
BFGS:   17 20:48:20    -1025.248923       40.1506
BFGS:   18 20:48:20    -1029.539291       36.2625
BFGS:   19 20:48:20    -1032.990151       31.9001
BFGS:   20 20:48:20    -1036.357877       28.6907
BFGS:   21 20:48:20    -1039.057409       28.4350
BFGS:   22 20:48:20    -1041.530107       27.4663
BFGS:   23 20:48:20    -1043.617503       25.7825
BFGS:   24 20:48:20    -1045.593095       22.9122
BFGS:   25 20:48:20    -1047.383282       20.2423
BFGS:   26 20:48:21    -1048.982498       15.8746
BFGS:   27 20:48:21    -1050.301076       16.0394
BFGS:   28 20:48:21    -1051.365943       14.9629
BFGS:   29 20:48:21    -1052.257921       15.1881
BFGS:   30 20:48:21    -1053.085999       12.5307
BFGS:   31 20:48:21    -1053.767959       12.2509
BFGS:   32 20:48:21    -1054.368602       10.5137
BFGS:   33 20:48:21    -1054.900247       10.9820
BFGS:   34 20:48:21    -1055.408095       11.3426
BFGS:   35 20:48:21    -1055.910878       10.6430
BFGS:   36 20:48:21    -1056.535814       10.1617
BFGS:   37 20:48:21    -1057.000603       10.1905
BFGS:   38 20:48:21    -1057.509249       10.5188
BFGS:   39 20:48:21    -1057.999167       11.1922
BFGS:   40 20:48:21    -1058.446961       11.9803
BFGS:   41 20:48:21    -1058.910548       12.8685
BFGS:   42 20:48:21    -1059.381145       13.3548
BFGS:   43 20:48:21    -1059.897585       14.4632
BFGS:   44 20:48:21    -1060.526074       15.3301
BFGS:   45 20:48:21    -1061.193979       16.1345
BFGS:   46 20:48:21    -1061.845442       16.4333
BFGS:   47 20:48:21    -1062.458763       16.8460
BFGS:   48 20:48:21    -1063.035248       16.7292
BFGS:   49 20:48:21    -1063.591162       16.6078
BFGS:   50 20:48:21    -1064.144889       16.5036
BFGS:   51 20:48:21    -1064.705141       16.3974
BFGS:   52 20:48:21    -1065.293525       16.2139
BFGS:   53 20:48:22    -1065.909740       15.8963
BFGS:   54 20:48:22    -1066.514584       15.5220
BFGS:   55 20:48:22    -1067.127806       15.9802
BFGS:   56 20:48:22    -1067.750715       16.8914
BFGS:   57 20:48:22    -1068.354273       18.0999
BFGS:   58 20:48:22    -1068.968792       19.4694
BFGS:   59 20:48:22    -1069.586345       20.9590
BFGS:   60 20:48:22    -1070.250053       22.6167
BFGS:   61 20:48:22    -1071.025742       23.9852
BFGS:   62 20:48:22    -1071.844186       25.0328
BFGS:   63 20:48:22    -1072.682788       25.6603
BFGS:   64 20:48:22    -1073.531225       25.5932
BFGS:   65 20:48:22    -1074.400667       24.9347
BFGS:   66 20:48:22    -1075.276018       23.4353
BFGS:   67 20:48:22    -1076.143470       23.4203
BFGS:   68 20:48:22    -1077.023039       23.2796
BFGS:   69 20:48:22    -1077.862524       23.3982
BFGS:   70 20:48:22    -1078.684376       23.2539
BFGS:   71 20:48:22    -1079.466894       23.0017
BFGS:   72 20:48:22    -1080.212533       22.4490
BFGS:   73 20:48:22    -1080.917163       21.6644
BFGS:   74 20:48:22    -1081.597139       20.7147
BFGS:   75 20:48:22    -1082.252019       19.5411
BFGS:   76 20:48:22    -1082.890148       18.3168
BFGS:   77 20:48:22    -1083.514100       16.5800
BFGS:   78 20:48:22    -1084.123186       15.5031
BFGS:   79 20:48:22    -1084.733712       14.1777
BFGS:   80 20:48:22    -1085.358324       12.7952
BFGS:   81 20:48:22    -1086.006858       11.3932
BFGS:   82 20:48:22    -1086.684348       10.0006
BFGS:   83 20:48:22    -1087.370355        8.7289
BFGS:   84 20:48:23    -1088.020452        7.7065
BFGS:   85 20:48:23    -1088.625912        6.9913
BFGS:   86 20:48:23    -1089.194768        6.5654
BFGS:   87 20:48:23    -1089.728112        6.3492
BFGS:   88 20:48:23    -1090.221916        6.2409
BFGS:   89 20:48:23    -1090.673947        6.1626
BFGS:   90 20:48:23    -1091.086491        6.2603
BFGS:   91 20:48:23    -1091.463422        6.5063
BFGS:   92 20:48:23    -1091.810328        6.6481
BFGS:   93 20:48:23    -1092.134676        6.7169
BFGS:   94 20:48:23    -1092.444579        6.7489
BFGS:   95 20:48:23    -1092.746939        6.7737
BFGS:   96 20:48:23    -1093.040322        6.8110
BFGS:   97 20:48:23    -1093.329100        6.8577
BFGS:   98 20:48:23    -1093.627320        6.8943
BFGS:   99 20:48:23    -1093.938976        6.9346
BFGS:  100 20:48:23    -1094.264793        6.9636
BFGS:  101 20:48:23    -1094.601264        6.9679
BFGS:  102 20:48:23    -1094.938907        6.8768
BFGS:  103 20:48:23    -1095.263954        6.4812
BFGS:  104 20:48:23    -1095.573817        6.0602
BFGS:  105 20:48:23    -1095.871340        5.9341
BFGS:  106 20:48:23    -1096.169428        6.3104
BFGS:  107 20:48:23    -1096.468923        6.5996
BFGS:  108 20:48:23    -1096.757648        6.7925
BFGS:  109 20:48:23    -1097.037478        6.8830
BFGS:  110 20:48:23    -1097.312121        6.8832
BFGS:  111 20:48:23    -1097.586791        6.7989
BFGS:  112 20:48:23    -1097.867190        6.6478
BFGS:  113 20:48:23    -1098.158801        6.4344
BFGS:  114 20:48:23    -1098.464295        6.4738
BFGS:  115 20:48:23    -1098.761198        7.0193
BFGS:  116 20:48:23    -1099.045993        7.4192
BFGS:  117 20:48:23    -1099.324426        7.6812
BFGS:  118 20:48:23    -1099.598666        7.8716
BFGS:  119 20:48:24    -1099.868761        8.0613
BFGS:  120 20:48:24    -1100.133684        8.2645
BFGS:  121 20:48:24    -1100.391439        8.3617
BFGS:  122 20:48:24    -1100.642596        8.2872
BFGS:  123 20:48:24    -1100.899531        7.8907
BFGS:  124 20:48:24    -1101.177268        7.2783
BFGS:  125 20:48:24    -1101.486722        6.6479
BFGS:  126 20:48:24    -1101.807177        6.1299
BFGS:  127 20:48:24    -1102.143768        5.5259
BFGS:  128 20:48:24    -1102.456353        5.1717
BFGS:  129 20:48:24    -1102.793545        5.1011
BFGS:  130 20:48:24    -1103.131479        5.2158
BFGS:  131 20:48:24    -1103.551482        5.7560
BFGS:  132 20:48:24    -1103.935740        5.7349
BFGS:  133 20:48:24    -1104.283536        5.9406
BFGS:  134 20:48:24    -1104.662568        5.3816
BFGS:  135 20:48:24    -1105.087908        5.8319
BFGS:  136 20:48:24    -1105.475004        5.7539
BFGS:  137 20:48:24    -1105.818327        6.0998
BFGS:  138 20:48:24    -1106.236826        6.2355
BFGS:  139 20:48:24    -1106.583957        5.5729
BFGS:  140 20:48:24    -1106.866621        5.1027
BFGS:  141 20:48:24    -1107.111782        5.1973
BFGS:  142 20:48:24    -1107.304719        5.4364
BFGS:  143 20:48:24    -1107.508055        5.1351
BFGS:  144 20:48:24    -1107.635798        4.1110
BFGS:  145 20:48:24    -1107.734132        3.2946
BFGS:  146 20:48:24    -1107.798193        2.8471
BFGS:  147 20:48:24    -1107.873902        2.6663
BFGS:  148 20:48:24    -1107.935771        2.3637
BFGS:  149 20:48:24    -1108.003329        2.0177
BFGS:  150 20:48:24    -1108.069842        2.2942
BFGS:  151 20:48:24    -1108.137776        2.1488
BFGS:  152 20:48:24    -1108.216542        2.4846
BFGS:  153 20:48:24    -1108.298713        2.4695
BFGS:  154 20:48:24    -1108.341757        2.3924
BFGS:  155 20:48:24    -1108.376044        2.1566
BFGS:  156 20:48:25    -1108.406773        2.0276
BFGS:  157 20:48:25    -1108.435325        2.2741
BFGS:  158 20:48:25    -1108.454935        2.3436
BFGS:  159 20:48:25    -1108.470834        2.0355
BFGS:  160 20:48:25    -1108.486888        1.7252
BFGS:  161 20:48:25    -1108.505357        1.8722
BFGS:  162 20:48:25    -1108.526489        1.9788
BFGS:  163 20:48:25    -1108.550281        2.0690
BFGS:  164 20:48:25    -1108.570333        1.7766
BFGS:  165 20:48:25    -1108.584313        1.3918
BFGS:  166 20:48:25    -1108.593549        1.1534
BFGS:  167 20:48:25    -1108.602816        0.8414
BFGS:  168 20:48:25    -1108.612367        0.6871
BFGS:  169 20:48:25    -1108.619275        0.4810
BFGS:  170 20:48:25    -1108.622933        0.4352
BFGS:  171 20:48:25    -1108.625139        0.3499
BFGS:  172 20:48:25    -1108.627006        0.2818
BFGS:  173 20:48:25    -1108.628733        0.3018
BFGS:  174 20:48:25    -1108.630101        0.2901
BFGS:  175 20:48:25    -1108.631065        0.2071
BFGS:  176 20:48:25    -1108.631803        0.1696
BFGS:  177 20:48:25    -1108.632484        0.2001
BFGS:  178 20:48:25    -1108.633148        0.2086
BFGS:  179 20:48:25    -1108.633723        0.1964
BFGS:  180 20:48:25    -1108.634173        0.2277
BFGS:  181 20:48:25    -1108.634549        0.2604
BFGS:  182 20:48:25    -1108.634914        0.2596
BFGS:  183 20:48:25    -1108.635276        0.2704
BFGS:  184 20:48:25    -1108.635630        0.2575
BFGS:  185 20:48:25    -1108.635958        0.2147
BFGS:  186 20:48:25    -1108.636248        0.2106
BFGS:  187 20:48:25    -1108.636511        0.2270
BFGS:  188 20:48:25    -1108.636781        0.2523
BFGS:  189 20:48:25    -1108.637068        0.2684
BFGS:  190 20:48:25    -1108.637324        0.2591
BFGS:  191 20:48:25    -1108.637496        0.2386
BFGS:  192 20:48:25    -1108.637625        0.2346
BFGS:  193 20:48:25    -1108.637779        0.2308
BFGS:  194 20:48:26    -1108.638016        0.2253
BFGS:  195 20:48:26    -1108.638314        0.2168
BFGS:  196 20:48:26    -1108.638574        0.2093
BFGS:  197 20:48:26    -1108.638750        0.2014
BFGS:  198 20:48:26    -1108.638889        0.1886
BFGS:  199 20:48:26    -1108.639051        0.1616
BFGS:  200 20:48:26    -1108.639243        0.1414
BFGS:  201 20:48:26    -1108.639412        0.1186
BFGS:  202 20:48:26    -1108.639540        0.1056
BFGS:  203 20:48:26    -1108.639632        0.0877
