      Step     Time          Energy         fmax
BFGS:    0 20:40:31     -863.446193      107.1560
BFGS:    1 20:40:31     -884.494115       94.9722
BFGS:    2 20:40:32     -903.503640       94.3213
BFGS:    3 20:40:32     -923.808480       89.1149
BFGS:    4 20:40:32     -940.546751       84.7670
BFGS:    5 20:40:32     -953.912685       78.9015
BFGS:    6 20:40:32     -965.076771       83.9047
BFGS:    7 20:40:32     -975.366557       84.6460
BFGS:    8 20:40:32     -985.564603       85.5252
BFGS:    9 20:40:32     -994.723153       83.9178
BFGS:   10 20:40:32    -1003.852284       77.9305
BFGS:   11 20:40:32    -1010.572473       71.9561
BFGS:   12 20:40:32    -1016.960258       64.7528
BFGS:   13 20:40:32    -1023.345367       57.1754
BFGS:   14 20:40:32    -1029.749474       49.0723
BFGS:   15 20:40:32    -1036.167746       42.9799
BFGS:   16 20:40:32    -1043.046601       35.7371
BFGS:   17 20:40:32    -1048.897696       29.6981
BFGS:   18 20:40:32    -1053.330515       25.7233
BFGS:   19 20:40:32    -1056.763085       23.7141
BFGS:   20 20:40:32    -1059.795146       21.5906
BFGS:   21 20:40:32    -1062.405651       20.1347
BFGS:   22 20:40:32    -1064.521569       18.2156
BFGS:   23 20:40:32    -1066.237773       16.2478
BFGS:   24 20:40:32    -1068.064465       14.6900
BFGS:   25 20:40:32    -1069.917559       13.3772
BFGS:   26 20:40:32    -1071.712284       12.0182
BFGS:   27 20:40:32    -1073.526404       10.5820
BFGS:   28 20:40:32    -1075.481495        9.8041
BFGS:   29 20:40:32    -1077.330411       10.5259
BFGS:   30 20:40:32    -1078.869895       11.4999
BFGS:   31 20:40:32    -1080.233114       11.7397
BFGS:   32 20:40:32    -1081.465544       11.6701
BFGS:   33 20:40:32    -1082.416802       10.8756
BFGS:   34 20:40:32    -1083.215121       10.5941
BFGS:   35 20:40:32    -1083.853150        9.8238
BFGS:   36 20:40:32    -1084.419991        9.2304
BFGS:   37 20:40:33    -1084.928903        8.9951
BFGS:   38 20:40:33    -1085.406646        9.7537
BFGS:   39 20:40:33    -1085.843630       10.4186
BFGS:   40 20:40:33    -1086.269844       10.8512
BFGS:   41 20:40:33    -1086.683712       11.1614
BFGS:   42 20:40:33    -1087.088227       11.3797
BFGS:   43 20:40:33    -1087.481940       11.6021
BFGS:   44 20:40:33    -1087.872080       11.8543
BFGS:   45 20:40:33    -1088.258367       12.1132
BFGS:   46 20:40:33    -1088.644337       12.3582
BFGS:   47 20:40:33    -1089.033833       12.5609
BFGS:   48 20:40:33    -1089.431515       12.6788
BFGS:   49 20:40:33    -1089.842147       12.6712
BFGS:   50 20:40:33    -1090.285365       12.4449
BFGS:   51 20:40:33    -1090.754699       12.0538
BFGS:   52 20:40:33    -1091.208176       11.4837
BFGS:   53 20:40:33    -1091.652006       10.8909
BFGS:   54 20:40:33    -1092.091775       10.2661
BFGS:   55 20:40:33    -1092.505139        9.7238
BFGS:   56 20:40:33    -1092.877216        9.6387
BFGS:   57 20:40:33    -1093.220359       10.0240
BFGS:   58 20:40:33    -1093.547068       10.3950
BFGS:   59 20:40:33    -1093.861126       10.6760
BFGS:   60 20:40:33    -1094.169468       10.9426
BFGS:   61 20:40:33    -1094.474198       11.1144
BFGS:   62 20:40:33    -1094.783081       11.2631
BFGS:   63 20:40:33    -1095.095518       11.3065
BFGS:   64 20:40:33    -1095.415376       11.3202
BFGS:   65 20:40:33    -1095.739134       11.1950
BFGS:   66 20:40:33    -1096.037130       11.0319
BFGS:   67 20:40:33    -1096.307972       10.6838
BFGS:   68 20:40:33    -1096.561141       10.5800
BFGS:   69 20:40:33    -1096.789718        9.5478
BFGS:   70 20:40:33    -1097.004926        9.5393
BFGS:   71 20:40:33    -1097.217305        8.7791
BFGS:   72 20:40:33    -1097.434788        7.8861
BFGS:   73 20:40:33    -1097.651483        7.0106
BFGS:   74 20:40:33    -1097.869310        6.5110
BFGS:   75 20:40:34    -1098.092422        5.8376
BFGS:   76 20:40:34    -1098.315012        5.2377
BFGS:   77 20:40:34    -1098.529276        5.0775
BFGS:   78 20:40:34    -1098.737735        4.8374
BFGS:   79 20:40:34    -1098.939700        4.5273
BFGS:   80 20:40:34    -1099.145866        4.1748
BFGS:   81 20:40:34    -1099.356124        5.0736
BFGS:   82 20:40:34    -1099.566648        6.1748
BFGS:   83 20:40:34    -1099.771242        6.8973
BFGS:   84 20:40:34    -1099.975364        7.3634
BFGS:   85 20:40:34    -1100.129908        6.0593
BFGS:   86 20:40:34    -1100.367887        5.9790
BFGS:   87 20:40:34    -1100.591805        6.0036
BFGS:   88 20:40:34    -1100.814713        5.9641
BFGS:   89 20:40:34    -1101.039121        5.8564
BFGS:   90 20:40:34    -1101.309567        5.5634
BFGS:   91 20:40:34    -1101.524561        5.2649
BFGS:   92 20:40:34    -1101.730294        4.8070
BFGS:   93 20:40:34    -1101.928201        4.7599
BFGS:   94 20:40:34    -1102.142420        5.5159
BFGS:   95 20:40:34    -1102.325358        6.3254
BFGS:   96 20:40:34    -1102.539003        6.4511
BFGS:   97 20:40:34    -1102.779838        6.2483
BFGS:   98 20:40:34    -1103.057597        6.1420
BFGS:   99 20:40:34    -1103.369937        6.0998
BFGS:  100 20:40:34    -1103.725188        6.3487
BFGS:  101 20:40:34    -1103.986586        3.0052
BFGS:  102 20:40:34    -1104.146217        1.9983
BFGS:  103 20:40:34    -1104.291372        2.4740
BFGS:  104 20:40:34    -1104.371780        2.7413
BFGS:  105 20:40:34    -1104.519502        3.1317
BFGS:  106 20:40:34    -1104.658146        2.5256
BFGS:  107 20:40:34    -1104.782755        2.0774
BFGS:  108 20:40:34    -1104.909468        2.3571
BFGS:  109 20:40:34    -1105.071278        2.5239
BFGS:  110 20:40:34    -1105.205409        2.8346
BFGS:  111 20:40:34    -1105.342451        2.9170
BFGS:  112 20:40:34    -1105.471259        3.3116
BFGS:  113 20:40:34    -1105.604080        3.5731
BFGS:  114 20:40:35    -1105.738992        3.7071
BFGS:  115 20:40:35    -1105.884606        3.7712
BFGS:  116 20:40:35    -1105.985805        4.0879
BFGS:  117 20:40:35    -1106.092418        4.5620
BFGS:  118 20:40:35    -1106.195321        4.4992
BFGS:  119 20:40:35    -1106.286782        4.0968
BFGS:  120 20:40:35    -1106.365242        2.5144
BFGS:  121 20:40:35    -1106.421718        2.2407
BFGS:  122 20:40:35    -1106.477260        2.3389
BFGS:  123 20:40:35    -1106.538900        2.4172
BFGS:  124 20:40:35    -1106.641312        2.2365
BFGS:  125 20:40:35    -1106.699283        2.7968
BFGS:  126 20:40:35    -1106.764000        2.3770
BFGS:  127 20:40:35    -1106.823052        2.0563
BFGS:  128 20:40:35    -1106.864954        2.0626
BFGS:  129 20:40:35    -1106.893486        1.9093
BFGS:  130 20:40:35    -1106.909809        1.8104
BFGS:  131 20:40:35    -1106.928942        1.4958
BFGS:  132 20:40:35    -1106.939377        1.2831
BFGS:  133 20:40:35    -1106.947182        1.2327
BFGS:  134 20:40:35    -1106.955252        1.2666
BFGS:  135 20:40:35    -1106.964321        1.6982
BFGS:  136 20:40:35    -1106.975582        1.0161
BFGS:  137 20:40:35    -1106.985380        0.7313
BFGS:  138 20:40:35    -1106.991392        0.6128
BFGS:  139 20:40:35    -1106.995566        0.6849
BFGS:  140 20:40:35    -1107.000014        1.3341
BFGS:  141 20:40:35    -1107.002148        1.1347
BFGS:  142 20:40:35    -1107.005882        0.6903
BFGS:  143 20:40:35    -1107.011975        0.6742
BFGS:  144 20:40:35    -1107.019620        0.8064
BFGS:  145 20:40:35    -1107.026517        0.8297
BFGS:  146 20:40:35    -1107.033094        0.6941
BFGS:  147 20:40:35    -1107.036968        1.3562
BFGS:  148 20:40:35    -1107.041129        1.3422
BFGS:  149 20:40:35    -1107.047031        1.0457
BFGS:  150 20:40:35    -1107.050346        0.6674
BFGS:  151 20:40:35    -1107.052682        0.9414
BFGS:  152 20:40:35    -1107.053797        0.6911
BFGS:  153 20:40:36    -1107.054770        1.4685
BFGS:  154 20:40:36    -1107.055860        0.6192
BFGS:  155 20:40:36    -1107.056862        0.5966
BFGS:  156 20:40:36    -1107.057584        0.5887
BFGS:  157 20:40:36    -1107.057623        1.0409
BFGS:  158 20:40:36    -1107.057918        1.0299
BFGS:  159 20:40:36    -1107.057572        1.5392
BFGS:  160 20:40:36    -1107.058089        0.6715
BFGS:  161 20:40:36    -1107.058400        0.6314
BFGS:  162 20:40:36    -1107.057950        1.0202
BFGS:  163 20:40:36    -1107.058443        0.9935
BFGS:  164 20:40:36    -1107.057499        0.7396
BFGS:  165 20:40:36    -1107.058257        0.6862
BFGS:  166 20:40:36    -1107.057778        1.0298
BFGS:  167 20:40:36    -1107.058608        0.6525
BFGS:  168 20:40:36    -1107.058549        0.9867
BFGS:  169 20:40:36    -1107.058697        0.6467
BFGS:  170 20:40:36    -1107.058677        0.9784
BFGS:  171 20:40:36    -1107.058717        0.9763
BFGS:  172 20:40:36    -1107.057978        1.5578
BFGS:  173 20:40:36    -1107.058566        1.5483
BFGS:  174 20:40:36    -1107.057270        1.0153
BFGS:  175 20:40:36    -1107.058427        0.9846
BFGS:  176 20:40:36    -1107.057816        1.5415
BFGS:  177 20:40:36    -1107.058638        0.6593
BFGS:  178 20:40:36    -1107.058700        0.6500
BFGS:  179 20:40:36    -1107.058131        1.0129
BFGS:  180 20:40:36    -1107.058665        0.9845
BFGS:  181 20:40:36    -1107.056988        1.5074
BFGS:  182 20:40:36    -1107.058370        0.6884
BFGS:  183 20:40:36    -1107.058353        1.0079
BFGS:  184 20:40:36    -1107.058666        0.6585
BFGS:  185 20:40:36    -1107.058785        0.6443
BFGS:  186 20:40:36    -1107.056962        1.0914
BFGS:  187 20:40:36    -1107.058423        1.0125
BFGS:  188 20:40:36    -1107.055690        0.8589
BFGS:  189 20:40:36    -1107.058054        0.7172
BFGS:  190 20:40:36    -1107.056405        1.5978
BFGS:  191 20:40:36    -1107.058850        0.6384
BFGS:  192 20:40:36    -1107.058333        1.0219
BFGS:  193 20:40:37    -1107.058720        0.9984
BFGS:  194 20:40:37    -1107.054112        1.4839
BFGS:  195 20:40:37    -1107.057716        0.7462
BFGS:  196 20:40:37    -1107.056375        1.1272
BFGS:  197 20:40:37    -1107.058767        0.6489
BFGS:  198 20:40:37    -1107.058458        1.5550
BFGS:  199 20:40:37    -1107.058846        0.9940
BFGS:  200 20:40:37    -1107.052938        1.0058
BFGS:  201 20:40:37    -1107.057338        0.7746
BFGS:  202 20:40:37    -1107.055538        1.1665
BFGS:  203 20:40:37    -1107.058738        0.6507
BFGS:  204 20:40:37    -1107.058340        1.0288
BFGS:  205 20:40:37    -1107.058916        0.9930
BFGS:  206 20:40:37    -1107.052677        1.4372
BFGS:  207 20:40:37    -1107.057115        0.7934
BFGS:  208 20:40:37    -1107.054566        1.6091
BFGS:  209 20:40:37    -1107.058769        0.6462
BFGS:  210 20:40:37    -1107.058109        1.0442
BFGS:  211 20:40:37    -1107.058827        1.0008
BFGS:  212 20:40:37    -1107.051403        1.4311
BFGS:  213 20:40:37    -1107.056828        0.8158
BFGS:  214 20:40:37    -1107.053900        1.2483
BFGS:  215 20:40:37    -1107.058762        0.6463
BFGS:  216 20:40:37    -1107.057975        1.0541
BFGS:  217 20:40:37    -1107.058807        1.0042
BFGS:  218 20:40:37    -1107.050230        1.4214
BFGS:  219 20:40:37    -1107.056519        0.8395
BFGS:  220 20:40:37    -1107.052896        1.6222
BFGS:  221 20:40:37    -1107.058778        0.6438
BFGS:  222 20:40:37    -1107.057755        1.0679
BFGS:  223 20:40:37    -1107.058727        1.0105
BFGS:  224 20:40:37    -1107.049068        1.4185
BFGS:  225 20:40:37    -1107.056265        0.8587
BFGS:  226 20:40:37    -1107.052320        1.6224
BFGS:  227 20:40:37    -1107.058783        0.6427
BFGS:  228 20:40:37    -1107.057599        1.0777
BFGS:  229 20:40:37    -1107.058675        1.0145
BFGS:  230 20:40:37    -1107.047981        1.4170
BFGS:  231 20:40:37    -1107.056013        1.4980
BFGS:  232 20:40:37    -1107.051444        1.3615
BFGS:  233 20:40:38    -1107.058822        0.6374
BFGS:  234 20:40:38    -1107.057357        1.0906
BFGS:  235 20:40:38    -1107.058542        1.0219
BFGS:  236 20:40:38    -1107.047036        1.4128
BFGS:  237 20:40:38    -1107.055837        0.8904
BFGS:  238 20:40:38    -1107.051428        1.3670
BFGS:  239 20:40:38    -1107.058775        0.6426
BFGS:  240 20:40:38    -1107.057358        1.0918
BFGS:  241 20:40:38    -1107.058596        1.0197
BFGS:  242 20:40:38    -1107.046206        1.4105
BFGS:  243 20:40:38    -1107.055608        0.9070
BFGS:  244 20:40:38    -1107.050778        1.3974
BFGS:  245 20:40:38    -1107.058799        0.6401
BFGS:  246 20:40:38    -1107.057193        1.1022
BFGS:  247 20:40:38    -1107.058527        1.0249
BFGS:  248 20:40:38    -1107.045470        1.4245
BFGS:  249 20:40:38    -1107.055445        0.9188
BFGS:  250 20:40:38    -1107.050180        1.4250
BFGS:  251 20:40:38    -1107.058835        0.6364
BFGS:  252 20:40:38    -1107.057028        1.1123
BFGS:  253 20:40:38    -1107.058445        1.0306
BFGS:  254 20:40:38    -1107.044827        1.4591
BFGS:  255 20:40:38    -1107.055311        0.9286
BFGS:  256 20:40:38    -1107.049628        1.6236
BFGS:  257 20:40:38    -1107.058875        0.6323
BFGS:  258 20:40:38    -1107.056857        1.1221
BFGS:  259 20:40:38    -1107.058352        1.0364
BFGS:  260 20:40:38    -1107.044184        1.4901
BFGS:  261 20:40:38    -1107.055196        1.4972
BFGS:  262 20:40:38    -1107.048969        1.4762
BFGS:  263 20:40:38    -1107.058930        0.6259
BFGS:  264 20:40:38    -1107.056654        1.1322
BFGS:  265 20:40:38    -1107.058214        1.0435
BFGS:  266 20:40:38    -1107.043654        1.5174
BFGS:  267 20:40:38    -1107.055128        0.9415
BFGS:  268 20:40:38    -1107.049235        1.4685
BFGS:  269 20:40:38    -1107.058883        0.6314
BFGS:  270 20:40:38    -1107.056719        1.1293
BFGS:  271 20:40:38    -1107.058287        1.0397
BFGS:  272 20:40:38    -1107.043240        1.5394
BFGS:  273 20:40:39    -1107.054998        0.9505
BFGS:  274 20:40:39    -1107.048855        1.4856
BFGS:  275 20:40:39    -1107.058903        0.6295
BFGS:  276 20:40:39    -1107.056619        1.1354
BFGS:  277 20:40:39    -1107.058241        1.0430
BFGS:  278 20:40:39    -1107.042876        1.5586
BFGS:  279 20:40:39    -1107.054922        0.9558
BFGS:  280 20:40:39    -1107.048506        1.5012
BFGS:  281 20:40:39    -1107.058933        0.6267
BFGS:  282 20:40:39    -1107.056517        1.1416
BFGS:  283 20:40:39    -1107.058184        1.0469
BFGS:  284 20:40:39    -1107.042566        1.5751
BFGS:  285 20:40:39    -1107.054861        0.9600
BFGS:  286 20:40:39    -1107.048187        1.5153
BFGS:  287 20:40:39    -1107.058962        0.6237
BFGS:  288 20:40:39    -1107.056422        1.5643
BFGS:  289 20:40:39    -1107.058115        1.0511
BFGS:  290 20:40:39    -1107.032815        1.8707
BFGS:  291 20:40:39    -1107.052459        1.4916
BFGS:  292 20:40:39    -1107.038493        1.9117
BFGS:  293 20:40:39    -1107.058251        1.0307
BFGS:  294 20:40:39    -1107.044688        1.5416
BFGS:  295 20:40:39    -1107.055261        1.5095
BFGS:  296 20:40:39    -1107.048074        1.5537
BFGS:  297 20:40:39    -1107.058696        1.0130
BFGS:  298 20:40:39    -1107.042441        1.6263
BFGS:  299 20:40:39    -1107.054671        0.9858
BFGS:  300 20:40:39    -1107.048626        1.5197
BFGS:  301 20:40:39    -1107.058851        0.6348
BFGS:  302 20:40:39    -1107.056569        1.1414
BFGS:  303 20:40:39    -1107.058259        1.0410
BFGS:  304 20:40:39    -1107.041827        1.6309
BFGS:  305 20:40:39    -1107.054695        0.9785
BFGS:  306 20:40:39    -1107.048275        1.5245
BFGS:  307 20:40:39    -1107.058910        0.6293
BFGS:  308 20:40:39    -1107.056433        1.1472
BFGS:  309 20:40:39    -1107.058165        1.0469
BFGS:  310 20:40:39    -1107.041513        1.6369
BFGS:  311 20:40:39    -1107.054664        0.9777
BFGS:  312 20:40:39    -1107.048074        1.5269
BFGS:  313 20:40:40    -1107.058934        0.6270
BFGS:  314 20:40:40    -1107.056367        1.1503
BFGS:  315 20:40:40    -1107.058125        1.0495
BFGS:  316 20:40:40    -1107.041331        1.6407
BFGS:  317 20:40:40    -1107.054637        0.9781
BFGS:  318 20:40:40    -1107.047908        1.5317
BFGS:  319 20:40:40    -1107.058953        0.6252
BFGS:  320 20:40:40    -1107.056314        1.1531
BFGS:  321 20:40:40    -1107.058093        1.0517
BFGS:  322 20:40:40    -1107.041200        1.6448
BFGS:  323 20:40:40    -1107.054609        1.5029
BFGS:  324 20:40:40    -1107.046923        1.5669
BFGS:  325 20:40:40    -1107.058750        1.0114
BFGS:  326 20:40:40    -1107.040713        1.6694
BFGS:  327 20:40:40    -1107.054293        0.9995
BFGS:  328 20:40:40    -1107.047768        1.5346
BFGS:  329 20:40:40    -1107.058888        0.6317
BFGS:  330 20:40:40    -1107.056334        1.1513
BFGS:  331 20:40:40    -1107.058156        1.0474
BFGS:  332 20:40:40    -1107.041049        1.6521
BFGS:  333 20:40:40    -1107.054541        0.9828
BFGS:  334 20:40:40    -1107.047634        1.5409
BFGS:  335 20:40:40    -1107.058944        0.9998
BFGS:  336 20:40:40    -1107.040653        1.6728
BFGS:  337 20:40:40    -1107.054180        1.0063
BFGS:  338 20:40:40    -1107.047485        1.5462
BFGS:  339 20:40:40    -1107.058901        0.6306
BFGS:  340 20:40:40    -1107.056270        1.1552
BFGS:  341 20:40:40    -1107.058129        1.0495
BFGS:  342 20:40:40    -1107.040965        1.6571
BFGS:  343 20:40:40    -1107.054511        0.9842
BFGS:  344 20:40:40    -1107.047355        1.5522
BFGS:  345 20:40:40    -1107.058905        1.0028
BFGS:  346 20:40:40    -1107.040576        1.6774
BFGS:  347 20:40:40    -1107.054158        1.0072
BFGS:  348 20:40:40    -1107.047211        1.5574
BFGS:  349 20:40:40    -1107.058934        0.6275
BFGS:  350 20:40:40    -1107.056192        1.1598
BFGS:  351 20:40:40    -1107.058079        1.0529
BFGS:  352 20:40:40    -1107.040919        1.6608
BFGS:  353 20:40:41    -1107.054498        0.9847
BFGS:  354 20:40:41    -1107.047096        1.5627
BFGS:  355 20:40:41    -1107.058864        1.0057
BFGS:  356 20:40:41    -1107.040527        1.6806
BFGS:  357 20:40:41    -1107.054149        1.0072
BFGS:  358 20:40:41    -1107.047021        1.5643
BFGS:  359 20:40:41    -1107.058957        0.6255
BFGS:  360 20:40:41    -1107.056140        1.1628
BFGS:  361 20:40:41    -1107.058046        1.0553
BFGS:  362 20:40:41    -1107.040839        1.6636
BFGS:  363 20:40:41    -1107.054491        0.9849
BFGS:  364 20:40:41    -1107.046964        1.5990
BFGS:  365 20:40:41    -1107.058841        1.0072
BFGS:  366 20:40:41    -1107.040297        1.6869
BFGS:  367 20:40:41    -1107.054125        1.0088
BFGS:  368 20:40:41    -1107.046971        1.5669
BFGS:  369 20:40:41    -1107.058962        0.6252
BFGS:  370 20:40:41    -1107.056122        1.5578
BFGS:  371 20:40:41    -1107.058028        1.0560
BFGS:  372 20:40:41    -1107.034953        1.8510
BFGS:  373 20:40:41    -1107.054000        1.5093
BFGS:  374 20:40:41    -1107.049753        1.4902
BFGS:  375 20:40:41    -1107.058695        0.6589
BFGS:  376 20:40:41    -1107.056885        1.1253
BFGS:  377 20:40:41    -1107.058510        1.0243
BFGS:  378 20:40:41    -1107.041504        1.6695
BFGS:  379 20:40:41    -1107.054464        1.5108
BFGS:  380 20:40:41    -1107.046650        1.6051
BFGS:  381 20:40:41    -1107.058734        1.0127
BFGS:  382 20:40:41    -1107.040639        1.6977
BFGS:  383 20:40:41    -1107.054267        1.0097
BFGS:  384 20:40:41    -1107.047547        1.5639
BFGS:  385 20:40:41    -1107.058920        0.6289
BFGS:  386 20:40:41    -1107.056254        1.1598
BFGS:  387 20:40:41    -1107.058104        1.0519
BFGS:  388 20:40:41    -1107.040764        1.6820
BFGS:  389 20:40:41    -1107.054497        0.9912
BFGS:  390 20:40:41    -1107.047412        1.5632
BFGS:  391 20:40:41    -1107.058915        1.0023
BFGS:  392 20:40:41    -1107.040344        1.6972
BFGS:  393 20:40:42    -1107.054129        1.0137
BFGS:  394 20:40:42    -1107.047324        1.5635
BFGS:  395 20:40:42    -1107.058919        0.6291
BFGS:  396 20:40:42    -1107.056211        1.1607
BFGS:  397 20:40:42    -1107.058097        1.0524
BFGS:  398 20:40:42    -1107.040645        1.6793
BFGS:  399 20:40:42    -1107.054463        1.5074
BFGS:  400 20:40:42    -1107.046509        1.5908
BFGS:  401 20:40:42    -1107.058724        1.0136
BFGS:  402 20:40:42    -1107.040210        1.6976
BFGS:  403 20:40:42    -1107.054169        1.0089
BFGS:  404 20:40:42    -1107.047283        1.5604
BFGS:  405 20:40:42    -1107.058932        0.6277
BFGS:  406 20:40:42    -1107.056180        1.1610
BFGS:  407 20:40:42    -1107.058068        1.0534
BFGS:  408 20:40:42    -1107.040609        1.6780
BFGS:  409 20:40:42    -1107.054457        0.9892
BFGS:  410 20:40:42    -1107.047213        1.5625
BFGS:  411 20:40:42    -1107.058886        1.0038
BFGS:  412 20:40:42    -1107.040246        1.6943
BFGS:  413 20:40:42    -1107.054099        1.0122
BFGS:  414 20:40:42    -1107.047137        1.5643
BFGS:  415 20:40:42    -1107.058937        0.6275
BFGS:  416 20:40:42    -1107.056154        1.1623
BFGS:  417 20:40:42    -1107.058060        1.0540
BFGS:  418 20:40:42    -1107.040620        1.6763
BFGS:  419 20:40:42    -1107.054449        0.9889
BFGS:  420 20:40:42    -1107.047064        1.5671
BFGS:  421 20:40:42    -1107.058864        1.0055
BFGS:  422 20:40:42    -1107.040256        1.6932
BFGS:  423 20:40:42    -1107.054097        1.0116
BFGS:  424 20:40:42    -1107.046984        1.5693
BFGS:  425 20:40:42    -1107.058957        0.6257
BFGS:  426 20:40:42    -1107.056112        1.1645
BFGS:  427 20:40:42    -1107.058032        1.0559
BFGS:  428 20:40:42    -1107.040643        1.6752
BFGS:  429 20:40:42    -1107.054450        0.9883
BFGS:  430 20:40:42    -1107.046916        1.5722
BFGS:  431 20:40:42    -1107.058839        1.0073
BFGS:  432 20:40:42    -1107.040279        1.6923
BFGS:  433 20:40:43    -1107.054098        1.0110
BFGS:  434 20:40:43    -1107.046833        1.5746
BFGS:  435 20:40:43    -1107.058960        0.9998
BFGS:  436 20:40:43    -1107.040300        1.6917
BFGS:  437 20:40:43    -1107.054053        1.0136
BFGS:  438 20:40:43    -1107.046813        1.5745
BFGS:  439 20:40:43    -1107.058968        0.6248
BFGS:  440 20:40:43    -1107.056079        1.1664
BFGS:  441 20:40:43    -1107.058017        1.0571
BFGS:  442 20:40:43    -1107.040660        1.6738
BFGS:  443 20:40:43    -1107.054448        0.9880
BFGS:  444 20:40:43    -1107.046753        1.5908
BFGS:  445 20:40:43    -1107.058815        1.0087
BFGS:  446 20:40:43    -1107.040218        1.6917
BFGS:  447 20:40:43    -1107.054096        1.0107
BFGS:  448 20:40:43    -1107.046767        1.5901
BFGS:  449 20:40:43    -1107.058950        1.0002
BFGS:  450 20:40:43    -1107.040226        1.6916
BFGS:  451 20:40:43    -1107.054043        1.0141
BFGS:  452 20:40:43    -1107.046771        1.5760
BFGS:  453 20:40:43    -1107.058972        1.0881
BFGS:  454 20:40:43    -1107.030499        2.0034
BFGS:  455 20:40:43    -1107.053172        1.0915
BFGS:  456 20:40:43    -1107.051796        1.5759
BFGS:  457 20:40:43    -1107.058166        0.7071
BFGS:  458 20:40:43    -1107.057710        1.0790
BFGS:  459 20:40:43    -1107.058809        0.6429
BFGS:  460 20:40:43    -1107.058680        1.0176
BFGS:  461 20:40:43    -1107.058943        0.6289
BFGS:  462 20:40:43    -1107.058892        1.0038
BFGS:  463 20:40:43    -1107.058971        0.9986
BFGS:  464 20:40:43    -1107.040819        1.6744
BFGS:  465 20:40:43    -1107.054112        1.5136
BFGS:  466 20:40:43    -1107.046304        1.6082
BFGS:  467 20:40:43    -1107.058748        1.0132
BFGS:  468 20:40:43    -1107.040062        1.7020
BFGS:  469 20:40:43    -1107.054122        1.5119
BFGS:  470 20:40:43    -1107.046180        1.6084
BFGS:  471 20:40:43    -1107.058729        1.0139
BFGS:  472 20:40:43    -1107.040002        1.7021
BFGS:  473 20:40:44    -1107.054154        1.5095
BFGS:  474 20:40:44    -1107.046098        1.6082
BFGS:  475 20:40:44    -1107.058709        1.0146
BFGS:  476 20:40:44    -1107.039970        1.7020
BFGS:  477 20:40:44    -1107.054192        1.5075
BFGS:  478 20:40:44    -1107.046034        1.6080
BFGS:  479 20:40:44    -1107.058688        1.0152
BFGS:  480 20:40:44    -1107.039952        1.7018
BFGS:  481 20:40:44    -1107.054189        1.0078
BFGS:  482 20:40:44    -1107.047831        1.5393
BFGS:  483 20:40:44    -1107.058866        0.6338
BFGS:  484 20:40:44    -1107.056317        1.1528
BFGS:  485 20:40:44    -1107.058159        1.0472
BFGS:  486 20:40:44    -1107.040376        1.6816
BFGS:  487 20:40:44    -1107.054437        0.9909
BFGS:  488 20:40:44    -1107.047770        1.5408
BFGS:  489 20:40:44    -1107.058936        0.6270
BFGS:  490 20:40:44    -1107.056239        1.1566
BFGS:  491 20:40:44    -1107.058069        1.0526
BFGS:  492 20:40:44    -1107.040353        1.6812
BFGS:  493 20:40:44    -1107.054464        0.9885
BFGS:  494 20:40:44    -1107.047721        1.5412
BFGS:  495 20:40:44    -1107.058950        0.6257
BFGS:  496 20:40:44    -1107.056218        1.1575
BFGS:  497 20:40:44    -1107.058051        1.0536
BFGS:  498 20:40:44    -1107.040345        1.6800
BFGS:  499 20:40:44    -1107.054467        0.9879
