      Step     Time          Energy         fmax
BFGS:    0 20:46:55     -729.265056      207.1398
BFGS:    1 20:46:55     -774.968891      187.6540
BFGS:    2 20:46:55     -810.741482      186.3307
BFGS:    3 20:46:55     -846.245167      175.0889
BFGS:    4 20:46:55     -874.527502      163.6137
BFGS:    5 20:46:55     -900.774486      155.9748
BFGS:    6 20:46:56     -917.833127      138.6854
BFGS:    7 20:46:56     -932.953631      126.6372
BFGS:    8 20:46:56     -949.715933      113.2477
BFGS:    9 20:46:56     -962.951253      101.6960
BFGS:   10 20:46:56     -971.484139       94.9151
BFGS:   11 20:46:56     -980.039099       87.1625
BFGS:   12 20:46:56     -987.765593       83.9001
BFGS:   13 20:46:56     -994.581986       75.7260
BFGS:   14 20:46:56    -1001.009706       72.0339
BFGS:   15 20:46:56    -1007.851834       70.0166
BFGS:   16 20:46:56    -1014.224037       64.8810
BFGS:   17 20:46:56    -1020.026474       60.0660
BFGS:   18 20:46:56    -1025.967023       58.5006
BFGS:   19 20:46:56    -1031.196886       52.6872
BFGS:   20 20:46:56    -1035.784899       50.3968
BFGS:   21 20:46:56    -1039.793065       46.5466
BFGS:   22 20:46:56    -1043.167658       43.1026
BFGS:   23 20:46:56    -1046.008155       40.2243
BFGS:   24 20:46:56    -1048.995103       38.0684
BFGS:   25 20:46:56    -1051.764114       34.9932
BFGS:   26 20:46:56    -1054.053617       32.8681
BFGS:   27 20:46:56    -1056.112124       31.2873
BFGS:   28 20:46:56    -1058.074255       29.1630
BFGS:   29 20:46:56    -1060.015163       27.8424
BFGS:   30 20:46:56    -1062.013079       23.8455
BFGS:   31 20:46:56    -1063.941772       22.0871
BFGS:   32 20:46:56    -1065.540506       18.7340
BFGS:   33 20:46:57    -1066.860725       16.5669
BFGS:   34 20:46:57    -1067.850106       14.2307
BFGS:   35 20:46:57    -1068.613413       12.9076
BFGS:   36 20:46:57    -1069.251054       11.0900
BFGS:   37 20:46:57    -1069.816047        9.2889
BFGS:   38 20:46:57    -1070.320322        8.1460
BFGS:   39 20:46:57    -1070.833253        7.7687
BFGS:   40 20:46:57    -1071.354269        7.6802
BFGS:   41 20:46:57    -1071.877292        7.5644
BFGS:   42 20:46:57    -1072.396209        7.2627
BFGS:   43 20:46:57    -1072.883296        6.8006
BFGS:   44 20:46:57    -1073.355446        6.0739
BFGS:   45 20:46:57    -1073.775710        5.1385
BFGS:   46 20:46:57    -1074.169456        5.0225
BFGS:   47 20:46:57    -1074.523380        4.7428
BFGS:   48 20:46:57    -1074.843938        4.6506
BFGS:   49 20:46:57    -1075.154758        5.2293
BFGS:   50 20:46:57    -1075.423337        5.5034
BFGS:   51 20:46:57    -1075.723497        6.4437
BFGS:   52 20:46:57    -1076.024038        7.2288
BFGS:   53 20:46:57    -1076.332573        7.3407
BFGS:   54 20:46:57    -1076.686968        7.4626
BFGS:   55 20:46:57    -1077.079024        8.2410
BFGS:   56 20:46:57    -1077.505871        9.4835
BFGS:   57 20:46:57    -1077.940745       10.6535
BFGS:   58 20:46:57    -1078.385070       11.6005
BFGS:   59 20:46:57    -1078.866275       12.2111
BFGS:   60 20:46:57    -1079.415897       11.7921
BFGS:   61 20:46:57    -1080.037722       12.5662
BFGS:   62 20:46:58    -1080.774315        7.4911
BFGS:   63 20:46:58    -1081.247998        5.7370
BFGS:   64 20:46:58    -1081.685865        4.3722
BFGS:   65 20:46:58    -1082.006973        3.4457
BFGS:   66 20:46:58    -1082.226699        5.3094
BFGS:   67 20:46:58    -1082.351224        3.2602
BFGS:   68 20:46:58    -1082.464873        2.0980
BFGS:   69 20:46:58    -1082.543094        2.4146
BFGS:   70 20:46:58    -1082.604218        2.8011
BFGS:   71 20:46:58    -1082.702370        2.7603
BFGS:   72 20:46:58    -1082.808833        2.7790
BFGS:   73 20:46:58    -1082.926285        2.4022
BFGS:   74 20:46:58    -1083.007735        2.9481
BFGS:   75 20:46:58    -1083.069958        3.0073
BFGS:   76 20:46:58    -1083.132800        3.0497
BFGS:   77 20:46:58    -1083.200770        3.0527
BFGS:   78 20:46:58    -1083.237325        3.6483
BFGS:   79 20:46:58    -1083.298398        3.6943
BFGS:   80 20:46:58    -1083.364388        3.8162
BFGS:   81 20:46:58    -1083.430267        3.7897
BFGS:   82 20:46:58    -1083.499546        3.5942
BFGS:   83 20:46:58    -1083.576483        3.2783
BFGS:   84 20:46:58    -1083.660800        3.1989
BFGS:   85 20:46:58    -1083.711692        2.5365
BFGS:   86 20:46:58    -1083.751446        2.6413
BFGS:   87 20:46:58    -1083.819008        2.8151
BFGS:   88 20:46:58    -1083.891990        3.0604
BFGS:   89 20:46:58    -1083.952426        2.8838
BFGS:   90 20:46:58    -1084.021615        2.9858
BFGS:   91 20:46:58    -1084.054240        2.2376
BFGS:   92 20:46:59    -1084.081262        2.1660
BFGS:   93 20:46:59    -1084.101452        1.9493
BFGS:   94 20:46:59    -1084.117846        2.0291
BFGS:   95 20:46:59    -1084.128956        2.0581
BFGS:   96 20:46:59    -1084.143067        2.1462
BFGS:   97 20:46:59    -1084.161847        2.1896
BFGS:   98 20:46:59    -1084.181174        2.0869
BFGS:   99 20:46:59    -1084.202492        1.6760
BFGS:  100 20:46:59    -1084.225004        1.1883
BFGS:  101 20:46:59    -1084.245956        0.8547
BFGS:  102 20:46:59    -1084.265755        0.9107
BFGS:  103 20:46:59    -1084.288552        1.1025
BFGS:  104 20:46:59    -1084.308131        1.3047
BFGS:  105 20:46:59    -1084.329167        1.5491
BFGS:  106 20:46:59    -1084.360416        1.4357
BFGS:  107 20:46:59    -1084.394835        1.5220
BFGS:  108 20:46:59    -1084.426180        1.5510
BFGS:  109 20:46:59    -1084.453946        1.6313
BFGS:  110 20:46:59    -1084.480642        1.6727
BFGS:  111 20:46:59    -1084.507160        1.8910
BFGS:  112 20:46:59    -1084.534496        1.9774
BFGS:  113 20:46:59    -1084.571415        1.7105
BFGS:  114 20:46:59    -1084.620101        1.7883
BFGS:  115 20:46:59    -1084.672505        2.1168
BFGS:  116 20:46:59    -1084.717721        2.4865
BFGS:  117 20:46:59    -1084.768547        2.6188
BFGS:  118 20:46:59    -1084.821500        2.6102
BFGS:  119 20:46:59    -1084.877805        2.8269
BFGS:  120 20:46:59    -1084.936766        2.9143
BFGS:  121 20:47:00    -1084.990154        3.0716
BFGS:  122 20:47:00    -1085.067733        2.8464
BFGS:  123 20:47:00    -1085.112190        2.8481
BFGS:  124 20:47:00    -1085.178735        2.7458
BFGS:  125 20:47:00    -1085.252625        3.1051
BFGS:  126 20:47:00    -1085.311669        4.2142
BFGS:  127 20:47:00    -1085.439386        4.5047
BFGS:  128 20:47:00    -1085.568039        3.6081
BFGS:  129 20:47:00    -1085.688194        2.3577
BFGS:  130 20:47:00    -1085.759805        2.3924
BFGS:  131 20:47:00    -1085.846271        2.3145
BFGS:  132 20:47:00    -1085.892939        2.2324
BFGS:  133 20:47:00    -1085.962114        2.3703
BFGS:  134 20:47:00    -1086.033079        2.2599
BFGS:  135 20:47:00    -1086.116794        2.4215
BFGS:  136 20:47:00    -1086.182276        2.3987
BFGS:  137 20:47:00    -1086.242828        2.4005
BFGS:  138 20:47:00    -1086.300758        2.1221
BFGS:  139 20:47:00    -1086.479567        4.2140
BFGS:  140 20:47:00    -1086.785381        6.6014
BFGS:  141 20:47:00    -1087.173107        8.1563
BFGS:  142 20:47:00    -1087.598209        8.2172
BFGS:  143 20:47:00    -1087.979658        6.5642
BFGS:  144 20:47:00    -1088.258866        3.7150
BFGS:  145 20:47:00    -1088.431197        3.8131
BFGS:  146 20:47:00    -1088.533162        3.8126
BFGS:  147 20:47:00    -1088.656891        2.7578
BFGS:  148 20:47:00    -1088.776464        2.2903
BFGS:  149 20:47:00    -1088.897678        2.7163
BFGS:  150 20:47:01    -1089.079880        2.8150
BFGS:  151 20:47:01    -1089.342130        3.2104
BFGS:  152 20:47:01    -1089.563409        5.2223
BFGS:  153 20:47:01    -1089.813132        2.4472
BFGS:  154 20:47:01    -1090.013829        2.2952
BFGS:  155 20:47:01    -1090.135368        2.5822
BFGS:  156 20:47:01    -1090.227923        3.0401
BFGS:  157 20:47:01    -1090.295285        2.5215
BFGS:  158 20:47:01    -1090.352753        2.2447
BFGS:  159 20:47:01    -1090.388560        1.8960
BFGS:  160 20:47:01    -1090.416040        1.8814
BFGS:  161 20:47:01    -1090.437287        1.9376
BFGS:  162 20:47:01    -1090.463818        1.9991
BFGS:  163 20:47:01    -1090.491455        1.7990
BFGS:  164 20:47:01    -1090.512594        1.5702
BFGS:  165 20:47:01    -1090.538532        1.4790
BFGS:  166 20:47:01    -1090.558252        1.3464
BFGS:  167 20:47:01    -1090.575936        1.3988
BFGS:  168 20:47:01    -1090.588773        1.3979
BFGS:  169 20:47:01    -1090.596833        1.2812
BFGS:  170 20:47:01    -1090.601282        1.1969
BFGS:  171 20:47:01    -1090.604866        1.1106
BFGS:  172 20:47:01    -1090.586177        1.5848
BFGS:  173 20:47:01    -1090.611843        1.0441
BFGS:  174 20:47:01    -1090.613927        1.0486
BFGS:  175 20:47:01    -1090.620060        1.1942
BFGS:  176 20:47:01    -1090.621130        1.1749
BFGS:  177 20:47:01    -1090.622757        1.1927
BFGS:  178 20:47:01    -1090.624816        1.1615
BFGS:  179 20:47:02    -1090.629726        1.0899
BFGS:  180 20:47:02    -1090.636979        0.9867
BFGS:  181 20:47:02    -1090.642099        0.8124
BFGS:  182 20:47:02    -1090.650700        0.6442
BFGS:  183 20:47:02    -1090.655056        0.4012
BFGS:  184 20:47:02    -1090.656926        0.1909
BFGS:  185 20:47:02    -1090.657597        0.1176
BFGS:  186 20:47:02    -1090.657878        0.0983
