      Step     Time          Energy         fmax
BFGS:    0 20:52:59     -769.260287      135.8703
BFGS:    1 20:52:59     -792.495180      100.2314
BFGS:    2 20:52:59     -803.631305       91.2191
BFGS:    3 20:52:59     -814.487817       85.9185
BFGS:    4 20:52:59     -825.166404       72.7629
BFGS:    5 20:52:59     -833.001145       57.4694
BFGS:    6 20:52:59     -838.823347       54.0976
BFGS:    7 20:52:59     -843.582290       46.5845
BFGS:    8 20:52:59     -847.648157       43.2133
BFGS:    9 20:52:59     -851.478308       40.6744
BFGS:   10 20:52:59     -856.063166       36.2701
BFGS:   11 20:52:59     -860.483700       40.7096
BFGS:   12 20:52:59     -864.242555       35.0377
BFGS:   13 20:52:59     -867.309456       35.5919
BFGS:   14 20:52:59     -869.802661       33.3436
BFGS:   15 20:52:59     -871.847477       31.3609
BFGS:   16 20:52:59     -873.622925       29.7563
BFGS:   17 20:53:00     -875.214725       28.0201
BFGS:   18 20:53:00     -876.680973       26.6501
BFGS:   19 20:53:00     -878.022625       24.4622
BFGS:   20 20:53:00     -879.305733       24.0541
BFGS:   21 20:53:00     -880.622451       22.0009
BFGS:   22 20:53:00     -881.918578       19.6082
BFGS:   23 20:53:00     -883.314744       19.1833
BFGS:   24 20:53:00     -884.459329       17.0049
BFGS:   25 20:53:00     -885.361421       15.3572
BFGS:   26 20:53:00     -886.103556       15.7067
BFGS:   27 20:53:00     -886.747572       15.3075
BFGS:   28 20:53:00     -887.334077       14.9336
BFGS:   29 20:53:00     -887.867772       14.8331
BFGS:   30 20:53:00     -888.390386       14.5142
BFGS:   31 20:53:00     -888.893193       14.5740
BFGS:   32 20:53:00     -889.388947       14.2579
BFGS:   33 20:53:00     -889.881626       14.0362
BFGS:   34 20:53:00     -890.373290       13.8481
BFGS:   35 20:53:00     -890.867548       13.6415
BFGS:   36 20:53:00     -891.362883       13.3984
BFGS:   37 20:53:00     -891.863360       13.2018
BFGS:   38 20:53:00     -892.364825       12.8821
BFGS:   39 20:53:00     -892.873080       13.6921
BFGS:   40 20:53:01     -893.391880       13.9575
BFGS:   41 20:53:01     -893.912459       15.1955
BFGS:   42 20:53:01     -894.445445       15.6922
BFGS:   43 20:53:01     -895.007515       15.9799
BFGS:   44 20:53:01     -895.604971       16.4343
BFGS:   45 20:53:01     -896.208804       16.6068
BFGS:   46 20:53:01     -896.744909       17.2578
BFGS:   47 20:53:01     -897.265097       18.0157
BFGS:   48 20:53:01     -897.790834       19.5411
BFGS:   49 20:53:01     -898.545757       19.9264
BFGS:   50 20:53:01     -899.226185       20.7611
BFGS:   51 20:53:01     -899.837548       22.5063
BFGS:   52 20:53:01     -900.495412       24.8619
BFGS:   53 20:53:01     -901.227074       27.4642
BFGS:   54 20:53:01     -901.922014       28.7465
BFGS:   55 20:53:01     -902.659921       28.1578
BFGS:   56 20:53:01     -903.294650       25.4760
BFGS:   57 20:53:01     -904.080333       23.5293
BFGS:   58 20:53:01     -904.685128       22.4079
BFGS:   59 20:53:01     -905.220067       21.0520
BFGS:   60 20:53:01     -905.672162       19.4310
BFGS:   61 20:53:01     -906.070779       18.1189
BFGS:   62 20:53:02     -906.460615       16.8216
BFGS:   63 20:53:02     -906.787259       15.6593
BFGS:   64 20:53:02     -907.100199       14.4023
BFGS:   65 20:53:02     -907.347821       14.5842
BFGS:   66 20:53:02     -907.570846       13.5261
BFGS:   67 20:53:02     -907.817749       14.9636
BFGS:   68 20:53:02     -908.045484       15.8765
BFGS:   69 20:53:02     -908.249903       16.5067
BFGS:   70 20:53:02     -908.436402       16.9488
BFGS:   71 20:53:02     -908.606051       16.8877
BFGS:   72 20:53:02     -908.764314       16.6807
BFGS:   73 20:53:02     -908.919223       16.0469
BFGS:   74 20:53:02     -909.058506       15.4548
BFGS:   75 20:53:02     -909.192936       14.0696
BFGS:   76 20:53:02     -909.306826       13.3238
BFGS:   77 20:53:02     -909.425721       11.7859
BFGS:   78 20:53:02     -909.528272       11.4302
BFGS:   79 20:53:02     -909.631772       10.8641
BFGS:   80 20:53:02     -909.731449       10.7662
BFGS:   81 20:53:02     -909.829162       10.6670
BFGS:   82 20:53:02     -909.925882       10.5449
BFGS:   83 20:53:02     -910.021821       10.5772
BFGS:   84 20:53:02     -910.125989       10.3519
BFGS:   85 20:53:03     -910.235339       10.1893
BFGS:   86 20:53:03     -910.361231        9.7481
BFGS:   87 20:53:03     -910.485124        9.0314
BFGS:   88 20:53:03     -910.591625        7.6831
BFGS:   89 20:53:03     -910.689928        6.8210
BFGS:   90 20:53:03     -910.784828        6.9236
BFGS:   91 20:53:03     -910.850135        5.2130
BFGS:   92 20:53:03     -910.921161        5.6179
BFGS:   93 20:53:03     -911.024189        5.2329
BFGS:   94 20:53:03     -911.103971        4.2492
BFGS:   95 20:53:03     -911.164944        3.3702
BFGS:   96 20:53:03     -911.190594        3.3964
BFGS:   97 20:53:03     -911.202984        3.3013
BFGS:   98 20:53:03     -911.214355        3.4507
BFGS:   99 20:53:03     -911.222809        3.6153
BFGS:  100 20:53:03     -911.229225        3.7150
BFGS:  101 20:53:03     -911.233086        3.7052
BFGS:  102 20:53:03     -911.236211        3.5707
BFGS:  103 20:53:03     -911.239061        3.4034
BFGS:  104 20:53:03     -911.241703        3.2012
BFGS:  105 20:53:03     -911.243537        3.1468
BFGS:  106 20:53:03     -911.245082        3.1198
BFGS:  107 20:53:04     -911.246924        3.2416
BFGS:  108 20:53:04     -911.250644        3.4269
BFGS:  109 20:53:04     -911.258456        3.8034
BFGS:  110 20:53:04     -911.274874        4.2608
BFGS:  111 20:53:04     -911.306057        4.6551
BFGS:  112 20:53:04     -911.353470        4.3527
BFGS:  113 20:53:04     -911.407053        3.0568
BFGS:  114 20:53:04     -911.445353        1.3325
BFGS:  115 20:53:04     -911.458174        0.8253
BFGS:  116 20:53:04     -911.463022        0.5260
BFGS:  117 20:53:04     -911.465243        0.2932
BFGS:  118 20:53:04     -911.465839        0.0767
