      Step     Time          Energy         fmax
BFGS:    0 20:42:23     -803.824466      147.9864
BFGS:    1 20:42:23     -844.815405      138.0983
BFGS:    2 20:42:23     -887.062796      133.3810
BFGS:    3 20:42:23     -916.552563      131.1972
BFGS:    4 20:42:23     -936.896993      126.5389
BFGS:    5 20:42:23     -952.546868      122.4257
BFGS:    6 20:42:23     -963.594561      116.8831
BFGS:    7 20:42:23     -973.882257      114.9433
BFGS:    8 20:42:23     -986.324217      103.7749
BFGS:    9 20:42:23     -996.606081       98.6584
BFGS:   10 20:42:23    -1005.469676       88.1158
BFGS:   11 20:42:23    -1013.461539       81.7378
BFGS:   12 20:42:23    -1019.969983       70.9605
BFGS:   13 20:42:23    -1025.768175       62.0150
BFGS:   14 20:42:23    -1030.847328       55.8200
BFGS:   15 20:42:23    -1036.584599       50.2953
BFGS:   16 20:42:23    -1041.198891       44.1317
BFGS:   17 20:42:23    -1046.524489       35.7954
BFGS:   18 20:42:23    -1050.248032       34.6730
BFGS:   19 20:42:23    -1053.265382       27.9786
BFGS:   20 20:42:23    -1056.061636       28.6615
BFGS:   21 20:42:23    -1058.593531       24.4812
BFGS:   22 20:42:23    -1060.740791       23.8750
BFGS:   23 20:42:23    -1062.464383       18.6313
BFGS:   24 20:42:23    -1063.976830       19.1802
BFGS:   25 20:42:23    -1065.202824       17.3957
BFGS:   26 20:42:23    -1066.311430       16.3841
BFGS:   27 20:42:24    -1067.268047       15.3895
BFGS:   28 20:42:24    -1068.193146       14.4058
BFGS:   29 20:42:24    -1069.140719       14.0853
BFGS:   30 20:42:24    -1069.957908       13.1143
BFGS:   31 20:42:24    -1070.606008       13.1880
BFGS:   32 20:42:24    -1071.199885       13.3208
BFGS:   33 20:42:24    -1071.764864       13.6403
BFGS:   34 20:42:24    -1072.389977       13.6548
BFGS:   35 20:42:24    -1073.080667       13.6293
BFGS:   36 20:42:24    -1073.832502       14.9031
BFGS:   37 20:42:24    -1074.532383       16.0786
BFGS:   38 20:42:24    -1075.272258       16.9646
BFGS:   39 20:42:24    -1076.030922       17.6472
BFGS:   40 20:42:24    -1076.812466       17.8484
BFGS:   41 20:42:24    -1077.610713       17.2766
BFGS:   42 20:42:24    -1078.419975       16.0716
BFGS:   43 20:42:24    -1079.219519       15.8141
BFGS:   44 20:42:24    -1080.024587       15.0884
BFGS:   45 20:42:24    -1080.813944       13.7612
BFGS:   46 20:42:24    -1081.601003       12.5208
BFGS:   47 20:42:24    -1082.336420       11.0123
BFGS:   48 20:42:24    -1082.977499        9.0983
BFGS:   49 20:42:24    -1083.616873        8.8419
BFGS:   50 20:42:24    -1084.314262        8.4470
BFGS:   51 20:42:24    -1084.997233        9.4920
BFGS:   52 20:42:24    -1085.747958        9.3173
BFGS:   53 20:42:24    -1086.483294        9.6934
BFGS:   54 20:42:24    -1087.161244        8.6949
BFGS:   55 20:42:24    -1087.740121        8.4616
BFGS:   56 20:42:24    -1088.279327        8.6760
BFGS:   57 20:42:24    -1088.801201        8.9476
BFGS:   58 20:42:24    -1089.254558        8.8944
BFGS:   59 20:42:25    -1089.666349        8.2888
BFGS:   60 20:42:25    -1090.056427        8.0997
BFGS:   61 20:42:25    -1090.443132        8.4373
BFGS:   62 20:42:25    -1090.845289        8.6754
BFGS:   63 20:42:25    -1091.270289        8.7257
BFGS:   64 20:42:25    -1091.719530        8.5913
BFGS:   65 20:42:25    -1092.135989        8.1595
BFGS:   66 20:42:25    -1092.518175        7.4336
BFGS:   67 20:42:25    -1092.847263        6.6326
BFGS:   68 20:42:25    -1093.145338        5.7776
BFGS:   69 20:42:25    -1093.387149        5.4718
BFGS:   70 20:42:25    -1093.649581        5.5841
BFGS:   71 20:42:25    -1093.910652        5.2742
BFGS:   72 20:42:25    -1094.178783        5.3930
BFGS:   73 20:42:25    -1094.450469        5.4832
BFGS:   74 20:42:25    -1094.736127        5.2339
BFGS:   75 20:42:25    -1095.043420        3.8902
BFGS:   76 20:42:25    -1095.297924        3.6804
BFGS:   77 20:42:25    -1095.611368        2.8578
BFGS:   78 20:42:25    -1095.712072        2.6486
BFGS:   79 20:42:25    -1095.798940        1.7020
BFGS:   80 20:42:25    -1095.846213        1.3290
BFGS:   81 20:42:25    -1095.874529        1.2298
BFGS:   82 20:42:25    -1095.891369        1.3317
BFGS:   83 20:42:25    -1095.895719        1.2946
BFGS:   84 20:42:25    -1095.905203        0.9078
BFGS:   85 20:42:25    -1095.907341        1.0064
BFGS:   86 20:42:25    -1095.910515        0.7559
BFGS:   87 20:42:25    -1095.912253        0.9349
BFGS:   88 20:42:25    -1095.913043        0.8873
BFGS:   89 20:42:26    -1095.914700        0.8343
BFGS:   90 20:42:26    -1095.915750        0.9392
BFGS:   91 20:42:26    -1095.916873        0.9380
BFGS:   92 20:42:26    -1095.917638        0.7916
BFGS:   93 20:42:26    -1095.918632        0.7847
BFGS:   94 20:42:26    -1095.919887        0.9070
BFGS:   95 20:42:26    -1095.921147        0.8971
BFGS:   96 20:42:26    -1095.917316        1.7038
BFGS:   97 20:42:26    -1095.919307        0.9080
BFGS:   98 20:42:26    -1095.922100        0.7820
BFGS:   99 20:42:26    -1095.921863        0.8584
BFGS:  100 20:42:26    -1095.922948        0.7967
BFGS:  101 20:42:26    -1095.922892        0.8358
BFGS:  102 20:42:26    -1095.923455        0.8017
BFGS:  103 20:42:26    -1095.922768        0.9067
BFGS:  104 20:42:26    -1095.923576        0.8733
BFGS:  105 20:42:26    -1095.922193        1.4879
BFGS:  106 20:42:26    -1095.922367        0.9011
BFGS:  107 20:42:26    -1095.922629        0.8927
BFGS:  108 20:42:26    -1095.924166        0.8276
BFGS:  109 20:42:26    -1095.921661        0.9351
BFGS:  110 20:42:26    -1095.923531        0.8770
BFGS:  111 20:42:26    -1095.921089        0.9371
BFGS:  112 20:42:26    -1095.923776        0.8477
BFGS:  113 20:42:26    -1095.920500        0.9766
BFGS:  114 20:42:26    -1095.923969        0.8810
BFGS:  115 20:42:26    -1095.919189        1.4120
BFGS:  116 20:42:26    -1095.923175        0.8650
BFGS:  117 20:42:26    -1095.917494        1.0622
BFGS:  118 20:42:26    -1095.924096        0.8938
BFGS:  119 20:42:26    -1095.918199        0.9946
BFGS:  120 20:42:27    -1095.923252        0.8646
BFGS:  121 20:42:27    -1095.918373        1.0569
BFGS:  122 20:42:27    -1095.924475        0.8948
BFGS:  123 20:42:27    -1095.916086        1.0443
BFGS:  124 20:42:27    -1095.922723        0.8847
BFGS:  125 20:42:27    -1095.916881        1.0995
BFGS:  126 20:42:27    -1095.924790        0.8962
BFGS:  127 20:42:27    -1095.913995        1.3772
BFGS:  128 20:42:27    -1095.921994        0.9069
BFGS:  129 20:42:27    -1095.909454        1.5125
BFGS:  130 20:42:27    -1095.924511        0.9181
BFGS:  131 20:42:27    -1095.913242        1.1127
BFGS:  132 20:42:27    -1095.922183        0.9019
BFGS:  133 20:42:27    -1095.914425        1.1673
BFGS:  134 20:42:27    -1095.925149        0.9074
BFGS:  135 20:42:27    -1095.910790        1.1647
BFGS:  136 20:42:27    -1095.921466        0.9258
BFGS:  137 20:42:27    -1095.913052        1.4731
BFGS:  138 20:42:27    -1095.925387        0.9118
BFGS:  139 20:42:27    -1095.905409        1.4160
BFGS:  140 20:42:27    -1095.920583        0.9498
BFGS:  141 20:42:27    -1095.912388        1.2142
BFGS:  142 20:42:27    -1095.925726        0.7658
BFGS:  143 20:42:27    -1095.922961        0.9876
BFGS:  144 20:42:27    -1095.925024        0.9322
BFGS:  145 20:42:27    -1095.905989        1.4010
BFGS:  146 20:42:27    -1095.920567        0.9500
BFGS:  147 20:42:27    -1095.909233        1.4810
BFGS:  148 20:42:27    -1095.925822        0.9198
BFGS:  149 20:42:27    -1095.903775        1.4186
BFGS:  150 20:42:27    -1095.919852        0.9690
BFGS:  151 20:42:28    -1095.908680        1.2989
BFGS:  152 20:42:28    -1095.926044        0.7547
BFGS:  153 20:42:28    -1095.922459        1.0137
BFGS:  154 20:42:28    -1095.925056        0.9476
BFGS:  155 20:42:28    -1095.902600        1.4062
BFGS:  156 20:42:28    -1095.919727        0.9732
BFGS:  157 20:42:28    -1095.905450        1.4826
BFGS:  158 20:42:28    -1095.926190        0.9252
BFGS:  159 20:42:28    -1095.901845        1.3473
BFGS:  160 20:42:28    -1095.919210        0.9893
BFGS:  161 20:42:28    -1095.906598        1.3582
BFGS:  162 20:42:28    -1095.926186        0.7528
BFGS:  163 20:42:28    -1095.922318        1.0271
BFGS:  164 20:42:28    -1095.925305        0.9539
BFGS:  165 20:42:28    -1095.898507        1.4279
BFGS:  166 20:42:28    -1095.918875        0.9971
BFGS:  167 20:42:28    -1095.903985        1.4722
BFGS:  168 20:42:28    -1095.926447        0.7422
BFGS:  169 20:42:28    -1095.921820        1.0450
BFGS:  170 20:42:28    -1095.925131        0.9644
BFGS:  171 20:42:28    -1095.896244        1.4347
BFGS:  172 20:42:28    -1095.918563        1.0063
BFGS:  173 20:42:28    -1095.903767        1.4153
BFGS:  174 20:42:28    -1095.926491        1.3877
BFGS:  175 20:42:28    -1095.922032        1.0473
BFGS:  176 20:42:28    -1095.925421        0.9673
BFGS:  177 20:42:28    -1095.895025        1.4524
BFGS:  178 20:42:28    -1095.918054        1.0136
BFGS:  179 20:42:28    -1095.901565        1.4820
BFGS:  180 20:42:28    -1095.926565        0.7388
BFGS:  181 20:42:29    -1095.921539        1.0593
BFGS:  182 20:42:29    -1095.925239        0.9718
BFGS:  183 20:42:29    -1095.892744        1.4948
BFGS:  184 20:42:29    -1095.917608        1.0277
BFGS:  185 20:42:29    -1095.900627        1.4891
BFGS:  186 20:42:29    -1095.926647        0.7417
BFGS:  187 20:42:29    -1095.921373        1.0627
BFGS:  188 20:42:29    -1095.925302        0.9737
BFGS:  189 20:42:29    -1095.890735        1.5304
BFGS:  190 20:42:29    -1095.917206        1.0387
BFGS:  191 20:42:29    -1095.899913        1.5010
BFGS:  192 20:42:29    -1095.926667        0.7441
BFGS:  193 20:42:29    -1095.921383        1.0648
BFGS:  194 20:42:29    -1095.925476        0.9730
BFGS:  195 20:42:29    -1095.888678        1.5604
BFGS:  196 20:42:29    -1095.916811        1.0466
BFGS:  197 20:42:29    -1095.898510        1.5144
BFGS:  198 20:42:29    -1095.926770        0.7399
BFGS:  199 20:42:29    -1095.921203        1.0739
BFGS:  200 20:42:29    -1095.925502        0.9768
BFGS:  201 20:42:29    -1095.886827        1.5880
BFGS:  202 20:42:29    -1095.916575        1.0524
BFGS:  203 20:42:29    -1095.899111        1.5118
BFGS:  204 20:42:29    -1095.926777        0.7412
BFGS:  205 20:42:29    -1095.921335        1.0742
BFGS:  206 20:42:29    -1095.925707        0.9761
BFGS:  207 20:42:29    -1095.885013        1.6132
BFGS:  208 20:42:29    -1095.916217        1.3779
BFGS:  209 20:42:29    -1095.895936        1.5957
BFGS:  210 20:42:29    -1095.927011        0.7267
BFGS:  211 20:42:30    -1095.920742        1.0890
BFGS:  212 20:42:30    -1095.925318        0.9897
BFGS:  213 20:42:30    -1095.883523        1.6360
BFGS:  214 20:42:30    -1095.916200        1.0574
BFGS:  215 20:42:30    -1095.900750        1.4867
BFGS:  216 20:42:30    -1095.926560        0.7516
BFGS:  217 20:42:30    -1095.921953        1.0640
BFGS:  218 20:42:30    -1095.926313        0.9695
BFGS:  219 20:42:30    -1095.881992        1.6588
BFGS:  220 20:42:30    -1095.915617        1.0704
BFGS:  221 20:42:30    -1095.900060        1.5004
BFGS:  222 20:42:30    -1095.926557        0.7546
BFGS:  223 20:42:30    -1095.921980        1.0654
BFGS:  224 20:42:30    -1095.926494        0.9685
BFGS:  225 20:42:30    -1095.880838        1.6754
BFGS:  226 20:42:30    -1095.915370        1.0754
BFGS:  227 20:42:30    -1095.899284        1.5157
BFGS:  228 20:42:30    -1095.926660        0.7538
BFGS:  229 20:42:30    -1095.921889        1.0689
BFGS:  230 20:42:30    -1095.926534        0.9705
BFGS:  231 20:42:30    -1095.879828        1.6905
BFGS:  232 20:42:30    -1095.915208        1.0780
BFGS:  233 20:42:30    -1095.898556        1.5282
BFGS:  234 20:42:30    -1095.926766        1.3637
BFGS:  235 20:42:30    -1095.921911        1.0782
BFGS:  236 20:42:30    -1095.926622        0.9786
BFGS:  237 20:42:30    -1095.879587        1.6923
BFGS:  238 20:42:30    -1095.914951        1.0791
BFGS:  239 20:42:30    -1095.896959        1.5671
BFGS:  240 20:42:30    -1095.926865        0.7422
BFGS:  241 20:42:30    -1095.921486        1.0857
BFGS:  242 20:42:31    -1095.926405        0.9798
BFGS:  243 20:42:31    -1095.878610        1.7106
BFGS:  244 20:42:31    -1095.914882        1.0829
BFGS:  245 20:42:31    -1095.896863        1.5728
BFGS:  246 20:42:31    -1095.926921        0.7470
BFGS:  247 20:42:31    -1095.921530        1.0821
BFGS:  248 20:42:31    -1095.926506        0.9789
BFGS:  249 20:42:31    -1095.877355        1.7253
BFGS:  250 20:42:31    -1095.914804        1.0810
BFGS:  251 20:42:31    -1095.897462        1.5463
BFGS:  252 20:42:31    -1095.926983        0.7430
BFGS:  253 20:42:31    -1095.921617        1.0854
BFGS:  254 20:42:31    -1095.926618        0.9798
BFGS:  255 20:42:31    -1095.876432        1.7360
BFGS:  256 20:42:31    -1095.914771        1.0819
BFGS:  257 20:42:31    -1095.898184        1.5365
BFGS:  258 20:42:31    -1095.926969        0.7502
BFGS:  259 20:42:31    -1095.921887        1.0773
BFGS:  260 20:42:31    -1095.926850        0.9759
BFGS:  261 20:42:31    -1095.875559        1.7448
BFGS:  262 20:42:31    -1095.914628        1.3757
BFGS:  263 20:42:31    -1095.896538        1.5918
BFGS:  264 20:42:31    -1095.927091        0.7353
BFGS:  265 20:42:31    -1095.921582        1.0896
BFGS:  266 20:42:31    -1095.926656        0.9851
BFGS:  267 20:42:31    -1095.875097        1.7526
BFGS:  268 20:42:31    -1095.914649        1.0798
BFGS:  269 20:42:31    -1095.898993        1.5226
BFGS:  270 20:42:31    -1095.926958        0.7499
BFGS:  271 20:42:31    -1095.922127        1.0763
BFGS:  272 20:42:32    -1095.927088        0.9759
BFGS:  273 20:42:32    -1095.874164        1.7623
BFGS:  274 20:42:32    -1095.914450        1.0836
BFGS:  275 20:42:32    -1095.898950        1.5220
BFGS:  276 20:42:32    -1095.927019        0.7509
BFGS:  277 20:42:32    -1095.922175        1.0763
BFGS:  278 20:42:32    -1095.927187        0.9755
BFGS:  279 20:42:32    -1095.875299        1.7433
BFGS:  280 20:42:32    -1095.914576        1.0798
BFGS:  281 20:42:32    -1095.898107        1.5348
BFGS:  282 20:42:32    -1095.927246        0.7404
BFGS:  283 20:42:32    -1095.921917        1.0874
BFGS:  284 20:42:32    -1095.927030        0.9821
BFGS:  285 20:42:32    -1095.877003        1.7161
BFGS:  286 20:42:32    -1095.914931        1.0719
BFGS:  287 20:42:32    -1095.897859        1.5411
BFGS:  288 20:42:32    -1095.927429        0.7417
BFGS:  289 20:42:32    -1095.921846        1.0851
BFGS:  290 20:42:32    -1095.926938        1.3501
BFGS:  291 20:42:32    -1095.875383        1.6838
BFGS:  292 20:42:32    -1095.914681        1.0688
BFGS:  293 20:42:32    -1095.899814        1.4894
BFGS:  294 20:42:32    -1095.927094        0.7487
BFGS:  295 20:42:32    -1095.922688        1.0714
BFGS:  296 20:42:32    -1095.927552        0.9748
BFGS:  297 20:42:32    -1095.877359        1.6996
BFGS:  298 20:42:32    -1095.914786        1.0678
BFGS:  299 20:42:32    -1095.896308        1.5586
BFGS:  300 20:42:32    -1095.927505        0.7348
BFGS:  301 20:42:32    -1095.921817        1.0925
BFGS:  302 20:42:32    -1095.927001        0.9878
BFGS:  303 20:42:33    -1095.879536        1.6632
BFGS:  304 20:42:33    -1095.915249        1.0585
BFGS:  305 20:42:33    -1095.895408        1.5823
BFGS:  306 20:42:33    -1095.927802        0.7263
BFGS:  307 20:42:33    -1095.921439        1.1008
BFGS:  308 20:42:33    -1095.926704        0.9956
BFGS:  309 20:42:33    -1095.881163        1.6403
BFGS:  310 20:42:33    -1095.915610        1.0501
BFGS:  311 20:42:33    -1095.895214        1.5856
BFGS:  312 20:42:33    -1095.928011        0.7203
BFGS:  313 20:42:33    -1095.921237        1.1059
BFGS:  314 20:42:33    -1095.926536        1.0004
BFGS:  315 20:42:33    -1095.882444        1.6186
BFGS:  316 20:42:33    -1095.915899        1.0441
BFGS:  317 20:42:33    -1095.895242        1.5886
BFGS:  318 20:42:33    -1095.928181        0.7159
BFGS:  319 20:42:33    -1095.921106        1.1094
BFGS:  320 20:42:33    -1095.926424        1.0043
BFGS:  321 20:42:33    -1095.883614        1.6009
BFGS:  322 20:42:33    -1095.916160        1.0382
BFGS:  323 20:42:33    -1095.895195        1.5885
BFGS:  324 20:42:33    -1095.928336        0.7142
BFGS:  325 20:42:33    -1095.921000        1.1105
BFGS:  326 20:42:33    -1095.926327        1.0071
BFGS:  327 20:42:33    -1095.884414        1.5855
BFGS:  328 20:42:33    -1095.916396        1.0324
BFGS:  329 20:42:33    -1095.895358        1.5834
BFGS:  330 20:42:33    -1095.928458        0.7116
BFGS:  331 20:42:33    -1095.920977        1.1117
BFGS:  332 20:42:33    -1095.926292        1.0092
BFGS:  333 20:42:34    -1095.885124        1.5722
BFGS:  334 20:42:34    -1095.916582        1.0259
BFGS:  335 20:42:34    -1095.894938        1.5823
BFGS:  336 20:42:34    -1095.928629        0.7051
BFGS:  337 20:42:34    -1095.920835        1.1167
BFGS:  338 20:42:34    -1095.926183        1.0130
BFGS:  339 20:42:34    -1095.885913        1.5565
BFGS:  340 20:42:34    -1095.916827        1.0206
BFGS:  341 20:42:34    -1095.894985        1.5839
BFGS:  342 20:42:34    -1095.928775        0.7018
BFGS:  343 20:42:34    -1095.920763        1.1188
BFGS:  344 20:42:34    -1095.926111        1.0156
BFGS:  345 20:42:34    -1095.886577        1.5439
BFGS:  346 20:42:34    -1095.917043        1.0155
BFGS:  347 20:42:34    -1095.895117        1.5815
BFGS:  348 20:42:34    -1095.928731        1.3446
BFGS:  349 20:42:34    -1095.882518        1.5935
BFGS:  350 20:42:34    -1095.915472        1.0466
BFGS:  351 20:42:34    -1095.896850        1.5606
BFGS:  352 20:42:34    -1095.928286        0.7186
BFGS:  353 20:42:34    -1095.921646        1.1051
BFGS:  354 20:42:34    -1095.926963        1.0025
BFGS:  355 20:42:34    -1095.886069        1.5544
BFGS:  356 20:42:34    -1095.916659        1.0224
BFGS:  357 20:42:34    -1095.894871        1.5900
BFGS:  358 20:42:34    -1095.928838        0.7025
BFGS:  359 20:42:34    -1095.920873        1.1195
BFGS:  360 20:42:34    -1095.926265        1.0162
BFGS:  361 20:42:34    -1095.887515        1.5246
BFGS:  362 20:42:34    -1095.917193        1.0113
BFGS:  363 20:42:34    -1095.894610        1.5968
BFGS:  364 20:42:35    -1095.928745        0.9655
BFGS:  365 20:42:35    -1095.884136        1.5743
BFGS:  366 20:42:35    -1095.915821        1.0395
BFGS:  367 20:42:35    -1095.895224        1.5848
BFGS:  368 20:42:35    -1095.928672        0.7090
BFGS:  369 20:42:35    -1095.921243        1.1157
BFGS:  370 20:42:35    -1095.926692        1.0112
BFGS:  371 20:42:35    -1095.887451        1.5269
BFGS:  372 20:42:35    -1095.917141        1.0096
BFGS:  373 20:42:35    -1095.894290        1.5936
BFGS:  374 20:42:35    -1095.928797        0.9700
BFGS:  375 20:42:35    -1095.884636        1.5725
BFGS:  376 20:42:35    -1095.915976        1.0350
BFGS:  377 20:42:35    -1095.895250        1.5834
BFGS:  378 20:42:35    -1095.928813        0.7053
BFGS:  379 20:42:35    -1095.921228        1.1188
BFGS:  380 20:42:35    -1095.926690        1.0133
BFGS:  381 20:42:35    -1095.887975        1.5142
BFGS:  382 20:42:35    -1095.917326        1.0059
BFGS:  383 20:42:35    -1095.894366        1.5977
BFGS:  384 20:42:35    -1095.928781        0.9725
BFGS:  385 20:42:35    -1095.885116        1.5611
BFGS:  386 20:42:35    -1095.916157        1.0309
BFGS:  387 20:42:35    -1095.895542        1.5814
BFGS:  388 20:42:35    -1095.928928        0.7060
BFGS:  389 20:42:35    -1095.921266        1.3365
BFGS:  390 20:42:35    -1095.926685        1.0170
BFGS:  391 20:42:35    -1095.888356        1.5136
BFGS:  392 20:42:35    -1095.917384        1.3667
BFGS:  393 20:42:35    -1095.893956        1.6218
BFGS:  394 20:42:36    -1095.928679        0.9799
BFGS:  395 20:42:36    -1095.885717        1.5498
BFGS:  396 20:42:36    -1095.916450        1.3693
BFGS:  397 20:42:36    -1095.895791        1.5944
BFGS:  398 20:42:36    -1095.929036        0.6950
BFGS:  399 20:42:36    -1095.921352        1.1241
BFGS:  400 20:42:36    -1095.926690        1.0210
BFGS:  401 20:42:36    -1095.888753        1.4974
BFGS:  402 20:42:36    -1095.917692        0.9961
BFGS:  403 20:42:36    -1095.896281        1.5727
BFGS:  404 20:42:36    -1095.929077        0.9713
BFGS:  405 20:42:36    -1095.885427        1.5461
BFGS:  406 20:42:36    -1095.916336        1.0249
BFGS:  407 20:42:36    -1095.897312        1.5564
BFGS:  408 20:42:36    -1095.928872        0.7059
BFGS:  409 20:42:36    -1095.921774        1.1137
BFGS:  410 20:42:36    -1095.927083        1.0132
BFGS:  411 20:42:36    -1095.888434        1.4974
BFGS:  412 20:42:36    -1095.917575        0.9967
BFGS:  413 20:42:36    -1095.896241        1.5685
BFGS:  414 20:42:36    -1095.929136        0.9715
BFGS:  415 20:42:36    -1095.885487        1.5420
BFGS:  416 20:42:36    -1095.916375        1.0219
BFGS:  417 20:42:36    -1095.896956        1.5590
BFGS:  418 20:42:36    -1095.929018        0.7029
BFGS:  419 20:42:36    -1095.921664        1.1162
BFGS:  420 20:42:36    -1095.927014        1.0158
BFGS:  421 20:42:36    -1095.888611        1.4902
BFGS:  422 20:42:36    -1095.917674        0.9929
BFGS:  423 20:42:36    -1095.895675        1.5761
BFGS:  424 20:42:36    -1095.929039        0.9750
BFGS:  425 20:42:37    -1095.885604        1.5370
BFGS:  426 20:42:37    -1095.916476        1.0179
BFGS:  427 20:42:37    -1095.896426        1.5654
BFGS:  428 20:42:37    -1095.929185        0.6991
BFGS:  429 20:42:37    -1095.921519        1.1193
BFGS:  430 20:42:37    -1095.926913        1.0189
BFGS:  431 20:42:37    -1095.888673        1.4851
BFGS:  432 20:42:37    -1095.917763        0.9894
BFGS:  433 20:42:37    -1095.895111        1.5830
BFGS:  434 20:42:37    -1095.928958        0.9781
BFGS:  435 20:42:37    -1095.885478        1.5354
BFGS:  436 20:42:37    -1095.916547        1.0158
BFGS:  437 20:42:37    -1095.896082        1.5720
BFGS:  438 20:42:37    -1095.929297        0.6967
BFGS:  439 20:42:37    -1095.921472        1.1215
BFGS:  440 20:42:37    -1095.926885        1.3313
BFGS:  441 20:42:37    -1095.887630        1.4760
BFGS:  442 20:42:37    -1095.917644        0.9850
BFGS:  443 20:42:37    -1095.896497        1.5460
BFGS:  444 20:42:37    -1095.929329        0.9746
BFGS:  445 20:42:37    -1095.884068        1.5448
BFGS:  446 20:42:37    -1095.916303        1.0152
BFGS:  447 20:42:37    -1095.896630        1.5525
BFGS:  448 20:42:37    -1095.929150        0.6987
BFGS:  449 20:42:37    -1095.921840        1.1171
BFGS:  450 20:42:37    -1095.927184        1.0174
BFGS:  451 20:42:37    -1095.887415        1.4924
BFGS:  452 20:42:37    -1095.917565        0.9899
BFGS:  453 20:42:37    -1095.894787        1.5863
BFGS:  454 20:42:37    -1095.929205        0.9789
BFGS:  455 20:42:38    -1095.884193        1.5505
BFGS:  456 20:42:38    -1095.916339        1.0151
BFGS:  457 20:42:38    -1095.895757        1.5736
BFGS:  458 20:42:38    -1095.929278        0.6944
BFGS:  459 20:42:38    -1095.921655        1.1232
BFGS:  460 20:42:38    -1095.927084        1.0210
BFGS:  461 20:42:38    -1095.887328        1.4930
BFGS:  462 20:42:38    -1095.917604        0.9897
BFGS:  463 20:42:38    -1095.894600        1.5965
BFGS:  464 20:42:38    -1095.929194        0.9811
BFGS:  465 20:42:38    -1095.883936        1.5542
BFGS:  466 20:42:38    -1095.916345        1.0153
BFGS:  467 20:42:38    -1095.895824        1.5771
BFGS:  468 20:42:38    -1095.929344        0.6938
BFGS:  469 20:42:38    -1095.921649        1.1239
BFGS:  470 20:42:38    -1095.927094        1.0220
BFGS:  471 20:42:38    -1095.886966        1.4970
BFGS:  472 20:42:38    -1095.917614        0.9893
BFGS:  473 20:42:38    -1095.894960        1.5909
BFGS:  474 20:42:38    -1095.929273        0.9812
BFGS:  475 20:42:38    -1095.883568        1.5587
BFGS:  476 20:42:38    -1095.916333        1.0152
BFGS:  477 20:42:38    -1095.896122        1.5719
BFGS:  478 20:42:38    -1095.929346        0.6940
BFGS:  479 20:42:38    -1095.921782        1.1231
BFGS:  480 20:42:38    -1095.927207        1.0215
BFGS:  481 20:42:38    -1095.886500        1.5023
BFGS:  482 20:42:38    -1095.917568        0.9902
BFGS:  483 20:42:38    -1095.895280        1.5871
BFGS:  484 20:42:38    -1095.929379        0.9797
BFGS:  485 20:42:38    -1095.883202        1.5603
BFGS:  486 20:42:39    -1095.916333        1.0147
BFGS:  487 20:42:39    -1095.896605        1.5627
BFGS:  488 20:42:39    -1095.929349        0.6946
BFGS:  489 20:42:39    -1095.921919        1.3313
BFGS:  490 20:42:39    -1095.927308        1.0220
BFGS:  491 20:42:39    -1095.886049        1.5140
BFGS:  492 20:42:39    -1095.917442        1.3531
BFGS:  493 20:42:39    -1095.893535        1.6260
BFGS:  494 20:42:39    -1095.929169        0.9890
BFGS:  495 20:42:39    -1095.882964        1.5665
BFGS:  496 20:42:39    -1095.916447        1.3532
BFGS:  497 20:42:39    -1095.895008        1.6004
BFGS:  498 20:42:39    -1095.929561        0.6824
BFGS:  499 20:42:39    -1095.921582        1.1339
