      Step     Time          Energy         fmax
BFGS:    0 20:47:12     -758.164792      166.0062
BFGS:    1 20:47:12     -797.451250      166.7298
BFGS:    2 20:47:12     -835.305515      154.6692
BFGS:    3 20:47:12     -869.020224      143.3408
BFGS:    4 20:47:12     -887.152692      123.0401
BFGS:    5 20:47:13     -901.911002      113.9751
BFGS:    6 20:47:13     -915.211952      104.3786
BFGS:    7 20:47:13     -928.904199       97.9043
BFGS:    8 20:47:13     -939.438402       93.2020
BFGS:    9 20:47:13     -948.836064       88.7897
BFGS:   10 20:47:13     -959.778309       85.3109
BFGS:   11 20:47:13     -969.053788       74.0648
BFGS:   12 20:47:13     -977.332518       67.8252
BFGS:   13 20:47:13     -984.924367       58.3287
BFGS:   14 20:47:13     -990.934414       54.2367
BFGS:   15 20:47:13     -995.723886       48.9903
BFGS:   16 20:47:13    -1000.080313       46.0592
BFGS:   17 20:47:13    -1004.103226       43.0224
BFGS:   18 20:47:13    -1008.423858       40.2983
BFGS:   19 20:47:13    -1012.737175       38.0765
BFGS:   20 20:47:13    -1016.980010       36.9267
BFGS:   21 20:47:13    -1021.437173       35.5927
BFGS:   22 20:47:13    -1025.634494       34.8584
BFGS:   23 20:47:13    -1029.110193       33.2824
BFGS:   24 20:47:13    -1032.172590       32.2553
BFGS:   25 20:47:13    -1034.877568       30.7123
BFGS:   26 20:47:13    -1037.157527       28.3584
BFGS:   27 20:47:13    -1039.400672       26.3418
BFGS:   28 20:47:13    -1041.429689       23.8132
BFGS:   29 20:47:13    -1043.360372       20.1159
BFGS:   30 20:47:14    -1045.286040       17.5051
BFGS:   31 20:47:14    -1047.138140       16.4626
BFGS:   32 20:47:14    -1049.016492       15.8912
BFGS:   33 20:47:14    -1050.711437       15.6910
BFGS:   34 20:47:14    -1052.193988       15.4773
BFGS:   35 20:47:14    -1053.705233       15.1843
BFGS:   36 20:47:14    -1055.089927       17.1589
BFGS:   37 20:47:14    -1056.251973       17.5629
BFGS:   38 20:47:14    -1057.169755       18.2738
BFGS:   39 20:47:14    -1057.914472       14.9902
BFGS:   40 20:47:14    -1058.508458       15.6214
BFGS:   41 20:47:14    -1059.172580       13.0841
BFGS:   42 20:47:14    -1059.899980       10.9530
BFGS:   43 20:47:14    -1060.671068       11.4340
BFGS:   44 20:47:14    -1061.441559       11.5608
BFGS:   45 20:47:14    -1062.169211       11.6849
BFGS:   46 20:47:14    -1062.892843       12.5021
BFGS:   47 20:47:14    -1063.597254       13.3327
BFGS:   48 20:47:14    -1064.266296       14.0671
BFGS:   49 20:47:14    -1064.896949       14.6360
BFGS:   50 20:47:14    -1065.577008       15.1364
BFGS:   51 20:47:14    -1066.216343       15.1325
BFGS:   52 20:47:14    -1066.813265       15.1337
BFGS:   53 20:47:14    -1067.363276       15.6761
BFGS:   54 20:47:14    -1067.898868       17.2466
BFGS:   55 20:47:14    -1068.437642       18.6609
BFGS:   56 20:47:15    -1069.024481       19.4031
BFGS:   57 20:47:15    -1069.741949       19.7693
BFGS:   58 20:47:15    -1070.713353       18.2344
BFGS:   59 20:47:15    -1071.544126       18.1259
BFGS:   60 20:47:15    -1072.343898       15.5320
BFGS:   61 20:47:15    -1073.149716       12.9237
BFGS:   62 20:47:15    -1074.040193       12.4821
BFGS:   63 20:47:15    -1074.781290        8.4261
BFGS:   64 20:47:15    -1075.466879        7.9709
BFGS:   65 20:47:15    -1076.037679        8.1180
BFGS:   66 20:47:15    -1076.505514        6.6062
BFGS:   67 20:47:15    -1076.921751        6.5620
BFGS:   68 20:47:15    -1077.408991        6.7035
BFGS:   69 20:47:15    -1077.787173        5.3253
BFGS:   70 20:47:15    -1077.985861        3.7150
BFGS:   71 20:47:15    -1078.109214        3.4208
BFGS:   72 20:47:15    -1078.165773        2.8133
BFGS:   73 20:47:15    -1078.197644        3.0577
BFGS:   74 20:47:15    -1078.231113        2.8164
BFGS:   75 20:47:15    -1078.276883        2.5797
BFGS:   76 20:47:15    -1078.327435        2.0234
BFGS:   77 20:47:15    -1078.365289        1.7848
BFGS:   78 20:47:15    -1078.397929        1.7539
BFGS:   79 20:47:15    -1078.420355        1.8463
BFGS:   80 20:47:15    -1078.437022        1.4400
BFGS:   81 20:47:15    -1078.455516        1.4194
BFGS:   82 20:47:15    -1078.472041        1.5607
BFGS:   83 20:47:16    -1078.484971        1.6126
BFGS:   84 20:47:16    -1078.497568        1.5445
BFGS:   85 20:47:16    -1078.512723        1.4709
BFGS:   86 20:47:16    -1078.532443        1.3822
BFGS:   87 20:47:16    -1078.555456        1.3014
BFGS:   88 20:47:16    -1078.575031        1.2863
BFGS:   89 20:47:16    -1078.592344        1.5334
BFGS:   90 20:47:16    -1078.609702        1.9492
BFGS:   91 20:47:16    -1078.630963        2.3810
BFGS:   92 20:47:16    -1078.653306        2.8291
BFGS:   93 20:47:16    -1078.678842        4.0271
BFGS:   94 20:47:16    -1078.710686        4.3232
BFGS:   95 20:47:16    -1078.738799        4.6356
BFGS:   96 20:47:16    -1078.769682        5.1418
BFGS:   97 20:47:16    -1078.799688        5.8044
BFGS:   98 20:47:16    -1078.841526        6.3665
BFGS:   99 20:47:16    -1078.885916        6.8540
BFGS:  100 20:47:16    -1078.937035        7.2663
BFGS:  101 20:47:16    -1078.995396        7.5739
BFGS:  102 20:47:16    -1079.068708        7.8295
BFGS:  103 20:47:16    -1079.148593        7.9867
BFGS:  104 20:47:16    -1079.238472        8.0545
BFGS:  105 20:47:16    -1079.336758        8.0398
BFGS:  106 20:47:16    -1079.447946        8.6779
BFGS:  107 20:47:16    -1079.568504        9.4796
BFGS:  108 20:47:16    -1079.705218       10.3186
BFGS:  109 20:47:16    -1079.851613       11.0335
BFGS:  110 20:47:16    -1080.038999       11.8176
BFGS:  111 20:47:17    -1080.224187       12.1866
BFGS:  112 20:47:17    -1080.454808       12.3059
BFGS:  113 20:47:17    -1080.780145       12.2978
BFGS:  114 20:47:17    -1081.027824       11.8381
BFGS:  115 20:47:17    -1081.331229       11.3349
BFGS:  116 20:47:17    -1081.581230       10.7440
BFGS:  117 20:47:17    -1081.837873       10.1998
BFGS:  118 20:47:17    -1082.107927        9.6656
BFGS:  119 20:47:17    -1082.345463        9.0965
BFGS:  120 20:47:17    -1082.622959        8.8171
BFGS:  121 20:47:17    -1082.869859        8.6745
BFGS:  122 20:47:17    -1083.169945        8.5440
BFGS:  123 20:47:17    -1083.425127        8.3199
BFGS:  124 20:47:17    -1083.711307        8.2490
BFGS:  125 20:47:17    -1083.958384        7.4656
BFGS:  126 20:47:17    -1084.190472        7.1814
BFGS:  127 20:47:17    -1084.472648        7.7541
BFGS:  128 20:47:17    -1084.785315       10.4980
BFGS:  129 20:47:17    -1085.072480       12.5400
BFGS:  130 20:47:17    -1085.371151       13.7092
BFGS:  131 20:47:17    -1085.656149       13.0903
BFGS:  132 20:47:17    -1086.040277       11.9723
BFGS:  133 20:47:17    -1086.637422        9.0257
BFGS:  134 20:47:17    -1087.430600        7.9173
BFGS:  135 20:47:17    -1087.917893        6.4324
BFGS:  136 20:47:17    -1088.264528        7.3701
BFGS:  137 20:47:17    -1088.530987        7.3288
BFGS:  138 20:47:17    -1088.757360        7.7588
BFGS:  139 20:47:17    -1089.081957        8.2559
BFGS:  140 20:47:18    -1089.347657        7.8061
BFGS:  141 20:47:18    -1089.614376        6.6426
BFGS:  142 20:47:18    -1089.877082        6.1565
BFGS:  143 20:47:18    -1090.139119        6.0972
BFGS:  144 20:47:18    -1090.389152        6.0073
BFGS:  145 20:47:18    -1090.656195        6.2885
BFGS:  146 20:47:18    -1090.929806        6.9240
BFGS:  147 20:47:18    -1091.230405        8.4983
BFGS:  148 20:47:18    -1091.542261        9.3694
BFGS:  149 20:47:18    -1091.911737        9.6902
BFGS:  150 20:47:18    -1092.195667        8.7863
BFGS:  151 20:47:18    -1092.652477        8.6889
BFGS:  152 20:47:18    -1093.116336        7.3883
BFGS:  153 20:47:18    -1093.348589        6.7680
BFGS:  154 20:47:18    -1093.513380        7.2190
BFGS:  155 20:47:18    -1093.628925        6.5258
BFGS:  156 20:47:18    -1093.703877        5.0646
BFGS:  157 20:47:18    -1093.762049        5.0162
BFGS:  158 20:47:18    -1093.869129        5.5656
BFGS:  159 20:47:18    -1093.962840        6.0171
BFGS:  160 20:47:18    -1094.092338        5.9476
BFGS:  161 20:47:18    -1094.199382        5.8671
BFGS:  162 20:47:18    -1094.384468        5.2889
BFGS:  163 20:47:18    -1094.549757        5.2508
BFGS:  164 20:47:18    -1094.751203        5.9411
BFGS:  165 20:47:18    -1095.062835        7.3092
BFGS:  166 20:47:18    -1095.411507        7.9088
BFGS:  167 20:47:18    -1095.671492        7.1013
BFGS:  168 20:47:18    -1096.057175        8.7925
BFGS:  169 20:47:19    -1096.472993        6.4861
BFGS:  170 20:47:19    -1096.818634        7.1500
BFGS:  171 20:47:19    -1097.212190        5.6598
BFGS:  172 20:47:19    -1097.571982        6.1742
BFGS:  173 20:47:19    -1097.887451        6.4108
BFGS:  174 20:47:19    -1098.155491        6.3486
BFGS:  175 20:47:19    -1098.391168        5.7918
BFGS:  176 20:47:19    -1098.608542        4.5437
BFGS:  177 20:47:19    -1098.817599        3.8690
BFGS:  178 20:47:19    -1098.939613        3.3247
BFGS:  179 20:47:19    -1099.017600        2.5049
BFGS:  180 20:47:19    -1099.076149        2.5875
BFGS:  181 20:47:19    -1099.135248        2.1907
BFGS:  182 20:47:19    -1099.184892        1.9027
BFGS:  183 20:47:19    -1099.217013        1.5965
BFGS:  184 20:47:19    -1099.247508        1.7141
BFGS:  185 20:47:19    -1099.281355        1.5528
BFGS:  186 20:47:19    -1099.304971        1.0581
BFGS:  187 20:47:19    -1099.319614        0.9309
BFGS:  188 20:47:19    -1099.330223        0.9436
BFGS:  189 20:47:19    -1099.338445        0.8004
BFGS:  190 20:47:19    -1099.345319        0.7974
BFGS:  191 20:47:19    -1099.352891        0.7134
BFGS:  192 20:47:19    -1099.359064        0.6451
BFGS:  193 20:47:19    -1099.363057        0.6666
BFGS:  194 20:47:19    -1099.365721        0.6834
BFGS:  195 20:47:19    -1099.367601        0.6605
BFGS:  196 20:47:19    -1099.369661        0.6257
BFGS:  197 20:47:19    -1099.371731        0.5795
BFGS:  198 20:47:19    -1099.373427        0.5449
BFGS:  199 20:47:19    -1099.374635        0.5139
BFGS:  200 20:47:20    -1099.375578        0.4808
BFGS:  201 20:47:20    -1099.376361        0.4391
BFGS:  202 20:47:20    -1099.376969        0.4666
BFGS:  203 20:47:20    -1099.377462        0.5203
BFGS:  204 20:47:20    -1099.377967        0.5402
BFGS:  205 20:47:20    -1099.378560        0.5214
BFGS:  206 20:47:20    -1099.379176        0.4773
BFGS:  207 20:47:20    -1099.379735        0.4341
BFGS:  208 20:47:20    -1099.380225        0.4251
BFGS:  209 20:47:20    -1099.380674        0.4531
BFGS:  210 20:47:20    -1099.381086        0.5125
BFGS:  211 20:47:20    -1099.381459        0.5723
BFGS:  212 20:47:20    -1099.381758        0.6051
BFGS:  213 20:47:20    -1099.381979        0.5970
BFGS:  214 20:47:20    -1099.382133        0.5636
BFGS:  215 20:47:20    -1099.382238        0.5255
BFGS:  216 20:47:20    -1099.382303        0.5031
BFGS:  217 20:47:20    -1099.382344        0.5000
BFGS:  218 20:47:20    -1099.382368        0.5094
BFGS:  219 20:47:20    -1099.382387        0.5211
BFGS:  220 20:47:20    -1099.382405        0.5296
BFGS:  221 20:47:20    -1099.382426        0.5305
BFGS:  222 20:47:20    -1099.382448        0.5190
BFGS:  223 20:47:20    -1099.382466        0.4989
BFGS:  224 20:47:20    -1099.382476        0.4809
BFGS:  225 20:47:20    -1099.382483        0.4706
BFGS:  226 20:47:20    -1099.382489        0.4657
BFGS:  227 20:47:20    -1099.382493        0.4654
BFGS:  228 20:47:20    -1099.382497        0.4673
BFGS:  229 20:47:20    -1099.382500        0.4699
BFGS:  230 20:47:20    -1099.382504        0.4714
BFGS:  231 20:47:21    -1099.382509        0.4715
BFGS:  232 20:47:21    -1099.382514        0.4686
BFGS:  233 20:47:21    -1099.382519        0.4638
BFGS:  234 20:47:21    -1099.382522        0.4592
BFGS:  235 20:47:21    -1099.382523        0.4571
BFGS:  236 20:47:21    -1099.382524        0.4566
BFGS:  237 20:47:21    -1099.382525        0.4573
BFGS:  238 20:47:21    -1099.382526        0.4583
