      Step     Time          Energy         fmax
BFGS:    0 20:44:15     -758.520377      192.2071
BFGS:    1 20:44:15     -803.535589      178.7251
BFGS:    2 20:44:15     -832.879459      161.0488
BFGS:    3 20:44:15     -855.466417      151.7619
BFGS:    4 20:44:16     -877.707644      137.6374
BFGS:    5 20:44:16     -897.360961      123.2320
BFGS:    6 20:44:16     -915.316491      111.9875
BFGS:    7 20:44:16     -931.542657       99.7855
BFGS:    8 20:44:16     -942.280179       96.3171
BFGS:    9 20:44:16     -954.391665       87.6904
BFGS:   10 20:44:16     -963.798226       84.0774
BFGS:   11 20:44:16     -970.575796       77.1863
BFGS:   12 20:44:16     -975.983864       74.3112
BFGS:   13 20:44:16     -980.655151       71.1035
BFGS:   14 20:44:16     -984.973196       66.9316
BFGS:   15 20:44:16     -988.955779       63.9045
BFGS:   16 20:44:16     -992.859601       60.8932
BFGS:   17 20:44:16     -996.221231       57.6907
BFGS:   18 20:44:16     -999.775768       55.3332
BFGS:   19 20:44:16    -1003.658877       51.2796
BFGS:   20 20:44:16    -1007.686248       48.2959
BFGS:   21 20:44:16    -1011.563195       46.5736
BFGS:   22 20:44:16    -1015.046388       44.6107
BFGS:   23 20:44:16    -1019.049918       44.6264
BFGS:   24 20:44:16    -1022.455444       40.3057
BFGS:   25 20:44:16    -1025.533545       38.7174
BFGS:   26 20:44:16    -1028.253064       35.8244
BFGS:   27 20:44:16    -1030.849099       33.0487
BFGS:   28 20:44:16    -1033.090096       29.2501
BFGS:   29 20:44:16    -1034.892249       26.9179
BFGS:   30 20:44:17    -1036.524273       24.4861
BFGS:   31 20:44:17    -1038.013915       21.9201
BFGS:   32 20:44:17    -1039.402180       19.7783
BFGS:   33 20:44:17    -1040.735661       18.0139
BFGS:   34 20:44:17    -1042.168812       15.0234
BFGS:   35 20:44:17    -1043.483124       13.6007
BFGS:   36 20:44:17    -1044.727928       12.7736
BFGS:   37 20:44:17    -1045.925911       11.7225
BFGS:   38 20:44:17    -1047.115941       12.5481
BFGS:   39 20:44:17    -1048.375734       13.0461
BFGS:   40 20:44:17    -1049.671043       13.5773
BFGS:   41 20:44:17    -1050.943422       13.3007
BFGS:   42 20:44:17    -1052.131705       11.6674
BFGS:   43 20:44:17    -1053.151890        9.4312
BFGS:   44 20:44:17    -1054.073994        9.3324
BFGS:   45 20:44:17    -1054.869269        9.3902
BFGS:   46 20:44:17    -1055.598328       12.6067
BFGS:   47 20:44:17    -1056.308940       12.8388
BFGS:   48 20:44:17    -1057.083432        9.3958
BFGS:   49 20:44:17    -1057.861720        9.4578
BFGS:   50 20:44:17    -1058.605642        9.8843
BFGS:   51 20:44:17    -1059.367771       10.3339
BFGS:   52 20:44:17    -1060.117767       12.5623
BFGS:   53 20:44:17    -1060.890536       15.3146
BFGS:   54 20:44:17    -1061.728559       18.1344
BFGS:   55 20:44:17    -1062.563216       20.5584
BFGS:   56 20:44:17    -1063.434017       22.1691
BFGS:   57 20:44:17    -1064.292546       22.9927
BFGS:   58 20:44:18    -1065.109564       23.0415
BFGS:   59 20:44:18    -1065.800056       22.4470
BFGS:   60 20:44:18    -1066.474621       20.9116
BFGS:   61 20:44:18    -1067.113098       21.1066
BFGS:   62 20:44:18    -1067.765048       21.3319
BFGS:   63 20:44:18    -1068.401819       21.1809
BFGS:   64 20:44:18    -1069.034668       20.6918
BFGS:   65 20:44:18    -1069.685406       20.1824
BFGS:   66 20:44:18    -1070.354302       19.2518
BFGS:   67 20:44:18    -1071.083413       19.1764
BFGS:   68 20:44:18    -1071.794732       18.1735
BFGS:   69 20:44:18    -1072.558818       17.6688
BFGS:   70 20:44:18    -1073.345208       16.9929
BFGS:   71 20:44:18    -1074.125747       16.7475
BFGS:   72 20:44:18    -1074.947043       17.3660
BFGS:   73 20:44:18    -1075.740733       17.8169
BFGS:   74 20:44:18    -1076.516954       18.0365
BFGS:   75 20:44:18    -1077.279122       17.9377
BFGS:   76 20:44:18    -1077.967492       17.6128
BFGS:   77 20:44:18    -1078.610039       16.9132
BFGS:   78 20:44:18    -1079.229489       16.1148
BFGS:   79 20:44:18    -1079.861121       15.1042
BFGS:   80 20:44:18    -1080.547561       13.8381
BFGS:   81 20:44:18    -1081.325837       12.4331
BFGS:   82 20:44:18    -1082.118904       11.2008
BFGS:   83 20:44:18    -1082.833114       11.0896
BFGS:   84 20:44:18    -1083.446358       10.5943
BFGS:   85 20:44:18    -1084.040576        9.7053
BFGS:   86 20:44:18    -1084.601710        8.2976
BFGS:   87 20:44:18    -1085.085304        7.0059
BFGS:   88 20:44:18    -1085.524237        5.9473
BFGS:   89 20:44:18    -1085.932118        5.8618
BFGS:   90 20:44:18    -1086.330060        5.8275
BFGS:   91 20:44:19    -1086.719044        5.7979
BFGS:   92 20:44:19    -1087.096922        5.7855
BFGS:   93 20:44:19    -1087.461781        5.7683
BFGS:   94 20:44:19    -1087.814198        5.7626
BFGS:   95 20:44:19    -1088.155319        5.7591
BFGS:   96 20:44:19    -1088.458612        6.1809
BFGS:   97 20:44:19    -1088.767231        6.5535
BFGS:   98 20:44:19    -1089.081386        6.1590
BFGS:   99 20:44:19    -1089.408680        6.6553
BFGS:  100 20:44:19    -1089.761409        7.1404
BFGS:  101 20:44:19    -1090.129236        7.5389
BFGS:  102 20:44:19    -1090.505344        7.8379
BFGS:  103 20:44:19    -1090.879687        7.9967
BFGS:  104 20:44:19    -1091.189947        8.1480
BFGS:  105 20:44:19    -1091.637311        8.3113
BFGS:  106 20:44:19    -1092.019842        8.2363
BFGS:  107 20:44:19    -1092.361590        8.7129
BFGS:  108 20:44:19    -1092.736811        8.9975
BFGS:  109 20:44:19    -1093.176851        8.4213
BFGS:  110 20:44:19    -1093.697228        8.1450
BFGS:  111 20:44:19    -1094.099190        7.3347
BFGS:  112 20:44:19    -1094.469680        7.1212
BFGS:  113 20:44:19    -1094.670725        6.3917
BFGS:  114 20:44:19    -1094.893503        5.9697
BFGS:  115 20:44:19    -1095.132796        5.7550
BFGS:  116 20:44:19    -1095.285469        5.4147
BFGS:  117 20:44:19    -1095.470743        5.9296
BFGS:  118 20:44:19    -1095.698777        6.2878
BFGS:  119 20:44:19    -1095.953734        6.7892
BFGS:  120 20:44:19    -1096.183101        6.4419
BFGS:  121 20:44:19    -1096.507198        5.1432
BFGS:  122 20:44:19    -1096.703556        3.4066
BFGS:  123 20:44:19    -1096.907719        3.1993
BFGS:  124 20:44:20    -1097.114901        3.6076
BFGS:  125 20:44:20    -1097.277190        3.9569
BFGS:  126 20:44:20    -1097.427252        4.3217
BFGS:  127 20:44:20    -1097.603266        4.7473
BFGS:  128 20:44:20    -1097.749126        5.6040
BFGS:  129 20:44:20    -1097.957181        5.2147
BFGS:  130 20:44:20    -1098.217542        5.9204
BFGS:  131 20:44:20    -1098.337055        5.0867
BFGS:  132 20:44:20    -1098.576823        4.1982
BFGS:  133 20:44:20    -1098.745971        5.3246
BFGS:  134 20:44:20    -1098.924411        4.2554
BFGS:  135 20:44:20    -1099.066339        3.9555
BFGS:  136 20:44:20    -1099.187494        3.5681
BFGS:  137 20:44:20    -1099.310258        3.0852
BFGS:  138 20:44:20    -1099.426911        2.5266
BFGS:  139 20:44:20    -1099.535074        2.0993
BFGS:  140 20:44:20    -1099.613852        2.0087
BFGS:  141 20:44:20    -1099.647406        5.7405
BFGS:  142 20:44:20    -1099.561627        3.2507
BFGS:  143 20:44:20    -1099.698070        1.5711
BFGS:  144 20:44:20    -1099.712464        1.2300
BFGS:  145 20:44:20    -1099.734265        0.9973
BFGS:  146 20:44:20    -1099.750549        0.7953
BFGS:  147 20:44:20    -1099.757960        0.6848
BFGS:  148 20:44:20    -1099.762529        0.8103
BFGS:  149 20:44:20    -1099.765850        0.6556
BFGS:  150 20:44:20    -1099.770154        0.5719
BFGS:  151 20:44:20    -1099.775824        0.3964
BFGS:  152 20:44:20    -1099.777580        0.3480
BFGS:  153 20:44:20    -1099.779232        0.3566
BFGS:  154 20:44:20    -1099.780080        0.3424
BFGS:  155 20:44:20    -1099.780737        0.3283
BFGS:  156 20:44:20    -1099.781272        0.3251
BFGS:  157 20:44:20    -1099.781748        0.2991
BFGS:  158 20:44:21    -1099.782198        0.2757
BFGS:  159 20:44:21    -1099.782647        0.2443
BFGS:  160 20:44:21    -1099.783033        0.2143
BFGS:  161 20:44:21    -1099.783337        0.1947
BFGS:  162 20:44:21    -1099.783595        0.1889
BFGS:  163 20:44:21    -1099.783841        0.1590
BFGS:  164 20:44:21    -1099.784063        0.1179
BFGS:  165 20:44:21    -1099.784234        0.1092
BFGS:  166 20:44:21    -1099.784350        0.1030
BFGS:  167 20:44:21    -1099.784430        0.0842
