      Step     Time          Energy         fmax
BFGS:    0 20:45:45     -806.872191      165.2508
BFGS:    1 20:45:45     -838.664626      129.1911
BFGS:    2 20:45:45     -850.819519      124.5089
BFGS:    3 20:45:45     -860.884787      114.8311
BFGS:    4 20:45:45     -870.841723      105.1110
BFGS:    5 20:45:45     -884.168321      100.8148
BFGS:    6 20:45:45     -898.219190       88.9593
BFGS:    7 20:45:45     -912.056678       78.8543
BFGS:    8 20:45:45     -924.873459       75.2413
BFGS:    9 20:45:45     -935.951954       78.1667
BFGS:   10 20:45:45     -945.839955       78.8739
BFGS:   11 20:45:45     -955.572455       73.9331
BFGS:   12 20:45:45     -966.825632       67.6208
BFGS:   13 20:45:45     -975.707893       53.7773
BFGS:   14 20:45:45     -983.374906       53.7873
BFGS:   15 20:45:45     -989.615707       48.2482
BFGS:   16 20:45:45     -995.626443       47.5519
BFGS:   17 20:45:45    -1001.783887       47.6407
BFGS:   18 20:45:45    -1008.011643       43.2602
BFGS:   19 20:45:45    -1014.406767       47.6212
BFGS:   20 20:45:45    -1021.003460       41.6833
BFGS:   21 20:45:45    -1027.461225       42.4515
BFGS:   22 20:45:46    -1032.856187       41.9372
BFGS:   23 20:45:46    -1038.272481       38.6977
BFGS:   24 20:45:46    -1042.602304       36.6092
BFGS:   25 20:45:46    -1046.510897       35.7565
BFGS:   26 20:45:46    -1050.422403       33.6206
BFGS:   27 20:45:46    -1054.252346       30.9785
BFGS:   28 20:45:46    -1057.922804       28.4878
BFGS:   29 20:45:46    -1060.809417       27.3258
BFGS:   30 20:45:46    -1063.388505       26.2927
BFGS:   31 20:45:46    -1065.473625       26.3977
BFGS:   32 20:45:46    -1067.620916       26.7896
BFGS:   33 20:45:46    -1069.638256       26.8153
BFGS:   34 20:45:46    -1071.573013       22.8438
BFGS:   35 20:45:46    -1073.434132       20.9042
BFGS:   36 20:45:46    -1075.227329       18.6284
BFGS:   37 20:45:46    -1077.051985       16.4090
BFGS:   38 20:45:46    -1078.571274       14.3119
BFGS:   39 20:45:46    -1079.836016       12.7670
BFGS:   40 20:45:46    -1080.916092        9.2899
BFGS:   41 20:45:46    -1081.742623       11.5510
BFGS:   42 20:45:46    -1082.542118        7.1168
BFGS:   43 20:45:46    -1083.059024        7.6166
BFGS:   44 20:45:46    -1083.163859        8.7149
BFGS:   45 20:45:46    -1083.668903        8.2886
BFGS:   46 20:45:46    -1083.794708        9.3199
BFGS:   47 20:45:46    -1084.036643        9.1509
BFGS:   48 20:45:46    -1084.066488        7.4911
BFGS:   49 20:45:46    -1084.457315        5.7217
BFGS:   50 20:45:47    -1084.441692        7.8422
BFGS:   51 20:45:47    -1084.567725        4.9584
BFGS:   52 20:45:47    -1084.586750        6.2563
BFGS:   53 20:45:47    -1084.663451        2.9982
BFGS:   54 20:45:47    -1084.664266        5.2904
BFGS:   55 20:45:47    -1084.679576        9.2391
BFGS:   56 20:45:47    -1084.513393        8.6772
BFGS:   57 20:45:47    -1084.707746        4.8200
BFGS:   58 20:45:47    -1084.725371        3.3427
BFGS:   59 20:45:47    -1084.725852        4.4016
BFGS:   60 20:45:47    -1084.775138        4.2978
BFGS:   61 20:45:47    -1084.806456        2.7041
BFGS:   62 20:45:47    -1084.830216        6.3961
BFGS:   63 20:45:47    -1084.887069        5.7976
BFGS:   64 20:45:47    -1084.943231        5.4118
BFGS:   65 20:45:47    -1085.005268        4.9428
BFGS:   66 20:45:47    -1085.097266        5.2225
BFGS:   67 20:45:47    -1085.042339        7.9391
BFGS:   68 20:45:47    -1085.182801        7.1192
BFGS:   69 20:45:47    -1085.285478        4.0573
BFGS:   70 20:45:47    -1085.364396        7.7260
BFGS:   71 20:45:47    -1085.420958        5.0868
BFGS:   72 20:45:47    -1085.503321        4.2323
BFGS:   73 20:45:47    -1085.556965        4.9602
BFGS:   74 20:45:47    -1085.592433        5.7204
BFGS:   75 20:45:47    -1085.663534        4.0716
BFGS:   76 20:45:47    -1085.709572        7.0598
BFGS:   77 20:45:47    -1085.775207        4.3621
BFGS:   78 20:45:47    -1085.913200        4.6420
BFGS:   79 20:45:48    -1086.053621        5.3960
BFGS:   80 20:45:48    -1086.192145        6.3770
BFGS:   81 20:45:48    -1086.331687        6.6067
BFGS:   82 20:45:48    -1086.584916        7.4536
BFGS:   83 20:45:48    -1086.919384        8.8679
BFGS:   84 20:45:48    -1087.392609        9.6429
BFGS:   85 20:45:48    -1087.880937        8.9187
BFGS:   86 20:45:48    -1088.351033        9.3336
BFGS:   87 20:45:48    -1088.701933        9.3574
BFGS:   88 20:45:48    -1089.034546        9.0843
BFGS:   89 20:45:48    -1089.257826        7.8847
BFGS:   90 20:45:48    -1089.479271        7.6544
BFGS:   91 20:45:48    -1089.688353        8.0597
BFGS:   92 20:45:48    -1089.892152        5.2814
BFGS:   93 20:45:48    -1090.029046        5.7213
BFGS:   94 20:45:48    -1090.111659        3.7749
BFGS:   95 20:45:48    -1090.183617        3.3211
BFGS:   96 20:45:48    -1090.311066        3.1723
BFGS:   97 20:45:48    -1090.407667        4.8369
BFGS:   98 20:45:48    -1090.561814        3.8535
BFGS:   99 20:45:48    -1090.724892        3.9891
BFGS:  100 20:45:48    -1090.806217        4.4461
BFGS:  101 20:45:48    -1090.957703        4.2974
BFGS:  102 20:45:48    -1091.060113        3.8248
BFGS:  103 20:45:48    -1091.169949        3.7235
BFGS:  104 20:45:48    -1090.926677       10.7230
BFGS:  105 20:45:48    -1091.283731        5.6750
BFGS:  106 20:45:48    -1091.303816        8.6676
BFGS:  107 20:45:48    -1091.382065        3.9582
BFGS:  108 20:45:48    -1091.422822        5.9360
BFGS:  109 20:45:48    -1091.470111        4.4729
BFGS:  110 20:45:49    -1091.499227        5.8355
BFGS:  111 20:45:49    -1091.531663        6.9645
BFGS:  112 20:45:49    -1091.349483        5.5364
BFGS:  113 20:45:49    -1091.540154        3.7231
BFGS:  114 20:45:49    -1091.566596        3.5991
BFGS:  115 20:45:49    -1091.574514        6.9422
BFGS:  116 20:45:49    -1091.553386        5.4076
BFGS:  117 20:45:49    -1091.609046        6.4244
BFGS:  118 20:45:49    -1091.483753        6.2724
BFGS:  119 20:45:49    -1091.606316        2.9001
BFGS:  120 20:45:49    -1091.630981        8.3878
BFGS:  121 20:45:49    -1091.645881        2.4689
BFGS:  122 20:45:49    -1091.670823        2.4572
BFGS:  123 20:45:49    -1091.722352        9.2183
BFGS:  124 20:45:49    -1091.761891        8.4973
BFGS:  125 20:45:49    -1091.796898        5.4966
BFGS:  126 20:45:49    -1091.798091        2.7712
BFGS:  127 20:45:49    -1091.851883        2.5605
BFGS:  128 20:45:49    -1091.870595        5.1850
BFGS:  129 20:45:49    -1091.888380        2.0436
BFGS:  130 20:45:49    -1091.899915        7.8053
BFGS:  131 20:45:49    -1091.921537       10.0289
BFGS:  132 20:45:49    -1091.939157        2.0591
BFGS:  133 20:45:49    -1091.964870        2.1738
BFGS:  134 20:45:49    -1091.986551        8.1639
BFGS:  135 20:45:49    -1092.000779        2.5634
BFGS:  136 20:45:49    -1092.022001        2.5304
BFGS:  137 20:45:49    -1092.034850        2.3008
BFGS:  138 20:45:49    -1092.048815        1.8667
BFGS:  139 20:45:49    -1092.045212        9.6028
BFGS:  140 20:45:49    -1092.055260        1.9342
BFGS:  141 20:45:50    -1092.064263        1.9216
BFGS:  142 20:45:50    -1092.069325        1.8512
BFGS:  143 20:45:50    -1092.074322        1.9987
BFGS:  144 20:45:50    -1092.081051        2.0449
BFGS:  145 20:45:50    -1092.075492        2.3544
BFGS:  146 20:45:50    -1092.079457        2.4874
BFGS:  147 20:45:50    -1092.096492        1.9425
BFGS:  148 20:45:50    -1092.106127        1.8984
BFGS:  149 20:45:50    -1092.106098        2.2416
BFGS:  150 20:45:50    -1092.127677        1.8543
BFGS:  151 20:45:50    -1092.020141        7.6156
BFGS:  152 20:45:50    -1092.139572        2.1863
BFGS:  153 20:45:50    -1092.148506        1.8354
BFGS:  154 20:45:50    -1092.159623        7.5497
BFGS:  155 20:45:50    -1092.140999        8.1115
BFGS:  156 20:45:50    -1092.159133        1.9072
BFGS:  157 20:45:50    -1092.161722        1.8773
BFGS:  158 20:45:50    -1092.165546        1.8906
BFGS:  159 20:45:50    -1092.139040        8.7716
BFGS:  160 20:45:50    -1092.169668        1.8415
BFGS:  161 20:45:50    -1092.172450        7.5601
BFGS:  162 20:45:50    -1092.167139        1.9274
BFGS:  163 20:45:50    -1092.173808        1.9100
BFGS:  164 20:45:50    -1092.137196        8.8934
BFGS:  165 20:45:50    -1092.173769        7.3789
BFGS:  166 20:45:50    -1092.163539        1.8651
BFGS:  167 20:45:50    -1092.176550        1.8302
BFGS:  168 20:45:50    -1092.179307        1.8411
BFGS:  169 20:45:50    -1092.147626        8.9234
BFGS:  170 20:45:50    -1092.181163        7.6438
BFGS:  171 20:45:50    -1092.181338        1.8571
BFGS:  172 20:45:51    -1092.183882        1.8674
BFGS:  173 20:45:51    -1092.105365        8.9565
BFGS:  174 20:45:51    -1092.174326        7.9457
BFGS:  175 20:45:51    -1092.066010        2.6905
BFGS:  176 20:45:51    -1092.144771        1.9307
BFGS:  177 20:45:51    -1092.112319        8.9579
BFGS:  178 20:45:51    -1092.171550        1.8359
BFGS:  179 20:45:51    -1092.181357        1.8653
BFGS:  180 20:45:51    -1092.085141        9.0198
BFGS:  181 20:45:51    -1092.181963        1.6796
BFGS:  182 20:45:51    -1092.186647        1.8762
BFGS:  183 20:45:51    -1092.183705        7.9377
BFGS:  184 20:45:51    -1092.185944        1.6937
BFGS:  185 20:45:51    -1092.185573        1.8642
BFGS:  186 20:45:51    -1092.187071        1.8686
BFGS:  187 20:45:51    -1092.124187        9.0195
BFGS:  188 20:45:51    -1092.181311        9.0044
BFGS:  189 20:45:51    -1091.979697        5.0903
BFGS:  190 20:45:51    -1092.131813        2.8049
BFGS:  191 20:45:51    -1092.095669        9.1046
BFGS:  192 20:45:51    -1092.171752        1.8230
BFGS:  193 20:45:51    -1092.183391        1.8673
BFGS:  194 20:45:51    -1092.112497        8.9734
BFGS:  195 20:45:51    -1092.182211        1.5705
BFGS:  196 20:45:51    -1092.179219        1.8607
BFGS:  197 20:45:51    -1092.184768        1.8681
BFGS:  198 20:45:51    -1092.101642        8.9833
BFGS:  199 20:45:51    -1092.183170        1.5910
BFGS:  200 20:45:51    -1092.176686        1.8410
BFGS:  201 20:45:51    -1092.184934        1.8665
BFGS:  202 20:45:52    -1092.102928        8.9765
BFGS:  203 20:45:52    -1092.184641        7.9392
BFGS:  204 20:45:52    -1092.112303        2.8863
BFGS:  205 20:45:52    -1092.163224        1.9947
BFGS:  206 20:45:52    -1092.069840        9.0559
BFGS:  207 20:45:52    -1092.184819        1.6472
BFGS:  208 20:45:52    -1092.180472        1.8691
BFGS:  209 20:45:52    -1092.185507        1.8858
BFGS:  210 20:45:52    -1092.101403        8.9677
BFGS:  211 20:45:52    -1092.183895        8.9853
BFGS:  212 20:45:52    -1092.163823        1.9156
BFGS:  213 20:45:52    -1092.179673        1.8623
BFGS:  214 20:45:52    -1092.113423        8.9433
BFGS:  215 20:45:52    -1092.188534        1.7015
BFGS:  216 20:45:52    -1092.184553        1.8796
BFGS:  217 20:45:52    -1092.186535        7.2663
BFGS:  218 20:45:52    -1092.183090        8.9744
BFGS:  219 20:45:52    -1092.187994        1.7205
BFGS:  220 20:45:52    -1092.185425        1.8846
BFGS:  221 20:45:52    -1092.187656        1.8918
BFGS:  222 20:45:52    -1092.062942        8.8288
BFGS:  223 20:45:52    -1092.179252        8.9630
BFGS:  224 20:45:52    -1092.142176        1.9218
BFGS:  225 20:45:52    -1092.178222        1.8799
BFGS:  226 20:45:52    -1092.151285        8.9165
BFGS:  227 20:45:52    -1092.188730        1.9035
BFGS:  228 20:45:52    -1092.183899        7.9159
BFGS:  229 20:45:52    -1092.187906        1.7236
BFGS:  230 20:45:52    -1092.175492        7.3372
BFGS:  231 20:45:52    -1092.184984        1.8870
BFGS:  232 20:45:52    -1092.172414        2.0041
BFGS:  233 20:45:53    -1092.189178        1.7223
BFGS:  234 20:45:53    -1092.161905        1.9005
BFGS:  235 20:45:53    -1092.181863        1.8837
BFGS:  236 20:45:53    -1092.156972        8.8850
BFGS:  237 20:45:53    -1092.189567        1.7312
BFGS:  238 20:45:53    -1092.161573        7.4405
BFGS:  239 20:45:53    -1092.181412        1.8846
BFGS:  240 20:45:53    -1092.157103        8.8787
BFGS:  241 20:45:53    -1092.190108        1.7326
BFGS:  242 20:45:53    -1092.157863        1.9193
BFGS:  243 20:45:53    -1092.180710        1.8848
BFGS:  244 20:45:53    -1092.157059        8.8603
BFGS:  245 20:45:53    -1092.190251        7.9013
BFGS:  246 20:45:53    -1092.134789        9.7785
BFGS:  247 20:45:53    -1092.176423        1.8888
BFGS:  248 20:45:53    -1092.149023        8.8478
BFGS:  249 20:45:53    -1092.190209        1.9231
BFGS:  250 20:45:53    -1092.183829        1.7585
BFGS:  251 20:45:53    -1092.188944        7.6821
BFGS:  252 20:45:53    -1092.092622        2.7572
BFGS:  253 20:45:53    -1092.170735        1.8846
BFGS:  254 20:45:53    -1092.130427        8.3761
BFGS:  255 20:45:53    -1092.189901        1.9356
BFGS:  256 20:45:53    -1092.182536        7.8731
BFGS:  257 20:45:53    -1092.189039        1.7538
BFGS:  258 20:45:53    -1092.149794        7.4946
BFGS:  259 20:45:53    -1092.179686        7.2953
BFGS:  260 20:45:53    -1092.147757        7.5504
BFGS:  261 20:45:53    -1092.190377        1.7496
BFGS:  262 20:45:53    -1092.154350        7.4643
BFGS:  263 20:45:54    -1092.180145        1.9055
BFGS:  264 20:45:54    -1092.159148        8.8454
BFGS:  265 20:45:54    -1092.190621        1.9397
BFGS:  266 20:45:54    -1092.184973        7.6487
BFGS:  267 20:45:54    -1092.189604        1.7616
BFGS:  268 20:45:54    -1092.136844        9.7830
BFGS:  269 20:45:54    -1092.177593        9.0074
BFGS:  270 20:45:54    -1092.145442        2.7975
BFGS:  271 20:45:54    -1092.190852        1.8864
BFGS:  272 20:45:54    -1092.152707        9.7418
BFGS:  273 20:45:54    -1092.179778        7.2914
BFGS:  274 20:45:54    -1092.153890        2.5707
BFGS:  275 20:45:54    -1092.191054        1.9510
BFGS:  276 20:45:54    -1092.184187        1.7949
BFGS:  277 20:45:54    -1092.189023        1.7791
BFGS:  278 20:45:54    -1092.139197        9.1113
BFGS:  279 20:45:54    -1092.178450        1.9131
BFGS:  280 20:45:54    -1092.156301        2.5182
BFGS:  281 20:45:54    -1092.190614        1.9480
BFGS:  282 20:45:54    -1092.185197        1.7898
BFGS:  283 20:45:54    -1092.190240        1.7737
BFGS:  284 20:45:54    -1092.146426        9.7475
BFGS:  285 20:45:54    -1092.179543        1.9202
BFGS:  286 20:45:54    -1092.152612        2.6027
BFGS:  287 20:45:54    -1092.191197        7.8705
BFGS:  288 20:45:54    -1092.147300        9.7468
BFGS:  289 20:45:54    -1092.179060        7.7159
BFGS:  290 20:45:54    -1092.159855        2.4181
BFGS:  291 20:45:54    -1092.190686        1.9547
BFGS:  292 20:45:54    -1092.185660        1.7990
BFGS:  293 20:45:54    -1092.190459        1.7826
BFGS:  294 20:45:55    -1092.146365        9.7516
BFGS:  295 20:45:55    -1092.179342        7.2792
BFGS:  296 20:45:55    -1092.150086        2.6504
BFGS:  297 20:45:55    -1092.191178        1.7905
BFGS:  298 20:45:55    -1092.146597        9.7656
BFGS:  299 20:45:55    -1092.179052        8.9874
BFGS:  300 20:45:55    -1092.151721        2.6639
BFGS:  301 20:45:55    -1092.191204        1.9718
BFGS:  302 20:45:55    -1092.184378        1.8185
BFGS:  303 20:45:55    -1092.189543        1.7977
BFGS:  304 20:45:55    -1092.147957        9.7545
BFGS:  305 20:45:55    -1092.180094        7.2639
BFGS:  306 20:45:55    -1092.156646        2.5060
BFGS:  307 20:45:55    -1092.191125        1.9712
BFGS:  308 20:45:55    -1092.185149        1.8189
BFGS:  309 20:45:55    -1092.189992        1.8001
BFGS:  310 20:45:55    -1092.147402        9.7540
BFGS:  311 20:45:55    -1092.179869        1.9351
BFGS:  312 20:45:55    -1092.150861        2.6568
BFGS:  313 20:45:55    -1092.191204        7.6303
BFGS:  314 20:45:55    -1092.149988        7.4510
BFGS:  315 20:45:55    -1092.179843        1.9377
BFGS:  316 20:45:55    -1092.163265        2.3318
BFGS:  317 20:45:55    -1092.190650        1.9710
BFGS:  318 20:45:55    -1092.186669        1.8175
BFGS:  319 20:45:55    -1092.191196        7.8489
BFGS:  320 20:45:55    -1092.078696        9.8878
BFGS:  321 20:45:55    -1092.168506        9.6884
BFGS:  322 20:45:55    -1092.106467        7.8371
BFGS:  323 20:45:55    -1092.190965        1.7915
BFGS:  324 20:45:56    -1092.154627        1.9844
BFGS:  325 20:45:56    -1092.180870        1.9374
BFGS:  326 20:45:56    -1092.162069        7.8242
BFGS:  327 20:45:56    -1092.191201        1.9689
BFGS:  328 20:45:56    -1092.185873        7.8446
BFGS:  329 20:45:56    -1092.190545        1.8027
BFGS:  330 20:45:56    -1092.145252        9.7720
BFGS:  331 20:45:56    -1092.179446        1.9399
BFGS:  332 20:45:56    -1092.157645        7.8210
BFGS:  333 20:45:56    -1092.191350        1.9740
BFGS:  334 20:45:56    -1092.185460        1.8280
BFGS:  335 20:45:56    -1092.190457        1.8089
BFGS:  336 20:45:56    -1092.145898        9.7610
BFGS:  337 20:45:56    -1092.179443        1.9454
BFGS:  338 20:45:56    -1092.144049        7.8143
BFGS:  339 20:45:56    -1092.190675        7.8421
BFGS:  340 20:45:56    -1092.149602        2.0654
BFGS:  341 20:45:56    -1092.180011        1.9506
BFGS:  342 20:45:56    -1092.160126        7.8143
BFGS:  343 20:45:56    -1092.190964        1.9826
BFGS:  344 20:45:56    -1092.186098        1.8374
BFGS:  345 20:45:56    -1092.190880        1.8171
BFGS:  346 20:45:56    -1092.146393        2.1327
BFGS:  347 20:45:56    -1092.179622        1.9507
BFGS:  348 20:45:56    -1092.143166        7.8069
BFGS:  349 20:45:56    -1092.190713        7.8360
BFGS:  350 20:45:56    -1092.151209        9.7498
BFGS:  351 20:45:56    -1092.180308        1.9549
BFGS:  352 20:45:56    -1092.163263        7.5053
BFGS:  353 20:45:56    -1092.190747        7.6241
BFGS:  354 20:45:56    -1092.186895        1.8431
BFGS:  355 20:45:57    -1092.191434        1.8236
BFGS:  356 20:45:57    -1092.146111        2.1347
BFGS:  357 20:45:57    -1092.179384        1.9564
BFGS:  358 20:45:57    -1092.159269        7.8037
BFGS:  359 20:45:57    -1092.190971        1.9903
BFGS:  360 20:45:57    -1092.186211        1.8471
BFGS:  361 20:45:57    -1092.191134        1.8257
BFGS:  362 20:45:57    -1092.146329        7.4375
BFGS:  363 20:45:57    -1092.179424        7.2450
BFGS:  364 20:45:57    -1092.141010        7.4075
BFGS:  365 20:45:57    -1092.190410        1.8413
BFGS:  366 20:45:57    -1092.149803        9.0774
BFGS:  367 20:45:57    -1092.180050        1.9609
BFGS:  368 20:45:57    -1092.144765        7.4324
BFGS:  369 20:45:57    -1092.190967        7.5958
BFGS:  370 20:45:57    -1092.149723        7.4085
BFGS:  371 20:45:57    -1092.180151        1.9589
BFGS:  372 20:45:57    -1092.160406        2.3957
BFGS:  373 20:45:57    -1092.191280        1.9914
BFGS:  374 20:45:57    -1092.185926        1.8474
BFGS:  375 20:45:57    -1092.190795        7.8255
BFGS:  376 20:45:57    -1092.108846        9.8584
BFGS:  377 20:45:57    -1092.173339        1.9471
BFGS:  378 20:45:57    -1092.133020        7.8056
BFGS:  379 20:45:57    -1092.191512        1.9984
BFGS:  380 20:45:57    -1092.182931        7.8185
BFGS:  381 20:45:57    -1092.189626        1.8229
BFGS:  382 20:45:57    -1092.151289        9.7313
BFGS:  383 20:45:57    -1092.181049        1.9679
BFGS:  384 20:45:57    -1092.161485        7.8027
BFGS:  385 20:45:57    -1092.191317        1.9977
BFGS:  386 20:45:58    -1092.186168        7.5788
BFGS:  387 20:45:58    -1092.190805        1.8344
BFGS:  388 20:45:58    -1092.118455        9.8406
BFGS:  389 20:45:58    -1092.175209        8.9821
BFGS:  390 20:45:58    -1092.134064        7.7988
BFGS:  391 20:45:58    -1092.191535        7.8237
BFGS:  392 20:45:58    -1092.149348        9.7490
BFGS:  393 20:45:58    -1092.179880        7.6786
BFGS:  394 20:45:58    -1092.162131        7.7935
BFGS:  395 20:45:58    -1092.190893        2.0024
BFGS:  396 20:45:58    -1092.186683        1.8596
BFGS:  397 20:45:58    -1092.191351        1.8387
BFGS:  398 20:45:58    -1092.144307        9.7606
BFGS:  399 20:45:58    -1092.179345        7.6804
BFGS:  400 20:45:58    -1092.156756        7.7912
BFGS:  401 20:45:58    -1092.191290        2.0054
BFGS:  402 20:45:58    -1092.185685        1.8651
BFGS:  403 20:45:58    -1092.190728        1.8429
BFGS:  404 20:45:58    -1092.144746        9.7598
BFGS:  405 20:45:58    -1092.179693        8.9547
BFGS:  406 20:45:58    -1092.142804        7.7869
BFGS:  407 20:45:58    -1092.190545        7.8167
BFGS:  408 20:45:58    -1092.149812        9.7452
BFGS:  409 20:45:58    -1092.180527        1.9741
BFGS:  410 20:45:58    -1092.167257        7.5462
BFGS:  411 20:45:58    -1092.190427        2.0047
BFGS:  412 20:45:58    -1092.187920        1.8582
BFGS:  413 20:45:58    -1092.191779        2.0120
BFGS:  414 20:45:58    -1092.190902        1.8450
BFGS:  415 20:45:58    -1092.191798        1.8407
BFGS:  416 20:45:59    -1092.143958        9.0767
BFGS:  417 20:45:59    -1092.179253        8.9549
BFGS:  418 20:45:59    -1092.137635        2.9674
BFGS:  419 20:45:59    -1092.189142        1.8645
BFGS:  420 20:45:59    -1092.148696        9.0744
BFGS:  421 20:45:59    -1092.181319        1.9805
BFGS:  422 20:45:59    -1092.169433        2.1860
BFGS:  423 20:45:59    -1092.190239        2.0123
BFGS:  424 20:45:59    -1092.188667        1.8613
BFGS:  425 20:45:59    -1092.191443        2.0178
BFGS:  426 20:45:59    -1092.191453        1.8476
BFGS:  427 20:45:59    -1092.191769        2.0187
BFGS:  428 20:45:59    -1092.191950        2.0190
BFGS:  429 20:45:59    -1092.168551        8.8470
BFGS:  430 20:45:59    -1092.188734        7.8168
BFGS:  431 20:45:59    -1092.164351        1.9867
BFGS:  432 20:45:59    -1092.185157        2.0098
BFGS:  433 20:45:59    -1092.144043        8.8399
BFGS:  434 20:45:59    -1092.187608        7.8293
BFGS:  435 20:45:59    -1092.150686        1.9752
BFGS:  436 20:45:59    -1092.182781        2.0002
BFGS:  437 20:45:59    -1092.142307        8.8575
BFGS:  438 20:45:59    -1092.188955        1.8326
BFGS:  439 20:45:59    -1092.176548        1.9878
BFGS:  440 20:45:59    -1092.188928        1.9958
BFGS:  441 20:45:59    -1092.184049        8.8767
BFGS:  442 20:45:59    -1092.191259        2.0018
BFGS:  443 20:45:59    -1092.191066        1.8310
BFGS:  444 20:45:59    -1092.191812        2.0043
BFGS:  445 20:45:59    -1092.191897        1.8294
BFGS:  446 20:45:59    -1092.191978        2.0054
BFGS:  447 20:46:00    -1092.192026        2.0065
BFGS:  448 20:46:00    -1092.191973        7.8288
BFGS:  449 20:46:00    -1092.192096        1.8319
BFGS:  450 20:46:00    -1092.191862        2.0075
BFGS:  451 20:46:00    -1092.192008        8.8775
BFGS:  452 20:46:00    -1092.190451        7.8287
BFGS:  453 20:46:00    -1092.191940        7.8252
BFGS:  454 20:46:00    -1092.178267        8.9781
BFGS:  455 20:46:00    -1092.188642        8.9016
BFGS:  456 20:46:00    -1092.177630        7.8418
BFGS:  457 20:46:00    -1092.190674        7.8248
BFGS:  458 20:46:00    -1092.174346        8.9790
BFGS:  459 20:46:00    -1092.188513        8.9000
BFGS:  460 20:46:00    -1092.175388        8.3402
BFGS:  461 20:46:00    -1092.190585        7.8214
BFGS:  462 20:46:00    -1092.173157        8.9810
BFGS:  463 20:46:00    -1092.188287        7.6244
BFGS:  464 20:46:00    -1092.183668        7.8292
BFGS:  465 20:46:00    -1092.191585        2.0186
BFGS:  466 20:46:00    -1092.191536        1.8509
BFGS:  467 20:46:00    -1092.191754        2.0189
BFGS:  468 20:46:00    -1092.191866        2.0192
BFGS:  469 20:46:00    -1092.145080        8.7598
BFGS:  470 20:46:00    -1092.185375        8.8423
BFGS:  471 20:46:00    -1092.150842        1.9937
BFGS:  472 20:46:00    -1092.180446        2.0003
BFGS:  473 20:46:00    -1092.109337        8.7041
BFGS:  474 20:46:00    -1092.187544        7.8357
BFGS:  475 20:46:00    -1092.159530        1.9916
BFGS:  476 20:46:00    -1092.183975        1.9939
BFGS:  477 20:46:01    -1092.169012        8.8139
BFGS:  478 20:46:01    -1092.190541        2.0070
BFGS:  479 20:46:01    -1092.189225        7.8238
BFGS:  480 20:46:01    -1092.191710        2.0113
BFGS:  481 20:46:01    -1092.191526        1.8397
BFGS:  482 20:46:01    -1092.192059        2.0139
BFGS:  483 20:46:01    -1092.191955        1.8382
BFGS:  484 20:46:01    -1092.192096        1.8378
BFGS:  485 20:46:01    -1092.191957        2.0203
BFGS:  486 20:46:01    -1092.192096        2.0197
BFGS:  487 20:46:01    -1092.177024        7.8644
BFGS:  488 20:46:01    -1092.189005        7.8260
BFGS:  489 20:46:01    -1092.163293        9.6336
BFGS:  490 20:46:01    -1092.187232        8.8930
BFGS:  491 20:46:01    -1092.177843        7.8568
BFGS:  492 20:46:01    -1092.191357        1.8446
BFGS:  493 20:46:01    -1092.177239        9.5942
BFGS:  494 20:46:01    -1092.188760        2.0264
BFGS:  495 20:46:01    -1092.184994        7.8314
BFGS:  496 20:46:01    -1092.191688        2.0192
BFGS:  497 20:46:01    -1092.191418        1.8460
BFGS:  498 20:46:01    -1092.191947        2.0204
BFGS:  499 20:46:01    -1092.192107        2.0212
