      Step     Time          Energy         fmax
BFGS:    0 20:50:19     -784.581967      258.7016
BFGS:    1 20:50:19     -830.633069      213.4663
BFGS:    2 20:50:19     -852.199565      208.5627
BFGS:    3 20:50:19     -867.785785      198.5372
BFGS:    4 20:50:19     -885.042614      187.6274
BFGS:    5 20:50:19     -901.942972      170.6504
BFGS:    6 20:50:19     -916.780212      157.9135
BFGS:    7 20:50:19     -930.853617      137.5609
BFGS:    8 20:50:19     -941.476284      117.8488
BFGS:    9 20:50:19     -952.023320      105.8129
BFGS:   10 20:50:19     -959.229481       94.9278
BFGS:   11 20:50:19     -964.931246       86.9927
BFGS:   12 20:50:19     -969.355751       80.1279
BFGS:   13 20:50:19     -973.615878       73.0086
BFGS:   14 20:50:19     -977.881967       66.8283
BFGS:   15 20:50:19     -982.484818       62.2461
BFGS:   16 20:50:19     -987.350681       57.7610
BFGS:   17 20:50:19     -992.635072       52.5924
BFGS:   18 20:50:19     -998.059467       46.1892
BFGS:   19 20:50:19    -1003.602750       44.3804
BFGS:   20 20:50:20    -1009.057138       44.3455
BFGS:   21 20:50:20    -1014.619360       43.7203
BFGS:   22 20:50:20    -1019.348855       42.6147
BFGS:   23 20:50:20    -1023.789692       43.3973
BFGS:   24 20:50:20    -1028.295328       43.0931
BFGS:   25 20:50:20    -1032.351074       42.2861
BFGS:   26 20:50:20    -1036.036029       40.6653
BFGS:   27 20:50:20    -1039.942383       38.1076
BFGS:   28 20:50:20    -1043.595632       34.5660
BFGS:   29 20:50:20    -1046.621306       30.8378
BFGS:   30 20:50:20    -1048.943184       27.3708
BFGS:   31 20:50:20    -1050.787769       23.5512
BFGS:   32 20:50:20    -1052.573096       20.8569
BFGS:   33 20:50:20    -1053.935960       20.8684
BFGS:   34 20:50:20    -1055.216369       20.2390
BFGS:   35 20:50:20    -1056.476732       19.6548
BFGS:   36 20:50:20    -1057.614575       18.6550
BFGS:   37 20:50:20    -1058.636962       17.5573
BFGS:   38 20:50:20    -1059.618093       16.7165
BFGS:   39 20:50:20    -1060.518651       15.2226
BFGS:   40 20:50:20    -1061.323921       14.2849
BFGS:   41 20:50:20    -1062.059487       13.1202
BFGS:   42 20:50:20    -1062.787989       12.5414
BFGS:   43 20:50:20    -1063.546219       11.5901
BFGS:   44 20:50:20    -1064.348681       10.5940
BFGS:   45 20:50:20    -1065.088362       10.1831
BFGS:   46 20:50:20    -1065.793776       10.0581
BFGS:   47 20:50:20    -1066.429683        9.7434
BFGS:   48 20:50:21    -1067.093522        9.1742
BFGS:   49 20:50:21    -1067.778551        8.6945
BFGS:   50 20:50:21    -1068.429772        8.3867
BFGS:   51 20:50:21    -1069.122416        7.8426
BFGS:   52 20:50:21    -1069.786855        8.0592
BFGS:   53 20:50:21    -1070.475356        8.1619
BFGS:   54 20:50:21    -1071.092339        7.8377
BFGS:   55 20:50:21    -1071.565430        8.6325
BFGS:   56 20:50:21    -1072.023318        7.9446
BFGS:   57 20:50:21    -1072.338623        7.0071
BFGS:   58 20:50:21    -1072.706702        6.5944
BFGS:   59 20:50:21    -1073.010106        6.5731
BFGS:   60 20:50:21    -1073.390327        5.5902
BFGS:   61 20:50:21    -1073.720398        6.3458
BFGS:   62 20:50:21    -1074.068151        6.8328
BFGS:   63 20:50:21    -1074.348475        7.6332
BFGS:   64 20:50:21    -1074.623821        7.7754
BFGS:   65 20:50:21    -1074.850393        8.1547
BFGS:   66 20:50:21    -1075.080249        8.2019
BFGS:   67 20:50:21    -1075.333591        8.1298
BFGS:   68 20:50:21    -1075.562379        7.8214
BFGS:   69 20:50:21    -1075.842664        6.9099
BFGS:   70 20:50:21    -1076.076639        4.9132
BFGS:   71 20:50:21    -1076.228247        3.6519
BFGS:   72 20:50:21    -1076.326197        3.4657
BFGS:   73 20:50:21    -1076.410130        3.9442
BFGS:   74 20:50:21    -1076.537338        4.5904
BFGS:   75 20:50:21    -1076.655048        4.9916
BFGS:   76 20:50:21    -1076.787033        4.6067
BFGS:   77 20:50:22    -1076.914171        5.2512
BFGS:   78 20:50:22    -1077.044852        6.2692
BFGS:   79 20:50:22    -1077.158096        5.6842
BFGS:   80 20:50:22    -1077.273723        3.7325
BFGS:   81 20:50:22    -1077.336119        3.2092
BFGS:   82 20:50:22    -1077.408084        2.1687
BFGS:   83 20:50:22    -1077.453627        2.4402
BFGS:   84 20:50:22    -1077.507685        2.7867
BFGS:   85 20:50:22    -1077.540704        2.6884
BFGS:   86 20:50:22    -1077.586298        2.9269
BFGS:   87 20:50:22    -1077.657564        2.8149
BFGS:   88 20:50:22    -1077.726713        2.7178
BFGS:   89 20:50:22    -1077.792001        3.1392
BFGS:   90 20:50:22    -1077.874771        3.2989
BFGS:   91 20:50:22    -1077.980070        2.9363
BFGS:   92 20:50:22    -1078.058789        3.2898
BFGS:   93 20:50:22    -1078.094364        3.1321
BFGS:   94 20:50:22    -1078.132489        2.5748
BFGS:   95 20:50:22    -1078.157273        2.1259
BFGS:   96 20:50:22    -1078.191018        1.6437
BFGS:   97 20:50:22    -1078.217447        1.4630
BFGS:   98 20:50:22    -1078.250582        1.7908
BFGS:   99 20:50:22    -1078.274019        1.5897
BFGS:  100 20:50:22    -1078.290437        1.4461
BFGS:  101 20:50:22    -1078.303687        1.3454
BFGS:  102 20:50:22    -1078.315567        1.0676
BFGS:  103 20:50:22    -1078.324536        0.9256
BFGS:  104 20:50:22    -1078.333304        0.6023
BFGS:  105 20:50:23    -1078.347301        0.8350
BFGS:  106 20:50:23    -1078.386860        2.0169
BFGS:  107 20:50:23    -1078.371020        3.7632
BFGS:  108 20:50:23    -1078.558156        4.1335
BFGS:  109 20:50:23    -1078.669821        4.7499
BFGS:  110 20:50:23    -1078.783564        3.7287
BFGS:  111 20:50:23    -1078.834786        3.7559
BFGS:  112 20:50:23    -1078.912854        3.8326
BFGS:  113 20:50:23    -1078.996965        3.8545
BFGS:  114 20:50:23    -1079.104145        4.2977
BFGS:  115 20:50:23    -1079.223814        4.3747
BFGS:  116 20:50:23    -1079.359327        3.7607
BFGS:  117 20:50:23    -1079.440903        3.6539
BFGS:  118 20:50:23    -1079.501657        4.0148
BFGS:  119 20:50:23    -1079.544605        3.4467
BFGS:  120 20:50:23    -1079.575614        3.1256
BFGS:  121 20:50:23    -1079.613204        2.7379
BFGS:  122 20:50:23    -1079.685938        2.3536
BFGS:  123 20:50:23    -1079.729934        1.8761
BFGS:  124 20:50:23    -1079.758388        1.3484
BFGS:  125 20:50:23    -1079.780122        0.9033
BFGS:  126 20:50:23    -1079.790361        0.6558
BFGS:  127 20:50:23    -1079.798079        0.6697
BFGS:  128 20:50:23    -1079.802750        0.7058
BFGS:  129 20:50:23    -1079.805620        0.7417
BFGS:  130 20:50:23    -1079.807669        0.7280
BFGS:  131 20:50:23    -1079.810308        0.6541
BFGS:  132 20:50:23    -1079.813970        0.4594
BFGS:  133 20:50:24    -1079.817475        0.3397
BFGS:  134 20:50:24    -1079.819214        0.2541
BFGS:  135 20:50:24    -1079.819666        0.2252
BFGS:  136 20:50:24    -1079.819804        0.1997
BFGS:  137 20:50:24    -1079.819900        0.1933
BFGS:  138 20:50:24    -1079.819988        0.1826
BFGS:  139 20:50:24    -1079.820053        0.1755
BFGS:  140 20:50:24    -1079.820101        0.1663
BFGS:  141 20:50:24    -1079.820137        0.1535
BFGS:  142 20:50:24    -1079.820165        0.1373
BFGS:  143 20:50:24    -1079.820192        0.1282
BFGS:  144 20:50:24    -1079.820227        0.1317
BFGS:  145 20:50:24    -1079.820281        0.1364
BFGS:  146 20:50:24    -1079.820361        0.1344
BFGS:  147 20:50:24    -1079.820460        0.1211
BFGS:  148 20:50:24    -1079.820549        0.0935
