      Step     Time          Energy         fmax
BFGS:    0 20:42:15     -767.091233      145.6582
BFGS:    1 20:42:15     -804.265025      146.9599
BFGS:    2 20:42:15     -837.103382      128.7199
BFGS:    3 20:42:15     -852.793045      135.2558
BFGS:    4 20:42:15     -871.750733      123.1316
BFGS:    5 20:42:15     -887.441076      116.3659
BFGS:    6 20:42:15     -902.511435      109.8644
BFGS:    7 20:42:15     -917.595080      102.8374
BFGS:    8 20:42:15     -930.890047       97.3103
BFGS:    9 20:42:15     -944.958080       91.8806
BFGS:   10 20:42:15     -957.747155       81.6515
BFGS:   11 20:42:15     -968.279667       76.3048
BFGS:   12 20:42:16     -977.904499       70.4351
BFGS:   13 20:42:16     -987.196686       64.8797
BFGS:   14 20:42:16     -995.512204       62.2354
BFGS:   15 20:42:16    -1004.402645       58.8680
BFGS:   16 20:42:16    -1011.647658       54.9271
BFGS:   17 20:42:16    -1019.191050       49.5474
BFGS:   18 20:42:16    -1024.649898       40.1870
BFGS:   19 20:42:16    -1028.638071       36.6280
BFGS:   20 20:42:16    -1032.141281       33.4819
BFGS:   21 20:42:16    -1035.271296       30.5757
BFGS:   22 20:42:16    -1038.232635       27.9974
BFGS:   23 20:42:16    -1041.177511       25.8050
BFGS:   24 20:42:16    -1044.125017       23.9044
BFGS:   25 20:42:16    -1047.154283       22.7713
BFGS:   26 20:42:16    -1050.140922       21.8594
BFGS:   27 20:42:16    -1053.155841       21.0893
BFGS:   28 20:42:16    -1055.894572       20.3753
BFGS:   29 20:42:16    -1058.462876       19.6275
BFGS:   30 20:42:16    -1061.318290       18.7131
BFGS:   31 20:42:16    -1063.669655       17.3912
BFGS:   32 20:42:16    -1065.437977       16.0245
BFGS:   33 20:42:16    -1066.942661       14.5673
BFGS:   34 20:42:16    -1068.425605       12.8537
BFGS:   35 20:42:16    -1069.977342       11.3218
BFGS:   36 20:42:16    -1071.208539        9.7736
BFGS:   37 20:42:16    -1072.332611        9.9454
BFGS:   38 20:42:16    -1073.426681       10.5994
BFGS:   39 20:42:16    -1074.305727       10.3610
BFGS:   40 20:42:16    -1075.012706        8.9950
BFGS:   41 20:42:17    -1075.631753        7.2537
BFGS:   42 20:42:17    -1076.201679        6.9985
BFGS:   43 20:42:17    -1076.626586        6.7147
BFGS:   44 20:42:17    -1077.030370        6.3947
BFGS:   45 20:42:17    -1077.472536        6.2150
BFGS:   46 20:42:17    -1077.907962        6.0833
BFGS:   47 20:42:17    -1078.289841        5.7944
BFGS:   48 20:42:17    -1078.619627        5.6389
BFGS:   49 20:42:17    -1078.909571        6.1322
BFGS:   50 20:42:17    -1079.183146        6.5616
BFGS:   51 20:42:17    -1079.452210        7.0105
BFGS:   52 20:42:17    -1079.721849        7.3057
BFGS:   53 20:42:17    -1080.006006        7.3893
BFGS:   54 20:42:17    -1080.332911        7.1620
BFGS:   55 20:42:17    -1080.696360        6.7463
BFGS:   56 20:42:17    -1081.053911        6.1879
BFGS:   57 20:42:17    -1081.405986        6.8608
BFGS:   58 20:42:17    -1081.744494        7.3030
BFGS:   59 20:42:17    -1082.091865        7.3760
BFGS:   60 20:42:17    -1082.470026        6.9958
BFGS:   61 20:42:17    -1082.913481        6.7675
BFGS:   62 20:42:17    -1083.406064        6.9719
BFGS:   63 20:42:17    -1083.891528        6.9087
BFGS:   64 20:42:17    -1084.351285        6.7775
BFGS:   65 20:42:17    -1084.751744        6.3021
BFGS:   66 20:42:17    -1085.102050        5.8826
BFGS:   67 20:42:17    -1085.412111        5.0333
BFGS:   68 20:42:17    -1085.698043        4.3714
BFGS:   69 20:42:17    -1085.973885        3.8948
BFGS:   70 20:42:17    -1086.220382        3.5185
BFGS:   71 20:42:17    -1086.443050        2.7949
BFGS:   72 20:42:17    -1086.613369        2.3596
BFGS:   73 20:42:18    -1086.720062        2.1406
BFGS:   74 20:42:18    -1086.785650        2.4191
BFGS:   75 20:42:18    -1086.845934        2.8172
BFGS:   76 20:42:18    -1086.910721        3.0630
BFGS:   77 20:42:18    -1086.936085        2.9509
BFGS:   78 20:42:18    -1086.972577        2.6826
BFGS:   79 20:42:18    -1087.022221        2.1144
BFGS:   80 20:42:18    -1087.058284        1.8124
BFGS:   81 20:42:18    -1087.118968        1.4383
BFGS:   82 20:42:18    -1087.169228        1.4899
BFGS:   83 20:42:18    -1087.207755        3.5297
BFGS:   84 20:42:18    -1087.251890        1.7362
BFGS:   85 20:42:18    -1087.318492        1.7628
BFGS:   86 20:42:18    -1087.407962        2.0095
BFGS:   87 20:42:18    -1087.489973        2.2749
BFGS:   88 20:42:18    -1087.604316        2.3548
BFGS:   89 20:42:18    -1087.706642        2.6931
BFGS:   90 20:42:18    -1087.862709        3.0697
BFGS:   91 20:42:18    -1088.025605        3.1446
BFGS:   92 20:42:18    -1088.173333        2.5963
BFGS:   93 20:42:18    -1088.372962        3.0101
BFGS:   94 20:42:18    -1088.558447        3.1829
BFGS:   95 20:42:18    -1088.741315        4.3343
BFGS:   96 20:42:18    -1088.927209        4.7735
BFGS:   97 20:42:18    -1089.017016        4.6590
BFGS:   98 20:42:18    -1089.090503        3.9316
BFGS:   99 20:42:18    -1089.132987        3.8653
BFGS:  100 20:42:18    -1089.188261        3.3441
BFGS:  101 20:42:18    -1089.228633        3.1966
BFGS:  102 20:42:18    -1089.239421        3.1368
BFGS:  103 20:42:18    -1089.244885        2.8618
BFGS:  104 20:42:19    -1089.281147        3.1442
BFGS:  105 20:42:19    -1089.305218        3.3803
BFGS:  106 20:42:19    -1089.343815        3.5167
BFGS:  107 20:42:19    -1089.385773        3.2780
BFGS:  108 20:42:19    -1089.435779        3.4175
BFGS:  109 20:42:19    -1089.482001        3.3372
BFGS:  110 20:42:19    -1089.525598        2.9097
BFGS:  111 20:42:19    -1089.568355        2.5435
BFGS:  112 20:42:19    -1089.617824        2.1786
BFGS:  113 20:42:19    -1089.658792        1.9051
BFGS:  114 20:42:19    -1089.695951        1.5800
BFGS:  115 20:42:19    -1089.727374        1.4234
BFGS:  116 20:42:19    -1089.755487        1.5584
BFGS:  117 20:42:19    -1089.779446        1.8133
BFGS:  118 20:42:19    -1089.796597        1.8828
BFGS:  119 20:42:19    -1089.814719        1.7187
BFGS:  120 20:42:19    -1089.825376        1.4614
BFGS:  121 20:42:19    -1089.829846        2.1328
BFGS:  122 20:42:19    -1089.839544        1.2300
BFGS:  123 20:42:19    -1089.849418        1.1738
BFGS:  124 20:42:19    -1089.866785        1.3646
BFGS:  125 20:42:19    -1089.887158        1.3861
BFGS:  126 20:42:19    -1089.912705        1.2686
BFGS:  127 20:42:19    -1089.957715        1.6230
BFGS:  128 20:42:19    -1089.991859        2.2786
BFGS:  129 20:42:19    -1090.060736        2.4142
BFGS:  130 20:42:19    -1090.171590        2.3832
BFGS:  131 20:42:19    -1090.257746        2.7010
BFGS:  132 20:42:19    -1090.342214        2.6004
BFGS:  133 20:42:19    -1090.392529        2.0990
BFGS:  134 20:42:19    -1090.463393        2.6136
BFGS:  135 20:42:20    -1090.423617        2.7106
BFGS:  136 20:42:20    -1090.507343        2.3469
BFGS:  137 20:42:20    -1090.536578        2.1927
BFGS:  138 20:42:20    -1090.552320        1.7381
BFGS:  139 20:42:20    -1090.573708        2.0002
BFGS:  140 20:42:20    -1090.589180        2.5011
BFGS:  141 20:42:20    -1090.610203        2.2981
BFGS:  142 20:42:20    -1090.643504        3.3652
BFGS:  143 20:42:20    -1090.678457        3.3406
BFGS:  144 20:42:20    -1090.690661        1.6608
BFGS:  145 20:42:20    -1090.718781        2.4343
BFGS:  146 20:42:20    -1090.745234        1.0844
BFGS:  147 20:42:20    -1090.756005        1.9277
BFGS:  148 20:42:20    -1090.761055        0.8692
BFGS:  149 20:42:20    -1090.767934        0.7778
BFGS:  150 20:42:20    -1090.774524        0.6718
BFGS:  151 20:42:20    -1090.779667        0.5925
BFGS:  152 20:42:20    -1090.786024        0.4064
BFGS:  153 20:42:20    -1090.789415        0.3753
BFGS:  154 20:42:20    -1090.791269        0.2617
BFGS:  155 20:42:20    -1090.792191        0.2565
BFGS:  156 20:42:20    -1090.793028        0.2771
BFGS:  157 20:42:20    -1090.794178        0.2931
BFGS:  158 20:42:20    -1090.795686        0.3121
BFGS:  159 20:42:20    -1090.797509        0.3662
BFGS:  160 20:42:20    -1090.799513        0.4572
BFGS:  161 20:42:20    -1090.802112        0.5102
BFGS:  162 20:42:20    -1090.805369        0.5205
BFGS:  163 20:42:20    -1090.809694        0.5752
BFGS:  164 20:42:20    -1090.814331        0.7324
BFGS:  165 20:42:20    -1090.817263        0.7466
BFGS:  166 20:42:21    -1090.820778        0.8129
BFGS:  167 20:42:21    -1090.824228        0.7124
BFGS:  168 20:42:21    -1090.828725        0.6737
BFGS:  169 20:42:21    -1090.831730        0.6842
BFGS:  170 20:42:21    -1090.835047        0.6635
BFGS:  171 20:42:21    -1090.837152        0.5555
BFGS:  172 20:42:21    -1090.839042        0.5281
BFGS:  173 20:42:21    -1090.840840        0.5389
BFGS:  174 20:42:21    -1090.843416        0.4855
BFGS:  175 20:42:21    -1090.846731        0.4622
BFGS:  176 20:42:21    -1090.850941        0.4236
BFGS:  177 20:42:21    -1090.855313        0.4316
BFGS:  178 20:42:21    -1090.858854        0.3409
BFGS:  179 20:42:21    -1090.861097        0.2727
BFGS:  180 20:42:21    -1090.862248        0.1961
BFGS:  181 20:42:21    -1090.862842        0.1439
BFGS:  182 20:42:21    -1090.863219        0.1662
BFGS:  183 20:42:21    -1090.863466        0.1871
BFGS:  184 20:42:21    -1090.863633        0.1818
BFGS:  185 20:42:21    -1090.863716        0.1797
BFGS:  186 20:42:21    -1090.863770        0.1701
BFGS:  187 20:42:21    -1090.863802        0.1678
BFGS:  188 20:42:21    -1090.863833        0.1766
BFGS:  189 20:42:21    -1090.863871        0.1902
BFGS:  190 20:42:21    -1090.863920        0.1986
BFGS:  191 20:42:21    -1090.863977        0.2003
BFGS:  192 20:42:21    -1090.864024        0.1911
BFGS:  193 20:42:21    -1090.864050        0.1802
BFGS:  194 20:42:21    -1090.864062        0.1774
BFGS:  195 20:42:21    -1090.864067        0.1770
BFGS:  196 20:42:21    -1090.864072        0.1784
