      Step     Time          Energy         fmax
BFGS:    0 20:46:37     -870.126260      136.6481
BFGS:    1 20:46:37     -892.857673       96.0286
BFGS:    2 20:46:37     -902.124221       96.8224
BFGS:    3 20:46:37     -910.344401       93.7265
BFGS:    4 20:46:37     -918.566795       91.4481
BFGS:    5 20:46:37     -932.318387       84.4597
BFGS:    6 20:46:37     -942.907406       77.0575
BFGS:    7 20:46:37     -950.593799       72.6079
BFGS:    8 20:46:37     -956.832087       67.5917
BFGS:    9 20:46:37     -962.868874       63.0522
BFGS:   10 20:46:37     -970.256739       62.1270
BFGS:   11 20:46:37     -977.985642       59.4929
BFGS:   12 20:46:37     -984.735093       52.9718
BFGS:   13 20:46:37     -990.859054       47.5415
BFGS:   14 20:46:37     -996.395163       44.8468
BFGS:   15 20:46:38    -1001.881073       43.5032
BFGS:   16 20:46:38    -1007.459443       42.2940
BFGS:   17 20:46:38    -1012.615780       42.9347
BFGS:   18 20:46:38    -1017.380347       39.6685
BFGS:   19 20:46:38    -1021.329534       39.3958
BFGS:   20 20:46:38    -1024.407145       40.7064
BFGS:   21 20:46:38    -1027.057684       38.9019
BFGS:   22 20:46:38    -1030.017418       39.7646
BFGS:   23 20:46:38    -1032.722729       37.7539
BFGS:   24 20:46:38    -1035.240525       35.2112
BFGS:   25 20:46:38    -1037.460244       33.5533
BFGS:   26 20:46:38    -1039.561225       32.1908
BFGS:   27 20:46:38    -1041.351198       30.6462
BFGS:   28 20:46:38    -1043.462510       30.4855
BFGS:   29 20:46:38    -1045.198901       27.3626
BFGS:   30 20:46:38    -1046.715666       26.2991
BFGS:   31 20:46:38    -1048.374744       23.5189
BFGS:   32 20:46:38    -1050.047277       23.8537
BFGS:   33 20:46:38    -1051.446557       17.8386
BFGS:   34 20:46:38    -1052.689110       18.7323
BFGS:   35 20:46:38    -1054.042477       15.6121
BFGS:   36 20:46:38    -1055.234280       13.0294
BFGS:   37 20:46:38    -1056.369846       11.1372
BFGS:   38 20:46:38    -1057.457884       10.6388
BFGS:   39 20:46:38    -1058.563165       11.3427
BFGS:   40 20:46:38    -1059.648133       11.8360
BFGS:   41 20:46:38    -1060.775661       11.4264
BFGS:   42 20:46:39    -1061.898977       11.9633
BFGS:   43 20:46:39    -1062.913879       12.3400
BFGS:   44 20:46:39    -1063.866409       11.7467
BFGS:   45 20:46:39    -1064.805484       11.1175
BFGS:   46 20:46:39    -1065.638913       11.6577
BFGS:   47 20:46:39    -1066.635634       12.5211
BFGS:   48 20:46:39    -1067.521740       13.1423
BFGS:   49 20:46:39    -1068.386466       13.6402
BFGS:   50 20:46:39    -1069.611766       12.6723
BFGS:   51 20:46:39    -1071.134395       11.2172
BFGS:   52 20:46:39    -1072.341392       10.6096
BFGS:   53 20:46:39    -1073.611666       11.3350
BFGS:   54 20:46:39    -1074.795957       11.4899
BFGS:   55 20:46:39    -1076.284007       13.3799
BFGS:   56 20:46:39    -1077.741476       14.7331
BFGS:   57 20:46:39    -1079.173526       15.3045
BFGS:   58 20:46:39    -1080.455766       15.8815
BFGS:   59 20:46:39    -1081.714725       15.7571
BFGS:   60 20:46:39    -1082.986689       15.8486
BFGS:   61 20:46:39    -1084.332802       15.2658
BFGS:   62 20:46:39    -1085.717105       15.1098
BFGS:   63 20:46:39    -1086.911348       14.7243
BFGS:   64 20:46:39    -1087.873902       13.8140
BFGS:   65 20:46:39    -1088.776647       12.3628
BFGS:   66 20:46:39    -1089.551228       10.2608
BFGS:   67 20:46:39    -1090.220617        8.9229
BFGS:   68 20:46:39    -1090.804771        7.6956
BFGS:   69 20:46:39    -1091.305210        8.1422
BFGS:   70 20:46:39    -1091.756109        8.4576
BFGS:   71 20:46:39    -1092.222434        8.4308
BFGS:   72 20:46:39    -1092.663476        8.4828
BFGS:   73 20:46:39    -1093.106026        8.4476
BFGS:   74 20:46:40    -1093.603790        8.3688
BFGS:   75 20:46:40    -1094.117534        7.4862
BFGS:   76 20:46:40    -1094.590977        6.9831
BFGS:   77 20:46:40    -1095.056228        6.8928
BFGS:   78 20:46:40    -1095.512432        6.4828
BFGS:   79 20:46:40    -1095.987333        7.0128
BFGS:   80 20:46:40    -1096.414536        7.1177
BFGS:   81 20:46:40    -1096.817030        7.4045
BFGS:   82 20:46:40    -1097.198652        7.2905
BFGS:   83 20:46:40    -1097.562050        7.1067
BFGS:   84 20:46:40    -1097.906075        6.6796
BFGS:   85 20:46:40    -1098.235811        6.2806
BFGS:   86 20:46:40    -1098.565000        5.5970
BFGS:   87 20:46:40    -1098.910215        4.8639
BFGS:   88 20:46:40    -1099.318033        4.1437
BFGS:   89 20:46:40    -1099.733790        4.6018
BFGS:   90 20:46:40    -1100.083189        6.2845
BFGS:   91 20:46:40    -1100.388278        7.3003
BFGS:   92 20:46:40    -1100.679931        7.8912
BFGS:   93 20:46:40    -1100.981531        7.7129
BFGS:   94 20:46:40    -1101.295214        7.1435
BFGS:   95 20:46:40    -1101.649043        5.8939
BFGS:   96 20:46:40    -1101.967366        5.4320
BFGS:   97 20:46:40    -1102.191832        5.5208
BFGS:   98 20:46:40    -1102.376896        4.7962
BFGS:   99 20:46:40    -1102.510534        4.7083
BFGS:  100 20:46:40    -1102.664700        4.7499
BFGS:  101 20:46:40    -1102.764419        5.3495
BFGS:  102 20:46:40    -1102.879541        4.7588
BFGS:  103 20:46:40    -1102.995333        4.1934
BFGS:  104 20:46:40    -1103.111775        3.6249
BFGS:  105 20:46:40    -1103.283631        2.9645
BFGS:  106 20:46:40    -1103.447082        3.2743
BFGS:  107 20:46:40    -1103.601621        4.1190
BFGS:  108 20:46:40    -1103.763344        4.6784
BFGS:  109 20:46:41    -1103.952861        5.9199
BFGS:  110 20:46:41    -1104.223325        7.2231
BFGS:  111 20:46:41    -1104.488567        7.5102
BFGS:  112 20:46:41    -1104.844260        7.0227
BFGS:  113 20:46:41    -1105.044101        7.7583
BFGS:  114 20:46:41    -1105.450803        8.6083
BFGS:  115 20:46:41    -1105.817580       10.6021
BFGS:  116 20:46:41    -1106.162822       13.3247
BFGS:  117 20:46:41    -1106.609651       13.7027
BFGS:  118 20:46:41    -1107.091566       16.0584
BFGS:  119 20:46:41    -1107.616621       18.5648
BFGS:  120 20:46:41    -1108.125410       18.5641
BFGS:  121 20:46:41    -1108.785475       18.0082
BFGS:  122 20:46:41    -1109.521894       11.7945
BFGS:  123 20:46:41    -1110.485179       12.3487
BFGS:  124 20:46:41    -1111.453005       14.8122
BFGS:  125 20:46:41    -1112.401399       17.8185
BFGS:  126 20:46:41    -1113.349799       20.7799
BFGS:  127 20:46:41    -1114.318460       22.9578
BFGS:  128 20:46:41    -1115.362068       24.3341
BFGS:  129 20:46:41    -1116.441554       23.8949
BFGS:  130 20:46:41    -1117.324753       21.6352
BFGS:  131 20:46:41    -1118.280473       19.0099
BFGS:  132 20:46:41    -1119.185916       17.2757
BFGS:  133 20:46:41    -1119.966790       16.9416
BFGS:  134 20:46:41    -1120.794325       16.8256
BFGS:  135 20:46:41    -1121.621307       16.9838
BFGS:  136 20:46:41    -1122.412557       16.3942
BFGS:  137 20:46:41    -1123.213547       16.4973
BFGS:  138 20:46:41    -1123.875069       15.7218
BFGS:  139 20:46:41    -1124.477562       14.8424
BFGS:  140 20:46:41    -1124.950289       13.8466
BFGS:  141 20:46:41    -1125.435450       10.3512
BFGS:  142 20:46:41    -1125.851006        9.8606
BFGS:  143 20:46:41    -1126.264200        9.4115
BFGS:  144 20:46:41    -1126.680133        8.2248
BFGS:  145 20:46:41    -1127.144329        6.9760
BFGS:  146 20:46:42    -1127.554934        6.0765
BFGS:  147 20:46:42    -1127.924048        5.2289
BFGS:  148 20:46:42    -1128.249421        4.2467
BFGS:  149 20:46:42    -1128.529629        4.4649
BFGS:  150 20:46:42    -1128.768312        4.8666
BFGS:  151 20:46:42    -1128.975175        5.4151
BFGS:  152 20:46:42    -1129.186137        6.2860
BFGS:  153 20:46:42    -1129.380804        7.0089
BFGS:  154 20:46:42    -1129.558450        3.9767
BFGS:  155 20:46:42    -1129.741795        3.8215
BFGS:  156 20:46:42    -1129.945639        4.0260
BFGS:  157 20:46:42    -1130.050799        2.7646
BFGS:  158 20:46:42    -1130.164575        2.6879
BFGS:  159 20:46:42    -1130.247824        4.2845
BFGS:  160 20:46:42    -1130.298680        3.9077
BFGS:  161 20:46:42    -1130.343324        3.6859
BFGS:  162 20:46:42    -1130.366690        3.6443
BFGS:  163 20:46:42    -1130.387577        3.1776
BFGS:  164 20:46:42    -1130.404837        3.1134
BFGS:  165 20:46:42    -1130.420375        2.6595
BFGS:  166 20:46:42    -1130.438446        2.1670
BFGS:  167 20:46:42    -1130.464034        1.4765
BFGS:  168 20:46:42    -1130.489026        1.4192
BFGS:  169 20:46:42    -1130.515364        1.1569
BFGS:  170 20:46:42    -1130.538645        1.3369
BFGS:  171 20:46:42    -1130.560642        1.4579
BFGS:  172 20:46:42    -1130.584487        1.4754
BFGS:  173 20:46:42    -1130.612795        1.8280
BFGS:  174 20:46:42    -1130.668839        3.5196
BFGS:  175 20:46:42    -1130.729209        5.9673
BFGS:  176 20:46:42    -1130.634538        7.1779
BFGS:  177 20:46:42    -1130.738101        5.6545
BFGS:  178 20:46:42    -1130.708820        3.7386
BFGS:  179 20:46:42    -1130.747123        4.5082
BFGS:  180 20:46:42    -1130.766652        5.4266
BFGS:  181 20:46:42    -1130.797396        5.9032
BFGS:  182 20:46:42    -1130.823517        6.5468
BFGS:  183 20:46:43    -1130.823365        7.3545
BFGS:  184 20:46:43    -1130.881875        6.0152
BFGS:  185 20:46:43    -1130.866012        5.2135
BFGS:  186 20:46:43    -1130.914697        6.4497
BFGS:  187 20:46:43    -1130.940552        7.5743
BFGS:  188 20:46:43    -1130.967782        7.5876
BFGS:  189 20:46:43    -1130.991120        7.9170
BFGS:  190 20:46:43    -1131.052865        7.9011
BFGS:  191 20:46:43    -1131.143577        7.0528
BFGS:  192 20:46:43    -1131.550120        7.8860
BFGS:  193 20:46:43    -1131.787058       10.1431
BFGS:  194 20:46:43    -1132.038506       10.4240
BFGS:  195 20:46:43    -1132.359699       11.4265
BFGS:  196 20:46:43    -1132.807082       10.2568
BFGS:  197 20:46:43    -1133.386216        9.0627
BFGS:  198 20:46:43    -1133.969623       10.0570
BFGS:  199 20:46:43    -1134.536448        9.7384
BFGS:  200 20:46:43    -1135.052470        8.3007
BFGS:  201 20:46:43    -1135.518362        5.9569
BFGS:  202 20:46:43    -1135.888263        5.7160
BFGS:  203 20:46:43    -1136.283135        4.8092
BFGS:  204 20:46:43    -1136.601518        4.1756
BFGS:  205 20:46:43    -1136.840446        5.4578
BFGS:  206 20:46:43    -1136.953938        3.3722
BFGS:  207 20:46:43    -1137.061392        4.6976
BFGS:  208 20:46:43    -1137.153285        3.6787
BFGS:  209 20:46:43    -1137.275744        3.1404
BFGS:  210 20:46:43    -1137.409790        2.9671
BFGS:  211 20:46:43    -1137.539606        3.2950
BFGS:  212 20:46:43    -1137.677635        3.3195
BFGS:  213 20:46:43    -1137.779562        3.4967
BFGS:  214 20:46:43    -1137.860692        3.8259
BFGS:  215 20:46:43    -1137.961399        4.2105
BFGS:  216 20:46:43    -1138.066868        6.3454
BFGS:  217 20:46:43    -1138.150715        8.3490
BFGS:  218 20:46:43    -1138.301334        9.5265
BFGS:  219 20:46:43    -1138.473822       10.1745
BFGS:  220 20:46:43    -1138.565769       10.9137
BFGS:  221 20:46:43    -1138.662909        9.7565
BFGS:  222 20:46:44    -1138.724201        9.6517
BFGS:  223 20:46:44    -1138.796901        9.9463
BFGS:  224 20:46:44    -1138.862514       10.4680
BFGS:  225 20:46:44    -1138.961538       11.5845
BFGS:  226 20:46:44    -1139.069527       12.4088
BFGS:  227 20:46:44    -1139.180300       13.9844
BFGS:  228 20:46:44    -1139.274305       14.0743
BFGS:  229 20:46:44    -1139.348926       14.3835
BFGS:  230 20:46:44    -1139.398615       14.4979
BFGS:  231 20:46:44    -1139.429733       15.0123
BFGS:  232 20:46:44    -1139.466489       15.0735
BFGS:  233 20:46:44    -1139.505539       15.4152
BFGS:  234 20:46:44    -1139.554678       15.4017
BFGS:  235 20:46:44    -1139.603277       15.3634
BFGS:  236 20:46:44    -1139.652484       15.5203
BFGS:  237 20:46:44    -1139.682761       15.2649
BFGS:  238 20:46:44    -1139.716085       15.8769
BFGS:  239 20:46:44    -1139.740063       15.9019
BFGS:  240 20:46:44    -1139.771348       16.5534
BFGS:  241 20:46:44    -1139.787549       16.7257
BFGS:  242 20:46:44    -1139.800971       16.9906
BFGS:  243 20:46:44    -1139.809396       17.0477
BFGS:  244 20:46:44    -1139.817481       16.9734
BFGS:  245 20:46:44    -1139.822716       16.9345
BFGS:  246 20:46:44    -1139.827494       16.8958
BFGS:  247 20:46:44    -1139.829677       16.8816
BFGS:  248 20:46:44    -1139.834402       16.8784
BFGS:  249 20:46:44    -1139.835791       16.8717
BFGS:  250 20:46:44    -1139.837371       16.8106
BFGS:  251 20:46:44    -1139.837893       16.8191
BFGS:  252 20:46:44    -1139.838223       16.8238
BFGS:  253 20:46:44    -1139.838484       16.8305
BFGS:  254 20:46:44    -1139.838680       16.8557
BFGS:  255 20:46:44    -1139.838812       16.8718
BFGS:  256 20:46:44    -1139.838879       16.8859
BFGS:  257 20:46:44    -1139.838921       16.8894
BFGS:  258 20:46:44    -1139.838946       16.8911
BFGS:  259 20:46:44    -1139.838981       16.8860
BFGS:  260 20:46:44    -1139.839028       16.8800
BFGS:  261 20:46:44    -1139.839132       16.8647
BFGS:  262 20:46:44    -1139.839335       16.8443
BFGS:  263 20:46:45    -1139.839805       16.8091
BFGS:  264 20:46:45    -1139.840912       16.7563
BFGS:  265 20:46:45    -1139.843655       16.6690
BFGS:  266 20:46:45    -1139.850548       16.5280
BFGS:  267 20:46:45    -1139.868110       16.2905
BFGS:  268 20:46:45    -1139.912859       15.8847
BFGS:  269 20:46:45    -1140.026364       15.1651
BFGS:  270 20:46:45    -1140.309995       13.7948
BFGS:  271 20:46:45    -1140.930448       13.7613
BFGS:  272 20:46:45    -1141.675059       13.3563
BFGS:  273 20:46:45    -1142.536806       11.5882
BFGS:  274 20:46:45    -1143.402750        9.2191
BFGS:  275 20:46:45    -1144.193697        7.0998
BFGS:  276 20:46:45    -1144.662127        5.7421
BFGS:  277 20:46:45    -1145.056626        5.3708
BFGS:  278 20:46:45    -1145.403656        6.0876
BFGS:  279 20:46:45    -1145.739862        6.6322
BFGS:  280 20:46:45    -1146.061370        7.0965
BFGS:  281 20:46:45    -1146.373020        7.4904
BFGS:  282 20:46:45    -1146.723224       10.7954
BFGS:  283 20:46:45    -1147.000274       11.9577
BFGS:  284 20:46:45    -1147.358467       11.9246
BFGS:  285 20:46:45    -1147.700961        9.8025
BFGS:  286 20:46:45    -1148.084582        5.8340
BFGS:  287 20:46:45    -1148.416642        6.4227
BFGS:  288 20:46:45    -1148.717304        6.8894
BFGS:  289 20:46:45    -1149.036230        8.2542
BFGS:  290 20:46:45    -1149.374510        9.2584
BFGS:  291 20:46:45    -1149.749376        9.9744
BFGS:  292 20:46:45    -1150.141190       10.3718
BFGS:  293 20:46:45    -1150.624955       11.7225
BFGS:  294 20:46:45    -1151.016895       11.8775
BFGS:  295 20:46:45    -1151.584886        9.3879
BFGS:  296 20:46:45    -1152.192656        8.4049
BFGS:  297 20:46:45    -1152.664823        7.7445
BFGS:  298 20:46:45    -1153.209926        6.3562
BFGS:  299 20:46:45    -1153.752068        5.2166
BFGS:  300 20:46:45    -1154.205590        6.2380
BFGS:  301 20:46:45    -1154.467194        6.3499
BFGS:  302 20:46:45    -1154.620429        6.9667
BFGS:  303 20:46:45    -1154.734146        8.0125
BFGS:  304 20:46:46    -1154.853890        8.1659
BFGS:  305 20:46:46    -1154.977690        9.1724
BFGS:  306 20:46:46    -1155.124024        9.7738
BFGS:  307 20:46:46    -1155.266345       11.2618
BFGS:  308 20:46:46    -1155.439352       12.7044
BFGS:  309 20:46:46    -1155.579740       13.2390
BFGS:  310 20:46:46    -1155.803633       10.4044
BFGS:  311 20:46:46    -1156.001004        7.6699
BFGS:  312 20:46:46    -1156.153313        5.6816
BFGS:  313 20:46:46    -1156.221245        4.2672
BFGS:  314 20:46:46    -1156.291568        3.1525
BFGS:  315 20:46:46    -1156.362913        3.1250
BFGS:  316 20:46:46    -1156.498337        3.8077
BFGS:  317 20:46:46    -1156.654694        4.2688
BFGS:  318 20:46:46    -1156.804444        5.3429
BFGS:  319 20:46:46    -1156.935505        8.1436
BFGS:  320 20:46:46    -1157.124445        8.3231
BFGS:  321 20:46:46    -1157.265298        8.5163
BFGS:  322 20:46:46    -1157.526313        7.1802
BFGS:  323 20:46:46    -1157.740910        6.3642
BFGS:  324 20:46:46    -1157.974631        4.9233
BFGS:  325 20:46:46    -1158.183610        4.1504
BFGS:  326 20:46:46    -1158.387193        3.2747
BFGS:  327 20:46:46    -1158.454593        2.3479
BFGS:  328 20:46:46    -1158.472103        2.4764
BFGS:  329 20:46:46    -1158.486725        1.6673
BFGS:  330 20:46:46    -1158.490475        1.5952
BFGS:  331 20:46:46    -1158.493793        1.4003
BFGS:  332 20:46:46    -1158.495903        1.2287
BFGS:  333 20:46:46    -1158.497291        1.3597
BFGS:  334 20:46:46    -1158.497923        1.2209
BFGS:  335 20:46:46    -1158.498218        1.1609
BFGS:  336 20:46:46    -1158.498456        1.1667
BFGS:  337 20:46:46    -1158.498542        1.1664
BFGS:  338 20:46:46    -1158.498692        1.1842
BFGS:  339 20:46:46    -1158.498863        1.1789
BFGS:  340 20:46:46    -1158.499273        1.1724
BFGS:  341 20:46:46    -1158.500185        1.1819
BFGS:  342 20:46:46    -1158.502345        1.2593
BFGS:  343 20:46:46    -1158.506643        1.3220
BFGS:  344 20:46:46    -1158.512381        1.2930
BFGS:  345 20:46:46    -1158.517865        1.1620
BFGS:  346 20:46:46    -1158.520949        0.9659
BFGS:  347 20:46:47    -1158.521549        0.8907
BFGS:  348 20:46:47    -1158.521774        0.8494
BFGS:  349 20:46:47    -1158.521875        0.8384
BFGS:  350 20:46:47    -1158.521958        0.8305
BFGS:  351 20:46:47    -1158.522009        0.8325
BFGS:  352 20:46:47    -1158.522055        0.8383
BFGS:  353 20:46:47    -1158.522088        0.8473
BFGS:  354 20:46:47    -1158.522108        0.8544
BFGS:  355 20:46:47    -1158.522118        0.8587
BFGS:  356 20:46:47    -1158.522121        0.8600
BFGS:  357 20:46:47    -1158.522123        0.8618
BFGS:  358 20:46:47    -1158.522123        0.8630
BFGS:  359 20:46:47    -1158.522123        0.8646
BFGS:  360 20:46:47    -1158.522123        0.8663
BFGS:  361 20:46:47    -1158.522123        0.8671
BFGS:  362 20:46:47    -1158.522122        0.8679
BFGS:  363 20:46:47    -1158.522123        0.8680
BFGS:  364 20:46:47    -1158.522123        0.8681
BFGS:  365 20:46:47    -1158.522123        0.8680
BFGS:  366 20:46:47    -1158.522123        0.8679
