      Step     Time          Energy         fmax
BFGS:    0 20:43:26     -666.137979      238.6071
BFGS:    1 20:43:26     -707.081399      215.5072
BFGS:    2 20:43:27     -755.786532      193.3772
BFGS:    3 20:43:27     -792.019930      167.6406
BFGS:    4 20:43:27     -820.092843      143.7285
BFGS:    5 20:43:27     -846.988348      128.8771
BFGS:    6 20:43:27     -870.971131      124.0150
BFGS:    7 20:43:27     -890.740958      116.4964
BFGS:    8 20:43:27     -909.451082      110.2432
BFGS:    9 20:43:27     -928.108302      104.1634
BFGS:   10 20:43:27     -942.697986       96.5867
BFGS:   11 20:43:27     -955.396843       91.5089
BFGS:   12 20:43:27     -965.769886       84.2164
BFGS:   13 20:43:27     -976.496691       80.6236
BFGS:   14 20:43:27     -988.345095       70.9241
BFGS:   15 20:43:27     -998.603780       65.6374
BFGS:   16 20:43:27    -1007.557805       56.8756
BFGS:   17 20:43:27    -1013.987559       52.3382
BFGS:   18 20:43:27    -1019.166944       48.1288
BFGS:   19 20:43:27    -1023.849859       44.2161
BFGS:   20 20:43:27    -1028.157920       41.5375
BFGS:   21 20:43:27    -1031.694739       38.0835
BFGS:   22 20:43:27    -1034.483279       35.4719
BFGS:   23 20:43:27    -1037.080652       33.5573
BFGS:   24 20:43:27    -1039.649519       29.7924
BFGS:   25 20:43:27    -1041.931166       24.0467
BFGS:   26 20:43:27    -1043.585402       21.3743
BFGS:   27 20:43:27    -1044.908493       17.9649
BFGS:   28 20:43:27    -1045.867396       14.1836
BFGS:   29 20:43:27    -1046.584397       13.6615
BFGS:   30 20:43:27    -1047.168086        7.6026
BFGS:   31 20:43:28    -1047.735329        6.7477
BFGS:   32 20:43:28    -1048.392293        9.2440
BFGS:   33 20:43:28    -1048.883755       13.1001
BFGS:   34 20:43:28    -1050.332085       19.2625
BFGS:   35 20:43:28    -1051.212860       22.8751
BFGS:   36 20:43:28    -1052.922363       23.9194
BFGS:   37 20:43:28    -1054.574210       23.1241
BFGS:   38 20:43:28    -1056.185911       20.5409
BFGS:   39 20:43:28    -1057.957787       15.7628
BFGS:   40 20:43:28    -1059.286581       12.8310
BFGS:   41 20:43:28    -1060.415808       14.3303
BFGS:   42 20:43:28    -1061.492940       14.6763
BFGS:   43 20:43:28    -1062.496958       14.1161
BFGS:   44 20:43:28    -1063.530129       12.9766
BFGS:   45 20:43:28    -1064.496676       11.2797
BFGS:   46 20:43:28    -1065.398469       11.2361
BFGS:   47 20:43:28    -1066.078074       10.9624
BFGS:   48 20:43:28    -1066.728189       10.1877
BFGS:   49 20:43:28    -1067.296157        9.2318
BFGS:   50 20:43:28    -1067.772631        8.8881
BFGS:   51 20:43:28    -1068.234652        9.0527
BFGS:   52 20:43:28    -1068.623305        7.3673
BFGS:   53 20:43:28    -1069.020725        8.3619
BFGS:   54 20:43:28    -1069.378607        9.2252
BFGS:   55 20:43:28    -1069.709406        9.4953
BFGS:   56 20:43:28    -1070.002137        9.2940
BFGS:   57 20:43:28    -1070.251927        8.8216
BFGS:   58 20:43:28    -1070.490806        8.1331
BFGS:   59 20:43:28    -1070.698802        7.1597
BFGS:   60 20:43:28    -1070.899052        5.8302
BFGS:   61 20:43:28    -1071.096022        4.7541
BFGS:   62 20:43:28    -1071.306550        3.8200
BFGS:   63 20:43:28    -1071.506043        4.8438
BFGS:   64 20:43:29    -1071.711500        5.6476
BFGS:   65 20:43:29    -1071.887408        6.1121
BFGS:   66 20:43:29    -1072.060580        6.1960
BFGS:   67 20:43:29    -1072.227621        5.9575
BFGS:   68 20:43:29    -1072.372891        5.4506
BFGS:   69 20:43:29    -1072.511288        4.5120
BFGS:   70 20:43:29    -1072.657802        6.0110
BFGS:   71 20:43:29    -1072.791800        3.6556
BFGS:   72 20:43:29    -1072.947344        3.6162
BFGS:   73 20:43:29    -1073.095669        4.3938
BFGS:   74 20:43:29    -1073.182053        5.8008
BFGS:   75 20:43:29    -1073.394736        3.5903
BFGS:   76 20:43:29    -1073.589388        4.3277
BFGS:   77 20:43:29    -1073.739843        3.9709
BFGS:   78 20:43:29    -1073.896233        5.0575
BFGS:   79 20:43:29    -1074.077291        3.8673
BFGS:   80 20:43:29    -1074.255865        3.5373
BFGS:   81 20:43:29    -1074.421765        3.7207
BFGS:   82 20:43:29    -1074.587896        3.6644
BFGS:   83 20:43:29    -1074.733224        4.1930
BFGS:   84 20:43:29    -1074.855216        5.5369
BFGS:   85 20:43:29    -1074.911816        1.8462
BFGS:   86 20:43:29    -1074.955409        1.5334
BFGS:   87 20:43:29    -1074.980806        2.6438
BFGS:   88 20:43:29    -1074.992465        2.4391
BFGS:   89 20:43:29    -1075.018172        1.6108
BFGS:   90 20:43:29    -1075.046708        1.8087
BFGS:   91 20:43:29    -1075.082862        2.3487
BFGS:   92 20:43:29    -1075.112550        2.7974
BFGS:   93 20:43:29    -1075.141640        2.8345
BFGS:   94 20:43:29    -1075.164435        3.2560
BFGS:   95 20:43:29    -1075.181179        2.1015
BFGS:   96 20:43:29    -1075.206728        7.7650
BFGS:   97 20:43:30    -1075.166765        3.4177
BFGS:   98 20:43:30    -1075.225722        2.9165
BFGS:   99 20:43:30    -1075.232913        1.5008
BFGS:  100 20:43:30    -1075.242066        1.6481
BFGS:  101 20:43:30    -1075.242405        8.0555
BFGS:  102 20:43:30    -1075.249064        3.4738
BFGS:  103 20:43:30    -1075.258785        1.5250
BFGS:  104 20:43:30    -1075.263422        2.8773
BFGS:  105 20:43:30    -1075.259828        1.2878
BFGS:  106 20:43:30    -1075.268436        1.3572
BFGS:  107 20:43:30    -1075.270439        1.3498
BFGS:  108 20:43:30    -1075.273076        2.6376
BFGS:  109 20:43:30    -1075.276554        2.5332
BFGS:  110 20:43:30    -1075.274120        4.0917
BFGS:  111 20:43:30    -1075.281110        0.9723
BFGS:  112 20:43:30    -1075.282544        2.4758
BFGS:  113 20:43:30    -1075.283737        0.9592
BFGS:  114 20:43:30    -1075.281099        4.2664
BFGS:  115 20:43:30    -1075.284482        0.8983
BFGS:  116 20:43:30    -1075.284642        2.5278
BFGS:  117 20:43:30    -1075.285181        2.5549
BFGS:  118 20:43:30    -1075.282643        3.6783
BFGS:  119 20:43:30    -1075.285373        0.8439
BFGS:  120 20:43:30    -1075.285458        3.6391
BFGS:  121 20:43:30    -1075.285254        2.5017
BFGS:  122 20:43:30    -1075.285502        0.8619
BFGS:  123 20:43:30    -1075.285552        0.8603
BFGS:  124 20:43:30    -1075.283873        3.6031
BFGS:  125 20:43:30    -1075.285399        2.5220
BFGS:  126 20:43:30    -1075.285141        0.8858
BFGS:  127 20:43:30    -1075.285429        0.8736
BFGS:  128 20:43:30    -1075.283921        3.6049
BFGS:  129 20:43:30    -1075.285586        2.5137
BFGS:  130 20:43:30    -1075.284709        0.9183
BFGS:  131 20:43:31    -1075.285219        0.8931
BFGS:  132 20:43:31    -1075.283973        3.6062
BFGS:  133 20:43:31    -1075.285519        0.8756
BFGS:  134 20:43:31    -1075.285563        2.5139
BFGS:  135 20:43:31    -1075.285571        0.8705
BFGS:  136 20:43:31    -1075.285603        0.8670
BFGS:  137 20:43:31    -1075.280136        8.1068
BFGS:  138 20:43:31    -1075.285341        3.6245
BFGS:  139 20:43:31    -1075.284316        0.9747
BFGS:  140 20:43:31    -1075.284901        0.9288
BFGS:  141 20:43:31    -1075.283257        3.6740
BFGS:  142 20:43:31    -1075.285323        0.8976
BFGS:  143 20:43:31    -1075.285544        0.8747
BFGS:  144 20:43:31    -1075.280324        3.7172
BFGS:  145 20:43:31    -1075.285174        2.5361
BFGS:  146 20:43:31    -1075.284117        3.8998
BFGS:  147 20:43:31    -1075.285138        0.8964
BFGS:  148 20:43:31    -1075.285544        2.5266
BFGS:  149 20:43:31    -1075.285367        0.8802
BFGS:  150 20:43:31    -1075.285484        0.8716
BFGS:  151 20:43:31    -1075.279491        3.7070
BFGS:  152 20:43:31    -1075.285289        2.5368
BFGS:  153 20:43:31    -1075.283966        0.9757
BFGS:  154 20:43:31    -1075.284893        0.9225
BFGS:  155 20:43:31    -1075.279292        3.7085
BFGS:  156 20:43:31    -1075.285518        0.8726
BFGS:  157 20:43:31    -1075.285221        3.6294
BFGS:  158 20:43:31    -1075.285598        0.8644
BFGS:  159 20:43:31    -1075.285656        0.8581
BFGS:  160 20:43:31    -1075.276141        8.1407
BFGS:  161 20:43:31    -1075.285086        2.5460
BFGS:  162 20:43:31    -1075.284849        0.9310
BFGS:  163 20:43:31    -1075.285254        0.8980
BFGS:  164 20:43:32    -1075.278931        3.6946
BFGS:  165 20:43:32    -1075.285447        2.5302
BFGS:  166 20:43:32    -1075.281925        1.1229
BFGS:  167 20:43:32    -1075.284058        1.0010
BFGS:  168 20:43:32    -1075.278722        3.6957
BFGS:  169 20:43:32    -1075.285215        0.9076
BFGS:  170 20:43:32    -1075.285507        2.5249
BFGS:  171 20:43:32    -1075.285390        0.8891
BFGS:  172 20:43:32    -1075.285498        0.8770
BFGS:  173 20:43:32    -1075.276039        8.1310
BFGS:  174 20:43:32    -1075.285297        2.5375
BFGS:  175 20:43:32    -1075.284276        0.9898
BFGS:  176 20:43:32    -1075.284919        0.9361
BFGS:  177 20:43:32    -1075.277607        3.7131
BFGS:  178 20:43:32    -1075.285612        0.8644
BFGS:  179 20:43:32    -1075.284662        3.6371
BFGS:  180 20:43:32    -1075.285607        2.5230
BFGS:  181 20:43:32    -1075.284352        0.9795
BFGS:  182 20:43:32    -1075.284897        0.9378
BFGS:  183 20:43:32    -1075.278644        3.6800
BFGS:  184 20:43:32    -1075.285598        0.8674
BFGS:  185 20:43:32    -1075.284817        3.6308
BFGS:  186 20:43:32    -1075.285643        2.5209
BFGS:  187 20:43:32    -1075.283457        1.0455
BFGS:  188 20:43:32    -1075.284478        0.9769
BFGS:  189 20:43:32    -1075.279338        3.6574
BFGS:  190 20:43:32    -1075.285403        0.8917
BFGS:  191 20:43:32    -1075.285201        2.5384
BFGS:  192 20:43:32    -1075.285528        0.8761
BFGS:  193 20:43:32    -1075.285612        0.8654
BFGS:  194 20:43:32    -1075.275938        8.1374
BFGS:  195 20:43:32    -1075.284909        2.5558
BFGS:  196 20:43:32    -1075.283665        1.0559
BFGS:  197 20:43:32    -1075.284624        0.9736
BFGS:  198 20:43:33    -1075.277340        3.6899
BFGS:  199 20:43:33    -1075.285542        0.8739
BFGS:  200 20:43:33    -1075.284696        2.5657
BFGS:  201 20:43:33    -1075.285668        0.8571
BFGS:  202 20:43:33    -1075.285469        2.5316
BFGS:  203 20:43:33    -1075.285654        2.5231
BFGS:  204 20:43:33    -1075.265470        3.8724
BFGS:  205 20:43:33    -1075.281679        1.1984
BFGS:  206 20:43:33    -1075.283665        3.6451
BFGS:  207 20:43:33    -1075.283849        1.0460
BFGS:  208 20:43:33    -1075.284744        0.9654
BFGS:  209 20:43:33    -1075.277047        3.6825
BFGS:  210 20:43:33    -1075.285590        0.8688
BFGS:  211 20:43:33    -1075.284527        2.5706
BFGS:  212 20:43:33    -1075.285577        2.5245
BFGS:  213 20:43:33    -1075.266112        3.8287
BFGS:  214 20:43:33    -1075.281143        1.2412
BFGS:  215 20:43:33    -1075.282411        3.6513
BFGS:  216 20:43:33    -1075.283757        1.0585
BFGS:  217 20:43:33    -1075.284785        0.9635
BFGS:  218 20:43:33    -1075.276558        8.1204
BFGS:  219 20:43:33    -1075.285444        0.8884
BFGS:  220 20:43:33    -1075.285070        2.5426
BFGS:  221 20:43:33    -1075.285551        0.8738
BFGS:  222 20:43:33    -1075.285626        0.8634
BFGS:  223 20:43:33    -1075.272408        8.1573
BFGS:  224 20:43:33    -1075.284201        3.6380
BFGS:  225 20:43:33    -1075.278767        1.4783
BFGS:  226 20:43:33    -1075.282416        1.1957
BFGS:  227 20:43:33    -1075.274555        3.6992
BFGS:  228 20:43:33    -1075.284646        0.9827
BFGS:  229 20:43:33    -1075.285623        0.8614
BFGS:  230 20:43:33    -1075.272335        3.7022
BFGS:  231 20:43:34    -1075.283728        2.6095
BFGS:  232 20:43:34    -1075.272159        1.8386
BFGS:  233 20:43:34    -1075.280921        1.3144
BFGS:  234 20:43:34    -1075.273153        3.7027
BFGS:  235 20:43:34    -1075.284166        1.0345
BFGS:  236 20:43:34    -1075.285458        0.8831
BFGS:  237 20:43:34    -1075.271790        3.6946
BFGS:  238 20:43:34    -1075.283960        2.5996
BFGS:  239 20:43:34    -1075.270671        1.9231
BFGS:  240 20:43:34    -1075.280448        1.3547
BFGS:  241 20:43:34    -1075.272617        3.6953
BFGS:  242 20:43:34    -1075.284020        1.0509
BFGS:  243 20:43:34    -1075.285417        0.8881
BFGS:  244 20:43:34    -1075.271005        8.1552
BFGS:  245 20:43:34    -1075.284336        2.5818
BFGS:  246 20:43:34    -1075.279282        1.4586
BFGS:  247 20:43:34    -1075.282662        1.1795
BFGS:  248 20:43:34    -1075.273224        3.6890
BFGS:  249 20:43:34    -1075.284797        0.9653
BFGS:  250 20:43:34    -1075.285275        2.5382
BFGS:  251 20:43:34    -1075.285093        0.9290
BFGS:  252 20:43:34    -1075.285288        0.9043
BFGS:  253 20:43:34    -1075.269714        3.6973
BFGS:  254 20:43:34    -1075.283976        2.6022
BFGS:  255 20:43:34    -1075.268115        4.0330
BFGS:  256 20:43:34    -1075.280151        1.3822
BFGS:  257 20:43:34    -1075.279073        3.6610
BFGS:  258 20:43:34    -1075.283310        1.1199
BFGS:  259 20:43:34    -1075.284700        0.9740
BFGS:  260 20:43:34    -1075.269177        8.1650
BFGS:  261 20:43:34    -1075.285381        2.5360
BFGS:  262 20:43:34    -1075.276616        1.6408
BFGS:  263 20:43:34    -1075.281466        1.2842
BFGS:  264 20:43:35    -1075.271266        3.6912
BFGS:  265 20:43:35    -1075.284403        1.0084
BFGS:  266 20:43:35    -1075.285584        2.5257
BFGS:  267 20:43:35    -1075.284807        0.9615
BFGS:  268 20:43:35    -1075.285065        0.9301
BFGS:  269 20:43:35    -1075.268313        3.6978
BFGS:  270 20:43:35    -1075.284151        2.5959
BFGS:  271 20:43:35    -1075.266193        2.2016
BFGS:  272 20:43:35    -1075.278922        1.5084
BFGS:  273 20:43:35    -1075.267151        8.1932
BFGS:  274 20:43:35    -1075.283298        1.1261
BFGS:  275 20:43:35    -1075.285111        0.9255
BFGS:  276 20:43:35    -1075.268003        3.6978
BFGS:  277 20:43:35    -1075.283991        2.6005
BFGS:  278 20:43:35    -1075.265533        2.2414
BFGS:  279 20:43:35    -1075.278741        1.5256
BFGS:  280 20:43:35    -1075.266921        3.7042
BFGS:  281 20:43:35    -1075.283736        1.0825
BFGS:  282 20:43:35    -1075.285552        0.8670
BFGS:  283 20:43:35    -1075.267712        3.6913
BFGS:  284 20:43:35    -1075.283066        3.6360
BFGS:  285 20:43:35    -1075.243888        4.1716
BFGS:  286 20:43:35    -1075.274946        1.7761
BFGS:  287 20:43:35    -1075.272512        3.6748
BFGS:  288 20:43:35    -1075.282111        1.2388
BFGS:  289 20:43:35    -1075.284545        0.9917
BFGS:  290 20:43:35    -1075.267408        3.6885
BFGS:  291 20:43:35    -1075.284773        2.5640
BFGS:  292 20:43:35    -1075.263439        2.3544
BFGS:  293 20:43:35    -1075.277982        1.5839
BFGS:  294 20:43:35    -1075.266285        3.6964
BFGS:  295 20:43:35    -1075.283505        1.1056
BFGS:  296 20:43:35    -1075.285476        0.8745
BFGS:  297 20:43:35    -1075.267171        3.6863
BFGS:  298 20:43:36    -1075.283088        2.6433
BFGS:  299 20:43:36    -1075.264159        2.3323
BFGS:  300 20:43:36    -1075.278433        1.5560
BFGS:  301 20:43:36    -1075.266063        3.6929
BFGS:  302 20:43:36    -1075.283665        1.0890
BFGS:  303 20:43:36    -1075.285568        0.8611
BFGS:  304 20:43:36    -1075.266937        3.6832
BFGS:  305 20:43:36    -1075.282849        2.6556
BFGS:  306 20:43:36    -1075.263500        2.3708
BFGS:  307 20:43:36    -1075.278297        1.5683
BFGS:  308 20:43:36    -1075.265600        8.2040
BFGS:  309 20:43:36    -1075.283127        1.1453
BFGS:  310 20:43:36    -1075.285108        0.9232
BFGS:  311 20:43:36    -1075.266667        3.6858
BFGS:  312 20:43:36    -1075.283651        2.6168
BFGS:  313 20:43:36    -1075.261957        2.4455
BFGS:  314 20:43:36    -1075.277761        1.6082
BFGS:  315 20:43:36    -1075.265530        3.6908
BFGS:  316 20:43:36    -1075.283492        1.1081
BFGS:  317 20:43:36    -1075.285531        0.8662
BFGS:  318 20:43:36    -1075.266494        3.6804
BFGS:  319 20:43:36    -1075.282807        2.6570
BFGS:  320 20:43:36    -1075.261903        2.4559
BFGS:  321 20:43:36    -1075.277883        1.6021
BFGS:  322 20:43:36    -1075.265360        3.6857
BFGS:  323 20:43:36    -1075.283550        1.1020
BFGS:  324 20:43:36    -1075.285577        0.8594
BFGS:  325 20:43:36    -1075.266342        3.6770
BFGS:  326 20:43:36    -1075.282677        2.6642
BFGS:  327 20:43:36    -1075.261181        2.4943
BFGS:  328 20:43:36    -1075.277729        1.6149
BFGS:  329 20:43:36    -1075.265204        3.6822
BFGS:  330 20:43:36    -1075.283523        1.1049
BFGS:  331 20:43:37    -1075.285584        0.8579
BFGS:  332 20:43:37    -1075.266219        3.6741
BFGS:  333 20:43:37    -1075.282629        2.6677
BFGS:  334 20:43:37    -1075.260397        2.5346
BFGS:  335 20:43:37    -1075.277552        1.6290
BFGS:  336 20:43:37    -1075.265068        8.2061
BFGS:  337 20:43:37    -1075.282953        1.1641
BFGS:  338 20:43:37    -1075.285106        0.9228
BFGS:  339 20:43:37    -1075.266017        3.6769
BFGS:  340 20:43:37    -1075.283470        2.6268
BFGS:  341 20:43:37    -1075.258919        2.6020
BFGS:  342 20:43:37    -1075.277043        1.6656
BFGS:  343 20:43:37    -1075.264841        3.6808
BFGS:  344 20:43:37    -1075.283348        1.1239
BFGS:  345 20:43:37    -1075.285539        0.8643
BFGS:  346 20:43:37    -1075.265941        3.6717
BFGS:  347 20:43:37    -1075.282630        2.6669
BFGS:  348 20:43:37    -1075.258841        2.6108
BFGS:  349 20:43:37    -1075.277175        1.6580
BFGS:  350 20:43:37    -1075.264761        3.6760
BFGS:  351 20:43:37    -1075.283404        1.1178
BFGS:  352 20:43:37    -1075.285578        0.8584
BFGS:  353 20:43:37    -1075.265874        3.6685
BFGS:  354 20:43:37    -1075.282527        2.6727
BFGS:  355 20:43:37    -1075.258122        2.6458
BFGS:  356 20:43:37    -1075.277034        1.6689
BFGS:  357 20:43:37    -1075.264686        3.6727
BFGS:  358 20:43:37    -1075.283379        1.1203
BFGS:  359 20:43:37    -1075.285580        0.8575
BFGS:  360 20:43:37    -1075.265825        3.6657
BFGS:  361 20:43:37    -1075.282499        2.6750
BFGS:  362 20:43:37    -1075.257341        2.6827
BFGS:  363 20:43:37    -1075.276870        1.6812
BFGS:  364 20:43:37    -1075.264628        3.6698
BFGS:  365 20:43:38    -1075.283346        1.1236
BFGS:  366 20:43:38    -1075.285579        0.8573
BFGS:  367 20:43:38    -1075.265792        3.6631
BFGS:  368 20:43:38    -1075.282483        2.6767
BFGS:  369 20:43:38    -1075.256552        2.7192
BFGS:  370 20:43:38    -1075.276707        1.6933
BFGS:  371 20:43:38    -1075.264585        3.6670
BFGS:  372 20:43:38    -1075.283312        1.1269
BFGS:  373 20:43:38    -1075.285575        0.8573
BFGS:  374 20:43:38    -1075.265774        3.6606
BFGS:  375 20:43:38    -1075.282472        2.6781
BFGS:  376 20:43:38    -1075.255757        2.7552
BFGS:  377 20:43:38    -1075.276545        1.7052
BFGS:  378 20:43:38    -1075.264505        8.2105
BFGS:  379 20:43:38    -1075.282709        1.1889
BFGS:  380 20:43:38    -1075.285074        0.9254
BFGS:  381 20:43:38    -1075.265634        3.6635
BFGS:  382 20:43:38    -1075.283354        2.6351
BFGS:  383 20:43:38    -1075.254394        2.8122
BFGS:  384 20:43:38    -1075.276074        1.7375
BFGS:  385 20:43:38    -1075.264380        3.6664
BFGS:  386 20:43:38    -1075.283155        1.1437
BFGS:  387 20:43:38    -1075.285530        0.8639
BFGS:  388 20:43:38    -1075.265643        3.6588
BFGS:  389 20:43:38    -1075.282495        2.6757
BFGS:  390 20:43:38    -1075.254185        2.8237
BFGS:  391 20:43:38    -1075.276201        1.7297
BFGS:  392 20:43:38    -1075.264377        3.6621
BFGS:  393 20:43:38    -1075.283203        1.1384
BFGS:  394 20:43:38    -1075.285559        0.8594
BFGS:  395 20:43:38    -1075.265648        3.6558
BFGS:  396 20:43:38    -1075.282424        2.6797
BFGS:  397 20:43:38    -1075.253414        2.8569
BFGS:  398 20:43:39    -1075.276065        1.7393
BFGS:  399 20:43:39    -1075.264370        3.6591
BFGS:  400 20:43:39    -1075.283177        1.1409
BFGS:  401 20:43:39    -1075.285557        0.8594
BFGS:  402 20:43:39    -1075.265661        3.6534
BFGS:  403 20:43:39    -1075.282416        2.6808
BFGS:  404 20:43:39    -1075.252591        2.8916
BFGS:  405 20:43:39    -1075.275909        1.7501
BFGS:  406 20:43:39    -1075.264369        3.6566
BFGS:  407 20:43:39    -1075.283146        1.1440
BFGS:  408 20:43:39    -1075.285552        0.8597
BFGS:  409 20:43:39    -1075.265681        3.6511
BFGS:  410 20:43:39    -1075.282415        2.6815
BFGS:  411 20:43:39    -1075.251755        2.9264
BFGS:  412 20:43:39    -1075.275753        1.7609
BFGS:  413 20:43:39    -1075.264375        3.6542
BFGS:  414 20:43:39    -1075.283113        1.1472
BFGS:  415 20:43:39    -1075.285545        0.8602
BFGS:  416 20:43:39    -1075.265708        3.6489
BFGS:  417 20:43:39    -1075.282416        2.6820
BFGS:  418 20:43:39    -1075.250906        2.9610
BFGS:  419 20:43:39    -1075.275597        1.7715
BFGS:  420 20:43:39    -1075.264387        3.6519
BFGS:  421 20:43:39    -1075.283081        1.1503
BFGS:  422 20:43:39    -1075.285539        0.8608
BFGS:  423 20:43:39    -1075.265741        3.6468
BFGS:  424 20:43:39    -1075.282420        2.6824
BFGS:  425 20:43:39    -1075.250045        2.9956
BFGS:  426 20:43:39    -1075.275442        1.7820
BFGS:  427 20:43:39    -1075.264330        8.2135
BFGS:  428 20:43:39    -1075.282451        1.2140
BFGS:  429 20:43:39    -1075.285026        0.9302
BFGS:  430 20:43:39    -1075.265628        3.6500
BFGS:  431 20:43:40    -1075.283314        2.6386
BFGS:  432 20:43:40    -1075.248888        3.0398
BFGS:  433 20:43:40    -1075.275023        1.8095
BFGS:  434 20:43:40    -1075.264259        3.6520
BFGS:  435 20:43:40    -1075.282945        1.1647
BFGS:  436 20:43:40    -1075.285499        0.8669
BFGS:  437 20:43:40    -1075.265681        3.6355
BFGS:  438 20:43:40    -1075.282442        2.6794
BFGS:  439 20:43:40    -1075.248353        3.0615
BFGS:  440 20:43:40    -1075.275115        1.8038
BFGS:  441 20:43:40    -1075.264267        3.3989
BFGS:  442 20:43:40    -1075.283036        1.1548
BFGS:  443 20:43:40    -1075.285565        0.8569
BFGS:  444 20:43:40    -1075.265636        3.3584
BFGS:  445 20:43:40    -1075.282269        2.6887
BFGS:  446 20:43:40    -1075.243676        3.2352
BFGS:  447 20:43:40    -1075.274496        1.8497
BFGS:  448 20:43:40    -1075.264780        3.6449
BFGS:  449 20:43:40    -1075.282770        1.1818
BFGS:  450 20:43:40    -1075.285412        0.8772
BFGS:  451 20:43:40    -1075.265569        3.3631
BFGS:  452 20:43:40    -1075.282556        2.6764
BFGS:  453 20:43:40    -1075.243545        3.2444
BFGS:  454 20:43:40    -1075.274397        1.8569
BFGS:  455 20:43:40    -1075.264718        3.6440
BFGS:  456 20:43:40    -1075.282748        1.1838
BFGS:  457 20:43:40    -1075.285408        0.8772
BFGS:  458 20:43:40    -1075.265515        3.3663
BFGS:  459 20:43:40    -1075.282557        2.6770
BFGS:  460 20:43:40    -1075.243431        3.2511
BFGS:  461 20:43:40    -1075.274365        1.8593
BFGS:  462 20:43:40    -1075.264666        3.6434
BFGS:  463 20:43:40    -1075.282743        1.1840
BFGS:  464 20:43:40    -1075.285410        0.8764
BFGS:  465 20:43:41    -1075.265467        3.3690
BFGS:  466 20:43:41    -1075.282546        2.6781
BFGS:  467 20:43:41    -1075.243329        3.2567
BFGS:  468 20:43:41    -1075.274338        1.8613
BFGS:  469 20:43:41    -1075.264611        3.4042
BFGS:  470 20:43:41    -1075.282797        1.1778
BFGS:  471 20:43:41    -1075.285461        0.8686
BFGS:  472 20:43:41    -1075.265407        3.6421
BFGS:  473 20:43:41    -1075.282491        2.6818
BFGS:  474 20:43:41    -1075.247334        3.1115
BFGS:  475 20:43:41    -1075.274882        1.8206
BFGS:  476 20:43:41    -1075.263940        3.4174
BFGS:  477 20:43:41    -1075.282993        1.1578
BFGS:  478 20:43:41    -1075.285574        0.8541
BFGS:  479 20:43:41    -1075.265392        3.3725
BFGS:  480 20:43:41    -1075.282239        2.6936
BFGS:  481 20:43:41    -1075.243170        3.2624
BFGS:  482 20:43:41    -1075.274365        1.8590
BFGS:  483 20:43:41    -1075.264494        3.6408
BFGS:  484 20:43:41    -1075.282758        1.1817
BFGS:  485 20:43:41    -1075.285433        0.8730
BFGS:  486 20:43:41    -1075.265349        3.3752
BFGS:  487 20:43:41    -1075.282507        2.6818
BFGS:  488 20:43:41    -1075.243084        3.2678
BFGS:  489 20:43:41    -1075.274223        1.8633
BFGS:  490 20:43:41    -1075.263750        8.2227
BFGS:  491 20:43:41    -1075.282197        1.2377
BFGS:  492 20:43:41    -1075.285000        0.9323
BFGS:  493 20:43:41    -1075.265186        3.3762
BFGS:  494 20:43:41    -1075.283237        2.6452
BFGS:  495 20:43:41    -1075.242843        3.2751
BFGS:  496 20:43:41    -1075.274046        1.8793
BFGS:  497 20:43:41    -1075.264278        3.6435
BFGS:  498 20:43:42    -1075.282681        1.1899
BFGS:  499 20:43:42    -1075.285414        0.8767
