      Step     Time          Energy         fmax
BFGS:    0 20:52:00     -730.694941      140.5891
BFGS:    1 20:52:00     -770.970012      140.0201
BFGS:    2 20:52:00     -809.226364      129.1490
BFGS:    3 20:52:00     -835.759661      122.8337
BFGS:    4 20:52:00     -856.071255      111.9177
BFGS:    5 20:52:01     -873.977657       98.0521
BFGS:    6 20:52:01     -889.754561       87.9118
BFGS:    7 20:52:01     -900.146069       79.0718
BFGS:    8 20:52:01     -907.364458       73.3568
BFGS:    9 20:52:01     -912.905324       68.6832
BFGS:   10 20:52:01     -918.460595       61.8744
BFGS:   11 20:52:01     -924.911500       59.9081
BFGS:   12 20:52:01     -930.760450       55.8986
BFGS:   13 20:52:01     -935.328687       52.3597
BFGS:   14 20:52:01     -939.007002       49.6843
BFGS:   15 20:52:01     -942.219862       49.4385
BFGS:   16 20:52:01     -945.269895       45.4730
BFGS:   17 20:52:01     -948.080561       45.3451
BFGS:   18 20:52:01     -951.076346       42.7108
BFGS:   19 20:52:01     -953.744940       41.4684
BFGS:   20 20:52:01     -956.381524       37.8374
BFGS:   21 20:52:01     -959.125745       36.9474
BFGS:   22 20:52:01     -961.816473       34.8897
BFGS:   23 20:52:01     -964.478194       33.0199
BFGS:   24 20:52:01     -967.037288       31.2117
BFGS:   25 20:52:01     -969.435258       29.6398
BFGS:   26 20:52:01     -971.808134       30.8288
BFGS:   27 20:52:01     -974.131235       33.0257
BFGS:   28 20:52:01     -976.507118       34.8972
BFGS:   29 20:52:01     -978.930087       36.2835
BFGS:   30 20:52:02     -981.357421       36.4097
BFGS:   31 20:52:02     -983.713765       36.0520
BFGS:   32 20:52:02     -985.694405       34.9076
BFGS:   33 20:52:02     -987.543541       35.4689
BFGS:   34 20:52:02     -989.385556       35.3791
BFGS:   35 20:52:02     -991.419375       34.7352
BFGS:   36 20:52:02     -993.739393       33.9219
BFGS:   37 20:52:02     -996.249697       32.1640
BFGS:   38 20:52:02     -998.719575       30.3745
BFGS:   39 20:52:02    -1001.119236       28.4784
BFGS:   40 20:52:02    -1003.447151       26.8007
BFGS:   41 20:52:02    -1005.642378       24.6950
BFGS:   42 20:52:02    -1007.720165       24.1473
BFGS:   43 20:52:02    -1009.885202       24.7196
BFGS:   44 20:52:02    -1012.115508       25.6140
BFGS:   45 20:52:02    -1014.293436       26.6456
BFGS:   46 20:52:02    -1016.323275       27.8296
BFGS:   47 20:52:02    -1018.944838       28.7300
BFGS:   48 20:52:02    -1021.436375       29.6711
BFGS:   49 20:52:02    -1023.633668       29.3374
BFGS:   50 20:52:02    -1026.432024       29.1543
BFGS:   51 20:52:02    -1029.110388       28.7986
BFGS:   52 20:52:02    -1031.819338       28.3758
BFGS:   53 20:52:02    -1034.500046       27.3122
BFGS:   54 20:52:02    -1037.177688       26.6526
BFGS:   55 20:52:03    -1039.902275       24.9769
BFGS:   56 20:52:03    -1042.555935       23.3548
BFGS:   57 20:52:03    -1045.119640       21.9186
BFGS:   58 20:52:03    -1047.656724       19.3104
BFGS:   59 20:52:03    -1049.918301       15.4317
BFGS:   60 20:52:03    -1051.725338       13.3193
BFGS:   61 20:52:03    -1053.287675       11.4760
BFGS:   62 20:52:03    -1054.628034        9.6366
BFGS:   63 20:52:03    -1055.877045        9.7055
BFGS:   64 20:52:03    -1057.087543       10.5088
BFGS:   65 20:52:03    -1058.281796       11.6184
BFGS:   66 20:52:03    -1059.612835       10.3499
BFGS:   67 20:52:03    -1060.943649       10.9229
BFGS:   68 20:52:03    -1062.203004       11.4852
BFGS:   69 20:52:03    -1063.469042       12.0181
BFGS:   70 20:52:03    -1064.673669       11.5501
BFGS:   71 20:52:03    -1065.974636       10.1011
BFGS:   72 20:52:03    -1067.233177       10.7090
BFGS:   73 20:52:03    -1068.508003       10.3085
BFGS:   74 20:52:03    -1069.628717       10.2386
BFGS:   75 20:52:03    -1070.566313       10.0214
BFGS:   76 20:52:03    -1071.332543        9.6704
BFGS:   77 20:52:03    -1071.991440        9.4780
BFGS:   78 20:52:03    -1072.570037        8.8165
BFGS:   79 20:52:03    -1073.108685        8.2439
BFGS:   80 20:52:03    -1073.616305        7.5374
BFGS:   81 20:52:03    -1074.115593        8.2327
BFGS:   82 20:52:03    -1074.615663        9.0898
BFGS:   83 20:52:03    -1075.095718        9.5433
BFGS:   84 20:52:03    -1075.544644        9.7063
BFGS:   85 20:52:04    -1075.969846        9.2590
BFGS:   86 20:52:04    -1076.439610        8.3802
BFGS:   87 20:52:04    -1076.932714        8.0479
BFGS:   88 20:52:04    -1077.438197        7.5665
BFGS:   89 20:52:04    -1077.967468        7.1530
BFGS:   90 20:52:04    -1078.407538        6.8751
BFGS:   91 20:52:04    -1078.797933        5.7833
BFGS:   92 20:52:04    -1079.166225        4.3831
BFGS:   93 20:52:04    -1079.455604        4.0206
BFGS:   94 20:52:04    -1079.599342        2.6811
BFGS:   95 20:52:04    -1079.723952        2.0229
BFGS:   96 20:52:04    -1079.812891        1.8483
BFGS:   97 20:52:04    -1079.863898        2.1953
BFGS:   98 20:52:04    -1079.920538        2.3076
BFGS:   99 20:52:04    -1079.996684        1.9404
BFGS:  100 20:52:04    -1080.078933        2.0416
BFGS:  101 20:52:04    -1080.238308        3.5379
BFGS:  102 20:52:04    -1080.394691        4.8693
BFGS:  103 20:52:04    -1080.548324        5.8736
BFGS:  104 20:52:04    -1080.769044        6.2406
BFGS:  105 20:52:04    -1081.026051        5.4680
BFGS:  106 20:52:04    -1081.252492        5.0946
BFGS:  107 20:52:04    -1081.485447        4.6273
BFGS:  108 20:52:04    -1081.680621        5.2334
BFGS:  109 20:52:04    -1081.862073        5.8965
BFGS:  110 20:52:04    -1082.042062        6.4582
BFGS:  111 20:52:04    -1082.225954        6.6291
BFGS:  112 20:52:04    -1082.397856        5.6888
BFGS:  113 20:52:04    -1082.571972        5.7590
BFGS:  114 20:52:04    -1082.757852        4.2920
BFGS:  115 20:52:05    -1082.912646        3.5550
BFGS:  116 20:52:05    -1083.057288        3.7440
BFGS:  117 20:52:05    -1083.199209        3.7179
BFGS:  118 20:52:05    -1083.342983        3.9412
BFGS:  119 20:52:05    -1083.493012        4.3507
BFGS:  120 20:52:05    -1083.650014        4.6721
BFGS:  121 20:52:05    -1083.807706        4.8013
BFGS:  122 20:52:05    -1083.977332        4.8498
BFGS:  123 20:52:05    -1084.146670        5.2193
BFGS:  124 20:52:05    -1084.350628        5.7577
BFGS:  125 20:52:05    -1084.555090        6.3683
BFGS:  126 20:52:05    -1084.806343        6.4446
BFGS:  127 20:52:05    -1085.051288        6.0162
BFGS:  128 20:52:05    -1085.317780        4.8649
BFGS:  129 20:52:05    -1085.563549        3.4269
BFGS:  130 20:52:05    -1085.746361        3.5338
BFGS:  131 20:52:05    -1085.928031        4.0351
BFGS:  132 20:52:05    -1086.066321        4.1353
BFGS:  133 20:52:05    -1086.224635        3.9032
BFGS:  134 20:52:05    -1086.358513        4.3055
BFGS:  135 20:52:05    -1086.497593        4.0633
BFGS:  136 20:52:05    -1086.672594        3.9666
BFGS:  137 20:52:05    -1086.776004        3.8030
BFGS:  138 20:52:05    -1086.880811        3.6286
BFGS:  139 20:52:05    -1086.974739        3.4230
BFGS:  140 20:52:05    -1087.069769        3.6128
BFGS:  141 20:52:05    -1087.178271        3.8630
BFGS:  142 20:52:05    -1087.293765        3.9042
BFGS:  143 20:52:05    -1087.425920        4.0430
BFGS:  144 20:52:05    -1087.541066        4.3031
BFGS:  145 20:52:05    -1087.651694        4.8412
BFGS:  146 20:52:06    -1087.770298        5.4769
BFGS:  147 20:52:06    -1087.892202        6.1166
BFGS:  148 20:52:06    -1088.040841        6.5217
BFGS:  149 20:52:06    -1088.154299        5.4090
BFGS:  150 20:52:06    -1088.269520        4.5738
BFGS:  151 20:52:06    -1088.401649        4.1277
BFGS:  152 20:52:06    -1088.523696        3.7744
BFGS:  153 20:52:06    -1088.644340        2.7001
BFGS:  154 20:52:06    -1088.712152        2.4191
BFGS:  155 20:52:06    -1088.783186        2.4290
BFGS:  156 20:52:06    -1088.877989        2.1985
BFGS:  157 20:52:06    -1088.923241        2.0763
BFGS:  158 20:52:06    -1088.966791        2.1962
BFGS:  159 20:52:06    -1088.996740        2.2198
BFGS:  160 20:52:06    -1089.035868        2.1968
BFGS:  161 20:52:06    -1089.064396        2.1115
BFGS:  162 20:52:06    -1089.101611        1.6735
BFGS:  163 20:52:06    -1089.146440        1.6884
BFGS:  164 20:52:06    -1089.188167        1.3779
BFGS:  165 20:52:06    -1089.219361        1.5646
BFGS:  166 20:52:06    -1089.246167        1.6613
BFGS:  167 20:52:06    -1089.273517        1.6876
BFGS:  168 20:52:06    -1089.312132        1.7271
BFGS:  169 20:52:06    -1089.364088        1.6974
BFGS:  170 20:52:06    -1089.420769        2.7992
BFGS:  171 20:52:06    -1089.496904        3.2177
BFGS:  172 20:52:06    -1089.603353        4.1086
BFGS:  173 20:52:06    -1089.688426        5.5647
BFGS:  174 20:52:06    -1089.806447        4.5295
BFGS:  175 20:52:06    -1089.945952        3.8191
BFGS:  176 20:52:07    -1090.128727        3.4549
BFGS:  177 20:52:07    -1090.252369        3.8663
BFGS:  178 20:52:07    -1090.433053        3.4879
BFGS:  179 20:52:07    -1090.610556        3.3723
BFGS:  180 20:52:07    -1090.806995        3.6854
BFGS:  181 20:52:07    -1090.936516        4.9505
BFGS:  182 20:52:07    -1091.346904        4.3460
BFGS:  183 20:52:07    -1091.647349        4.4945
BFGS:  184 20:52:07    -1092.047320        4.3838
BFGS:  185 20:52:07    -1092.434210        5.0439
BFGS:  186 20:52:07    -1092.776942        5.0922
BFGS:  187 20:52:07    -1093.094164        4.0773
BFGS:  188 20:52:07    -1093.401022        3.4620
BFGS:  189 20:52:07    -1093.552303        4.4542
BFGS:  190 20:52:07    -1093.724588        3.4605
BFGS:  191 20:52:07    -1093.883452        2.8279
BFGS:  192 20:52:07    -1094.075757        2.1089
BFGS:  193 20:52:07    -1094.174495        1.9512
BFGS:  194 20:52:07    -1094.266323        1.5188
BFGS:  195 20:52:07    -1094.309499        1.4240
BFGS:  196 20:52:07    -1094.348464        1.6842
BFGS:  197 20:52:07    -1094.383836        1.6975
BFGS:  198 20:52:07    -1094.428208        2.2599
BFGS:  199 20:52:07    -1094.481067        1.7564
BFGS:  200 20:52:07    -1094.555454        1.8431
BFGS:  201 20:52:07    -1094.614802        2.1224
BFGS:  202 20:52:07    -1094.655968        2.4610
BFGS:  203 20:52:07    -1094.733580        2.9168
BFGS:  204 20:52:07    -1094.866062        2.6002
BFGS:  205 20:52:07    -1095.001322        3.0062
BFGS:  206 20:52:07    -1095.157836        3.2260
BFGS:  207 20:52:07    -1095.358713        3.4809
BFGS:  208 20:52:07    -1095.556461        3.5175
BFGS:  209 20:52:08    -1095.726471        2.9344
BFGS:  210 20:52:08    -1095.806886        2.6129
BFGS:  211 20:52:08    -1095.924833        2.3090
BFGS:  212 20:52:08    -1096.032723        2.7730
BFGS:  213 20:52:08    -1096.154379        3.2303
BFGS:  214 20:52:08    -1096.282888        3.1557
BFGS:  215 20:52:08    -1096.364424        3.2428
BFGS:  216 20:52:08    -1096.426217        2.4079
BFGS:  217 20:52:08    -1096.481406        2.0452
BFGS:  218 20:52:08    -1096.511267        2.3457
BFGS:  219 20:52:08    -1096.531152        3.4885
BFGS:  220 20:52:08    -1096.557537        1.2708
BFGS:  221 20:52:08    -1096.583904        1.4105
BFGS:  222 20:52:08    -1096.571080        3.0570
BFGS:  223 20:52:08    -1096.611843        1.8745
BFGS:  224 20:52:08    -1096.600734        1.9394
BFGS:  225 20:52:08    -1096.633603        1.4071
BFGS:  226 20:52:08    -1096.607834        3.0180
BFGS:  227 20:52:08    -1096.651274        1.8806
BFGS:  228 20:52:08    -1096.619492        3.3679
BFGS:  229 20:52:08    -1096.668212        1.2407
BFGS:  230 20:52:08    -1096.638048        2.3452
BFGS:  231 20:52:08    -1096.687339        1.8775
BFGS:  232 20:52:08    -1096.638825        1.6407
BFGS:  233 20:52:08    -1096.690136        1.1655
BFGS:  234 20:52:08    -1096.656345        2.4306
BFGS:  235 20:52:08    -1096.715198        1.8756
BFGS:  236 20:52:08    -1096.649526        1.5952
BFGS:  237 20:52:08    -1096.704427        1.2149
BFGS:  238 20:52:08    -1096.685597        2.3238
BFGS:  239 20:52:08    -1096.731692        3.3696
BFGS:  240 20:52:08    -1096.733765        1.9334
BFGS:  241 20:52:08    -1096.740043        1.3043
BFGS:  242 20:52:09    -1096.748449        1.2659
BFGS:  243 20:52:09    -1096.767892        2.1063
BFGS:  244 20:52:09    -1096.775990        1.1597
BFGS:  245 20:52:09    -1096.787647        1.1381
BFGS:  246 20:52:09    -1096.798661        1.0892
BFGS:  247 20:52:09    -1096.815968        1.0114
BFGS:  248 20:52:09    -1096.829600        0.9992
BFGS:  249 20:52:09    -1096.847987        1.0753
BFGS:  250 20:52:09    -1096.859610        1.4461
BFGS:  251 20:52:09    -1096.872434        1.7800
BFGS:  252 20:52:09    -1096.888193        1.9709
BFGS:  253 20:52:09    -1096.908706        1.8127
BFGS:  254 20:52:09    -1096.924512        1.3731
BFGS:  255 20:52:09    -1096.933910        1.1446
BFGS:  256 20:52:09    -1096.945596        0.7843
BFGS:  257 20:52:09    -1096.952341        0.9037
BFGS:  258 20:52:09    -1096.958596        1.0510
BFGS:  259 20:52:09    -1096.961828        1.0598
BFGS:  260 20:52:09    -1096.965721        1.0345
BFGS:  261 20:52:09    -1096.969533        0.9959
BFGS:  262 20:52:09    -1096.972813        0.9875
BFGS:  263 20:52:09    -1096.974826        0.9809
BFGS:  264 20:52:09    -1096.976279        0.9780
BFGS:  265 20:52:09    -1096.977619        0.9719
BFGS:  266 20:52:09    -1096.979450        0.9667
BFGS:  267 20:52:09    -1096.982027        0.9559
BFGS:  268 20:52:09    -1096.986073        1.0157
BFGS:  269 20:52:09    -1096.992582        1.0866
BFGS:  270 20:52:09    -1097.005243        1.1284
BFGS:  271 20:52:09    -1097.035009        1.3805
BFGS:  272 20:52:09    -1097.041542        2.1689
BFGS:  273 20:52:09    -1097.061526        1.6616
BFGS:  274 20:52:10    -1097.081685        1.4776
BFGS:  275 20:52:10    -1097.140356        1.7639
BFGS:  276 20:52:10    -1097.173210        2.4818
BFGS:  277 20:52:10    -1097.180069        2.1622
BFGS:  278 20:52:10    -1097.206675        1.5507
BFGS:  279 20:52:10    -1097.226235        0.8787
BFGS:  280 20:52:10    -1097.196498        1.8221
BFGS:  281 20:52:10    -1097.231477        1.7034
BFGS:  282 20:52:10    -1097.192946        1.6337
BFGS:  283 20:52:10    -1097.231766        1.3145
BFGS:  284 20:52:10    -1097.177609        2.7362
BFGS:  285 20:52:10    -1097.230149        1.8056
BFGS:  286 20:52:10    -1097.184462        1.7992
BFGS:  287 20:52:10    -1097.236384        1.2814
BFGS:  288 20:52:10    -1097.190405        2.1704
BFGS:  289 20:52:10    -1097.249048        1.6560
BFGS:  290 20:52:10    -1097.185661        1.8941
BFGS:  291 20:52:10    -1097.239582        1.4136
BFGS:  292 20:52:10    -1097.202045        2.2142
BFGS:  293 20:52:10    -1097.254299        1.5814
BFGS:  294 20:52:10    -1097.190923        1.9300
BFGS:  295 20:52:10    -1097.244366        1.4551
BFGS:  296 20:52:10    -1097.206454        2.1618
BFGS:  297 20:52:10    -1097.256778        1.5514
BFGS:  298 20:52:10    -1097.195619        1.9676
BFGS:  299 20:52:10    -1097.248750        1.4780
BFGS:  300 20:52:10    -1097.208866        2.7456
BFGS:  301 20:52:10    -1097.255296        1.6010
BFGS:  302 20:52:10    -1097.201374        1.9696
BFGS:  303 20:52:10    -1097.252600        1.4480
BFGS:  304 20:52:10    -1097.206009        2.1461
BFGS:  305 20:52:10    -1097.259337        1.5616
BFGS:  306 20:52:10    -1097.202892        1.9784
BFGS:  307 20:52:11    -1097.254898        1.4819
BFGS:  308 20:52:11    -1097.209828        2.1377
BFGS:  309 20:52:11    -1097.261341        1.5349
BFGS:  310 20:52:11    -1097.205505        1.9837
BFGS:  311 20:52:11    -1097.257469        1.5027
BFGS:  312 20:52:11    -1097.211704        2.1196
BFGS:  313 20:52:11    -1097.262775        1.5155
BFGS:  314 20:52:11    -1097.208283        1.9830
BFGS:  315 20:52:11    -1097.259917        1.5166
BFGS:  316 20:52:11    -1097.213007        2.0989
BFGS:  317 20:52:11    -1097.263978        1.4999
BFGS:  318 20:52:11    -1097.210871        1.9809
BFGS:  319 20:52:11    -1097.262148        1.5272
BFGS:  320 20:52:11    -1097.208916        2.7517
BFGS:  321 20:52:11    -1097.264634        1.5078
BFGS:  322 20:52:11    -1097.211461        2.0118
BFGS:  323 20:52:11    -1097.263523        1.5279
BFGS:  324 20:52:11    -1097.212509        2.0986
BFGS:  325 20:52:11    -1097.266450        1.4881
BFGS:  326 20:52:11    -1097.213051        1.9959
BFGS:  327 20:52:11    -1097.265051        1.5425
BFGS:  328 20:52:11    -1097.214125        2.0927
BFGS:  329 20:52:11    -1097.267579        1.4728
BFGS:  330 20:52:11    -1097.214638        1.9931
BFGS:  331 20:52:11    -1097.266557        1.5529
BFGS:  332 20:52:11    -1097.215306        2.0783
BFGS:  333 20:52:11    -1097.268548        1.4593
BFGS:  334 20:52:11    -1097.215964        1.9934
BFGS:  335 20:52:11    -1097.267919        1.5618
BFGS:  336 20:52:11    -1097.212477        2.7165
BFGS:  337 20:52:11    -1097.269318        1.4625
BFGS:  338 20:52:11    -1097.215779        2.0335
BFGS:  339 20:52:11    -1097.268775        1.5660
BFGS:  340 20:52:12    -1097.215463        2.0752
BFGS:  341 20:52:12    -1097.270500        1.4440
BFGS:  342 20:52:12    -1097.216243        2.0142
BFGS:  343 20:52:12    -1097.269731        1.5780
BFGS:  344 20:52:12    -1097.216886        2.0665
BFGS:  345 20:52:12    -1097.271277        1.4314
BFGS:  346 20:52:12    -1097.217336        2.0111
BFGS:  347 20:52:12    -1097.270760        1.5852
BFGS:  348 20:52:12    -1097.217630        2.6652
BFGS:  349 20:52:12    -1097.271477        1.4427
BFGS:  350 20:52:12    -1097.217164        2.0590
BFGS:  351 20:52:12    -1097.271556        1.5863
BFGS:  352 20:52:12    -1097.216433        2.0705
BFGS:  353 20:52:12    -1097.272602        1.4224
BFGS:  354 20:52:12    -1097.219594        2.0171
BFGS:  355 20:52:12    -1097.272576        1.5917
BFGS:  356 20:52:12    -1097.217274        2.0624
BFGS:  357 20:52:12    -1097.272997        1.4147
BFGS:  358 20:52:12    -1097.219286        2.0206
BFGS:  359 20:52:12    -1097.273261        1.5988
BFGS:  360 20:52:12    -1097.218215        2.0484
BFGS:  361 20:52:12    -1097.273533        1.4063
BFGS:  362 20:52:12    -1097.220093        2.0214
BFGS:  363 20:52:12    -1097.274008        1.6028
BFGS:  364 20:52:12    -1097.218902        2.6563
BFGS:  365 20:52:12    -1097.273497        1.4221
BFGS:  366 20:52:12    -1097.220061        2.0706
BFGS:  367 20:52:12    -1097.274709        1.6021
BFGS:  368 20:52:12    -1097.217592        2.0550
BFGS:  369 20:52:12    -1097.274431        1.4025
BFGS:  370 20:52:12    -1097.223353        2.0188
BFGS:  371 20:52:12    -1097.275699        1.6033
BFGS:  372 20:52:12    -1097.218100        2.0458
BFGS:  373 20:52:13    -1097.274560        1.3980
BFGS:  374 20:52:13    -1097.222664        2.0218
BFGS:  375 20:52:13    -1097.276236        1.6089
BFGS:  376 20:52:13    -1097.218980        2.0319
BFGS:  377 20:52:13    -1097.274941        1.3912
BFGS:  378 20:52:13    -1097.222699        2.0252
BFGS:  379 20:52:13    -1097.276750        1.6132
BFGS:  380 20:52:13    -1097.219741        2.6419
BFGS:  381 20:52:13    -1097.274714        1.4089
BFGS:  382 20:52:13    -1097.222770        2.0729
BFGS:  383 20:52:13    -1097.277404        1.6121
BFGS:  384 20:52:13    -1097.218490        2.0413
BFGS:  385 20:52:13    -1097.275585        1.3889
BFGS:  386 20:52:13    -1097.226198        2.0199
BFGS:  387 20:52:13    -1097.278286        1.6122
BFGS:  388 20:52:13    -1097.218958        2.0295
BFGS:  389 20:52:13    -1097.275580        1.3854
BFGS:  390 20:52:13    -1097.225512        2.0222
BFGS:  391 20:52:13    -1097.278760        1.6168
BFGS:  392 20:52:13    -1097.219777        2.0150
BFGS:  393 20:52:13    -1097.275807        1.3799
BFGS:  394 20:52:13    -1097.225250        2.0272
BFGS:  395 20:52:13    -1097.279180        1.6209
BFGS:  396 20:52:13    -1097.220520        2.6332
BFGS:  397 20:52:13    -1097.275322        1.3998
BFGS:  398 20:52:13    -1097.223213        3.3344
BFGS:  399 20:52:13    -1097.279504        1.6082
BFGS:  400 20:52:13    -1097.220817        1.9718
BFGS:  401 20:52:13    -1097.276136        1.3798
BFGS:  402 20:52:13    -1097.225903        2.0218
BFGS:  403 20:52:13    -1097.280009        1.6169
BFGS:  404 20:52:13    -1097.221006        1.9912
BFGS:  405 20:52:13    -1097.276288        1.3739
BFGS:  406 20:52:14    -1097.226682        2.0158
BFGS:  407 20:52:14    -1097.280513        1.6199
BFGS:  408 20:52:14    -1097.220929        2.6278
BFGS:  409 20:52:14    -1097.276125        1.3882
BFGS:  410 20:52:14    -1097.226565        2.0559
BFGS:  411 20:52:14    -1097.280992        1.6211
BFGS:  412 20:52:14    -1097.220279        2.0119
BFGS:  413 20:52:14    -1097.276557        1.3731
BFGS:  414 20:52:14    -1097.228805        2.0186
BFGS:  415 20:52:14    -1097.281620        1.6218
BFGS:  416 20:52:14    -1097.220737        1.9979
BFGS:  417 20:52:14    -1097.276492        1.3703
BFGS:  418 20:52:14    -1097.228196        2.0229
BFGS:  419 20:52:14    -1097.281961        1.6255
BFGS:  420 20:52:14    -1097.221447        1.9832
BFGS:  421 20:52:14    -1097.276583        1.3665
BFGS:  422 20:52:14    -1097.228112        2.0283
BFGS:  423 20:52:14    -1097.282319        1.6279
BFGS:  424 20:52:14    -1097.221627        2.6294
BFGS:  425 20:52:14    -1097.276185        1.3832
BFGS:  426 20:52:14    -1097.226439        3.3066
BFGS:  427 20:52:14    -1097.282708        1.6162
BFGS:  428 20:52:14    -1097.221997        1.9526
BFGS:  429 20:52:14    -1097.276514        1.3683
BFGS:  430 20:52:14    -1097.229422        2.0128
BFGS:  431 20:52:14    -1097.283250        1.6221
BFGS:  432 20:52:14    -1097.221776        2.6116
BFGS:  433 20:52:14    -1097.276208        1.3814
BFGS:  434 20:52:14    -1097.229383        3.2710
BFGS:  435 20:52:14    -1097.283518        1.6134
BFGS:  436 20:52:14    -1097.222013        1.9525
BFGS:  437 20:52:14    -1097.276437        1.3674
BFGS:  438 20:52:14    -1097.230744        1.9977
BFGS:  439 20:52:15    -1097.284106        1.6194
BFGS:  440 20:52:15    -1097.221801        2.6038
BFGS:  441 20:52:15    -1097.276257        1.3792
BFGS:  442 20:52:15    -1097.230675        2.0319
BFGS:  443 20:52:15    -1097.284482        1.6220
BFGS:  444 20:52:15    -1097.221009        1.9927
BFGS:  445 20:52:15    -1097.276432        1.3666
BFGS:  446 20:52:15    -1097.231140        2.0106
BFGS:  447 20:52:15    -1097.284770        1.6252
BFGS:  448 20:52:15    -1097.221605        1.9770
BFGS:  449 20:52:15    -1097.276473        1.3625
BFGS:  450 20:52:15    -1097.231549        2.0095
BFGS:  451 20:52:15    -1097.285107        1.6266
BFGS:  452 20:52:15    -1097.222034        1.9650
BFGS:  453 20:52:15    -1097.276448        1.3604
BFGS:  454 20:52:15    -1097.231966        2.0104
BFGS:  455 20:52:15    -1097.285489        1.6271
BFGS:  456 20:52:15    -1097.222087        2.6100
BFGS:  457 20:52:15    -1097.276125        1.3750
BFGS:  458 20:52:15    -1097.230935        3.2661
BFGS:  459 20:52:15    -1097.285835        1.6168
BFGS:  460 20:52:15    -1097.222466        1.9369
BFGS:  461 20:52:15    -1097.276200        1.3629
BFGS:  462 20:52:15    -1097.233011        1.9987
BFGS:  463 20:52:15    -1097.286359        1.6221
BFGS:  464 20:52:15    -1097.221990        2.6022
BFGS:  465 20:52:15    -1097.275906        1.3750
BFGS:  466 20:52:15    -1097.232939        3.2443
BFGS:  467 20:52:15    -1097.286626        1.6140
BFGS:  468 20:52:15    -1097.222438        1.9347
BFGS:  469 20:52:15    -1097.275911        1.3631
BFGS:  470 20:52:15    -1097.234236        1.9865
BFGS:  471 20:52:15    -1097.287204        1.6192
BFGS:  472 20:52:16    -1097.221707        2.5969
BFGS:  473 20:52:16    -1097.275682        1.3743
BFGS:  474 20:52:16    -1097.234196        2.0165
BFGS:  475 20:52:16    -1097.287567        1.6215
BFGS:  476 20:52:16    -1097.221196        1.9765
BFGS:  477 20:52:16    -1097.275675        1.3638
BFGS:  478 20:52:16    -1097.234785        1.9970
BFGS:  479 20:52:16    -1097.287876        1.6235
BFGS:  480 20:52:16    -1097.221567        1.9629
BFGS:  481 20:52:16    -1097.275612        1.3607
BFGS:  482 20:52:16    -1097.235267        1.9947
BFGS:  483 20:52:16    -1097.288212        1.6241
BFGS:  484 20:52:16    -1097.221726        2.5918
BFGS:  485 20:52:16    -1097.275324        1.3736
BFGS:  486 20:52:16    -1097.234343        3.2364
BFGS:  487 20:52:16    -1097.288547        1.6140
BFGS:  488 20:52:16    -1097.221916        1.9360
BFGS:  489 20:52:16    -1097.275311        1.3627
BFGS:  490 20:52:16    -1097.236303        1.9819
BFGS:  491 20:52:16    -1097.289002        1.6193
BFGS:  492 20:52:16    -1097.221518        2.5869
BFGS:  493 20:52:16    -1097.275037        1.3740
BFGS:  494 20:52:16    -1097.235942        3.2205
BFGS:  495 20:52:16    -1097.289280        1.6110
BFGS:  496 20:52:16    -1097.221903        2.5813
BFGS:  497 20:52:16    -1097.274907        1.3763
BFGS:  498 20:52:16    -1097.236690        2.0019
BFGS:  499 20:52:16    -1097.289743        1.6173
