      Step     Time          Energy         fmax
BFGS:    0 20:41:35     -898.243763       92.3802
BFGS:    1 20:41:35     -918.637674       73.2343
BFGS:    2 20:41:35     -931.315072       66.6786
BFGS:    3 20:41:35     -941.243518       61.0233
BFGS:    4 20:41:35     -948.882939       58.6279
BFGS:    5 20:41:35     -955.581993       57.5985
BFGS:    6 20:41:35     -963.087734       56.1630
BFGS:    7 20:41:35     -971.886152       54.6946
BFGS:    8 20:41:35     -979.593032       49.8370
BFGS:    9 20:41:35     -985.911942       48.0067
BFGS:   10 20:41:35     -991.352980       44.7518
BFGS:   11 20:41:35     -996.352783       42.0861
BFGS:   12 20:41:35    -1001.172200       40.4746
BFGS:   13 20:41:35    -1006.175906       37.3214
BFGS:   14 20:41:35    -1011.659520       35.0961
BFGS:   15 20:41:35    -1016.439421       29.3131
BFGS:   16 20:41:35    -1021.374736       27.8767
BFGS:   17 20:41:35    -1025.357765       26.7112
BFGS:   18 20:41:35    -1028.661439       23.0340
BFGS:   19 20:41:35    -1031.391608       22.5776
BFGS:   20 20:41:35    -1033.696101       19.6627
BFGS:   21 20:41:35    -1035.765133       18.7461
BFGS:   22 20:41:35    -1038.033160       17.1346
BFGS:   23 20:41:35    -1040.155490       17.5611
BFGS:   24 20:41:35    -1041.988475       17.1171
BFGS:   25 20:41:35    -1043.536941       16.8008
BFGS:   26 20:41:35    -1044.888055       17.5186
BFGS:   27 20:41:35    -1046.081483       16.6202
BFGS:   28 20:41:35    -1047.167250       16.6739
BFGS:   29 20:41:35    -1048.208854       16.3763
BFGS:   30 20:41:35    -1049.244364       15.7869
BFGS:   31 20:41:36    -1050.280731       15.3907
BFGS:   32 20:41:36    -1051.397950       17.4902
BFGS:   33 20:41:36    -1052.535396       15.0089
BFGS:   34 20:41:36    -1053.694738       13.3741
BFGS:   35 20:41:36    -1054.677795       12.0247
BFGS:   36 20:41:36    -1055.488095       11.9520
BFGS:   37 20:41:36    -1056.242264       12.8633
BFGS:   38 20:41:36    -1056.914616       12.8013
BFGS:   39 20:41:36    -1057.523961       12.9937
BFGS:   40 20:41:36    -1058.116120       12.9685
BFGS:   41 20:41:36    -1058.731107       13.0677
BFGS:   42 20:41:36    -1059.302207       13.1675
BFGS:   43 20:41:36    -1059.903118       12.5300
BFGS:   44 20:41:36    -1060.387343       12.6404
BFGS:   45 20:41:36    -1060.814548       11.3238
BFGS:   46 20:41:36    -1061.194493       11.1624
BFGS:   47 20:41:36    -1061.563380       10.0748
BFGS:   48 20:41:36    -1061.931251        8.9992
BFGS:   49 20:41:36    -1062.320332        8.1696
BFGS:   50 20:41:36    -1062.695420        7.0483
BFGS:   51 20:41:36    -1063.044002        6.6220
BFGS:   52 20:41:36    -1063.365332        7.0003
BFGS:   53 20:41:36    -1063.719624        7.2379
BFGS:   54 20:41:36    -1064.097468        7.5770
BFGS:   55 20:41:36    -1064.475469        8.6587
BFGS:   56 20:41:36    -1064.830494       10.4543
BFGS:   57 20:41:36    -1065.186387       12.0029
BFGS:   58 20:41:36    -1065.523140       12.8543
BFGS:   59 20:41:36    -1065.845470       12.8176
BFGS:   60 20:41:36    -1066.165215       11.5030
BFGS:   61 20:41:37    -1066.527699       10.3551
BFGS:   62 20:41:37    -1066.929892       11.8550
BFGS:   63 20:41:37    -1067.354839       10.5381
BFGS:   64 20:41:37    -1067.771940       10.1841
BFGS:   65 20:41:37    -1068.211077        8.6224
BFGS:   66 20:41:37    -1068.612476        6.8741
BFGS:   67 20:41:37    -1068.970682        5.1130
BFGS:   68 20:41:37    -1069.274225        4.3185
BFGS:   69 20:41:37    -1069.568132        5.4629
BFGS:   70 20:41:37    -1069.842958        7.1046
BFGS:   71 20:41:37    -1070.099544        8.0991
BFGS:   72 20:41:37    -1070.415116        6.0080
BFGS:   73 20:41:37    -1070.615991        6.9135
BFGS:   74 20:41:37    -1070.840979        5.4884
BFGS:   75 20:41:37    -1071.050122        3.8383
BFGS:   76 20:41:37    -1071.149502        3.1329
BFGS:   77 20:41:37    -1071.222791        2.8644
BFGS:   78 20:41:37    -1071.287114        2.9804
BFGS:   79 20:41:37    -1071.351070        3.1154
BFGS:   80 20:41:37    -1071.384475        3.6798
BFGS:   81 20:41:37    -1071.414833        3.7159
BFGS:   82 20:41:37    -1071.443841        3.9389
BFGS:   83 20:41:37    -1071.470034        4.0091
BFGS:   84 20:41:37    -1071.491310        4.0166
BFGS:   85 20:41:37    -1071.508417        3.8686
BFGS:   86 20:41:37    -1071.522826        3.5889
BFGS:   87 20:41:37    -1071.535198        3.1630
BFGS:   88 20:41:37    -1071.546479        2.6699
BFGS:   89 20:41:37    -1071.557529        2.1478
BFGS:   90 20:41:38    -1071.568658        1.6375
BFGS:   91 20:41:38    -1071.580083        1.1757
BFGS:   92 20:41:38    -1071.589509        1.3162
BFGS:   93 20:41:38    -1071.596870        1.1642
BFGS:   94 20:41:38    -1071.602067        0.8462
BFGS:   95 20:41:38    -1071.609581        0.7299
BFGS:   96 20:41:38    -1071.613586        0.5576
BFGS:   97 20:41:38    -1071.616133        0.5979
BFGS:   98 20:41:38    -1071.618241        0.6543
BFGS:   99 20:41:38    -1071.620379        0.7142
BFGS:  100 20:41:38    -1071.621846        0.7588
BFGS:  101 20:41:38    -1071.622675        0.7772
BFGS:  102 20:41:38    -1071.623259        0.7849
BFGS:  103 20:41:38    -1071.623992        0.7837
BFGS:  104 20:41:38    -1071.624970        0.7865
BFGS:  105 20:41:38    -1071.626224        0.7818
BFGS:  106 20:41:38    -1071.627639        0.7930
BFGS:  107 20:41:38    -1071.629097        0.8090
BFGS:  108 20:41:38    -1071.630590        0.8359
BFGS:  109 20:41:38    -1071.632155        0.8629
BFGS:  110 20:41:38    -1071.633714        0.8940
BFGS:  111 20:41:38    -1071.635244        0.9503
BFGS:  112 20:41:38    -1071.639948        1.0397
BFGS:  113 20:41:38    -1071.680363        1.3607
BFGS:  114 20:41:38    -1071.883307        7.5327
BFGS:  115 20:41:38    -1072.331452        8.8088
BFGS:  116 20:41:38    -1072.774537       12.3698
BFGS:  117 20:41:38    -1073.220863       16.1015
BFGS:  118 20:41:39    -1073.616886       17.9016
BFGS:  119 20:41:39    -1073.827613       16.3678
BFGS:  120 20:41:39    -1073.995953       15.4043
BFGS:  121 20:41:39    -1074.754294       12.8414
BFGS:  122 20:41:39    -1075.282377       11.6406
BFGS:  123 20:41:39    -1075.743025       10.8300
BFGS:  124 20:41:39    -1076.197704       10.0602
BFGS:  125 20:41:39    -1076.647949        9.0725
BFGS:  126 20:41:39    -1077.105413        7.8763
BFGS:  127 20:41:39    -1077.575614        6.9504
BFGS:  128 20:41:39    -1078.025655        5.3926
BFGS:  129 20:41:39    -1078.456377        4.4445
BFGS:  130 20:41:39    -1078.802229        2.9373
BFGS:  131 20:41:39    -1079.037569        2.5329
BFGS:  132 20:41:39    -1079.178364        2.0622
BFGS:  133 20:41:39    -1079.246742        1.3347
BFGS:  134 20:41:39    -1079.279231        1.3294
BFGS:  135 20:41:39    -1079.291025        1.2938
BFGS:  136 20:41:39    -1079.301327        1.2443
BFGS:  137 20:41:39    -1079.306450        1.1827
BFGS:  138 20:41:39    -1079.309135        1.1721
BFGS:  139 20:41:39    -1079.310054        1.1486
BFGS:  140 20:41:39    -1079.310723        1.1527
BFGS:  141 20:41:39    -1079.311182        1.1391
BFGS:  142 20:41:39    -1079.311581        1.1320
BFGS:  143 20:41:39    -1079.311829        1.1128
BFGS:  144 20:41:39    -1079.312037        1.0984
BFGS:  145 20:41:39    -1079.312261        1.0746
BFGS:  146 20:41:40    -1079.312518        1.0473
BFGS:  147 20:41:40    -1079.312723        1.0271
BFGS:  148 20:41:40    -1079.312874        1.0198
BFGS:  149 20:41:40    -1079.313024        1.0201
BFGS:  150 20:41:40    -1079.313260        1.0232
BFGS:  151 20:41:40    -1079.313677        1.0247
BFGS:  152 20:41:40    -1079.314363        1.0152
BFGS:  153 20:41:40    -1079.315261        0.9830
BFGS:  154 20:41:40    -1079.316110        0.9287
BFGS:  155 20:41:40    -1079.316704        0.8916
BFGS:  156 20:41:40    -1079.317057        0.8772
BFGS:  157 20:41:40    -1079.317267        0.8754
BFGS:  158 20:41:40    -1079.317395        0.8839
BFGS:  159 20:41:40    -1079.317480        0.8958
BFGS:  160 20:41:40    -1079.317565        0.9065
BFGS:  161 20:41:40    -1079.317694        0.9147
BFGS:  162 20:41:40    -1079.317935        0.9131
BFGS:  163 20:41:40    -1079.318373        0.8878
BFGS:  164 20:41:40    -1079.319101        0.8196
BFGS:  165 20:41:40    -1079.320226        0.6983
BFGS:  166 20:41:40    -1079.321914        0.5239
BFGS:  167 20:41:40    -1079.324391        0.3714
BFGS:  168 20:41:40    -1079.327519        0.2754
BFGS:  169 20:41:40    -1079.330005        0.1830
BFGS:  170 20:41:40    -1079.330904        0.0906
