      Step     Time          Energy         fmax
BFGS:    0 20:46:30     -841.658034      236.2387
BFGS:    1 20:46:30     -875.245080      174.1119
BFGS:    2 20:46:30     -889.665352      174.0826
BFGS:    3 20:46:30     -902.937642      155.1356
BFGS:    4 20:46:30     -916.567318      134.1374
BFGS:    5 20:46:30     -930.548709      121.5866
BFGS:    6 20:46:30     -944.409557      109.2632
BFGS:    7 20:46:30     -954.912324      104.7637
BFGS:    8 20:46:30     -967.389423       97.1180
BFGS:    9 20:46:30     -979.005717       86.7392
BFGS:   10 20:46:30     -990.068267       84.2798
BFGS:   11 20:46:30     -999.638163       76.1057
BFGS:   12 20:46:30    -1006.538082       71.2637
BFGS:   13 20:46:30    -1012.506933       66.8021
BFGS:   14 20:46:30    -1019.462424       64.3240
BFGS:   15 20:46:30    -1025.432348       63.0058
BFGS:   16 20:46:30    -1030.260414       58.9996
BFGS:   17 20:46:30    -1034.061724       55.3159
BFGS:   18 20:46:30    -1037.791639       48.3241
BFGS:   19 20:46:30    -1041.314015       42.8631
BFGS:   20 20:46:30    -1043.757055       39.4323
BFGS:   21 20:46:30    -1046.243645       36.2519
BFGS:   22 20:46:30    -1048.652760       33.5732
BFGS:   23 20:46:30    -1051.029311       31.7594
BFGS:   24 20:46:30    -1053.449875       29.1498
BFGS:   25 20:46:31    -1055.705741       26.8256
BFGS:   26 20:46:31    -1057.856557       24.6303
BFGS:   27 20:46:31    -1059.851106       22.6458
BFGS:   28 20:46:31    -1061.774335       20.8636
BFGS:   29 20:46:31    -1063.662873       19.5565
BFGS:   30 20:46:31    -1065.713837       18.9802
BFGS:   31 20:46:31    -1067.737118       18.0789
BFGS:   32 20:46:31    -1069.509809       19.3309
BFGS:   33 20:46:31    -1071.260003       20.6510
BFGS:   34 20:46:31    -1073.174047       21.3377
BFGS:   35 20:46:31    -1075.065682       19.6075
BFGS:   36 20:46:31    -1076.615968       16.4893
BFGS:   37 20:46:31    -1077.868190       12.8895
BFGS:   38 20:46:31    -1078.951551       10.3327
BFGS:   39 20:46:31    -1079.993916       12.0052
BFGS:   40 20:46:31    -1080.938283       12.8276
BFGS:   41 20:46:31    -1081.680841       12.7077
BFGS:   42 20:46:31    -1082.409617       12.3201
BFGS:   43 20:46:31    -1083.082546       16.1027
BFGS:   44 20:46:31    -1083.712302       17.7453
BFGS:   45 20:46:31    -1084.375272       16.2628
BFGS:   46 20:46:31    -1085.037713       13.5593
BFGS:   47 20:46:31    -1085.721239       10.9518
BFGS:   48 20:46:31    -1086.378689       12.3100
BFGS:   49 20:46:31    -1087.018835       13.1945
BFGS:   50 20:46:31    -1087.648170       13.3402
BFGS:   51 20:46:31    -1088.250636       13.4486
BFGS:   52 20:46:31    -1088.802794       14.7453
BFGS:   53 20:46:31    -1089.338833       15.0285
BFGS:   54 20:46:31    -1089.856403       14.6313
BFGS:   55 20:46:31    -1090.383376       13.7152
BFGS:   56 20:46:32    -1090.948274       12.1971
BFGS:   57 20:46:32    -1091.577364       11.9333
BFGS:   58 20:46:32    -1092.230019       11.8587
BFGS:   59 20:46:32    -1092.893103       10.5514
BFGS:   60 20:46:32    -1093.322099       10.2174
BFGS:   61 20:46:32    -1093.732608        9.0732
BFGS:   62 20:46:32    -1094.328707        8.2413
BFGS:   63 20:46:32    -1095.149890        7.0757
BFGS:   64 20:46:32    -1095.703679        7.1559
BFGS:   65 20:46:32    -1096.157409        7.2953
BFGS:   66 20:46:32    -1096.560415        7.0050
BFGS:   67 20:46:32    -1096.919364        6.8492
BFGS:   68 20:46:32    -1097.284068        6.6548
BFGS:   69 20:46:32    -1097.636329        6.5703
BFGS:   70 20:46:32    -1097.919379        6.2261
BFGS:   71 20:46:32    -1098.241943        7.2549
BFGS:   72 20:46:32    -1098.619506        5.6846
BFGS:   73 20:46:32    -1098.825612        5.1399
BFGS:   74 20:46:32    -1098.977158        4.0029
BFGS:   75 20:46:32    -1099.101310        3.2723
BFGS:   76 20:46:32    -1099.195656        3.6857
BFGS:   77 20:46:32    -1099.317261        3.5354
BFGS:   78 20:46:32    -1099.447057        4.4378
BFGS:   79 20:46:32    -1099.568399        4.3670
BFGS:   80 20:46:32    -1099.709654        5.4606
BFGS:   81 20:46:32    -1099.882798        5.2715
BFGS:   82 20:46:32    -1100.044811        5.2392
BFGS:   83 20:46:32    -1100.127029        5.8648
BFGS:   84 20:46:32    -1100.192993        4.7224
BFGS:   85 20:46:32    -1100.245466        4.6479
BFGS:   86 20:46:32    -1100.270721        4.3986
BFGS:   87 20:46:32    -1100.304586        4.1140
BFGS:   88 20:46:32    -1100.338753        3.2681
BFGS:   89 20:46:33    -1100.378935        2.5890
BFGS:   90 20:46:33    -1100.415831        2.8871
BFGS:   91 20:46:33    -1100.446244        3.0508
BFGS:   92 20:46:33    -1100.467985        2.7730
BFGS:   93 20:46:33    -1100.491131        2.1269
BFGS:   94 20:46:33    -1100.506071        1.9539
BFGS:   95 20:46:33    -1100.526873        1.8035
BFGS:   96 20:46:33    -1100.550791        1.7230
BFGS:   97 20:46:33    -1100.570477        1.7782
BFGS:   98 20:46:33    -1100.586830        1.5811
BFGS:   99 20:46:33    -1100.601734        1.3247
BFGS:  100 20:46:33    -1100.616174        0.9041
BFGS:  101 20:46:33    -1100.625260        1.0017
BFGS:  102 20:46:33    -1100.633626        1.0491
BFGS:  103 20:46:33    -1100.640838        0.9206
BFGS:  104 20:46:33    -1100.647002        0.6319
BFGS:  105 20:46:33    -1100.651942        0.6154
BFGS:  106 20:46:33    -1100.656278        1.0265
BFGS:  107 20:46:33    -1100.660603        0.7685
BFGS:  108 20:46:33    -1100.667677        0.5322
BFGS:  109 20:46:33    -1100.674971        0.5903
BFGS:  110 20:46:33    -1100.690688        1.0114
BFGS:  111 20:46:33    -1100.697901        1.6481
BFGS:  112 20:46:33    -1100.712487        1.4085
BFGS:  113 20:46:33    -1100.745396        1.4635
BFGS:  114 20:46:33    -1100.759998        1.3710
BFGS:  115 20:46:33    -1100.772079        1.2490
BFGS:  116 20:46:33    -1100.784741        1.2058
BFGS:  117 20:46:33    -1100.795563        1.0574
BFGS:  118 20:46:33    -1100.803786        0.8211
BFGS:  119 20:46:33    -1100.808031        0.7752
BFGS:  120 20:46:33    -1100.811955        0.6547
BFGS:  121 20:46:33    -1100.814716        0.3348
BFGS:  122 20:46:34    -1100.816381        0.2654
BFGS:  123 20:46:34    -1100.817176        0.2510
BFGS:  124 20:46:34    -1100.817720        0.1999
BFGS:  125 20:46:34    -1100.818109        0.1557
BFGS:  126 20:46:34    -1100.818376        0.1308
BFGS:  127 20:46:34    -1100.818530        0.0920
