      Step     Time          Energy         fmax
BFGS:    0 20:40:10     -734.242794      131.5101
BFGS:    1 20:40:10     -768.453826      141.7379
BFGS:    2 20:40:10     -793.324150      131.8289
BFGS:    3 20:40:10     -812.616191      125.2966
BFGS:    4 20:40:10     -831.159628      119.9326
BFGS:    5 20:40:10     -849.041367      111.4188
BFGS:    6 20:40:10     -863.227397      104.3076
BFGS:    7 20:40:10     -875.189576       99.1232
BFGS:    8 20:40:10     -885.129148       94.9554
BFGS:    9 20:40:10     -895.157172       90.2798
BFGS:   10 20:40:10     -905.219284       84.5982
BFGS:   11 20:40:10     -915.427408       78.8113
BFGS:   12 20:40:10     -925.978415       72.6453
BFGS:   13 20:40:10     -936.666151       66.1535
BFGS:   14 20:40:10     -946.346901       71.3722
BFGS:   15 20:40:10     -954.615822       79.7334
BFGS:   16 20:40:10     -970.233093      154.2304
BFGS:   17 20:40:10     -978.426993      165.5106
BFGS:   18 20:40:10     -989.822980      206.1593
BFGS:   19 20:40:10    -1001.563378      257.1320
BFGS:   20 20:40:10    -1016.237374      346.4522
BFGS:   21 20:40:10    -1027.710619      376.8226
BFGS:   22 20:40:10    -1038.504648      382.1927
BFGS:   23 20:40:10    -1049.855294      355.1843
BFGS:   24 20:40:10    -1059.248716      214.3404
BFGS:   25 20:40:10    -1059.774980      371.1882
BFGS:   26 20:40:11    -1061.082273      166.7724
BFGS:   27 20:40:11    -1062.775418       51.0978
BFGS:   28 20:40:11    -1063.547008       43.1785
BFGS:   29 20:40:11    -1064.122288       28.8460
BFGS:   30 20:40:11    -1064.578891       32.3489
BFGS:   31 20:40:11    -1065.041888       14.8124
BFGS:   32 20:40:11    -1065.436553       13.6100
BFGS:   33 20:40:11    -1065.813072        9.6026
BFGS:   34 20:40:11    -1066.164833        9.6269
BFGS:   35 20:40:11    -1066.506990        7.9352
BFGS:   36 20:40:11    -1066.836766       11.6340
BFGS:   37 20:40:11    -1067.162160       13.2756
BFGS:   38 20:40:11    -1067.473293       16.0659
BFGS:   39 20:40:11    -1067.767530       13.6403
BFGS:   40 20:40:11    -1068.034356       12.7238
BFGS:   41 20:40:11    -1068.278561        8.0648
BFGS:   42 20:40:11    -1068.495022        9.2501
BFGS:   43 20:40:11    -1068.696583        4.5313
BFGS:   44 20:40:11    -1068.870083        8.2593
BFGS:   45 20:40:11    -1069.035477        4.1729
BFGS:   46 20:40:11    -1069.177200        6.4576
BFGS:   47 20:40:11    -1069.309928        4.5210
BFGS:   48 20:40:11    -1069.429197        5.1221
BFGS:   49 20:40:11    -1069.540996        4.5231
BFGS:   50 20:40:11    -1069.645503        4.8454
BFGS:   51 20:40:11    -1069.745211        4.8440
BFGS:   52 20:40:11    -1069.839843        5.1339
BFGS:   53 20:40:11    -1069.929555        5.2384
BFGS:   54 20:40:11    -1070.013868        5.4823
BFGS:   55 20:40:11    -1070.093213        4.9833
BFGS:   56 20:40:11    -1070.168058        5.5588
BFGS:   57 20:40:11    -1070.240631        5.6617
BFGS:   58 20:40:11    -1070.311146        6.0343
BFGS:   59 20:40:11    -1070.380559        6.1979
BFGS:   60 20:40:11    -1070.448700        6.2722
BFGS:   61 20:40:11    -1070.515254        6.2015
BFGS:   62 20:40:11    -1070.579357        6.0425
BFGS:   63 20:40:12    -1070.640028        5.8028
BFGS:   64 20:40:12    -1070.696470        5.5239
BFGS:   65 20:40:12    -1070.748153        5.2051
BFGS:   66 20:40:12    -1070.794903        4.8655
BFGS:   67 20:40:12    -1070.837273        4.5047
BFGS:   68 20:40:12    -1070.875807        4.2419
BFGS:   69 20:40:12    -1070.911216        4.0003
BFGS:   70 20:40:12    -1070.944044        3.8154
BFGS:   71 20:40:12    -1070.974755        3.6795
BFGS:   72 20:40:12    -1071.003661        3.5622
BFGS:   73 20:40:12    -1071.030968        3.4539
BFGS:   74 20:40:12    -1071.056839        3.3531
BFGS:   75 20:40:12    -1071.081322        3.2674
BFGS:   76 20:40:12    -1071.104543        3.2023
BFGS:   77 20:40:12    -1071.126702        3.0709
BFGS:   78 20:40:12    -1071.147909        3.0212
BFGS:   79 20:40:12    -1071.168243        2.9717
BFGS:   80 20:40:12    -1071.187642        2.9149
BFGS:   81 20:40:12    -1071.206034        2.8507
BFGS:   82 20:40:12    -1071.223352        2.7694
BFGS:   83 20:40:12    -1071.239575        2.6721
BFGS:   84 20:40:12    -1071.254702        2.5689
BFGS:   85 20:40:12    -1071.268783        2.4577
BFGS:   86 20:40:12    -1071.281878        2.3465
BFGS:   87 20:40:12    -1071.294072        2.2402
BFGS:   88 20:40:12    -1071.305456        2.1421
BFGS:   89 20:40:12    -1071.316125        2.0559
BFGS:   90 20:40:12    -1071.326166        1.9813
BFGS:   91 20:40:12    -1071.335659        1.9183
BFGS:   92 20:40:12    -1071.344665        1.8635
BFGS:   93 20:40:12    -1071.353226        1.8128
BFGS:   94 20:40:12    -1071.361366        1.7615
BFGS:   95 20:40:12    -1071.369095        1.7138
BFGS:   96 20:40:12    -1071.376433        1.6570
BFGS:   97 20:40:12    -1071.383374        1.5920
BFGS:   98 20:40:12    -1071.389913        1.5198
BFGS:   99 20:40:12    -1071.396052        1.4412
BFGS:  100 20:40:12    -1071.401804        1.3609
BFGS:  101 20:40:12    -1071.407181        1.2804
BFGS:  102 20:40:12    -1071.412196        1.1989
BFGS:  103 20:40:12    -1071.416869        1.1173
BFGS:  104 20:40:12    -1071.421219        1.0364
BFGS:  105 20:40:12    -1071.425288        0.9625
BFGS:  106 20:40:12    -1071.429089        0.8961
BFGS:  107 20:40:12    -1071.432653        0.8280
BFGS:  108 20:40:12    -1071.436003        0.7611
BFGS:  109 20:40:12    -1071.439164        0.6921
BFGS:  110 20:40:12    -1071.442164        0.6181
BFGS:  111 20:40:12    -1071.445033        0.5330
BFGS:  112 20:40:12    -1071.447801        0.4272
BFGS:  113 20:40:12    -1071.450504        0.2856
BFGS:  114 20:40:12    -1071.453173        0.1108
BFGS:  115 20:40:12    -1071.455788        0.2372
BFGS:  116 20:40:12    -1071.458270        0.6014
BFGS:  117 20:40:13    -1071.460483        1.0187
BFGS:  118 20:40:13    -1071.462247        1.4425
BFGS:  119 20:40:13    -1071.463586        1.7897
BFGS:  120 20:40:13    -1071.465114        1.9652
BFGS:  121 20:40:13    -1071.467708        1.9503
BFGS:  122 20:40:13    -1071.470960        1.8469
BFGS:  123 20:40:13    -1071.474642        1.6896
BFGS:  124 20:40:13    -1071.478596        1.4845
BFGS:  125 20:40:13    -1071.483134        1.1408
BFGS:  126 20:40:13    -1071.487789        0.9279
BFGS:  127 20:40:13    -1071.487158        0.7725
BFGS:  128 20:40:13    -1071.488418        0.4547
BFGS:  129 20:40:13    -1071.488819        0.1653
BFGS:  130 20:40:13    -1071.489149        0.1001
BFGS:  131 20:40:13    -1071.492423        1.2591
BFGS:  132 20:40:13    -1071.495050        0.4922
BFGS:  133 20:40:13    -1071.499866        0.1966
BFGS:  134 20:40:13    -1071.503386        0.4763
BFGS:  135 20:40:13    -1071.506302        0.6173
BFGS:  136 20:40:13    -1071.509372        0.4347
BFGS:  137 20:40:13    -1071.511884        0.2997
BFGS:  138 20:40:13    -1071.513889        0.3246
BFGS:  139 20:40:13    -1071.515982        0.1143
BFGS:  140 20:40:13    -1071.517017        0.4766
BFGS:  141 20:40:13    -1071.518581        0.4324
BFGS:  142 20:40:13    -1071.520388        0.2206
BFGS:  143 20:40:13    -1071.521499        0.4086
BFGS:  144 20:40:13    -1071.522804        0.4770
BFGS:  145 20:40:13    -1071.524343        0.4350
BFGS:  146 20:40:13    -1071.525994        0.2878
BFGS:  147 20:40:13    -1071.527145        0.3345
BFGS:  148 20:40:13    -1071.528654        0.1525
BFGS:  149 20:40:13    -1071.529480        0.3890
BFGS:  150 20:40:13    -1071.530463        0.5103
BFGS:  151 20:40:13    -1071.532115        0.4014
BFGS:  152 20:40:13    -1071.533849        0.0497
